Starting to pull status data from dish...
request data from dish at 2024-05-27T11:01:13.505400-04:00
receive json data from dish at 2024-05-27T11:01:13.871157-04:00
Sleeping for 0.1 seconds ...
request data from dish at 2024-05-27T11:01:14.029967-04:00
receive json data from dish at 2024-05-27T11:01:14.240392-04:00
Sleeping for 0.1 seconds ...
request data from dish at 2024-05-27T11:01:14.396527-04:00
receive json data from dish at 2024-05-27T11:01:14.628605-04:00
Sleeping for 0.1 seconds ...
request data from dish at 2024-05-27T11:01:14.781384-04:00
receive json data from dish at 2024-05-27T11:01:14.969610-04:00
Sleeping for 0.1 seconds ...
request data from dish at 2024-05-27T11:01:15.123712-04:00
receive json data from dish at 2024-05-27T11:01:15.367372-04:00
Sleeping for 0.1 seconds ...
request data from dish at 2024-05-27T11:01:15.514138-04:00
receive json data from dish at 2024-05-27T11:01:15.874795-04:00
Sleeping for 0.1 seconds ...
request data from dish at 2024-05-27T11:01:16.038484-04:00
receive json data from dish at 2024-05-27T11:01:16.262018-04:00
Sleeping for 0.1 seconds ...
request data from dish at 2024-05-27T11:01:16.411280-04:00
receive json data from dish at 2024-05-27T11:01:16.586791-04:00
Sleeping for 0.1 seconds ...
request data from dish at 2024-05-27T11:01:16.750442-04:00
receive json data from dish at 2024-05-27T11:01:16.882729-04:00
Sleeping for 0.1 seconds ...
request data from dish at 2024-05-27T11:01:17.046926-04:00
receive json data from dish at 2024-05-27T11:01:17.239516-04:00
Sleeping for 0.1 seconds ...
request data from dish at 2024-05-27T11:01:17.395706-04:00
receive json data from dish at 2024-05-27T11:01:17.592215-04:00
Sleeping for 0.1 seconds ...
request data from dish at 2024-05-27T11:01:17.754264-04:00
receive json data from dish at 2024-05-27T11:01:17.950590-04:00
Sleeping for 0.1 seconds ...
request data from dish at 2024-05-27T11:01:18.099816-04:00
receive json data from dish at 2024-05-27T11:01:18.280778-04:00
Sleeping for 0.1 seconds ...
request data from dish at 2024-05-27T11:01:18.437983-04:00
receive json data from dish at 2024-05-27T11:01:18.797085-04:00
Sleeping for 0.1 seconds ...
request data from dish at 2024-05-27T11:01:18.953819-04:00
receive json data from dish at 2024-05-27T11:01:19.174450-04:00
Sleeping for 0.1 seconds ...
request data from dish at 2024-05-27T11:01:19.332619-04:00
receive json data from dish at 2024-05-27T11:01:19.567656-04:00
Sleeping for 0.1 seconds ...
request data from dish at 2024-05-27T11:01:19.716519-04:00
receive json data from dish at 2024-05-27T11:01:19.881944-04:00
Sleeping for 0.1 seconds ...
request data from dish at 2024-05-27T11:01:20.030203-04:00
receive json data from dish at 2024-05-27T11:01:20.306412-04:00
Sleeping for 0.1 seconds ...
request data from dish at 2024-05-27T11:01:20.465373-04:00
receive json data from dish at 2024-05-27T11:01:20.781852-04:00
Sleeping for 0.1 seconds ...
request data from dish at 2024-05-27T11:01:20.935056-04:00
receive json data from dish at 2024-05-27T11:01:21.109287-04:00
Sleeping for 0.1 seconds ...
request data from dish at 2024-05-27T11:01:21.266961-04:00
receive json data from dish at 2024-05-27T11:01:21.501061-04:00
Sleeping for 0.1 seconds ...
request data from dish at 2024-05-27T11:01:21.654083-04:00
receive json data from dish at 2024-05-27T11:01:21.893953-04:00
Sleeping for 0.1 seconds ...
request data from dish at 2024-05-27T11:01:22.054000-04:00
receive json data from dish at 2024-05-27T11:01:22.262500-04:00
Sleeping for 0.1 seconds ...
request data from dish at 2024-05-27T11:01:22.411830-04:00
receive json data from dish at 2024-05-27T11:01:22.592090-04:00
Sleeping for 0.1 seconds ...
request data from dish at 2024-05-27T11:01:22.741292-04:00
receive json data from dish at 2024-05-27T11:01:23.004001-04:00
Sleeping for 0.1 seconds ...
request data from dish at 2024-05-27T11:01:23.155613-04:00
receive json data from dish at 2024-05-27T11:01:23.310038-04:00
Sleeping for 0.1 seconds ...
request data from dish at 2024-05-27T11:01:23.469753-04:00
receive json data from dish at 2024-05-27T11:01:23.788445-04:00
Sleeping for 0.1 seconds ...
request data from dish at 2024-05-27T11:01:23.939864-04:00
receive json data from dish at 2024-05-27T11:01:24.204609-04:00
Sleeping for 0.1 seconds ...
request data from dish at 2024-05-27T11:01:24.355897-04:00
receive json data from dish at 2024-05-27T11:01:24.508474-04:00
Sleeping for 0.1 seconds ...
request data from dish at 2024-05-27T11:01:24.668528-04:00
receive json data from dish at 2024-05-27T11:01:24.887828-04:00
Sleeping for 0.1 seconds ...
request data from dish at 2024-05-27T11:01:25.039712-04:00
receive json data from dish at 2024-05-27T11:01:25.283032-04:00
Sleeping for 0.1 seconds ...
request data from dish at 2024-05-27T11:01:25.428208-04:00
receive json data from dish at 2024-05-27T11:01:25.582245-04:00
Sleeping for 0.1 seconds ...
request data from dish at 2024-05-27T11:01:25.734898-04:00
receive json data from dish at 2024-05-27T11:01:25.901602-04:00
Sleeping for 0.1 seconds ...
request data from dish at 2024-05-27T11:01:26.063556-04:00
receive json data from dish at 2024-05-27T11:01:26.245507-04:00
Sleeping for 0.1 seconds ...
request data from dish at 2024-05-27T11:01:26.404520-04:00
receive json data from dish at 2024-05-27T11:01:26.602741-04:00
Sleeping for 0.1 seconds ...
request data from dish at 2024-05-27T11:01:26.761235-04:00
receive json data from dish at 2024-05-27T11:01:26.910646-04:00
Sleeping for 0.1 seconds ...
request data from dish at 2024-05-27T11:01:27.069136-04:00
receive json data from dish at 2024-05-27T11:01:27.232193-04:00
Sleeping for 0.1 seconds ...
request data from dish at 2024-05-27T11:01:27.377345-04:00
receive json data from dish at 2024-05-27T11:01:28.183826-04:00
Sleeping for 0.1 seconds ...
request data from dish at 2024-05-27T11:01:28.350720-04:00
receive json data from dish at 2024-05-27T11:01:28.563234-04:00
Sleeping for 0.1 seconds ...
request data from dish at 2024-05-27T11:01:28.718163-04:00
receive json data from dish at 2024-05-27T11:01:28.891901-04:00
Sleeping for 0.1 seconds ...
request data from dish at 2024-05-27T11:01:29.042532-04:00
receive json data from dish at 2024-05-27T11:01:29.245530-04:00
Sleeping for 0.1 seconds ...
request data from dish at 2024-05-27T11:01:29.403971-04:00
receive json data from dish at 2024-05-27T11:01:29.606520-04:00
Sleeping for 0.1 seconds ...
request data from dish at 2024-05-27T11:01:29.760405-04:00
receive json data from dish at 2024-05-27T11:01:30.127676-04:00
Sleeping for 0.1 seconds ...
request data from dish at 2024-05-27T11:01:30.286108-04:00
receive json data from dish at 2024-05-27T11:01:30.502998-04:00
Sleeping for 0.1 seconds ...
request data from dish at 2024-05-27T11:01:30.649662-04:00
receive json data from dish at 2024-05-27T11:01:30.969797-04:00
Sleeping for 0.1 seconds ...
request data from dish at 2024-05-27T11:01:31.133329-04:00
receive json data from dish at 2024-05-27T11:01:31.377482-04:00
Sleeping for 0.1 seconds ...
request data from dish at 2024-05-27T11:01:31.551035-04:00
receive json data from dish at 2024-05-27T11:01:31.854803-04:00
Sleeping for 0.1 seconds ...
request data from dish at 2024-05-27T11:01:32.026086-04:00
receive json data from dish at 2024-05-27T11:01:32.339105-04:00
Sleeping for 0.1 seconds ...
request data from dish at 2024-05-27T11:01:32.515167-04:00
receive json data from dish at 2024-05-27T11:01:32.774242-04:00
Sleeping for 0.1 seconds ...
request data from dish at 2024-05-27T11:01:32.953188-04:00
receive json data from dish at 2024-05-27T11:01:33.260758-04:00
Sleeping for 0.1 seconds ...
request data from dish at 2024-05-27T11:01:33.456479-04:00
receive json data from dish at 2024-05-27T11:01:33.822213-04:00
Sleeping for 0.1 seconds ...
request data from dish at 2024-05-27T11:01:34.007438-04:00
receive json data from dish at 2024-05-27T11:01:34.193564-04:00
Sleeping for 0.1 seconds ...
request data from dish at 2024-05-27T11:01:34.363546-04:00
receive json data from dish at 2024-05-27T11:01:34.542840-04:00
Sleeping for 0.1 seconds ...
request data from dish at 2024-05-27T11:01:34.723215-04:00
receive json data from dish at 2024-05-27T11:01:34.954734-04:00
Sleeping for 0.1 seconds ...
request data from dish at 2024-05-27T11:01:35.151893-04:00
receive json data from dish at 2024-05-27T11:01:35.375669-04:00
Sleeping for 0.1 seconds ...
request data from dish at 2024-05-27T11:01:35.550955-04:00
receive json data from dish at 2024-05-27T11:01:35.858980-04:00
Sleeping for 0.1 seconds ...
request data from dish at 2024-05-27T11:01:36.028488-04:00
receive json data from dish at 2024-05-27T11:01:36.292859-04:00
Sleeping for 0.1 seconds ...
request data from dish at 2024-05-27T11:01:36.462396-04:00
receive json data from dish at 2024-05-27T11:01:36.818363-04:00
Sleeping for 0.1 seconds ...
request data from dish at 2024-05-27T11:01:36.987065-04:00
receive json data from dish at 2024-05-27T11:01:37.219408-04:00
Sleeping for 0.1 seconds ...
request data from dish at 2024-05-27T11:01:37.387268-04:00
receive json data from dish at 2024-05-27T11:01:37.596376-04:00
Sleeping for 0.1 seconds ...
request data from dish at 2024-05-27T11:01:37.805216-04:00
receive json data from dish at 2024-05-27T11:01:38.083676-04:00
Sleeping for 0.1 seconds ...
request data from dish at 2024-05-27T11:01:38.254929-04:00
receive json data from dish at 2024-05-27T11:01:38.452419-04:00
Sleeping for 0.1 seconds ...
request data from dish at 2024-05-27T11:01:38.625907-04:00
receive json data from dish at 2024-05-27T11:01:38.850504-04:00
Sleeping for 0.1 seconds ...
request data from dish at 2024-05-27T11:01:39.018686-04:00
receive json data from dish at 2024-05-27T11:01:39.258718-04:00
Sleeping for 0.1 seconds ...
request data from dish at 2024-05-27T11:01:39.453324-04:00
receive json data from dish at 2024-05-27T11:01:39.812877-04:00
Sleeping for 0.1 seconds ...
request data from dish at 2024-05-27T11:01:39.990220-04:00
receive json data from dish at 2024-05-27T11:01:40.178234-04:00
Sleeping for 0.1 seconds ...
request data from dish at 2024-05-27T11:01:40.346366-04:00
receive json data from dish at 2024-05-27T11:01:40.553899-04:00
Sleeping for 0.1 seconds ...
request data from dish at 2024-05-27T11:01:40.744373-04:00
receive json data from dish at 2024-05-27T11:01:40.935317-04:00
Sleeping for 0.1 seconds ...
request data from dish at 2024-05-27T11:01:41.075962-04:00
receive json data from dish at 2024-05-27T11:01:41.326152-04:00
Sleeping for 0.1 seconds ...
request data from dish at 2024-05-27T11:01:41.512409-04:00
receive json data from dish at 2024-05-27T11:01:41.777148-04:00
Sleeping for 0.1 seconds ...
request data from dish at 2024-05-27T11:01:41.942950-04:00
receive json data from dish at 2024-05-27T11:01:42.194315-04:00
Sleeping for 0.1 seconds ...
request data from dish at 2024-05-27T11:01:42.366646-04:00
receive json data from dish at 2024-05-27T11:01:42.580796-04:00
Sleeping for 0.1 seconds ...
request data from dish at 2024-05-27T11:01:42.750147-04:00
receive json data from dish at 2024-05-27T11:01:43.001093-04:00
Sleeping for 0.1 seconds ...
request data from dish at 2024-05-27T11:01:43.227138-04:00
receive json data from dish at 2024-05-27T11:01:43.476674-04:00
Sleeping for 0.1 seconds ...
request data from dish at 2024-05-27T11:01:43.644750-04:00
receive json data from dish at 2024-05-27T11:01:43.900179-04:00
Sleeping for 0.1 seconds ...
request data from dish at 2024-05-27T11:01:44.062061-04:00
receive json data from dish at 2024-05-27T11:01:44.231099-04:00
Sleeping for 0.1 seconds ...
request data from dish at 2024-05-27T11:01:44.390484-04:00
receive json data from dish at 2024-05-27T11:01:44.608102-04:00
Sleeping for 0.1 seconds ...
request data from dish at 2024-05-27T11:01:44.765867-04:00
receive json data from dish at 2024-05-27T11:01:44.940623-04:00
Sleeping for 0.1 seconds ...
request data from dish at 2024-05-27T11:01:45.092877-04:00
receive json data from dish at 2024-05-27T11:01:45.253695-04:00
Sleeping for 0.1 seconds ...
request data from dish at 2024-05-27T11:01:45.408656-04:00
receive json data from dish at 2024-05-27T11:01:45.589634-04:00
Sleeping for 0.1 seconds ...
request data from dish at 2024-05-27T11:01:45.741320-04:00
receive json data from dish at 2024-05-27T11:01:45.980607-04:00
Sleeping for 0.1 seconds ...
request data from dish at 2024-05-27T11:01:46.142265-04:00
receive json data from dish at 2024-05-27T11:01:46.358530-04:00
Sleeping for 0.1 seconds ...
request data from dish at 2024-05-27T11:01:46.523007-04:00
receive json data from dish at 2024-05-27T11:01:46.864770-04:00
Sleeping for 0.1 seconds ...
request data from dish at 2024-05-27T11:01:47.030403-04:00
receive json data from dish at 2024-05-27T11:01:47.205492-04:00
Sleeping for 0.1 seconds ...
request data from dish at 2024-05-27T11:01:47.367497-04:00
receive json data from dish at 2024-05-27T11:01:47.558995-04:00
Sleeping for 0.1 seconds ...
request data from dish at 2024-05-27T11:01:47.714230-04:00
receive json data from dish at 2024-05-27T11:01:47.910940-04:00
Sleeping for 0.1 seconds ...
request data from dish at 2024-05-27T11:01:48.057977-04:00
receive json data from dish at 2024-05-27T11:01:48.238257-04:00
Sleeping for 0.1 seconds ...
request data from dish at 2024-05-27T11:01:48.398139-04:00
receive json data from dish at 2024-05-27T11:01:48.593835-04:00
Sleeping for 0.1 seconds ...
request data from dish at 2024-05-27T11:01:48.752000-04:00
receive json data from dish at 2024-05-27T11:01:48.990114-04:00
Sleeping for 0.1 seconds ...
request data from dish at 2024-05-27T11:01:49.142603-04:00
receive json data from dish at 2024-05-27T11:01:49.310056-04:00
Sleeping for 0.1 seconds ...
request data from dish at 2024-05-27T11:01:49.478167-04:00
receive json data from dish at 2024-05-27T11:01:49.785490-04:00
Sleeping for 0.1 seconds ...
request data from dish at 2024-05-27T11:01:49.949888-04:00
receive json data from dish at 2024-05-27T11:01:50.189982-04:00
Sleeping for 0.1 seconds ...
request data from dish at 2024-05-27T11:01:50.352874-04:00
receive json data from dish at 2024-05-27T11:01:50.532325-04:00
Sleeping for 0.1 seconds ...
request data from dish at 2024-05-27T11:01:50.686118-04:00
receive json data from dish at 2024-05-27T11:01:50.925298-04:00
Sleeping for 0.1 seconds ...
request data from dish at 2024-05-27T11:01:51.076479-04:00
receive json data from dish at 2024-05-27T11:01:51.268232-04:00
Sleeping for 0.1 seconds ...
request data from dish at 2024-05-27T11:01:51.422206-04:00
receive json data from dish at 2024-05-27T11:01:51.608176-04:00
Sleeping for 0.1 seconds ...
request data from dish at 2024-05-27T11:01:51.765812-04:00
receive json data from dish at 2024-05-27T11:01:51.950135-04:00
Sleeping for 0.1 seconds ...
request data from dish at 2024-05-27T11:01:52.111486-04:00
receive json data from dish at 2024-05-27T11:01:52.318329-04:00
Sleeping for 0.1 seconds ...
request data from dish at 2024-05-27T11:01:52.473113-04:00
receive json data from dish at 2024-05-27T11:01:52.782932-04:00
Sleeping for 0.1 seconds ...
request data from dish at 2024-05-27T11:01:52.935302-04:00
receive json data from dish at 2024-05-27T11:01:53.112595-04:00
Sleeping for 0.1 seconds ...
request data from dish at 2024-05-27T11:01:53.269581-04:00
receive json data from dish at 2024-05-27T11:01:53.534461-04:00
Sleeping for 0.1 seconds ...
request data from dish at 2024-05-27T11:01:53.685275-04:00
receive json data from dish at 2024-05-27T11:01:53.838606-04:00
Sleeping for 0.1 seconds ...
request data from dish at 2024-05-27T11:01:53.997838-04:00
receive json data from dish at 2024-05-27T11:01:54.207951-04:00
Sleeping for 0.1 seconds ...
request data from dish at 2024-05-27T11:01:54.367926-04:00
receive json data from dish at 2024-05-27T11:01:54.543246-04:00
Sleeping for 0.1 seconds ...
request data from dish at 2024-05-27T11:01:54.709671-04:00
receive json data from dish at 2024-05-27T11:01:54.879939-04:00
Sleeping for 0.1 seconds ...
request data from dish at 2024-05-27T11:01:55.039804-04:00
receive json data from dish at 2024-05-27T11:01:55.267416-04:00
Sleeping for 0.1 seconds ...
request data from dish at 2024-05-27T11:01:55.429137-04:00
receive json data from dish at 2024-05-27T11:01:55.797196-04:00
Sleeping for 0.1 seconds ...
request data from dish at 2024-05-27T11:01:55.949500-04:00
receive json data from dish at 2024-05-27T11:01:56.198484-04:00
Sleeping for 0.1 seconds ...
request data from dish at 2024-05-27T11:01:56.376236-04:00
receive json data from dish at 2024-05-27T11:01:56.603138-04:00
Sleeping for 0.1 seconds ...
request data from dish at 2024-05-27T11:01:56.755440-04:00
receive json data from dish at 2024-05-27T11:01:56.935207-04:00
Sleeping for 0.1 seconds ...
request data from dish at 2024-05-27T11:01:57.101501-04:00
receive json data from dish at 2024-05-27T11:01:57.388798-04:00
Sleeping for 0.1 seconds ...
request data from dish at 2024-05-27T11:01:57.546543-04:00
receive json data from dish at 2024-05-27T11:01:57.859512-04:00
Sleeping for 0.1 seconds ...
request data from dish at 2024-05-27T11:01:58.006251-04:00
receive json data from dish at 2024-05-27T11:01:58.156747-04:00
Sleeping for 0.1 seconds ...
request data from dish at 2024-05-27T11:01:58.310706-04:00
receive json data from dish at 2024-05-27T11:01:58.598336-04:00
Sleeping for 0.1 seconds ...
request data from dish at 2024-05-27T11:01:58.758664-04:00
receive json data from dish at 2024-05-27T11:01:58.925001-04:00
Sleeping for 0.1 seconds ...
request data from dish at 2024-05-27T11:01:59.072050-04:00
receive json data from dish at 2024-05-27T11:01:59.323047-04:00
Sleeping for 0.1 seconds ...
request data from dish at 2024-05-27T11:01:59.474362-04:00
receive json data from dish at 2024-05-27T11:01:59.956681-04:00
Sleeping for 0.1 seconds ...
request data from dish at 2024-05-27T11:02:00.111668-04:00
receive json data from dish at 2024-05-27T11:02:00.409311-04:00
Sleeping for 0.1 seconds ...
request data from dish at 2024-05-27T11:02:00.565208-04:00
receive json data from dish at 2024-05-27T11:02:00.883258-04:00
Sleeping for 0.1 seconds ...
request data from dish at 2024-05-27T11:02:01.034531-04:00
receive json data from dish at 2024-05-27T11:02:01.213120-04:00
Sleeping for 0.1 seconds ...
request data from dish at 2024-05-27T11:02:01.367924-04:00
receive json data from dish at 2024-05-27T11:02:01.793391-04:00
Sleeping for 0.1 seconds ...
request data from dish at 2024-05-27T11:02:01.948879-04:00
receive json data from dish at 2024-05-27T11:02:02.174575-04:00
Sleeping for 0.1 seconds ...
request data from dish at 2024-05-27T11:02:02.329589-04:00
receive json data from dish at 2024-05-27T11:02:02.533093-04:00
Sleeping for 0.1 seconds ...
request data from dish at 2024-05-27T11:02:02.693956-04:00
receive json data from dish at 2024-05-27T11:02:02.905172-04:00
Sleeping for 0.1 seconds ...
request data from dish at 2024-05-27T11:02:03.065360-04:00
receive json data from dish at 2024-05-27T11:02:03.206700-04:00
Sleeping for 0.1 seconds ...
request data from dish at 2024-05-27T11:02:03.363312-04:00
receive json data from dish at 2024-05-27T11:02:03.557222-04:00
Sleeping for 0.1 seconds ...
request data from dish at 2024-05-27T11:02:03.711870-04:00
receive json data from dish at 2024-05-27T11:02:03.908445-04:00
Sleeping for 0.1 seconds ...
request data from dish at 2024-05-27T11:02:04.072236-04:00
receive json data from dish at 2024-05-27T11:02:04.246461-04:00
Sleeping for 0.1 seconds ...
request data from dish at 2024-05-27T11:02:04.412269-04:00
receive json data from dish at 2024-05-27T11:02:04.605902-04:00
Sleeping for 0.1 seconds ...
request data from dish at 2024-05-27T11:02:04.765824-04:00
receive json data from dish at 2024-05-27T11:02:04.951602-04:00
Sleeping for 0.1 seconds ...
request data from dish at 2024-05-27T11:02:05.116780-04:00
receive json data from dish at 2024-05-27T11:02:05.398107-04:00
Sleeping for 0.1 seconds ...
request data from dish at 2024-05-27T11:02:05.553306-04:00
receive json data from dish at 2024-05-27T11:02:05.929812-04:00
Sleeping for 0.1 seconds ...
request data from dish at 2024-05-27T11:02:06.091315-04:00
receive json data from dish at 2024-05-27T11:02:06.263463-04:00
Sleeping for 0.1 seconds ...
request data from dish at 2024-05-27T11:02:06.418158-04:00
receive json data from dish at 2024-05-27T11:02:06.819988-04:00
Sleeping for 0.1 seconds ...
request data from dish at 2024-05-27T11:02:06.971670-04:00
receive json data from dish at 2024-05-27T11:02:07.161286-04:00
Sleeping for 0.1 seconds ...
request data from dish at 2024-05-27T11:02:07.324790-04:00
receive json data from dish at 2024-05-27T11:02:07.575411-04:00
Sleeping for 0.1 seconds ...
request data from dish at 2024-05-27T11:02:07.740787-04:00
receive json data from dish at 2024-05-27T11:02:07.926999-04:00
Sleeping for 0.1 seconds ...
request data from dish at 2024-05-27T11:02:08.091527-04:00
receive json data from dish at 2024-05-27T11:02:08.337081-04:00
Sleeping for 0.1 seconds ...
request data from dish at 2024-05-27T11:02:08.501691-04:00
receive json data from dish at 2024-05-27T11:02:08.785868-04:00
Sleeping for 0.1 seconds ...
request data from dish at 2024-05-27T11:02:08.949951-04:00
receive json data from dish at 2024-05-27T11:02:09.137486-04:00
Sleeping for 0.1 seconds ...
request data from dish at 2024-05-27T11:02:09.294336-04:00
receive json data from dish at 2024-05-27T11:02:09.537911-04:00
Sleeping for 0.1 seconds ...
request data from dish at 2024-05-27T11:02:09.697626-04:00
receive json data from dish at 2024-05-27T11:02:09.883457-04:00
Sleeping for 0.1 seconds ...
request data from dish at 2024-05-27T11:02:10.037860-04:00
receive json data from dish at 2024-05-27T11:02:10.268661-04:00
Sleeping for 0.1 seconds ...
request data from dish at 2024-05-27T11:02:10.418844-04:00
receive json data from dish at 2024-05-27T11:02:10.635573-04:00
Sleeping for 0.1 seconds ...
request data from dish at 2024-05-27T11:02:10.790868-04:00
receive json data from dish at 2024-05-27T11:02:11.005190-04:00
Sleeping for 0.1 seconds ...
request data from dish at 2024-05-27T11:02:11.172655-04:00
receive json data from dish at 2024-05-27T11:02:11.376731-04:00
Sleeping for 0.1 seconds ...
request data from dish at 2024-05-27T11:02:11.536250-04:00
receive json data from dish at 2024-05-27T11:02:11.855031-04:00
Sleeping for 0.1 seconds ...
request data from dish at 2024-05-27T11:02:12.018897-04:00
receive json data from dish at 2024-05-27T11:02:12.256039-04:00
Sleeping for 0.1 seconds ...
request data from dish at 2024-05-27T11:02:12.420130-04:00
receive json data from dish at 2024-05-27T11:02:12.590846-04:00
Sleeping for 0.1 seconds ...
request data from dish at 2024-05-27T11:02:12.758178-04:00
receive json data from dish at 2024-05-27T11:02:12.982496-04:00
Sleeping for 0.1 seconds ...
request data from dish at 2024-05-27T11:02:13.142522-04:00
receive json data from dish at 2024-05-27T11:02:13.402349-04:00
Sleeping for 0.1 seconds ...
request data from dish at 2024-05-27T11:02:13.565976-04:00
receive json data from dish at 2024-05-27T11:02:13.898076-04:00
Sleeping for 0.1 seconds ...
request data from dish at 2024-05-27T11:02:14.054924-04:00
receive json data from dish at 2024-05-27T11:02:14.222318-04:00
Sleeping for 0.1 seconds ...
request data from dish at 2024-05-27T11:02:14.372549-04:00
receive json data from dish at 2024-05-27T11:02:14.606444-04:00
Sleeping for 0.1 seconds ...
request data from dish at 2024-05-27T11:02:14.760856-04:00
receive json data from dish at 2024-05-27T11:02:14.944548-04:00
Sleeping for 0.1 seconds ...
request data from dish at 2024-05-27T11:02:15.101899-04:00
receive json data from dish at 2024-05-27T11:02:15.309497-04:00
Sleeping for 0.1 seconds ...
request data from dish at 2024-05-27T11:02:15.461002-04:00
receive json data from dish at 2024-05-27T11:02:15.777258-04:00
Sleeping for 0.1 seconds ...
request data from dish at 2024-05-27T11:02:15.943316-04:00
receive json data from dish at 2024-05-27T11:02:16.099054-04:00
Sleeping for 0.1 seconds ...
request data from dish at 2024-05-27T11:02:16.263622-04:00
receive json data from dish at 2024-05-27T11:02:16.467712-04:00
Sleeping for 0.1 seconds ...
request data from dish at 2024-05-27T11:02:16.627990-04:00
receive json data from dish at 2024-05-27T11:02:16.885744-04:00
Sleeping for 0.1 seconds ...
request data from dish at 2024-05-27T11:02:17.037666-04:00
receive json data from dish at 2024-05-27T11:02:17.308076-04:00
Sleeping for 0.1 seconds ...
request data from dish at 2024-05-27T11:02:17.471150-04:00
receive json data from dish at 2024-05-27T11:02:17.765810-04:00
Sleeping for 0.1 seconds ...
request data from dish at 2024-05-27T11:02:17.920210-04:00
receive json data from dish at 2024-05-27T11:02:18.083944-04:00
Sleeping for 0.1 seconds ...
request data from dish at 2024-05-27T11:02:18.237302-04:00
receive json data from dish at 2024-05-27T11:02:18.530517-04:00
Sleeping for 0.1 seconds ...
request data from dish at 2024-05-27T11:02:18.685700-04:00
receive json data from dish at 2024-05-27T11:02:18.893343-04:00
Sleeping for 0.1 seconds ...
request data from dish at 2024-05-27T11:02:19.081663-04:00
receive json data from dish at 2024-05-27T11:02:19.316345-04:00
Sleeping for 0.1 seconds ...
request data from dish at 2024-05-27T11:02:19.479815-04:00
receive json data from dish at 2024-05-27T11:02:19.872475-04:00
Sleeping for 0.1 seconds ...
request data from dish at 2024-05-27T11:02:20.042681-04:00
receive json data from dish at 2024-05-27T11:02:20.259180-04:00
Sleeping for 0.1 seconds ...
request data from dish at 2024-05-27T11:02:20.430382-04:00
receive json data from dish at 2024-05-27T11:02:20.614773-04:00
Sleeping for 0.1 seconds ...
request data from dish at 2024-05-27T11:02:20.774363-04:00
receive json data from dish at 2024-05-27T11:02:20.965532-04:00
Sleeping for 0.1 seconds ...
request data from dish at 2024-05-27T11:02:21.107558-04:00
receive json data from dish at 2024-05-27T11:02:21.366875-04:00
Sleeping for 0.1 seconds ...
request data from dish at 2024-05-27T11:02:21.510155-04:00
receive json data from dish at 2024-05-27T11:02:21.812390-04:00
Sleeping for 0.1 seconds ...
request data from dish at 2024-05-27T11:02:21.965875-04:00
receive json data from dish at 2024-05-27T11:02:22.150837-04:00
Sleeping for 0.1 seconds ...
request data from dish at 2024-05-27T11:02:22.309373-04:00
receive json data from dish at 2024-05-27T11:02:22.589546-04:00
Sleeping for 0.1 seconds ...
request data from dish at 2024-05-27T11:02:22.738082-04:00
receive json data from dish at 2024-05-27T11:02:22.893142-04:00
Sleeping for 0.1 seconds ...
request data from dish at 2024-05-27T11:02:23.038597-04:00
receive json data from dish at 2024-05-27T11:02:23.193384-04:00
Sleeping for 0.1 seconds ...
request data from dish at 2024-05-27T11:02:23.336581-04:00
receive json data from dish at 2024-05-27T11:02:23.513821-04:00
Sleeping for 0.1 seconds ...
request data from dish at 2024-05-27T11:02:23.654989-04:00
receive json data from dish at 2024-05-27T11:02:23.844768-04:00
Sleeping for 0.1 seconds ...
request data from dish at 2024-05-27T11:02:23.996973-04:00
receive json data from dish at 2024-05-27T11:02:24.251009-04:00
Sleeping for 0.1 seconds ...
request data from dish at 2024-05-27T11:02:24.395015-04:00
receive json data from dish at 2024-05-27T11:02:24.563115-04:00
Sleeping for 0.1 seconds ...
request data from dish at 2024-05-27T11:02:24.702960-04:00
receive json data from dish at 2024-05-27T11:02:24.834421-04:00
Sleeping for 0.1 seconds ...
request data from dish at 2024-05-27T11:02:24.987893-04:00
receive json data from dish at 2024-05-27T11:02:25.144040-04:00
Sleeping for 0.1 seconds ...
request data from dish at 2024-05-27T11:02:25.297991-04:00
receive json data from dish at 2024-05-27T11:02:25.483425-04:00
Sleeping for 0.1 seconds ...
request data from dish at 2024-05-27T11:02:25.637718-04:00
receive json data from dish at 2024-05-27T11:02:25.996754-04:00
Sleeping for 0.1 seconds ...
request data from dish at 2024-05-27T11:02:26.148143-04:00
receive json data from dish at 2024-05-27T11:02:26.316363-04:00
Sleeping for 0.1 seconds ...
request data from dish at 2024-05-27T11:02:26.461285-04:00
receive json data from dish at 2024-05-27T11:02:26.594619-04:00
Sleeping for 0.1 seconds ...
request data from dish at 2024-05-27T11:02:26.736182-04:00
receive json data from dish at 2024-05-27T11:02:26.951297-04:00
Sleeping for 0.1 seconds ...
request data from dish at 2024-05-27T11:02:27.105936-04:00
receive json data from dish at 2024-05-27T11:02:27.298081-04:00
Sleeping for 0.1 seconds ...
request data from dish at 2024-05-27T11:02:27.450231-04:00
receive json data from dish at 2024-05-27T11:02:27.797240-04:00
Sleeping for 0.1 seconds ...
request data from dish at 2024-05-27T11:02:27.939935-04:00
receive json data from dish at 2024-05-27T11:02:28.139456-04:00
Sleeping for 0.1 seconds ...
request data from dish at 2024-05-27T11:02:28.290401-04:00
receive json data from dish at 2024-05-27T11:02:28.479342-04:00
Sleeping for 0.1 seconds ...
request data from dish at 2024-05-27T11:02:28.623352-04:00
receive json data from dish at 2024-05-27T11:02:28.922338-04:00
Sleeping for 0.1 seconds ...
request data from dish at 2024-05-27T11:02:29.073881-04:00
receive json data from dish at 2024-05-27T11:02:29.240492-04:00
Sleeping for 0.1 seconds ...
request data from dish at 2024-05-27T11:02:29.394247-04:00
receive json data from dish at 2024-05-27T11:02:29.582344-04:00
Sleeping for 0.1 seconds ...
request data from dish at 2024-05-27T11:02:29.744250-04:00
receive json data from dish at 2024-05-27T11:02:29.901706-04:00
Sleeping for 0.1 seconds ...
request data from dish at 2024-05-27T11:02:30.048979-04:00
receive json data from dish at 2024-05-27T11:02:30.261439-04:00
Sleeping for 0.1 seconds ...
request data from dish at 2024-05-27T11:02:30.410184-04:00
receive json data from dish at 2024-05-27T11:02:30.556410-04:00
Sleeping for 0.1 seconds ...
request data from dish at 2024-05-27T11:02:30.708720-04:00
receive json data from dish at 2024-05-27T11:02:30.939793-04:00
Sleeping for 0.1 seconds ...
request data from dish at 2024-05-27T11:02:31.090296-04:00
receive json data from dish at 2024-05-27T11:02:31.931482-04:00
Sleeping for 0.1 seconds ...
request data from dish at 2024-05-27T11:02:32.079525-04:00
receive json data from dish at 2024-05-27T11:02:32.370474-04:00
Sleeping for 0.1 seconds ...
request data from dish at 2024-05-27T11:02:32.520647-04:00
receive json data from dish at 2024-05-27T11:02:32.788406-04:00
Sleeping for 0.1 seconds ...
request data from dish at 2024-05-27T11:02:32.938269-04:00
receive json data from dish at 2024-05-27T11:02:33.104095-04:00
Sleeping for 0.1 seconds ...
request data from dish at 2024-05-27T11:02:33.259123-04:00
receive json data from dish at 2024-05-27T11:02:33.501266-04:00
Sleeping for 0.1 seconds ...
request data from dish at 2024-05-27T11:02:33.648536-04:00
receive json data from dish at 2024-05-27T11:02:33.883474-04:00
Sleeping for 0.1 seconds ...
request data from dish at 2024-05-27T11:02:34.035806-04:00
receive json data from dish at 2024-05-27T11:02:34.204249-04:00
Sleeping for 0.1 seconds ...
request data from dish at 2024-05-27T11:02:34.352403-04:00
receive json data from dish at 2024-05-27T11:02:34.556529-04:00
Sleeping for 0.1 seconds ...
request data from dish at 2024-05-27T11:02:34.700346-04:00
receive json data from dish at 2024-05-27T11:02:34.900535-04:00
Sleeping for 0.1 seconds ...
request data from dish at 2024-05-27T11:02:35.049467-04:00
receive json data from dish at 2024-05-27T11:02:35.307935-04:00
Sleeping for 0.1 seconds ...
request data from dish at 2024-05-27T11:02:35.458019-04:00
receive json data from dish at 2024-05-27T11:02:35.699960-04:00
Sleeping for 0.1 seconds ...
request data from dish at 2024-05-27T11:02:35.842552-04:00
receive json data from dish at 2024-05-27T11:02:36.001004-04:00
Sleeping for 0.1 seconds ...
request data from dish at 2024-05-27T11:02:36.156770-04:00
receive json data from dish at 2024-05-27T11:02:36.365972-04:00
Sleeping for 0.1 seconds ...
request data from dish at 2024-05-27T11:02:36.522867-04:00
receive json data from dish at 2024-05-27T11:02:36.802237-04:00
Sleeping for 0.1 seconds ...
request data from dish at 2024-05-27T11:02:36.945574-04:00
receive json data from dish at 2024-05-27T11:02:37.095185-04:00
Sleeping for 0.1 seconds ...
request data from dish at 2024-05-27T11:02:37.241890-04:00
receive json data from dish at 2024-05-27T11:02:37.476959-04:00
Sleeping for 0.1 seconds ...
request data from dish at 2024-05-27T11:02:37.623059-04:00
receive json data from dish at 2024-05-27T11:02:37.887578-04:00
Sleeping for 0.1 seconds ...
request data from dish at 2024-05-27T11:02:38.057418-04:00
receive json data from dish at 2024-05-27T11:02:38.221096-04:00
Sleeping for 0.1 seconds ...
request data from dish at 2024-05-27T11:02:38.364378-04:00
receive json data from dish at 2024-05-27T11:02:38.522928-04:00
Sleeping for 0.1 seconds ...
request data from dish at 2024-05-27T11:02:38.673735-04:00
receive json data from dish at 2024-05-27T11:02:38.938571-04:00
Sleeping for 0.1 seconds ...
request data from dish at 2024-05-27T11:02:39.091088-04:00
receive json data from dish at 2024-05-27T11:02:39.440084-04:00
Sleeping for 0.1 seconds ...
request data from dish at 2024-05-27T11:02:39.595146-04:00
receive json data from dish at 2024-05-27T11:02:39.836324-04:00
Sleeping for 0.1 seconds ...
request data from dish at 2024-05-27T11:02:39.988984-04:00
receive json data from dish at 2024-05-27T11:02:40.183469-04:00
Sleeping for 0.1 seconds ...
request data from dish at 2024-05-27T11:02:40.336181-04:00
receive json data from dish at 2024-05-27T11:02:40.477584-04:00
Sleeping for 0.1 seconds ...
request data from dish at 2024-05-27T11:02:40.623457-04:00
receive json data from dish at 2024-05-27T11:02:40.882662-04:00
Sleeping for 0.1 seconds ...
request data from dish at 2024-05-27T11:02:41.031839-04:00
receive json data from dish at 2024-05-27T11:02:41.229557-04:00
Sleeping for 0.1 seconds ...
request data from dish at 2024-05-27T11:02:41.381387-04:00
receive json data from dish at 2024-05-27T11:02:41.596044-04:00
Sleeping for 0.1 seconds ...
request data from dish at 2024-05-27T11:02:41.747326-04:00
receive json data from dish at 2024-05-27T11:02:41.920730-04:00
Sleeping for 0.1 seconds ...
request data from dish at 2024-05-27T11:02:42.083387-04:00
receive json data from dish at 2024-05-27T11:02:42.235576-04:00
Sleeping for 0.1 seconds ...
request data from dish at 2024-05-27T11:02:42.386841-04:00
receive json data from dish at 2024-05-27T11:02:42.603066-04:00
Sleeping for 0.1 seconds ...
request data from dish at 2024-05-27T11:02:42.750608-04:00
receive json data from dish at 2024-05-27T11:02:42.954031-04:00
Sleeping for 0.1 seconds ...
request data from dish at 2024-05-27T11:02:43.105906-04:00
receive json data from dish at 2024-05-27T11:02:43.281975-04:00
Sleeping for 0.1 seconds ...
request data from dish at 2024-05-27T11:02:43.434650-04:00
receive json data from dish at 2024-05-27T11:02:43.621735-04:00
Sleeping for 0.1 seconds ...
request data from dish at 2024-05-27T11:02:43.768982-04:00
receive json data from dish at 2024-05-27T11:02:43.995258-04:00
Sleeping for 0.1 seconds ...
request data from dish at 2024-05-27T11:02:44.139678-04:00
receive json data from dish at 2024-05-27T11:02:44.306906-04:00
Sleeping for 0.1 seconds ...
request data from dish at 2024-05-27T11:02:44.458890-04:00
receive json data from dish at 2024-05-27T11:02:44.693579-04:00
Sleeping for 0.1 seconds ...
request data from dish at 2024-05-27T11:02:44.842643-04:00
receive json data from dish at 2024-05-27T11:02:45.096749-04:00
Sleeping for 0.1 seconds ...
request data from dish at 2024-05-27T11:02:45.248794-04:00
receive json data from dish at 2024-05-27T11:02:45.503289-04:00
Sleeping for 0.1 seconds ...
request data from dish at 2024-05-27T11:02:45.650873-04:00
receive json data from dish at 2024-05-27T11:02:45.884279-04:00
Sleeping for 0.1 seconds ...
request data from dish at 2024-05-27T11:02:46.033536-04:00
receive json data from dish at 2024-05-27T11:02:46.243174-04:00
Sleeping for 0.1 seconds ...
request data from dish at 2024-05-27T11:02:46.390816-04:00
receive json data from dish at 2024-05-27T11:02:46.535488-04:00
Sleeping for 0.1 seconds ...
request data from dish at 2024-05-27T11:02:46.683401-04:00
receive json data from dish at 2024-05-27T11:02:46.897592-04:00
Sleeping for 0.1 seconds ...
request data from dish at 2024-05-27T11:02:47.044090-04:00
receive json data from dish at 2024-05-27T11:02:47.217418-04:00
Sleeping for 0.1 seconds ...
request data from dish at 2024-05-27T11:02:47.364785-04:00
receive json data from dish at 2024-05-27T11:02:47.525232-04:00
Sleeping for 0.1 seconds ...
request data from dish at 2024-05-27T11:02:47.673963-04:00
receive json data from dish at 2024-05-27T11:02:47.900638-04:00
Sleeping for 0.1 seconds ...
request data from dish at 2024-05-27T11:02:48.048935-04:00
receive json data from dish at 2024-05-27T11:02:48.257666-04:00
Sleeping for 0.1 seconds ...
request data from dish at 2024-05-27T11:02:48.402154-04:00
receive json data from dish at 2024-05-27T11:02:48.563461-04:00
Sleeping for 0.1 seconds ...
request data from dish at 2024-05-27T11:02:48.724538-04:00
receive json data from dish at 2024-05-27T11:02:48.901762-04:00
Sleeping for 0.1 seconds ...
request data from dish at 2024-05-27T11:02:49.049991-04:00
receive json data from dish at 2024-05-27T11:02:49.259044-04:00
Sleeping for 0.1 seconds ...
request data from dish at 2024-05-27T11:02:49.403231-04:00
receive json data from dish at 2024-05-27T11:02:49.601281-04:00
Sleeping for 0.1 seconds ...
request data from dish at 2024-05-27T11:02:49.764592-04:00
receive json data from dish at 2024-05-27T11:02:49.939850-04:00
Sleeping for 0.1 seconds ...
request data from dish at 2024-05-27T11:02:50.088593-04:00
receive json data from dish at 2024-05-27T11:02:50.238837-04:00
Sleeping for 0.1 seconds ...
request data from dish at 2024-05-27T11:02:50.389137-04:00
receive json data from dish at 2024-05-27T11:02:50.522375-04:00
Sleeping for 0.1 seconds ...
request data from dish at 2024-05-27T11:02:50.668152-04:00
receive json data from dish at 2024-05-27T11:02:50.937116-04:00
Sleeping for 0.1 seconds ...
request data from dish at 2024-05-27T11:02:51.089458-04:00
receive json data from dish at 2024-05-27T11:02:51.240319-04:00
Sleeping for 0.1 seconds ...
request data from dish at 2024-05-27T11:02:51.388310-04:00
receive json data from dish at 2024-05-27T11:02:51.533627-04:00
Sleeping for 0.1 seconds ...
request data from dish at 2024-05-27T11:02:51.680290-04:00
receive json data from dish at 2024-05-27T11:02:51.900149-04:00
Sleeping for 0.1 seconds ...
request data from dish at 2024-05-27T11:02:52.059848-04:00
receive json data from dish at 2024-05-27T11:02:52.253172-04:00
Sleeping for 0.1 seconds ...
request data from dish at 2024-05-27T11:02:52.404461-04:00
receive json data from dish at 2024-05-27T11:02:52.538376-04:00
Sleeping for 0.1 seconds ...
request data from dish at 2024-05-27T11:02:52.697040-04:00
receive json data from dish at 2024-05-27T11:02:52.930077-04:00
Sleeping for 0.1 seconds ...
request data from dish at 2024-05-27T11:02:53.089915-04:00
receive json data from dish at 2024-05-27T11:02:53.307928-04:00
Sleeping for 0.1 seconds ...
request data from dish at 2024-05-27T11:02:53.463373-04:00
receive json data from dish at 2024-05-27T11:02:53.603066-04:00
Sleeping for 0.1 seconds ...
request data from dish at 2024-05-27T11:02:53.756070-04:00
receive json data from dish at 2024-05-27T11:02:53.942745-04:00
Sleeping for 0.1 seconds ...
request data from dish at 2024-05-27T11:02:54.093150-04:00
receive json data from dish at 2024-05-27T11:02:54.385118-04:00
Sleeping for 0.1 seconds ...
request data from dish at 2024-05-27T11:02:54.549040-04:00
receive json data from dish at 2024-05-27T11:02:54.886083-04:00
Sleeping for 0.1 seconds ...
request data from dish at 2024-05-27T11:02:55.046145-04:00
receive json data from dish at 2024-05-27T11:02:55.287335-04:00
Sleeping for 0.1 seconds ...
request data from dish at 2024-05-27T11:02:55.443887-04:00
receive json data from dish at 2024-05-27T11:02:55.606559-04:00
Sleeping for 0.1 seconds ...
request data from dish at 2024-05-27T11:02:55.770530-04:00
receive json data from dish at 2024-05-27T11:02:56.011587-04:00
Sleeping for 0.1 seconds ...
request data from dish at 2024-05-27T11:02:56.160838-04:00
receive json data from dish at 2024-05-27T11:02:56.367737-04:00
Sleeping for 0.1 seconds ...
request data from dish at 2024-05-27T11:02:56.523054-04:00
receive json data from dish at 2024-05-27T11:02:56.790378-04:00
Sleeping for 0.1 seconds ...
request data from dish at 2024-05-27T11:02:56.949543-04:00
receive json data from dish at 2024-05-27T11:02:57.130578-04:00
Sleeping for 0.1 seconds ...
request data from dish at 2024-05-27T11:02:57.284832-04:00
receive json data from dish at 2024-05-27T11:02:57.500322-04:00
Sleeping for 0.1 seconds ...
Received signal, performing cleanup...
