Start time: 1716835034957
{
  "id": "0",
  "status": null,
  "apiVersion": "17",
  "dishGetHistory": {
    "current": "3326",
    "popPingDropRate": [
      0,
      0,
      0,
      0,
      0,
      0,
      0,
      0,
      0,
      0,
      0.06666667,
      0.06666667,
      0,
      0,
      0,
      0,
      0.0625,
      0.06666667,
      0,
      0,
      0,
      0,
      0,
      0,
      0,
      0,
      0,
      0,
      0,
      0,
      0,
      0,
      0,
      0,
      0,
      0,
      0,
      0,
      0,
      0,
      0,
      0,
      0,
      0,
      0,
      0,
      0,
      0,
      0,
      0,
      0,
      0,
      0,
      0,
      0,
      0,
      0,
      0,
      0,
      0,
      0,
      0,
      0,
      0,
      0,
      0,
      0,
      0,
      0,
      0,
      0,
      0,
      0,
      0,
      0,
      0,
      0,
      0,
      0,
      0,
      0,
      0,
      0,
      0,
      0,
      0,
      0,
      0,
      0,
      0,
      0,
      0,
      0,
      0,
      0,
      0,
      0,
      0,
      0,
      0,
      0,
      0,
      0,
      0,
      0,
      0.06666667,
      0.0625,
      0,
      0,
      0,
      0,
      0,
      0,
      0,
      0,
      0,
      0,
      0,
      0,
      0,
      0,
      0,
      0,
      0,
      0,
      0,
      0,
      0,
      0,
      0,
      0,
      0,
      0,
      0,
      0,
      0,
      0,
      0,
      0,
      0,
      0,
      0,
      0,
      0,
      0,
      0,
      0,
      0,
      0,
      0,
      0,
      0,
      0,
      0,
      0,
      0,
      0,
      0,
      0,
      0,
      0,
      0,
      0,
      0,
      0,
      0,
      0,
      0,
      0,
      0,
      0,
      0,
      0,
      0,
      0,
      0,
      0,
      0,
      0,
      0,
      0,
      0,
      0,
      0,
      0,
      0,
      0,
      0,
      0,
      0,
      0,
      0,
      0,
      0,
      0,
      0,
      0,
      0,
      0,
      0,
      0,
      0,
      0,
      0,
      0,
      0,
      0,
      0,
      0,
      0,
      0,
      0,
      0.05882353,
      0.11764706,
      0.05882353,
      0.0625,
      0.06666667,
      0,
      0,
      0,
      0,
      0,
      0,
      0,
      0,
      0,
      0,
      0,
      0,
      0,
      0,
      0,
      0,
      0,
      0,
      0,
      0,
      0,
      0,
      0,
      0,
      0,
      0,
      0,
      0,
      0,
      0,
      0,
      0,
      0,
      0,
      0,
      0,
      0,
      0,
      0,
      0,
      0,
      0,
      0,
      0,
      0,
      0,
      0,
      0,
      0,
      0,
      0,
      0,
      0,
      0,
      0,
      0,
      0,
      0,
      0,
      0,
      0,
      0,
      0,
      0,
      0,
      0,
      0,
      0,
      0,
      0,
      0,
      0,
      0,
      0,
      0,
      0,
      0,
      0,
      0,
      0,
      0,
      0,
      0,
      0,
      0,
      0,
      0,
      0,
      0,
      0,
      0,
      0,
      0,
      0,
      0,
      0,
      0,
      0,
      0,
      0,
      0,
      0,
      0,
      0,
      0,
      0,
      0,
      0,
      0,
      0,
      0.0625,
      0.0625,
      0,
      0,
      0,
      0.0625,
      0.5,
      0.9411765,
      1,
      1,
      1,
      1,
      1,
      0.88235295,
      0.4375,
      0.42857143,
      0.9375,
      0.875,
      0.33333334,
      0,
      0,
      0,
      0,
      0,
      0,
      0,
      0,
      0,
      0.0625,
      0.0625,
      0,
      0,
      0,
      0,
      0,
      0,
      0,
      0,
      0,
      0,
      0,
      0,
      0,
      0,
      0,
      0,
      0,
      0,
      0,
      0,
      0,
      0,
      0,
      0,
      0,
      0,
      0,
      0,
      0,
      0,
      0,
      0,
      0,
      0,
      0,
      0,
      0,
      0,
      0,
      0,
      0,
      0,
      0,
      0,
      0,
      0,
      0,
      0,
      0,
      0,
      0,
      0,
      0,
      0,
      0,
      0,
      0,
      0,
      0,
      0,
      0,
      0,
      0,
      0,
      0,
      0,
      0,
      0,
      0,
      0,
      0,
      0,
      0,
      0,
      0,
      0,
      0,
      0,
      0,
      0,
      0,
      0,
      0,
      0,
      0,
      0,
      0,
      0,
      0,
      0,
      0,
      0,
      0,
      0,
      0,
      0,
      0,
      0,
      0,
      0,
      0,
      0,
      0,
      0.0625,
      0.06666667,
      0,
      0,
      0,
      0,
      0,
      0,
      0,
      0,
      0,
      0,
      0,
      0,
      0,
      0.06666667,
      0.071428575,
      0,
      0,
      0,
      0,
      0,
      0,
      0,
      0,
      0,
      0,
      0,
      0,
      0,
      0.071428575,
      0.071428575,
      0,
      0,
      0,
      0,
      0,
      0,
      0,
      0,
      0,
      0,
      0,
      0,
      0,
      0,
      0,
      0,
      0,
      0,
      0,
      0,
      0,
      0,
      0,
      0,
      0,
      0,
      0,
      0,
      0,
      0,
      0,
      0,
      0,
      0,
      0,
      0,
      0,
      0,
      0,
      0,
      0,
      0,
      0,
      0,
      0,
      0,
      0,
      0,
      0,
      0,
      0,
      0,
      0,
      0,
      0,
      0,
      0,
      0,
      0,
      0,
      0,
      0,
      0,
      0,
      0,
      0,
      0,
      0,
      0,
      0,
      0,
      0,
      0,
      0,
      0,
      0,
      0,
      0,
      0,
      0,
      0,
      0,
      0,
      0,
      0,
      0,
      0,
      0,
      0,
      0,
      0,
      0,
      0,
      0,
      0,
      0,
      0,
      0,
      0,
      0,
      0,
      0,
      0,
      0,
      0,
      0,
      0,
      0,
      0,
      0,
      0,
      0,
      0,
      0,
      0,
      0,
      0,
      0,
      0,
      0,
      0,
      0,
      0,
      0,
      0,
      0,
      0,
      0,
      0,
      0,
      0,
      0,
      0,
      0,
      0,
      0,
      0,
      0,
      0,
      0,
      0,
      0,
      0,
      0,
      0,
      0,
      0,
      0,
      0.0625,
      0.06666667,
      0,
      0,
      0,
      0,
      0,
      0,
      0,
      0,
      0,
      0,
      0,
      0,
      0,
      0,
      0,
      0,
      0,
      0,
      0,
      0,
      0,
      0,
      0,
      0,
      0,
      0,
      0.13333334,
      0.13333334,
      0,
      0,
      0,
      0,
      0,
      0,
      0,
      0,
      0,
      0,
      0,
      0,
      0,
      0,
      0,
      0,
      0,
      0,
      0,
      0,
      0,
      0,
      0,
      0,
      0,
      0,
      0,
      0,
      0,
      0,
      0,
      0,
      0,
      0,
      0,
      0,
      0,
      0,
      0,
      0,
      0,
      0,
      0,
      0,
      0,
      0,
      0,
      0,
      0,
      0,
      0,
      0,
      0,
      0,
      0,
      0,
      0,
      0,
      0,
      0,
      0,
      0,
      0,
      0,
      0,
      0,
      0,
      0,
      0,
      0,
      0,
      0,
      0,
      0,
      0,
      0,
      0,
      0,
      0,
      0,
      0,
      0,
      0,
      0,
      0,
      0,
      0,
      0,
      0,
      0,
      0,
      0,
      0,
      0,
      0,
      0.06666667,
      0.055555556,
      0,
      0,
      0,
      0,
      0,
      0,
      0,
      0,
      0,
      0,
      0,
      0,
      0,
      0,
      0,
      0,
      0,
      0,
      0,
      0,
      0,
      0,
      0,
      0,
      0,
      0,
      0,
      0,
      0,
      0,
      0,
      0,
      0,
      0,
      0,
      0,
      0,
      0,
      0,
      0,
      0,
      0,
      0,
      0,
      0,
      0,
      0,
      0,
      0,
      0,
      0,
      0,
      0,
      0,
      0,
      0,
      0,
      0,
      0,
      0,
      0,
      0,
      0,
      0,
      0.0625,
      0.25,
      0.125,
      0,
      0.06666667,
      0.0625,
      0,
      0,
      0,
      0,
      0,
      0,
      0,
      0,
      0,
      0,
      0,
      0,
      0,
      0,
      0,
      0,
      0,
      0,
      0,
      0,
      0,
      0,
      0,
      0,
      0,
      0,
      0,
      0,
      0,
      0,
      0,
      0,
      0,
      0,
      0,
      0,
      0,
      0,
      0.13333334,
      0.13333334,
      0.125,
      0.23529412,
      0.26666668,
      0.1875,
      0.0625,
      0,
      0,
      0,
      0,
      0,
      0,
      0,
      0,
      0,
      0,
      0,
      0,
      0,
      0.0625,
      0.06666667,
      0,
      0,
      0
    ],
    "popPingLatencyMs": [
      30.037413,
      30.526167,
      28.438496,
      26.755587,
      27.171125,
      31.885248,
      33.963497,
      30.664665,
      31.411074,
      32.648785,
      28.95781,
      26.825687,
      29.660116,
      31.114767,
      31.517733,
      32.60043,
      33.878067,
      34.499313,
      33.3865,
      36.17987,
      34.101627,
      31.395124,
      32.19506,
      35.7415,
      33.117496,
      28.030472,
      28.818588,
      27.748438,
      27.321117,
      29.567644,
      29.819561,
      27.268646,
      27.857647,
      29.622938,
      29.327692,
      30.192402,
      29.346931,
      28.203001,
      30.974882,
      32.135246,
      32.547,
      31.26725,
      31.505997,
      31.674938,
      30.430622,
      31.108467,
      31.125172,
      30.093239,
      31.87119,
      31.922377,
      31.233435,
      31.87506,
      32.87919,
      31.862768,
      31.3585,
      30.864563,
      29.100334,
      31.301813,
      33.16907,
      30.465267,
      30.078732,
      30.527067,
      31.678663,
      32.209377,
      32.847797,
      34.69033,
      32.592735,
      30.239664,
      35.953373,
      37.464935,
      31.690132,
      28.937468,
      31.938627,
      32.674877,
      30.947561,
      31.571625,
      30.067186,
      30.922709,
      32.84653,
      32.40056,
      30.6378,
      33.8066,
      34.76025,
      32.9092,
      31.687378,
      34.083065,
      33.516735,
      30.567266,
      31.3785,
      31.279264,
      31.222603,
      32.00325,
      31.5765,
      32.844173,
      33.215,
      32.485176,
      33.504932,
      32.33547,
      35.435066,
      37.317787,
      32.12857,
      29.515337,
      31.56225,
      34.46133,
      32.309067,
      32.515625,
      32.553,
      30.705812,
      30.956125,
      32.05211,
      32.32331,
      29.969473,
      32.345352,
      36.31125,
      33.38012,
      30.470062,
      33.498,
      33.17953,
      31.505001,
      34.1128,
      35.158573,
      32.820385,
      30.825846,
      30.218142,
      30.44993,
      30.841734,
      30.6745,
      31.320644,
      32.819935,
      31.996,
      29.694666,
      28.864187,
      29.656626,
      31.37773,
      30.810501,
      29.258,
      30.996939,
      31.458931,
      31.364855,
      35.10154,
      34.7938,
      33.50025,
      35.375942,
      37.297123,
      34.939266,
      34.2592,
      35.037334,
      33.601627,
      33.089176,
      32.581562,
      33.266125,
      33.391197,
      32.67119,
      32.41094,
      33.83944,
      34.07839,
      32.888943,
      36.6396,
      41.93719,
      38.770187,
      35.145397,
      34.9948,
      34.22725,
      31.270943,
      28.458939,
      31.020178,
      32.02606,
      31.229704,
      30.709436,
      31.188133,
      31.939877,
      29.619411,
      29.719412,
      32.410812,
      34.2818,
      32.811214,
      30.784857,
      30.460535,
      30.45381,
      30.9025,
      29.516312,
      28.733057,
      28.524128,
      30.03212,
      32.375565,
      31.198189,
      28.978601,
      28.535812,
      31.383415,
      33.29812,
      30.342823,
      29.877811,
      29.566563,
      29.115438,
      29.977133,
      29.564064,
      30.860199,
      30.925999,
      29.94575,
      29.506735,
      32.239803,
      32.580235,
      29.797352,
      37.474373,
      46.275997,
      40.854736,
      37.4938,
      38.758232,
      37.970062,
      37.134434,
      37.611877,
      38.98547,
      38.742813,
      36.72356,
      30.491133,
      25.991125,
      27.082998,
      27.223686,
      27.813313,
      26.749943,
      26.75544,
      27.577374,
      26.351124,
      26.76406,
      27.862822,
      29.522585,
      28.096176,
      25.732557,
      28.827705,
      30.827177,
      27.463589,
      28.306002,
      29.50057,
      29.634333,
      30.834333,
      31.62647,
      31.808203,
      34.37506,
      35.57125,
      32.455,
      32.80294,
      32.54306,
      32.86006,
      32.91694,
      30.158998,
      29.339558,
      33.2788,
      36.09693,
      35.406563,
      33.109314,
      31.206602,
      29.764801,
      30.53373,
      31.088064,
      31.345375,
      30.846237,
      33.041622,
      33.542065,
      31.61,
      30.48325,
      28.751436,
      30.65075,
      30.911247,
      34.179333,
      36.759,
      33.299053,
      31.347412,
      32.353474,
      33.29781,
      34.41744,
      38.43006,
      40.934464,
      38.959866,
      35.821873,
      36.53043,
      37.4668,
      36.609734,
      37.7935,
      38.99069,
      35.54144,
      31.15475,
      30.410938,
      29.831564,
      29.703499,
      29.651749,
      30.231531,
      31.529133,
      31.162666,
      31.487938,
      33.583733,
      32.53907,
      32.122875,
      32.4718,
      31.892439,
      26.42441,
      22.012295,
      21.263811,
      22.038313,
      22.867313,
      23.912874,
      25.68931,
      23.398312,
      23.466125,
      24.63656,
      26.047588,
      27.658466,
      24.137627,
      24.6596,
      27.299189,
      26.53247,
      24.249687,
      21.578527,
      20.623938,
      24.77206,
      25.317999,
      24.400002,
      25.231586,
      24.259687,
      23.477467,
      24.022125,
      26.69559,
      29.017942,
      28.482529,
      33.326065,
      35.570732,
      39.135933,
      42.95067,
      38.871063,
      37.475124,
      36.78933,
      36.685314,
      35.616287,
      35.616287,
      35.616287,
      35.616287,
      35.616287,
      35.616287,
      35.616287,
      133.3175,
      79.967804,
      79.967804,
      79.967804,
      38.0495,
      36.82918,
      35.010887,
      37.368378,
      40.434376,
      38.384056,
      37.795467,
      38.812,
      40.924267,
      39.08575,
      37.449,
      35.979065,
      28.184065,
      22.254562,
      22.030188,
      22.699938,
      23.384203,
      24.1626,
      22.564436,
      24.749752,
      25.548685,
      23.505936,
      23.32425,
      23.570314,
      24.14025,
      24.506247,
      27.472534,
      29.124733,
      26.054686,
      24.833563,
      26.495,
      28.912937,
      27.822002,
      25.898186,
      27.13475,
      29.4965,
      28.898188,
      25.60775,
      27.236866,
      29.590202,
      31.0436,
      32.944866,
      29.665869,
      27.920643,
      30.232927,
      28.435598,
      27.219332,
      28.043938,
      31.083132,
      30.843428,
      29.964602,
      30.91431,
      30.418125,
      28.890997,
      28.043066,
      30.524868,
      32.693714,
      31.432062,
      31.800562,
      32.777866,
      32.43613,
      31.602564,
      32.178066,
      30.75507,
      32.769928,
      33.9078,
      33.797867,
      34.1548,
      34.761665,
      36.281067,
      37.480286,
      36.482796,
      32.675625,
      30.020765,
      30.014372,
      28.373375,
      29.887003,
      30.82025,
      28.42927,
      29.504133,
      30.779799,
      31.408533,
      30.131126,
      30.091124,
      30.171267,
      27.897787,
      28.01727,
      26.902935,
      25.075127,
      24.980186,
      26.923937,
      28.275688,
      26.864998,
      26.06307,
      25.8834,
      30.822437,
      31.024504,
      26.693197,
      26.861399,
      26.5195,
      28.46375,
      30.2498,
      28.88853,
      27.264734,
      26.833752,
      29.0164,
      31.698202,
      29.774467,
      26.934626,
      27.330534,
      26.812498,
      27.963308,
      29.386644,
      28.182072,
      26.741215,
      27.179688,
      36.58593,
      38.653263,
      33.262875,
      36.42727,
      37.901867,
      36.537624,
      37.167732,
      36.908928,
      34.928787,
      37.373398,
      36.42087,
      35.218502,
      34.760002,
      35.021866,
      35.504597,
      31.369143,
      26.470001,
      24.13264,
      23.279287,
      23.874712,
      23.925,
      25.971601,
      25.947857,
      23.804535,
      23.833376,
      23.303625,
      24.182499,
      24.582293,
      25.362293,
      24.847937,
      30.173462,
      31.025143,
      27.5358,
      29.369068,
      29.407684,
      28.423998,
      29.248186,
      30.11819,
      28.670502,
      28.361532,
      29.021439,
      27.605068,
      30.937502,
      30.754068,
      31.908712,
      36.74857,
      36.3948,
      34.121334,
      35.6256,
      39.275463,
      36.900406,
      34.94393,
      34.46127,
      33.76487,
      36.463074,
      35.7635,
      34.106064,
      34.694466,
      33.802868,
      35.194397,
      37.382534,
      35.95369,
      33.5635,
      35.7816,
      35.72587,
      34.955315,
      37.01253,
      36.195,
      34.256466,
      34.72333,
      34.26833,
      34.499355,
      35.532356,
      37.159214,
      35.70229,
      34.15794,
      28.52387,
      23.253801,
      24.172499,
      25.409191,
      24.043865,
      23.686373,
      23.289564,
      23.039062,
      23.282314,
      22.769,
      23.619373,
      22.968998,
      23.121313,
      24.254,
      25.827732,
      26.783442,
      27.193748,
      26.886705,
      27.666416,
      29.97681,
      27.522312,
      25.270248,
      24.328865,
      27.735933,
      27.446564,
      25.07356,
      28.1254,
      27.285183,
      24.417799,
      29.6086,
      35.663925,
      34.777,
      32.855465,
      33.757267,
      38.18946,
      39.585,
      36.797672,
      35.21426,
      33.645287,
      34.88493,
      35.3794,
      34.849186,
      34.793465,
      36.547142,
      36.928535,
      32.826687,
      31.400198,
      31.515789,
      31.217001,
      31.180813,
      30.159248,
      31.2084,
      33.285397,
      32.720596,
      30.970865,
      31.016283,
      33.36507,
      33.068714,
      30.685863,
      29.965132,
      27.298397,
      25.225534,
      27.224562,
      28.38575,
      26.5685,
      23.655628,
      22.6975,
      24.118,
      25.949184,
      25.297436,
      24.766872,
      27.718565,
      28.3742,
      26.443401,
      28.294374,
      29.643932,
      26.865665,
      25.168669,
      24.84294,
      27.623997,
      28.324469,
      27.672266,
      26.734001,
      25.104626,
      25.652466,
      27.734535,
      27.923798,
      28.698067,
      27.971872,
      28.648066,
      26.325264,
      22.252533,
      27.682936,
      26.242935,
      26.77665,
      26.862,
      25.433645,
      27.057,
      27.749292,
      25.30975,
      25.283688,
      25.982124,
      25.639376,
      26.400867,
      30.580334,
      32.392136,
      32.974434,
      32.872177,
      31.157764,
      33.34675,
      37.427494,
      34.80088,
      30.171553,
      30.720938,
      31.5802,
      32.26641,
      32.654823,
      31.165352,
      30.643002,
      34.00529,
      37.285625,
      39.604603,
      39.78853,
      39.226624,
      42.289585,
      42.911564,
      40.083065,
      39.143684,
      39.65667,
      37.9125,
      37.760666,
      41.857136,
      43.085457,
      38.77908,
      40.76213,
      37.28206,
      29.515469,
      30.078623,
      32.008816,
      28.840801,
      29.717402,
      33.984665,
      34.646866,
      31.79525,
      30.522066,
      30.129398,
      29.04931,
      29.883766,
      28.815834,
      32.29569,
      37.30213,
      36.46913,
      36.40787,
      38.87475,
      39.83753,
      39.16925,
      39.55206,
      40.306416,
      39.949238,
      39.164356,
      40.900112,
      41.25659,
      38.986942,
      41.01459,
      46.991684,
      42.501312,
      33.351498,
      29.3355,
      30.747063,
      30.782532,
      31.551466,
      30.148401,
      31.208765,
      31.506502,
      30.6792,
      29.827131,
      28.498466,
      29.2806,
      34.44406,
      38.787,
      39.075684,
      37.30975,
      31.583126,
      29.16594,
      28.501528,
      28.977623,
      31.956333,
      32.14827,
      33.445267,
      34.875534,
      30.010067,
      30.237686,
      31.806187,
      30.231705,
      29.434563,
      25.551937,
      22.625751,
      23.638,
      24.275436,
      22.510754,
      20.933437,
      21.453938,
      23.925528,
      24.031765,
      21.634253,
      21.649813,
      22.336565,
      23.723177,
      23.99625,
      28.564875,
      33.65783,
      31.48994,
      31.62256,
      31.42775,
      32.007717,
      32.920113,
      34.18794,
      34.566116,
      34.317883,
      35.640297,
      34.01256,
      36.093815,
      36.65519,
      34.682938,
      34.087803,
      32.637867,
      30.536465,
      30.872133,
      30.945599,
      38.88093,
      48.45053,
      49.648056,
      45.96994,
      43.086884,
      45.105644,
      44.448402,
      43.627598,
      44.96659,
      46.383186,
      52.839066,
      52.828247,
      49.158066,
      48.402687,
      46.476395,
      44.948437,
      44.31663,
      48.882133,
      47.103687,
      44.65875,
      44.817062,
      46.522804,
      48.314003,
      46.7488,
      50.250195,
      48.938004,
      41.469593,
      36.234886,
      37.372467,
      40.976128,
      43.319374,
      43.638233,
      42.40847,
      40.08944,
      39.029465,
      43.672733,
      45.92119,
      45.169174,
      45.720184,
      45.471672,
      45.4134,
      43.49526,
      39.6556,
      38.577564,
      37.733624,
      37.636734,
      37.060932,
      36.776066,
      36.567867,
      37.085533,
      39.323463,
      41.838867,
      41.984936,
      39.39225,
      38.511623,
      43.634598,
      44.96167,
      41.834538,
      44.88393,
      44.17847,
      42.029663,
      42.499203,
      44.79747,
      44.820934,
      41.093002,
      41.638996,
      44.370876,
      43.66567,
      32.38169,
      29.252064,
      32.495136,
      30.908188,
      28.814941,
      31.050774,
      30.898176,
      29.66581,
      30.348665,
      28.056465,
      28.110874,
      29.07881,
      29.0305,
      29.853252,
      28.418472,
      27.935997,
      28.924004,
      31.24841,
      31.599527,
      30.583748,
      31.100605,
      30.948334,
      31.019863,
      30.47787,
      31.161,
      33.174686,
      32.80281,
      31.39625,
      30.935312,
      33.661335,
      37.953064,
      35.803562,
      33.89847,
      33.452335,
      30.310123,
      28.420933,
      27.7424,
      27.981377,
      28.841875,
      28.065886,
      28.387117,
      29.308565,
      37.06685,
      38.58416,
      33.80607,
      31.414766,
      29.871367,
      39.292305,
      37.1694,
      28.743664,
      29.953625,
      31.703932,
      31.787397,
      31.999372,
      31.193998,
      29.135248,
      29.431667,
      31.509249,
      32.167873,
      30.595003,
      30.411057,
      29.312126,
      27.334002,
      30.865467,
      31.435251,
      30.043667,
      30.375668,
      29.323736,
      29.211935
    ],
    "downlinkThroughputBps": [
      1.45571e+08,
      2.4232398e+07,
      60699.97,
      71991.03,
      44577.062,
      68669.15,
      415731.03,
      658178.56,
      423012.34,
      468990.28,
      485717.2,
      532022.3,
      474442.9,
      440208.97,
      376329.72,
      377999.06,
      832049.25,
      390942.7,
      307048.22,
      497259.9,
      399222.25,
      823568.4,
      378384.94,
      592193.8,
      687815.5,
      609734.4,
      683730.25,
      646921.06,
      584761.5,
      562623.94,
      782044.75,
      714038.3,
      497486.4,
      517669.38,
      432323.7,
      440762.62,
      594559.4,
      624263.44,
      538573.8,
      520940.94,
      374970.78,
      458311.6,
      556475.06,
      604701.2,
      564041.6,
      604885.75,
      555090.94,
      414263.03,
      471129.4,
      589501.06,
      512569.12,
      501370.3,
      487076.12,
      527895.1,
      484526,
      555829.2,
      574804.2,
      604114,
      599978.44,
      527215.6,
      508601.3,
      543565,
      592143.44,
      597294.06,
      542575.2,
      558857.44,
      538884.2,
      384181.47,
      714449.4,
      382109.47,
      184574.55,
      271346.3,
      198700.95,
      174306.89,
      142346.3,
      246625.08,
      319438.2,
      281328.75,
      234461.6,
      237028.5,
      271614.75,
      205655.11,
      239981.3,
      235711.5,
      280330.5,
      511361.16,
      488334.44,
      489978.6,
      477269.84,
      443589.6,
      447507.06,
      504155.34,
      419405.22,
      323095.62,
      440762.62,
      478419.1,
      460744.28,
      472060.53,
      470038.88,
      386320.56,
      481355.1,
      436098.56,
      392737.84,
      448211.72,
      386891,
      338211.9,
      521402.3,
      335468.8,
      360492.03,
      361842.6,
      2.4226468e+06,
      387411.1,
      345937.8,
      658279.25,
      734514.9,
      551467.06,
      441668.6,
      466591.16,
      435435.88,
      295480.34,
      428884.38,
      381388.06,
      440536.12,
      500179.12,
      460568.12,
      460777.84,
      419581.4,
      233975.05,
      67083.695,
      17993.564,
      41557.164,
      27229.422,
      25392.316,
      26113.736,
      38461.77,
      40038.824,
      25912.41,
      25727.861,
      25149.047,
      26524.78,
      37497.08,
      33051.117,
      33462.156,
      29544.678,
      24939.332,
      45701.137,
      64441.285,
      72267.86,
      38814.09,
      39854.277,
      22154.314,
      26935.82,
      30853.3,
      23211.28,
      33017.562,
      31927.043,
      37035.703,
      504566.38,
      67016.586,
      25811.746,
      43880.81,
      30131.88,
      44920.996,
      32119.98,
      23278.387,
      26063.404,
      48469.38,
      64432.9,
      38721.816,
      19461.57,
      18941.477,
      26877.1,
      28428.992,
      26239.566,
      31734.104,
      19318.965,
      23370.662,
      20174.602,
      26935.82,
      27095.203,
      38486.934,
      117499.234,
      55096.38,
      57663.293,
      28294.775,
      25568.477,
      44191.188,
      406990.1,
      78794.195,
      66144.17,
      27489.469,
      37111.203,
      30534.533,
      138865.02,
      29737.615,
      17028.875,
      140408.52,
      29108.47,
      30417.092,
      17993.564,
      18362.662,
      20115.883,
      28974.252,
      31994.15,
      69969.38,
      22229.81,
      22447.914,
      34946.94,
      25610.42,
      1.6083646e+06,
      44560.285,
      77284.24,
      28319.941,
      24024.973,
      21399.34,
      82510.35,
      33118.223,
      55297.703,
      414128.8,
      41766.88,
      19016.975,
      18723.373,
      25039.994,
      27640.463,
      28236.055,
      26214.4,
      36507.223,
      29351.74,
      25325.207,
      27439.137,
      26499.613,
      25920.799,
      27120.37,
      33109.836,
      18186.502,
      18530.436,
      22959.62,
      37480.3,
      27598.52,
      41230.008,
      45692.746,
      22590.521,
      37320.918,
      20870.857,
      20577.256,
      18723.373,
      55012.492,
      37027.316,
      62688.066,
      17993.564,
      27237.81,
      36062.625,
      20443.037,
      46825.21,
      84766.88,
      50323.258,
      94917.1,
      29611.787,
      19897.777,
      18673.041,
      17993.564,
      24754.781,
      42563.797,
      43293.605,
      18723.373,
      32707.182,
      23202.89,
      25090.326,
      22322.086,
      28286.387,
      20115.883,
      19209.912,
      31583.11,
      25039.994,
      17993.564,
      18530.436,
      47244.64,
      32044.482,
      89078.625,
      71420.61,
      17892.9,
      34678.504,
      42580.574,
      39871.055,
      25820.135,
      19545.457,
      82896.23,
      648640.75,
      3.2266042e+07,
      5.613391e+07,
      6.2409508e+07,
      7.105603e+07,
      5.2157504e+07,
      3.8109908e+07,
      4.505092e+07,
      8.0462344e+07,
      7.401339e+07,
      3.521399e+07,
      5.237391e+07,
      7.264641e+07,
      7.1172904e+07,
      1.00325016e+08,
      3.261427e+07,
      9.767376e+06,
      1.3045242e+07,
      2.875401e+07,
      2.477234e+07,
      4.5278744e+07,
      4.3227656e+07,
      4.2726612e+07,
      5.6806816e+07,
      7.863025e+07,
      6.4072004e+07,
      7.00706e+07,
      9.748165e+07,
      1.1955746e+08,
      1.1008481e+08,
      9.7303096e+07,
      5.9276748e+07,
      1.0731494e+08,
      1.3883418e+08,
      1.7646482e+08,
      1.5479995e+08,
      1.4715318e+08,
      1.8608874e+08,
      1.6840674e+08,
      1.8471614e+08,
      1.8890622e+08,
      1.3461566e+08,
      1.9230938e+08,
      2.1333125e+08,
      2.4998128e+07,
      0,
      0,
      0,
      0,
      0,
      0,
      0,
      166086.05,
      230560.89,
      0,
      0,
      106308.83,
      488711.9,
      1.4610733e+08,
      2.052812e+08,
      1.639717e+08,
      2.1264285e+08,
      1.7489456e+08,
      1.5422533e+08,
      2.3849963e+08,
      1.8044126e+08,
      1.4878706e+08,
      5.9852844e+07,
      6.7256664e+07,
      3.9659344e+07,
      2.1935102e+07,
      1.1901791e+07,
      8.0878595e+06,
      1.1414178e+07,
      1.2715595e+07,
      2.0620356e+07,
      1.8793418e+07,
      1.7473974e+07,
      2.0464714e+07,
      9.913808e+06,
      6.102897e+06,
      6.3996525e+06,
      1.4810918e+07,
      1.1092911e+07,
      1.1946787e+07,
      2.0077562e+07,
      2.543384e+07,
      3.5861164e+07,
      4.99323e+07,
      5.8444756e+07,
      5.9205572e+07,
      1.0228606e+08,
      9.23937e+07,
      1.2091786e+08,
      1.5797592e+08,
      6.031414e+07,
      1.4169794e+08,
      1.880383e+08,
      1.996417e+08,
      2.1712272e+08,
      2.1592397e+08,
      9.347492e+07,
      1.7205389e+08,
      1.7453883e+08,
      2.2902054e+08,
      2.33596e+08,
      2.7736586e+08,
      2.5708125e+08,
      2.0678261e+08,
      1.8737227e+08,
      2.203231e+08,
      1.8387195e+08,
      3.197765e+07,
      7.098079e+07,
      1.0095081e+08,
      1.190897e+08,
      1.2943485e+08,
      9.69269e+07,
      1.2209527e+08,
      8.268089e+07,
      1.2890817e+08,
      1.3259143e+08,
      1.1853092e+08,
      1.1319118e+08,
      8.672541e+07,
      1.5641718e+08,
      1.5213618e+08,
      1.2082755e+08,
      2.2329163e+08,
      2.1056643e+08,
      1.6295107e+08,
      2.2893296e+08,
      2.4124312e+08,
      2.1919562e+08,
      2.152687e+08,
      1.8155875e+08,
      1.473893e+08,
      1.9059322e+08,
      1.871176e+08,
      8.734394e+07,
      13019.119,
      57386.47,
      7046.4307,
      8011.1206,
      51967.426,
      738205.9,
      454419.28,
      501395.5,
      504943.88,
      554805.75,
      536585.7,
      477370.5,
      586003,
      600439.8,
      565929.06,
      610623.56,
      525244.3,
      636150.06,
      516234.94,
      554294.06,
      470835.78,
      500674.06,
      454805.16,
      492923,
      347472.9,
      424631.34,
      549328,
      351809.84,
      519456.16,
      574401.56,
      503517.8,
      339486.97,
      683948.4,
      392058.38,
      316049.2,
      323775.1,
      337154.94,
      276782.12,
      225418.67,
      450292.1,
      383803.97,
      276966.66,
      372219.3,
      280733.16,
      329621.97,
      415840.06,
      260659.22,
      474551.94,
      297619.44,
      205579.61,
      265306.5,
      428817.25,
      282779.97,
      392603.62,
      411931,
      370407.38,
      449503.56,
      335930.2,
      425512.16,
      459452.44,
      477655.72,
      376740.78,
      300689.66,
      211669.75,
      196964.52,
      216694.52,
      183727.3,
      335452.03,
      295010.56,
      201477.6,
      248604.78,
      298147.9,
      151800.25,
      101107.89,
      95772.734,
      186310.98,
      198533.19,
      331643.62,
      356582.94,
      459217.56,
      519288.38,
      399549.4,
      425369.53,
      456155.72,
      470743.5,
      418717.38,
      459846.72,
      473461.44,
      407141.1,
      446156.5,
      447976.84,
      422777.47,
      360341.03,
      431635.8,
      422332.84,
      325704.47,
      280884.16,
      203792.84,
      242464.33,
      299204.88,
      370516.44,
      387151.03,
      308281.34,
      317777.25,
      346894.1,
      286613.56,
      258830.5,
      391924.16,
      523742.75,
      532072.6,
      555434.9,
      579023.7,
      583796.8,
      551274.1,
      504591.56,
      475717.97,
      436870.3,
      527609.9,
      550502.4,
      559000.06,
      498585.3,
      470928.06,
      435595.25,
      486790.94,
      494365.84,
      261179.31,
      12977.177,
      13463.716,
      10645.144,
      21810.38,
      8254.391,
      13690.208,
      12373.197,
      14923.334,
      11408.507,
      16785.605,
      15820.915,
      18756.928,
      14487.126,
      17775.46,
      19478.348,
      16190.014,
      22246.588,
      15023.997,
      13983.81,
      14487.126,
      12809.404,
      16626.22,
      13346.275,
      19822.281,
      13346.275,
      52890.17,
      40709.914,
      142237.23,
      15686.697,
      40919.63,
      63988.3,
      43067.113,
      50507.81,
      20761.805,
      10351.542,
      12029.264,
      9630.122,
      12624.855,
      10133.438,
      30542.922,
      30450.646,
      11551.113,
      13128.172,
      11475.616,
      9990.832,
      171228.27,
      18329.11,
      7474.2495,
      49601.84,
      9428.795,
      10854.858,
      11785.994,
      9630.122,
      26969.375,
      12071.207,
      46959.426,
      10838.081,
      47018.15,
      11098.128,
      12457.083,
      37748.734,
      6727.6636,
      67159.195,
      30442.258,
      48100.277,
      47907.34,
      10653.532,
      8984.199,
      15300.821,
      11240.734,
      12826.182,
      11458.839,
      10158.6045,
      26642.219,
      31440.502,
      34317.797,
      37144.758,
      65951.234,
      28227.666,
      17515.414,
      39594.23,
      19285.41,
      38730.203,
      69331.84,
      35173.434,
      53250.883,
      20250.1,
      79943.44,
      59391.344,
      58997.08,
      19260.244,
      23790.092,
      18782.094,
      26331.84,
      20837.303,
      29284.63,
      19285.41,
      28538.045,
      26709.328,
      27657.24,
      46590.33,
      27581.742,
      18555.602,
      35995.516,
      23068.672,
      57461.965,
      20367.541,
      26457.67,
      19293.799,
      21332.23,
      24100.47,
      18941.477,
      18958.254,
      35727.082,
      29645.34,
      63166.22,
      34007.418,
      27254.588,
      36851.156,
      22724.738,
      19562.234,
      32707.182,
      19184.746,
      23639.098,
      20887.635,
      18773.705,
      28336.719,
      26533.168,
      27531.412,
      60272.15,
      30819.746,
      24234.69,
      19134.414,
      34686.895,
      38696.65,
      29041.361,
      29066.527,
      35181.82,
      26256.344,
      34712.06,
      27531.412,
      28001.174,
      24889,
      33453.77,
      26902.266,
      70749.52,
      20107.494,
      34233.91,
      39460.01,
      31792.824,
      27757.904,
      26927.432,
      23999.807,
      33269.22,
      29813.113,
      26675.773,
      29746.004,
      19176.357,
      17993.564,
      30635.197,
      20233.322,
      44786.777,
      27481.08,
      28605.152,
      47420.8,
      23353.885,
      20367.541,
      18337.498,
      19201.523,
      37446.746,
      68945.97,
      22364.03,
      18530.436,
      36708.547,
      18530.436,
      70841.8,
      81788.93,
      32170.312,
      18211.668,
      21659.387,
      19167.969,
      30903.633,
      30995.906,
      43713.035,
      31096.57,
      38403.047,
      32430.36,
      25375.54,
      46372.227,
      35450.258,
      35769.023,
      16433.283,
      18530.436,
      23823.646,
      27195.867,
      33621.54,
      31012.684,
      24838.668,
      69734.5,
      29502.734,
      25895.633,
      63350.77,
      68929.195,
      33051.117,
      30928.797,
      103842.58,
      23521.656,
      17020.486,
      7.94045e+07,
      2.2123794e+08,
      1.9760835e+08,
      1.5031266e+08,
      1.7019955e+08,
      1.637136e+08,
      1.7153994e+08,
      1.6899989e+08,
      1.7537336e+08,
      2.0913107e+08,
      1.4408778e+08,
      2.3971298e+08,
      2.0458202e+08,
      2.0562086e+08,
      1.445729e+08,
      1.6094106e+08,
      6.126948e+07,
      5.3650812e+07,
      8.49276e+07,
      1.078971e+08,
      1.2617376e+08,
      1.5697326e+08,
      1.7727962e+08,
      1.6594915e+08,
      1.9113307e+08,
      1.8766706e+08,
      1.9940562e+08,
      1.693556e+08,
      1.4161651e+08,
      1.8120213e+08,
      2.0958717e+08,
      2.098007e+08,
      2.2225189e+08,
      2.1486854e+08,
      1.69146e+08,
      2.1299998e+08,
      1.502079e+08,
      2.1227758e+08,
      2.4915754e+08,
      2.6006427e+08,
      2.0028747e+08,
      2.1576027e+08,
      1.9699189e+08,
      2.583102e+08,
      2.7991712e+08,
      2.7474285e+08,
      2.878417e+08,
      2.5290926e+08,
      2.3153472e+08,
      1.939561e+08,
      2.6211744e+08,
      2.7030733e+08,
      2.7263133e+08,
      3.1571872e+08,
      3.2469392e+08,
      2.3298755e+08,
      2.6713394e+08,
      2.5675946e+08,
      1.2917162e+08,
      2.202506e+08,
      1.868417e+08,
      2.2265867e+08,
      2.2872646e+08,
      2.0398176e+08,
      2.019923e+08,
      2.3076382e+08,
      1.7637472e+08,
      1.4926552e+08,
      2.2098546e+08,
      3.526749e+07,
      1.5817013e+08,
      1.4720088e+08,
      1.2559654e+08,
      7.013778e+07,
      1.9201868e+07,
      5.550142e+07,
      6.4810228e+07,
      7.192535e+07,
      7.200383e+07,
      7.950825e+07,
      8.9402744e+07,
      9.571038e+07,
      6.632985e+07,
      4.4185692e+07,
      9.065955e+06,
      1.3424306e+07,
      1.3862703e+07,
      1.7055952e+07,
      2.4343304e+07,
      3.3939292e+07,
      4.801707e+07,
      7.743315e+07,
      1.29615e+08,
      1.6537317e+08,
      2.4608674e+08,
      2.387015e+08,
      1.6952683e+08,
      1.554965e+08,
      1.8800477e+08,
      2.1187526e+08,
      2.5102674e+08,
      2.710997e+08,
      2.458206e+08,
      2.6630066e+08,
      2.590548e+08,
      2.7088576e+08,
      2.6590168e+08,
      3.0957517e+08,
      3.0636512e+08,
      2.3699749e+08,
      2.6169798e+08,
      2.265669e+08,
      9.564986e+07,
      1.1897514e+08,
      1.9425202e+08,
      1.4601639e+07,
      6.628726e+07,
      5.9443236e+07,
      1.2153321e+08,
      1.5041813e+08,
      1.5544437e+08,
      2.38999e+07,
      2.2272458e+07,
      3.5504684e+07,
      5.1403284e+07,
      5.7416576e+07,
      8.391497e+07,
      1.1178688e+08,
      1.2573238e+08,
      1.2158296e+08,
      1.427396e+08,
      1.5782042e+08,
      1.3890854e+08,
      9.825211e+07,
      1.788092e+08,
      1.2097603e+08,
      5.036359e+07,
      7.890148e+07,
      1.0619742e+08
    ],
    "uplinkThroughputBps": [
      780576.75,
      179960.81,
      94808.05,
      80186.7,
      92308.24,
      76126.62,
      1.2605905e+07,
      1.6985614e+07,
      9.516532e+06,
      1.2431263e+07,
      1.385642e+07,
      1.4383225e+07,
      1.3179006e+07,
      1.1921412e+07,
      1.012401e+07,
      1.0853206e+07,
      1.9186474e+07,
      1.0911926e+07,
      8.094822e+06,
      7.0823845e+06,
      7.6658875e+06,
      1.0253739e+07,
      1.0481062e+07,
      1.7573194e+07,
      2.0339052e+07,
      1.8075932e+07,
      2.0051038e+07,
      1.9383128e+07,
      1.706529e+07,
      1.695071e+07,
      2.2231934e+07,
      1.7548348e+07,
      1.5064396e+07,
      1.4549797e+07,
      1.2537882e+07,
      1.383185e+07,
      1.7575266e+07,
      1.863864e+07,
      1.5152427e+07,
      1.5997126e+07,
      1.1555056e+07,
      2.0367356e+07,
      2.0582868e+07,
      2.1459082e+07,
      1.8884636e+07,
      2.0904318e+07,
      1.8183994e+07,
      1.3228046e+07,
      1.67786e+07,
      2.121078e+07,
      1.9275512e+07,
      1.8874016e+07,
      1.7960614e+07,
      1.7352364e+07,
      1.7387e+07,
      1.9186878e+07,
      2.012229e+07,
      2.1011308e+07,
      2.0575518e+07,
      1.8457672e+07,
      1.9806242e+07,
      2.0506564e+07,
      2.2445936e+07,
      2.1044106e+07,
      1.8702812e+07,
      2.010886e+07,
      1.7444068e+07,
      1.326608e+07,
      1.1933558e+07,
      8.052703e+06,
      5.3316315e+06,
      8.964696e+06,
      5.7737195e+06,
      5.428411e+06,
      3.6843605e+06,
      8.718415e+06,
      8.652262e+06,
      8.0791525e+06,
      6.249337e+06,
      7.073224e+06,
      7.576767e+06,
      5.139205e+06,
      6.631916e+06,
      6.1341025e+06,
      9.538485e+06,
      1.6299728e+07,
      1.5815907e+07,
      1.5059019e+07,
      1.5462746e+07,
      1.394435e+07,
      1.5766632e+07,
      1.5533026e+07,
      1.323693e+07,
      1.1494188e+07,
      1.5330903e+07,
      1.541801e+07,
      1.255658e+07,
      1.4196939e+07,
      1.3350973e+07,
      1.2765809e+07,
      1.3195331e+07,
      1.3475082e+07,
      1.3348104e+07,
      1.3515205e+07,
      1.2620317e+07,
      1.3091991e+07,
      1.3086992e+07,
      1.153343e+07,
      1.2072742e+07,
      1.1648111e+07,
      1.2562561e+07,
      1.3344178e+07,
      1.1124234e+07,
      7.4304195e+06,
      1.1057469e+07,
      1.4341298e+07,
      1.4413701e+07,
      1.2991454e+07,
      1.1560357e+07,
      1.2499387e+07,
      1.3078243e+07,
      1.4294817e+07,
      1.5049817e+07,
      1.7689166e+07,
      1.7178384e+07,
      1.5630619e+07,
      1.4326073e+07,
      7.15357e+06,
      87778.39,
      112793.23,
      102995.33,
      108380.81,
      125225.14,
      100847.84,
      116559.71,
      63409.49,
      67922.56,
      96645.16,
      96116.67,
      128840.63,
      96208.945,
      88642.42,
      64474.84,
      53905.195,
      93675.586,
      111459.44,
      97005.86,
      115116.87,
      63300.438,
      61824.04,
      70992.79,
      100856.234,
      85370.87,
      77728.84,
      72083.305,
      98339.65,
      67746.4,
      105704.85,
      95655.3,
      77896.62,
      75262.59,
      42949.67,
      94153.734,
      92534.734,
      85681.24,
      86746.59,
      74323.07,
      58510.54,
      102450.07,
      87476.41,
      87342.19,
      72032.98,
      67922.56,
      82434.85,
      85026.93,
      101720.26,
      118715.58,
      68392.32,
      63870.86,
      49685.727,
      79960.21,
      66194.51,
      74457.28,
      76126.62,
      73291.266,
      68476.21,
      113011.33,
      91083.51,
      96418.664,
      68895.64,
      56212.062,
      88977.97,
      57134.81,
      125392.914,
      102903.055,
      58284.047,
      45298.484,
      105268.64,
      128991.625,
      62411.242,
      103599.31,
      88424.32,
      63493.375,
      92023.03,
      61807.266,
      14596.178,
      13656.654,
      14596.178,
      14587.789,
      126869.305,
      33571.21,
      20812.137,
      19679.674,
      12540.969,
      15141.4375,
      13648.266,
      17993.564,
      22439.527,
      16835.936,
      18647.875,
      17658.02,
      16995.32,
      26273.121,
      17649.63,
      14755.562,
      13648.266,
      22615.688,
      17649.63,
      13648.266,
      18203.28,
      12540.969,
      15040.774,
      20887.635,
      15258.878,
      13648.266,
      18203.28,
      17272.145,
      28823.258,
      18203.28,
      15636.365,
      10032.775,
      21558.723,
      18815.648,
      13648.266,
      19847.447,
      14201.913,
      30408.703,
      32438.748,
      13648.266,
      14201.913,
      17095.982,
      15594.422,
      20099.105,
      52269.418,
      36238.785,
      12515.803,
      53158.61,
      15309.21,
      10032.775,
      16903.045,
      10032.775,
      11064.574,
      16978.543,
      19973.275,
      10032.775,
      14587.789,
      13656.654,
      14587.789,
      54551.117,
      120259.086,
      99295.95,
      42765.125,
      14587.789,
      14763.95,
      14646.51,
      10032.775,
      39904.61,
      18136.17,
      20828.914,
      9210.691,
      14587.789,
      9210.691,
      14587.789,
      14587.789,
      10586.423,
      10586.423,
      27741.127,
      39820.723,
      393660.6,
      461323.1,
      576263.8,
      477764.78,
      363788.75,
      274257.16,
      541400.75,
      742635.06,
      596631.4,
      361179.9,
      467455.2,
      577647.94,
      555980.2,
      651459.3,
      311947.16,
      416511.16,
      482856.66,
      609331.7,
      566600.1,
      1.0217073e+06,
      495531.84,
      485683.62,
      620203.4,
      622468.25,
      517493.22,
      419271.03,
      660670,
      725195.2,
      670308.5,
      505430.4,
      484744.1,
      756216.25,
      583964.56,
      794552.2,
      666525.25,
      651610.3,
      684577.5,
      732115.75,
      718299.75,
      745956.94,
      480994.4,
      689610.7,
      796573.8,
      127171.3,
      12742.296,
      10032.775,
      14034.142,
      10032.775,
      13656.654,
      18262,
      10032.775,
      18077.451,
      29175.578,
      18874.367,
      37530.633,
      17507.025,
      27145.535,
      1.1135541e+06,
      718979.2,
      573151.6,
      773563.9,
      607352,
      423733.75,
      859010.25,
      600783.7,
      603283.5,
      557037.1,
      348756.38,
      413189.28,
      303424.34,
      341936.44,
      340502,
      421124.9,
      327206.03,
      491127.84,
      387536.9,
      375734.16,
      386110.84,
      372370.3,
      288492.62,
      258587.23,
      331601.7,
      258494.95,
      305597,
      438413.8,
      551374.8,
      995652.25,
      664444.9,
      543623.75,
      545368.56,
      754689.5,
      565971,
      762440.56,
      735412.5,
      451407.78,
      637416.75,
      665250.2,
      783663.75,
      776382.44,
      782355.1,
      511503.75,
      691573.6,
      684929.8,
      753473.2,
      696975.9,
      745931.8,
      704181.7,
      513449.9,
      622266.94,
      822410.75,
      665552.2,
      342758.53,
      682161.6,
      508332.88,
      594072.8,
      679317.9,
      424060.9,
      684929.8,
      517602.28,
      675274.56,
      586732.8,
      550032.6,
      827066.44,
      543497.94,
      629120.44,
      556164.7,
      551953.6,
      762524.44,
      716085.1,
      596841.06,
      718677.2,
      602159.44,
      570727.3,
      642777.06,
      643112.6,
      549856.5,
      733147.56,
      678084.75,
      325612.22,
      17725.129,
      20602.422,
      10032.775,
      14596.178,
      1.8735452e+06,
      2.347036e+07,
      1.3505701e+07,
      1.4948382e+07,
      1.5356421e+07,
      1.6599973e+07,
      1.560828e+07,
      1.4589249e+07,
      1.7437156e+07,
      1.8100854e+07,
      1.708694e+07,
      1.7994966e+07,
      1.5623153e+07,
      1.6610711e+07,
      1.5768461e+07,
      1.6450463e+07,
      1.3641219e+07,
      1.4630898e+07,
      1.3021888e+07,
      1.3699536e+07,
      9.362936e+06,
      1.2714907e+07,
      1.5614706e+07,
      1.010938e+07,
      1.3933914e+07,
      1.4555778e+07,
      1.3680738e+07,
      9.781503e+06,
      1.9052944e+07,
      1.0093014e+07,
      8.963261e+06,
      9.560782e+06,
      9.498681e+06,
      7.1956475e+06,
      6.119909e+06,
      1.2803977e+07,
      1.1726519e+07,
      9.805679e+06,
      1.3480418e+07,
      9.952446e+06,
      1.0644875e+07,
      1.4714424e+07,
      9.681074e+06,
      1.7307216e+07,
      1.0253756e+07,
      6.2837215e+06,
      1.1242396e+07,
      1.4990736e+07,
      9.534735e+06,
      1.3501699e+07,
      1.5829731e+07,
      1.3480971e+07,
      1.528141e+07,
      1.171225e+07,
      1.611012e+07,
      1.5384439e+07,
      1.556138e+07,
      9.87444e+06,
      1.1302307e+07,
      6.8048975e+06,
      6.8241495e+06,
      7.693746e+06,
      6.011805e+06,
      1.3662442e+07,
      1.026212e+07,
      6.189526e+06,
      8.57361e+06,
      1.1251304e+07,
      4.77696e+06,
      3.0281532e+06,
      2.6819388e+06,
      7.3264175e+06,
      6.7005015e+06,
      1.1659628e+07,
      1.250421e+07,
      1.6731985e+07,
      1.9723094e+07,
      1.4210495e+07,
      1.4654043e+07,
      1.63827e+07,
      1.5715738e+07,
      1.5335894e+07,
      1.5860719e+07,
      1.6424265e+07,
      1.4546291e+07,
      1.6084233e+07,
      1.6905688e+07,
      1.324625e+07,
      1.0803462e+07,
      1.5479012e+07,
      1.426768e+07,
      1.0863533e+07,
      1.0638785e+07,
      7.154602e+06,
      1.0863038e+07,
      1.1624581e+07,
      1.3131435e+07,
      1.294931e+07,
      1.2448124e+07,
      1.1074456e+07,
      1.1838532e+07,
      1.0266373e+07,
      8.736442e+06,
      1.4792404e+07,
      1.8139568e+07,
      1.7940666e+07,
      1.8793494e+07,
      1.9742808e+07,
      2.0608076e+07,
      1.9815738e+07,
      1.7278654e+07,
      1.6562862e+07,
      1.5437614e+07,
      1.862026e+07,
      2.0239522e+07,
      1.8583242e+07,
      1.755562e+07,
      1.4652105e+07,
      1.7005814e+07,
      1.704092e+07,
      1.5426046e+07,
      7.23577e+06,
      137900.33,
      110511.52,
      106082.336,
      107927.83,
      133924.12,
      118019.33,
      91737.82,
      121131.5,
      84523.62,
      101636.375,
      112147.3,
      69029.85,
      103389.59,
      93826.58,
      117297.91,
      91326.77,
      86008.4,
      72527.91,
      93004.5,
      115754.4,
      124780.55,
      98868.13,
      68904.02,
      66295.17,
      97735.67,
      90387.25,
      109513.28,
      116693.93,
      93155.49,
      74952.21,
      103699.97,
      116022.836,
      102567.51,
      92257.914,
      81671.484,
      85505.08,
      95881.79,
      95336.53,
      81554.05,
      94338.29,
      88248.16,
      48242.883,
      83600.87,
      121609.65,
      207727.1,
      384852.56,
      84800.44,
      77653.34,
      84422.95,
      82267.08,
      111769.81,
      64483.23,
      66303.555,
      69256.34,
      87937.78,
      95244.26,
      89615.5,
      102659.78,
      54005.86,
      77259.08,
      68409.1,
      103616.086,
      112717.73,
      98574.53,
      62067.312,
      74935.44,
      82736.84,
      122532.4,
      101896.42,
      85228.26,
      104178.125,
      77435.24,
      93826.58,
      73710.695,
      85849.016,
      113128.766,
      62478.35,
      69029.85,
      58250.492,
      62377.688,
      81252.055,
      92660.56,
      87996.5,
      79976.99,
      71143.78,
      53200.55,
      110394.08,
      68677.53,
      76814.484,
      54836.332,
      70103.59,
      81226.89,
      94690.61,
      98524.2,
      95663.69,
      76202.12,
      68820.14,
      61085.844,
      90110.43,
      101216.945,
      92828.336,
      85781.91,
      49224.35,
      85362.48,
      82174.805,
      103741.914,
      92459.234,
      64323.848,
      50834.965,
      96619.984,
      91419.05,
      90244.65,
      98977.19,
      83491.81,
      54333.016,
      62864.227,
      106191.39,
      97374.96,
      87451.24,
      57185.14,
      64634.227,
      64256.74,
      90110.43,
      103934.85,
      87635.79,
      63099.11,
      47680.848,
      97635.01,
      90613.74,
      115066.54,
      90957.68,
      72922.17,
      48561.652,
      95227.48,
      82594.234,
      109873.984,
      96745.81,
      89691,
      65775.08,
      69809.99,
      113976.016,
      85253.42,
      85052.09,
      84146.125,
      49928.996,
      44971.33,
      93843.36,
      97651.79,
      81562.44,
      66286.78,
      63115.887,
      84389.4,
      71127.01,
      115603.41,
      91276.445,
      63224.938,
      86377.5,
      41959.816,
      96997.48,
      122909.88,
      95462.36,
      86335.555,
      43687.87,
      73828.14,
      94145.34,
      97223.97,
      88709.53,
      69172.46,
      66983.03,
      57805.9,
      76764.15,
      91754.59,
      101015.62,
      146272.16,
      91779.76,
      68711.086,
      10032.775,
      14596.178,
      21416.117,
      49979.33,
      14596.178,
      10586.423,
      10754.195,
      18689.818,
      13564.379,
      9210.691,
      14587.789,
      10032.775,
      10032.775,
      17716.74,
      11140.071,
      10032.775,
      14587.789,
      14680.064,
      22145.926,
      14596.178,
      13002.343,
      10032.775,
      14034.142,
      14587.789,
      10032.775,
      51178.9,
      92098.52,
      97031.03,
      116710.7,
      98943.63,
      135190.81,
      129444.61,
      443883.2,
      660737.1,
      758086.9,
      694861.94,
      842417.56,
      812092.75,
      870821.4,
      655083.2,
      671793.3,
      889410.56,
      599122.75,
      1.050153e+06,
      705263.8,
      599240.2,
      550317.9,
      599500.25,
      233312.36,
      540201.2,
      716798.2,
      732904.3,
      749622.8,
      708594.1,
      685047.3,
      636083,
      733936.06,
      732409.4,
      806749.2,
      624506.7,
      612024.44,
      781407.25,
      819709.6,
      798058.6,
      876710.2,
      712092.1,
      624095.7,
      836763.6,
      530185.2,
      866383.8,
      967558.8,
      764504.2,
      696254.44,
      685626.1,
      698703.94,
      1.04023775e+06,
      737811.6,
      799409.2,
      827569.75,
      658530.9,
      634396.9,
      566096.8,
      638490.5,
      725757.2,
      754295.25,
      923560.56,
      965872.7,
      1.0396254e+06,
      720296.2,
      762415.44,
      432415.97,
      719096.6,
      763883.44,
      698175.44,
      675098.4,
      738281.4,
      662532.25,
      660821,
      742819.6,
      439714.06,
      810238.9,
      194892.53,
      832737.1,
      445225.38,
      611890.25,
      539261.7,
      561634.06,
      503073.22,
      646904.3,
      704441.75,
      573873.06,
      849598.2,
      612762.6,
      851309.5,
      447884.56,
      395866.8,
      332977.4,
      398676.97,
      385213.28,
      428339.1,
      585642.25,
      692018.2,
      662138,
      692437.6,
      762457.4,
      799845.4,
      940287.44,
      731209.8,
      565140.5,
      657549.44,
      742568,
      853800.94,
      944800.5,
      734716.25,
      746485.44,
      848298,
      796850.6,
      818996.56,
      800013.2,
      906808.5,
      922109.4,
      734263.25,
      802974.3,
      723215.44,
      381782.3,
      379592.9,
      590105,
      201351.77,
      667775.1,
      625815.3,
      790198.5,
      880082.44,
      780467.7,
      386370.9,
      331576.5,
      553530.7,
      658832.9,
      683042.44,
      948491.5,
      734464.56,
      748255.44,
      819617.3,
      731058.8,
      761308.1,
      709760.1,
      620555.7,
      784779.44,
      563269.9,
      310177.16,
      920003.8,
      814525.44
    ],
    "outages": [
      {
        "cause": "BOOTING",
        "startTimestampNs": "1400866887275007981",
        "durationNs": "316385687891",
        "didSwitch": false
      },
      {
        "cause": "NO_SCHEDULE",
        "startTimestampNs": "1400867203780893761",
        "durationNs": "14900002473",
        "didSwitch": false
      },
      {
        "cause": "NO_DOWNLINK",
        "startTimestampNs": "1400867218820718440",
        "durationNs": "6859991675",
        "didSwitch": false
      },
      {
        "cause": "NO_PINGS",
        "startTimestampNs": "1400867226160638151",
        "durationNs": "11660073788",
        "didSwitch": false
      },
      {
        "cause": "NO_PINGS",
        "startTimestampNs": "1400867321160775741",
        "durationNs": "699999351",
        "didSwitch": true
      },
      {
        "cause": "NO_PINGS",
        "startTimestampNs": "1400867391680724166",
        "durationNs": "800120285",
        "didSwitch": true
      },
      {
        "cause": "NO_DOWNLINK",
        "startTimestampNs": "1400867404500758396",
        "durationNs": "740067171",
        "didSwitch": true
      },
      {
        "cause": "NO_DOWNLINK",
        "startTimestampNs": "1400867430120938261",
        "durationNs": "479866199",
        "didSwitch": true
      },
      {
        "cause": "NO_DOWNLINK",
        "startTimestampNs": "1400867435020725208",
        "durationNs": "2659957368",
        "didSwitch": true
      },
      {
        "cause": "NO_SCHEDULE",
        "startTimestampNs": "1400867438380699061",
        "durationNs": "7240082634",
        "didSwitch": true
      },
      {
        "cause": "NO_DOWNLINK",
        "startTimestampNs": "1400867451260830770",
        "durationNs": "2419898493",
        "didSwitch": true
      },
      {
        "cause": "NO_SCHEDULE",
        "startTimestampNs": "1400867454560649472",
        "durationNs": "6200192480",
        "didSwitch": true
      },
      {
        "cause": "NO_DOWNLINK",
        "startTimestampNs": "1400867474860720588",
        "durationNs": "740096011",
        "didSwitch": true
      },
      {
        "cause": "NO_DOWNLINK",
        "startTimestampNs": "1400867530460718438",
        "durationNs": "500121388",
        "didSwitch": true
      },
      {
        "cause": "NO_DOWNLINK",
        "startTimestampNs": "1400867535260792312",
        "durationNs": "479934026",
        "didSwitch": true
      },
      {
        "cause": "NO_DOWNLINK",
        "startTimestampNs": "1400867602000736873",
        "durationNs": "1420013069",
        "didSwitch": true
      },
      {
        "cause": "NO_DOWNLINK",
        "startTimestampNs": "1400867610300748639",
        "durationNs": "600065575",
        "didSwitch": true
      },
      {
        "cause": "NO_DOWNLINK",
        "startTimestampNs": "1400867617860752717",
        "durationNs": "1820100869",
        "didSwitch": true
      },
      {
        "cause": "NO_PINGS",
        "startTimestampNs": "1400867624980886535",
        "durationNs": "1219850106",
        "didSwitch": true
      },
      {
        "cause": "NO_DOWNLINK",
        "startTimestampNs": "1400867648320729514",
        "durationNs": "1060099228",
        "didSwitch": true
      },
      {
        "cause": "OBSTRUCTED",
        "startTimestampNs": "1400867655000824941",
        "durationNs": "1159882798",
        "didSwitch": true
      },
      {
        "cause": "NO_DOWNLINK",
        "startTimestampNs": "1400867660640732390",
        "durationNs": "2800004340",
        "didSwitch": true
      },
      {
        "cause": "NO_DOWNLINK",
        "startTimestampNs": "1400867667920788089",
        "durationNs": "2339998596",
        "didSwitch": false
      },
      {
        "cause": "NO_DOWNLINK",
        "startTimestampNs": "1400867676400832726",
        "durationNs": "1359944355",
        "didSwitch": true
      },
      {
        "cause": "NO_DOWNLINK",
        "startTimestampNs": "1400867679400782218",
        "durationNs": "3520022257",
        "didSwitch": true
      },
      {
        "cause": "NO_DOWNLINK",
        "startTimestampNs": "1400867742380801613",
        "durationNs": "1159917752",
        "didSwitch": true
      },
      {
        "cause": "NO_DOWNLINK",
        "startTimestampNs": "1400867773320731819",
        "durationNs": "1200027820",
        "didSwitch": true
      },
      {
        "cause": "NO_DOWNLINK",
        "startTimestampNs": "1400867900520706777",
        "durationNs": "540039200",
        "didSwitch": true
      },
      {
        "cause": "NO_DOWNLINK",
        "startTimestampNs": "1400867942420730073",
        "durationNs": "739954968",
        "didSwitch": true
      },
      {
        "cause": "NO_DOWNLINK",
        "startTimestampNs": "1400867974400832376",
        "durationNs": "499946682",
        "didSwitch": true
      },
      {
        "cause": "NO_DOWNLINK",
        "startTimestampNs": "1400867976760785353",
        "durationNs": "679902296",
        "didSwitch": true
      },
      {
        "cause": "NO_DOWNLINK",
        "startTimestampNs": "1400867998880758561",
        "durationNs": "1300000822",
        "didSwitch": true
      },
      {
        "cause": "NO_PINGS",
        "startTimestampNs": "1400868014880799460",
        "durationNs": "379889516",
        "didSwitch": true
      },
      {
        "cause": "NO_DOWNLINK",
        "startTimestampNs": "1400868018680830030",
        "durationNs": "1119945292",
        "didSwitch": true
      },
      {
        "cause": "NO_DOWNLINK",
        "startTimestampNs": "1400868024260862648",
        "durationNs": "2019966282",
        "didSwitch": true
      },
      {
        "cause": "NO_DOWNLINK",
        "startTimestampNs": "1400868075000753097",
        "durationNs": "659932079",
        "didSwitch": true
      },
      {
        "cause": "NO_DOWNLINK",
        "startTimestampNs": "1400868124480896303",
        "durationNs": "499976406",
        "didSwitch": true
      },
      {
        "cause": "NO_DOWNLINK",
        "startTimestampNs": "1400868140700819255",
        "durationNs": "579951441",
        "didSwitch": true
      },
      {
        "cause": "NO_DOWNLINK",
        "startTimestampNs": "1400868219680746997",
        "durationNs": "399991892",
        "didSwitch": true
      },
      {
        "cause": "NO_DOWNLINK",
        "startTimestampNs": "1400868262540752278",
        "durationNs": "720027174",
        "didSwitch": true
      },
      {
        "cause": "NO_DOWNLINK",
        "startTimestampNs": "1400868353400772718",
        "durationNs": "779941189",
        "didSwitch": true
      },
      {
        "cause": "NO_DOWNLINK",
        "startTimestampNs": "1400868438800749740",
        "durationNs": "480090463",
        "didSwitch": true
      },
      {
        "cause": "NO_DOWNLINK",
        "startTimestampNs": "1400868497900786215",
        "durationNs": "639945360",
        "didSwitch": true
      },
      {
        "cause": "NO_DOWNLINK",
        "startTimestampNs": "1400868510400772296",
        "durationNs": "860076849",
        "didSwitch": true
      },
      {
        "cause": "NO_DOWNLINK",
        "startTimestampNs": "1400868585660827455",
        "durationNs": "3619926912",
        "didSwitch": true
      },
      {
        "cause": "NO_DOWNLINK",
        "startTimestampNs": "1400868615740683261",
        "durationNs": "600017093",
        "didSwitch": true
      },
      {
        "cause": "NO_DOWNLINK",
        "startTimestampNs": "1400868618880718726",
        "durationNs": "1080089697",
        "didSwitch": true
      },
      {
        "cause": "NO_DOWNLINK",
        "startTimestampNs": "1400868676020705466",
        "durationNs": "1100088153",
        "didSwitch": true
      },
      {
        "cause": "UNKNOWN",
        "startTimestampNs": "1400868827720691115",
        "durationNs": "120113185",
        "didSwitch": true
      },
      {
        "cause": "NO_DOWNLINK",
        "startTimestampNs": "1400868892480865292",
        "durationNs": "519902658",
        "didSwitch": true
      },
      {
        "cause": "NO_DOWNLINK",
        "startTimestampNs": "1400868950880754272",
        "durationNs": "700017716",
        "didSwitch": true
      },
      {
        "cause": "NO_DOWNLINK",
        "startTimestampNs": "1400868991860700972",
        "durationNs": "620149403",
        "didSwitch": true
      },
      {
        "cause": "NO_DOWNLINK",
        "startTimestampNs": "1400869017380787899",
        "durationNs": "1839922773",
        "didSwitch": true
      },
      {
        "cause": "NO_DOWNLINK",
        "startTimestampNs": "1400869084920731246",
        "durationNs": "660118678",
        "didSwitch": true
      },
      {
        "cause": "NO_DOWNLINK",
        "startTimestampNs": "1400869161780774704",
        "durationNs": "1360086716",
        "didSwitch": true
      },
      {
        "cause": "NO_DOWNLINK",
        "startTimestampNs": "1400869195980763384",
        "durationNs": "939904168",
        "didSwitch": true
      },
      {
        "cause": "NO_DOWNLINK",
        "startTimestampNs": "1400869556420694310",
        "durationNs": "700030608",
        "didSwitch": true
      },
      {
        "cause": "NO_DOWNLINK",
        "startTimestampNs": "1400869599680866337",
        "durationNs": "359924317",
        "didSwitch": true
      },
      {
        "cause": "OBSTRUCTED",
        "startTimestampNs": "1400869957920724745",
        "durationNs": "3760001832",
        "didSwitch": true
      },
      {
        "cause": "NO_SCHEDULE",
        "startTimestampNs": "1400869962060605301",
        "durationNs": "3580085716",
        "didSwitch": true
      },
      {
        "cause": "OBSTRUCTED",
        "startTimestampNs": "1400869966800836678",
        "durationNs": "2719864869",
        "didSwitch": true
      }
    ]
  }
}
End time: 1716835035192
