Start time: 1716936304882
[2024-05-28 18:45:30.004600] Connecting to host 35.245.244.238, port 5202
[2024-05-28 18:45:30.005509] Reverse mode, remote host 35.245.244.238 is sending
[2024-05-28 18:45:30.005600] [  5] local 10.106.41.156 port 44322 connected to 35.245.244.238 port 5202
[2024-05-28 18:45:30.005674] [ ID] Interval           Transfer     Bitrate         Jitter    Lost/Total Datagrams
[2024-05-28 18:45:30.005743] [  5]   0.00-0.50   sec  8.34 MBytes   140 Mbits/sec  0.084 ms  548543/554788 (99%)  
[2024-05-28 18:45:30.005809] [  5]   0.50-1.00   sec  10.7 MBytes   179 Mbits/sec  0.065 ms  -7978/0 (0%)  
[2024-05-28 18:45:30.005876] [  5]   1.00-1.50   sec  9.25 MBytes   155 Mbits/sec  0.158 ms  -6926/0 (0%)  
[2024-05-28 18:45:30.005941] [  5]   1.50-2.00   sec  9.67 MBytes   162 Mbits/sec  0.074 ms  -7239/0 (0%)  
[2024-05-28 18:45:30.006004] [  5]   2.00-2.50   sec  9.39 MBytes   158 Mbits/sec  0.116 ms  -7031/0 (0%)  
[2024-05-28 18:45:30.006067] [  5]   2.50-3.00   sec  7.23 MBytes   121 Mbits/sec  0.100 ms  -5413/0 (0%)  
[2024-05-28 18:45:30.006131] [  5]   3.00-3.50   sec  8.38 MBytes   141 Mbits/sec  0.073 ms  -6278/0 (0%)  
[2024-05-28 18:45:30.006191] [  5]   3.50-4.00   sec  11.0 MBytes   184 Mbits/sec  0.075 ms  -8233/0 (0%)  
[2024-05-28 18:45:30.006254] [  5]   4.00-4.50   sec  10.7 MBytes   180 Mbits/sec  0.076 ms  -8029/0 (0%)  
[2024-05-28 18:45:30.006316] [  5]   4.50-5.00   sec  9.24 MBytes   155 Mbits/sec  0.340 ms  -6922/0 (0%)  
[2024-05-28 18:45:30.006378] [  5]   5.00-5.50   sec  10.3 MBytes   173 Mbits/sec  0.123 ms  -7738/0 (0%)  
[2024-05-28 18:45:30.006531] [  5]   5.50-6.00   sec  10.4 MBytes   175 Mbits/sec  0.075 ms  -7803/0 (0%)  
[2024-05-28 18:45:30.006601] [  5]   6.00-6.50   sec  10.2 MBytes   171 Mbits/sec  0.132 ms  -7631/0 (0%)  
[2024-05-28 18:45:30.006664] [  5]   6.50-7.00   sec  10.3 MBytes   173 Mbits/sec  0.263 ms  -7709/0 (0%)  
[2024-05-28 18:45:30.006730] [  5]   7.00-7.50   sec  8.78 MBytes   147 Mbits/sec  0.046 ms  -6573/0 (0%)  
[2024-05-28 18:45:30.006793] [  5]   7.50-8.00   sec  8.43 MBytes   142 Mbits/sec  0.098 ms  -6317/0 (0%)  
[2024-05-28 18:45:30.006856] [  5]   8.00-8.50   sec  10.4 MBytes   174 Mbits/sec  0.142 ms  -7779/0 (0%)  
[2024-05-28 18:45:30.006920] [  5]   8.50-9.00   sec  7.78 MBytes   131 Mbits/sec  0.105 ms  -5828/0 (0%)  
[2024-05-28 18:45:30.006983] [  5]   9.00-9.50   sec  8.44 MBytes   142 Mbits/sec  0.143 ms  -6323/0 (0%)  
[2024-05-28 18:45:30.007045] [  5]   9.50-10.00  sec  9.08 MBytes   152 Mbits/sec  0.086 ms  -6799/0 (0%)  
[2024-05-28 18:45:30.007108] [  5]  10.00-10.50  sec  9.14 MBytes   153 Mbits/sec  0.057 ms  -6847/0 (0%)  
[2024-05-28 18:45:30.007170] [  5]  10.50-11.00  sec  8.83 MBytes   148 Mbits/sec  0.123 ms  -6612/0 (0%)  
[2024-05-28 18:45:30.007232] [  5]  11.00-11.50  sec  7.35 MBytes   123 Mbits/sec  0.281 ms  -5508/0 (0%)  
[2024-05-28 18:45:30.007294] [  5]  11.50-12.00  sec  7.25 MBytes   122 Mbits/sec  0.157 ms  -5431/0 (0%)  
[2024-05-28 18:45:30.007355] [  5]  12.00-12.50  sec  7.02 MBytes   118 Mbits/sec  0.329 ms  -5260/0 (0%)  
[2024-05-28 18:45:30.007417] [  5]  12.50-13.00  sec  7.02 MBytes   118 Mbits/sec  0.056 ms  14825/20080 (74%)  
[2024-05-28 18:45:30.007479] [  5]  13.00-13.50  sec  7.75 MBytes   130 Mbits/sec  0.066 ms  16497/22302 (74%)  
[2024-05-28 18:45:30.007541] [  5]  13.50-14.00  sec  7.93 MBytes   133 Mbits/sec  0.134 ms  15844/21781 (73%)  
[2024-05-28 18:45:30.007604] [  5]  14.00-14.50  sec  8.48 MBytes   142 Mbits/sec  0.141 ms  16408/22762 (72%)  
[2024-05-28 18:45:30.007665] [  5]  14.50-15.00  sec  8.37 MBytes   140 Mbits/sec  0.100 ms  15548/21814 (71%)  
[2024-05-28 18:45:30.007727] [  5]  15.00-15.50  sec  9.11 MBytes   153 Mbits/sec  0.289 ms  16169/22989 (70%)  
[2024-05-28 18:45:30.007790] [  5]  15.50-16.00  sec  8.37 MBytes   140 Mbits/sec  0.084 ms  14293/20563 (70%)  
[2024-05-28 18:45:30.007852] [  5]  16.00-16.50  sec  9.76 MBytes   164 Mbits/sec  0.156 ms  16618/23927 (69%)  
[2024-05-28 18:45:30.007916] [  5]  16.50-17.00  sec  8.80 MBytes   148 Mbits/sec  0.095 ms  15594/22185 (70%)  
[2024-05-28 18:45:30.008005] [  5]  17.00-17.50  sec  9.50 MBytes   159 Mbits/sec  0.090 ms  15421/22535 (68%)  
[2024-05-28 18:45:30.008073] [  5]  17.50-18.00  sec  10.5 MBytes   176 Mbits/sec  0.029 ms  14746/22607 (65%)  
[2024-05-28 18:45:30.008139] [  5]  18.00-18.50  sec  9.69 MBytes   163 Mbits/sec  0.272 ms  14429/21689 (67%)  
[2024-05-28 18:45:30.008203] [  5]  18.50-19.00  sec  8.26 MBytes   139 Mbits/sec  0.140 ms  16429/22615 (73%)  
[2024-05-28 18:45:30.008267] [  5]  19.00-19.50  sec  7.75 MBytes   130 Mbits/sec  0.104 ms  16499/22307 (74%)  
[2024-05-28 18:45:30.008329] [  5]  19.50-20.00  sec  8.20 MBytes   138 Mbits/sec  0.075 ms  16044/22188 (72%)  
[2024-05-28 18:45:30.008391] [  5]  20.00-20.50  sec  9.39 MBytes   158 Mbits/sec  0.029 ms  15619/22651 (69%)  
[2024-05-28 18:45:30.008453] [  5]  20.50-21.00  sec  9.07 MBytes   152 Mbits/sec  0.046 ms  15478/22275 (69%)  
[2024-05-28 18:45:30.008515] [  5]  21.00-21.50  sec  8.91 MBytes   150 Mbits/sec  0.094 ms  15016/21693 (69%)  
[2024-05-28 18:45:30.008579] [  5]  21.50-22.00  sec  8.23 MBytes   138 Mbits/sec  0.114 ms  16309/22473 (73%)  
[2024-05-28 18:45:30.008642] [  5]  22.00-22.50  sec  9.77 MBytes   164 Mbits/sec  0.166 ms  15419/22739 (68%)  
[2024-05-28 18:45:30.008704] [  5]  22.50-23.00  sec  8.72 MBytes   146 Mbits/sec  0.103 ms  15846/22379 (71%)  
[2024-05-28 18:45:30.008765] [  5]  23.00-23.50  sec  9.46 MBytes   159 Mbits/sec  0.055 ms  14970/22058 (68%)  
[2024-05-28 18:45:54.504382] [  5]  23.50-24.00  sec  8.23 MBytes   138 Mbits/sec  0.109 ms  15583/21745 (72%)  
[2024-05-28 18:45:54.504520] [  5]  24.00-24.50  sec  7.97 MBytes   134 Mbits/sec  0.109 ms  16930/22898 (74%)  
[2024-05-28 18:45:54.504559] [  5]  24.50-25.00  sec  7.07 MBytes   119 Mbits/sec  0.157 ms  17144/22442 (76%)  
[2024-05-28 18:45:54.504593] [  5]  25.00-25.50  sec  5.92 MBytes  99.3 Mbits/sec  0.195 ms  17794/22227 (80%)  
[2024-05-28 18:45:54.504624] [  5]  25.50-26.00  sec  5.67 MBytes  95.1 Mbits/sec  0.312 ms  17785/22032 (81%)  
[2024-05-28 18:45:54.504655] [  5]  26.00-26.50  sec  6.43 MBytes   108 Mbits/sec  0.071 ms  18090/22908 (79%)  
[2024-05-28 18:45:54.504685] [  5]  26.50-27.00  sec  6.16 MBytes   103 Mbits/sec  0.123 ms  17430/22040 (79%)  
[2024-05-28 18:45:54.504715] [  5]  27.00-27.50  sec  6.74 MBytes   113 Mbits/sec  0.135 ms  17263/22309 (77%)  
[2024-05-28 18:45:54.504746] [  5]  27.50-28.00  sec   484 KBytes  7.92 Mbits/sec  0.217 ms  1158/1512 (77%)  
[2024-05-28 18:45:54.504775] [  5]  28.00-28.50  sec  0.00 Bytes  0.00 bits/sec  0.217 ms  0/0 (0%)  
[2024-05-28 18:45:54.504804] [  5]  28.50-29.00  sec  0.00 Bytes  0.00 bits/sec  0.217 ms  0/0 (0%)  
[2024-05-28 18:45:54.504834] [  5]  29.00-29.50  sec  0.00 Bytes  0.00 bits/sec  0.217 ms  0/0 (0%)  
[2024-05-28 18:45:54.504863] [  5]  29.50-30.00  sec  2.01 MBytes  33.7 Mbits/sec  0.047 ms  124319/125823 (99%)  
[2024-05-28 18:45:54.504893] [  5]  30.00-30.50  sec  2.11 MBytes  35.4 Mbits/sec  0.029 ms  -42/1540 (-2.7%)  
[2024-05-28 18:45:54.504923] [  5]  30.50-31.00  sec  9.53 MBytes   160 Mbits/sec  0.086 ms  25047/32188 (78%)  
[2024-05-28 18:45:54.504954] [  5]  31.00-31.50  sec  10.7 MBytes   180 Mbits/sec  0.270 ms  13751/21779 (63%)  
[2024-05-28 18:45:54.504982] [  5]  31.50-32.00  sec  8.94 MBytes   150 Mbits/sec  0.612 ms  11467/18160 (63%)  
[2024-05-28 18:45:54.505012] [  5]  32.00-32.50  sec  7.95 MBytes   133 Mbits/sec  0.127 ms  15214/21170 (72%)  
[2024-05-28 18:45:54.505042] [  5]  32.50-33.00  sec  9.03 MBytes   152 Mbits/sec  0.082 ms  16841/23605 (71%)  
[2024-05-28 18:45:54.505071] [  5]  33.00-33.50  sec  9.07 MBytes   152 Mbits/sec  0.065 ms  15569/22365 (70%)  
[2024-05-28 18:45:54.505100] [  5]  33.50-34.00  sec  10.4 MBytes   175 Mbits/sec  0.052 ms  14243/22047 (65%)  
[2024-05-28 18:45:54.505131] [  5]  34.00-34.50  sec  9.49 MBytes   159 Mbits/sec  0.070 ms  15425/22531 (68%)  
[2024-05-28 18:45:54.505160] [  5]  34.50-35.00  sec  8.65 MBytes   145 Mbits/sec  0.159 ms  14284/20760 (69%)  
[2024-05-28 18:45:54.505189] [  5]  35.00-35.50  sec  9.30 MBytes   156 Mbits/sec  0.058 ms  17036/23999 (71%)  
[2024-05-28 18:45:54.505232] [  5]  35.50-36.00  sec  9.96 MBytes   167 Mbits/sec  0.064 ms  13468/20929 (64%)  
[2024-05-28 18:45:54.505263] [  5]  36.00-36.50  sec  9.54 MBytes   160 Mbits/sec  0.096 ms  15207/22355 (68%)  
[2024-05-28 18:45:54.505292] [  5]  36.50-37.00  sec  10.0 MBytes   168 Mbits/sec  0.181 ms  16045/23563 (68%)  
[2024-05-28 18:45:54.505322] [  5]  37.00-37.50  sec  9.31 MBytes   156 Mbits/sec  0.059 ms  15401/22371 (69%)  
[2024-05-28 18:45:54.505350] [  5]  37.50-38.00  sec  7.68 MBytes   129 Mbits/sec  0.088 ms  15454/21209 (73%)  
[2024-05-28 18:45:54.505379] [  5]  38.00-38.50  sec  9.54 MBytes   160 Mbits/sec  0.300 ms  16111/23259 (69%)  
[2024-05-28 18:45:54.505408] [  5]  38.50-39.00  sec  8.28 MBytes   139 Mbits/sec  0.584 ms  15876/22079 (72%)  
[2024-05-28 18:45:54.505437] [  5]  39.00-39.50  sec  7.73 MBytes   130 Mbits/sec  0.310 ms  16623/22414 (74%)  
[2024-05-28 18:45:54.505472] [  5]  39.50-40.00  sec  9.01 MBytes   151 Mbits/sec  0.055 ms  15966/22713 (70%)  
[2024-05-28 18:45:54.505500] [  5]  40.00-40.50  sec  9.98 MBytes   167 Mbits/sec  0.043 ms  15441/22915 (67%)  
[2024-05-28 18:45:54.505529] [  5]  40.50-41.00  sec  8.22 MBytes   138 Mbits/sec  0.093 ms  15307/21465 (71%)  
[2024-05-28 18:45:54.505558] [  5]  41.00-41.50  sec  7.70 MBytes   129 Mbits/sec  0.083 ms  16732/22501 (74%)  
[2024-05-28 18:45:54.505587] [  5]  41.50-42.00  sec  7.46 MBytes   125 Mbits/sec  0.080 ms  16099/21689 (74%)  
[2024-05-28 18:45:54.505615] [  5]  42.00-42.50  sec  7.08 MBytes   119 Mbits/sec  0.086 ms  16939/22244 (76%)  
[2024-05-28 18:45:54.505645] [  5]  42.50-43.00  sec  9.73 MBytes   163 Mbits/sec  0.038 ms  15832/23118 (68%)  
[2024-05-28 18:45:54.505673] [  5]  43.00-43.50  sec  9.56 MBytes   160 Mbits/sec  0.073 ms  14243/21404 (67%)  
[2024-05-28 18:45:54.505702] [  5]  43.50-44.00  sec  6.24 MBytes   105 Mbits/sec  0.123 ms  17992/22664 (79%)  
[2024-05-28 18:45:54.505731] [  5]  44.00-44.50  sec  5.61 MBytes  94.1 Mbits/sec  0.233 ms  17810/22010 (81%)  
[2024-05-28 18:45:54.505759] [  5]  44.50-45.00  sec  5.71 MBytes  95.9 Mbits/sec  0.324 ms  18045/22325 (81%)  
[2024-05-28 18:45:54.505788] [  5]  45.00-45.50  sec  5.23 MBytes  87.8 Mbits/sec  0.165 ms  18431/22351 (82%)  
[2024-05-28 18:45:54.505816] [  5]  45.50-46.00  sec  5.50 MBytes  92.2 Mbits/sec  0.203 ms  18428/22545 (82%)  
[2024-05-28 18:45:54.505846] [  5]  46.00-46.50  sec  5.68 MBytes  95.3 Mbits/sec  0.150 ms  18205/22458 (81%)  
[2024-05-28 18:45:54.505874] [  5]  46.50-47.00  sec  7.56 MBytes   127 Mbits/sec  0.184 ms  17049/22714 (75%)  
[2024-05-28 18:45:54.505904] [  5]  47.00-47.50  sec  8.99 MBytes   151 Mbits/sec  0.051 ms  15168/21899 (69%)  
[2024-05-28 18:45:54.505932] [  5]  47.50-48.00  sec  7.07 MBytes   119 Mbits/sec  0.062 ms  16773/22065 (76%)  
[2024-05-28 18:46:19.004656] [  5]  48.00-48.50  sec  6.39 MBytes   107 Mbits/sec  0.241 ms  17159/21945 (78%)  
[2024-05-28 18:46:19.005177] [  5]  48.50-49.00  sec  5.94 MBytes  99.7 Mbits/sec  0.069 ms  18560/23010 (81%)  
[2024-05-28 18:46:19.005326] [  5]  49.00-49.50  sec  5.73 MBytes  96.2 Mbits/sec  0.156 ms  18326/22619 (81%)  
[2024-05-28 18:46:19.005443] [  5]  49.50-50.00  sec  5.64 MBytes  94.6 Mbits/sec  0.207 ms  17871/22094 (81%)  
[2024-05-28 18:46:19.005549] [  5]  50.00-50.50  sec  5.56 MBytes  93.3 Mbits/sec  0.249 ms  17957/22121 (81%)  
[2024-05-28 18:46:19.005654] [  5]  50.50-51.00  sec  5.75 MBytes  96.5 Mbits/sec  0.113 ms  18067/22373 (81%)  
[2024-05-28 18:46:19.005755] [  5]  51.00-51.50  sec  7.29 MBytes   122 Mbits/sec  0.081 ms  16056/21519 (75%)  
[2024-05-28 18:46:19.005855] [  5]  51.50-52.00  sec  6.96 MBytes   117 Mbits/sec  0.094 ms  17917/23132 (77%)  
[2024-05-28 18:46:19.006015] [  5]  52.00-52.50  sec  7.37 MBytes   124 Mbits/sec  0.110 ms  16526/22049 (75%)  
[2024-05-28 18:46:19.006118] [  5]  52.50-53.00  sec  6.15 MBytes   103 Mbits/sec  0.162 ms  18313/22918 (80%)  
[2024-05-28 18:46:19.006218] [  5]  53.00-53.50  sec  6.61 MBytes   111 Mbits/sec  0.092 ms  17131/22084 (78%)  
[2024-05-28 18:46:19.006364] [  5]  53.50-54.00  sec  6.13 MBytes   103 Mbits/sec  0.072 ms  16931/21526 (79%)  
[2024-05-28 18:46:19.006590] [  5]  54.00-54.50  sec  7.05 MBytes   118 Mbits/sec  0.119 ms  17308/22592 (77%)  
[2024-05-28 18:46:19.006702] [  5]  54.50-55.00  sec  6.96 MBytes   117 Mbits/sec  0.405 ms  17526/22737 (77%)  
[2024-05-28 18:46:19.006804] [  5]  55.00-55.50  sec  10.2 MBytes   170 Mbits/sec  0.083 ms  15013/22617 (66%)  
[2024-05-28 18:46:19.006937] [  5]  55.50-56.00  sec  9.01 MBytes   151 Mbits/sec  0.058 ms  15517/22263 (70%)  
[2024-05-28 18:46:19.007036] [  5]  56.00-56.50  sec  9.93 MBytes   167 Mbits/sec  0.101 ms  15172/22606 (67%)  
[2024-05-28 18:46:19.007135] [  5]  56.50-57.00  sec  9.02 MBytes   151 Mbits/sec  0.040 ms  15418/22171 (70%)  
[2024-05-28 18:46:19.007234] [  5]  57.00-57.50  sec  9.31 MBytes   156 Mbits/sec  0.070 ms  15257/22228 (69%)  
[2024-05-28 18:46:19.007336] [  5]  57.50-58.00  sec  9.71 MBytes   163 Mbits/sec  0.054 ms  15012/22287 (67%)  
[2024-05-28 18:46:19.007435] [  5]  58.00-58.50  sec  9.39 MBytes   158 Mbits/sec  0.247 ms  15068/22103 (68%)  
[2024-05-28 18:46:19.007536] [  5]  58.50-59.00  sec  9.47 MBytes   159 Mbits/sec  0.176 ms  15047/22140 (68%)  
[2024-05-28 18:46:19.007637] [  5]  59.00-59.50  sec  8.36 MBytes   140 Mbits/sec  0.261 ms  16600/22862 (73%)  
[2024-05-28 18:46:19.007733] [  5]  59.50-60.00  sec  8.69 MBytes   146 Mbits/sec  0.066 ms  14754/21264 (69%)  
[2024-05-28 18:46:19.007832] [  5]  60.00-60.50  sec  8.16 MBytes   137 Mbits/sec  0.129 ms  17489/23603 (74%)  
[2024-05-28 18:46:19.007928] [  5]  60.50-61.00  sec  6.19 MBytes   104 Mbits/sec  0.387 ms  17404/22042 (79%)  
[2024-05-28 18:46:19.008028] [  5]  61.00-61.50  sec  5.90 MBytes  99.0 Mbits/sec  0.116 ms  17716/22137 (80%)  
[2024-05-28 18:46:19.008128] [  5]  61.50-62.00  sec  5.84 MBytes  98.0 Mbits/sec  0.702 ms  17846/22221 (80%)  
[2024-05-28 18:46:19.008229] [  5]  62.00-62.50  sec  6.38 MBytes   107 Mbits/sec  0.308 ms  18039/22820 (79%)  
[2024-05-28 18:46:19.008329] [  5]  62.50-63.00  sec  6.49 MBytes   109 Mbits/sec  0.227 ms  17198/22056 (78%)  
[2024-05-28 18:46:19.008432] [  5]  63.00-63.50  sec  7.34 MBytes   123 Mbits/sec  0.314 ms  16886/22380 (75%)  
[2024-05-28 18:46:19.008532] [  5]  63.50-64.00  sec  6.39 MBytes   107 Mbits/sec  0.111 ms  17043/21830 (78%)  
[2024-05-28 18:46:19.008634] [  5]  64.00-64.50  sec  7.54 MBytes   127 Mbits/sec  0.182 ms  17226/22875 (75%)  
[2024-05-28 18:46:19.008734] [  5]  64.50-65.00  sec  6.75 MBytes   113 Mbits/sec  0.081 ms  16814/21869 (77%)  
[2024-05-28 18:46:19.008833] [  5]  65.00-65.50  sec  7.71 MBytes   129 Mbits/sec  0.094 ms  16728/22499 (74%)  
[2024-05-28 18:46:19.008931] [  5]  65.50-66.00  sec  7.87 MBytes   132 Mbits/sec  0.293 ms  16371/22265 (74%)  
[2024-05-28 18:46:19.009031] [  5]  66.00-66.50  sec  5.10 MBytes  85.5 Mbits/sec  0.248 ms  17891/21711 (82%)  
[2024-05-28 18:46:19.009132] [  5]  66.50-67.00  sec  5.33 MBytes  89.4 Mbits/sec  0.132 ms  19449/23440 (83%)  
[2024-05-28 18:46:19.009231] [  5]  67.00-67.50  sec  6.52 MBytes   109 Mbits/sec  0.179 ms  17253/22133 (78%)  
[2024-05-28 18:46:19.009328] [  5]  67.50-68.00  sec  6.50 MBytes   109 Mbits/sec  0.118 ms  17129/22000 (78%)  
[2024-05-28 18:46:19.009428] [  5]  68.00-68.50  sec  5.83 MBytes  97.7 Mbits/sec  0.328 ms  18178/22541 (81%)  
[2024-05-28 18:46:19.009528] [  5]  68.50-69.00  sec  4.31 MBytes  72.4 Mbits/sec  0.604 ms  17449/20680 (84%)  
[2024-05-28 18:46:19.009626] [  5]  69.00-69.50  sec   901 KBytes  14.8 Mbits/sec  41.936 ms  27985/28644 (98%)  
[2024-05-28 18:46:19.009727] [  5]  69.50-70.00  sec  1.30 MBytes  21.7 Mbits/sec  137.220 ms  -63/907 (-6.9%)  
[2024-05-28 18:46:19.009824] [  5]  70.00-70.50  sec   874 KBytes  14.3 Mbits/sec  117.486 ms  -74/565 (-13%)  
[2024-05-28 18:46:19.009923] [  5]  70.50-71.00  sec   723 KBytes  11.8 Mbits/sec  1.369 ms  1871/2400 (78%)  
[2024-05-28 18:46:19.010021] [  5]  71.00-71.50  sec  1.08 MBytes  18.2 Mbits/sec  0.674 ms  68557/69369 (99%)  
[2024-05-28 18:46:19.010132] [  5]  71.50-72.00  sec  1.04 MBytes  17.4 Mbits/sec  0.802 ms  21450/22229 (96%)  
[2024-05-28 18:46:19.010233] [  5]  72.00-72.50  sec  1.42 MBytes  23.9 Mbits/sec  0.505 ms  21718/22785 (95%)  
[2024-05-28 18:46:43.504614] [  5]  72.50-73.00  sec  1.59 MBytes  26.6 Mbits/sec  1.142 ms  21239/22428 (95%)  
[2024-05-28 18:46:43.505118] [  5]  73.00-73.50  sec  1.37 MBytes  22.9 Mbits/sec  0.642 ms  20883/21907 (95%)  
[2024-05-28 18:46:43.505261] [  5]  73.50-74.00  sec  1.31 MBytes  21.9 Mbits/sec  0.845 ms  21271/22249 (96%)  
[2024-05-28 18:46:43.505374] [  5]  74.00-74.50  sec  1.42 MBytes  23.9 Mbits/sec  0.734 ms  21595/22661 (95%)  
[2024-05-28 18:46:43.505479] [  5]  74.50-75.00  sec  1.64 MBytes  27.5 Mbits/sec  0.837 ms  20375/21603 (94%)  
[2024-05-28 18:46:43.505579] [  5]  75.00-75.50  sec  1.35 MBytes  22.7 Mbits/sec  1.609 ms  21786/22798 (96%)  
[2024-05-28 18:46:43.505678] [  5]  75.50-76.00  sec  1.12 MBytes  18.8 Mbits/sec  0.495 ms  21336/22176 (96%)  
[2024-05-28 18:46:43.505777] [  5]  76.00-76.50  sec  1.41 MBytes  23.6 Mbits/sec  0.731 ms  21480/22533 (95%)  
[2024-05-28 18:46:43.505876] [  5]  76.50-77.00  sec  1.30 MBytes  21.8 Mbits/sec  0.663 ms  19902/20874 (95%)  
[2024-05-28 18:46:43.505977] [  5]  77.00-77.50  sec  1.28 MBytes  21.6 Mbits/sec  0.810 ms  22607/23569 (96%)  
[2024-05-28 18:46:43.506075] [  5]  77.50-78.00  sec  1.22 MBytes  20.4 Mbits/sec  0.572 ms  21430/22341 (96%)  
[2024-05-28 18:46:43.506173] [  5]  78.00-78.50  sec   850 KBytes  13.9 Mbits/sec  1.287 ms  20376/20998 (97%)  
[2024-05-28 18:46:43.506271] [  5]  78.50-79.00  sec   104 KBytes  1.70 Mbits/sec  2.138 ms  3274/3350 (98%)  
[2024-05-28 18:46:43.506368] [  5]  79.00-79.50  sec   830 KBytes  13.6 Mbits/sec  0.308 ms  38866/39473 (98%)  
[2024-05-28 18:46:43.506603] [  5]  79.50-80.00  sec  1.77 MBytes  29.6 Mbits/sec  0.571 ms  11534/12857 (90%)  
[2024-05-28 18:46:43.506709] [  5]  80.00-80.50  sec  2.99 MBytes  50.2 Mbits/sec  0.165 ms  43660/45901 (95%)  
[2024-05-28 18:46:43.506810] [  5]  80.50-81.00  sec  6.60 MBytes   111 Mbits/sec  0.138 ms  17592/22535 (78%)  
[2024-05-28 18:46:43.506908] [  5]  81.00-81.50  sec  7.53 MBytes   126 Mbits/sec  0.093 ms  16898/22539 (75%)  
[2024-05-28 18:46:43.507008] [  5]  81.50-82.00  sec  6.98 MBytes   117 Mbits/sec  0.244 ms  16887/22113 (76%)  
[2024-05-28 18:46:43.507105] [  5]  82.00-82.50  sec  7.06 MBytes   118 Mbits/sec  0.115 ms  16861/22146 (76%)  
[2024-05-28 18:46:43.507202] [  5]  82.50-83.00  sec  6.59 MBytes   111 Mbits/sec  0.163 ms  17536/22475 (78%)  
[2024-05-28 18:46:43.507297] [  5]  83.00-83.50  sec  5.57 MBytes  93.4 Mbits/sec  0.445 ms  17081/21251 (80%)  
[2024-05-28 18:46:43.507397] [  5]  83.50-84.00  sec  6.26 MBytes   105 Mbits/sec  0.397 ms  18336/23024 (80%)  
[2024-05-28 18:46:43.507494] [  5]  84.00-84.50  sec  6.20 MBytes   104 Mbits/sec  0.111 ms  18286/22926 (80%)  
[2024-05-28 18:46:43.507592] [  5]  84.50-85.00  sec  6.43 MBytes   108 Mbits/sec  0.192 ms  17491/22307 (78%)  
[2024-05-28 18:46:43.507696] [  5]  85.00-85.50  sec  6.20 MBytes   104 Mbits/sec  0.084 ms  17875/22516 (79%)  
[2024-05-28 18:46:43.507795] [  5]  85.50-86.00  sec  5.95 MBytes  99.9 Mbits/sec  0.127 ms  16856/21316 (79%)  
[2024-05-28 18:46:43.507893] [  5]  86.00-86.50  sec  5.46 MBytes  91.6 Mbits/sec  0.184 ms  18759/22850 (82%)  
[2024-05-28 18:46:43.507990] [  5]  86.50-87.00  sec  1.86 MBytes  31.1 Mbits/sec  0.258 ms  4252/5642 (75%)  
[2024-05-28 18:46:43.508089] [  5]  87.00-87.50  sec  1.22 MBytes  20.5 Mbits/sec  0.229 ms  2323/3237 (72%)  
[2024-05-28 18:46:43.508187] [  5]  87.50-88.00  sec  1.96 MBytes  32.8 Mbits/sec  0.344 ms  45377/46843 (97%)  
[2024-05-28 18:46:43.508285] [  5]  88.00-88.50  sec  1.69 MBytes  28.3 Mbits/sec  0.667 ms  20594/21857 (94%)  
[2024-05-28 18:46:43.508383] [  5]  88.50-89.00  sec   257 KBytes  4.21 Mbits/sec  6.629 ms  8967/9155 (98%)  
[2024-05-28 18:46:43.508482] [  5]  89.00-89.50  sec  0.00 Bytes  0.00 bits/sec  6.629 ms  0/0 (0%)  
[2024-05-28 18:46:43.508581] [  5]  89.50-90.00  sec  2.61 MBytes  43.8 Mbits/sec  0.769 ms  84755/86710 (98%)  
[2024-05-28 18:46:43.508717] [  5]  90.00-90.50  sec  1.77 MBytes  29.6 Mbits/sec  0.492 ms  -81/1241 (-6.5%)  
[2024-05-28 18:46:43.508821] [  5]  90.50-91.00  sec  3.07 MBytes  51.4 Mbits/sec  0.059 ms  28392/30689 (93%)  
[2024-05-28 18:46:43.508918] [  5]  91.00-91.50  sec  4.49 MBytes  75.4 Mbits/sec  0.486 ms  14439/17803 (81%)  
[2024-05-28 18:46:43.509016] [  5]  91.50-92.00  sec  4.75 MBytes  79.7 Mbits/sec  0.230 ms  18789/22346 (84%)  
[2024-05-28 18:46:43.509114] [  5]  92.00-92.50  sec  4.71 MBytes  79.0 Mbits/sec  0.143 ms  19033/22560 (84%)  
[2024-05-28 18:46:43.509214] [  5]  92.50-93.00  sec  3.83 MBytes  64.3 Mbits/sec  0.251 ms  19224/22093 (87%)  
[2024-05-28 18:46:43.509314] [  5]  93.00-93.50  sec  4.02 MBytes  67.4 Mbits/sec  0.526 ms  19050/22059 (86%)  
[2024-05-28 18:46:43.509413] [  5]  93.50-94.00  sec  4.46 MBytes  74.9 Mbits/sec  0.178 ms  19639/22982 (85%)  
[2024-05-28 18:46:43.509510] [  5]  94.00-94.50  sec  4.68 MBytes  78.5 Mbits/sec  0.422 ms  16719/20223 (83%)  
[2024-05-28 18:46:43.509607] [  5]  94.50-95.00  sec  5.17 MBytes  86.8 Mbits/sec  0.124 ms  20224/24098 (84%)  
[2024-05-28 18:46:43.509706] [  5]  95.00-95.50  sec  4.73 MBytes  79.3 Mbits/sec  0.147 ms  18438/21977 (84%)  
[2024-05-28 18:46:43.509804] [  5]  95.50-96.00  sec  5.11 MBytes  85.8 Mbits/sec  0.187 ms  18885/22716 (83%)  
[2024-05-28 18:46:43.509901] [  5]  96.00-96.50  sec  6.17 MBytes   103 Mbits/sec  0.175 ms  16165/20783 (78%)  
[2024-05-28 18:46:43.509997] [  5]  96.50-97.00  sec  6.93 MBytes   116 Mbits/sec  0.074 ms  18850/24038 (78%)  
[2024-05-28 18:47:07.973057] [  5]  97.00-97.50  sec  6.68 MBytes   112 Mbits/sec  0.148 ms  16949/21952 (77%)  
[2024-05-28 18:47:07.973450] [  5]  97.50-98.00  sec  6.81 MBytes   114 Mbits/sec  0.110 ms  17439/22543 (77%)  
[2024-05-28 18:47:07.973579] [  5]  98.00-98.50  sec  6.84 MBytes   115 Mbits/sec  0.271 ms  17710/22830 (78%)  
[2024-05-28 18:47:07.973686] [  5]  98.50-99.00  sec  6.35 MBytes   107 Mbits/sec  0.050 ms  17392/22149 (79%)  
[2024-05-28 18:47:07.973787] [  5]  99.00-99.50  sec  6.00 MBytes   101 Mbits/sec  0.275 ms  16869/21362 (79%)  
[2024-05-28 18:47:07.973889] [  5]  99.50-100.00 sec  6.60 MBytes   111 Mbits/sec  0.139 ms  17581/22524 (78%)  
[2024-05-28 18:47:07.974015] [  5] 100.00-100.50 sec  6.33 MBytes   106 Mbits/sec  0.149 ms  17556/22300 (79%)  
[2024-05-28 18:47:07.974113] [  5] 100.50-101.00 sec  6.13 MBytes   103 Mbits/sec  0.157 ms  15799/20391 (77%)  
[2024-05-28 18:47:07.974211] [  5] 101.00-101.50 sec  6.64 MBytes   111 Mbits/sec  0.435 ms  19760/24735 (80%)  
[2024-05-28 18:47:07.974374] [  5] 101.50-102.00 sec  5.37 MBytes  90.0 Mbits/sec  0.052 ms  17125/21146 (81%)  
[2024-05-28 18:47:07.974615] [  5] 102.00-102.50 sec  1.13 MBytes  18.9 Mbits/sec  0.283 ms  3882/4726 (82%)  
[2024-05-28 18:47:07.974795] [  5] 102.50-103.00 sec  4.18 MBytes  70.2 Mbits/sec  0.697 ms  37799/40929 (92%)  
[2024-05-28 18:47:07.975030] [  5] 103.00-103.50 sec  5.12 MBytes  85.8 Mbits/sec  0.099 ms  17481/21313 (82%)  
[2024-05-28 18:47:07.975129] [  5] 103.50-104.00 sec  4.11 MBytes  69.0 Mbits/sec  0.032 ms  11387/14467 (79%)  
[2024-05-28 18:47:07.975228] [  5] 104.00-104.50 sec  2.16 MBytes  36.3 Mbits/sec  2.281 ms  23930/25549 (94%)  
[2024-05-28 18:47:07.975323] [  5] 104.50-105.00 sec  1.06 MBytes  17.8 Mbits/sec  0.446 ms  1370/2165 (63%)  
[2024-05-28 18:47:07.975420] [  5] 105.00-105.50 sec   979 KBytes  16.0 Mbits/sec  1.534 ms  5401/6117 (88%)  
[2024-05-28 18:47:07.975511] [  5] 105.50-106.00 sec   658 KBytes  10.8 Mbits/sec  2.626 ms  34702/35183 (99%)  
[2024-05-28 18:47:07.975549] [  5] 106.00-106.50 sec   585 KBytes  9.59 Mbits/sec  2.106 ms  38720/39148 (99%)  
[2024-05-28 18:47:07.975586] [  5] 106.50-107.00 sec   160 KBytes  2.62 Mbits/sec  1.090 ms  16331/16448 (99%)  
[2024-05-28 18:47:07.975764] [  5] 107.00-107.50 sec   983 KBytes  16.1 Mbits/sec  0.529 ms  3109/3828 (81%)  
[2024-05-28 18:47:07.975788] [  5] 107.50-108.00 sec   566 KBytes  9.27 Mbits/sec  1.277 ms  1838/2252 (82%)  
[2024-05-28 18:47:07.975825] [  5] 108.00-108.50 sec   253 KBytes  4.14 Mbits/sec  4.276 ms  47418/47603 (1e+02%)  
[2024-05-28 18:47:07.975876] [  5] 108.50-109.00 sec  35.5 KBytes   583 Kbits/sec  37.846 ms  36265/36291 (1e+02%)  
[2024-05-28 18:47:07.975901] [  5] 109.00-109.50 sec   632 KBytes  10.3 Mbits/sec  0.199 ms  12664/13126 (96%)  
[2024-05-28 18:47:07.975926] [  5] 109.50-110.00 sec  1.86 MBytes  31.2 Mbits/sec  0.144 ms  48291/49683 (97%)  
[2024-05-28 18:47:07.975950] [  5] 110.00-110.50 sec   163 KBytes  2.66 Mbits/sec  1.558 ms  -51/68 (-75%)  
[2024-05-28 18:47:07.975974] [  5] 110.50-111.00 sec  1.30 MBytes  21.9 Mbits/sec  0.320 ms  53631/54607 (98%)  
[2024-05-28 18:47:07.976059] [  5] 111.00-111.50 sec   723 KBytes  11.9 Mbits/sec  0.088 ms  616/1145 (54%)  
[2024-05-28 18:47:07.976131] [  5] 111.50-112.00 sec   937 KBytes  15.3 Mbits/sec  0.689 ms  7235/7920 (91%)  
[2024-05-28 18:47:07.976201] [  5] 112.00-112.50 sec  5.46 MBytes  91.6 Mbits/sec  0.461 ms  42813/46899 (91%)  
[2024-05-28 18:47:07.976243] [  5] 112.50-113.00 sec  1.62 MBytes  27.2 Mbits/sec  0.160 ms  11385/12598 (90%)  
[2024-05-28 18:47:07.976266] [  5] 113.00-113.50 sec  1.42 MBytes  23.8 Mbits/sec  0.506 ms  1880/2944 (64%)  
[2024-05-28 18:47:07.976289] [  5] 113.50-114.00 sec   546 KBytes  8.94 Mbits/sec  0.863 ms  671/1070 (63%)  
[2024-05-28 18:47:07.976313] [  5] 114.00-114.50 sec   387 KBytes  6.34 Mbits/sec  11.692 ms  8814/9097 (97%)  
[2024-05-28 18:47:07.976336] [  5] 114.50-115.00 sec  30.1 KBytes   493 Kbits/sec  53.182 ms  74073/74095 (1e+02%)  
[2024-05-28 18:47:07.976359] [  5] 115.00-115.50 sec  36.9 KBytes   605 Kbits/sec  11.404 ms  16016/16043 (1e+02%)  
[2024-05-28 18:47:07.976382] [  5] 115.50-116.00 sec  1.23 MBytes  20.6 Mbits/sec  0.373 ms  6561/7481 (88%)  
[2024-05-28 18:47:07.976405] [  5] 116.00-116.50 sec  1.84 MBytes  30.9 Mbits/sec  0.164 ms  46048/47426 (97%)  
[2024-05-28 18:47:07.976428] [  5] 116.50-117.00 sec  2.11 MBytes  35.4 Mbits/sec  0.093 ms  0/1579 (0%)  
[2024-05-28 18:47:07.976451] [  5] 117.00-117.50 sec  2.32 MBytes  39.0 Mbits/sec  0.851 ms  16734/18475 (91%)  
[2024-05-28 18:47:07.976475] [  5] 117.50-118.00 sec  2.39 MBytes  40.1 Mbits/sec  0.162 ms  24732/26523 (93%)  
[2024-05-28 18:47:07.976498] [  5] 118.00-118.50 sec  2.33 MBytes  39.2 Mbits/sec  0.353 ms  21912/23660 (93%)  
[2024-05-28 18:47:07.976522] [  5] 118.50-119.00 sec  2.51 MBytes  42.1 Mbits/sec  0.611 ms  21868/23749 (92%)  
[2024-05-28 18:47:07.976545] [  5] 119.00-119.50 sec  2.59 MBytes  43.5 Mbits/sec  0.203 ms  23322/25265 (92%)  
[2024-05-28 18:47:07.976569] [  5] 119.50-120.00 sec  2.46 MBytes  41.3 Mbits/sec  0.113 ms  19771/21614 (91%)  
[2024-05-28 18:47:07.976593] - - - - - - - - - - - - - - - - - - - - - - - - -
[2024-05-28 18:47:07.976616] [ ID] Interval           Transfer     Bitrate         Jitter    Lost/Total Datagrams
[2024-05-28 18:47:07.976639] [  5]   0.00-120.72 sec  7.03 GBytes   500 Mbits/sec  0.000 ms  0/5389298 (0%)  sender
[2024-05-28 18:47:07.976669] [SUM]  0.0-120.7 sec  173900 datagrams received out-of-order
[2024-05-28 18:47:07.976693] [  5]   0.00-120.00 sec  1.34 GBytes  95.7 Mbits/sec  0.113 ms  4302297/5327786 (81%)  receiver
[2024-05-28 18:47:07.976717] 
[2024-05-28 18:47:07.976742] iperf Done.
End time: 1716936427989
