Start time: 1716838459493
[2024-05-27 15:34:43.282705] Connecting to host 35.245.244.238, port 5203
[2024-05-27 15:34:43.283595] Reverse mode, remote host 35.245.244.238 is sending
[2024-05-27 15:34:43.283659] [  5] local 192.168.1.23 port 34625 connected to 35.245.244.238 port 5203
[2024-05-27 15:34:43.283701] [ ID] Interval           Transfer     Bitrate         Jitter    Lost/Total Datagrams
[2024-05-27 15:34:43.283866] [  5]   0.00-0.50   sec  8.14 MBytes   137 Mbits/sec  0.043 ms  297604/303699 (98%)  
[2024-05-27 15:34:43.283913] [  5]   0.50-1.00   sec  9.88 MBytes   166 Mbits/sec  0.041 ms  -7399/0 (0%)  
[2024-05-27 15:34:43.283948] [  5]   1.00-1.50   sec  3.35 MBytes  56.2 Mbits/sec  0.266 ms  -2511/0 (0%)  
[2024-05-27 15:34:43.283982] [  5]   1.50-2.00   sec  5.00 MBytes  83.9 Mbits/sec  0.287 ms  -3746/0 (0%)  
[2024-05-27 15:34:43.284014] [  5]   2.00-2.50   sec  5.53 MBytes  92.8 Mbits/sec  0.040 ms  -4143/0 (0%)  
[2024-05-27 15:34:43.284060] [  5]   2.50-3.00   sec  7.19 MBytes   121 Mbits/sec  0.080 ms  -5384/0 (0%)  
[2024-05-27 15:34:43.284088] [  5]   3.00-3.50   sec  8.80 MBytes   148 Mbits/sec  0.148 ms  -6591/0 (0%)  
[2024-05-27 15:34:43.284113] [  5]   3.50-4.00   sec  7.34 MBytes   123 Mbits/sec  0.016 ms  -5500/0 (0%)  
[2024-05-27 15:34:43.284140] [  5]   4.00-4.50   sec  8.42 MBytes   141 Mbits/sec  0.105 ms  -6303/0 (0%)  
[2024-05-27 15:34:43.284167] [  5]   4.50-5.00   sec  13.0 MBytes   219 Mbits/sec  0.059 ms  -9769/0 (0%)  
[2024-05-27 15:34:43.284193] [  5]   5.00-5.50   sec  5.62 MBytes  94.3 Mbits/sec  0.071 ms  -4210/0 (0%)  
[2024-05-27 15:34:43.284219] [  5]   5.50-6.00   sec  7.29 MBytes   122 Mbits/sec  0.100 ms  -5459/0 (0%)  
[2024-05-27 15:34:43.284246] [  5]   6.00-6.50   sec  9.31 MBytes   156 Mbits/sec  0.113 ms  -6971/0 (0%)  
[2024-05-27 15:34:43.284273] [  5]   6.50-7.00   sec  8.82 MBytes   148 Mbits/sec  0.023 ms  2812/9416 (30%)  
[2024-05-27 15:34:43.284301] [  5]   7.00-7.50   sec  13.2 MBytes   222 Mbits/sec  0.016 ms  12431/22327 (56%)  
[2024-05-27 15:34:43.284331] [  5]   7.50-8.00   sec  21.2 MBytes   356 Mbits/sec  0.014 ms  6469/22368 (29%)  
[2024-05-27 15:34:43.284360] [  5]   8.00-8.50   sec  19.6 MBytes   329 Mbits/sec  0.099 ms  7569/22262 (34%)  
[2024-05-27 15:34:43.284389] [  5]   8.50-9.00   sec  16.1 MBytes   270 Mbits/sec  0.031 ms  10046/22111 (45%)  
[2024-05-27 15:34:43.284415] [  5]   9.00-9.50   sec  10.8 MBytes   180 Mbits/sec  0.038 ms  14301/22358 (64%)  
[2024-05-27 15:34:43.284440] [  5]   9.50-10.00  sec  15.1 MBytes   254 Mbits/sec  0.029 ms  11167/22496 (50%)  
[2024-05-27 15:34:43.284466] [  5]  10.00-10.50  sec  16.9 MBytes   283 Mbits/sec  0.087 ms  9614/22271 (43%)  
[2024-05-27 15:34:43.284492] [  5]  10.50-11.00  sec  15.1 MBytes   254 Mbits/sec  0.052 ms  11030/22340 (49%)  
[2024-05-27 15:34:43.284518] [  5]  11.00-11.50  sec  12.2 MBytes   205 Mbits/sec  0.024 ms  12989/22143 (59%)  
[2024-05-27 15:34:43.284544] [  5]  11.50-12.00  sec  16.8 MBytes   283 Mbits/sec  0.043 ms  9890/22503 (44%)  
[2024-05-27 15:34:43.284571] [  5]  12.00-12.50  sec  15.1 MBytes   254 Mbits/sec  0.052 ms  11002/22342 (49%)  
[2024-05-27 15:34:43.284596] [  5]  12.50-13.00  sec  16.8 MBytes   282 Mbits/sec  0.057 ms  9725/22325 (44%)  
[2024-05-27 15:34:43.284622] [  5]  13.00-13.50  sec  11.7 MBytes   196 Mbits/sec  0.166 ms  13551/22296 (61%)  
[2024-05-27 15:34:43.284647] [  5]  13.50-14.00  sec  18.1 MBytes   303 Mbits/sec  0.045 ms  8799/22320 (39%)  
[2024-05-27 15:34:43.284672] [  5]  14.00-14.50  sec  12.7 MBytes   213 Mbits/sec  0.101 ms  12780/22310 (57%)  
[2024-05-27 15:34:43.284697] [  5]  14.50-15.00  sec  12.8 MBytes   214 Mbits/sec  0.088 ms  12785/22349 (57%)  
[2024-05-27 15:34:43.284726] [  5]  15.00-15.50  sec  17.0 MBytes   286 Mbits/sec  0.029 ms  9576/22343 (43%)  
[2024-05-27 15:34:43.284751] [  5]  15.50-16.00  sec  16.5 MBytes   276 Mbits/sec  0.068 ms  9966/22297 (45%)  
[2024-05-27 15:34:43.284778] [  5]  16.00-16.50  sec  15.0 MBytes   252 Mbits/sec  0.018 ms  11040/22306 (49%)  
[2024-05-27 15:34:43.284805] [  5]  16.50-17.00  sec  14.5 MBytes   243 Mbits/sec  0.134 ms  11488/22320 (51%)  
[2024-05-27 15:34:43.284873] [  5]  17.00-17.50  sec  15.5 MBytes   260 Mbits/sec  0.046 ms  10734/22360 (48%)  
[2024-05-27 15:34:43.284900] [  5]  17.50-18.00  sec  20.6 MBytes   346 Mbits/sec  0.069 ms  6891/22322 (31%)  
[2024-05-27 15:34:43.284926] [  5]  18.00-18.50  sec  14.1 MBytes   236 Mbits/sec  0.075 ms  11731/22260 (53%)  
[2024-05-27 15:34:43.284952] [  5]  18.50-19.00  sec  18.1 MBytes   303 Mbits/sec  0.019 ms  8768/22307 (39%)  
[2024-05-27 15:34:43.284979] [  5]  19.00-19.50  sec  13.9 MBytes   234 Mbits/sec  0.036 ms  11948/22390 (53%)  
[2024-05-27 15:34:43.285007] [  5]  19.50-20.00  sec  11.9 MBytes   200 Mbits/sec  0.062 ms  13392/22312 (60%)  
[2024-05-27 15:34:43.285034] [  5]  20.00-20.50  sec  14.3 MBytes   240 Mbits/sec  0.022 ms  11609/22303 (52%)  
[2024-05-27 15:34:43.285060] [  5]  20.50-21.00  sec  8.25 MBytes   138 Mbits/sec  0.027 ms  15782/21960 (72%)  
[2024-05-27 15:34:43.285085] [  5]  21.00-21.50  sec  6.01 MBytes   101 Mbits/sec  0.081 ms  18004/22502 (80%)  
[2024-05-27 15:34:43.285111] [  5]  21.50-22.00  sec  6.80 MBytes   114 Mbits/sec  0.294 ms  16206/21298 (76%)  
[2024-05-27 15:34:43.285138] [  5]  22.00-22.50  sec  15.4 MBytes   259 Mbits/sec  0.118 ms  11890/23440 (51%)  
[2024-05-27 15:34:43.285164] [  5]  22.50-23.00  sec  18.4 MBytes   309 Mbits/sec  0.064 ms  8578/22381 (38%)  
[2024-05-27 15:35:07.782178] [  5]  23.00-23.50  sec  19.5 MBytes   328 Mbits/sec  0.018 ms  7677/22301 (34%)  
[2024-05-27 15:35:07.782468] [  5]  23.50-24.00  sec  24.3 MBytes   408 Mbits/sec  0.045 ms  4146/22346 (19%)  
[2024-05-27 15:35:07.782569] [  5]  24.00-24.50  sec  27.8 MBytes   466 Mbits/sec  0.015 ms  1569/22384 (7%)  
[2024-05-27 15:35:07.782654] [  5]  24.50-25.00  sec  26.1 MBytes   438 Mbits/sec  0.063 ms  2752/22317 (12%)  
[2024-05-27 15:35:07.782731] [  5]  25.00-25.50  sec  25.7 MBytes   430 Mbits/sec  0.033 ms  3024/22243 (14%)  
[2024-05-27 15:35:07.782805] [  5]  25.50-26.00  sec  20.7 MBytes   348 Mbits/sec  0.032 ms  6728/22263 (30%)  
[2024-05-27 15:35:07.782879] [  5]  26.00-26.50  sec  23.1 MBytes   388 Mbits/sec  0.016 ms  5033/22349 (23%)  
[2024-05-27 15:35:07.782956] [  5]  26.50-27.00  sec  25.9 MBytes   434 Mbits/sec  0.047 ms  3022/22418 (13%)  
[2024-05-27 15:35:07.783031] [  5]  27.00-27.50  sec  25.2 MBytes   423 Mbits/sec  0.011 ms  3364/22266 (15%)  
[2024-05-27 15:35:07.783103] [  5]  27.50-28.00  sec  20.9 MBytes   351 Mbits/sec  0.051 ms  6631/22284 (30%)  
[2024-05-27 15:35:07.783176] [  5]  28.00-28.50  sec  12.7 MBytes   213 Mbits/sec  0.036 ms  12833/22341 (57%)  
[2024-05-27 15:35:07.783249] [  5]  28.50-29.00  sec  21.2 MBytes   356 Mbits/sec  0.049 ms  6386/22278 (29%)  
[2024-05-27 15:35:07.783322] [  5]  29.00-29.50  sec  26.9 MBytes   452 Mbits/sec  0.087 ms  2204/22376 (9.8%)  
[2024-05-27 15:35:07.783394] [  5]  29.50-30.00  sec  26.7 MBytes   448 Mbits/sec  0.099 ms  2493/22489 (11%)  
[2024-05-27 15:35:07.783467] [  5]  30.00-30.50  sec  21.8 MBytes   366 Mbits/sec  0.121 ms  5744/22082 (26%)  
[2024-05-27 15:35:07.783541] [  5]  30.50-31.00  sec  16.8 MBytes   281 Mbits/sec  0.015 ms  9849/22400 (44%)  
[2024-05-27 15:35:07.783612] [  5]  31.00-31.50  sec  14.7 MBytes   247 Mbits/sec  0.019 ms  11308/22315 (51%)  
[2024-05-27 15:35:07.783686] [  5]  31.50-32.00  sec  8.65 MBytes   145 Mbits/sec  0.053 ms  15685/22161 (71%)  
[2024-05-27 15:35:07.783833] [  5]  32.00-32.50  sec  2.48 MBytes  41.6 Mbits/sec  0.053 ms  20531/22390 (92%)  
[2024-05-27 15:35:07.783922] [  5]  32.50-33.00  sec  14.5 MBytes   243 Mbits/sec  0.044 ms  11588/22432 (52%)  
[2024-05-27 15:35:07.783997] [  5]  33.00-33.50  sec  13.6 MBytes   228 Mbits/sec  0.012 ms  12132/22310 (54%)  
[2024-05-27 15:35:07.784068] [  5]  33.50-34.00  sec  20.6 MBytes   345 Mbits/sec  0.016 ms  6934/22352 (31%)  
[2024-05-27 15:35:07.784138] [  5]  34.00-34.50  sec  25.8 MBytes   433 Mbits/sec  0.023 ms  2961/22312 (13%)  
[2024-05-27 15:35:07.784210] [  5]  34.50-35.00  sec  25.9 MBytes   434 Mbits/sec  0.030 ms  3030/22408 (14%)  
[2024-05-27 15:35:07.784305] [  5]  35.00-35.50  sec  25.5 MBytes   427 Mbits/sec  0.012 ms  3136/22211 (14%)  
[2024-05-27 15:35:07.784380] [  5]  35.50-36.00  sec  14.7 MBytes   246 Mbits/sec  0.019 ms  11329/22318 (51%)  
[2024-05-27 15:35:07.784452] [  5]  36.00-36.50  sec  17.0 MBytes   284 Mbits/sec  0.022 ms  9607/22306 (43%)  
[2024-05-27 15:35:07.784523] [  5]  36.50-37.00  sec  12.5 MBytes   209 Mbits/sec  0.042 ms  13098/22451 (58%)  
[2024-05-27 15:35:07.784594] [  5]  37.00-37.50  sec  17.8 MBytes   299 Mbits/sec  0.051 ms  9028/22358 (40%)  
[2024-05-27 15:35:07.784670] [  5]  37.50-38.00  sec  22.8 MBytes   383 Mbits/sec  0.004 ms  4984/22084 (23%)  
[2024-05-27 15:35:07.784740] [  5]  38.00-38.50  sec  14.8 MBytes   249 Mbits/sec  0.067 ms  10720/21840 (49%)  
[2024-05-27 15:35:07.784812] [  5]  38.50-39.00  sec  22.0 MBytes   369 Mbits/sec  0.030 ms  6534/23008 (28%)  
[2024-05-27 15:35:07.784883] [  5]  39.00-39.50  sec  21.2 MBytes   356 Mbits/sec  0.017 ms  6448/22333 (29%)  
[2024-05-27 15:35:07.784964] [  5]  39.50-40.00  sec  21.2 MBytes   356 Mbits/sec  0.016 ms  5691/21606 (26%)  
[2024-05-27 15:35:07.785047] [  5]  40.00-40.50  sec  24.2 MBytes   406 Mbits/sec  0.018 ms  4941/23047 (21%)  
[2024-05-27 15:35:07.785118] [  5]  40.50-41.00  sec  23.2 MBytes   390 Mbits/sec  0.106 ms  4842/22238 (22%)  
[2024-05-27 15:35:07.785192] [  5]  41.00-41.50  sec  20.5 MBytes   344 Mbits/sec  0.058 ms  6602/21974 (30%)  
[2024-05-27 15:35:07.785264] [  5]  41.50-42.00  sec  14.4 MBytes   242 Mbits/sec  0.010 ms  11842/22661 (52%)  
[2024-05-27 15:35:07.785337] [  5]  42.00-42.50  sec  11.9 MBytes   199 Mbits/sec  0.012 ms  13469/22368 (60%)  
[2024-05-27 15:35:07.785409] [  5]  42.50-43.00  sec  23.3 MBytes   390 Mbits/sec  0.078 ms  4851/22279 (22%)  
[2024-05-27 15:35:07.785484] [  5]  43.00-43.50  sec  24.4 MBytes   409 Mbits/sec  0.018 ms  4101/22364 (18%)  
[2024-05-27 15:35:07.785558] [  5]  43.50-44.00  sec  19.5 MBytes   327 Mbits/sec  0.025 ms  7681/22296 (34%)  
[2024-05-27 15:35:07.785631] [  5]  44.00-44.50  sec  14.1 MBytes   237 Mbits/sec  0.021 ms  11164/21753 (51%)  
[2024-05-27 15:35:07.785705] [  5]  44.50-45.00  sec  16.6 MBytes   279 Mbits/sec  0.029 ms  10450/22900 (46%)  
[2024-05-27 15:35:07.785779] [  5]  45.00-45.50  sec  22.3 MBytes   374 Mbits/sec  0.029 ms  5633/22316 (25%)  
[2024-05-27 15:35:07.785850] [  5]  45.50-46.00  sec  20.9 MBytes   351 Mbits/sec  0.017 ms  6656/22303 (30%)  
[2024-05-27 15:35:07.785925] [  5]  46.00-46.50  sec  22.6 MBytes   379 Mbits/sec  0.043 ms  5371/22306 (24%)  
[2024-05-27 15:35:07.785996] [  5]  46.50-47.00  sec  21.1 MBytes   354 Mbits/sec  0.041 ms  6581/22387 (29%)  
[2024-05-27 15:35:07.786067] [  5]  47.00-47.50  sec  23.1 MBytes   387 Mbits/sec  0.065 ms  5044/22318 (23%)  
[2024-05-27 15:35:32.282327] [  5]  47.50-48.00  sec  23.8 MBytes   400 Mbits/sec  0.048 ms  4480/22325 (20%)  
[2024-05-27 15:35:32.282774] [  5]  48.00-48.50  sec  16.6 MBytes   279 Mbits/sec  0.059 ms  8876/21332 (42%)  
[2024-05-27 15:35:32.282894] [  5]  48.50-49.00  sec  21.2 MBytes   355 Mbits/sec  0.010 ms  7388/23245 (32%)  
[2024-05-27 15:35:32.282985] [  5]  49.00-49.50  sec  20.9 MBytes   350 Mbits/sec  0.011 ms  6602/22239 (30%)  
[2024-05-27 15:35:32.283072] [  5]  49.50-50.00  sec  10.5 MBytes   176 Mbits/sec  0.029 ms  14505/22342 (65%)  
[2024-05-27 15:35:32.283157] [  5]  50.00-50.50  sec  14.3 MBytes   239 Mbits/sec  0.045 ms  11601/22278 (52%)  
[2024-05-27 15:35:32.283238] [  5]  50.50-51.00  sec  13.9 MBytes   233 Mbits/sec  0.022 ms  11761/22155 (53%)  
[2024-05-27 15:35:32.283320] [  5]  51.00-51.50  sec  9.80 MBytes   164 Mbits/sec  0.075 ms  14755/22097 (67%)  
[2024-05-27 15:35:32.283401] [  5]  51.50-52.00  sec  12.9 MBytes   217 Mbits/sec  0.025 ms  12202/21884 (56%)  
[2024-05-27 15:35:32.283483] [  5]  52.00-52.50  sec  19.0 MBytes   319 Mbits/sec  0.047 ms  8938/23167 (39%)  
[2024-05-27 15:35:32.283566] [  5]  52.50-53.00  sec  22.0 MBytes   370 Mbits/sec  0.012 ms  5861/22373 (26%)  
[2024-05-27 15:35:32.283643] [  5]  53.00-53.50  sec  23.3 MBytes   391 Mbits/sec  0.043 ms  4837/22293 (22%)  
[2024-05-27 15:35:32.283833] [  5]  53.50-54.00  sec  23.1 MBytes   388 Mbits/sec  0.030 ms  5023/22327 (22%)  
[2024-05-27 15:35:32.283926] [  5]  54.00-54.50  sec  21.6 MBytes   361 Mbits/sec  0.111 ms  6155/22306 (28%)  
[2024-05-27 15:35:32.284015] [  5]  54.50-55.00  sec  19.9 MBytes   334 Mbits/sec  0.018 ms  7400/22305 (33%)  
[2024-05-27 15:35:32.284094] [  5]  55.00-55.50  sec  22.9 MBytes   384 Mbits/sec  0.017 ms  5197/22362 (23%)  
[2024-05-27 15:35:32.284173] [  5]  55.50-56.00  sec  21.8 MBytes   366 Mbits/sec  0.036 ms  5977/22309 (27%)  
[2024-05-27 15:35:32.284257] [  5]  56.00-56.50  sec  19.3 MBytes   323 Mbits/sec  0.039 ms  7851/22272 (35%)  
[2024-05-27 15:35:32.284338] [  5]  56.50-57.00  sec  16.4 MBytes   275 Mbits/sec  0.011 ms  10060/22349 (45%)  
[2024-05-27 15:35:32.284418] [  5]  57.00-57.50  sec  14.2 MBytes   239 Mbits/sec  0.027 ms  11611/22273 (52%)  
[2024-05-27 15:35:32.284495] [  5]  57.50-58.00  sec  16.8 MBytes   282 Mbits/sec  0.022 ms  9803/22408 (44%)  
[2024-05-27 15:35:32.284577] [  5]  58.00-58.50  sec  17.8 MBytes   298 Mbits/sec  0.089 ms  8964/22267 (40%)  
[2024-05-27 15:35:32.284657] [  5]  58.50-59.00  sec  19.4 MBytes   325 Mbits/sec  0.045 ms  7859/22357 (35%)  
[2024-05-27 15:35:32.284738] [  5]  59.00-59.50  sec  19.5 MBytes   327 Mbits/sec  0.057 ms  7764/22356 (35%)  
[2024-05-27 15:35:32.284816] [  5]  59.50-60.00  sec  19.2 MBytes   322 Mbits/sec  0.046 ms  7789/22173 (35%)  
[2024-05-27 15:35:32.284893] [  5]  60.00-60.50  sec  21.2 MBytes   355 Mbits/sec  0.029 ms  6546/22406 (29%)  
[2024-05-27 15:35:32.284971] [  5]  60.50-61.00  sec  18.3 MBytes   307 Mbits/sec  0.023 ms  8647/22337 (39%)  
[2024-05-27 15:35:32.285047] [  5]  61.00-61.50  sec  17.4 MBytes   292 Mbits/sec  0.022 ms  9311/22346 (42%)  
[2024-05-27 15:35:32.285122] [  5]  61.50-62.00  sec  20.1 MBytes   337 Mbits/sec  0.022 ms  7258/22317 (33%)  
[2024-05-27 15:35:32.285202] [  5]  62.00-62.50  sec  22.1 MBytes   371 Mbits/sec  0.071 ms  5769/22315 (26%)  
[2024-05-27 15:35:32.285281] [  5]  62.50-63.00  sec  21.6 MBytes   362 Mbits/sec  0.021 ms  6166/22311 (28%)  
[2024-05-27 15:35:32.285363] [  5]  63.00-63.50  sec  16.2 MBytes   271 Mbits/sec  0.097 ms  10236/22347 (46%)  
[2024-05-27 15:35:32.285447] [  5]  63.50-64.00  sec  16.5 MBytes   276 Mbits/sec  0.238 ms  9906/22291 (44%)  
[2024-05-27 15:35:32.285529] [  5]  64.00-64.50  sec  20.3 MBytes   342 Mbits/sec  0.020 ms  7178/22355 (32%)  
[2024-05-27 15:35:32.285607] [  5]  64.50-65.00  sec  20.5 MBytes   344 Mbits/sec  0.042 ms  6927/22306 (31%)  
[2024-05-27 15:35:32.285684] [  5]  65.00-65.50  sec  20.6 MBytes   345 Mbits/sec  0.014 ms  6895/22301 (31%)  
[2024-05-27 15:35:32.285765] [  5]  65.50-66.00  sec  20.8 MBytes   348 Mbits/sec  0.079 ms  6795/22339 (30%)  
[2024-05-27 15:35:32.285845] [  5]  66.00-66.50  sec  17.6 MBytes   296 Mbits/sec  0.057 ms  9104/22313 (41%)  
[2024-05-27 15:35:32.285924] [  5]  66.50-67.00  sec  8.74 MBytes   147 Mbits/sec  0.049 ms  14022/20569 (68%)  
[2024-05-27 15:35:32.286002] [  5]  67.00-67.50  sec  15.4 MBytes   259 Mbits/sec  0.018 ms  12197/23751 (51%)  
[2024-05-27 15:35:32.286078] [  5]  67.50-68.00  sec  18.6 MBytes   312 Mbits/sec  0.010 ms  8571/22509 (38%)  
[2024-05-27 15:35:32.286156] [  5]  68.00-68.50  sec  18.5 MBytes   311 Mbits/sec  0.041 ms  8634/22509 (38%)  
[2024-05-27 15:35:32.286233] [  5]  68.50-69.00  sec  19.6 MBytes   328 Mbits/sec  0.081 ms  7628/22292 (34%)  
[2024-05-27 15:35:32.286311] [  5]  69.00-69.50  sec  18.4 MBytes   309 Mbits/sec  0.037 ms  8560/22349 (38%)  
[2024-05-27 15:35:32.286390] [  5]  69.50-70.00  sec  17.6 MBytes   295 Mbits/sec  0.009 ms  9114/22304 (41%)  
[2024-05-27 15:35:32.286467] [  5]  70.00-70.50  sec  17.5 MBytes   294 Mbits/sec  0.126 ms  9131/22250 (41%)  
[2024-05-27 15:35:32.286549] [  5]  70.50-71.00  sec  17.7 MBytes   297 Mbits/sec  0.091 ms  9138/22386 (41%)  
[2024-05-27 15:35:32.286627] [  5]  71.00-71.50  sec  18.9 MBytes   316 Mbits/sec  0.017 ms  8234/22363 (37%)  
[2024-05-27 15:35:32.286718] [  5]  71.50-72.00  sec  19.3 MBytes   323 Mbits/sec  0.124 ms  7809/22249 (35%)  
[2024-05-27 15:35:57.282227] [  5]  72.00-72.50  sec  12.8 MBytes   214 Mbits/sec  0.008 ms  12854/22410 (57%)  
[2024-05-27 15:35:57.282758] [  5]  72.50-73.00  sec  16.6 MBytes   278 Mbits/sec  0.012 ms  9840/22266 (44%)  
[2024-05-27 15:35:57.282872] [  5]  73.00-73.50  sec  16.4 MBytes   276 Mbits/sec  0.055 ms  9985/22304 (45%)  
[2024-05-27 15:35:57.282960] [  5]  73.50-74.00  sec  16.2 MBytes   272 Mbits/sec  0.015 ms  9976/22127 (45%)  
[2024-05-27 15:35:57.283041] [  5]  74.00-74.50  sec  23.8 MBytes   400 Mbits/sec  0.009 ms  4730/22584 (21%)  
[2024-05-27 15:35:57.283118] [  5]  74.50-75.00  sec  24.1 MBytes   404 Mbits/sec  0.022 ms  4198/22215 (19%)  
[2024-05-27 15:35:57.283200] [  5]  75.00-75.50  sec  23.0 MBytes   386 Mbits/sec  0.069 ms  5069/22315 (23%)  
[2024-05-27 15:35:57.283277] [  5]  75.50-76.00  sec  19.5 MBytes   326 Mbits/sec  0.034 ms  7840/22408 (35%)  
[2024-05-27 15:35:57.283352] [  5]  76.00-76.50  sec  15.4 MBytes   258 Mbits/sec  0.025 ms  10718/22251 (48%)  
[2024-05-27 15:35:57.283431] [  5]  76.50-77.00  sec  14.4 MBytes   242 Mbits/sec  0.059 ms  11551/22361 (52%)  
[2024-05-27 15:35:57.283506] [  5]  77.00-77.50  sec  18.0 MBytes   302 Mbits/sec  0.020 ms  8874/22362 (40%)  
[2024-05-27 15:35:57.283580] [  5]  77.50-78.00  sec  18.9 MBytes   317 Mbits/sec  0.039 ms  8153/22311 (37%)  
[2024-05-27 15:35:57.283656] [  5]  78.00-78.50  sec  13.7 MBytes   230 Mbits/sec  0.011 ms  12037/22304 (54%)  
[2024-05-27 15:35:57.283790] [  5]  78.50-79.00  sec  18.9 MBytes   316 Mbits/sec  0.100 ms  8129/22249 (37%)  
[2024-05-27 15:35:57.283875] [  5]  79.00-79.50  sec  16.7 MBytes   280 Mbits/sec  0.040 ms  9918/22411 (44%)  
[2024-05-27 15:35:57.283952] [  5]  79.50-80.00  sec  15.1 MBytes   253 Mbits/sec  0.028 ms  10948/22242 (49%)  
[2024-05-27 15:35:57.284031] [  5]  80.00-80.50  sec  19.6 MBytes   329 Mbits/sec  0.049 ms  7703/22398 (34%)  
[2024-05-27 15:35:57.284105] [  5]  80.50-81.00  sec  21.6 MBytes   363 Mbits/sec  0.027 ms  6111/22303 (27%)  
[2024-05-27 15:35:57.284181] [  5]  81.00-81.50  sec  22.2 MBytes   373 Mbits/sec  0.010 ms  5677/22333 (25%)  
[2024-05-27 15:35:57.284257] [  5]  81.50-82.00  sec  13.3 MBytes   223 Mbits/sec  0.032 ms  12341/22295 (55%)  
[2024-05-27 15:35:57.284334] [  5]  82.00-82.50  sec  17.3 MBytes   290 Mbits/sec  0.020 ms  9396/22329 (42%)  
[2024-05-27 15:35:57.284413] [  5]  82.50-83.00  sec  17.4 MBytes   292 Mbits/sec  0.027 ms  9285/22318 (42%)  
[2024-05-27 15:35:57.284491] [  5]  83.00-83.50  sec  17.5 MBytes   294 Mbits/sec  0.025 ms  9204/22325 (41%)  
[2024-05-27 15:35:57.284569] [  5]  83.50-84.00  sec  11.7 MBytes   196 Mbits/sec  0.034 ms  13515/22262 (61%)  
[2024-05-27 15:35:57.284646] [  5]  84.00-84.50  sec  14.2 MBytes   238 Mbits/sec  0.123 ms  11437/22046 (52%)  
[2024-05-27 15:35:57.284721] [  5]  84.50-85.00  sec  15.9 MBytes   268 Mbits/sec  0.018 ms  10752/22694 (47%)  
[2024-05-27 15:35:57.284796] [  5]  85.00-85.50  sec  14.2 MBytes   238 Mbits/sec  0.060 ms  11540/22186 (52%)  
[2024-05-27 15:35:57.284872] [  5]  85.50-86.00  sec  10.4 MBytes   175 Mbits/sec  0.148 ms  14575/22393 (65%)  
[2024-05-27 15:35:57.284946] [  5]  86.00-86.50  sec  7.66 MBytes   129 Mbits/sec  0.155 ms  16552/22289 (74%)  
[2024-05-27 15:35:57.285027] [  5]  86.50-87.00  sec  8.15 MBytes   137 Mbits/sec  0.017 ms  16288/22391 (73%)  
[2024-05-27 15:35:57.285099] [  5]  87.00-87.50  sec  6.99 MBytes   117 Mbits/sec  0.133 ms  17005/22242 (76%)  
[2024-05-27 15:35:57.285172] [  5]  87.50-88.00  sec  11.0 MBytes   185 Mbits/sec  0.080 ms  13832/22086 (63%)  
[2024-05-27 15:35:57.285245] [  5]  88.00-88.50  sec  8.14 MBytes   137 Mbits/sec  0.033 ms  16522/22617 (73%)  
[2024-05-27 15:35:57.285318] [  5]  88.50-89.00  sec  20.8 MBytes   350 Mbits/sec  0.067 ms  6693/22306 (30%)  
[2024-05-27 15:35:57.285391] [  5]  89.00-89.50  sec  14.1 MBytes   237 Mbits/sec  0.171 ms  11431/22022 (52%)  
[2024-05-27 15:35:57.285467] [  5]  89.50-90.00  sec  13.7 MBytes   230 Mbits/sec  0.057 ms  12415/22667 (55%)  
[2024-05-27 15:35:57.285581] [  5]  90.00-90.50  sec  21.4 MBytes   359 Mbits/sec  0.030 ms  6245/22293 (28%)  
[2024-05-27 15:35:57.285656] [  5]  90.50-91.00  sec  18.4 MBytes   309 Mbits/sec  0.040 ms  8551/22325 (38%)  
[2024-05-27 15:35:57.285731] [  5]  91.00-91.50  sec  11.6 MBytes   194 Mbits/sec  0.050 ms  13632/22303 (61%)  
[2024-05-27 15:35:57.285807] [  5]  91.50-92.00  sec  13.2 MBytes   221 Mbits/sec  0.016 ms  12456/22342 (56%)  
[2024-05-27 15:35:57.285883] [  5]  92.00-92.50  sec  20.6 MBytes   346 Mbits/sec  0.028 ms  6750/22202 (30%)  
[2024-05-27 15:35:57.285958] [  5]  92.50-93.00  sec  26.2 MBytes   439 Mbits/sec  0.052 ms  2862/22465 (13%)  
[2024-05-27 15:35:57.286032] [  5]  93.00-93.50  sec  23.2 MBytes   389 Mbits/sec  0.041 ms  4912/22284 (22%)  
[2024-05-27 15:35:57.286107] [  5]  93.50-94.00  sec  26.9 MBytes   451 Mbits/sec  0.009 ms  2435/22568 (11%)  
[2024-05-27 15:35:57.286183] [  5]  94.00-94.50  sec  21.2 MBytes   356 Mbits/sec  0.014 ms  6262/22136 (28%)  
[2024-05-27 15:35:57.286256] [  5]  94.50-95.00  sec  23.8 MBytes   399 Mbits/sec  0.031 ms  4525/22351 (20%)  
[2024-05-27 15:35:57.286330] [  5]  95.00-95.50  sec  23.1 MBytes   387 Mbits/sec  0.013 ms  4983/22249 (22%)  
[2024-05-27 15:35:57.286403] [  5]  95.50-96.00  sec  21.1 MBytes   355 Mbits/sec  0.049 ms  6513/22347 (29%)  
[2024-05-27 15:35:57.286476] [  5]  96.00-96.50  sec  20.3 MBytes   341 Mbits/sec  0.015 ms  7035/22248 (32%)  
[2024-05-27 15:35:57.286550] [  5]  96.50-97.00  sec  10.3 MBytes   172 Mbits/sec  0.041 ms  14648/22331 (66%)  
[2024-05-27 15:36:19.978559] [  5]  97.00-97.50  sec  17.9 MBytes   301 Mbits/sec  0.014 ms  8962/22401 (40%)  
[2024-05-27 15:36:19.979057] [  5]  97.50-98.00  sec  17.9 MBytes   301 Mbits/sec  0.046 ms  8834/22256 (40%)  
[2024-05-27 15:36:19.979200] [  5]  98.00-98.50  sec  18.6 MBytes   313 Mbits/sec  0.017 ms  8389/22354 (38%)  
[2024-05-27 15:36:19.979516] [  5]  98.50-99.00  sec  16.0 MBytes   268 Mbits/sec  0.013 ms  10374/22355 (46%)  
[2024-05-27 15:36:19.979846] [  5]  99.00-99.50  sec  17.0 MBytes   286 Mbits/sec  0.080 ms  9476/22232 (43%)  
[2024-05-27 15:36:19.979964] [  5]  99.50-100.00 sec  19.5 MBytes   327 Mbits/sec  0.019 ms  7804/22409 (35%)  
[2024-05-27 15:36:19.980069] [  5] 100.00-100.50 sec  21.5 MBytes   361 Mbits/sec  0.074 ms  6118/22243 (28%)  
[2024-05-27 15:36:19.980284] [  5] 100.50-101.00 sec  15.9 MBytes   266 Mbits/sec  0.020 ms  10458/22331 (47%)  
[2024-05-27 15:36:19.980512] [  5] 101.00-101.50 sec  17.3 MBytes   289 Mbits/sec  0.019 ms  9381/22301 (42%)  
[2024-05-27 15:36:19.980739] [  5] 101.50-102.00 sec  18.5 MBytes   310 Mbits/sec  0.014 ms  8440/22283 (38%)  
[2024-05-27 15:36:19.981081] [  5] 102.00-102.50 sec  17.6 MBytes   296 Mbits/sec  0.025 ms  9196/22396 (41%)  
[2024-05-27 15:36:19.981222] [  5] 102.50-103.00 sec  19.6 MBytes   329 Mbits/sec  0.050 ms  7610/22309 (34%)  
[2024-05-27 15:36:19.981328] [  5] 103.00-103.50 sec  21.1 MBytes   354 Mbits/sec  0.023 ms  6541/22335 (29%)  
[2024-05-27 15:36:19.981426] [  5] 103.50-104.00 sec  21.7 MBytes   364 Mbits/sec  0.044 ms  6063/22313 (27%)  
[2024-05-27 15:36:19.981527] [  5] 104.00-104.50 sec  19.1 MBytes   321 Mbits/sec  0.023 ms  7844/22168 (35%)  
[2024-05-27 15:36:19.981629] [  5] 104.50-105.00 sec  21.8 MBytes   366 Mbits/sec  0.035 ms  6143/22477 (27%)  
[2024-05-27 15:36:19.981727] [  5] 105.00-105.50 sec  20.0 MBytes   335 Mbits/sec  0.046 ms  7365/22324 (33%)  
[2024-05-27 15:36:19.981828] [  5] 105.50-106.00 sec  17.0 MBytes   285 Mbits/sec  0.086 ms  9582/22301 (43%)  
[2024-05-27 15:36:19.981877] [  5] 106.00-106.50 sec  13.3 MBytes   223 Mbits/sec  0.062 ms  12359/22296 (55%)  
[2024-05-27 15:36:19.981926] [  5] 106.50-107.00 sec  19.9 MBytes   334 Mbits/sec  0.014 ms  7416/22339 (33%)  
[2024-05-27 15:36:19.981975] [  5] 107.00-107.50 sec  17.7 MBytes   297 Mbits/sec  0.015 ms  9087/22363 (41%)  
[2024-05-27 15:36:19.982025] [  5] 107.50-108.00 sec  15.9 MBytes   267 Mbits/sec  0.021 ms  10415/22318 (47%)  
[2024-05-27 15:36:19.982093] [  5] 108.00-108.50 sec  18.9 MBytes   317 Mbits/sec  0.071 ms  8130/22276 (36%)  
[2024-05-27 15:36:19.982142] [  5] 108.50-109.00 sec  15.4 MBytes   258 Mbits/sec  0.011 ms  10770/22297 (48%)  
[2024-05-27 15:36:19.982188] [  5] 109.00-109.50 sec  24.3 MBytes   408 Mbits/sec  0.026 ms  4152/22368 (19%)  
[2024-05-27 15:36:19.982233] [  5] 109.50-110.00 sec  23.7 MBytes   398 Mbits/sec  0.015 ms  4538/22320 (20%)  
[2024-05-27 15:36:19.982283] [  5] 110.00-110.50 sec  24.4 MBytes   409 Mbits/sec  0.112 ms  4048/22323 (18%)  
[2024-05-27 15:36:19.982333] [  5] 110.50-111.00 sec  18.3 MBytes   307 Mbits/sec  0.038 ms  8582/22300 (38%)  
[2024-05-27 15:36:19.982379] [  5] 111.00-111.50 sec  10.0 MBytes   168 Mbits/sec  0.031 ms  14871/22358 (67%)  
[2024-05-27 15:36:19.982424] [  5] 111.50-112.00 sec  12.4 MBytes   208 Mbits/sec  0.034 ms  13011/22293 (58%)  
[2024-05-27 15:36:19.982471] [  5] 112.00-112.50 sec  10.3 MBytes   173 Mbits/sec  0.030 ms  14703/22435 (66%)  
[2024-05-27 15:36:19.982518] [  5] 112.50-113.00 sec  17.6 MBytes   295 Mbits/sec  0.077 ms  9149/22322 (41%)  
[2024-05-27 15:36:19.982563] [  5] 113.00-113.50 sec  12.6 MBytes   211 Mbits/sec  0.102 ms  12932/22333 (58%)  
[2024-05-27 15:36:19.982610] [  5] 113.50-114.00 sec  15.3 MBytes   257 Mbits/sec  0.020 ms  10752/22248 (48%)  
[2024-05-27 15:36:19.982656] [  5] 114.00-114.50 sec  16.6 MBytes   278 Mbits/sec  0.020 ms  9979/22395 (45%)  
[2024-05-27 15:36:19.982703] [  5] 114.50-115.00 sec  16.1 MBytes   271 Mbits/sec  0.122 ms  10111/22201 (46%)  
[2024-05-27 15:36:19.982749] [  5] 115.00-115.50 sec  13.4 MBytes   225 Mbits/sec  0.073 ms  12392/22448 (55%)  
[2024-05-27 15:36:19.982795] [  5] 115.50-116.00 sec  16.8 MBytes   282 Mbits/sec  0.037 ms  9689/22297 (43%)  
[2024-05-27 15:36:19.982843] [  5] 116.00-116.50 sec  20.1 MBytes   337 Mbits/sec  0.034 ms  7246/22308 (32%)  
[2024-05-27 15:36:19.982891] [  5] 116.50-117.00 sec  20.8 MBytes   349 Mbits/sec  0.058 ms  6805/22376 (30%)  
[2024-05-27 15:36:19.982939] [  5] 117.00-117.50 sec  18.1 MBytes   305 Mbits/sec  0.058 ms  8711/22305 (39%)  
[2024-05-27 15:36:19.982986] [  5] 117.50-118.00 sec  9.77 MBytes   164 Mbits/sec  0.079 ms  14827/22144 (67%)  
[2024-05-27 15:36:19.983035] [  5] 118.00-118.50 sec  10.5 MBytes   176 Mbits/sec  0.042 ms  14616/22482 (65%)  
[2024-05-27 15:36:19.983104] [  5] 118.50-119.00 sec  19.8 MBytes   332 Mbits/sec  0.139 ms  7477/22285 (34%)  
[2024-05-27 15:36:19.983164] [  5] 119.00-119.50 sec  18.1 MBytes   304 Mbits/sec  0.057 ms  8804/22373 (39%)  
[2024-05-27 15:36:19.983211] [  5] 119.50-120.00 sec  11.4 MBytes   190 Mbits/sec  0.025 ms  13719/22221 (62%)  
[2024-05-27 15:36:19.983257] - - - - - - - - - - - - - - - - - - - - - - - - -
[2024-05-27 15:36:19.983303] [ ID] Interval           Transfer     Bitrate         Jitter    Lost/Total Datagrams
[2024-05-27 15:36:19.983349] [  5]   0.00-120.08 sec  6.99 GBytes   500 Mbits/sec  0.000 ms  0/5360784 (0%)  sender
[2024-05-27 15:36:19.983395] [SUM]  0.0-120.1 sec  81371 datagrams received out-of-order
[2024-05-27 15:36:19.983442] [  5]   0.00-120.00 sec  4.02 GBytes   288 Mbits/sec  0.025 ms  2275417/5357666 (42%)  receiver
[2024-05-27 15:36:19.983489] 
[2024-05-27 15:36:19.983537] iperf Done.
End time: 1716838580006
