Start time: 1716825610060
[2024-05-27 12:00:10.831635] nuttcp-r: v8.1.4: socket
[2024-05-27 12:00:10.832253] nuttcp-r: buflen=65536, nstream=1, port=5003 tcp
[2024-05-27 12:00:10.832300] nuttcp-r: interval reporting every 0.50 seconds
[2024-05-27 12:00:10.832330] nuttcp-r: connect to 35.245.244.238 with RTT=41.564 ms af=inet
[2024-05-27 12:00:10.832360] nuttcp-r: send window size = 1048576, receive window size = 1048576
[2024-05-27 12:00:10.832386] nuttcp-r: available send window = 786432, available receive window = 786432
[2024-05-27 12:00:10.832414]     3.2500 MB /   0.50 sec =   54.5155 Mbps     0 retrans     13 KB-cwnd
[2024-05-27 12:00:11.331457]    10.1250 MB /   0.50 sec =  169.8921 Mbps     0 retrans     13 KB-cwnd
[2024-05-27 12:00:11.831985]     6.8125 MB /   0.50 sec =  114.2868 Mbps     0 retrans     13 KB-cwnd
[2024-05-27 12:00:12.332063]     7.8125 MB /   0.50 sec =  131.0654 Mbps     0 retrans     13 KB-cwnd
[2024-05-27 12:00:12.831562]     6.1250 MB /   0.50 sec =  102.7660 Mbps     0 retrans     13 KB-cwnd
[2024-05-27 12:00:13.331471]     9.0000 MB /   0.50 sec =  150.9895 Mbps     0 retrans     13 KB-cwnd
[2024-05-27 12:00:13.831658]     9.4375 MB /   0.50 sec =  158.3483 Mbps     0 retrans     13 KB-cwnd
[2024-05-27 12:00:14.332374]    10.0000 MB /   0.50 sec =  167.6263 Mbps     0 retrans     13 KB-cwnd
[2024-05-27 12:00:14.831524]     9.5000 MB /   0.50 sec =  159.5128 Mbps     0 retrans     13 KB-cwnd
[2024-05-27 12:00:15.332720]     9.0000 MB /   0.50 sec =  150.8284 Mbps     0 retrans     13 KB-cwnd
[2024-05-27 12:00:15.831563]     9.0625 MB /   0.50 sec =  152.2049 Mbps     0 retrans     13 KB-cwnd
[2024-05-27 12:00:16.331500]     8.5625 MB /   0.50 sec =  143.6719 Mbps     0 retrans     13 KB-cwnd
[2024-05-27 12:00:16.831727]     9.5625 MB /   0.50 sec =  160.3831 Mbps     0 retrans     13 KB-cwnd
[2024-05-27 12:00:17.331964]    10.1875 MB /   0.50 sec =  170.9548 Mbps     0 retrans     13 KB-cwnd
[2024-05-27 12:00:17.832378]     9.0625 MB /   0.50 sec =  151.9092 Mbps     0 retrans     13 KB-cwnd
[2024-05-27 12:00:18.331495]     8.8125 MB /   0.50 sec =  147.9851 Mbps     0 retrans     13 KB-cwnd
[2024-05-27 12:00:18.831900]     8.8750 MB /   0.50 sec =  148.7957 Mbps     0 retrans     13 KB-cwnd
[2024-05-27 12:00:19.332434]     8.7500 MB /   0.50 sec =  146.7692 Mbps     0 retrans     15 KB-cwnd
[2024-05-27 12:00:19.832482]     9.6250 MB /   0.50 sec =  161.4765 Mbps     0 retrans     15 KB-cwnd
[2024-05-27 12:00:20.331996]     9.8750 MB /   0.50 sec =  165.8272 Mbps     0 retrans     15 KB-cwnd
[2024-05-27 12:00:20.831552]     9.3125 MB /   0.50 sec =  156.2400 Mbps     0 retrans     27 KB-cwnd
[2024-05-27 12:00:21.331504]     3.6875 MB /   0.50 sec =   61.8652 Mbps     0 retrans     27 KB-cwnd
[2024-05-27 12:00:21.831452]     7.8750 MB /   0.50 sec =  132.1274 Mbps     0 retrans     27 KB-cwnd
[2024-05-27 12:00:22.331555]     7.2500 MB /   0.50 sec =  121.6248 Mbps     0 retrans     27 KB-cwnd
[2024-05-27 12:00:22.831557]     8.3125 MB /   0.50 sec =  139.4737 Mbps     0 retrans     27 KB-cwnd
[2024-05-27 12:00:23.331797]    10.0000 MB /   0.50 sec =  167.6752 Mbps     0 retrans     27 KB-cwnd
[2024-05-27 12:00:23.832508]    11.5000 MB /   0.50 sec =  192.8412 Mbps     0 retrans     27 KB-cwnd
[2024-05-27 12:00:24.332415]    11.4375 MB /   0.50 sec =  191.9370 Mbps     0 retrans     27 KB-cwnd
[2024-05-27 12:00:24.831581]    13.3750 MB /   0.50 sec =  224.5511 Mbps     0 retrans     27 KB-cwnd
[2024-05-27 12:00:25.331883]    13.1250 MB /   0.50 sec =  220.2164 Mbps     0 retrans     27 KB-cwnd
[2024-05-27 12:00:25.831580]    13.0625 MB /   0.50 sec =  219.1436 Mbps     0 retrans     27 KB-cwnd
[2024-05-27 12:00:26.331806]    12.5000 MB /   0.50 sec =  209.7345 Mbps     0 retrans     28 KB-cwnd
[2024-05-27 12:00:26.831898]     7.7500 MB /   0.50 sec =  129.9161 Mbps     0 retrans     33 KB-cwnd
[2024-05-27 12:00:27.332067]    11.8125 MB /   0.50 sec =  198.1171 Mbps     0 retrans     34 KB-cwnd
[2024-05-27 12:00:27.832330]    12.5000 MB /   0.50 sec =  209.7828 Mbps     0 retrans     34 KB-cwnd
[2024-05-27 12:00:28.331538]    11.9375 MB /   0.50 sec =  200.4243 Mbps     0 retrans     38 KB-cwnd
[2024-05-27 12:00:28.831423]    13.9375 MB /   0.50 sec =  233.8586 Mbps     0 retrans     38 KB-cwnd
[2024-05-27 12:00:29.331897]    12.1875 MB /   0.50 sec =  204.4494 Mbps     0 retrans     48 KB-cwnd
[2024-05-27 12:00:29.831440]    11.3125 MB /   0.50 sec =  189.8044 Mbps     0 retrans     48 KB-cwnd
[2024-05-27 12:00:30.331486]    13.1250 MB /   0.50 sec =  220.2001 Mbps     0 retrans     48 KB-cwnd
[2024-05-27 12:00:30.831386]    13.4375 MB /   0.50 sec =  225.4556 Mbps     0 retrans     48 KB-cwnd
[2024-05-27 12:00:31.331802]    11.5000 MB /   0.50 sec =  192.8138 Mbps     0 retrans     49 KB-cwnd
[2024-05-27 12:00:31.831536]    12.3125 MB /   0.50 sec =  206.6815 Mbps   214 retrans   2092 KB-cwnd
[2024-05-27 12:00:32.331882]    12.0000 MB /   0.50 sec =  201.3314 Mbps     0 retrans   2092 KB-cwnd
[2024-05-27 12:00:32.832046]    12.5625 MB /   0.50 sec =  210.7360 Mbps     0 retrans   2095 KB-cwnd
[2024-05-27 12:00:33.332913]    13.0000 MB /   0.50 sec =  217.9216 Mbps     0 retrans   2095 KB-cwnd
[2024-05-27 12:00:33.831409]    11.8750 MB /   0.50 sec =  199.4377 Mbps     0 retrans   2095 KB-cwnd
[2024-05-27 12:00:34.332440]    13.3750 MB /   0.50 sec =  224.1706 Mbps     0 retrans   2095 KB-cwnd
[2024-05-27 12:00:34.832058]    13.0625 MB /   0.50 sec =  219.3401 Mbps     0 retrans   2095 KB-cwnd
[2024-05-27 12:00:35.333079]    10.9375 MB /   0.50 sec =  182.9851 Mbps     0 retrans   2095 KB-cwnd
[2024-05-27 12:00:35.832714]    12.5000 MB /   0.50 sec =  210.0858 Mbps     0 retrans   2095 KB-cwnd
[2024-05-27 12:00:36.333891]    10.5000 MB /   0.50 sec =  175.7457 Mbps     0 retrans   1856 KB-cwnd
[2024-05-27 12:00:36.831571]     6.1875 MB /   0.50 sec =  104.1638 Mbps     0 retrans   1856 KB-cwnd
[2024-05-27 12:00:37.332317]    11.1875 MB /   0.50 sec =  187.4409 Mbps     0 retrans   1856 KB-cwnd
[2024-05-27 12:00:37.831417]    15.8750 MB /   0.50 sec =  266.7379 Mbps     9 retrans   3102 KB-cwnd
[2024-05-27 12:00:38.331951]    14.3125 MB /   0.50 sec =  240.1023 Mbps     0 retrans   3102 KB-cwnd
[2024-05-27 12:00:38.831597]     9.6875 MB /   0.50 sec =  162.5173 Mbps     0 retrans   3102 KB-cwnd
[2024-05-27 12:00:39.331426]     8.9375 MB /   0.50 sec =  149.9707 Mbps     0 retrans   3102 KB-cwnd
[2024-05-27 12:00:39.833122]     3.3125 MB /   0.50 sec =   55.4001 Mbps     0 retrans   3102 KB-cwnd
[2024-05-27 12:00:40.331517]     7.6250 MB /   0.50 sec =  128.3246 Mbps     0 retrans   3102 KB-cwnd
[2024-05-27 12:00:40.831497]     8.6875 MB /   0.50 sec =  145.7407 Mbps     0 retrans   3102 KB-cwnd
[2024-05-27 12:00:41.331571]     9.1875 MB /   0.50 sec =  154.1277 Mbps     0 retrans   3102 KB-cwnd
[2024-05-27 12:00:41.833016]     8.8750 MB /   0.50 sec =  148.4983 Mbps     0 retrans   3102 KB-cwnd
[2024-05-27 12:00:42.332211]    11.3750 MB /   0.50 sec =  191.3886 Mbps     0 retrans   3102 KB-cwnd
[2024-05-27 12:00:42.832041]    14.9375 MB /   0.50 sec =  250.3763 Mbps     0 retrans   3102 KB-cwnd
[2024-05-27 12:00:43.331826]    16.1250 MB /   0.50 sec =  270.6160 Mbps     0 retrans   3102 KB-cwnd
[2024-05-27 12:00:43.832538]    12.2500 MB /   0.50 sec =  205.4404 Mbps     0 retrans   3102 KB-cwnd
[2024-05-27 12:00:44.332124]    15.2500 MB /   0.50 sec =  256.1143 Mbps    11 retrans   3286 KB-cwnd
[2024-05-27 12:00:44.832092]    16.5000 MB /   0.50 sec =  276.5232 Mbps     0 retrans   3286 KB-cwnd
[2024-05-27 12:00:45.332014]    16.0625 MB /   0.50 sec =  269.7619 Mbps     0 retrans   3286 KB-cwnd
[2024-05-27 12:00:45.833078]    14.1250 MB /   0.50 sec =  236.4816 Mbps     0 retrans   3286 KB-cwnd
[2024-05-27 12:00:46.331495]    16.5000 MB /   0.50 sec =  277.4189 Mbps     0 retrans   3286 KB-cwnd
[2024-05-27 12:00:46.831580]    17.0000 MB /   0.50 sec =  285.1824 Mbps     0 retrans   3286 KB-cwnd
[2024-05-27 12:00:47.331569]    15.1250 MB /   0.50 sec =  253.7691 Mbps     0 retrans   3286 KB-cwnd
[2024-05-27 12:00:47.831524]    13.1875 MB /   0.50 sec =  221.2540 Mbps     0 retrans   3286 KB-cwnd
[2024-05-27 12:00:48.331570]    12.8750 MB /   0.50 sec =  216.0205 Mbps     0 retrans   3286 KB-cwnd
[2024-05-27 12:00:48.831579]    14.1875 MB /   0.50 sec =  237.9487 Mbps     8 retrans   4342 KB-cwnd
[2024-05-27 12:00:49.332114]    14.7500 MB /   0.50 sec =  247.2725 Mbps     0 retrans   4342 KB-cwnd
[2024-05-27 12:00:49.831548]    15.7500 MB /   0.50 sec =  264.5094 Mbps     0 retrans   4358 KB-cwnd
[2024-05-27 12:00:50.332111]    14.5625 MB /   0.50 sec =  244.2630 Mbps     0 retrans   4358 KB-cwnd
[2024-05-27 12:00:50.831546]    16.6250 MB /   0.50 sec =  278.9731 Mbps     0 retrans   4358 KB-cwnd
[2024-05-27 12:00:51.332407]    18.0625 MB /   0.50 sec =  302.8132 Mbps     0 retrans   4358 KB-cwnd
[2024-05-27 12:00:51.831590]    15.1250 MB /   0.50 sec =  253.9377 Mbps     0 retrans   4358 KB-cwnd
[2024-05-27 12:00:52.331574]    10.0625 MB /   0.50 sec =  168.7964 Mbps     0 retrans   4358 KB-cwnd
[2024-05-27 12:00:52.831538]     5.5000 MB /   0.50 sec =   92.2930 Mbps     0 retrans   4358 KB-cwnd
[2024-05-27 12:00:53.332016]     7.0000 MB /   0.50 sec =  117.3431 Mbps     0 retrans   4358 KB-cwnd
[2024-05-27 12:00:53.831500]     6.8125 MB /   0.50 sec =  114.3941 Mbps     0 retrans   4358 KB-cwnd
[2024-05-27 12:00:54.331557]     6.0625 MB /   0.50 sec =  101.7096 Mbps     0 retrans   4358 KB-cwnd
[2024-05-27 12:00:54.831457]    12.1875 MB /   0.50 sec =  204.4858 Mbps  7138 retrans   3462 KB-cwnd
[2024-05-27 12:00:55.332546]    12.2500 MB /   0.50 sec =  205.2943 Mbps     0 retrans   3462 KB-cwnd
[2024-05-27 12:00:55.831530]    14.3750 MB /   0.50 sec =  241.4182 Mbps     0 retrans   3462 KB-cwnd
[2024-05-27 12:00:56.331581]    13.3750 MB /   0.50 sec =  224.4146 Mbps     0 retrans   3462 KB-cwnd
[2024-05-27 12:00:56.831922]     9.9375 MB /   0.50 sec =  166.5913 Mbps     0 retrans   3462 KB-cwnd
[2024-05-27 12:00:57.332450]     8.6250 MB /   0.50 sec =  144.6734 Mbps     0 retrans   3462 KB-cwnd
[2024-05-27 12:00:57.832335]    13.5000 MB /   0.50 sec =  226.3539 Mbps     0 retrans   3462 KB-cwnd
[2024-05-27 12:00:58.331981]     7.7500 MB /   0.50 sec =  130.1127 Mbps     0 retrans   3462 KB-cwnd
[2024-05-27 12:00:58.832034]    11.7500 MB /   0.50 sec =  197.2992 Mbps     0 retrans   3462 KB-cwnd
[2024-05-27 12:00:59.333226]     6.8750 MB /   0.50 sec =  115.0844 Mbps     0 retrans   3462 KB-cwnd
[2024-05-27 12:00:59.831559]    10.1875 MB /   0.50 sec =  171.3140 Mbps     0 retrans   3462 KB-cwnd
[2024-05-27 12:01:00.331864]    10.0625 MB /   0.50 sec =  168.6969 Mbps     0 retrans   3462 KB-cwnd
[2024-05-27 12:01:00.831437]    11.3750 MB /   0.50 sec =  190.9917 Mbps     0 retrans   3492 KB-cwnd
[2024-05-27 12:01:01.332020]     9.5000 MB /   0.50 sec =  159.2224 Mbps    15 retrans   3586 KB-cwnd
[2024-05-27 12:01:01.831803]     8.9375 MB /   0.50 sec =  150.0814 Mbps     0 retrans   3586 KB-cwnd
[2024-05-27 12:01:02.332885]     4.3750 MB /   0.50 sec =   73.2164 Mbps     0 retrans   3586 KB-cwnd
[2024-05-27 12:01:02.831514]    11.1250 MB /   0.50 sec =  187.1263 Mbps     0 retrans   3586 KB-cwnd
[2024-05-27 12:01:03.332074]     2.7500 MB /   0.50 sec =   46.0918 Mbps     0 retrans   3586 KB-cwnd
[2024-05-27 12:01:03.831744]    12.0625 MB /   0.50 sec =  202.5040 Mbps     0 retrans   3586 KB-cwnd
[2024-05-27 12:01:04.331599]    10.5625 MB /   0.50 sec =  177.2462 Mbps     0 retrans   3586 KB-cwnd
[2024-05-27 12:01:04.831510]    11.9375 MB /   0.50 sec =  200.3069 Mbps     0 retrans   3586 KB-cwnd
[2024-05-27 12:01:05.332015]     6.8125 MB /   0.50 sec =  114.2946 Mbps     0 retrans   3586 KB-cwnd
[2024-05-27 12:01:05.831421]    11.9375 MB /   0.50 sec =  200.2876 Mbps     0 retrans   3586 KB-cwnd
[2024-05-27 12:01:06.331696]    11.1250 MB /   0.50 sec =  186.6271 Mbps     0 retrans   3586 KB-cwnd
[2024-05-27 12:01:06.831512]     5.1875 MB /   0.50 sec =   87.0369 Mbps     0 retrans   3586 KB-cwnd
[2024-05-27 12:01:07.332073]     3.1875 MB /   0.50 sec =   53.4765 Mbps     0 retrans   3586 KB-cwnd
[2024-05-27 12:01:07.831546]    10.2500 MB /   0.50 sec =  171.9637 Mbps     0 retrans   3586 KB-cwnd
[2024-05-27 12:01:08.331534]    11.5000 MB /   0.50 sec =  192.9426 Mbps     0 retrans   3586 KB-cwnd
[2024-05-27 12:01:08.831476]    11.6250 MB /   0.50 sec =  195.0406 Mbps     0 retrans   3586 KB-cwnd
[2024-05-27 12:01:09.331801]    10.8750 MB /   0.50 sec =  182.4533 Mbps  4291 retrans   2719 KB-cwnd
[2024-05-27 12:01:09.831591]     7.2500 MB /   0.50 sec =  121.6219 Mbps     0 retrans   2719 KB-cwnd
[2024-05-27 12:01:10.331578]     4.8125 MB /   0.50 sec =   80.7423 Mbps     0 retrans   2719 KB-cwnd
[2024-05-27 12:01:10.832031]     7.2500 MB /   0.50 sec =  121.6387 Mbps     0 retrans   2719 KB-cwnd
[2024-05-27 12:01:11.331588]     8.0625 MB /   0.50 sec =  135.2604 Mbps     0 retrans   2719 KB-cwnd
[2024-05-27 12:01:11.832156]     5.1875 MB /   0.50 sec =   87.0301 Mbps     0 retrans   2719 KB-cwnd
[2024-05-27 12:01:12.331938]     8.1250 MB /   0.50 sec =  136.2116 Mbps     0 retrans   2719 KB-cwnd
[2024-05-27 12:01:12.832463]     8.3125 MB /   0.50 sec =  139.4467 Mbps     0 retrans   2719 KB-cwnd
[2024-05-27 12:01:13.331416]     7.3750 MB /   0.50 sec =  123.8586 Mbps     0 retrans   2719 KB-cwnd
[2024-05-27 12:01:13.831427]     7.3125 MB /   0.50 sec =  122.6831 Mbps     0 retrans   2719 KB-cwnd
[2024-05-27 12:01:14.333407]     5.8125 MB /   0.50 sec =   97.2664 Mbps     0 retrans   2719 KB-cwnd
[2024-05-27 12:01:14.831966]     8.4375 MB /   0.50 sec =  141.9123 Mbps     0 retrans   2719 KB-cwnd
[2024-05-27 12:01:15.332577]     8.9375 MB /   0.50 sec =  149.8067 Mbps     0 retrans   2719 KB-cwnd
[2024-05-27 12:01:15.831431]     9.1250 MB /   0.50 sec =  153.2417 Mbps     0 retrans   2719 KB-cwnd
[2024-05-27 12:01:16.332063]     8.7500 MB /   0.50 sec =  146.6472 Mbps     0 retrans   2719 KB-cwnd
[2024-05-27 12:01:16.832493]     8.0000 MB /   0.50 sec =  134.2397 Mbps     0 retrans    954 KB-cwnd
[2024-05-27 12:01:17.332379]     8.1250 MB /   0.50 sec =  136.3042 Mbps     1 retrans    954 KB-cwnd
[2024-05-27 12:01:17.831726]    11.0000 MB /   0.50 sec =  184.7097 Mbps     0 retrans    954 KB-cwnd
[2024-05-27 12:01:18.332554]     8.3750 MB /   0.50 sec =  140.3677 Mbps   616 retrans   2505 KB-cwnd
[2024-05-27 12:01:18.831972]     9.8125 MB /   0.50 sec =  164.6544 Mbps     0 retrans   2505 KB-cwnd
[2024-05-27 12:01:19.332641]     7.5000 MB /   0.50 sec =  125.6771 Mbps     0 retrans   2505 KB-cwnd
[2024-05-27 12:01:19.832026]     8.6250 MB /   0.50 sec =  145.0045 Mbps     0 retrans   2505 KB-cwnd
[2024-05-27 12:01:20.331643]    12.1250 MB /   0.50 sec =  203.4262 Mbps     0 retrans   2682 KB-cwnd
[2024-05-27 12:01:20.832004]     8.9375 MB /   0.50 sec =  149.8921 Mbps     0 retrans   2682 KB-cwnd
[2024-05-27 12:01:21.332501]    11.1250 MB /   0.50 sec =  186.5503 Mbps     0 retrans   2682 KB-cwnd
[2024-05-27 12:01:21.831703]     4.7500 MB /   0.50 sec =   79.7406 Mbps     0 retrans   2684 KB-cwnd
[2024-05-27 12:01:22.332031]    11.0000 MB /   0.50 sec =  184.6000 Mbps     0 retrans   2684 KB-cwnd
[2024-05-27 12:01:22.831550]     8.1250 MB /   0.50 sec =  136.3203 Mbps     0 retrans   2684 KB-cwnd
[2024-05-27 12:01:23.332075]     6.8125 MB /   0.50 sec =  114.2171 Mbps     0 retrans   2684 KB-cwnd
[2024-05-27 12:01:23.832110]    12.0625 MB /   0.50 sec =  202.2914 Mbps     0 retrans   2684 KB-cwnd
[2024-05-27 12:01:24.331417]    11.5000 MB /   0.50 sec =  193.1508 Mbps     0 retrans   2684 KB-cwnd
[2024-05-27 12:01:24.831771]    10.0625 MB /   0.50 sec =  168.7043 Mbps     0 retrans   2684 KB-cwnd
[2024-05-27 12:01:25.331855]     9.4375 MB /   0.50 sec =  158.3641 Mbps     0 retrans   2684 KB-cwnd
[2024-05-27 12:01:25.831480]     3.7500 MB /   0.50 sec =   62.9438 Mbps     0 retrans   2684 KB-cwnd
[2024-05-27 12:01:26.332444]    10.0625 MB /   0.50 sec =  168.6757 Mbps  2644 retrans   2725 KB-cwnd
[2024-05-27 12:01:26.831548]     5.5000 MB /   0.50 sec =   92.3508 Mbps     0 retrans   2725 KB-cwnd
[2024-05-27 12:01:27.331517]     9.4375 MB /   0.50 sec =  158.3419 Mbps     0 retrans   2725 KB-cwnd
[2024-05-27 12:01:27.831428]    11.0625 MB /   0.50 sec =  185.6065 Mbps     0 retrans   2725 KB-cwnd
[2024-05-27 12:01:28.332020]     8.7500 MB /   0.50 sec =  146.6569 Mbps     0 retrans   2725 KB-cwnd
[2024-05-27 12:01:28.831518]     8.5625 MB /   0.50 sec =  143.7953 Mbps     0 retrans   2725 KB-cwnd
[2024-05-27 12:01:29.332465]     8.0000 MB /   0.50 sec =  134.2083 Mbps     0 retrans   2725 KB-cwnd
[2024-05-27 12:01:29.831475]     7.9375 MB /   0.50 sec =  133.1777 Mbps     0 retrans   2725 KB-cwnd
[2024-05-27 12:01:30.332480]     8.1875 MB /   0.50 sec =  137.2526 Mbps     0 retrans   2725 KB-cwnd
[2024-05-27 12:01:30.831455]     8.2500 MB /   0.50 sec =  138.5259 Mbps     0 retrans   2725 KB-cwnd
[2024-05-27 12:01:31.331829]     8.7500 MB /   0.50 sec =  146.7948 Mbps     0 retrans   2725 KB-cwnd
[2024-05-27 12:01:31.831608]     5.8750 MB /   0.50 sec =   98.5541 Mbps     0 retrans   2747 KB-cwnd
[2024-05-27 12:01:32.331520]     3.6250 MB /   0.50 sec =   60.8256 Mbps     0 retrans   2747 KB-cwnd
[2024-05-27 12:01:32.831426]     9.8125 MB /   0.50 sec =  164.6274 Mbps     0 retrans   2747 KB-cwnd
[2024-05-27 12:01:33.332632]     7.1875 MB /   0.50 sec =  120.4590 Mbps     0 retrans   2747 KB-cwnd
[2024-05-27 12:01:33.832633]     8.5625 MB /   0.50 sec =  143.6322 Mbps     0 retrans   2747 KB-cwnd
[2024-05-27 12:01:34.331947]     8.4375 MB /   0.50 sec =  141.7244 Mbps     0 retrans   2747 KB-cwnd
[2024-05-27 12:01:34.832019]    10.7500 MB /   0.50 sec =  180.1832 Mbps   417 retrans   2648 KB-cwnd
[2024-05-27 12:01:35.331486]    11.1250 MB /   0.50 sec =  186.8285 Mbps     0 retrans   2648 KB-cwnd
[2024-05-27 12:01:35.831451]     9.1875 MB /   0.50 sec =  154.1453 Mbps     0 retrans   2648 KB-cwnd
[2024-05-27 12:01:36.331731]    10.3750 MB /   0.50 sec =  174.0121 Mbps     0 retrans   2648 KB-cwnd
[2024-05-27 12:01:36.832051]    10.6250 MB /   0.50 sec =  178.1133 Mbps     0 retrans   2648 KB-cwnd
[2024-05-27 12:01:37.332507]    10.6875 MB /   0.50 sec =  179.3248 Mbps     0 retrans   2648 KB-cwnd
[2024-05-27 12:01:37.832048]    12.1875 MB /   0.50 sec =  204.6614 Mbps     0 retrans   2648 KB-cwnd
[2024-05-27 12:01:38.331936]    11.7500 MB /   0.50 sec =  196.9755 Mbps     0 retrans   2648 KB-cwnd
[2024-05-27 12:01:38.831536]    11.3125 MB /   0.50 sec =  189.9469 Mbps     0 retrans   2648 KB-cwnd
[2024-05-27 12:01:39.331394]     9.7500 MB /   0.50 sec =  163.5919 Mbps     0 retrans   2095 KB-cwnd
[2024-05-27 12:01:39.832027]    11.3750 MB /   0.50 sec =  190.6570 Mbps     0 retrans   2095 KB-cwnd
[2024-05-27 12:01:40.332563]    10.3750 MB /   0.50 sec =  174.0424 Mbps     0 retrans   2095 KB-cwnd
[2024-05-27 12:01:40.831554]    11.0625 MB /   0.50 sec =  185.7834 Mbps     0 retrans   2095 KB-cwnd
[2024-05-27 12:01:41.331987]     8.7500 MB /   0.50 sec =  146.8062 Mbps   681 retrans   2549 KB-cwnd
[2024-05-27 12:01:41.831548]     8.5625 MB /   0.50 sec =  143.6474 Mbps     0 retrans   2549 KB-cwnd
[2024-05-27 12:01:42.331401]    11.9375 MB /   0.50 sec =  200.2916 Mbps     0 retrans   2549 KB-cwnd
[2024-05-27 12:01:42.831910]    14.1875 MB /   0.50 sec =  238.0125 Mbps     0 retrans   2549 KB-cwnd
[2024-05-27 12:01:43.332022]     7.7500 MB /   0.50 sec =  129.8995 Mbps     0 retrans   2549 KB-cwnd
[2024-05-27 12:01:43.831549]    15.5000 MB /   0.50 sec =  260.2999 Mbps     0 retrans   2549 KB-cwnd
[2024-05-27 12:01:44.331504]    16.3125 MB /   0.50 sec =  273.7002 Mbps     0 retrans   2549 KB-cwnd
[2024-05-27 12:01:44.831535]    10.1250 MB /   0.50 sec =  169.8221 Mbps     0 retrans   2549 KB-cwnd
[2024-05-27 12:01:45.331917]     8.8750 MB /   0.50 sec =  148.8121 Mbps     0 retrans   2549 KB-cwnd
[2024-05-27 12:01:45.832057]    12.3750 MB /   0.50 sec =  207.7818 Mbps     0 retrans   2549 KB-cwnd
[2024-05-27 12:01:46.332144]    16.5625 MB /   0.50 sec =  277.5507 Mbps     0 retrans   2549 KB-cwnd
[2024-05-27 12:01:46.831415]    12.3750 MB /   0.50 sec =  207.8696 Mbps     0 retrans   2257 KB-cwnd
[2024-05-27 12:01:47.332034]    14.9375 MB /   0.50 sec =  250.5771 Mbps   259 retrans   2469 KB-cwnd
[2024-05-27 12:01:47.831520]    15.6875 MB /   0.50 sec =  263.2073 Mbps     0 retrans   2469 KB-cwnd
[2024-05-27 12:01:48.332470]    17.0625 MB /   0.50 sec =  286.2624 Mbps     0 retrans   2444 KB-cwnd
[2024-05-27 12:01:48.831564]    13.7500 MB /   0.50 sec =  230.6650 Mbps     0 retrans   2458 KB-cwnd
[2024-05-27 12:01:49.331930]    15.7500 MB /   0.50 sec =  264.2745 Mbps     0 retrans   2458 KB-cwnd
[2024-05-27 12:01:49.832395]    12.1250 MB /   0.50 sec =  203.4270 Mbps     0 retrans   2458 KB-cwnd
[2024-05-27 12:01:50.332019]    12.0000 MB /   0.50 sec =  201.3238 Mbps     0 retrans   2458 KB-cwnd
[2024-05-27 12:01:50.832096]    14.0000 MB /   0.50 sec =  234.6548 Mbps     0 retrans   2458 KB-cwnd
[2024-05-27 12:01:51.331547]    14.0000 MB /   0.50 sec =  235.0921 Mbps     0 retrans   2458 KB-cwnd
[2024-05-27 12:01:51.831564]    17.0000 MB /   0.50 sec =  285.2172 Mbps    13 retrans   2868 KB-cwnd
[2024-05-27 12:01:52.331927]    14.1250 MB /   0.50 sec =  236.9919 Mbps     0 retrans   2868 KB-cwnd
[2024-05-27 12:01:52.831486]    11.4375 MB /   0.50 sec =  191.8925 Mbps     0 retrans   2868 KB-cwnd
[2024-05-27 12:01:53.331397]    14.0625 MB /   0.50 sec =  235.9409 Mbps     0 retrans   2868 KB-cwnd
[2024-05-27 12:01:53.832054]    16.7500 MB /   0.50 sec =  280.6709 Mbps     0 retrans   2868 KB-cwnd
[2024-05-27 12:01:54.332534]    15.6875 MB /   0.50 sec =  263.2379 Mbps     0 retrans   2868 KB-cwnd
[2024-05-27 12:01:54.831434]    14.2500 MB /   0.50 sec =  239.3233 Mbps     0 retrans   2868 KB-cwnd
[2024-05-27 12:01:55.331524]    14.6250 MB /   0.50 sec =  245.3516 Mbps     0 retrans   2868 KB-cwnd
[2024-05-27 12:01:55.831649]    12.9375 MB /   0.50 sec =  217.0283 Mbps     0 retrans   2868 KB-cwnd
[2024-05-27 12:01:56.332565]    18.0000 MB /   0.50 sec =  301.7431 Mbps     0 retrans   2868 KB-cwnd
[2024-05-27 12:01:56.831528]    12.5625 MB /   0.50 sec =  210.9659 Mbps  1468 retrans   3910 KB-cwnd
[2024-05-27 12:01:57.332097]    15.0625 MB /   0.50 sec =  252.4544 Mbps     0 retrans   3910 KB-cwnd
[2024-05-27 12:01:57.831539]    14.3750 MB /   0.50 sec =  241.4033 Mbps     0 retrans   3910 KB-cwnd
[2024-05-27 12:01:58.332004]    10.1875 MB /   0.50 sec =  170.7697 Mbps     0 retrans   3910 KB-cwnd
[2024-05-27 12:01:58.831532]    16.1875 MB /   0.50 sec =  271.8139 Mbps     0 retrans   3910 KB-cwnd
[2024-05-27 12:01:59.331499]     8.0625 MB /   0.50 sec =  135.2736 Mbps     0 retrans   3910 KB-cwnd
[2024-05-27 12:01:59.832243]    16.8750 MB /   0.50 sec =  283.0278 Mbps     0 retrans   3910 KB-cwnd
[2024-05-27 12:02:00.331444]    12.0000 MB /   0.50 sec =  201.3975 Mbps     0 retrans   3910 KB-cwnd
[2024-05-27 12:02:00.832496]     9.5625 MB /   0.50 sec =  160.1333 Mbps     0 retrans   3910 KB-cwnd
[2024-05-27 12:02:01.332501]    11.9375 MB /   0.50 sec =  200.4556 Mbps     0 retrans   3910 KB-cwnd
[2024-05-27 12:02:01.832544]    11.1875 MB /   0.50 sec =  187.8315 Mbps     0 retrans   3910 KB-cwnd
[2024-05-27 12:02:02.331397]    11.3125 MB /   0.50 sec =  189.8443 Mbps   768 retrans   3973 KB-cwnd
[2024-05-27 12:02:02.831550]    11.5625 MB /   0.50 sec =  193.9676 Mbps     0 retrans   3973 KB-cwnd
[2024-05-27 12:02:03.331563]     9.0000 MB /   0.50 sec =  150.9883 Mbps     0 retrans   3973 KB-cwnd
[2024-05-27 12:02:03.831414]    12.7500 MB /   0.50 sec =  213.9386 Mbps     0 retrans   3973 KB-cwnd
[2024-05-27 12:02:04.331576]    16.0000 MB /   0.50 sec =  268.4177 Mbps     0 retrans   3973 KB-cwnd
[2024-05-27 12:02:04.831777]    15.6875 MB /   0.50 sec =  263.1820 Mbps     0 retrans   3973 KB-cwnd
[2024-05-27 12:02:05.332638]    14.4375 MB /   0.50 sec =  241.9781 Mbps     0 retrans   3973 KB-cwnd
[2024-05-27 12:02:05.831536]    14.2500 MB /   0.50 sec =  239.3146 Mbps     0 retrans   3973 KB-cwnd
[2024-05-27 12:02:06.331956]    10.6250 MB /   0.50 sec =  178.1179 Mbps     0 retrans   3973 KB-cwnd
[2024-05-27 12:02:06.831440]    15.8125 MB /   0.50 sec =  265.5260 Mbps     0 retrans   3973 KB-cwnd
[2024-05-27 12:02:07.331955]    13.1875 MB /   0.50 sec =  221.2340 Mbps     0 retrans   3973 KB-cwnd
[2024-05-27 12:02:07.831942]    16.2500 MB /   0.50 sec =  272.4042 Mbps   904 retrans   3877 KB-cwnd
[2024-05-27 12:02:08.332507]    13.0000 MB /   0.50 sec =  218.2579 Mbps    11 retrans   1156 KB-cwnd
[2024-05-27 12:02:08.831431]     4.0625 MB /   0.50 sec =   68.1704 Mbps    11 retrans   1156 KB-cwnd
[2024-05-27 12:02:09.332005]    11.2500 MB /   0.50 sec =  188.5483 Mbps     7 retrans   1156 KB-cwnd
[2024-05-27 12:02:09.832567]    10.7500 MB /   0.50 sec =  180.3554 Mbps    14 retrans   1156 KB-cwnd
[2024-05-27 12:02:10.332071]    10.6250 MB /   0.50 sec =  178.2536 Mbps     3 retrans   1156 KB-cwnd
[2024-05-27 12:02:10.832022]    11.9375 MB /   0.50 sec =  200.3077 Mbps    15 retrans   1156 KB-cwnd
[2024-05-27 12:02:11.332034]    10.7500 MB /   0.50 sec =  180.3457 Mbps     0 retrans   1156 KB-cwnd
[2024-05-27 12:02:11.831492]     7.0000 MB /   0.50 sec =  117.5437 Mbps     0 retrans   1156 KB-cwnd
[2024-05-27 12:02:12.331408]    11.6250 MB /   0.50 sec =  195.0488 Mbps     0 retrans   1156 KB-cwnd
[2024-05-27 12:02:12.831436]     5.3125 MB /   0.50 sec =   89.1304 Mbps     0 retrans   1156 KB-cwnd
[2024-05-27 12:02:13.331549]    10.3125 MB /   0.50 sec =  173.0071 Mbps     0 retrans   1156 KB-cwnd
[2024-05-27 12:02:13.831480]     9.2500 MB /   0.50 sec =  155.1927 Mbps    19 retrans   1156 KB-cwnd
[2024-05-27 12:02:14.332023]    11.6250 MB /   0.50 sec =  195.0238 Mbps    12 retrans   1156 KB-cwnd
[2024-05-27 12:02:14.832004]    11.0625 MB /   0.50 sec =  185.4314 Mbps   316 retrans   2783 KB-cwnd
[2024-05-27 12:02:15.331553]    11.3125 MB /   0.50 sec =  189.9579 Mbps     0 retrans   2783 KB-cwnd
[2024-05-27 12:02:15.832721]    12.0625 MB /   0.50 sec =  202.1342 Mbps     0 retrans   2783 KB-cwnd
[2024-05-27 12:02:16.331454]    11.7500 MB /   0.50 sec =  197.3814 Mbps     0 retrans   2802 KB-cwnd
[2024-05-27 12:02:16.831563]    10.5625 MB /   0.50 sec =  177.2012 Mbps     0 retrans   2802 KB-cwnd
[2024-05-27 12:02:17.333715]    10.5000 MB /   0.50 sec =  175.5820 Mbps     0 retrans   2802 KB-cwnd
[2024-05-27 12:02:17.831564]    11.1875 MB /   0.50 sec =  188.3063 Mbps     0 retrans   2802 KB-cwnd
[2024-05-27 12:02:18.332445]    11.2500 MB /   0.50 sec =  188.5721 Mbps     0 retrans   2802 KB-cwnd
[2024-05-27 12:02:18.831995]     3.8750 MB /   0.50 sec =   65.0147 Mbps     0 retrans   2802 KB-cwnd
[2024-05-27 12:02:19.332474]    10.6875 MB /   0.50 sec =  179.2979 Mbps     0 retrans   2802 KB-cwnd
[2024-05-27 12:02:19.831530]    12.1250 MB /   0.50 sec =  203.6200 Mbps     0 retrans   2802 KB-cwnd
[2024-05-27 12:02:20.331522]    12.3125 MB /   0.50 sec =  206.5682 Mbps     0 retrans   2802 KB-cwnd
[2024-05-27 12:02:20.831534]     9.1875 MB /   0.50 sec =  154.1425 Mbps     0 retrans   2802 KB-cwnd
[2024-05-27 12:02:21.331519]    11.0625 MB /   0.50 sec =  185.5931 Mbps     5 retrans   3580 KB-cwnd
[2024-05-27 12:02:21.833639]    10.3125 MB /   0.50 sec =  172.4690 Mbps     0 retrans   3580 KB-cwnd
[2024-05-27 12:02:22.333412]     2.0000 MB /   0.50 sec =   33.5744 Mbps     0 retrans   3580 KB-cwnd
[2024-05-27 12:02:22.831538]     2.2500 MB /   0.50 sec =   37.8452 Mbps     0 retrans   3580 KB-cwnd
[2024-05-27 12:02:23.331949]     1.5000 MB /   0.50 sec =   25.1464 Mbps     0 retrans   3580 KB-cwnd
[2024-05-27 12:02:23.833467]     0.4375 MB /   0.50 sec =    7.3195 Mbps     0 retrans   3580 KB-cwnd
[2024-05-27 12:02:24.331515]     3.3125 MB /   0.50 sec =   55.7787 Mbps     0 retrans   3580 KB-cwnd
[2024-05-27 12:02:24.831492]     1.7500 MB /   0.50 sec =   29.3610 Mbps     0 retrans   3580 KB-cwnd
[2024-05-27 12:02:25.331462]     1.7500 MB /   0.50 sec =   29.3594 Mbps     0 retrans   3580 KB-cwnd
[2024-05-27 12:02:25.831536]     1.6875 MB /   0.50 sec =   28.3131 Mbps     0 retrans   3580 KB-cwnd
[2024-05-27 12:02:26.331601]     1.6875 MB /   0.50 sec =   28.3019 Mbps     0 retrans   3580 KB-cwnd
[2024-05-27 12:02:26.831915]     1.0000 MB /   0.50 sec =   16.7674 Mbps     0 retrans   3580 KB-cwnd
[2024-05-27 12:02:27.332393]     1.8750 MB /   0.50 sec =   31.4578 Mbps     0 retrans   3580 KB-cwnd
[2024-05-27 12:02:27.831552]     1.8125 MB /   0.50 sec =   30.4313 Mbps     0 retrans   3580 KB-cwnd
[2024-05-27 12:02:28.331477]     2.3125 MB /   0.50 sec =   38.8032 Mbps     0 retrans   3580 KB-cwnd
[2024-05-27 12:02:28.831494]     3.0000 MB /   0.50 sec =   50.3258 Mbps     0 retrans   3580 KB-cwnd
[2024-05-27 12:02:29.332436]     1.8750 MB /   0.50 sec =   31.4046 Mbps     0 retrans   3580 KB-cwnd
[2024-05-27 12:02:29.831539]     3.3750 MB /   0.50 sec =   56.7233 Mbps     0 retrans   3580 KB-cwnd
End time: 1716825750109
