Start time: 1716939157381
[2024-05-28 19:32:38.170958] nuttcp-r: v8.1.4: socket
[2024-05-28 19:32:38.172310] nuttcp-r: buflen=65536, nstream=1, port=5003 tcp
[2024-05-28 19:32:38.172443] nuttcp-r: interval reporting every 0.50 seconds
[2024-05-28 19:32:38.172536] nuttcp-r: connect to 35.245.244.238 with RTT=51.854 ms af=inet
[2024-05-28 19:32:38.172620] nuttcp-r: send window size = 1048576, receive window size = 1048576
[2024-05-28 19:32:38.172703] nuttcp-r: available send window = 786432, available receive window = 786432
[2024-05-28 19:32:38.172784]     0.2500 MB /   0.50 sec =    4.1934 Mbps     0 retrans     13 KB-cwnd
[2024-05-28 19:32:38.670849]     3.2500 MB /   0.50 sec =   54.5313 Mbps     0 retrans     13 KB-cwnd
[2024-05-28 19:32:39.171717]     5.8750 MB /   0.50 sec =   98.4889 Mbps     0 retrans     13 KB-cwnd
[2024-05-28 19:32:39.670718]     4.1250 MB /   0.50 sec =   69.2653 Mbps     0 retrans     13 KB-cwnd
[2024-05-28 19:32:40.171414]     5.6875 MB /   0.50 sec =   95.3910 Mbps     0 retrans     13 KB-cwnd
[2024-05-28 19:32:40.670874]     3.9375 MB /   0.50 sec =   66.0740 Mbps     0 retrans     13 KB-cwnd
[2024-05-28 19:32:41.170770]     4.3125 MB /   0.50 sec =   72.3539 Mbps     0 retrans     13 KB-cwnd
[2024-05-28 19:32:41.671395]     3.9375 MB /   0.50 sec =   65.9998 Mbps     0 retrans     13 KB-cwnd
[2024-05-28 19:32:42.170957]     4.1250 MB /   0.50 sec =   69.2585 Mbps     0 retrans     13 KB-cwnd
[2024-05-28 19:32:42.671438]     6.4375 MB /   0.50 sec =  107.9172 Mbps     0 retrans     13 KB-cwnd
[2024-05-28 19:32:43.171440]     8.1250 MB /   0.50 sec =  136.3293 Mbps     0 retrans     13 KB-cwnd
[2024-05-28 19:32:43.670950]     5.8750 MB /   0.50 sec =   98.6360 Mbps     0 retrans     13 KB-cwnd
[2024-05-28 19:32:44.173108]     8.1875 MB /   0.50 sec =  137.0455 Mbps     0 retrans     13 KB-cwnd
[2024-05-28 19:32:44.670855]    10.4375 MB /   0.50 sec =  175.5451 Mbps     0 retrans     13 KB-cwnd
[2024-05-28 19:32:45.171438]     9.6875 MB /   0.50 sec =  162.3562 Mbps     0 retrans     13 KB-cwnd
[2024-05-28 19:32:45.670861]     6.3125 MB /   0.50 sec =  106.0177 Mbps     0 retrans     13 KB-cwnd
[2024-05-28 19:32:46.171407]     9.7500 MB /   0.50 sec =  163.3913 Mbps     0 retrans     13 KB-cwnd
[2024-05-28 19:32:46.670855]     8.7500 MB /   0.50 sec =  146.9644 Mbps     0 retrans     13 KB-cwnd
[2024-05-28 19:32:47.171356]     5.3125 MB /   0.50 sec =   89.0542 Mbps     0 retrans     13 KB-cwnd
[2024-05-28 19:32:47.670982]     6.3750 MB /   0.50 sec =  107.0415 Mbps     0 retrans     13 KB-cwnd
[2024-05-28 19:32:48.173070]     3.6875 MB /   0.50 sec =   61.6624 Mbps     0 retrans     13 KB-cwnd
[2024-05-28 19:32:48.670818]     6.6250 MB /   0.50 sec =  111.5271 Mbps     0 retrans     13 KB-cwnd
[2024-05-28 19:32:49.172604]     4.0000 MB /   0.50 sec =   66.8824 Mbps     0 retrans     13 KB-cwnd
[2024-05-28 19:32:49.670948]     5.5000 MB /   0.50 sec =   92.5756 Mbps     0 retrans     15 KB-cwnd
[2024-05-28 19:32:50.170819]     6.7500 MB /   0.50 sec =  113.2596 Mbps     0 retrans     15 KB-cwnd
[2024-05-28 19:32:50.670854]     7.4375 MB /   0.50 sec =  124.7761 Mbps     0 retrans     15 KB-cwnd
[2024-05-28 19:32:51.170750]     8.8750 MB /   0.50 sec =  148.9088 Mbps     0 retrans     15 KB-cwnd
[2024-05-28 19:32:51.671491]     6.8750 MB /   0.50 sec =  115.3025 Mbps     0 retrans     16 KB-cwnd
[2024-05-28 19:32:52.171704]     9.0625 MB /   0.50 sec =  151.9785 Mbps     0 retrans     16 KB-cwnd
[2024-05-28 19:32:52.671761]     1.1875 MB /   0.50 sec =   19.9047 Mbps     0 retrans     16 KB-cwnd
[2024-05-28 19:32:53.171233]     7.5625 MB /   0.50 sec =  127.0815 Mbps     0 retrans     17 KB-cwnd
[2024-05-28 19:32:53.671423]     8.5000 MB /   0.50 sec =  142.5849 Mbps     0 retrans     17 KB-cwnd
[2024-05-28 19:32:54.172010]     4.1875 MB /   0.50 sec =   70.2022 Mbps     0 retrans     17 KB-cwnd
[2024-05-28 19:32:54.670918]     8.3125 MB /   0.50 sec =  139.5834 Mbps     0 retrans     20 KB-cwnd
[2024-05-28 19:32:55.170905]     6.0625 MB /   0.50 sec =  101.7123 Mbps     0 retrans     20 KB-cwnd
[2024-05-28 19:32:55.671407]     5.7500 MB /   0.50 sec =   96.3851 Mbps     0 retrans     24 KB-cwnd
[2024-05-28 19:32:56.170744]     6.3125 MB /   0.50 sec =  106.0122 Mbps     0 retrans     24 KB-cwnd
[2024-05-28 19:32:56.670949]     2.0000 MB /   0.50 sec =   33.5487 Mbps     0 retrans     24 KB-cwnd
[2024-05-28 19:32:57.170909]     1.8750 MB /   0.50 sec =   31.4594 Mbps     0 retrans     24 KB-cwnd
[2024-05-28 19:32:57.671238]     0.3750 MB /   0.50 sec =    6.2864 Mbps     0 retrans     24 KB-cwnd
[2024-05-28 19:32:58.170858]     0.0000 MB /   0.50 sec =    0.0000 Mbps     0 retrans     24 KB-cwnd
[2024-05-28 19:32:58.671209]     0.2500 MB /   0.50 sec =    4.1938 Mbps     0 retrans     24 KB-cwnd
[2024-05-28 19:32:59.171361]     0.4375 MB /   0.50 sec =    7.3398 Mbps     0 retrans     24 KB-cwnd
[2024-05-28 19:32:59.671470]     0.6250 MB /   0.50 sec =   10.4768 Mbps     0 retrans     24 KB-cwnd
[2024-05-28 19:33:00.170888]     0.5625 MB /   0.50 sec =    9.4456 Mbps     0 retrans     24 KB-cwnd
[2024-05-28 19:33:00.670849]     0.5000 MB /   0.50 sec =    8.3892 Mbps     0 retrans     24 KB-cwnd
[2024-05-28 19:33:01.171125]     0.3125 MB /   0.50 sec =    5.2406 Mbps     0 retrans     24 KB-cwnd
[2024-05-28 19:33:01.671257]     0.6250 MB /   0.50 sec =   10.4906 Mbps     0 retrans     24 KB-cwnd
[2024-05-28 19:33:02.170832]     0.4375 MB /   0.50 sec =    7.3393 Mbps     0 retrans     24 KB-cwnd
[2024-05-28 19:33:02.670883]     0.6250 MB /   0.50 sec =   10.4862 Mbps     0 retrans     27 KB-cwnd
[2024-05-28 19:33:03.170939]     0.5000 MB /   0.50 sec =    8.3875 Mbps     0 retrans     27 KB-cwnd
[2024-05-28 19:33:03.670884]     0.3125 MB /   0.50 sec =    5.2435 Mbps     0 retrans     27 KB-cwnd
[2024-05-28 19:33:04.170814]     0.0625 MB /   0.50 sec =    1.0486 Mbps     0 retrans     27 KB-cwnd
[2024-05-28 19:33:04.670866]     0.6875 MB /   0.50 sec =   11.5339 Mbps     0 retrans     27 KB-cwnd
[2024-05-28 19:33:05.171410]     0.6250 MB /   0.50 sec =   10.4768 Mbps     0 retrans     27 KB-cwnd
[2024-05-28 19:33:05.670909]     0.8750 MB /   0.50 sec =   14.6933 Mbps     0 retrans     27 KB-cwnd
[2024-05-28 19:33:06.170786]     0.8750 MB /   0.50 sec =   14.6810 Mbps     0 retrans     27 KB-cwnd
[2024-05-28 19:33:06.671527]     1.0625 MB /   0.50 sec =   17.8074 Mbps     0 retrans     27 KB-cwnd
[2024-05-28 19:33:07.170994]     1.0000 MB /   0.50 sec =   16.7921 Mbps     0 retrans     27 KB-cwnd
[2024-05-28 19:33:07.670987]     0.3125 MB /   0.50 sec =    5.2427 Mbps     0 retrans     27 KB-cwnd
[2024-05-28 19:33:08.170889]     0.7500 MB /   0.50 sec =   12.5834 Mbps     0 retrans     27 KB-cwnd
[2024-05-28 19:33:08.670798]     1.0000 MB /   0.50 sec =   16.7790 Mbps     0 retrans     27 KB-cwnd
[2024-05-28 19:33:09.170818]     1.4375 MB /   0.50 sec =   24.1171 Mbps     0 retrans     27 KB-cwnd
[2024-05-28 19:33:09.670805]     0.6875 MB /   0.50 sec =   11.5339 Mbps     0 retrans     27 KB-cwnd
[2024-05-28 19:33:10.170843]     1.3125 MB /   0.50 sec =   22.0199 Mbps     0 retrans     27 KB-cwnd
[2024-05-28 19:33:10.670763]     0.5625 MB /   0.50 sec =    9.4378 Mbps     0 retrans     27 KB-cwnd
[2024-05-28 19:33:11.170738]     0.9375 MB /   0.50 sec =   15.7288 Mbps     0 retrans     27 KB-cwnd
[2024-05-28 19:33:11.670808]     0.8125 MB /   0.50 sec =   13.6298 Mbps     0 retrans     27 KB-cwnd
[2024-05-28 19:33:12.172337]     0.5625 MB /   0.50 sec =    9.4120 Mbps     0 retrans     27 KB-cwnd
[2024-05-28 19:33:12.671854]     0.1875 MB /   0.50 sec =    3.1488 Mbps     0 retrans     27 KB-cwnd
[2024-05-28 19:33:13.171202]     0.0000 MB /   0.50 sec =    0.0000 Mbps     0 retrans     27 KB-cwnd
[2024-05-28 19:33:13.670773]     0.0625 MB /   0.50 sec =    1.0488 Mbps     0 retrans     27 KB-cwnd
[2024-05-28 19:33:14.171027]     1.2500 MB /   0.50 sec =   20.9658 Mbps     0 retrans     27 KB-cwnd
[2024-05-28 19:33:14.670913]     0.0625 MB /   0.50 sec =    1.0488 Mbps     0 retrans     27 KB-cwnd
[2024-05-28 19:33:15.170733]     0.1250 MB /   0.50 sec =    2.0973 Mbps     0 retrans     27 KB-cwnd
[2024-05-28 19:33:15.670880]     0.7500 MB /   0.50 sec =   12.5801 Mbps     0 retrans     27 KB-cwnd
[2024-05-28 19:33:16.171377]     0.3125 MB /   0.50 sec =    5.2395 Mbps     0 retrans     27 KB-cwnd
[2024-05-28 19:33:16.670960]     0.0625 MB /   0.50 sec =    1.0494 Mbps     0 retrans     27 KB-cwnd
[2024-05-28 19:33:17.170701]     0.6250 MB /   0.50 sec =   10.4876 Mbps     0 retrans     27 KB-cwnd
[2024-05-28 19:33:17.670952]     0.6875 MB /   0.50 sec =   11.5315 Mbps     0 retrans     27 KB-cwnd
[2024-05-28 19:33:18.170967]     0.0625 MB /   0.50 sec =    1.0486 Mbps     0 retrans     27 KB-cwnd
[2024-05-28 19:33:18.670923]     0.3125 MB /   0.50 sec =    5.2430 Mbps     0 retrans     27 KB-cwnd
[2024-05-28 19:33:19.170869]     0.5000 MB /   0.50 sec =    8.3887 Mbps     0 retrans     27 KB-cwnd
[2024-05-28 19:33:19.670966]     0.1875 MB /   0.50 sec =    3.1455 Mbps     0 retrans     27 KB-cwnd
[2024-05-28 19:33:20.170716]     0.9375 MB /   0.50 sec =   15.7320 Mbps     0 retrans     27 KB-cwnd
[2024-05-28 19:33:20.670889]     0.6250 MB /   0.50 sec =   10.4847 Mbps     0 retrans     27 KB-cwnd
[2024-05-28 19:33:21.170894]     0.6875 MB /   0.50 sec =   11.5343 Mbps     0 retrans     27 KB-cwnd
[2024-05-28 19:33:21.670815]     0.6875 MB /   0.50 sec =   11.5351 Mbps     0 retrans     27 KB-cwnd
[2024-05-28 19:33:22.170879]     0.7500 MB /   0.50 sec =   12.5823 Mbps     0 retrans     27 KB-cwnd
[2024-05-28 19:33:22.670841]     0.1875 MB /   0.50 sec =    3.1459 Mbps     0 retrans     27 KB-cwnd
[2024-05-28 19:33:23.170728]     1.0625 MB /   0.50 sec =   17.8271 Mbps     0 retrans     27 KB-cwnd
[2024-05-28 19:33:23.670939]     0.8125 MB /   0.50 sec =   13.6309 Mbps     0 retrans     27 KB-cwnd
[2024-05-28 19:33:24.171458]     0.6875 MB /   0.50 sec =   11.5325 Mbps     0 retrans     27 KB-cwnd
[2024-05-28 19:33:24.671013]     0.2500 MB /   0.50 sec =    4.1938 Mbps     0 retrans     27 KB-cwnd
[2024-05-28 19:33:25.171050]     0.1875 MB /   0.50 sec =    3.1456 Mbps     0 retrans     27 KB-cwnd
[2024-05-28 19:33:25.671368]     1.5000 MB /   0.50 sec =   25.1515 Mbps     0 retrans     27 KB-cwnd
[2024-05-28 19:33:26.170750]     0.8750 MB /   0.50 sec =   14.6936 Mbps     0 retrans     27 KB-cwnd
[2024-05-28 19:33:26.671071]     0.6250 MB /   0.50 sec =   10.4855 Mbps     0 retrans     27 KB-cwnd
[2024-05-28 19:33:27.170743]     0.1250 MB /   0.50 sec =    2.0972 Mbps     0 retrans     27 KB-cwnd
[2024-05-28 19:33:27.670960]     0.0625 MB /   0.50 sec =    1.0484 Mbps     0 retrans     27 KB-cwnd
[2024-05-28 19:33:28.171242]     0.1250 MB /   0.50 sec =    2.0957 Mbps     0 retrans     27 KB-cwnd
[2024-05-28 19:33:28.671865]     0.0000 MB /   0.50 sec =    0.0000 Mbps     0 retrans     27 KB-cwnd
[2024-05-28 19:33:29.170856]     0.0625 MB /   0.50 sec =    1.0496 Mbps     0 retrans     27 KB-cwnd
[2024-05-28 19:33:29.670965]     0.1875 MB /   0.50 sec =    3.1454 Mbps     0 retrans     27 KB-cwnd
[2024-05-28 19:33:30.170782]     0.0625 MB /   0.50 sec =    1.0487 Mbps     0 retrans     27 KB-cwnd
[2024-05-28 19:33:30.670917]     0.0625 MB /   0.50 sec =    1.0484 Mbps     0 retrans     27 KB-cwnd
[2024-05-28 19:33:31.170945]     0.1250 MB /   0.50 sec =    2.0970 Mbps     0 retrans     27 KB-cwnd
[2024-05-28 19:33:31.671091]     0.1250 MB /   0.50 sec =    2.0967 Mbps     0 retrans     27 KB-cwnd
[2024-05-28 19:33:32.170861]     0.1875 MB /   0.50 sec =    3.1469 Mbps     0 retrans     27 KB-cwnd
[2024-05-28 19:33:32.670989]     0.1250 MB /   0.50 sec =    2.0968 Mbps     0 retrans     27 KB-cwnd
[2024-05-28 19:33:33.171569]     0.0625 MB /   0.50 sec =    1.0477 Mbps     0 retrans     27 KB-cwnd
[2024-05-28 19:33:33.670923]     0.1250 MB /   0.50 sec =    2.0992 Mbps     0 retrans     27 KB-cwnd
[2024-05-28 19:33:34.171017]     0.0625 MB /   0.50 sec =    1.0486 Mbps     0 retrans     27 KB-cwnd
[2024-05-28 19:33:34.671049]     0.1250 MB /   0.50 sec =    2.0967 Mbps     0 retrans     27 KB-cwnd
[2024-05-28 19:33:35.170942]     0.1250 MB /   0.50 sec =    2.0977 Mbps     0 retrans     27 KB-cwnd
[2024-05-28 19:33:35.670943]     0.1250 MB /   0.50 sec =    2.0971 Mbps     0 retrans     27 KB-cwnd
[2024-05-28 19:33:36.171185]     0.0625 MB /   0.50 sec =    1.0481 Mbps     0 retrans     27 KB-cwnd
[2024-05-28 19:33:36.671258]     0.1250 MB /   0.50 sec =    2.0983 Mbps     0 retrans     27 KB-cwnd
[2024-05-28 19:33:37.171541]     0.1250 MB /   0.50 sec =    2.0965 Mbps     0 retrans     27 KB-cwnd
[2024-05-28 19:33:37.671407]     0.1875 MB /   0.50 sec =    3.1467 Mbps     0 retrans     27 KB-cwnd
[2024-05-28 19:33:38.170847]     0.0000 MB /   0.50 sec =    0.0000 Mbps     0 retrans     27 KB-cwnd
[2024-05-28 19:33:38.671545]     0.0625 MB /   0.50 sec =    1.0486 Mbps     0 retrans     27 KB-cwnd
[2024-05-28 19:33:39.171001]     0.0625 MB /   0.50 sec =    1.0485 Mbps     0 retrans     27 KB-cwnd
[2024-05-28 19:33:39.671842]     0.0625 MB /   0.50 sec =    1.0488 Mbps     0 retrans     27 KB-cwnd
[2024-05-28 19:33:40.170920]     0.0000 MB /   0.50 sec =    0.0000 Mbps     0 retrans     27 KB-cwnd
[2024-05-28 19:33:40.671406]     0.1250 MB /   0.50 sec =    2.0951 Mbps     0 retrans     27 KB-cwnd
[2024-05-28 19:33:41.170758]     0.0625 MB /   0.50 sec =    1.0497 Mbps     0 retrans     27 KB-cwnd
[2024-05-28 19:33:41.670968]     0.0000 MB /   0.50 sec =    0.0000 Mbps     0 retrans     27 KB-cwnd
[2024-05-28 19:33:42.170902]     0.0625 MB /   0.50 sec =    1.0487 Mbps     0 retrans     27 KB-cwnd
[2024-05-28 19:33:42.670940]     0.0625 MB /   0.50 sec =    1.0485 Mbps     0 retrans     27 KB-cwnd
[2024-05-28 19:33:43.171001]     0.0625 MB /   0.50 sec =    1.0484 Mbps     0 retrans     27 KB-cwnd
[2024-05-28 19:33:43.671152]     0.1250 MB /   0.50 sec =    2.0977 Mbps     0 retrans     27 KB-cwnd
[2024-05-28 19:33:44.171453]     0.0000 MB /   0.50 sec =    0.0000 Mbps     0 retrans     27 KB-cwnd
[2024-05-28 19:33:44.670823]     0.0625 MB /   0.50 sec =    1.0486 Mbps     0 retrans     27 KB-cwnd
[2024-05-28 19:33:45.170822]     0.0625 MB /   0.50 sec =    1.0487 Mbps     0 retrans     27 KB-cwnd
[2024-05-28 19:33:45.671526]     0.0625 MB /   0.50 sec =    1.0485 Mbps     0 retrans     27 KB-cwnd
[2024-05-28 19:33:46.170846]     0.0625 MB /   0.50 sec =    1.0486 Mbps     0 retrans     27 KB-cwnd
[2024-05-28 19:33:46.671018]     0.0625 MB /   0.50 sec =    1.0483 Mbps     0 retrans     27 KB-cwnd
[2024-05-28 19:33:47.171620]     0.1250 MB /   0.50 sec =    2.0969 Mbps     0 retrans     27 KB-cwnd
[2024-05-28 19:33:47.670878]     0.0625 MB /   0.50 sec =    1.0490 Mbps     0 retrans     27 KB-cwnd
[2024-05-28 19:33:48.170821]     0.0625 MB /   0.50 sec =    1.0486 Mbps     0 retrans     27 KB-cwnd
[2024-05-28 19:33:48.671211]     0.1250 MB /   0.50 sec =    2.0972 Mbps     0 retrans     27 KB-cwnd
[2024-05-28 19:33:49.171085]     0.0625 MB /   0.50 sec =    1.0482 Mbps     0 retrans     27 KB-cwnd
[2024-05-28 19:33:49.670950]     0.1250 MB /   0.50 sec =    2.0978 Mbps     0 retrans     27 KB-cwnd
[2024-05-28 19:33:50.170836]     0.0625 MB /   0.50 sec =    1.0486 Mbps     0 retrans     27 KB-cwnd
[2024-05-28 19:33:50.670831]     0.1250 MB /   0.50 sec =    2.0972 Mbps     0 retrans     27 KB-cwnd
[2024-05-28 19:33:51.171069]     0.1250 MB /   0.50 sec =    2.0966 Mbps     0 retrans     27 KB-cwnd
[2024-05-28 19:33:51.671048]     0.1250 MB /   0.50 sec =    2.0970 Mbps     0 retrans     27 KB-cwnd
[2024-05-28 19:33:52.171109]     0.1250 MB /   0.50 sec =    2.0978 Mbps     0 retrans     27 KB-cwnd
[2024-05-28 19:33:52.671130]     0.1250 MB /   0.50 sec =    2.0964 Mbps     0 retrans     27 KB-cwnd
[2024-05-28 19:33:53.171018]     0.0000 MB /   0.50 sec =    0.0000 Mbps     0 retrans     27 KB-cwnd
[2024-05-28 19:33:53.670717]     0.1250 MB /   0.50 sec =    2.0980 Mbps     0 retrans     27 KB-cwnd
[2024-05-28 19:33:54.171012]     0.0625 MB /   0.50 sec =    1.0485 Mbps     0 retrans     27 KB-cwnd
[2024-05-28 19:33:54.671639]     0.0625 MB /   0.50 sec =    1.0471 Mbps     0 retrans     27 KB-cwnd
[2024-05-28 19:33:55.170965]     0.1250 MB /   0.50 sec =    2.1000 Mbps     0 retrans     27 KB-cwnd
[2024-05-28 19:33:55.670990]     0.1875 MB /   0.50 sec =    3.1453 Mbps     0 retrans     27 KB-cwnd
[2024-05-28 19:33:56.171164]     0.1250 MB /   0.50 sec =    2.0968 Mbps     0 retrans     27 KB-cwnd
[2024-05-28 19:33:56.670996]     0.0625 MB /   0.50 sec =    1.0491 Mbps     0 retrans     27 KB-cwnd
[2024-05-28 19:33:57.171526]     0.1875 MB /   0.50 sec =    3.1442 Mbps     0 retrans     27 KB-cwnd
[2024-05-28 19:33:57.670979]     0.1875 MB /   0.50 sec =    3.1465 Mbps     0 retrans     27 KB-cwnd
[2024-05-28 19:33:58.170912]     0.1875 MB /   0.50 sec =    3.1461 Mbps     0 retrans     27 KB-cwnd
[2024-05-28 19:33:58.670867]     0.1875 MB /   0.50 sec =    3.1459 Mbps     0 retrans     27 KB-cwnd
[2024-05-28 19:33:59.170827]     0.2500 MB /   0.50 sec =    4.1946 Mbps     0 retrans     27 KB-cwnd
[2024-05-28 19:33:59.670899]     0.3750 MB /   0.50 sec =    6.2909 Mbps     0 retrans     27 KB-cwnd
[2024-05-28 19:34:00.170936]     0.3125 MB /   0.50 sec =    5.2432 Mbps     0 retrans     27 KB-cwnd
[2024-05-28 19:34:00.670871]     0.3750 MB /   0.50 sec =    6.2915 Mbps     0 retrans     27 KB-cwnd
[2024-05-28 19:34:01.171541]     0.3750 MB /   0.50 sec =    6.2844 Mbps     0 retrans     27 KB-cwnd
[2024-05-28 19:34:01.671211]     0.4375 MB /   0.50 sec =    7.3432 Mbps     0 retrans     27 KB-cwnd
[2024-05-28 19:34:02.170813]     0.5625 MB /   0.50 sec =    9.4439 Mbps     0 retrans     27 KB-cwnd
[2024-05-28 19:34:02.671407]     0.5000 MB /   0.50 sec =    8.3873 Mbps     0 retrans     27 KB-cwnd
[2024-05-28 19:34:03.171394]     0.6875 MB /   0.50 sec =   11.5259 Mbps     0 retrans     27 KB-cwnd
[2024-05-28 19:34:03.670922]     0.8750 MB /   0.50 sec =   14.6916 Mbps     0 retrans     27 KB-cwnd
[2024-05-28 19:34:04.171015]     0.8125 MB /   0.50 sec =   13.6297 Mbps     0 retrans     27 KB-cwnd
[2024-05-28 19:34:04.670937]     0.8750 MB /   0.50 sec =   14.6819 Mbps     0 retrans     27 KB-cwnd
[2024-05-28 19:34:05.170791]     0.6875 MB /   0.50 sec =   11.5357 Mbps     0 retrans     27 KB-cwnd
[2024-05-28 19:34:05.671018]     1.3125 MB /   0.50 sec =   22.0185 Mbps     0 retrans     27 KB-cwnd
[2024-05-28 19:34:06.170915]     1.3750 MB /   0.50 sec =   23.0677 Mbps     0 retrans     27 KB-cwnd
[2024-05-28 19:34:06.670943]     1.6875 MB /   0.50 sec =   28.3114 Mbps     0 retrans     27 KB-cwnd
[2024-05-28 19:34:07.171328]     1.6875 MB /   0.50 sec =   28.3147 Mbps     0 retrans     28 KB-cwnd
[2024-05-28 19:34:07.670857]     0.6250 MB /   0.50 sec =   10.4856 Mbps     0 retrans     28 KB-cwnd
[2024-05-28 19:34:08.170968]     1.4375 MB /   0.50 sec =   24.1123 Mbps     0 retrans     28 KB-cwnd
[2024-05-28 19:34:08.670914]     1.7500 MB /   0.50 sec =   29.3648 Mbps     0 retrans     28 KB-cwnd
[2024-05-28 19:34:09.171071]     1.5000 MB /   0.50 sec =   25.1667 Mbps     0 retrans     28 KB-cwnd
[2024-05-28 19:34:09.671420]     1.8125 MB /   0.50 sec =   30.4086 Mbps     0 retrans     28 KB-cwnd
[2024-05-28 19:34:10.170929]     1.6875 MB /   0.50 sec =   28.3077 Mbps     0 retrans     28 KB-cwnd
[2024-05-28 19:34:10.671252]     1.2500 MB /   0.50 sec =   20.9747 Mbps     0 retrans     28 KB-cwnd
[2024-05-28 19:34:11.170807]     0.9375 MB /   0.50 sec =   15.7290 Mbps     0 retrans     28 KB-cwnd
[2024-05-28 19:34:11.670921]     1.5625 MB /   0.50 sec =   26.2122 Mbps     0 retrans     28 KB-cwnd
[2024-05-28 19:34:12.171000]     1.9375 MB /   0.50 sec =   32.5005 Mbps     0 retrans     30 KB-cwnd
[2024-05-28 19:34:12.670762]     1.8750 MB /   0.50 sec =   31.4664 Mbps     0 retrans     30 KB-cwnd
[2024-05-28 19:34:13.171982]     1.8125 MB /   0.50 sec =   30.3410 Mbps     0 retrans     30 KB-cwnd
[2024-05-28 19:34:13.671243]     1.5000 MB /   0.50 sec =   25.2209 Mbps     0 retrans     30 KB-cwnd
[2024-05-28 19:34:14.170835]     2.3750 MB /   0.50 sec =   39.8445 Mbps     0 retrans     30 KB-cwnd
[2024-05-28 19:34:14.670876]     3.5000 MB /   0.50 sec =   58.7213 Mbps     0 retrans     30 KB-cwnd
[2024-05-28 19:34:15.170858]     2.8750 MB /   0.50 sec =   48.2360 Mbps     0 retrans     30 KB-cwnd
[2024-05-28 19:34:15.671388]     4.1875 MB /   0.50 sec =   70.1878 Mbps     0 retrans     31 KB-cwnd
[2024-05-28 19:34:16.170862]     4.3750 MB /   0.50 sec =   73.4667 Mbps     0 retrans     31 KB-cwnd
[2024-05-28 19:34:16.670863]     4.7500 MB /   0.50 sec =   79.6910 Mbps     0 retrans     31 KB-cwnd
[2024-05-28 19:34:17.170902]     4.3750 MB /   0.50 sec =   73.3999 Mbps     0 retrans     31 KB-cwnd
[2024-05-28 19:34:17.670850]     4.9375 MB /   0.50 sec =   82.8362 Mbps     0 retrans     33 KB-cwnd
[2024-05-28 19:34:18.170753]     4.5625 MB /   0.50 sec =   76.5543 Mbps     0 retrans     33 KB-cwnd
[2024-05-28 19:34:18.670879]     4.0625 MB /   0.50 sec =   68.1520 Mbps     0 retrans     33 KB-cwnd
[2024-05-28 19:34:19.171187]     0.2500 MB /   0.50 sec =    4.1946 Mbps     0 retrans     33 KB-cwnd
[2024-05-28 19:34:19.671568]     3.4375 MB /   0.50 sec =   57.6687 Mbps     0 retrans     33 KB-cwnd
[2024-05-28 19:34:20.171470]     4.2500 MB /   0.50 sec =   71.3049 Mbps     0 retrans     34 KB-cwnd
[2024-05-28 19:34:20.670808]     4.6875 MB /   0.50 sec =   78.6446 Mbps     0 retrans     34 KB-cwnd
[2024-05-28 19:34:21.170911]     4.3750 MB /   0.50 sec =   73.3924 Mbps     0 retrans     34 KB-cwnd
[2024-05-28 19:34:21.670908]     3.5000 MB /   0.50 sec =   58.7221 Mbps     0 retrans     38 KB-cwnd
[2024-05-28 19:34:22.170950]     3.5625 MB /   0.50 sec =   59.7627 Mbps     0 retrans     38 KB-cwnd
[2024-05-28 19:34:22.670840]     3.6250 MB /   0.50 sec =   60.8253 Mbps     0 retrans     38 KB-cwnd
[2024-05-28 19:34:23.171392]     2.5625 MB /   0.50 sec =   42.9870 Mbps     0 retrans     38 KB-cwnd
[2024-05-28 19:34:23.670904]     1.6250 MB /   0.50 sec =   27.2653 Mbps     0 retrans     38 KB-cwnd
[2024-05-28 19:34:24.172427]     4.3750 MB /   0.50 sec =   73.2155 Mbps     0 retrans     38 KB-cwnd
[2024-05-28 19:34:24.672540]     5.6875 MB /   0.50 sec =   95.4408 Mbps     0 retrans     39 KB-cwnd
[2024-05-28 19:34:25.170889]     4.8125 MB /   0.50 sec =   80.9271 Mbps     0 retrans     39 KB-cwnd
[2024-05-28 19:34:25.670885]     5.1250 MB /   0.50 sec =   85.9880 Mbps     0 retrans     39 KB-cwnd
[2024-05-28 19:34:26.170929]     1.0000 MB /   0.50 sec =   16.7750 Mbps     0 retrans     39 KB-cwnd
[2024-05-28 19:34:26.670879]     3.3125 MB /   0.50 sec =   55.5791 Mbps     0 retrans     41 KB-cwnd
[2024-05-28 19:34:27.170860]     0.1250 MB /   0.50 sec =    2.0973 Mbps     0 retrans     41 KB-cwnd
[2024-05-28 19:34:27.671221]     0.1250 MB /   0.50 sec =    2.0970 Mbps     0 retrans     41 KB-cwnd
[2024-05-28 19:34:28.170986]     0.1875 MB /   0.50 sec =    3.1451 Mbps     0 retrans     41 KB-cwnd
[2024-05-28 19:34:28.671920]     0.0000 MB /   0.50 sec =    0.0000 Mbps     0 retrans     41 KB-cwnd
[2024-05-28 19:34:29.173203]     0.3750 MB /   0.50 sec =    6.2729 Mbps     0 retrans     41 KB-cwnd
[2024-05-28 19:34:29.670850]     0.1250 MB /   0.50 sec =    2.1057 Mbps     0 retrans     41 KB-cwnd
[2024-05-28 19:34:30.170848]     0.1875 MB /   0.50 sec =    3.1458 Mbps     0 retrans     41 KB-cwnd
[2024-05-28 19:34:30.671075]     0.1875 MB /   0.50 sec =    3.1442 Mbps     0 retrans     41 KB-cwnd
[2024-05-28 19:34:31.170827]     0.1875 MB /   0.50 sec =    3.1468 Mbps     0 retrans     41 KB-cwnd
[2024-05-28 19:34:31.670944]     0.1250 MB /   0.50 sec =    2.0970 Mbps     0 retrans     41 KB-cwnd
[2024-05-28 19:34:32.170889]     0.1875 MB /   0.50 sec =    3.1463 Mbps     0 retrans     41 KB-cwnd
[2024-05-28 19:34:32.670813]     0.1875 MB /   0.50 sec =    3.1459 Mbps     0 retrans     41 KB-cwnd
[2024-05-28 19:34:33.170840]     0.2500 MB /   0.50 sec =    4.1943 Mbps     0 retrans     41 KB-cwnd
[2024-05-28 19:34:33.670944]     0.1250 MB /   0.50 sec =    2.0969 Mbps     0 retrans     41 KB-cwnd
[2024-05-28 19:34:34.170865]     0.1250 MB /   0.50 sec =    2.0973 Mbps     0 retrans     41 KB-cwnd
[2024-05-28 19:34:34.670862]     0.1250 MB /   0.50 sec =    2.0973 Mbps     0 retrans     41 KB-cwnd
[2024-05-28 19:34:35.170999]     0.0625 MB /   0.50 sec =    1.0483 Mbps     0 retrans     41 KB-cwnd
[2024-05-28 19:34:35.671382]     0.1875 MB /   0.50 sec =    3.1435 Mbps     0 retrans     41 KB-cwnd
[2024-05-28 19:34:36.170816]     0.1250 MB /   0.50 sec =    2.0990 Mbps     0 retrans     41 KB-cwnd
[2024-05-28 19:34:36.670833]     0.1250 MB /   0.50 sec =    2.0971 Mbps     0 retrans     41 KB-cwnd
[2024-05-28 19:34:37.170955]     0.1875 MB /   0.50 sec =    3.1451 Mbps     0 retrans     41 KB-cwnd
[2024-05-28 19:34:37.670848]     0.1875 MB /   0.50 sec =    3.1463 Mbps     0 retrans     41 KB-cwnd
[2024-05-28 19:34:38.170856]     0.2500 MB /   0.50 sec =    4.1944 Mbps     0 retrans     41 KB-cwnd
[2024-05-28 19:34:38.670955]     0.1250 MB /   0.50 sec =    2.0969 Mbps     0 retrans     41 KB-cwnd
[2024-05-28 19:34:39.170874]     0.2500 MB /   0.50 sec =    4.1947 Mbps     0 retrans     41 KB-cwnd
[2024-05-28 19:34:39.670903]     0.1250 MB /   0.50 sec =    2.0972 Mbps     0 retrans     41 KB-cwnd
[2024-05-28 19:34:40.171035]     0.1250 MB /   0.50 sec =    2.0973 Mbps     0 retrans     41 KB-cwnd
[2024-05-28 19:34:40.671521]     0.1875 MB /   0.50 sec =    3.1422 Mbps     0 retrans     41 KB-cwnd
[2024-05-28 19:34:41.170725]     0.3125 MB /   0.50 sec =    5.2490 Mbps     0 retrans     41 KB-cwnd
[2024-05-28 19:34:41.670891]     0.1875 MB /   0.50 sec =    3.1451 Mbps     0 retrans     41 KB-cwnd
[2024-05-28 19:34:42.171011]     0.2500 MB /   0.50 sec =    4.1939 Mbps     0 retrans     41 KB-cwnd
[2024-05-28 19:34:42.670963]     0.3750 MB /   0.50 sec =    6.2920 Mbps     0 retrans     41 KB-cwnd
[2024-05-28 19:34:43.171392]     0.0625 MB /   0.50 sec =    1.0478 Mbps     0 retrans     41 KB-cwnd
[2024-05-28 19:34:43.671349]     0.3750 MB /   0.50 sec =    6.2973 Mbps     0 retrans     41 KB-cwnd
[2024-05-28 19:34:44.170857]     0.3750 MB /   0.50 sec =    6.2912 Mbps     0 retrans     41 KB-cwnd
[2024-05-28 19:34:44.670932]     0.5000 MB /   0.50 sec =    8.3883 Mbps     0 retrans     41 KB-cwnd
[2024-05-28 19:34:45.170969]     0.5000 MB /   0.50 sec =    8.3881 Mbps     0 retrans     41 KB-cwnd
[2024-05-28 19:34:45.670865]     0.3125 MB /   0.50 sec =    5.2434 Mbps     0 retrans     41 KB-cwnd
[2024-05-28 19:34:46.171013]     0.6875 MB /   0.50 sec =   11.5334 Mbps     0 retrans     41 KB-cwnd
[2024-05-28 19:34:46.671543]     0.8125 MB /   0.50 sec =   13.6149 Mbps     0 retrans     41 KB-cwnd
[2024-05-28 19:34:47.170823]     0.6875 MB /   0.50 sec =   11.5496 Mbps     0 retrans     41 KB-cwnd
[2024-05-28 19:34:47.670812]     0.8125 MB /   0.50 sec =   13.6318 Mbps     0 retrans     41 KB-cwnd
[2024-05-28 19:34:48.170850]     0.1250 MB /   0.50 sec =    2.0971 Mbps     0 retrans     41 KB-cwnd
[2024-05-28 19:34:48.670907]     0.4375 MB /   0.50 sec =    7.3397 Mbps     0 retrans     41 KB-cwnd
[2024-05-28 19:34:49.170976]     0.7500 MB /   0.50 sec =   12.5798 Mbps     0 retrans     41 KB-cwnd
[2024-05-28 19:34:49.671637]     0.4375 MB /   0.50 sec =    7.3384 Mbps     0 retrans     41 KB-cwnd
[2024-05-28 19:34:50.171324]     0.6875 MB /   0.50 sec =   11.5306 Mbps     0 retrans     41 KB-cwnd
[2024-05-28 19:34:50.670837]     1.0000 MB /   0.50 sec =   16.7912 Mbps     0 retrans     41 KB-cwnd
[2024-05-28 19:34:51.170883]     0.9375 MB /   0.50 sec =   15.7283 Mbps     0 retrans     41 KB-cwnd
[2024-05-28 19:34:51.671212]     0.8750 MB /   0.50 sec =   14.6697 Mbps  2532 retrans   2392 KB-cwnd
[2024-05-28 19:34:52.170926]     1.3125 MB /   0.50 sec =   22.0361 Mbps     0 retrans   2392 KB-cwnd
[2024-05-28 19:34:52.670930]     0.7500 MB /   0.50 sec =   12.5823 Mbps     0 retrans   2392 KB-cwnd
[2024-05-28 19:34:53.170839]     0.3125 MB /   0.50 sec =    5.2432 Mbps     0 retrans   2392 KB-cwnd
[2024-05-28 19:34:53.670832]     0.8750 MB /   0.50 sec =   14.6802 Mbps     0 retrans   2392 KB-cwnd
[2024-05-28 19:34:54.170880]     1.0625 MB /   0.50 sec =   17.8258 Mbps     0 retrans   2392 KB-cwnd
[2024-05-28 19:34:54.671418]     0.2500 MB /   0.50 sec =    4.1903 Mbps     0 retrans   2392 KB-cwnd
[2024-05-28 19:34:55.170861]     0.8125 MB /   0.50 sec =   13.6440 Mbps     0 retrans   2392 KB-cwnd
[2024-05-28 19:34:55.672212]     1.1250 MB /   0.50 sec =   18.8261 Mbps     0 retrans   2392 KB-cwnd
[2024-05-28 19:34:56.170900]     0.1875 MB /   0.50 sec =    3.1537 Mbps     0 retrans   2392 KB-cwnd
[2024-05-28 19:34:56.671564]     0.1875 MB /   0.50 sec =    3.1434 Mbps     0 retrans   2392 KB-cwnd
[2024-05-28 19:34:57.170815]     1.0000 MB /   0.50 sec =   16.7905 Mbps     0 retrans   2392 KB-cwnd
End time: 1716939297432
