Start time: 1716909280167
[2024-05-28 11:14:41.260826] nuttcp-r: v8.1.4: socket
[2024-05-28 11:14:41.261453] nuttcp-r: buflen=65536, nstream=1, port=5002 tcp
[2024-05-28 11:14:41.261611] nuttcp-r: interval reporting every 0.50 seconds
[2024-05-28 11:14:41.261728] nuttcp-r: connect to 35.245.244.238 with RTT=74.650 ms af=inet
[2024-05-28 11:14:41.261838] nuttcp-r: send window size = 2097152, receive window size = 6291456
[2024-05-28 11:14:41.261944] nuttcp-r: available send window = 1572864, available receive window = 4718592
[2024-05-28 11:14:41.262050]     0.3750 MB /   0.50 sec =    6.2909 Mbps     0 retrans     13 KB-cwnd
[2024-05-28 11:14:41.760886]     1.3750 MB /   0.50 sec =   23.0680 Mbps     0 retrans     13 KB-cwnd
[2024-05-28 11:14:42.260679]     6.0625 MB /   0.50 sec =  101.6960 Mbps     0 retrans     13 KB-cwnd
[2024-05-28 11:14:42.760833]     3.5625 MB /   0.50 sec =   59.7697 Mbps     0 retrans     13 KB-cwnd
[2024-05-28 11:14:43.260584]     7.9375 MB /   0.50 sec =  133.1782 Mbps     0 retrans     13 KB-cwnd
[2024-05-28 11:14:43.760573]     7.1250 MB /   0.50 sec =  119.5482 Mbps     0 retrans     13 KB-cwnd
[2024-05-28 11:14:44.261630]     5.2500 MB /   0.50 sec =   87.9044 Mbps     0 retrans     13 KB-cwnd
[2024-05-28 11:14:44.761581]     0.0625 MB /   0.50 sec =    1.0487 Mbps     0 retrans     13 KB-cwnd
[2024-05-28 11:14:45.260857]     3.8750 MB /   0.50 sec =   65.1224 Mbps     0 retrans     13 KB-cwnd
[2024-05-28 11:14:45.761584]     6.7500 MB /   0.50 sec =  113.0500 Mbps     0 retrans     13 KB-cwnd
[2024-05-28 11:14:46.260656]     7.4375 MB /   0.50 sec =  125.0108 Mbps     0 retrans     13 KB-cwnd
[2024-05-28 11:14:46.760565]     6.5000 MB /   0.50 sec =  109.0643 Mbps     0 retrans     13 KB-cwnd
[2024-05-28 11:14:47.260601]     7.8125 MB /   0.50 sec =  131.0652 Mbps     0 retrans     13 KB-cwnd
[2024-05-28 11:14:47.761609]     7.1250 MB /   0.50 sec =  119.3074 Mbps     0 retrans     13 KB-cwnd
[2024-05-28 11:14:48.260640]     6.5625 MB /   0.50 sec =  110.3001 Mbps     0 retrans     13 KB-cwnd
[2024-05-28 11:14:48.760738]     4.1875 MB /   0.50 sec =   70.2459 Mbps     0 retrans     13 KB-cwnd
[2024-05-28 11:14:49.260900]     4.3750 MB /   0.50 sec =   73.4018 Mbps     0 retrans     13 KB-cwnd
[2024-05-28 11:14:49.760904]     6.4375 MB /   0.50 sec =  107.9990 Mbps     0 retrans     13 KB-cwnd
[2024-05-28 11:14:50.261598]     5.6875 MB /   0.50 sec =   95.2590 Mbps     0 retrans     13 KB-cwnd
[2024-05-28 11:14:50.761647]     4.1875 MB /   0.50 sec =   70.2476 Mbps     0 retrans     13 KB-cwnd
[2024-05-28 11:14:51.261612]     7.8750 MB /   0.50 sec =  132.1317 Mbps     0 retrans     13 KB-cwnd
[2024-05-28 11:14:51.760570]     1.9375 MB /   0.50 sec =   32.5711 Mbps     0 retrans     13 KB-cwnd
[2024-05-28 11:14:52.260556]     6.6250 MB /   0.50 sec =  111.1508 Mbps     0 retrans     13 KB-cwnd
[2024-05-28 11:14:52.760560]     6.1875 MB /   0.50 sec =  103.8092 Mbps     0 retrans     13 KB-cwnd
[2024-05-28 11:14:53.260573]     6.5625 MB /   0.50 sec =  110.0992 Mbps     0 retrans     13 KB-cwnd
[2024-05-28 11:14:53.760572]     7.5625 MB /   0.50 sec =  126.8698 Mbps     0 retrans     13 KB-cwnd
[2024-05-28 11:14:54.260801]     6.8750 MB /   0.50 sec =  115.3420 Mbps     0 retrans     13 KB-cwnd
[2024-05-28 11:14:54.760713]     1.4375 MB /   0.50 sec =   24.1139 Mbps     0 retrans     13 KB-cwnd
[2024-05-28 11:14:55.260691]     3.9375 MB /   0.50 sec =   66.0616 Mbps     0 retrans     13 KB-cwnd
[2024-05-28 11:14:55.760647]     6.6250 MB /   0.50 sec =  111.1571 Mbps     0 retrans     13 KB-cwnd
[2024-05-28 11:14:56.260694]     5.0625 MB /   0.50 sec =   84.9267 Mbps     0 retrans     13 KB-cwnd
[2024-05-28 11:14:56.760584]     6.1875 MB /   0.50 sec =  103.8304 Mbps     0 retrans     13 KB-cwnd
[2024-05-28 11:14:57.260705]     4.3125 MB /   0.50 sec =   72.3373 Mbps     0 retrans     13 KB-cwnd
[2024-05-28 11:14:57.760562]     8.1875 MB /   0.50 sec =  137.3931 Mbps     0 retrans     13 KB-cwnd
[2024-05-28 11:14:58.261218]     5.6250 MB /   0.50 sec =   94.2578 Mbps     0 retrans     13 KB-cwnd
[2024-05-28 11:14:58.760575]     5.8750 MB /   0.50 sec =   98.6852 Mbps     0 retrans     13 KB-cwnd
[2024-05-28 11:14:59.260532]     4.3125 MB /   0.50 sec =   72.3525 Mbps     0 retrans     13 KB-cwnd
[2024-05-28 11:14:59.760688]     4.0625 MB /   0.50 sec =   68.1424 Mbps     0 retrans     13 KB-cwnd
[2024-05-28 11:15:00.260667]     5.0000 MB /   0.50 sec =   83.8896 Mbps     0 retrans     13 KB-cwnd
[2024-05-28 11:15:00.760717]     4.7500 MB /   0.50 sec =   79.6876 Mbps     0 retrans     13 KB-cwnd
[2024-05-28 11:15:01.260483]     8.4375 MB /   0.50 sec =  141.5983 Mbps     0 retrans     13 KB-cwnd
[2024-05-28 11:15:01.760793]     4.8125 MB /   0.50 sec =   80.7302 Mbps     0 retrans     13 KB-cwnd
[2024-05-28 11:15:02.260665]     3.3125 MB /   0.50 sec =   55.5719 Mbps     0 retrans     13 KB-cwnd
[2024-05-28 11:15:02.760603]     5.8750 MB /   0.50 sec =   98.5746 Mbps     0 retrans     13 KB-cwnd
[2024-05-28 11:15:03.260570]     6.1875 MB /   0.50 sec =  103.8109 Mbps     0 retrans     13 KB-cwnd
[2024-05-28 11:15:03.760571]     5.8125 MB /   0.50 sec =   97.5183 Mbps     0 retrans     13 KB-cwnd
[2024-05-28 11:15:04.260585]     5.9375 MB /   0.50 sec =   99.6121 Mbps     0 retrans     13 KB-cwnd
[2024-05-28 11:15:04.760618]     6.2500 MB /   0.50 sec =  104.8498 Mbps     0 retrans     13 KB-cwnd
[2024-05-28 11:15:05.260563]     6.5000 MB /   0.50 sec =  109.0628 Mbps     0 retrans     18 KB-cwnd
[2024-05-28 11:15:05.760632]     6.9375 MB /   0.50 sec =  116.3831 Mbps     0 retrans     18 KB-cwnd
[2024-05-28 11:15:06.260589]     6.5625 MB /   0.50 sec =  110.1064 Mbps     0 retrans     18 KB-cwnd
[2024-05-28 11:15:06.760511]     7.1250 MB /   0.50 sec =  119.5389 Mbps     0 retrans     18 KB-cwnd
[2024-05-28 11:15:07.260621]     4.1250 MB /   0.50 sec =   69.1987 Mbps     0 retrans     26 KB-cwnd
[2024-05-28 11:15:07.760598]     8.3125 MB /   0.50 sec =  139.4734 Mbps     0 retrans     26 KB-cwnd
[2024-05-28 11:15:08.260611]     7.3750 MB /   0.50 sec =  123.7223 Mbps     0 retrans     26 KB-cwnd
[2024-05-28 11:15:08.760588]     7.5625 MB /   0.50 sec =  126.8896 Mbps     0 retrans     26 KB-cwnd
[2024-05-28 11:15:09.260725]     1.0625 MB /   0.50 sec =   17.8219 Mbps     0 retrans     26 KB-cwnd
[2024-05-28 11:15:09.760604]     8.0000 MB /   0.50 sec =  134.2419 Mbps     0 retrans     26 KB-cwnd
[2024-05-28 11:15:10.260918]     5.6875 MB /   0.50 sec =   95.3937 Mbps     0 retrans     26 KB-cwnd
[2024-05-28 11:15:10.760685]     5.0000 MB /   0.50 sec =   83.8983 Mbps     0 retrans     26 KB-cwnd
[2024-05-28 11:15:11.260579]     5.3750 MB /   0.50 sec =   90.1866 Mbps     0 retrans     26 KB-cwnd
[2024-05-28 11:15:11.760779]     7.2500 MB /   0.50 sec =  121.6236 Mbps     0 retrans     26 KB-cwnd
[2024-05-28 11:15:12.260505]     7.0625 MB /   0.50 sec =  118.5161 Mbps     0 retrans     26 KB-cwnd
[2024-05-28 11:15:12.760659]     1.9375 MB /   0.50 sec =   32.4987 Mbps     0 retrans     26 KB-cwnd
[2024-05-28 11:15:13.260576]     7.8750 MB /   0.50 sec =  132.1407 Mbps     0 retrans     26 KB-cwnd
[2024-05-28 11:15:13.760578]     7.1875 MB /   0.50 sec =  120.5853 Mbps     0 retrans     26 KB-cwnd
[2024-05-28 11:15:14.260576]     6.9375 MB /   0.50 sec =  116.3919 Mbps     0 retrans     26 KB-cwnd
[2024-05-28 11:15:14.760603]     7.0000 MB /   0.50 sec =  117.4363 Mbps     0 retrans     26 KB-cwnd
[2024-05-28 11:15:15.260777]     4.0000 MB /   0.50 sec =   67.1015 Mbps     0 retrans     26 KB-cwnd
[2024-05-28 11:15:15.760645]     5.8125 MB /   0.50 sec =   97.5199 Mbps     0 retrans     26 KB-cwnd
[2024-05-28 11:15:16.260707]     1.6875 MB /   0.50 sec =   28.3097 Mbps     0 retrans     26 KB-cwnd
[2024-05-28 11:15:16.760571]     5.4375 MB /   0.50 sec =   91.2440 Mbps     0 retrans     26 KB-cwnd
[2024-05-28 11:15:17.260588]     7.7500 MB /   0.50 sec =  130.0211 Mbps     0 retrans     26 KB-cwnd
[2024-05-28 11:15:17.760750]     6.5000 MB /   0.50 sec =  109.0515 Mbps   221 retrans   3237 KB-cwnd
[2024-05-28 11:15:18.260593]     5.2500 MB /   0.50 sec =   88.0807 Mbps     0 retrans   3237 KB-cwnd
[2024-05-28 11:15:18.760683]     4.0000 MB /   0.50 sec =   67.0964 Mbps     0 retrans   3237 KB-cwnd
[2024-05-28 11:15:19.260628]     9.1250 MB /   0.50 sec =  153.1083 Mbps     0 retrans   3237 KB-cwnd
[2024-05-28 11:15:19.760633]     4.2500 MB /   0.50 sec =   71.3016 Mbps     0 retrans   3237 KB-cwnd
[2024-05-28 11:15:20.260729]     1.1875 MB /   0.50 sec =   19.9205 Mbps     0 retrans   3237 KB-cwnd
[2024-05-28 11:15:20.760642]     1.1250 MB /   0.50 sec =   18.8768 Mbps     0 retrans   3237 KB-cwnd
[2024-05-28 11:15:21.260796]     4.0000 MB /   0.50 sec =   67.1051 Mbps     0 retrans   3237 KB-cwnd
[2024-05-28 11:15:21.760837]     6.5000 MB /   0.50 sec =  109.0478 Mbps     0 retrans   3237 KB-cwnd
[2024-05-28 11:15:22.260620]     7.6250 MB /   0.50 sec =  127.9447 Mbps     0 retrans   3237 KB-cwnd
[2024-05-28 11:15:22.760515]     3.6250 MB /   0.50 sec =   60.8239 Mbps     0 retrans   3237 KB-cwnd
[2024-05-28 11:15:23.260665]     1.1875 MB /   0.50 sec =   19.9193 Mbps     0 retrans   3237 KB-cwnd
[2024-05-28 11:15:23.760670]     4.5000 MB /   0.50 sec =   75.4938 Mbps     0 retrans   3237 KB-cwnd
[2024-05-28 11:15:24.260684]     2.8750 MB /   0.50 sec =   48.2358 Mbps     0 retrans   3237 KB-cwnd
[2024-05-28 11:15:24.760670]     5.0000 MB /   0.50 sec =   83.8864 Mbps     0 retrans   3237 KB-cwnd
[2024-05-28 11:15:25.260685]     6.6250 MB /   0.50 sec =  111.1468 Mbps     0 retrans   3237 KB-cwnd
[2024-05-28 11:15:25.760673]     3.7500 MB /   0.50 sec =   62.9148 Mbps     0 retrans   3237 KB-cwnd
[2024-05-28 11:15:26.260693]     5.3750 MB /   0.50 sec =   90.1761 Mbps     0 retrans   3237 KB-cwnd
[2024-05-28 11:15:26.760748]     3.8125 MB /   0.50 sec =   63.9548 Mbps     0 retrans   3237 KB-cwnd
[2024-05-28 11:15:27.260687]     2.0625 MB /   0.50 sec =   34.6074 Mbps     0 retrans   3237 KB-cwnd
[2024-05-28 11:15:27.760601]     7.2500 MB /   0.50 sec =  121.6633 Mbps     0 retrans   3237 KB-cwnd
[2024-05-28 11:15:28.260559]     4.6250 MB /   0.50 sec =   77.5923 Mbps     0 retrans   3237 KB-cwnd
[2024-05-28 11:15:28.760584]     5.2500 MB /   0.50 sec =   88.0788 Mbps     0 retrans   3237 KB-cwnd
[2024-05-28 11:15:29.260589]     5.8125 MB /   0.50 sec =   97.5119 Mbps     0 retrans   3237 KB-cwnd
[2024-05-28 11:15:29.760568]     5.1875 MB /   0.50 sec =   87.0409 Mbps     0 retrans   3237 KB-cwnd
[2024-05-28 11:15:30.260564]     5.8125 MB /   0.50 sec =   97.5148 Mbps     0 retrans   3237 KB-cwnd
[2024-05-28 11:15:30.760663]     4.3750 MB /   0.50 sec =   73.3899 Mbps     0 retrans   3237 KB-cwnd
[2024-05-28 11:15:31.260666]     3.8125 MB /   0.50 sec =   63.9606 Mbps     0 retrans   3237 KB-cwnd
[2024-05-28 11:15:31.760644]     5.5000 MB /   0.50 sec =   92.2799 Mbps     0 retrans   3237 KB-cwnd
[2024-05-28 11:15:32.260675]     3.8750 MB /   0.50 sec =   65.0081 Mbps     0 retrans   3237 KB-cwnd
[2024-05-28 11:15:32.760635]     3.2500 MB /   0.50 sec =   54.5286 Mbps     0 retrans   3237 KB-cwnd
[2024-05-28 11:15:33.260695]     5.0625 MB /   0.50 sec =   84.9250 Mbps    24 retrans   2992 KB-cwnd
[2024-05-28 11:15:33.760581]     2.5000 MB /   0.50 sec =   41.9531 Mbps     0 retrans   2992 KB-cwnd
[2024-05-28 11:15:34.260567]     2.9375 MB /   0.50 sec =   49.2785 Mbps     0 retrans   2992 KB-cwnd
[2024-05-28 11:15:34.760653]     5.1250 MB /   0.50 sec =   85.9807 Mbps     0 retrans   2992 KB-cwnd
[2024-05-28 11:15:35.260614]     4.1250 MB /   0.50 sec =   69.2081 Mbps     0 retrans   2992 KB-cwnd
[2024-05-28 11:15:35.760695]     2.4375 MB /   0.50 sec =   40.8895 Mbps     0 retrans   2992 KB-cwnd
[2024-05-28 11:15:36.260690]     7.0000 MB /   0.50 sec =  117.4671 Mbps     0 retrans   2992 KB-cwnd
[2024-05-28 11:15:36.760575]     5.1875 MB /   0.50 sec =   87.0308 Mbps     0 retrans   3003 KB-cwnd
[2024-05-28 11:15:37.260560]     5.6250 MB /   0.50 sec =   94.3726 Mbps     0 retrans   3003 KB-cwnd
[2024-05-28 11:15:37.760556]     5.1250 MB /   0.50 sec =   85.9841 Mbps     0 retrans   3003 KB-cwnd
[2024-05-28 11:15:38.260709]     1.3750 MB /   0.50 sec =   23.0631 Mbps     0 retrans   3003 KB-cwnd
[2024-05-28 11:15:38.760738]     4.6875 MB /   0.50 sec =   78.6408 Mbps     0 retrans   3003 KB-cwnd
[2024-05-28 11:15:39.260643]     5.1250 MB /   0.50 sec =   85.9944 Mbps     0 retrans   3003 KB-cwnd
[2024-05-28 11:15:39.760658]     4.6875 MB /   0.50 sec =   78.6412 Mbps     0 retrans   3003 KB-cwnd
[2024-05-28 11:15:40.260661]     6.0000 MB /   0.50 sec =  100.6639 Mbps     0 retrans   3003 KB-cwnd
[2024-05-28 11:15:40.760634]     4.0625 MB /   0.50 sec =   68.1598 Mbps     0 retrans   3003 KB-cwnd
[2024-05-28 11:15:41.260768]     3.6250 MB /   0.50 sec =   60.8175 Mbps     0 retrans   3003 KB-cwnd
[2024-05-28 11:15:41.760659]     5.4375 MB /   0.50 sec =   91.2239 Mbps     0 retrans   3003 KB-cwnd
[2024-05-28 11:15:42.260812]     3.3125 MB /   0.50 sec =   55.5707 Mbps     0 retrans   3003 KB-cwnd
[2024-05-28 11:15:42.760637]     5.1875 MB /   0.50 sec =   87.0381 Mbps     0 retrans   3003 KB-cwnd
[2024-05-28 11:15:43.260508]     6.8750 MB /   0.50 sec =  115.3641 Mbps     0 retrans   3003 KB-cwnd
[2024-05-28 11:15:43.760687]     2.0000 MB /   0.50 sec =   33.5484 Mbps     0 retrans   3003 KB-cwnd
[2024-05-28 11:15:44.260562]     5.2500 MB /   0.50 sec =   88.0925 Mbps     0 retrans   3003 KB-cwnd
[2024-05-28 11:15:44.760577]     5.5625 MB /   0.50 sec =   93.3220 Mbps     0 retrans   3003 KB-cwnd
[2024-05-28 11:15:45.260588]     5.1250 MB /   0.50 sec =   85.9819 Mbps     0 retrans   3003 KB-cwnd
[2024-05-28 11:15:45.760622]     5.5000 MB /   0.50 sec =   92.2662 Mbps     0 retrans   3003 KB-cwnd
[2024-05-28 11:15:46.260525]     6.0625 MB /   0.50 sec =  101.7281 Mbps     0 retrans   3003 KB-cwnd
[2024-05-28 11:15:46.760632]     3.8125 MB /   0.50 sec =   63.9537 Mbps     0 retrans   3003 KB-cwnd
[2024-05-28 11:15:47.260666]     6.4375 MB /   0.50 sec =  107.9971 Mbps     0 retrans   3003 KB-cwnd
[2024-05-28 11:15:47.760632]     6.0625 MB /   0.50 sec =  101.7166 Mbps     0 retrans   3003 KB-cwnd
[2024-05-28 11:15:48.260653]     1.8750 MB /   0.50 sec =   31.4558 Mbps     0 retrans   3003 KB-cwnd
[2024-05-28 11:15:48.760696]     5.2500 MB /   0.50 sec =   88.0767 Mbps    50 retrans   2529 KB-cwnd
[2024-05-28 11:15:49.260671]     3.0000 MB /   0.50 sec =   50.3328 Mbps     0 retrans   2529 KB-cwnd
[2024-05-28 11:15:49.760819]     1.5000 MB /   0.50 sec =   25.1655 Mbps     0 retrans   2529 KB-cwnd
[2024-05-28 11:15:50.260672]     1.5000 MB /   0.50 sec =   25.1665 Mbps     0 retrans   2529 KB-cwnd
[2024-05-28 11:15:50.760641]     5.5000 MB /   0.50 sec =   92.2791 Mbps     0 retrans   2529 KB-cwnd
[2024-05-28 11:15:51.260560]     5.1875 MB /   0.50 sec =   87.0429 Mbps     0 retrans   2529 KB-cwnd
[2024-05-28 11:15:51.760502]     4.0625 MB /   0.50 sec =   68.1589 Mbps     0 retrans   2529 KB-cwnd
[2024-05-28 11:15:52.260576]     4.3125 MB /   0.50 sec =   72.3497 Mbps     0 retrans   2529 KB-cwnd
[2024-05-28 11:15:52.760634]     2.3125 MB /   0.50 sec =   38.7918 Mbps     0 retrans   2529 KB-cwnd
[2024-05-28 11:15:53.260641]     2.1875 MB /   0.50 sec =   36.7007 Mbps     0 retrans   2529 KB-cwnd
[2024-05-28 11:15:53.760656]     3.5625 MB /   0.50 sec =   59.7667 Mbps     0 retrans   2529 KB-cwnd
[2024-05-28 11:15:54.260662]     2.9375 MB /   0.50 sec =   49.2829 Mbps     0 retrans   2529 KB-cwnd
[2024-05-28 11:15:54.760598]     3.6250 MB /   0.50 sec =   60.8256 Mbps     0 retrans   2529 KB-cwnd
[2024-05-28 11:15:55.260633]     5.0000 MB /   0.50 sec =   83.8794 Mbps     0 retrans   2529 KB-cwnd
[2024-05-28 11:15:55.760636]     4.3750 MB /   0.50 sec =   73.3987 Mbps     0 retrans   2529 KB-cwnd
[2024-05-28 11:15:56.260693]     2.0625 MB /   0.50 sec =   34.6020 Mbps     0 retrans   2529 KB-cwnd
[2024-05-28 11:15:56.760702]     3.1875 MB /   0.50 sec =   53.4742 Mbps     0 retrans   2529 KB-cwnd
[2024-05-28 11:15:57.260549]     2.5000 MB /   0.50 sec =   41.9501 Mbps     0 retrans   2529 KB-cwnd
[2024-05-28 11:15:57.760652]     3.3125 MB /   0.50 sec =   55.5696 Mbps     0 retrans   2529 KB-cwnd
[2024-05-28 11:15:58.260677]     3.6875 MB /   0.50 sec =   61.8652 Mbps     0 retrans   2529 KB-cwnd
[2024-05-28 11:15:58.760595]     4.8125 MB /   0.50 sec =   80.7523 Mbps     0 retrans   2529 KB-cwnd
[2024-05-28 11:15:59.260577]     6.1875 MB /   0.50 sec =  103.8088 Mbps     0 retrans   2529 KB-cwnd
[2024-05-28 11:15:59.760747]     4.6875 MB /   0.50 sec =   78.6364 Mbps     0 retrans   2529 KB-cwnd
[2024-05-28 11:16:00.260763]     1.3750 MB /   0.50 sec =   23.0640 Mbps     0 retrans   2529 KB-cwnd
[2024-05-28 11:16:00.760568]     6.6250 MB /   0.50 sec =  111.1835 Mbps     0 retrans   2529 KB-cwnd
[2024-05-28 11:16:01.260622]     6.5625 MB /   0.50 sec =  110.0875 Mbps     0 retrans   2529 KB-cwnd
[2024-05-28 11:16:01.760525]     5.6875 MB /   0.50 sec =   95.4353 Mbps     0 retrans   2529 KB-cwnd
[2024-05-28 11:16:02.260646]     4.5625 MB /   0.50 sec =   76.5330 Mbps     0 retrans   2529 KB-cwnd
[2024-05-28 11:16:02.760671]     2.5000 MB /   0.50 sec =   41.9412 Mbps     0 retrans   2529 KB-cwnd
[2024-05-28 11:16:03.260704]     1.4375 MB /   0.50 sec =   24.1161 Mbps     0 retrans   2529 KB-cwnd
[2024-05-28 11:16:03.760627]     3.6250 MB /   0.50 sec =   60.8206 Mbps     0 retrans   2529 KB-cwnd
[2024-05-28 11:16:04.260688]     2.2500 MB /   0.50 sec =   37.7474 Mbps     0 retrans   2529 KB-cwnd
[2024-05-28 11:16:04.760673]     1.8750 MB /   0.50 sec =   31.4576 Mbps     0 retrans   2529 KB-cwnd
[2024-05-28 11:16:05.260787]     1.9375 MB /   0.50 sec =   32.5118 Mbps     0 retrans   2529 KB-cwnd
[2024-05-28 11:16:05.760516]     1.6250 MB /   0.50 sec =   27.2627 Mbps     0 retrans   2529 KB-cwnd
[2024-05-28 11:16:06.260614]     2.6875 MB /   0.50 sec =   45.0887 Mbps     0 retrans   2529 KB-cwnd
[2024-05-28 11:16:06.760653]     1.9375 MB /   0.50 sec =   32.5022 Mbps     0 retrans   2529 KB-cwnd
[2024-05-28 11:16:07.260542]     1.2500 MB /   0.50 sec =   20.9733 Mbps     0 retrans   2529 KB-cwnd
[2024-05-28 11:16:07.760637]     1.8750 MB /   0.50 sec =   31.4561 Mbps     0 retrans   2529 KB-cwnd
[2024-05-28 11:16:08.260669]     2.1875 MB /   0.50 sec =   36.6963 Mbps     0 retrans   2529 KB-cwnd
[2024-05-28 11:16:08.760631]     3.8750 MB /   0.50 sec =   65.0172 Mbps     0 retrans   2529 KB-cwnd
[2024-05-28 11:16:09.260560]     3.0000 MB /   0.50 sec =   50.3402 Mbps     0 retrans   2529 KB-cwnd
[2024-05-28 11:16:09.760528]     1.3750 MB /   0.50 sec =   23.0665 Mbps   859 retrans   2007 KB-cwnd
[2024-05-28 11:16:10.260626]     4.8750 MB /   0.50 sec =   81.7827 Mbps     0 retrans   2007 KB-cwnd
[2024-05-28 11:16:10.760600]     3.7500 MB /   0.50 sec =   62.9167 Mbps     0 retrans   2007 KB-cwnd
[2024-05-28 11:16:11.260560]     3.7500 MB /   0.50 sec =   62.9190 Mbps     0 retrans   2007 KB-cwnd
[2024-05-28 11:16:11.760563]     4.5000 MB /   0.50 sec =   75.4975 Mbps     0 retrans   2007 KB-cwnd
[2024-05-28 11:16:12.260594]     3.6250 MB /   0.50 sec =   60.8168 Mbps     0 retrans   2007 KB-cwnd
[2024-05-28 11:16:12.760668]     3.4375 MB /   0.50 sec =   57.6631 Mbps     0 retrans   2007 KB-cwnd
[2024-05-28 11:16:13.260597]     4.8125 MB /   0.50 sec =   80.7526 Mbps     0 retrans   2007 KB-cwnd
[2024-05-28 11:16:13.760574]     5.1875 MB /   0.50 sec =   87.0330 Mbps     0 retrans   2007 KB-cwnd
[2024-05-28 11:16:14.260561]     5.6250 MB /   0.50 sec =   94.3715 Mbps     0 retrans   2007 KB-cwnd
[2024-05-28 11:16:14.760496]     4.0625 MB /   0.50 sec =   68.1604 Mbps     0 retrans   2007 KB-cwnd
[2024-05-28 11:16:15.260593]     7.0625 MB /   0.50 sec =  118.4825 Mbps     0 retrans   2007 KB-cwnd
[2024-05-28 11:16:15.760494]     5.9375 MB /   0.50 sec =   99.6191 Mbps     0 retrans   2007 KB-cwnd
[2024-05-28 11:16:16.260507]     5.9375 MB /   0.50 sec =   99.6139 Mbps     0 retrans   2007 KB-cwnd
[2024-05-28 11:16:16.760548]     5.1250 MB /   0.50 sec =   85.9769 Mbps     0 retrans   2007 KB-cwnd
[2024-05-28 11:16:17.260726]     6.3125 MB /   0.50 sec =  105.9074 Mbps     0 retrans   2007 KB-cwnd
[2024-05-28 11:16:17.763183]     4.5625 MB /   0.50 sec =   76.1570 Mbps     0 retrans   2007 KB-cwnd
[2024-05-28 11:16:18.260791]     7.3125 MB /   0.50 sec =  123.2989 Mbps     0 retrans   2007 KB-cwnd
[2024-05-28 11:16:18.760698]     2.7500 MB /   0.50 sec =   46.1337 Mbps     0 retrans   2007 KB-cwnd
[2024-05-28 11:16:19.260755]     4.5000 MB /   0.50 sec =   75.4951 Mbps     0 retrans   2007 KB-cwnd
[2024-05-28 11:16:19.760703]     3.7500 MB /   0.50 sec =   62.9164 Mbps     0 retrans   2007 KB-cwnd
[2024-05-28 11:16:20.260689]     2.9375 MB /   0.50 sec =   49.2850 Mbps     0 retrans   2007 KB-cwnd
[2024-05-28 11:16:20.760655]     2.6250 MB /   0.50 sec =   44.0420 Mbps     0 retrans   2007 KB-cwnd
[2024-05-28 11:16:21.260688]     5.8125 MB /   0.50 sec =   97.5104 Mbps     0 retrans   2007 KB-cwnd
[2024-05-28 11:16:21.760829]     5.4375 MB /   0.50 sec =   91.2091 Mbps     0 retrans   2007 KB-cwnd
[2024-05-28 11:16:22.260597]     5.6875 MB /   0.50 sec =   95.4565 Mbps     0 retrans   2007 KB-cwnd
[2024-05-28 11:16:22.760706]     4.1250 MB /   0.50 sec =   69.1929 Mbps     0 retrans   2007 KB-cwnd
[2024-05-28 11:16:23.260665]     4.5625 MB /   0.50 sec =   76.5511 Mbps     0 retrans   2007 KB-cwnd
[2024-05-28 11:16:23.760786]     1.5625 MB /   0.50 sec =   26.2146 Mbps     0 retrans   2007 KB-cwnd
[2024-05-28 11:16:24.260704]     3.8125 MB /   0.50 sec =   63.9596 Mbps     0 retrans   2007 KB-cwnd
[2024-05-28 11:16:24.760624]     6.2500 MB /   0.50 sec =  104.8693 Mbps     0 retrans   2007 KB-cwnd
[2024-05-28 11:16:25.260630]     1.2500 MB /   0.50 sec =   20.9710 Mbps    37 retrans   2336 KB-cwnd
[2024-05-28 11:16:25.760577]     8.0000 MB /   0.50 sec =  134.2325 Mbps     0 retrans   2336 KB-cwnd
[2024-05-28 11:16:26.260651]     3.0000 MB /   0.50 sec =   50.3239 Mbps     0 retrans   2336 KB-cwnd
[2024-05-28 11:16:26.760668]     7.0625 MB /   0.50 sec =  118.4900 Mbps     0 retrans   2336 KB-cwnd
[2024-05-28 11:16:27.260675]     3.9375 MB /   0.50 sec =   66.0584 Mbps     0 retrans   2336 KB-cwnd
[2024-05-28 11:16:27.760550]     5.8750 MB /   0.50 sec =   98.5794 Mbps     0 retrans   2336 KB-cwnd
[2024-05-28 11:16:28.260689]     1.3125 MB /   0.50 sec =   22.0167 Mbps     0 retrans   2336 KB-cwnd
[2024-05-28 11:16:28.760722]     2.4375 MB /   0.50 sec =   40.8919 Mbps     0 retrans   2336 KB-cwnd
[2024-05-28 11:16:29.260567]     3.7500 MB /   0.50 sec =   62.9314 Mbps     0 retrans   2336 KB-cwnd
[2024-05-28 11:16:29.760561]     4.6250 MB /   0.50 sec =   77.5946 Mbps     0 retrans   2336 KB-cwnd
[2024-05-28 11:16:30.260742]     2.8750 MB /   0.50 sec =   48.2226 Mbps     0 retrans   2336 KB-cwnd
[2024-05-28 11:16:30.760732]     5.6875 MB /   0.50 sec =   95.4189 Mbps     0 retrans   2336 KB-cwnd
[2024-05-28 11:16:31.260642]     7.9375 MB /   0.50 sec =  133.1849 Mbps     0 retrans   2336 KB-cwnd
[2024-05-28 11:16:31.760704]     6.0000 MB /   0.50 sec =  100.6772 Mbps     0 retrans   2336 KB-cwnd
[2024-05-28 11:16:32.260595]     7.1250 MB /   0.50 sec =  119.5355 Mbps     0 retrans   2336 KB-cwnd
[2024-05-28 11:16:32.760682]     3.3750 MB /   0.50 sec =   56.6138 Mbps     0 retrans   2336 KB-cwnd
[2024-05-28 11:16:33.260540]     3.0625 MB /   0.50 sec =   51.3873 Mbps     0 retrans   2336 KB-cwnd
[2024-05-28 11:16:33.760650]     5.4375 MB /   0.50 sec =   91.2168 Mbps     0 retrans   2336 KB-cwnd
[2024-05-28 11:16:34.260574]     8.6875 MB /   0.50 sec =  145.7722 Mbps     0 retrans   2336 KB-cwnd
[2024-05-28 11:16:34.760628]     5.4375 MB /   0.50 sec =   91.2163 Mbps     0 retrans   2336 KB-cwnd
[2024-05-28 11:16:35.260661]     3.4375 MB /   0.50 sec =   57.6681 Mbps     0 retrans   2336 KB-cwnd
[2024-05-28 11:16:35.760647]     3.7500 MB /   0.50 sec =   62.9168 Mbps     0 retrans   2336 KB-cwnd
[2024-05-28 11:16:36.260651]     2.7500 MB /   0.50 sec =   46.1375 Mbps     0 retrans   2336 KB-cwnd
[2024-05-28 11:16:36.760692]     2.0625 MB /   0.50 sec =   34.6011 Mbps     0 retrans   2336 KB-cwnd
[2024-05-28 11:16:37.260795]     0.0000 MB /   0.50 sec =    0.0000 Mbps     0 retrans   2336 KB-cwnd
[2024-05-28 11:16:37.760557]     2.8750 MB /   0.50 sec =   48.2509 Mbps     0 retrans   2336 KB-cwnd
[2024-05-28 11:16:38.260694]     1.1250 MB /   0.50 sec =   18.8704 Mbps     0 retrans   2336 KB-cwnd
[2024-05-28 11:16:38.760707]     7.0000 MB /   0.50 sec =  117.4405 Mbps     0 retrans   2336 KB-cwnd
[2024-05-28 11:16:39.260785]     1.3750 MB /   0.50 sec =   23.0663 Mbps     0 retrans   2336 KB-cwnd
[2024-05-28 11:16:39.760573]     2.9375 MB /   0.50 sec =   49.2976 Mbps     0 retrans   2336 KB-cwnd
[2024-05-28 11:16:40.260738]     0.2500 MB /   0.50 sec =    4.1933 Mbps     0 retrans   2336 KB-cwnd
[2024-05-28 11:16:40.760652]     2.8750 MB /   0.50 sec =   48.2399 Mbps     0 retrans   2336 KB-cwnd
[2024-05-28 11:16:41.260703]     1.3125 MB /   0.50 sec =   22.0185 Mbps     0 retrans   2336 KB-cwnd
[2024-05-28 11:16:41.760550]     4.5000 MB /   0.50 sec =   75.5188 Mbps     0 retrans   2336 KB-cwnd
[2024-05-28 11:16:42.260620]     3.1875 MB /   0.50 sec =   53.4710 Mbps     0 retrans   2336 KB-cwnd
[2024-05-28 11:16:42.760587]     3.3125 MB /   0.50 sec =   55.5769 Mbps     0 retrans   2336 KB-cwnd
[2024-05-28 11:16:43.260616]     3.6875 MB /   0.50 sec =   61.8638 Mbps  1073 retrans   1843 KB-cwnd
[2024-05-28 11:16:43.760569]     4.3750 MB /   0.50 sec =   73.4044 Mbps     0 retrans   1843 KB-cwnd
[2024-05-28 11:16:44.260567]     4.2500 MB /   0.50 sec =   71.3029 Mbps     0 retrans   1843 KB-cwnd
[2024-05-28 11:16:44.760564]     3.1250 MB /   0.50 sec =   52.4288 Mbps     0 retrans   1843 KB-cwnd
[2024-05-28 11:16:45.260567]     3.0625 MB /   0.50 sec =   51.3780 Mbps     0 retrans   1843 KB-cwnd
[2024-05-28 11:16:45.760633]     3.3750 MB /   0.50 sec =   56.6194 Mbps     0 retrans   1843 KB-cwnd
[2024-05-28 11:16:46.260650]     2.1875 MB /   0.50 sec =   36.6991 Mbps     0 retrans   1843 KB-cwnd
[2024-05-28 11:16:46.760692]     2.6875 MB /   0.50 sec =   45.0854 Mbps     0 retrans   1843 KB-cwnd
[2024-05-28 11:16:47.260647]     2.9375 MB /   0.50 sec =   49.2872 Mbps     0 retrans   1843 KB-cwnd
[2024-05-28 11:16:47.760717]     1.1875 MB /   0.50 sec =   19.9209 Mbps     0 retrans   1843 KB-cwnd
[2024-05-28 11:16:48.260655]     2.4375 MB /   0.50 sec =   40.8971 Mbps     0 retrans   1843 KB-cwnd
[2024-05-28 11:16:48.760827]     1.2500 MB /   0.50 sec =   20.9710 Mbps     0 retrans   1843 KB-cwnd
[2024-05-28 11:16:49.260636]     2.6875 MB /   0.50 sec =   45.0919 Mbps     0 retrans   1843 KB-cwnd
[2024-05-28 11:16:49.760523]     2.5000 MB /   0.50 sec =   41.9475 Mbps     0 retrans   1843 KB-cwnd
[2024-05-28 11:16:50.260693]     2.1250 MB /   0.50 sec =   35.6457 Mbps     0 retrans   1843 KB-cwnd
[2024-05-28 11:16:50.760670]     2.7500 MB /   0.50 sec =   46.1381 Mbps     0 retrans   1843 KB-cwnd
[2024-05-28 11:16:51.260550]     2.8125 MB /   0.50 sec =   47.1953 Mbps     0 retrans   1843 KB-cwnd
[2024-05-28 11:16:51.760529]     2.2500 MB /   0.50 sec =   37.7468 Mbps     0 retrans   1843 KB-cwnd
[2024-05-28 11:16:52.260587]     3.4375 MB /   0.50 sec =   57.6728 Mbps     0 retrans   1843 KB-cwnd
[2024-05-28 11:16:52.760644]     1.0000 MB /   0.50 sec =   16.7748 Mbps     0 retrans   1843 KB-cwnd
[2024-05-28 11:16:53.260575]     1.6250 MB /   0.50 sec =   27.2667 Mbps     0 retrans   1843 KB-cwnd
[2024-05-28 11:16:53.760621]     0.0625 MB /   0.50 sec =    1.0485 Mbps     0 retrans   1843 KB-cwnd
[2024-05-28 11:16:54.260584]     3.3750 MB /   0.50 sec =   56.6300 Mbps     0 retrans   1843 KB-cwnd
[2024-05-28 11:16:54.760631]     1.6250 MB /   0.50 sec =   27.2597 Mbps     0 retrans   1843 KB-cwnd
[2024-05-28 11:16:55.260687]     2.9375 MB /   0.50 sec =   49.2804 Mbps     0 retrans   1843 KB-cwnd
[2024-05-28 11:16:55.760644]     1.1250 MB /   0.50 sec =   18.8749 Mbps     0 retrans   1843 KB-cwnd
[2024-05-28 11:16:56.260715]     1.1250 MB /   0.50 sec =   18.8727 Mbps     0 retrans   1843 KB-cwnd
[2024-05-28 11:16:56.760646]     3.0625 MB /   0.50 sec =   51.3846 Mbps     0 retrans   1843 KB-cwnd
[2024-05-28 11:16:57.260704]     1.4375 MB /   0.50 sec =   24.1157 Mbps     0 retrans   1843 KB-cwnd
[2024-05-28 11:16:57.760671]     2.3125 MB /   0.50 sec =   38.7989 Mbps     0 retrans   1843 KB-cwnd
[2024-05-28 11:16:58.260881]     0.8750 MB /   0.50 sec =   14.6790 Mbps     0 retrans   1843 KB-cwnd
[2024-05-28 11:16:58.760623]     1.1250 MB /   0.50 sec =   18.8770 Mbps     0 retrans   1843 KB-cwnd
[2024-05-28 11:16:59.260645]     2.0000 MB /   0.50 sec =   33.5538 Mbps     0 retrans   1843 KB-cwnd
[2024-05-28 11:16:59.760656]     1.5000 MB /   0.50 sec =   25.1646 Mbps     0 retrans   1843 KB-cwnd
End time: 1716909420265
