Start time: 1716932340228
[2024-05-28 17:39:01.117395] nuttcp-r: v8.1.4: socket
[2024-05-28 17:39:01.118375] nuttcp-r: buflen=65536, nstream=1, port=5003 tcp
[2024-05-28 17:39:01.118462] nuttcp-r: interval reporting every 0.50 seconds
[2024-05-28 17:39:01.118526] nuttcp-r: connect to 35.245.244.238 with RTT=50.076 ms af=inet
[2024-05-28 17:39:01.118590] nuttcp-r: send window size = 1048576, receive window size = 1048576
[2024-05-28 17:39:01.118648] nuttcp-r: available send window = 786432, available receive window = 786432
[2024-05-28 17:39:01.118712]     0.3125 MB /   0.50 sec =    5.2420 Mbps     0 retrans     13 KB-cwnd
[2024-05-28 17:39:01.617834]     5.5625 MB /   0.50 sec =   93.3208 Mbps     0 retrans     13 KB-cwnd
[2024-05-28 17:39:02.117809]     7.8125 MB /   0.50 sec =  131.0733 Mbps     0 retrans     13 KB-cwnd
[2024-05-28 17:39:02.617209]     8.6250 MB /   0.50 sec =  144.7211 Mbps     0 retrans     13 KB-cwnd
[2024-05-28 17:39:03.117399]     7.8125 MB /   0.50 sec =  131.0563 Mbps     0 retrans     13 KB-cwnd
[2024-05-28 17:39:03.617298]    10.5000 MB /   0.50 sec =  176.1689 Mbps     0 retrans     13 KB-cwnd
[2024-05-28 17:39:04.117333]     8.3750 MB /   0.50 sec =  140.5218 Mbps     0 retrans     13 KB-cwnd
[2024-05-28 17:39:04.617399]    10.1250 MB /   0.50 sec =  169.8394 Mbps     0 retrans     13 KB-cwnd
[2024-05-28 17:39:05.117248]     8.4375 MB /   0.50 sec =  141.5742 Mbps     0 retrans     13 KB-cwnd
[2024-05-28 17:39:05.617881]     7.6875 MB /   0.50 sec =  128.9715 Mbps     0 retrans     13 KB-cwnd
[2024-05-28 17:39:06.117258]     9.8125 MB /   0.50 sec =  164.6376 Mbps     0 retrans     13 KB-cwnd
[2024-05-28 17:39:06.617245]    10.5625 MB /   0.50 sec =  177.2083 Mbps     0 retrans     13 KB-cwnd
[2024-05-28 17:39:07.117279]     9.7500 MB /   0.50 sec =  163.5769 Mbps     0 retrans     19 KB-cwnd
[2024-05-28 17:39:07.617234]    10.3750 MB /   0.50 sec =  174.0633 Mbps     0 retrans     19 KB-cwnd
[2024-05-28 17:39:08.117413]     9.8750 MB /   0.50 sec =  165.6273 Mbps     0 retrans     27 KB-cwnd
[2024-05-28 17:39:08.617358]    12.5625 MB /   0.50 sec =  210.8068 Mbps     0 retrans     27 KB-cwnd
[2024-05-28 17:39:09.117622]     9.5625 MB /   0.50 sec =  160.4418 Mbps     0 retrans     27 KB-cwnd
[2024-05-28 17:39:09.618240]    11.3125 MB /   0.50 sec =  189.6099 Mbps     0 retrans     27 KB-cwnd
[2024-05-28 17:39:10.117840]    11.3750 MB /   0.50 sec =  191.0254 Mbps     0 retrans     27 KB-cwnd
[2024-05-28 17:39:10.617281]    10.6250 MB /   0.50 sec =  178.2590 Mbps     0 retrans     27 KB-cwnd
[2024-05-28 17:39:11.117230]     6.7500 MB /   0.50 sec =  113.2469 Mbps     0 retrans     27 KB-cwnd
[2024-05-28 17:39:11.619396]     5.9375 MB /   0.50 sec =   99.2305 Mbps     0 retrans     27 KB-cwnd
[2024-05-28 17:39:12.117356]     1.8125 MB /   0.50 sec =   30.5246 Mbps     0 retrans     27 KB-cwnd
[2024-05-28 17:39:12.617377]     9.2500 MB /   0.50 sec =  155.1927 Mbps     0 retrans     27 KB-cwnd
[2024-05-28 17:39:13.117237]    10.1875 MB /   0.50 sec =  170.9285 Mbps     0 retrans     27 KB-cwnd
[2024-05-28 17:39:13.619390]     8.5625 MB /   0.50 sec =  143.2361 Mbps     0 retrans     27 KB-cwnd
[2024-05-28 17:39:14.119065]     5.1875 MB /   0.50 sec =   87.0141 Mbps     0 retrans     27 KB-cwnd
[2024-05-28 17:39:14.617876]     9.0000 MB /   0.50 sec =  151.3115 Mbps     0 retrans     27 KB-cwnd
[2024-05-28 17:39:15.117507]     9.2500 MB /   0.50 sec =  155.3427 Mbps     0 retrans     27 KB-cwnd
[2024-05-28 17:39:15.618385]     7.1875 MB /   0.50 sec =  120.5829 Mbps     0 retrans     27 KB-cwnd
[2024-05-28 17:39:16.117407]     7.8750 MB /   0.50 sec =  132.1158 Mbps     0 retrans     27 KB-cwnd
[2024-05-28 17:39:16.617324]    10.2500 MB /   0.50 sec =  171.9771 Mbps     0 retrans     28 KB-cwnd
[2024-05-28 17:39:17.117466]    10.6875 MB /   0.50 sec =  179.2688 Mbps     0 retrans     33 KB-cwnd
[2024-05-28 17:39:17.617272]    13.4375 MB /   0.50 sec =  225.5092 Mbps     0 retrans     33 KB-cwnd
[2024-05-28 17:39:18.117380]    14.2500 MB /   0.50 sec =  239.0619 Mbps     0 retrans     28 KB-cwnd
[2024-05-28 17:39:18.617626]     7.1875 MB /   0.50 sec =  120.5556 Mbps     1 retrans     28 KB-cwnd
[2024-05-28 17:39:19.117383]    10.5625 MB /   0.50 sec =  177.2494 Mbps     0 retrans     28 KB-cwnd
[2024-05-28 17:39:19.617516]     8.4375 MB /   0.50 sec =  141.5221 Mbps     1 retrans     28 KB-cwnd
[2024-05-28 17:39:20.117476]     7.2500 MB /   0.50 sec =  121.6708 Mbps     0 retrans     28 KB-cwnd
[2024-05-28 17:39:20.617433]    13.5000 MB /   0.50 sec =  226.4598 Mbps     1 retrans     23 KB-cwnd
[2024-05-28 17:39:21.117920]    14.4375 MB /   0.50 sec =  241.9989 Mbps     0 retrans     23 KB-cwnd
[2024-05-28 17:39:21.617851]    13.8750 MB /   0.50 sec =  232.9987 Mbps     1 retrans     22 KB-cwnd
[2024-05-28 17:39:22.117405]    16.1250 MB /   0.50 sec =  270.5461 Mbps     1 retrans     22 KB-cwnd
[2024-05-28 17:39:22.617355]    15.6250 MB /   0.50 sec =  262.1624 Mbps  1217 retrans   2926 KB-cwnd
[2024-05-28 17:39:23.117947]    13.7500 MB /   0.50 sec =  230.6466 Mbps     0 retrans   2926 KB-cwnd
[2024-05-28 17:39:23.617872]    13.5625 MB /   0.50 sec =  227.3568 Mbps     0 retrans   2926 KB-cwnd
[2024-05-28 17:39:24.117983]    12.6250 MB /   0.50 sec =  211.7806 Mbps     0 retrans   2942 KB-cwnd
[2024-05-28 17:39:24.617893]    13.3750 MB /   0.50 sec =  224.6419 Mbps     0 retrans   2942 KB-cwnd
[2024-05-28 17:39:25.118450]    13.0625 MB /   0.50 sec =  218.8963 Mbps     0 retrans   2945 KB-cwnd
[2024-05-28 17:39:25.617880]     9.0000 MB /   0.50 sec =  151.0185 Mbps     0 retrans   2945 KB-cwnd
[2024-05-28 17:39:26.117352]     7.6875 MB /   0.50 sec =  129.1068 Mbps     0 retrans   2945 KB-cwnd
[2024-05-28 17:39:26.619103]     7.0625 MB /   0.50 sec =  118.0975 Mbps     0 retrans   2945 KB-cwnd
[2024-05-28 17:39:27.117373]     8.9375 MB /   0.50 sec =  150.4440 Mbps     0 retrans   2945 KB-cwnd
[2024-05-28 17:39:27.617940]    11.5000 MB /   0.50 sec =  192.7364 Mbps     0 retrans   2945 KB-cwnd
[2024-05-28 17:39:28.117322]    13.1875 MB /   0.50 sec =  221.4901 Mbps     0 retrans   2945 KB-cwnd
[2024-05-28 17:39:28.617353]    15.1875 MB /   0.50 sec =  254.7938 Mbps     0 retrans   2945 KB-cwnd
[2024-05-28 17:39:29.117294]    13.5000 MB /   0.50 sec =  226.5024 Mbps  2640 retrans   3547 KB-cwnd
[2024-05-28 17:39:29.617806]    17.1250 MB /   0.50 sec =  287.2949 Mbps     0 retrans   3547 KB-cwnd
[2024-05-28 17:39:30.117467]    15.8750 MB /   0.50 sec =  266.3149 Mbps     0 retrans   3547 KB-cwnd
[2024-05-28 17:39:30.617426]    15.0000 MB /   0.50 sec =  251.6618 Mbps     0 retrans   3547 KB-cwnd
[2024-05-28 17:39:31.117571]    18.1875 MB /   0.50 sec =  305.1869 Mbps     0 retrans   3547 KB-cwnd
[2024-05-28 17:39:31.617881]    16.1250 MB /   0.50 sec =  270.5072 Mbps     0 retrans   3547 KB-cwnd
[2024-05-28 17:39:32.117305]    17.5000 MB /   0.50 sec =  293.6207 Mbps     0 retrans   3547 KB-cwnd
[2024-05-28 17:39:32.617210]    17.9375 MB /   0.50 sec =  300.9521 Mbps     0 retrans   3547 KB-cwnd
[2024-05-28 17:39:33.117306]    17.6875 MB /   0.50 sec =  296.7429 Mbps   524 retrans   3877 KB-cwnd
[2024-05-28 17:39:33.619637]    15.0625 MB /   0.50 sec =  252.0842 Mbps     0 retrans   3877 KB-cwnd
[2024-05-28 17:39:34.117418]    17.1875 MB /   0.50 sec =  289.0411 Mbps     0 retrans   3877 KB-cwnd
[2024-05-28 17:39:34.617895]    12.5000 MB /   0.50 sec =  209.7207 Mbps     0 retrans   3877 KB-cwnd
[2024-05-28 17:39:35.119732]    14.5625 MB /   0.50 sec =  243.4704 Mbps     0 retrans   3905 KB-cwnd
[2024-05-28 17:39:35.618294]     7.6250 MB /   0.50 sec =  128.2654 Mbps     0 retrans   3905 KB-cwnd
[2024-05-28 17:39:36.119286]    12.5625 MB /   0.50 sec =  210.1770 Mbps     0 retrans   4182 KB-cwnd
[2024-05-28 17:39:36.617226]    16.8750 MB /   0.50 sec =  284.1721 Mbps     0 retrans   4182 KB-cwnd
[2024-05-28 17:39:37.117882]    15.4375 MB /   0.50 sec =  258.9641 Mbps     0 retrans   4182 KB-cwnd
[2024-05-28 17:39:37.617436]    14.8125 MB /   0.50 sec =  248.4892 Mbps     0 retrans   4182 KB-cwnd
[2024-05-28 17:39:38.117374]    17.8750 MB /   0.50 sec =  299.9419 Mbps  1143 retrans   3932 KB-cwnd
[2024-05-28 17:39:38.617854]    16.5625 MB /   0.50 sec =  277.8526 Mbps     0 retrans   3932 KB-cwnd
[2024-05-28 17:39:39.118243]    11.0000 MB /   0.50 sec =  184.4078 Mbps     0 retrans   3932 KB-cwnd
[2024-05-28 17:39:39.618442]    16.5625 MB /   0.50 sec =  277.8004 Mbps     0 retrans   3932 KB-cwnd
[2024-05-28 17:39:40.117598]    17.5000 MB /   0.50 sec =  293.7993 Mbps     0 retrans   3932 KB-cwnd
[2024-05-28 17:39:40.617519]    16.1875 MB /   0.50 sec =  271.6312 Mbps     0 retrans   3932 KB-cwnd
[2024-05-28 17:39:41.117194]    15.8750 MB /   0.50 sec =  266.4236 Mbps     0 retrans   3932 KB-cwnd
[2024-05-28 17:39:41.618695]    14.3125 MB /   0.50 sec =  239.7571 Mbps     0 retrans   3932 KB-cwnd
[2024-05-28 17:39:42.118048]     6.2500 MB /   0.50 sec =  104.9766 Mbps     0 retrans   3932 KB-cwnd
[2024-05-28 17:39:42.617209]     4.2500 MB /   0.50 sec =   71.3313 Mbps     0 retrans   3932 KB-cwnd
[2024-05-28 17:39:43.117902]     4.8750 MB /   0.50 sec =   81.7814 Mbps     0 retrans   3932 KB-cwnd
[2024-05-28 17:39:43.617554]     7.2500 MB /   0.50 sec =  121.6061 Mbps     0 retrans   3932 KB-cwnd
[2024-05-28 17:39:44.117271]     7.4375 MB /   0.50 sec =  124.8155 Mbps   255 retrans   4155 KB-cwnd
[2024-05-28 17:39:44.617407]    10.0625 MB /   0.50 sec =  168.8069 Mbps     0 retrans   4155 KB-cwnd
[2024-05-28 17:39:45.117627]     4.1875 MB /   0.50 sec =   70.2314 Mbps     0 retrans   4155 KB-cwnd
[2024-05-28 17:39:45.617327]     3.5625 MB /   0.50 sec =   59.7931 Mbps     0 retrans   4155 KB-cwnd
[2024-05-28 17:39:46.117269]     7.4375 MB /   0.50 sec =  124.7823 Mbps     0 retrans   4155 KB-cwnd
[2024-05-28 17:39:46.618286]     9.1250 MB /   0.50 sec =  152.9584 Mbps     0 retrans   4155 KB-cwnd
[2024-05-28 17:39:47.117234]     9.0625 MB /   0.50 sec =  152.1747 Mbps     0 retrans   4155 KB-cwnd
[2024-05-28 17:39:47.617570]     8.6250 MB /   0.50 sec =  144.6841 Mbps     0 retrans   4155 KB-cwnd
[2024-05-28 17:39:48.117919]     8.2500 MB /   0.50 sec =  138.2856 Mbps     0 retrans   4155 KB-cwnd
[2024-05-28 17:39:48.617236]    10.0000 MB /   0.50 sec =  167.9542 Mbps     0 retrans   4155 KB-cwnd
[2024-05-28 17:39:49.117908]    10.6250 MB /   0.50 sec =  178.2483 Mbps     0 retrans   4155 KB-cwnd
[2024-05-28 17:39:49.617444]    10.5625 MB /   0.50 sec =  177.1976 Mbps     0 retrans   4155 KB-cwnd
[2024-05-28 17:39:50.117347]    11.6875 MB /   0.50 sec =  196.0998 Mbps     0 retrans   4155 KB-cwnd
[2024-05-28 17:39:50.618084]     5.9375 MB /   0.50 sec =   99.4919 Mbps     0 retrans   4155 KB-cwnd
[2024-05-28 17:39:51.117260]    11.2500 MB /   0.50 sec =  188.9833 Mbps     0 retrans   4155 KB-cwnd
[2024-05-28 17:39:51.617759]    11.2500 MB /   0.50 sec =  188.7316 Mbps     0 retrans   4155 KB-cwnd
[2024-05-28 17:39:52.117714]    10.8125 MB /   0.50 sec =  181.4022 Mbps    15 retrans   3935 KB-cwnd
[2024-05-28 17:39:52.618007]    10.0625 MB /   0.50 sec =  168.8099 Mbps     0 retrans   3935 KB-cwnd
[2024-05-28 17:39:53.117825]     7.6875 MB /   0.50 sec =  128.9924 Mbps     0 retrans   3935 KB-cwnd
[2024-05-28 17:39:53.617419]     7.1875 MB /   0.50 sec =  120.5706 Mbps     0 retrans   3935 KB-cwnd
[2024-05-28 17:39:54.117389]     9.0625 MB /   0.50 sec =  152.0444 Mbps     0 retrans   3935 KB-cwnd
[2024-05-28 17:39:54.619417]     3.3125 MB /   0.50 sec =   55.4097 Mbps     0 retrans   3935 KB-cwnd
[2024-05-28 17:39:55.118031]     6.9375 MB /   0.50 sec =  116.7237 Mbps     0 retrans   3935 KB-cwnd
[2024-05-28 17:39:55.617364]     5.9375 MB /   0.50 sec =   99.6293 Mbps     0 retrans   3935 KB-cwnd
[2024-05-28 17:39:56.117577]     7.5625 MB /   0.50 sec =  126.8336 Mbps     0 retrans   3935 KB-cwnd
[2024-05-28 17:39:56.620640]     6.8125 MB /   0.50 sec =  113.9120 Mbps     0 retrans   3935 KB-cwnd
[2024-05-28 17:39:57.117412]     7.0000 MB /   0.50 sec =  117.8726 Mbps     0 retrans   3935 KB-cwnd
[2024-05-28 17:39:57.617295]     4.1250 MB /   0.50 sec =   69.2161 Mbps     0 retrans   3935 KB-cwnd
[2024-05-28 17:39:58.117271]     9.8125 MB /   0.50 sec =  164.6301 Mbps     0 retrans   3935 KB-cwnd
[2024-05-28 17:39:58.619306]     9.3125 MB /   0.50 sec =  155.7544 Mbps     0 retrans   3935 KB-cwnd
[2024-05-28 17:39:59.117206]     3.8125 MB /   0.50 sec =   64.1622 Mbps     0 retrans   3935 KB-cwnd
[2024-05-28 17:39:59.617435]     5.9375 MB /   0.50 sec =   99.5968 Mbps     0 retrans   3935 KB-cwnd
[2024-05-28 17:40:00.118465]     6.6250 MB /   0.50 sec =  111.0145 Mbps     0 retrans   3935 KB-cwnd
[2024-05-28 17:40:00.617786]     8.8750 MB /   0.50 sec =  148.9615 Mbps     0 retrans   3935 KB-cwnd
[2024-05-28 17:40:01.117315]     8.5000 MB /   0.50 sec =  142.7394 Mbps     0 retrans   3935 KB-cwnd
[2024-05-28 17:40:01.617294]     2.8125 MB /   0.50 sec =   47.1843 Mbps     0 retrans   3935 KB-cwnd
[2024-05-28 17:40:02.117336]     5.3125 MB /   0.50 sec =   89.1302 Mbps     0 retrans   3935 KB-cwnd
[2024-05-28 17:40:02.617377]     4.1250 MB /   0.50 sec =   69.1940 Mbps  1153 retrans   2568 KB-cwnd
[2024-05-28 17:40:03.117279]     2.0625 MB /   0.50 sec =   34.6093 Mbps     0 retrans   2568 KB-cwnd
[2024-05-28 17:40:03.618442]     3.8750 MB /   0.50 sec =   64.9369 Mbps     0 retrans   2568 KB-cwnd
[2024-05-28 17:40:04.120362]     5.3125 MB /   0.50 sec =   88.9156 Mbps     0 retrans   2568 KB-cwnd
[2024-05-28 17:40:04.617971]     3.1875 MB /   0.50 sec =   53.6153 Mbps     0 retrans   2568 KB-cwnd
[2024-05-28 17:40:05.117216]     4.0000 MB /   0.50 sec =   67.1777 Mbps     0 retrans   2568 KB-cwnd
[2024-05-28 17:40:05.618356]     7.1875 MB /   0.50 sec =  120.4607 Mbps     0 retrans   2568 KB-cwnd
[2024-05-28 17:40:06.117400]     8.5625 MB /   0.50 sec =  143.7800 Mbps     0 retrans   2568 KB-cwnd
[2024-05-28 17:40:06.617825]     7.7500 MB /   0.50 sec =  129.9262 Mbps     0 retrans   2568 KB-cwnd
[2024-05-28 17:40:07.117396]     8.6250 MB /   0.50 sec =  144.8133 Mbps     0 retrans   2568 KB-cwnd
[2024-05-28 17:40:07.617401]     7.9375 MB /   0.50 sec =  133.1739 Mbps     0 retrans   2568 KB-cwnd
[2024-05-28 17:40:08.118210]     9.1875 MB /   0.50 sec =  154.0162 Mbps     0 retrans   2568 KB-cwnd
[2024-05-28 17:40:08.617866]     9.1875 MB /   0.50 sec =  154.1311 Mbps     0 retrans   2568 KB-cwnd
[2024-05-28 17:40:09.117483]     7.7500 MB /   0.50 sec =  130.1161 Mbps     1 retrans   2013 KB-cwnd
[2024-05-28 17:40:09.617271]     7.5625 MB /   0.50 sec =  126.9059 Mbps     0 retrans   2013 KB-cwnd
[2024-05-28 17:40:10.117196]     8.1875 MB /   0.50 sec =  137.3744 Mbps     0 retrans   2013 KB-cwnd
[2024-05-28 17:40:10.617393]     6.2500 MB /   0.50 sec =  104.8387 Mbps     0 retrans   2013 KB-cwnd
[2024-05-28 17:40:11.117646]     7.3125 MB /   0.50 sec =  122.6108 Mbps     0 retrans   2013 KB-cwnd
[2024-05-28 17:40:11.617246]     3.6875 MB /   0.50 sec =   61.9098 Mbps     0 retrans   2013 KB-cwnd
[2024-05-28 17:40:12.118235]     4.6875 MB /   0.50 sec =   78.6423 Mbps     0 retrans   2013 KB-cwnd
[2024-05-28 17:40:12.617924]     6.3125 MB /   0.50 sec =  105.9002 Mbps     0 retrans   2013 KB-cwnd
[2024-05-28 17:40:13.117652]     5.4375 MB /   0.50 sec =   91.1783 Mbps     0 retrans   2013 KB-cwnd
[2024-05-28 17:40:13.617529]     8.9375 MB /   0.50 sec =  150.0019 Mbps  1952 retrans   2824 KB-cwnd
[2024-05-28 17:40:14.117387]     8.5625 MB /   0.50 sec =  143.6871 Mbps     0 retrans   2824 KB-cwnd
[2024-05-28 17:40:14.617569]     7.0625 MB /   0.50 sec =  118.4656 Mbps     0 retrans   2824 KB-cwnd
[2024-05-28 17:40:15.117271]     7.3750 MB /   0.50 sec =  123.7604 Mbps     0 retrans   2824 KB-cwnd
[2024-05-28 17:40:15.617254]     4.4375 MB /   0.50 sec =   74.4479 Mbps     0 retrans   2824 KB-cwnd
[2024-05-28 17:40:16.117187]     3.0000 MB /   0.50 sec =   50.3333 Mbps     0 retrans   2824 KB-cwnd
[2024-05-28 17:40:16.617832]     8.1875 MB /   0.50 sec =  137.2281 Mbps     0 retrans   2824 KB-cwnd
[2024-05-28 17:40:17.118193]     8.6875 MB /   0.50 sec =  145.8816 Mbps     0 retrans   2824 KB-cwnd
[2024-05-28 17:40:17.617208]     8.4375 MB /   0.50 sec =  141.5705 Mbps     0 retrans   2824 KB-cwnd
[2024-05-28 17:40:18.117365]     7.4375 MB /   0.50 sec =  124.7693 Mbps     0 retrans   2824 KB-cwnd
[2024-05-28 17:40:18.617912]     7.8750 MB /   0.50 sec =  131.9894 Mbps     0 retrans   2824 KB-cwnd
[2024-05-28 17:40:19.117357]     9.3125 MB /   0.50 sec =  156.3980 Mbps     0 retrans   2824 KB-cwnd
[2024-05-28 17:40:19.617375]    10.3750 MB /   0.50 sec =  174.0518 Mbps     0 retrans   2824 KB-cwnd
[2024-05-28 17:40:20.119499]     6.6250 MB /   0.50 sec =  110.8022 Mbps     0 retrans   2824 KB-cwnd
[2024-05-28 17:40:20.617477]     9.9375 MB /   0.50 sec =  167.2457 Mbps     0 retrans   2824 KB-cwnd
[2024-05-28 17:40:21.117217]     5.5000 MB /   0.50 sec =   92.2867 Mbps     0 retrans   2824 KB-cwnd
[2024-05-28 17:40:21.618505]    10.8750 MB /   0.50 sec =  182.2412 Mbps     0 retrans   2824 KB-cwnd
[2024-05-28 17:40:22.117391]    12.3125 MB /   0.50 sec =  206.7924 Mbps     0 retrans   2824 KB-cwnd
[2024-05-28 17:40:22.617336]    11.2500 MB /   0.50 sec =  188.7475 Mbps   305 retrans   1497 KB-cwnd
[2024-05-28 17:40:23.117368]    11.0000 MB /   0.50 sec =  184.5431 Mbps     0 retrans   1497 KB-cwnd
[2024-05-28 17:40:23.619838]     6.9375 MB /   0.50 sec =  116.0832 Mbps     0 retrans   1497 KB-cwnd
[2024-05-28 17:40:24.117435]     4.6250 MB /   0.50 sec =   77.7933 Mbps     0 retrans   1497 KB-cwnd
[2024-05-28 17:40:24.618221]     4.0000 MB /   0.50 sec =   67.0513 Mbps     0 retrans   1497 KB-cwnd
[2024-05-28 17:40:25.117412]     4.3750 MB /   0.50 sec =   73.4670 Mbps     0 retrans   1497 KB-cwnd
[2024-05-28 17:40:25.617537]     5.8750 MB /   0.50 sec =   98.5413 Mbps     0 retrans   1497 KB-cwnd
[2024-05-28 17:40:26.118266]     5.4375 MB /   0.50 sec =   91.2511 Mbps     0 retrans   1497 KB-cwnd
[2024-05-28 17:40:26.617420]     2.2500 MB /   0.50 sec =   37.7480 Mbps     0 retrans   1497 KB-cwnd
[2024-05-28 17:40:27.118073]     6.3750 MB /   0.50 sec =  106.8868 Mbps     0 retrans   1497 KB-cwnd
[2024-05-28 17:40:27.617343]     9.9375 MB /   0.50 sec =  166.8427 Mbps     0 retrans   1760 KB-cwnd
[2024-05-28 17:40:28.117214]    11.7500 MB /   0.50 sec =  197.1441 Mbps     0 retrans   1760 KB-cwnd
[2024-05-28 17:40:28.617375]    12.9375 MB /   0.50 sec =  217.0348 Mbps     0 retrans   1760 KB-cwnd
[2024-05-28 17:40:29.117595]    16.5625 MB /   0.50 sec =  277.8026 Mbps     0 retrans   1760 KB-cwnd
[2024-05-28 17:40:29.617837]    12.3750 MB /   0.50 sec =  207.4919 Mbps     0 retrans   1760 KB-cwnd
[2024-05-28 17:40:30.117370]    11.3125 MB /   0.50 sec =  189.9617 Mbps     0 retrans   1760 KB-cwnd
[2024-05-28 17:40:30.617395]    12.3750 MB /   0.50 sec =  207.5948 Mbps  1250 retrans   1606 KB-cwnd
[2024-05-28 17:40:31.117419]    12.0625 MB /   0.50 sec =  202.3719 Mbps     0 retrans   1606 KB-cwnd
[2024-05-28 17:40:31.617409]    11.3125 MB /   0.50 sec =  189.8173 Mbps     0 retrans   1685 KB-cwnd
[2024-05-28 17:40:32.117249]    14.3125 MB /   0.50 sec =  240.1297 Mbps     0 retrans   1685 KB-cwnd
[2024-05-28 17:40:32.618389]    15.0625 MB /   0.50 sec =  252.4458 Mbps     0 retrans   1685 KB-cwnd
[2024-05-28 17:40:33.117890]    16.7500 MB /   0.50 sec =  281.2833 Mbps     0 retrans   1687 KB-cwnd
[2024-05-28 17:40:33.617324]    14.8750 MB /   0.50 sec =  249.5716 Mbps     0 retrans   1687 KB-cwnd
[2024-05-28 17:40:34.117223]    12.8750 MB /   0.50 sec =  216.0278 Mbps     0 retrans   1688 KB-cwnd
[2024-05-28 17:40:34.617384]    13.6875 MB /   0.50 sec =  229.6097 Mbps     0 retrans   2145 KB-cwnd
[2024-05-28 17:40:35.118410]    11.7500 MB /   0.50 sec =  196.9432 Mbps     0 retrans   2145 KB-cwnd
[2024-05-28 17:40:35.617968]    11.7500 MB /   0.50 sec =  197.1197 Mbps   349 retrans   3275 KB-cwnd
[2024-05-28 17:40:36.117235]    12.3125 MB /   0.50 sec =  206.7974 Mbps     0 retrans   3275 KB-cwnd
[2024-05-28 17:40:36.620085]    13.4375 MB /   0.50 sec =  224.5211 Mbps     0 retrans   3275 KB-cwnd
[2024-05-28 17:40:37.117706]     7.6250 MB /   0.50 sec =  128.3601 Mbps     0 retrans   3275 KB-cwnd
[2024-05-28 17:40:37.617376]    17.3125 MB /   0.50 sec =  290.6509 Mbps     0 retrans   3275 KB-cwnd
[2024-05-28 17:40:38.117382]    15.3750 MB /   0.50 sec =  257.9662 Mbps     0 retrans   3275 KB-cwnd
[2024-05-28 17:40:38.617446]    18.5000 MB /   0.50 sec =  310.3319 Mbps     0 retrans   3275 KB-cwnd
[2024-05-28 17:40:39.119551]    12.7500 MB /   0.50 sec =  213.2029 Mbps     0 retrans   3275 KB-cwnd
[2024-05-28 17:40:39.619143]     2.9375 MB /   0.50 sec =   49.2827 Mbps     0 retrans   3275 KB-cwnd
[2024-05-28 17:40:40.118662]     8.3750 MB /   0.50 sec =  140.6507 Mbps     0 retrans   3275 KB-cwnd
[2024-05-28 17:40:40.617378]    12.6875 MB /   0.50 sec =  213.3743 Mbps     0 retrans   3275 KB-cwnd
[2024-05-28 17:40:41.117415]    10.3125 MB /   0.50 sec =  173.0098 Mbps     0 retrans   3275 KB-cwnd
[2024-05-28 17:40:41.619590]     9.5625 MB /   0.50 sec =  159.7602 Mbps  3118 retrans   3313 KB-cwnd
[2024-05-28 17:40:42.117221]     7.7500 MB /   0.50 sec =  130.5857 Mbps     0 retrans   3313 KB-cwnd
[2024-05-28 17:40:42.617620]     8.3750 MB /   0.50 sec =  140.4451 Mbps     0 retrans   3313 KB-cwnd
[2024-05-28 17:40:43.117353]    11.4375 MB /   0.50 sec =  191.9635 Mbps     0 retrans   3313 KB-cwnd
[2024-05-28 17:40:43.618350]    10.4375 MB /   0.50 sec =  174.9425 Mbps     0 retrans   3313 KB-cwnd
[2024-05-28 17:40:44.117450]    12.0625 MB /   0.50 sec =  202.5457 Mbps     0 retrans   3313 KB-cwnd
[2024-05-28 17:40:44.617315]    13.5000 MB /   0.50 sec =  226.5314 Mbps     0 retrans   3313 KB-cwnd
[2024-05-28 17:40:45.117201]    15.1875 MB /   0.50 sec =  254.8228 Mbps     0 retrans   3313 KB-cwnd
[2024-05-28 17:40:45.617204]     6.4375 MB /   0.50 sec =  108.0007 Mbps     0 retrans   3313 KB-cwnd
[2024-05-28 17:40:46.117820]     9.8750 MB /   0.50 sec =  165.6667 Mbps     0 retrans   3313 KB-cwnd
[2024-05-28 17:40:46.617318]    11.1875 MB /   0.50 sec =  187.6947 Mbps     0 retrans   3313 KB-cwnd
[2024-05-28 17:40:47.117305]    14.3750 MB /   0.50 sec =  241.1855 Mbps     0 retrans   3313 KB-cwnd
[2024-05-28 17:40:47.618770]    12.5625 MB /   0.50 sec =  210.5372 Mbps     0 retrans   3313 KB-cwnd
[2024-05-28 17:40:48.117393]    12.0000 MB /   0.50 sec =  201.5261 Mbps   195 retrans   3752 KB-cwnd
[2024-05-28 17:40:48.617812]    14.8125 MB /   0.50 sec =  248.5120 Mbps     0 retrans   3752 KB-cwnd
[2024-05-28 17:40:49.117308]    13.2500 MB /   0.50 sec =  222.3110 Mbps     0 retrans   3752 KB-cwnd
[2024-05-28 17:40:49.617713]     4.5000 MB /   0.50 sec =   75.4582 Mbps     0 retrans   3752 KB-cwnd
[2024-05-28 17:40:50.117733]    13.5625 MB /   0.50 sec =  227.4650 Mbps     0 retrans   3752 KB-cwnd
[2024-05-28 17:40:50.617370]    11.8125 MB /   0.50 sec =  198.3415 Mbps     0 retrans   3752 KB-cwnd
[2024-05-28 17:40:51.117797]    12.5625 MB /   0.50 sec =  210.7642 Mbps     0 retrans   3752 KB-cwnd
[2024-05-28 17:40:51.617919]    13.5000 MB /   0.50 sec =  226.4965 Mbps     0 retrans   3752 KB-cwnd
[2024-05-28 17:40:52.117433]    13.2500 MB /   0.50 sec =  222.2879 Mbps     0 retrans   3752 KB-cwnd
[2024-05-28 17:40:52.617555]    13.5625 MB /   0.50 sec =  227.5606 Mbps     0 retrans   3752 KB-cwnd
[2024-05-28 17:40:53.117304]    14.1875 MB /   0.50 sec =  238.0153 Mbps     0 retrans   3752 KB-cwnd
[2024-05-28 17:40:53.617934]     6.6250 MB /   0.50 sec =  111.1331 Mbps     0 retrans   3752 KB-cwnd
[2024-05-28 17:40:54.117402]    11.5625 MB /   0.50 sec =  194.0001 Mbps   850 retrans   2750 KB-cwnd
[2024-05-28 17:40:54.617819]     6.6875 MB /   0.50 sec =  112.2003 Mbps     0 retrans   2750 KB-cwnd
[2024-05-28 17:40:55.117339]    15.6875 MB /   0.50 sec =  263.2047 Mbps     0 retrans   2750 KB-cwnd
[2024-05-28 17:40:55.617249]     8.2500 MB /   0.50 sec =  138.4231 Mbps     0 retrans   2750 KB-cwnd
[2024-05-28 17:40:56.117217]     4.1250 MB /   0.50 sec =   69.2046 Mbps     0 retrans   2750 KB-cwnd
[2024-05-28 17:40:56.619526]     5.6875 MB /   0.50 sec =   95.1062 Mbps     0 retrans   2750 KB-cwnd
[2024-05-28 17:40:57.117368]     5.0000 MB /   0.50 sec =   84.1567 Mbps     0 retrans   2750 KB-cwnd
[2024-05-28 17:40:57.617374]     8.9375 MB /   0.50 sec =  149.9518 Mbps     0 retrans   2750 KB-cwnd
[2024-05-28 17:40:58.117475]    11.6875 MB /   0.50 sec =  196.0970 Mbps     0 retrans   2750 KB-cwnd
[2024-05-28 17:40:58.617466]     9.6250 MB /   0.50 sec =  161.4297 Mbps     0 retrans   2750 KB-cwnd
[2024-05-28 17:40:59.118485]     3.3750 MB /   0.50 sec =   56.5774 Mbps     0 retrans   2750 KB-cwnd
[2024-05-28 17:40:59.617838]     8.6875 MB /   0.50 sec =  145.9044 Mbps     0 retrans   2750 KB-cwnd
[2024-05-28 17:41:00.117327]     8.2500 MB /   0.50 sec =  138.4167 Mbps     0 retrans   2750 KB-cwnd
[2024-05-28 17:41:00.617282]     8.6875 MB /   0.50 sec =  145.7532 Mbps     0 retrans   2750 KB-cwnd
[2024-05-28 17:41:01.117333]     8.1250 MB /   0.50 sec =  136.3045 Mbps     0 retrans   2750 KB-cwnd
[2024-05-28 17:41:01.617240]     8.1250 MB /   0.50 sec =  136.3285 Mbps     0 retrans   2750 KB-cwnd
[2024-05-28 17:41:02.117348]    11.2500 MB /   0.50 sec =  188.7308 Mbps     0 retrans   2659 KB-cwnd
[2024-05-28 17:41:02.618378]    10.1250 MB /   0.50 sec =  169.6932 Mbps   594 retrans   3751 KB-cwnd
[2024-05-28 17:41:03.117400]    10.9375 MB /   0.50 sec =  183.6819 Mbps     0 retrans   3751 KB-cwnd
[2024-05-28 17:41:03.617377]    10.7500 MB /   0.50 sec =  180.3562 Mbps     0 retrans   3751 KB-cwnd
[2024-05-28 17:41:04.117761]     8.8750 MB /   0.50 sec =  148.9040 Mbps     0 retrans   3751 KB-cwnd
[2024-05-28 17:41:04.617377]     7.5625 MB /   0.50 sec =  126.8592 Mbps     0 retrans   3751 KB-cwnd
[2024-05-28 17:41:05.117402]    10.5625 MB /   0.50 sec =  177.2221 Mbps     0 retrans   3751 KB-cwnd
[2024-05-28 17:41:05.618253]     5.2500 MB /   0.50 sec =   87.9639 Mbps     0 retrans   3751 KB-cwnd
[2024-05-28 17:41:06.117354]    10.2500 MB /   0.50 sec =  172.2051 Mbps     0 retrans   3751 KB-cwnd
[2024-05-28 17:41:06.617423]     5.5000 MB /   0.50 sec =   92.2734 Mbps     0 retrans   3751 KB-cwnd
[2024-05-28 17:41:07.117284]     8.5000 MB /   0.50 sec =  142.6180 Mbps     0 retrans   3751 KB-cwnd
[2024-05-28 17:41:07.617573]     9.0625 MB /   0.50 sec =  152.0447 Mbps     0 retrans   3751 KB-cwnd
[2024-05-28 17:41:08.117425]     5.6250 MB /   0.50 sec =   94.3556 Mbps     0 retrans   3751 KB-cwnd
[2024-05-28 17:41:08.617847]    10.8125 MB /   0.50 sec =  181.2612 Mbps     0 retrans   3751 KB-cwnd
[2024-05-28 17:41:09.117333]    11.6250 MB /   0.50 sec =  195.2116 Mbps     0 retrans   3751 KB-cwnd
[2024-05-28 17:41:09.619039]    10.5000 MB /   0.50 sec =  175.6959 Mbps     0 retrans   3751 KB-cwnd
[2024-05-28 17:41:10.117368]     9.6875 MB /   0.50 sec =  162.9559 Mbps   114 retrans   2912 KB-cwnd
[2024-05-28 17:41:10.617580]     4.8750 MB /   0.50 sec =   81.7582 Mbps     0 retrans   2912 KB-cwnd
[2024-05-28 17:41:11.117821]     2.4375 MB /   0.50 sec =   40.9079 Mbps     0 retrans   2912 KB-cwnd
[2024-05-28 17:41:11.618852]     5.7500 MB /   0.50 sec =   96.2088 Mbps     0 retrans   2912 KB-cwnd
[2024-05-28 17:41:12.117310]     4.6250 MB /   0.50 sec =   77.8167 Mbps     0 retrans   2912 KB-cwnd
[2024-05-28 17:41:12.617374]     6.8750 MB /   0.50 sec =  115.3180 Mbps     0 retrans   2912 KB-cwnd
[2024-05-28 17:41:13.117656]     9.1250 MB /   0.50 sec =  153.1169 Mbps     0 retrans   2937 KB-cwnd
[2024-05-28 17:41:13.618542]     8.2500 MB /   0.50 sec =  138.3166 Mbps     0 retrans   2937 KB-cwnd
[2024-05-28 17:41:14.118234]     8.1875 MB /   0.50 sec =  137.3404 Mbps     0 retrans   2937 KB-cwnd
[2024-05-28 17:41:14.617593]     9.2500 MB /   0.50 sec =  155.3225 Mbps     0 retrans   2937 KB-cwnd
[2024-05-28 17:41:15.117351]     8.1875 MB /   0.50 sec =  137.3503 Mbps     0 retrans   2937 KB-cwnd
[2024-05-28 17:41:15.617878]     6.1875 MB /   0.50 sec =  103.7995 Mbps     0 retrans   2937 KB-cwnd
[2024-05-28 17:41:16.117832]     8.9375 MB /   0.50 sec =  149.9671 Mbps     0 retrans   2937 KB-cwnd
[2024-05-28 17:41:16.617791]     6.4375 MB /   0.50 sec =  108.0066 Mbps     0 retrans   2937 KB-cwnd
[2024-05-28 17:41:17.117331]     9.5000 MB /   0.50 sec =  159.3769 Mbps     0 retrans   2937 KB-cwnd
[2024-05-28 17:41:17.617376]     6.6250 MB /   0.50 sec =  111.1475 Mbps     0 retrans   2937 KB-cwnd
[2024-05-28 17:41:18.117506]     8.6250 MB /   0.50 sec =  144.7035 Mbps     0 retrans   2937 KB-cwnd
[2024-05-28 17:41:18.617908]     4.7500 MB /   0.50 sec =   79.6923 Mbps     0 retrans   2937 KB-cwnd
[2024-05-28 17:41:19.117598]     9.5000 MB /   0.50 sec =  159.3243 Mbps     0 retrans   2937 KB-cwnd
[2024-05-28 17:41:19.617392]    10.4375 MB /   0.50 sec =  175.1777 Mbps     0 retrans   2937 KB-cwnd
[2024-05-28 17:41:19.825726] nuttcp-r: 2681.4058 MB in 139.21 real seconds = 19724.19 KB/sec = 161.5806 Mbps
[2024-05-28 17:41:19.826229] nuttcp-r: 185184 I/O calls, msec/call = 0.77, calls/sec = 1330.27
[2024-05-28 17:41:19.826378] nuttcp-r: 0.1user 12.8sys 2:19real 9% 0i+0d 1268maxrss 0+1pf 137976+59csw
[2024-05-28 17:41:19.826527] 
[2024-05-28 17:41:19.826649] nuttcp-t: v8.1.4: socket
[2024-05-28 17:41:19.826810] nuttcp-t: buflen=65536, nstream=1, port=5003 tcp -> 98.97.16.43
[2024-05-28 17:41:19.826935] nuttcp-t: time limit = 120.00 seconds
[2024-05-28 17:41:19.827039] nuttcp-t: accept from 98.97.16.43 with mss=1408, af=inet
[2024-05-28 17:41:19.827143] nuttcp-t: send window size = 450000000, receive window size = 450000000
[2024-05-28 17:41:19.827244] nuttcp-t: available send window = 225000000, available receive window = 225000000
[2024-05-28 17:41:19.827347] nuttcp-t: initial congestion window = 13 KB (10 packets)
[2024-05-28 17:41:19.827449] nuttcp-t: 2681.4058 MB in 120.00 real seconds = 22881.32 KB/sec = 187.4437 Mbps
[2024-05-28 17:41:19.827552] nuttcp-t: retrans = 20813 cwnd = 2829 KB
[2024-05-28 17:41:19.827644] nuttcp-t: 42903 I/O calls, msec/call = 2.86, calls/sec = 357.52
[2024-05-28 17:41:19.827672] nuttcp-t: 0.0user 0.8sys 2:00real 0% 0i+0d 94maxrss 0+0pf 17+2csw
End time: 1716932479841
