Start time: 1716849718213
[2024-05-27 18:42:22.180200] Connecting to host 35.245.244.238, port 5203
[2024-05-27 18:42:22.181153] Reverse mode, remote host 35.245.244.238 is sending
[2024-05-27 18:42:22.181246] [  5] local 192.168.1.22 port 37825 connected to 35.245.244.238 port 5203
[2024-05-27 18:42:22.181306] [ ID] Interval           Transfer     Bitrate         Jitter    Lost/Total Datagrams
[2024-05-27 18:42:22.181364] [  5]   0.00-0.50   sec  13.6 MBytes   229 Mbits/sec  0.048 ms  39050/49261 (79%)  
[2024-05-27 18:42:22.181422] [  5]   0.50-1.00   sec  16.4 MBytes   275 Mbits/sec  0.062 ms  10188/22443 (45%)  
[2024-05-27 18:42:22.181596] [  5]   1.00-1.50   sec  21.2 MBytes   356 Mbits/sec  0.030 ms  6403/22312 (29%)  
[2024-05-27 18:42:22.181662] [  5]   1.50-2.00   sec  20.9 MBytes   351 Mbits/sec  0.028 ms  6551/22238 (29%)  
[2024-05-27 18:42:22.181717] [  5]   2.00-2.50   sec  22.7 MBytes   381 Mbits/sec  0.364 ms  5066/22063 (23%)  
[2024-05-27 18:42:22.181771] [  5]   2.50-3.00   sec  16.2 MBytes   271 Mbits/sec  0.015 ms  10547/22662 (47%)  
[2024-05-27 18:42:22.181828] [  5]   3.00-3.50   sec  21.8 MBytes   366 Mbits/sec  0.021 ms  5578/21893 (25%)  
[2024-05-27 18:42:22.181883] [  5]   3.50-4.00   sec  20.7 MBytes   347 Mbits/sec  0.008 ms  6986/22496 (31%)  
[2024-05-27 18:42:22.181932] [  5]   4.00-4.50   sec  19.0 MBytes   320 Mbits/sec  0.010 ms  8230/22497 (37%)  
[2024-05-27 18:42:22.181985] [  5]   4.50-5.00   sec  12.3 MBytes   206 Mbits/sec  0.074 ms  13090/22308 (59%)  
[2024-05-27 18:42:22.182035] [  5]   5.00-5.50   sec  20.8 MBytes   348 Mbits/sec  0.050 ms  6734/22286 (30%)  
[2024-05-27 18:42:22.182085] [  5]   5.50-6.00   sec  19.9 MBytes   333 Mbits/sec  0.021 ms  7570/22452 (34%)  
[2024-05-27 18:42:22.182135] [  5]   6.00-6.50   sec  21.9 MBytes   367 Mbits/sec  0.039 ms  5867/22269 (26%)  
[2024-05-27 18:42:22.182186] [  5]   6.50-7.00   sec  14.1 MBytes   237 Mbits/sec  0.024 ms  11728/22315 (53%)  
[2024-05-27 18:42:22.182242] [  5]   7.00-7.50   sec  21.4 MBytes   358 Mbits/sec  0.019 ms  6297/22296 (28%)  
[2024-05-27 18:42:22.182296] [  5]   7.50-8.00   sec  18.7 MBytes   314 Mbits/sec  0.014 ms  8346/22376 (37%)  
[2024-05-27 18:42:22.182349] [  5]   8.00-8.50   sec  10.7 MBytes   179 Mbits/sec  0.054 ms  14211/22206 (64%)  
[2024-05-27 18:42:22.182401] [  5]   8.50-9.00   sec  15.2 MBytes   254 Mbits/sec  0.078 ms  11067/22428 (49%)  
[2024-05-27 18:42:22.182451] [  5]   9.00-9.50   sec  8.75 MBytes   147 Mbits/sec  0.212 ms  15447/21997 (70%)  
[2024-05-27 18:42:22.182503] [  5]   9.50-10.00  sec  14.7 MBytes   247 Mbits/sec  0.070 ms  11567/22591 (51%)  
[2024-05-27 18:42:22.182556] [  5]  10.00-10.50  sec  16.5 MBytes   276 Mbits/sec  0.037 ms  10064/22400 (45%)  
[2024-05-27 18:42:22.182607] [  5]  10.50-11.00  sec  16.6 MBytes   278 Mbits/sec  0.076 ms  9898/22308 (44%)  
[2024-05-27 18:42:22.182657] [  5]  11.00-11.50  sec  14.0 MBytes   235 Mbits/sec  0.012 ms  11800/22270 (53%)  
[2024-05-27 18:42:22.182709] [  5]  11.50-12.00  sec  21.7 MBytes   365 Mbits/sec  0.047 ms  5870/22154 (26%)  
[2024-05-27 18:42:22.182761] [  5]  12.00-12.50  sec  15.8 MBytes   265 Mbits/sec  0.060 ms  7607/19462 (39%)  
[2024-05-27 18:42:22.182814] [  5]  12.50-13.00  sec   227 KBytes  3.73 Mbits/sec  0.207 ms  24879/25045 (99%)  
[2024-05-27 18:42:22.182863] [  5]  13.00-13.50  sec   878 KBytes  14.4 Mbits/sec  0.063 ms  22093/22735 (97%)  
[2024-05-27 18:42:22.182911] [  5]  13.50-14.00  sec  3.66 MBytes  61.4 Mbits/sec  0.113 ms  19573/22315 (88%)  
[2024-05-27 18:42:22.182961] [  5]  14.00-14.50  sec  6.05 MBytes   102 Mbits/sec  0.308 ms  17750/22283 (80%)  
[2024-05-27 18:42:22.183011] [  5]  14.50-15.00  sec  4.12 MBytes  69.1 Mbits/sec  0.127 ms  17507/20593 (85%)  
[2024-05-27 18:42:22.183061] [  5]  15.00-15.50  sec  1.00 MBytes  16.8 Mbits/sec  0.449 ms  22817/23569 (97%)  
[2024-05-27 18:42:22.183110] [  5]  15.50-16.00  sec  1.42 MBytes  23.7 Mbits/sec  1.248 ms  21129/22189 (95%)  
[2024-05-27 18:42:22.183159] [  5]  16.00-16.50  sec  2.34 MBytes  39.3 Mbits/sec  0.250 ms  20869/22623 (92%)  
[2024-05-27 18:42:22.183244] [  5]  16.50-17.00  sec   630 KBytes  10.3 Mbits/sec  0.058 ms  21867/22328 (98%)  
[2024-05-27 18:42:22.183298] [  5]  17.00-17.50  sec  1.57 MBytes  26.3 Mbits/sec  1.045 ms  21098/22272 (95%)  
[2024-05-27 18:42:22.183349] [  5]  17.50-18.00  sec   242 KBytes  3.96 Mbits/sec  1.799 ms  21649/21826 (99%)  
[2024-05-27 18:42:22.183402] [  5]  18.00-18.50  sec   250 KBytes  4.10 Mbits/sec  0.380 ms  22729/22912 (99%)  
[2024-05-27 18:42:22.183454] [  5]  18.50-19.00  sec   280 KBytes  4.59 Mbits/sec  0.836 ms  22418/22623 (99%)  
[2024-05-27 18:42:22.183503] [  5]  19.00-19.50  sec   130 KBytes  2.13 Mbits/sec  1.544 ms  22044/22139 (1e+02%)  
[2024-05-27 18:42:22.183552] [  5]  19.50-20.00  sec   137 KBytes  2.24 Mbits/sec  2.099 ms  21932/22032 (1e+02%)  
[2024-05-27 18:42:22.183600] [  5]  20.00-20.50  sec   182 KBytes  2.98 Mbits/sec  0.763 ms  22490/22623 (99%)  
[2024-05-27 18:42:22.183648] [  5]  20.50-21.00  sec  1.36 MBytes  22.8 Mbits/sec  0.256 ms  21347/22366 (95%)  
[2024-05-27 18:42:22.183695] [  5]  21.00-21.50  sec  2.23 MBytes  37.4 Mbits/sec  0.084 ms  20863/22532 (93%)  
[2024-05-27 18:42:22.183742] [  5]  21.50-22.00  sec   896 KBytes  14.7 Mbits/sec  0.857 ms  21143/21798 (97%)  
[2024-05-27 18:42:22.183789] [  5]  22.00-22.50  sec  1.46 MBytes  24.5 Mbits/sec  0.160 ms  21213/22307 (95%)  
[2024-05-27 18:42:46.680016] [  5]  22.50-23.00  sec  3.19 MBytes  53.5 Mbits/sec  0.271 ms  20237/22625 (89%)  
[2024-05-27 18:42:46.680384] [  5]  23.00-23.50  sec  2.12 MBytes  35.6 Mbits/sec  0.132 ms  20079/21668 (93%)  
[2024-05-27 18:42:46.680477] [  5]  23.50-24.00  sec  1.83 MBytes  30.7 Mbits/sec  1.243 ms  21522/22894 (94%)  
[2024-05-27 18:42:46.680563] [  5]  24.00-24.50  sec   211 KBytes  3.45 Mbits/sec  1.157 ms  22329/22483 (99%)  
[2024-05-27 18:42:46.680642] [  5]  24.50-25.00  sec  3.50 MBytes  58.7 Mbits/sec  0.317 ms  19779/22399 (88%)  
[2024-05-27 18:42:46.680723] [  5]  25.00-25.50  sec  1.69 MBytes  28.4 Mbits/sec  0.515 ms  20235/21504 (94%)  
[2024-05-27 18:42:46.680798] [  5]  25.50-26.00  sec   756 KBytes  12.4 Mbits/sec  0.541 ms  22027/22580 (98%)  
[2024-05-27 18:42:46.680874] [  5]  26.00-26.50  sec  1.81 MBytes  30.4 Mbits/sec  1.026 ms  21129/22485 (94%)  
[2024-05-27 18:42:46.680948] [  5]  26.50-27.00  sec   459 KBytes  7.52 Mbits/sec  1.160 ms  22209/22545 (99%)  
[2024-05-27 18:42:46.681023] [  5]  27.00-27.50  sec  2.23 MBytes  37.4 Mbits/sec  0.507 ms  20747/22417 (93%)  
[2024-05-27 18:42:46.681096] [  5]  27.50-28.00  sec  2.37 MBytes  39.7 Mbits/sec  0.105 ms  20257/22029 (92%)  
[2024-05-27 18:42:46.681172] [  5]  28.00-28.50  sec  2.83 MBytes  47.5 Mbits/sec  0.054 ms  20467/22586 (91%)  
[2024-05-27 18:42:46.681248] [  5]  28.50-29.00  sec  4.23 MBytes  71.0 Mbits/sec  0.391 ms  18530/21700 (85%)  
[2024-05-27 18:42:46.681318] [  5]  29.00-29.50  sec  10.5 MBytes   176 Mbits/sec  0.011 ms  15245/23117 (66%)  
[2024-05-27 18:42:46.681387] [  5]  29.50-30.00  sec  16.5 MBytes   277 Mbits/sec  0.024 ms  9785/22157 (44%)  
[2024-05-27 18:42:46.681607] [  5]  30.00-30.50  sec  13.4 MBytes   224 Mbits/sec  0.085 ms  12313/22331 (55%)  
[2024-05-27 18:42:46.681698] [  5]  30.50-31.00  sec  12.9 MBytes   216 Mbits/sec  0.029 ms  12798/22425 (57%)  
[2024-05-27 18:42:46.681779] [  5]  31.00-31.50  sec  7.82 MBytes   131 Mbits/sec  0.077 ms  16470/22326 (74%)  
[2024-05-27 18:42:46.681860] [  5]  31.50-32.00  sec  9.99 MBytes   168 Mbits/sec  0.037 ms  14060/21545 (65%)  
[2024-05-27 18:42:46.681940] [  5]  32.00-32.50  sec  5.41 MBytes  90.8 Mbits/sec  0.746 ms  17487/21539 (81%)  
[2024-05-27 18:42:46.682016] [  5]  32.50-33.00  sec   421 KBytes  6.90 Mbits/sec  0.387 ms  23468/23776 (99%)  
[2024-05-27 18:42:46.682093] [  5]  33.00-33.50  sec  3.66 MBytes  61.5 Mbits/sec  0.024 ms  19479/22223 (88%)  
[2024-05-27 18:42:46.682170] [  5]  33.50-34.00  sec  5.52 MBytes  92.6 Mbits/sec  0.016 ms  18191/22324 (81%)  
[2024-05-27 18:42:46.682246] [  5]  34.00-34.50  sec  9.93 MBytes   167 Mbits/sec  0.013 ms  14986/22426 (67%)  
[2024-05-27 18:42:46.682322] [  5]  34.50-35.00  sec  9.22 MBytes   155 Mbits/sec  0.027 ms  15417/22324 (69%)  
[2024-05-27 18:42:46.682436] [  5]  35.00-35.50  sec  10.6 MBytes   179 Mbits/sec  0.049 ms  13643/21615 (63%)  
[2024-05-27 18:42:46.682514] [  5]  35.50-36.00  sec  14.9 MBytes   249 Mbits/sec  0.018 ms  11977/23106 (52%)  
[2024-05-27 18:42:46.682589] [  5]  36.00-36.50  sec  15.1 MBytes   253 Mbits/sec  0.069 ms  10955/22269 (49%)  
[2024-05-27 18:42:46.682669] [  5]  36.50-37.00  sec  11.5 MBytes   193 Mbits/sec  0.018 ms  13562/22200 (61%)  
[2024-05-27 18:42:46.682748] [  5]  37.00-37.50  sec  7.84 MBytes   132 Mbits/sec  0.126 ms  16311/22183 (74%)  
[2024-05-27 18:42:46.682828] [  5]  37.50-38.00  sec  6.59 MBytes   111 Mbits/sec  0.041 ms  17469/22404 (78%)  
[2024-05-27 18:42:46.682905] [  5]  38.00-38.50  sec  11.7 MBytes   196 Mbits/sec  0.034 ms  12795/21554 (59%)  
[2024-05-27 18:42:46.682985] [  5]  38.50-39.00  sec  7.96 MBytes   134 Mbits/sec  0.022 ms  16642/22601 (74%)  
[2024-05-27 18:42:46.683060] [  5]  39.00-39.50  sec  8.49 MBytes   142 Mbits/sec  0.027 ms  16444/22803 (72%)  
[2024-05-27 18:42:46.683134] [  5]  39.50-40.00  sec  14.0 MBytes   235 Mbits/sec  0.010 ms  11783/22290 (53%)  
[2024-05-27 18:42:46.683208] [  5]  40.00-40.50  sec  7.35 MBytes   123 Mbits/sec  0.094 ms  16571/22076 (75%)  
[2024-05-27 18:42:46.683283] [  5]  40.50-41.00  sec  5.61 MBytes  94.2 Mbits/sec  0.609 ms  17873/22077 (81%)  
[2024-05-27 18:42:46.683354] [  5]  41.00-41.50  sec  8.79 MBytes   147 Mbits/sec  0.027 ms  15920/22501 (71%)  
[2024-05-27 18:42:46.683430] [  5]  41.50-42.00  sec  5.44 MBytes  91.3 Mbits/sec  0.228 ms  18301/22379 (82%)  
[2024-05-27 18:42:46.683509] [  5]  42.00-42.50  sec  6.33 MBytes   106 Mbits/sec  1.000 ms  17046/21784 (78%)  
[2024-05-27 18:42:46.683588] [  5]  42.50-43.00  sec  6.81 MBytes   114 Mbits/sec  0.062 ms  18149/23247 (78%)  
[2024-05-27 18:42:46.683664] [  5]  43.00-43.50  sec  5.26 MBytes  88.3 Mbits/sec  0.156 ms  18435/22376 (82%)  
[2024-05-27 18:42:46.683738] [  5]  43.50-44.00  sec  3.31 MBytes  55.6 Mbits/sec  0.080 ms  19901/22383 (89%)  
[2024-05-27 18:42:46.683810] [  5]  44.00-44.50  sec  9.72 MBytes   163 Mbits/sec  0.178 ms  14723/22003 (67%)  
[2024-05-27 18:42:46.683882] [  5]  44.50-45.00  sec  9.06 MBytes   152 Mbits/sec  0.031 ms  15818/22606 (70%)  
[2024-05-27 18:42:46.683955] [  5]  45.00-45.50  sec  8.80 MBytes   148 Mbits/sec  0.060 ms  15421/22009 (70%)  
[2024-05-27 18:42:46.684027] [  5]  45.50-46.00  sec  14.8 MBytes   249 Mbits/sec  0.063 ms  11506/22615 (51%)  
[2024-05-27 18:42:46.684103] [  5]  46.00-46.50  sec  16.1 MBytes   270 Mbits/sec  0.018 ms  10406/22441 (46%)  
[2024-05-27 18:42:46.684175] [  5]  46.50-47.00  sec  16.2 MBytes   272 Mbits/sec  0.041 ms  10162/22295 (46%)  
[2024-05-27 18:43:11.180040] [  5]  47.00-47.50  sec  12.4 MBytes   208 Mbits/sec  0.038 ms  12994/22273 (58%)  
[2024-05-27 18:43:11.180426] [  5]  47.50-48.00  sec  9.61 MBytes   161 Mbits/sec  0.054 ms  15142/22337 (68%)  
[2024-05-27 18:43:11.180536] [  5]  48.00-48.50  sec  9.67 MBytes   162 Mbits/sec  0.316 ms  14542/21782 (67%)  
[2024-05-27 18:43:11.180626] [  5]  48.50-49.00  sec  4.74 MBytes  79.6 Mbits/sec  0.064 ms  19074/22627 (84%)  
[2024-05-27 18:43:11.180711] [  5]  49.00-49.50  sec  6.47 MBytes   109 Mbits/sec  0.064 ms  17182/22031 (78%)  
[2024-05-27 18:43:11.180793] [  5]  49.50-50.00  sec  10.9 MBytes   182 Mbits/sec  0.028 ms  14666/22805 (64%)  
[2024-05-27 18:43:11.180874] [  5]  50.00-50.50  sec  6.82 MBytes   114 Mbits/sec  0.305 ms  17167/22278 (77%)  
[2024-05-27 18:43:11.180954] [  5]  50.50-51.00  sec  9.52 MBytes   160 Mbits/sec  0.119 ms  15283/22412 (68%)  
[2024-05-27 18:43:11.181033] [  5]  51.00-51.50  sec  8.20 MBytes   138 Mbits/sec  0.024 ms  16215/22355 (73%)  
[2024-05-27 18:43:11.181112] [  5]  51.50-52.00  sec  8.96 MBytes   150 Mbits/sec  0.050 ms  15644/22356 (70%)  
[2024-05-27 18:43:11.181189] [  5]  52.00-52.50  sec  9.15 MBytes   154 Mbits/sec  0.019 ms  15416/22269 (69%)  
[2024-05-27 18:43:11.181269] [  5]  52.50-53.00  sec  2.55 MBytes  42.8 Mbits/sec  0.253 ms  20266/22175 (91%)  
[2024-05-27 18:43:11.181385] [  5]  53.00-53.50  sec  6.61 MBytes   111 Mbits/sec  0.035 ms  17564/22512 (78%)  
[2024-05-27 18:43:11.181532] [  5]  53.50-54.00  sec  6.18 MBytes   104 Mbits/sec  0.283 ms  17307/21936 (79%)  
[2024-05-27 18:43:11.181619] [  5]  54.00-54.50  sec  7.23 MBytes   121 Mbits/sec  0.045 ms  17122/22535 (76%)  
[2024-05-27 18:43:11.181697] [  5]  54.50-55.00  sec  8.05 MBytes   135 Mbits/sec  0.166 ms  16274/22305 (73%)  
[2024-05-27 18:43:11.181776] [  5]  55.00-55.50  sec  7.30 MBytes   122 Mbits/sec  0.022 ms  17024/22491 (76%)  
[2024-05-27 18:43:11.181856] [  5]  55.50-56.00  sec  12.3 MBytes   206 Mbits/sec  0.121 ms  13076/22261 (59%)  
[2024-05-27 18:43:11.181932] [  5]  56.00-56.50  sec  10.3 MBytes   172 Mbits/sec  0.049 ms  14568/22267 (65%)  
[2024-05-27 18:43:11.182010] [  5]  56.50-57.00  sec  7.50 MBytes   126 Mbits/sec  0.132 ms  16732/22353 (75%)  
[2024-05-27 18:43:11.182087] [  5]  57.00-57.50  sec  10.8 MBytes   181 Mbits/sec  0.056 ms  14226/22324 (64%)  
[2024-05-27 18:43:11.182162] [  5]  57.50-58.00  sec   410 KBytes  6.72 Mbits/sec  0.755 ms  21762/22062 (99%)  
[2024-05-27 18:43:11.182239] [  5]  58.00-58.50  sec  4.62 MBytes  77.6 Mbits/sec  0.356 ms  19015/22479 (85%)  
[2024-05-27 18:43:11.182315] [  5]  58.50-59.00  sec  6.71 MBytes   113 Mbits/sec  0.044 ms  17348/22374 (78%)  
[2024-05-27 18:43:11.182391] [  5]  59.00-59.50  sec  8.89 MBytes   149 Mbits/sec  0.100 ms  15716/22376 (70%)  
[2024-05-27 18:43:11.182466] [  5]  59.50-60.00  sec  8.72 MBytes   146 Mbits/sec  0.181 ms  15595/22127 (70%)  
[2024-05-27 18:43:11.182548] [  5]  60.00-60.50  sec  9.31 MBytes   156 Mbits/sec  0.064 ms  15535/22506 (69%)  
[2024-05-27 18:43:11.182624] [  5]  60.50-61.00  sec  10.7 MBytes   179 Mbits/sec  0.088 ms  14259/22265 (64%)  
[2024-05-27 18:43:11.182701] [  5]  61.00-61.50  sec  9.59 MBytes   161 Mbits/sec  0.041 ms  15095/22280 (68%)  
[2024-05-27 18:43:11.182779] [  5]  61.50-62.00  sec  6.78 MBytes   114 Mbits/sec  0.053 ms  17287/22362 (77%)  
[2024-05-27 18:43:11.182858] [  5]  62.00-62.50  sec  7.94 MBytes   133 Mbits/sec  0.046 ms  16365/22313 (73%)  
[2024-05-27 18:43:11.182939] [  5]  62.50-63.00  sec  5.60 MBytes  94.0 Mbits/sec  1.663 ms  17787/21984 (81%)  
[2024-05-27 18:43:11.183016] [  5]  63.00-63.50  sec  4.00 MBytes  67.0 Mbits/sec  1.801 ms  17852/20846 (86%)  
[2024-05-27 18:43:11.183093] [  5]  63.50-64.00  sec  2.05 MBytes  34.5 Mbits/sec  0.473 ms  22316/23853 (94%)  
[2024-05-27 18:43:11.183171] [  5]  64.00-64.50  sec  4.90 MBytes  82.1 Mbits/sec  0.024 ms  17878/21546 (83%)  
[2024-05-27 18:43:11.183248] [  5]  64.50-65.00  sec  3.84 MBytes  64.5 Mbits/sec  0.069 ms  20121/22999 (87%)  
[2024-05-27 18:43:11.183327] [  5]  65.00-65.50  sec  2.81 MBytes  47.1 Mbits/sec  0.243 ms  20527/22628 (91%)  
[2024-05-27 18:43:11.183402] [  5]  65.50-66.00  sec  5.12 MBytes  86.0 Mbits/sec  0.028 ms  18566/22404 (83%)  
[2024-05-27 18:43:11.183479] [  5]  66.00-66.50  sec  1.35 MBytes  22.6 Mbits/sec  0.317 ms  20930/21939 (95%)  
[2024-05-27 18:43:11.183554] [  5]  66.50-67.00  sec  2.01 MBytes  33.7 Mbits/sec  1.416 ms  20330/21834 (93%)  
[2024-05-27 18:43:11.183627] [  5]  67.00-67.50  sec   353 KBytes  5.78 Mbits/sec  0.524 ms  21880/22138 (99%)  
[2024-05-27 18:43:11.183700] [  5]  67.50-68.00  sec  2.71 MBytes  45.5 Mbits/sec  0.140 ms  21264/23294 (91%)  
[2024-05-27 18:43:11.183776] [  5]  68.00-68.50  sec  4.68 MBytes  78.5 Mbits/sec  0.034 ms  18948/22453 (84%)  
[2024-05-27 18:43:11.183850] [  5]  68.50-69.00  sec  9.06 MBytes   152 Mbits/sec  0.059 ms  15500/22286 (70%)  
[2024-05-27 18:43:11.183924] [  5]  69.00-69.50  sec  7.01 MBytes   118 Mbits/sec  0.140 ms  16911/22158 (76%)  
[2024-05-27 18:43:11.183999] [  5]  69.50-70.00  sec  3.69 MBytes  62.0 Mbits/sec  0.035 ms  19723/22490 (88%)  
[2024-05-27 18:43:11.184075] [  5]  70.00-70.50  sec  7.51 MBytes   126 Mbits/sec  0.174 ms  16432/22054 (75%)  
[2024-05-27 18:43:11.184149] [  5]  70.50-71.00  sec  10.4 MBytes   175 Mbits/sec  0.016 ms  14757/22576 (65%)  
[2024-05-27 18:43:11.184237] [  5]  71.00-71.50  sec  7.44 MBytes   125 Mbits/sec  0.053 ms  16814/22386 (75%)  
[2024-05-27 18:43:35.680048] [  5]  71.50-72.00  sec  11.2 MBytes   188 Mbits/sec  0.064 ms  13883/22266 (62%)  
[2024-05-27 18:43:35.680569] [  5]  72.00-72.50  sec  3.47 MBytes  58.1 Mbits/sec  0.051 ms  16501/19098 (86%)  
[2024-05-27 18:43:35.680702] [  5]  72.50-73.00  sec  7.54 MBytes   127 Mbits/sec  0.154 ms  19759/25404 (78%)  
[2024-05-27 18:43:35.680794] [  5]  73.00-73.50  sec  7.71 MBytes   129 Mbits/sec  0.049 ms  16530/22306 (74%)  
[2024-05-27 18:43:35.680885] [  5]  73.50-74.00  sec  2.35 MBytes  39.5 Mbits/sec  0.083 ms  20595/22357 (92%)  
[2024-05-27 18:43:35.680971] [  5]  74.00-74.50  sec  2.84 MBytes  47.7 Mbits/sec  0.053 ms  20119/22247 (90%)  
[2024-05-27 18:43:35.681054] [  5]  74.50-75.00  sec  4.58 MBytes  76.9 Mbits/sec  0.072 ms  18689/22120 (84%)  
[2024-05-27 18:43:35.681139] [  5]  75.00-75.50  sec  5.34 MBytes  89.6 Mbits/sec  0.063 ms  18600/22598 (82%)  
[2024-05-27 18:43:35.681223] [  5]  75.50-76.00  sec  6.82 MBytes   114 Mbits/sec  0.166 ms  17177/22288 (77%)  
[2024-05-27 18:43:35.681302] [  5]  76.00-76.50  sec  5.87 MBytes  98.4 Mbits/sec  0.033 ms  17947/22340 (80%)  
[2024-05-27 18:43:35.681389] [  5]  76.50-77.00  sec  6.50 MBytes   109 Mbits/sec  0.046 ms  17206/22074 (78%)  
[2024-05-27 18:43:35.681542] [  5]  77.00-77.50  sec  5.97 MBytes   100 Mbits/sec  0.025 ms  18128/22601 (80%)  
[2024-05-27 18:43:35.681633] [  5]  77.50-78.00  sec  5.57 MBytes  93.5 Mbits/sec  0.162 ms  17972/22147 (81%)  
[2024-05-27 18:43:35.681719] [  5]  78.00-78.50  sec  1.86 MBytes  31.2 Mbits/sec  0.056 ms  21023/22418 (94%)  
[2024-05-27 18:43:35.681799] [  5]  78.50-79.00  sec  2.33 MBytes  39.0 Mbits/sec  0.168 ms  20616/22359 (92%)  
[2024-05-27 18:43:35.681879] [  5]  79.00-79.50  sec  3.33 MBytes  55.8 Mbits/sec  0.075 ms  19855/22346 (89%)  
[2024-05-27 18:43:35.681959] [  5]  79.50-80.00  sec  5.49 MBytes  92.0 Mbits/sec  0.185 ms  18190/22299 (82%)  
[2024-05-27 18:43:35.682038] [  5]  80.00-80.50  sec  6.64 MBytes   111 Mbits/sec  0.012 ms  17360/22331 (78%)  
[2024-05-27 18:43:35.682120] [  5]  80.50-81.00  sec  8.73 MBytes   146 Mbits/sec  0.098 ms  15807/22345 (71%)  
[2024-05-27 18:43:35.682198] [  5]  81.00-81.50  sec  7.09 MBytes   119 Mbits/sec  0.053 ms  16998/22311 (76%)  
[2024-05-27 18:43:35.682277] [  5]  81.50-82.00  sec  5.73 MBytes  96.1 Mbits/sec  0.265 ms  18008/22298 (81%)  
[2024-05-27 18:43:35.682357] [  5]  82.00-82.50  sec  4.94 MBytes  82.9 Mbits/sec  0.037 ms  18648/22350 (83%)  
[2024-05-27 18:43:35.682437] [  5]  82.50-83.00  sec  6.60 MBytes   111 Mbits/sec  0.039 ms  17390/22331 (78%)  
[2024-05-27 18:43:35.682516] [  5]  83.00-83.50  sec  3.93 MBytes  65.9 Mbits/sec  0.037 ms  19368/22312 (87%)  
[2024-05-27 18:43:35.682595] [  5]  83.50-84.00  sec  2.40 MBytes  40.3 Mbits/sec  0.263 ms  20092/21891 (92%)  
[2024-05-27 18:43:35.682682] [  5]  84.00-84.50  sec  1.21 MBytes  20.3 Mbits/sec  0.273 ms  21821/22726 (96%)  
[2024-05-27 18:43:35.682762] [  5]  84.50-85.00  sec  1.10 MBytes  18.5 Mbits/sec  0.362 ms  21192/22017 (96%)  
[2024-05-27 18:43:35.682839] [  5]  85.00-85.50  sec   156 KBytes  2.55 Mbits/sec  1.098 ms  22509/22623 (99%)  
[2024-05-27 18:43:35.682918] [  5]  85.50-86.00  sec  1.59 MBytes  26.7 Mbits/sec  0.366 ms  21129/22323 (95%)  
[2024-05-27 18:43:35.682996] [  5]  86.00-86.50  sec   476 KBytes  7.80 Mbits/sec  0.202 ms  21980/22328 (98%)  
[2024-05-27 18:43:35.683073] [  5]  86.50-87.00  sec   822 KBytes  13.5 Mbits/sec  0.208 ms  21722/22323 (97%)  
[2024-05-27 18:43:35.683151] [  5]  87.00-87.50  sec  3.46 MBytes  58.1 Mbits/sec  0.043 ms  19813/22405 (88%)  
[2024-05-27 18:43:35.683229] [  5]  87.50-88.00  sec  20.6 MBytes   346 Mbits/sec  0.038 ms  5806/21272 (27%)  
[2024-05-27 18:43:35.683305] [  5]  88.00-88.50  sec  19.9 MBytes   335 Mbits/sec  0.055 ms  7446/22387 (33%)  
[2024-05-27 18:43:35.683381] [  5]  88.50-89.00  sec  21.3 MBytes   357 Mbits/sec  0.025 ms  7453/23387 (32%)  
[2024-05-27 18:43:35.683504] [  5]  89.00-89.50  sec  19.1 MBytes   321 Mbits/sec  0.015 ms  7881/22202 (35%)  
[2024-05-27 18:43:35.683590] [  5]  89.50-90.00  sec  16.7 MBytes   280 Mbits/sec  0.049 ms  9291/21806 (43%)  
[2024-05-27 18:43:35.683667] [  5]  90.00-90.50  sec  20.3 MBytes   341 Mbits/sec  0.015 ms  7134/22339 (32%)  
[2024-05-27 18:43:35.683748] [  5]  90.50-91.00  sec  23.5 MBytes   395 Mbits/sec  0.055 ms  4948/22570 (22%)  
[2024-05-27 18:43:35.683823] [  5]  91.00-91.50  sec  22.0 MBytes   369 Mbits/sec  0.027 ms  6156/22623 (27%)  
[2024-05-27 18:43:35.683902] [  5]  91.50-92.00  sec  24.4 MBytes   409 Mbits/sec  0.046 ms  3643/21887 (17%)  
[2024-05-27 18:43:35.683978] [  5]  92.00-92.50  sec  20.5 MBytes   344 Mbits/sec  0.059 ms  7457/22801 (33%)  
[2024-05-27 18:43:35.684061] [  5]  92.50-93.00  sec  20.1 MBytes   337 Mbits/sec  0.035 ms  7008/22073 (32%)  
[2024-05-27 18:43:35.684141] [  5]  93.00-93.50  sec  23.0 MBytes   387 Mbits/sec  0.008 ms  5086/22342 (23%)  
[2024-05-27 18:43:35.684220] [  5]  93.50-94.00  sec  22.2 MBytes   372 Mbits/sec  0.028 ms  5331/21937 (24%)  
[2024-05-27 18:43:35.684295] [  5]  94.00-94.50  sec  20.6 MBytes   345 Mbits/sec  0.118 ms  7466/22871 (33%)  
[2024-05-27 18:43:35.684370] [  5]  94.50-95.00  sec  20.3 MBytes   340 Mbits/sec  0.009 ms  6447/21620 (30%)  
[2024-05-27 18:43:35.684443] [  5]  95.00-95.50  sec  20.9 MBytes   352 Mbits/sec  0.030 ms  7034/22725 (31%)  
[2024-05-27 18:43:35.684517] [  5]  95.50-96.00  sec  22.7 MBytes   380 Mbits/sec  0.030 ms  5454/22430 (24%)  
[2024-05-27 18:43:59.690116] [  5]  96.00-96.50  sec  22.4 MBytes   377 Mbits/sec  0.024 ms  5464/22276 (25%)  
[2024-05-27 18:43:59.690636] [  5]  96.50-97.00  sec  21.3 MBytes   357 Mbits/sec  0.007 ms  6720/22658 (30%)  
[2024-05-27 18:43:59.690800] [  5]  97.00-97.50  sec  21.3 MBytes   358 Mbits/sec  0.021 ms  6327/22304 (28%)  
[2024-05-27 18:43:59.690889] [  5]  97.50-98.00  sec  19.2 MBytes   321 Mbits/sec  0.009 ms  6927/21271 (33%)  
[2024-05-27 18:43:59.690989] [  5]  98.00-98.50  sec  19.3 MBytes   325 Mbits/sec  0.025 ms  8802/23293 (38%)  
[2024-05-27 18:43:59.691134] [  5]  98.50-99.00  sec  22.4 MBytes   375 Mbits/sec  0.018 ms  5658/22398 (25%)  
[2024-05-27 18:43:59.691260] [  5]  99.00-99.50  sec  22.6 MBytes   380 Mbits/sec  0.022 ms  5288/22237 (24%)  
[2024-05-27 18:43:59.691341] [  5]  99.50-100.00 sec  24.2 MBytes   406 Mbits/sec  0.063 ms  3989/22130 (18%)  
[2024-05-27 18:43:59.691518] [  5] 100.00-100.50 sec  21.6 MBytes   362 Mbits/sec  0.058 ms  6345/22496 (28%)  
[2024-05-27 18:43:59.691650] [  5] 100.50-101.00 sec  18.9 MBytes   317 Mbits/sec  0.016 ms  8179/22337 (37%)  
[2024-05-27 18:43:59.691930] [  5] 101.00-101.50 sec  18.2 MBytes   305 Mbits/sec  0.073 ms  8800/22399 (39%)  
[2024-05-27 18:43:59.692066] [  5] 101.50-102.00 sec  22.2 MBytes   372 Mbits/sec  0.037 ms  5554/22184 (25%)  
[2024-05-27 18:43:59.692156] [  5] 102.00-102.50 sec  19.9 MBytes   335 Mbits/sec  0.016 ms  4498/19438 (23%)  
[2024-05-27 18:43:59.692236] [  5] 102.50-103.00 sec  5.48 MBytes  91.9 Mbits/sec  0.084 ms  21290/25391 (84%)  
[2024-05-27 18:43:59.692314] [  5] 103.00-103.50 sec  12.4 MBytes   208 Mbits/sec  0.067 ms  13093/22375 (59%)  
[2024-05-27 18:43:59.692394] [  5] 103.50-104.00 sec  16.3 MBytes   274 Mbits/sec  0.016 ms  10093/22330 (45%)  
[2024-05-27 18:43:59.692473] [  5] 104.00-104.50 sec  9.40 MBytes   158 Mbits/sec  0.022 ms  15275/22313 (68%)  
[2024-05-27 18:43:59.692549] [  5] 104.50-105.00 sec  12.9 MBytes   217 Mbits/sec  0.023 ms  12643/22322 (57%)  
[2024-05-27 18:43:59.692628] [  5] 105.00-105.50 sec  5.31 MBytes  89.0 Mbits/sec  0.016 ms  17782/21757 (82%)  
[2024-05-27 18:43:59.692701] [  5] 105.50-106.00 sec  7.86 MBytes   132 Mbits/sec  0.007 ms  16923/22811 (74%)  
[2024-05-27 18:43:59.692776] [  5] 106.00-106.50 sec  10.6 MBytes   178 Mbits/sec  0.024 ms  14388/22350 (64%)  
[2024-05-27 18:43:59.692846] [  5] 106.50-107.00 sec  15.4 MBytes   258 Mbits/sec  0.025 ms  10600/22117 (48%)  
[2024-05-27 18:43:59.692916] [  5] 107.00-107.50 sec  15.8 MBytes   266 Mbits/sec  0.049 ms  10651/22507 (47%)  
[2024-05-27 18:43:59.693023] [  5] 107.50-108.00 sec  13.8 MBytes   231 Mbits/sec  0.032 ms  11685/21986 (53%)  
[2024-05-27 18:43:59.693096] [  5] 108.00-108.50 sec  10.5 MBytes   177 Mbits/sec  0.126 ms  14737/22617 (65%)  
[2024-05-27 18:43:59.693164] [  5] 108.50-109.00 sec  7.10 MBytes   119 Mbits/sec  0.019 ms  17103/22420 (76%)  
[2024-05-27 18:43:59.693232] [  5] 109.00-109.50 sec  12.3 MBytes   206 Mbits/sec  0.143 ms  13140/22347 (59%)  
[2024-05-27 18:43:59.693301] [  5] 109.50-110.00 sec  14.2 MBytes   238 Mbits/sec  0.231 ms  11503/22141 (52%)  
[2024-05-27 18:43:59.693391] [  5] 110.00-110.50 sec  13.2 MBytes   221 Mbits/sec  0.051 ms  12651/22508 (56%)  
[2024-05-27 18:43:59.693551] [  5] 110.50-111.00 sec  13.3 MBytes   223 Mbits/sec  0.024 ms  11930/21890 (54%)  
[2024-05-27 18:43:59.694088] [  5] 111.00-111.50 sec  6.97 MBytes   117 Mbits/sec  0.019 ms  17371/22592 (77%)  
[2024-05-27 18:43:59.694350] [  5] 111.50-112.00 sec  13.8 MBytes   231 Mbits/sec  0.028 ms  12095/22406 (54%)  
[2024-05-27 18:43:59.694533] [  5] 112.00-112.50 sec  17.2 MBytes   289 Mbits/sec  0.085 ms  9454/22360 (42%)  
[2024-05-27 18:43:59.694637] [  5] 112.50-113.00 sec  15.1 MBytes   254 Mbits/sec  0.024 ms  10861/22196 (49%)  
[2024-05-27 18:43:59.694834] [  5] 113.00-113.50 sec  12.1 MBytes   204 Mbits/sec  0.513 ms  13394/22488 (60%)  
[2024-05-27 18:43:59.695555] [  5] 113.50-114.00 sec  10.4 MBytes   174 Mbits/sec  0.105 ms  14433/22191 (65%)  
[2024-05-27 18:43:59.695745] [  5] 114.00-114.50 sec  11.6 MBytes   194 Mbits/sec  0.034 ms  13710/22366 (61%)  
[2024-05-27 18:43:59.695866] [  5] 114.50-115.00 sec  15.8 MBytes   265 Mbits/sec  0.082 ms  10559/22371 (47%)  
[2024-05-27 18:43:59.695939] [  5] 115.00-115.50 sec  16.5 MBytes   277 Mbits/sec  0.009 ms  9118/21502 (42%)  
[2024-05-27 18:43:59.696013] [  5] 115.50-116.00 sec  16.3 MBytes   273 Mbits/sec  0.038 ms  10883/23088 (47%)  
[2024-05-27 18:43:59.696080] [  5] 116.00-116.50 sec  10.6 MBytes   178 Mbits/sec  0.222 ms  13778/21746 (63%)  
[2024-05-27 18:43:59.696147] [  5] 116.50-117.00 sec  10.8 MBytes   180 Mbits/sec  0.472 ms  14834/22886 (65%)  
[2024-05-27 18:43:59.696213] [  5] 117.00-117.50 sec  7.46 MBytes   125 Mbits/sec  0.075 ms  13631/19216 (71%)  
[2024-05-27 18:43:59.696282] [  5] 117.50-118.00 sec  2.05 MBytes  34.5 Mbits/sec  0.186 ms  22923/24459 (94%)  
[2024-05-27 18:43:59.696411] [  5] 118.00-118.50 sec  8.93 MBytes   150 Mbits/sec  0.021 ms  16546/23233 (71%)  
[2024-05-27 18:43:59.696482] [  5] 118.50-119.00 sec  12.7 MBytes   212 Mbits/sec  0.094 ms  12734/22211 (57%)  
[2024-05-27 18:43:59.696551] [  5] 119.00-119.50 sec  12.4 MBytes   208 Mbits/sec  0.043 ms  13108/22388 (59%)  
[2024-05-27 18:43:59.696620] [  5] 119.50-120.00 sec  7.20 MBytes   121 Mbits/sec  0.398 ms  16382/21778 (75%)  
[2024-05-27 18:43:59.696690] - - - - - - - - - - - - - - - - - - - - - - - - -
[2024-05-27 18:43:59.696776] [ ID] Interval           Transfer     Bitrate         Jitter    Lost/Total Datagrams
[2024-05-27 18:43:59.696850] [  5]   0.00-120.68 sec  7.02 GBytes   500 Mbits/sec  0.000 ms  0/5387604 (0%)  sender
[2024-05-27 18:43:59.696917] [SUM]  0.0-120.7 sec  1858 datagrams received out-of-order
[2024-05-27 18:43:59.696986] [  5]   0.00-120.00 sec  2.29 GBytes   164 Mbits/sec  0.398 ms  3629748/5383568 (67%)  receiver
[2024-05-27 18:43:59.697052] 
[2024-05-27 18:43:59.697117] iperf Done.
End time: 1716849839715
