Start time: 1716833285666
[2024-05-27 14:08:06.500457] nuttcp-r: v8.1.4: socket
[2024-05-27 14:08:06.501308] nuttcp-r: buflen=65536, nstream=1, port=5001 tcp
[2024-05-27 14:08:06.501391] nuttcp-r: interval reporting every 0.50 seconds
[2024-05-27 14:08:06.501457] nuttcp-r: connect to 35.245.244.238 with RTT=56.554 ms af=inet
[2024-05-27 14:08:06.501520] nuttcp-r: send window size = 1048576, receive window size = 4194304
[2024-05-27 14:08:06.501580] nuttcp-r: available send window = 786432, available receive window = 3145728
[2024-05-27 14:08:06.501728]     0.4375 MB /   0.50 sec =    7.3242 Mbps     0 retrans     13 KB-cwnd
[2024-05-27 14:08:06.999459]     2.3750 MB /   0.50 sec =   39.9307 Mbps     0 retrans     13 KB-cwnd
[2024-05-27 14:08:07.499375]     3.1250 MB /   0.50 sec =   52.4259 Mbps     0 retrans     13 KB-cwnd
[2024-05-27 14:08:07.999349]     2.5625 MB /   0.50 sec =   42.9852 Mbps     0 retrans     13 KB-cwnd
[2024-05-27 14:08:08.499319]     2.0000 MB /   0.50 sec =   33.5605 Mbps     0 retrans     13 KB-cwnd
[2024-05-27 14:08:08.999411]     2.0625 MB /   0.50 sec =   34.6004 Mbps     0 retrans     13 KB-cwnd
[2024-05-27 14:08:09.499265]     2.6250 MB /   0.50 sec =   44.0431 Mbps     0 retrans     13 KB-cwnd
[2024-05-27 14:08:09.999766]     2.1875 MB /   0.50 sec =   36.6744 Mbps     0 retrans     13 KB-cwnd
[2024-05-27 14:08:10.499264]     3.1875 MB /   0.50 sec =   53.5162 Mbps     0 retrans     13 KB-cwnd
[2024-05-27 14:08:10.999758]     3.1250 MB /   0.50 sec =   52.4241 Mbps     0 retrans     13 KB-cwnd
[2024-05-27 14:08:11.499258]     3.0625 MB /   0.50 sec =   51.3829 Mbps     0 retrans     13 KB-cwnd
[2024-05-27 14:08:11.999266]     3.5625 MB /   0.50 sec =   59.7691 Mbps     0 retrans     13 KB-cwnd
[2024-05-27 14:08:12.499351]     3.5000 MB /   0.50 sec =   58.7188 Mbps     0 retrans     13 KB-cwnd
[2024-05-27 14:08:12.999345]     4.1875 MB /   0.50 sec =   70.2521 Mbps     0 retrans     13 KB-cwnd
[2024-05-27 14:08:13.499246]     4.3125 MB /   0.50 sec =   72.3590 Mbps     0 retrans     13 KB-cwnd
[2024-05-27 14:08:13.999364]     3.8125 MB /   0.50 sec =   63.9565 Mbps     0 retrans     13 KB-cwnd
[2024-05-27 14:08:14.499243]     4.3750 MB /   0.50 sec =   73.4062 Mbps     0 retrans     13 KB-cwnd
[2024-05-27 14:08:14.999243]     5.1250 MB /   0.50 sec =   85.9841 Mbps     0 retrans     13 KB-cwnd
[2024-05-27 14:08:15.499295]     5.3125 MB /   0.50 sec =   89.1268 Mbps     0 retrans     13 KB-cwnd
[2024-05-27 14:08:15.999334]     4.0000 MB /   0.50 sec =   67.1052 Mbps     0 retrans     13 KB-cwnd
[2024-05-27 14:08:16.499291]     4.6875 MB /   0.50 sec =   78.6473 Mbps     0 retrans     13 KB-cwnd
[2024-05-27 14:08:16.999417]     5.0625 MB /   0.50 sec =   84.9175 Mbps     0 retrans     13 KB-cwnd
[2024-05-27 14:08:17.499245]     4.8750 MB /   0.50 sec =   81.8073 Mbps     0 retrans     13 KB-cwnd
[2024-05-27 14:08:17.999536]     4.7500 MB /   0.50 sec =   79.6864 Mbps     0 retrans     13 KB-cwnd
[2024-05-27 14:08:18.499275]     3.8125 MB /   0.50 sec =   63.9653 Mbps     0 retrans     13 KB-cwnd
[2024-05-27 14:08:18.999265]     3.3750 MB /   0.50 sec =   56.6230 Mbps     0 retrans     13 KB-cwnd
[2024-05-27 14:08:19.499268]     3.0625 MB /   0.50 sec =   51.3809 Mbps     0 retrans     13 KB-cwnd
[2024-05-27 14:08:19.999345]     3.3750 MB /   0.50 sec =   56.6188 Mbps     0 retrans     13 KB-cwnd
[2024-05-27 14:08:20.499297]     2.5000 MB /   0.50 sec =   41.9454 Mbps     0 retrans     13 KB-cwnd
[2024-05-27 14:08:20.999265]     2.8125 MB /   0.50 sec =   47.1855 Mbps     0 retrans     13 KB-cwnd
[2024-05-27 14:08:21.499324]     2.4375 MB /   0.50 sec =   40.8923 Mbps     0 retrans     13 KB-cwnd
[2024-05-27 14:08:21.999259]     1.9375 MB /   0.50 sec =   32.5085 Mbps     0 retrans     13 KB-cwnd
[2024-05-27 14:08:22.499383]     2.0625 MB /   0.50 sec =   34.6036 Mbps     0 retrans     13 KB-cwnd
[2024-05-27 14:08:22.999415]     0.5625 MB /   0.50 sec =    9.4359 Mbps     0 retrans     13 KB-cwnd
[2024-05-27 14:08:23.499299]     1.1250 MB /   0.50 sec =   18.8760 Mbps     0 retrans     13 KB-cwnd
[2024-05-27 14:08:23.999280]     1.0625 MB /   0.50 sec =   17.8261 Mbps     0 retrans     13 KB-cwnd
[2024-05-27 14:08:24.499267]     0.6875 MB /   0.50 sec =   11.5345 Mbps     0 retrans     13 KB-cwnd
[2024-05-27 14:08:24.999302]     0.1875 MB /   0.50 sec =    3.1457 Mbps     0 retrans     13 KB-cwnd
[2024-05-27 14:08:25.499378]     0.8125 MB /   0.50 sec =   13.6320 Mbps     0 retrans     13 KB-cwnd
[2024-05-27 14:08:25.999373]     0.8750 MB /   0.50 sec =   14.6797 Mbps     0 retrans     13 KB-cwnd
[2024-05-27 14:08:26.499247]     1.3750 MB /   0.50 sec =   23.0694 Mbps     0 retrans     13 KB-cwnd
[2024-05-27 14:08:26.999264]     1.7500 MB /   0.50 sec =   29.3597 Mbps     0 retrans     13 KB-cwnd
[2024-05-27 14:08:27.499271]     1.8750 MB /   0.50 sec =   31.4578 Mbps     0 retrans     13 KB-cwnd
[2024-05-27 14:08:27.999353]     1.8750 MB /   0.50 sec =   31.4554 Mbps     0 retrans     13 KB-cwnd
[2024-05-27 14:08:28.499275]     2.6875 MB /   0.50 sec =   45.0919 Mbps     0 retrans     13 KB-cwnd
[2024-05-27 14:08:28.999479]     2.4375 MB /   0.50 sec =   40.8867 Mbps     0 retrans     13 KB-cwnd
[2024-05-27 14:08:29.499343]     3.3125 MB /   0.50 sec =   55.5779 Mbps     0 retrans     13 KB-cwnd
[2024-05-27 14:08:29.999332]     3.6875 MB /   0.50 sec =   61.8676 Mbps     0 retrans     13 KB-cwnd
[2024-05-27 14:08:30.499229]     4.1250 MB /   0.50 sec =   69.2136 Mbps     0 retrans     13 KB-cwnd
[2024-05-27 14:08:30.999393]     4.1250 MB /   0.50 sec =   69.1973 Mbps     0 retrans     13 KB-cwnd
[2024-05-27 14:08:31.499273]     4.6250 MB /   0.50 sec =   77.6036 Mbps     0 retrans     16 KB-cwnd
[2024-05-27 14:08:31.999335]     4.6250 MB /   0.50 sec =   77.5917 Mbps     0 retrans     16 KB-cwnd
[2024-05-27 14:08:32.499397]     4.4375 MB /   0.50 sec =   74.4459 Mbps     0 retrans     16 KB-cwnd
[2024-05-27 14:08:32.999645]     5.1875 MB /   0.50 sec =   87.0288 Mbps     0 retrans     16 KB-cwnd
[2024-05-27 14:08:33.499299]     5.5000 MB /   0.50 sec =   92.2780 Mbps     0 retrans     16 KB-cwnd
[2024-05-27 14:08:33.999269]     5.1250 MB /   0.50 sec =   85.9889 Mbps     0 retrans     16 KB-cwnd
[2024-05-27 14:08:34.499262]     4.5000 MB /   0.50 sec =   75.4984 Mbps     0 retrans     22 KB-cwnd
[2024-05-27 14:08:34.999249]     5.0625 MB /   0.50 sec =   84.9314 Mbps     0 retrans     26 KB-cwnd
[2024-05-27 14:08:35.499286]     3.3125 MB /   0.50 sec =   55.5744 Mbps     0 retrans     26 KB-cwnd
[2024-05-27 14:08:35.999247]     4.5000 MB /   0.50 sec =   75.5009 Mbps     0 retrans     26 KB-cwnd
[2024-05-27 14:08:36.499349]     4.6875 MB /   0.50 sec =   78.6393 Mbps     0 retrans     26 KB-cwnd
[2024-05-27 14:08:36.999479]     5.5625 MB /   0.50 sec =   93.3014 Mbps     0 retrans     26 KB-cwnd
[2024-05-27 14:08:37.499375]     5.8750 MB /   0.50 sec =   98.5857 Mbps     0 retrans     26 KB-cwnd
[2024-05-27 14:08:37.999433]     5.8125 MB /   0.50 sec =   97.5105 Mbps     0 retrans     26 KB-cwnd
[2024-05-27 14:08:38.499318]     5.1875 MB /   0.50 sec =   87.0403 Mbps     0 retrans     26 KB-cwnd
[2024-05-27 14:08:38.999411]     5.0625 MB /   0.50 sec =   84.9285 Mbps     0 retrans     26 KB-cwnd
[2024-05-27 14:08:39.499337]     5.7500 MB /   0.50 sec =   96.4713 Mbps     0 retrans     26 KB-cwnd
[2024-05-27 14:08:39.999237]     5.5000 MB /   0.50 sec =   92.2841 Mbps     0 retrans     26 KB-cwnd
[2024-05-27 14:08:40.499252]     3.8125 MB /   0.50 sec =   63.9622 Mbps     0 retrans     26 KB-cwnd
[2024-05-27 14:08:41.002258]     3.8125 MB /   0.50 sec =   63.9570 Mbps     0 retrans     26 KB-cwnd
[2024-05-27 14:08:41.499309]     6.2500 MB /   0.50 sec =  104.8643 Mbps     0 retrans     26 KB-cwnd
[2024-05-27 14:08:41.999364]     5.6875 MB /   0.50 sec =   95.4206 Mbps     0 retrans     26 KB-cwnd
[2024-05-27 14:08:42.499289]     7.3750 MB /   0.50 sec =  123.7310 Mbps     0 retrans     26 KB-cwnd
[2024-05-27 14:08:42.999449]     6.0000 MB /   0.50 sec =  100.6500 Mbps     0 retrans     26 KB-cwnd
[2024-05-27 14:08:43.499255]     7.2500 MB /   0.50 sec =  121.6577 Mbps     0 retrans     26 KB-cwnd
[2024-05-27 14:08:43.999637]     8.3750 MB /   0.50 sec =  140.4923 Mbps     0 retrans     26 KB-cwnd
[2024-05-27 14:08:44.499310]     6.5000 MB /   0.50 sec =  109.0606 Mbps     0 retrans     26 KB-cwnd
[2024-05-27 14:08:44.999466]     6.5625 MB /   0.50 sec =  110.0774 Mbps     0 retrans     26 KB-cwnd
[2024-05-27 14:08:45.499310]     4.9375 MB /   0.50 sec =   82.8523 Mbps     0 retrans     29 KB-cwnd
[2024-05-27 14:08:45.999237]     2.8125 MB /   0.50 sec =   47.1891 Mbps     0 retrans     29 KB-cwnd
[2024-05-27 14:08:46.499395]     2.7500 MB /   0.50 sec =   46.1282 Mbps     0 retrans     29 KB-cwnd
[2024-05-27 14:08:46.999784]     3.1250 MB /   0.50 sec =   52.4358 Mbps     0 retrans     29 KB-cwnd
[2024-05-27 14:08:47.499405]     3.4375 MB /   0.50 sec =   57.6683 Mbps     0 retrans     29 KB-cwnd
[2024-05-27 14:08:47.999359]     4.6250 MB /   0.50 sec =   77.5974 Mbps     0 retrans     29 KB-cwnd
[2024-05-27 14:08:48.499328]     4.6250 MB /   0.50 sec =   77.5942 Mbps     0 retrans     29 KB-cwnd
[2024-05-27 14:08:48.999282]     5.4375 MB /   0.50 sec =   91.2312 Mbps     0 retrans     29 KB-cwnd
[2024-05-27 14:08:49.499272]     6.5000 MB /   0.50 sec =  109.0502 Mbps     0 retrans     32 KB-cwnd
[2024-05-27 14:08:49.999438]     7.5000 MB /   0.50 sec =  125.8269 Mbps     0 retrans     32 KB-cwnd
[2024-05-27 14:08:50.499290]     7.0000 MB /   0.50 sec =  117.4438 Mbps     0 retrans     33 KB-cwnd
[2024-05-27 14:08:50.999489]     4.1875 MB /   0.50 sec =   70.2348 Mbps     0 retrans     33 KB-cwnd
[2024-05-27 14:08:51.499375]     6.3125 MB /   0.50 sec =  105.9360 Mbps     0 retrans     33 KB-cwnd
[2024-05-27 14:08:51.999373]     6.6250 MB /   0.50 sec =  111.1528 Mbps     0 retrans     33 KB-cwnd
[2024-05-27 14:08:52.499289]     4.1250 MB /   0.50 sec =   69.2028 Mbps     0 retrans     33 KB-cwnd
[2024-05-27 14:08:52.999555]     5.8750 MB /   0.50 sec =   98.5321 Mbps     0 retrans     33 KB-cwnd
[2024-05-27 14:08:53.499304]     6.8125 MB /   0.50 sec =  114.3327 Mbps     0 retrans     33 KB-cwnd
[2024-05-27 14:08:53.999304]     7.3125 MB /   0.50 sec =  122.6854 Mbps     0 retrans     44 KB-cwnd
[2024-05-27 14:08:54.499290]     7.7500 MB /   0.50 sec =  130.0263 Mbps     0 retrans     44 KB-cwnd
[2024-05-27 14:08:54.999337]     7.7500 MB /   0.50 sec =  130.0216 Mbps     0 retrans     53 KB-cwnd
[2024-05-27 14:08:55.499251]     6.1250 MB /   0.50 sec =  102.7617 Mbps     0 retrans     53 KB-cwnd
[2024-05-27 14:08:55.999439]     6.5000 MB /   0.50 sec =  109.0395 Mbps     0 retrans   1042 KB-cwnd
[2024-05-27 14:08:56.499337]     5.9375 MB /   0.50 sec =   99.6221 Mbps     0 retrans   1042 KB-cwnd
[2024-05-27 14:08:56.999637]     6.8125 MB /   0.50 sec =  114.2758 Mbps     0 retrans   1042 KB-cwnd
[2024-05-27 14:08:57.499382]     6.6250 MB /   0.50 sec =  111.1671 Mbps     0 retrans   1042 KB-cwnd
[2024-05-27 14:08:57.999477]     5.5000 MB /   0.50 sec =   92.2693 Mbps     0 retrans   1042 KB-cwnd
[2024-05-27 14:08:58.499368]     4.2500 MB /   0.50 sec =   71.3043 Mbps     0 retrans   1042 KB-cwnd
[2024-05-27 14:08:58.999258]     3.0625 MB /   0.50 sec =   51.3853 Mbps     0 retrans   1042 KB-cwnd
[2024-05-27 14:08:59.499301]     4.8750 MB /   0.50 sec =   81.7878 Mbps     0 retrans   1042 KB-cwnd
[2024-05-27 14:08:59.999561]     4.3750 MB /   0.50 sec =   73.3845 Mbps     0 retrans   1042 KB-cwnd
[2024-05-27 14:09:00.499326]     3.6875 MB /   0.50 sec =   61.8765 Mbps     0 retrans   1042 KB-cwnd
[2024-05-27 14:09:00.999355]     3.1250 MB /   0.50 sec =   52.4280 Mbps     0 retrans   1042 KB-cwnd
[2024-05-27 14:09:01.499303]     5.0625 MB /   0.50 sec =   84.9355 Mbps     0 retrans   1042 KB-cwnd
[2024-05-27 14:09:01.999357]     6.4375 MB /   0.50 sec =  108.0038 Mbps     0 retrans   1042 KB-cwnd
[2024-05-27 14:09:02.499258]     5.6875 MB /   0.50 sec =   95.4282 Mbps     0 retrans   1042 KB-cwnd
[2024-05-27 14:09:02.999381]     6.5000 MB /   0.50 sec =  109.0456 Mbps     0 retrans   1042 KB-cwnd
[2024-05-27 14:09:03.499288]     6.1875 MB /   0.50 sec =  103.8126 Mbps     0 retrans   1042 KB-cwnd
[2024-05-27 14:09:03.999825]     3.6250 MB /   0.50 sec =   60.8097 Mbps     0 retrans   1042 KB-cwnd
[2024-05-27 14:09:04.499416]     4.4375 MB /   0.50 sec =   74.4499 Mbps     0 retrans   1042 KB-cwnd
[2024-05-27 14:09:04.999311]     3.5625 MB /   0.50 sec =   59.7731 Mbps     0 retrans   1042 KB-cwnd
[2024-05-27 14:09:05.499309]     2.5625 MB /   0.50 sec =   42.9928 Mbps     0 retrans   1042 KB-cwnd
[2024-05-27 14:09:05.999286]     4.8750 MB /   0.50 sec =   81.7894 Mbps     0 retrans   1042 KB-cwnd
[2024-05-27 14:09:06.499383]     4.6875 MB /   0.50 sec =   78.6380 Mbps     0 retrans   1042 KB-cwnd
[2024-05-27 14:09:06.999573]     1.8125 MB /   0.50 sec =   30.4108 Mbps     0 retrans   1042 KB-cwnd
[2024-05-27 14:09:07.499384]     4.6250 MB /   0.50 sec =   77.5862 Mbps     0 retrans   1042 KB-cwnd
[2024-05-27 14:09:07.999763]     4.3750 MB /   0.50 sec =   73.3547 Mbps     0 retrans   1042 KB-cwnd
[2024-05-27 14:09:08.499278]     3.6875 MB /   0.50 sec =   61.9078 Mbps     0 retrans   1042 KB-cwnd
[2024-05-27 14:09:08.999252]     3.6250 MB /   0.50 sec =   60.8230 Mbps     0 retrans   1042 KB-cwnd
[2024-05-27 14:09:09.499301]     4.2500 MB /   0.50 sec =   71.3030 Mbps     0 retrans   1042 KB-cwnd
[2024-05-27 14:09:09.999365]     3.8750 MB /   0.50 sec =   65.0046 Mbps     0 retrans   1042 KB-cwnd
[2024-05-27 14:09:10.499344]     2.0625 MB /   0.50 sec =   34.6047 Mbps     0 retrans   1042 KB-cwnd
[2024-05-27 14:09:10.999280]     3.4375 MB /   0.50 sec =   57.6728 Mbps     0 retrans   1042 KB-cwnd
[2024-05-27 14:09:11.499413]     2.3750 MB /   0.50 sec =   39.8435 Mbps     0 retrans   1042 KB-cwnd
[2024-05-27 14:09:11.999398]     2.4375 MB /   0.50 sec =   40.8923 Mbps     0 retrans   1042 KB-cwnd
[2024-05-27 14:09:12.499395]     2.9375 MB /   0.50 sec =   49.2844 Mbps     0 retrans   2166 KB-cwnd
[2024-05-27 14:09:12.999319]     3.3750 MB /   0.50 sec =   56.6271 Mbps     0 retrans   2166 KB-cwnd
[2024-05-27 14:09:13.499261]     3.3125 MB /   0.50 sec =   55.5751 Mbps     0 retrans   2166 KB-cwnd
[2024-05-27 14:09:13.999410]     2.4375 MB /   0.50 sec =   40.8914 Mbps     0 retrans   2166 KB-cwnd
[2024-05-27 14:09:14.499253]     1.6875 MB /   0.50 sec =   28.3146 Mbps     0 retrans   2166 KB-cwnd
[2024-05-27 14:09:14.999265]     1.3750 MB /   0.50 sec =   23.0684 Mbps     0 retrans   2166 KB-cwnd
[2024-05-27 14:09:15.499386]     2.1875 MB /   0.50 sec =   36.6997 Mbps     0 retrans   2166 KB-cwnd
[2024-05-27 14:09:15.999380]     2.3750 MB /   0.50 sec =   39.8460 Mbps     0 retrans   2166 KB-cwnd
[2024-05-27 14:09:16.499245]     2.8125 MB /   0.50 sec =   47.1869 Mbps     0 retrans   2166 KB-cwnd
[2024-05-27 14:09:16.999217]     2.8125 MB /   0.50 sec =   47.1866 Mbps     0 retrans   2166 KB-cwnd
[2024-05-27 14:09:17.499441]     3.2500 MB /   0.50 sec =   54.5191 Mbps     0 retrans   2166 KB-cwnd
[2024-05-27 14:09:17.999833]     3.4375 MB /   0.50 sec =   57.6727 Mbps     0 retrans   2166 KB-cwnd
[2024-05-27 14:09:18.504081]     2.9375 MB /   0.50 sec =   48.8215 Mbps     0 retrans   2166 KB-cwnd
[2024-05-27 14:09:18.999237]     3.0000 MB /   0.50 sec =   50.8172 Mbps     0 retrans   2166 KB-cwnd
[2024-05-27 14:09:19.499390]     3.7500 MB /   0.50 sec =   62.9032 Mbps     0 retrans   2166 KB-cwnd
[2024-05-27 14:09:19.999438]     1.5625 MB /   0.50 sec =   26.2144 Mbps     0 retrans   2166 KB-cwnd
[2024-05-27 14:09:20.499224]     3.5000 MB /   0.50 sec =   58.7315 Mbps     0 retrans   2166 KB-cwnd
[2024-05-27 14:09:20.999472]     2.5000 MB /   0.50 sec =   41.9403 Mbps     0 retrans   2166 KB-cwnd
[2024-05-27 14:09:21.499344]     2.6875 MB /   0.50 sec =   45.0886 Mbps     0 retrans   2166 KB-cwnd
[2024-05-27 14:09:21.999372]     3.1250 MB /   0.50 sec =   52.4258 Mbps     0 retrans   2166 KB-cwnd
[2024-05-27 14:09:22.499218]     3.0000 MB /   0.50 sec =   50.3387 Mbps     0 retrans   2166 KB-cwnd
[2024-05-27 14:09:22.999476]     1.3750 MB /   0.50 sec =   23.0619 Mbps     0 retrans   2166 KB-cwnd
[2024-05-27 14:09:23.499337]     2.4375 MB /   0.50 sec =   40.9027 Mbps     0 retrans   2166 KB-cwnd
[2024-05-27 14:09:23.999225]     3.1250 MB /   0.50 sec =   52.4326 Mbps     0 retrans   2166 KB-cwnd
[2024-05-27 14:09:24.499373]     2.8750 MB /   0.50 sec =   48.2262 Mbps     0 retrans   2166 KB-cwnd
[2024-05-27 14:09:25.000512]     2.3750 MB /   0.50 sec =   39.7580 Mbps     0 retrans   2166 KB-cwnd
[2024-05-27 14:09:25.499257]     3.3125 MB /   0.50 sec =   55.7069 Mbps     0 retrans   2166 KB-cwnd
[2024-05-27 14:09:25.999300]     3.5000 MB /   0.50 sec =   58.7176 Mbps     0 retrans   2166 KB-cwnd
[2024-05-27 14:09:26.499489]     3.3750 MB /   0.50 sec =   56.6181 Mbps     0 retrans   2166 KB-cwnd
[2024-05-27 14:09:26.999371]     4.2500 MB /   0.50 sec =   71.3039 Mbps     0 retrans   2166 KB-cwnd
[2024-05-27 14:09:27.499245]     3.5000 MB /   0.50 sec =   58.7264 Mbps     0 retrans   2166 KB-cwnd
[2024-05-27 14:09:27.999424]     2.9375 MB /   0.50 sec =   49.2781 Mbps     0 retrans   2166 KB-cwnd
[2024-05-27 14:09:28.499262]     3.6875 MB /   0.50 sec =   61.8707 Mbps     0 retrans   2166 KB-cwnd
[2024-05-27 14:09:28.999258]     4.6250 MB /   0.50 sec =   77.5982 Mbps     0 retrans   2166 KB-cwnd
[2024-05-27 14:09:29.499341]     3.5000 MB /   0.50 sec =   58.7185 Mbps     0 retrans   2166 KB-cwnd
[2024-05-27 14:09:29.999316]     3.6875 MB /   0.50 sec =   61.8659 Mbps     0 retrans   2166 KB-cwnd
[2024-05-27 14:09:30.499346]     1.3125 MB /   0.50 sec =   22.0189 Mbps     0 retrans   2166 KB-cwnd
[2024-05-27 14:09:30.999403]     2.2500 MB /   0.50 sec =   37.7463 Mbps     0 retrans   2166 KB-cwnd
[2024-05-27 14:09:31.499285]     2.6875 MB /   0.50 sec =   45.0925 Mbps     0 retrans   2166 KB-cwnd
[2024-05-27 14:09:31.999391]     1.9375 MB /   0.50 sec =   32.5025 Mbps     0 retrans   2166 KB-cwnd
[2024-05-27 14:09:32.499279]     1.5000 MB /   0.50 sec =   25.1699 Mbps     0 retrans   2166 KB-cwnd
[2024-05-27 14:09:32.999388]     0.8750 MB /   0.50 sec =   14.6783 Mbps     0 retrans   2166 KB-cwnd
[2024-05-27 14:09:33.499248]     1.1875 MB /   0.50 sec =   19.9253 Mbps     0 retrans   2166 KB-cwnd
[2024-05-27 14:09:33.999440]     1.3750 MB /   0.50 sec =   23.0640 Mbps     0 retrans   2166 KB-cwnd
[2024-05-27 14:09:34.499346]     2.8750 MB /   0.50 sec =   48.2384 Mbps     0 retrans   2166 KB-cwnd
[2024-05-27 14:09:34.999384]     1.6250 MB /   0.50 sec =   27.2628 Mbps     0 retrans   2166 KB-cwnd
[2024-05-27 14:09:35.499292]     1.3750 MB /   0.50 sec =   23.0710 Mbps     0 retrans   2166 KB-cwnd
[2024-05-27 14:09:35.999398]     2.0625 MB /   0.50 sec =   34.5988 Mbps     0 retrans   2166 KB-cwnd
[2024-05-27 14:09:36.499382]     2.9375 MB /   0.50 sec =   49.2893 Mbps     0 retrans   2166 KB-cwnd
[2024-05-27 14:09:36.999313]     1.6875 MB /   0.50 sec =   28.3088 Mbps     0 retrans   2166 KB-cwnd
[2024-05-27 14:09:37.499348]     1.1875 MB /   0.50 sec =   19.9232 Mbps     0 retrans   2166 KB-cwnd
[2024-05-27 14:09:37.999340]     2.1875 MB /   0.50 sec =   36.7018 Mbps     0 retrans   2166 KB-cwnd
[2024-05-27 14:09:38.499349]     2.0000 MB /   0.50 sec =   33.5540 Mbps     0 retrans   2166 KB-cwnd
[2024-05-27 14:09:38.999384]     2.0625 MB /   0.50 sec =   34.6039 Mbps     0 retrans   2166 KB-cwnd
[2024-05-27 14:09:39.499271]     2.0625 MB /   0.50 sec =   34.6055 Mbps     0 retrans   2166 KB-cwnd
[2024-05-27 14:09:39.999509]     1.0000 MB /   0.50 sec =   16.7730 Mbps     0 retrans   2166 KB-cwnd
[2024-05-27 14:09:40.499352]     1.8750 MB /   0.50 sec =   31.4635 Mbps     0 retrans   2139 KB-cwnd
[2024-05-27 14:09:40.999271]     1.2500 MB /   0.50 sec =   20.9712 Mbps     0 retrans   2139 KB-cwnd
[2024-05-27 14:09:41.499372]     1.1250 MB /   0.50 sec =   18.8726 Mbps     0 retrans   2139 KB-cwnd
[2024-05-27 14:09:41.999283]     2.7500 MB /   0.50 sec =   46.1424 Mbps     0 retrans   2139 KB-cwnd
[2024-05-27 14:09:42.499359]     2.0000 MB /   0.50 sec =   33.5534 Mbps     0 retrans   2139 KB-cwnd
[2024-05-27 14:09:42.999235]     1.7500 MB /   0.50 sec =   29.3621 Mbps     0 retrans   2139 KB-cwnd
[2024-05-27 14:09:43.499326]     1.8750 MB /   0.50 sec =   31.4554 Mbps     0 retrans   2139 KB-cwnd
[2024-05-27 14:09:43.999382]     2.0000 MB /   0.50 sec =   33.5517 Mbps     0 retrans   2139 KB-cwnd
[2024-05-27 14:09:44.499405]     0.8125 MB /   0.50 sec =   13.6312 Mbps     0 retrans   2139 KB-cwnd
[2024-05-27 14:09:44.999293]     1.9375 MB /   0.50 sec =   32.5089 Mbps     0 retrans   2139 KB-cwnd
[2024-05-27 14:09:45.499386]     0.8750 MB /   0.50 sec =   14.6773 Mbps     0 retrans   2139 KB-cwnd
[2024-05-27 14:09:45.999378]     0.9375 MB /   0.50 sec =   15.7310 Mbps     0 retrans   2139 KB-cwnd
[2024-05-27 14:09:46.499959]     1.1250 MB /   0.50 sec =   18.8658 Mbps     0 retrans   2139 KB-cwnd
[2024-05-27 14:09:46.999354]     0.5000 MB /   0.50 sec =    8.3925 Mbps     0 retrans   2139 KB-cwnd
[2024-05-27 14:09:47.499318]     0.1875 MB /   0.50 sec =    3.1459 Mbps     0 retrans   2139 KB-cwnd
[2024-05-27 14:09:47.999421]     0.6250 MB /   0.50 sec =   10.4846 Mbps     0 retrans   2139 KB-cwnd
[2024-05-27 14:09:48.499882]     0.5000 MB /   0.50 sec =    8.3875 Mbps     0 retrans   2139 KB-cwnd
[2024-05-27 14:09:48.999257]     0.4375 MB /   0.50 sec =    7.3420 Mbps     0 retrans   2139 KB-cwnd
[2024-05-27 14:09:49.499261]     0.2500 MB /   0.50 sec =    4.1942 Mbps     0 retrans   2139 KB-cwnd
[2024-05-27 14:09:49.999443]     1.0625 MB /   0.50 sec =   17.8234 Mbps     0 retrans   2139 KB-cwnd
[2024-05-27 14:09:50.499477]     1.2500 MB /   0.50 sec =   20.9718 Mbps     0 retrans   2139 KB-cwnd
[2024-05-27 14:09:50.999590]     1.3125 MB /   0.50 sec =   22.0200 Mbps     0 retrans   2139 KB-cwnd
[2024-05-27 14:09:51.499453]     1.6875 MB /   0.50 sec =   28.3106 Mbps     0 retrans   2139 KB-cwnd
[2024-05-27 14:09:51.999371]     1.8125 MB /   0.50 sec =   30.4117 Mbps     0 retrans   2139 KB-cwnd
[2024-05-27 14:09:52.499276]     1.9375 MB /   0.50 sec =   32.5081 Mbps     0 retrans   2139 KB-cwnd
[2024-05-27 14:09:52.999443]     2.9375 MB /   0.50 sec =   49.2801 Mbps     0 retrans   2139 KB-cwnd
[2024-05-27 14:09:53.499303]     3.3125 MB /   0.50 sec =   55.5783 Mbps     0 retrans   2139 KB-cwnd
[2024-05-27 14:09:53.999381]     3.0000 MB /   0.50 sec =   50.3274 Mbps     0 retrans   2139 KB-cwnd
[2024-05-27 14:09:54.499451]     2.3750 MB /   0.50 sec =   39.8430 Mbps     0 retrans   2139 KB-cwnd
[2024-05-27 14:09:54.999219]     2.8125 MB /   0.50 sec =   47.1953 Mbps     0 retrans   2139 KB-cwnd
[2024-05-27 14:09:55.499367]     2.1875 MB /   0.50 sec =   36.6966 Mbps     0 retrans   2139 KB-cwnd
[2024-05-27 14:09:55.999391]     1.8125 MB /   0.50 sec =   30.4076 Mbps     0 retrans   2139 KB-cwnd
[2024-05-27 14:09:56.499417]     2.8125 MB /   0.50 sec =   47.1821 Mbps     0 retrans   2139 KB-cwnd
[2024-05-27 14:09:56.999398]     2.6250 MB /   0.50 sec =   44.0457 Mbps     0 retrans   2139 KB-cwnd
[2024-05-27 14:09:57.499375]     3.0625 MB /   0.50 sec =   51.3782 Mbps     0 retrans   2139 KB-cwnd
[2024-05-27 14:09:57.999361]     4.5000 MB /   0.50 sec =   75.4993 Mbps     0 retrans   2139 KB-cwnd
[2024-05-27 14:09:58.499241]     4.6250 MB /   0.50 sec =   77.6019 Mbps     0 retrans   2139 KB-cwnd
[2024-05-27 14:09:58.999367]     5.6250 MB /   0.50 sec =   94.3637 Mbps     0 retrans   2139 KB-cwnd
[2024-05-27 14:09:59.499419]     5.8750 MB /   0.50 sec =   98.5577 Mbps     0 retrans   2139 KB-cwnd
[2024-05-27 14:09:59.999312]     6.6250 MB /   0.50 sec =  111.1655 Mbps     0 retrans   2139 KB-cwnd
[2024-05-27 14:10:00.499576]     5.1875 MB /   0.50 sec =   86.9967 Mbps     0 retrans   1940 KB-cwnd
[2024-05-27 14:10:00.999370]     1.7500 MB /   0.50 sec =   29.3692 Mbps     0 retrans   1940 KB-cwnd
[2024-05-27 14:10:01.499401]     4.5000 MB /   0.50 sec =   75.4997 Mbps     0 retrans   1940 KB-cwnd
[2024-05-27 14:10:01.999290]     6.5000 MB /   0.50 sec =  109.0543 Mbps     0 retrans   1940 KB-cwnd
[2024-05-27 14:10:02.499510]     3.6250 MB /   0.50 sec =   60.8150 Mbps     0 retrans   1940 KB-cwnd
[2024-05-27 14:10:02.999464]     5.4375 MB /   0.50 sec =   91.2179 Mbps     0 retrans   1940 KB-cwnd
[2024-05-27 14:10:03.499296]     4.4375 MB /   0.50 sec =   74.4554 Mbps     0 retrans   1940 KB-cwnd
[2024-05-27 14:10:03.999369]     5.5625 MB /   0.50 sec =   93.3229 Mbps     0 retrans   1940 KB-cwnd
[2024-05-27 14:10:04.499292]     5.3750 MB /   0.50 sec =   90.1802 Mbps     0 retrans   1940 KB-cwnd
[2024-05-27 14:10:04.999327]     5.1250 MB /   0.50 sec =   85.9827 Mbps     0 retrans   1940 KB-cwnd
[2024-05-27 14:10:05.499412]     3.8750 MB /   0.50 sec =   65.0061 Mbps     0 retrans   1940 KB-cwnd
[2024-05-27 14:10:05.999488]     3.3750 MB /   0.50 sec =   56.6264 Mbps     0 retrans   1940 KB-cwnd
[2024-05-27 14:10:06.499590]     3.5625 MB /   0.50 sec =   59.7565 Mbps     0 retrans   1292 KB-cwnd
[2024-05-27 14:10:06.999306]     2.8125 MB /   0.50 sec =   47.1991 Mbps     0 retrans   1292 KB-cwnd
[2024-05-27 14:10:07.499406]     1.0000 MB /   0.50 sec =   16.7752 Mbps     0 retrans   1292 KB-cwnd
[2024-05-27 14:10:07.999278]     0.4375 MB /   0.50 sec =    7.3410 Mbps     0 retrans   1292 KB-cwnd
[2024-05-27 14:10:08.499471]     0.4375 MB /   0.50 sec =    7.3383 Mbps     0 retrans   1292 KB-cwnd
[2024-05-27 14:10:08.999933]     2.1875 MB /   0.50 sec =   36.7059 Mbps     0 retrans   1292 KB-cwnd
[2024-05-27 14:10:09.499455]     4.3750 MB /   0.50 sec =   73.3987 Mbps     0 retrans   1292 KB-cwnd
[2024-05-27 14:10:09.999306]     4.1250 MB /   0.50 sec =   69.2104 Mbps     0 retrans   1292 KB-cwnd
[2024-05-27 14:10:10.499408]     5.0000 MB /   0.50 sec =   83.8785 Mbps     0 retrans   1292 KB-cwnd
[2024-05-27 14:10:10.999281]     5.7500 MB /   0.50 sec =   96.4823 Mbps     0 retrans   1292 KB-cwnd
[2024-05-27 14:10:11.499252]     6.0000 MB /   0.50 sec =  100.6659 Mbps     0 retrans   1292 KB-cwnd
[2024-05-27 14:10:11.999428]     8.2500 MB /   0.50 sec =  138.3974 Mbps     0 retrans   1292 KB-cwnd
[2024-05-27 14:10:12.499470]     9.6250 MB /   0.50 sec =  161.4901 Mbps     0 retrans   1292 KB-cwnd
[2024-05-27 14:10:12.999451]    10.0625 MB /   0.50 sec =  168.7748 Mbps     0 retrans   1292 KB-cwnd
[2024-05-27 14:10:13.499341]    12.6250 MB /   0.50 sec =  211.8624 Mbps     0 retrans   1292 KB-cwnd
[2024-05-27 14:10:13.999244]    14.2500 MB /   0.50 sec =  239.0916 Mbps     0 retrans   1292 KB-cwnd
[2024-05-27 14:10:14.499464]    16.8125 MB /   0.50 sec =  282.0416 Mbps     0 retrans   1292 KB-cwnd
[2024-05-27 14:10:14.999311]    17.7500 MB /   0.50 sec =  297.8164 Mbps     0 retrans   1292 KB-cwnd
[2024-05-27 14:10:15.499367]    17.5625 MB /   0.50 sec =  294.6499 Mbps     0 retrans    903 KB-cwnd
[2024-05-27 14:10:15.999255]    20.9375 MB /   0.50 sec =  351.2765 Mbps     0 retrans    903 KB-cwnd
[2024-05-27 14:10:16.499336]    17.3750 MB /   0.50 sec =  291.4948 Mbps     0 retrans    903 KB-cwnd
[2024-05-27 14:10:16.999356]    25.2500 MB /   0.50 sec =  423.6171 Mbps     0 retrans    903 KB-cwnd
[2024-05-27 14:10:17.499573]    22.3750 MB /   0.50 sec =  375.3992 Mbps     0 retrans    903 KB-cwnd
[2024-05-27 14:10:17.999438]    26.6875 MB /   0.50 sec =  447.6587 Mbps     0 retrans    903 KB-cwnd
[2024-05-27 14:10:18.491605] nuttcp-r: 1119.8765 MB in 132.49 real seconds = 8655.62 KB/sec = 70.9068 Mbps
[2024-05-27 14:10:18.491797] nuttcp-r: 136209 I/O calls, msec/call = 1.00, calls/sec = 1028.10
[2024-05-27 14:10:18.491840] nuttcp-r: 0.1user 5.1sys 2:12real 3% 0i+0d 1266maxrss 0+1pf 81595+70csw
[2024-05-27 14:10:18.491865] 
[2024-05-27 14:10:18.491888] nuttcp-t: v8.1.4: socket
[2024-05-27 14:10:18.491931] nuttcp-t: buflen=65536, nstream=1, port=5001 tcp -> 174.224.175.245
[2024-05-27 14:10:18.491953] nuttcp-t: time limit = 120.00 seconds
[2024-05-27 14:10:18.491976] nuttcp-t: accept from 174.224.175.245 with mss=1376, af=inet
[2024-05-27 14:10:18.491998] nuttcp-t: send window size = 450000000, receive window size = 450000000
[2024-05-27 14:10:18.492077] nuttcp-t: available send window = 225000000, available receive window = 225000000
[2024-05-27 14:10:18.492135] nuttcp-t: initial congestion window = 13 KB (10 packets)
[2024-05-27 14:10:18.492193] nuttcp-t: 1119.8765 MB in 120.00 real seconds = 9556.27 KB/sec = 78.2850 Mbps
[2024-05-27 14:10:18.492252] nuttcp-t: retrans = 0 cwnd = 8041 KB
[2024-05-27 14:10:18.492310] nuttcp-t: 17919 I/O calls, msec/call = 6.86, calls/sec = 149.32
[2024-05-27 14:10:18.492332] nuttcp-t: 0.0user 0.3sys 2:00real 0% 0i+0d 94maxrss 0+0pf 6+1csw
End time: 1716833418505
