Start time: 1716944771113
{
  "id": "0",
  "status": null,
  "apiVersion": "17",
  "dishGetHistory": {
    "current": "5853",
    "popPingDropRate": [
      0,
      0,
      0,
      0,
      0,
      0.0625,
      0.055555556,
      0,
      0,
      0,
      0,
      0,
      0,
      0,
      0,
      0,
      0,
      0,
      0,
      0,
      0,
      0,
      0,
      0,
      0,
      0,
      0,
      0,
      0,
      0,
      0,
      0,
      0,
      0,
      0,
      0,
      0,
      0,
      0,
      0,
      0,
      0,
      0,
      0,
      0,
      0,
      0,
      0,
      0,
      0,
      0.06666667,
      0.055555556,
      0,
      0,
      0,
      0,
      0,
      0,
      0,
      0,
      0,
      0,
      0,
      0,
      0,
      0,
      0,
      0,
      0,
      0,
      0,
      0,
      0,
      0,
      0,
      0,
      0,
      0,
      0,
      0,
      0,
      0,
      0,
      0,
      0,
      0,
      0,
      0,
      0,
      0,
      0,
      0,
      0,
      0,
      0,
      0,
      0,
      0,
      0,
      0,
      0,
      0,
      0,
      0,
      0.125,
      0.25,
      0.26666668,
      0.071428575,
      0.14285715,
      0.3125,
      0.23529412,
      0.05882353,
      0,
      0,
      0,
      0,
      0,
      0,
      0,
      0,
      0,
      0,
      0,
      0,
      0,
      0,
      0,
      0,
      0,
      0,
      0,
      0,
      0,
      0,
      0,
      0,
      0,
      0,
      0,
      0,
      0,
      0,
      0,
      0,
      0,
      0,
      0,
      0,
      0,
      0,
      0,
      0,
      0,
      0,
      0,
      0,
      0,
      0,
      0,
      0,
      0,
      0.3125,
      0.6666667,
      0.35714287,
      0,
      0,
      0,
      0,
      0,
      0,
      0.14285715,
      0.0625,
      0,
      0,
      0,
      0,
      0,
      0,
      0,
      0,
      0,
      0,
      0,
      0,
      0,
      0,
      0,
      0,
      0.06666667,
      0.06666667,
      0,
      0,
      0,
      0,
      0,
      0,
      0,
      0,
      0,
      0,
      0,
      0,
      0.13333334,
      0.13333334,
      0,
      0,
      0,
      0,
      0,
      0,
      0,
      0,
      0,
      0,
      0,
      0.0625,
      0.2,
      0.14285715,
      0,
      0,
      0,
      0,
      0,
      0,
      0,
      0,
      0,
      0,
      0,
      0,
      0,
      0,
      0,
      0,
      0,
      0,
      0,
      0,
      0,
      0,
      0,
      0,
      0,
      0,
      0,
      0,
      0,
      0,
      0,
      0,
      0,
      0,
      0.33333334,
      0.53333336,
      0.2,
      0,
      0,
      0,
      0,
      0,
      0.071428575,
      0.06666667,
      0,
      0,
      0,
      0,
      0,
      0,
      0,
      0,
      0,
      0,
      0,
      0,
      0,
      0,
      0,
      0,
      0,
      0,
      0,
      0,
      0,
      0,
      0,
      0,
      0.06666667,
      0.13333334,
      0.071428575,
      0,
      0,
      0,
      0,
      0,
      0,
      0,
      0,
      0,
      0,
      0,
      0,
      0,
      0,
      0.3125,
      0.3125,
      0.11764706,
      0.11111111,
      0,
      0,
      0,
      0,
      0,
      0,
      0,
      0,
      0,
      0,
      0,
      0,
      0,
      0,
      0,
      0,
      0,
      0,
      0,
      0,
      0,
      0.0625,
      0.0625,
      0,
      0.0625,
      0.4375,
      0.4117647,
      0,
      0.1764706,
      0.1764706,
      0,
      0,
      0,
      0,
      0,
      0.0625,
      0.0625,
      0.0625,
      0.375,
      0.4,
      0,
      0,
      0,
      0.0625,
      0.0625,
      0,
      0,
      0.06666667,
      0.06666667,
      0,
      0,
      0,
      0,
      0,
      0,
      0,
      0,
      0.06666667,
      0.0625,
      0,
      0,
      0,
      0,
      0.11764706,
      0.1764706,
      0.0625,
      0.0625,
      0.0625,
      0,
      0,
      0.0625,
      0.0625,
      0,
      0.06666667,
      0.11764706,
      0.06666667,
      0,
      0,
      0,
      0,
      0,
      0,
      0.0625,
      0.05882353,
      0,
      0,
      0.1764706,
      0.4117647,
      0.6,
      0.13333334,
      0,
      0,
      0,
      0,
      0.06666667,
      0.0625,
      0.0625,
      0,
      0,
      0,
      0,
      0,
      0,
      0,
      0,
      0,
      0,
      0,
      0,
      0,
      0,
      0,
      0,
      0,
      0,
      0,
      0,
      0,
      0,
      0,
      0,
      0,
      0,
      0,
      0,
      0,
      0,
      0,
      0,
      0,
      0,
      0,
      0,
      0,
      0,
      0,
      0,
      0,
      0,
      0,
      0,
      0,
      0,
      0,
      0,
      0,
      0,
      0,
      0,
      0,
      0,
      0,
      0,
      0,
      0,
      0,
      0,
      0,
      0,
      0,
      0,
      0,
      0,
      0,
      0,
      0.4,
      0.4,
      0.46666667,
      0.5625,
      0.13333334,
      0,
      0,
      0,
      0,
      0,
      0,
      0,
      0,
      0.0625,
      0.125,
      0.0625,
      0,
      0,
      0,
      0,
      0,
      0,
      0.05882353,
      0.0625,
      0,
      0,
      0,
      0.06666667,
      0.05882353,
      0,
      0,
      0,
      0,
      0,
      0,
      0,
      0,
      0,
      0,
      0,
      0,
      0,
      0,
      0,
      0,
      0,
      0,
      0,
      0,
      0,
      0,
      0.0625,
      0.055555556,
      0,
      0,
      0,
      0,
      0,
      0,
      0,
      0,
      0,
      0.0625,
      0.05882353,
      0.05882353,
      0.0625,
      0.06666667,
      0.06666667,
      0,
      0,
      0,
      0,
      0,
      0.0625,
      0.06666667,
      0,
      0,
      0,
      0,
      0,
      0,
      0.06666667,
      0.0625,
      0,
      0,
      0,
      0,
      0,
      0,
      0,
      0.0625,
      0.0625,
      0,
      0,
      0,
      0.0625,
      0.05882353,
      0,
      0,
      0.05882353,
      0.05882353,
      0,
      0,
      0,
      0.06666667,
      0.0625,
      0,
      0,
      0,
      0,
      0.06666667,
      0.125,
      0.0625,
      0,
      0,
      0,
      0,
      0.0625,
      0.0625,
      0.05882353,
      0,
      0,
      0,
      0,
      0,
      0,
      0,
      0,
      0,
      0,
      0,
      0,
      0,
      0,
      0,
      0,
      0,
      0,
      0,
      0,
      0,
      0,
      0,
      0,
      0,
      0,
      0,
      0,
      0,
      0,
      0,
      0,
      0,
      0,
      0,
      0,
      0,
      0,
      0,
      0,
      0,
      0,
      0,
      0,
      0,
      0,
      0,
      0,
      0,
      0,
      0,
      0,
      0,
      0,
      0,
      0,
      0,
      0,
      0,
      0,
      0,
      0,
      0,
      0,
      0,
      0,
      0,
      0,
      0,
      0,
      0,
      0,
      0,
      0,
      0,
      0,
      0,
      0,
      0,
      0,
      0,
      0,
      0,
      0,
      0,
      0,
      0,
      0,
      0,
      0,
      0,
      0,
      0,
      0,
      0,
      0,
      0,
      0,
      0,
      0,
      0,
      0,
      0,
      0,
      0,
      0,
      0,
      0,
      0,
      0,
      0,
      0,
      0,
      0,
      0,
      0,
      0,
      0,
      0,
      0,
      0,
      0,
      0,
      0,
      0,
      0,
      0,
      0,
      0,
      0,
      0,
      0,
      0,
      0,
      0,
      0,
      0,
      0,
      0,
      0,
      0,
      0,
      0,
      0,
      0,
      0,
      0,
      0,
      0,
      0,
      0,
      0,
      0,
      0,
      0,
      0,
      0,
      0,
      0,
      0,
      0,
      0,
      0,
      0,
      0,
      0,
      0,
      0,
      0,
      0,
      0,
      0,
      0,
      0,
      0,
      0,
      0,
      0,
      0,
      0,
      0,
      0,
      0,
      0,
      0,
      0,
      0,
      0,
      0,
      0.2857143,
      0.25,
      0,
      0,
      0.0625,
      0.0625,
      0,
      0,
      0,
      0,
      0,
      0,
      0,
      0,
      0,
      0,
      0,
      0.0625,
      0,
      0,
      0,
      0,
      0,
      0,
      0,
      0,
      0,
      0,
      0,
      0,
      0,
      0,
      0,
      0,
      0,
      0,
      0,
      0,
      0,
      0,
      0,
      0,
      0,
      0,
      0,
      0,
      0,
      0,
      0,
      0,
      0.13333334,
      0.33333334,
      0.1875,
      0,
      0,
      0,
      0,
      0,
      0,
      0,
      0,
      0,
      0,
      0,
      0.06666667,
      0.06666667,
      0,
      0.071428575,
      0.2,
      0.125,
      0.0625,
      0.0625,
      0,
      0,
      0,
      0,
      0,
      0,
      0,
      0,
      0,
      0,
      0,
      0,
      0,
      0,
      0,
      0,
      0,
      0,
      0,
      0,
      0,
      0,
      0,
      0,
      0,
      0,
      0,
      0,
      0,
      0,
      0,
      0,
      0,
      0,
      0,
      0,
      0,
      0,
      0,
      0,
      0.25,
      0.5625,
      0.3125,
      0,
      0,
      0,
      0
    ],
    "popPingLatencyMs": [
      33.7982,
      35.3088,
      33.316624,
      35.08525,
      35.64629,
      32.23822,
      33.01794,
      32.30976,
      30.389666,
      30.827766,
      33.93381,
      33.158188,
      30.84125,
      30.271053,
      31.943686,
      33.2205,
      34.59406,
      33.761375,
      34.263664,
      35.98786,
      37.20362,
      38.102562,
      35.918373,
      37.236465,
      40.491814,
      41.665375,
      39.701378,
      38.422565,
      39.454937,
      41.77346,
      40.409054,
      40.365883,
      42.46694,
      45.156933,
      41.224,
      35.346188,
      34.731586,
      34.116997,
      35.601116,
      36.089867,
      36.165398,
      38.15769,
      39.139187,
      39.311333,
      39.964745,
      39.048267,
      37.7418,
      37.843136,
      33.270336,
      29.678589,
      27.255945,
      26.871237,
      26.379705,
      26.931166,
      28.154707,
      27.36053,
      27.56053,
      27.741056,
      26.777122,
      28.049625,
      27.397266,
      25.681747,
      26.542667,
      31.66983,
      32.372356,
      28.233414,
      27.900768,
      27.726236,
      28.335316,
      30.08019,
      29.188063,
      28.030647,
      28.311749,
      26.167498,
      27.904247,
      31.258312,
      28.91594,
      26.065937,
      29.16825,
      29.846998,
      28.886877,
      28.69925,
      28.691002,
      27.688814,
      28.054438,
      29.259312,
      28.997936,
      28.377752,
      29.006882,
      30.287766,
      29.243938,
      30.442688,
      31.607813,
      33.354588,
      34.31194,
      32.851746,
      31.046377,
      30.605999,
      30.995264,
      30.388865,
      30.573536,
      32.534187,
      34.98231,
      38.910416,
      36.211918,
      32.83643,
      30.799923,
      38.0299,
      34.147617,
      28.25147,
      28.436312,
      28.315,
      27.597128,
      26.15569,
      26.875502,
      29.825,
      29.865126,
      26.74565,
      28.956766,
      32.000885,
      31.57653,
      29.295376,
      28.355766,
      31.451939,
      34.425068,
      34.1115,
      34.825,
      34.1242,
      32.384933,
      33.940624,
      35.625374,
      33.16671,
      31.968298,
      33.93194,
      34.925064,
      33.892357,
      35.086647,
      35.638763,
      38.26694,
      37.10741,
      30.48919,
      27.672813,
      25.51494,
      25.384119,
      26.41594,
      26.989689,
      26.227312,
      28.326315,
      29.212936,
      27.086752,
      28.151562,
      30.813267,
      30.48019,
      28.850372,
      30.615126,
      31.222439,
      34.250313,
      35.124187,
      37.405266,
      37.959,
      40.16517,
      30.751749,
      29.448568,
      31.170929,
      31.823788,
      32.4204,
      32.116623,
      30.099375,
      35.61523,
      36.82777,
      32.581436,
      33.311604,
      32.315136,
      33.981735,
      37.857315,
      41.19979,
      35.615273,
      31.667648,
      30.59669,
      30.760126,
      30.300287,
      30.795269,
      31.570868,
      33.671,
      33.516666,
      31.10447,
      31.667145,
      31.460798,
      33.20946,
      35.589314,
      37.83,
      35.978874,
      34.127377,
      33.809883,
      34.27835,
      34.422497,
      33.232437,
      34.488937,
      39.343117,
      42.417816,
      43.12194,
      53.015995,
      49.229935,
      36.194935,
      38.020374,
      37.87353,
      38.298065,
      40.011,
      38.255173,
      37.925236,
      39.50388,
      40.829998,
      39.16218,
      40.770004,
      39.357456,
      32.09667,
      33.072426,
      35.1494,
      35.593716,
      33.54953,
      33.6705,
      34.698933,
      32.334568,
      32.59853,
      32.406933,
      35.87187,
      37.060436,
      35.3182,
      35.877712,
      35.349133,
      36.749268,
      35.606464,
      32.81,
      33.609356,
      32.441376,
      32.314335,
      34.0895,
      33.97753,
      34.268375,
      35.218372,
      35.52687,
      34.559563,
      35.015,
      39.649532,
      39.9955,
      36.0095,
      33.9468,
      36.803066,
      40.018066,
      36.564465,
      37.603004,
      42.315575,
      39.928543,
      40.5624,
      41.449665,
      40.895664,
      38.923363,
      37.481068,
      41.217216,
      42.24007,
      40.325626,
      39.906933,
      38.74253,
      39.770172,
      39.937943,
      38.301563,
      38.55646,
      39.47681,
      38.70818,
      38.109627,
      40.684532,
      41.354645,
      41.55357,
      41.377,
      37.48736,
      32.99825,
      31.700602,
      31.345934,
      31.080505,
      32.3167,
      30.844349,
      27.553646,
      31.054998,
      34.410213,
      32.997356,
      33.145153,
      34.479,
      33.09288,
      37.933132,
      41.105934,
      37.773,
      34.69893,
      32.616825,
      35.707687,
      36.6968,
      35.92625,
      35.73,
      34.595264,
      34.369198,
      36.12173,
      37.188732,
      36.832333,
      46.25133,
      44.9056,
      35.509937,
      36.166294,
      39.102505,
      35.727997,
      35.280334,
      34.792496,
      32.84869,
      33.279797,
      32.330185,
      34.83287,
      35.633335,
      33.93247,
      31.856333,
      32.432064,
      35.143692,
      32.48913,
      26.469732,
      26.163666,
      25.809942,
      27.390127,
      27.33469,
      27.419874,
      29.260628,
      29.079134,
      26.760061,
      25.816563,
      25.816563,
      66.734795,
      57.804256,
      41.472733,
      31.174,
      31.260645,
      31.711939,
      29.677935,
      27.092136,
      26.670134,
      29.1304,
      28.971668,
      28.418709,
      30.550198,
      33.219902,
      30.878061,
      27.608238,
      26.854527,
      27.329563,
      28.48431,
      29.032667,
      26.608686,
      27.438375,
      32.719357,
      31.335249,
      29.820587,
      28.6714,
      28.311811,
      28.223501,
      26.986887,
      27.659706,
      27.527874,
      27.238066,
      28.750734,
      30.545467,
      28.432667,
      27.452063,
      29.27325,
      29.310736,
      27.450071,
      29.213068,
      31.764732,
      28.884731,
      27.528126,
      28.181128,
      27.468185,
      26.713501,
      28.516499,
      30.795734,
      30.842068,
      32.235603,
      34.766735,
      32.418125,
      29.809372,
      27.753624,
      28.040625,
      29.1482,
      29.326468,
      29.654001,
      30.307707,
      28.595352,
      26.112883,
      26.305588,
      45.26744,
      42.021248,
      32.16044,
      31.358812,
      31.566626,
      34.119938,
      34.14053,
      35.566,
      32.76919,
      31.04731,
      34.485435,
      32.903877,
      28.9525,
      30.046501,
      30.944252,
      34.675312,
      35.425747,
      30.788586,
      30.426062,
      32.453312,
      34.02487,
      32.349533,
      32.021667,
      32.963707,
      32.04677,
      30.999132,
      32.084534,
      31.908627,
      32.010464,
      32.664597,
      32.785534,
      37.3858,
      38.763622,
      35.08037,
      33.50844,
      31.951561,
      33.718437,
      33.488174,
      32.340816,
      32.628403,
      30.644434,
      29.887886,
      30.833647,
      31.385527,
      29.89169,
      33.58531,
      35.79419,
      31.454124,
      28.154625,
      27.932934,
      27.952877,
      29.570131,
      29.805065,
      28.76694,
      29.434563,
      29.847935,
      30.684067,
      32.402626,
      31.337467,
      30.0732,
      32.406933,
      33.49136,
      36.009468,
      37.88093,
      38.297718,
      35.791,
      34.447266,
      34.55944,
      34.995876,
      35.154003,
      35.714134,
      36.475266,
      36.986397,
      38.2955,
      38.753353,
      37.790936,
      36.35031,
      36.05775,
      47.256332,
      49.432446,
      33.538857,
      29.23838,
      28.65587,
      29.182133,
      29.382294,
      32.553116,
      33.20941,
      31.13594,
      33.109337,
      33.33413,
      33.242,
      32.083332,
      30.091198,
      30.037823,
      32.768066,
      35.880863,
      33.673065,
      31.498857,
      32.26173,
      32.153934,
      36.042625,
      36.5465,
      34.52706,
      34.140266,
      32.898464,
      33.763817,
      30.188446,
      24.599646,
      23.969707,
      24.718351,
      27.607124,
      28.567312,
      27.181248,
      26.855124,
      27.003061,
      27.493706,
      26.773937,
      26.964588,
      28.097813,
      27.2812,
      29.885143,
      35.402927,
      38.429935,
      38.075264,
      36.398136,
      35.722073,
      38.78281,
      38.828175,
      36.37253,
      35.93253,
      35.556824,
      35.58347,
      36.147854,
      36.243534,
      35.053932,
      36.683067,
      35.151875,
      30.320127,
      29.864624,
      31.900936,
      31.714,
      30.66412,
      34.175003,
      33.984684,
      32.03414,
      33.19344,
      33.881233,
      31.903471,
      31.434797,
      32.455864,
      33.999355,
      35.017643,
      34.385185,
      34.858337,
      34.67,
      33.72369,
      34.710297,
      37.431564,
      37.14686,
      36.372604,
      39.00531,
      38.48275,
      35.486748,
      36.54975,
      35.60281,
      36.660812,
      37.275234,
      32.267563,
      28.638134,
      30.822872,
      32.14878,
      33.365234,
      33.832466,
      30.640934,
      30.719059,
      33.056473,
      32.90353,
      31.756878,
      31.860691,
      32.107437,
      35.045933,
      34.44619,
      31.102068,
      33.046265,
      34.22519,
      33.281532,
      33.599667,
      33.1135,
      31.499144,
      30.937939,
      32.137,
      34.207874,
      35.216,
      34.058376,
      32.29369,
      48.350685,
      44.66456,
      26.073502,
      25.945055,
      27.733875,
      27.832882,
      28.59871,
      28.615877,
      26.041435,
      26.054312,
      25.106186,
      25.66169,
      25.237,
      27.492535,
      28.73443,
      28.342602,
      33.507,
      36.849735,
      34.273754,
      29.688189,
      28.050737,
      28.409933,
      30.467337,
      30.587292,
      29.22788,
      29.19475,
      31.476812,
      31.639133,
      29.316437,
      28.014254,
      30.311815,
      33.812435,
      35.781563,
      34.565,
      31.84513,
      32.977203,
      32.423134,
      31.58481,
      32.1324,
      35.168,
      34.197998,
      30.681437,
      30.777563,
      31.153177,
      31.650124,
      30.902868,
      33.526333,
      32.8988,
      31.77475,
      35.561623,
      34.458874,
      31.865313,
      32.41006,
      32.56,
      33.508373,
      35.501373,
      34.816334,
      33.552265,
      33.255436,
      33.17681,
      32.64825,
      28.72394,
      28.460766,
      29.195248,
      27.761665,
      26.051,
      24.694185,
      26.425,
      26.843706,
      26.081566,
      28.420061,
      28.249126,
      25.753,
      25.73153,
      25.737825,
      32.482815,
      34.320564,
      30.510502,
      30.457874,
      31.038624,
      30.636002,
      33.02525,
      33.350067,
      31.456068,
      32.629185,
      31.273685,
      32.223938,
      34.01288,
      34.209667,
      34.6735,
      31.37369,
      27.133177,
      26.537312,
      28.43844,
      30.189564,
      28.718313,
      25.729294,
      25.484438,
      25.490587,
      25.710058,
      26.672117,
      26.140945,
      27.355766,
      28.435644,
      26.895626,
      28.445822,
      28.106003,
      28.291878,
      30.7515,
      29.703999,
      28.073534,
      28.3016,
      30.604126,
      30.38012,
      27.012884,
      26.766235,
      26.507002,
      29.944866,
      32.4448,
      29.179266,
      30.155813,
      31.438332,
      30.322859,
      30.42223,
      30.360266,
      31.09871,
      32.774685,
      33.43025,
      33.832188,
      33.26375,
      31.423874,
      34.779373,
      35.899334,
      33.9902,
      32.08375,
      31.328178,
      29.452438,
      26.46159,
      26.702625,
      27.506624,
      26.17738,
      27.659374,
      29.050869,
      30.161001,
      29.119873,
      28.925064,
      29.559374,
      27.814333,
      28.135801,
      30.249336,
      32.03869,
      29.82859,
      26.054377,
      26.760178,
      27.999588,
      28.68306,
      28.593374,
      29.833136,
      29.879564,
      29.322065,
      32.343246,
      30.14288,
      27.263176,
      27.780874,
      30.378357,
      37.9676,
      37.71906,
      30.124565,
      31.512293,
      36.10225,
      36.171524,
      35.553062,
      35.197998,
      33.7965,
      36.89682,
      41.03647,
      40.881123,
      43.50856,
      42.72433,
      36.40125,
      32.238163,
      27.048296,
      22.472563,
      22.69525,
      25.121937,
      26.875502,
      24.511766,
      22.75,
      24.215687,
      23.789124,
      24.66569,
      56.828457,
      73.01382,
      73.56194,
      66.94323,
      52.17187,
      36.995003,
      24.535936,
      24.222765,
      25.720352,
      26.158352,
      27.771414,
      26.76947,
      27.199812,
      30.852358,
      31.543642,
      31.867935,
      31.446,
      30.805935,
      29.907467,
      31.710564,
      35.884933,
      35.951073,
      34.6756,
      35.308563,
      36.314133,
      35.78444,
      35.824936,
      39.867355,
      40.092434,
      37.288933,
      36.258995,
      36.36844,
      39.447628,
      38.198,
      39.786434,
      38.525536,
      30.430332,
      29.8372,
      31.866562,
      31.422827,
      31.282936,
      31.919565,
      33.17253,
      33.357067,
      31.434408,
      31.324001,
      30.046118,
      29.982689,
      31.82031,
      32.93469,
      29.539293,
      27.642456,
      31.078228,
      35.01563,
      34.628647,
      31.879934,
      30.466465,
      30.851875,
      31.585648,
      31.105686,
      33.899643,
      34.875057,
      34.06725,
      33.15894,
      34.949135,
      38.601933,
      40.09393,
      39.59133,
      40.269386,
      39.863846,
      40.167076,
      41.7492,
      38.7695,
      36.73814,
      39.206936,
      39.73131,
      40.31053,
      41.46206,
      41.477566,
      42.969437,
      37.955997,
      33.04094,
      32.990295,
      31.213118,
      32.33718,
      32.39253,
      31.930752,
      30.605179,
      28.295752,
      26.501822,
      30.233646,
      32.029003,
      30.756403,
      30.788536,
      35.503197,
      37.41825,
      40.595688,
      41.79607,
      42.394337,
      42.923336,
      40.451878,
      42.322254,
      40.36438,
      39.04644,
      37.9654,
      36.503063,
      41.510567,
      44.55725,
      43.099865,
      41.446667,
      36.25387,
      32.37813,
      50.672,
      71.52743,
      37.702732,
      33.916058,
      34.774174,
      32.16,
      31.823437,
      32.134068,
      33.052265
    ],
    "downlinkThroughputBps": [
      482680.5,
      601781.94,
      527526,
      413382.22,
      301184.6,
      338857.8,
      528155.1,
      241675.8,
      213087.42,
      213875.95,
      240400.73,
      225712.28,
      231148.1,
      274752.06,
      422785.84,
      251331.08,
      289759.3,
      258897.61,
      255651.22,
      220620.39,
      248487.34,
      203717.34,
      284877.12,
      439244.28,
      347137.38,
      313373.22,
      275288.94,
      265658.8,
      294859.56,
      336106.34,
      277956.53,
      260223.02,
      280238.22,
      282402.5,
      245459.06,
      330368.56,
      372865.25,
      368276.66,
      388795.22,
      282528.3,
      395405.44,
      451810.44,
      329387.1,
      398911.88,
      430184.6,
      284558.38,
      318364.44,
      274626.25,
      367303.6,
      410697.84,
      460593.3,
      402728.7,
      406847.5,
      396126.84,
      459435.66,
      373360.16,
      393450.88,
      350601.88,
      332188.88,
      351214.25,
      394281.34,
      519095.44,
      383535.53,
      395665.47,
      320067.34,
      288601.66,
      300446.38,
      244938.97,
      225846.5,
      168451.64,
      292225.56,
      274081,
      818191.25,
      305404.06,
      417752.7,
      291403.47,
      339637.97,
      238303.58,
      300563.8,
      256263.58,
      310009.4,
      222994.36,
      232179.89,
      219596.98,
      265138.72,
      271841.22,
      296470.2,
      204455.55,
      182536.11,
      430763.4,
      208767.28,
      342087.44,
      299657.84,
      353923.75,
      396722.44,
      381782.3,
      216317.03,
      65674.414,
      41028.684,
      27288.143,
      25274.875,
      41590.72,
      113699.195,
      26843.545,
      25602.031,
      105713.234,
      58913.195,
      96544.49,
      107944.61,
      104673.05,
      57243.86,
      60280.535,
      46707.77,
      44308.63,
      69919.05,
      62998.445,
      82040.586,
      48880.418,
      30786.191,
      30542.922,
      44627.395,
      33436.992,
      116375.16,
      105436.414,
      253495.34,
      218204.47,
      47429.19,
      58669.926,
      24578.621,
      30643.586,
      27590.13,
      24679.285,
      20308.82,
      19931.332,
      27212.645,
      112969.38,
      73953.97,
      39904.61,
      26835.156,
      27514.635,
      26365.395,
      16693.33,
      27816.625,
      96066.336,
      22481.469,
      65254.98,
      204052.89,
      355165.28,
      377411.88,
      58686.703,
      57420.023,
      48293.215,
      165859.56,
      47152.367,
      76009.18,
      1.8959931e+06,
      26306.674,
      1.4057128e+08,
      2.5631082e+08,
      3.111054e+08,
      0,
      1.7890602e+07,
      7.970797e+07,
      6.1333524e+07,
      7.1418056e+07,
      8.460131e+07,
      8.0037816e+07,
      4.926034e+06,
      4.0379402e+06,
      1.4260386e+08,
      3.2850365e+08,
      2.1295469e+08,
      2.1295469e+08,
      2.7680768e+08,
      2.5760774e+08,
      2.1120037e+08,
      2.8219978e+08,
      3.173296e+08,
      3.7631222e+08,
      2.2868875e+08,
      2.957191e+08,
      2.586728e+08,
      3.1743894e+08,
      3.635236e+08,
      2.895034e+08,
      2.6283187e+08,
      3.2793533e+08,
      3.7203936e+08,
      2.9928534e+08,
      2.7992682e+08,
      2.3801542e+08,
      2.7591517e+08,
      3.681883e+08,
      2.9904368e+08,
      2.838354e+08,
      2.4402234e+08,
      2.4411208e+08,
      2.784013e+08,
      1.9211925e+08,
      1.97238e+08,
      2.2933312e+08,
      7.80012e+07,
      2.3017453e+08,
      2.3712134e+08,
      2.7886784e+08,
      3.33985e+08,
      3.593274e+08,
      3.5839235e+08,
      2.787087e+08,
      3.6581162e+08,
      3.4951302e+08,
      3.1864266e+08,
      2.5185675e+08,
      3.1859213e+08,
      3.6491736e+07,
      1.7331216e+07,
      6.509772e+07,
      2.601142e+08,
      2.5970245e+08,
      1.928291e+08,
      1.367511e+08,
      7.200256e+07,
      5.6123764e+07,
      8.240392e+07,
      7.0691816e+07,
      1.1677881e+08,
      1.3500451e+08,
      6.8958616e+07,
      6.726651e+07,
      1.12812504e+08,
      1.5735098e+08,
      1.6933763e+08,
      1.21730616e+08,
      2.6127646e+08,
      3.5222083e+08,
      3.5264896e+08,
      3.1649408e+08,
      2.4783202e+08,
      2.6970294e+08,
      2.972561e+08,
      3.879606e+08,
      2.8957245e+08,
      3.6018627e+08,
      4.2487786e+08,
      1.4995251e+08,
      1.3772198e+08,
      9.37438e+07,
      4.5370508e+07,
      1.0170175e+08,
      1.1223685e+08,
      1.5307776e+08,
      1.9004206e+07,
      1.5673536e+08,
      2.3537293e+08,
      2.5468725e+08,
      1.3853811e+08,
      8.671727e+07,
      5.3058172e+07,
      1.21743576e+08,
      2.0914435e+08,
      3.2415997e+08,
      2.9295674e+08,
      2.414769e+08,
      0,
      3.669797e+08,
      2.980439e+08,
      2.6396608e+08,
      2.4275509e+08,
      3.0528243e+08,
      2.5820848e+08,
      2.5415126e+08,
      3.4798237e+08,
      2.459354e+08,
      1.8468242e+08,
      1.8690187e+08,
      2.5316798e+08,
      1.5510146e+08,
      1.5675734e+08,
      1.5675734e+08,
      142371.45,
      63971.523,
      43100.668,
      59156.465,
      49148.855,
      218867.17,
      33210.5,
      76931.92,
      42362.47,
      32078.037,
      31608.275,
      30433.87,
      20031.996,
      28680.65,
      33957.086,
      24494.736,
      25065.16,
      20661.14,
      22707.96,
      27514.635,
      20887.635,
      62184.75,
      48570.04,
      32086.426,
      91511.33,
      43503.32,
      34854.668,
      25677.53,
      33470.547,
      40005.273,
      49559.895,
      33604.76,
      65573.75,
      51178.9,
      33747.37,
      23379.05,
      56463.72,
      104329.12,
      34292.63,
      29385.293,
      31776.047,
      33252.44,
      27430.748,
      25283.264,
      26365.395,
      21692.94,
      22254.977,
      27002.93,
      25744.639,
      27028.096,
      26508.002,
      19956.498,
      113313.32,
      101946.75,
      49014.637,
      210017.19,
      32522.633,
      74541.17,
      29813.113,
      31146.902,
      40818.965,
      38344.33,
      25350.373,
      24872.223,
      0,
      157865.22,
      46766.49,
      76109.84,
      39250.297,
      533733.56,
      46523.22,
      49115.3,
      35727.082,
      35106.324,
      21684.55,
      48268.05,
      24159.191,
      34988.883,
      23597.154,
      22481.469,
      25576.865,
      46196.062,
      25769.805,
      24452.793,
      26617.053,
      59064.188,
      26524.78,
      28479.324,
      23949.477,
      32086.426,
      35416.703,
      39493.566,
      105411.25,
      29402.07,
      24553.455,
      24377.295,
      22036.873,
      52235.863,
      26776.438,
      41993.37,
      40525.367,
      76537.66,
      21500.002,
      31331.451,
      25056.771,
      27757.904,
      34124.855,
      25551.7,
      25039.994,
      21399.34,
      44677.727,
      80790.69,
      38931.53,
      25979.52,
      224051.33,
      224051.33,
      207039.23,
      104513.664,
      319983.44,
      24050.139,
      49811.555,
      54274.293,
      139427.05,
      30375.15,
      45743.08,
      43788.535,
      34183.58,
      85916.125,
      53955.527,
      36784.047,
      68081.945,
      27095.203,
      24352.129,
      25602.031,
      24511.512,
      31079.793,
      25778.193,
      24779.947,
      43461.38,
      28194.111,
      43184.555,
      87535.125,
      41104.18,
      25853.69,
      28538.045,
      51740.934,
      23974.643,
      27506.246,
      48561.652,
      22892.512,
      26105.348,
      0,
      83726.695,
      41381.004,
      25778.193,
      31457.28,
      25216.156,
      63300.438,
      41993.37,
      43721.426,
      56212.062,
      27128.758,
      35869.688,
      18287.166,
      51246.008,
      212030.45,
      26222.79,
      43520.098,
      39678.117,
      24620.564,
      23261.61,
      40986.74,
      55431.92,
      210067.52,
      4.1450832e+08,
      2.2843954e+08,
      2.5778382e+08,
      2.4016072e+08,
      2.7604176e+08,
      2.6288998e+08,
      2.938949e+08,
      3.3831987e+08,
      2.5789626e+08,
      3.0141514e+08,
      2.8210256e+08,
      2.4012989e+08,
      2.5894696e+08,
      3.1127318e+08,
      2.4541096e+08,
      3.1468093e+08,
      2.3241467e+08,
      2.835877e+08,
      3.475305e+07,
      1.1176892e+08,
      1.1473602e+06,
      2.329654e+07,
      183786.02,
      44996.492,
      54525.953,
      22917.678,
      43788.535,
      101225.336,
      24712.84,
      34997.273,
      28949.086,
      30098.326,
      25484.592,
      29242.688,
      45684.36,
      23588.766,
      37580.965,
      32061.26,
      119378.28,
      25593.643,
      24704.451,
      21625.832,
      22053.65,
      57310.97,
      23395.828,
      23303.553,
      30475.812,
      42303.75,
      25190.99,
      21592.277,
      54324.625,
      97786,
      25803.357,
      24855.445,
      19469.959,
      88717.92,
      43452.99,
      29410.459,
      37916.508,
      71152.17,
      32203.865,
      48008.004,
      35701.914,
      25811.746,
      58116.277,
      24981.275,
      22531.8,
      30777.803,
      24066.916,
      55306.094,
      30039.605,
      20543.701,
      21055.406,
      60741.91,
      24889,
      22372.418,
      25803.357,
      35785.8,
      21055.406,
      31574.72,
      25945.965,
      39770.39,
      53527.707,
      34485.566,
      28345.105,
      35408.312,
      24805.113,
      54114.91,
      20963.13,
      34351.35,
      62654.51,
      145466.84,
      65707.97,
      75195.484,
      56698.6,
      24159.191,
      69340.234,
      32203.865,
      27883.732,
      115880.234,
      63451.43,
      66186.12,
      24628.953,
      61824.04,
      25761.416,
      27053.262,
      24729.617,
      33294.387,
      27388.805,
      25442.648,
      25367.15,
      32078.037,
      23219.666,
      62579.016,
      30509.367,
      28412.215,
      24704.451,
      96779.37,
      162797.72,
      34259.074,
      92526.34,
      94732.55,
      47160.754,
      33067.895,
      24360.518,
      24092.082,
      25451.037,
      71538.05,
      40156.266,
      70481.086,
      66672.66,
      86536.88,
      86536.88,
      80539.02,
      44895.83,
      40886.074,
      68375.55,
      33806.09,
      46456.11,
      19469.959,
      25190.99,
      31197.232,
      29720.838,
      21927.822,
      40659.582,
      34510.734,
      40173.043,
      64466.453,
      46439.332,
      29653.729,
      25719.473,
      44291.85,
      25274.875,
      24779.947,
      35215.375,
      26340.229,
      35760.637,
      31289.508,
      24016.584,
      122054.25,
      24788.336,
      24779.947,
      21818.77,
      60171.484,
      24687.674,
      31708.938,
      26508.002,
      31482.445,
      22355.64,
      31272.73,
      27741.127,
      42446.355,
      45466.254,
      81327.555,
      32925.285,
      26432.504,
      28806.48,
      40181.434,
      38168.168,
      83919.63,
      35634.81,
      40122.71,
      66353.89,
      32472.3,
      462833.06,
      21491.613,
      24092.082,
      25744.639,
      39803.945,
      75220.65,
      29183.967,
      18941.477,
      19167.969,
      58225.33,
      22213.033,
      27825.014,
      26273.121,
      24754.781,
      18723.373,
      489022.28,
      29922.164,
      23622.32,
      20661.14,
      18027.12,
      19067.307,
      20132.66,
      24117.248,
      57973.668,
      41456.5,
      46934.26,
      48628.76,
      61723.38,
      21273.51,
      20426.26,
      19285.41,
      45785.023,
      26021.463,
      29133.635,
      24645.73,
      113858.58,
      24536.678,
      19881,
      18975.031,
      54635.004,
      21449.67,
      18748.54,
      29561.455,
      28831.646,
      24561.844,
      20057.162,
      23211.28,
      24360.518,
      23253.22,
      25492.98,
      20082.328,
      86436.22,
      34535.9,
      223262.8,
      1.01464406e+06,
      748683.25,
      211921.4,
      355400.16,
      601773.56,
      226265.92,
      25526.533,
      270163.5,
      24285.02,
      25811.746,
      20006.83,
      24553.455,
      25358.762,
      63501.76,
      19520.291,
      55582.918,
      25534.922,
      25811.746,
      69063.41,
      28127.002,
      17649.63,
      542726.2,
      23915.922,
      27288.143,
      23345.496,
      42974.84,
      49526.34,
      29242.688,
      27086.814,
      38805.7,
      43117.445,
      76814.484,
      60523.81,
      22473.08,
      50985.96,
      31750.88,
      42832.234,
      21835.547,
      3.737645e+06,
      1.5396736e+07,
      5.8773525e+06,
      1.4158486e+07,
      8.887982e+06,
      7.620891e+06,
      8.625989e+06,
      1.3254001e+07,
      1.525413e+07,
      2.40519e+07,
      1.926115e+07,
      2.6970172e+07,
      4.237248e+07,
      5.4546136e+07,
      4.9355204e+07,
      5.451784e+07,
      7.080395e+07,
      3.954419e+07,
      9.835006e+07,
      1.0583417e+08,
      1.1584401e+08,
      1.3845493e+08,
      1.0382916e+08,
      1.1885081e+08,
      6.4953604e+07,
      9.266601e+07,
      1.2680521e+08,
      1.4975778e+08,
      1.3721883e+08,
      1.382926e+08,
      1.577067e+08,
      1.4900376e+08,
      1.9347978e+08,
      1.5314947e+08,
      1.9195792e+08,
      2.0224125e+08,
      1.0021762e+08,
      1.3311219e+08,
      1.884277e+08,
      1.948742e+08,
      1.5595733e+08,
      1.910093e+08,
      2.1250184e+08,
      2.385014e+08,
      2.977284e+08,
      2.4077675e+08,
      2.247519e+08,
      2.744265e+08,
      2.3832502e+08,
      2.1305891e+08,
      2.096392e+08,
      2.1855562e+07,
      7.812308e+07,
      8.810135e+07,
      1.2677091e+07,
      9.48329e+07,
      1.2038077e+08,
      1.6309838e+08,
      2.0612448e+08,
      1.6616538e+08,
      1.7877e+08,
      2.0005792e+08,
      1.8834243e+08,
      2.2842312e+08,
      2.3631352e+08,
      2.508122e+08,
      2.7360547e+08,
      2.1711866e+08,
      1.9534976e+08,
      1.8784934e+08,
      3.6146864e+07,
      1.22520904e+08,
      1.323783e+08,
      8.2470376e+07,
      1.3181633e+08,
      1.2962053e+08,
      1.32380376e+08,
      1.6606838e+08,
      2.016483e+08,
      2.033735e+08,
      1.3478597e+08,
      1.33028424e+08,
      1.5559976e+08,
      1.6814938e+08,
      1.6857242e+08,
      7.671266e+07,
      1.2716734e+08,
      1.6229109e+08,
      1.5189947e+08,
      1.14838744e+08,
      1.07593944e+08,
      1.3908309e+08,
      1.0629139e+08,
      5.374286e+07,
      1.0947496e+08,
      8.91421e+07,
      1.4601677e+08,
      1.4358654e+08,
      1.3089973e+08,
      8.498725e+07,
      4.112877e+07,
      7.265172e+06,
      1.6312739e+06,
      1.134352e+07,
      6.117552e+06,
      5.690412e+06,
      6.320875e+06,
      8.44956e+06,
      4.621301e+06,
      9.583406e+06,
      5.3251305e+06,
      8.600345e+06,
      1.4632903e+07,
      8.0949145e+06,
      1.0880771e+07,
      8.819757e+06,
      1.0225646e+07,
      9.680663e+06,
      5.5953775e+06,
      4.8389515e+06,
      8.188783e+06,
      7.0294605e+06,
      1.5230441e+07,
      1.5749863e+07,
      1.464807e+07,
      2.041195e+07,
      3.135946e+07,
      3.7947656e+07,
      5.059994e+07,
      6.642006e+07,
      7.246476e+07,
      8.55602e+07,
      9.549119e+07,
      7.2216104e+07,
      3.3485142e+07,
      2.4895124e+07,
      1.7011166e+07,
      2.6886554e+07,
      3.302106e+07,
      2.7760144e+07,
      1.6723722e+07,
      24293.408,
      21642.61,
      35525.754,
      36272.34,
      89833.6,
      848037.94,
      423062.66,
      433850.4,
      515781.94,
      405698.25,
      363872.66,
      308960.8,
      429538.7,
      469736.88,
      374425.53,
      396999.25,
      470793.84,
      363579.06,
      426753.66,
      473218.16,
      405043.94,
      286252.88,
      71017.95,
      53418.656,
      895743.94,
      570500.8,
      584425.94,
      528666.9,
      618810.8,
      512124.53
    ],
    "uplinkThroughputBps": [
      1.5032998e+07,
      1.6601206e+07,
      1.5367284e+07,
      1.1975912e+07,
      6.9065425e+06,
      7.572153e+06,
      5.428604e+06,
      4.289909e+06,
      4.173777e+06,
      4.573528e+06,
      5.3888165e+06,
      4.7437075e+06,
      3.9279658e+06,
      6.8493405e+06,
      7.6394885e+06,
      4.3214835e+06,
      4.5282545e+06,
      4.9656365e+06,
      6.0869335e+06,
      5.1731625e+06,
      5.97966e+06,
      5.4153915e+06,
      7.9922125e+06,
      1.2124743e+07,
      1.0513493e+07,
      8.743438e+06,
      8.245666e+06,
      6.242089e+06,
      9.476241e+06,
      1.1076561e+07,
      8.807971e+06,
      8.0562515e+06,
      9.786536e+06,
      8.0984965e+06,
      7.1783665e+06,
      1.2955953e+07,
      1.3031912e+07,
      1.2016798e+07,
      1.2354155e+07,
      9.076398e+06,
      1.2566705e+07,
      1.4018706e+07,
      1.0326133e+07,
      1.4036381e+07,
      1.2556471e+07,
      1.1601118e+07,
      9.019087e+06,
      8.827047e+06,
      1.2601057e+07,
      1.4912059e+07,
      1.5190553e+07,
      1.4764588e+07,
      1.3371315e+07,
      1.3906173e+07,
      1.5320484e+07,
      1.2403798e+07,
      1.2703481e+07,
      1.0518065e+07,
      1.1363947e+07,
      1.0592295e+07,
      1.1635939e+07,
      1.7644934e+07,
      1.1835051e+07,
      1.3085448e+07,
      1.2168003e+07,
      1.030194e+07,
      9.752034e+06,
      7.960965e+06,
      6.487003e+06,
      5.0981345e+06,
      1.0942855e+07,
      8.3280005e+06,
      9.663215e+06,
      9.29972e+06,
      9.750834e+06,
      9.535415e+06,
      9.035647e+06,
      7.41412e+06,
      9.740424e+06,
      8.723372e+06,
      9.482231e+06,
      6.810451e+06,
      7.1476475e+06,
      6.689252e+06,
      7.981257e+06,
      8.843338e+06,
      8.151974e+06,
      4.546156e+06,
      5.8341345e+06,
      1.1565063e+07,
      6.231637e+06,
      1.1086225e+07,
      8.89231e+06,
      1.0399844e+07,
      1.0946915e+07,
      9.272935e+06,
      4.6389505e+06,
      88164.27,
      84397.78,
      86922.76,
      117876.72,
      101376.33,
      84238.4,
      86041.95,
      85127.59,
      78718.695,
      75732.35,
      38092.668,
      141834.58,
      90638.91,
      94078.24,
      56128.176,
      79398.17,
      53007.613,
      83902.86,
      98096.38,
      97165.25,
      59777.22,
      69373.79,
      69013.08,
      114982.65,
      117381.79,
      125443.24,
      87518.34,
      125208.36,
      766173.5,
      96435.44,
      89623.89,
      87434.46,
      66387.445,
      81847.65,
      74138.516,
      110142.42,
      82829.12,
      90127.2,
      85446.36,
      75841.41,
      85463.14,
      119051.125,
      102533.95,
      85698.016,
      68560.09,
      71923.92,
      200680.67,
      97970.555,
      108565.37,
      164785.81,
      204304.55,
      198113.75,
      769243.75,
      100839.45,
      81394.664,
      160692.17,
      109135.79,
      88944.414,
      182116.67,
      107147.69,
      74180.46,
      66714.6,
      78844.52,
      73131.88,
      86025.17,
      84808.83,
      76898.37,
      65682.8,
      74004.3,
      75153.54,
      75061.266,
      128698.02,
      76344.72,
      72922.17,
      34854.668,
      34854.668,
      67293.414,
      54576.285,
      71999.42,
      70237.81,
      64768.44,
      66681.05,
      75371.64,
      81168.17,
      77032.586,
      60699.97,
      63476.598,
      79498.836,
      65439.53,
      85454.75,
      88298.484,
      63635.98,
      64550.34,
      75891.734,
      57998.836,
      77795.95,
      75061.266,
      61320.723,
      67712.84,
      57302.582,
      82669.734,
      65397.59,
      62469.965,
      100436.805,
      95000.984,
      82334.19,
      43050.336,
      120124.87,
      78785.805,
      80169.93,
      60918.07,
      69214.41,
      48863.64,
      96359.94,
      74792.83,
      73710.695,
      76176.95,
      85823.85,
      107156.08,
      69784.83,
      90622.13,
      155902.28,
      87166.02,
      83156.27,
      85379.25,
      71554.83,
      116895.25,
      72855.06,
      102953.38,
      68174.22,
      61404.61,
      72737.62,
      94782.88,
      136549.77,
      118195.484,
      90211.09,
      98054.44,
      219462.77,
      197786.6,
      138806.3,
      105293.805,
      85538.63,
      175573.56,
      186873.02,
      75338.086,
      138990.84,
      107273.516,
      90513.08,
      119495.72,
      71437.38,
      70355.26,
      223522.84,
      81537.27,
      466381.44,
      85924.516,
      93667.195,
      72905.39,
      66597.16,
      83961.58,
      73475.82,
      97769.23,
      64567.117,
      97978.945,
      66714.6,
      61673.047,
      70111.984,
      0,
      49828.332,
      71965.87,
      84825.6,
      79389.79,
      81470.164,
      59223.574,
      82954.945,
      96074.73,
      49811.555,
      73081.555,
      92375.35,
      67637.34,
      76252.445,
      89347.06,
      89347.06,
      107105.75,
      87451.24,
      103112.77,
      85790.3,
      125007.04,
      2.1982883e+08,
      3.2017123e+08,
      3.254681e+08,
      3.2506672e+08,
      3.2512166e+08,
      3.2387082e+08,
      3.2149066e+08,
      3.242513e+08,
      3.2849245e+08,
      3.195155e+08,
      3.2792598e+08,
      3.1972768e+08,
      3.2882922e+08,
      3.2474355e+08,
      3.2252768e+08,
      3.207513e+08,
      3.2748253e+08,
      3.200646e+08,
      3.723741e+08,
      2.959744e+08,
      3.0710477e+08,
      3.235833e+08,
      3.2289648e+08,
      3.235651e+08,
      3.4794067e+08,
      2.9964086e+08,
      3.2068835e+08,
      3.261781e+08,
      3.2523882e+08,
      3.2432125e+08,
      3.2323894e+08,
      3.2518096e+08,
      3.205464e+08,
      3.305373e+08,
      3.2455104e+08,
      3.193927e+08,
      3.2797965e+08,
      3.2328195e+08,
      3.031129e+08,
      3.0461232e+08,
      3.598126e+08,
      3.294973e+08,
      3.2495046e+08,
      3.2222746e+08,
      3.221663e+08,
      3.2419603e+08,
      3.2415222e+08,
      3.85808e+08,
      2.6519032e+08,
      3.3639184e+08,
      3.113271e+08,
      3.2264554e+08,
      3.540735e+08,
      2.92153e+08,
      3.283591e+08,
      3.2711274e+08,
      3.1981552e+08,
      3.2621104e+08,
      3.2232874e+08,
      0,
      3.7275734e+08,
      2.767982e+08,
      3.2274266e+08,
      3.2706602e+08,
      3.238375e+08,
      3.2073238e+08,
      3.2226982e+08,
      3.2712467e+08,
      3.262887e+08,
      3.1987392e+08,
      3.292021e+08,
      3.2399456e+08,
      3.2145238e+08,
      3.246404e+08,
      3.235726e+08,
      3.263256e+08,
      3.2078026e+08,
      3.2332272e+08,
      3.2651914e+08,
      3.2439e+08,
      3.2302336e+08,
      3.2311814e+08,
      3.239775e+08,
      3.2401248e+08,
      3.2516048e+08,
      3.2531574e+08,
      3.2327226e+08,
      3.21495e+08,
      3.2689002e+08,
      3.228161e+08,
      3.2503594e+08,
      3.2271872e+08,
      3.26492e+08,
      3.2190797e+08,
      3.217441e+08,
      3.2754054e+08,
      3.23173e+08,
      3.274497e+08,
      3.214162e+08,
      3.233803e+08,
      3.223082e+08,
      3.2690227e+08,
      3.2618458e+08,
      3.18386e+08,
      3.280028e+08,
      3.2170822e+08,
      3.2901155e+08,
      3.1921008e+08,
      3.2623443e+08,
      3.933166e+08,
      3.933166e+08,
      2.5366035e+08,
      3.2686445e+08,
      3.21565e+08,
      3.2552973e+08,
      3.2405443e+08,
      3.2629213e+08,
      3.4211536e+08,
      3.0413606e+08,
      3.2402397e+08,
      1.0802975e+08,
      115855.06,
      113070.05,
      85899.34,
      94631.89,
      136776.25,
      116970.75,
      97886.664,
      87635.79,
      84607.5,
      95881.79,
      78282.49,
      68400.71,
      245618.44,
      110452.805,
      88625.64,
      95797.91,
      51774.49,
      79071.016,
      68694.31,
      129947.93,
      96905.2,
      92803.17,
      109714.6,
      96150.23,
      91486.16,
      0,
      68274.88,
      98071.22,
      59802.387,
      74348.234,
      95009.375,
      89196.07,
      119697.05,
      99816.05,
      65464.695,
      77435.24,
      84280.34,
      83953.19,
      91477.77,
      96133.445,
      83667.98,
      76856.43,
      98104.77,
      80832.625,
      83131.1,
      99874.766,
      78693.53,
      181848.25,
      64365.79,
      67167.586,
      85127.59,
      79196.85,
      77544.29,
      75346.48,
      77191.97,
      50247.76,
      67092.086,
      71890.37,
      62839.062,
      69700.945,
      92568.29,
      68971.13,
      60322.48,
      87761.62,
      61236.84,
      67024.98,
      88592.086,
      73341.6,
      95219.086,
      89112.18,
      88071.99,
      50281.316,
      97945.39,
      105822.29,
      94187.29,
      3.1135603e+08,
      3.2690237e+08,
      3.242094e+08,
      3.25993e+08,
      3.2204077e+08,
      3.2237814e+08,
      3.2413558e+08,
      3.2423008e+08,
      3.2382058e+08,
      3.2188755e+08,
      3.2585645e+08,
      3.2446838e+08,
      3.2689834e+08,
      3.2219926e+08,
      3.2340742e+08,
      3.2175146e+08,
      3.291621e+08,
      3.197979e+08,
      3.2746602e+08,
      3.2302688e+08,
      3.236805e+08,
      3.2239152e+08,
      3.1411616e+08,
      2.6600429e+08,
      3.934214e+08,
      3.238781e+08,
      3.2590182e+08,
      3.22762e+08,
      3.2383594e+08,
      3.249477e+08,
      3.2253805e+08,
      3.2459117e+08,
      3.2288003e+08,
      3.2542694e+08,
      3.267314e+08,
      3.18122e+08,
      3.2761466e+08,
      3.2748422e+08,
      3.2429683e+08,
      3.2181414e+08,
      3.223589e+08,
      3.241057e+08,
      3.2767542e+08,
      3.2059123e+08,
      3.2374954e+08,
      3.280223e+08,
      3.2418435e+08,
      3.2318234e+08,
      3.2072416e+08,
      3.2869907e+08,
      3.2381168e+08,
      3.2332416e+08,
      3.208673e+08,
      3.2687142e+08,
      3.2156147e+08,
      3.244792e+08,
      3.2072454e+08,
      3.2739386e+08,
      3.2294173e+08,
      3.251749e+08,
      3.2403773e+08,
      3.2274477e+08,
      3.250774e+08,
      3.2411542e+08,
      3.2651187e+08,
      3.2464627e+08,
      3.2446186e+08,
      3.2241866e+08,
      3.2096598e+08,
      3.2472928e+08,
      3.2758672e+08,
      3.2600035e+08,
      3.2057395e+08,
      3.2424477e+08,
      3.2406576e+08,
      3.2006845e+08,
      3.2959562e+08,
      3.2258406e+08,
      3.2206493e+08,
      3.2627574e+08,
      3.266699e+08,
      3.2257344e+08,
      3.1991907e+08,
      3.2625232e+08,
      3.250528e+08,
      3.2383347e+08,
      3.2581232e+08,
      3.231248e+08,
      3.2345626e+08,
      3.2131466e+08,
      3.309636e+08,
      3.245729e+08,
      3.1916598e+08,
      3.2688474e+08,
      3.2117754e+08,
      3.2459773e+08,
      3.2696326e+08,
      3.2096323e+08,
      3.2695306e+08,
      3.2524966e+08,
      3.2219296e+08,
      3.2210355e+08,
      3.262025e+08,
      3.2205088e+08,
      3.5659526e+08,
      3.5659526e+08,
      2.9117907e+08,
      3.2393635e+08,
      3.2301734e+08,
      3.2461936e+08,
      3.2419354e+08,
      3.2519034e+08,
      3.236511e+08,
      3.2216515e+08,
      3.2638618e+08,
      3.2365878e+08,
      3.2511498e+08,
      3.2339024e+08,
      3.2619446e+08,
      3.2071315e+08,
      1.3200062e+07,
      123664.86,
      92618.62,
      91855.26,
      91679.09,
      113296.54,
      85832.234,
      148352.53,
      117583.12,
      131088.78,
      131441.1,
      108313.7,
      115972.51,
      96183.78,
      87124.086,
      74918.66,
      72410.46,
      86234.89,
      98314.484,
      85823.85,
      87207.97,
      65330.48,
      65288.535,
      88214.6,
      108867.35,
      108749.914,
      97291.08,
      87996.5,
      78802.586,
      90253.03,
      102257.13,
      118363.26,
      117633.45,
      91922.37,
      111518.16,
      59139.688,
      97072.97,
      81512.1,
      59793.996,
      69768.055,
      62428.02,
      91075.12,
      112373.79,
      88684.37,
      83181.44,
      62117.64,
      67578.625,
      80631.3,
      103800.63,
      168443.25,
      87392.516,
      63292.047,
      69122.13,
      74927.05,
      121408.32,
      99581.164,
      85337.31,
      63250.105,
      75220.65,
      65607.305,
      119881.59,
      105025.375,
      82166.414,
      76369.89,
      55197.04,
      79884.71,
      112197.63,
      100612.96,
      80362.87,
      69214.41,
      60356.035,
      78198.6,
      134536.5,
      85270.2,
      80983.625,
      90857.016,
      52034.535,
      81872.81,
      86385.88,
      95068.09,
      86914.37,
      95034.54,
      51430.555,
      83198.21,
      85429.586,
      95814.68,
      84397.78,
      72821.51,
      88466.26,
      76126.62,
      209438.38,
      403299.1,
      633583.2,
      165138.14,
      335468.8,
      298433.12,
      217315.28,
      121391.55,
      220653.94,
      78341.21,
      87426.07,
      84515.23,
      88927.63,
      122389.79,
      44728.06,
      17565.746,
      10032.775,
      10032.775,
      18203.28,
      43570.43,
      28395.438,
      14688.452,
      10032.775,
      10032.775,
      13874.758,
      15183.381,
      10032.775,
      20644.365,
      84020.3,
      122138.13,
      141868.14,
      102533.95,
      107986.555,
      127473.29,
      116668.76,
      103616.086,
      134972.7,
      127800.445,
      122607.89,
      231391.36,
      338815.88,
      284877.12,
      275574.16,
      215939.55,
      252723.6,
      353378.5,
      367915.97,
      391907.38,
      568076.56,
      456977.8,
      553396.5,
      685139.56,
      608912.25,
      450526.97,
      503249.38,
      781264.6,
      409364.06,
      698167.06,
      757726.2,
      630672.3,
      702680.1,
      539135.8,
      688780.2,
      563345.4,
      871626.7,
      716630.4,
      815314,
      754068.75,
      561281.75,
      704693.4,
      720589.8,
      739950.75,
      573822.75,
      790819.25,
      687421.25,
      419866.6,
      608249.56,
      715204.3,
      839330.56,
      668530.1,
      604038.5,
      593368.2,
      841863.94,
      875644.9,
      730580.6,
      651945.8,
      868564.9,
      690617.3,
      626813.56,
      714071.9,
      212869.31,
      307039.84,
      508769.06,
      409791.88,
      620589.25,
      705440,
      837048.9,
      802135.5,
      661760.5,
      650452.7,
      705658.06,
      713761.5,
      900298.94,
      864949.4,
      758296.6,
      848239.25,
      792832.5,
      1.3242172e+06,
      711219.75,
      401294.22,
      464166.84,
      549713.9,
      653304.8,
      772515.3,
      664470,
      737736.1,
      770384.56,
      798637.44,
      824398.8,
      409758.34,
      874118.1,
      719440.56,
      654370.1,
      662045.75,
      622610.9,
      673210.94,
      759353.56,
      629221.1,
      501496.16,
      475978,
      566725.94,
      584325.25,
      396152,
      690197.9,
      410488.16,
      714088.6,
      685592.56,
      548011,
      611395.3,
      341668,
      306419.06,
      140970.56,
      566122,
      326753.06,
      214656.1,
      251666.62,
      260994.77,
      244485.98,
      299917.9,
      279424.53,
      324370.7,
      459494.4,
      360575.94,
      392813.34,
      329739.4,
      288341.62,
      320377.72,
      199187.5,
      236852.34,
      277771.97,
      274735.3,
      416418.88,
      412652.4,
      395824.84,
      449931.38,
      732401,
      614146.75,
      679485.6,
      594408.4,
      459720.88,
      743088.06,
      672573.44,
      497872.28,
      507435.28,
      678755.8,
      498971.2,
      666080.6,
      810498.94,
      461943.88,
      328892.16,
      91830.09,
      110561.85,
      102777.23,
      103892.91,
      2.0373412e+06,
      2.6267986e+07,
      1.2308403e+07,
      1.3850624e+07,
      1.4726797e+07,
      1.188024e+07,
      1.1262478e+07,
      1.0193476e+07,
      1.093903e+07,
      1.4091242e+07,
      1.0695022e+07,
      1.2396693e+07,
      1.2441816e+07,
      1.0972475e+07,
      1.3458372e+07,
      1.2538436e+07,
      1.0431293e+07,
      7.6839735e+06,
      1.4433859e+06,
      101099.5,
      2.6336982e+07,
      1.7723568e+07,
      1.8663964e+07,
      1.3806038e+07,
      1.727196e+07,
      1.4524128e+07
    ],
    "outages": [
      {
        "cause": "BOOTING",
        "startTimestampNs": "1400974097828576707",
        "durationNs": "82772135700",
        "didSwitch": false
      },
      {
        "cause": "NO_SCHEDULE",
        "startTimestampNs": "1400974181120857352",
        "durationNs": "102479748201",
        "didSwitch": false
      },
      {
        "cause": "NO_PINGS",
        "startTimestampNs": "1400974284400584332",
        "durationNs": "8240175816",
        "didSwitch": false
      },
      {
        "cause": "NO_DOWNLINK",
        "startTimestampNs": "1400974585160849381",
        "durationNs": "599910816",
        "didSwitch": true
      },
      {
        "cause": "NO_PINGS",
        "startTimestampNs": "1400974693620747659",
        "durationNs": "819996901",
        "didSwitch": true
      },
      {
        "cause": "NO_DOWNLINK",
        "startTimestampNs": "1400975123820826578",
        "durationNs": "599913749",
        "didSwitch": true
      },
      {
        "cause": "OBSTRUCTED",
        "startTimestampNs": "1400975509440769279",
        "durationNs": "560011404",
        "didSwitch": true
      },
      {
        "cause": "NO_DOWNLINK",
        "startTimestampNs": "1400975541400758620",
        "durationNs": "519949551",
        "didSwitch": true
      },
      {
        "cause": "NO_DOWNLINK",
        "startTimestampNs": "1400975603640687368",
        "durationNs": "500092387",
        "didSwitch": true
      },
      {
        "cause": "NO_DOWNLINK",
        "startTimestampNs": "1400975788140717032",
        "durationNs": "520095298",
        "didSwitch": true
      },
      {
        "cause": "NO_DOWNLINK",
        "startTimestampNs": "1400976282060845636",
        "durationNs": "439895436",
        "didSwitch": true
      },
      {
        "cause": "NO_DOWNLINK",
        "startTimestampNs": "1400976315720811046",
        "durationNs": "839948199",
        "didSwitch": true
      },
      {
        "cause": "NO_PINGS",
        "startTimestampNs": "1400976317480672175",
        "durationNs": "180101279",
        "didSwitch": true
      },
      {
        "cause": "OBSTRUCTED",
        "startTimestampNs": "1400976569860839202",
        "durationNs": "499824937",
        "didSwitch": true
      },
      {
        "cause": "OBSTRUCTED",
        "startTimestampNs": "1400976639480766623",
        "durationNs": "699978858",
        "didSwitch": true
      },
      {
        "cause": "NO_DOWNLINK",
        "startTimestampNs": "1400977813520857754",
        "durationNs": "379846285",
        "didSwitch": true
      },
      {
        "cause": "NO_DOWNLINK",
        "startTimestampNs": "1400978322440782755",
        "durationNs": "819910800",
        "didSwitch": true
      },
      {
        "cause": "NO_DOWNLINK",
        "startTimestampNs": "1400978923820729751",
        "durationNs": "620125329",
        "didSwitch": true
      },
      {
        "cause": "NO_PINGS",
        "startTimestampNs": "1400979041540883272",
        "durationNs": "4879925856",
        "didSwitch": false
      },
      {
        "cause": "NO_DOWNLINK",
        "startTimestampNs": "1400979106720763512",
        "durationNs": "879919774",
        "didSwitch": true
      },
      {
        "cause": "NO_DOWNLINK",
        "startTimestampNs": "1400979108820721262",
        "durationNs": "1140003279",
        "didSwitch": true
      },
      {
        "cause": "NO_DOWNLINK",
        "startTimestampNs": "1400979415640890326",
        "durationNs": "839962274",
        "didSwitch": true
      },
      {
        "cause": "NO_DOWNLINK",
        "startTimestampNs": "1400979466260777586",
        "durationNs": "719997136",
        "didSwitch": true
      },
      {
        "cause": "NO_DOWNLINK",
        "startTimestampNs": "1400979527700776027",
        "durationNs": "1740056957",
        "didSwitch": true
      },
      {
        "cause": "NO_DOWNLINK",
        "startTimestampNs": "1400979643960647913",
        "durationNs": "500066219",
        "didSwitch": true
      },
      {
        "cause": "OBSTRUCTED",
        "startTimestampNs": "1400979695860703252",
        "durationNs": "1500103436",
        "didSwitch": true
      },
      {
        "cause": "NO_DOWNLINK",
        "startTimestampNs": "1400979737140862760",
        "durationNs": "479924882",
        "didSwitch": true
      },
      {
        "cause": "NO_DOWNLINK",
        "startTimestampNs": "1400979787020771161",
        "durationNs": "1120154337",
        "didSwitch": true
      },
      {
        "cause": "NO_DOWNLINK",
        "startTimestampNs": "1400979837920803468",
        "durationNs": "839939358",
        "didSwitch": true
      },
      {
        "cause": "OBSTRUCTED",
        "startTimestampNs": "1400979866560795787",
        "durationNs": "1099971385",
        "didSwitch": true
      },
      {
        "cause": "NO_DOWNLINK",
        "startTimestampNs": "1400979879460732841",
        "durationNs": "919985607",
        "didSwitch": true
      },
      {
        "cause": "NO_DOWNLINK",
        "startTimestampNs": "1400979928840811269",
        "durationNs": "1359913503",
        "didSwitch": true
      }
    ]
  }
}
End time: 1716944771271
