Start time: 1716997415753
[2024-05-29 11:43:37.024586] nuttcp-r: v8.1.4: socket
[2024-05-29 11:43:37.025728] nuttcp-r: buflen=65536, nstream=1, port=5002 tcp
[2024-05-29 11:43:37.025868] nuttcp-r: interval reporting every 0.50 seconds
[2024-05-29 11:43:37.025982] nuttcp-r: connect to 35.245.244.238 with RTT=136.540 ms af=inet
[2024-05-29 11:43:37.026092] nuttcp-r: send window size = 2097152, receive window size = 6291456
[2024-05-29 11:43:37.026310] nuttcp-r: available send window = 1572864, available receive window = 4718592
[2024-05-29 11:43:37.026429]     0.0625 MB /   0.50 sec =    1.0483 Mbps     0 retrans     13 KB-cwnd
[2024-05-29 11:43:37.524482]     0.0625 MB /   0.50 sec =    1.0486 Mbps     0 retrans     13 KB-cwnd
[2024-05-29 11:43:38.024643]     0.0000 MB /   0.50 sec =    0.0000 Mbps     0 retrans     13 KB-cwnd
[2024-05-29 11:43:38.524541]     0.0625 MB /   0.50 sec =    1.0487 Mbps     0 retrans     13 KB-cwnd
[2024-05-29 11:43:39.024160]     0.0625 MB /   0.50 sec =    1.0487 Mbps     0 retrans     13 KB-cwnd
[2024-05-29 11:43:39.524084]     0.0625 MB /   0.50 sec =    1.0486 Mbps     0 retrans     13 KB-cwnd
[2024-05-29 11:43:40.024115]     0.0625 MB /   0.50 sec =    1.0486 Mbps     0 retrans     13 KB-cwnd
[2024-05-29 11:43:40.524796]     0.1250 MB /   0.50 sec =    2.0955 Mbps     0 retrans     13 KB-cwnd
[2024-05-29 11:43:41.025533]     0.0625 MB /   0.50 sec =    1.0465 Mbps     0 retrans     13 KB-cwnd
[2024-05-29 11:43:41.524094]     0.1250 MB /   0.50 sec =    2.1030 Mbps     0 retrans     13 KB-cwnd
[2024-05-29 11:43:42.024289]     0.1875 MB /   0.50 sec =    3.1457 Mbps     0 retrans     13 KB-cwnd
[2024-05-29 11:43:42.524096]     0.2500 MB /   0.50 sec =    4.1942 Mbps     0 retrans     13 KB-cwnd
[2024-05-29 11:43:43.024126]     0.2500 MB /   0.50 sec =    4.1943 Mbps     0 retrans     13 KB-cwnd
[2024-05-29 11:43:43.524090]     0.3125 MB /   0.50 sec =    5.2430 Mbps     0 retrans     13 KB-cwnd
[2024-05-29 11:43:44.024253]     0.3125 MB /   0.50 sec =    5.2428 Mbps     0 retrans     13 KB-cwnd
[2024-05-29 11:43:44.524083]     0.3750 MB /   0.50 sec =    6.2917 Mbps     0 retrans     13 KB-cwnd
[2024-05-29 11:43:45.024162]     0.3750 MB /   0.50 sec =    6.2906 Mbps     0 retrans     13 KB-cwnd
[2024-05-29 11:43:45.524076]     0.4375 MB /   0.50 sec =    7.3410 Mbps     0 retrans     13 KB-cwnd
[2024-05-29 11:43:46.024537]     0.4375 MB /   0.50 sec =    7.3395 Mbps     0 retrans     13 KB-cwnd
[2024-05-29 11:43:46.524452]     0.4375 MB /   0.50 sec =    7.3406 Mbps     0 retrans     13 KB-cwnd
[2024-05-29 11:43:47.024202]     0.2500 MB /   0.50 sec =    4.1928 Mbps     0 retrans     13 KB-cwnd
[2024-05-29 11:43:47.524123]     0.2500 MB /   0.50 sec =    4.1956 Mbps     0 retrans     13 KB-cwnd
[2024-05-29 11:43:48.024060]     0.3125 MB /   0.50 sec =    5.2432 Mbps     0 retrans     13 KB-cwnd
[2024-05-29 11:43:48.524109]     0.1875 MB /   0.50 sec =    3.1456 Mbps     0 retrans     13 KB-cwnd
[2024-05-29 11:43:49.024182]     0.2500 MB /   0.50 sec =    4.1946 Mbps     0 retrans     13 KB-cwnd
[2024-05-29 11:43:49.524059]     0.2500 MB /   0.50 sec =    4.1941 Mbps     0 retrans     13 KB-cwnd
[2024-05-29 11:43:50.024104]     0.2500 MB /   0.50 sec =    4.1942 Mbps     0 retrans     13 KB-cwnd
[2024-05-29 11:43:50.524122]     0.2500 MB /   0.50 sec =    4.1939 Mbps     0 retrans     13 KB-cwnd
[2024-05-29 11:43:51.024060]     0.3125 MB /   0.50 sec =    5.2435 Mbps     0 retrans     13 KB-cwnd
[2024-05-29 11:43:51.524177]     0.3125 MB /   0.50 sec =    5.2432 Mbps     0 retrans     13 KB-cwnd
[2024-05-29 11:43:52.024095]     0.3750 MB /   0.50 sec =    6.2910 Mbps     0 retrans     13 KB-cwnd
[2024-05-29 11:43:52.524229]     0.3125 MB /   0.50 sec =    5.2425 Mbps     0 retrans     13 KB-cwnd
[2024-05-29 11:43:53.024388]     0.1250 MB /   0.50 sec =    2.0964 Mbps     0 retrans     13 KB-cwnd
[2024-05-29 11:43:53.524077]     0.1250 MB /   0.50 sec =    2.0982 Mbps     0 retrans     13 KB-cwnd
[2024-05-29 11:43:54.024044]     0.1875 MB /   0.50 sec =    3.1455 Mbps     0 retrans     13 KB-cwnd
[2024-05-29 11:43:54.524480]     0.3750 MB /   0.50 sec =    6.2868 Mbps     0 retrans     13 KB-cwnd
[2024-05-29 11:43:55.024140]     0.3750 MB /   0.50 sec =    6.2967 Mbps     0 retrans     13 KB-cwnd
[2024-05-29 11:43:55.524054]     0.4375 MB /   0.50 sec =    7.3399 Mbps     0 retrans     13 KB-cwnd
[2024-05-29 11:43:56.024117]     0.4375 MB /   0.50 sec =    7.3392 Mbps     0 retrans     13 KB-cwnd
[2024-05-29 11:43:56.524062]     0.4375 MB /   0.50 sec =    7.3409 Mbps     0 retrans     13 KB-cwnd
[2024-05-29 11:43:57.024056]     0.3750 MB /   0.50 sec =    6.2914 Mbps     0 retrans     13 KB-cwnd
[2024-05-29 11:43:57.525143]     0.2500 MB /   0.50 sec =    4.1858 Mbps     0 retrans     13 KB-cwnd
[2024-05-29 11:43:58.024084]     0.2500 MB /   0.50 sec =    4.2029 Mbps     0 retrans     13 KB-cwnd
[2024-05-29 11:43:58.524089]     0.1250 MB /   0.50 sec =    2.0972 Mbps     0 retrans     13 KB-cwnd
[2024-05-29 11:43:59.024495]     0.3750 MB /   0.50 sec =    6.2863 Mbps     0 retrans     13 KB-cwnd
[2024-05-29 11:43:59.524071]     0.5625 MB /   0.50 sec =    9.4451 Mbps     0 retrans     13 KB-cwnd
[2024-05-29 11:44:00.024250]     0.6250 MB /   0.50 sec =   10.4862 Mbps     0 retrans     13 KB-cwnd
[2024-05-29 11:44:00.524083]     0.6875 MB /   0.50 sec =   11.5336 Mbps     0 retrans     13 KB-cwnd
[2024-05-29 11:44:01.024094]     0.7500 MB /   0.50 sec =   12.5828 Mbps     0 retrans     13 KB-cwnd
[2024-05-29 11:44:01.524020]     0.9375 MB /   0.50 sec =   15.7296 Mbps     0 retrans     13 KB-cwnd
[2024-05-29 11:44:02.024086]     1.0625 MB /   0.50 sec =   17.8250 Mbps     0 retrans     13 KB-cwnd
[2024-05-29 11:44:02.524112]     1.2500 MB /   0.50 sec =   20.9695 Mbps     0 retrans     13 KB-cwnd
[2024-05-29 11:44:03.024097]     1.3125 MB /   0.50 sec =   22.0217 Mbps     0 retrans     13 KB-cwnd
[2024-05-29 11:44:03.524226]     1.5625 MB /   0.50 sec =   26.2146 Mbps     0 retrans     13 KB-cwnd
[2024-05-29 11:44:04.024143]     1.6250 MB /   0.50 sec =   27.2604 Mbps     0 retrans     13 KB-cwnd
[2024-05-29 11:44:04.524076]     2.0625 MB /   0.50 sec =   34.6064 Mbps     0 retrans     13 KB-cwnd
[2024-05-29 11:44:05.024081]     2.0000 MB /   0.50 sec =   33.5547 Mbps     0 retrans     13 KB-cwnd
[2024-05-29 11:44:05.524093]     2.0625 MB /   0.50 sec =   34.6025 Mbps     0 retrans     13 KB-cwnd
[2024-05-29 11:44:06.024092]     2.3125 MB /   0.50 sec =   38.7970 Mbps     0 retrans     13 KB-cwnd
[2024-05-29 11:44:06.524058]     2.6250 MB /   0.50 sec =   44.0407 Mbps     0 retrans     13 KB-cwnd
[2024-05-29 11:44:07.024493]     2.6875 MB /   0.50 sec =   45.0520 Mbps     0 retrans     13 KB-cwnd
[2024-05-29 11:44:07.524156]     2.2500 MB /   0.50 sec =   37.7744 Mbps     0 retrans     13 KB-cwnd
[2024-05-29 11:44:08.024200]     2.5000 MB /   0.50 sec =   41.9494 Mbps     0 retrans     13 KB-cwnd
[2024-05-29 11:44:08.524444]     2.1875 MB /   0.50 sec =   36.6731 Mbps     0 retrans     13 KB-cwnd
[2024-05-29 11:44:09.024102]     2.1250 MB /   0.50 sec =   35.6771 Mbps     0 retrans     13 KB-cwnd
[2024-05-29 11:44:09.524093]     1.9375 MB /   0.50 sec =   32.5060 Mbps     0 retrans     13 KB-cwnd
[2024-05-29 11:44:10.024227]     1.7500 MB /   0.50 sec =   29.3608 Mbps     0 retrans     13 KB-cwnd
[2024-05-29 11:44:10.524110]     1.7500 MB /   0.50 sec =   29.3594 Mbps     0 retrans     13 KB-cwnd
[2024-05-29 11:44:11.024092]     0.5625 MB /   0.50 sec =    9.4372 Mbps     0 retrans     13 KB-cwnd
[2024-05-29 11:44:11.524089]     2.3750 MB /   0.50 sec =   39.8456 Mbps     0 retrans     13 KB-cwnd
[2024-05-29 11:44:12.024101]     2.2500 MB /   0.50 sec =   37.7482 Mbps     0 retrans     13 KB-cwnd
[2024-05-29 11:44:12.524079]     2.0000 MB /   0.50 sec =   33.5555 Mbps     0 retrans     13 KB-cwnd
[2024-05-29 11:44:13.025163]     2.1875 MB /   0.50 sec =   36.6238 Mbps     0 retrans     13 KB-cwnd
[2024-05-29 11:44:13.524266]     2.1250 MB /   0.50 sec =   35.7264 Mbps     0 retrans     13 KB-cwnd
[2024-05-29 11:44:14.024558]     1.9375 MB /   0.50 sec =   32.4772 Mbps     0 retrans     13 KB-cwnd
[2024-05-29 11:44:14.524260]     2.2500 MB /   0.50 sec =   37.7836 Mbps     0 retrans     13 KB-cwnd
[2024-05-29 11:44:15.024109]     2.5000 MB /   0.50 sec =   41.9403 Mbps     0 retrans     13 KB-cwnd
[2024-05-29 11:44:15.524144]     2.3125 MB /   0.50 sec =   38.7926 Mbps     0 retrans     13 KB-cwnd
[2024-05-29 11:44:16.024082]     2.5625 MB /   0.50 sec =   42.9970 Mbps     0 retrans     13 KB-cwnd
[2024-05-29 11:44:16.524088]     3.0625 MB /   0.50 sec =   51.3803 Mbps     0 retrans     13 KB-cwnd
[2024-05-29 11:44:17.024127]     2.7500 MB /   0.50 sec =   46.1329 Mbps     0 retrans     13 KB-cwnd
[2024-05-29 11:44:17.524084]     2.7500 MB /   0.50 sec =   46.1415 Mbps     0 retrans     13 KB-cwnd
[2024-05-29 11:44:18.024086]     3.0000 MB /   0.50 sec =   50.3323 Mbps     0 retrans     13 KB-cwnd
[2024-05-29 11:44:18.524080]     2.8125 MB /   0.50 sec =   47.1860 Mbps     0 retrans     13 KB-cwnd
[2024-05-29 11:44:19.024455]     3.1875 MB /   0.50 sec =   53.4771 Mbps     0 retrans     13 KB-cwnd
[2024-05-29 11:44:19.524122]     3.2500 MB /   0.50 sec =   54.5245 Mbps     0 retrans     13 KB-cwnd
[2024-05-29 11:44:20.024092]     3.3750 MB /   0.50 sec =   56.6245 Mbps     0 retrans     13 KB-cwnd
[2024-05-29 11:44:20.524161]     3.3750 MB /   0.50 sec =   56.6153 Mbps     0 retrans     13 KB-cwnd
[2024-05-29 11:44:21.024168]     3.0625 MB /   0.50 sec =   51.3808 Mbps     0 retrans     13 KB-cwnd
[2024-05-29 11:44:21.524075]     1.0000 MB /   0.50 sec =   16.7795 Mbps     0 retrans     13 KB-cwnd
[2024-05-29 11:44:22.024213]     3.5625 MB /   0.50 sec =   59.7687 Mbps     0 retrans     13 KB-cwnd
[2024-05-29 11:44:22.524091]     2.8125 MB /   0.50 sec =   47.1859 Mbps     0 retrans     13 KB-cwnd
[2024-05-29 11:44:23.024141]     0.6875 MB /   0.50 sec =   11.5329 Mbps     0 retrans     13 KB-cwnd
[2024-05-29 11:44:23.524052]     1.7500 MB /   0.50 sec =   29.3641 Mbps     0 retrans     13 KB-cwnd
[2024-05-29 11:44:24.024081]     3.1250 MB /   0.50 sec =   52.4280 Mbps     0 retrans     13 KB-cwnd
[2024-05-29 11:44:24.524244]     3.0000 MB /   0.50 sec =   50.3353 Mbps     0 retrans     13 KB-cwnd
[2024-05-29 11:44:25.024128]     2.8750 MB /   0.50 sec =   48.2307 Mbps     0 retrans     13 KB-cwnd
[2024-05-29 11:44:25.524146]     3.0625 MB /   0.50 sec =   51.3758 Mbps     0 retrans     13 KB-cwnd
[2024-05-29 11:44:26.024083]     2.5000 MB /   0.50 sec =   41.9470 Mbps     0 retrans     13 KB-cwnd
[2024-05-29 11:44:26.524082]     1.6250 MB /   0.50 sec =   27.2630 Mbps     0 retrans     13 KB-cwnd
[2024-05-29 11:44:27.024105]     3.0000 MB /   0.50 sec =   50.3307 Mbps     0 retrans     13 KB-cwnd
[2024-05-29 11:44:27.523992]     3.1875 MB /   0.50 sec =   53.4805 Mbps     0 retrans     13 KB-cwnd
[2024-05-29 11:44:28.024248]     3.5625 MB /   0.50 sec =   59.7651 Mbps     0 retrans     13 KB-cwnd
[2024-05-29 11:44:28.524080]     3.8750 MB /   0.50 sec =   65.0137 Mbps     0 retrans     13 KB-cwnd
[2024-05-29 11:44:29.024074]     3.8750 MB /   0.50 sec =   65.0113 Mbps     0 retrans     13 KB-cwnd
[2024-05-29 11:44:29.524099]     3.9375 MB /   0.50 sec =   66.0587 Mbps     0 retrans     13 KB-cwnd
[2024-05-29 11:44:30.024481]     4.1250 MB /   0.50 sec =   69.1752 Mbps     0 retrans     13 KB-cwnd
[2024-05-29 11:44:30.524195]     4.3125 MB /   0.50 sec =   72.3691 Mbps     0 retrans     13 KB-cwnd
[2024-05-29 11:44:31.024104]     4.3125 MB /   0.50 sec =   72.3674 Mbps     0 retrans     13 KB-cwnd
[2024-05-29 11:44:31.524062]     4.6250 MB /   0.50 sec =   77.5965 Mbps     0 retrans     13 KB-cwnd
[2024-05-29 11:44:32.024002]     4.1250 MB /   0.50 sec =   69.2086 Mbps     0 retrans     13 KB-cwnd
[2024-05-29 11:44:32.524326]     4.3750 MB /   0.50 sec =   73.4009 Mbps     0 retrans     13 KB-cwnd
[2024-05-29 11:44:33.024117]     3.6250 MB /   0.50 sec =   60.8105 Mbps     0 retrans     13 KB-cwnd
[2024-05-29 11:44:33.524096]     3.8750 MB /   0.50 sec =   65.0121 Mbps     0 retrans     13 KB-cwnd
[2024-05-29 11:44:34.024160]     5.5000 MB /   0.50 sec =   92.2710 Mbps     0 retrans     13 KB-cwnd
[2024-05-29 11:44:34.524084]     4.9375 MB /   0.50 sec =   82.8446 Mbps     0 retrans     13 KB-cwnd
[2024-05-29 11:44:35.024245]     4.3750 MB /   0.50 sec =   73.4002 Mbps     0 retrans     13 KB-cwnd
[2024-05-29 11:44:35.524263]     4.5625 MB /   0.50 sec =   76.5513 Mbps     0 retrans     13 KB-cwnd
[2024-05-29 11:44:36.024133]     5.3125 MB /   0.50 sec =   89.1202 Mbps     0 retrans     13 KB-cwnd
[2024-05-29 11:44:36.524089]     5.1875 MB /   0.50 sec =   87.0348 Mbps     0 retrans     13 KB-cwnd
[2024-05-29 11:44:37.024198]     4.5625 MB /   0.50 sec =   76.5343 Mbps     0 retrans     13 KB-cwnd
[2024-05-29 11:44:37.524103]     4.3125 MB /   0.50 sec =   72.3574 Mbps     0 retrans     13 KB-cwnd
[2024-05-29 11:44:38.024112]     4.2500 MB /   0.50 sec =   71.3084 Mbps     0 retrans     13 KB-cwnd
[2024-05-29 11:44:38.524135]     4.3125 MB /   0.50 sec =   72.3447 Mbps     0 retrans     13 KB-cwnd
[2024-05-29 11:44:39.024075]     1.5625 MB /   0.50 sec =   26.2170 Mbps     0 retrans     13 KB-cwnd
[2024-05-29 11:44:39.524094]     4.7500 MB /   0.50 sec =   79.6915 Mbps     0 retrans     13 KB-cwnd
[2024-05-29 11:44:40.024097]     5.2500 MB /   0.50 sec =   88.0800 Mbps     0 retrans     13 KB-cwnd
[2024-05-29 11:44:40.524075]     5.5000 MB /   0.50 sec =   92.2767 Mbps     0 retrans     13 KB-cwnd
[2024-05-29 11:44:41.024268]     5.4375 MB /   0.50 sec =   91.2294 Mbps     0 retrans     13 KB-cwnd
[2024-05-29 11:44:41.524106]     5.0625 MB /   0.50 sec =   84.9309 Mbps     0 retrans     13 KB-cwnd
[2024-05-29 11:44:42.024077]     4.8750 MB /   0.50 sec =   81.7888 Mbps     0 retrans     13 KB-cwnd
[2024-05-29 11:44:42.524254]     4.8125 MB /   0.50 sec =   80.7345 Mbps     0 retrans     13 KB-cwnd
[2024-05-29 11:44:43.024103]     4.7500 MB /   0.50 sec =   79.6975 Mbps     0 retrans     13 KB-cwnd
[2024-05-29 11:44:43.524006]     5.0000 MB /   0.50 sec =   83.8884 Mbps     0 retrans     13 KB-cwnd
[2024-05-29 11:44:44.024695]     5.0000 MB /   0.50 sec =   83.8170 Mbps     0 retrans     13 KB-cwnd
[2024-05-29 11:44:44.524205]     5.8750 MB /   0.50 sec =   98.6425 Mbps     0 retrans     13 KB-cwnd
[2024-05-29 11:44:45.024194]     6.0625 MB /   0.50 sec =  101.6964 Mbps     0 retrans     13 KB-cwnd
[2024-05-29 11:44:45.524130]     4.3125 MB /   0.50 sec =   72.3620 Mbps     0 retrans     13 KB-cwnd
[2024-05-29 11:44:46.024159]     4.8750 MB /   0.50 sec =   81.7875 Mbps     0 retrans     13 KB-cwnd
[2024-05-29 11:44:46.524155]     6.5000 MB /   0.50 sec =  109.0517 Mbps     0 retrans     13 KB-cwnd
[2024-05-29 11:44:47.024130]     6.5625 MB /   0.50 sec =  110.1042 Mbps     0 retrans     13 KB-cwnd
[2024-05-29 11:44:47.524084]     6.6875 MB /   0.50 sec =  112.1985 Mbps     0 retrans     13 KB-cwnd
[2024-05-29 11:44:48.024125]     6.0000 MB /   0.50 sec =  100.6621 Mbps     0 retrans     13 KB-cwnd
[2024-05-29 11:44:48.524123]     6.6875 MB /   0.50 sec =  112.1985 Mbps     0 retrans     13 KB-cwnd
[2024-05-29 11:44:49.024166]     5.8750 MB /   0.50 sec =   98.5537 Mbps     0 retrans     13 KB-cwnd
[2024-05-29 11:44:49.524144]     2.4375 MB /   0.50 sec =   40.8945 Mbps     0 retrans     13 KB-cwnd
[2024-05-29 11:44:50.024112]     6.5625 MB /   0.50 sec =  110.1117 Mbps     0 retrans     14 KB-cwnd
[2024-05-29 11:44:50.523997]     6.1250 MB /   0.50 sec =  102.7701 Mbps     0 retrans     14 KB-cwnd
[2024-05-29 11:44:51.024328]     6.7500 MB /   0.50 sec =  113.2308 Mbps     0 retrans     14 KB-cwnd
[2024-05-29 11:44:51.524135]     6.5000 MB /   0.50 sec =  109.0589 Mbps     0 retrans     14 KB-cwnd
[2024-05-29 11:44:52.024089]     6.5000 MB /   0.50 sec =  109.0530 Mbps     0 retrans     14 KB-cwnd
[2024-05-29 11:44:52.524123]     5.5000 MB /   0.50 sec =   92.2732 Mbps     0 retrans     14 KB-cwnd
[2024-05-29 11:44:53.024190]     4.8750 MB /   0.50 sec =   81.7772 Mbps     0 retrans     14 KB-cwnd
[2024-05-29 11:44:53.524141]     5.5625 MB /   0.50 sec =   93.3369 Mbps     0 retrans     14 KB-cwnd
[2024-05-29 11:44:54.023994]     5.5000 MB /   0.50 sec =   92.2811 Mbps     0 retrans     16 KB-cwnd
[2024-05-29 11:44:54.524123]     5.8750 MB /   0.50 sec =   98.5594 Mbps     0 retrans     16 KB-cwnd
[2024-05-29 11:44:55.024117]     5.2500 MB /   0.50 sec =   88.0811 Mbps     0 retrans     16 KB-cwnd
[2024-05-29 11:44:55.524089]     5.0625 MB /   0.50 sec =   84.9360 Mbps     1 retrans   1612 KB-cwnd
[2024-05-29 11:44:56.024020]     5.1250 MB /   0.50 sec =   85.9848 Mbps     0 retrans   1612 KB-cwnd
[2024-05-29 11:44:56.524090]     5.6875 MB /   0.50 sec =   95.4176 Mbps     0 retrans   1612 KB-cwnd
[2024-05-29 11:44:57.024032]     4.8125 MB /   0.50 sec =   80.7387 Mbps     0 retrans   1612 KB-cwnd
[2024-05-29 11:44:57.524146]     5.9375 MB /   0.50 sec =   99.6133 Mbps     0 retrans   1612 KB-cwnd
[2024-05-29 11:44:58.024088]     5.8125 MB /   0.50 sec =   97.5219 Mbps     0 retrans   1612 KB-cwnd
[2024-05-29 11:44:58.524071]     6.0000 MB /   0.50 sec =  100.6637 Mbps     0 retrans   1612 KB-cwnd
[2024-05-29 11:44:59.024284]     6.0000 MB /   0.50 sec =  100.6418 Mbps     0 retrans   1612 KB-cwnd
[2024-05-29 11:44:59.524191]     4.6875 MB /   0.50 sec =   78.6460 Mbps     0 retrans   1612 KB-cwnd
[2024-05-29 11:45:00.024107]     2.1250 MB /   0.50 sec =   35.6576 Mbps     0 retrans   1612 KB-cwnd
[2024-05-29 11:45:00.524001]     4.6250 MB /   0.50 sec =   77.5994 Mbps     0 retrans   1612 KB-cwnd
[2024-05-29 11:45:01.024226]     4.5625 MB /   0.50 sec =   76.5280 Mbps     0 retrans   1612 KB-cwnd
[2024-05-29 11:45:01.524086]     4.1250 MB /   0.50 sec =   69.2182 Mbps     0 retrans   1612 KB-cwnd
[2024-05-29 11:45:02.024419]     4.9375 MB /   0.50 sec =   82.8335 Mbps     0 retrans   1612 KB-cwnd
[2024-05-29 11:45:02.524198]     4.2500 MB /   0.50 sec =   71.3056 Mbps     0 retrans   1612 KB-cwnd
[2024-05-29 11:45:03.024117]     3.3750 MB /   0.50 sec =   56.6233 Mbps     0 retrans   1612 KB-cwnd
[2024-05-29 11:45:03.523997]     3.1875 MB /   0.50 sec =   53.4819 Mbps     0 retrans   1612 KB-cwnd
[2024-05-29 11:45:04.024115]     3.7500 MB /   0.50 sec =   62.9097 Mbps     0 retrans   1612 KB-cwnd
[2024-05-29 11:45:04.524100]     3.5625 MB /   0.50 sec =   59.7686 Mbps     0 retrans   1612 KB-cwnd
[2024-05-29 11:45:05.024077]     3.6250 MB /   0.50 sec =   60.8183 Mbps     0 retrans   1612 KB-cwnd
[2024-05-29 11:45:05.524113]     3.5000 MB /   0.50 sec =   58.7199 Mbps     0 retrans   1612 KB-cwnd
[2024-05-29 11:45:06.024117]     3.8750 MB /   0.50 sec =   65.0109 Mbps     0 retrans   1612 KB-cwnd
[2024-05-29 11:45:06.524103]     4.0000 MB /   0.50 sec =   67.1091 Mbps     0 retrans   1612 KB-cwnd
[2024-05-29 11:45:07.024088]     3.8125 MB /   0.50 sec =   63.9636 Mbps     0 retrans   1612 KB-cwnd
[2024-05-29 11:45:07.524124]     3.8750 MB /   0.50 sec =   65.0105 Mbps     0 retrans   1612 KB-cwnd
[2024-05-29 11:45:08.024116]     4.0625 MB /   0.50 sec =   68.1607 Mbps     0 retrans   1612 KB-cwnd
[2024-05-29 11:45:08.524050]     4.3750 MB /   0.50 sec =   73.4013 Mbps     0 retrans   1612 KB-cwnd
[2024-05-29 11:45:09.023999]     4.3125 MB /   0.50 sec =   72.3528 Mbps     0 retrans   1612 KB-cwnd
[2024-05-29 11:45:09.524146]     4.7500 MB /   0.50 sec =   79.6833 Mbps     0 retrans   1612 KB-cwnd
[2024-05-29 11:45:10.024208]     4.0000 MB /   0.50 sec =   67.0997 Mbps     0 retrans   1612 KB-cwnd
[2024-05-29 11:45:10.524166]     3.1875 MB /   0.50 sec =   53.4833 Mbps     0 retrans   1612 KB-cwnd
[2024-05-29 11:45:11.023995]     5.4375 MB /   0.50 sec =   91.2378 Mbps     0 retrans   1612 KB-cwnd
[2024-05-29 11:45:11.524160]     5.0625 MB /   0.50 sec =   84.9224 Mbps     0 retrans   2282 KB-cwnd
[2024-05-29 11:45:12.024121]     5.1250 MB /   0.50 sec =   85.9893 Mbps     0 retrans   2282 KB-cwnd
[2024-05-29 11:45:12.524279]     5.4375 MB /   0.50 sec =   91.2272 Mbps     0 retrans   2282 KB-cwnd
[2024-05-29 11:45:13.024086]     5.1250 MB /   0.50 sec =   85.9839 Mbps     0 retrans   2282 KB-cwnd
[2024-05-29 11:45:13.524110]     5.0000 MB /   0.50 sec =   83.8851 Mbps     0 retrans   2282 KB-cwnd
[2024-05-29 11:45:14.024100]     4.7500 MB /   0.50 sec =   79.6924 Mbps     0 retrans   2282 KB-cwnd
[2024-05-29 11:45:14.524119]     4.6875 MB /   0.50 sec =   78.6429 Mbps     0 retrans   2282 KB-cwnd
[2024-05-29 11:45:15.024023]     5.1875 MB /   0.50 sec =   87.0360 Mbps     0 retrans   2282 KB-cwnd
[2024-05-29 11:45:15.524095]     5.3125 MB /   0.50 sec =   89.1250 Mbps     0 retrans   2282 KB-cwnd
[2024-05-29 11:45:16.024123]     5.2500 MB /   0.50 sec =   88.0793 Mbps     0 retrans   2282 KB-cwnd
[2024-05-29 11:45:16.524141]     6.2500 MB /   0.50 sec =  104.8595 Mbps     0 retrans   2282 KB-cwnd
[2024-05-29 11:45:17.024150]     6.5000 MB /   0.50 sec =  109.0493 Mbps     0 retrans   2282 KB-cwnd
[2024-05-29 11:45:17.523995]     7.2500 MB /   0.50 sec =  121.6433 Mbps     0 retrans   2282 KB-cwnd
[2024-05-29 11:45:18.024151]     7.1875 MB /   0.50 sec =  120.5723 Mbps     0 retrans   2282 KB-cwnd
[2024-05-29 11:45:18.524205]     7.4375 MB /   0.50 sec =  124.7696 Mbps     0 retrans   2282 KB-cwnd
[2024-05-29 11:45:19.024193]     7.6250 MB /   0.50 sec =  127.9252 Mbps     0 retrans   2282 KB-cwnd
[2024-05-29 11:45:19.524052]     6.3125 MB /   0.50 sec =  105.9248 Mbps     0 retrans   2282 KB-cwnd
[2024-05-29 11:45:20.024119]     6.4375 MB /   0.50 sec =  108.0003 Mbps     0 retrans   2282 KB-cwnd
[2024-05-29 11:45:20.524147]     6.5000 MB /   0.50 sec =  109.0497 Mbps     0 retrans   2282 KB-cwnd
[2024-05-29 11:45:21.024224]     5.6250 MB /   0.50 sec =   94.3583 Mbps     0 retrans   2282 KB-cwnd
[2024-05-29 11:45:21.524180]     6.1250 MB /   0.50 sec =  102.7660 Mbps     0 retrans   2282 KB-cwnd
[2024-05-29 11:45:22.024134]     5.5000 MB /   0.50 sec =   92.2826 Mbps     0 retrans   2282 KB-cwnd
[2024-05-29 11:45:22.524317]     5.5000 MB /   0.50 sec =   92.2664 Mbps     0 retrans   2282 KB-cwnd
[2024-05-29 11:45:23.024137]     5.6250 MB /   0.50 sec =   94.3796 Mbps     0 retrans   2282 KB-cwnd
[2024-05-29 11:45:23.524012]     5.8750 MB /   0.50 sec =   98.5750 Mbps     0 retrans   2228 KB-cwnd
[2024-05-29 11:45:24.024109]     6.0625 MB /   0.50 sec =  101.7037 Mbps     0 retrans   2228 KB-cwnd
[2024-05-29 11:45:24.524125]     4.8750 MB /   0.50 sec =   81.7889 Mbps     0 retrans   2228 KB-cwnd
[2024-05-29 11:45:25.024120]     5.5625 MB /   0.50 sec =   93.3246 Mbps     0 retrans   2228 KB-cwnd
[2024-05-29 11:45:25.524111]     6.3750 MB /   0.50 sec =  106.9558 Mbps     0 retrans   2228 KB-cwnd
[2024-05-29 11:45:26.024081]     5.8750 MB /   0.50 sec =   98.5626 Mbps     0 retrans   2228 KB-cwnd
[2024-05-29 11:45:26.524174]     6.0625 MB /   0.50 sec =  101.7029 Mbps     0 retrans   2228 KB-cwnd
[2024-05-29 11:45:27.024123]     6.5000 MB /   0.50 sec =  109.0646 Mbps     0 retrans   2228 KB-cwnd
[2024-05-29 11:45:27.524180]     6.5000 MB /   0.50 sec =  109.0377 Mbps     0 retrans   2228 KB-cwnd
[2024-05-29 11:45:28.024143]     2.2500 MB /   0.50 sec =   37.7522 Mbps     0 retrans   2247 KB-cwnd
[2024-05-29 11:45:28.524149]     6.7500 MB /   0.50 sec =  113.2471 Mbps     0 retrans   2247 KB-cwnd
[2024-05-29 11:45:29.024133]     6.6875 MB /   0.50 sec =  112.2001 Mbps     0 retrans   2247 KB-cwnd
[2024-05-29 11:45:29.524108]     6.8750 MB /   0.50 sec =  115.3464 Mbps     0 retrans   2247 KB-cwnd
[2024-05-29 11:45:30.024029]     7.6250 MB /   0.50 sec =  127.9301 Mbps     0 retrans   2250 KB-cwnd
[2024-05-29 11:45:30.524081]     7.3125 MB /   0.50 sec =  122.6807 Mbps     0 retrans   2250 KB-cwnd
[2024-05-29 11:45:31.024308]     7.3750 MB /   0.50 sec =  123.7290 Mbps     0 retrans   2250 KB-cwnd
[2024-05-29 11:45:31.524122]     7.6250 MB /   0.50 sec =  127.9263 Mbps     0 retrans   2250 KB-cwnd
[2024-05-29 11:45:32.023990]     7.5000 MB /   0.50 sec =  125.8399 Mbps     0 retrans   2250 KB-cwnd
[2024-05-29 11:45:32.524184]     7.3750 MB /   0.50 sec =  123.7060 Mbps     0 retrans   2250 KB-cwnd
[2024-05-29 11:45:33.024124]     7.1250 MB /   0.50 sec =  119.5534 Mbps     0 retrans   2250 KB-cwnd
[2024-05-29 11:45:33.524134]     7.8750 MB /   0.50 sec =  132.1198 Mbps     0 retrans   2250 KB-cwnd
[2024-05-29 11:45:34.024375]     6.9375 MB /   0.50 sec =  116.3359 Mbps     0 retrans   2427 KB-cwnd
[2024-05-29 11:45:34.524097]     7.2500 MB /   0.50 sec =  121.6932 Mbps     0 retrans   2427 KB-cwnd
[2024-05-29 11:45:35.024126]     7.3125 MB /   0.50 sec =  122.6827 Mbps     0 retrans   2435 KB-cwnd
[2024-05-29 11:45:35.524126]     7.3125 MB /   0.50 sec =  122.6861 Mbps     0 retrans   2435 KB-cwnd
[2024-05-29 11:45:36.024134]     7.0625 MB /   0.50 sec =  118.4839 Mbps     0 retrans   2435 KB-cwnd
[2024-05-29 11:45:36.524009]     6.3750 MB /   0.50 sec =  106.9586 Mbps     0 retrans   2435 KB-cwnd
[2024-05-29 11:45:37.024058]     6.8750 MB /   0.50 sec =  115.3346 Mbps     0 retrans   2435 KB-cwnd
[2024-05-29 11:45:37.524187]     7.1250 MB /   0.50 sec =  119.5305 Mbps     0 retrans   2435 KB-cwnd
[2024-05-29 11:45:38.024110]     7.6875 MB /   0.50 sec =  128.9937 Mbps     0 retrans   2435 KB-cwnd
[2024-05-29 11:45:38.524071]     2.2500 MB /   0.50 sec =   37.7489 Mbps     0 retrans   2435 KB-cwnd
[2024-05-29 11:45:39.024165]     6.6875 MB /   0.50 sec =  112.1869 Mbps     0 retrans   2435 KB-cwnd
[2024-05-29 11:45:39.524123]     6.8125 MB /   0.50 sec =  114.3023 Mbps     0 retrans   2435 KB-cwnd
[2024-05-29 11:45:40.024152]     7.6250 MB /   0.50 sec =  127.9270 Mbps     0 retrans   2435 KB-cwnd
[2024-05-29 11:45:40.524130]     7.3750 MB /   0.50 sec =  123.7263 Mbps     0 retrans   2435 KB-cwnd
[2024-05-29 11:45:41.024153]     7.6250 MB /   0.50 sec =  127.9196 Mbps     0 retrans   2435 KB-cwnd
[2024-05-29 11:45:41.524129]     7.8125 MB /   0.50 sec =  131.0817 Mbps     0 retrans   2435 KB-cwnd
[2024-05-29 11:45:42.024207]     7.1250 MB /   0.50 sec =  119.5226 Mbps     0 retrans   2435 KB-cwnd
[2024-05-29 11:45:42.524285]     7.1250 MB /   0.50 sec =  119.5389 Mbps     0 retrans   2435 KB-cwnd
[2024-05-29 11:45:43.024105]     6.8125 MB /   0.50 sec =  114.3124 Mbps     0 retrans   2435 KB-cwnd
[2024-05-29 11:45:43.523995]     4.2500 MB /   0.50 sec =   71.3079 Mbps     0 retrans   2435 KB-cwnd
[2024-05-29 11:45:44.024153]     5.8125 MB /   0.50 sec =   97.5072 Mbps     0 retrans   2435 KB-cwnd
[2024-05-29 11:45:44.524072]     6.1875 MB /   0.50 sec =  103.8159 Mbps     0 retrans   2435 KB-cwnd
[2024-05-29 11:45:45.024091]     5.6250 MB /   0.50 sec =   94.3694 Mbps     0 retrans   2411 KB-cwnd
[2024-05-29 11:45:45.524104]     6.3125 MB /   0.50 sec =  105.9064 Mbps     0 retrans   2411 KB-cwnd
[2024-05-29 11:45:46.024111]     6.1250 MB /   0.50 sec =  102.7590 Mbps     0 retrans   2411 KB-cwnd
[2024-05-29 11:45:46.524310]     6.1250 MB /   0.50 sec =  102.7592 Mbps     0 retrans   2411 KB-cwnd
[2024-05-29 11:45:47.024077]     6.6250 MB /   0.50 sec =  111.1528 Mbps     0 retrans   2411 KB-cwnd
[2024-05-29 11:45:47.524178]     6.1250 MB /   0.50 sec =  102.7440 Mbps     0 retrans   2411 KB-cwnd
[2024-05-29 11:45:48.024198]     6.1875 MB /   0.50 sec =  103.8076 Mbps     0 retrans   2411 KB-cwnd
[2024-05-29 11:45:48.524037]     6.6250 MB /   0.50 sec =  111.1742 Mbps     0 retrans   2411 KB-cwnd
[2024-05-29 11:45:49.024197]     2.0625 MB /   0.50 sec =   34.5942 Mbps     0 retrans   2411 KB-cwnd
[2024-05-29 11:45:49.524167]     5.7500 MB /   0.50 sec =   96.4752 Mbps     0 retrans   2411 KB-cwnd
[2024-05-29 11:45:50.024117]     6.4375 MB /   0.50 sec =  108.0143 Mbps     0 retrans   2411 KB-cwnd
[2024-05-29 11:45:50.524099]     5.8125 MB /   0.50 sec =   97.5205 Mbps     0 retrans   2411 KB-cwnd
[2024-05-29 11:45:51.024040]     5.5625 MB /   0.50 sec =   93.3263 Mbps     0 retrans   2411 KB-cwnd
[2024-05-29 11:45:51.524108]     5.3125 MB /   0.50 sec =   89.1231 Mbps     0 retrans   2411 KB-cwnd
[2024-05-29 11:45:52.024136]     5.1875 MB /   0.50 sec =   87.0329 Mbps     0 retrans   2411 KB-cwnd
[2024-05-29 11:45:52.524104]     4.6875 MB /   0.50 sec =   78.6451 Mbps     0 retrans   2411 KB-cwnd
[2024-05-29 11:45:53.024165]     5.1250 MB /   0.50 sec =   85.9832 Mbps     0 retrans   2411 KB-cwnd
[2024-05-29 11:45:53.524098]     4.8750 MB /   0.50 sec =   81.7893 Mbps     0 retrans   2411 KB-cwnd
[2024-05-29 11:45:54.024329]     4.3125 MB /   0.50 sec =   72.3500 Mbps     0 retrans   2411 KB-cwnd
[2024-05-29 11:45:54.524078]     4.0000 MB /   0.50 sec =   67.1107 Mbps     0 retrans   2411 KB-cwnd
[2024-05-29 11:45:55.024141]     3.0625 MB /   0.50 sec =   51.3792 Mbps     0 retrans   2411 KB-cwnd
[2024-05-29 11:45:55.524112]     2.8125 MB /   0.50 sec =   47.1859 Mbps     0 retrans   2411 KB-cwnd
End time: 1716997555815
