Start time: 1716841725473
[2024-05-27 16:29:13.495842] Connecting to host 35.245.244.238, port 5201
[2024-05-27 16:29:13.496592] Reverse mode, remote host 35.245.244.238 is sending
[2024-05-27 16:29:13.496649] [  5] local 100.126.163.120 port 50763 connected to 35.245.244.238 port 5201
[2024-05-27 16:29:13.496694] [ ID] Interval           Transfer     Bitrate         Jitter    Lost/Total Datagrams
[2024-05-27 16:29:13.496736] [  5]   0.00-0.50   sec  3.94 MBytes  66.1 Mbits/sec  0.245 ms  676044/678994 (1e+02%)  
[2024-05-27 16:29:13.496777] [  5]   0.50-1.00   sec  3.99 MBytes  67.0 Mbits/sec  0.198 ms  -2992/0 (0%)  
[2024-05-27 16:29:13.496816] [  5]   1.00-1.50   sec  3.67 MBytes  61.5 Mbits/sec  0.569 ms  -2746/0 (0%)  
[2024-05-27 16:29:13.496855] [  5]   1.50-2.00   sec  3.50 MBytes  58.7 Mbits/sec  0.163 ms  -2619/0 (0%)  
[2024-05-27 16:29:13.496896] [  5]   2.00-2.50   sec  3.40 MBytes  57.1 Mbits/sec  0.341 ms  -2547/0 (0%)  
[2024-05-27 16:29:13.496934] [  5]   2.50-3.00   sec  3.90 MBytes  65.4 Mbits/sec  0.525 ms  -2919/0 (0%)  
[2024-05-27 16:29:13.497042] [  5]   3.00-3.50   sec  3.22 MBytes  54.0 Mbits/sec  0.280 ms  -2409/0 (0%)  
[2024-05-27 16:29:13.497080] [  5]   3.50-4.00   sec  3.30 MBytes  55.4 Mbits/sec  0.262 ms  -2473/0 (0%)  
[2024-05-27 16:29:13.497119] [  5]   4.00-4.50   sec  4.54 MBytes  76.3 Mbits/sec  0.088 ms  -3404/0 (0%)  
[2024-05-27 16:29:13.497158] [  5]   4.50-5.00   sec  4.78 MBytes  80.2 Mbits/sec  0.894 ms  -3579/0 (0%)  
[2024-05-27 16:29:13.497252] [  5]   5.00-5.50   sec  4.72 MBytes  79.3 Mbits/sec  0.081 ms  -3538/0 (0%)  
[2024-05-27 16:29:13.497290] [  5]   5.50-6.00   sec  3.65 MBytes  61.3 Mbits/sec  0.075 ms  -2736/0 (0%)  
[2024-05-27 16:29:13.497327] [  5]   6.00-6.50   sec  3.68 MBytes  61.7 Mbits/sec  0.140 ms  -2753/0 (0%)  
[2024-05-27 16:29:13.497365] [  5]   6.50-7.00   sec  3.95 MBytes  66.3 Mbits/sec  0.032 ms  -2958/0 (0%)  
[2024-05-27 16:29:13.497404] [  5]   7.00-7.50   sec  4.59 MBytes  77.0 Mbits/sec  1.723 ms  -3436/0 (0%)  
[2024-05-27 16:29:13.497445] [  5]   7.50-8.00   sec  3.72 MBytes  62.4 Mbits/sec  0.268 ms  -2785/0 (0%)  
[2024-05-27 16:29:13.497483] [  5]   8.00-8.50   sec  3.90 MBytes  65.5 Mbits/sec  0.127 ms  -2924/0 (0%)  
[2024-05-27 16:29:13.497523] [  5]   8.50-9.00   sec  4.39 MBytes  73.7 Mbits/sec  0.281 ms  -3291/0 (0%)  
[2024-05-27 16:29:13.497561] [  5]   9.00-9.50   sec  4.26 MBytes  71.5 Mbits/sec  0.291 ms  -3194/0 (0%)  
[2024-05-27 16:29:13.497598] [  5]   9.50-10.00  sec  4.48 MBytes  75.2 Mbits/sec  0.461 ms  -3357/0 (0%)  
[2024-05-27 16:29:13.497635] [  5]  10.00-10.50  sec  4.79 MBytes  80.3 Mbits/sec  0.130 ms  -3587/0 (0%)  
[2024-05-27 16:29:13.497672] [  5]  10.50-11.00  sec  4.65 MBytes  78.0 Mbits/sec  0.140 ms  -3483/0 (0%)  
[2024-05-27 16:29:13.497710] [  5]  11.00-11.50  sec  4.94 MBytes  82.8 Mbits/sec  1.171 ms  -3697/0 (0%)  
[2024-05-27 16:29:13.497750] [  5]  11.50-12.00  sec  4.57 MBytes  76.7 Mbits/sec  0.223 ms  -3426/0 (0%)  
[2024-05-27 16:29:13.497787] [  5]  12.00-12.50  sec  4.56 MBytes  76.5 Mbits/sec  0.128 ms  -3414/0 (0%)  
[2024-05-27 16:29:13.497824] [  5]  12.50-13.00  sec  4.69 MBytes  78.7 Mbits/sec  0.093 ms  -3513/0 (0%)  
[2024-05-27 16:29:13.497863] [  5]  13.00-13.50  sec  4.04 MBytes  67.7 Mbits/sec  0.230 ms  -3024/0 (0%)  
[2024-05-27 16:29:13.497901] [  5]  13.50-14.00  sec  4.34 MBytes  72.8 Mbits/sec  0.096 ms  -3250/0 (0%)  
[2024-05-27 16:29:13.497939] [  5]  14.00-14.50  sec  4.29 MBytes  72.0 Mbits/sec  0.132 ms  -3213/0 (0%)  
[2024-05-27 16:29:13.497976] [  5]  14.50-15.00  sec  3.80 MBytes  63.7 Mbits/sec  0.603 ms  -2844/0 (0%)  
[2024-05-27 16:29:13.498013] [  5]  15.00-15.50  sec  2.94 MBytes  49.3 Mbits/sec  0.170 ms  7112/9314 (76%)  
[2024-05-27 16:29:13.498049] [  5]  15.50-16.00  sec  3.39 MBytes  56.9 Mbits/sec  0.247 ms  12845/15387 (83%)  
[2024-05-27 16:29:13.498087] [  5]  16.00-16.50  sec  3.60 MBytes  60.5 Mbits/sec  0.116 ms  15443/18143 (85%)  
[2024-05-27 16:29:13.498124] [  5]  16.50-17.00  sec  4.09 MBytes  68.6 Mbits/sec  0.186 ms  15208/18269 (83%)  
[2024-05-27 16:29:13.498190] [  5]  17.00-17.50  sec  3.74 MBytes  62.7 Mbits/sec  0.720 ms  18658/21459 (87%)  
[2024-05-27 16:29:13.498232] [  5]  17.50-18.00  sec  3.79 MBytes  63.6 Mbits/sec  0.257 ms  15903/18741 (85%)  
[2024-05-27 16:29:13.498269] [  5]  18.00-18.50  sec  4.14 MBytes  69.4 Mbits/sec  0.125 ms  18863/21963 (86%)  
[2024-05-27 16:29:13.498305] [  5]  18.50-19.00  sec  3.88 MBytes  65.2 Mbits/sec  0.167 ms  15218/18127 (84%)  
[2024-05-27 16:29:13.498342] [  5]  19.00-19.50  sec  3.51 MBytes  58.8 Mbits/sec  0.154 ms  23569/26195 (90%)  
[2024-05-27 16:29:13.498380] [  5]  19.50-20.00  sec  2.68 MBytes  44.9 Mbits/sec  0.134 ms  15961/17967 (89%)  
[2024-05-27 16:29:13.498417] [  5]  20.00-20.50  sec  3.07 MBytes  51.6 Mbits/sec  0.123 ms  17668/19970 (88%)  
[2024-05-27 16:29:13.498454] [  5]  20.50-21.00  sec  2.55 MBytes  42.8 Mbits/sec  0.109 ms  13930/15841 (88%)  
[2024-05-27 16:29:13.498492] [  5]  21.00-21.50  sec  2.77 MBytes  46.5 Mbits/sec  1.114 ms  13426/15504 (87%)  
[2024-05-27 16:29:13.498529] [  5]  21.50-22.00  sec  2.90 MBytes  48.6 Mbits/sec  0.178 ms  13944/16115 (87%)  
[2024-05-27 16:29:13.498567] [  5]  22.00-22.50  sec  3.19 MBytes  53.5 Mbits/sec  0.227 ms  17397/19785 (88%)  
[2024-05-27 16:29:13.498605] [  5]  22.50-23.00  sec  3.55 MBytes  59.5 Mbits/sec  0.128 ms  17787/20445 (87%)  
[2024-05-27 16:29:13.498642] [  5]  23.00-23.50  sec  3.79 MBytes  63.6 Mbits/sec  0.366 ms  20200/23041 (88%)  
[2024-05-27 16:29:37.995616] [  5]  23.50-24.00  sec  2.70 MBytes  45.3 Mbits/sec  0.047 ms  12144/14166 (86%)  
[2024-05-27 16:29:37.996103] [  5]  24.00-24.50  sec  3.94 MBytes  66.2 Mbits/sec  1.410 ms  27736/30690 (90%)  
[2024-05-27 16:29:37.996242] [  5]  24.50-25.00  sec  3.36 MBytes  56.4 Mbits/sec  0.447 ms  24311/26829 (91%)  
[2024-05-27 16:29:37.996354] [  5]  25.00-25.50  sec  3.59 MBytes  60.2 Mbits/sec  0.266 ms  26371/29059 (91%)  
[2024-05-27 16:29:37.996458] [  5]  25.50-26.00  sec  3.49 MBytes  58.6 Mbits/sec  0.151 ms  24272/26889 (90%)  
[2024-05-27 16:29:37.996557] [  5]  26.00-26.50  sec  3.36 MBytes  56.3 Mbits/sec  0.527 ms  24601/27117 (91%)  
[2024-05-27 16:29:37.996655] [  5]  26.50-27.00  sec  3.34 MBytes  56.1 Mbits/sec  0.105 ms  20344/22847 (89%)  
[2024-05-27 16:29:37.996753] [  5]  27.00-27.50  sec  3.39 MBytes  56.9 Mbits/sec  0.123 ms  17705/20245 (87%)  
[2024-05-27 16:29:37.996849] [  5]  27.50-28.00  sec  2.31 MBytes  38.8 Mbits/sec  0.365 ms  11548/13280 (87%)  
[2024-05-27 16:29:37.996945] [  5]  28.00-28.50  sec  2.53 MBytes  42.4 Mbits/sec  0.223 ms  13776/15670 (88%)  
[2024-05-27 16:29:37.997042] [  5]  28.50-29.00  sec  2.59 MBytes  43.4 Mbits/sec  0.136 ms  16834/18773 (90%)  
[2024-05-27 16:29:37.997139] [  5]  29.00-29.50  sec  2.74 MBytes  46.0 Mbits/sec  0.474 ms  12028/14080 (85%)  
[2024-05-27 16:29:37.997236] [  5]  29.50-30.00  sec  3.45 MBytes  57.9 Mbits/sec  0.089 ms  19581/22164 (88%)  
[2024-05-27 16:29:37.997332] [  5]  30.00-30.50  sec  3.49 MBytes  58.6 Mbits/sec  0.315 ms  19615/22229 (88%)  
[2024-05-27 16:29:37.997429] [  5]  30.50-31.00  sec  3.09 MBytes  51.9 Mbits/sec  2.129 ms  17480/19798 (88%)  
[2024-05-27 16:29:37.997524] [  5]  31.00-31.50  sec  2.30 MBytes  38.6 Mbits/sec  0.341 ms  14461/16183 (89%)  
[2024-05-27 16:29:37.997621] [  5]  31.50-32.00  sec  2.43 MBytes  40.7 Mbits/sec  0.259 ms  13880/15698 (88%)  
[2024-05-27 16:29:37.997716] [  5]  32.00-32.50  sec  2.88 MBytes  48.4 Mbits/sec  1.047 ms  17805/19964 (89%)  
[2024-05-27 16:29:37.997812] [  5]  32.50-33.00  sec  3.30 MBytes  55.3 Mbits/sec  0.136 ms  18149/20620 (88%)  
[2024-05-27 16:29:37.997908] [  5]  33.00-33.50  sec  2.82 MBytes  47.3 Mbits/sec  0.637 ms  25633/27745 (92%)  
[2024-05-27 16:29:37.998005] [  5]  33.50-34.00  sec  3.25 MBytes  54.5 Mbits/sec  0.528 ms  24227/26658 (91%)  
[2024-05-27 16:29:37.998103] [  5]  34.00-34.50  sec  3.00 MBytes  50.3 Mbits/sec  0.212 ms  21428/23674 (91%)  
[2024-05-27 16:29:37.998199] [  5]  34.50-35.00  sec  2.87 MBytes  48.2 Mbits/sec  0.570 ms  20233/22384 (90%)  
[2024-05-27 16:29:37.998298] [  5]  35.00-35.50  sec  3.06 MBytes  51.4 Mbits/sec  0.128 ms  15950/18243 (87%)  
[2024-05-27 16:29:37.998431] [  5]  35.50-36.00  sec  2.95 MBytes  49.5 Mbits/sec  0.190 ms  17544/19755 (89%)  
[2024-05-27 16:29:37.998532] [  5]  36.00-36.50  sec  2.86 MBytes  47.9 Mbits/sec  0.203 ms  18133/20272 (89%)  
[2024-05-27 16:29:37.998631] [  5]  36.50-37.00  sec  2.88 MBytes  48.3 Mbits/sec  0.615 ms  24220/26378 (92%)  
[2024-05-27 16:29:37.998727] [  5]  37.00-37.50  sec  3.16 MBytes  53.0 Mbits/sec  0.249 ms  24149/26514 (91%)  
[2024-05-27 16:29:37.998823] [  5]  37.50-38.00  sec  3.28 MBytes  55.1 Mbits/sec  0.192 ms  22426/24884 (90%)  
[2024-05-27 16:29:37.998919] [  5]  38.00-38.50  sec  2.79 MBytes  46.9 Mbits/sec  0.329 ms  17796/19888 (89%)  
[2024-05-27 16:29:37.999016] [  5]  38.50-39.00  sec  3.05 MBytes  51.2 Mbits/sec  0.196 ms  20786/23071 (90%)  
[2024-05-27 16:29:37.999113] [  5]  39.00-39.50  sec  2.90 MBytes  48.7 Mbits/sec  0.115 ms  18371/20546 (89%)  
[2024-05-27 16:29:37.999209] [  5]  39.50-40.00  sec  2.55 MBytes  42.8 Mbits/sec  0.164 ms  16253/18164 (89%)  
[2024-05-27 16:29:37.999305] [  5]  40.00-40.50  sec  2.69 MBytes  45.2 Mbits/sec  0.151 ms  18655/20673 (90%)  
[2024-05-27 16:29:37.999400] [  5]  40.50-41.00  sec  2.72 MBytes  45.6 Mbits/sec  0.346 ms  18648/20684 (90%)  
[2024-05-27 16:29:37.999498] [  5]  41.00-41.50  sec  2.48 MBytes  41.6 Mbits/sec  0.075 ms  16506/18364 (90%)  
[2024-05-27 16:29:37.999595] [  5]  41.50-42.00  sec  2.16 MBytes  36.3 Mbits/sec  0.199 ms  20513/22134 (93%)  
[2024-05-27 16:29:37.999812] [  5]  42.00-42.50  sec  3.15 MBytes  52.9 Mbits/sec  0.172 ms  21084/23444 (90%)  
[2024-05-27 16:29:37.999919] [  5]  42.50-43.00  sec  2.77 MBytes  46.5 Mbits/sec  0.049 ms  18119/20197 (90%)  
[2024-05-27 16:29:38.000019] [  5]  43.00-43.50  sec  2.75 MBytes  46.2 Mbits/sec  0.163 ms  17056/19117 (89%)  
[2024-05-27 16:29:38.000117] [  5]  43.50-44.00  sec  2.59 MBytes  43.4 Mbits/sec  0.108 ms  17347/19286 (90%)  
[2024-05-27 16:29:38.000214] [  5]  44.00-44.50  sec  2.44 MBytes  41.0 Mbits/sec  0.403 ms  16374/18205 (90%)  
[2024-05-27 16:29:38.000310] [  5]  44.50-45.00  sec  2.19 MBytes  36.8 Mbits/sec  1.351 ms  15388/17031 (90%)  
[2024-05-27 16:29:38.000407] [  5]  45.00-45.50  sec  2.49 MBytes  41.8 Mbits/sec  0.706 ms  17001/18866 (90%)  
[2024-05-27 16:29:38.000504] [  5]  45.50-46.00  sec  2.77 MBytes  46.4 Mbits/sec  0.370 ms  20566/22638 (91%)  
[2024-05-27 16:29:38.000603] [  5]  46.00-46.50  sec  2.62 MBytes  44.0 Mbits/sec  0.282 ms  19929/21893 (91%)  
[2024-05-27 16:29:38.000698] [  5]  46.50-47.00  sec  2.60 MBytes  43.6 Mbits/sec  2.578 ms  20309/22257 (91%)  
[2024-05-27 16:29:38.000797] [  5]  47.00-47.50  sec  1.99 MBytes  33.4 Mbits/sec  0.345 ms  19144/20633 (93%)  
[2024-05-27 16:29:38.000895] [  5]  47.50-48.00  sec  2.51 MBytes  42.2 Mbits/sec  0.367 ms  19568/21451 (91%)  
[2024-05-27 16:30:02.495948] [  5]  48.00-48.50  sec  2.37 MBytes  39.8 Mbits/sec  0.160 ms  14148/15924 (89%)  
[2024-05-27 16:30:02.496343] [  5]  48.50-49.00  sec  2.13 MBytes  35.8 Mbits/sec  0.738 ms  15462/17060 (91%)  
[2024-05-27 16:30:02.496474] [  5]  49.00-49.50  sec  1.81 MBytes  30.3 Mbits/sec  0.452 ms  12170/13522 (90%)  
[2024-05-27 16:30:02.496584] [  5]  49.50-50.00  sec  1.97 MBytes  33.1 Mbits/sec  0.935 ms  16219/17695 (92%)  
[2024-05-27 16:30:02.496687] [  5]  50.00-50.50  sec  1.79 MBytes  30.0 Mbits/sec  0.925 ms  12110/13451 (90%)  
[2024-05-27 16:30:02.496785] [  5]  50.50-51.00  sec  1.89 MBytes  31.8 Mbits/sec  0.755 ms  15520/16938 (92%)  
[2024-05-27 16:30:02.496882] [  5]  51.00-51.50  sec  1.89 MBytes  31.7 Mbits/sec  0.243 ms  15487/16900 (92%)  
[2024-05-27 16:30:02.496980] [  5]  51.50-52.00  sec  1.85 MBytes  31.0 Mbits/sec  0.415 ms  15906/17288 (92%)  
[2024-05-27 16:30:02.497078] [  5]  52.00-52.50  sec  2.11 MBytes  35.5 Mbits/sec  0.350 ms  18761/20344 (92%)  
[2024-05-27 16:30:02.497187] [  5]  52.50-53.00  sec  1.88 MBytes  31.5 Mbits/sec  0.268 ms  14113/15518 (91%)  
[2024-05-27 16:30:02.497281] [  5]  53.00-53.50  sec  1.86 MBytes  31.2 Mbits/sec  0.602 ms  14865/16259 (91%)  
[2024-05-27 16:30:02.497413] [  5]  53.50-54.00  sec  1.56 MBytes  26.3 Mbits/sec  0.438 ms  11786/12958 (91%)  
[2024-05-27 16:30:02.497511] [  5]  54.00-54.50  sec  1.50 MBytes  25.2 Mbits/sec  0.322 ms  12108/13233 (91%)  
[2024-05-27 16:30:02.497611] [  5]  54.50-55.00  sec  1.61 MBytes  27.0 Mbits/sec  0.408 ms  9867/11072 (89%)  
[2024-05-27 16:30:02.497708] [  5]  55.00-55.50  sec  1.85 MBytes  31.0 Mbits/sec  0.474 ms  18372/19757 (93%)  
[2024-05-27 16:30:02.497802] [  5]  55.50-56.00  sec  1.56 MBytes  26.2 Mbits/sec  0.370 ms  12934/14103 (92%)  
[2024-05-27 16:30:02.497899] [  5]  56.00-56.50  sec  1.48 MBytes  24.9 Mbits/sec  0.184 ms  12542/13652 (92%)  
[2024-05-27 16:30:02.497994] [  5]  56.50-57.00  sec  1.24 MBytes  20.8 Mbits/sec  0.389 ms  9545/10473 (91%)  
[2024-05-27 16:30:02.498087] [  5]  57.00-57.50  sec  1.28 MBytes  21.4 Mbits/sec  0.259 ms  12723/13678 (93%)  
[2024-05-27 16:30:02.498183] [  5]  57.50-58.00  sec  1.36 MBytes  22.9 Mbits/sec  1.094 ms  13135/14156 (93%)  
[2024-05-27 16:30:02.498278] [  5]  58.00-58.50  sec  1.38 MBytes  23.1 Mbits/sec  1.201 ms  13282/14313 (93%)  
[2024-05-27 16:30:02.498375] [  5]  58.50-59.00  sec  1.17 MBytes  19.6 Mbits/sec  0.484 ms  13503/14377 (94%)  
[2024-05-27 16:30:02.498470] [  5]  59.00-59.50  sec   962 KBytes  15.8 Mbits/sec  0.618 ms  7668/8372 (92%)  
[2024-05-27 16:30:02.498565] [  5]  59.50-60.00  sec   540 KBytes  8.84 Mbits/sec  0.413 ms  7730/8125 (95%)  
[2024-05-27 16:30:02.498660] [  5]  60.00-60.50  sec  1.05 MBytes  17.7 Mbits/sec  0.728 ms  11244/12033 (93%)  
[2024-05-27 16:30:02.498755] [  5]  60.50-61.00  sec   759 KBytes  12.4 Mbits/sec  0.946 ms  7658/8213 (93%)  
[2024-05-27 16:30:02.498849] [  5]  61.00-61.50  sec   793 KBytes  13.0 Mbits/sec  1.423 ms  12112/12692 (95%)  
[2024-05-27 16:30:02.498943] [  5]  61.50-62.00  sec   712 KBytes  11.7 Mbits/sec  1.742 ms  6155/6676 (92%)  
[2024-05-27 16:30:02.499043] [  5]  62.00-62.50  sec   489 KBytes  8.02 Mbits/sec  7.405 ms  4280/4638 (92%)  
[2024-05-27 16:30:02.499139] [  5]  62.50-63.00  sec   533 KBytes  8.74 Mbits/sec  1.150 ms  6344/6734 (94%)  
[2024-05-27 16:30:02.499236] [  5]  63.00-63.50  sec   597 KBytes  9.79 Mbits/sec  1.139 ms  6272/6709 (93%)  
[2024-05-27 16:30:02.499333] [  5]  63.50-64.00  sec   566 KBytes  9.27 Mbits/sec  0.574 ms  6170/6584 (94%)  
[2024-05-27 16:30:02.499426] [  5]  64.00-64.50  sec   614 KBytes  10.1 Mbits/sec  1.007 ms  6347/6796 (93%)  
[2024-05-27 16:30:02.499521] [  5]  64.50-65.00  sec   481 KBytes  7.88 Mbits/sec  1.966 ms  6238/6590 (95%)  
[2024-05-27 16:30:02.499615] [  5]  65.00-65.50  sec   565 KBytes  9.25 Mbits/sec  1.266 ms  6671/7084 (94%)  
[2024-05-27 16:30:02.499793] [  5]  65.50-66.00  sec   546 KBytes  8.94 Mbits/sec  1.931 ms  6402/6801 (94%)  
[2024-05-27 16:30:02.499897] [  5]  66.00-66.50  sec   593 KBytes  9.72 Mbits/sec  0.833 ms  5844/6278 (93%)  
[2024-05-27 16:30:02.499994] [  5]  66.50-67.00  sec   563 KBytes  9.23 Mbits/sec  4.185 ms  6052/6464 (94%)  
[2024-05-27 16:30:02.500091] [  5]  67.00-67.50  sec   314 KBytes  5.15 Mbits/sec  1.053 ms  2219/2449 (91%)  
[2024-05-27 16:30:02.500186] [  5]  67.50-68.00  sec   319 KBytes  5.22 Mbits/sec  2.791 ms  2116/2349 (90%)  
[2024-05-27 16:30:02.500284] [  5]  68.00-68.50  sec   377 KBytes  6.18 Mbits/sec  2.140 ms  4077/4353 (94%)  
[2024-05-27 16:30:02.500378] [  5]  68.50-69.00  sec   364 KBytes  5.96 Mbits/sec  0.235 ms  4076/4342 (94%)  
[2024-05-27 16:30:02.500473] [  5]  69.00-69.50  sec   438 KBytes  7.17 Mbits/sec  2.127 ms  4174/4494 (93%)  
[2024-05-27 16:30:02.500571] [  5]  69.50-70.00  sec   241 KBytes  3.94 Mbits/sec  3.681 ms  2170/2346 (92%)  
[2024-05-27 16:30:02.500667] [  5]  70.00-70.50  sec   159 KBytes  2.60 Mbits/sec  7.976 ms  2192/2308 (95%)  
[2024-05-27 16:30:02.500761] [  5]  70.50-71.00  sec  83.4 KBytes  1.37 Mbits/sec  10.631 ms  1921/1982 (97%)  
[2024-05-27 16:30:02.500857] [  5]  71.00-71.50  sec  83.4 KBytes  1.37 Mbits/sec  10.326 ms  124/185 (67%)  
[2024-05-27 16:30:02.500951] [  5]  71.50-72.00  sec  24.6 KBytes   403 Kbits/sec  22.236 ms  35/53 (66%)  
[2024-05-27 16:30:02.501062] [  5]  72.00-72.50  sec  2.73 KBytes  44.7 Kbits/sec  32.230 ms  1/3 (33%)  
[2024-05-27 16:30:28.995971] [  5]  72.50-73.00  sec  9.57 KBytes   157 Kbits/sec  55.221 ms  30/37 (81%)  
[2024-05-27 16:30:28.996403] [  5]  73.00-73.50  sec  10.9 KBytes   179 Kbits/sec  60.035 ms  7/15 (47%)  
[2024-05-27 16:30:28.996537] [  5]  73.50-74.00  sec  8.20 KBytes   134 Kbits/sec  51.941 ms  9/15 (60%)  
[2024-05-27 16:30:28.996646] [  5]  74.00-74.50  sec  8.20 KBytes   135 Kbits/sec  74.924 ms  10/16 (62%)  
[2024-05-27 16:30:28.996750] [  5]  74.50-75.00  sec  0.00 Bytes  0.00 bits/sec  74.924 ms  0/0 (0%)  
[2024-05-27 16:30:28.996855] [  5]  75.00-75.50  sec  2.73 KBytes  44.8 Kbits/sec  117.629 ms  3/5 (60%)  
[2024-05-27 16:30:28.996960] [  5]  75.50-76.00  sec  1.37 KBytes  22.5 Kbits/sec  150.316 ms  0/1 (0%)  
[2024-05-27 16:30:28.997063] [  5]  76.00-76.50  sec  9.57 KBytes   156 Kbits/sec  104.253 ms  13/20 (65%)  
[2024-05-27 16:30:28.997161] [  5]  76.50-77.00  sec  4.10 KBytes  67.3 Kbits/sec  110.677 ms  7/10 (70%)  
[2024-05-27 16:30:28.997260] [  5]  77.00-77.50  sec  2.73 KBytes  44.7 Kbits/sec  124.755 ms  5/7 (71%)  
[2024-05-27 16:30:28.997362] [  5]  77.50-78.00  sec  4.10 KBytes  67.3 Kbits/sec  131.635 ms  4467/4470 (1e+02%)  
[2024-05-27 16:30:28.997461] [  5]  78.00-78.50  sec  30.1 KBytes   492 Kbits/sec  48.275 ms  38/60 (63%)  
[2024-05-27 16:30:28.997562] [  5]  78.50-79.00  sec  13.7 KBytes   224 Kbits/sec  46.542 ms  20/30 (67%)  
[2024-05-27 16:30:28.997660] [  5]  79.00-79.50  sec  10.9 KBytes   179 Kbits/sec  32.389 ms  155/163 (95%)  
[2024-05-27 16:30:28.997758] [  5]  79.50-80.00  sec  0.00 Bytes  0.00 bits/sec  32.389 ms  0/0 (0%)  
[2024-05-27 16:30:28.997857] [  5]  80.00-80.50  sec  83.4 KBytes  1.37 Mbits/sec  13.694 ms  1661/1722 (96%)  
[2024-05-27 16:30:28.997953] [  5]  80.50-81.00  sec  84.8 KBytes  1.39 Mbits/sec  2.492 ms  123/185 (66%)  
[2024-05-27 16:30:28.998051] [  5]  81.00-81.50  sec  0.00 Bytes  0.00 bits/sec  2.492 ms  0/0 (0%)  
[2024-05-27 16:30:28.998149] [  5]  81.50-82.00  sec  8.20 KBytes   135 Kbits/sec  55.987 ms  9/15 (60%)  
[2024-05-27 16:30:28.998251] [  5]  82.00-82.50  sec  2.73 KBytes  44.8 Kbits/sec  65.463 ms  2/4 (50%)  
[2024-05-27 16:30:28.998349] [  5]  82.50-83.00  sec  8.20 KBytes   134 Kbits/sec  73.639 ms  7/13 (54%)  
[2024-05-27 16:30:28.998449] [  5]  83.00-83.50  sec  1.37 KBytes  22.4 Kbits/sec  89.590 ms  13/14 (93%)  
[2024-05-27 16:30:28.998546] [  5]  83.50-84.00  sec  0.00 Bytes  0.00 bits/sec  89.590 ms  0/0 (0%)  
[2024-05-27 16:30:28.998646] [  5]  84.00-84.50  sec  1.37 KBytes  22.4 Kbits/sec  139.549 ms  1/2 (50%)  
[2024-05-27 16:30:28.998744] [  5]  84.50-85.00  sec  0.00 Bytes  0.00 bits/sec  139.549 ms  0/0 (0%)  
[2024-05-27 16:30:28.998843] [  5]  85.00-85.50  sec  0.00 Bytes  0.00 bits/sec  139.549 ms  0/0 (0%)  
[2024-05-27 16:30:28.998939] [  5]  85.50-86.00  sec  0.00 Bytes  0.00 bits/sec  139.549 ms  0/0 (0%)  
[2024-05-27 16:30:28.999039] [  5]  86.00-86.50  sec  0.00 Bytes  0.00 bits/sec  139.549 ms  0/0 (0%)  
[2024-05-27 16:30:28.999138] [  5]  86.50-87.00  sec  0.00 Bytes  0.00 bits/sec  139.549 ms  0/0 (0%)  
[2024-05-27 16:30:28.999238] [  5]  87.00-87.50  sec  1.37 KBytes  22.4 Kbits/sec  318.865 ms  6/7 (86%)  
[2024-05-27 16:30:28.999340] [  5]  87.50-88.00  sec  1.37 KBytes  22.4 Kbits/sec  358.024 ms  0/1 (0%)  
[2024-05-27 16:30:28.999437] [  5]  88.00-88.50  sec  0.00 Bytes  0.00 bits/sec  358.024 ms  0/0 (0%)  
[2024-05-27 16:30:28.999538] [  5]  88.50-89.00  sec  0.00 Bytes  0.00 bits/sec  358.024 ms  0/0 (0%)  
[2024-05-27 16:30:28.999637] [  5]  89.00-89.50  sec  0.00 Bytes  0.00 bits/sec  358.024 ms  0/0 (0%)  
[2024-05-27 16:30:28.999826] [  5]  89.50-90.00  sec  0.00 Bytes  0.00 bits/sec  358.024 ms  0/0 (0%)  
[2024-05-27 16:30:28.999935] [  5]  90.00-90.50  sec  0.00 Bytes  0.00 bits/sec  358.024 ms  0/0 (0%)  
[2024-05-27 16:30:29.000036] [  5]  90.50-91.00  sec  0.00 Bytes  0.00 bits/sec  358.024 ms  0/0 (0%)  
[2024-05-27 16:30:29.000179] [  5]  91.00-91.50  sec  0.00 Bytes  0.00 bits/sec  358.024 ms  0/0 (0%)  
[2024-05-27 16:30:29.000283] [  5]  91.50-92.00  sec  0.00 Bytes  0.00 bits/sec  358.024 ms  0/0 (0%)  
[2024-05-27 16:30:29.000383] [  5]  92.00-92.50  sec  0.00 Bytes  0.00 bits/sec  358.024 ms  0/0 (0%)  
[2024-05-27 16:30:29.000482] [  5]  92.50-93.00  sec  1.37 KBytes  22.4 Kbits/sec  628.427 ms  0/1 (0%)  
[2024-05-27 16:30:29.000582] [  5]  93.00-93.50  sec  1.37 KBytes  22.4 Kbits/sec  627.294 ms  1/2 (50%)  
[2024-05-27 16:30:29.000677] [  5]  93.50-94.00  sec  4.10 KBytes  67.2 Kbits/sec  545.625 ms  8/11 (73%)  
[2024-05-27 16:30:29.000781] [  5]  94.00-94.50  sec  1.37 KBytes  22.4 Kbits/sec  536.205 ms  1/2 (50%)  
[2024-05-27 16:30:29.000881] [  5]  94.50-95.00  sec  0.00 Bytes  0.00 bits/sec  536.205 ms  0/0 (0%)  
[2024-05-27 16:30:29.000979] [  5]  95.00-95.50  sec  1.37 KBytes  22.4 Kbits/sec  555.848 ms  1761/1762 (1e+02%)  
[2024-05-27 16:30:29.001075] [  5]  95.50-96.00  sec  0.00 Bytes  0.00 bits/sec  555.848 ms  0/0 (0%)  
[2024-05-27 16:30:29.001174] [  5]  96.00-96.50  sec  0.00 Bytes  0.00 bits/sec  555.848 ms  0/0 (0%)  
[2024-05-27 16:30:29.001272] [  5]  96.50-97.00  sec  0.00 Bytes  0.00 bits/sec  555.848 ms  0/0 (0%)  
[2024-05-27 16:30:29.001369] [  5]  97.00-97.50  sec  15.0 KBytes   246 Kbits/sec  361.657 ms  25/36 (69%)  
[2024-05-27 16:30:29.001467] [  5]  97.50-98.00  sec  5.47 KBytes  89.6 Kbits/sec  298.546 ms  18/22 (82%)  
[2024-05-27 16:30:29.001565] [  5]  98.00-98.50  sec  20.5 KBytes   336 Kbits/sec  131.330 ms  64/79 (81%)  
[2024-05-27 16:30:29.001663] [  5]  98.50-99.00  sec  23.2 KBytes   382 Kbits/sec  66.511 ms  47/64 (73%)  
[2024-05-27 16:31:01.212448] [  5]  99.00-99.50  sec  42.4 KBytes   694 Kbits/sec  20.883 ms  2031/2062 (98%)  
[2024-05-27 16:31:01.212854] [  5]  99.50-100.00 sec  15.0 KBytes   246 Kbits/sec  36.343 ms  30/41 (73%)  
[2024-05-27 16:31:01.212961] [  5] 100.00-100.50 sec  5.47 KBytes  89.5 Kbits/sec  44.939 ms  5/9 (56%)  
[2024-05-27 16:31:01.213029] [  5] 100.50-101.00 sec  10.9 KBytes   179 Kbits/sec  43.978 ms  29/37 (78%)  
[2024-05-27 16:31:01.213301] [  5] 101.00-101.50 sec  0.00 Bytes  0.00 bits/sec  43.978 ms  0/0 (0%)  
[2024-05-27 16:31:01.213503] [  5] 101.50-102.00 sec  36.9 KBytes   606 Kbits/sec  30.822 ms  49/76 (64%)  
[2024-05-27 16:31:01.213705] [  5] 102.00-102.50 sec  0.00 Bytes  0.00 bits/sec  30.822 ms  0/0 (0%)  
[2024-05-27 16:31:01.213908] [  5] 102.50-103.00 sec  0.00 Bytes  0.00 bits/sec  30.822 ms  0/0 (0%)  
[2024-05-27 16:31:01.214318] [  5] 103.00-103.50 sec  0.00 Bytes  0.00 bits/sec  30.822 ms  0/0 (0%)  
[2024-05-27 16:31:01.214378] [  5] 103.50-104.00 sec  1.37 KBytes  22.4 Kbits/sec  129.119 ms  2438/2439 (1e+02%)  
[2024-05-27 16:31:01.214440] [  5] 104.00-104.50 sec  0.00 Bytes  0.00 bits/sec  129.119 ms  0/0 (0%)  
[2024-05-27 16:31:01.214503] [  5] 104.50-105.00 sec  5.47 KBytes  89.7 Kbits/sec  4086.377 ms  1293326/1293330 (1e+02%)  
[2024-05-27 16:31:01.214562] [  5] 105.00-105.50 sec  2.73 KBytes  44.9 Kbits/sec  4188.123 ms  477848/477850 (1e+02%)  
[2024-05-27 16:31:01.214620] [  5] 105.50-106.00 sec   699 KBytes  11.4 Mbits/sec  0.710 ms  191208/191719 (1e+02%)  
[2024-05-27 16:31:01.214679] [  5] 106.00-106.50 sec   297 KBytes  4.86 Mbits/sec  2.206 ms  0/217 (0%)  
[2024-05-27 16:31:01.214741] [  5] 106.50-107.00 sec   220 KBytes  3.61 Mbits/sec  1.975 ms  473/634 (75%)  
[2024-05-27 16:31:01.214799] [  5] 107.00-107.50 sec   142 KBytes  2.32 Mbits/sec  0.555 ms  439/543 (81%)  
[2024-05-27 16:31:01.214865] [  5] 107.50-108.00 sec   525 KBytes  8.62 Mbits/sec  1.209 ms  1514/1898 (80%)  
[2024-05-27 16:31:01.214933] [  5] 108.00-108.50 sec   492 KBytes  8.06 Mbits/sec  1.636 ms  1633/1993 (82%)  
[2024-05-27 16:31:01.215003] [  5] 108.50-109.00 sec   133 KBytes  2.17 Mbits/sec  3.812 ms  370/467 (79%)  
[2024-05-27 16:31:01.215071] [  5] 109.00-109.50 sec   280 KBytes  4.60 Mbits/sec  2.351 ms  767/972 (79%)  
[2024-05-27 16:31:01.215136] [  5] 109.50-110.00 sec   232 KBytes  3.81 Mbits/sec  4.393 ms  617/787 (78%)  
[2024-05-27 16:31:01.215228] [  5] 110.00-110.50 sec   457 KBytes  7.48 Mbits/sec  2.436 ms  1128/1462 (77%)  
[2024-05-27 16:31:01.215296] [  5] 110.50-111.00 sec   421 KBytes  6.90 Mbits/sec  1.584 ms  1156/1464 (79%)  
[2024-05-27 16:31:01.215362] [  5] 111.00-111.50 sec   260 KBytes  4.26 Mbits/sec  1.042 ms  643/833 (77%)  
[2024-05-27 16:31:01.215426] [  5] 111.50-112.00 sec   230 KBytes  3.76 Mbits/sec  3.367 ms  685/853 (80%)  
[2024-05-27 16:31:01.215492] [  5] 112.00-112.50 sec   412 KBytes  6.74 Mbits/sec  0.514 ms  1037/1338 (78%)  
[2024-05-27 16:31:01.215556] [  5] 112.50-113.00 sec   424 KBytes  6.94 Mbits/sec  1.583 ms  1169/1479 (79%)  
[2024-05-27 16:31:01.215621] [  5] 113.00-113.50 sec   327 KBytes  5.35 Mbits/sec  1.492 ms  762/1001 (76%)  
[2024-05-27 16:31:01.215802] [  5] 113.50-114.00 sec   458 KBytes  7.50 Mbits/sec  1.855 ms  1118/1453 (77%)  
[2024-05-27 16:31:01.215964] [  5] 114.00-114.50 sec   477 KBytes  7.82 Mbits/sec  1.407 ms  1395/1744 (80%)  
[2024-05-27 16:31:01.216035] [  5] 114.50-115.00 sec   364 KBytes  5.96 Mbits/sec  0.590 ms  637/903 (71%)  
[2024-05-27 16:31:01.216134] [  5] 115.00-115.50 sec   375 KBytes  6.14 Mbits/sec  2.097 ms  542/816 (66%)  
[2024-05-27 16:31:01.216313] [  5] 115.50-116.00 sec   463 KBytes  7.60 Mbits/sec  0.704 ms  632/971 (65%)  
[2024-05-27 16:31:01.216512] [  5] 116.00-116.50 sec   416 KBytes  6.81 Mbits/sec  0.370 ms  553/857 (65%)  
[2024-05-27 16:31:01.216803] [  5] 116.50-117.00 sec   220 KBytes  3.61 Mbits/sec  1.277 ms  302/463 (65%)  
[2024-05-27 16:31:01.216866] [  5] 117.00-117.50 sec   175 KBytes  2.87 Mbits/sec  2.807 ms  242/370 (65%)  
[2024-05-27 16:31:01.216929] [  5] 117.50-118.00 sec  42.4 KBytes   693 Kbits/sec  3.938 ms  59/90 (66%)  
[2024-05-27 16:31:01.216991] [  5] 118.00-118.50 sec   164 KBytes  2.69 Mbits/sec  1.141 ms  210/330 (64%)  
[2024-05-27 16:31:01.217053] [  5] 118.50-119.00 sec  20.5 KBytes   335 Kbits/sec  27.511 ms  262/277 (95%)  
[2024-05-27 16:31:01.217116] [  5] 119.00-119.50 sec  1.37 KBytes  22.4 Kbits/sec  39.314 ms  53/54 (98%)  
[2024-05-27 16:31:01.217379] [  5] 119.50-120.00 sec  0.00 Bytes  0.00 bits/sec  39.314 ms  0/0 (0%)  
[2024-05-27 16:31:01.217443] - - - - - - - - - - - - - - - - - - - - - - - - -
[2024-05-27 16:31:01.217506] [ ID] Interval           Transfer     Bitrate         Jitter    Lost/Total Datagrams
[2024-05-27 16:31:01.217571] [  5]   0.00-123.80 sec  7.21 GBytes   500 Mbits/sec  0.000 ms  0/5526845 (0%)  sender
[2024-05-27 16:31:01.217634] [SUM]  0.0-123.8 sec  93904 datagrams received out-of-order
[2024-05-27 16:31:01.217697] [  5]   0.00-120.00 sec   382 MBytes  26.7 Mbits/sec  39.314 ms  4229785/4515557 (94%)  receiver
[2024-05-27 16:31:01.217760] 
[2024-05-27 16:31:01.217822] iperf Done.
End time: 1716841861234
