Start time: 1716839629758
{
  "id": "0",
  "status": null,
  "apiVersion": "17",
  "dishGetHistory": {
    "current": "3910",
    "popPingDropRate": [
      0,
      0,
      0,
      0.06666667,
      0.13333334,
      0.125,
      0,
      0,
      0,
      0,
      0,
      0,
      0,
      0,
      0,
      0,
      0,
      0,
      0,
      0,
      0,
      0,
      0,
      0,
      0,
      0,
      0,
      0,
      0,
      0,
      0,
      0,
      0,
      0,
      0.1764706,
      0.1764706,
      0.29411766,
      0.29411766,
      0.125,
      0,
      0,
      0,
      0,
      0,
      0,
      0,
      0,
      0,
      0,
      0.06666667,
      0.06666667,
      0.2,
      0.375,
      0.1875,
      0,
      0,
      0,
      0,
      0,
      0,
      0,
      0,
      0,
      0,
      0.1875,
      0.375,
      0.26666668,
      0.071428575,
      0.07692308,
      0.06666667,
      0.06666667,
      0,
      0,
      0,
      0.071428575,
      0.07692308,
      0.15384616,
      0.14285715,
      0.14285715,
      0.13333334,
      0.0625,
      0,
      0,
      0,
      0,
      0,
      0,
      0,
      0,
      0.13333334,
      0.13333334,
      0,
      0,
      0.06666667,
      0.06666667,
      0,
      0,
      0,
      0,
      0,
      0,
      0,
      0,
      0,
      0,
      0,
      0,
      0,
      0,
      0,
      0,
      0,
      0,
      0,
      0,
      0,
      0.0625,
      0.06666667,
      0,
      0,
      0,
      0,
      0,
      0,
      0,
      0.05882353,
      0.05882353,
      0.06666667,
      0.06666667,
      0.0625,
      0.05882353,
      0,
      0,
      0,
      0,
      0,
      0,
      0.0625,
      0.0625,
      0.0625,
      0.0625,
      0.0625,
      0.125,
      0.06666667,
      0.06666667,
      0.0625,
      0.0625,
      0,
      0.0625,
      0.0625,
      0,
      0.05882353,
      0.125,
      0.13333334,
      0.06666667,
      0,
      0.05882353,
      0.0625,
      0.0625,
      0.0625,
      0,
      0.06666667,
      0.0625,
      0,
      0,
      0,
      0,
      0,
      0.125,
      0.1764706,
      0.05882353,
      0.05882353,
      0.0625,
      0,
      0,
      0,
      0.06666667,
      0.125,
      0.0625,
      0,
      0,
      0.11764706,
      0.125,
      0.13333334,
      0.13333334,
      0,
      0,
      0,
      0,
      0,
      0,
      0,
      0,
      0,
      0,
      0.05882353,
      0.0625,
      0,
      0,
      0,
      0,
      0,
      0,
      0,
      0.0625,
      0.05882353,
      0.29411766,
      0.3529412,
      0.06666667,
      0.06666667,
      0.071428575,
      0,
      0,
      0,
      0.0625,
      0.05882353,
      0,
      0,
      0,
      0,
      0,
      0,
      0,
      0,
      0,
      0,
      0,
      0,
      0,
      0,
      0,
      0,
      0,
      0,
      0,
      0,
      0,
      0,
      0,
      0,
      0,
      0,
      0,
      0,
      0,
      0,
      0,
      0,
      0,
      0,
      0,
      0,
      0,
      0,
      0,
      0,
      0,
      0,
      0,
      0,
      0,
      0,
      0,
      0,
      0,
      0,
      0,
      0,
      0,
      0,
      0,
      0,
      0,
      0.05882353,
      0.13333334,
      0.06666667,
      0,
      0,
      0,
      0,
      0,
      0,
      0,
      0,
      0,
      0,
      0,
      0,
      0.06666667,
      0.06666667,
      0,
      0,
      0,
      0,
      0,
      0,
      0,
      0,
      0,
      0,
      0,
      0,
      0,
      0.0625,
      0.125,
      0.125,
      0,
      0,
      0,
      0,
      0.0625,
      0,
      0,
      0,
      0,
      0,
      0,
      0,
      0,
      0,
      0,
      0,
      0,
      0,
      0,
      0,
      0,
      0,
      0,
      0,
      0,
      0,
      0,
      0,
      0,
      0,
      0,
      0,
      0,
      0,
      0,
      0,
      0,
      0,
      0,
      0,
      0.13333334,
      0.125,
      0.0625,
      0.13333334,
      0.06666667,
      0,
      0,
      0,
      0,
      0,
      0,
      0,
      0,
      0,
      0,
      0,
      0,
      0,
      0,
      0,
      0,
      0,
      0,
      0,
      0,
      0,
      0,
      0,
      0,
      0,
      0,
      0,
      0,
      0.07692308,
      0.0625,
      0,
      0,
      0,
      0,
      0,
      0,
      0,
      0,
      0,
      0,
      0,
      0,
      0.0625,
      0.0625,
      0.0625,
      0,
      0,
      0,
      0,
      0,
      0,
      0,
      0,
      0,
      0,
      0,
      0,
      0,
      0.06666667,
      0.05882353,
      0,
      0,
      0,
      0,
      0,
      0,
      0,
      0,
      0,
      0,
      0,
      0,
      0,
      0,
      0,
      0,
      0,
      0,
      0,
      0,
      0,
      0,
      0,
      0,
      0,
      0,
      0,
      0,
      0,
      0,
      0,
      0,
      0,
      0,
      0,
      0,
      0,
      0,
      0,
      0,
      0,
      0,
      0,
      0,
      0,
      0,
      0,
      0,
      0,
      0,
      0,
      0,
      0,
      0,
      0,
      0,
      0,
      0,
      0,
      0,
      0.0625,
      0.06666667,
      0,
      0,
      0,
      0,
      0,
      0,
      0,
      0,
      0,
      0,
      0,
      0,
      0,
      0,
      0,
      0,
      0,
      0,
      0,
      0,
      0,
      0,
      0,
      0,
      0,
      0,
      0,
      0,
      0,
      0,
      0,
      0,
      0,
      0,
      0,
      0.0625,
      0.0625,
      0,
      0,
      0,
      0,
      0,
      0,
      0,
      0,
      0,
      0,
      0,
      0,
      0,
      0,
      0,
      0,
      0,
      0,
      0,
      0,
      0,
      0,
      0,
      0,
      0,
      0,
      0,
      0,
      0,
      0,
      0,
      0,
      0,
      0,
      0,
      0,
      0,
      0,
      0.0625,
      0.125,
      0.125,
      0.125,
      0.06666667,
      0,
      0,
      0,
      0,
      0,
      0,
      0,
      0,
      0,
      0,
      0,
      0,
      0,
      0,
      0,
      0,
      0,
      0,
      0,
      0,
      0,
      0,
      0,
      0.0625,
      0.1764706,
      0.11764706,
      0.0625,
      0.0625,
      0,
      0,
      0,
      0,
      0.05882353,
      0.06666667,
      0,
      0,
      0,
      0,
      0,
      0,
      0.06666667,
      0.06666667,
      0,
      0,
      0,
      0,
      0,
      0,
      0,
      0,
      0,
      0,
      0,
      0,
      0,
      0,
      0,
      0,
      0,
      0,
      0,
      0,
      0,
      0,
      0,
      0,
      0,
      0,
      0,
      0,
      0,
      0,
      0,
      0,
      0,
      0,
      0,
      0,
      0,
      0,
      0,
      0.125,
      0.13333334,
      0.06666667,
      0.0625,
      0,
      0,
      0,
      0.0625,
      0.0625,
      0,
      0,
      0,
      0,
      0,
      0,
      0.06666667,
      0.06666667,
      0,
      0,
      0,
      0,
      0,
      0,
      0,
      0,
      0,
      0,
      0,
      0,
      0,
      0,
      0,
      0,
      0,
      0,
      0,
      0,
      0,
      0,
      0,
      0,
      0,
      0,
      0,
      0,
      0,
      0,
      0,
      0,
      0,
      0,
      0,
      0,
      0,
      0,
      0,
      0,
      0,
      0,
      0,
      0,
      0,
      0,
      0,
      0,
      0,
      0,
      0,
      0,
      0,
      0,
      0,
      0,
      0,
      0,
      0,
      0,
      0,
      0,
      0,
      0,
      0,
      0,
      0,
      0,
      0,
      0,
      0,
      0,
      0,
      0,
      0,
      0,
      0,
      0,
      0,
      0,
      0,
      0,
      0,
      0,
      0,
      0.0625,
      0.05882353,
      0.25,
      0.3125,
      0.0625,
      0,
      0,
      0,
      0,
      0,
      0,
      0,
      0,
      0,
      0,
      0,
      0,
      0,
      0,
      0,
      0,
      0,
      0,
      0,
      0,
      0,
      0,
      0,
      0,
      0,
      0,
      0,
      0,
      0.06666667,
      0.0625,
      0,
      0,
      0,
      0,
      0,
      0,
      0,
      0,
      0,
      0,
      0,
      0,
      0,
      0,
      0,
      0,
      0,
      0,
      0,
      0,
      0,
      0,
      0,
      0,
      0,
      0,
      0,
      0,
      0,
      0,
      0,
      0,
      0,
      0,
      0,
      0,
      0,
      0,
      0,
      0,
      0,
      0,
      0,
      0,
      0,
      0,
      0,
      0,
      0,
      0,
      0,
      0,
      0,
      0,
      0,
      0,
      0,
      0,
      0,
      0,
      0,
      0,
      0,
      0,
      0,
      0,
      0,
      0,
      0,
      0,
      0,
      0,
      0,
      0,
      0,
      0,
      0,
      0,
      0,
      0,
      0,
      0,
      0,
      0,
      0,
      0,
      0,
      0,
      0,
      0,
      0,
      0,
      0,
      0,
      0,
      0,
      0,
      0,
      0,
      0,
      0,
      0,
      0,
      0,
      0,
      0,
      0,
      0,
      0,
      0,
      0,
      0,
      0,
      0,
      0,
      0,
      0,
      0,
      0,
      0,
      0.13333334,
      0.13333334,
      0.0625,
      0,
      0,
      0,
      0,
      0,
      0
    ],
    "popPingLatencyMs": [
      32.729465,
      31.248,
      37.796844,
      41.916996,
      40.328,
      42.343636,
      36.7305,
      31.080502,
      28.397213,
      29.07379,
      32.991467,
      31.311571,
      29.483467,
      30.214588,
      29.555248,
      30.474749,
      31.002127,
      30.031315,
      29.360065,
      29.349463,
      29.4336,
      28.032787,
      28.102533,
      31.543938,
      32.942875,
      34.301598,
      33.288868,
      32.460533,
      32.656357,
      32.79753,
      31.640501,
      30.767202,
      36.53875,
      32.86736,
      25.12785,
      26.257082,
      30.687641,
      33.652,
      34.062187,
      33.999126,
      30.82444,
      26.674334,
      28.189753,
      29.095066,
      29.51357,
      27.27643,
      28.346357,
      30.964132,
      32.839928,
      32.527874,
      46.753,
      59.64046,
      62.875237,
      62.748,
      56.33927,
      54.589863,
      54.75213,
      58.51467,
      56.33136,
      53.0335,
      57.649223,
      57.915,
      56.05353,
      56.05353,
      132.07791,
      109.023315,
      54.458,
      59.951572,
      72.98428,
      72.11971,
      65.059715,
      63.50872,
      60.095615,
      63.838085,
      68.84169,
      66.12766,
      63.496334,
      45.9146,
      33.996067,
      28.685001,
      27.441265,
      28.987436,
      30.598734,
      28.295067,
      26.198935,
      28.485931,
      28.3485,
      26.49975,
      58.81592,
      66.504005,
      45.817005,
      43.351536,
      43.870716,
      38.2776,
      33.260815,
      30.279251,
      30.819876,
      33.43894,
      33.954746,
      32.197186,
      31.654572,
      31.105133,
      31.758333,
      32.105934,
      30.660408,
      33.15794,
      33.072296,
      30.984766,
      28.415247,
      24.8175,
      24.601118,
      25.03088,
      27.470709,
      25.812372,
      24.65331,
      28.496786,
      27.829866,
      24.918377,
      25.72406,
      26.476377,
      26.861824,
      28.30153,
      29.516748,
      28.071,
      24.95375,
      24.98157,
      24.553928,
      25.283533,
      27.0445,
      27.015823,
      25.787313,
      25.828001,
      28.681332,
      28.685062,
      26.430649,
      26.300499,
      25.381403,
      35.490334,
      37.531754,
      29.0162,
      27.580933,
      25.2365,
      25.779732,
      28.878,
      31.138,
      29.398,
      26.810999,
      28.126799,
      28.955437,
      26.586315,
      26.171331,
      27.765074,
      27.999067,
      28.283932,
      28.613798,
      28.568132,
      25.937813,
      25.78713,
      26.350134,
      26.700266,
      30.548334,
      31.003292,
      28.457527,
      26.620415,
      26.229649,
      26.971813,
      26.943933,
      29.622217,
      29.127314,
      26.032625,
      27.329737,
      28.666498,
      27.476944,
      30.243233,
      31.464931,
      28.906643,
      28.331812,
      26.742188,
      25.66075,
      27.251331,
      27.012133,
      26.526155,
      32.017567,
      32.654823,
      31.92269,
      34.2632,
      32.552437,
      30.52147,
      30.724943,
      32.573185,
      31.719625,
      29.280441,
      29.404,
      29.321938,
      31.279333,
      31.609875,
      31.911118,
      36.064125,
      35.95847,
      32.378063,
      34.935066,
      37.390564,
      35.3576,
      32.615067,
      43.429165,
      59.48291,
      54.729996,
      53.82014,
      54.062645,
      51.55987,
      53.383194,
      53.343605,
      43.427315,
      35.550686,
      33.848125,
      34.058067,
      32.245186,
      32.19925,
      32.705067,
      34.455997,
      33.022186,
      32.487064,
      33.431503,
      30.734201,
      31.3205,
      33.439377,
      34.957825,
      36.808826,
      32.95588,
      27.888374,
      27.053667,
      26.371943,
      26.018333,
      25.32825,
      25.523626,
      28.115059,
      30.842236,
      30.178688,
      27.137503,
      26.292067,
      27.095669,
      27.841686,
      30.781202,
      32.180378,
      30.046118,
      30.230999,
      34.68144,
      33.641,
      32.629,
      32.60825,
      31.56869,
      32.75326,
      30.412931,
      29.402248,
      30.5644,
      31.128437,
      32.156563,
      32.817936,
      32.065403,
      30.380062,
      30.472437,
      29.704765,
      27.622437,
      29.959501,
      28.732822,
      28.2595,
      30.25725,
      29.152763,
      26.628178,
      26.186113,
      27.256237,
      28.400352,
      33.06323,
      39.91592,
      39.35563,
      43.120815,
      41.42019,
      38.59475,
      39.839314,
      40.33044,
      43.122272,
      44.395416,
      43.194065,
      44.741867,
      45.62774,
      47.499496,
      45.516933,
      38.213997,
      34.96993,
      31.73531,
      28.612062,
      30.51369,
      31.77444,
      31.130499,
      31.160706,
      30.955473,
      31.768797,
      32.53307,
      34.140736,
      36.393536,
      36.850937,
      34.260254,
      31.44007,
      30.229643,
      29.44831,
      30.106813,
      28.034626,
      28.879686,
      30.762,
      28.53394,
      27.65906,
      30.193066,
      30.567375,
      29.128,
      28.0158,
      28.453936,
      29.067291,
      30.594763,
      31.290588,
      28.926126,
      29.659437,
      31.258001,
      30.2575,
      29.83025,
      29.963314,
      30.629562,
      32.32593,
      31.206335,
      30.404335,
      31.849312,
      31.974117,
      32.408627,
      30.492062,
      30.89444,
      31.68856,
      31.238874,
      31.120687,
      30.943747,
      29.636248,
      31.020752,
      32.753063,
      32.74493,
      31.54427,
      29.736061,
      39.511143,
      44.81467,
      48.11431,
      43.861786,
      41.8778,
      37.557667,
      37.921375,
      37.181873,
      36.93006,
      38.993176,
      40.366875,
      39.60706,
      39.48847,
      40.13793,
      39.0476,
      37.99844,
      38.785664,
      38.882717,
      41.384766,
      39.952496,
      35.04093,
      34.231735,
      33.69019,
      32.472527,
      31.096188,
      31.311188,
      33.57325,
      33.65906,
      33.7562,
      33.962532,
      33.351498,
      33.477127,
      32.818733,
      34.61654,
      35.55513,
      33.898,
      32.914936,
      33.37006,
      33.916374,
      32.87025,
      34.13575,
      36.6,
      37.901737,
      36.36233,
      33.777534,
      36.0165,
      36.54425,
      37.15069,
      33.3958,
      26.154503,
      23.10894,
      25.403587,
      26.773687,
      25.683687,
      24.377062,
      23.051874,
      23.928125,
      22.72694,
      23.681002,
      24.133251,
      21.594687,
      21.630249,
      21.107565,
      27.494934,
      30.15293,
      26.343933,
      27.956356,
      26.438133,
      26.118397,
      26.478796,
      25.7766,
      26.231714,
      25.909573,
      25.178001,
      25.854801,
      25.997377,
      26.440865,
      27.577427,
      35.607334,
      39.89427,
      36.26433,
      33.068436,
      31.94269,
      31.672066,
      31.529688,
      30.921501,
      32.757378,
      32.797813,
      32.313187,
      32.19125,
      31.606625,
      33.076817,
      34.07625,
      34.9078,
      31.916187,
      28.62759,
      28.736689,
      29.5802,
      31.31512,
      32.56088,
      33.05488,
      32.907875,
      32.04694,
      33.721565,
      31.958313,
      29.777706,
      30.915398,
      32.114334,
      37.693626,
      36.228672,
      29.968124,
      29.05,
      29.493132,
      34.09163,
      31.531124,
      30.379065,
      29.46394,
      29.720186,
      31.458189,
      33.14407,
      32.68,
      30.415333,
      31.826998,
      36.159878,
      34.87281,
      29.573137,
      27.836536,
      28.483427,
      28.633732,
      28.988626,
      30.832811,
      30.311186,
      28.400875,
      30.05375,
      30.02706,
      28.200598,
      27.743746,
      30.943438,
      31.216814,
      28.179186,
      24.727314,
      24.343943,
      24.186125,
      23.919498,
      22.526533,
      23.125126,
      24.645351,
      24.133936,
      23.970625,
      24.46712,
      24.091375,
      25.880123,
      24.588438,
      26.105734,
      26.5615,
      24.106812,
      23.958876,
      23.213186,
      23.607624,
      23.033375,
      22.702469,
      21.490236,
      20.904707,
      23.511868,
      25.200335,
      28.164064,
      31.235312,
      30.098295,
      31.026062,
      30.00841,
      30.723066,
      29.296602,
      30.100372,
      32.4006,
      30.537142,
      29.448269,
      30.18125,
      30.593248,
      31.470133,
      31.6724,
      33.282467,
      33.71481,
      32.527534,
      35.208645,
      34.48513,
      32.739464,
      31.882063,
      32.395664,
      34.370438,
      33.565933,
      32.84175,
      32.823746,
      34.1455,
      32.978203,
      30.975067,
      30.805668,
      32.2042,
      34.0298,
      31.717285,
      28.698214,
      26.313135,
      26.0722,
      26.869598,
      26.572334,
      29.281603,
      28.231714,
      25.046642,
      27.08007,
      27.3864,
      27.618063,
      26.449438,
      28.637869,
      30.135532,
      29.673134,
      29.929235,
      28.779062,
      27.474335,
      28.9548,
      29.473438,
      27.590187,
      26.949438,
      26.313534,
      27.082464,
      31.292624,
      32.1456,
      29.742668,
      31.618526,
      31.375761,
      30.337751,
      30.147251,
      29.007801,
      29.387857,
      29.797333,
      30.252125,
      30.83367,
      32.133873,
      31.513115,
      31.5265,
      31.548002,
      31.429375,
      31.48979,
      33.95207,
      33.086803,
      33.475933,
      35.09319,
      32.902874,
      33.29856,
      34.00787,
      33.6046,
      34.911934,
      35.46719,
      34.483562,
      33.828266,
      35.250286,
      37.934437,
      35.70319,
      36.51775,
      38.233627,
      37.546314,
      34.40144,
      31.785069,
      32.480732,
      31.15025,
      30.794003,
      31.903334,
      31.773438,
      29.940409,
      30.62065,
      31.412062,
      30.776625,
      30.742247,
      30.304531,
      29.554869,
      31.0606,
      30.056751,
      26.96806,
      26.173876,
      25.085377,
      24.565496,
      27.62553,
      31.100296,
      27.79225,
      25.110374,
      27.745811,
      27.1645,
      25.372705,
      25.850313,
      28.377865,
      29.77693,
      29.997787,
      29.260355,
      28.858603,
      30.374125,
      32.614265,
      33.365467,
      32.558537,
      31.339535,
      30.869665,
      32.881126,
      32.245068,
      28.97167,
      29.482,
      30.861624,
      30.669287,
      27.919142,
      26.108591,
      27.530174,
      31.184814,
      31.764002,
      28.9954,
      27.623373,
      26.583878,
      26.402065,
      28.370375,
      28.130375,
      27.016249,
      27.833626,
      27.740705,
      28.649057,
      27.642685,
      25.6886,
      25.151127,
      24.519438,
      25.46573,
      26.014143,
      27.334333,
      29.348469,
      27.546867,
      24.997599,
      25.675188,
      27.179874,
      27.903563,
      27.402065,
      31.61231,
      33.716373,
      33.289734,
      32.638466,
      30.635876,
      32.25725,
      31.439688,
      30.470562,
      32.1185,
      33.370564,
      32.018436,
      30.270874,
      28.604313,
      29.39094,
      29.85225,
      32.74531,
      32.1098,
      27.2216,
      26.456749,
      28.039057,
      28.553688,
      27.881065,
      29.449,
      28.154688,
      26.726936,
      26.715063,
      25.556751,
      26.178438,
      26.78675,
      26.717373,
      34.908314,
      37.829372,
      39.268196,
      38.554802,
      32.466003,
      35.122,
      34.8125,
      33.358067,
      34.81453,
      33.272438,
      32.639565,
      34.423664,
      33.67006,
      34.070335,
      35.230335,
      32.86319,
      28.082123,
      26.768,
      28.577536,
      31.735868,
      34.925625,
      32.22069,
      27.984123,
      28.34325,
      28.905685,
      26.973001,
      26.779438,
      26.999294,
      27.641438,
      29.105125,
      32.321335,
      29.483784,
      27.439001,
      27.858438,
      25.835876,
      25.260296,
      25.508589,
      26.182064,
      26.44169,
      25.204813,
      26.06925,
      27.000938,
      26.825876,
      26.425062,
      26.71112,
      37.80453,
      47.370068,
      47.553135,
      46.21747,
      47.45,
      45.94253,
      44.18631,
      48.30133,
      48.135124,
      45.465416,
      45.16643,
      45.81957,
      45.559734,
      46.315247,
      46.575264,
      40.014202,
      31.9032,
      27.778864,
      28.29031,
      29.593754,
      29.581814,
      27.544872,
      26.955875,
      26.591877,
      25.849941,
      26.33456,
      26.843534,
      27.003798,
      30.742132,
      33.645267,
      29.462248,
      26.954563,
      26.864187,
      26.886564,
      26.316315,
      24.834,
      25.501587,
      26.87065,
      28.612686,
      27.978437,
      25.326468,
      25.212936,
      28.015472,
      31.924198,
      30.75294,
      29.641998,
      31.957748,
      31.4295,
      31.048199,
      32.19794,
      31.928186,
      32.27956,
      32.583797,
      30.275799,
      31.63513,
      33.421127,
      32.667126,
      33.00863,
      33.98819,
      33.454876,
      34.709873,
      34.541668,
      29.96627,
      27.40569,
      26.220001,
      27.789312,
      29.583931,
      29.464201,
      29.963875,
      28.422815,
      28.39325,
      28.666237,
      27.463825,
      26.594942,
      26.698063,
      28.075462,
      29.006187,
      29.026064,
      27.798437,
      27.380121,
      28.428623,
      27.506937,
      26.008062,
      29.258436,
      28.77481,
      26.826313,
      25.698,
      26.174704,
      29.244473,
      29.201439,
      29.608538,
      32.041336,
      30.995436,
      28.657063,
      28.760563,
      29.509249,
      28.797188,
      29.988312,
      29.348312,
      28.864504,
      29.445187,
      28.102749,
      27.699188,
      28.450119,
      28.438498,
      30.8292,
      33.99344,
      34.5538,
      31.980814,
      33.402126,
      36.34653,
      33.474815,
      32.069294,
      33.68212,
      33.3415,
      33.11381,
      32.602356,
      34.054,
      33.814625,
      32.740936,
      33.3195,
      28.908602,
      25.765001,
      27.34912,
      29.832624,
      30.576063,
      27.962185,
      27.938562,
      28.086374,
      26.454126,
      29.915998,
      30.420315,
      27.349937,
      28.264252,
      28.171625,
      31.099373,
      34.33533,
      31.770311,
      116.062355,
      109.08487,
      30.762472,
      32.057827,
      33.00094,
      32.917862,
      33.438927,
      34.231335,
      35.562397,
      33.915234
    ],
    "downlinkThroughputBps": [
      1.4408326e+08,
      1.9024912e+08,
      1.20129816e+08,
      1.0286813e+08,
      8.3532e+07,
      1.7230736e+08,
      1.2496735e+08,
      1.27362184e+08,
      9.504857e+07,
      1.899305e+08,
      3.2240157e+08,
      2.0449408e+08,
      1.7075664e+08,
      2.8366605e+08,
      1.998079e+08,
      2.797359e+08,
      2.3224933e+08,
      7.997803e+07,
      6.629132e+07,
      1.32012104e+08,
      1.4534651e+08,
      2.3188974e+08,
      1.5726595e+08,
      2.0255165e+08,
      2.5257579e+08,
      1.8456891e+08,
      1.9746182e+08,
      9.222928e+07,
      1.26220744e+08,
      1.3577067e+08,
      2.670652e+08,
      1.640326e+08,
      1.5774605e+08,
      1.3140485e+08,
      1.7991635e+08,
      2.2875653e+08,
      1.9242845e+08,
      1.500922e+08,
      1.8913546e+08,
      1.17061096e+08,
      9.143638e+07,
      1.3206409e+08,
      8.1023816e+07,
      1.3387117e+08,
      1.3480882e+08,
      1.4406398e+08,
      1.6920458e+08,
      1.1849982e+08,
      1.1466729e+08,
      4.116091e+07,
      7.1194184e+07,
      3.1222195e+08,
      2.7445258e+08,
      2.444156e+08,
      3.6847536e+08,
      3.401241e+08,
      2.8750662e+08,
      3.1065392e+08,
      3.494588e+08,
      2.9134323e+08,
      3.9047635e+08,
      3.686643e+08,
      2.5675438e+08,
      2.2076707e+08,
      6.450823e+06,
      7.207029e+07,
      5.2934064e+07,
      2.644528e+07,
      1.03891464e+08,
      1.32278536e+08,
      3.0908414e+07,
      6.405516e+07,
      4.421911e+07,
      2.8337658e+07,
      5.8639188e+07,
      1.2517171e+08,
      9.251618e+07,
      1.7171493e+08,
      5.2181248e+08,
      2.570681e+08,
      2.4005933e+08,
      2.8897123e+08,
      2.2719002e+08,
      2.5976982e+08,
      1.7293632e+08,
      2.770472e+08,
      2.3612773e+08,
      2.4834923e+08,
      1.4904635e+07,
      6.5647988e+07,
      6.785536e+07,
      9.354321e+07,
      1.2079667e+08,
      2.929699e+08,
      3.3579168e+08,
      2.4161189e+08,
      2.8355667e+08,
      3.2523568e+08,
      3.810027e+08,
      2.5391608e+08,
      2.906319e+08,
      2.4724522e+08,
      3.1212806e+08,
      2.834388e+08,
      3.062543e+08,
      2.725281e+08,
      3.7265002e+08,
      1.745044e+08,
      1.7943994e+08,
      2.469941e+08,
      2.020996e+08,
      1.707119e+08,
      2.2835698e+08,
      2.0258368e+08,
      2.1278323e+08,
      1.8775067e+08,
      106543.71,
      44317.016,
      44056.97,
      33554.434,
      34024.195,
      55348.035,
      18740.15,
      18027.12,
      30450.646,
      15527.313,
      27548.19,
      67024.98,
      23119.004,
      16198.402,
      39577.453,
      37740.348,
      19033.752,
      37740.348,
      92073.36,
      34779.168,
      36104.57,
      40709.914,
      66949.48,
      16844.324,
      21281.898,
      23580.377,
      32883.344,
      31641.83,
      23093.838,
      22582.133,
      23530.045,
      18849.203,
      21994.93,
      22573.744,
      17028.875,
      26206.012,
      263209.34,
      278417.9,
      45533.363,
      20501.758,
      33646.707,
      82585.84,
      32589.742,
      15653.143,
      36247.176,
      27942.453,
      465550.97,
      19964.887,
      32245.809,
      81067.51,
      34913.387,
      22556.967,
      42874.176,
      41783.656,
      88483.04,
      18454.938,
      38109.445,
      36960.207,
      23362.273,
      120829.51,
      346147.53,
      28856.81,
      29980.885,
      97173.63,
      23613.932,
      110721.234,
      46657.438,
      38646.316,
      71076.67,
      58560.87,
      56237.227,
      108666.03,
      39376.125,
      23714.596,
      55507.418,
      27816.625,
      18387.828,
      26583.498,
      20141.047,
      20191.379,
      18756.928,
      18228.445,
      34493.957,
      23781.703,
      20241.71,
      18656.264,
      79347.84,
      16315.843,
      13597.934,
      137548,
      94304.734,
      34871.445,
      28294.775,
      38746.98,
      40718.305,
      91167.39,
      97391.74,
      37480.3,
      39258.684,
      36087.793,
      31893.488,
      67377.3,
      31205.621,
      22171.092,
      86612.375,
      42219.863,
      26340.229,
      19579.012,
      20182.99,
      25912.41,
      22942.844,
      20166.213,
      24880.611,
      19486.736,
      24310.186,
      34376.516,
      21852.324,
      28194.111,
      18295.555,
      70330.086,
      46942.65,
      40584.086,
      37715.18,
      18949.865,
      52688.848,
      84339.06,
      43503.32,
      18035.508,
      18169.725,
      27137.146,
      25677.53,
      73912.02,
      49199.188,
      21290.287,
      27246.2,
      74096.58,
      30358.373,
      110192.76,
      34527.51,
      34342.96,
      23873.979,
      37253.81,
      34745.613,
      39166.41,
      37731.957,
      39485.18,
      35794.19,
      23051.895,
      61211.67,
      62981.668,
      71194.12,
      33009.17,
      36297.508,
      26390.56,
      27204.256,
      47848.62,
      24838.668,
      26440.893,
      90940.9,
      49744.445,
      46766.49,
      60129.543,
      23580.377,
      48142.223,
      95638.52,
      93793.02,
      87384.13,
      24889,
      23077.06,
      20854.08,
      20728.25,
      31029.46,
      50541.363,
      70330.086,
      37857.79,
      42261.81,
      21315.453,
      56866.375,
      45046.824,
      51917.094,
      49442.457,
      29544.678,
      26801.604,
      20711.473,
      22691.186,
      18589.156,
      37547.41,
      63619.203,
      35282.484,
      16525.559,
      18714.984,
      68107.11,
      37161.535,
      29896.998,
      29150.412,
      22355.64,
      130333.805,
      57319.36,
      22288.531,
      30274.486,
      23865.59,
      22909.29,
      48737.812,
      23664.264,
      36398.17,
      44526.73,
      30383.54,
      30098.326,
      22229.81,
      22515.023,
      80304.14,
      26658.996,
      47831.844,
      23597.154,
      24058.527,
      26617.053,
      33839.645,
      22204.645,
      35232.152,
      17800.627,
      24461.182,
      59441.676,
      38847.645,
      24939.332,
      20543.701,
      29083.305,
      35836.133,
      24587.01,
      11525.947,
      90454.36,
      24377.295,
      290824.66,
      1.2085971e+06,
      3.7638008e+06,
      2.3511255e+06,
      1.7289676e+06,
      707344.2,
      1.5635275e+06,
      933954.06,
      106308.83,
      79347.84,
      27548.19,
      85127.59,
      43092.277,
      21458.059,
      30945.574,
      36012.293,
      40760.246,
      33109.836,
      20904.412,
      22968.008,
      59433.29,
      40684.75,
      112382.18,
      26021.463,
      48242.883,
      40282.094,
      47303.36,
      20275.266,
      24964.498,
      32572.965,
      23244.832,
      194540.2,
      37648.074,
      44358.96,
      39434.848,
      38990.25,
      38411.438,
      21458.059,
      54047.8,
      45415.92,
      36574.332,
      29225.91,
      24981.275,
      24687.674,
      46841.99,
      61589.16,
      46288.34,
      23714.596,
      22187.867,
      27883.732,
      59785.61,
      26331.84,
      23177.725,
      85270.2,
      26004.686,
      19159.58,
      24813.502,
      20812.137,
      20552.09,
      21567.111,
      26281.51,
      35257.32,
      37262.195,
      24612.176,
      61849.207,
      33780.926,
      36037.46,
      42983.227,
      25711.084,
      37664.85,
      25820.135,
      49241.13,
      37673.24,
      22682.797,
      34846.277,
      36582.72,
      21273.51,
      19167.969,
      19285.41,
      25920.799,
      60020.492,
      38176.555,
      27313.309,
      23798.48,
      19545.457,
      51053.066,
      30358.373,
      34309.406,
      25744.639,
      33218.887,
      34208.742,
      22615.688,
      33629.93,
      18782.094,
      24461.182,
      490641.28,
      42194.7,
      19771.95,
      1.4262949e+07,
      1.7712413e+08,
      1.8769702e+08,
      1.7818342e+08,
      1.8051454e+08,
      1.749775e+08,
      1.8048043e+08,
      8.2266744e+07,
      1.4621523e+08,
      1.0392163e+08,
      1.5649795e+08,
      2.123705e+08,
      2.115606e+08,
      2.031573e+08,
      2.0608106e+08,
      1.7657392e+08,
      2.030904e+08,
      2.1718014e+08,
      2.3612218e+08,
      1.2902736e+08,
      1.4175984e+08,
      1.6455126e+08,
      1.6545419e+08,
      2.3109827e+08,
      2.4411992e+08,
      2.5881357e+08,
      2.7203843e+08,
      3.007704e+08,
      3.0232054e+08,
      3.0136157e+08,
      3.1079808e+08,
      3.1672224e+08,
      2.9322205e+08,
      3.0721056e+08,
      1.9386322e+08,
      3.030397e+08,
      3.1019235e+08,
      2.440228e+08,
      2.5756986e+08,
      2.399501e+08,
      2.5253722e+08,
      1.8257718e+08,
      1.9713886e+08,
      2.2073222e+08,
      2.4439962e+08,
      2.6802277e+08,
      2.775991e+08,
      2.4154056e+08,
      2.4188677e+08,
      1.775936e+08,
      2.6369752e+08,
      2.7331043e+08,
      1.3676925e+08,
      1.1150568e+08,
      7.388612e+07,
      1.2350818e+08,
      1.261251e+08,
      1.30093736e+08,
      1.6145938e+08,
      1.2762266e+08,
      1.506705e+08,
      1.8843218e+08,
      1.9640779e+08,
      1.5239157e+08,
      2.1131134e+08,
      2.2671797e+08,
      1.77714e+08,
      1.2230991e+08,
      3.9829068e+07,
      1.1284105e+08,
      7.061625e+07,
      9.7099176e+07,
      1.18897224e+08,
      8.366463e+07,
      1.3952893e+08,
      1.0421955e+08,
      1.0959759e+08,
      1.460593e+08,
      1.0464603e+08,
      1.2554756e+08,
      1.327183e+08,
      8.182523e+07,
      1.0181499e+08,
      1.8704898e+08,
      2.1424136e+08,
      2.3104507e+08,
      2.2527782e+08,
      1.8084128e+08,
      2.28883e+08,
      2.1083819e+08,
      2.0239331e+08,
      2.7216803e+08,
      2.8509194e+08,
      2.5977914e+08,
      2.1164902e+08,
      2.4914442e+08,
      2.4424886e+08,
      1.5955926e+08,
      1.5498603e+08,
      8.182178e+07,
      1.8426845e+08,
      1.4904509e+08,
      1.485551e+08,
      1.9692661e+08,
      5.3316868e+07,
      1.0450761e+08,
      8.650527e+07,
      6.0219492e+07,
      9.762744e+07,
      6.740406e+07,
      9.4993304e+07,
      1.0830242e+08,
      1.1599521e+08,
      1.0703994e+08,
      1.5426256e+08,
      1.0981261e+08,
      1.27772856e+08,
      1.5949381e+08,
      1.6773258e+08,
      1.8125408e+08,
      2.089186e+08,
      2.1586198e+08,
      1.7112107e+08,
      2.1692083e+08,
      2.7357603e+08,
      3.0843517e+08,
      2.6844986e+08,
      2.1512699e+08,
      1.0758672e+08,
      5.2483736e+07,
      8.25852e+07,
      8.139744e+07,
      7.999116e+07,
      8.050897e+07,
      9.925339e+07,
      9.956821e+07,
      8.947816e+07,
      1.24914376e+08,
      1.04865224e+08,
      4.7949416e+07,
      6.903137e+07,
      57168.363,
      21458.059,
      22523.412,
      18563.99,
      82149.64,
      811530.7,
      756837,
      346642.44,
      363168,
      433263.22,
      472849.06,
      397452.25,
      286160.6,
      426099.34,
      418499.25,
      347548.4,
      405404.66,
      428146.16,
      341777.06,
      550695.3,
      478846.9,
      387604.03,
      342867.56,
      339109.47,
      368159.22,
      592051.2,
      419061.3,
      370088.6,
      502469.22,
      508509.03,
      354376.75,
      275540.6,
      430545.3,
      483368.38,
      378485.6,
      379123.12,
      566751.1,
      417358.4,
      401269.06,
      447758.72,
      356314.5,
      560208,
      378636.6,
      393182.44,
      366389.22,
      210000.4,
      154736.27,
      222415.55,
      168191.6,
      170758.5,
      168812.34,
      193239.97,
      205588,
      267001,
      190329.12,
      129394.28,
      106719.87,
      135870.28,
      191612.58,
      183014.27,
      132942.66,
      159073.17,
      647474.7,
      626209.56,
      582211.3,
      600993.44,
      545897.06,
      527987.4,
      565132.1,
      517484.84,
      502259.5,
      562682.7,
      512602.66,
      508752.3,
      537542,
      479987.75,
      267638.53,
      76646.71,
      92803.17,
      84724.94,
      38470.156,
      79230.41,
      110603.8,
      20703.084,
      28613.541,
      38839.254,
      47160.754,
      45667.582,
      33176.945,
      47857.008,
      42396.023,
      55037.656,
      255818.98,
      360986.97,
      342104.22,
      426879.47,
      467589.4,
      444730.44,
      375490.88,
      440787.78,
      431258.34,
      394197.47,
      351046.47,
      387889.22,
      371288.2,
      342087.44,
      320956.53,
      402468.62,
      387343.97,
      382688.3,
      364652.78,
      449528.72,
      348420.84,
      383476.8,
      409229.84,
      377881.62,
      369350.4,
      346046.84,
      351457.5,
      390900.75,
      360215.22,
      374006.1,
      452884.16,
      334344.75,
      300572.22,
      300177.94,
      366993.22,
      24679.285,
      20040.385,
      22162.703,
      21869.102,
      22078.816,
      32690.406,
      25685.918,
      24645.73,
      49668.95,
      59643.004,
      26315.062,
      32656.852,
      21332.23,
      22657.63,
      67494.74,
      29066.527,
      32463.912,
      21869.102,
      511931.6,
      65087.21,
      26768.049,
      23681.041,
      29167.19,
      39921.387,
      103523.81,
      137086.62,
      39082.523,
      22481.469,
      30853.3,
      72460.8,
      24595.398,
      22036.873,
      24192.746,
      35710.305,
      26566.72,
      26960.986,
      29704.06,
      26591.887,
      36708.547,
      25417.482,
      70313.31,
      17783.85,
      18631.098,
      23454.549,
      73098.33,
      26583.498,
      28605.152,
      19713.229,
      16944.988,
      19553.846,
      39728.45,
      30190.6,
      24159.191,
      43310.383,
      21525.168,
      24696.062,
      35928.406,
      52336.523,
      18941.477,
      28395.438,
      34712.06,
      29695.672,
      20149.436,
      18748.54,
      35945.184,
      56044.29,
      26793.215,
      21390.951,
      18530.436,
      41800.434,
      30903.633,
      18933.088,
      21533.557,
      22162.703,
      580684.6,
      43578.82,
      20862.469,
      21256.732,
      47580.184,
      20065.55,
      36205.23,
      20526.924,
      37513.855,
      34057.75,
      44728.06,
      24947.72,
      18547.213,
      16408.117,
      21894.268,
      30551.31,
      20870.857,
      19293.799,
      21617.443,
      85110.82,
      18530.436,
      31004.295,
      25224.545,
      20661.14,
      49174.02,
      58770.586,
      35777.414,
      45843.742,
      87644.18,
      101200.164,
      75732.35,
      31734.104,
      17532.191,
      19897.777,
      20199.768,
      32656.852,
      34275.85,
      19360.908,
      22137.537,
      19579.012,
      35265.707,
      26784.826,
      31809.602,
      18698.207,
      28252.832,
      83055.61,
      133982.84,
      63728.254,
      44652.56,
      20719.861,
      179751.1,
      36968.594,
      21902.656,
      56547.605,
      19964.887,
      20216.545,
      25165.824,
      46925.875,
      62067.312,
      20736.639,
      59349.402,
      43897.586,
      18832.426,
      20208.156,
      19360.908,
      19553.846,
      44744.836,
      70086.82,
      44862.277,
      18211.668,
      19872.613,
      25476.203,
      18211.668,
      31918.654,
      20409.482,
      23395.828,
      29142.023,
      18991.809,
      45734.69,
      21198.012,
      20526.924,
      49014.637,
      25392.316,
      21642.61,
      44795.168,
      18085.838,
      40844.133,
      27413.97,
      13874.758,
      25727.861,
      63375.934,
      23815.258,
      17314.086,
      19713.229,
      28991.03,
      27095.203,
      32430.36,
      19805.504,
      21650.998,
      17674.797,
      20300.432,
      25182.602,
      18513.658,
      512896.28,
      23681.041,
      43243.273,
      45508.2,
      92836.73,
      8.208901e+07,
      1.2677403e+08,
      1.4462677e+08,
      1.9386584e+08,
      2.1230077e+08
    ],
    "uplinkThroughputBps": [
      81570.82,
      69138.91,
      89917.49,
      80211.87,
      64986.547,
      87501.57,
      65481.473,
      61312.336,
      96125.06,
      85421.195,
      65657.63,
      77737.23,
      48033.168,
      99446.945,
      101778.984,
      127850.77,
      49736.06,
      54291.07,
      105713.234,
      88021.664,
      82149.64,
      77233.914,
      66060.29,
      81663.1,
      68014.836,
      64399.344,
      67561.85,
      78391.54,
      86998.25,
      65062.043,
      87551.9,
      66706.21,
      66773.32,
      90974.45,
      52453.965,
      36448.5,
      75950.45,
      77284.24,
      78290.875,
      83173.05,
      73056.39,
      71571.6,
      81595.99,
      63174.605,
      85656.08,
      83349.21,
      62453.188,
      59802.387,
      66546.83,
      77493.96,
      103800.63,
      38252.05,
      57529.074,
      66840.43,
      783227.56,
      78626.42,
      77208.75,
      79280.734,
      81126.23,
      76797.7,
      56748.934,
      67075.31,
      84297.125,
      62226.695,
      90982.84,
      79825.99,
      93944.02,
      81797.32,
      98129.94,
      80127.984,
      63451.43,
      90697.63,
      71068.29,
      70187.484,
      89833.6,
      74339.84,
      74088.19,
      80388.03,
      136314.88,
      65439.53,
      89061.85,
      54744.055,
      80480.305,
      79968.6,
      71630.32,
      91234.5,
      64189.63,
      77091.305,
      83860.914,
      93407.15,
      78467.04,
      70481.086,
      91746.2,
      66311.945,
      62277.027,
      59022.246,
      79381.4,
      92987.72,
      78827.75,
      89170.91,
      63006.836,
      62058.92,
      75036.1,
      51883.54,
      70992.79,
      46791.656,
      58191.773,
      76051.12,
      74625.055,
      56530.83,
      79725.33,
      50021.27,
      68115.5,
      80169.93,
      61488.496,
      66915.93,
      59550.727,
      67377.3,
      89682.61,
      75296.15,
      100990.45,
      1.2510774e+08,
      3.4957274e+08,
      4.009376e+08,
      3.9933e+08,
      3.7898403e+08,
      3.9811478e+08,
      4.0641898e+08,
      4.1178266e+08,
      3.749055e+08,
      3.812189e+08,
      3.030852e+08,
      2.2959987e+08,
      3.2039955e+08,
      3.735355e+08,
      4.1069718e+08,
      3.971229e+08,
      4.2175488e+08,
      3.6214963e+08,
      4.0178746e+08,
      3.8664422e+08,
      3.9642714e+08,
      4.0750454e+08,
      4.007094e+08,
      4.129275e+08,
      3.921926e+08,
      3.8598054e+08,
      3.880022e+08,
      3.9886707e+08,
      3.9760963e+08,
      4.04312e+08,
      3.8634816e+08,
      4.071077e+08,
      3.303058e+08,
      3.8598093e+08,
      4.139657e+08,
      4.0220026e+08,
      4.0719453e+08,
      4.0046454e+08,
      3.9503e+08,
      3.98849e+08,
      3.9560902e+08,
      3.9070733e+08,
      4.0435443e+08,
      3.9632826e+08,
      3.9045907e+08,
      3.8533363e+08,
      3.7939136e+08,
      3.9892176e+08,
      4.1757626e+08,
      4.0096262e+08,
      3.9923507e+08,
      4.205082e+08,
      4.0313312e+08,
      3.771117e+08,
      4.9439222e+08,
      3.5079917e+08,
      3.797174e+08,
      3.879814e+08,
      3.9531107e+08,
      3.877897e+08,
      4.051141e+08,
      4.0594006e+08,
      4.095104e+08,
      3.903872e+08,
      3.862698e+08,
      3.9432246e+08,
      4.1298925e+08,
      4.067394e+08,
      3.8932906e+08,
      4.064354e+08,
      3.9956467e+08,
      4.120242e+08,
      4.2342845e+08,
      4.016629e+08,
      4.2211446e+08,
      4.0417258e+08,
      3.509559e+08,
      3.6345203e+08,
      3.9513738e+08,
      4.1941792e+08,
      3.9303043e+08,
      4.1343434e+08,
      4.1867894e+08,
      4.171578e+08,
      4.4767264e+08,
      3.5508832e+08,
      3.9971798e+08,
      3.9929354e+08,
      3.8582e+08,
      3.978656e+08,
      4.150162e+08,
      4.1270083e+08,
      3.8120176e+08,
      4.0892176e+08,
      4.0715235e+08,
      3.897713e+08,
      4.135432e+08,
      4.0809286e+08,
      3.720644e+08,
      4.4501526e+08,
      3.5927347e+08,
      3.8817696e+08,
      4.0473523e+08,
      3.847849e+08,
      3.997588e+08,
      3.7865296e+08,
      4.0123114e+08,
      4.0615424e+08,
      3.955813e+08,
      4.021363e+08,
      4.0343814e+08,
      4.013775e+08,
      3.9403098e+08,
      3.809461e+08,
      4.381255e+08,
      3.624928e+08,
      3.8360883e+08,
      3.971314e+08,
      3.94954e+08,
      3.8948064e+08,
      2.6734909e+08,
      76789.32,
      74801.22,
      63652.758,
      75405.195,
      75967.234,
      76856.43,
      111593.65,
      71907.15,
      71437.38,
      76546.05,
      72653.734,
      128177.93,
      86511.71,
      90043.32,
      68954.36,
      85152.76,
      85790.3,
      73140.27,
      73693.92,
      70330.086,
      74406.95,
      84548.78,
      59424.9,
      86964.695,
      78056,
      70883.734,
      106040.39,
      83105.94,
      76302.78,
      96007.62,
      94564.78,
      81914.76,
      69315.07,
      80849.41,
      99950.266,
      50793.02,
      96863.26,
      67855.45,
      47739.566,
      85672.85,
      70187.484,
      77040.98,
      85765.125,
      84917.875,
      69071.8,
      73484.2,
      81671.484,
      69180.85,
      74021.08,
      92484.41,
      75363.26,
      66915.93,
      61236.84,
      61480.11,
      72704.06,
      62478.35,
      92870.28,
      90613.74,
      83751.86,
      72947.336,
      80362.87,
      461952.25,
      86083.9,
      53385.1,
      76227.28,
      77527.516,
      76957.086,
      88105.55,
      92551.516,
      60439.92,
      179902.1,
      66328.73,
      86402.664,
      71722.6,
      83558.92,
      78727.086,
      86352.33,
      85312.14,
      80790.69,
      69222.8,
      69071.8,
      84188.07,
      78777.414,
      67360.52,
      97240.74,
      81193.336,
      74767.664,
      70825.016,
      79649.836,
      65968.016,
      98809.414,
      76025.95,
      82233.52,
      76294.39,
      83231.766,
      65607.305,
      72125.25,
      74868.33,
      66311.945,
      79163.3,
      63082.332,
      76848.04,
      80664.85,
      66714.6,
      66295.17,
      190102.64,
      700759.1,
      1.9922356e+06,
      1.4779972e+06,
      779930.8,
      492058.97,
      1.0424607e+06,
      414506.28,
      65196.26,
      75489.086,
      77619.79,
      66605.55,
      70128.766,
      74054.63,
      67410.85,
      85052.09,
      91075.12,
      85706.41,
      71269.62,
      72125.25,
      81839.26,
      75346.48,
      64298.68,
      69021.47,
      65875.74,
      70288.15,
      72871.836,
      95823.07,
      77770.78,
      73735.87,
      80060.875,
      133949.3,
      77636.57,
      74591.5,
      75363.26,
      111652.375,
      78769.03,
      90613.74,
      42924.508,
      13774.095,
      10032.775,
      17389.584,
      14596.178,
      21038.629,
      10586.423,
      14596.178,
      14034.142,
      10032.775,
      15141.4375,
      13002.343,
      10032.775,
      21944.598,
      10032.775,
      10032.775,
      15309.21,
      10032.775,
      14034.142,
      14596.178,
      10586.423,
      10586.423,
      14587.789,
      26994.541,
      10032.775,
      15141.4375,
      10586.423,
      10032.775,
      22036.873,
      10032.775,
      10032.775,
      14587.789,
      10032.775,
      16835.936,
      14587.789,
      20090.717,
      10586.423,
      14646.51,
      14956.888,
      10032.775,
      15149.826,
      11467.228,
      10032.775,
      32925.285,
      10032.775,
      10032.775,
      14587.789,
      10032.775,
      14587.789,
      24033.361,
      13455.327,
      11307.844,
      15376.318,
      16835.936,
      10032.775,
      24805.113,
      93642.03,
      58963.527,
      119613.164,
      93272.93,
      153394.08,
      409364.06,
      470709.97,
      440544.53,
      481220.88,
      485499.06,
      476347.1,
      591849.9,
      666718.2,
      518734.75,
      413927.47,
      451693,
      452439.56,
      451055.44,
      437927.28,
      358067.72,
      409439.56,
      402292.47,
      412157.47,
      348194.34,
      337935.06,
      375541.2,
      439596.62,
      517602.28,
      447288.97,
      479744.5,
      476238.06,
      491891.2,
      483393.53,
      493870.9,
      506965.53,
      521955.97,
      452598.97,
      527609.9,
      399020.9,
      518474.7,
      509918.3,
      453202.94,
      530092.94,
      463235.72,
      492763.62,
      544731.06,
      514045.5,
      543984.44,
      578654.56,
      471397.8,
      498350.44,
      403466.88,
      834851.06,
      1.3147298e+06,
      419262.62,
      449168,
      314379.88,
      345073.78,
      288006.1,
      377990.7,
      364183.03,
      407694.75,
      456038.28,
      644698.06,
      677371.7,
      537793.7,
      631813.2,
      755352.2,
      461423.78,
      550435.3,
      539161,
      324286.8,
      304296.75,
      303818.6,
      301520.12,
      366322.12,
      372168.97,
      663186.56,
      404825.84,
      972533.25,
      356163.53,
      359418.3,
      348437.62,
      355962.2,
      405949.9,
      307954.2,
      354871.7,
      451609.1,
      472865.84,
      527861.56,
      476414.22,
      460794.62,
      483460.66,
      464737.28,
      409062.1,
      839733.2,
      539924.4,
      496228.1,
      427659.62,
      497721.28,
      459972.53,
      384634.47,
      519196.12,
      621713.3,
      501152.22,
      445762.25,
      845127.06,
      660435.1,
      619532.25,
      373804.75,
      302006.66,
      356440.34,
      599273.75,
      582848.9,
      327499.66,
      367119.03,
      369283.3,
      370071.84,
      416267.9,
      332960.62,
      390053.5,
      405069.1,
      403324.28,
      446248.78,
      481288,
      474233.2,
      432415.97,
      438095.06,
      512963.38,
      527542.75,
      472849.06,
      485650.06,
      345669.38,
      385196.5,
      678084.75,
      352782.9,
      347657.47,
      357916.75,
      356650.06,
      314866.4,
      385683.03,
      377655.12,
      347061.88,
      329655.53,
      263872.06,
      68862.086,
      88080.38,
      67914.17,
      76286,
      1.7145476e+06,
      3.0362776e+07,
      9.917549e+06,
      7.574787e+06,
      9.340379e+06,
      1.2210441e+07,
      1.3229699e+07,
      1.0730984e+07,
      6.107989e+06,
      1.0820784e+07,
      1.1037269e+07,
      8.897545e+06,
      1.077947e+07,
      1.258922e+07,
      9.877334e+06,
      1.5368265e+07,
      1.3320799e+07,
      9.230287e+06,
      8.681572e+06,
      9.376778e+06,
      1.0719517e+07,
      1.6300533e+07,
      1.1411711e+07,
      1.0089843e+07,
      1.5472343e+07,
      1.3902868e+07,
      9.175283e+06,
      7.1952615e+06,
      1.0360199e+07,
      1.3329372e+07,
      1.0272161e+07,
      9.837698e+06,
      1.5588173e+07,
      1.0857677e+07,
      1.0406966e+07,
      1.179445e+07,
      9.55668e+06,
      1.5157485e+07,
      9.182841e+06,
      1.0778606e+07,
      9.481551e+06,
      5.4542645e+06,
      4.2367925e+06,
      3.5571975e+06,
      3.3614915e+06,
      2.8560525e+06,
      3.1468185e+06,
      3.1675048e+06,
      4.016323e+06,
      5.264363e+06,
      4.0094108e+06,
      3.23026e+06,
      2.9924512e+06,
      4.1234622e+06,
      4.882631e+06,
      4.9828665e+06,
      3.2464332e+06,
      4.0080518e+06,
      1.9519612e+07,
      2.0112576e+07,
      1.9618572e+07,
      2.1205974e+07,
      1.841724e+07,
      2.0404844e+07,
      1.9268054e+07,
      1.7495046e+07,
      1.802164e+07,
      1.8791296e+07,
      1.7268948e+07,
      1.8302744e+07,
      1.8510008e+07,
      1.6265083e+07,
      7.9226795e+06,
      1.8225509e+06,
      2.0790745e+06,
      2.0341955e+06,
      563429.25,
      301226.53,
      365793.62,
      169785.42,
      278921.22,
      461046.28,
      281144.2,
      350224.38,
      246205.64,
      419916.94,
      376203.9,
      1.01194294e+06,
      8.533588e+06,
      1.4159987e+07,
      1.1453747e+07,
      1.4622308e+07,
      1.1018361e+07,
      1.4744916e+07,
      1.2985683e+07,
      1.5654275e+07,
      1.5888938e+07,
      1.3196874e+07,
      1.0652492e+07,
      1.3398813e+07,
      1.2090442e+07,
      1.356167e+07,
      1.1510521e+07,
      1.3380392e+07,
      1.370816e+07,
      1.2584212e+07,
      1.1282242e+07,
      1.3273152e+07,
      1.338639e+07,
      1.2708322e+07,
      1.3291775e+07,
      1.226563e+07,
      1.1124519e+07,
      1.2652898e+07,
      1.1359526e+07,
      1.2180049e+07,
      1.2943706e+07,
      1.3992609e+07,
      1.5149885e+07,
      1.1716914e+07,
      9.534265e+06,
      1.0460535e+07,
      1.0792171e+07,
      71068.29,
      72737.62,
      71185.73,
      70858.57,
      68081.945,
      92450.85,
      76420.22,
      79414.95,
      77183.586,
      72494.35,
      98087.99,
      71789.71,
      73316.44,
      91502.94,
      66706.21,
      117943.83,
      78819.36,
      84263.57,
      81654.71,
      79792.44,
      76638.32,
      84011.91,
      88063.61,
      73240.94,
      196285.03,
      338027.34,
      80438.36,
      93683.98,
      87904.23,
      96049.56,
      85597.36,
      84607.5,
      74155.3,
      87694.51,
      82426.46,
      73610.04,
      60985.18,
      80295.76,
      76445.38,
      69130.516,
      97257.52,
      73769.42,
      76000.79,
      91402.27,
      65749.91,
      89850.38,
      76118.23,
      74851.55,
      71412.22,
      80580.97,
      72133.64,
      69642.23,
      69130.516,
      77745.62,
      93340.04,
      70606.914,
      66160.95,
      44929.383,
      79406.56,
      70900.516,
      60960.016,
      76168.56,
      66639.1,
      92056.586,
      53007.613,
      78710.31,
      73895.25,
      82954.945,
      72393.69,
      70556.58,
      76227.28,
      66228.06,
      78081.164,
      72024.586,
      56975.426,
      105000.2,
      72452.41,
      67964.5,
      73115.11,
      64911.047,
      73979.13,
      78903.25,
      85278.586,
      76344.72,
      74583.12,
      76378.27,
      65053.656,
      104471.73,
      65892.516,
      63677.92,
      81252.055,
      67553.46,
      70648.86,
      73576.484,
      70179.09,
      90286.586,
      89967.82,
      76327.945,
      80027.32,
      73417.09,
      69650.61,
      76822.875,
      102257.13,
      111165.836,
      71429,
      85043.71,
      68518.15,
      60767.08,
      84339.06,
      64189.63,
      73895.25,
      68098.72,
      73794.586,
      69130.516,
      88642.42,
      91653.93,
      74255.96,
      71420.61,
      75732.35,
      78525.76,
      152454.56,
      117323.07,
      66303.555,
      79918.266,
      155583.52,
      92350.19,
      73140.27,
      80924.9,
      77024.195,
      95948.9,
      76395.055,
      68459.43,
      94287.95,
      72687.29,
      66035.125,
      94791.27,
      65565.36,
      76512.49,
      65976.4,
      68140.664,
      89967.82,
      68149.055,
      76319.555,
      64500.008,
      78332.82,
      73500.984,
      76202.12,
      72527.91,
      66303.555,
      74088.19,
      80950.07,
      74851.55,
      79280.734,
      105570.63,
      95546.24,
      80673.24,
      33621.54,
      10586.423,
      10032.775,
      25065.16,
      13774.095,
      10032.775,
      14587.789,
      14210.302,
      10586.423,
      23328.719,
      11064.574,
      13564.379,
      14596.178,
      10955.522,
      13765.706,
      14587.789,
      20073.94,
      10032.775,
      14587.789,
      18211.668,
      10032.775,
      16231.956,
      8942.256,
      10854.858,
      18060.674,
      20241.71,
      78618.03,
      67117.25,
      82812.336,
      85538.63,
      76411.83
    ],
    "outages": [
      {
        "cause": "BOOTING",
        "startTimestampNs": "1400870898638265443",
        "durationNs": "44282467437",
        "didSwitch": false
      },
      {
        "cause": "NO_SCHEDULE",
        "startTimestampNs": "1400870943220659331",
        "durationNs": "11699937280",
        "didSwitch": false
      },
      {
        "cause": "NO_DOWNLINK",
        "startTimestampNs": "1400870955020621147",
        "durationNs": "1900104074",
        "didSwitch": false
      },
      {
        "cause": "NO_PINGS",
        "startTimestampNs": "1400870957460671766",
        "durationNs": "1920137469",
        "didSwitch": false
      },
      {
        "cause": "NO_DOWNLINK",
        "startTimestampNs": "1400871324280752397",
        "durationNs": "719932373",
        "didSwitch": true
      },
      {
        "cause": "NO_DOWNLINK",
        "startTimestampNs": "1400871382520776965",
        "durationNs": "499993640",
        "didSwitch": true
      },
      {
        "cause": "NO_PINGS",
        "startTimestampNs": "1400871450060776486",
        "durationNs": "719983941",
        "didSwitch": true
      },
      {
        "cause": "NO_DOWNLINK",
        "startTimestampNs": "1400871563900772453",
        "durationNs": "980031429",
        "didSwitch": true
      },
      {
        "cause": "NO_DOWNLINK",
        "startTimestampNs": "1400871646000724318",
        "durationNs": "840016140",
        "didSwitch": true
      },
      {
        "cause": "NO_DOWNLINK",
        "startTimestampNs": "1400871757060750431",
        "durationNs": "600054296",
        "didSwitch": true
      },
      {
        "cause": "NO_DOWNLINK",
        "startTimestampNs": "1400871870020727666",
        "durationNs": "860088950",
        "didSwitch": true
      },
      {
        "cause": "NO_DOWNLINK",
        "startTimestampNs": "1400871924540789580",
        "durationNs": "679943873",
        "didSwitch": true
      },
      {
        "cause": "NO_DOWNLINK",
        "startTimestampNs": "1400871995380770149",
        "durationNs": "479966964",
        "didSwitch": true
      },
      {
        "cause": "NO_DOWNLINK",
        "startTimestampNs": "1400872050920704787",
        "durationNs": "820117175",
        "didSwitch": true
      },
      {
        "cause": "NO_DOWNLINK",
        "startTimestampNs": "1400872063200690120",
        "durationNs": "1180065274",
        "didSwitch": true
      },
      {
        "cause": "NO_DOWNLINK",
        "startTimestampNs": "1400872076500711902",
        "durationNs": "1060045643",
        "didSwitch": true
      },
      {
        "cause": "NO_DOWNLINK",
        "startTimestampNs": "1400872235620802767",
        "durationNs": "520031097",
        "didSwitch": true
      },
      {
        "cause": "NO_DOWNLINK",
        "startTimestampNs": "1400872249900726892",
        "durationNs": "860056579",
        "didSwitch": true
      },
      {
        "cause": "NO_DOWNLINK",
        "startTimestampNs": "1400872535640900675",
        "durationNs": "659854538",
        "didSwitch": true
      },
      {
        "cause": "NO_DOWNLINK",
        "startTimestampNs": "1400872538980828742",
        "durationNs": "780044628",
        "didSwitch": true
      },
      {
        "cause": "NO_DOWNLINK",
        "startTimestampNs": "1400872766400767128",
        "durationNs": "659999786",
        "didSwitch": true
      },
      {
        "cause": "NO_DOWNLINK",
        "startTimestampNs": "1400872797920687781",
        "durationNs": "880002626",
        "didSwitch": true
      },
      {
        "cause": "NO_DOWNLINK",
        "startTimestampNs": "1400872823700737237",
        "durationNs": "480161139",
        "didSwitch": true
      },
      {
        "cause": "NO_DOWNLINK",
        "startTimestampNs": "1400872868380747509",
        "durationNs": "899971234",
        "didSwitch": true
      },
      {
        "cause": "OBSTRUCTED",
        "startTimestampNs": "1400872877420692279",
        "durationNs": "560061318",
        "didSwitch": true
      },
      {
        "cause": "NO_DOWNLINK",
        "startTimestampNs": "1400873029420678343",
        "durationNs": "500079176",
        "didSwitch": true
      },
      {
        "cause": "NO_DOWNLINK",
        "startTimestampNs": "1400873236460756375",
        "durationNs": "660014514",
        "didSwitch": true
      },
      {
        "cause": "NO_DOWNLINK",
        "startTimestampNs": "1400873283460788556",
        "durationNs": "780026093",
        "didSwitch": true
      },
      {
        "cause": "NO_DOWNLINK",
        "startTimestampNs": "1400873494500724204",
        "durationNs": "880071694",
        "didSwitch": true
      },
      {
        "cause": "NO_DOWNLINK",
        "startTimestampNs": "1400873612220680617",
        "durationNs": "500014699",
        "didSwitch": true
      },
      {
        "cause": "NO_DOWNLINK",
        "startTimestampNs": "1400873671040766594",
        "durationNs": "819949973",
        "didSwitch": true
      },
      {
        "cause": "NO_DOWNLINK",
        "startTimestampNs": "1400873859800735532",
        "durationNs": "540060563",
        "didSwitch": true
      },
      {
        "cause": "NO_DOWNLINK",
        "startTimestampNs": "1400873982380770506",
        "durationNs": "520001288",
        "didSwitch": true
      },
      {
        "cause": "NO_DOWNLINK",
        "startTimestampNs": "1400874527760675774",
        "durationNs": "780134057",
        "didSwitch": true
      },
      {
        "cause": "NO_PINGS",
        "startTimestampNs": "1400874587500744403",
        "durationNs": "880099456",
        "didSwitch": true
      },
      {
        "cause": "NO_PINGS",
        "startTimestampNs": "1400874600720701633",
        "durationNs": "1280061188",
        "didSwitch": true
      },
      {
        "cause": "NO_DOWNLINK",
        "startTimestampNs": "1400874625600749235",
        "durationNs": "600001404",
        "didSwitch": true
      },
      {
        "cause": "NO_DOWNLINK",
        "startTimestampNs": "1400874742000740869",
        "durationNs": "779970511",
        "didSwitch": true
      }
    ]
  }
}
End time: 1716839630064
