Start time: 1716943356364
{
  "id": "0",
  "status": null,
  "apiVersion": "17",
  "dishGetHistory": {
    "current": "4438",
    "popPingDropRate": [
      0,
      0,
      0,
      0,
      0,
      0,
      0,
      0,
      0,
      0,
      0,
      0,
      0,
      0,
      0,
      0,
      0,
      0,
      0,
      0,
      0,
      0,
      0,
      0,
      0,
      0,
      0,
      0,
      0,
      0,
      0,
      0,
      0,
      0,
      0,
      0,
      0,
      0,
      0,
      0,
      0,
      0,
      0,
      0,
      0,
      0,
      0,
      0,
      0,
      0,
      0,
      0,
      0,
      0,
      0,
      0,
      0,
      0,
      0,
      0,
      0,
      0,
      0,
      0,
      0,
      0,
      0,
      0,
      0,
      0,
      0,
      0,
      0,
      0,
      0,
      0,
      0,
      0,
      0,
      0.125,
      0.23529412,
      0.125,
      0,
      0,
      0,
      0,
      0,
      0,
      0,
      0,
      0,
      0,
      0,
      0,
      0,
      0,
      0,
      0,
      0,
      0,
      0,
      0,
      0,
      0,
      0,
      0,
      0,
      0,
      0,
      0,
      0,
      0,
      0,
      0,
      0,
      0,
      0,
      0,
      0,
      0,
      0,
      0,
      0,
      0,
      0,
      0,
      0,
      0,
      0,
      0,
      0,
      0,
      0,
      0,
      0,
      0,
      0,
      0,
      0,
      0,
      0,
      0,
      0,
      0,
      0,
      0,
      0,
      0,
      0,
      0,
      0,
      0,
      0,
      0,
      0,
      0,
      0,
      0,
      0,
      0,
      0,
      0,
      0,
      0,
      0,
      0,
      0,
      0,
      0,
      0,
      0,
      0,
      0,
      0,
      0,
      0,
      0,
      0,
      0,
      0,
      0,
      0,
      0,
      0,
      0,
      0,
      0,
      0,
      0,
      0,
      0,
      0,
      0,
      0,
      0,
      0,
      0,
      0,
      0,
      0,
      0,
      0,
      0,
      0,
      0,
      0,
      0,
      0,
      0,
      0,
      0,
      0,
      0,
      0,
      0,
      0,
      0,
      0,
      0,
      0,
      0,
      0,
      0,
      0,
      0,
      0,
      0,
      0,
      0,
      0,
      0,
      0,
      0,
      0,
      0,
      0,
      0,
      0,
      0,
      0,
      0,
      0,
      0,
      0,
      0,
      0,
      0,
      0,
      0,
      0,
      0,
      0,
      0,
      0,
      0,
      0,
      0,
      0,
      0,
      0,
      0,
      0,
      0,
      0,
      0,
      0,
      0,
      0,
      0,
      0,
      0,
      0,
      0,
      0,
      0,
      0,
      0,
      0,
      0,
      0,
      0,
      0,
      0,
      0,
      0,
      0,
      0.125,
      0.13333334,
      0,
      0,
      0,
      0,
      0,
      0.06666667,
      0.125,
      0,
      0,
      0,
      0,
      0,
      0,
      0,
      0,
      0,
      0,
      0,
      0,
      0,
      0,
      0,
      0,
      0,
      0,
      0,
      0,
      0,
      0,
      0,
      0,
      0,
      0,
      0,
      0,
      0,
      0,
      0,
      0,
      0,
      0,
      0,
      0,
      0,
      0,
      0,
      0,
      0,
      0,
      0,
      0,
      0,
      0,
      0,
      0,
      0,
      0,
      0,
      0,
      0,
      0,
      0,
      0,
      0,
      0,
      0,
      0,
      0,
      0,
      0,
      0,
      0,
      0,
      0,
      0,
      0,
      0,
      0,
      0,
      0,
      0,
      0,
      0,
      0,
      0,
      0,
      0,
      0,
      0,
      0,
      0,
      0,
      0,
      0,
      0,
      0,
      0,
      0,
      0,
      0,
      0,
      0,
      0,
      0,
      0,
      0,
      0,
      0,
      0,
      0,
      0,
      0,
      0,
      0,
      0,
      0,
      0,
      0,
      0,
      0,
      0,
      0,
      0.0625,
      0.06666667,
      0.06666667,
      0.06666667,
      0,
      0,
      0,
      0.0625,
      0.0625,
      0,
      0,
      0,
      0,
      0,
      0,
      0,
      0,
      0,
      0,
      0,
      0,
      0,
      0,
      0,
      0,
      0,
      0,
      0,
      0,
      0,
      0,
      0,
      0,
      0,
      0,
      0,
      0,
      0,
      0,
      0,
      0,
      0,
      0,
      0,
      0,
      0,
      0,
      0,
      0,
      0,
      0,
      0,
      0,
      0,
      0,
      0,
      0,
      0,
      0,
      0,
      0,
      0,
      0,
      0,
      0,
      0,
      0,
      0,
      0,
      0,
      0,
      0,
      0,
      0,
      0,
      0.0625,
      0.125,
      0.06666667,
      0,
      0,
      0,
      0,
      0,
      0,
      0,
      0,
      0,
      0,
      0,
      0,
      0,
      0,
      0,
      0,
      0,
      0,
      0,
      0,
      0,
      0,
      0,
      0,
      0,
      0,
      0,
      0,
      0,
      0,
      0,
      0,
      0,
      0,
      0,
      0,
      0,
      0,
      0,
      0,
      0,
      0,
      0,
      0,
      0,
      0,
      0,
      0,
      0,
      0,
      0,
      0,
      0,
      0,
      0,
      0,
      0,
      0.0625,
      0.0625,
      0,
      0,
      0,
      0,
      0,
      0,
      0,
      0,
      0,
      0,
      0,
      0,
      0,
      0.06666667,
      0.07692308,
      0,
      0,
      0,
      0,
      0,
      0,
      0,
      0,
      0,
      0,
      0.07692308,
      0.071428575,
      0,
      0,
      0,
      0,
      0,
      0,
      0,
      0,
      0,
      0,
      0,
      0,
      0,
      0.06666667,
      0.2,
      0.13333334,
      0,
      0,
      0,
      0,
      0,
      0,
      0,
      0,
      0,
      0,
      0,
      0.071428575,
      0.0625,
      0,
      0,
      0,
      0,
      0,
      0,
      0,
      0,
      0,
      0,
      0,
      0,
      0,
      0,
      0,
      0,
      0,
      0,
      0,
      0,
      0.0625,
      0.06666667,
      0,
      0,
      0,
      0,
      0,
      0,
      0.0625,
      0.1875,
      0.13333334,
      0.071428575,
      0.13333334,
      0.0625,
      0,
      0,
      0,
      0,
      0,
      0,
      0,
      0,
      0,
      0,
      0,
      0,
      0,
      0,
      0,
      0,
      0,
      0,
      0,
      0,
      0,
      0,
      0,
      0,
      0,
      0,
      0,
      0,
      0.0625,
      0.0625,
      0,
      0,
      0,
      0,
      0,
      0,
      0,
      0,
      0,
      0,
      0,
      0,
      0,
      0.05882353,
      0.05882353,
      0,
      0,
      0,
      0,
      0,
      0,
      0,
      0,
      0,
      0,
      0,
      0,
      0,
      0,
      0,
      0,
      0.0625,
      0.125,
      0.06666667,
      0,
      0,
      0,
      0.05882353,
      0.0625,
      0,
      0,
      0,
      0,
      0,
      0,
      0,
      0,
      0,
      0,
      0,
      0,
      0,
      0,
      0,
      0,
      0,
      0,
      0,
      0,
      0,
      0,
      0,
      0,
      0,
      0,
      0,
      0,
      0,
      0,
      0.06666667,
      0.071428575,
      0,
      0,
      0,
      0,
      0,
      0,
      0,
      0,
      0,
      0,
      0,
      0,
      0,
      0,
      0,
      0,
      0,
      0,
      0,
      0,
      0,
      0,
      0,
      0,
      0,
      0,
      0,
      0,
      0,
      0,
      0,
      0,
      0,
      0,
      0,
      0,
      0,
      0,
      0,
      0,
      0,
      0,
      0,
      0,
      0,
      0,
      0,
      0,
      0,
      0,
      0,
      0,
      0,
      0,
      0,
      0,
      0,
      0,
      0,
      0,
      0,
      0,
      0,
      0,
      0,
      0,
      0,
      0,
      0,
      0,
      0,
      0,
      0,
      0,
      0,
      0,
      0,
      0,
      0,
      0,
      0,
      0,
      0,
      0,
      0,
      0,
      0,
      0,
      0,
      0,
      0,
      0,
      0,
      0,
      0,
      0,
      0,
      0,
      0,
      0,
      0,
      0,
      0,
      0,
      0,
      0,
      0,
      0,
      0,
      0,
      0,
      0,
      0,
      0,
      0,
      0,
      0,
      0,
      0,
      0,
      0,
      0,
      0,
      0,
      0,
      0,
      0,
      0,
      0,
      0,
      0,
      0,
      0,
      0,
      0,
      0,
      0,
      0,
      0,
      0,
      0,
      0,
      0,
      0,
      0,
      0,
      0,
      0,
      0,
      0,
      0,
      0,
      0,
      0,
      0,
      0,
      0,
      0,
      0,
      0,
      0,
      0
    ],
    "popPingLatencyMs": [
      30.602812,
      30.695599,
      32.74324,
      35.917526,
      36.140133,
      33.67294,
      33.944313,
      32.694885,
      31.282688,
      30.901865,
      31.466873,
      31.86341,
      33.09747,
      34.042942,
      33.555435,
      33.7086,
      33.0104,
      32.248665,
      34.801064,
      35.02794,
      33.81475,
      33.28669,
      29.843132,
      33.819202,
      33.970314,
      34.1095,
      33.314564,
      31.752865,
      32.067665,
      32.656876,
      35.468815,
      35.49256,
      32.563736,
      33.708496,
      34.146374,
      31.145464,
      30.93944,
      29.686937,
      30.729372,
      32.44081,
      33.407436,
      32.58569,
      32.58794,
      31.713884,
      31.884827,
      32.212315,
      32.8835,
      30.231686,
      32.778534,
      36.741924,
      34.854603,
      34.591373,
      34.860874,
      34.303997,
      33.78865,
      34.50241,
      35.032124,
      34.13944,
      33.92356,
      36.049126,
      37.191467,
      37.902435,
      36.41453,
      35.985397,
      37.02413,
      34.563812,
      33.13425,
      34.121746,
      34.27841,
      33.953766,
      33.567253,
      32.885876,
      33.609333,
      32.803,
      32.536934,
      33.986813,
      36.811523,
      39.843,
      37.701694,
      32.8386,
      32.676003,
      33.706375,
      33.693123,
      35.619377,
      36.186813,
      34.690735,
      35.2794,
      34.458878,
      34.268497,
      35.13469,
      35.29925,
      34.380398,
      36.426403,
      37.899437,
      33.13347,
      30.224466,
      30.557749,
      30.029062,
      31.151531,
      33.443798,
      32.69769,
      30.931625,
      31.383396,
      31.2598,
      31.008312,
      32.40531,
      34.13856,
      34.93575,
      36.06194,
      36.284863,
      37.667465,
      37.80844,
      36.868313,
      35.840435,
      33.847317,
      36.21219,
      34.906937,
      34.54412,
      35.23275,
      33.051266,
      32.988853,
      35.033264,
      34.47125,
      38.676502,
      42.268333,
      36.229496,
      33.084526,
      36.974003,
      36.237,
      33.664135,
      34.43893,
      37.55419,
      38.17819,
      35.705944,
      35.825825,
      38.532623,
      38.413,
      33.96869,
      34.61425,
      35.358498,
      31.809,
      32.49581,
      32.9645,
      33.023823,
      32.58647,
      32.82044,
      33.350647,
      32.099754,
      32.864124,
      34.161316,
      33.614876,
      33.659233,
      35.649563,
      38.229626,
      33.19281,
      27.429749,
      26.901125,
      26.308622,
      26.952202,
      26.652685,
      25.985998,
      28.133667,
      28.026354,
      25.947557,
      26.961376,
      27.911798,
      28.689001,
      29.258064,
      28.657404,
      28.957687,
      29.864498,
      32.342068,
      31.917313,
      29.045937,
      28.764378,
      29.911375,
      30.11225,
      29.967813,
      31.284754,
      33.06875,
      31.488495,
      32.388687,
      32.027813,
      39.111813,
      41.41262,
      34.31894,
      33.425266,
      34.591827,
      34.005447,
      32.329002,
      37.52881,
      39.09269,
      35.181564,
      35.759624,
      37.999203,
      37.02982,
      35.798294,
      33.77981,
      35.25034,
      36.362133,
      33.985867,
      33.6772,
      34.894733,
      33.532997,
      34.54147,
      33.609467,
      34.96588,
      37.836124,
      39.34094,
      37.644627,
      35.01356,
      37.171333,
      39.3852,
      37.86225,
      35.6746,
      33.129814,
      31.793995,
      31.416855,
      31.505531,
      30.512188,
      30.916813,
      31.474125,
      33.117126,
      36.262688,
      36.153805,
      36.31586,
      36.038124,
      33.35441,
      35.047115,
      32.962063,
      28.76179,
      31.230001,
      33.163002,
      35.77067,
      37.703533,
      36.481937,
      37.848297,
      38.86853,
      38.28853,
      40.009663,
      38.592266,
      36.64473,
      35.051876,
      36.724228,
      35.500687,
      33.6495,
      32.669003,
      33.240814,
      34.69937,
      32.447067,
      33.188866,
      32.807373,
      31.163061,
      30.82356,
      31.984867,
      31.133999,
      32.123238,
      31.730534,
      32.79413,
      36.394436,
      35.543625,
      32.906937,
      30.069935,
      30.904686,
      31.572412,
      31.26925,
      32.098312,
      34.562626,
      33.37431,
      31.891684,
      33.813465,
      33.70925,
      34.047268,
      37.75813,
      36.314247,
      32.667126,
      31.774624,
      31.17206,
      33.554058,
      35.212765,
      33.30087,
      34.8402,
      35.000435,
      32.001766,
      30.102999,
      33.0105,
      34.924812,
      31.832376,
      35.62781,
      38.953876,
      37.911,
      41.7035,
      43.976856,
      40.860203,
      36.375122,
      33.624474,
      34.26371,
      35.465687,
      37.40369,
      37.806374,
      36.39075,
      37.214127,
      35.984745,
      37.609505,
      35.69219,
      31.6535,
      33.144802,
      32.10157,
      31.806799,
      32.167625,
      30.861813,
      31.264935,
      32.145535,
      31.019499,
      29.450068,
      29.814253,
      33.05894,
      33.90507,
      37.20814,
      36.14181,
      30.48825,
      31.280062,
      30.735125,
      31.506811,
      31.940474,
      30.022705,
      30.54056,
      32.436058,
      32.806736,
      33.29619,
      34.278236,
      35.397938,
      33.575,
      37.068813,
      35.40919,
      30.243378,
      29.906466,
      28.19427,
      29.428799,
      29.878311,
      26.920002,
      25.602535,
      27.77869,
      30.738668,
      30.08775,
      28.428188,
      28.293064,
      30.326176,
      33.76759,
      31.026001,
      27.538187,
      28.950314,
      28.29619,
      26.511198,
      25.364199,
      25.675268,
      27.827732,
      27.188875,
      26.981873,
      27.671001,
      27.408062,
      27.2998,
      29.218143,
      34.741398,
      34.000687,
      31.832249,
      31.155941,
      29.666592,
      29.874939,
      31.431564,
      32.340187,
      31.44206,
      31.515688,
      32.76075,
      31.43806,
      31.574272,
      32.0452,
      31.117336,
      33.00918,
      37.66437,
      40.6484,
      41.432426,
      39.991497,
      38.988403,
      38.89813,
      40.1874,
      40.23494,
      37.896748,
      37.874565,
      37.959435,
      38.09559,
      39.972733,
      40.93262,
      39.610374,
      34.714626,
      31.441866,
      32.441067,
      29.77931,
      28.15667,
      30.221132,
      30.119375,
      28.1295,
      27.9106,
      28.877132,
      29.33307,
      29.409748,
      30.718351,
      31.104294,
      32.290604,
      30.871733,
      30.330732,
      29.681732,
      28.299,
      29.144688,
      32.040062,
      30.478199,
      27.730467,
      28.604248,
      26.287,
      24.346498,
      28.207335,
      27.786133,
      27.189867,
      29.860748,
      31.607128,
      34.3335,
      33.208813,
      31.104815,
      31.011824,
      29.860586,
      31.462185,
      33.203125,
      31.17106,
      31.078001,
      32.026814,
      30.989058,
      31.189499,
      30.5596,
      32.602936,
      32.184734,
      30.349127,
      30.265646,
      28.384563,
      30.317688,
      34.9196,
      32.715565,
      30.11259,
      28.464376,
      27.07056,
      28.629063,
      28.598866,
      27.792267,
      28.10907,
      29.619856,
      28.10606,
      25.838312,
      26.23673,
      26.58687,
      26.984873,
      28.077686,
      30.348623,
      29.988998,
      26.921564,
      25.402763,
      28.687527,
      29.166374,
      28.077501,
      31.756998,
      31.714588,
      28.316376,
      28.516401,
      34.40681,
      33.900665,
      28.5445,
      30.724934,
      30.906813,
      31.898188,
      32.513313,
      31.437572,
      29.262783,
      28.093687,
      31.288883,
      35.895374,
      35.440998,
      35.95993,
      33.739143,
      35.642532,
      38.135124,
      34.792126,
      32.592564,
      34.321693,
      35.39635,
      36.247814,
      36.353767,
      35.278625,
      34.7634,
      37.41487,
      35.49894,
      30.66675,
      27.970564,
      26.3232,
      26.363934,
      26.058563,
      27.529177,
      27.9715,
      30.421124,
      31.6812,
      28.242142,
      26.454937,
      27.763372,
      30.140188,
      31.607998,
      31.480465,
      32.626335,
      31.4318,
      30.021135,
      32.647186,
      34.208565,
      32.629734,
      32.4668,
      32.319,
      31.550312,
      30.272062,
      30.662867,
      30.208136,
      30.105267,
      31.515703,
      31.638115,
      37.074883,
      39.49133,
      35.272717,
      33.770535,
      34.777733,
      35.918312,
      34.015816,
      31.863998,
      33.261745,
      32.827938,
      32.993378,
      34.887623,
      37.5403,
      39.93047,
      36.97853,
      36.946793,
      35.955868,
      34.793686,
      37.243565,
      37.145138,
      35.253498,
      36.106113,
      35.653313,
      33.608376,
      34.734604,
      33.797337,
      32.431267,
      35.29357,
      37.796604,
      36.760662,
      36.381645,
      34.561234,
      30.134287,
      32.259266,
      34.8568,
      33.061314,
      32.261063,
      33.0586,
      31.14519,
      30.00987,
      30.839314,
      33.604534,
      36.559,
      39.581383,
      36.7522,
      35.314003,
      33.760063,
      32.27723,
      30.328356,
      31.147623,
      32.331295,
      32.524822,
      33.21975,
      33.400867,
      28.658373,
      28.180063,
      30.650059,
      32.03169,
      44.88977,
      47.16267,
      33.087685,
      33.01606,
      33.949936,
      34.291462,
      34.7998,
      34.6458,
      33.288803,
      33.46606,
      33.360397,
      33.668373,
      34.192684,
      35.736427,
      34.2194,
      32.548813,
      33.86775,
      35.329002,
      33.165188,
      29.927753,
      30.827938,
      31.852177,
      33.60726,
      32.917625,
      32.9795,
      33.288467,
      32.626072,
      31.866373,
      32.83006,
      35.039623,
      34.4172,
      32.440266,
      32.387,
      33.077625,
      34.43153,
      37.685535,
      34.798,
      32.52425,
      35.127686,
      35.45457,
      33.125134,
      34.82431,
      36.2684,
      34.211266,
      36.59946,
      38.188694,
      36.393616,
      37.48146,
      35.045933,
      31.947,
      33.279686,
      35.094685,
      35.767136,
      32.71827,
      30.557,
      32.719646,
      33.370758,
      31.915247,
      31.950623,
      33.17919,
      33.431564,
      33.401245,
      38.19253,
      38.693867,
      39.998005,
      42.6445,
      41.346397,
      39.43373,
      37.867752,
      38.31813,
      35.560867,
      36.962997,
      40.45587,
      40.401806,
      40.3635,
      43.128357,
      41.416267,
      47.257,
      42.935436,
      30.006498,
      28.483063,
      26.34513,
      29.139269,
      28.733936,
      27.672527,
      31.057375,
      32.964252,
      30.400293,
      28.549938,
      28.790749,
      30.471254,
      28.855312,
      28.34675,
      28.234814,
      29.47541,
      31.27825,
      31.234062,
      30.131622,
      28.392645,
      26.97656,
      25.819872,
      25.123497,
      27.307066,
      28.05713,
      26.597689,
      27.053312,
      26.391188,
      33.37069,
      31.926748,
      24.379124,
      24.85981,
      25.75057,
      26.444532,
      25.02567,
      25.283667,
      27.09312,
      27.683823,
      25.757,
      25.197733,
      26.751398,
      27.596333,
      27.020561,
      26.821625,
      25.612587,
      24.149187,
      25.2852,
      26.935747,
      26.61806,
      28.063437,
      28.613125,
      25.632809,
      27.303625,
      26.641253,
      29.190935,
      29.0075,
      25.607733,
      26.9942,
      31.595337,
      32.510754,
      29.428751,
      26.041233,
      23.855402,
      25.23656,
      26.578627,
      27.22894,
      26.659998,
      26.646135,
      26.510435,
      27.285357,
      31.903429,
      33.207264,
      30.632198,
      27.503296,
      25.857065,
      25.082064,
      25.748764,
      26.111315,
      25.115625,
      25.071749,
      27.612354,
      27.676058,
      26.284,
      24.839502,
      24.852882,
      25.218353,
      25.519238,
      27.603296,
      30.261059,
      29.0495,
      27.324562,
      28.323376,
      30.474937,
      31.517313,
      32.07406,
      32.048943,
      29.865942,
      29.008234,
      28.043472,
      28.72465,
      32.236496,
      31.482376,
      28.321058,
      29.043648,
      29.388058,
      27.18325,
      26.797068,
      28.420189,
      31.155937,
      29.922333,
      29.661188,
      31.514751,
      30.201439,
      29.549936,
      28.1525,
      27.570126,
      27.800247,
      28.720192,
      30.938734,
      30.964067,
      28.010067,
      28.849,
      27.16294,
      25.16225,
      27.161812,
      27.258175,
      28.907625,
      29.641003,
      28.323313,
      27.426464,
      26.155268,
      27.535622,
      27.493864,
      28.513063,
      31.362736,
      28.936598,
      26.731747,
      27.729189,
      30.718822,
      32.247112,
      30.22494,
      27.9232,
      28.461668,
      30.087627,
      29.03059,
      28.058765,
      29.022938,
      29.294468,
      31.103186,
      29.515753,
      26.691126,
      29.164312,
      27.491238,
      25.846647,
      26.62388,
      27.513502,
      29.186373,
      27.879734,
      28.683533,
      32.052402,
      31.604134,
      32.68,
      31.961872,
      31.145134,
      34.393467,
      34.559265,
      31.1796,
      28.379665,
      30.040133,
      30.774435,
      30.659437,
      32.197815,
      30.855625,
      30.791735,
      28.931934,
      32.052,
      32.7365,
      29.296284,
      31.634314,
      30.594198,
      29.406439,
      29.199188,
      28.458933,
      27.760063,
      28.036064,
      29.705822,
      30.749943,
      29.224411,
      27.61669,
      27.454441,
      33.062626,
      36.5304,
      33.34287,
      31.704586,
      30.777313,
      32.735134,
      34.94287,
      32.49673,
      31.821873,
      32.607765,
      33.04093,
      35.717937,
      37.697353,
      36.747826,
      35.183933,
      34.0066,
      36.035313,
      37.74131,
      36.35347,
      31.284689,
      30.020124,
      32.600807,
      33.281563,
      32.28225,
      31.127287,
      31.002264,
      30.89119,
      34.15206,
      36.39744,
      34.991184,
      33.546875,
      31.903238,
      31.217999,
      32.771,
      32.928688,
      31.639,
      29.488003,
      31.378065,
      33.56447,
      32.439,
      34.64919,
      35.585186,
      35.16025,
      35.324596,
      32.010563
    ],
    "downlinkThroughputBps": [
      43536.875,
      43620.76,
      29527.9,
      29225.91,
      26499.613,
      48989.473,
      32136.758,
      75380.03,
      22892.512,
      19075.695,
      30198.988,
      26424.115,
      21005.074,
      454696.1,
      39510.344,
      463428.66,
      67771.56,
      22607.299,
      25190.99,
      51187.285,
      40684.75,
      28579.988,
      52361.69,
      28059.895,
      43595.598,
      20182.99,
      25853.69,
      22649.242,
      20963.13,
      82216.75,
      36901.49,
      57092.867,
      27170.701,
      27615.297,
      22221.422,
      17649.63,
      66949.48,
      22355.64,
      24335.352,
      61413,
      25862.078,
      38570.82,
      24368.906,
      23093.838,
      23311.941,
      21927.822,
      58250.492,
      26088.57,
      22867.346,
      25820.135,
      42312.14,
      42052.094,
      32396.805,
      24268.242,
      118522.64,
      22464.691,
      31801.213,
      33571.21,
      20820.525,
      18916.31,
      41230.008,
      20887.635,
      41087.402,
      40332.426,
      29494.346,
      22808.625,
      63904.414,
      66756.54,
      21390.951,
      21038.629,
      25409.094,
      22364.03,
      20661.14,
      22162.703,
      41833.99,
      73022.836,
      56681.824,
      19461.57,
      90278.2,
      21181.234,
      68341.99,
      19998.441,
      44451.234,
      23060.283,
      23488.102,
      28361.883,
      24914.166,
      24889,
      32992.395,
      23697.818,
      23060.283,
      29687.283,
      21525.168,
      23941.088,
      55759.08,
      28093.447,
      19855.836,
      86360.72,
      17699.963,
      24838.668,
      45516.586,
      23613.932,
      21634.22,
      23286.775,
      22749.904,
      22397.584,
      72477.57,
      33126.613,
      30450.646,
      79045.85,
      42966.45,
      41255.176,
      68610.42,
      24536.678,
      121106.336,
      364115.9,
      25853.69,
      20786.97,
      24276.63,
      21047.018,
      43369.1,
      19503.514,
      33856.42,
      37262.195,
      38939.918,
      20896.023,
      46649.05,
      31121.736,
      19310.576,
      26264.732,
      35945.184,
      21298.676,
      23706.207,
      23504.879,
      22338.863,
      53208.94,
      121148.27,
      23513.268,
      26247.955,
      33680.26,
      29695.672,
      45382.37,
      32631.686,
      49031.414,
      36733.715,
      26508.002,
      23278.387,
      24603.787,
      24343.74,
      21525.168,
      22422.75,
      27447.525,
      20350.764,
      25702.695,
      38587.598,
      43696.258,
      19755.172,
      31146.902,
      22003.318,
      84607.5,
      38143,
      33353.105,
      20753.416,
      24209.523,
      23194.502,
      24100.47,
      59735.277,
      24587.01,
      26944.209,
      43352.324,
      69952.6,
      21223.178,
      46900.707,
      23093.838,
      61379.445,
      77175.195,
      64223.184,
      22766.682,
      24880.611,
      19889.389,
      36960.207,
      18085.838,
      30198.988,
      44082.137,
      46959.426,
      61429.777,
      21147.682,
      77468.8,
      22456.303,
      25308.43,
      27221.033,
      22095.594,
      22582.133,
      21902.656,
      23269.998,
      54718.89,
      85127.59,
      22800.236,
      25333.596,
      49878.664,
      83164.66,
      57856.23,
      21416.117,
      18916.31,
      30064.771,
      19478.348,
      23790.092,
      19881,
      160599.9,
      20594.033,
      81570.82,
      17649.63,
      32463.912,
      36071.016,
      4.9443545e+06,
      1.8597291e+08,
      6.250455e+07,
      1.149125e+08,
      3.3658744e+07,
      1.079431e+08,
      6.8032264e+07,
      4.200641e+07,
      8.772999e+06,
      3.8560276e+07,
      4.640089e+07,
      9.9328184e+07,
      5.511155e+07,
      1.0448811e+08,
      3.3879064e+07,
      7.869124e+07,
      1.1018298e+08,
      9.8344216e+07,
      1.2180225e+08,
      1.32016904e+08,
      1.4079882e+08,
      1.8456888e+08,
      2.0906058e+08,
      1.9144746e+08,
      2.0307872e+08,
      2.2425078e+08,
      2.2691075e+08,
      1.9958253e+08,
      2.1265954e+08,
      1.4163659e+08,
      1.5172677e+08,
      1.422886e+08,
      1.4895448e+08,
      1.6876422e+08,
      1.4857062e+08,
      2.0712923e+08,
      1.6707336e+08,
      2.3259762e+08,
      2.5654837e+08,
      2.4294693e+08,
      1.7041291e+08,
      2.6295195e+08,
      2.4529683e+08,
      3.086644e+08,
      2.5722936e+08,
      7.5970984e+07,
      1.5899715e+08,
      1.6753646e+08,
      1.6179424e+08,
      1.3482797e+08,
      1.6734246e+08,
      1.5739022e+08,
      1.4879278e+08,
      1.5453979e+08,
      1.9305077e+08,
      1.5809994e+08,
      1.1220053e+08,
      1.843386e+08,
      2.30933e+08,
      1.4969118e+08,
      1.1972534e+08,
      2.0086981e+08,
      2.1348557e+08,
      2.0437653e+08,
      2.0179974e+08,
      1.8859387e+08,
      2.032028e+08,
      1.441623e+08,
      2.1740971e+08,
      2.2627526e+08,
      1.8299467e+08,
      1.16738424e+08,
      1.4508421e+08,
      2.0337246e+08,
      2.3519531e+08,
      8.121045e+07,
      5.5083484e+07,
      4.8891292e+07,
      2.1524892e+07,
      7.3085245e+06,
      6.8880035e+06,
      1.4041129e+07,
      1.5117186e+07,
      2.3571184e+07,
      1.822576e+07,
      1.466525e+07,
      1.3921113e+07,
      1.3972435e+07,
      1.1585716e+07,
      1.6381769e+07,
      1.0920231e+07,
      2.0501674e+07,
      2.2814564e+07,
      4.6829084e+07,
      6.240616e+07,
      6.928739e+07,
      7.831274e+07,
      8.196477e+07,
      1.268932e+08,
      1.31334e+08,
      1.5053582e+08,
      1.629765e+08,
      1.8725485e+08,
      1.29765384e+08,
      1.4147653e+08,
      1.3465926e+08,
      1.8483426e+08,
      2.2999034e+08,
      1.9825294e+08,
      1.6252205e+08,
      9.844513e+07,
      8.7443384e+07,
      1.09679e+08,
      1.5026755e+08,
      2.0782858e+08,
      1.28191704e+08,
      1.21032024e+08,
      2.0042365e+08,
      2.4154184e+08,
      1.6703104e+08,
      1.3074343e+08,
      1.392557e+08,
      1.6100018e+08,
      1.9814325e+08,
      1.0197833e+08,
      2.0574224e+08,
      1.2873508e+08,
      8.998205e+07,
      1.3690467e+08,
      1.584527e+08,
      1.6491117e+08,
      1.5988509e+08,
      2.1960192e+08,
      1.6838304e+08,
      1.4773698e+08,
      5.27675e+07,
      3.4022684e+07,
      6.6991732e+07,
      9.554859e+06,
      2.1223648e+07,
      1.1295823e+07,
      70623.69,
      79800.83,
      22372.418,
      22145.926,
      69281.516,
      814122.8,
      583234.75,
      438925.53,
      537315.5,
      471196.5,
      395866.8,
      290472.34,
      258687.89,
      545376.94,
      327986.2,
      331274.53,
      305706.03,
      273141.47,
      352204.1,
      221534.75,
      312819.6,
      543615.4,
      340493.6,
      478905.62,
      383074.2,
      453471.38,
      431459.66,
      450971.56,
      452557,
      379550.97,
      343043.75,
      336601.28,
      330100.12,
      429589,
      436786.44,
      431820.38,
      336307.7,
      309438.97,
      314673.47,
      486757.38,
      571985.6,
      500992.84,
      501705.88,
      496563.66,
      453723.03,
      991290.2,
      589786.25,
      486522.5,
      295119.62,
      195580.39,
      234436.42,
      531384.75,
      507410.12,
      445535.75,
      343647.72,
      241583.52,
      214219.88,
      784351.6,
      297803.97,
      694853.56,
      280976.44,
      332331.47,
      237850.6,
      211577.47,
      236374.2,
      243051.53,
      248705.45,
      221341.81,
      221450.86,
      318280.56,
      284365.44,
      390229.66,
      294289.16,
      223673.84,
      413306.72,
      248780.95,
      245106.73,
      215662.72,
      240040.02,
      214446.38,
      387343.97,
      314228.88,
      305999.66,
      290673.66,
      208884.73,
      190043.92,
      272201.94,
      202291.28,
      138781.12,
      201058.16,
      371237.84,
      240023.23,
      383434.88,
      330855.1,
      257849.03,
      259065.38,
      319010.38,
      437323.3,
      230183.4,
      403626.25,
      807982.3,
      271337.9,
      326283.28,
      244485.98,
      260659.22,
      287494.38,
      198130.53,
      298407.94,
      276253.62,
      201645.36,
      386479.94,
      374870.12,
      209690.03,
      486707.03,
      311963.94,
      490070.88,
      284742.9,
      286806.5,
      243772.95,
      175028.31,
      148646.14,
      423238.8,
      194447.94,
      128303.76,
      337582.75,
      250207.02,
      108624.086,
      48905.586,
      34309.406,
      34737.227,
      48704.258,
      280498.28,
      26222.79,
      111895.64,
      922151.3,
      721973.94,
      350635.44,
      246314.7,
      94925.484,
      26340.229,
      31339.84,
      101191.78,
      34619.785,
      37564.188,
      28932.309,
      41624.273,
      23479.713,
      25308.43,
      31901.877,
      83349.21,
      74063.02,
      29376.904,
      23731.371,
      84422.95,
      25652.363,
      31549.555,
      33504.1,
      24134.025,
      113825.02,
      60498.64,
      32631.686,
      132296.73,
      62998.445,
      41162.9,
      19864.225,
      26809.99,
      38805.7,
      112927.44,
      26046.627,
      21416.117,
      21005.074,
      56119.79,
      34644.95,
      34636.562,
      35072.77,
      36448.5,
      27523.023,
      36314.285,
      19327.354,
      31759.27,
      61379.445,
      24528.29,
      121005.67,
      21231.566,
      20417.871,
      40584.086,
      22389.195,
      22473.08,
      1.3218933e+08,
      1.6169659e+08,
      1.0649589e+08,
      2.6144686e+08,
      2.755284e+08,
      1.5198502e+08,
      1.8240973e+08,
      2.5239451e+08,
      1.5616232e+08,
      2.850806e+08,
      1.4446693e+08,
      3.0796262e+08,
      2.9097878e+08,
      3.029641e+08,
      1.7694557e+08,
      1.9283906e+08,
      1.5511442e+07,
      1.1016e+08,
      9.496999e+07,
      2.6143613e+08,
      1.6847872e+08,
      1.6739213e+08,
      1.0752132e+08,
      6.273168e+07,
      2.021851e+08,
      1.8973789e+08,
      1.3073458e+08,
      7.3143864e+07,
      3.7111636e+07,
      3.384987e+07,
      1.1402099e+08,
      9.132168e+07,
      9.862153e+07,
      1.232494e+08,
      2.6194326e+08,
      2.6194326e+08,
      8.342978e+07,
      4.566867e+07,
      6.8181864e+07,
      9.452945e+07,
      2.2743651e+08,
      1.9345754e+08,
      1.9607296e+08,
      1.8339118e+08,
      1.2788245e+08,
      1.6005853e+08,
      1.6005853e+08,
      1.27162136e+08,
      1.5381118e+08,
      1.5537533e+08,
      1.0227682e+08,
      1.2940713e+08,
      2.2840803e+08,
      1.291009e+08,
      3.1848896e+08,
      3.173678e+08,
      1.886291e+08,
      1.2788125e+08,
      1.9109704e+08,
      2.0449854e+08,
      3.4766384e+08,
      1.8829166e+08,
      0,
      6.4983514e+08,
      2.3915485e+08,
      2.9969718e+08,
      2.4765744e+08,
      2.4146202e+08,
      3.6695542e+08,
      2.69931e+08,
      2.9604192e+08,
      2.2232293e+08,
      2.5563397e+08,
      2.0385909e+08,
      2.1373414e+08,
      2.6156746e+08,
      2.810779e+08,
      2.6118454e+08,
      1.9354109e+08,
      1.9354109e+08,
      2.1755304e+08,
      2.7241043e+08,
      2.6064683e+08,
      2.8306554e+08,
      4.0060675e+08,
      3.1633888e+08,
      2.8383798e+08,
      2.1180789e+08,
      1.6760942e+08,
      2.6862602e+08,
      3.4757658e+08,
      2.777522e+08,
      3.0039168e+08,
      2.6315746e+08,
      2.5952475e+08,
      3.0821523e+08,
      2.5125602e+08,
      1.6850152e+08,
      2.1114656e+08,
      3.7577165e+08,
      3.2377904e+08,
      3.7850502e+08,
      2.6992765e+08,
      3.1466058e+08,
      2.7702285e+08,
      2.9397146e+08,
      1.1502917e+08,
      3.0847872e+07,
      6.964886e+07,
      1.59194e+08,
      1.377595e+08,
      1.2549573e+08,
      1.24396664e+08,
      1.0372527e+08,
      4.267805e+07,
      1.2977566e+08,
      4.3936812e+07,
      7.8328344e+07,
      8.4543816e+07,
      7.6860504e+07,
      7.6860504e+07,
      3.9827012e+06,
      2.4269418e+06,
      2.3505802e+06,
      311494.2,
      308197.47,
      517308.7,
      829432,
      1.4071386e+06,
      2.3856362e+06,
      1.6920829e+06,
      1.3601541e+06,
      1.404706e+06,
      912353.4,
      557993.44,
      800952.7,
      332625.1,
      272269.06,
      505598.2,
      214714.81,
      87954.555,
      395648.7,
      132732.94,
      24939.332,
      41523.61,
      50574.918,
      70875.35,
      28756.148,
      455333.66,
      21399.34,
      28999.418,
      89481.28,
      43511.71,
      42312.14,
      38847.645,
      28001.174,
      32614.908,
      56539.22,
      28680.65,
      30190.6,
      31557.943,
      29049.75,
      23949.477,
      56547.605,
      25325.207,
      91452.6,
      45139.1,
      37597.742,
      257614.16,
      22330.475,
      43864.03,
      30073.16,
      35097.938,
      69994.55,
      33269.22,
      23941.088,
      58183.387,
      53955.527,
      45826.965,
      23001.562,
      37975.227,
      4.573729e+06,
      3.8719718e+06,
      265918.88,
      186696.86,
      51774.49,
      32967.23,
      32874.953,
      120200.37,
      58284.047,
      26600.275,
      31516,
      25736.25,
      60968.402,
      26994.541,
      30400.314,
      37295.75,
      81436.61,
      27170.701,
      21592.277,
      21692.94,
      184540.98,
      27397.193,
      100067.7,
      28076.672,
      23857.201,
      401881.44,
      41464.89,
      33646.707,
      44182.797,
      32698.795,
      52663.68,
      39669.727,
      45508.2,
      31138.514,
      36213.62,
      34309.406,
      32958.84,
      26239.566,
      433967.84,
      73568.09,
      73064.77,
      29787.947,
      62176.363,
      26877.1,
      31599.887,
      41037.07,
      43922.75,
      72662.125,
      34678.504,
      22338.863,
      26709.328,
      38990.25,
      108850.58,
      24763.17,
      25174.213,
      25400.705,
      41825.598,
      91721.04,
      42001.76,
      57663.293,
      31272.73,
      26860.322,
      72091.695,
      99304.34,
      44753.223,
      28974.252,
      32170.312,
      27598.52,
      21667.775,
      22968.008,
      35878.08,
      32849.79,
      64785.22,
      29309.797,
      52428.8,
      60305.703,
      89883.94,
      71487.72,
      40911.242,
      30366.762,
      38126.223,
      29645.34,
      36884.71,
      29108.47,
      85647.69,
      79473.67,
      42001.76,
      34443.625,
      28277.998,
      30492.59,
      44426.066,
      130543.516,
      52219.086,
      33713.816,
      32883.344,
      44442.844,
      39501.953,
      25962.742,
      58384.71,
      40433.09,
      530906.6,
      26239.566,
      76738.984,
      27086.814,
      23932.7,
      24192.746,
      39728.45,
      44669.336,
      44317.016,
      31666.996,
      31205.621,
      19511.902,
      40374.37,
      43822.09,
      21902.656,
      19008.586,
      39652.95,
      17993.564,
      18438.16,
      33881.586,
      57663.293,
      22305.309,
      24335.352,
      113749.52,
      21852.324,
      34108.082,
      38889.586,
      24964.498,
      30484.201,
      163837.9,
      80539.02,
      52495.91,
      61429.777,
      32589.742,
      25685.918,
      40667.973,
      65900.91,
      23496.49,
      47613.74,
      31977.373,
      72469.19,
      25375.54,
      26600.275,
      26784.826,
      359393.12,
      24310.186,
      33898.363,
      32363.25,
      33453.77,
      29972.496,
      30064.771,
      34904.996,
      45130.71,
      24771.559,
      26742.883,
      84792.05,
      40273.707,
      22137.537,
      82602.625,
      27330.084,
      19461.57,
      19209.912,
      57998.836,
      23999.807,
      50499.42,
      63468.207,
      57411.633,
      35316.04,
      41607.496,
      125309.02,
      52579.797,
      30249.32,
      28269.61,
      74675.39,
      28252.832,
      20409.482
    ],
    "uplinkThroughputBps": [
      35458.645,
      10032.775,
      10032.775,
      24578.621,
      12029.264,
      16282.288,
      16684.941,
      279516.8,
      11643.388,
      13254.001,
      28294.775,
      10032.775,
      14629.732,
      18111.004,
      19797.115,
      84917.875,
      10913.579,
      10032.775,
      15183.381,
      961401.56,
      27699.184,
      14629.732,
      11089.74,
      10032.775,
      24125.637,
      15552.4795,
      10653.532,
      15795.749,
      9210.691,
      10032.775,
      22305.309,
      11920.212,
      11291.066,
      16064.185,
      20577.256,
      15476.981,
      16122.904,
      10586.423,
      9210.691,
      14940.111,
      18253.611,
      10032.775,
      15317.599,
      10032.775,
      10032.775,
      19948.11,
      10032.775,
      10032.775,
      17909.678,
      20560.479,
      20409.482,
      14629.732,
      11215.569,
      12499.026,
      31868.322,
      14629.732,
      10653.532,
      15552.4795,
      10317.988,
      10032.775,
      34963.72,
      10032.775,
      10032.775,
      17607.688,
      11450.45,
      15183.381,
      26046.627,
      34158.41,
      9210.691,
      14076.084,
      18253.611,
      10032.775,
      14629.732,
      10032.775,
      10032.775,
      42739.957,
      13539.213,
      10032.775,
      18706.596,
      10032.775,
      18253.611,
      15183.381,
      41246.785,
      11643.388,
      14629.732,
      24058.527,
      11374.952,
      15317.599,
      11140.071,
      10997.465,
      21743.271,
      17397.973,
      11710.497,
      16064.185,
      20031.996,
      16844.324,
      16181.625,
      10032.775,
      10586.423,
      13254.001,
      19050.53,
      10032.775,
      14629.732,
      10032.775,
      10032.775,
      19226.69,
      17330.863,
      10032.775,
      94061.46,
      150466.47,
      93767.86,
      123320.93,
      133538.25,
      91133.836,
      143411.64,
      113900.516,
      125443.24,
      90336.92,
      88004.88,
      9210.691,
      39107.69,
      11584.668,
      10032.775,
      17557.357,
      20015.219,
      15141.4375,
      16802.38,
      10032.775,
      10586.423,
      13279.166,
      18270.389,
      10032.775,
      14780.728,
      10032.775,
      10032.775,
      42714.793,
      23404.217,
      10032.775,
      15141.4375,
      10628.366,
      20367.541,
      14587.789,
      14034.142,
      10586.423,
      21952.986,
      24570.232,
      10653.532,
      14587.789,
      11140.071,
      9210.691,
      22271.754,
      10032.775,
      10032.775,
      19813.893,
      10032.775,
      24570.232,
      16634.61,
      10536.092,
      12197.036,
      13765.706,
      18211.668,
      10032.775,
      14587.789,
      10032.775,
      10032.775,
      18907.922,
      10032.775,
      10661.921,
      15871.246,
      9210.691,
      28076.672,
      15141.4375,
      10032.775,
      10586.423,
      30198.988,
      17372.807,
      10653.532,
      15284.044,
      11140.071,
      9210.691,
      35425.09,
      10032.775,
      10032.775,
      27422.36,
      10032.775,
      17112.76,
      16634.61,
      10032.775,
      10586.423,
      13841.203,
      19075.695,
      10032.775,
      14587.789,
      10032.775,
      10821.305,
      40324.04,
      10032.775,
      10032.775,
      15141.4375,
      10586.423,
      26038.238,
      21634.22,
      10536.092,
      44199.574,
      101049.17,
      109865.6,
      157814.88,
      94724.164,
      150323.86,
      76420.22,
      156019.72,
      132909.11,
      120477.19,
      97458.85,
      290120,
      741183.9,
      451021.9,
      627912.5,
      494953.03,
      770216.8,
      543716,
      518592.12,
      270457.12,
      764353.2,
      606949.3,
      666852.4,
      571851.44,
      674888.7,
      480658.84,
      655343.25,
      725648.1,
      552389.8,
      696824.9,
      766509.06,
      798008.25,
      877238.7,
      862986.44,
      735337,
      770384.56,
      849405.25,
      787363.1,
      636141.7,
      800441,
      668077.1,
      532877.94,
      574938.44,
      486128.22,
      627425.94,
      518114,
      827460.7,
      549109.9,
      722418.56,
      728542.2,
      682270.6,
      641560.75,
      816253.5,
      736427.5,
      916245.7,
      743557.8,
      304766.53,
      790139.75,
      853163.4,
      755050.2,
      595742.2,
      680777.5,
      792220.1,
      747030.7,
      824440.8,
      828836.44,
      606815.1,
      608090.2,
      824247.9,
      887313.4,
      634078.1,
      529413.44,
      825732.6,
      864311.8,
      807554.5,
      779091.94,
      754874.06,
      795021.94,
      696246.06,
      866467.7,
      819516.7,
      658874.8,
      596547.5,
      608551.56,
      725337.75,
      808720.56,
      459737.66,
      315763.97,
      304464.53,
      558194.75,
      401730.44,
      472563.84,
      605766.56,
      385951.47,
      598241.94,
      486379.88,
      325276.66,
      557917.94,
      385758.53,
      446324.28,
      430612.4,
      455895.7,
      468898.03,
      488309.25,
      729716.6,
      693150.7,
      623374.25,
      636250.75,
      717049.8,
      544479.4,
      700390.06,
      733097.25,
      717989.4,
      708610.9,
      468268.88,
      654948.94,
      669578.7,
      765678.56,
      934868.44,
      666013.56,
      553488.75,
      616579.44,
      555795.6,
      691707.8,
      738558.2,
      862474.75,
      494651.06,
      663505.3,
      873430.25,
      905013.4,
      985460.1,
      562540.06,
      611890.25,
      589324.9,
      798956.2,
      533741.94,
      856367.8,
      501999.47,
      500606.97,
      709944.7,
      746519,
      813376.2,
      698158.7,
      907202.8,
      661592.75,
      471381.06,
      404674.84,
      456868.75,
      502469.22,
      382973.5,
      513424.75,
      330234.34,
      101778.984,
      105369.305,
      129201.34,
      87258.3,
      1.9529266e+06,
      2.272198e+07,
      1.6075685e+07,
      1.157638e+07,
      1.4515924e+07,
      1.3073486e+07,
      1.047155e+07,
      6.9873915e+06,
      7.271648e+06,
      1.397626e+07,
      8.475808e+06,
      8.970769e+06,
      8.0644385e+06,
      7.280859e+06,
      9.467165e+06,
      6.120689e+06,
      8.272711e+06,
      1.1748824e+07,
      8.707383e+06,
      1.2197867e+07,
      9.848343e+06,
      1.2689372e+07,
      1.237896e+07,
      1.2425626e+07,
      1.1938977e+07,
      1.0607068e+07,
      8.870886e+06,
      9.258347e+06,
      9.458533e+06,
      1.1826905e+07,
      1.2604504e+07,
      1.1118144e+07,
      9.716005e+06,
      7.2992045e+06,
      8.454442e+06,
      1.3571728e+07,
      1.6313209e+07,
      1.4098834e+07,
      1.4815481e+07,
      1.424873e+07,
      1.3004934e+07,
      1.6104995e+07,
      1.7467648e+07,
      1.4027137e+07,
      9.637428e+06,
      6.480267e+06,
      8.508993e+06,
      1.6441118e+07,
      1.5760198e+07,
      1.346479e+07,
      1.1518414e+07,
      9.303847e+06,
      7.198961e+06,
      7.915893e+06,
      1.028039e+07,
      7.3658855e+06,
      8.051193e+06,
      5.6385455e+06,
      5.1007265e+06,
      6.608252e+06,
      7.5461315e+06,
      6.927824e+06,
      8.304076e+06,
      6.765362e+06,
      6.3131575e+06,
      7.6510395e+06,
      7.871467e+06,
      1.1824305e+07,
      9.065132e+06,
      6.303049e+06,
      1.2353433e+07,
      7.193097e+06,
      5.4441225e+06,
      6.029077e+06,
      8.070252e+06,
      6.845339e+06,
      1.2868813e+07,
      7.3959335e+06,
      8.700773e+06,
      8.107816e+06,
      5.3464205e+06,
      4.888092e+06,
      8.092398e+06,
      5.4807725e+06,
      3.7609065e+06,
      5.0273515e+06,
      1.1259005e+07,
      8.3471095e+06,
      1.0167572e+07,
      1.0149243e+07,
      7.9955345e+06,
      7.5346225e+06,
      1.1034031e+07,
      7.7035525e+06,
      5.6742975e+06,
      1.3930022e+07,
      1.0594778e+07,
      7.5278445e+06,
      1.0510347e+07,
      7.190111e+06,
      7.828534e+06,
      1.0139302e+07,
      5.726408e+06,
      9.347409e+06,
      8.648244e+06,
      5.7079865e+06,
      1.2127738e+07,
      9.232317e+06,
      5.7171465e+06,
      9.495795e+06,
      9.297715e+06,
      1.5521483e+07,
      9.307312e+06,
      8.627851e+06,
      8.020348e+06,
      5.340532e+06,
      3.6031505e+06,
      1.3083477e+07,
      6.4779265e+06,
      3.9241992e+06,
      1.4184633e+07,
      7.4453005e+06,
      2.8058048e+06,
      113976.016,
      85798.68,
      94422.17,
      119118.234,
      145064.2,
      88650.81,
      151498.27,
      220335.17,
      133160.77,
      113925.69,
      157437.39,
      119286.01,
      89724.555,
      99413.39,
      91846.87,
      60716.746,
      81403.055,
      135132.1,
      103733.52,
      97878.28,
      98549.37,
      63384.32,
      121970.36,
      104043.91,
      87803.56,
      112692.56,
      96544.49,
      57914.95,
      73836.53,
      95839.84,
      84909.49,
      253856.06,
      113296.54,
      72787.95,
      463437.03,
      88936.02,
      116878.48,
      93935.63,
      89279.95,
      65607.305,
      138479.14,
      92526.34,
      80136.375,
      95906.95,
      61144.562,
      81444.99,
      76369.89,
      109756.55,
      97182.02,
      90009.766,
      49543.117,
      59760.445,
      73693.92,
      98238.99,
      107365.8,
      109781.71,
      75673.63,
      56186.895,
      112575.12,
      83558.92,
      105763.57,
      122230.41,
      87149.25,
      94304.734,
      75640.08,
      79112.96,
      87082.14,
      66144.17,
      70246.2,
      68853.695,
      67545.07,
      72091.695,
      65640.86,
      65540.195,
      80329.31,
      45130.71,
      67167.586,
      81050.734,
      91150.62,
      82661.34,
      70816.625,
      63526.93,
      88659.195,
      69642.23,
      100738.8,
      66160.95,
      77108.086,
      116702.31,
      91108.67,
      121953.586,
      83525.37,
      85161.15,
      81109.45,
      72402.08,
      89145.734,
      84280.34,
      84280.34,
      90680.85,
      81562.44,
      82837.51,
      79054.24,
      82845.89,
      67385.69,
      67436.02,
      63090.723,
      96200.555,
      36792.434,
      36792.434,
      432248.2,
      66731.375,
      58787.363,
      79440.12,
      69700.945,
      79247.18,
      59827.55,
      69826.77,
      67637.34,
      80715.19,
      110033.375,
      45969.57,
      73568.09,
      65187.87,
      59190.02,
      0,
      141205.44,
      60003.715,
      53645.15,
      65338.867,
      73886.86,
      70464.305,
      87837.12,
      72620.18,
      55096.38,
      68367.16,
      76705.43,
      59030.633,
      64005.08,
      89489.67,
      81587.6,
      43754.98,
      43754.98,
      61144.562,
      85664.47,
      65800.24,
      86864.04,
      78760.64,
      79968.6,
      95848.234,
      81243.67,
      70917.29,
      61387.832,
      112206.02,
      73618.42,
      77015.81,
      76000.79,
      63401.098,
      71932.31,
      83449.875,
      66202.89,
      65053.656,
      60750.3,
      58082.723,
      61169.73,
      68367.16,
      71395.445,
      61874.37,
      63451.43,
      90513.08,
      110561.85,
      80278.98,
      90714.41,
      40584.086,
      76613.16,
      73106.72,
      57269.027,
      105310.586,
      59810.773,
      87694.51,
      98876.52,
      77653.34,
      360953.4,
      360953.4,
      1.4780979e+06,
      909148.94,
      458487.75,
      284742.9,
      289088.22,
      1.5799211e+08,
      3.2321066e+08,
      3.2970778e+08,
      3.2230413e+08,
      3.260535e+08,
      3.272897e+08,
      3.21882e+08,
      3.2415366e+08,
      3.243374e+08,
      3.2215968e+08,
      3.2907715e+08,
      3.2251206e+08,
      3.2567715e+08,
      2.929054e+08,
      3.0880672e+08,
      3.7047827e+08,
      3.2352272e+08,
      3.2154262e+08,
      3.2359123e+08,
      3.2819248e+08,
      3.2233648e+08,
      3.261673e+08,
      3.2191008e+08,
      3.2509664e+08,
      3.2277398e+08,
      3.2217952e+08,
      3.244956e+08,
      3.2619594e+08,
      3.251745e+08,
      3.2045968e+08,
      3.26501e+08,
      3.2482048e+08,
      3.2595798e+08,
      3.2307594e+08,
      3.1974605e+08,
      3.244143e+08,
      3.2413123e+08,
      3.2396842e+08,
      3.277625e+08,
      3.2220714e+08,
      3.2463014e+08,
      3.2287165e+08,
      3.235463e+08,
      3.25169e+08,
      3.227803e+08,
      3.2184035e+08,
      3.268185e+08,
      3.2471354e+08,
      3.227197e+08,
      3.240846e+08,
      3.214145e+08,
      3.2699997e+08,
      3.2654627e+08,
      3.253719e+08,
      3.2363315e+08,
      3.293053e+08,
      3.1782886e+08,
      3.2199222e+08,
      3.2596016e+08,
      3.2613034e+08,
      3.197243e+08,
      3.253786e+08,
      3.6631696e+08,
      2.840567e+08,
      3.198356e+08,
      3.257798e+08,
      3.2615264e+08,
      3.2501494e+08,
      3.2066432e+08,
      3.2428266e+08,
      3.261675e+08,
      3.2164976e+08,
      3.259156e+08,
      3.249683e+08,
      3.2413792e+08,
      3.2226016e+08,
      3.2621286e+08,
      3.2273814e+08,
      3.2418378e+08,
      3.2539507e+08,
      3.2267366e+08,
      3.2330797e+08,
      3.2600995e+08,
      3.2539235e+08,
      3.215392e+08,
      3.227059e+08,
      3.2451754e+08,
      3.2420797e+08,
      3.2058003e+08,
      3.2794938e+08,
      3.2378717e+08,
      3.2285843e+08,
      3.235965e+08,
      3.293519e+08,
      3.188786e+08,
      3.2708637e+08,
      3.2041802e+08,
      3.2664243e+08,
      3.2349274e+08,
      3.2492733e+08,
      3.2593126e+08,
      3.2240093e+08,
      3.2591917e+08,
      3.21903e+08,
      3.2407232e+08,
      3.264859e+08,
      3.2121862e+08,
      3.242892e+08,
      3.242825e+08,
      3.230244e+08,
      3.2446467e+08,
      3.2715805e+08,
      3.257077e+08,
      3.2037222e+08,
      3.2548445e+08,
      3.2113747e+08,
      3.257572e+08,
      3.22117e+08,
      3.268071e+08,
      3.2315562e+08,
      1.6624154e+08,
      131885.69,
      116576.484,
      87006.64,
      78483.82,
      85630.914,
      101611.21,
      106963.14,
      120678.516,
      119470.555,
      131516.6,
      109572,
      123304.15,
      87375.74,
      86947.92,
      147605.95,
      55197.04,
      92484.41,
      61882.76,
      102844.336,
      163745.62,
      98549.37,
      90848.625,
      103926.46,
      126802.195,
      109060.29,
      158360.14,
      101929.98,
      83298.875,
      74046.24,
      83844.14,
      94749.33,
      116299.664,
      120007.43,
      101158.23,
      94657.055,
      95495.914,
      109387.445,
      111132.28,
      94598.336,
      80941.68,
      82460.016,
      105402.86,
      120737.234,
      112566.734,
      119051.125,
      61270.395,
      84842.38,
      55213.816,
      95051.32,
      80857.79,
      98817.805,
      59768.832,
      87795.17,
      89330.29,
      93432.31,
      88994.74,
      70179.09,
      107994.94,
      87400.91,
      92585.07,
      99841.21,
      91796.54,
      75648.47,
      226995.73,
      113346.875,
      149325.61,
      85597.36,
      107575.51,
      65263.37,
      82334.19,
      129964.7,
      125300.64,
      115133.65,
      96099.89,
      121592.875,
      140299.47,
      84599.11,
      121508.984,
      81948.31,
      11232.346,
      21718.105,
      10032.775,
      10032.775,
      16710.107,
      10586.423,
      14596.178,
      16148.07,
      10267.656,
      20124.271,
      14050.918,
      18228.445,
      10032.775,
      59089.355,
      11039.408,
      10032.775,
      19176.357,
      11492.393,
      10032.775,
      50189.043,
      14940.111,
      153150.81,
      21013.463,
      16768.828,
      37765.51,
      28378.66,
      19528.68,
      20937.965,
      23177.725,
      15560.868,
      10032.775
    ],
    "outages": [
      {
        "cause": "BOOTING",
        "startTimestampNs": "1400974097828576707",
        "durationNs": "82772135700",
        "didSwitch": false
      },
      {
        "cause": "NO_SCHEDULE",
        "startTimestampNs": "1400974181120857352",
        "durationNs": "102479748201",
        "didSwitch": false
      },
      {
        "cause": "NO_PINGS",
        "startTimestampNs": "1400974284400584332",
        "durationNs": "8240175816",
        "didSwitch": false
      },
      {
        "cause": "NO_DOWNLINK",
        "startTimestampNs": "1400974585160849381",
        "durationNs": "599910816",
        "didSwitch": true
      },
      {
        "cause": "NO_PINGS",
        "startTimestampNs": "1400974693620747659",
        "durationNs": "819996901",
        "didSwitch": true
      },
      {
        "cause": "NO_DOWNLINK",
        "startTimestampNs": "1400975123820826578",
        "durationNs": "599913749",
        "didSwitch": true
      },
      {
        "cause": "OBSTRUCTED",
        "startTimestampNs": "1400975509440769279",
        "durationNs": "560011404",
        "didSwitch": true
      },
      {
        "cause": "NO_DOWNLINK",
        "startTimestampNs": "1400975541400758620",
        "durationNs": "519949551",
        "didSwitch": true
      },
      {
        "cause": "NO_DOWNLINK",
        "startTimestampNs": "1400975603640687368",
        "durationNs": "500092387",
        "didSwitch": true
      },
      {
        "cause": "NO_DOWNLINK",
        "startTimestampNs": "1400975788140717032",
        "durationNs": "520095298",
        "didSwitch": true
      },
      {
        "cause": "NO_DOWNLINK",
        "startTimestampNs": "1400976282060845636",
        "durationNs": "439895436",
        "didSwitch": true
      },
      {
        "cause": "NO_DOWNLINK",
        "startTimestampNs": "1400976315720811046",
        "durationNs": "839948199",
        "didSwitch": true
      },
      {
        "cause": "NO_PINGS",
        "startTimestampNs": "1400976317480672175",
        "durationNs": "180101279",
        "didSwitch": true
      },
      {
        "cause": "OBSTRUCTED",
        "startTimestampNs": "1400976569860839202",
        "durationNs": "499824937",
        "didSwitch": true
      },
      {
        "cause": "OBSTRUCTED",
        "startTimestampNs": "1400976639480766623",
        "durationNs": "699978858",
        "didSwitch": true
      },
      {
        "cause": "NO_DOWNLINK",
        "startTimestampNs": "1400977813520857754",
        "durationNs": "379846285",
        "didSwitch": true
      },
      {
        "cause": "NO_DOWNLINK",
        "startTimestampNs": "1400978322440782755",
        "durationNs": "819910800",
        "didSwitch": true
      }
    ]
  }
}
End time: 1716943356589
