Start time: 1716944066602
{
  "id": "0",
  "status": null,
  "apiVersion": "17",
  "dishGetHistory": {
    "current": "5148",
    "popPingDropRate": [
      0,
      0,
      0,
      0,
      0,
      0,
      0,
      0,
      0,
      0,
      0,
      0,
      0,
      0,
      0,
      0,
      0,
      0,
      0,
      0,
      0,
      0,
      0,
      0,
      0,
      0,
      0,
      0,
      0,
      0,
      0,
      0,
      0,
      0,
      0,
      0,
      0,
      0,
      0,
      0,
      0,
      0,
      0,
      0,
      0,
      0,
      0,
      0,
      0,
      0,
      0,
      0,
      0,
      0,
      0,
      0,
      0,
      0,
      0,
      0,
      0,
      0,
      0,
      0,
      0,
      0,
      0,
      0,
      0,
      0,
      0,
      0,
      0,
      0,
      0,
      0,
      0,
      0,
      0,
      0,
      0,
      0,
      0,
      0,
      0,
      0,
      0,
      0,
      0,
      0,
      0,
      0,
      0,
      0,
      0,
      0,
      0,
      0,
      0,
      0,
      0,
      0,
      0,
      0,
      0,
      0,
      0,
      0,
      0,
      0,
      0,
      0,
      0,
      0,
      0,
      0,
      0,
      0,
      0,
      0,
      0,
      0,
      0,
      0,
      0,
      0,
      0,
      0,
      0,
      0,
      0,
      0,
      0,
      0,
      0,
      0,
      0,
      0,
      0,
      0,
      0,
      0,
      0,
      0,
      0,
      0,
      0,
      0,
      0,
      0,
      0,
      0,
      0,
      0,
      0,
      0,
      0,
      0,
      0,
      0,
      0,
      0,
      0,
      0,
      0,
      0,
      0,
      0,
      0,
      0,
      0,
      0,
      0,
      0,
      0,
      0,
      0,
      0,
      0,
      0,
      0,
      0,
      0,
      0,
      0,
      0,
      0,
      0,
      0,
      0,
      0,
      0,
      0,
      0,
      0,
      0,
      0,
      0,
      0,
      0,
      0,
      0,
      0,
      0,
      0,
      0,
      0,
      0,
      0,
      0,
      0,
      0,
      0,
      0,
      0,
      0,
      0,
      0,
      0,
      0,
      0,
      0,
      0,
      0,
      0,
      0,
      0,
      0,
      0,
      0,
      0,
      0,
      0,
      0,
      0,
      0,
      0,
      0,
      0,
      0,
      0,
      0,
      0,
      0,
      0,
      0.06666667,
      0.06666667,
      0,
      0,
      0,
      0,
      0,
      0,
      0,
      0,
      0,
      0,
      0,
      0,
      0,
      0,
      0,
      0,
      0,
      0,
      0,
      0,
      0,
      0,
      0,
      0,
      0,
      0,
      0,
      0,
      0,
      0,
      0,
      0,
      0,
      0,
      0,
      0,
      0,
      0,
      0,
      0,
      0,
      0,
      0.2,
      0.1875,
      0,
      0,
      0,
      0,
      0,
      0,
      0,
      0,
      0,
      0,
      0,
      0,
      0,
      0,
      0,
      0,
      0,
      0,
      0,
      0,
      0,
      0,
      0,
      0,
      0,
      0,
      0,
      0,
      0,
      0,
      0,
      0,
      0,
      0,
      0,
      0,
      0,
      0,
      0,
      0,
      0,
      0,
      0,
      0,
      0,
      0,
      0,
      0,
      0,
      0,
      0,
      0,
      0,
      0,
      0,
      0,
      0,
      0,
      0,
      0,
      0,
      0,
      0,
      0,
      0,
      0,
      0,
      0,
      0,
      0,
      0,
      0,
      0,
      0,
      0,
      0,
      0,
      0,
      0,
      0,
      0,
      0,
      0,
      0,
      0,
      0,
      0,
      0,
      0,
      0,
      0,
      0,
      0,
      0,
      0,
      0,
      0,
      0,
      0,
      0,
      0,
      0,
      0,
      0,
      0,
      0,
      0,
      0,
      0,
      0,
      0,
      0,
      0,
      0,
      0,
      0,
      0.6,
      1,
      1,
      1,
      0.85714287,
      0.3125,
      0,
      0,
      0,
      0,
      0,
      0,
      0,
      0,
      0,
      0.06666667,
      0.06666667,
      0,
      0,
      0,
      0,
      0,
      0,
      0,
      0,
      0,
      0,
      0,
      0,
      0,
      0,
      0,
      0,
      0,
      0,
      0,
      0,
      0,
      0,
      0,
      0,
      0,
      0,
      0,
      0,
      0,
      0,
      0,
      0,
      0,
      0,
      0,
      0,
      0,
      0,
      0,
      0,
      0,
      0,
      0,
      0,
      0,
      0,
      0,
      0,
      0.4,
      0.4,
      0.46666667,
      0.5625,
      0.13333334,
      0,
      0,
      0,
      0,
      0,
      0,
      0,
      0,
      0.0625,
      0.125,
      0.0625,
      0,
      0,
      0,
      0,
      0,
      0,
      0.05882353,
      0.0625,
      0,
      0,
      0,
      0.06666667,
      0.05882353,
      0,
      0,
      0,
      0,
      0,
      0,
      0,
      0,
      0,
      0,
      0,
      0,
      0,
      0,
      0,
      0,
      0,
      0,
      0,
      0,
      0,
      0,
      0.0625,
      0.055555556,
      0,
      0,
      0,
      0,
      0,
      0,
      0,
      0,
      0,
      0.0625,
      0.05882353,
      0.05882353,
      0.0625,
      0.06666667,
      0.06666667,
      0,
      0,
      0,
      0,
      0,
      0.0625,
      0.06666667,
      0,
      0,
      0,
      0,
      0,
      0,
      0.06666667,
      0.0625,
      0,
      0,
      0,
      0,
      0,
      0,
      0,
      0.0625,
      0.0625,
      0,
      0,
      0,
      0.0625,
      0.05882353,
      0,
      0,
      0.05882353,
      0.05882353,
      0,
      0,
      0,
      0.06666667,
      0.0625,
      0,
      0,
      0,
      0,
      0.06666667,
      0.125,
      0.0625,
      0,
      0,
      0,
      0,
      0.0625,
      0.0625,
      0.05882353,
      0,
      0,
      0,
      0,
      0,
      0,
      0,
      0,
      0,
      0,
      0,
      0,
      0,
      0,
      0,
      0,
      0,
      0,
      0,
      0,
      0,
      0,
      0,
      0,
      0,
      0,
      0,
      0,
      0,
      0,
      0,
      0,
      0,
      0,
      0,
      0,
      0,
      0,
      0,
      0,
      0,
      0,
      0,
      0,
      0,
      0,
      0,
      0,
      0,
      0,
      0,
      0,
      0,
      0,
      0,
      0,
      0,
      0,
      0,
      0,
      0,
      0,
      0,
      0,
      0,
      0,
      0,
      0,
      0,
      0,
      0,
      0,
      0,
      0.0625,
      0.0625,
      0,
      0,
      0,
      0,
      0,
      0,
      0,
      0,
      0,
      0,
      0,
      0,
      0,
      0.05882353,
      0.05882353,
      0,
      0,
      0,
      0,
      0,
      0,
      0,
      0,
      0,
      0,
      0,
      0,
      0,
      0,
      0,
      0,
      0.0625,
      0.125,
      0.06666667,
      0,
      0,
      0,
      0.05882353,
      0.0625,
      0,
      0,
      0,
      0,
      0,
      0,
      0,
      0,
      0,
      0,
      0,
      0,
      0,
      0,
      0,
      0,
      0,
      0,
      0,
      0,
      0,
      0,
      0,
      0,
      0,
      0,
      0,
      0,
      0,
      0,
      0.06666667,
      0.071428575,
      0,
      0,
      0,
      0,
      0,
      0,
      0,
      0,
      0,
      0,
      0,
      0,
      0,
      0,
      0,
      0,
      0,
      0,
      0,
      0,
      0,
      0,
      0,
      0,
      0,
      0,
      0,
      0,
      0,
      0,
      0,
      0,
      0,
      0,
      0,
      0,
      0,
      0,
      0,
      0,
      0,
      0,
      0,
      0,
      0,
      0,
      0,
      0,
      0,
      0,
      0,
      0,
      0,
      0,
      0,
      0,
      0,
      0,
      0,
      0,
      0,
      0,
      0,
      0,
      0,
      0,
      0,
      0,
      0,
      0,
      0,
      0,
      0,
      0,
      0,
      0,
      0,
      0,
      0,
      0,
      0,
      0,
      0,
      0,
      0,
      0,
      0,
      0,
      0,
      0,
      0,
      0,
      0,
      0,
      0,
      0,
      0,
      0,
      0,
      0,
      0,
      0,
      0,
      0,
      0,
      0,
      0,
      0,
      0,
      0,
      0,
      0,
      0,
      0,
      0,
      0,
      0,
      0,
      0,
      0,
      0,
      0,
      0,
      0,
      0,
      0,
      0,
      0,
      0,
      0,
      0.0625,
      0.05882353,
      0,
      0,
      0,
      0,
      0,
      0,
      0,
      0,
      0,
      0,
      0,
      0,
      0,
      0,
      0,
      0,
      0,
      0,
      0,
      0,
      0,
      0,
      0,
      0,
      0,
      0,
      0,
      0,
      0,
      0
    ],
    "popPingLatencyMs": [
      34.14287,
      36.120213,
      38.37907,
      38.817314,
      33.66544,
      28.94775,
      28.699312,
      28.779436,
      30.178562,
      32.229313,
      31.258131,
      29.37725,
      30.460705,
      30.494,
      30.387197,
      32.73275,
      32.22812,
      32.361,
      32.225,
      29.375813,
      28.910624,
      28.561626,
      28.358875,
      28.3654,
      27.399815,
      28.086296,
      28.089249,
      26.671877,
      28.5275,
      29.788185,
      28.951876,
      28.14375,
      29.907001,
      31.155,
      32.526466,
      32.141624,
      33.213734,
      33.285873,
      30.265188,
      26.86244,
      27.180185,
      29.707314,
      29.0625,
      27.91125,
      29.802391,
      32.22518,
      31.46018,
      28.485703,
      29.380295,
      31.0198,
      29.3704,
      28.918125,
      29.88669,
      29.964064,
      32.840313,
      34.93306,
      32.55612,
      30.8125,
      29.18425,
      30.107563,
      31.116997,
      30.9455,
      31.561247,
      34.552467,
      34.636066,
      32.444622,
      32.544,
      35.012802,
      36.00825,
      31.929766,
      31.704563,
      34.838497,
      36.053562,
      34.64377,
      33.42375,
      32.18469,
      31.152197,
      34.223312,
      37.0485,
      36.37937,
      34.60813,
      33.48775,
      31.142311,
      31.370354,
      31.855118,
      30.726002,
      31.167997,
      32.674873,
      33.14606,
      32.36056,
      31.904938,
      32.739124,
      33.698124,
      33.585064,
      35.785873,
      37.04025,
      37.055935,
      37.001312,
      37.54053,
      37.57681,
      40.084312,
      38.796707,
      36.990765,
      35.990936,
      37.88894,
      38.088936,
      36.52262,
      38.210686,
      38.46837,
      35.260334,
      32.187565,
      32.367294,
      30.474066,
      31.232534,
      33.28494,
      31.31969,
      29.449562,
      28.394234,
      30.336374,
      31.238068,
      31.831501,
      31.951063,
      30.61053,
      32.884933,
      33.376663,
      32.3288,
      30.77175,
      29.600563,
      30.405931,
      30.363188,
      29.54719,
      29.837175,
      31.839409,
      33.508625,
      34.106,
      32.554825,
      32.251064,
      32.2834,
      33.688686,
      33.20124,
      29.864,
      29.3985,
      29.681599,
      29.871399,
      29.14073,
      30.863436,
      31.309752,
      31.704063,
      34.5795,
      34.134068,
      32.78869,
      32.194504,
      33.931202,
      37.74744,
      36.625565,
      34.300198,
      37.017376,
      39.619938,
      36.949764,
      36.78125,
      38.22367,
      37.766598,
      38.24853,
      37.415497,
      37.5818,
      37.731804,
      36.899372,
      35.74713,
      36.646133,
      35.957935,
      34.083122,
      35.4096,
      35.56594,
      33.88256,
      35.199497,
      36.02475,
      34.390263,
      34.369602,
      34.436188,
      34.66635,
      34.129356,
      34.4608,
      36.353466,
      39.181374,
      38.8402,
      35.134,
      35.758186,
      35.251,
      33.453377,
      34.88012,
      36.33294,
      34.980373,
      35.14956,
      36.750317,
      39.85844,
      37.464188,
      33.35119,
      35.09156,
      35.340065,
      32.310066,
      30.457664,
      29.964134,
      32.194065,
      31.872692,
      29.847599,
      31.13375,
      31.107937,
      31.929123,
      31.785736,
      30.257069,
      30.115498,
      31.54325,
      33.602753,
      34.344746,
      32.341816,
      31.816813,
      31.959436,
      32.84187,
      32.592,
      30.569134,
      32.4112,
      32.320335,
      32.70507,
      34.54387,
      33.022133,
      34.69756,
      35.978004,
      35.154686,
      33.763626,
      34.6095,
      36.27594,
      36.35869,
      37.045376,
      36.36234,
      36.609688,
      36.298878,
      32.423187,
      35.25088,
      37.012375,
      34.658066,
      33.224503,
      33.820873,
      34.89418,
      34.176,
      27.806734,
      25.499249,
      26.394,
      26.527063,
      26.985062,
      28.465351,
      28.509,
      29.09859,
      29.357687,
      28.228127,
      29.944332,
      30.152784,
      29.542065,
      29.40653,
      29.944881,
      30.767233,
      25.375883,
      22.976177,
      25.233875,
      24.766813,
      24.146248,
      26.012566,
      25.169176,
      24.495588,
      25.041376,
      23.585466,
      26.4322,
      28.142752,
      29.883335,
      32.041134,
      29.6602,
      28.253815,
      27.409557,
      26.005198,
      27.220814,
      28.284437,
      27.531876,
      27.286936,
      29.313438,
      29.605001,
      27.8505,
      26.774178,
      27.907,
      43.755535,
      45.973312,
      41.76488,
      27.205599,
      28.049465,
      30.235003,
      28.945293,
      25.972883,
      26.24775,
      28.8135,
      28.384626,
      26.477133,
      26.182533,
      27.13175,
      28.817251,
      28.493399,
      27.367142,
      28.078564,
      27.700811,
      28.971813,
      30.505375,
      29.392748,
      30.43547,
      30.177876,
      30.821598,
      30.85275,
      28.548376,
      27.428398,
      29.90775,
      28.006437,
      25.597466,
      30.696001,
      34.945427,
      35.56013,
      34.620564,
      33.5672,
      34.110065,
      35.248413,
      36.718945,
      35.5285,
      34.041534,
      34.156178,
      32.19831,
      32.635868,
      33.831135,
      32.8636,
      30.317877,
      26.821625,
      26.277716,
      28.5938,
      28.259687,
      27.611752,
      25.236002,
      24.8684,
      25.903532,
      26.001562,
      25.736185,
      25.541235,
      24.494587,
      25.141874,
      25.56175,
      26.17075,
      27.424187,
      27.75294,
      28.418875,
      27.976625,
      28.679375,
      29.507814,
      31.237373,
      34.637867,
      33.35486,
      31.449377,
      33.8436,
      33.539066,
      32.853466,
      31.452465,
      32.65156,
      33.154175,
      31.079939,
      31.272734,
      32.616936,
      33.256294,
      32.91165,
      34.927624,
      33.598873,
      33.66413,
      35.03273,
      32.51069,
      32.963623,
      33.326065,
      32.389812,
      33.355667,
      32.549934,
      35.439396,
      36.002865,
      32.408436,
      32.620247,
      34.013313,
      35.028217,
      33.84243,
      32.25873,
      32.861,
      34.781185,
      37.1745,
      35.245335,
      34.0934,
      36.193798,
      38.604717,
      39.910934,
      40.150066,
      39.692196,
      37.044933,
      36.44736,
      36.34947,
      37.79157,
      36.440426,
      34.142857,
      34.398502,
      34.398502,
      34.398502,
      34.398502,
      34.398502,
      31.695,
      35.642097,
      33.835438,
      35.072937,
      35.909737,
      36.991856,
      41.094288,
      37.010868,
      33.389942,
      31.816732,
      31.402466,
      33.074574,
      32.825356,
      31.763187,
      33.505802,
      34.295437,
      35.4963,
      34.308765,
      30.895378,
      34.886066,
      37.378586,
      34.234272,
      32.322235,
      31.52087,
      32.225563,
      32.8447,
      33.40253,
      33.36481,
      33.823814,
      35.704563,
      34.314186,
      32.1866,
      32.27007,
      32.49854,
      31.529688,
      30.69406,
      31.167501,
      34.08819,
      35.870564,
      35.361496,
      36.644684,
      36.458767,
      34.844067,
      32.6806,
      32.406933,
      33.49136,
      36.009468,
      37.88093,
      38.297718,
      35.791,
      34.447266,
      34.55944,
      34.995876,
      35.154003,
      35.714134,
      36.475266,
      36.986397,
      38.2955,
      38.753353,
      37.790936,
      36.35031,
      36.05775,
      47.256332,
      49.432446,
      33.538857,
      29.23838,
      28.65587,
      29.182133,
      29.382294,
      32.553116,
      33.20941,
      31.13594,
      33.109337,
      33.33413,
      33.242,
      32.083332,
      30.091198,
      30.037823,
      32.768066,
      35.880863,
      33.673065,
      31.498857,
      32.26173,
      32.153934,
      36.042625,
      36.5465,
      34.52706,
      34.140266,
      32.898464,
      33.763817,
      30.188446,
      24.599646,
      23.969707,
      24.718351,
      27.607124,
      28.567312,
      27.181248,
      26.855124,
      27.003061,
      27.493706,
      26.773937,
      26.964588,
      28.097813,
      27.2812,
      29.885143,
      35.402927,
      38.429935,
      38.075264,
      36.398136,
      35.722073,
      38.78281,
      38.828175,
      36.37253,
      35.93253,
      35.556824,
      35.58347,
      36.147854,
      36.243534,
      35.053932,
      36.683067,
      35.151875,
      30.320127,
      29.864624,
      31.900936,
      31.714,
      30.66412,
      34.175003,
      33.984684,
      32.03414,
      33.19344,
      33.881233,
      31.903471,
      31.434797,
      32.455864,
      33.999355,
      35.017643,
      34.385185,
      34.858337,
      34.67,
      33.72369,
      34.710297,
      37.431564,
      37.14686,
      36.372604,
      39.00531,
      38.48275,
      35.486748,
      36.54975,
      35.60281,
      36.660812,
      37.275234,
      32.267563,
      28.638134,
      30.822872,
      32.14878,
      33.365234,
      33.832466,
      30.640934,
      30.719059,
      33.056473,
      32.90353,
      31.756878,
      31.860691,
      32.107437,
      35.045933,
      34.44619,
      31.102068,
      33.046265,
      34.22519,
      33.281532,
      33.599667,
      33.1135,
      31.499144,
      30.937939,
      32.137,
      34.207874,
      35.216,
      34.058376,
      32.29369,
      48.350685,
      44.66456,
      26.073502,
      25.945055,
      27.733875,
      27.832882,
      28.59871,
      28.615877,
      26.041435,
      26.054312,
      25.106186,
      25.66169,
      25.237,
      27.492535,
      28.73443,
      28.342602,
      33.507,
      36.849735,
      34.273754,
      29.688189,
      28.050737,
      28.409933,
      30.467337,
      30.587292,
      29.22788,
      29.19475,
      31.476812,
      31.639133,
      29.316437,
      28.014254,
      30.311815,
      33.812435,
      35.781563,
      34.565,
      31.84513,
      32.977203,
      32.423134,
      31.58481,
      32.1324,
      35.168,
      34.197998,
      30.681437,
      30.777563,
      31.153177,
      31.650124,
      30.902868,
      33.526333,
      32.8988,
      31.77475,
      35.561623,
      34.458874,
      31.865313,
      32.41006,
      32.56,
      33.508373,
      35.501373,
      34.816334,
      33.552265,
      33.255436,
      33.17681,
      38.19253,
      38.693867,
      39.998005,
      42.6445,
      41.346397,
      39.43373,
      37.867752,
      38.31813,
      35.560867,
      36.962997,
      40.45587,
      40.401806,
      40.3635,
      43.128357,
      41.416267,
      47.257,
      42.935436,
      30.006498,
      28.483063,
      26.34513,
      29.139269,
      28.733936,
      27.672527,
      31.057375,
      32.964252,
      30.400293,
      28.549938,
      28.790749,
      30.471254,
      28.855312,
      28.34675,
      28.234814,
      29.47541,
      31.27825,
      31.234062,
      30.131622,
      28.392645,
      26.97656,
      25.819872,
      25.123497,
      27.307066,
      28.05713,
      26.597689,
      27.053312,
      26.391188,
      33.37069,
      31.926748,
      24.379124,
      24.85981,
      25.75057,
      26.444532,
      25.02567,
      25.283667,
      27.09312,
      27.683823,
      25.757,
      25.197733,
      26.751398,
      27.596333,
      27.020561,
      26.821625,
      25.612587,
      24.149187,
      25.2852,
      26.935747,
      26.61806,
      28.063437,
      28.613125,
      25.632809,
      27.303625,
      26.641253,
      29.190935,
      29.0075,
      25.607733,
      26.9942,
      31.595337,
      32.510754,
      29.428751,
      26.041233,
      23.855402,
      25.23656,
      26.578627,
      27.22894,
      26.659998,
      26.646135,
      26.510435,
      27.285357,
      31.903429,
      33.207264,
      30.632198,
      27.503296,
      25.857065,
      25.082064,
      25.748764,
      26.111315,
      25.115625,
      25.071749,
      27.612354,
      27.676058,
      26.284,
      24.839502,
      24.852882,
      25.218353,
      25.519238,
      27.603296,
      30.261059,
      29.0495,
      27.324562,
      28.323376,
      30.474937,
      31.517313,
      32.07406,
      32.048943,
      29.865942,
      29.008234,
      28.043472,
      28.72465,
      32.236496,
      31.482376,
      28.321058,
      29.043648,
      29.388058,
      27.18325,
      26.797068,
      28.420189,
      31.155937,
      29.922333,
      29.661188,
      31.514751,
      30.201439,
      29.549936,
      28.1525,
      27.570126,
      27.800247,
      28.720192,
      30.938734,
      30.964067,
      28.010067,
      28.849,
      27.16294,
      25.16225,
      27.161812,
      27.258175,
      28.907625,
      29.641003,
      28.323313,
      27.426464,
      26.155268,
      27.535622,
      27.493864,
      28.513063,
      31.362736,
      28.936598,
      26.731747,
      27.729189,
      30.718822,
      32.247112,
      30.22494,
      27.9232,
      28.461668,
      30.087627,
      29.03059,
      28.058765,
      29.022938,
      29.294468,
      31.103186,
      29.515753,
      26.691126,
      29.164312,
      27.491238,
      25.846647,
      26.62388,
      27.513502,
      29.186373,
      27.879734,
      28.683533,
      32.052402,
      31.604134,
      32.68,
      31.961872,
      31.145134,
      34.393467,
      34.559265,
      31.1796,
      28.379665,
      30.040133,
      30.774435,
      30.659437,
      32.197815,
      30.855625,
      28.178936,
      31.351751,
      33.469685,
      31.059187,
      32.24344,
      34.46056,
      33.907684,
      31.807125,
      29.063875,
      31.651499,
      32.36581,
      30.80975,
      31.95,
      31.061197,
      29.32225,
      28.87106,
      28.0925,
      29.592468,
      29.912436,
      29.539,
      31.225187,
      31.230686,
      30.531815,
      31.471684,
      31.567339,
      29.477266,
      29.781599,
      30.826,
      29.682127,
      30.637869,
      30.257812,
      29.920498,
      29.828197,
      28.839664,
      29.988586,
      33.611248,
      35.311184,
      34.3186,
      32.8026,
      31.754501,
      32.4285,
      32.47573,
      33.516872,
      36.83225,
      36.74431,
      32.87259,
      32.732624,
      33.1784,
      32.8998,
      33.56533,
      32.46331,
      34.88743,
      39.26486,
      37.2384,
      34.093132,
      34.013752,
      35.703625,
      35.90694,
      36.916004,
      38.388264,
      37.114876,
      34.499374
    ],
    "downlinkThroughputBps": [
      37614.52,
      19931.332,
      22062.04,
      29544.678,
      26667.385,
      94548,
      38243.664,
      162839.66,
      23689.43,
      22791.848,
      33873.2,
      61203.285,
      40038.824,
      19595.79,
      23932.7,
      21189.623,
      56908.316,
      20132.66,
      24033.361,
      56757.32,
      52630.125,
      23362.273,
      23462.938,
      19428.016,
      23941.088,
      23471.324,
      24159.191,
      23337.107,
      37874.566,
      33705.426,
      55507.418,
      38889.586,
      6.7551195e+06,
      1.4252536e+08,
      7.337315e+07,
      1.8106029e+08,
      1.2964676e+08,
      1.8501717e+08,
      1.7368424e+08,
      1.551444e+08,
      1.656192e+08,
      1.7462171e+08,
      1.2351967e+08,
      1.7744464e+08,
      1.9590528e+08,
      1.8753323e+08,
      2.0947434e+08,
      1.7193274e+08,
      8.4960536e+07,
      1.1276905e+08,
      2.3130821e+08,
      2.4714928e+08,
      2.7984803e+08,
      2.0945192e+08,
      1.6957933e+08,
      2.7718448e+08,
      1.9311195e+08,
      2.5464389e+08,
      2.5194864e+08,
      1.3422974e+08,
      1.2545868e+08,
      1.7153174e+08,
      1.7622728e+08,
      1.4605627e+08,
      1.3818786e+08,
      1.7900344e+08,
      2.0844347e+08,
      3.2743142e+08,
      1.4550474e+08,
      1.7472992e+08,
      1.4955258e+08,
      2.3416598e+08,
      2.2407714e+08,
      1.8170955e+08,
      2.1165179e+08,
      2.0845802e+08,
      1.916796e+08,
      1.3512893e+08,
      9.789463e+07,
      2.0694494e+08,
      1.9642922e+08,
      2.3128608e+08,
      2.538066e+08,
      3.3031866e+08,
      2.4172288e+08,
      2.5360611e+08,
      2.888318e+08,
      3.281762e+08,
      2.638761e+08,
      2.7113037e+08,
      2.1706635e+08,
      2.769306e+08,
      2.6054422e+08,
      2.6018389e+08,
      2.0801008e+08,
      2.2620123e+08,
      1.5522922e+08,
      2.0559134e+08,
      2.5057171e+08,
      2.4070942e+08,
      2.4271949e+08,
      2.4271949e+08,
      2.0321475e+08,
      2.166629e+08,
      2.5113811e+08,
      2.190776e+08,
      2.6861094e+08,
      2.983609e+08,
      2.0110925e+08,
      2.0309664e+08,
      1.574213e+08,
      2.7265472e+08,
      2.0559251e+08,
      2.0017514e+08,
      1.72749e+08,
      2.532954e+08,
      1.4904614e+08,
      1.8984098e+08,
      1.7865365e+08,
      1.9485206e+08,
      1.4531842e+08,
      2.3321798e+08,
      2.593148e+08,
      2.8753466e+08,
      2.325858e+08,
      2.0351125e+08,
      1.3201728e+08,
      2.6276539e+08,
      2.681645e+08,
      1.8768382e+08,
      3.2932877e+08,
      2.1963309e+08,
      1.8931973e+08,
      2.465375e+08,
      1.6821198e+08,
      2.5789776e+08,
      2.729356e+08,
      2.833171e+08,
      2.5041342e+08,
      2.1435584e+08,
      2.376174e+08,
      2.2550829e+08,
      1.8012146e+08,
      5.0936332e+07,
      1.5763222e+08,
      2.0549634e+08,
      2.1300643e+08,
      2.0547968e+08,
      1.9158086e+08,
      2.2282918e+08,
      2.3284709e+08,
      2.4378261e+08,
      2.6501606e+08,
      2.5273294e+08,
      1.8018045e+08,
      1.855248e+08,
      1.9661306e+08,
      2.070869e+08,
      2.2942446e+08,
      2.0797688e+08,
      2.0583922e+08,
      1.9730707e+08,
      1.8270914e+08,
      1.5551613e+08,
      2.0429867e+08,
      2.270066e+08,
      5.4540096e+07,
      22112.371,
      27011.318,
      20635.977,
      39451.625,
      146775.47,
      946914.44,
      576976.9,
      581481.5,
      568705.7,
      596010.6,
      569620.06,
      568034.56,
      525319.8,
      557515.25,
      489290.72,
      500204.3,
      592512.56,
      541409.1,
      368536.72,
      327583.53,
      385783.7,
      513131.16,
      433783.3,
      362379.47,
      423138.16,
      353688.88,
      274852.75,
      418843.2,
      431694.53,
      448471.75,
      542323.5,
      505749.2,
      498753.06,
      563823.5,
      730924.56,
      586867,
      602838.94,
      895618.1,
      595398.25,
      643355.9,
      491002,
      510211.9,
      457799.9,
      5.5560685e+06,
      1.6116076e+07,
      510077.7,
      1.405226e+06,
      1.5818901e+06,
      662465.1,
      1.0496246e+06,
      685617.7,
      487176.8,
      490599.34,
      549168.6,
      515404.47,
      373184,
      389894.12,
      484836.38,
      453026.78,
      515035.38,
      399608.12,
      313155.12,
      301419.47,
      318884.53,
      339998.66,
      215411.06,
      184004.11,
      159979.14,
      328632.1,
      285648.88,
      188919.84,
      194036.89,
      292905.03,
      242330.11,
      212307.28,
      274190.03,
      286361.9,
      353923.75,
      283191.03,
      842576.94,
      502687.34,
      425377.94,
      698091.56,
      479132.12,
      342934.7,
      304699.4,
      223808.06,
      294431.75,
      446592.72,
      383913.03,
      424186.75,
      305647.3,
      594551,
      392595.25,
      264132.1,
      367010,
      389273.34,
      351063.25,
      307794.8,
      441031.06,
      691867.25,
      229596.2,
      377579.62,
      352799.7,
      334168.6,
      439638.56,
      424404.84,
      359971.94,
      494164.5,
      399322.9,
      408156.12,
      369593.7,
      375063.06,
      363453.22,
      463244.1,
      414153.97,
      376707.22,
      322122.56,
      397125.1,
      375566.38,
      339369.53,
      96016.01,
      420806.12,
      236575.52,
      350257.94,
      312123.3,
      207307.67,
      28110.225,
      25451.037,
      29762.781,
      63761.81,
      29905.387,
      62755.176,
      50029.656,
      40693.137,
      33957.086,
      37958.453,
      27120.37,
      28739.371,
      27598.52,
      66513.27,
      40466.645,
      175145.75,
      40433.09,
      51875.152,
      53880.027,
      34057.75,
      35903.242,
      35961.96,
      66873.984,
      38772.145,
      23714.596,
      25979.52,
      42689.625,
      56883.152,
      28932.309,
      25132.27,
      29829.89,
      24259.854,
      25484.592,
      59953.383,
      41926.26,
      24016.584,
      30777.803,
      72502.74,
      31625.053,
      52453.965,
      63275.27,
      34787.56,
      27128.758,
      19654.508,
      19612.566,
      24419.238,
      38981.863,
      19755.172,
      64223.184,
      46766.49,
      21692.94,
      21223.178,
      53611.594,
      23571.988,
      37698.406,
      20669.53,
      27506.246,
      19671.285,
      21332.23,
      3.8380584e+07,
      1.814446e+08,
      2.7482224e+08,
      1.8698198e+08,
      2.4564206e+08,
      2.2124834e+08,
      2.3697637e+08,
      1.8997398e+08,
      2.340816e+08,
      1.1239382e+08,
      2.2710462e+08,
      3.5830845e+08,
      3.0794653e+08,
      2.967406e+08,
      3.6869123e+08,
      3.6599293e+08,
      4.0763158e+08,
      3.4651005e+08,
      4.073099e+08,
      2.0152426e+08,
      3.1467894e+08,
      3.5816982e+08,
      3.478329e+08,
      3.51438e+08,
      2.9539405e+08,
      1.8218835e+08,
      2.4910779e+08,
      2.5066714e+08,
      3.1218326e+08,
      2.4165198e+08,
      3.301078e+08,
      2.4676736e+08,
      3.1793386e+08,
      2.5602086e+08,
      2.864541e+08,
      3.378498e+08,
      3.3222976e+08,
      2.2119147e+08,
      2.8270282e+08,
      2.8270282e+08,
      2.7583286e+08,
      9.221368e+07,
      1.5706525e+08,
      1.6192862e+08,
      1.7191894e+08,
      1.4346376e+08,
      1.9838973e+08,
      1.3795117e+08,
      1.4403032e+08,
      6.643806e+07,
      3.9590588e+07,
      1.19931144e+08,
      1.3005833e+08,
      0,
      0,
      0,
      0,
      2.6309712e+07,
      3.6858672e+08,
      1.4679986e+08,
      1.7363709e+08,
      3.4685176e+07,
      2.4023093e+08,
      3.2695824e+08,
      1.9431646e+08,
      1.3923051e+08,
      2.3971736e+08,
      1.1613164e+08,
      1.7604082e+07,
      1.29914344e+08,
      1.06955176e+08,
      2.177827e+08,
      2.6332219e+08,
      2.9704486e+08,
      3.5524742e+08,
      2.499748e+08,
      2.6461978e+08,
      3.8377926e+08,
      4.0762387e+08,
      2.3564845e+08,
      3.448997e+08,
      3.527393e+08,
      3.208582e+08,
      3.076786e+08,
      3.2024323e+08,
      3.7400544e+08,
      2.7795226e+08,
      3.0323475e+08,
      3.119945e+08,
      3.1487712e+08,
      3.7437078e+08,
      3.9049843e+08,
      4.1508944e+08,
      3.763857e+08,
      3.390289e+08,
      4.1751082e+08,
      2.7375126e+08,
      3.7264208e+08,
      3.0309354e+08,
      3.5793066e+08,
      4.1450832e+08,
      2.2843954e+08,
      2.5778382e+08,
      2.4016072e+08,
      2.7604176e+08,
      2.6288998e+08,
      2.938949e+08,
      3.3831987e+08,
      2.5789626e+08,
      3.0141514e+08,
      2.8210256e+08,
      2.4012989e+08,
      2.5894696e+08,
      3.1127318e+08,
      2.4541096e+08,
      3.1468093e+08,
      2.3241467e+08,
      2.835877e+08,
      3.475305e+07,
      1.1176892e+08,
      1.1473602e+06,
      2.329654e+07,
      183786.02,
      44996.492,
      54525.953,
      22917.678,
      43788.535,
      101225.336,
      24712.84,
      34997.273,
      28949.086,
      30098.326,
      25484.592,
      29242.688,
      45684.36,
      23588.766,
      37580.965,
      32061.26,
      119378.28,
      25593.643,
      24704.451,
      21625.832,
      22053.65,
      57310.97,
      23395.828,
      23303.553,
      30475.812,
      42303.75,
      25190.99,
      21592.277,
      54324.625,
      97786,
      25803.357,
      24855.445,
      19469.959,
      88717.92,
      43452.99,
      29410.459,
      37916.508,
      71152.17,
      32203.865,
      48008.004,
      35701.914,
      25811.746,
      58116.277,
      24981.275,
      22531.8,
      30777.803,
      24066.916,
      55306.094,
      30039.605,
      20543.701,
      21055.406,
      60741.91,
      24889,
      22372.418,
      25803.357,
      35785.8,
      21055.406,
      31574.72,
      25945.965,
      39770.39,
      53527.707,
      34485.566,
      28345.105,
      35408.312,
      24805.113,
      54114.91,
      20963.13,
      34351.35,
      62654.51,
      145466.84,
      65707.97,
      75195.484,
      56698.6,
      24159.191,
      69340.234,
      32203.865,
      27883.732,
      115880.234,
      63451.43,
      66186.12,
      24628.953,
      61824.04,
      25761.416,
      27053.262,
      24729.617,
      33294.387,
      27388.805,
      25442.648,
      25367.15,
      32078.037,
      23219.666,
      62579.016,
      30509.367,
      28412.215,
      24704.451,
      96779.37,
      162797.72,
      34259.074,
      92526.34,
      94732.55,
      47160.754,
      33067.895,
      24360.518,
      24092.082,
      25451.037,
      71538.05,
      40156.266,
      70481.086,
      66672.66,
      86536.88,
      86536.88,
      80539.02,
      44895.83,
      40886.074,
      68375.55,
      33806.09,
      46456.11,
      19469.959,
      25190.99,
      31197.232,
      29720.838,
      21927.822,
      40659.582,
      34510.734,
      40173.043,
      64466.453,
      46439.332,
      29653.729,
      25719.473,
      44291.85,
      25274.875,
      24779.947,
      35215.375,
      26340.229,
      35760.637,
      31289.508,
      24016.584,
      122054.25,
      24788.336,
      24779.947,
      21818.77,
      60171.484,
      24687.674,
      31708.938,
      26508.002,
      31482.445,
      22355.64,
      31272.73,
      27741.127,
      42446.355,
      45466.254,
      81327.555,
      32925.285,
      26432.504,
      28806.48,
      40181.434,
      38168.168,
      83919.63,
      35634.81,
      40122.71,
      66353.89,
      32472.3,
      462833.06,
      21491.613,
      24092.082,
      25744.639,
      39803.945,
      75220.65,
      29183.967,
      18941.477,
      19167.969,
      58225.33,
      22213.033,
      2.9397146e+08,
      1.1502917e+08,
      3.0847872e+07,
      6.964886e+07,
      1.59194e+08,
      1.377595e+08,
      1.2549573e+08,
      1.24396664e+08,
      1.0372527e+08,
      4.267805e+07,
      1.2977566e+08,
      4.3936812e+07,
      7.8328344e+07,
      8.4543816e+07,
      7.6860504e+07,
      7.6860504e+07,
      3.9827012e+06,
      2.4269418e+06,
      2.3505802e+06,
      311494.2,
      308197.47,
      517308.7,
      829432,
      1.4071386e+06,
      2.3856362e+06,
      1.6920829e+06,
      1.3601541e+06,
      1.404706e+06,
      912353.4,
      557993.44,
      800952.7,
      332625.1,
      272269.06,
      505598.2,
      214714.81,
      87954.555,
      395648.7,
      132732.94,
      24939.332,
      41523.61,
      50574.918,
      70875.35,
      28756.148,
      455333.66,
      21399.34,
      28999.418,
      89481.28,
      43511.71,
      42312.14,
      38847.645,
      28001.174,
      32614.908,
      56539.22,
      28680.65,
      30190.6,
      31557.943,
      29049.75,
      23949.477,
      56547.605,
      25325.207,
      91452.6,
      45139.1,
      37597.742,
      257614.16,
      22330.475,
      43864.03,
      30073.16,
      35097.938,
      69994.55,
      33269.22,
      23941.088,
      58183.387,
      53955.527,
      45826.965,
      23001.562,
      37975.227,
      4.573729e+06,
      3.8719718e+06,
      265918.88,
      186696.86,
      51774.49,
      32967.23,
      32874.953,
      120200.37,
      58284.047,
      26600.275,
      31516,
      25736.25,
      60968.402,
      26994.541,
      30400.314,
      37295.75,
      81436.61,
      27170.701,
      21592.277,
      21692.94,
      184540.98,
      27397.193,
      100067.7,
      28076.672,
      23857.201,
      401881.44,
      41464.89,
      33646.707,
      44182.797,
      32698.795,
      52663.68,
      39669.727,
      45508.2,
      31138.514,
      36213.62,
      34309.406,
      32958.84,
      26239.566,
      433967.84,
      73568.09,
      73064.77,
      29787.947,
      62176.363,
      26877.1,
      31599.887,
      41037.07,
      43922.75,
      72662.125,
      34678.504,
      22338.863,
      26709.328,
      38990.25,
      108850.58,
      24763.17,
      25174.213,
      25400.705,
      41825.598,
      91721.04,
      42001.76,
      57663.293,
      31272.73,
      26860.322,
      72091.695,
      99304.34,
      44753.223,
      28974.252,
      32170.312,
      27598.52,
      21667.775,
      22968.008,
      35878.08,
      32849.79,
      64785.22,
      29309.797,
      52428.8,
      60305.703,
      89883.94,
      71487.72,
      40911.242,
      30366.762,
      38126.223,
      29645.34,
      36884.71,
      29108.47,
      85647.69,
      79473.67,
      42001.76,
      34443.625,
      28277.998,
      30492.59,
      44426.066,
      130543.516,
      52219.086,
      33713.816,
      32883.344,
      44442.844,
      39501.953,
      25962.742,
      58384.71,
      40433.09,
      530906.6,
      26239.566,
      76738.984,
      27086.814,
      23932.7,
      24192.746,
      39728.45,
      44669.336,
      44317.016,
      31666.996,
      31205.621,
      19511.902,
      40374.37,
      43822.09,
      28974.252,
      25291.652,
      42446.355,
      19864.225,
      22884.123,
      25794.969,
      33906.754,
      46212.84,
      22775.07,
      166388.05,
      33436.992,
      42303.75,
      21650.998,
      21164.457,
      30073.16,
      83701.53,
      25727.861,
      32791.07,
      68123.88,
      66639.1,
      27070.037,
      33143.39,
      61320.723,
      26457.67,
      27422.36,
      23387.44,
      35844.523,
      361809.06,
      64692.945,
      68316.82,
      90672.46,
      21969.764,
      30660.361,
      18748.54,
      29863.445,
      31759.27,
      31155.291,
      37463.523,
      45046.824,
      65842.19,
      30157.045,
      35349.594,
      29351.74,
      23496.49,
      28554.822,
      64323.848,
      25090.326,
      20862.469,
      53955.527,
      23102.227,
      24587.01,
      30425.48,
      30190.6,
      17330.863,
      30366.762,
      28881.977,
      22674.408,
      18882.756,
      47152.367,
      54274.293,
      27506.246,
      23899.145
    ],
    "uplinkThroughputBps": [
      34804.336,
      10032.775,
      11140.071,
      18111.004,
      20073.94,
      15627.977,
      16743.662,
      66286.78,
      10955.522,
      14034.142,
      18824.037,
      10032.775,
      14587.789,
      10032.775,
      10586.423,
      19763.56,
      10032.775,
      9210.691,
      15141.4375,
      157940.72,
      27640.463,
      15309.21,
      10032.775,
      12549.357,
      14034.142,
      14596.178,
      10821.305,
      90571.8,
      121777.42,
      128412.81,
      166010.55,
      93658.805,
      289541.2,
      632073.25,
      693981.1,
      903125.94,
      662188.3,
      911497.75,
      859186.4,
      851242.4,
      732082.2,
      751023.7,
      600053.94,
      601337.4,
      754202.94,
      784351.6,
      845278.06,
      684057.44,
      458621.97,
      442574.56,
      892136.9,
      790676.6,
      876919.94,
      671432.56,
      628407.4,
      990862.4,
      632224.25,
      821328.6,
      814324.1,
      392955.97,
      986265.44,
      594710.4,
      593544.4,
      509498.88,
      503643.62,
      716764.6,
      704768.9,
      963498.75,
      434437.62,
      599374.44,
      1.0678698e+06,
      905332.1,
      860360.8,
      831403.3,
      743700.44,
      854966.94,
      733256.6,
      575886.3,
      540360.56,
      678948.75,
      1.08687e+06,
      839448,
      740177.2,
      972818.5,
      639060.94,
      749329.2,
      821831.94,
      918124.75,
      705188.3,
      866945.9,
      685273.75,
      868145.44,
      708107.56,
      804148.75,
      627778.25,
      619800.7,
      542038.3,
      651593.5,
      654714.06,
      631788,
      696883.6,
      696883.6,
      527291.1,
      573025.8,
      697982.5,
      599869.4,
      726109.5,
      913611.7,
      601027,
      655200.6,
      610657.1,
      894418.56,
      738667.25,
      602553.7,
      582328.75,
      814064.06,
      964773.8,
      750100.94,
      635789.4,
      758716.06,
      696195.75,
      925196.4,
      839003.44,
      831118.1,
      691472.94,
      566868.56,
      589031.25,
      818250,
      805423.8,
      1.1694978e+06,
      1.0401119e+06,
      680123.2,
      628222.9,
      902094.1,
      572010.8,
      790324.3,
      875191.9,
      917772.44,
      760695.75,
      695348.5,
      779360.4,
      704584.4,
      691523.3,
      264241.16,
      768186.75,
      804064.9,
      846788.06,
      656115,
      604323.7,
      599894.5,
      852509.06,
      680844.56,
      798520,
      798100.56,
      677044.56,
      640470.25,
      757038.3,
      748045.75,
      837216.6,
      809114.8,
      731427.9,
      715086.9,
      634027.75,
      679015.9,
      755427.7,
      812252.1,
      278803.78,
      91846.87,
      95613.35,
      84162.91,
      101720.26,
      7.9020435e+06,
      3.2267242e+07,
      1.7706782e+07,
      1.7890418e+07,
      1.685851e+07,
      1.7977928e+07,
      1.7469074e+07,
      1.6347459e+07,
      1.593448e+07,
      1.6384914e+07,
      1.4716252e+07,
      1.522654e+07,
      1.6831466e+07,
      1.6521867e+07,
      1.0913671e+07,
      9.979096e+06,
      1.208181e+07,
      1.3195238e+07,
      1.2632682e+07,
      1.1053753e+07,
      1.3474202e+07,
      1.0253077e+07,
      5.8858585e+06,
      1.3001118e+07,
      1.3205246e+07,
      1.2697895e+07,
      1.4310915e+07,
      1.4585608e+07,
      1.4872624e+07,
      1.6516842e+07,
      2.1474208e+07,
      1.5874543e+07,
      1.8524966e+07,
      1.6627219e+07,
      1.723739e+07,
      2.0034302e+07,
      1.5075872e+07,
      1.4929784e+07,
      1.5496687e+07,
      1.2406701e+07,
      1.3481558e+07,
      1.9005482e+07,
      1.6672434e+07,
      1.5596771e+07,
      1.6107679e+07,
      1.2466478e+07,
      1.0692648e+07,
      1.859163e+07,
      1.6450228e+07,
      2.1374164e+07,
      1.5540039e+07,
      1.0412502e+07,
      1.3775571e+07,
      1.6095298e+07,
      1.511128e+07,
      1.5993343e+07,
      1.1155565e+07,
      1.3799478e+07,
      1.0132944e+07,
      1.0698646e+07,
      1.3084668e+07,
      6.689873e+06,
      5.9810945e+06,
      4.8747375e+06,
      1.1625629e+07,
      9.400996e+06,
      5.8699285e+06,
      5.798063e+06,
      6.6096025e+06,
      8.593651e+06,
      7.354578e+06,
      8.3555235e+06,
      9.391047e+06,
      1.2759534e+07,
      9.553802e+06,
      1.9663912e+07,
      1.3546537e+07,
      1.3941195e+07,
      2.0258824e+07,
      1.7411612e+07,
      1.1434805e+07,
      9.647864e+06,
      6.981528e+06,
      1.2401827e+07,
      1.4670593e+07,
      1.1467395e+07,
      1.5914473e+07,
      9.823496e+06,
      2.4782212e+07,
      1.2029826e+07,
      8.629764e+06,
      1.7185356e+07,
      9.605929e+06,
      1.0664941e+07,
      8.973386e+06,
      1.3778851e+07,
      7.8988475e+06,
      7.008397e+06,
      1.6226982e+07,
      1.0989764e+07,
      1.1316752e+07,
      1.4154878e+07,
      1.5230197e+07,
      9.613554e+06,
      1.75805e+07,
      1.3339237e+07,
      1.3745179e+07,
      1.1508818e+07,
      1.3028817e+07,
      1.1979587e+07,
      1.5263206e+07,
      1.391837e+07,
      1.2727406e+07,
      1.1849941e+07,
      1.3126527e+07,
      1.1704608e+07,
      1.1693569e+07,
      3.4160005e+06,
      1.2595705e+07,
      8.021816e+06,
      1.1954245e+07,
      1.0203316e+07,
      5.8395195e+06,
      83667.98,
      85102.43,
      87795.17,
      108112.38,
      95529.47,
      744228.94,
      133571.81,
      81570.82,
      94111.8,
      107508.4,
      93524.59,
      85849.016,
      70841.8,
      340309.06,
      120988.89,
      131483.05,
      101057.56,
      62620.957,
      89875.55,
      58183.387,
      136088.39,
      114705.83,
      119277.62,
      66051.9,
      73467.43,
      60213.43,
      140316.25,
      93029.664,
      75270.98,
      63417.875,
      99304.34,
      58191.773,
      127246.8,
      92014.64,
      97056.195,
      51942.26,
      55046.047,
      111618.82,
      86788.54,
      116786.2,
      128236.65,
      67259.86,
      83810.586,
      74910.266,
      112516.4,
      92492.79,
      126131.11,
      59148.074,
      51405.39,
      86503.33,
      105813.9,
      110385.695,
      85127.59,
      57008.98,
      67847.06,
      65246.594,
      97182.02,
      85538.63,
      128823.85,
      80790.69,
      85429.586,
      62562.24,
      77770.78,
      57134.81,
      64038.633,
      58829.31,
      80832.625,
      66160.95,
      74817.99,
      77678.51,
      66228.06,
      53049.56,
      66261.62,
      61698.21,
      37530.633,
      95118.43,
      81746.984,
      59617.836,
      82325.8,
      60683.19,
      57445.188,
      88801.805,
      62134.418,
      66152.56,
      63661.145,
      66261.62,
      79607.89,
      63342.38,
      67150.805,
      72276.25,
      71756.16,
      68367.16,
      56715.38,
      70128.766,
      58888.027,
      58309.215,
      83978.35,
      47798.29,
      47798.29,
      51422.168,
      61345.89,
      73383.54,
      110285.03,
      119378.28,
      90135.59,
      69902.27,
      100755.57,
      117046.25,
      81495.33,
      81805.7,
      87644.18,
      78643.2,
      98121.55,
      84573.945,
      85488.305,
      89414.17,
      124637.94,
      43327.16,
      53326.383,
      55163.484,
      93885.3,
      74549.56,
      85320.53,
      66001.57,
      61085.844,
      79641.445,
      99069.46,
      107583.9,
      65422.754,
      125669.734,
      99421.78,
      85773.516,
      72687.29,
      57847.84,
      60767.08,
      61312.336,
      68207.77,
      78794.195,
      64231.57,
      58871.25,
      58963.527,
      79054.24,
      74817.99,
      57554.24,
      53796.145,
      50960.793,
      80077.65,
      68417.484,
      55373.203,
      106258.5,
      69457.67,
      63661.145,
      67956.12,
      75707.19,
      77301.02,
      55599.695,
      72251.08,
      100168.37,
      64290.293,
      64365.79,
      67167.586,
      85127.59,
      79196.85,
      77544.29,
      75346.48,
      77191.97,
      50247.76,
      67092.086,
      71890.37,
      62839.062,
      69700.945,
      92568.29,
      68971.13,
      60322.48,
      87761.62,
      61236.84,
      67024.98,
      88592.086,
      73341.6,
      95219.086,
      89112.18,
      88071.99,
      50281.316,
      97945.39,
      105822.29,
      94187.29,
      3.1135603e+08,
      3.2690237e+08,
      3.242094e+08,
      3.25993e+08,
      3.2204077e+08,
      3.2237814e+08,
      3.2413558e+08,
      3.2423008e+08,
      3.2382058e+08,
      3.2188755e+08,
      3.2585645e+08,
      3.2446838e+08,
      3.2689834e+08,
      3.2219926e+08,
      3.2340742e+08,
      3.2175146e+08,
      3.291621e+08,
      3.197979e+08,
      3.2746602e+08,
      3.2302688e+08,
      3.236805e+08,
      3.2239152e+08,
      3.1411616e+08,
      2.6600429e+08,
      3.934214e+08,
      3.238781e+08,
      3.2590182e+08,
      3.22762e+08,
      3.2383594e+08,
      3.249477e+08,
      3.2253805e+08,
      3.2459117e+08,
      3.2288003e+08,
      3.2542694e+08,
      3.267314e+08,
      3.18122e+08,
      3.2761466e+08,
      3.2748422e+08,
      3.2429683e+08,
      3.2181414e+08,
      3.223589e+08,
      3.241057e+08,
      3.2767542e+08,
      3.2059123e+08,
      3.2374954e+08,
      3.280223e+08,
      3.2418435e+08,
      3.2318234e+08,
      3.2072416e+08,
      3.2869907e+08,
      3.2381168e+08,
      3.2332416e+08,
      3.208673e+08,
      3.2687142e+08,
      3.2156147e+08,
      3.244792e+08,
      3.2072454e+08,
      3.2739386e+08,
      3.2294173e+08,
      3.251749e+08,
      3.2403773e+08,
      3.2274477e+08,
      3.250774e+08,
      3.2411542e+08,
      3.2651187e+08,
      3.2464627e+08,
      3.2446186e+08,
      3.2241866e+08,
      3.2096598e+08,
      3.2472928e+08,
      3.2758672e+08,
      3.2600035e+08,
      3.2057395e+08,
      3.2424477e+08,
      3.2406576e+08,
      3.2006845e+08,
      3.2959562e+08,
      3.2258406e+08,
      3.2206493e+08,
      3.2627574e+08,
      3.266699e+08,
      3.2257344e+08,
      3.1991907e+08,
      3.2625232e+08,
      3.250528e+08,
      3.2383347e+08,
      3.2581232e+08,
      3.231248e+08,
      3.2345626e+08,
      3.2131466e+08,
      3.309636e+08,
      3.245729e+08,
      3.1916598e+08,
      3.2688474e+08,
      3.2117754e+08,
      3.2459773e+08,
      3.2696326e+08,
      3.2096323e+08,
      3.2695306e+08,
      3.2524966e+08,
      3.2219296e+08,
      3.2210355e+08,
      3.262025e+08,
      3.2205088e+08,
      3.5659526e+08,
      3.5659526e+08,
      2.9117907e+08,
      3.2393635e+08,
      3.2301734e+08,
      3.2461936e+08,
      3.2419354e+08,
      3.2519034e+08,
      3.236511e+08,
      3.2216515e+08,
      3.2638618e+08,
      3.2365878e+08,
      3.2511498e+08,
      3.2339024e+08,
      3.2619446e+08,
      3.2071315e+08,
      1.3200062e+07,
      123664.86,
      92618.62,
      91855.26,
      91679.09,
      113296.54,
      85832.234,
      148352.53,
      117583.12,
      131088.78,
      131441.1,
      108313.7,
      115972.51,
      96183.78,
      87124.086,
      74918.66,
      72410.46,
      86234.89,
      98314.484,
      85823.85,
      87207.97,
      65330.48,
      65288.535,
      88214.6,
      108867.35,
      108749.914,
      97291.08,
      87996.5,
      78802.586,
      90253.03,
      102257.13,
      118363.26,
      117633.45,
      91922.37,
      111518.16,
      59139.688,
      97072.97,
      81512.1,
      59793.996,
      69768.055,
      62428.02,
      91075.12,
      112373.79,
      88684.37,
      83181.44,
      62117.64,
      67578.625,
      80631.3,
      63451.43,
      90513.08,
      110561.85,
      80278.98,
      90714.41,
      40584.086,
      76613.16,
      73106.72,
      57269.027,
      105310.586,
      59810.773,
      87694.51,
      98876.52,
      77653.34,
      360953.4,
      360953.4,
      1.4780979e+06,
      909148.94,
      458487.75,
      284742.9,
      289088.22,
      1.5799211e+08,
      3.2321066e+08,
      3.2970778e+08,
      3.2230413e+08,
      3.260535e+08,
      3.272897e+08,
      3.21882e+08,
      3.2415366e+08,
      3.243374e+08,
      3.2215968e+08,
      3.2907715e+08,
      3.2251206e+08,
      3.2567715e+08,
      2.929054e+08,
      3.0880672e+08,
      3.7047827e+08,
      3.2352272e+08,
      3.2154262e+08,
      3.2359123e+08,
      3.2819248e+08,
      3.2233648e+08,
      3.261673e+08,
      3.2191008e+08,
      3.2509664e+08,
      3.2277398e+08,
      3.2217952e+08,
      3.244956e+08,
      3.2619594e+08,
      3.251745e+08,
      3.2045968e+08,
      3.26501e+08,
      3.2482048e+08,
      3.2595798e+08,
      3.2307594e+08,
      3.1974605e+08,
      3.244143e+08,
      3.2413123e+08,
      3.2396842e+08,
      3.277625e+08,
      3.2220714e+08,
      3.2463014e+08,
      3.2287165e+08,
      3.235463e+08,
      3.25169e+08,
      3.227803e+08,
      3.2184035e+08,
      3.268185e+08,
      3.2471354e+08,
      3.227197e+08,
      3.240846e+08,
      3.214145e+08,
      3.2699997e+08,
      3.2654627e+08,
      3.253719e+08,
      3.2363315e+08,
      3.293053e+08,
      3.1782886e+08,
      3.2199222e+08,
      3.2596016e+08,
      3.2613034e+08,
      3.197243e+08,
      3.253786e+08,
      3.6631696e+08,
      2.840567e+08,
      3.198356e+08,
      3.257798e+08,
      3.2615264e+08,
      3.2501494e+08,
      3.2066432e+08,
      3.2428266e+08,
      3.261675e+08,
      3.2164976e+08,
      3.259156e+08,
      3.249683e+08,
      3.2413792e+08,
      3.2226016e+08,
      3.2621286e+08,
      3.2273814e+08,
      3.2418378e+08,
      3.2539507e+08,
      3.2267366e+08,
      3.2330797e+08,
      3.2600995e+08,
      3.2539235e+08,
      3.215392e+08,
      3.227059e+08,
      3.2451754e+08,
      3.2420797e+08,
      3.2058003e+08,
      3.2794938e+08,
      3.2378717e+08,
      3.2285843e+08,
      3.235965e+08,
      3.293519e+08,
      3.188786e+08,
      3.2708637e+08,
      3.2041802e+08,
      3.2664243e+08,
      3.2349274e+08,
      3.2492733e+08,
      3.2593126e+08,
      3.2240093e+08,
      3.2591917e+08,
      3.21903e+08,
      3.2407232e+08,
      3.264859e+08,
      3.2121862e+08,
      3.242892e+08,
      3.242825e+08,
      3.230244e+08,
      3.2446467e+08,
      3.2715805e+08,
      3.257077e+08,
      3.2037222e+08,
      3.2548445e+08,
      3.2113747e+08,
      3.257572e+08,
      3.22117e+08,
      3.268071e+08,
      3.2315562e+08,
      1.6624154e+08,
      131885.69,
      116576.484,
      87006.64,
      78483.82,
      85630.914,
      101611.21,
      106963.14,
      120678.516,
      119470.555,
      131516.6,
      109572,
      123304.15,
      87375.74,
      86947.92,
      147605.95,
      55197.04,
      92484.41,
      61882.76,
      102844.336,
      163745.62,
      98549.37,
      90848.625,
      103926.46,
      126802.195,
      109060.29,
      158360.14,
      101929.98,
      83298.875,
      74046.24,
      83844.14,
      94749.33,
      116299.664,
      120007.43,
      101158.23,
      94657.055,
      95495.914,
      109387.445,
      111132.28,
      94598.336,
      80941.68,
      82460.016,
      105402.86,
      120737.234,
      112566.734,
      119051.125,
      61270.395,
      84842.38,
      55213.816,
      98138.33,
      137271.19,
      116425.49,
      103934.85,
      44392.51,
      88415.93,
      84062.24,
      83550.54,
      100596.19,
      159098.34,
      69247.96,
      75119.984,
      90680.85,
      86436.22,
      131977.97,
      51598.33,
      72687.29,
      62847.45,
      87811.945,
      111132.28,
      94900.32,
      35257.32,
      18706.596,
      15216.935,
      10586.423,
      10032.775,
      25350.373,
      15141.4375,
      11710.497,
      13765.706,
      10586.423,
      19763.56,
      23773.314,
      10032.775,
      11140.071,
      16030.63,
      18018.73,
      14587.789,
      17003.709,
      21139.293,
      19579.012,
      19151.191,
      18211.668,
      10896.802,
      14596.178,
      10586.423,
      12884.902,
      18714.984,
      10032.775,
      9839.837,
      25232.934,
      10032.775,
      17658.02,
      15309.21,
      10754.195,
      10032.775,
      14034.142,
      15149.826,
      10032.775,
      14453.571,
      10032.775,
      11215.569
    ],
    "outages": [
      {
        "cause": "BOOTING",
        "startTimestampNs": "1400974097828576707",
        "durationNs": "82772135700",
        "didSwitch": false
      },
      {
        "cause": "NO_SCHEDULE",
        "startTimestampNs": "1400974181120857352",
        "durationNs": "102479748201",
        "didSwitch": false
      },
      {
        "cause": "NO_PINGS",
        "startTimestampNs": "1400974284400584332",
        "durationNs": "8240175816",
        "didSwitch": false
      },
      {
        "cause": "NO_DOWNLINK",
        "startTimestampNs": "1400974585160849381",
        "durationNs": "599910816",
        "didSwitch": true
      },
      {
        "cause": "NO_PINGS",
        "startTimestampNs": "1400974693620747659",
        "durationNs": "819996901",
        "didSwitch": true
      },
      {
        "cause": "NO_DOWNLINK",
        "startTimestampNs": "1400975123820826578",
        "durationNs": "599913749",
        "didSwitch": true
      },
      {
        "cause": "OBSTRUCTED",
        "startTimestampNs": "1400975509440769279",
        "durationNs": "560011404",
        "didSwitch": true
      },
      {
        "cause": "NO_DOWNLINK",
        "startTimestampNs": "1400975541400758620",
        "durationNs": "519949551",
        "didSwitch": true
      },
      {
        "cause": "NO_DOWNLINK",
        "startTimestampNs": "1400975603640687368",
        "durationNs": "500092387",
        "didSwitch": true
      },
      {
        "cause": "NO_DOWNLINK",
        "startTimestampNs": "1400975788140717032",
        "durationNs": "520095298",
        "didSwitch": true
      },
      {
        "cause": "NO_DOWNLINK",
        "startTimestampNs": "1400976282060845636",
        "durationNs": "439895436",
        "didSwitch": true
      },
      {
        "cause": "NO_DOWNLINK",
        "startTimestampNs": "1400976315720811046",
        "durationNs": "839948199",
        "didSwitch": true
      },
      {
        "cause": "NO_PINGS",
        "startTimestampNs": "1400976317480672175",
        "durationNs": "180101279",
        "didSwitch": true
      },
      {
        "cause": "OBSTRUCTED",
        "startTimestampNs": "1400976569860839202",
        "durationNs": "499824937",
        "didSwitch": true
      },
      {
        "cause": "OBSTRUCTED",
        "startTimestampNs": "1400976639480766623",
        "durationNs": "699978858",
        "didSwitch": true
      },
      {
        "cause": "NO_DOWNLINK",
        "startTimestampNs": "1400977813520857754",
        "durationNs": "379846285",
        "didSwitch": true
      },
      {
        "cause": "NO_DOWNLINK",
        "startTimestampNs": "1400978322440782755",
        "durationNs": "819910800",
        "didSwitch": true
      },
      {
        "cause": "NO_DOWNLINK",
        "startTimestampNs": "1400978923820729751",
        "durationNs": "620125329",
        "didSwitch": true
      },
      {
        "cause": "NO_PINGS",
        "startTimestampNs": "1400979041540883272",
        "durationNs": "4879925856",
        "didSwitch": false
      },
      {
        "cause": "NO_DOWNLINK",
        "startTimestampNs": "1400979106720763512",
        "durationNs": "879919774",
        "didSwitch": true
      },
      {
        "cause": "NO_DOWNLINK",
        "startTimestampNs": "1400979108820721262",
        "durationNs": "1140003279",
        "didSwitch": true
      }
    ]
  }
}
End time: 1716944066914
