Start time: 1716847816218
[2024-05-27 18:10:40.319226] Connecting to host 35.245.244.238, port 5201
[2024-05-27 18:10:40.320061] Reverse mode, remote host 35.245.244.238 is sending
[2024-05-27 18:10:40.320130] [  5] local 100.126.163.120 port 33404 connected to 35.245.244.238 port 5201
[2024-05-27 18:10:40.320182] [ ID] Interval           Transfer     Bitrate         Jitter    Lost/Total Datagrams
[2024-05-27 18:10:40.320233] [  5]   0.00-0.50   sec  6.64 MBytes   111 Mbits/sec  0.055 ms  1606/6578 (24%)  
[2024-05-27 18:10:40.320279] [  5]   0.50-1.00   sec  4.54 MBytes  76.1 Mbits/sec  0.125 ms  13/3413 (0.38%)  
[2024-05-27 18:10:40.320324] [  5]   1.00-1.50   sec  1.33 MBytes  22.4 Mbits/sec  0.038 ms  854/1853 (46%)  
[2024-05-27 18:10:40.320370] [  5]   1.50-2.00   sec  1.76 MBytes  29.5 Mbits/sec  0.064 ms  630/1948 (32%)  
[2024-05-27 18:10:40.320416] [  5]   2.00-2.50   sec  1.29 MBytes  21.6 Mbits/sec  1.007 ms  410/1374 (30%)  
[2024-05-27 18:10:40.320461] [  5]   2.50-3.00   sec  1.11 MBytes  18.7 Mbits/sec  0.526 ms  18/853 (2.1%)  
[2024-05-27 18:10:40.320506] [  5]   3.00-3.50   sec   556 KBytes  9.11 Mbits/sec  8.334 ms  48/455 (11%)  
[2024-05-27 18:10:40.320551] [  5]   3.50-4.00   sec   243 KBytes  3.99 Mbits/sec  6.947 ms  0/178 (0%)  
[2024-05-27 18:10:40.320599] [  5]   4.00-4.50   sec   364 KBytes  5.96 Mbits/sec  1077.642 ms  190428/190694 (1e+02%)  
[2024-05-27 18:10:40.320645] [  5]   4.50-5.00   sec  1.28 MBytes  21.5 Mbits/sec  0.033 ms  510/1470 (35%)  
[2024-05-27 18:10:40.320690] [  5]   5.00-5.50   sec  5.88 MBytes  98.7 Mbits/sec  0.036 ms  -1602/2803 (-57%)  
[2024-05-27 18:10:40.320735] [  5]   5.50-6.00   sec  5.69 MBytes  95.4 Mbits/sec  0.159 ms  -4260/0 (0%)  
[2024-05-27 18:10:40.320780] [  5]   6.00-6.50   sec  5.18 MBytes  86.9 Mbits/sec  0.017 ms  2855/6733 (42%)  
[2024-05-27 18:10:40.320825] [  5]   6.50-7.00   sec  4.93 MBytes  82.8 Mbits/sec  0.079 ms  342/4038 (8.5%)  
[2024-05-27 18:10:40.320871] [  5]   7.00-7.50   sec  6.69 MBytes   112 Mbits/sec  0.030 ms  0/5014 (0%)  
[2024-05-27 18:10:40.320923] [  5]   7.50-8.00   sec  5.38 MBytes  90.3 Mbits/sec  0.111 ms  11940/15971 (75%)  
[2024-05-27 18:10:40.320967] [  5]   8.00-8.50   sec  6.08 MBytes   102 Mbits/sec  0.087 ms  18662/23216 (80%)  
[2024-05-27 18:10:40.321012] [  5]   8.50-9.00   sec  6.21 MBytes   104 Mbits/sec  0.717 ms  21617/26265 (82%)  
[2024-05-27 18:10:40.321058] [  5]   9.00-9.50   sec  6.89 MBytes   116 Mbits/sec  0.045 ms  25437/30594 (83%)  
[2024-05-27 18:10:40.321102] [  5]   9.50-10.00  sec  7.22 MBytes   121 Mbits/sec  0.025 ms  19448/24858 (78%)  
[2024-05-27 18:10:40.321147] [  5]  10.00-10.50  sec  7.78 MBytes   131 Mbits/sec  0.538 ms  24696/30523 (81%)  
[2024-05-27 18:10:40.321193] [  5]  10.50-11.00  sec  8.76 MBytes   147 Mbits/sec  0.013 ms  25633/32195 (80%)  
[2024-05-27 18:10:40.321238] [  5]  11.00-11.50  sec  8.06 MBytes   135 Mbits/sec  0.073 ms  21844/27881 (78%)  
[2024-05-27 18:10:40.321282] [  5]  11.50-12.00  sec  8.77 MBytes   147 Mbits/sec  0.019 ms  20374/26943 (76%)  
[2024-05-27 18:10:40.321326] [  5]  12.00-12.50  sec  9.32 MBytes   156 Mbits/sec  0.061 ms  18225/25205 (72%)  
[2024-05-27 18:10:40.321371] [  5]  12.50-13.00  sec  8.16 MBytes   137 Mbits/sec  0.508 ms  14921/21032 (71%)  
[2024-05-27 18:10:40.321415] [  5]  13.00-13.50  sec  8.94 MBytes   150 Mbits/sec  0.097 ms  16866/23559 (72%)  
[2024-05-27 18:10:40.321461] [  5]  13.50-14.00  sec  8.60 MBytes   144 Mbits/sec  0.011 ms  16357/22797 (72%)  
[2024-05-27 18:10:40.321506] [  5]  14.00-14.50  sec  11.0 MBytes   185 Mbits/sec  0.724 ms  21711/29949 (72%)  
[2024-05-27 18:10:40.321551] [  5]  14.50-15.00  sec  11.4 MBytes   192 Mbits/sec  0.028 ms  20496/29071 (71%)  
[2024-05-27 18:10:40.321599] [  5]  15.00-15.50  sec  12.0 MBytes   201 Mbits/sec  0.048 ms  19387/28363 (68%)  
[2024-05-27 18:10:40.321643] [  5]  15.50-16.00  sec  11.6 MBytes   195 Mbits/sec  0.104 ms  14145/22869 (62%)  
[2024-05-27 18:10:40.321687] [  5]  16.00-16.50  sec  11.0 MBytes   185 Mbits/sec  0.067 ms  14753/23029 (64%)  
[2024-05-27 18:10:40.321731] [  5]  16.50-17.00  sec  11.0 MBytes   184 Mbits/sec  0.066 ms  11790/20001 (59%)  
[2024-05-27 18:10:40.321800] [  5]  17.00-17.50  sec  11.7 MBytes   196 Mbits/sec  0.019 ms  12742/21482 (59%)  
[2024-05-27 18:10:40.321846] [  5]  17.50-18.00  sec  11.8 MBytes   197 Mbits/sec  0.111 ms  13928/22731 (61%)  
[2024-05-27 18:10:40.321891] [  5]  18.00-18.50  sec  11.7 MBytes   196 Mbits/sec  0.027 ms  15657/24418 (64%)  
[2024-05-27 18:10:40.321935] [  5]  18.50-19.00  sec  12.3 MBytes   207 Mbits/sec  0.015 ms  14152/23398 (60%)  
[2024-05-27 18:10:40.321981] [  5]  19.00-19.50  sec  11.8 MBytes   198 Mbits/sec  0.148 ms  14449/23291 (62%)  
[2024-05-27 18:10:40.322025] [  5]  19.50-20.00  sec  11.9 MBytes   200 Mbits/sec  0.125 ms  12535/21443 (58%)  
[2024-05-27 18:10:40.322069] [  5]  20.00-20.50  sec  11.2 MBytes   188 Mbits/sec  0.045 ms  12561/20938 (60%)  
[2024-05-27 18:10:40.322113] [  5]  20.50-21.00  sec  11.9 MBytes   200 Mbits/sec  0.007 ms  12621/21568 (59%)  
[2024-05-27 18:10:40.322157] [  5]  21.00-21.50  sec  11.5 MBytes   193 Mbits/sec  0.081 ms  14485/23107 (63%)  
[2024-05-27 18:10:40.322203] [  5]  21.50-22.00  sec  10.9 MBytes   184 Mbits/sec  0.049 ms  13769/21960 (63%)  
[2024-05-27 18:10:40.322248] [  5]  22.00-22.50  sec  11.2 MBytes   187 Mbits/sec  0.029 ms  14703/23061 (64%)  
[2024-05-27 18:10:40.322292] [  5]  22.50-23.00  sec  11.0 MBytes   185 Mbits/sec  0.026 ms  13309/21579 (62%)  
[2024-05-27 18:11:04.318947] [  5]  23.00-23.50  sec  11.9 MBytes   199 Mbits/sec  0.027 ms  14956/23847 (63%)  
[2024-05-27 18:11:04.319333] [  5]  23.50-24.00  sec  10.7 MBytes   180 Mbits/sec  0.017 ms  13762/21787 (63%)  
[2024-05-27 18:11:04.319465] [  5]  24.00-24.50  sec  11.2 MBytes   188 Mbits/sec  0.344 ms  12822/21214 (60%)  
[2024-05-27 18:11:04.319575] [  5]  24.50-25.00  sec  12.8 MBytes   215 Mbits/sec  0.072 ms  15278/24881 (61%)  
[2024-05-27 18:11:04.319800] [  5]  25.00-25.50  sec  14.2 MBytes   238 Mbits/sec  0.032 ms  16696/27330 (61%)  
[2024-05-27 18:11:04.320051] [  5]  25.50-26.00  sec  13.1 MBytes   220 Mbits/sec  0.014 ms  13483/23321 (58%)  
[2024-05-27 18:11:04.320202] [  5]  26.00-26.50  sec  12.0 MBytes   201 Mbits/sec  0.070 ms  10768/19762 (54%)  
[2024-05-27 18:11:04.320302] [  5]  26.50-27.00  sec  10.8 MBytes   182 Mbits/sec  0.066 ms  9363/17486 (54%)  
[2024-05-27 18:11:04.320401] [  5]  27.00-27.50  sec  11.2 MBytes   189 Mbits/sec  0.013 ms  11468/19892 (58%)  
[2024-05-27 18:11:04.320502] [  5]  27.50-28.00  sec  12.1 MBytes   204 Mbits/sec  0.050 ms  13831/22929 (60%)  
[2024-05-27 18:11:04.320704] [  5]  28.00-28.50  sec  11.7 MBytes   196 Mbits/sec  0.215 ms  15989/24745 (65%)  
[2024-05-27 18:11:04.320803] [  5]  28.50-29.00  sec  13.6 MBytes   228 Mbits/sec  0.398 ms  16519/26720 (62%)  
[2024-05-27 18:11:04.320903] [  5]  29.00-29.50  sec  13.1 MBytes   220 Mbits/sec  0.012 ms  16795/26635 (63%)  
[2024-05-27 18:11:04.321002] [  5]  29.50-30.00  sec  13.4 MBytes   224 Mbits/sec  0.008 ms  11996/22018 (54%)  
[2024-05-27 18:11:04.321100] [  5]  30.00-30.50  sec  12.7 MBytes   212 Mbits/sec  0.077 ms  10982/20467 (54%)  
[2024-05-27 18:11:04.321274] [  5]  30.50-31.00  sec  13.2 MBytes   222 Mbits/sec  0.229 ms  11833/21745 (54%)  
[2024-05-27 18:11:04.321376] [  5]  31.00-31.50  sec  13.4 MBytes   225 Mbits/sec  0.451 ms  13403/23436 (57%)  
[2024-05-27 18:11:04.321477] [  5]  31.50-32.00  sec  13.7 MBytes   230 Mbits/sec  0.068 ms  12442/22720 (55%)  
[2024-05-27 18:11:04.321576] [  5]  32.00-32.50  sec  12.7 MBytes   213 Mbits/sec  0.071 ms  12055/21555 (56%)  
[2024-05-27 18:11:04.321673] [  5]  32.50-33.00  sec  12.9 MBytes   216 Mbits/sec  0.017 ms  11735/21375 (55%)  
[2024-05-27 18:11:04.321771] [  5]  33.00-33.50  sec  12.9 MBytes   216 Mbits/sec  0.007 ms  11720/21384 (55%)  
[2024-05-27 18:11:04.321872] [  5]  33.50-34.00  sec  12.8 MBytes   214 Mbits/sec  0.052 ms  12031/21584 (56%)  
[2024-05-27 18:11:04.321970] [  5]  34.00-34.50  sec  11.6 MBytes   194 Mbits/sec  0.068 ms  12179/20837 (58%)  
[2024-05-27 18:11:04.322072] [  5]  34.50-35.00  sec  11.6 MBytes   194 Mbits/sec  0.070 ms  11210/19865 (56%)  
[2024-05-27 18:11:04.322207] [  5]  35.00-35.50  sec  11.3 MBytes   190 Mbits/sec  0.116 ms  11423/19888 (57%)  
[2024-05-27 18:11:04.322308] [  5]  35.50-36.00  sec  10.9 MBytes   183 Mbits/sec  0.026 ms  12835/21013 (61%)  
[2024-05-27 18:11:04.322407] [  5]  36.00-36.50  sec  10.8 MBytes   181 Mbits/sec  0.058 ms  11675/19768 (59%)  
[2024-05-27 18:11:04.322506] [  5]  36.50-37.00  sec  11.1 MBytes   186 Mbits/sec  0.007 ms  14553/22848 (64%)  
[2024-05-27 18:11:04.322666] [  5]  37.00-37.50  sec  11.3 MBytes   190 Mbits/sec  0.077 ms  14535/23009 (63%)  
[2024-05-27 18:11:04.322764] [  5]  37.50-38.00  sec  10.5 MBytes   177 Mbits/sec  0.008 ms  13794/21685 (64%)  
[2024-05-27 18:11:04.322914] [  5]  38.00-38.50  sec  11.5 MBytes   192 Mbits/sec  0.039 ms  14497/23085 (63%)  
[2024-05-27 18:11:04.323012] [  5]  38.50-39.00  sec  11.6 MBytes   194 Mbits/sec  0.050 ms  14758/23437 (63%)  
[2024-05-27 18:11:04.323110] [  5]  39.00-39.50  sec  11.1 MBytes   186 Mbits/sec  0.016 ms  14688/23013 (64%)  
[2024-05-27 18:11:04.323209] [  5]  39.50-40.00  sec  11.6 MBytes   194 Mbits/sec  0.033 ms  13104/21757 (60%)  
[2024-05-27 18:11:04.323308] [  5]  40.00-40.50  sec  11.5 MBytes   193 Mbits/sec  0.524 ms  15691/24315 (65%)  
[2024-05-27 18:11:04.323407] [  5]  40.50-41.00  sec  11.8 MBytes   198 Mbits/sec  0.067 ms  14407/23245 (62%)  
[2024-05-27 18:11:04.323508] [  5]  41.00-41.50  sec  11.7 MBytes   196 Mbits/sec  0.066 ms  13100/21872 (60%)  
[2024-05-27 18:11:04.323736] [  5]  41.50-42.00  sec  11.4 MBytes   191 Mbits/sec  0.027 ms  12906/21426 (60%)  
[2024-05-27 18:11:04.323840] [  5]  42.00-42.50  sec  11.0 MBytes   184 Mbits/sec  0.048 ms  12977/21198 (61%)  
[2024-05-27 18:11:04.323939] [  5]  42.50-43.00  sec  10.9 MBytes   183 Mbits/sec  0.029 ms  11654/19813 (59%)  
[2024-05-27 18:11:04.324286] [  5]  43.00-43.50  sec  10.6 MBytes   178 Mbits/sec  0.394 ms  13349/21293 (63%)  
[2024-05-27 18:11:04.324383] [  5]  43.50-44.00  sec  10.9 MBytes   183 Mbits/sec  0.010 ms  13598/21781 (62%)  
[2024-05-27 18:11:04.324746] [  5]  44.00-44.50  sec  11.7 MBytes   197 Mbits/sec  0.060 ms  16288/25079 (65%)  
[2024-05-27 18:11:04.324844] [  5]  44.50-45.00  sec  11.7 MBytes   196 Mbits/sec  0.109 ms  14345/23101 (62%)  
[2024-05-27 18:11:04.325152] [  5]  45.00-45.50  sec  10.3 MBytes   173 Mbits/sec  0.042 ms  15528/23269 (67%)  
[2024-05-27 18:11:04.325249] [  5]  45.50-46.00  sec  11.5 MBytes   193 Mbits/sec  0.024 ms  14001/22624 (62%)  
[2024-05-27 18:11:04.325345] [  5]  46.00-46.50  sec  11.5 MBytes   193 Mbits/sec  0.029 ms  13360/21978 (61%)  
[2024-05-27 18:11:04.325441] [  5]  46.50-47.00  sec  10.6 MBytes   178 Mbits/sec  0.049 ms  13537/21483 (63%)  
[2024-05-27 18:11:28.819438] [  5]  47.00-47.50  sec  10.7 MBytes   180 Mbits/sec  0.021 ms  13384/21433 (62%)  
[2024-05-27 18:11:28.819974] [  5]  47.50-48.00  sec  11.7 MBytes   196 Mbits/sec  0.416 ms  15712/24442 (64%)  
[2024-05-27 18:11:28.820114] [  5]  48.00-48.50  sec  12.0 MBytes   201 Mbits/sec  0.139 ms  13172/22160 (59%)  
[2024-05-27 18:11:28.820228] [  5]  48.50-49.00  sec  11.1 MBytes   186 Mbits/sec  0.039 ms  14692/22990 (64%)  
[2024-05-27 18:11:28.820333] [  5]  49.00-49.50  sec  11.4 MBytes   191 Mbits/sec  0.009 ms  16087/24610 (65%)  
[2024-05-27 18:11:28.820435] [  5]  49.50-50.00  sec  10.4 MBytes   174 Mbits/sec  0.196 ms  15442/23203 (67%)  
[2024-05-27 18:11:28.820537] [  5]  50.00-50.50  sec  12.7 MBytes   214 Mbits/sec  0.162 ms  13882/23418 (59%)  
[2024-05-27 18:11:28.820637] [  5]  50.50-51.00  sec  9.99 MBytes   168 Mbits/sec  0.043 ms  11006/18489 (60%)  
[2024-05-27 18:11:28.820737] [  5]  51.00-51.50  sec  11.1 MBytes   186 Mbits/sec  0.015 ms  12847/21137 (61%)  
[2024-05-27 18:11:28.820836] [  5]  51.50-52.00  sec  11.8 MBytes   198 Mbits/sec  0.146 ms  18547/27372 (68%)  
[2024-05-27 18:11:28.820934] [  5]  52.00-52.50  sec  11.4 MBytes   191 Mbits/sec  0.014 ms  14789/23306 (63%)  
[2024-05-27 18:11:28.821033] [  5]  52.50-53.00  sec  11.8 MBytes   197 Mbits/sec  0.256 ms  12430/21234 (59%)  
[2024-05-27 18:11:28.821172] [  5]  53.00-53.50  sec  10.9 MBytes   183 Mbits/sec  0.020 ms  11239/19390 (58%)  
[2024-05-27 18:11:28.821275] [  5]  53.50-54.00  sec  11.0 MBytes   185 Mbits/sec  0.009 ms  12218/20491 (60%)  
[2024-05-27 18:11:28.821374] [  5]  54.00-54.50  sec  10.5 MBytes   176 Mbits/sec  0.411 ms  13057/20925 (62%)  
[2024-05-27 18:11:28.821474] [  5]  54.50-55.00  sec  10.4 MBytes   174 Mbits/sec  0.049 ms  12288/20070 (61%)  
[2024-05-27 18:11:28.821572] [  5]  55.00-55.50  sec  8.63 MBytes   145 Mbits/sec  0.052 ms  11369/17830 (64%)  
[2024-05-27 18:11:28.821671] [  5]  55.50-56.00  sec  9.73 MBytes   163 Mbits/sec  0.014 ms  12458/19745 (63%)  
[2024-05-27 18:11:28.821767] [  5]  56.00-56.50  sec  8.61 MBytes   144 Mbits/sec  0.158 ms  11396/17845 (64%)  
[2024-05-27 18:11:28.821867] [  5]  56.50-57.00  sec  8.79 MBytes   147 Mbits/sec  0.079 ms  13139/19721 (67%)  
[2024-05-27 18:11:28.821966] [  5]  57.00-57.50  sec  8.57 MBytes   144 Mbits/sec  0.042 ms  14922/21340 (70%)  
[2024-05-27 18:11:28.822063] [  5]  57.50-58.00  sec  9.96 MBytes   167 Mbits/sec  0.050 ms  17130/24592 (70%)  
[2024-05-27 18:11:28.822161] [  5]  58.00-58.50  sec  9.79 MBytes   164 Mbits/sec  0.013 ms  18046/25381 (71%)  
[2024-05-27 18:11:28.822260] [  5]  58.50-59.00  sec  10.0 MBytes   168 Mbits/sec  0.171 ms  18847/26358 (72%)  
[2024-05-27 18:11:28.822359] [  5]  59.00-59.50  sec  11.0 MBytes   184 Mbits/sec  0.009 ms  16820/25036 (67%)  
[2024-05-27 18:11:28.822456] [  5]  59.50-60.00  sec  10.6 MBytes   178 Mbits/sec  0.133 ms  16984/24954 (68%)  
[2024-05-27 18:11:28.822557] [  5]  60.00-60.50  sec  10.9 MBytes   183 Mbits/sec  0.028 ms  15052/23239 (65%)  
[2024-05-27 18:11:28.822654] [  5]  60.50-61.00  sec  11.3 MBytes   189 Mbits/sec  0.067 ms  14943/23375 (64%)  
[2024-05-27 18:11:28.822753] [  5]  61.00-61.50  sec  12.0 MBytes   201 Mbits/sec  0.008 ms  15951/24909 (64%)  
[2024-05-27 18:11:28.822850] [  5]  61.50-62.00  sec  11.3 MBytes   190 Mbits/sec  0.079 ms  14662/23132 (63%)  
[2024-05-27 18:11:28.822947] [  5]  62.00-62.50  sec  11.5 MBytes   193 Mbits/sec  0.102 ms  12870/21508 (60%)  
[2024-05-27 18:11:28.823046] [  5]  62.50-63.00  sec  11.0 MBytes   184 Mbits/sec  0.063 ms  12451/20667 (60%)  
[2024-05-27 18:11:28.823144] [  5]  63.00-63.50  sec  10.9 MBytes   183 Mbits/sec  0.963 ms  13485/21672 (62%)  
[2024-05-27 18:11:28.823246] [  5]  63.50-64.00  sec  10.4 MBytes   174 Mbits/sec  0.014 ms  12210/19966 (61%)  
[2024-05-27 18:11:28.823344] [  5]  64.00-64.50  sec  10.0 MBytes   168 Mbits/sec  0.059 ms  13177/20684 (64%)  
[2024-05-27 18:11:28.823445] [  5]  64.50-65.00  sec  9.57 MBytes   161 Mbits/sec  0.006 ms  11273/18442 (61%)  
[2024-05-27 18:11:28.823542] [  5]  65.00-65.50  sec  8.98 MBytes   151 Mbits/sec  0.164 ms  12552/19275 (65%)  
[2024-05-27 18:11:28.823638] [  5]  65.50-66.00  sec  9.34 MBytes   157 Mbits/sec  0.029 ms  12802/19801 (65%)  
[2024-05-27 18:11:28.823809] [  5]  66.00-66.50  sec  9.06 MBytes   152 Mbits/sec  0.420 ms  14082/20868 (67%)  
[2024-05-27 18:11:28.823917] [  5]  66.50-67.00  sec  7.92 MBytes   133 Mbits/sec  0.009 ms  13575/19509 (70%)  
[2024-05-27 18:11:28.824018] [  5]  67.00-67.50  sec  7.85 MBytes   132 Mbits/sec  0.075 ms  13703/19585 (70%)  
[2024-05-27 18:11:28.824118] [  5]  67.50-68.00  sec  7.83 MBytes   131 Mbits/sec  0.101 ms  12267/18129 (68%)  
[2024-05-27 18:11:28.824214] [  5]  68.00-68.50  sec  7.83 MBytes   131 Mbits/sec  0.078 ms  13631/19497 (70%)  
[2024-05-27 18:11:28.824312] [  5]  68.50-69.00  sec  8.37 MBytes   140 Mbits/sec  0.064 ms  17117/23385 (73%)  
[2024-05-27 18:11:28.824409] [  5]  69.00-69.50  sec  7.16 MBytes   120 Mbits/sec  0.089 ms  14657/20018 (73%)  
[2024-05-27 18:11:28.824505] [  5]  69.50-70.00  sec  6.49 MBytes   109 Mbits/sec  0.099 ms  14100/18958 (74%)  
[2024-05-27 18:11:28.824604] [  5]  70.00-70.50  sec  7.22 MBytes   121 Mbits/sec  0.060 ms  15517/20925 (74%)  
[2024-05-27 18:11:28.824702] [  5]  70.50-71.00  sec  6.80 MBytes   114 Mbits/sec  0.153 ms  12724/17819 (71%)  
[2024-05-27 18:11:28.824813] [  5]  71.00-71.50  sec  7.30 MBytes   122 Mbits/sec  0.045 ms  14372/19840 (72%)  
[2024-05-27 18:11:53.318791] [  5]  71.50-72.00  sec  7.74 MBytes   130 Mbits/sec  0.045 ms  20546/26341 (78%)  
[2024-05-27 18:11:53.318948] [  5]  72.00-72.50  sec  7.66 MBytes   129 Mbits/sec  0.022 ms  19500/25237 (77%)  
[2024-05-27 18:11:53.318983] [  5]  72.50-73.00  sec  6.90 MBytes   116 Mbits/sec  0.059 ms  17703/22871 (77%)  
[2024-05-27 18:11:53.319011] [  5]  73.00-73.50  sec  8.05 MBytes   135 Mbits/sec  0.057 ms  17369/23397 (74%)  
[2024-05-27 18:11:53.319039] [  5]  73.50-74.00  sec  7.25 MBytes   122 Mbits/sec  0.010 ms  16203/21635 (75%)  
[2024-05-27 18:11:53.319091] [  5]  74.00-74.50  sec  6.78 MBytes   114 Mbits/sec  0.056 ms  14366/19446 (74%)  
[2024-05-27 18:11:53.319117] [  5]  74.50-75.00  sec  6.47 MBytes   109 Mbits/sec  0.025 ms  15284/20132 (76%)  
[2024-05-27 18:11:53.319142] [  5]  75.00-75.50  sec  6.26 MBytes   105 Mbits/sec  0.050 ms  14396/19088 (75%)  
[2024-05-27 18:11:53.319218] [  5]  75.50-76.00  sec  6.75 MBytes   113 Mbits/sec  0.038 ms  14430/19489 (74%)  
[2024-05-27 18:11:53.319297] [  5]  76.00-76.50  sec  6.56 MBytes   110 Mbits/sec  0.052 ms  14864/19777 (75%)  
[2024-05-27 18:11:53.319365] [  5]  76.50-77.00  sec  5.79 MBytes  97.1 Mbits/sec  0.457 ms  15092/19426 (78%)  
[2024-05-27 18:11:53.319419] [  5]  77.00-77.50  sec  5.59 MBytes  93.7 Mbits/sec  0.095 ms  15865/20049 (79%)  
[2024-05-27 18:11:53.319443] [  5]  77.50-78.00  sec  5.70 MBytes  95.6 Mbits/sec  0.161 ms  15030/19298 (78%)  
[2024-05-27 18:11:53.319467] [  5]  78.00-78.50  sec  5.94 MBytes  99.6 Mbits/sec  0.019 ms  15547/19993 (78%)  
[2024-05-27 18:11:53.319493] [  5]  78.50-79.00  sec  5.64 MBytes  94.6 Mbits/sec  0.855 ms  14988/19209 (78%)  
[2024-05-27 18:11:53.319517] [  5]  79.00-79.50  sec  5.58 MBytes  93.6 Mbits/sec  0.054 ms  14143/18323 (77%)  
[2024-05-27 18:11:53.319542] [  5]  79.50-80.00  sec  4.94 MBytes  83.0 Mbits/sec  0.082 ms  15749/19452 (81%)  
[2024-05-27 18:11:53.319567] [  5]  80.00-80.50  sec  4.26 MBytes  71.4 Mbits/sec  0.175 ms  14600/17787 (82%)  
[2024-05-27 18:11:53.319591] [  5]  80.50-81.00  sec  3.75 MBytes  62.8 Mbits/sec  0.117 ms  11586/14391 (81%)  
[2024-05-27 18:11:53.319616] [  5]  81.00-81.50  sec  5.48 MBytes  92.0 Mbits/sec  0.142 ms  17161/21269 (81%)  
[2024-05-27 18:11:53.319641] [  5]  81.50-82.00  sec  6.08 MBytes   102 Mbits/sec  0.090 ms  18205/22757 (80%)  
[2024-05-27 18:11:53.319691] [  5]  82.00-82.50  sec  5.91 MBytes  99.1 Mbits/sec  0.070 ms  20532/24956 (82%)  
[2024-05-27 18:11:53.319718] [  5]  82.50-83.00  sec  4.97 MBytes  83.3 Mbits/sec  0.201 ms  16171/19892 (81%)  
[2024-05-27 18:11:53.319743] [  5]  83.00-83.50  sec  5.25 MBytes  88.1 Mbits/sec  0.050 ms  21239/25172 (84%)  
[2024-05-27 18:11:53.319767] [  5]  83.50-84.00  sec  5.25 MBytes  88.1 Mbits/sec  0.400 ms  27814/31749 (88%)  
[2024-05-27 18:11:53.319791] [  5]  84.00-84.50  sec  5.07 MBytes  85.1 Mbits/sec  0.606 ms  17122/20923 (82%)  
[2024-05-27 18:11:53.319817] [  5]  84.50-85.00  sec  6.02 MBytes   101 Mbits/sec  0.089 ms  16618/21129 (79%)  
[2024-05-27 18:11:53.319842] [  5]  85.00-85.50  sec  6.53 MBytes   110 Mbits/sec  0.076 ms  20201/25093 (81%)  
[2024-05-27 18:11:53.319867] [  5]  85.50-86.00  sec  6.65 MBytes   112 Mbits/sec  0.046 ms  24840/29824 (83%)  
[2024-05-27 18:11:53.319891] [  5]  86.00-86.50  sec  5.61 MBytes  94.1 Mbits/sec  1.110 ms  20678/24880 (83%)  
[2024-05-27 18:11:53.319915] [  5]  86.50-87.00  sec  5.90 MBytes  99.0 Mbits/sec  0.084 ms  20649/25070 (82%)  
[2024-05-27 18:11:53.319940] [  5]  87.00-87.50  sec  3.69 MBytes  61.9 Mbits/sec  0.296 ms  11674/14440 (81%)  
[2024-05-27 18:11:53.319966] [  5]  87.50-88.00  sec  5.09 MBytes  85.3 Mbits/sec  0.129 ms  15829/19638 (81%)  
[2024-05-27 18:11:53.319990] [  5]  88.00-88.50  sec  6.57 MBytes   110 Mbits/sec  0.093 ms  16448/21372 (77%)  
[2024-05-27 18:11:53.320014] [  5]  88.50-89.00  sec  6.84 MBytes   115 Mbits/sec  0.033 ms  19947/25067 (80%)  
[2024-05-27 18:11:53.320038] [  5]  89.00-89.50  sec  6.58 MBytes   110 Mbits/sec  0.051 ms  20183/25111 (80%)  
[2024-05-27 18:11:53.320080] [  5]  89.50-90.00  sec  6.42 MBytes   108 Mbits/sec  0.297 ms  28777/33585 (86%)  
[2024-05-27 18:11:53.320105] [  5]  90.00-90.50  sec  7.30 MBytes   123 Mbits/sec  0.100 ms  23374/28844 (81%)  
[2024-05-27 18:11:53.320131] [  5]  90.50-91.00  sec  6.33 MBytes   106 Mbits/sec  0.112 ms  16459/21201 (78%)  
[2024-05-27 18:11:53.320155] [  5]  91.00-91.50  sec  8.06 MBytes   135 Mbits/sec  0.500 ms  20709/26749 (77%)  
[2024-05-27 18:11:53.320180] [  5]  91.50-92.00  sec  7.29 MBytes   122 Mbits/sec  0.244 ms  18131/23589 (77%)  
[2024-05-27 18:11:53.320307] [  5]  92.00-92.50  sec  6.38 MBytes   107 Mbits/sec  0.797 ms  18014/22796 (79%)  
[2024-05-27 18:11:53.320330] [  5]  92.50-93.00  sec  6.83 MBytes   115 Mbits/sec  0.014 ms  16467/21586 (76%)  
[2024-05-27 18:11:53.320354] [  5]  93.00-93.50  sec  7.69 MBytes   129 Mbits/sec  0.083 ms  17505/23267 (75%)  
[2024-05-27 18:11:53.320378] [  5]  93.50-94.00  sec  7.43 MBytes   125 Mbits/sec  0.028 ms  15746/21309 (74%)  
[2024-05-27 18:11:53.320402] [  5]  94.00-94.50  sec  7.53 MBytes   126 Mbits/sec  0.049 ms  19378/25017 (77%)  
[2024-05-27 18:11:53.320427] [  5]  94.50-95.00  sec  7.45 MBytes   125 Mbits/sec  0.014 ms  19828/25405 (78%)  
[2024-05-27 18:11:53.320451] [  5]  95.00-95.50  sec  7.04 MBytes   118 Mbits/sec  0.190 ms  15871/21146 (75%)  
[2024-05-27 18:11:53.320475] [  5]  95.50-96.00  sec  8.61 MBytes   145 Mbits/sec  0.233 ms  20124/26576 (76%)  
[2024-05-27 18:12:20.843914] [  5]  96.00-96.50  sec  8.95 MBytes   150 Mbits/sec  0.268 ms  20441/27142 (75%)  
[2024-05-27 18:12:20.844058] [  5]  96.50-97.00  sec  10.3 MBytes   172 Mbits/sec  0.021 ms  22207/29900 (74%)  
[2024-05-27 18:12:20.844099] [  5]  97.00-97.50  sec  9.87 MBytes   166 Mbits/sec  0.018 ms  20910/28306 (74%)  
[2024-05-27 18:12:20.844133] [  5]  97.50-98.00  sec  9.54 MBytes   160 Mbits/sec  0.031 ms  16345/23490 (70%)  
[2024-05-27 18:12:20.844167] [  5]  98.00-98.50  sec  9.30 MBytes   156 Mbits/sec  0.051 ms  14253/21218 (67%)  
[2024-05-27 18:12:20.844200] [  5]  98.50-99.00  sec  9.85 MBytes   165 Mbits/sec  0.010 ms  14216/21590 (66%)  
[2024-05-27 18:12:20.844231] [  5]  99.00-99.50  sec  9.77 MBytes   164 Mbits/sec  0.416 ms  15578/22897 (68%)  
[2024-05-27 18:12:20.844264] [  5]  99.50-100.00 sec  9.05 MBytes   152 Mbits/sec  0.026 ms  14883/21659 (69%)  
[2024-05-27 18:12:20.844295] [  5] 100.00-100.50 sec  9.41 MBytes   158 Mbits/sec  0.065 ms  14334/21384 (67%)  
[2024-05-27 18:12:20.844376] [  5] 100.50-101.00 sec  8.61 MBytes   144 Mbits/sec  0.026 ms  13224/19670 (67%)  
[2024-05-27 18:12:20.844408] [  5] 101.00-101.50 sec  8.93 MBytes   150 Mbits/sec  0.582 ms  14681/21373 (69%)  
[2024-05-27 18:12:20.844440] [  5] 101.50-102.00 sec  8.90 MBytes   149 Mbits/sec  0.024 ms  14768/21437 (69%)  
[2024-05-27 18:12:20.844592] [  5] 102.00-102.50 sec  9.00 MBytes   151 Mbits/sec  0.071 ms  16384/23123 (71%)  
[2024-05-27 18:12:20.844796] [  5] 102.50-103.00 sec  9.49 MBytes   159 Mbits/sec  0.052 ms  16204/23314 (70%)  
[2024-05-27 18:12:20.844912] [  5] 103.00-103.50 sec  8.88 MBytes   149 Mbits/sec  0.028 ms  16621/23273 (71%)  
[2024-05-27 18:12:20.844978] [  5] 103.50-104.00 sec  9.35 MBytes   157 Mbits/sec  0.053 ms  16051/23051 (70%)  
[2024-05-27 18:12:20.845153] [  5] 104.00-104.50 sec  8.50 MBytes   143 Mbits/sec  0.226 ms  13327/19696 (68%)  
[2024-05-27 18:12:20.845290] [  5] 104.50-105.00 sec  7.98 MBytes   134 Mbits/sec  0.022 ms  12333/18307 (67%)  
[2024-05-27 18:12:20.845404] [  5] 105.00-105.50 sec  6.37 MBytes   107 Mbits/sec  0.034 ms  11090/15862 (70%)  
[2024-05-27 18:12:20.845434] [  5] 105.50-106.00 sec  5.71 MBytes  95.8 Mbits/sec  0.047 ms  9952/14229 (70%)  
[2024-05-27 18:12:20.845465] [  5] 106.00-106.50 sec  4.35 MBytes  73.0 Mbits/sec  0.164 ms  7573/10830 (70%)  
[2024-05-27 18:12:20.845496] [  5] 106.50-107.00 sec  4.00 MBytes  67.2 Mbits/sec  0.064 ms  7795/10793 (72%)  
[2024-05-27 18:12:20.845528] [  5] 107.00-107.50 sec  3.91 MBytes  65.6 Mbits/sec  1.400 ms  7277/10207 (71%)  
[2024-05-27 18:12:20.845573] [  5] 107.50-108.00 sec  4.68 MBytes  78.6 Mbits/sec  0.474 ms  7666/11173 (69%)  
[2024-05-27 18:12:20.845607] [  5] 108.00-108.50 sec  4.51 MBytes  75.6 Mbits/sec  0.193 ms  10714/14090 (76%)  
[2024-05-27 18:12:20.845638] [  5] 108.50-109.00 sec  4.35 MBytes  73.0 Mbits/sec  0.069 ms  12733/15992 (80%)  
[2024-05-27 18:12:20.845722] [  5] 109.00-109.50 sec  4.43 MBytes  74.3 Mbits/sec  0.265 ms  12836/16154 (79%)  
[2024-05-27 18:12:20.845798] [  5] 109.50-110.00 sec  3.86 MBytes  64.8 Mbits/sec  0.210 ms  16876/19769 (85%)  
[2024-05-27 18:12:20.845829] [  5] 110.00-110.50 sec  2.93 MBytes  49.1 Mbits/sec  0.155 ms  11865/14057 (84%)  
[2024-05-27 18:12:20.845859] [  5] 110.50-111.00 sec  4.37 MBytes  73.4 Mbits/sec  0.089 ms  21772/25047 (87%)  
[2024-05-27 18:12:20.845889] [  5] 111.00-111.50 sec  5.57 MBytes  93.4 Mbits/sec  0.108 ms  24450/28622 (85%)  
[2024-05-27 18:12:20.845920] [  5] 111.50-112.00 sec  5.50 MBytes  92.4 Mbits/sec  0.040 ms  23027/27150 (85%)  
[2024-05-27 18:12:20.845971] [  5] 112.00-112.50 sec  6.08 MBytes   102 Mbits/sec  0.026 ms  25456/30011 (85%)  
[2024-05-27 18:12:20.846001] [  5] 112.50-113.00 sec  4.85 MBytes  81.4 Mbits/sec  0.480 ms  22885/26518 (86%)  
[2024-05-27 18:12:20.846031] [  5] 113.00-113.50 sec  5.20 MBytes  87.2 Mbits/sec  0.055 ms  30273/34164 (89%)  
[2024-05-27 18:12:20.846107] [  5] 113.50-114.00 sec  4.64 MBytes  77.9 Mbits/sec  0.184 ms  21537/25014 (86%)  
[2024-05-27 18:12:20.846159] [  5] 114.00-114.50 sec  4.05 MBytes  68.0 Mbits/sec  0.348 ms  12967/16003 (81%)  
[2024-05-27 18:12:20.846210] [  5] 114.50-115.00 sec  3.61 MBytes  60.6 Mbits/sec  0.108 ms  13209/15916 (83%)  
[2024-05-27 18:12:20.846245] [  5] 115.00-115.50 sec  4.49 MBytes  75.4 Mbits/sec  0.489 ms  13123/16488 (80%)  
[2024-05-27 18:12:20.846276] [  5] 115.50-116.00 sec  4.74 MBytes  79.5 Mbits/sec  0.062 ms  14048/17596 (80%)  
[2024-05-27 18:12:20.846306] [  5] 116.00-116.50 sec  5.46 MBytes  91.6 Mbits/sec  0.383 ms  20915/25006 (84%)  
[2024-05-27 18:12:20.846337] [  5] 116.50-117.00 sec  4.86 MBytes  81.6 Mbits/sec  0.017 ms  18037/21679 (83%)  
[2024-05-27 18:12:20.846368] [  5] 117.00-117.50 sec  5.66 MBytes  94.9 Mbits/sec  0.506 ms  22168/26404 (84%)  
[2024-05-27 18:12:20.846399] [  5] 117.50-118.00 sec  5.05 MBytes  84.7 Mbits/sec  0.075 ms  26575/30356 (88%)  
[2024-05-27 18:12:20.846430] [  5] 118.00-118.50 sec  3.85 MBytes  64.6 Mbits/sec  0.326 ms  18599/21481 (87%)  
[2024-05-27 18:12:20.846597] [  5] 118.50-119.00 sec  3.76 MBytes  63.1 Mbits/sec  0.063 ms  15045/17860 (84%)  
[2024-05-27 18:12:20.846627] [  5] 119.00-119.50 sec  3.92 MBytes  65.7 Mbits/sec  0.165 ms  14876/17811 (84%)  
[2024-05-27 18:12:20.846658] [  5] 119.50-120.00 sec  4.27 MBytes  71.7 Mbits/sec  0.104 ms  13013/16212 (80%)  
[2024-05-27 18:12:20.846687] - - - - - - - - - - - - - - - - - - - - - - - - -
[2024-05-27 18:12:20.846722] [ ID] Interval           Transfer     Bitrate         Jitter    Lost/Total Datagrams
[2024-05-27 18:12:20.846754] [  5]   0.00-120.31 sec  7.00 GBytes   500 Mbits/sec  0.000 ms  0/5370838 (0%)  sender
[2024-05-27 18:12:20.846836] [SUM]  0.0-120.3 sec  10085 datagrams received out-of-order
[2024-05-27 18:12:20.846866] [  5]   0.00-120.00 sec  1.98 GBytes   141 Mbits/sec  0.104 ms  3696127/5210968 (71%)  receiver
[2024-05-27 18:12:20.846961] 
[2024-05-27 18:12:20.847068] iperf Done.
End time: 1716847940860
