Start time: 1717015675536
{
  "id": "0",
  "status": null,
  "apiVersion": "17",
  "dishGetHistory": {
    "current": "850",
    "popPingDropRate": [
      1,
      1,
      1,
      1,
      1,
      1,
      1,
      1,
      1,
      1,
      1,
      1,
      1,
      1,
      1,
      1,
      1,
      1,
      1,
      1,
      1,
      1,
      1,
      1,
      1,
      1,
      1,
      1,
      1,
      1,
      0.5714286,
      0.071428575,
      0,
      0,
      0,
      0,
      0,
      0,
      0,
      0,
      0,
      0,
      0,
      0.07692308,
      0.6,
      0.5882353,
      0.11111111,
      0.055555556,
      0.0625,
      0,
      0,
      0,
      0,
      0,
      0,
      0,
      0,
      0,
      0,
      0,
      0,
      0,
      0,
      0,
      0,
      0,
      0,
      0,
      0,
      0,
      0,
      0,
      0,
      0,
      0,
      0,
      0,
      0,
      0,
      0,
      0,
      0,
      0,
      0,
      0,
      0,
      0,
      0,
      0,
      0,
      0,
      0,
      0.06666667,
      0.0625,
      0,
      0,
      0,
      0,
      0,
      0,
      0,
      0,
      0,
      0,
      0,
      0,
      0,
      0,
      0,
      0,
      0,
      0,
      0,
      0,
      0,
      0.06666667,
      0.06666667,
      0,
      0,
      0,
      0,
      0,
      0,
      0,
      0,
      0,
      0,
      0,
      0,
      0,
      0,
      0,
      0,
      0,
      0.26666668,
      0.25,
      0,
      0,
      0,
      0,
      0,
      0,
      0.06666667,
      0.06666667,
      0,
      0,
      0,
      0,
      0.1875,
      0.47058824,
      0.375,
      0,
      0,
      0,
      0,
      0,
      0,
      0,
      0,
      0,
      0,
      0,
      0,
      0,
      0,
      0,
      0,
      0,
      0,
      0.33333334,
      0.71428573,
      0.375,
      0,
      0,
      0,
      0,
      0,
      0,
      0.06666667,
      0.06666667,
      0,
      0,
      0,
      0.42857143,
      0.3529412,
      0,
      0,
      0,
      0,
      0,
      0,
      0,
      0,
      0.06666667,
      0.0625,
      0,
      0,
      0,
      0,
      0,
      0,
      0,
      0,
      0,
      0,
      0,
      0,
      0,
      0,
      0,
      0,
      0,
      0,
      0,
      0,
      0,
      0,
      0,
      0,
      0,
      0,
      0,
      0,
      0,
      0,
      0,
      0,
      0,
      0,
      0.13333334,
      0.25,
      0.26666668,
      0,
      0,
      0,
      0,
      0,
      0,
      0.0625,
      0.05882353,
      0,
      0,
      0,
      0,
      0,
      0,
      0,
      0,
      0,
      0,
      0,
      0,
      0,
      0,
      0,
      0,
      0,
      0,
      0,
      0,
      0,
      0,
      0,
      0,
      0,
      0,
      0,
      0,
      0,
      0,
      0,
      0,
      0,
      0,
      0,
      0,
      0,
      0,
      0,
      0,
      0,
      0,
      0,
      0,
      0,
      0,
      0,
      0,
      0,
      0,
      0,
      0,
      0,
      0,
      0,
      0,
      0,
      0,
      0,
      0,
      0,
      0,
      0.0625,
      0.25,
      0.33333334,
      0.125,
      0,
      0,
      0,
      0,
      0,
      0,
      0,
      0.071428575,
      0.06666667,
      0,
      0,
      0,
      0,
      0,
      0,
      0,
      0,
      0,
      0,
      0,
      0.0625,
      0.0625,
      0.06666667,
      0.06666667,
      0,
      0,
      0,
      0,
      0,
      0,
      0,
      0,
      0,
      0,
      0,
      0,
      0,
      0,
      0,
      0,
      0,
      0,
      0,
      0,
      0,
      0.14285715,
      0.25,
      0.11764706,
      0,
      0,
      0,
      0,
      0,
      0,
      0,
      0,
      0,
      0,
      0,
      0,
      0,
      0,
      0,
      0,
      0,
      0,
      0,
      0,
      0,
      0,
      0,
      0,
      0,
      0,
      0,
      0,
      0,
      0,
      0,
      0,
      0,
      0,
      0,
      0,
      0,
      0,
      0,
      0.3125,
      0.375,
      0.0625,
      0,
      0,
      0,
      0,
      0,
      0,
      0,
      0,
      0,
      0,
      0,
      0,
      0,
      0,
      0,
      0,
      0,
      0,
      0,
      0,
      0,
      0,
      0,
      0,
      0,
      0.0625,
      0.0625,
      0,
      0,
      0,
      0,
      0,
      0,
      0,
      0,
      0,
      0.06666667,
      0.125,
      0.06666667,
      0.06666667,
      0.0625,
      0,
      0,
      0,
      0,
      0,
      0,
      0,
      0,
      0,
      0,
      0,
      0,
      0,
      0,
      0,
      0,
      0,
      0,
      0,
      0,
      0,
      0,
      0,
      0,
      0,
      0,
      0,
      0,
      0,
      0,
      0.26666668,
      0.25,
      0,
      0,
      0,
      0,
      0,
      0,
      0,
      0,
      0,
      0.06666667,
      0.0625,
      0,
      0,
      0,
      0,
      0,
      0,
      0,
      0,
      0.26666668,
      0.375,
      0.11764706,
      0,
      0,
      0.06666667,
      0.06666667,
      0,
      0,
      0,
      0,
      0,
      0,
      0,
      0,
      0,
      0,
      0,
      0,
      0,
      0,
      0,
      0,
      0,
      0,
      0,
      0,
      0,
      0,
      0,
      0,
      0,
      0,
      0,
      0,
      0,
      0,
      0,
      0,
      0,
      0,
      0,
      0.42857143,
      0.4,
      0,
      0,
      0,
      0,
      0,
      0,
      0.0625,
      0.0625,
      0,
      0,
      0,
      0,
      0,
      0,
      0,
      0,
      0,
      0,
      0,
      0,
      0,
      0,
      0,
      0,
      0,
      0,
      0,
      0,
      0,
      0,
      0,
      0,
      0,
      0,
      0,
      0,
      0,
      0,
      0,
      0,
      0,
      0,
      0,
      0,
      0,
      0,
      0,
      0,
      0,
      0,
      0,
      0.06666667,
      0.125,
      0.06666667,
      0,
      0,
      0,
      0,
      0,
      0,
      0,
      0,
      0,
      0,
      0,
      0,
      0.2,
      0.1875,
      0,
      0,
      0,
      0,
      0,
      0,
      0,
      0,
      0,
      0,
      0,
      0.05882353,
      0.125,
      0.13333334,
      0.071428575,
      0.071428575,
      0.06666667,
      0,
      0,
      0,
      0,
      0,
      0,
      0,
      0,
      0,
      0,
      0,
      0.071428575,
      0.0625,
      0,
      0,
      0,
      0,
      0,
      0.375,
      0.4,
      0,
      0,
      0,
      0,
      0,
      0,
      0,
      0,
      0,
      0,
      0,
      0,
      0,
      0,
      0,
      0,
      0.0625,
      0.0625,
      0,
      0,
      0,
      0.06666667,
      0.0625,
      0,
      0,
      0,
      0,
      0,
      0,
      0,
      0,
      0,
      0,
      0,
      0,
      0,
      0,
      0.125,
      0.5,
      0.6875,
      0.1875,
      0,
      0,
      0,
      0,
      0,
      0,
      0,
      0,
      0,
      0,
      0.11764706,
      0.125,
      0,
      0,
      0,
      0,
      0,
      0,
      0,
      0,
      0,
      0,
      0,
      0,
      0,
      0,
      0,
      0,
      0,
      0,
      0,
      0,
      0,
      0,
      0,
      0,
      0,
      0,
      0,
      0,
      0,
      0,
      0,
      0,
      0,
      0,
      0.3125,
      0.3125,
      0,
      0.06666667,
      0.0625,
      0,
      0,
      0,
      0,
      0.071428575,
      0.06666667,
      0,
      0,
      0,
      0,
      0,
      0,
      0,
      0,
      0,
      0,
      0,
      0,
      0,
      0,
      0,
      0,
      0,
      0,
      0,
      0,
      0,
      0,
      0,
      0,
      0,
      0,
      0,
      0,
      0,
      0,
      0,
      0,
      0,
      0,
      0,
      0,
      0,
      0,
      0,
      0,
      0,
      0,
      0,
      0.0625,
      0.06666667,
      0,
      0,
      0,
      0,
      0,
      0,
      0,
      0,
      0,
      0,
      0,
      0,
      0,
      0,
      0,
      0,
      0,
      0,
      0,
      0,
      0,
      0,
      0,
      0,
      0,
      0,
      0.13333334,
      0.13333334,
      0,
      0,
      0,
      0,
      0,
      0,
      0,
      0,
      0,
      0,
      0,
      0,
      0,
      0,
      0,
      0,
      0,
      0,
      0,
      0,
      0,
      0,
      0,
      0,
      0,
      0,
      0,
      0,
      0,
      0,
      0,
      0,
      0,
      0,
      0,
      0,
      0,
      0,
      0,
      0,
      0,
      0,
      0,
      0,
      0,
      0,
      0,
      0,
      0,
      0,
      0,
      0,
      0,
      0,
      0,
      0,
      0,
      0,
      0,
      0,
      0,
      0,
      0,
      0,
      0,
      0,
      0,
      0,
      0,
      0,
      0,
      0,
      0,
      0,
      0,
      0,
      0,
      0,
      0,
      0,
      0,
      0,
      0,
      0,
      0,
      0,
      0,
      0,
      0,
      0,
      0,
      0
    ],
    "popPingLatencyMs": [
      -1,
      -1,
      -1,
      -1,
      -1,
      -1,
      -1,
      -1,
      -1,
      -1,
      -1,
      -1,
      -1,
      -1,
      -1,
      -1,
      -1,
      -1,
      -1,
      -1,
      -1,
      -1,
      -1,
      -1,
      -1,
      -1,
      -1,
      -1,
      31.703142,
      32.487923,
      31.731468,
      32.50613,
      32.019688,
      34.9675,
      31.809467,
      29.296497,
      29.926376,
      31.794436,
      34.613876,
      36.289394,
      37.06071,
      32.90785,
      32.90785,
      32.90785,
      32.90785,
      1335.7047,
      1112.072,
      27.861355,
      25.72507,
      27.174877,
      26.8658,
      23.871601,
      24.52425,
      25.6704,
      25.478376,
      26.902134,
      27.15107,
      91.61256,
      94.983185,
      38.609463,
      38.070663,
      37.26762,
      37.507862,
      38.406437,
      38.57625,
      36.327187,
      37.044353,
      37.041645,
      35.530396,
      35.215664,
      34.87606,
      35.04319,
      85.91695,
      79.62663,
      23.90041,
      24.462187,
      25.903315,
      28.928,
      26.883438,
      91.84169,
      85.42044,
      25.530687,
      24.340471,
      29.171268,
      30.697058,
      30.956942,
      33.039764,
      30.00847,
      26.52859,
      26.962059,
      26.687643,
      26.559532,
      29.154066,
      29.582,
      28.2448,
      31.037998,
      30.60747,
      26.363358,
      24.644567,
      28.632187,
      28.778063,
      34.207058,
      31.544996,
      26.36244,
      25.229465,
      24.407267,
      24.90113,
      28.05225,
      27.651562,
      26.506374,
      27.932356,
      28.573883,
      29.472002,
      115.61822,
      112.72553,
      30.806498,
      30.790062,
      30.492561,
      31.839266,
      32.3435,
      32.871334,
      33.392467,
      29.151749,
      25.277,
      24.581749,
      27.028942,
      29.856623,
      30.024668,
      32.631203,
      29.1014,
      25.525875,
      28.44706,
      29.233435,
      48.88725,
      46.953766,
      40.81031,
      41.9242,
      43.063732,
      47.71319,
      45.594315,
      45.39333,
      42.43421,
      47.7892,
      48.27156,
      46.341312,
      47.52413,
      47.245216,
      51.651447,
      40.802727,
      28.149063,
      28.42675,
      28.392937,
      25.72881,
      26.437374,
      26.43424,
      27.501293,
      29.201645,
      32.84919,
      31.804735,
      31.488878,
      31.928352,
      32.92953,
      31.0325,
      30.32781,
      30.314402,
      31.96153,
      33.820534,
      33.457195,
      34.089336,
      50.062893,
      42.34731,
      32.25825,
      30.717688,
      31.083,
      31.8805,
      34.486176,
      39.066856,
      36.123783,
      31.000814,
      30.762465,
      29.776333,
      29.776333,
      65.6237,
      57.15877,
      41.644066,
      40.2398,
      42.93394,
      43.464,
      45.313942,
      43.7692,
      38.421665,
      39.7946,
      35.587128,
      34.3055,
      32.613533,
      30.304129,
      31.42175,
      33.924747,
      36.52087,
      37.276623,
      31.565565,
      31.053001,
      32.086666,
      30.567,
      30.067001,
      29.679571,
      32.332798,
      37.323254,
      36.723736,
      29.848335,
      27.887499,
      28.939068,
      30.010996,
      31.19224,
      31.499746,
      29.535465,
      32.310932,
      34.306217,
      31.9545,
      32.436733,
      35.18213,
      35.66,
      39.051,
      39.20335,
      28.965881,
      28.93431,
      32.90206,
      32.793312,
      62.730663,
      64.10223,
      34.490185,
      38.253117,
      40.116497,
      40.817566,
      42.984,
      42.645397,
      41.806805,
      35.446686,
      30.775707,
      31.3525,
      32.412067,
      31.400867,
      33.799465,
      34.475624,
      35.965065,
      36.153435,
      33.343754,
      34.391262,
      36.563667,
      35.132603,
      34.231873,
      36.457867,
      33.35673,
      25.559376,
      25.968441,
      24.246883,
      25.997704,
      27.097883,
      28.499811,
      26.266436,
      24.746174,
      25.200623,
      26.935625,
      25.312372,
      24.725935,
      26.431826,
      27.582884,
      28.090311,
      32.24777,
      31.287186,
      28.775377,
      30.872374,
      32.029335,
      30.839628,
      28.910059,
      26.663687,
      27.693798,
      27.873466,
      27.298668,
      27.866499,
      29.877123,
      34.51137,
      35.364624,
      36.84973,
      34.01593,
      33.88946,
      34.66962,
      33.5382,
      34.633068,
      35.699814,
      36.441433,
      37.730373,
      38.91963,
      40.79944,
      42.123753,
      41.761936,
      38.671932,
      36.854004,
      32.23925,
      31.009,
      29.636686,
      30.653687,
      70.94382,
      64.042854,
      39.53625,
      42.57987,
      44.326878,
      43.392998,
      43.16623,
      42.43912,
      45.12447,
      42.845463,
      39.3844,
      37.601933,
      40.02581,
      39.679497,
      38.37112,
      39.50556,
      41.558506,
      38.794373,
      40.610123,
      39.732,
      37.058754,
      36.41862,
      40.423813,
      37.63538,
      32.84053,
      29.669643,
      29.84825,
      27.995626,
      27.705704,
      28.035376,
      30.381067,
      32.216503,
      31.86453,
      29.564766,
      26.886564,
      28.29706,
      30.155935,
      28.931002,
      31.367878,
      32.78075,
      30.948936,
      28.973314,
      29.062685,
      28.65635,
      29.463562,
      32.02313,
      32.585533,
      29.3682,
      37.50223,
      35.760643,
      26.611813,
      30.189201,
      33.040565,
      33.085056,
      32.29941,
      32.877125,
      33.314266,
      32.8634,
      31.689215,
      30.163,
      30.040436,
      30.860933,
      30.583532,
      32.176823,
      30.511646,
      27.461134,
      29.138126,
      30.002066,
      29.951399,
      32.26938,
      31.873377,
      30.450186,
      31.757404,
      34.31519,
      35.057587,
      33.323624,
      33.5155,
      30.877068,
      27.544334,
      27.305796,
      28.7328,
      27.484236,
      28.756865,
      28.732,
      29.632622,
      28.216812,
      28.530333,
      27.522875,
      30.269688,
      29.319706,
      36.4345,
      33.965076,
      26.877186,
      26.988436,
      27.013752,
      27.507938,
      30.60931,
      30.896,
      26.530252,
      26.6556,
      28.28225,
      32.593437,
      31.833998,
      31.139875,
      29.399265,
      32.774414,
      31.386002,
      31.171822,
      30.617054,
      31.681353,
      32.178066,
      27.674,
      30.028128,
      32.490562,
      32.553562,
      29.024248,
      27.339067,
      26.788733,
      28.122623,
      27.342562,
      25.968876,
      27.157688,
      29.754295,
      28.223354,
      29.028126,
      28.611687,
      27.218826,
      25.824648,
      29.190664,
      30.77694,
      29.901201,
      26.085432,
      28.4408,
      30.90156,
      32.67725,
      26.663136,
      28.427374,
      26.802248,
      24.373943,
      24.732294,
      26.835999,
      27.591267,
      27.8362,
      28.257944,
      30.20419,
      32.705467,
      33.616417,
      29.875883,
      30.812939,
      31.370764,
      30.692001,
      29.57525,
      29.828802,
      29.078669,
      30.572874,
      32.88431,
      33.694767,
      30.937063,
      31.802263,
      33.353504,
      32.98288,
      28.780188,
      28.847752,
      48.070507,
      50.396496,
      29.096134,
      31.767313,
      31.855942,
      34.976627,
      33.65053,
      32.796124,
      29.862751,
      34.234333,
      36.4426,
      35.823864,
      32.326405,
      28.899815,
      30.043314,
      29.531813,
      30.754803,
      30.327135,
      31.450003,
      31.330315,
      31.53506,
      30.693462,
      45.5971,
      46.62836,
      37.008415,
      37.944057,
      43.519855,
      50.850285,
      46.57681,
      43.163055,
      39.23381,
      40.35493,
      42.459064,
      41.436253,
      43.006065,
      42.000374,
      42.671932,
      41.719753,
      41.757378,
      39.93513,
      40.329437,
      41.997623,
      38.550873,
      34.136414,
      29.20653,
      30.226412,
      31.713001,
      31.292469,
      30.533297,
      31.036118,
      31.53181,
      31.291937,
      31.364498,
      29.871334,
      30.340267,
      28.144127,
      29.434502,
      39.591877,
      42.79143,
      43.40669,
      39.4012,
      40.44173,
      40.31667,
      40.31667,
      69.51522,
      58.99606,
      43.526253,
      43.914936,
      43.653126,
      41.731,
      40.257374,
      41.712402,
      35.559067,
      29.938934,
      28.888666,
      28.582867,
      27.9948,
      31.426624,
      31.000467,
      29.281748,
      27.500566,
      25.951437,
      27.658058,
      29.6714,
      30.207197,
      28.3658,
      31.439201,
      42.859562,
      44.57636,
      37.368378,
      37.3494,
      37.895935,
      37.131176,
      40.576252,
      40.10833,
      36.728065,
      36.353497,
      38.808865,
      39.340866,
      38.033535,
      38.190067,
      37.8038,
      43.30133,
      34.345295,
      31.828331,
      30.450996,
      31.169333,
      29.517601,
      29.86481,
      31.00244,
      33.901333,
      32.169132,
      32.167866,
      32.924873,
      31.497753,
      32.115864,
      30.124334,
      71.87254,
      77.05581,
      56.743065,
      54.095665,
      52.595467,
      52.0892,
      51.978004,
      54.021873,
      58.49129,
      54.64471,
      52.7002,
      50.08306,
      48.622932,
      54.38007,
      55.18987,
      37.268925,
      31.787687,
      35.290356,
      42.330128,
      43.234314,
      39.946873,
      32.316475,
      32.73882,
      34.235126,
      33.164585,
      33.012436,
      33.510937,
      34.090057,
      42.02593,
      50.798218,
      45.08093,
      54.728134,
      48.021282,
      44.064735,
      41.900497,
      42.67312,
      43.7865,
      47.176598,
      47.143932,
      43.896423,
      46.137375,
      43.72494,
      44.988796,
      45.89393,
      47.964714,
      40.413624,
      33.62727,
      35.862926,
      35.226536,
      35.103767,
      35.048412,
      35.922585,
      38.999557,
      38.72944,
      37.65206,
      37.920334,
      38.032997,
      39.78169,
      39.92229,
      41.955627,
      42.996067,
      44.720623,
      43.919373,
      44.041294,
      46.14663,
      47.439373,
      46.90668,
      45.975746,
      44.51644,
      45.623466,
      47.398335,
      46.880005,
      45.95625,
      44.67319,
      42.11825,
      40.831795,
      38.541866,
      39.033318,
      37.678413,
      39.80819,
      40.683537,
      42.907112,
      40.472294,
      40.568066,
      40.031,
      39.799625,
      39.97075,
      39.032562,
      40.2455,
      44.13369,
      48.455437,
      48.455437,
      57.2525,
      61.17615,
      60.858,
      60.96888,
      60.926693,
      59.4228,
      57.954136,
      60.52227,
      61.812435,
      61.2102,
      60.386852,
      62.388,
      61.759937,
      47.181335,
      38.504944,
      38.334,
      36.923187,
      35.881,
      36.148186,
      36.689877,
      36.449467,
      34.38773,
      33.0434,
      31.705599,
      31.70888,
      32.207127,
      33.644688,
      35.024937,
      32.961338,
      26.061785,
      27.997313,
      29.832127,
      31.063877,
      28.95544,
      28.97194,
      27.598938,
      27.110062,
      28.29375,
      28.739065,
      30.329533,
      30.544563,
      30.32381,
      33.771587,
      33.010117,
      33.781124,
      29.72525,
      27.94347,
      29.872175,
      29.353588,
      46.169453,
      49.649757,
      45.596687,
      45.712135,
      42.007603,
      34.94075,
      35.941376,
      33.57653,
      35.587856,
      34.472733,
      37.54431,
      35.651188,
      34.384003,
      33.015373,
      32.49175,
      32.74094,
      31.643124,
      31.236498,
      30.556234,
      29.940235,
      32.359188,
      32.95325,
      29.19225,
      29.440353,
      29.256266,
      28.4206,
      29.215876,
      28.256931,
      27.5632,
      30.091063,
      28.243683,
      25.31925,
      26.060532,
      26.95847,
      27.984938,
      27.109627,
      27.91894,
      28.458055,
      30.945532,
      31.983688,
      29.154692,
      27.94181,
      28.449173,
      28.697378,
      28.531574,
      29.84957,
      30.358932,
      29.999668,
      30.166586,
      31.60238,
      31.85327,
      33.19381,
      33.64147,
      35.169865,
      33.642498,
      32.486122,
      33.444763,
      34.168938,
      29.23725,
      28.309769,
      29.044998,
      29.969372,
      29.519062,
      29.197466,
      29.465265,
      30.684866,
      29.405186,
      30.173061,
      31.995731,
      30.448563,
      30.806501,
      30.833645,
      31.3594,
      34.465294,
      33.416065,
      31.895622,
      34.675144,
      35.465137,
      34.81847,
      30.848785,
      31.102604,
      32.301003,
      33.01857,
      33.09706,
      32.228645,
      34.334938,
      31.682943,
      30.866936,
      30.737467,
      32.396336,
      29.611311,
      29.517117,
      29.581125,
      29.487003,
      30.207602,
      30.332565,
      29.36244,
      29.3122,
      32.2626,
      34.27956,
      34.13131,
      34.6238,
      33.4106,
      34.387135,
      33.860645,
      33.082134,
      32.688564,
      33.26033,
      34.207268,
      36.485355,
      35.839714,
      36.87207,
      35.51587,
      32.946377,
      33.089935,
      29.37075,
      29.035532,
      31.63336,
      33.535072,
      31.250603,
      28.992437,
      30.810125,
      33.206753,
      36.138527,
      31.470188,
      30.897669,
      30.314062,
      0,
      0,
      0,
      0,
      0,
      0,
      0,
      0,
      0,
      0,
      0,
      0,
      0,
      0,
      0,
      0,
      0,
      0,
      0,
      0,
      0,
      0,
      0,
      0,
      0,
      0,
      0,
      0,
      0,
      0,
      0,
      0,
      0,
      0,
      0,
      0,
      0,
      0,
      0,
      0,
      0,
      0,
      0,
      0,
      0,
      0,
      0,
      0,
      0,
      0
    ],
    "downlinkThroughputBps": [
      0,
      0,
      0,
      0,
      0,
      0,
      0,
      0,
      0,
      0,
      0,
      11903.435,
      0,
      0,
      0,
      0,
      9915.335,
      0,
      11484.004,
      36985.37,
      296369.53,
      160834.78,
      269282.72,
      303868.94,
      536.8709,
      536.8709,
      0,
      22238.2,
      538456.4,
      2.1365618e+06,
      3758.0964,
      29402.07,
      4831.8384,
      54693.723,
      4294.9673,
      4831.8384,
      4294.9673,
      4831.8384,
      4294.9673,
      8120.1724,
      14713.618,
      9328.132,
      0,
      0,
      0,
      60767.08,
      10418.651,
      13983.81,
      9412.019,
      13824.426,
      9051.308,
      93524.59,
      18018.73,
      9412.019,
      0,
      55851.35,
      20820.525,
      10653.532,
      14537.458,
      0,
      448564.03,
      237305.33,
      21902.656,
      58804.14,
      378477.22,
      27095.203,
      25073.549,
      39820.723,
      19444.793,
      15778.972,
      16315.843,
      24234.69,
      105235.086,
      18262,
      29469.18,
      17507.025,
      29142.023,
      41414.56,
      106375.94,
      126458.266,
      49048.19,
      37002.15,
      18194.89,
      28798.092,
      23471.324,
      46389.004,
      34183.58,
      25073.549,
      52420.41,
      32270.975,
      21650.998,
      22724.738,
      199506.27,
      30022.828,
      21541.945,
      18471.715,
      14654.898,
      16777.217,
      30014.44,
      15384.707,
      20493.37,
      31750.88,
      122138.13,
      111551.71,
      145559.12,
      54794.387,
      23949.477,
      23429.383,
      50356.812,
      37580.965,
      20535.312,
      28881.977,
      20208.156,
      106778.59,
      226165.27,
      36163.29,
      26315.062,
      30039.605,
      24779.947,
      30417.092,
      29343.352,
      18530.436,
      38948.31,
      31113.348,
      26214.4,
      32992.395,
      22976.396,
      21877.49,
      36557.555,
      34368.13,
      24226.3,
      25484.592,
      87728.06,
      330402.1,
      79633.055,
      26105.348,
      35055.992,
      26600.275,
      127515.23,
      1.8666918e+06,
      1.1419329e+06,
      1.7135158e+06,
      1.8727064e+06,
      2.0500919e+06,
      1.3596256e+06,
      291420.25,
      546719.1,
      61513.664,
      854925,
      485062.88,
      410773.34,
      561785.06,
      577614.4,
      585726.2,
      2.0630188e+06,
      1.1083876e+07,
      244393.7,
      290799.5,
      291218.9,
      405496.94,
      403668.22,
      188483.64,
      237590.55,
      166211.88,
      260332.06,
      138764.36,
      243756.17,
      106115.89,
      8422.162,
      1.4465902e+06,
      2.0159502e+06,
      548816.3,
      939775.75,
      2.208125e+06,
      1.2673929e+06,
      88323.66,
      73391.93,
      771659.7,
      875577.75,
      936831.4,
      1.2109208e+06,
      169978.36,
      723743.94,
      1.5126421e+06,
      453655.9,
      58099.5,
      43469.766,
      51346.668,
      70489.48,
      24201.135,
      21424.504,
      46523.22,
      92283.08,
      47278.195,
      68526.54,
      34619.785,
      77510.734,
      34997.273,
      40567.31,
      76999.03,
      33210.5,
      32027.705,
      19964.887,
      39032.19,
      25635.586,
      26231.178,
      37824.234,
      25694.307,
      41792.047,
      35769.023,
      37396.414,
      21986.541,
      37824.234,
      80790.69,
      29351.74,
      116056.39,
      55884.906,
      42228.254,
      258931.16,
      33881.586,
      20392.705,
      35945.184,
      73349.99,
      32078.037,
      29519.512,
      20208.156,
      31968.984,
      27699.184,
      78995.52,
      138386.86,
      473755.03,
      2.9953732e+07,
      5.3599876e+07,
      7.694844e+07,
      0,
      2.754563e+08,
      1.357702e+08,
      8.116159e+07,
      2.2073506e+08,
      3.0788906e+08,
      3.0525482e+08,
      3.1291018e+08,
      2.7668182e+08,
      2.4447928e+08,
      2.8240554e+08,
      2.6859034e+08,
      2.995347e+08,
      2.2237274e+08,
      2.2389395e+08,
      2.3615142e+08,
      2.4830251e+08,
      2.215467e+08,
      2.5654624e+08,
      3.1207142e+08,
      3.001604e+08,
      3.079006e+08,
      3.5062896e+08,
      3.262659e+08,
      3.3161734e+08,
      3.2077024e+08,
      2.8128682e+08,
      2.887925e+08,
      2.9452954e+08,
      3.4664688e+08,
      3.432856e+08,
      3.6040006e+08,
      3.190893e+08,
      9.713e+07,
      1.6630002e+08,
      1.9488648e+08,
      1.6749931e+08,
      1.6154835e+08,
      1.9591526e+08,
      2.0482714e+08,
      1.4636643e+08,
      1.0119222e+08,
      1.3278995e+08,
      1.2944144e+08,
      1.9594466e+08,
      1.9799982e+08,
      1.6851595e+08,
      1.9659168e+08,
      2.4247731e+08,
      2.2614066e+08,
      8.646255e+07,
      9.159021e+07,
      1.0275728e+08,
      1.6077882e+08,
      2.0809906e+08,
      1.9670342e+08,
      2.0160072e+08,
      2.488416e+08,
      2.09755e+08,
      2.224787e+08,
      2.3373378e+08,
      2.3235808e+08,
      1.4566896e+08,
      2.5009022e+08,
      2.4941373e+08,
      3.1665072e+08,
      3.3334026e+08,
      1.3905304e+08,
      1.990376e+07,
      9.997178e+07,
      1.1801611e+08,
      1.1942214e+08,
      1.3687768e+08,
      1.5313253e+08,
      1.2733313e+08,
      1.2303327e+08,
      1.1248692e+08,
      1.2225727e+08,
      2.0935235e+08,
      2.8150906e+08,
      3.34287e+08,
      3.333919e+08,
      3.190416e+08,
      3.070166e+08,
      3.1259437e+08,
      3.1463315e+08,
      3.2904867e+08,
      3.3002128e+08,
      2.9746496e+08,
      5.877067e+08,
      2.0963834e+08,
      1.6223448e+08,
      1.7782118e+08,
      1.3319573e+08,
      2.553185e+08,
      2.73877e+08,
      2.9487354e+08,
      3.27555e+08,
      3.3209715e+08,
      2.635286e+08,
      3.0784582e+08,
      3.2297757e+08,
      3.3564307e+08,
      2.3738806e+08,
      3.4188912e+08,
      3.0764454e+08,
      3.0172634e+08,
      2.753833e+08,
      2.2772144e+08,
      2.5717965e+08,
      2.2008661e+08,
      2.680828e+08,
      2.369709e+08,
      2.4567664e+08,
      2.1337435e+08,
      1.4955691e+08,
      0,
      1.5033088e+08,
      1.9609152e+08,
      2.930309e+08,
      2.9846304e+08,
      2.491196e+08,
      2.2637648e+08,
      2.031642e+08,
      2.7303478e+08,
      1.9534715e+08,
      1.7806702e+08,
      1.3736678e+08,
      1.8121117e+08,
      2.1640512e+08,
      2.7331034e+08,
      2.738889e+08,
      3.782335e+07,
      99824.44,
      636384.94,
      88315.266,
      95470.75,
      234763.58,
      1.2574608e+06,
      4.1725608e+06,
      536065.6,
      396386.9,
      385666.25,
      497998.1,
      405765.34,
      371976.03,
      198415.75,
      431728.1,
      320671.3,
      263377.12,
      150449.69,
      162302.78,
      271430.2,
      802328.44,
      526360,
      655779.44,
      553992.06,
      358059.34,
      321317.25,
      798922.6,
      515219.9,
      344419.47,
      288274.5,
      242539.83,
      303508.22,
      367311.97,
      456373.84,
      391009.78,
      406478.38,
      646543.56,
      578335.8,
      581070.5,
      770980.2,
      793486.8,
      774922.8,
      742098.2,
      1.00583606e+06,
      636049.44,
      717360.2,
      716898.8,
      630940.75,
      593175.25,
      691590.4,
      709248.44,
      462203.9,
      407359.2,
      538045.3,
      582798.56,
      624129.2,
      495783.5,
      391798.3,
      405262.03,
      707201.6,
      440116.72,
      506403.5,
      445460.25,
      1.0308509e+06,
      445292.47,
      370549.97,
      222625.27,
      167134.62,
      243395.47,
      209010.56,
      160054.64,
      215394.28,
      334344.75,
      212600.88,
      244150.44,
      205764.17,
      473788.6,
      337775.7,
      496530.1,
      259166.05,
      345753.25,
      530587.9,
      857282.2,
      536971.56,
      555879.5,
      474375.78,
      501848.47,
      508232.22,
      470449.9,
      419447.2,
      326736.28,
      394944.06,
      480046.47,
      528113.2,
      451097.4,
      534429.8,
      447876.16,
      465509.03,
      48561.652,
      538531.9,
      544194.2,
      521167.44,
      536099.2,
      633599.94,
      610027.94,
      646191.25,
      600188.1,
      3.4805678e+06,
      2.19524e+06,
      407375.97,
      485834.62,
      292678.53,
      279642.62,
      362387.88,
      281924.34,
      338471.94,
      1.2593146e+06,
      311351.56,
      392410.7,
      361465.12,
      343991.66,
      969681.1,
      541753.06,
      595951.9,
      420336.38,
      362035.53,
      61555.605,
      18891.145,
      20325.598,
      21835.547,
      33470.547,
      49081.746,
      66563.6,
      33101.445,
      25945.965,
      32623.297,
      28563.21,
      24461.182,
      23974.643,
      32866.566,
      38000.395,
      38369.492,
      49954.16,
      25174.213,
      25627.197,
      39426.457,
      24285.02,
      24956.11,
      27044.873,
      24477.959,
      27497.857,
      30802.969,
      27615.297,
      42622.516,
      59072.58,
      61354.277,
      34678.504,
      36985.37,
      33680.26,
      328514.66,
      37413.19,
      536.8709,
      85479.914,
      201334.98,
      26977.764,
      20333.986,
      61169.73,
      48930.75,
      44920.996,
      42479.91,
      23907.533,
      34745.613,
      29636.951,
      18245.223,
      29678.895,
      23110.615,
      19411.238,
      20652.752,
      19268.633,
      28873.588,
      18530.436,
      26642.219,
      20468.203,
      19327.354,
      25442.648,
      72502.74,
      6.9463944e+07,
      2.3402266e+08,
      2.4451621e+08,
      2.7574656e+08,
      4.5689014e+08,
      2.6538059e+08,
      2.4730614e+08,
      2.1231496e+08,
      0,
      1.89128e+08,
      1.483635e+08,
      1.7317915e+08,
      1.6619733e+08,
      1.380402e+08,
      2.6679906e+08,
      6.4119866e+08,
      7.501132e+08,
      3.5334272e+08,
      3.5943466e+08,
      3.4522973e+08,
      0,
      6.249543e+08,
      2.7763882e+08,
      3.122859e+08,
      3.0385843e+08,
      3.046966e+08,
      3.0869664e+08,
      2.881736e+08,
      2.907822e+08,
      1.7689659e+08,
      2.051128e+08,
      2.0259832e+08,
      2.0366702e+08,
      2.0433128e+08,
      2.040006e+08,
      2.0286963e+08,
      2.0984346e+08,
      1.9809258e+08,
      2.0454886e+08,
      2.0605627e+08,
      2.0509955e+08,
      1.9621178e+08,
      1.9011202e+08,
      1.8240349e+08,
      3.1809584e+08,
      3.864442e+08,
      3.8426234e+08,
      3.834498e+08,
      3.3188e+08,
      3.4745846e+08,
      3.748129e+08,
      4.0451418e+08,
      3.9452352e+08,
      4.027764e+08,
      3.6784237e+08,
      3.4130198e+08,
      3.420339e+08,
      1.4982555e+08,
      1.6270256e+08,
      7.914485e+07,
      8.125467e+07,
      0,
      7.0129446e+08,
      3.6685046e+08,
      3.9318954e+08,
      3.9671798e+08,
      4.910462e+08,
      7.7319e+08,
      3.9197126e+08,
      3.910751e+08,
      3.537794e+08,
      3.963445e+08,
      4.0258723e+08,
      3.5910358e+08,
      3.9806666e+08,
      4.3352752e+08,
      3.796224e+08,
      3.837535e+08,
      0,
      8.4699174e+08,
      6.5594652e+07,
      3.2820166e+08,
      3.94883e+08,
      3.963872e+08,
      4.194572e+08,
      4.1846794e+08,
      4.1209427e+08,
      4.1293862e+08,
      3.6295286e+08,
      3.8288573e+08,
      4.0391827e+08,
      4.5232624e+08,
      8.0162835e+08,
      4.0833968e+08,
      3.9792422e+08,
      4.056956e+08,
      3.9857002e+08,
      4.0421837e+08,
      3.924836e+08,
      2.5764382e+08,
      4.0281706e+08,
      4.082249e+08,
      4.0052858e+08,
      3.297875e+08,
      3.8077098e+08,
      4.6336742e+08,
      5.222473e+08,
      5.3256186e+08,
      5.2704464e+08,
      9.0051546e+08,
      4.097315e+08,
      5.0506112e+08,
      4.5502442e+08,
      4.8770048e+08,
      3.7854374e+08,
      5.2588192e+08,
      4.8918157e+08,
      4.3693488e+08,
      3.663335e+08,
      1.8369142e+08,
      0,
      5.5376144e+07,
      5.550559e+07,
      39980.105,
      24964.498,
      34930.164,
      112331.85,
      56857.984,
      24880.611,
      49366.957,
      24175.969,
      23102.227,
      44367.348,
      142304.34,
      75103.21,
      40147.88,
      36305.895,
      20233.322,
      21642.61,
      43151,
      21869.102,
      21038.629,
      20803.748,
      21307.064,
      30366.762,
      25006.441,
      22926.066,
      23647.486,
      26407.338,
      58191.773,
      25895.633,
      22976.396,
      21130.904,
      19478.348,
      20208.156,
      1.03766244e+06,
      32304.53,
      29519.512,
      225729.05,
      34116.47,
      29746.004,
      37270.586,
      37950.062,
      69013.08,
      42521.855,
      32539.41,
      36045.848,
      47555.02,
      25677.53,
      12087.984,
      200496.12,
      34267.465,
      313373.22,
      31113.348,
      21307.064,
      33160.168,
      81327.555,
      26004.686,
      28085.06,
      62688.066,
      21424.504,
      26734.494,
      21500.002,
      21500.002,
      50465.867,
      39929.773,
      32161.924,
      30198.988,
      36322.67,
      40256.93,
      25266.486,
      40760.246,
      23563.6,
      34074.527,
      24914.166,
      45768.246,
      30157.045,
      20669.53,
      32698.795,
      34468.79,
      34418.457,
      27984.396,
      22691.186,
      27850.178,
      32203.865,
      25677.53,
      23530.045,
      29938.941,
      24855.445,
      127724.945,
      35978.74,
      118581.36,
      40659.582,
      64684.555,
      20862.469,
      31272.73,
      38763.758,
      35987.13,
      100134.81,
      38705.04,
      22741.516,
      37102.812,
      35131.492,
      40458.258,
      35618.03,
      29502.734,
      92274.69,
      74104.96,
      61396.223,
      33436.992,
      32078.037,
      25056.771,
      24964.498,
      29620.176,
      42161.145,
      41028.684,
      23202.89,
      23194.502,
      49702.504,
      88071.99,
      223799.67,
      652306.56,
      423230.44,
      1.2196348e+07,
      1.410016e+06,
      75229.04,
      34930.164,
      31264.342,
      26424.115,
      53762.59,
      25627.197,
      304758.12,
      26256.344,
      67335.36,
      74499.23,
      36482.055,
      24226.3,
      23530.045,
      21818.77,
      23009.951,
      26189.234,
      26298.285,
      23764.926,
      26952.598,
      25291.652,
      51531.22,
      35240.543,
      26709.328,
      28462.547,
      63459.82,
      40852.52,
      28152.168,
      23186.113,
      22355.64,
      37488.688,
      33269.22,
      26885.488,
      26667.385,
      24427.627,
      29821.502,
      34066.137,
      30777.803,
      33579.598,
      26960.986,
      33663.484,
      31314.674,
      30870.078,
      18018.73,
      23152.559,
      138286.2,
      35525.754,
      28923.92,
      20401.094,
      19864.225,
      20275.266,
      41313.895,
      44619.008,
      0,
      0,
      0,
      0,
      0,
      0,
      0,
      0,
      0,
      0,
      0,
      0,
      0,
      0,
      0,
      0,
      0,
      0,
      0,
      0,
      0,
      0,
      0,
      0,
      0,
      0,
      0,
      0,
      0,
      0,
      0,
      0,
      0,
      0,
      0,
      0,
      0,
      0,
      0,
      0,
      0,
      0,
      0,
      0,
      0,
      0,
      0,
      0,
      0,
      0
    ],
    "uplinkThroughputBps": [
      8220.836,
      13665.042,
      20023.607,
      12096.373,
      9328.132,
      26851.934,
      99262.4,
      98624.87,
      97047.805,
      80807.46,
      87174.414,
      154132.28,
      90479.52,
      112197.63,
      79473.67,
      93323.266,
      106132.67,
      73635.2,
      108481.48,
      79540.78,
      77703.68,
      74960.6,
      79784.05,
      71496.11,
      114512.89,
      83584.09,
      73811.36,
      84146.125,
      36641.44,
      68828.53,
      85010.16,
      81654.71,
      85261.81,
      110620.57,
      89531.61,
      105134.42,
      115460.8,
      105042.15,
      90169.15,
      108984.8,
      112558.34,
      113816.63,
      123413.2,
      119562.83,
      108213.05,
      93407.15,
      86998.25,
      110486.36,
      116400.33,
      106459.82,
      107869.11,
      128488.31,
      87174.414,
      115871.84,
      0,
      93230.99,
      115796.34,
      92459.234,
      109026.734,
      0,
      116207.38,
      161514.27,
      108657.64,
      113749.52,
      69700.945,
      89263.18,
      119420.23,
      99488.89,
      109446.17,
      108229.82,
      73844.914,
      103221.82,
      78727.086,
      102441.68,
      107600.67,
      88248.16,
      112382.18,
      126684.76,
      206871.47,
      52823.066,
      100881.4,
      132959.44,
      87266.69,
      113111.99,
      112919.055,
      100294.195,
      90555.02,
      115779.57,
      116064.78,
      89003.13,
      119722.21,
      94170.516,
      87459.625,
      90848.625,
      102978.555,
      94875.16,
      131566.92,
      108875.74,
      113179.1,
      111400.71,
      102794,
      64156.074,
      51304.727,
      46305.117,
      59156.465,
      396403.66,
      18874.367,
      16601.055,
      23983.03,
      23647.486,
      14151.582,
      14973.665,
      17431.527,
      57017.367,
      73282.88,
      12918.456,
      52017.758,
      145399.75,
      136189.05,
      134393.89,
      133991.23,
      95982.45,
      114319.95,
      121609.65,
      91989.48,
      122616.28,
      115653.74,
      107164.47,
      134318.39,
      93692.36,
      72209.14,
      74423.73,
      128228.266,
      135668.95,
      88776.64,
      96309.61,
      88466.26,
      87358.96,
      232221.83,
      963481.94,
      1.2435524e+06,
      864370.56,
      774864.1,
      1.3167681e+06,
      3.0644425e+06,
      2.9286308e+06,
      631494.44,
      230024.02,
      778160.8,
      433238.06,
      427508.62,
      548103.25,
      2.009944e+06,
      1.5434871e+06,
      534203.3,
      371053.3,
      283610.44,
      307668.97,
      328598.56,
      368368.94,
      169944.81,
      217743.1,
      281513.28,
      240367.17,
      289818.03,
      218716.17,
      197107.12,
      170632.67,
      111006.45,
      709516.9,
      1.2126571e+06,
      422349.62,
      552180.1,
      689174.5,
      899963.44,
      94891.94,
      201284.66,
      743876.56,
      798872.3,
      743390.06,
      744858.06,
      288274.5,
      341005.3,
      713023.3,
      79574.336,
      71680.66,
      109857.21,
      97861.5,
      102886.27,
      86192.945,
      83667.98,
      92408.91,
      94665.44,
      124671.49,
      95470.75,
      101661.54,
      74448.9,
      72142.03,
      128396.03,
      106443.05,
      89967.82,
      88877.305,
      83223.38,
      83810.586,
      107223.19,
      107407.734,
      132749.72,
      57050.92,
      92509.57,
      97525.95,
      111694.31,
      111224.555,
      86176.17,
      133697.64,
      91368.72,
      160859.95,
      70229.43,
      14310.965,
      113019.72,
      90957.68,
      77846.28,
      75396.81,
      109370.67,
      95604.97,
      110436.02,
      59785.61,
      84649.445,
      60196.652,
      92400.516,
      139829.7,
      87887.445,
      486254.06,
      742408.56,
      719675.44,
      0,
      1.6181541e+06,
      605154.2,
      715925.75,
      973892.25,
      952056.7,
      1.00435125e+06,
      1.0247775e+06,
      939331.2,
      935883.44,
      985812.44,
      726805.75,
      812973.56,
      596446.8,
      900491.9,
      665241.75,
      758917.4,
      701941.94,
      756660.8,
      892698.9,
      821328.6,
      803477.6,
      970184.44,
      918225.44,
      923107.56,
      867071.7,
      765980.56,
      749589.25,
      722603.06,
      876626.3,
      909560,
      999712.4,
      886189.3,
      339990.28,
      649035,
      818828.8,
      574024.06,
      644614.2,
      771265.4,
      806019.4,
      564662.4,
      520739.62,
      810029.1,
      687823.94,
      834758.75,
      730345.75,
      690986.44,
      751829,
      1.1158442e+06,
      711169.44,
      520336.97,
      365894.3,
      663840.9,
      753640.94,
      825757.8,
      735018.25,
      713467.9,
      909249.6,
      784670.4,
      829364.9,
      830983.9,
      781910.56,
      527517.6,
      863749.8,
      700859.8,
      926354,
      976543,
      297292.28,
      215629.17,
      614247.44,
      717779.6,
      615891.6,
      761014.5,
      865897.3,
      536459.9,
      547071.44,
      663924.75,
      696019.56,
      880535.4,
      827695.56,
      916480.56,
      948793.5,
      869194,
      813283.94,
      861266.75,
      840848.9,
      903973.2,
      950135.7,
      1.5251076e+06,
      2.339348e+06,
      637467.1,
      575534,
      691481.4,
      560870.75,
      820523.3,
      769076,
      851502.44,
      927889.1,
      963926.56,
      689401,
      787346.4,
      838449.75,
      939960.3,
      1.051403e+06,
      958188.75,
      839137.6,
      823518.06,
      701765.75,
      675635.25,
      771399.6,
      652088.44,
      795441.4,
      736947.6,
      737551.56,
      830145.06,
      1.3142935e+06,
      0,
      2.8472698e+06,
      815020.4,
      917596.25,
      1.0670896e+06,
      1.1473351e+06,
      1.4537961e+06,
      1.4843474e+06,
      892455.6,
      736595.25,
      693620.44,
      638842.8,
      1.3575369e+06,
      980519.25,
      895601.4,
      939750.56,
      304523.25,
      139460.61,
      528004.1,
      124252.06,
      147824.05,
      8.663687e+06,
      1.96394e+07,
      7.5045495e+06,
      1.5067366e+07,
      1.106423e+07,
      1.2607482e+07,
      1.3352894e+07,
      1.1364366e+07,
      9.695864e+06,
      5.4587355e+06,
      1.1800817e+07,
      9.761219e+06,
      7.129478e+06,
      4.0085382e+06,
      3.933888e+06,
      3.8127398e+06,
      1.2325516e+07,
      1.4785534e+07,
      2.0069066e+07,
      1.6907398e+07,
      1.1432372e+07,
      7.5548475e+06,
      1.6415625e+07,
      1.1499381e+07,
      9.335766e+06,
      8.0871885e+06,
      6.7937825e+06,
      7.2871335e+06,
      9.740617e+06,
      1.372435e+07,
      1.0842033e+07,
      9.094937e+06,
      2.0119188e+07,
      1.6047483e+07,
      1.8485364e+07,
      2.248063e+07,
      2.391504e+07,
      2.368708e+07,
      2.1581414e+07,
      2.6048558e+07,
      2.44376e+07,
      2.2741474e+07,
      2.4329916e+07,
      2.048144e+07,
      2.1021054e+07,
      2.374705e+07,
      2.7593906e+07,
      1.4788906e+07,
      1.5798811e+07,
      1.5742347e+07,
      1.8920464e+07,
      1.9435314e+07,
      1.9394194e+07,
      1.0658339e+07,
      1.4312727e+07,
      1.1919474e+07,
      1.6035512e+07,
      1.6624896e+07,
      1.5475338e+07,
      2.408757e+07,
      1.2520316e+07,
      1.0305858e+07,
      7.21552e+06,
      5.5421605e+06,
      8.58923e+06,
      3.750186e+06,
      3.9700262e+06,
      4.89055e+06,
      1.2123032e+07,
      5.967882e+06,
      7.9390625e+06,
      6.6694885e+06,
      1.4595993e+07,
      9.836826e+06,
      1.7026768e+07,
      8.1671235e+06,
      1.1632239e+07,
      1.8049936e+07,
      1.8296988e+07,
      1.8983394e+07,
      1.8325988e+07,
      1.6083721e+07,
      1.6617379e+07,
      1.86681e+07,
      1.3064787e+07,
      1.4439118e+07,
      1.0716875e+07,
      1.409714e+07,
      1.6063958e+07,
      1.7355308e+07,
      1.4492595e+07,
      1.8488132e+07,
      1.3321529e+07,
      1.5911042e+07,
      2.1385162e+06,
      1.5994727e+07,
      1.8134492e+07,
      1.8598274e+07,
      2.2842658e+07,
      2.4069902e+07,
      2.0071338e+07,
      2.306826e+07,
      2.0196228e+07,
      1.2985465e+07,
      1.914995e+07,
      1.9103344e+07,
      1.6831674e+07,
      7.7956175e+06,
      1.1747381e+07,
      9.84534e+06,
      8.563745e+06,
      1.4143856e+07,
      1.678865e+07,
      1.2379279e+07,
      1.4300521e+07,
      8.551389e+06,
      1.0066682e+07,
      2.7045534e+07,
      2.034136e+07,
      1.9224944e+07,
      1.5489204e+07,
      1.2518546e+07,
      89867.16,
      79112.96,
      70497.86,
      79675,
      101846.086,
      141641.64,
      87795.17,
      94589.945,
      77963.73,
      188433.3,
      96108.28,
      88634.03,
      71898.76,
      57277.414,
      101351.164,
      127104.19,
      97920.22,
      89036.69,
      78357.984,
      56539.22,
      99044.3,
      102013.86,
      85823.85,
      90018.16,
      74968.99,
      57008.98,
      90454.36,
      102726.89,
      91528.1,
      80480.305,
      75673.63,
      59743.668,
      92970.945,
      243470.95,
      93834.97,
      98742.305,
      67192.75,
      110075.31,
      77208.75,
      83709.92,
      152035.12,
      86973.086,
      58829.31,
      67251.47,
      60188.26,
      133823.47,
      104404.62,
      86931.15,
      79607.89,
      44501.566,
      81344.33,
      91234.5,
      87904.23,
      81000.4,
      94841.6,
      59567.504,
      76621.55,
      86025.17,
      84901.1,
      79129.74,
      79079.41,
      71303.17,
      68065.164,
      68190.99,
      277805.53,
      190949.89,
      336903.28,
      457716,
      0,
      160927.06,
      136633.64,
      91880.42,
      85807.07,
      65439.53,
      98138.33,
      137984.22,
      98624.87,
      81369.5,
      62000.203,
      61480.11,
      0,
      108976.41,
      60850.96,
      64130.906,
      64734.887,
      60565.75,
      61916.316,
      75765.91,
      61723.38,
      62394.465,
      93927.24,
      60825.797,
      62956.504,
      76269.23,
      58476.99,
      79263.95,
      64860.72,
      74826.38,
      54584.67,
      60129.543,
      62100.863,
      63711.477,
      53284.438,
      83332.43,
      40382.758,
      66722.984,
      40567.31,
      60892.906,
      40214.99,
      69222.8,
      63661.145,
      63233.33,
      60867.74,
      69885.49,
      61882.76,
      83558.92,
      63006.836,
      66840.43,
      48897.195,
      83567.31,
      74423.73,
      0,
      110326.97,
      54207.184,
      46632.273,
      84481.67,
      68090.33,
      106275.27,
      74113.35,
      62855.84,
      76428.61,
      79842.77,
      74717.33,
      88961.19,
      65716.35,
      76596.38,
      63292.047,
      56178.508,
      0,
      94413.78,
      73660.37,
      71219.28,
      58200.164,
      57931.727,
      67511.516,
      74323.07,
      73198.99,
      91913.98,
      132833.61,
      68274.88,
      60154.707,
      62302.19,
      145265.53,
      192208.17,
      61605.938,
      194036.89,
      59055.8,
      73693.92,
      197174.23,
      65565.36,
      64005.08,
      71991.03,
      72225.914,
      71881.984,
      65020.1,
      65431.14,
      67100.48,
      73551.31,
      64072.188,
      102592.68,
      64625.836,
      63979.914,
      56178.508,
      82241.914,
      61379.445,
      85505.08,
      121626.43,
      63417.875,
      58460.21,
      90647.3,
      79305.9,
      98759.08,
      193130.92,
      99195.29,
      81444.99,
      100831.07,
      111283.27,
      1.23084536e+08,
      3.211599e+08,
      3.270978e+08,
      3.279125e+08,
      3.2310086e+08,
      2.991363e+08,
      3.4923254e+08,
      3.2126102e+08,
      3.2386704e+08,
      3.220692e+08,
      3.2538368e+08,
      3.2397485e+08,
      3.2435085e+08,
      3.253393e+08,
      3.205883e+08,
      3.2689216e+08,
      3.02936e+08,
      3.4616554e+08,
      3.2436874e+08,
      3.2463427e+08,
      3.2249034e+08,
      3.251026e+08,
      3.1935632e+08,
      3.26645e+08,
      3.240224e+08,
      3.059822e+08,
      3.4170013e+08,
      3.266897e+08,
      3.2919818e+08,
      3.2046355e+08,
      3.2338368e+08,
      3.2312918e+08,
      3.2423594e+08,
      3.2768666e+08,
      3.250314e+08,
      3.2480106e+08,
      3.216573e+08,
      3.2584912e+08,
      3.231251e+08,
      3.232634e+08,
      3.2064064e+08,
      3.2811648e+08,
      3.1667616e+08,
      3.3348832e+08,
      3.2049018e+08,
      3.270255e+08,
      2.9960323e+08,
      3.4772003e+08,
      3.236094e+08,
      3.2097453e+08,
      3.2119542e+08,
      3.27547e+08,
      3.264857e+08,
      3.218161e+08,
      3.0267456e+08,
      3.4518237e+08,
      3.23425e+08,
      3.2428426e+08,
      3.281881e+08,
      3.216577e+08,
      3.2590384e+08,
      3.0192906e+08,
      3.4781594e+08,
      3.2461824e+08,
      3.1892653e+08,
      3.2159258e+08,
      3.0613312e+08,
      3.4405565e+08,
      3.2375632e+08,
      3.232275e+08,
      3.2599136e+08,
      3.2796598e+08,
      3.205036e+08,
      3.2683958e+08,
      3.1806922e+08,
      3.2628534e+08,
      3.2882262e+08,
      3.246529e+08,
      3.2067936e+08,
      3.2608698e+08,
      3.2171133e+08,
      3.2462733e+08,
      3.264172e+08,
      3.2498458e+08,
      3.0708445e+08,
      2.723896e+08,
      3.8710726e+08,
      3.237834e+08,
      3.2470102e+08,
      3.2452646e+08,
      3.0054262e+08,
      3.4822416e+08,
      3.2297277e+08,
      3.23748e+08,
      3.244406e+08,
      3.2525142e+08,
      3.2469005e+08,
      3.1940685e+08,
      3.272036e+08,
      3.2302125e+08,
      3.2718477e+08,
      3.2391184e+08,
      3.22914e+08,
      3.2473325e+08,
      3.2325837e+08,
      3.2374352e+08,
      3.2392707e+08,
      3.2526416e+08,
      3.2491434e+08,
      3.2257245e+08,
      3.2839066e+08,
      3.242451e+08,
      3.2340765e+08,
      3.2026688e+08,
      3.2880995e+08,
      3.2071574e+08,
      3.2436586e+08,
      3.274225e+08,
      3.2043318e+08,
      3.2103373e+08,
      2.0363925e+08,
      89590.336,
      113413.98,
      85152.76,
      86058.73,
      103154.71,
      85790.3,
      91091.89,
      131600.48,
      95596.58,
      91989.48,
      61329.113,
      61186.508,
      68266.49,
      101787.37,
      92132.08,
      98104.77,
      86931.15,
      68602.04,
      90999.62,
      87233.13,
      92912.22,
      107718.12,
      50591.695,
      75858.18,
      61907.926,
      88625.64,
      109714.6,
      99740.55,
      92190.805,
      82158.02,
      95227.48,
      53376.71,
      90286.586,
      85094.04,
      76286,
      46774.88,
      98213.82,
      104454.945,
      81361.11,
      122347.85,
      55834.574,
      61832.43,
      98197.05,
      89841.99,
      86478.16,
      120024.2,
      59357.79,
      81352.72,
      72964.11,
      0,
      0,
      0,
      0,
      0,
      0,
      0,
      0,
      0,
      0,
      0,
      0,
      0,
      0,
      0,
      0,
      0,
      0,
      0,
      0,
      0,
      0,
      0,
      0,
      0,
      0,
      0,
      0,
      0,
      0,
      0,
      0,
      0,
      0,
      0,
      0,
      0,
      0,
      0,
      0,
      0,
      0,
      0,
      0,
      0,
      0,
      0,
      0,
      0,
      0
    ],
    "outages": [
      {
        "cause": "BOOTING",
        "startTimestampNs": "1401050004029576980",
        "durationNs": "44211355057",
        "didSwitch": false
      },
      {
        "cause": "NO_SCHEDULE",
        "startTimestampNs": "1401050049180531036",
        "durationNs": "21060117277",
        "didSwitch": false
      },
      {
        "cause": "NO_PINGS",
        "startTimestampNs": "1401050070320732058",
        "durationNs": "1240013251",
        "didSwitch": false
      },
      {
        "cause": "NO_DOWNLINK",
        "startTimestampNs": "1401050085160964889",
        "durationNs": "3319802938",
        "didSwitch": false
      },
      {
        "cause": "NO_DOWNLINK",
        "startTimestampNs": "1401050175400740677",
        "durationNs": "859982272",
        "didSwitch": true
      },
      {
        "cause": "NO_DOWNLINK",
        "startTimestampNs": "1401050190160755736",
        "durationNs": "959978208",
        "didSwitch": true
      },
      {
        "cause": "NO_DOWNLINK",
        "startTimestampNs": "1401050210580762945",
        "durationNs": "1840109070",
        "didSwitch": true
      },
      {
        "cause": "NO_DOWNLINK",
        "startTimestampNs": "1401050224220850002",
        "durationNs": "1079978509",
        "didSwitch": true
      },
      {
        "cause": "NO_DOWNLINK",
        "startTimestampNs": "1401050271120682608",
        "durationNs": "900139966",
        "didSwitch": true
      },
      {
        "cause": "NO_DOWNLINK",
        "startTimestampNs": "1401050344680680856",
        "durationNs": "1020033289",
        "didSwitch": true
      },
      {
        "cause": "NO_DOWNLINK",
        "startTimestampNs": "1401050392980695687",
        "durationNs": "740087417",
        "didSwitch": true
      },
      {
        "cause": "NO_DOWNLINK",
        "startTimestampNs": "1401050434660839799",
        "durationNs": "1019911477",
        "didSwitch": true
      },
      {
        "cause": "NO_DOWNLINK",
        "startTimestampNs": "1401050508280773274",
        "durationNs": "720110821",
        "didSwitch": true
      },
      {
        "cause": "NO_DOWNLINK",
        "startTimestampNs": "1401050529760821529",
        "durationNs": "960159808",
        "didSwitch": true
      },
      {
        "cause": "NO_DOWNLINK",
        "startTimestampNs": "1401050571260736633",
        "durationNs": "1100042555",
        "didSwitch": true
      },
      {
        "cause": "NO_PINGS",
        "startTimestampNs": "1401050624860813361",
        "durationNs": "499822489",
        "didSwitch": true
      },
      {
        "cause": "NO_DOWNLINK",
        "startTimestampNs": "1401050676400725380",
        "durationNs": "960098023",
        "didSwitch": true
      },
      {
        "cause": "NO_DOWNLINK",
        "startTimestampNs": "1401050716240855376",
        "durationNs": "1519998446",
        "didSwitch": true
      },
      {
        "cause": "NO_DOWNLINK",
        "startTimestampNs": "1401050765480723818",
        "durationNs": "860027860",
        "didSwitch": true
      }
    ]
  }
}
End time: 1717015675855
