Start time: 1716933164543
[2024-05-28 17:52:45.395091] nuttcp-r: v8.1.4: socket
[2024-05-28 17:52:45.396222] nuttcp-r: buflen=65536, nstream=1, port=5003 tcp
[2024-05-28 17:52:45.396303] nuttcp-r: interval reporting every 0.50 seconds
[2024-05-28 17:52:45.396363] nuttcp-r: connect to 35.245.244.238 with RTT=51.291 ms af=inet
[2024-05-28 17:52:45.396419] nuttcp-r: send window size = 1048576, receive window size = 1048576
[2024-05-28 17:52:45.396475] nuttcp-r: available send window = 786432, available receive window = 786432
[2024-05-28 17:52:45.396529]     0.3750 MB /   0.50 sec =    6.2898 Mbps     0 retrans     13 KB-cwnd
[2024-05-28 17:52:45.894861]     2.2500 MB /   0.50 sec =   37.7557 Mbps     0 retrans     13 KB-cwnd
[2024-05-28 17:52:46.396071]     7.6875 MB /   0.50 sec =  128.8167 Mbps     0 retrans     13 KB-cwnd
[2024-05-28 17:52:46.895465]     8.7500 MB /   0.50 sec =  146.9629 Mbps     0 retrans     13 KB-cwnd
[2024-05-28 17:52:47.395421]     9.6875 MB /   0.50 sec =  162.5420 Mbps     0 retrans     13 KB-cwnd
[2024-05-28 17:52:47.894860]     9.1250 MB /   0.50 sec =  153.1001 Mbps     0 retrans     13 KB-cwnd
[2024-05-28 17:52:48.395204]     8.6875 MB /   0.50 sec =  145.7550 Mbps     0 retrans     13 KB-cwnd
[2024-05-28 17:52:48.894840]     8.3125 MB /   0.50 sec =  139.4561 Mbps     0 retrans     13 KB-cwnd
[2024-05-28 17:52:49.394941]     9.8125 MB /   0.50 sec =  164.6241 Mbps     0 retrans     13 KB-cwnd
[2024-05-28 17:52:49.895533]     9.3125 MB /   0.50 sec =  156.2322 Mbps     0 retrans     13 KB-cwnd
[2024-05-28 17:52:50.394884]     9.6875 MB /   0.50 sec =  162.5455 Mbps     0 retrans     13 KB-cwnd
[2024-05-28 17:52:50.895488]     9.7500 MB /   0.50 sec =  163.5376 Mbps     0 retrans     13 KB-cwnd
[2024-05-28 17:52:51.394931]     9.8125 MB /   0.50 sec =  164.6505 Mbps     0 retrans     13 KB-cwnd
[2024-05-28 17:52:51.895576]     9.2500 MB /   0.50 sec =  155.1955 Mbps     0 retrans     13 KB-cwnd
[2024-05-28 17:52:52.396589]     9.9375 MB /   0.50 sec =  166.5637 Mbps     0 retrans     27 KB-cwnd
[2024-05-28 17:52:52.895478]    12.0000 MB /   0.50 sec =  201.5059 Mbps     0 retrans     27 KB-cwnd
[2024-05-28 17:52:53.395455]    13.9375 MB /   0.50 sec =  233.8128 Mbps     0 retrans     27 KB-cwnd
[2024-05-28 17:52:53.895316]    13.3125 MB /   0.50 sec =  223.3619 Mbps     0 retrans     27 KB-cwnd
[2024-05-28 17:52:54.396711]    12.7500 MB /   0.50 sec =  213.3441 Mbps     0 retrans     27 KB-cwnd
[2024-05-28 17:52:54.894951]     6.0625 MB /   0.50 sec =  101.9844 Mbps     0 retrans     27 KB-cwnd
[2024-05-28 17:52:55.395476]    11.7500 MB /   0.50 sec =  197.1335 Mbps     0 retrans     27 KB-cwnd
[2024-05-28 17:52:55.894965]    13.2500 MB /   0.50 sec =  222.2946 Mbps     0 retrans     27 KB-cwnd
[2024-05-28 17:52:56.394926]    12.6875 MB /   0.50 sec =  212.8673 Mbps     0 retrans     27 KB-cwnd
[2024-05-28 17:52:56.894922]     7.3750 MB /   0.50 sec =  123.7369 Mbps     0 retrans     27 KB-cwnd
[2024-05-28 17:52:57.395062]     8.1875 MB /   0.50 sec =  137.3242 Mbps     0 retrans     27 KB-cwnd
[2024-05-28 17:52:57.895011]     8.3125 MB /   0.50 sec =  139.4849 Mbps     0 retrans     27 KB-cwnd
[2024-05-28 17:52:58.394842]     8.6875 MB /   0.50 sec =  145.7739 Mbps     0 retrans     27 KB-cwnd
[2024-05-28 17:52:58.895419]     8.5625 MB /   0.50 sec =  143.6474 Mbps     0 retrans     31 KB-cwnd
[2024-05-28 17:52:59.395851]     9.9375 MB /   0.50 sec =  166.5627 Mbps     0 retrans     31 KB-cwnd
[2024-05-28 17:52:59.894857]     9.6250 MB /   0.50 sec =  161.6453 Mbps     0 retrans     31 KB-cwnd
[2024-05-28 17:53:00.394961]    10.1875 MB /   0.50 sec =  170.9216 Mbps     0 retrans     31 KB-cwnd
[2024-05-28 17:53:00.895629]    10.3750 MB /   0.50 sec =  173.9460 Mbps     0 retrans     31 KB-cwnd
[2024-05-28 17:53:01.396624]    12.9375 MB /   0.50 sec =  216.9355 Mbps     0 retrans     31 KB-cwnd
[2024-05-28 17:53:01.895405]    13.9375 MB /   0.50 sec =  234.0979 Mbps     0 retrans     31 KB-cwnd
[2024-05-28 17:53:02.395432]    13.3125 MB /   0.50 sec =  223.3382 Mbps     0 retrans     31 KB-cwnd
[2024-05-28 17:53:02.895534]    12.4375 MB /   0.50 sec =  208.6499 Mbps     0 retrans     31 KB-cwnd
[2024-05-28 17:53:03.394972]    13.2500 MB /   0.50 sec =  222.3132 Mbps     0 retrans     33 KB-cwnd
[2024-05-28 17:53:03.894948]    13.7500 MB /   0.50 sec =  230.6983 Mbps     0 retrans     41 KB-cwnd
[2024-05-28 17:53:04.394913]    13.8125 MB /   0.50 sec =  231.7367 Mbps     0 retrans     44 KB-cwnd
[2024-05-28 17:53:04.894988]    14.9375 MB /   0.50 sec =  250.6021 Mbps     0 retrans     49 KB-cwnd
[2024-05-28 17:53:05.394943]    13.0625 MB /   0.50 sec =  219.1541 Mbps     4 retrans   3163 KB-cwnd
[2024-05-28 17:53:05.896488]    13.1875 MB /   0.50 sec =  221.0064 Mbps     0 retrans   3165 KB-cwnd
[2024-05-28 17:53:06.395554]    12.3125 MB /   0.50 sec =  206.7597 Mbps     0 retrans   3165 KB-cwnd
[2024-05-28 17:53:06.895320]    15.0000 MB /   0.50 sec =  251.7106 Mbps     0 retrans   3165 KB-cwnd
[2024-05-28 17:53:07.395975]    13.0000 MB /   0.50 sec =  217.9046 Mbps     0 retrans   3165 KB-cwnd
[2024-05-28 17:53:07.895318]     9.4375 MB /   0.50 sec =  158.4830 Mbps     0 retrans   3165 KB-cwnd
[2024-05-28 17:53:08.395634]     3.3125 MB /   0.50 sec =   55.5540 Mbps     0 retrans   3165 KB-cwnd
[2024-05-28 17:53:08.895218]     8.6250 MB /   0.50 sec =  144.7588 Mbps     0 retrans   3165 KB-cwnd
[2024-05-28 17:53:09.394982]     8.4375 MB /   0.50 sec =  141.5173 Mbps     0 retrans   3165 KB-cwnd
[2024-05-28 17:53:09.894944]     7.2500 MB /   0.50 sec =  121.6623 Mbps     0 retrans   3165 KB-cwnd
[2024-05-28 17:53:10.395425]     9.0000 MB /   0.50 sec =  150.9974 Mbps     0 retrans   3165 KB-cwnd
[2024-05-28 17:53:10.896310]    11.5000 MB /   0.50 sec =  192.7556 Mbps     0 retrans   3165 KB-cwnd
[2024-05-28 17:53:11.395447]    10.3125 MB /   0.50 sec =  173.1782 Mbps     0 retrans   3165 KB-cwnd
[2024-05-28 17:53:11.894952]     5.8125 MB /   0.50 sec =   97.5182 Mbps     0 retrans   3165 KB-cwnd
[2024-05-28 17:53:12.394966]     7.1250 MB /   0.50 sec =  119.5312 Mbps     0 retrans   3165 KB-cwnd
[2024-05-28 17:53:12.894950]     7.8750 MB /   0.50 sec =  132.1267 Mbps  1368 retrans   2084 KB-cwnd
[2024-05-28 17:53:13.395160]     8.3125 MB /   0.50 sec =  139.4695 Mbps     0 retrans   2084 KB-cwnd
[2024-05-28 17:53:13.895050]     6.3750 MB /   0.50 sec =  106.9071 Mbps     0 retrans   2084 KB-cwnd
[2024-05-28 17:53:14.396067]     7.8125 MB /   0.50 sec =  130.9895 Mbps     0 retrans   2084 KB-cwnd
[2024-05-28 17:53:14.894938]     7.2500 MB /   0.50 sec =  121.7588 Mbps     0 retrans   2084 KB-cwnd
[2024-05-28 17:53:15.395483]     8.5625 MB /   0.50 sec =  143.6489 Mbps     0 retrans   2084 KB-cwnd
[2024-05-28 17:53:15.894971]     8.3750 MB /   0.50 sec =  140.5036 Mbps     0 retrans   2084 KB-cwnd
[2024-05-28 17:53:16.395032]     9.0625 MB /   0.50 sec =  152.0453 Mbps     0 retrans   2015 KB-cwnd
[2024-05-28 17:53:16.894922]     9.4375 MB /   0.50 sec =  158.3381 Mbps     0 retrans   2015 KB-cwnd
[2024-05-28 17:53:17.395013]     9.1875 MB /   0.50 sec =  154.1456 Mbps     0 retrans   1980 KB-cwnd
[2024-05-28 17:53:17.894944]    10.8750 MB /   0.50 sec =  182.4522 Mbps     0 retrans   1980 KB-cwnd
[2024-05-28 17:53:18.394856]     8.9375 MB /   0.50 sec =  149.9578 Mbps     0 retrans   1980 KB-cwnd
[2024-05-28 17:53:18.895458]     4.5625 MB /   0.50 sec =   76.5430 Mbps     0 retrans   1980 KB-cwnd
[2024-05-28 17:53:19.396469]     6.6250 MB /   0.50 sec =  111.0309 Mbps     0 retrans   1980 KB-cwnd
[2024-05-28 17:53:19.894903]     5.4375 MB /   0.50 sec =   91.3264 Mbps     0 retrans   1980 KB-cwnd
[2024-05-28 17:53:20.395599]     8.5625 MB /   0.50 sec =  143.5518 Mbps     0 retrans   1980 KB-cwnd
[2024-05-28 17:53:20.894961]     8.3125 MB /   0.50 sec =  139.5505 Mbps     0 retrans   1980 KB-cwnd
[2024-05-28 17:53:21.394937]     6.8125 MB /   0.50 sec =  114.2975 Mbps     0 retrans   1980 KB-cwnd
[2024-05-28 17:53:21.895053]     7.9375 MB /   0.50 sec =  133.1537 Mbps     8 retrans   3663 KB-cwnd
[2024-05-28 17:53:22.394925]    11.0000 MB /   0.50 sec =  184.5774 Mbps     0 retrans   3663 KB-cwnd
[2024-05-28 17:53:22.895582]    11.8125 MB /   0.50 sec =  198.1555 Mbps     0 retrans   3663 KB-cwnd
[2024-05-28 17:53:23.395367]    10.2500 MB /   0.50 sec =  171.8445 Mbps     0 retrans   3663 KB-cwnd
[2024-05-28 17:53:23.895444]    12.6250 MB /   0.50 sec =  211.9858 Mbps     0 retrans   3663 KB-cwnd
[2024-05-28 17:53:24.395414]    14.9375 MB /   0.50 sec =  250.5906 Mbps     0 retrans   3663 KB-cwnd
[2024-05-28 17:53:24.896342]     6.5000 MB /   0.50 sec =  108.9750 Mbps     0 retrans   3663 KB-cwnd
[2024-05-28 17:53:25.396060]    12.0625 MB /   0.50 sec =  202.3331 Mbps     0 retrans   3663 KB-cwnd
[2024-05-28 17:53:25.894812]     8.1250 MB /   0.50 sec =  136.4568 Mbps     0 retrans   3663 KB-cwnd
[2024-05-28 17:53:26.394974]    12.8750 MB /   0.50 sec =  215.9794 Mbps     0 retrans   3663 KB-cwnd
[2024-05-28 17:53:26.895609]     8.5000 MB /   0.50 sec =  142.6078 Mbps     0 retrans   3663 KB-cwnd
[2024-05-28 17:53:27.395414]     8.5000 MB /   0.50 sec =  142.4821 Mbps     0 retrans   3663 KB-cwnd
[2024-05-28 17:53:27.895544]     9.1250 MB /   0.50 sec =  153.2202 Mbps     0 retrans   3663 KB-cwnd
[2024-05-28 17:53:28.395579]    11.0000 MB /   0.50 sec =  184.3429 Mbps  1369 retrans   1996 KB-cwnd
[2024-05-28 17:53:28.894951]    11.5625 MB /   0.50 sec =  194.2177 Mbps     0 retrans   1996 KB-cwnd
[2024-05-28 17:53:29.394960]    14.1250 MB /   0.50 sec =  236.9796 Mbps     0 retrans   1996 KB-cwnd
[2024-05-28 17:53:29.895049]    13.6875 MB /   0.50 sec =  229.5739 Mbps     0 retrans   2015 KB-cwnd
[2024-05-28 17:53:30.396036]    14.4375 MB /   0.50 sec =  242.0507 Mbps     0 retrans   2015 KB-cwnd
[2024-05-28 17:53:30.895271]    16.0625 MB /   0.50 sec =  269.7748 Mbps     0 retrans   2015 KB-cwnd
[2024-05-28 17:53:31.394994]    12.3750 MB /   0.50 sec =  207.5608 Mbps     0 retrans   2015 KB-cwnd
[2024-05-28 17:53:31.895409]    13.9375 MB /   0.50 sec =  233.6806 Mbps     0 retrans   2015 KB-cwnd
[2024-05-28 17:53:32.394801]    15.6250 MB /   0.50 sec =  262.3854 Mbps     0 retrans   2015 KB-cwnd
[2024-05-28 17:53:32.895340]    15.8125 MB /   0.50 sec =  265.2590 Mbps     0 retrans   1980 KB-cwnd
[2024-05-28 17:53:33.395480]    13.8750 MB /   0.50 sec =  232.7853 Mbps  1405 retrans   2455 KB-cwnd
[2024-05-28 17:53:33.895025]     5.0625 MB /   0.50 sec =   84.9221 Mbps     0 retrans   2455 KB-cwnd
[2024-05-28 17:53:34.394971]     4.5625 MB /   0.50 sec =   76.5543 Mbps     0 retrans   2455 KB-cwnd
[2024-05-28 17:53:34.895377]    11.3125 MB /   0.50 sec =  189.7752 Mbps     0 retrans   2455 KB-cwnd
[2024-05-28 17:53:35.394867]    11.4375 MB /   0.50 sec =  191.9297 Mbps     0 retrans   2455 KB-cwnd
[2024-05-28 17:53:35.894963]    10.2500 MB /   0.50 sec =  171.9520 Mbps     0 retrans   2455 KB-cwnd
[2024-05-28 17:53:36.396178]    10.8750 MB /   0.50 sec =  182.2539 Mbps     0 retrans   2455 KB-cwnd
[2024-05-28 17:53:36.895243]     7.1250 MB /   0.50 sec =  119.6121 Mbps     0 retrans   2455 KB-cwnd
[2024-05-28 17:53:37.394943]    10.2500 MB /   0.50 sec =  172.0459 Mbps     0 retrans   2455 KB-cwnd
[2024-05-28 17:53:37.894955]     8.1875 MB /   0.50 sec =  137.3626 Mbps     0 retrans   2455 KB-cwnd
[2024-05-28 17:53:38.394896]    12.4375 MB /   0.50 sec =  208.6929 Mbps     0 retrans   2455 KB-cwnd
[2024-05-28 17:53:38.896479]    10.1250 MB /   0.50 sec =  169.6850 Mbps     0 retrans   2455 KB-cwnd
[2024-05-28 17:53:39.395382]    12.6875 MB /   0.50 sec =  213.0638 Mbps     0 retrans   2455 KB-cwnd
[2024-05-28 17:53:39.895462]    14.1250 MB /   0.50 sec =  236.8796 Mbps     0 retrans   2455 KB-cwnd
[2024-05-28 17:53:40.395466]    15.5000 MB /   0.50 sec =  260.1759 Mbps   535 retrans   3080 KB-cwnd
[2024-05-28 17:53:40.894978]    13.5625 MB /   0.50 sec =  227.5173 Mbps     0 retrans   3080 KB-cwnd
[2024-05-28 17:53:41.395874]    11.1875 MB /   0.50 sec =  187.5439 Mbps     0 retrans   3080 KB-cwnd
[2024-05-28 17:53:41.894947]     8.7500 MB /   0.50 sec =  146.9329 Mbps     0 retrans   3080 KB-cwnd
[2024-05-28 17:53:42.394966]    15.1875 MB /   0.50 sec =  254.7882 Mbps     0 retrans   3080 KB-cwnd
[2024-05-28 17:53:42.896877]     9.0000 MB /   0.50 sec =  150.4575 Mbps     0 retrans   3080 KB-cwnd
[2024-05-28 17:53:43.396049]    10.5625 MB /   0.50 sec =  177.6841 Mbps     0 retrans   3080 KB-cwnd
[2024-05-28 17:53:43.896304]    15.3750 MB /   0.50 sec =  257.9451 Mbps     0 retrans   3080 KB-cwnd
[2024-05-28 17:53:44.396017]    13.5625 MB /   0.50 sec =  227.5515 Mbps     0 retrans   3080 KB-cwnd
[2024-05-28 17:53:44.896303]    11.6875 MB /   0.50 sec =  196.1280 Mbps     0 retrans   3080 KB-cwnd
[2024-05-28 17:53:45.394907]    14.3750 MB /   0.50 sec =  241.3443 Mbps     0 retrans   3080 KB-cwnd
[2024-05-28 17:53:45.895790]    13.4375 MB /   0.50 sec =  225.4371 Mbps     0 retrans   3080 KB-cwnd
[2024-05-28 17:53:46.395279]    17.1250 MB /   0.50 sec =  287.1100 Mbps   312 retrans   3940 KB-cwnd
[2024-05-28 17:53:46.894983]    16.7500 MB /   0.50 sec =  281.1860 Mbps     0 retrans   3940 KB-cwnd
[2024-05-28 17:53:47.394939]     7.9375 MB /   0.50 sec =  133.1854 Mbps     0 retrans   3940 KB-cwnd
[2024-05-28 17:53:47.894861]    11.9375 MB /   0.50 sec =  200.2900 Mbps     0 retrans   3940 KB-cwnd
[2024-05-28 17:53:48.394839]    16.2500 MB /   0.50 sec =  272.6292 Mbps     0 retrans   3940 KB-cwnd
[2024-05-28 17:53:48.895406]    15.3125 MB /   0.50 sec =  256.8975 Mbps     0 retrans   3940 KB-cwnd
[2024-05-28 17:53:49.396072]    15.6250 MB /   0.50 sec =  261.8560 Mbps     0 retrans   3940 KB-cwnd
[2024-05-28 17:53:49.897236]    16.3750 MB /   0.50 sec =  274.0795 Mbps     0 retrans   3940 KB-cwnd
[2024-05-28 17:53:50.395764]    16.0625 MB /   0.50 sec =  270.4045 Mbps     0 retrans   3940 KB-cwnd
[2024-05-28 17:53:50.895084]    16.8750 MB /   0.50 sec =  283.0414 Mbps   247 retrans   4303 KB-cwnd
[2024-05-28 17:53:51.395003]     9.3125 MB /   0.50 sec =  156.2606 Mbps     0 retrans   4303 KB-cwnd
[2024-05-28 17:53:51.896428]    10.6875 MB /   0.50 sec =  179.2018 Mbps     0 retrans   4303 KB-cwnd
[2024-05-28 17:53:52.394979]    13.2500 MB /   0.50 sec =  222.4498 Mbps     0 retrans   4303 KB-cwnd
[2024-05-28 17:53:52.894994]    13.8750 MB /   0.50 sec =  232.7680 Mbps     0 retrans   4303 KB-cwnd
[2024-05-28 17:53:53.395000]    17.0625 MB /   0.50 sec =  286.2481 Mbps     0 retrans   4303 KB-cwnd
[2024-05-28 17:53:53.895475]    16.2500 MB /   0.50 sec =  272.6619 Mbps     0 retrans   4303 KB-cwnd
[2024-05-28 17:53:54.396137]    16.2500 MB /   0.50 sec =  272.3977 Mbps     0 retrans   4303 KB-cwnd
[2024-05-28 17:53:54.895862]    11.5625 MB /   0.50 sec =  193.9334 Mbps     0 retrans   4303 KB-cwnd
[2024-05-28 17:53:55.395058]     6.8750 MB /   0.50 sec =  115.4750 Mbps     0 retrans   4303 KB-cwnd
[2024-05-28 17:53:55.894984]    15.0625 MB /   0.50 sec =  252.6967 Mbps     0 retrans   4303 KB-cwnd
[2024-05-28 17:53:56.396089]    13.1875 MB /   0.50 sec =  220.9883 Mbps   225 retrans   3495 KB-cwnd
[2024-05-28 17:53:56.895460]     7.6875 MB /   0.50 sec =  129.0027 Mbps     0 retrans   3495 KB-cwnd
[2024-05-28 17:53:57.394981]     6.9375 MB /   0.50 sec =  116.5091 Mbps     0 retrans   3495 KB-cwnd
[2024-05-28 17:53:57.894927]     9.0000 MB /   0.50 sec =  151.0019 Mbps     0 retrans   3495 KB-cwnd
[2024-05-28 17:53:58.394934]    10.1875 MB /   0.50 sec =  170.8984 Mbps     0 retrans   3495 KB-cwnd
[2024-05-28 17:53:58.894822]    11.7500 MB /   0.50 sec =  197.1595 Mbps     0 retrans   3495 KB-cwnd
[2024-05-28 17:53:59.396219]    13.0625 MB /   0.50 sec =  218.9588 Mbps     0 retrans   3495 KB-cwnd
[2024-05-28 17:53:59.895342]    13.5625 MB /   0.50 sec =  227.5414 Mbps     0 retrans   3495 KB-cwnd
[2024-05-28 17:54:00.395369]    14.1250 MB /   0.50 sec =  236.9839 Mbps     0 retrans   3495 KB-cwnd
[2024-05-28 17:54:00.894993]    10.3125 MB /   0.50 sec =  173.1376 Mbps     0 retrans   3495 KB-cwnd
[2024-05-28 17:54:01.394918]     7.3750 MB /   0.50 sec =  123.7451 Mbps     0 retrans   3495 KB-cwnd
[2024-05-28 17:54:01.894976]    11.5625 MB /   0.50 sec =  193.9796 Mbps     0 retrans   3495 KB-cwnd
[2024-05-28 17:54:02.395025]    11.8125 MB /   0.50 sec =  198.1932 Mbps     0 retrans   3495 KB-cwnd
[2024-05-28 17:54:02.896632]    11.7500 MB /   0.50 sec =  196.9259 Mbps   146 retrans   3385 KB-cwnd
[2024-05-28 17:54:03.394991]    12.0625 MB /   0.50 sec =  202.5928 Mbps     0 retrans   3385 KB-cwnd
[2024-05-28 17:54:03.895838]    10.9375 MB /   0.50 sec =  183.3406 Mbps     0 retrans   3385 KB-cwnd
[2024-05-28 17:54:04.395125]    11.3750 MB /   0.50 sec =  191.0009 Mbps     0 retrans   3385 KB-cwnd
[2024-05-28 17:54:04.896006]    12.8125 MB /   0.50 sec =  214.8945 Mbps     0 retrans   3385 KB-cwnd
[2024-05-28 17:54:05.395380]    12.1250 MB /   0.50 sec =  203.4681 Mbps     0 retrans   3385 KB-cwnd
[2024-05-28 17:54:05.895007]     9.6875 MB /   0.50 sec =  162.5296 Mbps     0 retrans   3385 KB-cwnd
[2024-05-28 17:54:06.395379]     4.1875 MB /   0.50 sec =   70.2372 Mbps     0 retrans   3385 KB-cwnd
[2024-05-28 17:54:06.895219]     8.2500 MB /   0.50 sec =  138.3664 Mbps     0 retrans   3385 KB-cwnd
[2024-05-28 17:54:07.395001]     9.5625 MB /   0.50 sec =  160.5146 Mbps     0 retrans   3385 KB-cwnd
[2024-05-28 17:54:07.897247]     2.5625 MB /   0.50 sec =   42.8453 Mbps     0 retrans   3385 KB-cwnd
[2024-05-28 17:54:08.394949]     9.7500 MB /   0.50 sec =  164.1557 Mbps     0 retrans   3385 KB-cwnd
[2024-05-28 17:54:08.895548]     7.9375 MB /   0.50 sec =  133.0736 Mbps     0 retrans   3385 KB-cwnd
[2024-05-28 17:54:09.394986]     7.7500 MB /   0.50 sec =  130.1114 Mbps     0 retrans   3437 KB-cwnd
[2024-05-28 17:54:09.896608]     4.5000 MB /   0.50 sec =   75.2654 Mbps     0 retrans   3437 KB-cwnd
[2024-05-28 17:54:10.396742]    12.0000 MB /   0.50 sec =  201.2582 Mbps     0 retrans   3597 KB-cwnd
[2024-05-28 17:54:10.895865]    11.1250 MB /   0.50 sec =  187.1563 Mbps    17 retrans   3407 KB-cwnd
[2024-05-28 17:54:11.396381]    12.3750 MB /   0.50 sec =  207.7581 Mbps     0 retrans   3407 KB-cwnd
[2024-05-28 17:54:11.895061]     7.3750 MB /   0.50 sec =  123.7218 Mbps     0 retrans   3407 KB-cwnd
[2024-05-28 17:54:12.394860]    10.8750 MB /   0.50 sec =  182.4862 Mbps     0 retrans   3407 KB-cwnd
[2024-05-28 17:54:12.895226]    13.9375 MB /   0.50 sec =  233.8114 Mbps     0 retrans   3407 KB-cwnd
[2024-05-28 17:54:13.395810]    16.5625 MB /   0.50 sec =  277.6644 Mbps     0 retrans   3407 KB-cwnd
[2024-05-28 17:54:13.894861]    15.5000 MB /   0.50 sec =  260.2696 Mbps     0 retrans   3407 KB-cwnd
[2024-05-28 17:54:14.395443]    16.8750 MB /   0.50 sec =  282.8349 Mbps     0 retrans   3407 KB-cwnd
[2024-05-28 17:54:14.894870]    14.3750 MB /   0.50 sec =  241.4071 Mbps     0 retrans   3407 KB-cwnd
[2024-05-28 17:54:15.395852]    11.7500 MB /   0.50 sec =  196.9558 Mbps     0 retrans   3137 KB-cwnd
[2024-05-28 17:54:15.896775]    15.1875 MB /   0.50 sec =  254.3142 Mbps   505 retrans   3099 KB-cwnd
[2024-05-28 17:54:16.395524]     8.5000 MB /   0.50 sec =  142.9979 Mbps     0 retrans   3099 KB-cwnd
[2024-05-28 17:54:16.895513]    11.2500 MB /   0.50 sec =  188.5627 Mbps     0 retrans   3099 KB-cwnd
[2024-05-28 17:54:17.395077]     8.0000 MB /   0.50 sec =  134.3268 Mbps     0 retrans   3099 KB-cwnd
[2024-05-28 17:54:17.894850]    10.3125 MB /   0.50 sec =  173.0462 Mbps     0 retrans   3099 KB-cwnd
[2024-05-28 17:54:18.395609]    11.8750 MB /   0.50 sec =  199.1136 Mbps     0 retrans   3099 KB-cwnd
[2024-05-28 17:54:18.894921]    13.5000 MB /   0.50 sec =  226.6334 Mbps     0 retrans   3099 KB-cwnd
[2024-05-28 17:54:19.395474]    13.6250 MB /   0.50 sec =  228.3712 Mbps     0 retrans   3099 KB-cwnd
[2024-05-28 17:54:19.895331]    13.7500 MB /   0.50 sec =  230.9042 Mbps     0 retrans   3099 KB-cwnd
[2024-05-28 17:54:20.396018]    11.9375 MB /   0.50 sec =  200.0032 Mbps     0 retrans   3099 KB-cwnd
[2024-05-28 17:54:20.895199]     4.7500 MB /   0.50 sec =   79.8059 Mbps     0 retrans   3099 KB-cwnd
[2024-05-28 17:54:21.394953]     7.5625 MB /   0.50 sec =  126.8703 Mbps     0 retrans   3099 KB-cwnd
[2024-05-28 17:54:21.895310]    10.0625 MB /   0.50 sec =  168.6902 Mbps     0 retrans   3099 KB-cwnd
[2024-05-28 17:54:22.394891]    10.8750 MB /   0.50 sec =  182.5917 Mbps     0 retrans   3099 KB-cwnd
[2024-05-28 17:54:22.895521]    11.5000 MB /   0.50 sec =  192.7375 Mbps  1788 retrans   2854 KB-cwnd
[2024-05-28 17:54:23.394988]    11.7500 MB /   0.50 sec =  197.3284 Mbps     0 retrans   2854 KB-cwnd
[2024-05-28 17:54:23.895431]     8.3125 MB /   0.50 sec =  139.3483 Mbps     0 retrans   2854 KB-cwnd
[2024-05-28 17:54:24.396599]     3.6250 MB /   0.50 sec =   60.6788 Mbps     0 retrans   2854 KB-cwnd
[2024-05-28 17:54:24.894989]     5.7500 MB /   0.50 sec =   96.7639 Mbps     0 retrans   2854 KB-cwnd
[2024-05-28 17:54:25.396199]     8.5625 MB /   0.50 sec =  143.5478 Mbps     0 retrans   2854 KB-cwnd
[2024-05-28 17:54:25.894831]    10.6250 MB /   0.50 sec =  178.4206 Mbps     0 retrans   2854 KB-cwnd
[2024-05-28 17:54:26.394986]    11.5625 MB /   0.50 sec =  193.9470 Mbps     0 retrans   2854 KB-cwnd
[2024-05-28 17:54:26.894993]     3.9375 MB /   0.50 sec =   66.0654 Mbps     0 retrans   2854 KB-cwnd
[2024-05-28 17:54:27.394927]     7.8125 MB /   0.50 sec =  131.0799 Mbps     0 retrans   2854 KB-cwnd
[2024-05-28 17:54:27.895091]     5.3125 MB /   0.50 sec =   89.0887 Mbps     0 retrans   2854 KB-cwnd
[2024-05-28 17:54:28.395486]     3.3750 MB /   0.50 sec =   56.5818 Mbps     0 retrans   2854 KB-cwnd
[2024-05-28 17:54:28.895365]     5.1875 MB /   0.50 sec =   87.1348 Mbps     0 retrans   2854 KB-cwnd
[2024-05-28 17:54:29.394987]     9.1875 MB /   0.50 sec =  154.1314 Mbps     0 retrans   2854 KB-cwnd
[2024-05-28 17:54:29.895448]     7.7500 MB /   0.50 sec =  129.9055 Mbps     0 retrans   2854 KB-cwnd
[2024-05-28 17:54:30.394938]     8.7500 MB /   0.50 sec =  146.9399 Mbps     0 retrans   2854 KB-cwnd
[2024-05-28 17:54:30.894937]     8.1250 MB /   0.50 sec =  136.3165 Mbps     0 retrans   2854 KB-cwnd
[2024-05-28 17:54:31.396412]     1.8750 MB /   0.50 sec =   31.3701 Mbps     0 retrans   2854 KB-cwnd
[2024-05-28 17:54:31.894867]     9.5625 MB /   0.50 sec =  160.8820 Mbps     0 retrans   2854 KB-cwnd
[2024-05-28 17:54:32.396272]     8.6875 MB /   0.50 sec =  145.6047 Mbps  1650 retrans   3830 KB-cwnd
[2024-05-28 17:54:32.894825]     9.1875 MB /   0.50 sec =  154.3011 Mbps     0 retrans   3830 KB-cwnd
[2024-05-28 17:54:33.394885]     5.6250 MB /   0.50 sec =   94.3707 Mbps     0 retrans   3830 KB-cwnd
[2024-05-28 17:54:33.895083]     3.9375 MB /   0.50 sec =   66.0393 Mbps     0 retrans   3830 KB-cwnd
[2024-05-28 17:54:34.394878]     5.3125 MB /   0.50 sec =   89.1561 Mbps     0 retrans   3830 KB-cwnd
[2024-05-28 17:54:34.894868]     3.5625 MB /   0.50 sec =   59.7700 Mbps     0 retrans   3830 KB-cwnd
[2024-05-28 17:54:35.396394]     7.1875 MB /   0.50 sec =  120.4629 Mbps     0 retrans   3830 KB-cwnd
[2024-05-28 17:54:35.894929]     7.5625 MB /   0.50 sec =  127.0067 Mbps     0 retrans   3830 KB-cwnd
[2024-05-28 17:54:36.395447]     8.8125 MB /   0.50 sec =  147.6977 Mbps     0 retrans   3830 KB-cwnd
[2024-05-28 17:54:36.894982]     9.1250 MB /   0.50 sec =  153.2368 Mbps     0 retrans   3830 KB-cwnd
[2024-05-28 17:54:37.394940]     7.5625 MB /   0.50 sec =  126.8830 Mbps     0 retrans   3830 KB-cwnd
[2024-05-28 17:54:37.894944]     9.4375 MB /   0.50 sec =  158.3296 Mbps     0 retrans   3830 KB-cwnd
[2024-05-28 17:54:38.395405]     6.0625 MB /   0.50 sec =  101.6911 Mbps     0 retrans   3830 KB-cwnd
[2024-05-28 17:54:38.894886]     4.8125 MB /   0.50 sec =   80.7618 Mbps     0 retrans   3830 KB-cwnd
[2024-05-28 17:54:39.397441]     0.4375 MB /   0.50 sec =    7.3050 Mbps     0 retrans   3830 KB-cwnd
[2024-05-28 17:54:39.895041]     3.1250 MB /   0.50 sec =   52.6721 Mbps     0 retrans   3830 KB-cwnd
[2024-05-28 17:54:40.395054]     4.1875 MB /   0.50 sec =   70.2462 Mbps     0 retrans   3830 KB-cwnd
[2024-05-28 17:54:40.894929]     7.9375 MB /   0.50 sec =  133.2075 Mbps     0 retrans   3830 KB-cwnd
[2024-05-28 17:54:41.394903]     7.5625 MB /   0.50 sec =  126.8782 Mbps     0 retrans   3830 KB-cwnd
[2024-05-28 17:54:41.894982]     2.0000 MB /   0.50 sec =   33.5530 Mbps     0 retrans   3830 KB-cwnd
[2024-05-28 17:54:42.395454]     8.1875 MB /   0.50 sec =  137.3621 Mbps     0 retrans   3830 KB-cwnd
[2024-05-28 17:54:42.894962]     4.0000 MB /   0.50 sec =   67.1146 Mbps     0 retrans   3830 KB-cwnd
[2024-05-28 17:54:43.395348]     6.2500 MB /   0.50 sec =  104.8404 Mbps     0 retrans   3830 KB-cwnd
[2024-05-28 17:54:43.895500]     3.7500 MB /   0.50 sec =   62.8613 Mbps    15 retrans   3679 KB-cwnd
[2024-05-28 17:54:44.394944]     6.8750 MB /   0.50 sec =  115.4544 Mbps     0 retrans   3679 KB-cwnd
[2024-05-28 17:54:44.894957]     5.0625 MB /   0.50 sec =   84.9364 Mbps     0 retrans   3679 KB-cwnd
[2024-05-28 17:54:45.394933]     7.1875 MB /   0.50 sec =  120.5887 Mbps     0 retrans   3679 KB-cwnd
[2024-05-28 17:54:45.895325]     8.0625 MB /   0.50 sec =  135.2585 Mbps     0 retrans   3679 KB-cwnd
[2024-05-28 17:54:46.395795]     8.9375 MB /   0.50 sec =  149.8187 Mbps     0 retrans   3679 KB-cwnd
[2024-05-28 17:54:46.894954]     7.8125 MB /   0.50 sec =  131.1827 Mbps     0 retrans   3679 KB-cwnd
[2024-05-28 17:54:47.396287]     4.7500 MB /   0.50 sec =   79.6064 Mbps     0 retrans   3679 KB-cwnd
[2024-05-28 17:54:47.894986]     8.3750 MB /   0.50 sec =  140.6510 Mbps     0 retrans   3679 KB-cwnd
[2024-05-28 17:54:48.394974]     6.5000 MB /   0.50 sec =  109.0613 Mbps     0 retrans   3679 KB-cwnd
[2024-05-28 17:54:48.895351]     8.1875 MB /   0.50 sec =  137.3574 Mbps     0 retrans   3679 KB-cwnd
[2024-05-28 17:54:49.394955]     8.9375 MB /   0.50 sec =  149.9503 Mbps     0 retrans   3679 KB-cwnd
[2024-05-28 17:54:49.894965]     3.1250 MB /   0.50 sec =   52.4283 Mbps     0 retrans   3679 KB-cwnd
[2024-05-28 17:54:50.395321]     5.5000 MB /   0.50 sec =   92.2778 Mbps     0 retrans   3679 KB-cwnd
[2024-05-28 17:54:50.894930]     7.0000 MB /   0.50 sec =  117.4520 Mbps     0 retrans   3679 KB-cwnd
[2024-05-28 17:54:51.394922]     7.8125 MB /   0.50 sec =  131.0599 Mbps     0 retrans   3679 KB-cwnd
[2024-05-28 17:54:51.894802]     3.7500 MB /   0.50 sec =   62.9191 Mbps     0 retrans   3679 KB-cwnd
[2024-05-28 17:54:52.395360]     6.9375 MB /   0.50 sec =  116.3891 Mbps     0 retrans   3679 KB-cwnd
[2024-05-28 17:54:52.895356]     7.4375 MB /   0.50 sec =  124.7733 Mbps     0 retrans   3679 KB-cwnd
[2024-05-28 17:54:53.396052]     8.1250 MB /   0.50 sec =  136.1956 Mbps     0 retrans   3679 KB-cwnd
[2024-05-28 17:54:53.894920]     8.0625 MB /   0.50 sec =  135.3868 Mbps     0 retrans   3679 KB-cwnd
[2024-05-28 17:54:54.396237]     6.0000 MB /   0.50 sec =  100.4141 Mbps  6362 retrans   2934 KB-cwnd
[2024-05-28 17:54:54.894912]     8.0625 MB /   0.50 sec =  135.6040 Mbps     0 retrans   2934 KB-cwnd
[2024-05-28 17:54:55.394971]     4.2500 MB /   0.50 sec =   71.3005 Mbps     0 retrans   2934 KB-cwnd
[2024-05-28 17:54:55.896096]     6.9375 MB /   0.50 sec =  116.3770 Mbps     0 retrans   2934 KB-cwnd
[2024-05-28 17:54:56.395383]     8.0000 MB /   0.50 sec =  134.1273 Mbps     0 retrans   2934 KB-cwnd
[2024-05-28 17:54:56.894806]     5.0625 MB /   0.50 sec =   85.0127 Mbps     0 retrans   2934 KB-cwnd
[2024-05-28 17:54:57.395707]     9.6875 MB /   0.50 sec =  162.3942 Mbps     0 retrans   2934 KB-cwnd
[2024-05-28 17:54:57.895508]    11.0000 MB /   0.50 sec =  184.6605 Mbps     0 retrans   2934 KB-cwnd
[2024-05-28 17:54:58.394910]    11.3125 MB /   0.50 sec =  189.8200 Mbps     0 retrans   2934 KB-cwnd
[2024-05-28 17:54:58.894893]    12.4375 MB /   0.50 sec =  208.6670 Mbps     0 retrans   2934 KB-cwnd
[2024-05-28 17:54:59.395793]    13.5000 MB /   0.50 sec =  226.2806 Mbps     0 retrans   2934 KB-cwnd
[2024-05-28 17:54:59.895469]    13.6250 MB /   0.50 sec =  228.5891 Mbps     0 retrans   2934 KB-cwnd
[2024-05-28 17:55:00.395022]     9.6875 MB /   0.50 sec =  162.6604 Mbps     0 retrans   2934 KB-cwnd
[2024-05-28 17:55:00.895172]     9.8125 MB /   0.50 sec =  164.6571 Mbps     0 retrans   2934 KB-cwnd
[2024-05-28 17:55:01.394959]    11.1875 MB /   0.50 sec =  187.6853 Mbps     0 retrans   2934 KB-cwnd
[2024-05-28 17:55:01.896003]    11.3125 MB /   0.50 sec =  189.6023 Mbps  3963 retrans   1663 KB-cwnd
[2024-05-28 17:55:02.394960]     9.5000 MB /   0.50 sec =  159.5348 Mbps     0 retrans   1663 KB-cwnd
[2024-05-28 17:55:02.896675]     7.7500 MB /   0.50 sec =  129.7085 Mbps     0 retrans   1663 KB-cwnd
[2024-05-28 17:55:03.395160]     9.3125 MB /   0.50 sec =  156.5575 Mbps     0 retrans   1663 KB-cwnd
[2024-05-28 17:55:03.894844]     5.3750 MB /   0.50 sec =   90.2232 Mbps     0 retrans   1663 KB-cwnd
[2024-05-28 17:55:04.394920]     5.8125 MB /   0.50 sec =   97.5113 Mbps     0 retrans   1663 KB-cwnd
End time: 1716933304600
