Start time: 1716839681533
[2024-05-27 15:54:42.310107] nuttcp-r: v8.1.4: socket
[2024-05-27 15:54:42.310775] nuttcp-r: buflen=65536, nstream=1, port=5003 tcp
[2024-05-27 15:54:42.310825] nuttcp-r: interval reporting every 0.50 seconds
[2024-05-27 15:54:42.310858] nuttcp-r: connect to 35.245.244.238 with RTT=33.867 ms af=inet
[2024-05-27 15:54:42.310887] nuttcp-r: send window size = 1048576, receive window size = 1048576
[2024-05-27 15:54:42.310914] nuttcp-r: available send window = 786432, available receive window = 786432
[2024-05-27 15:54:42.310941]     0.5625 MB /   0.50 sec =    9.4341 Mbps     0 retrans     13 KB-cwnd
[2024-05-27 15:54:42.810159]     2.8750 MB /   0.50 sec =   48.2266 Mbps     0 retrans     13 KB-cwnd
[2024-05-27 15:54:43.309892]     3.2500 MB /   0.50 sec =   54.5469 Mbps     0 retrans     13 KB-cwnd
[2024-05-27 15:54:43.809572]     5.9375 MB /   0.50 sec =   99.6022 Mbps     0 retrans     13 KB-cwnd
[2024-05-27 15:54:44.309529]     5.0625 MB /   0.50 sec =   84.9411 Mbps     0 retrans     13 KB-cwnd
[2024-05-27 15:54:44.809478]     6.1875 MB /   0.50 sec =  103.8126 Mbps     0 retrans     13 KB-cwnd
[2024-05-27 15:54:45.310419]     2.7500 MB /   0.50 sec =   46.0605 Mbps     0 retrans     13 KB-cwnd
[2024-05-27 15:54:45.809482]     6.0000 MB /   0.50 sec =  100.8339 Mbps     0 retrans     13 KB-cwnd
[2024-05-27 15:54:46.309569]     5.9375 MB /   0.50 sec =   99.5964 Mbps     0 retrans     13 KB-cwnd
[2024-05-27 15:54:46.809550]     2.0000 MB /   0.50 sec =   33.5563 Mbps     0 retrans     13 KB-cwnd
[2024-05-27 15:54:47.309613]     3.3750 MB /   0.50 sec =   56.6225 Mbps     0 retrans     13 KB-cwnd
[2024-05-27 15:54:47.809567]     2.4375 MB /   0.50 sec =   40.8964 Mbps     0 retrans     13 KB-cwnd
[2024-05-27 15:54:48.309556]     6.2500 MB /   0.50 sec =  104.8660 Mbps     0 retrans     13 KB-cwnd
[2024-05-27 15:54:48.809571]     4.3750 MB /   0.50 sec =   73.3958 Mbps     0 retrans     13 KB-cwnd
[2024-05-27 15:54:49.309489]     3.8750 MB /   0.50 sec =   65.0177 Mbps     0 retrans     13 KB-cwnd
[2024-05-27 15:54:49.809439]     6.5625 MB /   0.50 sec =  110.0996 Mbps     0 retrans     13 KB-cwnd
[2024-05-27 15:54:50.310044]     7.2500 MB /   0.50 sec =  121.6107 Mbps     0 retrans     13 KB-cwnd
[2024-05-27 15:54:50.809487]     5.2500 MB /   0.50 sec =   88.0934 Mbps     0 retrans     13 KB-cwnd
[2024-05-27 15:54:51.309531]     4.9375 MB /   0.50 sec =   82.8372 Mbps     0 retrans     13 KB-cwnd
[2024-05-27 15:54:51.809577]     4.6875 MB /   0.50 sec =   78.6372 Mbps     0 retrans     13 KB-cwnd
[2024-05-27 15:54:52.309610]     5.3750 MB /   0.50 sec =   90.1716 Mbps     0 retrans     13 KB-cwnd
[2024-05-27 15:54:52.809520]     4.1875 MB /   0.50 sec =   70.2627 Mbps     0 retrans     13 KB-cwnd
[2024-05-27 15:54:53.309494]     6.6250 MB /   0.50 sec =  111.1504 Mbps     0 retrans     13 KB-cwnd
[2024-05-27 15:54:53.809383]     6.0000 MB /   0.50 sec =  100.6730 Mbps     0 retrans     13 KB-cwnd
[2024-05-27 15:54:54.310040]     9.0000 MB /   0.50 sec =  150.8390 Mbps     0 retrans     13 KB-cwnd
[2024-05-27 15:54:54.809482]     3.1875 MB /   0.50 sec =   53.5292 Mbps     0 retrans     13 KB-cwnd
[2024-05-27 15:54:55.309649]     4.3750 MB /   0.50 sec =   73.3864 Mbps     0 retrans     13 KB-cwnd
[2024-05-27 15:54:55.809567]     3.6875 MB /   0.50 sec =   61.8740 Mbps     0 retrans     13 KB-cwnd
[2024-05-27 15:54:56.309523]     3.5625 MB /   0.50 sec =   59.7727 Mbps     0 retrans     13 KB-cwnd
[2024-05-27 15:54:56.810076]     3.5000 MB /   0.50 sec =   58.6590 Mbps     0 retrans     13 KB-cwnd
[2024-05-27 15:54:57.309614]     3.4375 MB /   0.50 sec =   57.7235 Mbps     0 retrans     24 KB-cwnd
[2024-05-27 15:54:57.809616]     3.2500 MB /   0.50 sec =   54.5357 Mbps     0 retrans     24 KB-cwnd
[2024-05-27 15:54:58.311111]     3.9375 MB /   0.50 sec =   65.8659 Mbps     0 retrans     24 KB-cwnd
[2024-05-27 15:54:58.809754]     4.6875 MB /   0.50 sec =   78.8401 Mbps     0 retrans     24 KB-cwnd
[2024-05-27 15:54:59.310084]     5.3125 MB /   0.50 sec =   89.0657 Mbps     0 retrans     27 KB-cwnd
[2024-05-27 15:54:59.809765]     3.2500 MB /   0.50 sec =   54.5789 Mbps     0 retrans     27 KB-cwnd
[2024-05-27 15:55:00.309613]     2.5625 MB /   0.50 sec =   43.0006 Mbps     0 retrans     27 KB-cwnd
[2024-05-27 15:55:00.809419]     5.5000 MB /   0.50 sec =   92.2767 Mbps     0 retrans     27 KB-cwnd
[2024-05-27 15:55:01.309583]     5.0625 MB /   0.50 sec =   84.9270 Mbps     0 retrans     27 KB-cwnd
[2024-05-27 15:55:01.809653]     5.2500 MB /   0.50 sec =   88.0682 Mbps     0 retrans     27 KB-cwnd
[2024-05-27 15:55:02.309846]     5.2500 MB /   0.50 sec =   88.0881 Mbps     0 retrans     27 KB-cwnd
[2024-05-27 15:55:02.809859]     5.1250 MB /   0.50 sec =   85.9416 Mbps     0 retrans     27 KB-cwnd
[2024-05-27 15:55:03.309568]     5.3750 MB /   0.50 sec =   90.2239 Mbps     0 retrans     27 KB-cwnd
[2024-05-27 15:55:03.809561]     6.1250 MB /   0.50 sec =  102.7592 Mbps     0 retrans     27 KB-cwnd
[2024-05-27 15:55:04.310112]     6.1875 MB /   0.50 sec =  103.7070 Mbps     0 retrans     27 KB-cwnd
[2024-05-27 15:55:04.809426]     6.1875 MB /   0.50 sec =  103.9211 Mbps     0 retrans     27 KB-cwnd
[2024-05-27 15:55:05.309509]     6.1875 MB /   0.50 sec =  103.8069 Mbps     0 retrans     27 KB-cwnd
[2024-05-27 15:55:05.809616]     6.8125 MB /   0.50 sec =  114.2916 Mbps     0 retrans     27 KB-cwnd
[2024-05-27 15:55:06.309740]     3.4375 MB /   0.50 sec =   57.6734 Mbps     0 retrans     27 KB-cwnd
[2024-05-27 15:55:06.809617]     3.3125 MB /   0.50 sec =   55.5666 Mbps     0 retrans     27 KB-cwnd
[2024-05-27 15:55:07.309519]     6.2500 MB /   0.50 sec =  104.8637 Mbps     0 retrans     27 KB-cwnd
[2024-05-27 15:55:07.809392]     7.3750 MB /   0.50 sec =  123.7456 Mbps     0 retrans     27 KB-cwnd
[2024-05-27 15:55:08.309415]     6.3125 MB /   0.50 sec =  105.9064 Mbps     0 retrans     27 KB-cwnd
[2024-05-27 15:55:08.809551]     6.8750 MB /   0.50 sec =  115.3286 Mbps     0 retrans     27 KB-cwnd
[2024-05-27 15:55:09.310798]     3.9375 MB /   0.50 sec =   65.9083 Mbps     0 retrans     27 KB-cwnd
[2024-05-27 15:55:09.809577]     1.6875 MB /   0.50 sec =   28.3773 Mbps     0 retrans     27 KB-cwnd
[2024-05-27 15:55:10.310048]     3.8125 MB /   0.50 sec =   63.9622 Mbps     0 retrans     28 KB-cwnd
[2024-05-27 15:55:10.811533]     0.2500 MB /   0.50 sec =    4.1789 Mbps     0 retrans     28 KB-cwnd
[2024-05-27 15:55:11.309485]     0.8125 MB /   0.50 sec =   13.6833 Mbps     0 retrans     28 KB-cwnd
[2024-05-27 15:55:11.809609]     4.3125 MB /   0.50 sec =   72.3432 Mbps     0 retrans     28 KB-cwnd
[2024-05-27 15:55:12.309565]     7.3750 MB /   0.50 sec =  123.7389 Mbps     0 retrans     28 KB-cwnd
[2024-05-27 15:55:12.809507]     5.2500 MB /   0.50 sec =   88.0825 Mbps     0 retrans     38 KB-cwnd
[2024-05-27 15:55:13.310161]     8.6250 MB /   0.50 sec =  144.5228 Mbps     0 retrans     38 KB-cwnd
[2024-05-27 15:55:13.810037]     6.8125 MB /   0.50 sec =  114.3385 Mbps     0 retrans     38 KB-cwnd
[2024-05-27 15:55:14.310034]     4.0000 MB /   0.50 sec =   67.1028 Mbps     0 retrans     38 KB-cwnd
[2024-05-27 15:55:14.809560]     7.8750 MB /   0.50 sec =  132.2380 Mbps     0 retrans     38 KB-cwnd
[2024-05-27 15:55:15.310092]    10.3750 MB /   0.50 sec =  174.0605 Mbps     0 retrans     46 KB-cwnd
[2024-05-27 15:55:15.809612]    11.2500 MB /   0.50 sec =  188.7418 Mbps     0 retrans     46 KB-cwnd
[2024-05-27 15:55:16.309915]    12.0625 MB /   0.50 sec =  202.3962 Mbps     0 retrans     46 KB-cwnd
[2024-05-27 15:55:16.810089]    12.7500 MB /   0.50 sec =  213.6967 Mbps     0 retrans     46 KB-cwnd
[2024-05-27 15:55:17.309873]    10.8125 MB /   0.50 sec =  181.5914 Mbps     0 retrans     49 KB-cwnd
[2024-05-27 15:55:17.809565]     8.8125 MB /   0.50 sec =  147.8398 Mbps     0 retrans     49 KB-cwnd
[2024-05-27 15:55:18.309551]     9.5000 MB /   0.50 sec =  159.3887 Mbps     0 retrans     49 KB-cwnd
[2024-05-27 15:55:18.809428]    11.5000 MB /   0.50 sec =  192.9418 Mbps     0 retrans     50 KB-cwnd
[2024-05-27 15:55:19.310160]    11.6250 MB /   0.50 sec =  194.8142 Mbps     0 retrans     50 KB-cwnd
[2024-05-27 15:55:19.810505]    11.6250 MB /   0.50 sec =  195.0691 Mbps  5244 retrans   1157 KB-cwnd
[2024-05-27 15:55:20.310448]    11.4375 MB /   0.50 sec =  191.8979 Mbps     0 retrans   1157 KB-cwnd
[2024-05-27 15:55:20.810074]     9.3750 MB /   0.50 sec =  157.4246 Mbps     0 retrans   1157 KB-cwnd
[2024-05-27 15:55:21.309669]     8.2500 MB /   0.50 sec =  138.3783 Mbps     0 retrans   1157 KB-cwnd
[2024-05-27 15:55:21.809504]    11.0000 MB /   0.50 sec =  184.5992 Mbps     0 retrans   1157 KB-cwnd
[2024-05-27 15:55:22.309943]    10.4375 MB /   0.50 sec =  174.9712 Mbps     0 retrans   1157 KB-cwnd
[2024-05-27 15:55:22.810087]    11.6875 MB /   0.50 sec =  196.2380 Mbps     0 retrans   1157 KB-cwnd
[2024-05-27 15:55:23.310349]    10.1250 MB /   0.50 sec =  169.7427 Mbps     0 retrans   1157 KB-cwnd
[2024-05-27 15:55:23.809504]    10.1250 MB /   0.50 sec =  170.0012 Mbps     0 retrans   1157 KB-cwnd
[2024-05-27 15:55:24.309547]     9.3750 MB /   0.50 sec =  157.2773 Mbps     0 retrans   1157 KB-cwnd
[2024-05-27 15:55:24.809513]    11.8125 MB /   0.50 sec =  198.1856 Mbps     0 retrans   1157 KB-cwnd
[2024-05-27 15:55:25.309538]    11.7500 MB /   0.50 sec =  197.1343 Mbps     0 retrans   1157 KB-cwnd
[2024-05-27 15:55:25.809502]    10.0000 MB /   0.50 sec =  167.7755 Mbps     0 retrans   1157 KB-cwnd
[2024-05-27 15:55:26.309993]    11.1250 MB /   0.50 sec =  186.6372 Mbps  3069 retrans   1709 KB-cwnd
[2024-05-27 15:55:26.811460]     6.0000 MB /   0.50 sec =  100.3008 Mbps     0 retrans   1709 KB-cwnd
[2024-05-27 15:55:27.309496]     6.5625 MB /   0.50 sec =  110.5045 Mbps     0 retrans   1709 KB-cwnd
[2024-05-27 15:55:27.809532]     3.1250 MB /   0.50 sec =   52.4280 Mbps     0 retrans   1709 KB-cwnd
[2024-05-27 15:55:28.309531]     5.0625 MB /   0.50 sec =   84.9333 Mbps     0 retrans   1709 KB-cwnd
[2024-05-27 15:55:28.809614]     1.6250 MB /   0.50 sec =   27.2610 Mbps     0 retrans   1709 KB-cwnd
[2024-05-27 15:55:29.310139]     1.8125 MB /   0.50 sec =   30.4067 Mbps     0 retrans   1709 KB-cwnd
[2024-05-27 15:55:29.809544]     2.0000 MB /   0.50 sec =   33.5585 Mbps     0 retrans   1709 KB-cwnd
[2024-05-27 15:55:30.310070]     3.6875 MB /   0.50 sec =   61.8681 Mbps     0 retrans   1709 KB-cwnd
[2024-05-27 15:55:30.809531]     3.1875 MB /   0.50 sec =   53.4784 Mbps     0 retrans   1709 KB-cwnd
[2024-05-27 15:55:31.309544]     4.2500 MB /   0.50 sec =   71.3030 Mbps     0 retrans   1709 KB-cwnd
[2024-05-27 15:55:31.809496]     3.5000 MB /   0.50 sec =   58.7187 Mbps     0 retrans   1709 KB-cwnd
[2024-05-27 15:55:32.310080]     5.5625 MB /   0.50 sec =   93.2962 Mbps     0 retrans   1709 KB-cwnd
[2024-05-27 15:55:32.809540]     3.8125 MB /   0.50 sec =   63.9814 Mbps     0 retrans   1709 KB-cwnd
[2024-05-27 15:55:33.309578]     5.2500 MB /   0.50 sec =   88.0712 Mbps     0 retrans   1709 KB-cwnd
[2024-05-27 15:55:33.809589]     7.7500 MB /   0.50 sec =  130.0359 Mbps     0 retrans   1709 KB-cwnd
[2024-05-27 15:55:34.310026]     5.1250 MB /   0.50 sec =   85.9844 Mbps     0 retrans   1709 KB-cwnd
[2024-05-27 15:55:34.810048]     7.0625 MB /   0.50 sec =  118.4879 Mbps     0 retrans   1709 KB-cwnd
[2024-05-27 15:55:35.309645]     7.2500 MB /   0.50 sec =  121.6158 Mbps     0 retrans   1709 KB-cwnd
[2024-05-27 15:55:35.809565]     7.0625 MB /   0.50 sec =  118.5083 Mbps     0 retrans   1709 KB-cwnd
[2024-05-27 15:55:36.309507]     7.4375 MB /   0.50 sec =  124.7843 Mbps     0 retrans   1709 KB-cwnd
[2024-05-27 15:55:36.810544]     9.3125 MB /   0.50 sec =  156.0880 Mbps     0 retrans   1709 KB-cwnd
[2024-05-27 15:55:37.309903]     8.7500 MB /   0.50 sec =  146.9114 Mbps     0 retrans   1709 KB-cwnd
[2024-05-27 15:55:37.809710]     9.0000 MB /   0.50 sec =  151.0245 Mbps     0 retrans   1709 KB-cwnd
[2024-05-27 15:55:38.309509]     9.0625 MB /   0.50 sec =  152.0411 Mbps     0 retrans   1709 KB-cwnd
[2024-05-27 15:55:38.809528]     6.9375 MB /   0.50 sec =  116.3891 Mbps     5 retrans   2854 KB-cwnd
[2024-05-27 15:55:39.310156]     8.6250 MB /   0.50 sec =  144.6861 Mbps     0 retrans   2854 KB-cwnd
[2024-05-27 15:55:39.809680]     8.9375 MB /   0.50 sec =  149.9299 Mbps     0 retrans   2854 KB-cwnd
[2024-05-27 15:55:40.309392]     4.4375 MB /   0.50 sec =   74.4748 Mbps     0 retrans   2854 KB-cwnd
[2024-05-27 15:55:40.809612]     0.3750 MB /   0.50 sec =    6.2905 Mbps     0 retrans   2854 KB-cwnd
[2024-05-27 15:55:41.311350]     6.2500 MB /   0.50 sec =  104.5982 Mbps     0 retrans   2854 KB-cwnd
[2024-05-27 15:55:41.810600]     4.0625 MB /   0.50 sec =   68.2646 Mbps     0 retrans   2854 KB-cwnd
[2024-05-27 15:55:42.309513]     5.1250 MB /   0.50 sec =   86.0681 Mbps     0 retrans   2854 KB-cwnd
[2024-05-27 15:55:42.809438]     8.0000 MB /   0.50 sec =  134.2244 Mbps     0 retrans   2854 KB-cwnd
[2024-05-27 15:55:43.309596]     7.8125 MB /   0.50 sec =  131.0450 Mbps     0 retrans   2854 KB-cwnd
[2024-05-27 15:55:43.809614]     9.6250 MB /   0.50 sec =  161.4872 Mbps     0 retrans   2854 KB-cwnd
[2024-05-27 15:55:44.309637]     8.8125 MB /   0.50 sec =  147.8392 Mbps     0 retrans   2854 KB-cwnd
[2024-05-27 15:55:44.809498]     9.1250 MB /   0.50 sec =  153.1227 Mbps     0 retrans   2854 KB-cwnd
[2024-05-27 15:55:45.309614]     7.4375 MB /   0.50 sec =  124.7566 Mbps     0 retrans   2854 KB-cwnd
[2024-05-27 15:55:45.809980]     9.3125 MB /   0.50 sec =  156.2641 Mbps     0 retrans   2871 KB-cwnd
[2024-05-27 15:55:46.309553]     9.5625 MB /   0.50 sec =  160.4276 Mbps     0 retrans   2871 KB-cwnd
[2024-05-27 15:55:46.810857]    10.8750 MB /   0.50 sec =  182.3005 Mbps     0 retrans   2871 KB-cwnd
[2024-05-27 15:55:47.310757]    11.3750 MB /   0.50 sec =  190.7592 Mbps     0 retrans   2871 KB-cwnd
[2024-05-27 15:55:47.809550]    10.5625 MB /   0.50 sec =  177.4311 Mbps     7 retrans   3242 KB-cwnd
[2024-05-27 15:55:48.309523]     9.5000 MB /   0.50 sec =  159.3858 Mbps     0 retrans   3242 KB-cwnd
[2024-05-27 15:55:48.810019]    11.5000 MB /   0.50 sec =  192.9349 Mbps     0 retrans   3242 KB-cwnd
[2024-05-27 15:55:49.309588]    11.9375 MB /   0.50 sec =  200.2676 Mbps     0 retrans   3242 KB-cwnd
[2024-05-27 15:55:49.810052]    11.0625 MB /   0.50 sec =  185.4248 Mbps     0 retrans   3242 KB-cwnd
[2024-05-27 15:55:50.309506]    11.0000 MB /   0.50 sec =  184.7452 Mbps     0 retrans   3242 KB-cwnd
[2024-05-27 15:55:50.809985]    11.3125 MB /   0.50 sec =  189.7904 Mbps     0 retrans   3242 KB-cwnd
[2024-05-27 15:55:51.309528]     8.2500 MB /   0.50 sec =  138.4073 Mbps     0 retrans   3242 KB-cwnd
[2024-05-27 15:55:51.809541]    11.9375 MB /   0.50 sec =  200.2828 Mbps     0 retrans   3242 KB-cwnd
[2024-05-27 15:55:52.309571]    11.1250 MB /   0.50 sec =  186.6420 Mbps     0 retrans   3242 KB-cwnd
[2024-05-27 15:55:52.810017]     8.8750 MB /   0.50 sec =  148.7633 Mbps     0 retrans   3242 KB-cwnd
[2024-05-27 15:55:53.309790]    10.8750 MB /   0.50 sec =  182.6232 Mbps     0 retrans   3242 KB-cwnd
[2024-05-27 15:55:53.809524]    10.0000 MB /   0.50 sec =  167.7671 Mbps     0 retrans   3242 KB-cwnd
[2024-05-27 15:55:54.309881]    12.8125 MB /   0.50 sec =  214.9654 Mbps  3696 retrans   2557 KB-cwnd
[2024-05-27 15:55:54.810523]    12.5625 MB /   0.50 sec =  210.5360 Mbps     0 retrans   2557 KB-cwnd
[2024-05-27 15:55:55.310092]    14.0625 MB /   0.50 sec =  236.1502 Mbps     0 retrans   2557 KB-cwnd
[2024-05-27 15:55:55.809562]    12.6875 MB /   0.50 sec =  212.8767 Mbps     0 retrans   2557 KB-cwnd
[2024-05-27 15:55:56.310070]     7.3750 MB /   0.50 sec =  123.6076 Mbps     0 retrans   2557 KB-cwnd
[2024-05-27 15:55:56.809563]     8.5000 MB /   0.50 sec =  142.7479 Mbps     0 retrans   2557 KB-cwnd
[2024-05-27 15:55:57.309634]    12.3750 MB /   0.50 sec =  207.6239 Mbps     0 retrans   2557 KB-cwnd
[2024-05-27 15:55:57.809495]    12.8125 MB /   0.50 sec =  214.9710 Mbps     0 retrans   2557 KB-cwnd
[2024-05-27 15:55:58.309562]    13.3125 MB /   0.50 sec =  223.3284 Mbps     0 retrans   2557 KB-cwnd
[2024-05-27 15:55:58.810121]     9.1875 MB /   0.50 sec =  154.1410 Mbps     0 retrans   2557 KB-cwnd
[2024-05-27 15:55:59.310064]     4.5000 MB /   0.50 sec =   75.5003 Mbps     0 retrans   2557 KB-cwnd
[2024-05-27 15:55:59.809448]     9.4375 MB /   0.50 sec =  158.3502 Mbps     0 retrans   2557 KB-cwnd
[2024-05-27 15:56:00.309648]     0.0625 MB /   0.50 sec =    1.0483 Mbps     0 retrans   2557 KB-cwnd
[2024-05-27 15:56:00.810633]     7.0625 MB /   0.50 sec =  118.3915 Mbps     0 retrans   2557 KB-cwnd
[2024-05-27 15:56:01.309527]    11.1250 MB /   0.50 sec =  186.8270 Mbps     0 retrans   2557 KB-cwnd
[2024-05-27 15:56:01.810555]    11.3750 MB /   0.50 sec =  190.6959 Mbps  1141 retrans   2318 KB-cwnd
[2024-05-27 15:56:02.310060]    10.5000 MB /   0.50 sec =  176.1167 Mbps     0 retrans   2318 KB-cwnd
[2024-05-27 15:56:02.809541]     7.4375 MB /   0.50 sec =  124.9120 Mbps     0 retrans   2318 KB-cwnd
[2024-05-27 15:56:03.309913]    12.0625 MB /   0.50 sec =  202.3752 Mbps     0 retrans   2318 KB-cwnd
[2024-05-27 15:56:03.810090]    10.6250 MB /   0.50 sec =  178.0830 Mbps     0 retrans   2318 KB-cwnd
[2024-05-27 15:56:04.309562]    10.4375 MB /   0.50 sec =  175.2738 Mbps     0 retrans   2318 KB-cwnd
[2024-05-27 15:56:04.809495]     6.4375 MB /   0.50 sec =  108.0150 Mbps     0 retrans   2318 KB-cwnd
[2024-05-27 15:56:05.309534]     3.1875 MB /   0.50 sec =   53.4737 Mbps     0 retrans   2318 KB-cwnd
[2024-05-27 15:56:05.809507]     3.6875 MB /   0.50 sec =   61.8652 Mbps     0 retrans   2318 KB-cwnd
[2024-05-27 15:56:06.309509]     0.5000 MB /   0.50 sec =    8.3892 Mbps     0 retrans   2318 KB-cwnd
[2024-05-27 15:56:06.809518]     2.3125 MB /   0.50 sec =   38.7971 Mbps     0 retrans   2318 KB-cwnd
[2024-05-27 15:56:07.309505]     0.5000 MB /   0.50 sec =    8.3885 Mbps     0 retrans   2318 KB-cwnd
[2024-05-27 15:56:07.810457]     4.8125 MB /   0.50 sec =   80.5967 Mbps     0 retrans   2318 KB-cwnd
[2024-05-27 15:56:08.309781]     2.9375 MB /   0.50 sec =   49.3505 Mbps     0 retrans   2318 KB-cwnd
[2024-05-27 15:56:08.809553]     7.0625 MB /   0.50 sec =  118.5315 Mbps     0 retrans   2318 KB-cwnd
[2024-05-27 15:56:09.309990]     4.0000 MB /   0.50 sec =   67.0503 Mbps     0 retrans   2318 KB-cwnd
[2024-05-27 15:56:09.809579]     6.6250 MB /   0.50 sec =  111.2478 Mbps     0 retrans   2318 KB-cwnd
[2024-05-27 15:56:10.309901]     4.3750 MB /   0.50 sec =   73.4047 Mbps     0 retrans   2318 KB-cwnd
[2024-05-27 15:56:10.809591]     8.2500 MB /   0.50 sec =  138.4007 Mbps     0 retrans   2318 KB-cwnd
[2024-05-27 15:56:11.309498]     7.5000 MB /   0.50 sec =  125.8377 Mbps     0 retrans   2318 KB-cwnd
[2024-05-27 15:56:11.809655]     4.6875 MB /   0.50 sec =   78.6100 Mbps     0 retrans   2318 KB-cwnd
[2024-05-27 15:56:12.310802]     7.0625 MB /   0.50 sec =  118.3998 Mbps     0 retrans   2318 KB-cwnd
[2024-05-27 15:56:12.809932]     6.9375 MB /   0.50 sec =  116.5276 Mbps     0 retrans   2318 KB-cwnd
[2024-05-27 15:56:13.309521]     7.1875 MB /   0.50 sec =  120.5838 Mbps    11 retrans   3126 KB-cwnd
[2024-05-27 15:56:13.809573]     8.5625 MB /   0.50 sec =  143.6463 Mbps     0 retrans   3126 KB-cwnd
[2024-05-27 15:56:14.309999]     8.5000 MB /   0.50 sec =  142.6155 Mbps     0 retrans   3126 KB-cwnd
[2024-05-27 15:56:14.809651]     8.1250 MB /   0.50 sec =  136.2884 Mbps     0 retrans   3126 KB-cwnd
[2024-05-27 15:56:15.309587]     8.3125 MB /   0.50 sec =  139.4807 Mbps     0 retrans   3126 KB-cwnd
[2024-05-27 15:56:15.809557]     9.2500 MB /   0.50 sec =  155.1899 Mbps     0 retrans   3126 KB-cwnd
[2024-05-27 15:56:16.309946]     9.1875 MB /   0.50 sec =  154.1518 Mbps     0 retrans   3126 KB-cwnd
[2024-05-27 15:56:16.809562]    11.0625 MB /   0.50 sec =  185.5842 Mbps     0 retrans   3126 KB-cwnd
[2024-05-27 15:56:17.310074]    10.7500 MB /   0.50 sec =  180.3464 Mbps     0 retrans   3126 KB-cwnd
[2024-05-27 15:56:17.810711]     6.5000 MB /   0.50 sec =  108.8238 Mbps     0 retrans   3126 KB-cwnd
[2024-05-27 15:56:18.311017]     5.5000 MB /   0.50 sec =   92.3928 Mbps     0 retrans   3126 KB-cwnd
[2024-05-27 15:56:18.810454]     8.1875 MB /   0.50 sec =  137.4899 Mbps     0 retrans   3126 KB-cwnd
[2024-05-27 15:56:19.309510]     1.4375 MB /   0.50 sec =   24.1164 Mbps     0 retrans   3126 KB-cwnd
[2024-05-27 15:56:19.811230]     2.0625 MB /   0.50 sec =   34.4941 Mbps     0 retrans   3126 KB-cwnd
[2024-05-27 15:56:20.309542]     4.5000 MB /   0.50 sec =   75.7371 Mbps     0 retrans   3126 KB-cwnd
[2024-05-27 15:56:20.809529]     2.9375 MB /   0.50 sec =   49.2848 Mbps     0 retrans   3126 KB-cwnd
[2024-05-27 15:56:21.309601]     6.5625 MB /   0.50 sec =  110.0959 Mbps     0 retrans   3126 KB-cwnd
[2024-05-27 15:56:21.809634]     9.0625 MB /   0.50 sec =  152.0189 Mbps     0 retrans   3126 KB-cwnd
[2024-05-27 15:56:22.309502]     8.2500 MB /   0.50 sec =  138.4411 Mbps     0 retrans   3126 KB-cwnd
[2024-05-27 15:56:22.810044]    10.3750 MB /   0.50 sec =  174.0539 Mbps  2249 retrans   1530 KB-cwnd
[2024-05-27 15:56:23.310319]     8.6250 MB /   0.50 sec =  144.5584 Mbps     0 retrans   1530 KB-cwnd
[2024-05-27 15:56:23.809656]     8.9375 MB /   0.50 sec =  150.0899 Mbps     0 retrans   1530 KB-cwnd
[2024-05-27 15:56:24.309624]    11.1875 MB /   0.50 sec =  187.6846 Mbps     0 retrans   1530 KB-cwnd
[2024-05-27 15:56:24.811054]     6.4375 MB /   0.50 sec =  107.7235 Mbps     0 retrans   1530 KB-cwnd
[2024-05-27 15:56:25.309582]     5.6875 MB /   0.50 sec =   95.6828 Mbps     0 retrans   1530 KB-cwnd
[2024-05-27 15:56:25.809556]     9.1250 MB /   0.50 sec =  153.0927 Mbps     0 retrans   2653 KB-cwnd
[2024-05-27 15:56:26.310446]    12.1875 MB /   0.50 sec =  204.3134 Mbps     0 retrans   2653 KB-cwnd
[2024-05-27 15:56:26.809545]     8.5000 MB /   0.50 sec =  142.7117 Mbps     0 retrans   2653 KB-cwnd
[2024-05-27 15:56:27.310093]    10.5000 MB /   0.50 sec =  176.1481 Mbps     0 retrans   2653 KB-cwnd
[2024-05-27 15:56:27.811687]    10.1875 MB /   0.50 sec =  170.5430 Mbps     0 retrans   2653 KB-cwnd
[2024-05-27 15:56:28.309529]     9.5000 MB /   0.50 sec =  159.7551 Mbps     0 retrans   2653 KB-cwnd
[2024-05-27 15:56:28.809675]     9.4375 MB /   0.50 sec =  158.3039 Mbps     0 retrans   2653 KB-cwnd
[2024-05-27 15:56:29.309920]    10.8125 MB /   0.50 sec =  181.4341 Mbps     0 retrans   2653 KB-cwnd
[2024-05-27 15:56:29.809552]     9.7500 MB /   0.50 sec =  163.5749 Mbps     0 retrans   2653 KB-cwnd
[2024-05-27 15:56:30.309607]    12.0000 MB /   0.50 sec =  201.3121 Mbps  2769 retrans    976 KB-cwnd
[2024-05-27 15:56:30.809404]    12.3125 MB /   0.50 sec =  206.6054 Mbps     0 retrans   1032 KB-cwnd
[2024-05-27 15:56:31.309802]    16.8750 MB /   0.50 sec =  283.1065 Mbps     0 retrans   1060 KB-cwnd
[2024-05-27 15:56:31.810440]     8.9375 MB /   0.50 sec =  149.7978 Mbps     0 retrans   1119 KB-cwnd
[2024-05-27 15:56:32.310432]    15.5625 MB /   0.50 sec =  261.1022 Mbps     0 retrans   1196 KB-cwnd
[2024-05-27 15:56:32.810173]    16.2500 MB /   0.50 sec =  272.8792 Mbps     0 retrans   1201 KB-cwnd
[2024-05-27 15:56:33.309467]    15.7500 MB /   0.50 sec =  264.2464 Mbps     0 retrans   1201 KB-cwnd
[2024-05-27 15:56:33.809552]    14.1250 MB /   0.50 sec =  236.9673 Mbps     0 retrans   1276 KB-cwnd
[2024-05-27 15:56:34.309557]    12.6250 MB /   0.50 sec =  211.8225 Mbps     0 retrans   1276 KB-cwnd
[2024-05-27 15:56:34.809430]    15.1250 MB /   0.50 sec =  253.7701 Mbps     0 retrans   1307 KB-cwnd
[2024-05-27 15:56:35.310524]    13.8125 MB /   0.50 sec =  231.4922 Mbps  1386 retrans   2370 KB-cwnd
[2024-05-27 15:56:35.810074]    15.3750 MB /   0.50 sec =  258.2048 Mbps     0 retrans   2370 KB-cwnd
[2024-05-27 15:56:36.309876]    17.3125 MB /   0.50 sec =  290.4515 Mbps     0 retrans   2370 KB-cwnd
[2024-05-27 15:56:36.809549]    17.3750 MB /   0.50 sec =  291.5041 Mbps     0 retrans   2370 KB-cwnd
[2024-05-27 15:56:37.309653]    14.2500 MB /   0.50 sec =  239.0251 Mbps     0 retrans   2370 KB-cwnd
[2024-05-27 15:56:37.810719]    15.2500 MB /   0.50 sec =  255.6291 Mbps     0 retrans   2370 KB-cwnd
[2024-05-27 15:56:38.310571]    15.5000 MB /   0.50 sec =  260.3087 Mbps     0 retrans   2370 KB-cwnd
[2024-05-27 15:56:38.809448]    13.5000 MB /   0.50 sec =  226.5069 Mbps     0 retrans   2370 KB-cwnd
[2024-05-27 15:56:39.310523]    14.6875 MB /   0.50 sec =  246.1849 Mbps     0 retrans   2370 KB-cwnd
[2024-05-27 15:56:39.809574]    11.0625 MB /   0.50 sec =  185.7692 Mbps     0 retrans   2370 KB-cwnd
[2024-05-27 15:56:40.310718]    14.0625 MB /   0.50 sec =  235.4164 Mbps  1234 retrans   3355 KB-cwnd
[2024-05-27 15:56:40.809521]    10.9375 MB /   0.50 sec =  183.9069 Mbps     0 retrans   3377 KB-cwnd
[2024-05-27 15:56:41.309565]    14.8125 MB /   0.50 sec =  248.4991 Mbps     0 retrans   3377 KB-cwnd
[2024-05-27 15:56:41.809589]    10.1875 MB /   0.50 sec =  170.9186 Mbps     0 retrans   3377 KB-cwnd
[2024-05-27 15:56:42.309445]     8.3750 MB /   0.50 sec =  140.5266 Mbps     0 retrans   3377 KB-cwnd
[2024-05-27 15:56:42.809545]     5.2500 MB /   0.50 sec =   88.0735 Mbps     0 retrans   3377 KB-cwnd
[2024-05-27 15:56:43.309639]     1.7500 MB /   0.50 sec =   29.3562 Mbps     0 retrans   3377 KB-cwnd
[2024-05-27 15:56:43.809465]     4.0625 MB /   0.50 sec =   68.1694 Mbps     0 retrans   3377 KB-cwnd
[2024-05-27 15:56:44.311235]     4.3125 MB /   0.50 sec =   72.1177 Mbps     0 retrans   3377 KB-cwnd
[2024-05-27 15:56:44.810984]     5.5625 MB /   0.50 sec =   93.3716 Mbps     0 retrans   3377 KB-cwnd
[2024-05-27 15:56:45.309575]     1.2500 MB /   0.50 sec =   21.0275 Mbps     0 retrans   3377 KB-cwnd
[2024-05-27 15:56:45.809555]     7.2500 MB /   0.50 sec =  121.6346 Mbps     0 retrans   3377 KB-cwnd
[2024-05-27 15:56:46.309494]     4.4375 MB /   0.50 sec =   74.4544 Mbps     0 retrans   3377 KB-cwnd
[2024-05-27 15:56:46.810045]     3.3750 MB /   0.50 sec =   56.6220 Mbps     0 retrans   3377 KB-cwnd
[2024-05-27 15:56:47.310463]     7.3125 MB /   0.50 sec =  122.6603 Mbps     0 retrans   3377 KB-cwnd
[2024-05-27 15:56:47.810489]     6.3750 MB /   0.50 sec =  106.8718 Mbps     0 retrans   3377 KB-cwnd
[2024-05-27 15:56:48.309451]     7.8750 MB /   0.50 sec =  132.2475 Mbps     0 retrans   3377 KB-cwnd
[2024-05-27 15:56:48.809498]     7.3125 MB /   0.50 sec =  122.6863 Mbps     0 retrans   3338 KB-cwnd
[2024-05-27 15:56:49.309546]     8.7500 MB /   0.50 sec =  146.7836 Mbps     0 retrans   3338 KB-cwnd
[2024-05-27 15:56:49.809993]     8.8125 MB /   0.50 sec =  147.8569 Mbps   287 retrans   3729 KB-cwnd
[2024-05-27 15:56:50.309989]    10.3750 MB /   0.50 sec =  173.9269 Mbps     0 retrans   3729 KB-cwnd
[2024-05-27 15:56:50.809523]     8.1250 MB /   0.50 sec =  136.4188 Mbps     0 retrans   3729 KB-cwnd
[2024-05-27 15:56:51.309552]     6.4375 MB /   0.50 sec =  107.9975 Mbps     0 retrans   3729 KB-cwnd
[2024-05-27 15:56:51.809542]     5.3125 MB /   0.50 sec =   89.1352 Mbps     0 retrans   3729 KB-cwnd
[2024-05-27 15:56:52.309577]     5.4375 MB /   0.50 sec =   91.2236 Mbps     0 retrans   3729 KB-cwnd
[2024-05-27 15:56:52.810633]     5.8750 MB /   0.50 sec =   98.4722 Mbps     0 retrans   3729 KB-cwnd
[2024-05-27 15:56:53.309607]    10.5625 MB /   0.50 sec =  177.3651 Mbps     0 retrans   3729 KB-cwnd
[2024-05-27 15:56:53.809547]    12.5625 MB /   0.50 sec =  210.8047 Mbps     0 retrans   3729 KB-cwnd
[2024-05-27 15:56:54.309520]    12.0625 MB /   0.50 sec =  202.3634 Mbps     0 retrans   3729 KB-cwnd
[2024-05-27 15:56:54.809444]    11.5000 MB /   0.50 sec =  192.9534 Mbps     0 retrans   3729 KB-cwnd
[2024-05-27 15:56:55.309448]    12.2500 MB /   0.50 sec =  205.5147 Mbps     0 retrans   3729 KB-cwnd
[2024-05-27 15:56:55.811966]    12.6875 MB /   0.50 sec =  212.0784 Mbps     0 retrans   3729 KB-cwnd
[2024-05-27 15:56:56.309553]     6.5000 MB /   0.50 sec =  109.4494 Mbps     0 retrans   3729 KB-cwnd
[2024-05-27 15:56:56.810401]     6.1875 MB /   0.50 sec =  103.8078 Mbps     0 retrans   3729 KB-cwnd
[2024-05-27 15:56:57.309429]    11.6875 MB /   0.50 sec =  196.0974 Mbps     0 retrans   3729 KB-cwnd
[2024-05-27 15:56:57.809695]    10.8125 MB /   0.50 sec =  181.3420 Mbps    13 retrans   3572 KB-cwnd
[2024-05-27 15:56:58.309696]    13.8125 MB /   0.50 sec =  231.7645 Mbps     0 retrans   3572 KB-cwnd
[2024-05-27 15:56:58.809588]    12.8125 MB /   0.50 sec =  214.9925 Mbps     0 retrans   3572 KB-cwnd
[2024-05-27 15:56:59.310118]    15.5625 MB /   0.50 sec =  261.0761 Mbps     0 retrans   3572 KB-cwnd
[2024-05-27 15:56:59.809965]    13.5000 MB /   0.50 sec =  226.5110 Mbps     0 retrans   3572 KB-cwnd
[2024-05-27 15:57:00.309495]    13.1875 MB /   0.50 sec =  221.2571 Mbps     0 retrans   3572 KB-cwnd
[2024-05-27 15:57:00.810037]    12.3125 MB /   0.50 sec =  206.5558 Mbps     0 retrans   3572 KB-cwnd
[2024-05-27 15:57:01.310086]    13.3750 MB /   0.50 sec =  224.1733 Mbps     0 retrans   3572 KB-cwnd
End time: 1716839821581
