Start time: 1716821693448
[2024-05-27 10:54:54.375741] nuttcp-r: v8.1.4: socket
[2024-05-27 10:54:54.376604] nuttcp-r: buflen=65536, nstream=1, port=5001 tcp
[2024-05-27 10:54:54.376703] nuttcp-r: interval reporting every 0.50 seconds
[2024-05-27 10:54:54.376785] nuttcp-r: connect to 35.245.244.238 with RTT=49.217 ms af=inet
[2024-05-27 10:54:54.376862] nuttcp-r: send window size = 1048576, receive window size = 4194304
[2024-05-27 10:54:54.376934] nuttcp-r: available send window = 786432, available receive window = 3145728
[2024-05-27 10:54:54.377007]     0.8750 MB /   0.50 sec =   14.6775 Mbps     0 retrans     13 KB-cwnd
[2024-05-27 10:54:54.875628]     1.4375 MB /   0.50 sec =   24.1204 Mbps     0 retrans     13 KB-cwnd
[2024-05-27 10:54:55.376160]     4.1875 MB /   0.50 sec =   70.2500 Mbps     0 retrans     13 KB-cwnd
[2024-05-27 10:54:55.876092]     6.1250 MB /   0.50 sec =  102.7588 Mbps     0 retrans     13 KB-cwnd
[2024-05-27 10:54:56.375601]     7.0000 MB /   0.50 sec =  117.4487 Mbps     0 retrans     13 KB-cwnd
[2024-05-27 10:54:56.875732]     6.3750 MB /   0.50 sec =  106.9436 Mbps     0 retrans     13 KB-cwnd
[2024-05-27 10:54:57.375646]     8.2500 MB /   0.50 sec =  138.4181 Mbps     0 retrans     13 KB-cwnd
[2024-05-27 10:54:57.876028]     8.7500 MB /   0.50 sec =  146.7132 Mbps     0 retrans     13 KB-cwnd
[2024-05-27 10:54:58.375716]     8.5625 MB /   0.50 sec =  143.7426 Mbps     0 retrans     13 KB-cwnd
[2024-05-27 10:54:58.875962]     8.8750 MB /   0.50 sec =  148.8960 Mbps     0 retrans     13 KB-cwnd
[2024-05-27 10:54:59.375718]     9.3125 MB /   0.50 sec =  156.2406 Mbps     0 retrans     13 KB-cwnd
[2024-05-27 10:54:59.875979]     9.1250 MB /   0.50 sec =  153.0434 Mbps     0 retrans     13 KB-cwnd
[2024-05-27 10:55:00.375868]     9.5625 MB /   0.50 sec =  160.4665 Mbps     0 retrans     13 KB-cwnd
[2024-05-27 10:55:00.875622]     9.1250 MB /   0.50 sec =  153.1108 Mbps     0 retrans     13 KB-cwnd
[2024-05-27 10:55:01.375838]     9.1250 MB /   0.50 sec =  153.0783 Mbps     0 retrans     13 KB-cwnd
[2024-05-27 10:55:01.875685]     9.9375 MB /   0.50 sec =  166.7359 Mbps     0 retrans     13 KB-cwnd
[2024-05-27 10:55:02.375740]     8.2500 MB /   0.50 sec =  138.4026 Mbps     0 retrans     13 KB-cwnd
[2024-05-27 10:55:02.875708]     8.8750 MB /   0.50 sec =  148.9070 Mbps     0 retrans     13 KB-cwnd
[2024-05-27 10:55:03.375735]     6.3750 MB /   0.50 sec =  106.9400 Mbps     0 retrans     13 KB-cwnd
[2024-05-27 10:55:03.875801]     0.3125 MB /   0.50 sec =    5.2430 Mbps     0 retrans     13 KB-cwnd
[2024-05-27 10:55:04.375985]     0.0000 MB /   0.50 sec =    0.0000 Mbps     0 retrans     13 KB-cwnd
[2024-05-27 10:55:04.875797]     2.1875 MB /   0.50 sec =   36.6995 Mbps     0 retrans     21 KB-cwnd
[2024-05-27 10:55:05.375642]     0.7500 MB /   0.50 sec =   12.5840 Mbps     0 retrans     21 KB-cwnd
[2024-05-27 10:55:05.875727]     1.0625 MB /   0.50 sec =   17.8256 Mbps     0 retrans     21 KB-cwnd
[2024-05-27 10:55:06.375746]     0.8750 MB /   0.50 sec =   14.6785 Mbps     0 retrans     21 KB-cwnd
[2024-05-27 10:55:06.875672]     0.9375 MB /   0.50 sec =   15.7309 Mbps     0 retrans     21 KB-cwnd
[2024-05-27 10:55:07.375818]     1.8125 MB /   0.50 sec =   30.4038 Mbps     0 retrans     21 KB-cwnd
[2024-05-27 10:55:07.875867]     1.3750 MB /   0.50 sec =   23.0722 Mbps     0 retrans     21 KB-cwnd
[2024-05-27 10:55:08.375731]     2.1250 MB /   0.50 sec =   35.6521 Mbps     0 retrans     21 KB-cwnd
[2024-05-27 10:55:08.875712]     1.1875 MB /   0.50 sec =   19.9222 Mbps     0 retrans     21 KB-cwnd
[2024-05-27 10:55:09.375688]     0.6250 MB /   0.50 sec =   10.4861 Mbps     0 retrans     21 KB-cwnd
[2024-05-27 10:55:09.875858]     0.7500 MB /   0.50 sec =   12.5818 Mbps     0 retrans     21 KB-cwnd
[2024-05-27 10:55:10.375693]     1.3125 MB /   0.50 sec =   22.0223 Mbps     0 retrans     21 KB-cwnd
[2024-05-27 10:55:10.875755]     0.6875 MB /   0.50 sec =   11.5331 Mbps     0 retrans     21 KB-cwnd
[2024-05-27 10:55:11.375728]     2.3125 MB /   0.50 sec =   38.7996 Mbps     0 retrans     21 KB-cwnd
[2024-05-27 10:55:11.875716]     2.2500 MB /   0.50 sec =   37.7491 Mbps     0 retrans     21 KB-cwnd
[2024-05-27 10:55:12.375713]     2.4375 MB /   0.50 sec =   40.8948 Mbps     0 retrans     21 KB-cwnd
[2024-05-27 10:55:12.875733]     2.6250 MB /   0.50 sec =   44.0381 Mbps     0 retrans     21 KB-cwnd
[2024-05-27 10:55:13.375782]     2.7500 MB /   0.50 sec =   46.1310 Mbps     0 retrans     21 KB-cwnd
[2024-05-27 10:55:13.875634]     1.7500 MB /   0.50 sec =   29.3668 Mbps     0 retrans     26 KB-cwnd
[2024-05-27 10:55:14.375851]     1.5625 MB /   0.50 sec =   26.2080 Mbps     0 retrans     26 KB-cwnd
[2024-05-27 10:55:14.875721]     1.6250 MB /   0.50 sec =   27.2683 Mbps     0 retrans     26 KB-cwnd
[2024-05-27 10:55:15.375711]     2.6250 MB /   0.50 sec =   44.0405 Mbps     0 retrans     26 KB-cwnd
[2024-05-27 10:55:15.875707]     2.8125 MB /   0.50 sec =   47.1861 Mbps     0 retrans     26 KB-cwnd
[2024-05-27 10:55:16.375645]     2.0000 MB /   0.50 sec =   33.5550 Mbps     0 retrans     26 KB-cwnd
[2024-05-27 10:55:16.875768]     1.9375 MB /   0.50 sec =   32.5029 Mbps     0 retrans     26 KB-cwnd
[2024-05-27 10:55:17.375687]     4.0000 MB /   0.50 sec =   67.1138 Mbps     0 retrans     26 KB-cwnd
[2024-05-27 10:55:17.875786]     3.7500 MB /   0.50 sec =   62.9061 Mbps     0 retrans     26 KB-cwnd
[2024-05-27 10:55:18.375706]     2.8750 MB /   0.50 sec =   48.2408 Mbps     0 retrans     26 KB-cwnd
[2024-05-27 10:55:18.875759]     1.2500 MB /   0.50 sec =   20.9700 Mbps     0 retrans     26 KB-cwnd
[2024-05-27 10:55:19.375859]     2.3750 MB /   0.50 sec =   39.8387 Mbps     0 retrans     26 KB-cwnd
[2024-05-27 10:55:19.875801]     2.0000 MB /   0.50 sec =   33.5595 Mbps     0 retrans     26 KB-cwnd
[2024-05-27 10:55:20.375594]     1.5000 MB /   0.50 sec =   25.1701 Mbps     0 retrans     26 KB-cwnd
[2024-05-27 10:55:20.875840]     2.3125 MB /   0.50 sec =   38.7947 Mbps     0 retrans     26 KB-cwnd
[2024-05-27 10:55:21.376049]     1.8125 MB /   0.50 sec =   30.4031 Mbps     0 retrans     26 KB-cwnd
[2024-05-27 10:55:21.875670]     2.6875 MB /   0.50 sec =   45.0970 Mbps     0 retrans     26 KB-cwnd
[2024-05-27 10:55:22.376009]     3.0625 MB /   0.50 sec =   51.3741 Mbps     0 retrans     26 KB-cwnd
[2024-05-27 10:55:22.875793]     1.6250 MB /   0.50 sec =   27.2642 Mbps     0 retrans     26 KB-cwnd
[2024-05-27 10:55:23.375693]     0.7500 MB /   0.50 sec =   12.5841 Mbps     0 retrans     26 KB-cwnd
[2024-05-27 10:55:23.875719]     0.6250 MB /   0.50 sec =   10.4857 Mbps     0 retrans     26 KB-cwnd
[2024-05-27 10:55:24.375717]     0.5625 MB /   0.50 sec =    9.4370 Mbps     0 retrans     26 KB-cwnd
[2024-05-27 10:55:24.875921]     0.6875 MB /   0.50 sec =   11.5326 Mbps     0 retrans     26 KB-cwnd
[2024-05-27 10:55:25.375726]     0.5625 MB /   0.50 sec =    9.4384 Mbps     0 retrans     26 KB-cwnd
[2024-05-27 10:55:25.875732]     0.4375 MB /   0.50 sec =    7.3402 Mbps     0 retrans     26 KB-cwnd
[2024-05-27 10:55:26.375718]     0.3125 MB /   0.50 sec =    5.2430 Mbps     0 retrans     26 KB-cwnd
[2024-05-27 10:55:26.875657]     0.1875 MB /   0.50 sec =    3.1457 Mbps     0 retrans     26 KB-cwnd
[2024-05-27 10:55:27.375712]     0.3750 MB /   0.50 sec =    6.2916 Mbps     0 retrans     26 KB-cwnd
[2024-05-27 10:55:27.875742]     0.2500 MB /   0.50 sec =    4.1940 Mbps     0 retrans     26 KB-cwnd
[2024-05-27 10:55:28.375746]     0.4375 MB /   0.50 sec =    7.3404 Mbps     0 retrans     26 KB-cwnd
[2024-05-27 10:55:28.875721]     0.6875 MB /   0.50 sec =   11.5345 Mbps     0 retrans     26 KB-cwnd
[2024-05-27 10:55:29.375708]     0.6875 MB /   0.50 sec =   11.5345 Mbps     0 retrans     26 KB-cwnd
[2024-05-27 10:55:29.875797]     0.5000 MB /   0.50 sec =    8.3878 Mbps     0 retrans     26 KB-cwnd
[2024-05-27 10:55:30.375775]     0.5625 MB /   0.50 sec =    9.4374 Mbps     0 retrans     26 KB-cwnd
[2024-05-27 10:55:30.875644]     0.3125 MB /   0.50 sec =    5.2433 Mbps     0 retrans     26 KB-cwnd
[2024-05-27 10:55:31.376027]     0.3125 MB /   0.50 sec =    5.2416 Mbps     0 retrans     26 KB-cwnd
[2024-05-27 10:55:31.875843]     0.7500 MB /   0.50 sec =   12.5849 Mbps     0 retrans     26 KB-cwnd
[2024-05-27 10:55:32.375908]     0.3750 MB /   0.50 sec =    6.2912 Mbps     0 retrans     26 KB-cwnd
[2024-05-27 10:55:32.876063]     0.6875 MB /   0.50 sec =   11.5349 Mbps     0 retrans     26 KB-cwnd
[2024-05-27 10:55:33.375719]     0.3125 MB /   0.50 sec =    5.2423 Mbps     0 retrans     26 KB-cwnd
[2024-05-27 10:55:33.875811]     0.6250 MB /   0.50 sec =   10.4864 Mbps     0 retrans     26 KB-cwnd
[2024-05-27 10:55:34.375635]     0.7500 MB /   0.50 sec =   12.5846 Mbps     0 retrans     26 KB-cwnd
[2024-05-27 10:55:34.875741]     0.6875 MB /   0.50 sec =   11.5330 Mbps     0 retrans     26 KB-cwnd
[2024-05-27 10:55:35.375615]     0.8750 MB /   0.50 sec =   14.6819 Mbps     0 retrans     26 KB-cwnd
[2024-05-27 10:55:35.875666]     0.5000 MB /   0.50 sec =    8.3882 Mbps     0 retrans     26 KB-cwnd
[2024-05-27 10:55:36.375783]     0.3125 MB /   0.50 sec =    5.2429 Mbps     0 retrans     26 KB-cwnd
[2024-05-27 10:55:36.875877]     0.5625 MB /   0.50 sec =    9.4371 Mbps     0 retrans     26 KB-cwnd
[2024-05-27 10:55:37.375925]     0.8125 MB /   0.50 sec =   13.6281 Mbps     0 retrans     26 KB-cwnd
[2024-05-27 10:55:37.875784]     0.5625 MB /   0.50 sec =    9.4386 Mbps     0 retrans     26 KB-cwnd
[2024-05-27 10:55:38.376056]     0.1250 MB /   0.50 sec =    2.0967 Mbps     0 retrans     26 KB-cwnd
[2024-05-27 10:55:38.875697]     0.0000 MB /   0.50 sec =    0.0000 Mbps     0 retrans     26 KB-cwnd
[2024-05-27 10:55:39.375666]     0.5625 MB /   0.50 sec =    9.4378 Mbps     0 retrans     26 KB-cwnd
[2024-05-27 10:55:39.875730]     1.0000 MB /   0.50 sec =   16.7754 Mbps     0 retrans     26 KB-cwnd
[2024-05-27 10:55:40.375690]     1.3750 MB /   0.50 sec =   23.0708 Mbps     0 retrans     26 KB-cwnd
[2024-05-27 10:55:40.875771]     1.6875 MB /   0.50 sec =   28.3085 Mbps     0 retrans     26 KB-cwnd
[2024-05-27 10:55:41.375700]     2.0625 MB /   0.50 sec =   34.6058 Mbps     0 retrans     26 KB-cwnd
[2024-05-27 10:55:41.875753]     2.3750 MB /   0.50 sec =   39.8449 Mbps     0 retrans     26 KB-cwnd
[2024-05-27 10:55:42.375875]     2.7500 MB /   0.50 sec =   46.1395 Mbps     0 retrans     26 KB-cwnd
[2024-05-27 10:55:42.875613]     3.3125 MB /   0.50 sec =   55.5766 Mbps     0 retrans     26 KB-cwnd
[2024-05-27 10:55:43.375722]     4.1250 MB /   0.50 sec =   69.1991 Mbps     0 retrans     26 KB-cwnd
[2024-05-27 10:55:43.875732]     4.9375 MB /   0.50 sec =   82.8358 Mbps     0 retrans     26 KB-cwnd
[2024-05-27 10:55:44.375845]     5.0000 MB /   0.50 sec =   83.8869 Mbps     0 retrans     26 KB-cwnd
[2024-05-27 10:55:44.875743]     5.1875 MB /   0.50 sec =   87.0358 Mbps     0 retrans     26 KB-cwnd
[2024-05-27 10:55:45.375717]     4.8125 MB /   0.50 sec =   80.7450 Mbps     0 retrans     26 KB-cwnd
[2024-05-27 10:55:45.875765]     4.5625 MB /   0.50 sec =   76.5382 Mbps     0 retrans     26 KB-cwnd
[2024-05-27 10:55:46.375609]     5.1875 MB /   0.50 sec =   87.0403 Mbps     0 retrans     26 KB-cwnd
[2024-05-27 10:55:46.875706]     4.6875 MB /   0.50 sec =   78.6399 Mbps     0 retrans     26 KB-cwnd
[2024-05-27 10:55:47.375727]     5.4375 MB /   0.50 sec =   91.2223 Mbps     0 retrans     32 KB-cwnd
[2024-05-27 10:55:47.876059]     5.7500 MB /   0.50 sec =   96.4530 Mbps     0 retrans     37 KB-cwnd
[2024-05-27 10:55:48.375690]     6.0625 MB /   0.50 sec =  101.7345 Mbps     0 retrans     37 KB-cwnd
[2024-05-27 10:55:48.875617]     6.0000 MB /   0.50 sec =  100.6675 Mbps     0 retrans     37 KB-cwnd
[2024-05-27 10:55:49.375706]     6.1875 MB /   0.50 sec =  103.8045 Mbps     0 retrans     37 KB-cwnd
[2024-05-27 10:55:49.875678]     6.7500 MB /   0.50 sec =  113.2473 Mbps     0 retrans     37 KB-cwnd
[2024-05-27 10:55:50.376009]     6.8125 MB /   0.50 sec =  114.2646 Mbps     0 retrans     37 KB-cwnd
[2024-05-27 10:55:50.875688]     6.6875 MB /   0.50 sec =  112.2264 Mbps     0 retrans     37 KB-cwnd
[2024-05-27 10:55:51.375795]     8.0625 MB /   0.50 sec =  135.2525 Mbps     0 retrans     37 KB-cwnd
[2024-05-27 10:55:51.875618]     9.4375 MB /   0.50 sec =  158.3543 Mbps     0 retrans     40 KB-cwnd
[2024-05-27 10:55:52.375670]     5.1250 MB /   0.50 sec =   85.9758 Mbps     0 retrans     40 KB-cwnd
[2024-05-27 10:55:52.875687]     9.8125 MB /   0.50 sec =  164.6353 Mbps     0 retrans     43 KB-cwnd
[2024-05-27 10:55:53.375747]    11.5625 MB /   0.50 sec =  193.9718 Mbps     0 retrans     43 KB-cwnd
[2024-05-27 10:55:53.875688]    11.0000 MB /   0.50 sec =  184.5697 Mbps     0 retrans     48 KB-cwnd
[2024-05-27 10:55:54.375805]    11.5625 MB /   0.50 sec =  193.9416 Mbps     0 retrans     51 KB-cwnd
[2024-05-27 10:55:54.875982]    11.8750 MB /   0.50 sec =  199.2482 Mbps     0 retrans     51 KB-cwnd
[2024-05-27 10:55:55.375700]    14.1250 MB /   0.50 sec =  237.0024 Mbps     0 retrans   1577 KB-cwnd
[2024-05-27 10:55:55.875624]    17.3750 MB /   0.50 sec =  291.5158 Mbps     0 retrans   1577 KB-cwnd
[2024-05-27 10:55:56.375696]    15.8125 MB /   0.50 sec =  265.2828 Mbps     0 retrans   1577 KB-cwnd
[2024-05-27 10:55:56.875604]    18.3750 MB /   0.50 sec =  308.2961 Mbps     0 retrans   1577 KB-cwnd
[2024-05-27 10:55:57.375848]    18.8125 MB /   0.50 sec =  315.6018 Mbps     0 retrans   1577 KB-cwnd
[2024-05-27 10:55:57.875740]    19.9375 MB /   0.50 sec =  334.4817 Mbps     0 retrans   1577 KB-cwnd
[2024-05-27 10:55:58.375608]    16.0000 MB /   0.50 sec =  268.4666 Mbps     0 retrans   1577 KB-cwnd
[2024-05-27 10:55:58.875810]    17.3750 MB /   0.50 sec =  291.4243 Mbps     0 retrans   1577 KB-cwnd
[2024-05-27 10:55:59.375655]    16.3750 MB /   0.50 sec =  274.7885 Mbps    46 retrans   1013 KB-cwnd
[2024-05-27 10:55:59.875831]    19.5625 MB /   0.50 sec =  328.1846 Mbps     0 retrans   1013 KB-cwnd
[2024-05-27 10:56:00.375649]    17.8125 MB /   0.50 sec =  298.8525 Mbps     0 retrans   1013 KB-cwnd
[2024-05-27 10:56:00.875878]    18.8750 MB /   0.50 sec =  316.6541 Mbps     0 retrans   1013 KB-cwnd
[2024-05-27 10:56:01.375741]    19.1875 MB /   0.50 sec =  321.9115 Mbps     0 retrans   1013 KB-cwnd
[2024-05-27 10:56:01.875621]    17.3125 MB /   0.50 sec =  290.4846 Mbps     0 retrans   1023 KB-cwnd
[2024-05-27 10:56:02.375770]    18.8750 MB /   0.50 sec =  316.6370 Mbps     0 retrans   1023 KB-cwnd
[2024-05-27 10:56:02.875727]    18.6875 MB /   0.50 sec =  313.5261 Mbps     0 retrans   1023 KB-cwnd
[2024-05-27 10:56:03.375730]    18.5000 MB /   0.50 sec =  310.3965 Mbps     0 retrans   3848 KB-cwnd
[2024-05-27 10:56:03.875702]    18.7500 MB /   0.50 sec =  314.5678 Mbps     0 retrans   3985 KB-cwnd
[2024-05-27 10:56:04.375637]    19.3750 MB /   0.50 sec =  325.0729 Mbps     0 retrans   3985 KB-cwnd
[2024-05-27 10:56:04.875915]    11.8125 MB /   0.50 sec =  198.1535 Mbps     0 retrans   3985 KB-cwnd
[2024-05-27 10:56:05.375703]    14.7500 MB /   0.50 sec =  247.5075 Mbps     0 retrans   3985 KB-cwnd
[2024-05-27 10:56:05.875715]    18.5000 MB /   0.50 sec =  310.3593 Mbps     0 retrans   3985 KB-cwnd
[2024-05-27 10:56:06.375737]    17.6250 MB /   0.50 sec =  295.6937 Mbps     0 retrans   3985 KB-cwnd
[2024-05-27 10:56:06.875674]    14.8125 MB /   0.50 sec =  248.5210 Mbps     0 retrans   3985 KB-cwnd
[2024-05-27 10:56:07.375835]    19.5000 MB /   0.50 sec =  327.1263 Mbps     0 retrans   4904 KB-cwnd
[2024-05-27 10:56:07.875619]    18.6875 MB /   0.50 sec =  313.5581 Mbps     0 retrans   4904 KB-cwnd
[2024-05-27 10:56:08.375875]    16.5000 MB /   0.50 sec =  276.8025 Mbps     0 retrans   4918 KB-cwnd
[2024-05-27 10:56:08.875615]     8.2500 MB /   0.50 sec =  138.4234 Mbps     0 retrans   4918 KB-cwnd
[2024-05-27 10:56:09.375722]    14.5000 MB /   0.50 sec =  243.2502 Mbps     0 retrans   4969 KB-cwnd
[2024-05-27 10:56:09.876080]     1.7500 MB /   0.50 sec =   29.3602 Mbps     0 retrans   4969 KB-cwnd
[2024-05-27 10:56:10.375698]    19.9375 MB /   0.50 sec =  334.5085 Mbps     0 retrans   4969 KB-cwnd
[2024-05-27 10:56:10.875824]    18.2500 MB /   0.50 sec =  306.1670 Mbps     0 retrans   4969 KB-cwnd
[2024-05-27 10:56:11.375624]    17.4375 MB /   0.50 sec =  292.5796 Mbps     0 retrans   4969 KB-cwnd
[2024-05-27 10:56:11.875690]    19.4375 MB /   0.50 sec =  326.1019 Mbps     0 retrans   4910 KB-cwnd
[2024-05-27 10:56:12.375805]    18.6875 MB /   0.50 sec =  313.5292 Mbps     0 retrans   3168 KB-cwnd
[2024-05-27 10:56:12.875717]    19.6875 MB /   0.50 sec =  330.2862 Mbps     0 retrans   3168 KB-cwnd
[2024-05-27 10:56:13.375656]    19.0000 MB /   0.50 sec =  318.7709 Mbps     0 retrans   3168 KB-cwnd
[2024-05-27 10:56:13.875854]    19.6250 MB /   0.50 sec =  329.2272 Mbps     0 retrans   3168 KB-cwnd
[2024-05-27 10:56:14.375692]    17.3125 MB /   0.50 sec =  290.4759 Mbps     0 retrans   3168 KB-cwnd
[2024-05-27 10:56:14.875623]    19.2500 MB /   0.50 sec =  322.9763 Mbps     0 retrans   3168 KB-cwnd
[2024-05-27 10:56:15.375780]     9.7500 MB /   0.50 sec =  163.5533 Mbps     0 retrans   3168 KB-cwnd
[2024-05-27 10:56:15.875826]    18.9375 MB /   0.50 sec =  317.6918 Mbps     0 retrans   5332 KB-cwnd
[2024-05-27 10:56:16.375721]    19.8125 MB /   0.50 sec =  332.4505 Mbps     0 retrans   5332 KB-cwnd
[2024-05-27 10:56:16.875766]    19.3750 MB /   0.50 sec =  325.0423 Mbps     0 retrans   5272 KB-cwnd
[2024-05-27 10:56:17.375688]    17.6875 MB /   0.50 sec =  296.7618 Mbps     0 retrans   5272 KB-cwnd
[2024-05-27 10:56:17.875768]    18.6250 MB /   0.50 sec =  312.4631 Mbps     0 retrans   5272 KB-cwnd
[2024-05-27 10:56:18.375699]    19.8125 MB /   0.50 sec =  332.4272 Mbps     0 retrans   5272 KB-cwnd
[2024-05-27 10:56:18.875624]    19.9375 MB /   0.50 sec =  334.5018 Mbps     0 retrans   5272 KB-cwnd
[2024-05-27 10:56:19.375625]    15.7500 MB /   0.50 sec =  264.2443 Mbps     0 retrans   5299 KB-cwnd
[2024-05-27 10:56:19.875692]    18.3750 MB /   0.50 sec =  308.2832 Mbps     0 retrans   3878 KB-cwnd
[2024-05-27 10:56:20.375759]    19.0625 MB /   0.50 sec =  319.7824 Mbps     0 retrans   3878 KB-cwnd
[2024-05-27 10:56:20.875627]    19.5000 MB /   0.50 sec =  327.1852 Mbps     0 retrans   3878 KB-cwnd
[2024-05-27 10:56:21.375736]    19.8125 MB /   0.50 sec =  332.3793 Mbps     0 retrans   3878 KB-cwnd
[2024-05-27 10:56:21.875696]    20.0000 MB /   0.50 sec =  335.5443 Mbps     0 retrans   3878 KB-cwnd
[2024-05-27 10:56:22.375748]    12.4375 MB /   0.50 sec =  208.6608 Mbps     0 retrans   3878 KB-cwnd
[2024-05-27 10:56:22.875671]     0.0000 MB /   0.50 sec =    0.0000 Mbps     0 retrans   3878 KB-cwnd
[2024-05-27 10:56:23.375771]     0.0000 MB /   0.50 sec =    0.0000 Mbps     0 retrans   3878 KB-cwnd
[2024-05-27 10:56:23.875735]    17.8750 MB /   0.50 sec =  299.8669 Mbps     0 retrans   3878 KB-cwnd
[2024-05-27 10:56:24.375715]    21.0000 MB /   0.50 sec =  352.3547 Mbps     0 retrans   3878 KB-cwnd
[2024-05-27 10:56:24.875861]    18.6250 MB /   0.50 sec =  312.4569 Mbps     0 retrans   3227 KB-cwnd
[2024-05-27 10:56:25.375710]    19.6250 MB /   0.50 sec =  329.2654 Mbps     0 retrans   3227 KB-cwnd
[2024-05-27 10:56:25.875757]    18.8125 MB /   0.50 sec =  315.6100 Mbps     0 retrans   3227 KB-cwnd
[2024-05-27 10:56:26.375635]    20.0625 MB /   0.50 sec =  336.6259 Mbps     0 retrans   3227 KB-cwnd
[2024-05-27 10:56:26.875625]    19.3750 MB /   0.50 sec =  325.0618 Mbps     0 retrans   3227 KB-cwnd
[2024-05-27 10:56:27.375722]    18.1250 MB /   0.50 sec =  304.0700 Mbps     0 retrans   3241 KB-cwnd
[2024-05-27 10:56:27.875955]    16.9375 MB /   0.50 sec =  284.1044 Mbps     0 retrans   3241 KB-cwnd
[2024-05-27 10:56:28.375710]    17.0625 MB /   0.50 sec =  286.3294 Mbps     0 retrans   2958 KB-cwnd
[2024-05-27 10:56:28.875643]    18.8750 MB /   0.50 sec =  316.6795 Mbps     0 retrans   2958 KB-cwnd
[2024-05-27 10:56:29.375732]    19.3125 MB /   0.50 sec =  323.9867 Mbps     0 retrans   2958 KB-cwnd
[2024-05-27 10:56:29.875837]    17.8750 MB /   0.50 sec =  299.8604 Mbps     0 retrans   2958 KB-cwnd
[2024-05-27 10:56:30.375667]    19.0000 MB /   0.50 sec =  318.8181 Mbps     0 retrans   2991 KB-cwnd
[2024-05-27 10:56:30.875922]    18.9375 MB /   0.50 sec =  317.5940 Mbps     0 retrans   2991 KB-cwnd
[2024-05-27 10:56:31.375704]    18.9375 MB /   0.50 sec =  317.8342 Mbps     0 retrans   2991 KB-cwnd
[2024-05-27 10:56:31.875702]    19.8125 MB /   0.50 sec =  332.3767 Mbps     0 retrans   2991 KB-cwnd
[2024-05-27 10:56:32.375731]    20.3750 MB /   0.50 sec =  341.8501 Mbps     9 retrans   2770 KB-cwnd
[2024-05-27 10:56:32.875671]    19.8750 MB /   0.50 sec =  333.4358 Mbps     0 retrans   2421 KB-cwnd
[2024-05-27 10:56:33.375848]    18.7500 MB /   0.50 sec =  314.5797 Mbps     0 retrans   2421 KB-cwnd
[2024-05-27 10:56:33.875769]    17.2500 MB /   0.50 sec =  289.3960 Mbps     0 retrans   2467 KB-cwnd
[2024-05-27 10:56:34.375823]    19.9375 MB /   0.50 sec =  334.4503 Mbps     0 retrans   2467 KB-cwnd
[2024-05-27 10:56:34.876006]    10.0625 MB /   0.50 sec =  168.8420 Mbps     0 retrans   2550 KB-cwnd
[2024-05-27 10:56:35.375716]    17.3750 MB /   0.50 sec =  291.5199 Mbps     0 retrans   2550 KB-cwnd
[2024-05-27 10:56:35.875731]    19.3125 MB /   0.50 sec =  324.0042 Mbps     0 retrans   2601 KB-cwnd
[2024-05-27 10:56:36.375625]    19.8750 MB /   0.50 sec =  333.4805 Mbps     0 retrans   2770 KB-cwnd
[2024-05-27 10:56:36.875805]    17.5000 MB /   0.50 sec =  293.5484 Mbps     0 retrans   2770 KB-cwnd
[2024-05-27 10:56:37.375879]    18.5625 MB /   0.50 sec =  311.3841 Mbps     0 retrans   2770 KB-cwnd
[2024-05-27 10:56:37.875896]    19.3125 MB /   0.50 sec =  324.0729 Mbps     0 retrans   2770 KB-cwnd
[2024-05-27 10:56:38.375693]    19.0625 MB /   0.50 sec =  319.8381 Mbps     0 retrans   2770 KB-cwnd
[2024-05-27 10:56:38.875699]    20.5625 MB /   0.50 sec =  345.0001 Mbps     0 retrans   2800 KB-cwnd
[2024-05-27 10:56:39.375767]    19.6875 MB /   0.50 sec =  330.2618 Mbps     0 retrans   2800 KB-cwnd
[2024-05-27 10:56:39.876001]    17.8125 MB /   0.50 sec =  298.7952 Mbps     0 retrans   2899 KB-cwnd
[2024-05-27 10:56:40.375716]    19.3750 MB /   0.50 sec =  325.1366 Mbps     0 retrans   2899 KB-cwnd
[2024-05-27 10:56:40.875762]    17.9375 MB /   0.50 sec =  300.9154 Mbps     0 retrans   2934 KB-cwnd
[2024-05-27 10:56:41.375734]    18.4375 MB /   0.50 sec =  309.3398 Mbps     0 retrans   2934 KB-cwnd
[2024-05-27 10:56:41.875748]    19.5000 MB /   0.50 sec =  327.1564 Mbps     0 retrans   2934 KB-cwnd
[2024-05-27 10:56:42.375625]    20.3750 MB /   0.50 sec =  341.8611 Mbps     0 retrans   2934 KB-cwnd
[2024-05-27 10:56:42.875764]    18.7500 MB /   0.50 sec =  314.5457 Mbps     0 retrans   2867 KB-cwnd
[2024-05-27 10:56:43.375765]    20.0000 MB /   0.50 sec =  335.5436 Mbps     0 retrans   2867 KB-cwnd
[2024-05-27 10:56:43.875789]    16.5000 MB /   0.50 sec =  276.7953 Mbps     0 retrans   3515 KB-cwnd
[2024-05-27 10:56:44.375738]    18.6875 MB /   0.50 sec =  313.5700 Mbps     0 retrans   3517 KB-cwnd
[2024-05-27 10:56:44.875731]    19.3125 MB /   0.50 sec =  323.9925 Mbps     0 retrans   3517 KB-cwnd
[2024-05-27 10:56:45.375733]    20.0000 MB /   0.50 sec =  335.5537 Mbps     0 retrans   3517 KB-cwnd
[2024-05-27 10:56:45.875608]    20.0000 MB /   0.50 sec =  335.5806 Mbps     0 retrans   3552 KB-cwnd
[2024-05-27 10:56:46.375817]    19.4375 MB /   0.50 sec =  326.0882 Mbps     0 retrans   3552 KB-cwnd
[2024-05-27 10:56:46.875701]    19.8750 MB /   0.50 sec =  333.4372 Mbps     0 retrans   3552 KB-cwnd
[2024-05-27 10:56:47.375760]    19.5625 MB /   0.50 sec =  328.1866 Mbps     0 retrans   3268 KB-cwnd
[2024-05-27 10:56:47.875751]    21.8750 MB /   0.50 sec =  367.0067 Mbps     0 retrans   3268 KB-cwnd
[2024-05-27 10:56:48.375621]    21.0625 MB /   0.50 sec =  353.4097 Mbps     0 retrans   3268 KB-cwnd
[2024-05-27 10:56:48.875816]    19.9375 MB /   0.50 sec =  334.4670 Mbps     0 retrans   3268 KB-cwnd
[2024-05-27 10:56:49.375737]    10.9375 MB /   0.50 sec =  183.4949 Mbps     0 retrans   3268 KB-cwnd
[2024-05-27 10:56:49.875736]    19.3125 MB /   0.50 sec =  324.0113 Mbps     0 retrans   3276 KB-cwnd
[2024-05-27 10:56:50.375758]    18.7500 MB /   0.50 sec =  314.5747 Mbps     0 retrans   3276 KB-cwnd
[2024-05-27 10:56:50.875750]    18.8750 MB /   0.50 sec =  316.6725 Mbps     0 retrans   3276 KB-cwnd
[2024-05-27 10:56:51.375640]    18.6250 MB /   0.50 sec =  312.5006 Mbps     0 retrans   3569 KB-cwnd
[2024-05-27 10:56:51.875598]    18.5000 MB /   0.50 sec =  310.3934 Mbps     0 retrans   3493 KB-cwnd
[2024-05-27 10:56:52.375704]    19.5625 MB /   0.50 sec =  328.1800 Mbps     0 retrans   3512 KB-cwnd
[2024-05-27 10:56:52.875683]    20.0000 MB /   0.50 sec =  335.5557 Mbps     0 retrans   3512 KB-cwnd
[2024-05-27 10:56:53.375802]    19.4375 MB /   0.50 sec =  326.0308 Mbps     0 retrans   3528 KB-cwnd
[2024-05-27 10:56:53.875713]    17.5000 MB /   0.50 sec =  293.6489 Mbps     0 retrans   3528 KB-cwnd
[2024-05-27 10:56:54.375790]    19.1250 MB /   0.50 sec =  320.8181 Mbps     0 retrans   3528 KB-cwnd
[2024-05-27 10:56:54.875755]    20.5000 MB /   0.50 sec =  344.0010 Mbps     0 retrans   3722 KB-cwnd
[2024-05-27 10:56:55.375610]    18.1875 MB /   0.50 sec =  305.1478 Mbps     0 retrans   3722 KB-cwnd
[2024-05-27 10:56:55.875694]    20.1875 MB /   0.50 sec =  338.6731 Mbps     0 retrans   3757 KB-cwnd
[2024-05-27 10:56:56.375729]    19.8750 MB /   0.50 sec =  333.4318 Mbps     0 retrans   3757 KB-cwnd
[2024-05-27 10:56:56.875726]    19.6250 MB /   0.50 sec =  329.2423 Mbps     0 retrans   3757 KB-cwnd
[2024-05-27 10:56:57.375811]    17.6250 MB /   0.50 sec =  295.7215 Mbps     0 retrans   3757 KB-cwnd
[2024-05-27 10:56:57.875711]    20.0000 MB /   0.50 sec =  335.5390 Mbps     0 retrans   3757 KB-cwnd
[2024-05-27 10:56:58.375737]    20.8125 MB /   0.50 sec =  349.1688 Mbps     0 retrans   3520 KB-cwnd
[2024-05-27 10:56:58.875655]    19.3750 MB /   0.50 sec =  325.0774 Mbps     0 retrans   3520 KB-cwnd
[2024-05-27 10:56:59.375676]    18.1250 MB /   0.50 sec =  304.0895 Mbps     0 retrans   3520 KB-cwnd
[2024-05-27 10:56:59.875676]    18.8125 MB /   0.50 sec =  315.6100 Mbps     0 retrans   3520 KB-cwnd
[2024-05-27 10:57:00.375688]    18.8125 MB /   0.50 sec =  315.6283 Mbps     0 retrans   3520 KB-cwnd
[2024-05-27 10:57:00.875716]    19.3125 MB /   0.50 sec =  323.9847 Mbps     0 retrans   3520 KB-cwnd
[2024-05-27 10:57:01.375615]    19.9375 MB /   0.50 sec =  334.5325 Mbps     0 retrans   3520 KB-cwnd
[2024-05-27 10:57:01.875681]    19.3750 MB /   0.50 sec =  325.0469 Mbps     0 retrans   3520 KB-cwnd
[2024-05-27 10:57:02.114263] nuttcp-r: 2828.9992 MB in 128.24 real seconds = 22590.09 KB/sec = 185.0580 Mbps
[2024-05-27 10:57:02.114576] nuttcp-r: 135612 I/O calls, msec/call = 0.97, calls/sec = 1057.51
[2024-05-27 10:57:02.114683] nuttcp-r: 0.0user 5.4sys 2:08real 4% 0i+0d 1304maxrss 0+1pf 70362+251csw
[2024-05-27 10:57:02.114767] 
[2024-05-27 10:57:02.114847] nuttcp-t: v8.1.4: socket
[2024-05-27 10:57:02.115007] nuttcp-t: buflen=65536, nstream=1, port=5001 tcp -> 174.224.165.111
[2024-05-27 10:57:02.115094] nuttcp-t: time limit = 120.00 seconds
[2024-05-27 10:57:02.115172] nuttcp-t: accept from 174.224.165.111 with mss=1376, af=inet
[2024-05-27 10:57:02.115253] nuttcp-t: send window size = 450000000, receive window size = 450000000
[2024-05-27 10:57:02.115329] nuttcp-t: available send window = 225000000, available receive window = 225000000
[2024-05-27 10:57:02.115406] nuttcp-t: initial congestion window = 13 KB (10 packets)
[2024-05-27 10:57:02.115479] nuttcp-t: 2828.9992 MB in 120.00 real seconds = 24140.76 KB/sec = 197.7611 Mbps
[2024-05-27 10:57:02.115551] nuttcp-t: retrans = 55 cwnd = 3114 KB
[2024-05-27 10:57:02.115625] nuttcp-t: 45264 I/O calls, msec/call = 2.71, calls/sec = 377.20
[2024-05-27 10:57:02.115700] nuttcp-t: 0.0user 0.9sys 2:00real 0% 0i+0d 94maxrss 0+0pf 18+5csw
End time: 1716821822147
