Start time: 1716934545002
[2024-05-28 18:15:45.730118] nuttcp-r: v8.1.4: socket
[2024-05-28 18:15:45.730931] nuttcp-r: buflen=65536, nstream=1, port=5003 tcp
[2024-05-28 18:15:45.731183] nuttcp-r: interval reporting every 0.50 seconds
[2024-05-28 18:15:45.731315] nuttcp-r: connect to 35.245.244.238 with RTT=32.299 ms af=inet
[2024-05-28 18:15:45.731449] nuttcp-r: send window size = 1048576, receive window size = 1048576
[2024-05-28 18:15:45.731535] nuttcp-r: available send window = 786432, available receive window = 786432
[2024-05-28 18:15:45.731597]     5.2500 MB /   0.50 sec =   88.0434 Mbps     0 retrans     13 KB-cwnd
[2024-05-28 18:15:46.230863]     9.6875 MB /   0.50 sec =  162.4263 Mbps     0 retrans     13 KB-cwnd
[2024-05-28 18:15:46.730478]     6.1875 MB /   0.50 sec =  103.9057 Mbps     0 retrans     13 KB-cwnd
[2024-05-28 18:15:47.230432]     6.1250 MB /   0.50 sec =  102.6557 Mbps     0 retrans     13 KB-cwnd
[2024-05-28 18:15:47.730258]     4.0000 MB /   0.50 sec =   67.1273 Mbps     0 retrans     13 KB-cwnd
[2024-05-28 18:15:48.230306]     9.1875 MB /   0.50 sec =  154.2548 Mbps     0 retrans     13 KB-cwnd
[2024-05-28 18:15:48.730225]     8.7500 MB /   0.50 sec =  146.7422 Mbps     0 retrans     13 KB-cwnd
[2024-05-28 18:15:49.230334]     8.9375 MB /   0.50 sec =  150.0052 Mbps     0 retrans     13 KB-cwnd
[2024-05-28 18:15:49.729773]     7.3750 MB /   0.50 sec =  123.7399 Mbps     0 retrans     13 KB-cwnd
[2024-05-28 18:15:50.230312]     8.9375 MB /   0.50 sec =  149.9245 Mbps     0 retrans     13 KB-cwnd
[2024-05-28 18:15:50.729931]    10.4375 MB /   0.50 sec =  175.1280 Mbps     0 retrans     13 KB-cwnd
[2024-05-28 18:15:51.230474]     9.5000 MB /   0.50 sec =  159.2154 Mbps     0 retrans     13 KB-cwnd
[2024-05-28 18:15:51.730436]     9.2500 MB /   0.50 sec =  155.3222 Mbps     0 retrans     13 KB-cwnd
[2024-05-28 18:15:52.230373]     9.0625 MB /   0.50 sec =  151.9353 Mbps     0 retrans     13 KB-cwnd
[2024-05-28 18:15:52.729950]     7.3750 MB /   0.50 sec =  123.8375 Mbps     0 retrans     15 KB-cwnd
[2024-05-28 18:15:53.230286]     9.5625 MB /   0.50 sec =  160.4337 Mbps     0 retrans     15 KB-cwnd
[2024-05-28 18:15:53.729844]     8.0000 MB /   0.50 sec =  134.2277 Mbps     0 retrans     26 KB-cwnd
[2024-05-28 18:15:54.230250]    10.6875 MB /   0.50 sec =  179.3076 Mbps     0 retrans     27 KB-cwnd
[2024-05-28 18:15:54.730104]    10.3125 MB /   0.50 sec =  172.9345 Mbps     0 retrans     27 KB-cwnd
[2024-05-28 18:15:55.230689]    11.8125 MB /   0.50 sec =  198.2586 Mbps     0 retrans     27 KB-cwnd
[2024-05-28 18:15:55.730420]    13.7500 MB /   0.50 sec =  230.4839 Mbps     0 retrans     27 KB-cwnd
[2024-05-28 18:15:56.229975]     9.8750 MB /   0.50 sec =  165.8266 Mbps     0 retrans     27 KB-cwnd
[2024-05-28 18:15:56.729934]     5.2500 MB /   0.50 sec =   88.0770 Mbps     0 retrans     27 KB-cwnd
[2024-05-28 18:15:57.229938]     5.9375 MB /   0.50 sec =   99.6153 Mbps     0 retrans     27 KB-cwnd
[2024-05-28 18:15:57.729860]     3.0000 MB /   0.50 sec =   50.3356 Mbps     0 retrans     27 KB-cwnd
[2024-05-28 18:15:58.231862]     0.9375 MB /   0.50 sec =   15.6770 Mbps     0 retrans     27 KB-cwnd
[2024-05-28 18:15:58.731750]     4.4375 MB /   0.50 sec =   74.4987 Mbps     0 retrans     27 KB-cwnd
[2024-05-28 18:15:59.231018]     7.5000 MB /   0.50 sec =  126.0712 Mbps     0 retrans     28 KB-cwnd
[2024-05-28 18:15:59.729899]     5.5000 MB /   0.50 sec =   92.3306 Mbps     0 retrans     28 KB-cwnd
[2024-05-28 18:16:00.229890]     5.0625 MB /   0.50 sec =   84.9297 Mbps     0 retrans     31 KB-cwnd
[2024-05-28 18:16:00.729913]     6.5625 MB /   0.50 sec =  110.1190 Mbps     0 retrans     31 KB-cwnd
[2024-05-28 18:16:01.230022]     3.2500 MB /   0.50 sec =   54.5136 Mbps     0 retrans     37 KB-cwnd
[2024-05-28 18:16:01.729848]     6.9375 MB /   0.50 sec =  116.4148 Mbps     0 retrans     37 KB-cwnd
[2024-05-28 18:16:02.229873]     5.9375 MB /   0.50 sec =   99.6117 Mbps     0 retrans     39 KB-cwnd
[2024-05-28 18:16:02.730022]     9.3125 MB /   0.50 sec =  156.2097 Mbps     0 retrans     39 KB-cwnd
[2024-05-28 18:16:03.229826]    12.0625 MB /   0.50 sec =  202.4209 Mbps     0 retrans     48 KB-cwnd
[2024-05-28 18:16:03.730626]    11.6875 MB /   0.50 sec =  196.0163 Mbps     0 retrans     48 KB-cwnd
[2024-05-28 18:16:04.230216]     7.5000 MB /   0.50 sec =  125.8649 Mbps     0 retrans     49 KB-cwnd
[2024-05-28 18:16:04.730021]     2.5000 MB /   0.50 sec =   41.9380 Mbps     0 retrans     49 KB-cwnd
[2024-05-28 18:16:05.230468]     9.6250 MB /   0.50 sec =  161.3407 Mbps     0 retrans     49 KB-cwnd
[2024-05-28 18:16:05.730792]    11.5625 MB /   0.50 sec =  194.0102 Mbps     0 retrans     50 KB-cwnd
[2024-05-28 18:16:06.229939]    10.6250 MB /   0.50 sec =  178.3796 Mbps     0 retrans     50 KB-cwnd
[2024-05-28 18:16:06.729896]     7.3750 MB /   0.50 sec =  123.7594 Mbps     0 retrans     50 KB-cwnd
[2024-05-28 18:16:07.230317]     5.9375 MB /   0.50 sec =   99.5319 Mbps     0 retrans     52 KB-cwnd
[2024-05-28 18:16:07.730301]     9.3750 MB /   0.50 sec =  157.3915 Mbps     0 retrans     52 KB-cwnd
[2024-05-28 18:16:08.230973]    11.4375 MB /   0.50 sec =  191.7387 Mbps     0 retrans     57 KB-cwnd
[2024-05-28 18:16:08.730817]    11.3750 MB /   0.50 sec =  190.8450 Mbps     0 retrans     57 KB-cwnd
[2024-05-28 18:16:09.230353]     9.9375 MB /   0.50 sec =  166.7226 Mbps     0 retrans     70 KB-cwnd
[2024-05-28 18:16:09.730163]     7.4375 MB /   0.50 sec =  124.8360 Mbps     0 retrans     71 KB-cwnd
[2024-05-28 18:16:10.231483]     4.1875 MB /   0.50 sec =   70.1236 Mbps     0 retrans     71 KB-cwnd
[2024-05-28 18:16:10.730460]    10.3750 MB /   0.50 sec =  174.4628 Mbps     0 retrans     74 KB-cwnd
[2024-05-28 18:16:11.229938]    12.0625 MB /   0.50 sec =  202.3768 Mbps    36 retrans   2607 KB-cwnd
[2024-05-28 18:16:11.729933]     7.8750 MB /   0.50 sec =  132.1206 Mbps     0 retrans   2607 KB-cwnd
[2024-05-28 18:16:12.229862]     3.0000 MB /   0.50 sec =   50.3349 Mbps     0 retrans   2607 KB-cwnd
[2024-05-28 18:16:12.729953]     2.2500 MB /   0.50 sec =   37.7492 Mbps     0 retrans   2607 KB-cwnd
[2024-05-28 18:16:13.229901]     6.4375 MB /   0.50 sec =  107.9986 Mbps     0 retrans   2607 KB-cwnd
[2024-05-28 18:16:13.730197]     5.8125 MB /   0.50 sec =   97.4829 Mbps     0 retrans   2607 KB-cwnd
[2024-05-28 18:16:14.230380]     5.8750 MB /   0.50 sec =   98.5165 Mbps     0 retrans   2607 KB-cwnd
[2024-05-28 18:16:14.729877]     7.3125 MB /   0.50 sec =  122.7905 Mbps     0 retrans   2607 KB-cwnd
[2024-05-28 18:16:15.230026]     8.1250 MB /   0.50 sec =  136.2846 Mbps     0 retrans   2607 KB-cwnd
[2024-05-28 18:16:15.729920]     8.1875 MB /   0.50 sec =  137.3810 Mbps     0 retrans   2607 KB-cwnd
[2024-05-28 18:16:16.230945]     5.3125 MB /   0.50 sec =   88.9571 Mbps     0 retrans   2607 KB-cwnd
[2024-05-28 18:16:16.730353]     3.1250 MB /   0.50 sec =   52.4909 Mbps     0 retrans   2607 KB-cwnd
[2024-05-28 18:16:17.230757]     7.9375 MB /   0.50 sec =  133.2638 Mbps     0 retrans   2607 KB-cwnd
[2024-05-28 18:16:17.731147]     5.1875 MB /   0.50 sec =   86.9070 Mbps     0 retrans   2607 KB-cwnd
[2024-05-28 18:16:18.229916]    10.5000 MB /   0.50 sec =  176.4367 Mbps     0 retrans   2607 KB-cwnd
[2024-05-28 18:16:18.729910]     7.5000 MB /   0.50 sec =  125.8251 Mbps     0 retrans   2607 KB-cwnd
[2024-05-28 18:16:19.230846]     7.9375 MB /   0.50 sec =  133.0457 Mbps     0 retrans   2607 KB-cwnd
[2024-05-28 18:16:19.731016]     8.3125 MB /   0.50 sec =  139.4453 Mbps     0 retrans   2607 KB-cwnd
[2024-05-28 18:16:20.229813]    10.1250 MB /   0.50 sec =  170.0601 Mbps     0 retrans   2607 KB-cwnd
[2024-05-28 18:16:20.730355]    10.2500 MB /   0.50 sec =  171.8173 Mbps     0 retrans   2607 KB-cwnd
[2024-05-28 18:16:21.229930]     9.2500 MB /   0.50 sec =  155.3160 Mbps  3342 retrans   2648 KB-cwnd
[2024-05-28 18:16:21.730016]     2.2500 MB /   0.50 sec =   37.7450 Mbps     0 retrans   2648 KB-cwnd
[2024-05-28 18:16:22.229901]     3.8750 MB /   0.50 sec =   65.0176 Mbps     0 retrans   2648 KB-cwnd
[2024-05-28 18:16:22.730408]     6.0000 MB /   0.50 sec =  100.6637 Mbps     0 retrans   2648 KB-cwnd
[2024-05-28 18:16:23.229802]     8.3750 MB /   0.50 sec =  140.5179 Mbps     0 retrans   2648 KB-cwnd
[2024-05-28 18:16:23.729772]     8.4375 MB /   0.50 sec =  141.5643 Mbps     0 retrans   2648 KB-cwnd
[2024-05-28 18:16:24.230241]     4.4375 MB /   0.50 sec =   74.4426 Mbps     0 retrans   2648 KB-cwnd
[2024-05-28 18:16:24.731759]     4.0000 MB /   0.50 sec =   66.9380 Mbps     0 retrans   2648 KB-cwnd
[2024-05-28 18:16:25.231389]     2.9375 MB /   0.50 sec =   49.3169 Mbps     0 retrans   2648 KB-cwnd
[2024-05-28 18:16:25.730440]     6.6875 MB /   0.50 sec =  112.3862 Mbps     0 retrans   2648 KB-cwnd
[2024-05-28 18:16:26.230089]     6.6875 MB /   0.50 sec =  112.1826 Mbps     0 retrans   2648 KB-cwnd
[2024-05-28 18:16:26.731004]     3.9375 MB /   0.50 sec =   66.0084 Mbps     0 retrans   2648 KB-cwnd
[2024-05-28 18:16:27.230210]     3.1875 MB /   0.50 sec =   53.4994 Mbps     0 retrans   2648 KB-cwnd
[2024-05-28 18:16:27.730246]     0.5000 MB /   0.50 sec =    8.3942 Mbps     0 retrans   2648 KB-cwnd
[2024-05-28 18:16:28.230411]     3.8750 MB /   0.50 sec =   65.0115 Mbps     0 retrans   2648 KB-cwnd
[2024-05-28 18:16:28.729938]     8.0000 MB /   0.50 sec =  134.2126 Mbps     0 retrans   2648 KB-cwnd
[2024-05-28 18:16:29.229945]     7.3750 MB /   0.50 sec =  123.7302 Mbps     0 retrans   2648 KB-cwnd
[2024-05-28 18:16:29.730285]     8.5000 MB /   0.50 sec =  142.6246 Mbps     0 retrans   2604 KB-cwnd
[2024-05-28 18:16:30.230972]    10.0625 MB /   0.50 sec =  168.6433 Mbps     0 retrans   2604 KB-cwnd
[2024-05-28 18:16:30.729899]     8.6875 MB /   0.50 sec =  145.8927 Mbps     0 retrans   2604 KB-cwnd
[2024-05-28 18:16:31.230202]    10.2500 MB /   0.50 sec =  171.9709 Mbps     0 retrans   2604 KB-cwnd
[2024-05-28 18:16:31.730241]     1.3125 MB /   0.50 sec =   22.0175 Mbps     0 retrans   2604 KB-cwnd
[2024-05-28 18:16:32.230286]     4.5000 MB /   0.50 sec =   75.4987 Mbps     0 retrans   2604 KB-cwnd
[2024-05-28 18:16:32.730846]     7.6875 MB /   0.50 sec =  128.8725 Mbps     0 retrans   2604 KB-cwnd
[2024-05-28 18:16:33.230113]     6.6250 MB /   0.50 sec =  111.2242 Mbps     0 retrans   2604 KB-cwnd
[2024-05-28 18:16:33.730221]     6.3125 MB /   0.50 sec =  105.8903 Mbps  2535 retrans   2596 KB-cwnd
[2024-05-28 18:16:34.230168]    10.2500 MB /   0.50 sec =  171.9376 Mbps     0 retrans   2596 KB-cwnd
[2024-05-28 18:16:34.730450]     3.2500 MB /   0.50 sec =   54.5524 Mbps     0 retrans   2596 KB-cwnd
[2024-05-28 18:16:35.232192]     7.8750 MB /   0.50 sec =  131.6726 Mbps     0 retrans   2596 KB-cwnd
[2024-05-28 18:16:35.730567]    10.3750 MB /   0.50 sec =  174.6336 Mbps     0 retrans   2596 KB-cwnd
[2024-05-28 18:16:36.231258]    10.0625 MB /   0.50 sec =  168.4216 Mbps     0 retrans   2596 KB-cwnd
[2024-05-28 18:16:36.731303]     3.0625 MB /   0.50 sec =   51.3756 Mbps     0 retrans   2596 KB-cwnd
[2024-05-28 18:16:37.230752]     0.8125 MB /   0.50 sec =   13.6456 Mbps     0 retrans   2596 KB-cwnd
[2024-05-28 18:16:37.730265]     0.5000 MB /   0.50 sec =    8.4018 Mbps     0 retrans   2596 KB-cwnd
[2024-05-28 18:16:38.229977]     3.2500 MB /   0.50 sec =   54.5224 Mbps     0 retrans   2596 KB-cwnd
[2024-05-28 18:16:38.729884]     1.6250 MB /   0.50 sec =   27.2667 Mbps     0 retrans   2596 KB-cwnd
[2024-05-28 18:16:39.229896]     3.9375 MB /   0.50 sec =   66.0587 Mbps     0 retrans   2596 KB-cwnd
[2024-05-28 18:16:39.729946]     5.1875 MB /   0.50 sec =   87.0323 Mbps     0 retrans   2596 KB-cwnd
[2024-05-28 18:16:40.230149]     2.4375 MB /   0.50 sec =   40.8937 Mbps     0 retrans   2596 KB-cwnd
[2024-05-28 18:16:40.729904]     4.5000 MB /   0.50 sec =   75.5028 Mbps     0 retrans   2596 KB-cwnd
[2024-05-28 18:16:41.230065]     6.5625 MB /   0.50 sec =  110.0763 Mbps     0 retrans   2596 KB-cwnd
[2024-05-28 18:16:41.730435]     4.6875 MB /   0.50 sec =   78.5761 Mbps     0 retrans   2596 KB-cwnd
[2024-05-28 18:16:42.230367]     2.3750 MB /   0.50 sec =   39.8494 Mbps     0 retrans   2596 KB-cwnd
[2024-05-28 18:16:42.730308]     3.3125 MB /   0.50 sec =   55.5796 Mbps     0 retrans   2596 KB-cwnd
[2024-05-28 18:16:43.229949]     4.6875 MB /   0.50 sec =   78.7041 Mbps     0 retrans   2596 KB-cwnd
[2024-05-28 18:16:43.729920]     4.6875 MB /   0.50 sec =   78.6421 Mbps     0 retrans   2596 KB-cwnd
[2024-05-28 18:16:44.230438]     6.2500 MB /   0.50 sec =  104.8270 Mbps     0 retrans   2596 KB-cwnd
[2024-05-28 18:16:44.730303]     6.3125 MB /   0.50 sec =  105.8590 Mbps     0 retrans   2596 KB-cwnd
[2024-05-28 18:16:45.230148]     7.3750 MB /   0.50 sec =  123.7763 Mbps     0 retrans   2596 KB-cwnd
[2024-05-28 18:16:45.730323]     7.0000 MB /   0.50 sec =  117.4126 Mbps     0 retrans   2596 KB-cwnd
[2024-05-28 18:16:46.229933]     8.3750 MB /   0.50 sec =  140.5935 Mbps     0 retrans   2596 KB-cwnd
[2024-05-28 18:16:46.730457]     9.0000 MB /   0.50 sec =  150.8661 Mbps     0 retrans   2596 KB-cwnd
[2024-05-28 18:16:47.229926]     7.9375 MB /   0.50 sec =  133.2918 Mbps  3353 retrans   2321 KB-cwnd
[2024-05-28 18:16:47.729909]     8.0000 MB /   0.50 sec =  134.2231 Mbps     0 retrans   2321 KB-cwnd
[2024-05-28 18:16:48.230421]     9.6250 MB /   0.50 sec =  161.4439 Mbps     0 retrans   2321 KB-cwnd
[2024-05-28 18:16:48.729936]    10.1250 MB /   0.50 sec =  169.8972 Mbps     0 retrans   2321 KB-cwnd
[2024-05-28 18:16:49.229978]    10.8750 MB /   0.50 sec =  182.4376 Mbps     0 retrans   2282 KB-cwnd
[2024-05-28 18:16:49.730983]    10.9375 MB /   0.50 sec =  183.3519 Mbps     0 retrans   2282 KB-cwnd
[2024-05-28 18:16:50.230394]    12.5000 MB /   0.50 sec =  209.9129 Mbps     0 retrans   2282 KB-cwnd
[2024-05-28 18:16:50.730666]    13.8125 MB /   0.50 sec =  231.5755 Mbps     0 retrans   2282 KB-cwnd
[2024-05-28 18:16:51.230080]     5.0625 MB /   0.50 sec =   84.9965 Mbps     0 retrans   2282 KB-cwnd
[2024-05-28 18:16:51.730380]     6.6250 MB /   0.50 sec =  111.0420 Mbps     0 retrans   2282 KB-cwnd
[2024-05-28 18:16:52.230697]     7.2500 MB /   0.50 sec =  121.6458 Mbps     0 retrans   2282 KB-cwnd
[2024-05-28 18:16:52.732052]    10.2500 MB /   0.50 sec =  171.5599 Mbps     0 retrans   2282 KB-cwnd
[2024-05-28 18:16:53.229895]    10.8125 MB /   0.50 sec =  181.9845 Mbps     0 retrans   2282 KB-cwnd
[2024-05-28 18:16:53.730287]    12.1875 MB /   0.50 sec =  204.4887 Mbps     0 retrans   2282 KB-cwnd
[2024-05-28 18:16:54.230262]    11.8750 MB /   0.50 sec =  199.2207 Mbps  9655 retrans   2640 KB-cwnd
[2024-05-28 18:16:54.729961]     8.3750 MB /   0.50 sec =  140.4974 Mbps     0 retrans   2640 KB-cwnd
[2024-05-28 18:16:55.232235]     5.8125 MB /   0.50 sec =   97.1575 Mbps     0 retrans   2640 KB-cwnd
[2024-05-28 18:16:55.729948]     5.4375 MB /   0.50 sec =   91.5640 Mbps     0 retrans   2640 KB-cwnd
[2024-05-28 18:16:56.230207]     8.6875 MB /   0.50 sec =  145.7253 Mbps     0 retrans   2640 KB-cwnd
[2024-05-28 18:16:56.729938]     7.1250 MB /   0.50 sec =  119.5668 Mbps     0 retrans   2640 KB-cwnd
[2024-05-28 18:16:57.230478]     1.6875 MB /   0.50 sec =   28.2804 Mbps     0 retrans   2640 KB-cwnd
[2024-05-28 18:16:57.729927]     3.9375 MB /   0.50 sec =   66.1313 Mbps     0 retrans   2640 KB-cwnd
[2024-05-28 18:16:58.230683]     3.6875 MB /   0.50 sec =   61.8104 Mbps     0 retrans   2640 KB-cwnd
[2024-05-28 18:16:58.729993]     0.4375 MB /   0.50 sec =    7.3462 Mbps     0 retrans   2640 KB-cwnd
[2024-05-28 18:16:59.229991]     0.8750 MB /   0.50 sec =   14.6785 Mbps     0 retrans   2640 KB-cwnd
[2024-05-28 18:16:59.730287]     4.5625 MB /   0.50 sec =   76.5626 Mbps     0 retrans   2640 KB-cwnd
[2024-05-28 18:17:00.229946]     3.9375 MB /   0.50 sec =   66.0562 Mbps     0 retrans   2640 KB-cwnd
[2024-05-28 18:17:00.730046]     3.1875 MB /   0.50 sec =   53.4718 Mbps     0 retrans   2640 KB-cwnd
[2024-05-28 18:17:01.230280]     3.6875 MB /   0.50 sec =   61.8278 Mbps     0 retrans   2640 KB-cwnd
[2024-05-28 18:17:01.729905]     0.8750 MB /   0.50 sec =   14.6910 Mbps     0 retrans   2640 KB-cwnd
[2024-05-28 18:17:02.231297]     3.1875 MB /   0.50 sec =   53.3759 Mbps     0 retrans   2640 KB-cwnd
[2024-05-28 18:17:02.730138]     3.0625 MB /   0.50 sec =   51.4779 Mbps     0 retrans   2640 KB-cwnd
[2024-05-28 18:17:03.230382]     2.1250 MB /   0.50 sec =   35.6533 Mbps     0 retrans   2640 KB-cwnd
[2024-05-28 18:17:03.731234]     0.1875 MB /   0.50 sec =    3.1428 Mbps     0 retrans   2640 KB-cwnd
[2024-05-28 18:17:04.231827]     0.1875 MB /   0.50 sec =    3.1374 Mbps     0 retrans   2640 KB-cwnd
[2024-05-28 18:17:04.730408]     1.8125 MB /   0.50 sec =   30.5173 Mbps     0 retrans   2640 KB-cwnd
[2024-05-28 18:17:05.229953]     2.2500 MB /   0.50 sec =   37.7475 Mbps     0 retrans   2640 KB-cwnd
[2024-05-28 18:17:05.729904]     2.1875 MB /   0.50 sec =   36.7009 Mbps     0 retrans   2640 KB-cwnd
[2024-05-28 18:17:06.229797]     2.0625 MB /   0.50 sec =   34.6065 Mbps     0 retrans   2640 KB-cwnd
[2024-05-28 18:17:06.729851]     1.2500 MB /   0.50 sec =   20.9708 Mbps     0 retrans   2640 KB-cwnd
[2024-05-28 18:17:07.230319]     2.3750 MB /   0.50 sec =   39.8463 Mbps     0 retrans   2640 KB-cwnd
[2024-05-28 18:17:07.732474]     1.8125 MB /   0.50 sec =   30.2877 Mbps     0 retrans   2640 KB-cwnd
[2024-05-28 18:17:08.229903]     1.1250 MB /   0.50 sec =   18.9490 Mbps     0 retrans   2640 KB-cwnd
[2024-05-28 18:17:08.730236]     1.1875 MB /   0.50 sec =   19.9115 Mbps     0 retrans   2640 KB-cwnd
[2024-05-28 18:17:09.230032]     1.3125 MB /   0.50 sec =   22.0309 Mbps     0 retrans   2640 KB-cwnd
[2024-05-28 18:17:09.729941]     1.0000 MB /   0.50 sec =   16.7782 Mbps     0 retrans   2640 KB-cwnd
[2024-05-28 18:17:10.231008]     0.2500 MB /   0.50 sec =    4.1894 Mbps     0 retrans   2640 KB-cwnd
[2024-05-28 18:17:10.730894]     0.2500 MB /   0.50 sec =    4.1991 Mbps     0 retrans   2640 KB-cwnd
[2024-05-28 18:17:11.229966]     0.9375 MB /   0.50 sec =   15.7286 Mbps     0 retrans   2640 KB-cwnd
[2024-05-28 18:17:11.730009]     0.8125 MB /   0.50 sec =   13.6313 Mbps     0 retrans   2640 KB-cwnd
[2024-05-28 18:17:12.231100]     0.6875 MB /   0.50 sec =   11.5078 Mbps     0 retrans   2640 KB-cwnd
[2024-05-28 18:17:12.730453]     0.5625 MB /   0.50 sec =    9.4506 Mbps     0 retrans   2640 KB-cwnd
[2024-05-28 18:17:13.231317]     0.4375 MB /   0.50 sec =    7.3315 Mbps     0 retrans   2640 KB-cwnd
[2024-05-28 18:17:13.730282]     0.8750 MB /   0.50 sec =   14.6999 Mbps     0 retrans   2640 KB-cwnd
[2024-05-28 18:17:14.230568]     0.6250 MB /   0.50 sec =   10.4831 Mbps     0 retrans   2640 KB-cwnd
[2024-05-28 18:17:14.730023]     0.3750 MB /   0.50 sec =    6.2967 Mbps     0 retrans   2640 KB-cwnd
[2024-05-28 18:17:15.229896]     1.0000 MB /   0.50 sec =   16.7804 Mbps     0 retrans   2640 KB-cwnd
[2024-05-28 18:17:15.730001]     0.6250 MB /   0.50 sec =   10.4840 Mbps     0 retrans   2640 KB-cwnd
[2024-05-28 18:17:16.229908]     0.0625 MB /   0.50 sec =    1.0488 Mbps     0 retrans   2640 KB-cwnd
[2024-05-28 18:17:16.729919]     0.6875 MB /   0.50 sec =   11.5343 Mbps     0 retrans   2640 KB-cwnd
[2024-05-28 18:17:17.229946]     0.7500 MB /   0.50 sec =   12.5834 Mbps     0 retrans   2640 KB-cwnd
[2024-05-28 18:17:17.729894]     1.0000 MB /   0.50 sec =   16.7766 Mbps     0 retrans   2640 KB-cwnd
[2024-05-28 18:17:18.230240]     0.6875 MB /   0.50 sec =   11.5263 Mbps     0 retrans   2640 KB-cwnd
[2024-05-28 18:17:18.730038]     1.0625 MB /   0.50 sec =   17.8364 Mbps     0 retrans   2640 KB-cwnd
[2024-05-28 18:17:19.229881]     0.8750 MB /   0.50 sec =   14.6822 Mbps     0 retrans   2640 KB-cwnd
[2024-05-28 18:17:19.732333]     1.3750 MB /   0.50 sec =   22.9852 Mbps     0 retrans   2640 KB-cwnd
[2024-05-28 18:17:20.230571]     1.1875 MB /   0.50 sec =   19.9806 Mbps     0 retrans   2640 KB-cwnd
[2024-05-28 18:17:20.731322]     0.7500 MB /   0.50 sec =   12.5593 Mbps     0 retrans   2640 KB-cwnd
[2024-05-28 18:17:21.230239]     1.2500 MB /   0.50 sec =   21.0219 Mbps     0 retrans   2640 KB-cwnd
[2024-05-28 18:17:21.730365]     0.6250 MB /   0.50 sec =   10.4787 Mbps     0 retrans   2640 KB-cwnd
[2024-05-28 18:17:22.229897]     1.5000 MB /   0.50 sec =   25.1863 Mbps     0 retrans   2640 KB-cwnd
[2024-05-28 18:17:22.729969]     1.8750 MB /   0.50 sec =   31.4560 Mbps     0 retrans   2640 KB-cwnd
[2024-05-28 18:17:23.230400]     2.1875 MB /   0.50 sec =   36.6681 Mbps     0 retrans   2640 KB-cwnd
[2024-05-28 18:17:23.730897]     2.5000 MB /   0.50 sec =   41.9341 Mbps     0 retrans   2640 KB-cwnd
[2024-05-28 18:17:24.231044]     1.2500 MB /   0.50 sec =   20.9513 Mbps     0 retrans   2640 KB-cwnd
[2024-05-28 18:17:24.729898]     3.0625 MB /   0.50 sec =   51.4927 Mbps     0 retrans   2640 KB-cwnd
[2024-05-28 18:17:25.229901]     3.4375 MB /   0.50 sec =   57.6716 Mbps     0 retrans   2640 KB-cwnd
[2024-05-28 18:17:25.729877]     2.9375 MB /   0.50 sec =   49.2819 Mbps     0 retrans   2640 KB-cwnd
[2024-05-28 18:17:26.229931]     3.6875 MB /   0.50 sec =   61.8532 Mbps     0 retrans   2640 KB-cwnd
[2024-05-28 18:17:26.730947]     2.8750 MB /   0.50 sec =   48.2346 Mbps     0 retrans   2640 KB-cwnd
[2024-05-28 18:17:27.230859]     4.1875 MB /   0.50 sec =   70.2045 Mbps  6038 retrans   2010 KB-cwnd
[2024-05-28 18:17:27.729783]     0.1875 MB /   0.50 sec =    3.1488 Mbps     0 retrans   2010 KB-cwnd
[2024-05-28 18:17:28.229772]     2.5000 MB /   0.50 sec =   41.9435 Mbps     0 retrans   2010 KB-cwnd
[2024-05-28 18:17:28.729838]     3.5000 MB /   0.50 sec =   58.7134 Mbps     0 retrans   2010 KB-cwnd
[2024-05-28 18:17:29.229775]     3.6250 MB /   0.50 sec =   60.8236 Mbps     0 retrans   2010 KB-cwnd
[2024-05-28 18:17:29.729855]     4.1875 MB /   0.50 sec =   70.2511 Mbps     0 retrans   2010 KB-cwnd
[2024-05-28 18:17:30.229769]     6.0000 MB /   0.50 sec =  100.6687 Mbps     0 retrans   2010 KB-cwnd
[2024-05-28 18:17:30.729868]     7.1875 MB /   0.50 sec =  120.5809 Mbps     0 retrans   2010 KB-cwnd
[2024-05-28 18:17:31.230740]     6.5625 MB /   0.50 sec =  110.0096 Mbps     0 retrans   2010 KB-cwnd
[2024-05-28 18:17:31.730161]     7.6250 MB /   0.50 sec =  128.0141 Mbps     0 retrans   2010 KB-cwnd
[2024-05-28 18:17:32.229803]     9.6875 MB /   0.50 sec =  162.5504 Mbps     0 retrans   2010 KB-cwnd
[2024-05-28 18:17:32.729802]     8.1250 MB /   0.50 sec =  136.3212 Mbps     0 retrans   2010 KB-cwnd
[2024-05-28 18:17:33.229873]     8.4375 MB /   0.50 sec =  141.5289 Mbps     0 retrans   2010 KB-cwnd
[2024-05-28 18:17:33.729780]     8.0625 MB /   0.50 sec =  135.2963 Mbps     0 retrans   2010 KB-cwnd
[2024-05-28 18:17:34.229883]     3.3125 MB /   0.50 sec =   55.5664 Mbps     0 retrans   2010 KB-cwnd
[2024-05-28 18:17:34.729887]     0.1250 MB /   0.50 sec =    2.0971 Mbps     0 retrans   2010 KB-cwnd
[2024-05-28 18:17:35.229828]     7.0625 MB /   0.50 sec =  118.5062 Mbps     0 retrans   2010 KB-cwnd
[2024-05-28 18:17:35.729896]     9.6875 MB /   0.50 sec =  162.5124 Mbps     0 retrans   2010 KB-cwnd
[2024-05-28 18:17:36.229860]     9.3750 MB /   0.50 sec =  157.2990 Mbps     0 retrans   2010 KB-cwnd
[2024-05-28 18:17:36.729973]     5.0625 MB /   0.50 sec =   84.9328 Mbps     0 retrans   2010 KB-cwnd
[2024-05-28 18:17:37.229881]     5.2500 MB /   0.50 sec =   88.0809 Mbps     0 retrans   2010 KB-cwnd
[2024-05-28 18:17:37.729843]     6.3125 MB /   0.50 sec =  105.9091 Mbps     0 retrans   2010 KB-cwnd
[2024-05-28 18:17:38.229993]     9.4375 MB /   0.50 sec =  158.3331 Mbps     0 retrans   2010 KB-cwnd
[2024-05-28 18:17:38.729781]     3.4375 MB /   0.50 sec =   57.6734 Mbps     0 retrans   2010 KB-cwnd
[2024-05-28 18:17:39.229948]     3.3125 MB /   0.50 sec =   55.5645 Mbps     0 retrans   2010 KB-cwnd
[2024-05-28 18:17:39.729986]     6.4375 MB /   0.50 sec =  108.0046 Mbps   257 retrans   3014 KB-cwnd
[2024-05-28 18:17:40.230052]     3.9375 MB /   0.50 sec =   66.0710 Mbps     0 retrans   3014 KB-cwnd
[2024-05-28 18:17:40.731334]     7.8125 MB /   0.50 sec =  130.9455 Mbps     0 retrans   3014 KB-cwnd
[2024-05-28 18:17:41.231708]     2.4375 MB /   0.50 sec =   40.7912 Mbps     0 retrans   3014 KB-cwnd
[2024-05-28 18:17:41.730803]     2.7500 MB /   0.50 sec =   46.2911 Mbps     0 retrans   3014 KB-cwnd
[2024-05-28 18:17:42.230856]     6.2500 MB /   0.50 sec =  104.7801 Mbps     0 retrans   3014 KB-cwnd
[2024-05-28 18:17:42.731464]     3.5625 MB /   0.50 sec =   59.6427 Mbps     0 retrans   3014 KB-cwnd
[2024-05-28 18:17:43.230230]     4.1250 MB /   0.50 sec =   69.4052 Mbps     0 retrans   3014 KB-cwnd
[2024-05-28 18:17:43.730111]     8.8750 MB /   0.50 sec =  148.9157 Mbps     0 retrans   3014 KB-cwnd
[2024-05-28 18:17:44.230833]     8.8750 MB /   0.50 sec =  148.8930 Mbps     0 retrans   3014 KB-cwnd
[2024-05-28 18:17:44.731063]     8.0000 MB /   0.50 sec =  134.0470 Mbps     0 retrans   3014 KB-cwnd
[2024-05-28 18:17:45.231970]     4.6250 MB /   0.50 sec =   77.4611 Mbps     0 retrans   3014 KB-cwnd
[2024-05-28 18:17:45.732860]     5.7500 MB /   0.50 sec =   96.3097 Mbps     0 retrans   3014 KB-cwnd
[2024-05-28 18:17:46.230420]     6.1250 MB /   0.50 sec =  103.2413 Mbps     0 retrans   3014 KB-cwnd
[2024-05-28 18:17:46.730021]     4.2500 MB /   0.50 sec =   71.2992 Mbps     0 retrans   3014 KB-cwnd
[2024-05-28 18:17:47.229864]     6.0625 MB /   0.50 sec =  101.7188 Mbps     0 retrans   3014 KB-cwnd
[2024-05-28 18:17:47.729826]     4.3750 MB /   0.50 sec =   73.4030 Mbps     0 retrans   3014 KB-cwnd
[2024-05-28 18:17:48.230876]     5.6875 MB /   0.50 sec =   95.3329 Mbps     0 retrans   3014 KB-cwnd
[2024-05-28 18:17:48.729935]     9.8750 MB /   0.50 sec =  165.8096 Mbps     0 retrans   3014 KB-cwnd
[2024-05-28 18:17:49.230574]     7.7500 MB /   0.50 sec =  130.0211 Mbps     0 retrans   3014 KB-cwnd
[2024-05-28 18:17:49.730819]    10.3750 MB /   0.50 sec =  173.9074 Mbps     0 retrans   3014 KB-cwnd
[2024-05-28 18:17:50.230461]    12.7500 MB /   0.50 sec =  213.8834 Mbps     0 retrans   3014 KB-cwnd
[2024-05-28 18:17:50.731704]     9.2500 MB /   0.50 sec =  154.9837 Mbps 11272 retrans    862 KB-cwnd
[2024-05-28 18:17:51.230378]     5.5000 MB /   0.50 sec =   92.4989 Mbps     0 retrans    862 KB-cwnd
[2024-05-28 18:17:51.729841]     4.8750 MB /   0.50 sec =   81.7924 Mbps     0 retrans    862 KB-cwnd
[2024-05-28 18:17:52.229790]     4.6875 MB /   0.50 sec =   78.6456 Mbps     0 retrans    862 KB-cwnd
[2024-05-28 18:17:52.730417]    11.5000 MB /   0.50 sec =  192.9129 Mbps     0 retrans    902 KB-cwnd
[2024-05-28 18:17:53.230376]    11.2500 MB /   0.50 sec =  188.7429 Mbps    18 retrans    902 KB-cwnd
[2024-05-28 18:17:53.729783]     4.6875 MB /   0.50 sec =   78.6531 Mbps     0 retrans   1086 KB-cwnd
[2024-05-28 18:17:54.230416]     4.3750 MB /   0.50 sec =   73.3270 Mbps     0 retrans   1086 KB-cwnd
[2024-05-28 18:17:54.730217]     6.5625 MB /   0.50 sec =  110.1415 Mbps     5 retrans   1094 KB-cwnd
[2024-05-28 18:17:55.230446]     8.3750 MB /   0.50 sec =  140.4564 Mbps     2 retrans   1094 KB-cwnd
[2024-05-28 18:17:55.730026]     8.0625 MB /   0.50 sec =  135.3743 Mbps     5 retrans   1177 KB-cwnd
[2024-05-28 18:17:56.231029]     2.3750 MB /   0.50 sec =   39.8122 Mbps     2 retrans   1177 KB-cwnd
[2024-05-28 18:17:56.730009]     1.8750 MB /   0.50 sec =   31.4847 Mbps     0 retrans   1177 KB-cwnd
[2024-05-28 18:17:57.230385]     1.3125 MB /   0.50 sec =   22.0034 Mbps     0 retrans   1177 KB-cwnd
[2024-05-28 18:17:57.729939]     2.1875 MB /   0.50 sec =   36.7270 Mbps     5 retrans   1221 KB-cwnd
[2024-05-28 18:17:58.231020]     4.1250 MB /   0.50 sec =   69.1366 Mbps     0 retrans   1221 KB-cwnd
[2024-05-28 18:17:58.729814]     4.5625 MB /   0.50 sec =   76.6374 Mbps     0 retrans   1221 KB-cwnd
[2024-05-28 18:17:59.229972]     1.5625 MB /   0.50 sec =   26.2117 Mbps     0 retrans   1221 KB-cwnd
[2024-05-28 18:17:59.729965]     4.5000 MB /   0.50 sec =   75.4934 Mbps     0 retrans   1265 KB-cwnd
[2024-05-28 18:18:00.231510]     4.4375 MB /   0.50 sec =   74.3796 Mbps     0 retrans   1265 KB-cwnd
[2024-05-28 18:18:00.730306]     4.9375 MB /   0.50 sec =   82.8567 Mbps     2 retrans   1276 KB-cwnd
[2024-05-28 18:18:01.229847]     5.4375 MB /   0.50 sec =   91.3041 Mbps     0 retrans   1276 KB-cwnd
[2024-05-28 18:18:01.730191]     0.7500 MB /   0.50 sec =   12.5776 Mbps     0 retrans   1276 KB-cwnd
[2024-05-28 18:18:02.229911]     0.1250 MB /   0.50 sec =    2.0980 Mbps     0 retrans   1276 KB-cwnd
[2024-05-28 18:18:02.729794]     2.1250 MB /   0.50 sec =   35.6537 Mbps     0 retrans   1276 KB-cwnd
[2024-05-28 18:18:03.230589]     5.8125 MB /   0.50 sec =   97.4371 Mbps     0 retrans   1339 KB-cwnd
[2024-05-28 18:18:03.729961]     4.5625 MB /   0.50 sec =   76.5966 Mbps     7 retrans   1339 KB-cwnd
[2024-05-28 18:18:04.229911]     3.5000 MB /   0.50 sec =   58.7252 Mbps     0 retrans   1339 KB-cwnd
[2024-05-28 18:18:04.729880]     2.4375 MB /   0.50 sec =   40.8959 Mbps     0 retrans   1339 KB-cwnd
End time: 1716934685045
