Start time: 1716822757537
[2024-05-27 11:13:01.348256] Connecting to host 35.245.244.238, port 5203
[2024-05-27 11:13:01.349334] Reverse mode, remote host 35.245.244.238 is sending
[2024-05-27 11:13:01.349451] [  5] local 192.168.1.21 port 35155 connected to 35.245.244.238 port 5203
[2024-05-27 11:13:01.349540] [ ID] Interval           Transfer     Bitrate         Jitter    Lost/Total Datagrams
[2024-05-27 11:13:01.349620] [  5]   0.00-0.50   sec  17.5 MBytes   294 Mbits/sec  0.017 ms  8726/21836 (40%)  
[2024-05-27 11:13:01.349698] [  5]   0.50-1.00   sec  19.7 MBytes   330 Mbits/sec  0.024 ms  7345/22083 (33%)  
[2024-05-27 11:13:01.349778] [  5]   1.00-1.50   sec  18.6 MBytes   312 Mbits/sec  1.643 ms  8042/21988 (37%)  
[2024-05-27 11:13:01.349851] [  5]   1.50-2.00   sec  11.3 MBytes   189 Mbits/sec  0.022 ms  14788/23232 (64%)  
[2024-05-27 11:13:01.349922] [  5]   2.00-2.50   sec  24.7 MBytes   415 Mbits/sec  0.060 ms  3353/21876 (15%)  
[2024-05-27 11:13:01.349998] [  5]   2.50-3.00   sec  29.3 MBytes   491 Mbits/sec  0.061 ms  404/22323 (1.8%)  
[2024-05-27 11:13:01.350070] [  5]   3.00-3.50   sec  27.9 MBytes   468 Mbits/sec  0.022 ms  1487/22366 (6.6%)  
[2024-05-27 11:13:01.350138] [  5]   3.50-4.00   sec  20.3 MBytes   341 Mbits/sec  0.048 ms  6969/22185 (31%)  
[2024-05-27 11:13:01.350205] [  5]   4.00-4.50   sec  23.0 MBytes   387 Mbits/sec  0.109 ms  5183/22447 (23%)  
[2024-05-27 11:13:01.350274] [  5]   4.50-5.00   sec  28.2 MBytes   474 Mbits/sec  0.030 ms  1333/22486 (5.9%)  
[2024-05-27 11:13:01.350343] [  5]   5.00-5.50   sec  25.0 MBytes   420 Mbits/sec  0.051 ms  3335/22070 (15%)  
[2024-05-27 11:13:01.350413] [  5]   5.50-6.00   sec  21.9 MBytes   368 Mbits/sec  0.009 ms  5887/22300 (26%)  
[2024-05-27 11:13:01.350485] [  5]   6.00-6.50   sec  24.9 MBytes   419 Mbits/sec  0.029 ms  3678/22362 (16%)  
[2024-05-27 11:13:01.350555] [  5]   6.50-7.00   sec  26.7 MBytes   447 Mbits/sec  0.015 ms  2388/22361 (11%)  
[2024-05-27 11:13:01.350623] [  5]   7.00-7.50   sec  26.9 MBytes   452 Mbits/sec  0.030 ms  2218/22397 (9.9%)  
[2024-05-27 11:13:01.350693] [  5]   7.50-8.00   sec  27.0 MBytes   452 Mbits/sec  0.036 ms  2041/22236 (9.2%)  
[2024-05-27 11:13:01.350917] [  5]   8.00-8.50   sec  28.0 MBytes   468 Mbits/sec  0.305 ms  1278/22255 (5.7%)  
[2024-05-27 11:13:01.350997] [  5]   8.50-9.00   sec  26.6 MBytes   449 Mbits/sec  0.039 ms  2446/22390 (11%)  
[2024-05-27 11:13:01.351066] [  5]   9.00-9.50   sec  24.5 MBytes   411 Mbits/sec  0.020 ms  3881/22237 (17%)  
[2024-05-27 11:13:01.351313] [  5]   9.50-10.00  sec  25.6 MBytes   430 Mbits/sec  0.012 ms  3100/22285 (14%)  
[2024-05-27 11:13:01.351753] [  5]  10.00-10.50  sec  27.1 MBytes   455 Mbits/sec  0.083 ms  2152/22448 (9.6%)  
[2024-05-27 11:13:01.352195] [  5]  10.50-11.00  sec  27.3 MBytes   457 Mbits/sec  0.005 ms  1921/22339 (8.6%)  
[2024-05-27 11:13:01.352637] [  5]  11.00-11.50  sec  24.0 MBytes   403 Mbits/sec  0.049 ms  4247/22218 (19%)  
[2024-05-27 11:13:01.353079] [  5]  11.50-12.00  sec  25.1 MBytes   420 Mbits/sec  0.032 ms  3542/22315 (16%)  
[2024-05-27 11:13:01.353324] [  5]  12.00-12.50  sec  22.9 MBytes   385 Mbits/sec  0.020 ms  5175/22364 (23%)  
[2024-05-27 11:13:01.353401] [  5]  12.50-13.00  sec  22.2 MBytes   372 Mbits/sec  0.040 ms  5839/22429 (26%)  
[2024-05-27 11:13:01.353479] [  5]  13.00-13.50  sec  26.4 MBytes   443 Mbits/sec  0.029 ms  2499/22281 (11%)  
[2024-05-27 11:13:01.353555] [  5]  13.50-14.00  sec  22.6 MBytes   379 Mbits/sec  0.065 ms  5344/22264 (24%)  
[2024-05-27 11:13:01.353630] [  5]  14.00-14.50  sec  22.4 MBytes   375 Mbits/sec  0.047 ms  5506/22256 (25%)  
[2024-05-27 11:13:01.353708] [  5]  14.50-15.00  sec  25.6 MBytes   429 Mbits/sec  0.011 ms  3257/22396 (15%)  
[2024-05-27 11:13:01.353784] [  5]  15.00-15.50  sec  27.6 MBytes   464 Mbits/sec  0.017 ms  1699/22399 (7.6%)  
[2024-05-27 11:13:01.353860] [  5]  15.50-16.00  sec  27.7 MBytes   464 Mbits/sec  0.033 ms  1524/22234 (6.9%)  
[2024-05-27 11:13:01.353940] [  5]  16.00-16.50  sec  27.7 MBytes   465 Mbits/sec  0.061 ms  1653/22432 (7.4%)  
[2024-05-27 11:13:01.354062] [  5]  16.50-17.00  sec  25.0 MBytes   419 Mbits/sec  0.100 ms  3386/22105 (15%)  
[2024-05-27 11:13:01.354145] [  5]  17.00-17.50  sec  24.6 MBytes   412 Mbits/sec  0.031 ms  3808/22210 (17%)  
[2024-05-27 11:13:01.354224] [  5]  17.50-18.00  sec  26.0 MBytes   437 Mbits/sec  0.010 ms  3111/22598 (14%)  
[2024-05-27 11:13:01.354298] [  5]  18.00-18.50  sec  26.5 MBytes   445 Mbits/sec  0.036 ms  2365/22245 (11%)  
[2024-05-27 11:13:01.354372] [  5]  18.50-19.00  sec  17.1 MBytes   284 Mbits/sec  0.275 ms  8260/21037 (39%)  
[2024-05-27 11:13:01.354448] [  5]  19.00-19.50  sec  11.6 MBytes   195 Mbits/sec  0.048 ms  14910/23569 (63%)  
[2024-05-27 11:13:01.354524] [  5]  19.50-20.00  sec  19.6 MBytes   329 Mbits/sec  0.019 ms  7726/22393 (35%)  
[2024-05-27 11:13:01.354598] [  5]  20.00-20.50  sec  22.8 MBytes   382 Mbits/sec  0.007 ms  5203/22273 (23%)  
[2024-05-27 11:13:01.354676] [  5]  20.50-21.00  sec  22.9 MBytes   385 Mbits/sec  0.033 ms  5172/22339 (23%)  
[2024-05-27 11:13:01.354818] [  5]  21.00-21.50  sec  19.9 MBytes   334 Mbits/sec  0.013 ms  7370/22290 (33%)  
[2024-05-27 11:13:01.354908] [  5]  21.50-22.00  sec  18.6 MBytes   312 Mbits/sec  0.046 ms  8404/22347 (38%)  
[2024-05-27 11:13:01.354992] [  5]  22.00-22.50  sec  16.8 MBytes   283 Mbits/sec  0.032 ms  9678/22293 (43%)  
[2024-05-27 11:13:01.355071] [  5]  22.50-23.00  sec  19.0 MBytes   318 Mbits/sec  0.133 ms  8071/22268 (36%)  
[2024-05-27 11:13:25.848275] [  5]  23.00-23.50  sec  14.7 MBytes   248 Mbits/sec  0.026 ms  11289/22332 (51%)  
[2024-05-27 11:13:25.848686] [  5]  23.50-24.00  sec  15.8 MBytes   264 Mbits/sec  0.014 ms  10574/22379 (47%)  
[2024-05-27 11:13:25.848794] [  5]  24.00-24.50  sec  19.3 MBytes   323 Mbits/sec  0.059 ms  7861/22285 (35%)  
[2024-05-27 11:13:25.848881] [  5]  24.50-25.00  sec  19.7 MBytes   330 Mbits/sec  0.053 ms  7625/22368 (34%)  
[2024-05-27 11:13:25.848967] [  5]  25.00-25.50  sec  17.0 MBytes   285 Mbits/sec  0.011 ms  9606/22311 (43%)  
[2024-05-27 11:13:25.849047] [  5]  25.50-26.00  sec  18.4 MBytes   308 Mbits/sec  0.097 ms  8514/22273 (38%)  
[2024-05-27 11:13:25.849126] [  5]  26.00-26.50  sec  23.4 MBytes   393 Mbits/sec  0.045 ms  4829/22381 (22%)  
[2024-05-27 11:13:25.849206] [  5]  26.50-27.00  sec  21.9 MBytes   367 Mbits/sec  0.032 ms  5921/22324 (27%)  
[2024-05-27 11:13:25.849285] [  5]  27.00-27.50  sec  20.8 MBytes   349 Mbits/sec  0.012 ms  6747/22310 (30%)  
[2024-05-27 11:13:25.849363] [  5]  27.50-28.00  sec  19.2 MBytes   322 Mbits/sec  0.008 ms  7753/22140 (35%)  
[2024-05-27 11:13:25.849439] [  5]  28.00-28.50  sec  19.3 MBytes   323 Mbits/sec  0.075 ms  8014/22452 (36%)  
[2024-05-27 11:13:25.849514] [  5]  28.50-29.00  sec  19.0 MBytes   320 Mbits/sec  0.015 ms  8055/22323 (36%)  
[2024-05-27 11:13:25.849591] [  5]  29.00-29.50  sec  19.0 MBytes   319 Mbits/sec  0.067 ms  8065/22292 (36%)  
[2024-05-27 11:13:25.849666] [  5]  29.50-30.00  sec  15.7 MBytes   264 Mbits/sec  0.016 ms  10609/22394 (47%)  
[2024-05-27 11:13:25.849745] [  5]  30.00-30.50  sec  19.7 MBytes   331 Mbits/sec  0.045 ms  7536/22295 (34%)  
[2024-05-27 11:13:25.849821] [  5]  30.50-31.00  sec  18.3 MBytes   307 Mbits/sec  0.021 ms  8653/22342 (39%)  
[2024-05-27 11:13:25.849896] [  5]  31.00-31.50  sec  20.0 MBytes   336 Mbits/sec  0.014 ms  7313/22321 (33%)  
[2024-05-27 11:13:25.849973] [  5]  31.50-32.00  sec  21.8 MBytes   366 Mbits/sec  0.022 ms  5998/22354 (27%)  
[2024-05-27 11:13:25.850051] [  5]  32.00-32.50  sec  23.4 MBytes   393 Mbits/sec  0.016 ms  4757/22301 (21%)  
[2024-05-27 11:13:25.850126] [  5]  32.50-33.00  sec  25.7 MBytes   431 Mbits/sec  0.031 ms  3091/22341 (14%)  
[2024-05-27 11:13:25.850200] [  5]  33.00-33.50  sec  21.1 MBytes   354 Mbits/sec  0.149 ms  6442/22237 (29%)  
[2024-05-27 11:13:25.850278] [  5]  33.50-34.00  sec  12.7 MBytes   213 Mbits/sec  0.141 ms  12743/22241 (57%)  
[2024-05-27 11:13:25.850353] [  5]  34.00-34.50  sec  17.7 MBytes   297 Mbits/sec  0.015 ms  9120/22381 (41%)  
[2024-05-27 11:13:25.850428] [  5]  34.50-35.00  sec  21.9 MBytes   368 Mbits/sec  0.023 ms  5998/22435 (27%)  
[2024-05-27 11:13:25.850547] [  5]  35.00-35.50  sec  14.1 MBytes   236 Mbits/sec  0.019 ms  11872/22425 (53%)  
[2024-05-27 11:13:25.850627] [  5]  35.50-36.00  sec  16.9 MBytes   284 Mbits/sec  0.059 ms  9635/22303 (43%)  
[2024-05-27 11:13:25.850701] [  5]  36.00-36.50  sec  18.8 MBytes   316 Mbits/sec  0.069 ms  7984/22088 (36%)  
[2024-05-27 11:13:25.850910] [  5]  36.50-37.00  sec  20.6 MBytes   345 Mbits/sec  0.029 ms  7040/22463 (31%)  
[2024-05-27 11:13:25.850996] [  5]  37.00-37.50  sec  20.2 MBytes   338 Mbits/sec  0.021 ms  7057/22151 (32%)  
[2024-05-27 11:13:25.851075] [  5]  37.50-38.00  sec  17.6 MBytes   296 Mbits/sec  0.086 ms  8693/21898 (40%)  
[2024-05-27 11:13:25.851151] [  5]  38.00-38.50  sec  19.1 MBytes   320 Mbits/sec  0.029 ms  8767/23053 (38%)  
[2024-05-27 11:13:25.851227] [  5]  38.50-39.00  sec  17.6 MBytes   295 Mbits/sec  0.018 ms  9036/22196 (41%)  
[2024-05-27 11:13:25.851301] [  5]  39.00-39.50  sec  22.1 MBytes   370 Mbits/sec  0.025 ms  5931/22464 (26%)  
[2024-05-27 11:13:25.851375] [  5]  39.50-40.00  sec  16.3 MBytes   273 Mbits/sec  0.053 ms  9884/22072 (45%)  
[2024-05-27 11:13:25.851447] [  5]  40.00-40.50  sec  16.2 MBytes   272 Mbits/sec  0.039 ms  10194/22364 (46%)  
[2024-05-27 11:13:25.851519] [  5]  40.50-41.00  sec  22.3 MBytes   374 Mbits/sec  0.064 ms  5537/22225 (25%)  
[2024-05-27 11:13:25.851593] [  5]  41.00-41.50  sec  22.1 MBytes   371 Mbits/sec  0.015 ms  5474/22042 (25%)  
[2024-05-27 11:13:25.851664] [  5]  41.50-42.00  sec  18.9 MBytes   317 Mbits/sec  0.009 ms  8753/22899 (38%)  
[2024-05-27 11:13:25.851736] [  5]  42.00-42.50  sec  18.7 MBytes   314 Mbits/sec  0.032 ms  8067/22085 (37%)  
[2024-05-27 11:13:25.851808] [  5]  42.50-43.00  sec  20.5 MBytes   344 Mbits/sec  0.018 ms  6591/21968 (30%)  
[2024-05-27 11:13:25.851884] [  5]  43.00-43.50  sec  22.0 MBytes   369 Mbits/sec  0.047 ms  6422/22894 (28%)  
[2024-05-27 11:13:25.851958] [  5]  43.50-44.00  sec  19.7 MBytes   330 Mbits/sec  0.107 ms  7611/22332 (34%)  
[2024-05-27 11:13:25.852078] [  5]  44.00-44.50  sec  14.4 MBytes   242 Mbits/sec  0.014 ms  11510/22320 (52%)  
[2024-05-27 11:13:25.852152] [  5]  44.50-45.00  sec  14.0 MBytes   234 Mbits/sec  0.052 ms  11579/22037 (53%)  
[2024-05-27 11:13:25.852224] [  5]  45.00-45.50  sec  17.9 MBytes   301 Mbits/sec  0.072 ms  8975/22410 (40%)  
[2024-05-27 11:13:25.852296] [  5]  45.50-46.00  sec  18.3 MBytes   308 Mbits/sec  0.094 ms  7733/21473 (36%)  
[2024-05-27 11:13:25.852369] [  5]  46.00-46.50  sec  21.0 MBytes   352 Mbits/sec  0.058 ms  7634/23346 (33%)  
[2024-05-27 11:13:25.852442] [  5]  46.50-47.00  sec  21.1 MBytes   354 Mbits/sec  0.058 ms  6380/22185 (29%)  
[2024-05-27 11:13:25.852519] [  5]  47.00-47.50  sec  18.7 MBytes   313 Mbits/sec  0.128 ms  8411/22395 (38%)  
[2024-05-27 11:13:50.348129] [  5]  47.50-48.00  sec  17.7 MBytes   296 Mbits/sec  0.016 ms  9176/22405 (41%)  
[2024-05-27 11:13:50.348597] [  5]  48.00-48.50  sec  18.8 MBytes   315 Mbits/sec  0.120 ms  8025/22105 (36%)  
[2024-05-27 11:13:50.348710] [  5]  48.50-49.00  sec  13.6 MBytes   229 Mbits/sec  0.017 ms  12188/22411 (54%)  
[2024-05-27 11:13:50.348794] [  5]  49.00-49.50  sec  14.1 MBytes   237 Mbits/sec  0.009 ms  11803/22369 (53%)  
[2024-05-27 11:13:50.348873] [  5]  49.50-50.00  sec  15.5 MBytes   261 Mbits/sec  0.107 ms  10699/22334 (48%)  
[2024-05-27 11:13:50.348950] [  5]  50.00-50.50  sec  14.9 MBytes   249 Mbits/sec  0.024 ms  11109/22244 (50%)  
[2024-05-27 11:13:50.349026] [  5]  50.50-51.00  sec  14.7 MBytes   247 Mbits/sec  0.038 ms  11372/22385 (51%)  
[2024-05-27 11:13:50.349100] [  5]  51.00-51.50  sec  15.8 MBytes   265 Mbits/sec  0.176 ms  10438/22273 (47%)  
[2024-05-27 11:13:50.349174] [  5]  51.50-52.00  sec  15.5 MBytes   260 Mbits/sec  0.016 ms  10603/22190 (48%)  
[2024-05-27 11:13:50.349247] [  5]  52.00-52.50  sec  15.7 MBytes   263 Mbits/sec  0.051 ms  10764/22514 (48%)  
[2024-05-27 11:13:50.349323] [  5]  52.50-53.00  sec  15.5 MBytes   260 Mbits/sec  0.023 ms  10641/22252 (48%)  
[2024-05-27 11:13:50.349440] [  5]  53.00-53.50  sec  17.1 MBytes   286 Mbits/sec  0.029 ms  9581/22369 (43%)  
[2024-05-27 11:13:50.349522] [  5]  53.50-54.00  sec  15.7 MBytes   264 Mbits/sec  0.012 ms  10368/22159 (47%)  
[2024-05-27 11:13:50.349597] [  5]  54.00-54.50  sec  16.3 MBytes   274 Mbits/sec  0.064 ms  10243/22484 (46%)  
[2024-05-27 11:13:50.349672] [  5]  54.50-55.00  sec  9.25 MBytes   155 Mbits/sec  0.031 ms  15392/22317 (69%)  
[2024-05-27 11:13:50.349750] [  5]  55.00-55.50  sec  13.6 MBytes   228 Mbits/sec  0.017 ms  12162/22337 (54%)  
[2024-05-27 11:13:50.349825] [  5]  55.50-56.00  sec  16.4 MBytes   275 Mbits/sec  0.030 ms  9835/22131 (44%)  
[2024-05-27 11:13:50.349900] [  5]  56.00-56.50  sec  17.5 MBytes   293 Mbits/sec  0.019 ms  9377/22474 (42%)  
[2024-05-27 11:13:50.349972] [  5]  56.50-57.00  sec  16.6 MBytes   279 Mbits/sec  0.023 ms  9891/22346 (44%)  
[2024-05-27 11:13:50.350045] [  5]  57.00-57.50  sec  17.2 MBytes   289 Mbits/sec  0.030 ms  9408/22319 (42%)  
[2024-05-27 11:13:50.350117] [  5]  57.50-58.00  sec  16.9 MBytes   284 Mbits/sec  0.051 ms  9356/22050 (42%)  
[2024-05-27 11:13:50.350196] [  5]  58.00-58.50  sec  15.9 MBytes   267 Mbits/sec  0.065 ms  10500/22438 (47%)  
[2024-05-27 11:13:50.350272] [  5]  58.50-59.00  sec  15.4 MBytes   259 Mbits/sec  0.029 ms  10889/22434 (49%)  
[2024-05-27 11:13:50.350346] [  5]  59.00-59.50  sec  15.1 MBytes   253 Mbits/sec  0.018 ms  11071/22371 (49%)  
[2024-05-27 11:13:50.350425] [  5]  59.50-60.00  sec  15.3 MBytes   256 Mbits/sec  0.017 ms  10668/22109 (48%)  
[2024-05-27 11:13:50.350498] [  5]  60.00-60.50  sec  14.4 MBytes   241 Mbits/sec  0.034 ms  11763/22518 (52%)  
[2024-05-27 11:13:50.350571] [  5]  60.50-61.00  sec  13.1 MBytes   221 Mbits/sec  0.021 ms  12443/22291 (56%)  
[2024-05-27 11:13:50.350642] [  5]  61.00-61.50  sec  10.5 MBytes   175 Mbits/sec  0.050 ms  14539/22369 (65%)  
[2024-05-27 11:13:50.350844] [  5]  61.50-62.00  sec  14.7 MBytes   247 Mbits/sec  0.007 ms  11090/22114 (50%)  
[2024-05-27 11:13:50.350934] [  5]  62.00-62.50  sec  15.3 MBytes   257 Mbits/sec  0.017 ms  10971/22454 (49%)  
[2024-05-27 11:13:50.351011] [  5]  62.50-63.00  sec  14.7 MBytes   247 Mbits/sec  0.037 ms  11287/22334 (51%)  
[2024-05-27 11:13:50.351085] [  5]  63.00-63.50  sec  15.7 MBytes   263 Mbits/sec  0.040 ms  10643/22369 (48%)  
[2024-05-27 11:13:50.351180] [  5]  63.50-64.00  sec  12.1 MBytes   203 Mbits/sec  0.079 ms  12364/21431 (58%)  
[2024-05-27 11:13:50.351253] [  5]  64.00-64.50  sec  19.1 MBytes   320 Mbits/sec  0.036 ms  8859/23133 (38%)  
[2024-05-27 11:13:50.351325] [  5]  64.50-65.00  sec  21.2 MBytes   356 Mbits/sec  0.017 ms  6894/22775 (30%)  
[2024-05-27 11:13:50.351396] [  5]  65.00-65.50  sec  27.9 MBytes   468 Mbits/sec  0.014 ms  1102/22001 (5%)  
[2024-05-27 11:13:50.351467] [  5]  65.50-66.00  sec  27.1 MBytes   454 Mbits/sec  0.225 ms  1834/22100 (8.3%)  
[2024-05-27 11:13:50.351537] [  5]  66.00-66.50  sec  29.7 MBytes   498 Mbits/sec  0.027 ms  1452/23699 (6.1%)  
[2024-05-27 11:13:50.351607] [  5]  66.50-67.00  sec  28.8 MBytes   482 Mbits/sec  0.034 ms  686/22223 (3.1%)  
[2024-05-27 11:13:50.351678] [  5]  67.00-67.50  sec  27.8 MBytes   467 Mbits/sec  0.035 ms  768/21561 (3.6%)  
[2024-05-27 11:13:50.351758] [  5]  67.50-68.00  sec  29.9 MBytes   501 Mbits/sec  0.013 ms  765/23146 (3.3%)  
[2024-05-27 11:13:50.351833] [  5]  68.00-68.50  sec  28.5 MBytes   479 Mbits/sec  0.007 ms  909/22287 (4.1%)  
[2024-05-27 11:13:50.351907] [  5]  68.50-69.00  sec  28.7 MBytes   482 Mbits/sec  0.016 ms  827/22359 (3.7%)  
[2024-05-27 11:13:50.351978] [  5]  69.00-69.50  sec  27.7 MBytes   465 Mbits/sec  0.009 ms  946/21701 (4.4%)  
[2024-05-27 11:13:50.352048] [  5]  69.50-70.00  sec  27.6 MBytes   463 Mbits/sec  0.042 ms  1473/22158 (6.6%)  
[2024-05-27 11:13:50.352119] [  5]  70.00-70.50  sec  28.4 MBytes   476 Mbits/sec  0.010 ms  727/21997 (3.3%)  
[2024-05-27 11:13:50.352203] [  5]  70.50-71.00  sec  26.2 MBytes   439 Mbits/sec  0.035 ms  2567/22161 (12%)  
[2024-05-27 11:13:50.352415] [  5]  71.00-71.50  sec  23.9 MBytes   402 Mbits/sec  0.012 ms  4372/22298 (20%)  
[2024-05-27 11:13:50.352565] [  5]  71.50-72.00  sec  21.8 MBytes   366 Mbits/sec  0.027 ms  6042/22391 (27%)  
[2024-05-27 11:14:15.347754] [  5]  72.00-72.50  sec  25.8 MBytes   434 Mbits/sec  0.019 ms  2975/22333 (13%)  
[2024-05-27 11:14:15.348273] [  5]  72.50-73.00  sec  18.7 MBytes   313 Mbits/sec  0.012 ms  524/14556 (3.6%)  
[2024-05-27 11:14:15.348379] [  5]  73.00-73.50  sec  0.00 Bytes  0.00 bits/sec  0.012 ms  0/0 (0%)  
[2024-05-27 11:14:15.348454] [  5]  73.50-74.00  sec  33.5 MBytes   565 Mbits/sec  0.037 ms  27855/52972 (53%)  
[2024-05-27 11:14:15.348526] [  5]  74.00-74.50  sec  10.5 MBytes   176 Mbits/sec  0.021 ms  396/8280 (4.8%)  
[2024-05-27 11:14:15.348591] [  5]  74.50-75.00  sec  0.00 Bytes  0.00 bits/sec  0.021 ms  0/0 (0%)  
[2024-05-27 11:14:15.348657] [  5]  75.00-75.50  sec  0.00 Bytes  0.00 bits/sec  0.021 ms  0/0 (0%)  
[2024-05-27 11:14:15.348723] [  5]  75.50-76.00  sec  0.00 Bytes  0.00 bits/sec  0.021 ms  0/0 (0%)  
[2024-05-27 11:14:15.348788] [  5]  76.00-76.50  sec  0.00 Bytes  0.00 bits/sec  0.021 ms  0/0 (0%)  
[2024-05-27 11:14:15.348854] [  5]  76.50-77.00  sec  0.00 Bytes  0.00 bits/sec  0.021 ms  0/0 (0%)  
[2024-05-27 11:14:15.348922] [  5]  77.00-77.50  sec  0.00 Bytes  0.00 bits/sec  0.021 ms  0/0 (0%)  
[2024-05-27 11:14:15.348991] [  5]  77.50-78.00  sec  0.00 Bytes  0.00 bits/sec  0.021 ms  0/0 (0%)  
[2024-05-27 11:14:15.349059] [  5]  78.00-78.50  sec  0.00 Bytes  0.00 bits/sec  0.021 ms  0/0 (0%)  
[2024-05-27 11:14:15.349128] [  5]  78.50-79.00  sec  1.95 MBytes  32.8 Mbits/sec  0.021 ms  213084/214545 (99%)  
[2024-05-27 11:14:15.349196] [  5]  79.00-79.50  sec  21.2 MBytes   356 Mbits/sec  0.017 ms  6334/22234 (28%)  
[2024-05-27 11:14:15.349266] [  5]  79.50-80.00  sec  22.1 MBytes   372 Mbits/sec  0.022 ms  5816/22403 (26%)  
[2024-05-27 11:14:15.349334] [  5]  80.00-80.50  sec  18.8 MBytes   315 Mbits/sec  0.069 ms  8218/22269 (37%)  
[2024-05-27 11:14:15.349401] [  5]  80.50-81.00  sec  22.4 MBytes   375 Mbits/sec  0.058 ms  5612/22363 (25%)  
[2024-05-27 11:14:15.349465] [  5]  81.00-81.50  sec  22.2 MBytes   373 Mbits/sec  0.018 ms  5587/22246 (25%)  
[2024-05-27 11:14:15.349533] [  5]  81.50-82.00  sec  23.1 MBytes   387 Mbits/sec  0.018 ms  5122/22410 (23%)  
[2024-05-27 11:14:15.349600] [  5]  82.00-82.50  sec  21.5 MBytes   361 Mbits/sec  0.018 ms  6167/22289 (28%)  
[2024-05-27 11:14:15.349666] [  5]  82.50-83.00  sec  22.8 MBytes   383 Mbits/sec  0.040 ms  5237/22347 (23%)  
[2024-05-27 11:14:15.349738] [  5]  83.00-83.50  sec  20.0 MBytes   335 Mbits/sec  0.014 ms  7186/22157 (32%)  
[2024-05-27 11:14:15.349807] [  5]  83.50-84.00  sec  17.2 MBytes   288 Mbits/sec  0.045 ms  9519/22391 (43%)  
[2024-05-27 11:14:15.349879] [  5]  84.00-84.50  sec  20.8 MBytes   350 Mbits/sec  0.075 ms  6797/22405 (30%)  
[2024-05-27 11:14:15.349950] [  5]  84.50-85.00  sec  22.7 MBytes   382 Mbits/sec  0.049 ms  5287/22324 (24%)  
[2024-05-27 11:14:15.350020] [  5]  85.00-85.50  sec  17.7 MBytes   297 Mbits/sec  0.030 ms  8967/22245 (40%)  
[2024-05-27 11:14:15.350088] [  5]  85.50-86.00  sec  22.5 MBytes   377 Mbits/sec  0.044 ms  5582/22398 (25%)  
[2024-05-27 11:14:15.350156] [  5]  86.00-86.50  sec  22.1 MBytes   371 Mbits/sec  0.034 ms  5695/22251 (26%)  
[2024-05-27 11:14:15.350224] [  5]  86.50-87.00  sec  20.7 MBytes   348 Mbits/sec  0.072 ms  6857/22389 (31%)  
[2024-05-27 11:14:15.350289] [  5]  87.00-87.50  sec  20.9 MBytes   351 Mbits/sec  0.040 ms  6580/22238 (30%)  
[2024-05-27 11:14:15.350354] [  5]  87.50-88.00  sec  19.4 MBytes   326 Mbits/sec  0.015 ms  7858/22400 (35%)  
[2024-05-27 11:14:15.350421] [  5]  88.00-88.50  sec  18.1 MBytes   304 Mbits/sec  0.010 ms  8764/22315 (39%)  
[2024-05-27 11:14:15.350491] [  5]  88.50-89.00  sec  21.5 MBytes   360 Mbits/sec  0.053 ms  6246/22333 (28%)  
[2024-05-27 11:14:15.350559] [  5]  89.00-89.50  sec  22.2 MBytes   373 Mbits/sec  0.053 ms  5583/22232 (25%)  
[2024-05-27 11:14:15.350623] [  5]  89.50-90.00  sec  21.8 MBytes   367 Mbits/sec  0.011 ms  6042/22396 (27%)  
[2024-05-27 11:14:15.350835] [  5]  90.00-90.50  sec  18.3 MBytes   307 Mbits/sec  0.021 ms  8404/22130 (38%)  
[2024-05-27 11:14:15.350925] [  5]  90.50-91.00  sec  21.8 MBytes   366 Mbits/sec  0.022 ms  6232/22552 (28%)  
[2024-05-27 11:14:15.350996] [  5]  91.00-91.50  sec  23.0 MBytes   386 Mbits/sec  0.015 ms  5004/22229 (23%)  
[2024-05-27 11:14:15.351060] [  5]  91.50-92.00  sec  21.6 MBytes   362 Mbits/sec  0.012 ms  6223/22380 (28%)  
[2024-05-27 11:14:15.351126] [  5]  92.00-92.50  sec  22.4 MBytes   376 Mbits/sec  0.022 ms  5532/22309 (25%)  
[2024-05-27 11:14:15.351189] [  5]  92.50-93.00  sec  19.0 MBytes   318 Mbits/sec  0.192 ms  8070/22297 (36%)  
[2024-05-27 11:14:15.351255] [  5]  93.00-93.50  sec  16.6 MBytes   279 Mbits/sec  0.054 ms  9733/22194 (44%)  
[2024-05-27 11:14:15.351319] [  5]  93.50-94.00  sec  12.3 MBytes   206 Mbits/sec  0.023 ms  12962/22180 (58%)  
[2024-05-27 11:14:15.351391] [  5]  94.00-94.50  sec  13.6 MBytes   227 Mbits/sec  0.015 ms  12158/22310 (54%)  
[2024-05-27 11:14:15.351452] [  5]  94.50-95.00  sec  14.1 MBytes   236 Mbits/sec  0.060 ms  11764/22312 (53%)  
[2024-05-27 11:14:15.351516] [  5]  95.00-95.50  sec  13.1 MBytes   220 Mbits/sec  0.012 ms  12308/22110 (56%)  
[2024-05-27 11:14:15.351582] [  5]  95.50-96.00  sec  14.7 MBytes   246 Mbits/sec  0.052 ms  11387/22378 (51%)  
[2024-05-27 11:14:15.351645] [  5]  96.00-96.50  sec  16.2 MBytes   272 Mbits/sec  0.013 ms  10319/22441 (46%)  
[2024-05-27 11:14:15.351707] [  5]  96.50-97.00  sec  13.0 MBytes   217 Mbits/sec  0.158 ms  12684/22385 (57%)  
[2024-05-27 11:14:38.322174] [  5]  97.00-97.50  sec  13.9 MBytes   234 Mbits/sec  0.032 ms  11846/22292 (53%)  
[2024-05-27 11:14:38.322649] [  5]  97.50-98.00  sec  14.7 MBytes   247 Mbits/sec  0.015 ms  11123/22160 (50%)  
[2024-05-27 11:14:38.322861] [  5]  98.00-98.50  sec  12.2 MBytes   204 Mbits/sec  0.131 ms  13296/22400 (59%)  
[2024-05-27 11:14:38.322988] [  5]  98.50-99.00  sec  11.7 MBytes   196 Mbits/sec  0.053 ms  13655/22425 (61%)  
[2024-05-27 11:14:38.323202] [  5]  99.00-99.50  sec  8.37 MBytes   140 Mbits/sec  0.020 ms  16042/22314 (72%)  
[2024-05-27 11:14:38.323301] [  5]  99.50-100.00 sec  12.8 MBytes   215 Mbits/sec  0.046 ms  12740/22333 (57%)  
[2024-05-27 11:14:38.323401] [  5] 100.00-100.50 sec  12.4 MBytes   208 Mbits/sec  0.071 ms  13029/22329 (58%)  
[2024-05-27 11:14:38.323501] [  5] 100.50-101.00 sec  9.85 MBytes   165 Mbits/sec  0.037 ms  14928/22308 (67%)  
[2024-05-27 11:14:38.323598] [  5] 101.00-101.50 sec  6.88 MBytes   115 Mbits/sec  0.065 ms  17090/22240 (77%)  
[2024-05-27 11:14:38.323672] [  5] 101.50-102.00 sec   902 KBytes  14.8 Mbits/sec  0.073 ms  20085/20745 (97%)  
[2024-05-27 11:14:38.323745] [  5] 102.00-102.50 sec  6.94 MBytes   117 Mbits/sec  0.244 ms  17807/23007 (77%)  
[2024-05-27 11:14:38.323818] [  5] 102.50-103.00 sec  28.7 MBytes   482 Mbits/sec  0.012 ms  2684/24185 (11%)  
[2024-05-27 11:14:38.323892] [  5] 103.00-103.50 sec  24.2 MBytes   406 Mbits/sec  0.019 ms  3494/21601 (16%)  
[2024-05-27 11:14:38.323968] [  5] 103.50-104.00 sec  26.7 MBytes   448 Mbits/sec  0.103 ms  2614/22621 (12%)  
[2024-05-27 11:14:38.324161] [  5] 104.00-104.50 sec  27.5 MBytes   461 Mbits/sec  0.029 ms  1484/22058 (6.7%)  
[2024-05-27 11:14:38.324208] [  5] 104.50-105.00 sec  24.3 MBytes   407 Mbits/sec  0.013 ms  4208/22390 (19%)  
[2024-05-27 11:14:38.324243] [  5] 105.00-105.50 sec  25.1 MBytes   421 Mbits/sec  0.028 ms  3513/22292 (16%)  
[2024-05-27 11:14:38.324275] [  5] 105.50-106.00 sec  29.8 MBytes   499 Mbits/sec  0.024 ms  804/23087 (3.5%)  
[2024-05-27 11:14:38.324309] [  5] 106.00-106.50 sec  28.8 MBytes   484 Mbits/sec  0.043 ms  978/22586 (4.3%)  
[2024-05-27 11:14:38.324341] [  5] 106.50-107.00 sec  28.0 MBytes   469 Mbits/sec  0.038 ms  879/21818 (4%)  
[2024-05-27 11:14:38.324374] [  5] 107.00-107.50 sec  26.9 MBytes   451 Mbits/sec  0.031 ms  1635/21787 (7.5%)  
[2024-05-27 11:14:38.324410] [  5] 107.50-108.00 sec  23.4 MBytes   393 Mbits/sec  0.016 ms  4743/22298 (21%)  
[2024-05-27 11:14:38.324441] [  5] 108.00-108.50 sec  24.3 MBytes   408 Mbits/sec  0.052 ms  4116/22346 (18%)  
[2024-05-27 11:14:38.324491] [  5] 108.50-109.00 sec  15.6 MBytes   261 Mbits/sec  0.022 ms  10742/22393 (48%)  
[2024-05-27 11:14:38.324525] [  5] 109.00-109.50 sec  6.40 MBytes   107 Mbits/sec  0.067 ms  17365/22155 (78%)  
[2024-05-27 11:14:38.324559] [  5] 109.50-110.00 sec  13.5 MBytes   226 Mbits/sec  0.070 ms  12294/22404 (55%)  
[2024-05-27 11:14:38.324624] [  5] 110.00-110.50 sec  13.4 MBytes   224 Mbits/sec  0.116 ms  12305/22333 (55%)  
[2024-05-27 11:14:38.324656] [  5] 110.50-111.00 sec  16.1 MBytes   271 Mbits/sec  0.030 ms  10306/22377 (46%)  
[2024-05-27 11:14:38.324688] [  5] 111.00-111.50 sec  17.3 MBytes   291 Mbits/sec  0.019 ms  9298/22275 (42%)  
[2024-05-27 11:14:38.324718] [  5] 111.50-112.00 sec  14.9 MBytes   250 Mbits/sec  0.043 ms  11133/22310 (50%)  
[2024-05-27 11:14:38.324791] [  5] 112.00-112.50 sec  11.5 MBytes   193 Mbits/sec  0.040 ms  13727/22362 (61%)  
[2024-05-27 11:14:38.324870] [  5] 112.50-113.00 sec  12.6 MBytes   212 Mbits/sec  0.010 ms  12704/22171 (57%)  
[2024-05-27 11:14:38.324948] [  5] 113.00-113.50 sec  15.7 MBytes   264 Mbits/sec  0.025 ms  10574/22347 (47%)  
[2024-05-27 11:14:38.324995] [  5] 113.50-114.00 sec  13.7 MBytes   230 Mbits/sec  0.048 ms  12116/22403 (54%)  
[2024-05-27 11:14:38.325026] [  5] 114.00-114.50 sec  16.9 MBytes   284 Mbits/sec  0.030 ms  9655/22327 (43%)  
[2024-05-27 11:14:38.325057] [  5] 114.50-115.00 sec  16.9 MBytes   283 Mbits/sec  0.014 ms  9744/22384 (44%)  
[2024-05-27 11:14:38.325087] [  5] 115.00-115.50 sec  16.6 MBytes   278 Mbits/sec  0.029 ms  9759/22173 (44%)  
[2024-05-27 11:14:38.325117] [  5] 115.50-116.00 sec  14.5 MBytes   243 Mbits/sec  0.059 ms  11587/22414 (52%)  
[2024-05-27 11:14:38.325172] [  5] 116.00-116.50 sec  16.1 MBytes   269 Mbits/sec  0.049 ms  10279/22309 (46%)  
[2024-05-27 11:14:38.325202] [  5] 116.50-117.00 sec  20.1 MBytes   336 Mbits/sec  0.016 ms  7368/22387 (33%)  
[2024-05-27 11:14:38.325415] [  5] 117.00-117.50 sec  17.4 MBytes   292 Mbits/sec  0.011 ms  9159/22196 (41%)  
[2024-05-27 11:14:38.325445] [  5] 117.50-118.00 sec  16.1 MBytes   269 Mbits/sec  0.025 ms  10370/22393 (46%)  
[2024-05-27 11:14:38.325475] [  5] 118.00-118.50 sec  17.0 MBytes   285 Mbits/sec  0.047 ms  9648/22366 (43%)  
[2024-05-27 11:14:38.325506] [  5] 118.50-119.00 sec  18.5 MBytes   310 Mbits/sec  0.020 ms  8498/22327 (38%)  
[2024-05-27 11:14:38.325536] [  5] 119.00-119.50 sec  17.2 MBytes   289 Mbits/sec  0.038 ms  9286/22171 (42%)  
[2024-05-27 11:14:38.325569] [  5] 119.50-120.00 sec  16.0 MBytes   268 Mbits/sec  0.035 ms  10401/22379 (46%)  
[2024-05-27 11:14:38.325602] - - - - - - - - - - - - - - - - - - - - - - - - -
[2024-05-27 11:14:38.325632] [ ID] Interval           Transfer     Bitrate         Jitter    Lost/Total Datagrams
[2024-05-27 11:14:38.325686] [  5]   0.00-120.06 sec  6.99 GBytes   500 Mbits/sec  0.000 ms  0/5359881 (0%)  sender
[2024-05-27 11:14:38.325716] [SUM]  0.0-120.1 sec  1536 datagrams received out-of-order
[2024-05-27 11:14:38.325745] [  5]   0.00-120.00 sec  4.40 GBytes   315 Mbits/sec  0.035 ms  1978250/5356553 (37%)  receiver
[2024-05-27 11:14:38.325775] 
[2024-05-27 11:14:38.325805] iperf Done.
End time: 1716822878338
