Start time: 1716934543681
[2024-05-28 18:15:44.536108] nuttcp-r: v8.1.4: socket
[2024-05-28 18:15:44.537267] nuttcp-r: buflen=65536, nstream=1, port=5001 tcp
[2024-05-28 18:15:44.537411] nuttcp-r: interval reporting every 0.50 seconds
[2024-05-28 18:15:44.537529] nuttcp-r: connect to 35.245.244.238 with RTT=60.342 ms af=inet
[2024-05-28 18:15:44.537637] nuttcp-r: send window size = 1048576, receive window size = 4194304
[2024-05-28 18:15:44.537740] nuttcp-r: available send window = 786432, available receive window = 3145728
[2024-05-28 18:15:44.537840]     0.3125 MB /   0.50 sec =    5.2411 Mbps     0 retrans     13 KB-cwnd
[2024-05-28 18:15:45.035550]     0.8750 MB /   0.50 sec =   14.6834 Mbps     0 retrans     13 KB-cwnd
[2024-05-28 18:15:45.536006]     2.0625 MB /   0.50 sec =   34.6033 Mbps     0 retrans     13 KB-cwnd
[2024-05-28 18:15:46.036079]     2.1875 MB /   0.50 sec =   36.6826 Mbps     0 retrans     13 KB-cwnd
[2024-05-28 18:15:46.535766]     2.3125 MB /   0.50 sec =   38.8149 Mbps     0 retrans     13 KB-cwnd
[2024-05-28 18:15:47.035711]     3.3750 MB /   0.50 sec =   56.6249 Mbps     0 retrans     13 KB-cwnd
[2024-05-28 18:15:47.535942]     3.8750 MB /   0.50 sec =   65.0089 Mbps     0 retrans     13 KB-cwnd
[2024-05-28 18:15:48.035675]     3.8750 MB /   0.50 sec =   65.0065 Mbps     0 retrans     13 KB-cwnd
[2024-05-28 18:15:48.535661]     4.1250 MB /   0.50 sec =   69.2073 Mbps     0 retrans     13 KB-cwnd
[2024-05-28 18:15:49.035746]     4.0625 MB /   0.50 sec =   68.1641 Mbps     0 retrans     13 KB-cwnd
[2024-05-28 18:15:49.536049]     4.8125 MB /   0.50 sec =   80.6837 Mbps     0 retrans     13 KB-cwnd
[2024-05-28 18:15:50.035653]     3.0000 MB /   0.50 sec =   50.3656 Mbps     0 retrans     13 KB-cwnd
[2024-05-28 18:15:50.535583]     5.0000 MB /   0.50 sec =   83.8899 Mbps     0 retrans     13 KB-cwnd
[2024-05-28 18:15:51.035649]     5.5000 MB /   0.50 sec =   92.2645 Mbps     0 retrans     13 KB-cwnd
[2024-05-28 18:15:51.535767]     5.0625 MB /   0.50 sec =   84.9384 Mbps     0 retrans     13 KB-cwnd
[2024-05-28 18:15:52.035635]     3.0000 MB /   0.50 sec =   50.3327 Mbps     0 retrans     13 KB-cwnd
[2024-05-28 18:15:52.535666]     4.4375 MB /   0.50 sec =   74.4473 Mbps     0 retrans     13 KB-cwnd
[2024-05-28 18:15:53.035612]     4.6250 MB /   0.50 sec =   77.5970 Mbps     0 retrans     13 KB-cwnd
[2024-05-28 18:15:53.535655]     4.8125 MB /   0.50 sec =   80.7434 Mbps     0 retrans     13 KB-cwnd
[2024-05-28 18:15:54.035791]     3.6875 MB /   0.50 sec =   61.8566 Mbps     0 retrans     13 KB-cwnd
[2024-05-28 18:15:54.535646]     3.5625 MB /   0.50 sec =   59.7719 Mbps     0 retrans     13 KB-cwnd
[2024-05-28 18:15:55.035843]     2.5000 MB /   0.50 sec =   41.9448 Mbps     0 retrans     13 KB-cwnd
[2024-05-28 18:15:55.536626]     2.5625 MB /   0.50 sec =   42.9094 Mbps     0 retrans     13 KB-cwnd
[2024-05-28 18:15:56.035789]     2.0000 MB /   0.50 sec =   33.6169 Mbps     0 retrans     13 KB-cwnd
[2024-05-28 18:15:56.535598]     2.6875 MB /   0.50 sec =   45.0938 Mbps     0 retrans     13 KB-cwnd
[2024-05-28 18:15:57.036063]     1.6250 MB /   0.50 sec =   27.2550 Mbps     0 retrans     13 KB-cwnd
[2024-05-28 18:15:57.535901]     2.3125 MB /   0.50 sec =   38.7854 Mbps     0 retrans     13 KB-cwnd
[2024-05-28 18:15:58.035758]     1.3750 MB /   0.50 sec =   23.0808 Mbps     0 retrans     13 KB-cwnd
[2024-05-28 18:15:58.535849]     1.6875 MB /   0.50 sec =   28.3035 Mbps     0 retrans     13 KB-cwnd
[2024-05-28 18:15:59.035906]     1.5000 MB /   0.50 sec =   25.1667 Mbps     0 retrans     13 KB-cwnd
[2024-05-28 18:15:59.535595]     2.2500 MB /   0.50 sec =   37.7610 Mbps     0 retrans     13 KB-cwnd
[2024-05-28 18:16:00.035748]     2.0625 MB /   0.50 sec =   34.5937 Mbps     0 retrans     13 KB-cwnd
[2024-05-28 18:16:00.535984]     2.4375 MB /   0.50 sec =   40.8776 Mbps     0 retrans     13 KB-cwnd
[2024-05-28 18:16:01.036389]     2.7500 MB /   0.50 sec =   46.1018 Mbps     0 retrans     13 KB-cwnd
[2024-05-28 18:16:01.535883]     1.7500 MB /   0.50 sec =   29.3902 Mbps     0 retrans     13 KB-cwnd
[2024-05-28 18:16:02.035729]     2.3750 MB /   0.50 sec =   39.8537 Mbps     0 retrans     13 KB-cwnd
[2024-05-28 18:16:02.535637]     2.7500 MB /   0.50 sec =   46.1475 Mbps     0 retrans     13 KB-cwnd
[2024-05-28 18:16:03.035724]     1.4375 MB /   0.50 sec =   24.1120 Mbps     0 retrans     13 KB-cwnd
[2024-05-28 18:16:03.536271]     2.8125 MB /   0.50 sec =   47.1662 Mbps     0 retrans     13 KB-cwnd
[2024-05-28 18:16:04.036992]     2.0625 MB /   0.50 sec =   34.5327 Mbps     0 retrans     13 KB-cwnd
[2024-05-28 18:16:04.535726]     3.3750 MB /   0.50 sec =   56.7777 Mbps     0 retrans     13 KB-cwnd
[2024-05-28 18:16:05.035926]     2.1875 MB /   0.50 sec =   36.6751 Mbps     0 retrans     13 KB-cwnd
[2024-05-28 18:16:05.535683]     2.5000 MB /   0.50 sec =   41.9645 Mbps     0 retrans     13 KB-cwnd
[2024-05-28 18:16:06.035785]     2.2500 MB /   0.50 sec =   37.7413 Mbps     0 retrans     13 KB-cwnd
[2024-05-28 18:16:06.535665]     3.3750 MB /   0.50 sec =   56.6344 Mbps     0 retrans     13 KB-cwnd
[2024-05-28 18:16:07.035873]     1.8125 MB /   0.50 sec =   30.4037 Mbps     0 retrans     13 KB-cwnd
[2024-05-28 18:16:07.535584]     2.8750 MB /   0.50 sec =   48.2488 Mbps     0 retrans     13 KB-cwnd
[2024-05-28 18:16:08.035540]     3.1875 MB /   0.50 sec =   53.4798 Mbps     0 retrans     13 KB-cwnd
[2024-05-28 18:16:08.535604]     3.5625 MB /   0.50 sec =   59.7654 Mbps     0 retrans     13 KB-cwnd
[2024-05-28 18:16:09.035536]     3.2500 MB /   0.50 sec =   54.5277 Mbps     0 retrans     13 KB-cwnd
[2024-05-28 18:16:09.536573]     3.1875 MB /   0.50 sec =   53.3749 Mbps     0 retrans     13 KB-cwnd
[2024-05-28 18:16:10.035606]     2.8125 MB /   0.50 sec =   47.2744 Mbps     0 retrans     13 KB-cwnd
[2024-05-28 18:16:10.536607]     3.0625 MB /   0.50 sec =   51.2805 Mbps     0 retrans     13 KB-cwnd
[2024-05-28 18:16:11.035918]     3.8125 MB /   0.50 sec =   64.0610 Mbps     0 retrans     13 KB-cwnd
[2024-05-28 18:16:11.536912]     2.0625 MB /   0.50 sec =   34.5314 Mbps     0 retrans     13 KB-cwnd
[2024-05-28 18:16:12.035743]     3.5000 MB /   0.50 sec =   58.8665 Mbps     0 retrans     13 KB-cwnd
[2024-05-28 18:16:12.535603]     4.0000 MB /   0.50 sec =   67.1106 Mbps     0 retrans     13 KB-cwnd
[2024-05-28 18:16:13.035595]     2.8125 MB /   0.50 sec =   47.1861 Mbps     0 retrans     13 KB-cwnd
[2024-05-28 18:16:13.536601]     1.8750 MB /   0.50 sec =   31.3956 Mbps     0 retrans     13 KB-cwnd
[2024-05-28 18:16:14.035589]     4.8125 MB /   0.50 sec =   80.8986 Mbps     0 retrans     16 KB-cwnd
[2024-05-28 18:16:14.536925]     4.6875 MB /   0.50 sec =   78.4897 Mbps     0 retrans     16 KB-cwnd
[2024-05-28 18:16:15.035593]     4.9375 MB /   0.50 sec =   83.0010 Mbps     0 retrans     16 KB-cwnd
[2024-05-28 18:16:15.535586]     5.5625 MB /   0.50 sec =   93.3225 Mbps     0 retrans     16 KB-cwnd
[2024-05-28 18:16:16.035724]     6.3125 MB /   0.50 sec =  105.8905 Mbps     0 retrans     16 KB-cwnd
[2024-05-28 18:16:16.535928]     6.8125 MB /   0.50 sec =  114.2724 Mbps     0 retrans     16 KB-cwnd
[2024-05-28 18:16:17.035660]     6.9375 MB /   0.50 sec =  116.4175 Mbps     0 retrans     16 KB-cwnd
[2024-05-28 18:16:17.535541]     7.2500 MB /   0.50 sec =  121.6518 Mbps     0 retrans     16 KB-cwnd
[2024-05-28 18:16:18.035790]     7.2500 MB /   0.50 sec =  121.6163 Mbps     0 retrans     16 KB-cwnd
[2024-05-28 18:16:18.535607]     6.3750 MB /   0.50 sec =  106.9678 Mbps     0 retrans     26 KB-cwnd
[2024-05-28 18:16:19.035657]     6.8125 MB /   0.50 sec =  114.2893 Mbps     0 retrans     26 KB-cwnd
[2024-05-28 18:16:19.535597]     6.4375 MB /   0.50 sec =  108.0105 Mbps     0 retrans     26 KB-cwnd
[2024-05-28 18:16:20.035624]     6.4375 MB /   0.50 sec =  107.9979 Mbps     0 retrans     26 KB-cwnd
[2024-05-28 18:16:20.535654]     7.7500 MB /   0.50 sec =  130.0297 Mbps     0 retrans     26 KB-cwnd
[2024-05-28 18:16:21.035737]     6.8750 MB /   0.50 sec =  115.3175 Mbps     0 retrans     26 KB-cwnd
[2024-05-28 18:16:21.535610]     8.0625 MB /   0.50 sec =  135.2928 Mbps     0 retrans     26 KB-cwnd
[2024-05-28 18:16:22.035523]     7.7500 MB /   0.50 sec =  130.0333 Mbps     0 retrans     26 KB-cwnd
[2024-05-28 18:16:22.535710]     6.9375 MB /   0.50 sec =  116.3670 Mbps     0 retrans     26 KB-cwnd
[2024-05-28 18:16:23.035581]     7.0625 MB /   0.50 sec =  118.5078 Mbps     0 retrans     26 KB-cwnd
[2024-05-28 18:16:23.535617]     5.6875 MB /   0.50 sec =   95.4204 Mbps     0 retrans     26 KB-cwnd
[2024-05-28 18:16:24.035676]     5.1875 MB /   0.50 sec =   87.0193 Mbps     0 retrans     26 KB-cwnd
[2024-05-28 18:16:24.535604]     5.1875 MB /   0.50 sec =   87.0450 Mbps     0 retrans     26 KB-cwnd
[2024-05-28 18:16:25.035708]     2.4375 MB /   0.50 sec =   40.8869 Mbps     0 retrans     26 KB-cwnd
[2024-05-28 18:16:25.535636]     4.9375 MB /   0.50 sec =   82.8478 Mbps     0 retrans     26 KB-cwnd
[2024-05-28 18:16:26.035514]     4.8125 MB /   0.50 sec =   80.7494 Mbps     0 retrans     26 KB-cwnd
[2024-05-28 18:16:26.535770]     4.3750 MB /   0.50 sec =   73.3905 Mbps     0 retrans     26 KB-cwnd
[2024-05-28 18:16:27.035597]     4.8125 MB /   0.50 sec =   80.7470 Mbps     0 retrans     26 KB-cwnd
[2024-05-28 18:16:27.535526]     4.6875 MB /   0.50 sec =   78.6463 Mbps     0 retrans     26 KB-cwnd
[2024-05-28 18:16:28.035681]     4.9375 MB /   0.50 sec =   82.8219 Mbps     0 retrans     26 KB-cwnd
[2024-05-28 18:16:28.535627]     4.3125 MB /   0.50 sec =   72.3606 Mbps     0 retrans     26 KB-cwnd
[2024-05-28 18:16:29.035533]     5.5625 MB /   0.50 sec =   93.3313 Mbps     0 retrans     26 KB-cwnd
[2024-05-28 18:16:29.535518]     5.6250 MB /   0.50 sec =   94.3707 Mbps     0 retrans     32 KB-cwnd
[2024-05-28 18:16:30.035745]     2.6250 MB /   0.50 sec =   44.0275 Mbps     0 retrans     32 KB-cwnd
[2024-05-28 18:16:30.535606]     5.0625 MB /   0.50 sec =   84.9542 Mbps     0 retrans     32 KB-cwnd
[2024-05-28 18:16:31.035635]     5.5625 MB /   0.50 sec =   93.3212 Mbps     0 retrans     32 KB-cwnd
[2024-05-28 18:16:31.535591]     5.5625 MB /   0.50 sec =   93.3259 Mbps     0 retrans     32 KB-cwnd
[2024-05-28 18:16:32.035613]     5.0625 MB /   0.50 sec =   84.9336 Mbps     0 retrans     32 KB-cwnd
[2024-05-28 18:16:32.535734]     5.6875 MB /   0.50 sec =   95.4223 Mbps     0 retrans     32 KB-cwnd
[2024-05-28 18:16:33.035595]     4.8750 MB /   0.50 sec =   81.7878 Mbps     0 retrans     32 KB-cwnd
[2024-05-28 18:16:33.535597]     5.1250 MB /   0.50 sec =   85.9834 Mbps     0 retrans     32 KB-cwnd
[2024-05-28 18:16:34.035622]     2.8125 MB /   0.50 sec =   47.1842 Mbps     0 retrans     32 KB-cwnd
[2024-05-28 18:16:34.535617]     2.5000 MB /   0.50 sec =   41.9440 Mbps     0 retrans     32 KB-cwnd
[2024-05-28 18:16:35.035524]     5.6875 MB /   0.50 sec =   95.4265 Mbps     0 retrans     32 KB-cwnd
[2024-05-28 18:16:35.535687]     4.3125 MB /   0.50 sec =   72.3441 Mbps     0 retrans     32 KB-cwnd
[2024-05-28 18:16:36.035600]     5.0625 MB /   0.50 sec =   84.9406 Mbps     0 retrans   1472 KB-cwnd
[2024-05-28 18:16:36.535617]     4.8125 MB /   0.50 sec =   80.7394 Mbps     0 retrans   1472 KB-cwnd
[2024-05-28 18:16:37.035682]     5.1250 MB /   0.50 sec =   85.9762 Mbps     0 retrans   1472 KB-cwnd
[2024-05-28 18:16:37.535609]     5.1250 MB /   0.50 sec =   85.9903 Mbps     0 retrans   1472 KB-cwnd
[2024-05-28 18:16:38.035554]     4.6250 MB /   0.50 sec =   77.5982 Mbps     0 retrans   1472 KB-cwnd
[2024-05-28 18:16:38.535641]     5.3125 MB /   0.50 sec =   89.1234 Mbps     0 retrans   1472 KB-cwnd
[2024-05-28 18:16:39.035537]     4.6250 MB /   0.50 sec =   77.6004 Mbps     0 retrans   1472 KB-cwnd
[2024-05-28 18:16:39.535874]     2.0625 MB /   0.50 sec =   34.5953 Mbps     0 retrans   1472 KB-cwnd
[2024-05-28 18:16:40.035672]     4.0000 MB /   0.50 sec =   67.1140 Mbps     0 retrans   1472 KB-cwnd
[2024-05-28 18:16:40.535553]     3.0000 MB /   0.50 sec =   50.3373 Mbps     0 retrans   1472 KB-cwnd
[2024-05-28 18:16:41.035633]     5.3750 MB /   0.50 sec =   90.1716 Mbps     0 retrans   1472 KB-cwnd
[2024-05-28 18:16:41.535638]     5.6875 MB /   0.50 sec =   95.4229 Mbps     0 retrans   1472 KB-cwnd
[2024-05-28 18:16:42.035574]     6.4375 MB /   0.50 sec =  108.0079 Mbps     0 retrans   1472 KB-cwnd
[2024-05-28 18:16:42.535623]     6.5000 MB /   0.50 sec =  109.0486 Mbps     0 retrans   1472 KB-cwnd
[2024-05-28 18:16:43.035644]     2.8750 MB /   0.50 sec =   48.2320 Mbps     0 retrans   1472 KB-cwnd
[2024-05-28 18:16:43.536422]     6.5625 MB /   0.50 sec =  109.9402 Mbps     0 retrans   1472 KB-cwnd
[2024-05-28 18:16:44.035536]     5.6875 MB /   0.50 sec =   95.5691 Mbps     0 retrans   1472 KB-cwnd
[2024-05-28 18:16:44.535640]     5.9375 MB /   0.50 sec =   99.6077 Mbps     0 retrans   1472 KB-cwnd
[2024-05-28 18:16:45.035660]     5.5000 MB /   0.50 sec =   92.2701 Mbps     0 retrans   1472 KB-cwnd
[2024-05-28 18:16:45.535607]     5.1250 MB /   0.50 sec =   85.9889 Mbps     0 retrans   1472 KB-cwnd
[2024-05-28 18:16:46.035536]     4.0625 MB /   0.50 sec =   68.1621 Mbps     0 retrans   1472 KB-cwnd
[2024-05-28 18:16:46.535632]     6.1250 MB /   0.50 sec =  102.7545 Mbps     0 retrans   1472 KB-cwnd
[2024-05-28 18:16:47.035714]     6.4375 MB /   0.50 sec =  107.9839 Mbps     0 retrans   1472 KB-cwnd
[2024-05-28 18:16:47.535735]     5.8125 MB /   0.50 sec =   97.5349 Mbps     0 retrans   1472 KB-cwnd
[2024-05-28 18:16:48.035571]     6.0625 MB /   0.50 sec =  101.7143 Mbps     0 retrans   1472 KB-cwnd
[2024-05-28 18:16:48.535713]     5.8125 MB /   0.50 sec =   97.5185 Mbps     0 retrans   1472 KB-cwnd
[2024-05-28 18:16:49.035631]     6.5625 MB /   0.50 sec =  110.0941 Mbps     0 retrans   1472 KB-cwnd
[2024-05-28 18:16:49.535518]     5.9375 MB /   0.50 sec =   99.6237 Mbps     0 retrans   2230 KB-cwnd
[2024-05-28 18:16:50.035814]     3.5625 MB /   0.50 sec =   59.7467 Mbps     0 retrans   2230 KB-cwnd
[2024-05-28 18:16:50.535657]     4.9375 MB /   0.50 sec =   82.8516 Mbps     0 retrans   2230 KB-cwnd
[2024-05-28 18:16:51.035601]     4.8125 MB /   0.50 sec =   80.7513 Mbps     0 retrans   2230 KB-cwnd
[2024-05-28 18:16:51.535738]     3.5625 MB /   0.50 sec =   59.7558 Mbps     0 retrans   2230 KB-cwnd
[2024-05-28 18:16:52.035580]     5.7500 MB /   0.50 sec =   96.4910 Mbps     0 retrans   2230 KB-cwnd
[2024-05-28 18:16:52.535589]     5.9375 MB /   0.50 sec =   99.6149 Mbps     0 retrans   2230 KB-cwnd
[2024-05-28 18:16:53.035633]     5.8125 MB /   0.50 sec =   97.5111 Mbps     0 retrans   2230 KB-cwnd
[2024-05-28 18:16:53.535598]     6.3750 MB /   0.50 sec =  106.9614 Mbps     0 retrans   2230 KB-cwnd
[2024-05-28 18:16:54.035784]     6.2500 MB /   0.50 sec =  104.8530 Mbps     0 retrans   2230 KB-cwnd
[2024-05-28 18:16:54.535616]     5.2500 MB /   0.50 sec =   88.0836 Mbps     0 retrans   2230 KB-cwnd
[2024-05-28 18:16:55.035717]     4.5625 MB /   0.50 sec =   76.5338 Mbps     0 retrans   2230 KB-cwnd
[2024-05-28 18:16:55.535602]     4.5000 MB /   0.50 sec =   75.5102 Mbps     0 retrans   2230 KB-cwnd
[2024-05-28 18:16:56.035526]     3.8750 MB /   0.50 sec =   65.0144 Mbps     0 retrans   2230 KB-cwnd
[2024-05-28 18:16:56.535649]     3.3125 MB /   0.50 sec =   55.5694 Mbps     0 retrans   2230 KB-cwnd
[2024-05-28 18:16:57.035619]     2.9375 MB /   0.50 sec =   49.2850 Mbps     0 retrans   2230 KB-cwnd
[2024-05-28 18:16:57.535892]     2.1250 MB /   0.50 sec =   35.6436 Mbps     0 retrans   2244 KB-cwnd
[2024-05-28 18:16:58.035622]     2.8125 MB /   0.50 sec =   47.1950 Mbps     0 retrans   2244 KB-cwnd
[2024-05-28 18:16:58.535613]     1.1875 MB /   0.50 sec =   19.9233 Mbps     0 retrans   2244 KB-cwnd
[2024-05-28 18:16:59.035556]     1.8125 MB /   0.50 sec =   30.4100 Mbps     0 retrans   2244 KB-cwnd
[2024-05-28 18:16:59.535647]     1.0625 MB /   0.50 sec =   17.8251 Mbps     0 retrans   2244 KB-cwnd
[2024-05-28 18:17:00.035623]     0.7500 MB /   0.50 sec =   12.5830 Mbps     0 retrans   2244 KB-cwnd
[2024-05-28 18:17:00.535617]     0.8750 MB /   0.50 sec =   14.6801 Mbps     0 retrans   2244 KB-cwnd
[2024-05-28 18:17:01.035773]     1.9375 MB /   0.50 sec =   32.5064 Mbps     0 retrans   2244 KB-cwnd
[2024-05-28 18:17:01.535712]     1.6875 MB /   0.50 sec =   28.3068 Mbps     0 retrans   2244 KB-cwnd
[2024-05-28 18:17:02.035548]     1.3125 MB /   0.50 sec =   22.0245 Mbps     0 retrans   2244 KB-cwnd
[2024-05-28 18:17:02.535719]     1.8125 MB /   0.50 sec =   30.4024 Mbps     0 retrans   2244 KB-cwnd
[2024-05-28 18:17:03.035622]     1.0000 MB /   0.50 sec =   16.7798 Mbps     0 retrans   2244 KB-cwnd
[2024-05-28 18:17:03.535528]     1.8125 MB /   0.50 sec =   30.4108 Mbps     0 retrans   2244 KB-cwnd
[2024-05-28 18:17:04.035611]     1.8750 MB /   0.50 sec =   31.4556 Mbps     0 retrans   2244 KB-cwnd
[2024-05-28 18:17:04.535650]     1.0625 MB /   0.50 sec =   17.8244 Mbps     0 retrans   2244 KB-cwnd
[2024-05-28 18:17:05.035695]     1.1250 MB /   0.50 sec =   18.8725 Mbps     0 retrans   2244 KB-cwnd
[2024-05-28 18:17:05.535626]     2.3750 MB /   0.50 sec =   39.8525 Mbps     0 retrans   2244 KB-cwnd
[2024-05-28 18:17:06.035766]     2.0000 MB /   0.50 sec =   33.5455 Mbps     0 retrans   2244 KB-cwnd
[2024-05-28 18:17:06.535629]     2.8750 MB /   0.50 sec =   48.2453 Mbps     0 retrans   2244 KB-cwnd
[2024-05-28 18:17:07.035698]     3.3750 MB /   0.50 sec =   56.6160 Mbps     0 retrans   2244 KB-cwnd
[2024-05-28 18:17:07.538159]     3.0000 MB /   0.50 sec =   50.0929 Mbps     0 retrans   2244 KB-cwnd
[2024-05-28 18:17:08.035741]     2.6250 MB /   0.50 sec =   44.2578 Mbps     0 retrans   2244 KB-cwnd
[2024-05-28 18:17:08.535613]     1.8125 MB /   0.50 sec =   30.4094 Mbps     0 retrans   2244 KB-cwnd
[2024-05-28 18:17:09.035584]     3.5000 MB /   0.50 sec =   58.7207 Mbps     0 retrans   2244 KB-cwnd
[2024-05-28 18:17:09.535629]     2.7500 MB /   0.50 sec =   46.1371 Mbps     0 retrans   2244 KB-cwnd
[2024-05-28 18:17:10.035519]     1.8125 MB /   0.50 sec =   30.4106 Mbps     0 retrans   2244 KB-cwnd
[2024-05-28 18:17:10.535577]     2.1875 MB /   0.50 sec =   36.6985 Mbps     0 retrans   2244 KB-cwnd
[2024-05-28 18:17:11.035607]     2.5625 MB /   0.50 sec =   42.9911 Mbps     0 retrans   2244 KB-cwnd
[2024-05-28 18:17:11.535616]     3.5625 MB /   0.50 sec =   59.7688 Mbps     0 retrans   2244 KB-cwnd
[2024-05-28 18:17:12.035523]     1.3125 MB /   0.50 sec =   22.0213 Mbps     0 retrans   2244 KB-cwnd
[2024-05-28 18:17:12.535623]     3.1875 MB /   0.50 sec =   53.4728 Mbps     0 retrans   2244 KB-cwnd
[2024-05-28 18:17:13.035687]     1.9375 MB /   0.50 sec =   32.5014 Mbps     0 retrans   2244 KB-cwnd
[2024-05-28 18:17:13.535704]     1.6250 MB /   0.50 sec =   27.2637 Mbps     0 retrans   1787 KB-cwnd
[2024-05-28 18:17:14.035749]     3.0625 MB /   0.50 sec =   51.3743 Mbps     0 retrans   1787 KB-cwnd
[2024-05-28 18:17:14.535635]     2.8750 MB /   0.50 sec =   48.2458 Mbps     0 retrans   1787 KB-cwnd
[2024-05-28 18:17:15.035511]     2.5000 MB /   0.50 sec =   41.9465 Mbps     0 retrans   1787 KB-cwnd
[2024-05-28 18:17:15.535620]     2.1875 MB /   0.50 sec =   36.6977 Mbps     0 retrans   1787 KB-cwnd
[2024-05-28 18:17:16.035598]     1.5625 MB /   0.50 sec =   26.2146 Mbps     0 retrans   1787 KB-cwnd
[2024-05-28 18:17:16.535637]     1.3750 MB /   0.50 sec =   23.0679 Mbps     0 retrans   1787 KB-cwnd
[2024-05-28 18:17:17.035939]     0.6250 MB /   0.50 sec =   10.4827 Mbps     0 retrans   1787 KB-cwnd
[2024-05-28 18:17:17.535569]     0.2500 MB /   0.50 sec =    4.1957 Mbps     0 retrans   1787 KB-cwnd
[2024-05-28 18:17:18.035602]     1.0625 MB /   0.50 sec =   17.8256 Mbps     0 retrans   1787 KB-cwnd
[2024-05-28 18:17:18.535644]     3.0000 MB /   0.50 sec =   50.3259 Mbps     0 retrans   1787 KB-cwnd
[2024-05-28 18:17:19.035716]     1.0000 MB /   0.50 sec =   16.7755 Mbps     0 retrans   1787 KB-cwnd
[2024-05-28 18:17:19.535636]     0.9375 MB /   0.50 sec =   15.7318 Mbps     0 retrans   1787 KB-cwnd
[2024-05-28 18:17:20.035679]     1.3125 MB /   0.50 sec =   22.0176 Mbps     0 retrans   1787 KB-cwnd
[2024-05-28 18:17:20.535611]     1.8750 MB /   0.50 sec =   31.4611 Mbps     0 retrans   1787 KB-cwnd
[2024-05-28 18:17:21.035539]     1.8125 MB /   0.50 sec =   30.4103 Mbps     0 retrans   1787 KB-cwnd
[2024-05-28 18:17:21.535805]     1.4375 MB /   0.50 sec =   24.1157 Mbps     0 retrans   1787 KB-cwnd
[2024-05-28 18:17:22.035533]     2.0625 MB /   0.50 sec =   34.6044 Mbps     0 retrans   1787 KB-cwnd
[2024-05-28 18:17:22.535666]     1.6250 MB /   0.50 sec =   27.2608 Mbps     0 retrans   1787 KB-cwnd
[2024-05-28 18:17:23.035714]     1.6250 MB /   0.50 sec =   27.2601 Mbps     0 retrans   1787 KB-cwnd
[2024-05-28 18:17:23.535739]     2.1250 MB /   0.50 sec =   35.6493 Mbps     0 retrans   1787 KB-cwnd
[2024-05-28 18:17:24.035588]     2.0625 MB /   0.50 sec =   34.6117 Mbps     0 retrans   1787 KB-cwnd
[2024-05-28 18:17:24.535644]     2.2500 MB /   0.50 sec =   37.7473 Mbps     0 retrans   1787 KB-cwnd
[2024-05-28 18:17:25.035503]     2.8750 MB /   0.50 sec =   48.2381 Mbps     0 retrans   1787 KB-cwnd
[2024-05-28 18:17:25.535715]     2.1250 MB /   0.50 sec =   35.6432 Mbps     0 retrans   1787 KB-cwnd
[2024-05-28 18:17:26.035529]     3.0625 MB /   0.50 sec =   51.3914 Mbps     0 retrans   1787 KB-cwnd
[2024-05-28 18:17:26.535514]     3.6875 MB /   0.50 sec =   61.8667 Mbps     0 retrans   1787 KB-cwnd
[2024-05-28 18:17:27.035521]     4.4375 MB /   0.50 sec =   74.4477 Mbps     0 retrans   1787 KB-cwnd
[2024-05-28 18:17:27.535519]     4.7500 MB /   0.50 sec =   79.6934 Mbps     0 retrans   1787 KB-cwnd
[2024-05-28 18:17:28.035608]     5.0000 MB /   0.50 sec =   83.8839 Mbps     0 retrans   1787 KB-cwnd
[2024-05-28 18:17:28.535642]     4.0625 MB /   0.50 sec =   68.1539 Mbps     0 retrans   1787 KB-cwnd
[2024-05-28 18:17:29.035557]     3.0000 MB /   0.50 sec =   50.3345 Mbps     0 retrans   1787 KB-cwnd
[2024-05-28 18:17:29.535660]     3.1875 MB /   0.50 sec =   53.4716 Mbps     0 retrans   1787 KB-cwnd
[2024-05-28 18:17:30.035563]     2.6250 MB /   0.50 sec =   44.0429 Mbps     0 retrans   1787 KB-cwnd
[2024-05-28 18:17:30.535646]     2.9375 MB /   0.50 sec =   49.2832 Mbps     0 retrans   1787 KB-cwnd
[2024-05-28 18:17:31.035538]     3.3750 MB /   0.50 sec =   56.6238 Mbps     0 retrans   1787 KB-cwnd
[2024-05-28 18:17:31.535665]     3.5000 MB /   0.50 sec =   58.7166 Mbps     0 retrans   1787 KB-cwnd
[2024-05-28 18:17:32.035595]     3.0625 MB /   0.50 sec =   51.3851 Mbps     0 retrans   1787 KB-cwnd
[2024-05-28 18:17:32.535608]     2.8750 MB /   0.50 sec =   48.2329 Mbps     0 retrans   1787 KB-cwnd
[2024-05-28 18:17:33.035554]     3.5625 MB /   0.50 sec =   59.7691 Mbps     0 retrans   1787 KB-cwnd
[2024-05-28 18:17:33.535634]     3.1875 MB /   0.50 sec =   53.4750 Mbps     0 retrans   1787 KB-cwnd
[2024-05-28 18:17:34.035613]     2.8125 MB /   0.50 sec =   47.1872 Mbps     0 retrans   1787 KB-cwnd
[2024-05-28 18:17:34.535645]     1.2500 MB /   0.50 sec =   20.9712 Mbps     0 retrans   1787 KB-cwnd
[2024-05-28 18:17:35.035576]     2.6875 MB /   0.50 sec =   45.0871 Mbps     0 retrans   1787 KB-cwnd
[2024-05-28 18:17:35.535720]     1.3750 MB /   0.50 sec =   23.0658 Mbps     0 retrans   1787 KB-cwnd
[2024-05-28 18:17:36.035610]     3.3750 MB /   0.50 sec =   56.6316 Mbps     0 retrans   1787 KB-cwnd
[2024-05-28 18:17:36.535644]     2.4375 MB /   0.50 sec =   40.8934 Mbps     0 retrans   1787 KB-cwnd
[2024-05-28 18:17:37.035740]     0.8125 MB /   0.50 sec =   13.6290 Mbps     0 retrans   1787 KB-cwnd
[2024-05-28 18:17:37.535605]     2.0000 MB /   0.50 sec =   33.5643 Mbps     0 retrans   1787 KB-cwnd
[2024-05-28 18:17:38.035525]     3.9375 MB /   0.50 sec =   66.0595 Mbps     0 retrans   1787 KB-cwnd
[2024-05-28 18:17:38.535650]     4.1875 MB /   0.50 sec =   70.2476 Mbps     0 retrans   1787 KB-cwnd
[2024-05-28 18:17:39.035630]     4.3750 MB /   0.50 sec =   73.4046 Mbps     0 retrans   1787 KB-cwnd
[2024-05-28 18:17:39.535609]     5.0625 MB /   0.50 sec =   84.9343 Mbps     0 retrans   1787 KB-cwnd
[2024-05-28 18:17:40.035560]     5.3125 MB /   0.50 sec =   89.1322 Mbps     0 retrans   1787 KB-cwnd
[2024-05-28 18:17:40.535705]     5.6875 MB /   0.50 sec =   95.4023 Mbps     0 retrans   2684 KB-cwnd
[2024-05-28 18:17:41.035590]     6.8750 MB /   0.50 sec =  115.3620 Mbps     0 retrans   2684 KB-cwnd
[2024-05-28 18:17:41.535709]     7.7500 MB /   0.50 sec =  130.0042 Mbps     0 retrans   2684 KB-cwnd
[2024-05-28 18:17:42.035510]     9.0000 MB /   0.50 sec =  151.0248 Mbps     0 retrans   2684 KB-cwnd
[2024-05-28 18:17:42.535717]     8.1875 MB /   0.50 sec =  137.3341 Mbps     0 retrans   2684 KB-cwnd
[2024-05-28 18:17:43.035596]     9.0625 MB /   0.50 sec =  152.0767 Mbps     0 retrans   2684 KB-cwnd
[2024-05-28 18:17:43.535667]     2.5000 MB /   0.50 sec =   41.9382 Mbps     0 retrans   2684 KB-cwnd
[2024-05-28 18:17:44.035650]     5.0000 MB /   0.50 sec =   83.8856 Mbps     0 retrans   2684 KB-cwnd
[2024-05-28 18:17:44.535714]     3.9375 MB /   0.50 sec =   66.0538 Mbps     0 retrans   2684 KB-cwnd
[2024-05-28 18:17:45.035537]     4.7500 MB /   0.50 sec =   79.7079 Mbps     0 retrans   2684 KB-cwnd
[2024-05-28 18:17:45.535623]     8.7500 MB /   0.50 sec =  146.7912 Mbps     0 retrans   2684 KB-cwnd
[2024-05-28 18:17:46.035638]     9.0000 MB /   0.50 sec =  150.9919 Mbps     0 retrans   2684 KB-cwnd
[2024-05-28 18:17:46.535626]     7.6875 MB /   0.50 sec =  128.9782 Mbps     0 retrans   2684 KB-cwnd
[2024-05-28 18:17:47.035568]     6.4375 MB /   0.50 sec =  108.0051 Mbps     0 retrans   2684 KB-cwnd
[2024-05-28 18:17:47.535822]     5.4375 MB /   0.50 sec =   91.2124 Mbps     0 retrans   2684 KB-cwnd
[2024-05-28 18:17:48.035652]     3.7500 MB /   0.50 sec =   62.9181 Mbps     0 retrans   2684 KB-cwnd
[2024-05-28 18:17:48.535531]     4.1250 MB /   0.50 sec =   69.2161 Mbps     0 retrans   2684 KB-cwnd
[2024-05-28 18:17:49.035734]     2.3125 MB /   0.50 sec =   38.7880 Mbps     0 retrans   2684 KB-cwnd
[2024-05-28 18:17:49.535637]     2.5000 MB /   0.50 sec =   41.9493 Mbps     0 retrans   2684 KB-cwnd
[2024-05-28 18:17:50.035622]     3.3125 MB /   0.50 sec =   55.5740 Mbps     0 retrans   2684 KB-cwnd
[2024-05-28 18:17:50.535683]     2.9375 MB /   0.50 sec =   49.2783 Mbps     0 retrans   2684 KB-cwnd
[2024-05-28 18:17:51.035814]     2.5000 MB /   0.50 sec =   41.9419 Mbps     0 retrans   2684 KB-cwnd
[2024-05-28 18:17:51.535650]     1.8750 MB /   0.50 sec =   31.4598 Mbps     0 retrans   2684 KB-cwnd
[2024-05-28 18:17:52.035649]     3.3125 MB /   0.50 sec =   55.5778 Mbps     0 retrans   2684 KB-cwnd
[2024-05-28 18:17:52.535647]     3.5625 MB /   0.50 sec =   59.7687 Mbps     0 retrans   2684 KB-cwnd
[2024-05-28 18:17:53.035609]     4.5000 MB /   0.50 sec =   75.4987 Mbps     0 retrans   2684 KB-cwnd
[2024-05-28 18:17:53.535706]     4.5625 MB /   0.50 sec =   76.5338 Mbps     0 retrans   2684 KB-cwnd
[2024-05-28 18:17:54.035525]     4.8750 MB /   0.50 sec =   81.8073 Mbps     0 retrans   1306 KB-cwnd
[2024-05-28 18:17:54.535747]     3.8125 MB /   0.50 sec =   63.9483 Mbps     0 retrans   1306 KB-cwnd
[2024-05-28 18:17:55.035550]     2.7500 MB /   0.50 sec =   46.1472 Mbps     0 retrans   1306 KB-cwnd
[2024-05-28 18:17:55.535656]     1.1875 MB /   0.50 sec =   19.9214 Mbps     0 retrans   1306 KB-cwnd
[2024-05-28 18:17:56.035581]     2.4375 MB /   0.50 sec =   40.8967 Mbps     0 retrans   1306 KB-cwnd
[2024-05-28 18:17:56.535787]     3.8125 MB /   0.50 sec =   63.9619 Mbps     0 retrans   1311 KB-cwnd
[2024-05-28 18:17:57.035672]     3.6250 MB /   0.50 sec =   60.8095 Mbps     0 retrans   1311 KB-cwnd
[2024-05-28 18:17:57.535651]     1.9375 MB /   0.50 sec =   32.5088 Mbps     0 retrans   1311 KB-cwnd
[2024-05-28 18:17:58.035520]     2.8125 MB /   0.50 sec =   47.1914 Mbps     0 retrans   1311 KB-cwnd
[2024-05-28 18:17:58.535608]     2.7500 MB /   0.50 sec =   46.1349 Mbps     0 retrans   1311 KB-cwnd
[2024-05-28 18:17:59.035585]     2.0000 MB /   0.50 sec =   33.5563 Mbps     0 retrans   1311 KB-cwnd
[2024-05-28 18:17:59.535647]     1.6250 MB /   0.50 sec =   27.2600 Mbps     0 retrans   1311 KB-cwnd
[2024-05-28 18:18:00.035658]     1.5000 MB /   0.50 sec =   25.1674 Mbps     0 retrans   1311 KB-cwnd
[2024-05-28 18:18:00.535643]     4.1250 MB /   0.50 sec =   69.2073 Mbps     0 retrans   1311 KB-cwnd
[2024-05-28 18:18:01.035614]     4.5625 MB /   0.50 sec =   76.5477 Mbps     0 retrans   1311 KB-cwnd
[2024-05-28 18:18:01.535528]     5.2500 MB /   0.50 sec =   88.0790 Mbps     0 retrans   1311 KB-cwnd
[2024-05-28 18:18:02.035560]     6.0000 MB /   0.50 sec =  100.6607 Mbps     0 retrans   1311 KB-cwnd
[2024-05-28 18:18:02.535626]     7.4375 MB /   0.50 sec =  124.7768 Mbps     0 retrans   1311 KB-cwnd
[2024-05-28 18:18:03.035582]     8.2500 MB /   0.50 sec =  138.4145 Mbps     0 retrans   1311 KB-cwnd
[2024-05-28 18:18:03.535593]     8.8125 MB /   0.50 sec =  147.8486 Mbps     0 retrans   1311 KB-cwnd
End time: 1716934683748
