Start time: 1717002168573
[2024-05-29 13:03:13.811221] Connecting to host 35.245.244.238, port 5202
[2024-05-29 13:03:13.811861] Reverse mode, remote host 35.245.244.238 is sending
[2024-05-29 13:03:13.811915] [  5] local 10.47.67.187 port 56118 connected to 35.245.244.238 port 5202
[2024-05-29 13:03:13.811955] [ ID] Interval           Transfer     Bitrate         Jitter    Lost/Total Datagrams
[2024-05-29 13:03:13.811997] [  5]   0.00-0.50   sec  4.13 MBytes  69.2 Mbits/sec  0.473 ms  918820/921910 (1e+02%)  
[2024-05-29 13:03:13.812034] [  5]   0.50-1.00   sec  4.81 MBytes  80.6 Mbits/sec  0.211 ms  -3599/0 (0%)  
[2024-05-29 13:03:13.812069] [  5]   1.00-1.50   sec  3.67 MBytes  61.6 Mbits/sec  0.462 ms  -2750/0 (0%)  
[2024-05-29 13:03:13.812104] [  5]   1.50-2.00   sec  4.04 MBytes  67.8 Mbits/sec  0.154 ms  -3026/0 (0%)  
[2024-05-29 13:03:13.812140] [  5]   2.00-2.50   sec  5.42 MBytes  90.9 Mbits/sec  0.182 ms  -4060/0 (0%)  
[2024-05-29 13:03:13.812174] [  5]   2.50-3.00   sec  5.49 MBytes  92.1 Mbits/sec  0.366 ms  -4110/0 (0%)  
[2024-05-29 13:03:13.812209] [  5]   3.00-3.50   sec  6.81 MBytes   114 Mbits/sec  0.152 ms  -5103/0 (0%)  
[2024-05-29 13:03:13.812245] [  5]   3.50-4.00   sec  6.05 MBytes   102 Mbits/sec  0.031 ms  -4532/0 (0%)  
[2024-05-29 13:03:13.812279] [  5]   4.00-4.50   sec  6.05 MBytes   102 Mbits/sec  0.049 ms  -4535/0 (0%)  
[2024-05-29 13:03:13.812314] [  5]   4.50-5.00   sec  5.43 MBytes  91.1 Mbits/sec  0.780 ms  -4067/0 (0%)  
[2024-05-29 13:03:13.812348] [  5]   5.00-5.50   sec  5.70 MBytes  95.7 Mbits/sec  0.133 ms  -4270/0 (0%)  
[2024-05-29 13:03:13.812384] [  5]   5.50-6.00   sec  5.28 MBytes  88.5 Mbits/sec  0.155 ms  -3953/0 (0%)  
[2024-05-29 13:03:13.812418] [  5]   6.00-6.50   sec  4.88 MBytes  81.9 Mbits/sec  0.132 ms  -3656/0 (0%)  
[2024-05-29 13:03:13.812453] [  5]   6.50-7.00   sec  5.85 MBytes  98.2 Mbits/sec  0.146 ms  -4383/0 (0%)  
[2024-05-29 13:03:13.812487] [  5]   7.00-7.50   sec  4.98 MBytes  83.6 Mbits/sec  0.114 ms  -3733/0 (0%)  
[2024-05-29 13:03:13.812522] [  5]   7.50-8.00   sec  4.74 MBytes  79.5 Mbits/sec  0.604 ms  -3551/0 (0%)  
[2024-05-29 13:03:13.812557] [  5]   8.00-8.50   sec  5.29 MBytes  88.8 Mbits/sec  0.358 ms  -3960/0 (0%)  
[2024-05-29 13:03:13.812592] [  5]   8.50-9.00   sec  5.11 MBytes  85.8 Mbits/sec  0.070 ms  -3829/0 (0%)  
[2024-05-29 13:03:13.812627] [  5]   9.00-9.50   sec  5.26 MBytes  88.2 Mbits/sec  0.193 ms  -3939/0 (0%)  
[2024-05-29 13:03:13.812662] [  5]   9.50-10.00  sec  4.77 MBytes  80.0 Mbits/sec  0.084 ms  -3570/0 (0%)  
[2024-05-29 13:03:13.812697] [  5]  10.00-10.50  sec  5.22 MBytes  87.6 Mbits/sec  0.171 ms  -3911/0 (0%)  
[2024-05-29 13:03:13.812732] [  5]  10.50-11.00  sec  5.14 MBytes  86.3 Mbits/sec  0.290 ms  -3853/0 (0%)  
[2024-05-29 13:03:13.812766] [  5]  11.00-11.50  sec  3.94 MBytes  66.0 Mbits/sec  0.502 ms  -2951/0 (0%)  
[2024-05-29 13:03:13.812800] [  5]  11.50-12.00  sec  4.30 MBytes  72.2 Mbits/sec  0.142 ms  -3221/0 (0%)  
[2024-05-29 13:03:13.812835] [  5]  12.00-12.50  sec  3.95 MBytes  66.1 Mbits/sec  0.521 ms  -2955/0 (0%)  
[2024-05-29 13:03:13.812870] [  5]  12.50-13.00  sec  4.08 MBytes  68.6 Mbits/sec  0.933 ms  -3058/0 (0%)  
[2024-05-29 13:03:13.812905] [  5]  13.00-13.50  sec  3.05 MBytes  51.3 Mbits/sec  0.374 ms  -2288/0 (0%)  
[2024-05-29 13:03:13.812940] [  5]  13.50-14.00  sec  3.28 MBytes  55.1 Mbits/sec  0.665 ms  -2459/0 (0%)  
[2024-05-29 13:03:13.812975] [  5]  14.00-14.50  sec  3.61 MBytes  60.6 Mbits/sec  0.285 ms  -2704/0 (0%)  
[2024-05-29 13:03:13.813010] [  5]  14.50-15.00  sec  3.59 MBytes  60.2 Mbits/sec  0.265 ms  -2687/0 (0%)  
[2024-05-29 13:03:13.813044] [  5]  15.00-15.50  sec  4.12 MBytes  69.1 Mbits/sec  0.551 ms  -3085/0 (0%)  
[2024-05-29 13:03:13.813078] [  5]  15.50-16.00  sec  5.54 MBytes  92.9 Mbits/sec  0.166 ms  -4147/0 (0%)  
[2024-05-29 13:03:13.813112] [  5]  16.00-16.50  sec  6.46 MBytes   108 Mbits/sec  0.272 ms  -4840/0 (0%)  
[2024-05-29 13:03:13.813146] [  5]  16.50-17.00  sec  6.80 MBytes   114 Mbits/sec  0.167 ms  -5093/0 (0%)  
[2024-05-29 13:03:13.813179] [  5]  17.00-17.50  sec  6.89 MBytes   116 Mbits/sec  0.021 ms  -5160/0 (0%)  
[2024-05-29 13:03:13.813237] [  5]  17.50-18.00  sec  9.15 MBytes   153 Mbits/sec  0.018 ms  -6850/0 (0%)  
[2024-05-29 13:03:13.813273] [  5]  18.00-18.50  sec  8.27 MBytes   139 Mbits/sec  0.379 ms  -6193/0 (0%)  
[2024-05-29 13:03:13.813307] [  5]  18.50-19.00  sec  7.48 MBytes   125 Mbits/sec  0.070 ms  -5600/0 (0%)  
[2024-05-29 13:03:13.813341] [  5]  19.00-19.50  sec  7.16 MBytes   120 Mbits/sec  0.031 ms  -5366/0 (0%)  
[2024-05-29 13:03:13.813375] [  5]  19.50-20.00  sec  6.53 MBytes   109 Mbits/sec  0.112 ms  -4888/0 (0%)  
[2024-05-29 13:03:13.813409] [  5]  20.00-20.50  sec  6.55 MBytes   110 Mbits/sec  1.430 ms  -4908/0 (0%)  
[2024-05-29 13:03:13.813443] [  5]  20.50-21.00  sec  5.22 MBytes  87.6 Mbits/sec  0.407 ms  1968/5877 (33%)  
[2024-05-29 13:03:13.813479] [  5]  21.00-21.50  sec  4.46 MBytes  74.9 Mbits/sec  0.114 ms  19698/23040 (85%)  
[2024-05-29 13:03:13.813513] [  5]  21.50-22.00  sec  4.96 MBytes  83.2 Mbits/sec  0.137 ms  17215/20931 (82%)  
[2024-05-29 13:03:13.813549] [  5]  22.00-22.50  sec  4.33 MBytes  72.8 Mbits/sec  0.527 ms  20024/23270 (86%)  
[2024-05-29 13:03:13.813583] [  5]  22.50-23.00  sec  4.53 MBytes  76.0 Mbits/sec  0.376 ms  18787/22180 (85%)  
[2024-05-29 13:03:13.813617] [  5]  23.00-23.50  sec  3.95 MBytes  66.3 Mbits/sec  0.155 ms  18866/21828 (86%)  
[2024-05-29 13:03:13.813654] [  5]  23.50-24.00  sec  3.71 MBytes  62.3 Mbits/sec  0.075 ms  20177/22957 (88%)  
[2024-05-29 13:03:37.811575] [  5]  24.00-24.50  sec  3.37 MBytes  56.6 Mbits/sec  0.204 ms  19971/22497 (89%)  
[2024-05-29 13:03:37.811960] [  5]  24.50-25.00  sec  3.56 MBytes  59.7 Mbits/sec  0.546 ms  19981/22647 (88%)  
[2024-05-29 13:03:37.812089] [  5]  25.00-25.50  sec  3.77 MBytes  63.2 Mbits/sec  0.097 ms  19294/22115 (87%)  
[2024-05-29 13:03:37.812200] [  5]  25.50-26.00  sec  3.26 MBytes  54.8 Mbits/sec  0.855 ms  19279/21724 (89%)  
[2024-05-29 13:03:37.812301] [  5]  26.00-26.50  sec  2.73 MBytes  45.9 Mbits/sec  0.348 ms  20386/22434 (91%)  
[2024-05-29 13:03:37.812400] [  5]  26.50-27.00  sec  3.48 MBytes  58.4 Mbits/sec  0.512 ms  20527/23134 (89%)  
[2024-05-29 13:03:37.812498] [  5]  27.00-27.50  sec  2.48 MBytes  41.6 Mbits/sec  0.542 ms  20415/22272 (92%)  
[2024-05-29 13:03:37.812596] [  5]  27.50-28.00  sec  1.98 MBytes  33.1 Mbits/sec  0.958 ms  19498/20978 (93%)  
[2024-05-29 13:03:37.812694] [  5]  28.00-28.50  sec  1.43 MBytes  24.1 Mbits/sec  0.913 ms  21206/22280 (95%)  
[2024-05-29 13:03:37.812804] [  5]  28.50-29.00  sec  1.96 MBytes  32.9 Mbits/sec  0.816 ms  20224/21693 (93%)  
[2024-05-29 13:03:37.812919] [  5]  29.00-29.50  sec  1.81 MBytes  30.4 Mbits/sec  0.744 ms  22350/23707 (94%)  
[2024-05-29 13:03:37.813034] [  5]  29.50-30.00  sec  1.92 MBytes  32.3 Mbits/sec  1.170 ms  21145/22586 (94%)  
[2024-05-29 13:03:37.813163] [  5]  30.00-30.50  sec  1.91 MBytes  32.1 Mbits/sec  3.013 ms  18036/19467 (93%)  
[2024-05-29 13:03:37.813261] [  5]  30.50-31.00  sec  2.62 MBytes  44.0 Mbits/sec  1.758 ms  21885/23848 (92%)  
[2024-05-29 13:03:37.813359] [  5]  31.00-31.50  sec  4.87 MBytes  81.7 Mbits/sec  0.296 ms  20008/23653 (85%)  
[2024-05-29 13:03:37.813479] [  5]  31.50-32.00  sec  5.34 MBytes  89.7 Mbits/sec  1.094 ms  17206/21209 (81%)  
[2024-05-29 13:03:37.813599] [  5]  32.00-32.50  sec  4.20 MBytes  70.5 Mbits/sec  0.565 ms  19129/22276 (86%)  
[2024-05-29 13:03:37.813696] [  5]  32.50-33.00  sec  4.10 MBytes  68.9 Mbits/sec  1.327 ms  18671/21745 (86%)  
[2024-05-29 13:03:37.813796] [  5]  33.00-33.50  sec  4.22 MBytes  70.7 Mbits/sec  0.489 ms  18894/22052 (86%)  
[2024-05-29 13:03:37.813897] [  5]  33.50-34.00  sec  3.56 MBytes  59.7 Mbits/sec  0.089 ms  22055/24722 (89%)  
[2024-05-29 13:03:37.813994] [  5]  34.00-34.50  sec  2.90 MBytes  48.7 Mbits/sec  6.862 ms  14525/16699 (87%)  
[2024-05-29 13:03:37.814090] [  5]  34.50-35.00  sec  2.52 MBytes  42.3 Mbits/sec  0.600 ms  22353/24243 (92%)  
[2024-05-29 13:03:37.814255] [  5]  35.00-35.50  sec  1.42 MBytes  23.8 Mbits/sec  1.610 ms  22554/23616 (96%)  
[2024-05-29 13:03:37.814394] [  5]  35.50-36.00  sec  1.38 MBytes  23.2 Mbits/sec  0.109 ms  10087/11121 (91%)  
[2024-05-29 13:03:37.814497] [  5]  36.00-36.50  sec  4.71 MBytes  79.0 Mbits/sec  0.686 ms  27637/31166 (89%)  
[2024-05-29 13:03:37.814596] [  5]  36.50-37.00  sec  2.19 MBytes  36.7 Mbits/sec  0.061 ms  16636/18275 (91%)  
[2024-05-29 13:03:37.814693] [  5]  37.00-37.50  sec  3.86 MBytes  64.9 Mbits/sec  0.817 ms  23781/26675 (89%)  
[2024-05-29 13:03:37.814789] [  5]  37.50-38.00  sec  2.19 MBytes  36.8 Mbits/sec  0.850 ms  19783/21427 (92%)  
[2024-05-29 13:03:37.814884] [  5]  38.00-38.50  sec  3.54 MBytes  59.3 Mbits/sec  0.752 ms  15298/17950 (85%)  
[2024-05-29 13:03:37.814979] [  5]  38.50-39.00  sec   365 KBytes  5.98 Mbits/sec  0.912 ms  17844/18111 (99%)  
[2024-05-29 13:03:37.815077] [  5]  39.00-39.50  sec  76.6 KBytes  1.25 Mbits/sec  21.972 ms  29906/29962 (1e+02%)  
[2024-05-29 13:03:37.815171] [  5]  39.50-40.00  sec  3.42 MBytes  57.4 Mbits/sec  0.105 ms  14167/16725 (85%)  
[2024-05-29 13:03:37.815266] [  5]  40.00-40.50  sec  2.50 MBytes  41.9 Mbits/sec  0.287 ms  22873/24747 (92%)  
[2024-05-29 13:03:37.815364] [  5]  40.50-41.00  sec  2.99 MBytes  50.2 Mbits/sec  12.004 ms  17766/20003 (89%)  
[2024-05-29 13:03:37.815457] [  5]  41.00-41.50  sec  2.21 MBytes  37.2 Mbits/sec  4.676 ms  28075/29733 (94%)  
[2024-05-29 13:03:37.815553] [  5]  41.50-42.00  sec  1.22 MBytes  20.5 Mbits/sec  0.388 ms  25156/26073 (96%)  
[2024-05-29 13:03:37.815647] [  5]  42.00-42.50  sec  2.77 MBytes  46.5 Mbits/sec  0.657 ms  20510/22587 (91%)  
[2024-05-29 13:03:37.815746] [  5]  42.50-43.00  sec  2.15 MBytes  36.2 Mbits/sec  0.436 ms  20439/22053 (93%)  
[2024-05-29 13:03:37.815842] [  5]  43.00-43.50  sec  1.51 MBytes  25.3 Mbits/sec  1.350 ms  18114/19243 (94%)  
[2024-05-29 13:03:37.815936] [  5]  43.50-44.00  sec  2.94 MBytes  49.3 Mbits/sec  2.259 ms  15790/17994 (88%)  
[2024-05-29 13:03:37.816030] [  5]  44.00-44.50  sec  5.38 MBytes  90.5 Mbits/sec  0.621 ms  18997/23027 (82%)  
[2024-05-29 13:03:37.816124] [  5]  44.50-45.00  sec  4.15 MBytes  69.7 Mbits/sec  0.925 ms  24769/27880 (89%)  
[2024-05-29 13:03:37.816219] [  5]  45.00-45.50  sec  2.35 MBytes  39.4 Mbits/sec  0.133 ms  22097/23856 (93%)  
[2024-05-29 13:03:37.816319] [  5]  45.50-46.00  sec  2.56 MBytes  42.9 Mbits/sec  0.417 ms  13261/15178 (87%)  
[2024-05-29 13:03:37.816416] [  5]  46.00-46.50  sec  5.41 MBytes  90.8 Mbits/sec  1.653 ms  24260/28313 (86%)  
[2024-05-29 13:03:37.816510] [  5]  46.50-47.00  sec  2.51 MBytes  42.1 Mbits/sec  2.249 ms  12639/14519 (87%)  
[2024-05-29 13:03:37.816605] [  5]  47.00-47.50  sec  2.53 MBytes  42.5 Mbits/sec  1.027 ms  26484/28382 (93%)  
[2024-05-29 13:03:37.816700] [  5]  47.50-48.00  sec  2.66 MBytes  44.7 Mbits/sec  1.560 ms  21535/23531 (92%)  
[2024-05-29 13:04:02.310919] [  5]  48.00-48.50  sec  1.30 MBytes  21.7 Mbits/sec  1.157 ms  7774/8745 (89%)  
[2024-05-29 13:04:02.311209] [  5]  48.50-49.00  sec  2.47 MBytes  41.4 Mbits/sec  12.691 ms  18330/20180 (91%)  
[2024-05-29 13:04:02.311273] [  5]  49.00-49.50  sec  2.85 MBytes  47.8 Mbits/sec  0.996 ms  37105/39238 (95%)  
[2024-05-29 13:04:02.311320] [  5]  49.50-50.00  sec  2.41 MBytes  40.4 Mbits/sec  0.540 ms  20738/22541 (92%)  
[2024-05-29 13:04:02.311365] [  5]  50.00-50.50  sec  1.22 MBytes  20.4 Mbits/sec  0.906 ms  12141/13052 (93%)  
[2024-05-29 13:04:02.311409] [  5]  50.50-51.00  sec  2.67 MBytes  44.9 Mbits/sec  0.169 ms  23437/25438 (92%)  
[2024-05-29 13:04:02.311452] [  5]  51.00-51.50  sec  2.34 MBytes  39.3 Mbits/sec  0.572 ms  24716/26472 (93%)  
[2024-05-29 13:04:02.311495] [  5]  51.50-52.00  sec  3.30 MBytes  55.4 Mbits/sec  0.069 ms  21827/24302 (90%)  
[2024-05-29 13:04:02.311537] [  5]  52.00-52.50  sec  2.03 MBytes  34.1 Mbits/sec  2.859 ms  18509/20030 (92%)  
[2024-05-29 13:04:02.311579] [  5]  52.50-53.00  sec  2.80 MBytes  47.0 Mbits/sec  0.056 ms  18131/20231 (90%)  
[2024-05-29 13:04:02.311620] [  5]  53.00-53.50  sec  1.35 MBytes  22.6 Mbits/sec  0.165 ms  13948/14959 (93%)  
[2024-05-29 13:04:02.311691] [  5]  53.50-54.00  sec  3.70 MBytes  62.0 Mbits/sec  0.176 ms  24681/27451 (90%)  
[2024-05-29 13:04:02.311737] [  5]  54.00-54.50  sec  3.29 MBytes  55.4 Mbits/sec  0.543 ms  25294/27761 (91%)  
[2024-05-29 13:04:02.311779] [  5]  54.50-55.00  sec  3.89 MBytes  65.3 Mbits/sec  0.075 ms  15983/18897 (85%)  
[2024-05-29 13:04:02.311821] [  5]  55.00-55.50  sec  2.79 MBytes  46.8 Mbits/sec  2.848 ms  21916/24006 (91%)  
[2024-05-29 13:04:02.311864] [  5]  55.50-56.00  sec  1.63 MBytes  27.4 Mbits/sec  0.059 ms  9142/10365 (88%)  
[2024-05-29 13:04:02.311905] [  5]  56.00-56.50  sec  7.21 MBytes   121 Mbits/sec  0.371 ms  31853/37255 (85%)  
[2024-05-29 13:04:02.311947] [  5]  56.50-57.00  sec  1.47 MBytes  24.6 Mbits/sec  0.518 ms  9625/10723 (90%)  
[2024-05-29 13:04:02.311988] [  5]  57.00-57.50  sec  4.41 MBytes  73.9 Mbits/sec  0.211 ms  22996/26302 (87%)  
[2024-05-29 13:04:02.312030] [  5]  57.50-58.00  sec  3.14 MBytes  52.7 Mbits/sec  0.783 ms  18537/20886 (89%)  
[2024-05-29 13:04:02.312070] [  5]  58.00-58.50  sec  2.57 MBytes  43.2 Mbits/sec  3.255 ms  27130/29058 (93%)  
[2024-05-29 13:04:02.312111] [  5]  58.50-59.00  sec  2.71 MBytes  45.5 Mbits/sec  0.029 ms  14875/16905 (88%)  
[2024-05-29 13:04:02.312152] [  5]  59.00-59.50  sec  1.29 MBytes  21.6 Mbits/sec  3.033 ms  17372/18337 (95%)  
[2024-05-29 13:04:02.312193] [  5]  59.50-60.00  sec  1.62 MBytes  27.1 Mbits/sec  1.163 ms  22367/23577 (95%)  
[2024-05-29 13:04:02.312235] [  5]  60.00-60.50  sec  6.58 MBytes   110 Mbits/sec  0.105 ms  28009/32934 (85%)  
[2024-05-29 13:04:02.312276] [  5]  60.50-61.00  sec  8.67 MBytes   145 Mbits/sec  0.034 ms  14804/21297 (70%)  
[2024-05-29 13:04:02.312317] [  5]  61.00-61.50  sec  1.36 MBytes  22.9 Mbits/sec  2.929 ms  4553/5575 (82%)  
[2024-05-29 13:04:02.312358] [  5]  61.50-62.00  sec   777 KBytes  12.7 Mbits/sec  0.269 ms  864/1432 (60%)  
[2024-05-29 13:04:02.312398] [  5]  62.00-62.50  sec  6.80 MBytes   114 Mbits/sec  0.385 ms  62015/67106 (92%)  
[2024-05-29 13:04:02.312440] [  5]  62.50-63.00  sec  13.5 MBytes   226 Mbits/sec  0.273 ms  8577/18667 (46%)  
[2024-05-29 13:04:02.312481] [  5]  63.00-63.50  sec  7.95 MBytes   133 Mbits/sec  0.218 ms  12007/17964 (67%)  
[2024-05-29 13:04:02.312521] [  5]  63.50-64.00  sec  7.31 MBytes   123 Mbits/sec  0.281 ms  17222/22696 (76%)  
[2024-05-29 13:04:02.312562] [  5]  64.00-64.50  sec  9.01 MBytes   151 Mbits/sec  0.195 ms  16182/22929 (71%)  
[2024-05-29 13:04:02.312603] [  5]  64.50-65.00  sec  7.86 MBytes   132 Mbits/sec  0.022 ms  15986/21872 (73%)  
[2024-05-29 13:04:02.312643] [  5]  65.00-65.50  sec  6.73 MBytes   113 Mbits/sec  1.270 ms  16060/21097 (76%)  
[2024-05-29 13:04:02.312683] [  5]  65.50-66.00  sec  6.18 MBytes   104 Mbits/sec  0.047 ms  19355/23986 (81%)  
[2024-05-29 13:04:02.312722] [  5]  66.00-66.50  sec  18.5 MBytes   310 Mbits/sec  0.017 ms  10073/23923 (42%)  
[2024-05-29 13:04:02.312762] [  5]  66.50-67.00  sec  13.7 MBytes   229 Mbits/sec  1.041 ms  10718/20956 (51%)  
[2024-05-29 13:04:02.312802] [  5]  67.00-67.50  sec  8.76 MBytes   147 Mbits/sec  0.044 ms  16134/22698 (71%)  
[2024-05-29 13:04:02.312843] [  5]  67.50-68.00  sec  9.00 MBytes   151 Mbits/sec  0.419 ms  15576/22316 (70%)  
[2024-05-29 13:04:02.312883] [  5]  68.00-68.50  sec  9.49 MBytes   159 Mbits/sec  0.142 ms  14969/22078 (68%)  
[2024-05-29 13:04:02.312924] [  5]  68.50-69.00  sec  8.17 MBytes   137 Mbits/sec  0.197 ms  16342/22460 (73%)  
[2024-05-29 13:04:02.312964] [  5]  69.00-69.50  sec  10.3 MBytes   173 Mbits/sec  0.512 ms  14487/22207 (65%)  
[2024-05-29 13:04:02.313007] [  5]  69.50-70.00  sec  8.85 MBytes   148 Mbits/sec  1.153 ms  14077/20704 (68%)  
[2024-05-29 13:04:02.313049] [  5]  70.00-70.50  sec  10.5 MBytes   177 Mbits/sec  0.015 ms  16194/24087 (67%)  
[2024-05-29 13:04:02.313089] [  5]  70.50-71.00  sec  10.7 MBytes   179 Mbits/sec  0.036 ms  14611/22596 (65%)  
[2024-05-29 13:04:02.313128] [  5]  71.00-71.50  sec  10.3 MBytes   173 Mbits/sec  0.047 ms  13888/21609 (64%)  
[2024-05-29 13:04:02.313169] [  5]  71.50-72.00  sec  10.0 MBytes   169 Mbits/sec  0.049 ms  15173/22697 (67%)  
[2024-05-29 13:04:02.313215] [  5]  72.00-72.50  sec  10.1 MBytes   169 Mbits/sec  0.053 ms  14960/22520 (66%)  
[2024-05-29 13:04:26.811120] [  5]  72.50-73.00  sec  7.13 MBytes   120 Mbits/sec  0.103 ms  16229/21566 (75%)  
[2024-05-29 13:04:26.811554] [  5]  73.00-73.50  sec  6.55 MBytes   110 Mbits/sec  0.145 ms  18342/23249 (79%)  
[2024-05-29 13:04:26.811693] [  5]  73.50-74.00  sec  6.63 MBytes   111 Mbits/sec  0.039 ms  17182/22147 (78%)  
[2024-05-29 13:04:26.811804] [  5]  74.00-74.50  sec  2.32 MBytes  38.9 Mbits/sec  0.136 ms  11624/13360 (87%)  
[2024-05-29 13:04:26.811907] [  5]  74.50-75.00  sec  5.97 MBytes   100 Mbits/sec  5.327 ms  25049/29523 (85%)  
[2024-05-29 13:04:26.812006] [  5]  75.00-75.50  sec  8.96 MBytes   150 Mbits/sec  0.127 ms  18037/24750 (73%)  
[2024-05-29 13:04:26.812104] [  5]  75.50-76.00  sec  7.62 MBytes   128 Mbits/sec  0.136 ms  16441/22147 (74%)  
[2024-05-29 13:04:26.812203] [  5]  76.00-76.50  sec  9.85 MBytes   165 Mbits/sec  0.020 ms  14887/22261 (67%)  
[2024-05-29 13:04:26.812302] [  5]  76.50-77.00  sec  19.1 MBytes   321 Mbits/sec  0.288 ms  8258/22569 (37%)  
[2024-05-29 13:04:26.812401] [  5]  77.00-77.50  sec  9.03 MBytes   151 Mbits/sec  0.725 ms  14143/20905 (68%)  
[2024-05-29 13:04:26.812497] [  5]  77.50-78.00  sec  11.5 MBytes   192 Mbits/sec  0.124 ms  14841/23427 (63%)  
[2024-05-29 13:04:26.812593] [  5]  78.00-78.50  sec  9.44 MBytes   158 Mbits/sec  0.196 ms  14859/21933 (68%)  
[2024-05-29 13:04:26.812689] [  5]  78.50-79.00  sec  10.2 MBytes   171 Mbits/sec  0.159 ms  14800/22441 (66%)  
[2024-05-29 13:04:26.812786] [  5]  79.00-79.50  sec  10.2 MBytes   172 Mbits/sec  0.042 ms  14547/22206 (66%)  
[2024-05-29 13:04:26.812881] [  5]  79.50-80.00  sec  10.2 MBytes   171 Mbits/sec  0.387 ms  14709/22363 (66%)  
[2024-05-29 13:04:26.812979] [  5]  80.00-80.50  sec  10.3 MBytes   173 Mbits/sec  0.160 ms  13421/21136 (63%)  
[2024-05-29 13:04:26.813076] [  5]  80.50-81.00  sec  7.49 MBytes   126 Mbits/sec  0.021 ms  9518/15126 (63%)  
[2024-05-29 13:04:26.813169] [  5]  81.00-81.50  sec  6.40 MBytes   107 Mbits/sec  0.026 ms  24807/29602 (84%)  
[2024-05-29 13:04:26.813264] [  5]  81.50-82.00  sec  8.79 MBytes   148 Mbits/sec  0.062 ms  17141/23727 (72%)  
[2024-05-29 13:04:26.813361] [  5]  82.00-82.50  sec  12.7 MBytes   213 Mbits/sec  0.060 ms  14008/23524 (60%)  
[2024-05-29 13:04:26.813458] [  5]  82.50-83.00  sec  11.2 MBytes   188 Mbits/sec  0.361 ms  12123/20514 (59%)  
[2024-05-29 13:04:26.813552] [  5]  83.00-83.50  sec  11.9 MBytes   200 Mbits/sec  0.120 ms  13507/22428 (60%)  
[2024-05-29 13:04:26.813648] [  5]  83.50-84.00  sec  9.34 MBytes   157 Mbits/sec  0.389 ms  14647/21642 (68%)  
[2024-05-29 13:04:26.813742] [  5]  84.00-84.50  sec  9.79 MBytes   164 Mbits/sec  0.040 ms  9292/16628 (56%)  
[2024-05-29 13:04:26.813837] [  5]  84.50-85.00  sec  9.27 MBytes   156 Mbits/sec  0.085 ms  36147/43089 (84%)  
[2024-05-29 13:04:26.813933] [  5]  85.00-85.50  sec  14.6 MBytes   245 Mbits/sec  0.086 ms  9682/20608 (47%)  
[2024-05-29 13:04:26.814028] [  5]  85.50-86.00  sec  10.4 MBytes   175 Mbits/sec  0.011 ms  966/8782 (11%)  
[2024-05-29 13:04:26.814263] [  5]  86.00-86.50  sec  10.2 MBytes   171 Mbits/sec  0.088 ms  14601/22247 (66%)  
[2024-05-29 13:04:26.814378] [  5]  86.50-87.00  sec  10.6 MBytes   178 Mbits/sec  0.742 ms  15147/23082 (66%)  
[2024-05-29 13:04:26.814480] [  5]  87.00-87.50  sec  14.1 MBytes   237 Mbits/sec  0.030 ms  12073/22642 (53%)  
[2024-05-29 13:04:26.814580] [  5]  87.50-88.00  sec  12.0 MBytes   201 Mbits/sec  0.106 ms  13438/22405 (60%)  
[2024-05-29 13:04:26.814676] [  5]  88.00-88.50  sec  9.74 MBytes   163 Mbits/sec  0.038 ms  12146/19441 (62%)  
[2024-05-29 13:04:26.814772] [  5]  88.50-89.00  sec  5.96 MBytes   100 Mbits/sec  0.018 ms  20578/25041 (82%)  
[2024-05-29 13:04:26.814866] [  5]  89.00-89.50  sec  8.50 MBytes   143 Mbits/sec  0.247 ms  15801/22164 (71%)  
[2024-05-29 13:04:26.814961] [  5]  89.50-90.00  sec  7.12 MBytes   119 Mbits/sec  0.074 ms  16681/22014 (76%)  
[2024-05-29 13:04:26.815096] [  5]  90.00-90.50  sec  6.32 MBytes   106 Mbits/sec  0.069 ms  17381/22111 (79%)  
[2024-05-29 13:04:26.815199] [  5]  90.50-91.00  sec  6.30 MBytes   106 Mbits/sec  0.382 ms  18104/22826 (79%)  
[2024-05-29 13:04:26.815303] [  5]  91.00-91.50  sec  10.2 MBytes   171 Mbits/sec  0.190 ms  14841/22490 (66%)  
[2024-05-29 13:04:26.815398] [  5]  91.50-92.00  sec  6.37 MBytes   107 Mbits/sec  0.921 ms  17395/22164 (78%)  
[2024-05-29 13:04:26.815495] [  5]  92.00-92.50  sec  5.99 MBytes   100 Mbits/sec  0.084 ms  16074/20560 (78%)  
[2024-05-29 13:04:26.815590] [  5]  92.50-93.00  sec  8.98 MBytes   151 Mbits/sec  0.428 ms  17789/24518 (73%)  
[2024-05-29 13:04:26.815687] [  5]  93.00-93.50  sec  3.61 MBytes  60.5 Mbits/sec  1.406 ms  18110/20812 (87%)  
[2024-05-29 13:04:26.815780] [  5]  93.50-94.00  sec  3.03 MBytes  50.8 Mbits/sec  2.556 ms  7643/9912 (77%)  
[2024-05-29 13:04:26.815873] [  5]  94.00-94.50  sec  10.2 MBytes   172 Mbits/sec  0.013 ms  39076/46740 (84%)  
[2024-05-29 13:04:26.815968] [  5]  94.50-95.00  sec  11.3 MBytes   190 Mbits/sec  0.879 ms  8270/16753 (49%)  
[2024-05-29 13:04:26.816062] [  5]  95.00-95.50  sec  1.49 MBytes  25.1 Mbits/sec  1.227 ms  695/1814 (38%)  
[2024-05-29 13:04:26.816157] [  5]  95.50-96.00  sec  0.00 Bytes  0.00 bits/sec  1.227 ms  0/0 (0%)  
[2024-05-29 13:04:26.816251] [  5]  96.00-96.50  sec  8.64 MBytes   145 Mbits/sec  0.124 ms  54050/60518 (89%)  
[2024-05-29 13:04:26.816352] [  5]  96.50-97.00  sec  11.7 MBytes   196 Mbits/sec  0.030 ms  11527/20282 (57%)  
[2024-05-29 13:04:50.295670] [  5]  97.00-97.50  sec  9.58 MBytes   161 Mbits/sec  0.023 ms  14968/22140 (68%)  
[2024-05-29 13:04:50.296050] [  5]  97.50-98.00  sec  3.52 MBytes  59.1 Mbits/sec  0.060 ms  11266/13904 (81%)  
[2024-05-29 13:04:50.296185] [  5]  98.00-98.50  sec   276 KBytes  4.52 Mbits/sec  4.800 ms  20995/21197 (99%)  
[2024-05-29 13:04:50.296296] [  5]  98.50-99.00  sec  17.0 MBytes   285 Mbits/sec  0.050 ms  29050/41760 (70%)  
[2024-05-29 13:04:50.296399] [  5]  99.00-99.50  sec  11.1 MBytes   186 Mbits/sec  0.104 ms  6281/14601 (43%)  
[2024-05-29 13:04:50.296497] [  5]  99.50-100.00 sec  6.55 MBytes   110 Mbits/sec  0.224 ms  16329/21234 (77%)  
[2024-05-29 13:04:50.296594] [  5] 100.00-100.50 sec  3.79 MBytes  63.5 Mbits/sec  0.090 ms  13275/16111 (82%)  
[2024-05-29 13:04:50.296768] [  5] 100.50-101.00 sec  4.05 MBytes  68.0 Mbits/sec  3.889 ms  11760/14794 (79%)  
[2024-05-29 13:04:50.296864] [  5] 101.00-101.50 sec  2.29 MBytes  38.4 Mbits/sec  2.143 ms  17666/19380 (91%)  
[2024-05-29 13:04:50.296963] [  5] 101.50-102.00 sec  1.26 MBytes  21.2 Mbits/sec  0.583 ms  18167/19114 (95%)  
[2024-05-29 13:04:50.297242] [  5] 102.00-102.50 sec  3.63 MBytes  60.9 Mbits/sec  0.116 ms  32756/35476 (92%)  
[2024-05-29 13:04:50.297452] [  5] 102.50-103.00 sec  3.67 MBytes  61.6 Mbits/sec  0.009 ms  38522/41270 (93%)  
[2024-05-29 13:04:50.297662] [  5] 103.00-103.50 sec  9.05 MBytes   152 Mbits/sec  0.054 ms  6225/13007 (48%)  
[2024-05-29 13:04:50.297872] [  5] 103.50-104.00 sec  4.19 MBytes  70.3 Mbits/sec  0.058 ms  14619/17759 (82%)  
[2024-05-29 13:04:50.298236] [  5] 104.00-104.50 sec  7.58 MBytes   127 Mbits/sec  0.720 ms  15552/21232 (73%)  
[2024-05-29 13:04:50.298359] [  5] 104.50-105.00 sec  7.33 MBytes   123 Mbits/sec  1.644 ms  18424/23912 (77%)  
[2024-05-29 13:04:50.298457] [  5] 105.00-105.50 sec  1.91 MBytes  32.1 Mbits/sec  0.080 ms  8285/9719 (85%)  
[2024-05-29 13:04:50.298553] [  5] 105.50-106.00 sec  6.38 MBytes   107 Mbits/sec  0.030 ms  15161/19940 (76%)  
[2024-05-29 13:04:50.298649] [  5] 106.00-106.50 sec  8.35 MBytes   140 Mbits/sec  0.067 ms  33206/39458 (84%)  
[2024-05-29 13:04:50.298745] [  5] 106.50-107.00 sec  11.9 MBytes   199 Mbits/sec  0.044 ms  13704/22583 (61%)  
[2024-05-29 13:04:50.298822] [  5] 107.00-107.50 sec  7.73 MBytes   130 Mbits/sec  0.086 ms  8902/14690 (61%)  
[2024-05-29 13:04:50.298861] [  5] 107.50-108.00 sec   767 KBytes  12.6 Mbits/sec  0.184 ms  1655/2216 (75%)  
[2024-05-29 13:04:50.298900] [  5] 108.00-108.50 sec  19.4 MBytes   325 Mbits/sec  0.067 ms  50772/65274 (78%)  
[2024-05-29 13:04:50.298965] [  5] 108.50-109.00 sec  8.51 MBytes   143 Mbits/sec  0.014 ms  15754/22126 (71%)  
[2024-05-29 13:04:50.299006] [  5] 109.00-109.50 sec  5.08 MBytes  85.3 Mbits/sec  0.120 ms  3620/7426 (49%)  
[2024-05-29 13:04:50.299046] [  5] 109.50-110.00 sec  4.40 MBytes  73.9 Mbits/sec  0.575 ms  15496/18795 (82%)  
[2024-05-29 13:04:50.299084] [  5] 110.00-110.50 sec  2.74 MBytes  45.9 Mbits/sec  0.851 ms  21919/23969 (91%)  
[2024-05-29 13:04:50.299123] [  5] 110.50-111.00 sec  1.98 MBytes  33.3 Mbits/sec  6.323 ms  16374/17859 (92%)  
[2024-05-29 13:04:50.299160] [  5] 111.00-111.50 sec  2.43 MBytes  40.8 Mbits/sec  0.212 ms  20913/22735 (92%)  
[2024-05-29 13:04:50.299199] [  5] 111.50-112.00 sec  1.59 MBytes  26.6 Mbits/sec  0.860 ms  19745/20933 (94%)  
[2024-05-29 13:04:50.299285] [  5] 112.00-112.50 sec  2.62 MBytes  44.0 Mbits/sec  0.167 ms  16129/18092 (89%)  
[2024-05-29 13:04:50.299324] [  5] 112.50-113.00 sec  3.52 MBytes  59.0 Mbits/sec  0.195 ms  25918/28554 (91%)  
[2024-05-29 13:04:50.299364] [  5] 113.00-113.50 sec  3.39 MBytes  56.9 Mbits/sec  0.041 ms  22770/25309 (90%)  
[2024-05-29 13:04:50.299511] [  5] 113.50-114.00 sec  6.21 MBytes   104 Mbits/sec  0.050 ms  17832/22481 (79%)  
[2024-05-29 13:04:50.299674] [  5] 114.00-114.50 sec  7.80 MBytes   131 Mbits/sec  0.192 ms  14239/20079 (71%)  
[2024-05-29 13:04:50.299743] [  5] 114.50-115.00 sec  5.34 MBytes  89.6 Mbits/sec  0.031 ms  13664/17662 (77%)  
[2024-05-29 13:04:50.299781] [  5] 115.00-115.50 sec  6.03 MBytes   101 Mbits/sec  0.146 ms  20755/25274 (82%)  
[2024-05-29 13:04:50.299820] [  5] 115.50-116.00 sec  3.97 MBytes  66.6 Mbits/sec  12.369 ms  21129/24105 (88%)  
[2024-05-29 13:04:50.299858] [  5] 116.00-116.50 sec  3.66 MBytes  61.5 Mbits/sec  0.233 ms  12364/15108 (82%)  
[2024-05-29 13:04:50.299896] [  5] 116.50-117.00 sec  3.73 MBytes  62.6 Mbits/sec  0.130 ms  24649/27443 (90%)  
[2024-05-29 13:04:50.299935] [  5] 117.00-117.50 sec  2.45 MBytes  41.1 Mbits/sec  0.078 ms  19829/21662 (92%)  
[2024-05-29 13:04:50.299973] [  5] 117.50-118.00 sec  2.91 MBytes  48.9 Mbits/sec  0.089 ms  18714/20897 (90%)  
[2024-05-29 13:04:50.300013] [  5] 118.00-118.50 sec  5.77 MBytes  96.9 Mbits/sec  0.086 ms  21754/26079 (83%)  
[2024-05-29 13:04:50.300051] [  5] 118.50-119.00 sec  2.82 MBytes  47.2 Mbits/sec  0.232 ms  15767/17877 (88%)  
[2024-05-29 13:04:50.300088] [  5] 119.00-119.50 sec  5.03 MBytes  84.4 Mbits/sec  0.054 ms  15208/18975 (80%)  
[2024-05-29 13:04:50.300126] [  5] 119.50-120.00 sec  2.68 MBytes  44.9 Mbits/sec  0.395 ms  20739/22744 (91%)  
[2024-05-29 13:04:50.300164] - - - - - - - - - - - - - - - - - - - - - - - - -
[2024-05-29 13:04:50.300205] [ ID] Interval           Transfer     Bitrate         Jitter    Lost/Total Datagrams
[2024-05-29 13:04:50.300244] [  5]   0.00-120.38 sec  7.01 GBytes   500 Mbits/sec  0.000 ms  0/5374021 (0%)  sender
[2024-05-29 13:04:50.300283] [SUM]  0.0-120.4 sec  166715 datagrams received out-of-order
[2024-05-29 13:04:50.300328] [  5]   0.00-120.00 sec  1.32 GBytes  94.2 Mbits/sec  0.395 ms  4326919/5336382 (81%)  receiver
[2024-05-29 13:04:50.300370] 
[2024-05-29 13:04:50.300407] iperf Done.
End time: 1717002290324
