Start time: 1716826055559
[2024-05-27 12:07:59.325809] Connecting to host 35.245.244.238, port 5203
[2024-05-27 12:07:59.327260] Reverse mode, remote host 35.245.244.238 is sending
[2024-05-27 12:07:59.327389] [  5] local 192.168.1.21 port 36631 connected to 35.245.244.238 port 5203
[2024-05-27 12:07:59.327486] [ ID] Interval           Transfer     Bitrate         Jitter    Lost/Total Datagrams
[2024-05-27 12:07:59.327595] [  5]   0.00-0.50   sec  7.53 MBytes   126 Mbits/sec  0.026 ms  16046/21686 (74%)  
[2024-05-27 12:07:59.327682] [  5]   0.50-1.00   sec  16.2 MBytes   271 Mbits/sec  0.045 ms  11261/23367 (48%)  
[2024-05-27 12:07:59.327767] [  5]   1.00-1.50   sec  21.9 MBytes   367 Mbits/sec  0.079 ms  5980/22346 (27%)  
[2024-05-27 12:07:59.327855] [  5]   1.50-2.00   sec  21.2 MBytes   355 Mbits/sec  0.048 ms  6448/22299 (29%)  
[2024-05-27 12:07:59.327938] [  5]   2.00-2.50   sec  22.2 MBytes   373 Mbits/sec  0.010 ms  5696/22326 (26%)  
[2024-05-27 12:07:59.328021] [  5]   2.50-3.00   sec  24.0 MBytes   403 Mbits/sec  0.029 ms  4310/22311 (19%)  
[2024-05-27 12:07:59.328099] [  5]   3.00-3.50   sec  23.7 MBytes   397 Mbits/sec  0.033 ms  4634/22361 (21%)  
[2024-05-27 12:07:59.328181] [  5]   3.50-4.00   sec  22.6 MBytes   379 Mbits/sec  0.089 ms  5374/22296 (24%)  
[2024-05-27 12:07:59.328262] [  5]   4.00-4.50   sec  18.9 MBytes   318 Mbits/sec  0.023 ms  8117/22298 (36%)  
[2024-05-27 12:07:59.328341] [  5]   4.50-5.00   sec  18.7 MBytes   313 Mbits/sec  0.033 ms  8360/22359 (37%)  
[2024-05-27 12:07:59.328428] [  5]   5.00-5.50   sec  25.1 MBytes   421 Mbits/sec  0.056 ms  3510/22289 (16%)  
[2024-05-27 12:07:59.328511] [  5]   5.50-6.00   sec  17.4 MBytes   291 Mbits/sec  0.030 ms  9131/22128 (41%)  
[2024-05-27 12:07:59.328594] [  5]   6.00-6.50   sec  18.4 MBytes   309 Mbits/sec  0.020 ms  8697/22505 (39%)  
[2024-05-27 12:07:59.328679] [  5]   6.50-7.00   sec  21.2 MBytes   356 Mbits/sec  0.032 ms  6484/22366 (29%)  
[2024-05-27 12:07:59.328760] [  5]   7.00-7.50   sec  22.0 MBytes   369 Mbits/sec  0.022 ms  5938/22390 (27%)  
[2024-05-27 12:07:59.328842] [  5]   7.50-8.00   sec  22.7 MBytes   381 Mbits/sec  0.036 ms  5257/22256 (24%)  
[2024-05-27 12:07:59.328923] [  5]   8.00-8.50   sec  22.3 MBytes   374 Mbits/sec  0.019 ms  5581/22275 (25%)  
[2024-05-27 12:07:59.329005] [  5]   8.50-9.00   sec  20.8 MBytes   349 Mbits/sec  0.022 ms  6884/22458 (31%)  
[2024-05-27 12:07:59.329089] [  5]   9.00-9.50   sec  21.8 MBytes   366 Mbits/sec  0.012 ms  5959/22280 (27%)  
[2024-05-27 12:07:59.329174] [  5]   9.50-10.00  sec  22.0 MBytes   369 Mbits/sec  0.030 ms  5630/22086 (25%)  
[2024-05-27 12:07:59.329259] [  5]  10.00-10.50  sec  22.3 MBytes   375 Mbits/sec  0.034 ms  5771/22497 (26%)  
[2024-05-27 12:07:59.329340] [  5]  10.50-11.00  sec  20.1 MBytes   337 Mbits/sec  0.015 ms  7274/22335 (33%)  
[2024-05-27 12:07:59.329427] [  5]  11.00-11.50  sec  21.8 MBytes   365 Mbits/sec  0.089 ms  6030/22346 (27%)  
[2024-05-27 12:07:59.329508] [  5]  11.50-12.00  sec  22.1 MBytes   370 Mbits/sec  0.184 ms  5718/22260 (26%)  
[2024-05-27 12:07:59.329590] [  5]  12.00-12.50  sec  22.1 MBytes   371 Mbits/sec  0.016 ms  5713/22283 (26%)  
[2024-05-27 12:07:59.329670] [  5]  12.50-13.00  sec  20.7 MBytes   347 Mbits/sec  0.061 ms  6890/22373 (31%)  
[2024-05-27 12:07:59.329753] [  5]  13.00-13.50  sec  21.3 MBytes   358 Mbits/sec  0.084 ms  6330/22290 (28%)  
[2024-05-27 12:07:59.329837] [  5]  13.50-14.00  sec  22.1 MBytes   372 Mbits/sec  0.077 ms  5681/22265 (26%)  
[2024-05-27 12:07:59.329916] [  5]  14.00-14.50  sec  21.6 MBytes   362 Mbits/sec  0.012 ms  6264/22442 (28%)  
[2024-05-27 12:07:59.329993] [  5]  14.50-15.00  sec  20.1 MBytes   337 Mbits/sec  0.015 ms  7235/22278 (32%)  
[2024-05-27 12:07:59.330075] [  5]  15.00-15.50  sec  22.0 MBytes   369 Mbits/sec  0.011 ms  5966/22414 (27%)  
[2024-05-27 12:07:59.330153] [  5]  15.50-16.00  sec  21.8 MBytes   366 Mbits/sec  0.037 ms  5939/22270 (27%)  
[2024-05-27 12:07:59.330230] [  5]  16.00-16.50  sec  21.4 MBytes   358 Mbits/sec  0.016 ms  6362/22361 (28%)  
[2024-05-27 12:07:59.330307] [  5]  16.50-17.00  sec  20.0 MBytes   335 Mbits/sec  0.045 ms  7290/22238 (33%)  
[2024-05-27 12:07:59.330420] [  5]  17.00-17.50  sec  21.7 MBytes   364 Mbits/sec  0.115 ms  5952/22218 (27%)  
[2024-05-27 12:07:59.330500] [  5]  17.50-18.00  sec  22.3 MBytes   375 Mbits/sec  0.024 ms  5807/22541 (26%)  
[2024-05-27 12:07:59.330581] [  5]  18.00-18.50  sec  20.3 MBytes   341 Mbits/sec  0.018 ms  7031/22243 (32%)  
[2024-05-27 12:07:59.330658] [  5]  18.50-19.00  sec  21.3 MBytes   358 Mbits/sec  0.025 ms  6125/22096 (28%)  
[2024-05-27 12:07:59.330827] [  5]  19.00-19.50  sec  22.0 MBytes   369 Mbits/sec  0.024 ms  6030/22498 (27%)  
[2024-05-27 12:07:59.330920] [  5]  19.50-20.00  sec  21.9 MBytes   367 Mbits/sec  0.023 ms  5945/22318 (27%)  
[2024-05-27 12:07:59.331000] [  5]  20.00-20.50  sec  19.8 MBytes   333 Mbits/sec  0.010 ms  7536/22391 (34%)  
[2024-05-27 12:07:59.331076] [  5]  20.50-21.00  sec  14.0 MBytes   234 Mbits/sec  0.025 ms  11533/21994 (52%)  
[2024-05-27 12:07:59.331154] [  5]  21.00-21.50  sec  4.17 MBytes  70.0 Mbits/sec  0.060 ms  18905/22032 (86%)  
[2024-05-27 12:07:59.331233] [  5]  21.50-22.00  sec  7.05 MBytes   118 Mbits/sec  0.011 ms  17481/22762 (77%)  
[2024-05-27 12:07:59.331314] [  5]  22.00-22.50  sec  14.3 MBytes   241 Mbits/sec  0.012 ms  11655/22393 (52%)  
[2024-05-27 12:07:59.331391] [  5]  22.50-23.00  sec  12.4 MBytes   208 Mbits/sec  0.031 ms  13021/22312 (58%)  
[2024-05-27 12:08:23.825265] [  5]  23.00-23.50  sec  16.6 MBytes   278 Mbits/sec  0.019 ms  9862/22287 (44%)  
[2024-05-27 12:08:23.825464] [  5]  23.50-24.00  sec  17.8 MBytes   298 Mbits/sec  0.019 ms  8971/22273 (40%)  
[2024-05-27 12:08:23.825505] [  5]  24.00-24.50  sec  11.6 MBytes   195 Mbits/sec  0.010 ms  13666/22381 (61%)  
[2024-05-27 12:08:23.825538] [  5]  24.50-25.00  sec  15.9 MBytes   266 Mbits/sec  0.110 ms  10449/22335 (47%)  
[2024-05-27 12:08:23.825567] [  5]  25.00-25.50  sec  14.1 MBytes   236 Mbits/sec  0.024 ms  11826/22374 (53%)  
[2024-05-27 12:08:23.825596] [  5]  25.50-26.00  sec  14.7 MBytes   246 Mbits/sec  0.020 ms  11193/22169 (50%)  
[2024-05-27 12:08:23.825625] [  5]  26.00-26.50  sec  15.2 MBytes   256 Mbits/sec  0.053 ms  10959/22373 (49%)  
[2024-05-27 12:08:23.825653] [  5]  26.50-27.00  sec  20.1 MBytes   337 Mbits/sec  0.032 ms  7383/22421 (33%)  
[2024-05-27 12:08:23.825682] [  5]  27.00-27.50  sec  20.2 MBytes   339 Mbits/sec  0.009 ms  7206/22340 (32%)  
[2024-05-27 12:08:23.825714] [  5]  27.50-28.00  sec  22.8 MBytes   382 Mbits/sec  0.048 ms  5227/22279 (23%)  
[2024-05-27 12:08:23.825747] [  5]  28.00-28.50  sec  21.2 MBytes   356 Mbits/sec  0.034 ms  6339/22227 (29%)  
[2024-05-27 12:08:23.825789] [  5]  28.50-29.00  sec  18.6 MBytes   313 Mbits/sec  0.013 ms  8511/22458 (38%)  
[2024-05-27 12:08:23.825830] [  5]  29.00-29.50  sec  19.3 MBytes   324 Mbits/sec  0.017 ms  7868/22313 (35%)  
[2024-05-27 12:08:23.825859] [  5]  29.50-30.00  sec  23.2 MBytes   389 Mbits/sec  0.013 ms  4960/22326 (22%)  
[2024-05-27 12:08:23.825888] [  5]  30.00-30.50  sec  18.9 MBytes   317 Mbits/sec  0.085 ms  8075/22215 (36%)  
[2024-05-27 12:08:23.825916] [  5]  30.50-31.00  sec  19.3 MBytes   324 Mbits/sec  0.026 ms  7890/22374 (35%)  
[2024-05-27 12:08:23.825944] [  5]  31.00-31.50  sec  18.8 MBytes   315 Mbits/sec  0.082 ms  8190/22273 (37%)  
[2024-05-27 12:08:23.825975] [  5]  31.50-32.00  sec  17.3 MBytes   291 Mbits/sec  0.018 ms  9447/22423 (42%)  
[2024-05-27 12:08:23.826004] [  5]  32.00-32.50  sec  18.4 MBytes   309 Mbits/sec  0.062 ms  8384/22196 (38%)  
[2024-05-27 12:08:23.826031] [  5]  32.50-33.00  sec  23.8 MBytes   400 Mbits/sec  0.027 ms  4594/22437 (20%)  
[2024-05-27 12:08:23.826060] [  5]  33.00-33.50  sec  21.1 MBytes   354 Mbits/sec  0.026 ms  6472/22287 (29%)  
[2024-05-27 12:08:23.826089] [  5]  33.50-34.00  sec  18.5 MBytes   310 Mbits/sec  0.073 ms  8484/22318 (38%)  
[2024-05-27 12:08:23.826117] [  5]  34.00-34.50  sec  21.6 MBytes   362 Mbits/sec  0.044 ms  6101/22265 (27%)  
[2024-05-27 12:08:23.826146] [  5]  34.50-35.00  sec  17.7 MBytes   297 Mbits/sec  0.037 ms  9158/22408 (41%)  
[2024-05-27 12:08:23.826191] [  5]  35.00-35.50  sec  21.9 MBytes   367 Mbits/sec  0.053 ms  5930/22318 (27%)  
[2024-05-27 12:08:23.826220] [  5]  35.50-36.00  sec  16.2 MBytes   273 Mbits/sec  0.025 ms  10036/22206 (45%)  
[2024-05-27 12:08:23.826246] [  5]  36.00-36.50  sec  19.6 MBytes   329 Mbits/sec  0.025 ms  7822/22494 (35%)  
[2024-05-27 12:08:23.826272] [  5]  36.50-37.00  sec  16.1 MBytes   270 Mbits/sec  0.037 ms  10217/22249 (46%)  
[2024-05-27 12:08:23.826330] [  5]  37.00-37.50  sec  18.2 MBytes   305 Mbits/sec  0.055 ms  8753/22358 (39%)  
[2024-05-27 12:08:23.826358] [  5]  37.50-38.00  sec  11.9 MBytes   200 Mbits/sec  0.029 ms  13321/22265 (60%)  
[2024-05-27 12:08:23.826384] [  5]  38.00-38.50  sec  12.9 MBytes   216 Mbits/sec  0.033 ms  12740/22392 (57%)  
[2024-05-27 12:08:23.826579] [  5]  38.50-39.00  sec  22.7 MBytes   381 Mbits/sec  0.021 ms  5370/22390 (24%)  
[2024-05-27 12:08:23.826661] [  5]  39.00-39.50  sec  20.1 MBytes   337 Mbits/sec  0.120 ms  7263/22325 (33%)  
[2024-05-27 12:08:23.826795] [  5]  39.50-40.00  sec  8.11 MBytes   136 Mbits/sec  0.040 ms  16102/22173 (73%)  
[2024-05-27 12:08:23.826855] [  5]  40.00-40.50  sec  8.91 MBytes   150 Mbits/sec  0.036 ms  15662/22336 (70%)  
[2024-05-27 12:08:23.826916] [  5]  40.50-41.00  sec  17.5 MBytes   293 Mbits/sec  0.056 ms  9287/22385 (41%)  
[2024-05-27 12:08:23.827007] [  5]  41.00-41.50  sec  19.9 MBytes   334 Mbits/sec  0.030 ms  7328/22255 (33%)  
[2024-05-27 12:08:23.827037] [  5]  41.50-42.00  sec  18.2 MBytes   306 Mbits/sec  0.030 ms  8667/22318 (39%)  
[2024-05-27 12:08:23.827065] [  5]  42.00-42.50  sec  10.5 MBytes   176 Mbits/sec  0.042 ms  14445/22289 (65%)  
[2024-05-27 12:08:23.827093] [  5]  42.50-43.00  sec  16.7 MBytes   280 Mbits/sec  0.049 ms  9866/22355 (44%)  
[2024-05-27 12:08:23.827133] [  5]  43.00-43.50  sec  19.7 MBytes   330 Mbits/sec  0.027 ms  7618/22344 (34%)  
[2024-05-27 12:08:23.827161] [  5]  43.50-44.00  sec  12.5 MBytes   209 Mbits/sec  0.034 ms  13028/22353 (58%)  
[2024-05-27 12:08:23.827203] [  5]  44.00-44.50  sec  16.5 MBytes   276 Mbits/sec  0.041 ms  10035/22377 (45%)  
[2024-05-27 12:08:23.827230] [  5]  44.50-45.00  sec  18.5 MBytes   310 Mbits/sec  0.033 ms  8374/22215 (38%)  
[2024-05-27 12:08:23.827256] [  5]  45.00-45.50  sec  17.2 MBytes   289 Mbits/sec  0.053 ms  9366/22262 (42%)  
[2024-05-27 12:08:23.827281] [  5]  45.50-46.00  sec  7.11 MBytes   119 Mbits/sec  0.028 ms  17056/22380 (76%)  
[2024-05-27 12:08:23.827309] [  5]  46.00-46.50  sec  12.9 MBytes   217 Mbits/sec  0.028 ms  12719/22385 (57%)  
[2024-05-27 12:08:23.827422] [  5]  46.50-47.00  sec  12.1 MBytes   202 Mbits/sec  0.009 ms  13295/22329 (60%)  
[2024-05-27 12:08:23.827447] [  5]  47.00-47.50  sec  18.2 MBytes   305 Mbits/sec  0.020 ms  8643/22251 (39%)  
[2024-05-27 12:08:48.325250] [  5]  47.50-48.00  sec  18.0 MBytes   302 Mbits/sec  0.029 ms  8832/22309 (40%)  
[2024-05-27 12:08:48.325681] [  5]  48.00-48.50  sec  19.1 MBytes   320 Mbits/sec  0.037 ms  8081/22366 (36%)  
[2024-05-27 12:08:48.325792] [  5]  48.50-49.00  sec  16.8 MBytes   282 Mbits/sec  0.027 ms  9695/22281 (44%)  
[2024-05-27 12:08:48.325882] [  5]  49.00-49.50  sec  13.9 MBytes   233 Mbits/sec  0.025 ms  11844/22255 (53%)  
[2024-05-27 12:08:48.325963] [  5]  49.50-50.00  sec  7.71 MBytes   129 Mbits/sec  0.017 ms  16572/22350 (74%)  
[2024-05-27 12:08:48.326043] [  5]  50.00-50.50  sec  11.0 MBytes   184 Mbits/sec  0.009 ms  14125/22339 (63%)  
[2024-05-27 12:08:48.326120] [  5]  50.50-51.00  sec  13.2 MBytes   222 Mbits/sec  0.023 ms  12283/22172 (55%)  
[2024-05-27 12:08:48.326199] [  5]  51.00-51.50  sec  5.62 MBytes  94.3 Mbits/sec  0.011 ms  18429/22638 (81%)  
[2024-05-27 12:08:48.326280] [  5]  51.50-52.00  sec  16.3 MBytes   274 Mbits/sec  0.067 ms  10135/22364 (45%)  
[2024-05-27 12:08:48.326360] [  5]  52.00-52.50  sec  17.5 MBytes   294 Mbits/sec  0.012 ms  8871/21972 (40%)  
[2024-05-27 12:08:48.326437] [  5]  52.50-53.00  sec  17.6 MBytes   296 Mbits/sec  0.015 ms  9245/22449 (41%)  
[2024-05-27 12:08:48.326545] [  5]  53.00-53.50  sec  22.2 MBytes   373 Mbits/sec  0.046 ms  5868/22521 (26%)  
[2024-05-27 12:08:48.326623] [  5]  53.50-54.00  sec  24.7 MBytes   414 Mbits/sec  0.121 ms  3889/22388 (17%)  
[2024-05-27 12:08:48.326700] [  5]  54.00-54.50  sec  24.5 MBytes   410 Mbits/sec  0.023 ms  3901/22224 (18%)  
[2024-05-27 12:08:48.326836] [  5]  54.50-55.00  sec  19.7 MBytes   331 Mbits/sec  0.019 ms  7627/22411 (34%)  
[2024-05-27 12:08:48.326916] [  5]  55.00-55.50  sec  17.2 MBytes   289 Mbits/sec  0.093 ms  9350/22263 (42%)  
[2024-05-27 12:08:48.326992] [  5]  55.50-56.00  sec  23.6 MBytes   396 Mbits/sec  0.158 ms  4693/22366 (21%)  
[2024-05-27 12:08:48.327068] [  5]  56.00-56.50  sec  24.1 MBytes   404 Mbits/sec  0.017 ms  4231/22250 (19%)  
[2024-05-27 12:08:48.327142] [  5]  56.50-57.00  sec  21.7 MBytes   364 Mbits/sec  0.034 ms  5868/22135 (27%)  
[2024-05-27 12:08:48.327216] [  5]  57.00-57.50  sec  25.7 MBytes   430 Mbits/sec  0.038 ms  3339/22553 (15%)  
[2024-05-27 12:08:48.327294] [  5]  57.50-58.00  sec  26.3 MBytes   441 Mbits/sec  0.071 ms  2569/22262 (12%)  
[2024-05-27 12:08:48.327370] [  5]  58.00-58.50  sec  26.6 MBytes   446 Mbits/sec  0.015 ms  2367/22307 (11%)  
[2024-05-27 12:08:48.327447] [  5]  58.50-59.00  sec  24.0 MBytes   403 Mbits/sec  0.028 ms  4429/22390 (20%)  
[2024-05-27 12:08:48.327521] [  5]  59.00-59.50  sec  23.2 MBytes   389 Mbits/sec  0.115 ms  4922/22307 (22%)  
[2024-05-27 12:08:48.327599] [  5]  59.50-60.00  sec  23.6 MBytes   396 Mbits/sec  0.014 ms  4693/22390 (21%)  
[2024-05-27 12:08:48.327675] [  5]  60.00-60.50  sec  21.7 MBytes   364 Mbits/sec  0.149 ms  5974/22240 (27%)  
[2024-05-27 12:08:48.327752] [  5]  60.50-61.00  sec  22.0 MBytes   370 Mbits/sec  0.057 ms  5833/22333 (26%)  
[2024-05-27 12:08:48.327825] [  5]  61.00-61.50  sec  23.5 MBytes   394 Mbits/sec  0.153 ms  4717/22298 (21%)  
[2024-05-27 12:08:48.327900] [  5]  61.50-62.00  sec  25.2 MBytes   422 Mbits/sec  0.095 ms  3554/22412 (16%)  
[2024-05-27 12:08:48.327974] [  5]  62.00-62.50  sec  27.6 MBytes   463 Mbits/sec  0.035 ms  1494/22171 (6.7%)  
[2024-05-27 12:08:48.328051] [  5]  62.50-63.00  sec  21.2 MBytes   355 Mbits/sec  0.014 ms  6590/22435 (29%)  
[2024-05-27 12:08:48.328125] [  5]  63.00-63.50  sec  16.8 MBytes   282 Mbits/sec  0.015 ms  8054/20666 (39%)  
[2024-05-27 12:08:48.328202] [  5]  63.50-64.00  sec  17.3 MBytes   290 Mbits/sec  0.077 ms  11018/23972 (46%)  
[2024-05-27 12:08:48.328279] [  5]  64.00-64.50  sec  19.3 MBytes   323 Mbits/sec  0.007 ms  7814/22245 (35%)  
[2024-05-27 12:08:48.328372] [  5]  64.50-65.00  sec  17.3 MBytes   291 Mbits/sec  0.018 ms  9360/22350 (42%)  
[2024-05-27 12:08:48.328464] [  5]  65.00-65.50  sec  17.7 MBytes   297 Mbits/sec  0.012 ms  9058/22333 (41%)  
[2024-05-27 12:08:48.328541] [  5]  65.50-66.00  sec  13.2 MBytes   221 Mbits/sec  0.045 ms  12301/22154 (56%)  
[2024-05-27 12:08:48.328623] [  5]  66.00-66.50  sec  25.2 MBytes   422 Mbits/sec  0.006 ms  3474/22323 (16%)  
[2024-05-27 12:08:48.328701] [  5]  66.50-67.00  sec  25.6 MBytes   430 Mbits/sec  0.012 ms  3152/22362 (14%)  
[2024-05-27 12:08:48.328792] [  5]  67.00-67.50  sec  22.2 MBytes   372 Mbits/sec  0.045 ms  3547/20145 (18%)  
[2024-05-27 12:08:48.328870] [  5]  67.50-68.00  sec  1.42 MBytes  23.8 Mbits/sec  0.054 ms  22902/23964 (96%)  
[2024-05-27 12:08:48.328948] [  5]  68.00-68.50  sec  19.5 MBytes   327 Mbits/sec  0.013 ms  8328/22935 (36%)  
[2024-05-27 12:08:48.329031] [  5]  68.50-69.00  sec  20.9 MBytes   350 Mbits/sec  0.012 ms  6667/22313 (30%)  
[2024-05-27 12:08:48.329109] [  5]  69.00-69.50  sec  23.5 MBytes   395 Mbits/sec  0.058 ms  4285/21899 (20%)  
[2024-05-27 12:08:48.329184] [  5]  69.50-70.00  sec  12.7 MBytes   214 Mbits/sec  0.045 ms  12804/22338 (57%)  
[2024-05-27 12:08:48.329261] [  5]  70.00-70.50  sec  21.7 MBytes   364 Mbits/sec  0.031 ms  6520/22757 (29%)  
[2024-05-27 12:08:48.329335] [  5]  70.50-71.00  sec  24.3 MBytes   407 Mbits/sec  0.031 ms  3973/22143 (18%)  
[2024-05-27 12:08:48.329414] [  5]  71.00-71.50  sec  21.0 MBytes   353 Mbits/sec  0.013 ms  6135/21887 (28%)  
[2024-05-27 12:08:48.329507] [  5]  71.50-72.00  sec  24.4 MBytes   410 Mbits/sec  0.032 ms  4540/22844 (20%)  
[2024-05-27 12:09:12.825234] [  5]  72.00-72.50  sec  24.3 MBytes   408 Mbits/sec  0.091 ms  4103/22315 (18%)  
[2024-05-27 12:09:12.825637] [  5]  72.50-73.00  sec  23.5 MBytes   394 Mbits/sec  0.021 ms  4543/22134 (21%)  
[2024-05-27 12:09:12.825731] [  5]  73.00-73.50  sec  13.3 MBytes   223 Mbits/sec  0.090 ms  12306/22264 (55%)  
[2024-05-27 12:09:12.825804] [  5]  73.50-74.00  sec  12.8 MBytes   215 Mbits/sec  0.014 ms  12505/22104 (57%)  
[2024-05-27 12:09:12.825870] [  5]  74.00-74.50  sec  14.2 MBytes   239 Mbits/sec  0.032 ms  12004/22661 (53%)  
[2024-05-27 12:09:12.825938] [  5]  74.50-75.00  sec  6.88 MBytes   115 Mbits/sec  0.038 ms  17032/22182 (77%)  
[2024-05-27 12:09:12.826008] [  5]  75.00-75.50  sec  5.07 MBytes  85.0 Mbits/sec  0.059 ms  18702/22499 (83%)  
[2024-05-27 12:09:12.826071] [  5]  75.50-76.00  sec  4.13 MBytes  69.3 Mbits/sec  0.060 ms  19014/22109 (86%)  
[2024-05-27 12:09:12.826134] [  5]  76.00-76.50  sec  9.83 MBytes   165 Mbits/sec  0.026 ms  15195/22557 (67%)  
[2024-05-27 12:09:12.826196] [  5]  76.50-77.00  sec  5.42 MBytes  90.9 Mbits/sec  0.058 ms  17694/21754 (81%)  
[2024-05-27 12:09:12.826258] [  5]  77.00-77.50  sec  6.58 MBytes   110 Mbits/sec  0.047 ms  18080/23008 (79%)  
[2024-05-27 12:09:12.826322] [  5]  77.50-78.00  sec  10.9 MBytes   183 Mbits/sec  0.047 ms  13773/21940 (63%)  
[2024-05-27 12:09:12.826384] [  5]  78.00-78.50  sec  14.4 MBytes   242 Mbits/sec  0.074 ms  11033/21834 (51%)  
[2024-05-27 12:09:12.826446] [  5]  78.50-79.00  sec  9.91 MBytes   166 Mbits/sec  0.047 ms  15673/23098 (68%)  
[2024-05-27 12:09:12.826507] [  5]  79.00-79.50  sec  11.9 MBytes   200 Mbits/sec  0.033 ms  12922/21834 (59%)  
[2024-05-27 12:09:12.826568] [  5]  79.50-80.00  sec  16.3 MBytes   274 Mbits/sec  0.012 ms  9439/21665 (44%)  
[2024-05-27 12:09:12.826627] [  5]  80.00-80.50  sec  21.3 MBytes   358 Mbits/sec  0.038 ms  7569/23549 (32%)  
[2024-05-27 12:09:12.826688] [  5]  80.50-81.00  sec  13.1 MBytes   221 Mbits/sec  0.156 ms  12547/22392 (56%)  
[2024-05-27 12:09:12.826825] [  5]  81.00-81.50  sec  14.3 MBytes   240 Mbits/sec  0.027 ms  11630/22353 (52%)  
[2024-05-27 12:09:12.826893] [  5]  81.50-82.00  sec  20.1 MBytes   337 Mbits/sec  0.017 ms  7219/22252 (32%)  
[2024-05-27 12:09:12.826955] [  5]  82.00-82.50  sec  20.8 MBytes   349 Mbits/sec  0.022 ms  6839/22393 (31%)  
[2024-05-27 12:09:12.827020] [  5]  82.50-83.00  sec  17.8 MBytes   299 Mbits/sec  0.023 ms  8963/22295 (40%)  
[2024-05-27 12:09:12.827083] [  5]  83.00-83.50  sec  18.2 MBytes   305 Mbits/sec  0.030 ms  8737/22336 (39%)  
[2024-05-27 12:09:12.827142] [  5]  83.50-84.00  sec  17.0 MBytes   286 Mbits/sec  0.245 ms  9456/22224 (43%)  
[2024-05-27 12:09:12.827203] [  5]  84.00-84.50  sec  18.8 MBytes   316 Mbits/sec  0.029 ms  8310/22421 (37%)  
[2024-05-27 12:09:12.827263] [  5]  84.50-85.00  sec  14.4 MBytes   242 Mbits/sec  0.025 ms  11433/22246 (51%)  
[2024-05-27 12:09:12.827324] [  5]  85.00-85.50  sec  19.7 MBytes   331 Mbits/sec  0.032 ms  7597/22372 (34%)  
[2024-05-27 12:09:12.827384] [  5]  85.50-86.00  sec  20.5 MBytes   344 Mbits/sec  0.013 ms  6942/22320 (31%)  
[2024-05-27 12:09:12.827445] [  5]  86.00-86.50  sec  20.9 MBytes   351 Mbits/sec  0.009 ms  6681/22331 (30%)  
[2024-05-27 12:09:12.827507] [  5]  86.50-87.00  sec  21.3 MBytes   357 Mbits/sec  0.040 ms  6355/22296 (29%)  
[2024-05-27 12:09:12.827572] [  5]  87.00-87.50  sec  18.8 MBytes   315 Mbits/sec  0.031 ms  8290/22370 (37%)  
[2024-05-27 12:09:12.827636] [  5]  87.50-88.00  sec  15.5 MBytes   261 Mbits/sec  0.016 ms  10646/22288 (48%)  
[2024-05-27 12:09:12.827696] [  5]  88.00-88.50  sec  17.2 MBytes   289 Mbits/sec  0.038 ms  9447/22346 (42%)  
[2024-05-27 12:09:12.827757] [  5]  88.50-89.00  sec  16.8 MBytes   283 Mbits/sec  0.048 ms  9677/22296 (43%)  
[2024-05-27 12:09:12.827817] [  5]  89.00-89.50  sec  23.5 MBytes   395 Mbits/sec  0.026 ms  4783/22395 (21%)  
[2024-05-27 12:09:12.827908] [  5]  89.50-90.00  sec  20.0 MBytes   336 Mbits/sec  0.024 ms  7269/22258 (33%)  
[2024-05-27 12:09:12.827969] [  5]  90.00-90.50  sec  19.4 MBytes   325 Mbits/sec  0.071 ms  7814/22328 (35%)  
[2024-05-27 12:09:12.828030] [  5]  90.50-91.00  sec  19.4 MBytes   325 Mbits/sec  0.026 ms  7853/22355 (35%)  
[2024-05-27 12:09:12.828093] [  5]  91.00-91.50  sec  21.1 MBytes   355 Mbits/sec  0.079 ms  6441/22278 (29%)  
[2024-05-27 12:09:12.828153] [  5]  91.50-92.00  sec  20.0 MBytes   336 Mbits/sec  0.011 ms  7308/22324 (33%)  
[2024-05-27 12:09:12.828213] [  5]  92.00-92.50  sec  22.3 MBytes   374 Mbits/sec  0.055 ms  5648/22332 (25%)  
[2024-05-27 12:09:12.828273] [  5]  92.50-93.00  sec  19.9 MBytes   334 Mbits/sec  0.038 ms  7378/22305 (33%)  
[2024-05-27 12:09:12.828338] [  5]  93.00-93.50  sec  16.4 MBytes   275 Mbits/sec  0.007 ms  10030/22331 (45%)  
[2024-05-27 12:09:12.828401] [  5]  93.50-94.00  sec  20.9 MBytes   350 Mbits/sec  0.158 ms  6648/22310 (30%)  
[2024-05-27 12:09:12.828462] [  5]  94.00-94.50  sec  17.8 MBytes   299 Mbits/sec  0.049 ms  9022/22341 (40%)  
[2024-05-27 12:09:12.828521] [  5]  94.50-95.00  sec  16.6 MBytes   278 Mbits/sec  0.007 ms  9858/22266 (44%)  
[2024-05-27 12:09:12.828581] [  5]  95.00-95.50  sec  19.5 MBytes   326 Mbits/sec  0.013 ms  7786/22354 (35%)  
[2024-05-27 12:09:12.828644] [  5]  95.50-96.00  sec  17.8 MBytes   299 Mbits/sec  0.049 ms  8837/22165 (40%)  
[2024-05-27 12:09:12.828706] [  5]  96.00-96.50  sec  26.1 MBytes   437 Mbits/sec  0.037 ms  3121/22635 (14%)  
[2024-05-27 12:09:36.049381] [  5]  96.50-97.00  sec  29.8 MBytes   500 Mbits/sec  0.019 ms  928/23244 (4%)  
[2024-05-27 12:09:36.049897] [  5]  97.00-97.50  sec  28.5 MBytes   479 Mbits/sec  0.025 ms  881/22255 (4%)  
[2024-05-27 12:09:36.050011] [  5]  97.50-98.00  sec  28.9 MBytes   484 Mbits/sec  0.018 ms  747/22374 (3.3%)  
[2024-05-27 12:09:36.050106] [  5]  98.00-98.50  sec  28.3 MBytes   474 Mbits/sec  0.014 ms  668/21834 (3.1%)  
[2024-05-27 12:09:36.050189] [  5]  98.50-99.00  sec  26.8 MBytes   449 Mbits/sec  0.049 ms  1613/21676 (7.4%)  
[2024-05-27 12:09:36.050268] [  5]  99.00-99.50  sec  26.7 MBytes   449 Mbits/sec  0.031 ms  2283/22302 (10%)  
[2024-05-27 12:09:36.050349] [  5]  99.50-100.00 sec  26.9 MBytes   451 Mbits/sec  0.021 ms  2172/22309 (9.7%)  
[2024-05-27 12:09:36.050444] [  5] 100.00-100.50 sec  26.5 MBytes   445 Mbits/sec  0.011 ms  2458/22331 (11%)  
[2024-05-27 12:09:36.050554] [  5] 100.50-101.00 sec  26.8 MBytes   449 Mbits/sec  0.020 ms  2269/22314 (10%)  
[2024-05-27 12:09:36.050636] [  5] 101.00-101.50 sec  25.4 MBytes   427 Mbits/sec  0.043 ms  3312/22352 (15%)  
[2024-05-27 12:09:36.050775] [  5] 101.50-102.00 sec  19.0 MBytes   319 Mbits/sec  0.024 ms  8065/22311 (36%)  
[2024-05-27 12:09:36.050873] [  5] 102.00-102.50 sec  22.7 MBytes   382 Mbits/sec  0.015 ms  5270/22307 (24%)  
[2024-05-27 12:09:36.050955] [  5] 102.50-103.00 sec  28.5 MBytes   478 Mbits/sec  0.046 ms  1404/22748 (6.2%)  
[2024-05-27 12:09:36.051034] [  5] 103.00-103.50 sec  8.78 MBytes   147 Mbits/sec  0.093 ms  10170/16744 (61%)  
[2024-05-27 12:09:36.051113] [  5] 103.50-104.00 sec  3.94 MBytes  66.2 Mbits/sec  0.075 ms  24532/27480 (89%)  
[2024-05-27 12:09:36.051189] [  5] 104.00-104.50 sec  1.51 MBytes  25.3 Mbits/sec  0.085 ms  18824/19955 (94%)  
[2024-05-27 12:09:36.051266] [  5] 104.50-105.00 sec  1.84 MBytes  30.9 Mbits/sec  0.010 ms  22242/23621 (94%)  
[2024-05-27 12:09:36.051345] [  5] 105.00-105.50 sec  10.5 MBytes   176 Mbits/sec  0.048 ms  15025/22866 (66%)  
[2024-05-27 12:09:36.051422] [  5] 105.50-106.00 sec  22.5 MBytes   377 Mbits/sec  0.013 ms  5211/22044 (24%)  
[2024-05-27 12:09:36.051502] [  5] 106.00-106.50 sec  22.3 MBytes   374 Mbits/sec  0.035 ms  5438/22114 (25%)  
[2024-05-27 12:09:36.051582] [  5] 106.50-107.00 sec  18.0 MBytes   302 Mbits/sec  0.030 ms  9617/23104 (42%)  
[2024-05-27 12:09:36.051659] [  5] 107.00-107.50 sec  18.0 MBytes   302 Mbits/sec  0.016 ms  8932/22413 (40%)  
[2024-05-27 12:09:36.051737] [  5] 107.50-108.00 sec  21.3 MBytes   357 Mbits/sec  0.049 ms  5910/21844 (27%)  
[2024-05-27 12:09:36.051868] [  5] 108.00-108.50 sec  20.4 MBytes   343 Mbits/sec  0.058 ms  6536/21842 (30%)  
[2024-05-27 12:09:36.051953] [  5] 108.50-109.00 sec  18.2 MBytes   305 Mbits/sec  0.340 ms  9230/22872 (40%)  
[2024-05-27 12:09:36.052033] [  5] 109.00-109.50 sec  17.6 MBytes   296 Mbits/sec  0.021 ms  8895/22102 (40%)  
[2024-05-27 12:09:36.052109] [  5] 109.50-110.00 sec  21.0 MBytes   353 Mbits/sec  0.046 ms  6461/22205 (29%)  
[2024-05-27 12:09:36.052186] [  5] 110.00-110.50 sec  19.4 MBytes   325 Mbits/sec  0.013 ms  8293/22798 (36%)  
[2024-05-27 12:09:36.052261] [  5] 110.50-111.00 sec  13.2 MBytes   222 Mbits/sec  0.076 ms  11316/21222 (53%)  
[2024-05-27 12:09:36.052337] [  5] 111.00-111.50 sec  13.2 MBytes   222 Mbits/sec  0.018 ms  13749/23640 (58%)  
[2024-05-27 12:09:36.052414] [  5] 111.50-112.00 sec  17.5 MBytes   293 Mbits/sec  0.019 ms  9218/22321 (41%)  
[2024-05-27 12:09:36.052535] [  5] 112.00-112.50 sec  16.6 MBytes   278 Mbits/sec  0.046 ms  10034/22431 (45%)  
[2024-05-27 12:09:36.052612] [  5] 112.50-113.00 sec  15.6 MBytes   261 Mbits/sec  0.036 ms  10795/22455 (48%)  
[2024-05-27 12:09:36.052685] [  5] 113.00-113.50 sec  12.6 MBytes   212 Mbits/sec  0.089 ms  12720/22162 (57%)  
[2024-05-27 12:09:36.052757] [  5] 113.50-114.00 sec  17.2 MBytes   288 Mbits/sec  0.037 ms  9492/22358 (42%)  
[2024-05-27 12:09:36.052880] [  5] 114.00-114.50 sec  15.8 MBytes   266 Mbits/sec  0.044 ms  10545/22398 (47%)  
[2024-05-27 12:09:36.053061] [  5] 114.50-115.00 sec  15.8 MBytes   266 Mbits/sec  0.026 ms  10342/22202 (47%)  
[2024-05-27 12:09:36.053191] [  5] 115.00-115.50 sec  18.8 MBytes   315 Mbits/sec  0.020 ms  8290/22362 (37%)  
[2024-05-27 12:09:36.053267] [  5] 115.50-116.00 sec  16.6 MBytes   279 Mbits/sec  0.034 ms  9827/22272 (44%)  
[2024-05-27 12:09:36.053342] [  5] 116.00-116.50 sec  16.3 MBytes   274 Mbits/sec  0.044 ms  10079/22310 (45%)  
[2024-05-27 12:09:36.053418] [  5] 116.50-117.00 sec  14.2 MBytes   238 Mbits/sec  0.028 ms  11729/22334 (53%)  
[2024-05-27 12:09:36.053495] [  5] 117.00-117.50 sec  19.5 MBytes   326 Mbits/sec  0.036 ms  7657/22231 (34%)  
[2024-05-27 12:09:36.053574] [  5] 117.50-118.00 sec  14.5 MBytes   244 Mbits/sec  0.025 ms  11578/22466 (52%)  
[2024-05-27 12:09:36.054028] [  5] 118.00-118.50 sec  21.4 MBytes   358 Mbits/sec  0.021 ms  6412/22407 (29%)  
[2024-05-27 12:09:36.054106] [  5] 118.50-119.00 sec  18.3 MBytes   306 Mbits/sec  0.009 ms  8674/22346 (39%)  
[2024-05-27 12:09:36.054182] [  5] 119.00-119.50 sec  20.0 MBytes   335 Mbits/sec  0.077 ms  7323/22289 (33%)  
[2024-05-27 12:09:36.054261] [  5] 119.50-120.00 sec  18.1 MBytes   303 Mbits/sec  0.052 ms  8773/22308 (39%)  
[2024-05-27 12:09:36.054339] - - - - - - - - - - - - - - - - - - - - - - - - -
[2024-05-27 12:09:36.054419] [ ID] Interval           Transfer     Bitrate         Jitter    Lost/Total Datagrams
[2024-05-27 12:09:36.054498] [  5]   0.00-120.08 sec  6.99 GBytes   500 Mbits/sec  0.000 ms  0/5360461 (0%)  sender
[2024-05-27 12:09:36.054577] [SUM]  0.0-120.1 sec  1049 datagrams received out-of-order
[2024-05-27 12:09:36.054661] [  5]   0.00-120.00 sec  4.32 GBytes   309 Mbits/sec  0.052 ms  2044982/5357559 (38%)  receiver
[2024-05-27 12:09:36.054786] 
[2024-05-27 12:09:36.054872] iperf Done.
End time: 1716826176082
