Start time: 1716840943697
[2024-05-27 16:16:07.431493] Connecting to host 35.245.244.238, port 5203
[2024-05-27 16:16:07.432655] Reverse mode, remote host 35.245.244.238 is sending
[2024-05-27 16:16:07.432783] [  5] local 192.168.1.23 port 55970 connected to 35.245.244.238 port 5203
[2024-05-27 16:16:07.432887] [ ID] Interval           Transfer     Bitrate         Jitter    Lost/Total Datagrams
[2024-05-27 16:16:07.432996] [  5]   0.00-0.50   sec  14.9 MBytes   250 Mbits/sec  0.087 ms  9722/20891 (47%)  
[2024-05-27 16:16:07.433094] [  5]   0.50-1.00   sec  6.40 MBytes   107 Mbits/sec  0.047 ms  19028/23821 (80%)  
[2024-05-27 16:16:07.433177] [  5]   1.00-1.50   sec  16.8 MBytes   282 Mbits/sec  0.046 ms  9736/22308 (44%)  
[2024-05-27 16:16:07.433258] [  5]   1.50-2.00   sec  15.8 MBytes   265 Mbits/sec  0.012 ms  10520/22360 (47%)  
[2024-05-27 16:16:07.433341] [  5]   2.00-2.50   sec  16.3 MBytes   274 Mbits/sec  0.025 ms  9779/22016 (44%)  
[2024-05-27 16:16:07.433420] [  5]   2.50-3.00   sec  14.7 MBytes   246 Mbits/sec  0.156 ms  11535/22537 (51%)  
[2024-05-27 16:16:07.433500] [  5]   3.00-3.50   sec  21.0 MBytes   352 Mbits/sec  0.017 ms  6694/22398 (30%)  
[2024-05-27 16:16:07.433580] [  5]   3.50-4.00   sec  21.7 MBytes   364 Mbits/sec  0.096 ms  6063/22299 (27%)  
[2024-05-27 16:16:07.433660] [  5]   4.00-4.50   sec  17.0 MBytes   285 Mbits/sec  0.077 ms  9543/22279 (43%)  
[2024-05-27 16:16:07.433741] [  5]   4.50-5.00   sec  10.6 MBytes   178 Mbits/sec  0.050 ms  14434/22370 (65%)  
[2024-05-27 16:16:07.433825] [  5]   5.00-5.50   sec  12.4 MBytes   208 Mbits/sec  0.022 ms  13070/22350 (58%)  
[2024-05-27 16:16:07.433908] [  5]   5.50-6.00   sec  18.0 MBytes   301 Mbits/sec  0.020 ms  8865/22316 (40%)  
[2024-05-27 16:16:07.433989] [  5]   6.00-6.50   sec  25.2 MBytes   423 Mbits/sec  0.020 ms  3398/22272 (15%)  
[2024-05-27 16:16:07.434069] [  5]   6.50-7.00   sec  19.0 MBytes   318 Mbits/sec  0.018 ms  8088/22286 (36%)  
[2024-05-27 16:16:07.434155] [  5]   7.00-7.50   sec  15.6 MBytes   263 Mbits/sec  0.021 ms  10642/22362 (48%)  
[2024-05-27 16:16:07.434238] [  5]   7.50-8.00   sec  17.2 MBytes   289 Mbits/sec  0.081 ms  9409/22298 (42%)  
[2024-05-27 16:16:07.434321] [  5]   8.00-8.50   sec  19.2 MBytes   322 Mbits/sec  0.038 ms  7973/22344 (36%)  
[2024-05-27 16:16:07.434403] [  5]   8.50-9.00   sec  15.7 MBytes   263 Mbits/sec  0.041 ms  10652/22397 (48%)  
[2024-05-27 16:16:07.434488] [  5]   9.00-9.50   sec  25.5 MBytes   428 Mbits/sec  0.055 ms  3122/22224 (14%)  
[2024-05-27 16:16:07.434566] [  5]   9.50-10.00  sec  20.1 MBytes   337 Mbits/sec  0.065 ms  7242/22270 (33%)  
[2024-05-27 16:16:07.434647] [  5]  10.00-10.50  sec  18.9 MBytes   318 Mbits/sec  0.033 ms  8200/22387 (37%)  
[2024-05-27 16:16:07.434725] [  5]  10.50-11.00  sec  20.2 MBytes   339 Mbits/sec  0.021 ms  7203/22326 (32%)  
[2024-05-27 16:16:07.434809] [  5]  11.00-11.50  sec  25.0 MBytes   420 Mbits/sec  0.039 ms  3577/22313 (16%)  
[2024-05-27 16:16:07.434890] [  5]  11.50-12.00  sec  23.5 MBytes   394 Mbits/sec  0.012 ms  4694/22287 (21%)  
[2024-05-27 16:16:07.434971] [  5]  12.00-12.50  sec  18.0 MBytes   302 Mbits/sec  0.011 ms  8860/22328 (40%)  
[2024-05-27 16:16:07.435051] [  5]  12.50-13.00  sec  13.7 MBytes   230 Mbits/sec  0.093 ms  12029/22300 (54%)  
[2024-05-27 16:16:07.435129] [  5]  13.00-13.50  sec  20.9 MBytes   351 Mbits/sec  0.033 ms  6722/22412 (30%)  
[2024-05-27 16:16:07.435208] [  5]  13.50-14.00  sec  21.4 MBytes   359 Mbits/sec  0.018 ms  6285/22333 (28%)  
[2024-05-27 16:16:07.435284] [  5]  14.00-14.50  sec  23.0 MBytes   386 Mbits/sec  0.019 ms  5017/22248 (23%)  
[2024-05-27 16:16:07.435362] [  5]  14.50-15.00  sec  23.4 MBytes   393 Mbits/sec  0.044 ms  4771/22300 (21%)  
[2024-05-27 16:16:07.435442] [  5]  15.00-15.50  sec  22.1 MBytes   371 Mbits/sec  0.047 ms  5811/22396 (26%)  
[2024-05-27 16:16:07.435523] [  5]  15.50-16.00  sec  22.8 MBytes   382 Mbits/sec  0.031 ms  5286/22327 (24%)  
[2024-05-27 16:16:07.435602] [  5]  16.00-16.50  sec  23.3 MBytes   390 Mbits/sec  0.063 ms  4841/22268 (22%)  
[2024-05-27 16:16:07.435793] [  5]  16.50-17.00  sec  24.5 MBytes   412 Mbits/sec  0.020 ms  3936/22315 (18%)  
[2024-05-27 16:16:07.436153] [  5]  17.00-17.50  sec  23.2 MBytes   390 Mbits/sec  0.115 ms  4863/22273 (22%)  
[2024-05-27 16:16:07.436244] [  5]  17.50-18.00  sec  24.8 MBytes   417 Mbits/sec  0.045 ms  3845/22441 (17%)  
[2024-05-27 16:16:07.436324] [  5]  18.00-18.50  sec  22.9 MBytes   384 Mbits/sec  0.049 ms  5172/22307 (23%)  
[2024-05-27 16:16:07.436440] [  5]  18.50-19.00  sec  21.2 MBytes   355 Mbits/sec  0.037 ms  6439/22281 (29%)  
[2024-05-27 16:16:07.436518] [  5]  19.00-19.50  sec  24.2 MBytes   406 Mbits/sec  0.010 ms  4204/22344 (19%)  
[2024-05-27 16:16:07.436622] [  5]  19.50-20.00  sec  24.1 MBytes   405 Mbits/sec  0.042 ms  4227/22297 (19%)  
[2024-05-27 16:16:07.436703] [  5]  20.00-20.50  sec  20.8 MBytes   348 Mbits/sec  0.034 ms  6745/22296 (30%)  
[2024-05-27 16:16:07.436804] [  5]  20.50-21.00  sec  23.1 MBytes   388 Mbits/sec  0.012 ms  5044/22368 (23%)  
[2024-05-27 16:16:07.436892] [  5]  21.00-21.50  sec  24.2 MBytes   406 Mbits/sec  0.014 ms  4152/22285 (19%)  
[2024-05-27 16:16:07.436982] [  5]  21.50-22.00  sec  24.5 MBytes   412 Mbits/sec  0.015 ms  3982/22357 (18%)  
[2024-05-27 16:16:07.437135] [  5]  22.00-22.50  sec  24.8 MBytes   416 Mbits/sec  0.041 ms  3748/22317 (17%)  
[2024-05-27 16:16:07.437285] [  5]  22.50-23.00  sec  22.3 MBytes   374 Mbits/sec  0.042 ms  5561/22270 (25%)  
[2024-05-27 16:16:31.931256] [  5]  23.00-23.50  sec  15.5 MBytes   260 Mbits/sec  0.034 ms  10769/22355 (48%)  
[2024-05-27 16:16:31.931425] [  5]  23.50-24.00  sec  22.0 MBytes   369 Mbits/sec  0.030 ms  5863/22332 (26%)  
[2024-05-27 16:16:31.931459] [  5]  24.00-24.50  sec  22.0 MBytes   369 Mbits/sec  0.047 ms  5809/22296 (26%)  
[2024-05-27 16:16:31.931488] [  5]  24.50-25.00  sec  24.4 MBytes   409 Mbits/sec  0.032 ms  4111/22385 (18%)  
[2024-05-27 16:16:31.931518] [  5]  25.00-25.50  sec  24.1 MBytes   404 Mbits/sec  0.009 ms  4288/22304 (19%)  
[2024-05-27 16:16:31.931544] [  5]  25.50-26.00  sec  22.0 MBytes   370 Mbits/sec  0.026 ms  5756/22261 (26%)  
[2024-05-27 16:16:31.931571] [  5]  26.00-26.50  sec  23.5 MBytes   394 Mbits/sec  0.022 ms  4754/22330 (21%)  
[2024-05-27 16:16:31.931597] [  5]  26.50-27.00  sec  23.4 MBytes   393 Mbits/sec  0.030 ms  4783/22312 (21%)  
[2024-05-27 16:16:31.931623] [  5]  27.00-27.50  sec  21.6 MBytes   363 Mbits/sec  0.012 ms  6172/22374 (28%)  
[2024-05-27 16:16:31.931651] [  5]  27.50-28.00  sec  13.4 MBytes   224 Mbits/sec  0.047 ms  12213/22213 (55%)  
[2024-05-27 16:16:31.931677] [  5]  28.00-28.50  sec  11.1 MBytes   186 Mbits/sec  0.043 ms  14013/22324 (63%)  
[2024-05-27 16:16:31.931703] [  5]  28.50-29.00  sec  10.7 MBytes   180 Mbits/sec  0.058 ms  14248/22276 (64%)  
[2024-05-27 16:16:31.931768] [  5]  29.00-29.50  sec  12.4 MBytes   207 Mbits/sec  0.012 ms  12605/21860 (58%)  
[2024-05-27 16:16:31.931796] [  5]  29.50-30.00  sec  10.5 MBytes   177 Mbits/sec  0.055 ms  14876/22762 (65%)  
[2024-05-27 16:16:31.931823] [  5]  30.00-30.50  sec  14.2 MBytes   238 Mbits/sec  0.047 ms  11763/22385 (53%)  
[2024-05-27 16:16:31.931847] [  5]  30.50-31.00  sec  13.6 MBytes   228 Mbits/sec  0.022 ms  12183/22372 (54%)  
[2024-05-27 16:16:31.931870] [  5]  31.00-31.50  sec  12.5 MBytes   210 Mbits/sec  0.029 ms  12914/22274 (58%)  
[2024-05-27 16:16:31.931893] [  5]  31.50-32.00  sec  11.1 MBytes   187 Mbits/sec  0.032 ms  13972/22305 (63%)  
[2024-05-27 16:16:31.931915] [  5]  32.00-32.50  sec  12.3 MBytes   207 Mbits/sec  0.052 ms  13040/22278 (59%)  
[2024-05-27 16:16:31.931938] [  5]  32.50-33.00  sec  4.91 MBytes  82.3 Mbits/sec  0.106 ms  18600/22275 (84%)  
[2024-05-27 16:16:31.931964] [  5]  33.00-33.50  sec  11.9 MBytes   199 Mbits/sec  0.054 ms  13522/22420 (60%)  
[2024-05-27 16:16:31.931987] [  5]  33.50-34.00  sec  11.8 MBytes   198 Mbits/sec  0.062 ms  13491/22327 (60%)  
[2024-05-27 16:16:31.932013] [  5]  34.00-34.50  sec  11.6 MBytes   195 Mbits/sec  0.014 ms  13613/22299 (61%)  
[2024-05-27 16:16:31.932037] [  5]  34.50-35.00  sec  13.4 MBytes   224 Mbits/sec  0.009 ms  12256/22278 (55%)  
[2024-05-27 16:16:31.932077] [  5]  35.00-35.50  sec  13.5 MBytes   227 Mbits/sec  0.047 ms  12238/22382 (55%)  
[2024-05-27 16:16:31.932101] [  5]  35.50-36.00  sec  12.4 MBytes   208 Mbits/sec  0.069 ms  13055/22319 (58%)  
[2024-05-27 16:16:31.932124] [  5]  36.00-36.50  sec  12.6 MBytes   212 Mbits/sec  0.037 ms  12855/22328 (58%)  
[2024-05-27 16:16:31.932148] [  5]  36.50-37.00  sec  14.8 MBytes   248 Mbits/sec  0.119 ms  11141/22215 (50%)  
[2024-05-27 16:16:31.932169] [  5]  37.00-37.50  sec  14.4 MBytes   242 Mbits/sec  0.041 ms  11725/22513 (52%)  
[2024-05-27 16:16:31.932193] [  5]  37.50-38.00  sec  14.5 MBytes   243 Mbits/sec  0.062 ms  11358/22228 (51%)  
[2024-05-27 16:16:31.932216] [  5]  38.00-38.50  sec  11.1 MBytes   187 Mbits/sec  0.050 ms  14001/22330 (63%)  
[2024-05-27 16:16:31.932237] [  5]  38.50-39.00  sec  4.85 MBytes  81.3 Mbits/sec  0.126 ms  18562/22194 (84%)  
[2024-05-27 16:16:31.932260] [  5]  39.00-39.50  sec  9.32 MBytes   157 Mbits/sec  0.062 ms  15459/22443 (69%)  
[2024-05-27 16:16:31.932281] [  5]  39.50-40.00  sec  11.1 MBytes   187 Mbits/sec  0.022 ms  13920/22254 (63%)  
[2024-05-27 16:16:31.932303] [  5]  40.00-40.50  sec  9.22 MBytes   155 Mbits/sec  0.028 ms  15472/22381 (69%)  
[2024-05-27 16:16:31.932327] [  5]  40.50-41.00  sec  11.8 MBytes   199 Mbits/sec  0.014 ms  13270/22135 (60%)  
[2024-05-27 16:16:31.932349] [  5]  41.00-41.50  sec  13.1 MBytes   220 Mbits/sec  0.034 ms  12653/22466 (56%)  
[2024-05-27 16:16:31.932370] [  5]  41.50-42.00  sec  13.1 MBytes   219 Mbits/sec  0.016 ms  12554/22345 (56%)  
[2024-05-27 16:16:31.932395] [  5]  42.00-42.50  sec  12.2 MBytes   205 Mbits/sec  0.020 ms  13182/22331 (59%)  
[2024-05-27 16:16:31.932416] [  5]  42.50-43.00  sec  7.78 MBytes   131 Mbits/sec  0.019 ms  16620/22449 (74%)  
[2024-05-27 16:16:31.932438] [  5]  43.00-43.50  sec  19.2 MBytes   321 Mbits/sec  0.009 ms  7975/22325 (36%)  
[2024-05-27 16:16:31.932460] [  5]  43.50-44.00  sec  27.2 MBytes   456 Mbits/sec  0.008 ms  1970/22330 (8.8%)  
[2024-05-27 16:16:31.932482] [  5]  44.00-44.50  sec  16.8 MBytes   283 Mbits/sec  0.026 ms  9659/22277 (43%)  
[2024-05-27 16:16:31.932504] [  5]  44.50-45.00  sec  16.2 MBytes   272 Mbits/sec  0.053 ms  10359/22511 (46%)  
[2024-05-27 16:16:31.932525] [  5]  45.00-45.50  sec  29.0 MBytes   487 Mbits/sec  0.018 ms  996/22753 (4.4%)  
[2024-05-27 16:16:31.932547] [  5]  45.50-46.00  sec  27.8 MBytes   467 Mbits/sec  0.042 ms  925/21757 (4.3%)  
[2024-05-27 16:16:31.932570] [  5]  46.00-46.50  sec  24.4 MBytes   410 Mbits/sec  0.028 ms  4306/22609 (19%)  
[2024-05-27 16:16:31.932593] [  5]  46.50-47.00  sec  29.0 MBytes   486 Mbits/sec  0.041 ms  912/22616 (4%)  
[2024-05-27 16:16:31.932616] [  5]  47.00-47.50  sec  24.8 MBytes   416 Mbits/sec  0.018 ms  3360/21943 (15%)  
[2024-05-27 16:16:56.431308] [  5]  47.50-48.00  sec  28.5 MBytes   478 Mbits/sec  0.038 ms  738/22079 (3.3%)  
[2024-05-27 16:16:56.431478] [  5]  48.00-48.50  sec  21.9 MBytes   367 Mbits/sec  0.011 ms  6007/22396 (27%)  
[2024-05-27 16:16:56.431514] [  5]  48.50-49.00  sec  28.6 MBytes   480 Mbits/sec  0.064 ms  1246/22681 (5.5%)  
[2024-05-27 16:16:56.431545] [  5]  49.00-49.50  sec  27.9 MBytes   469 Mbits/sec  0.084 ms  917/21838 (4.2%)  
[2024-05-27 16:16:56.431573] [  5]  49.50-50.00  sec  24.9 MBytes   417 Mbits/sec  0.016 ms  3653/22266 (16%)  
[2024-05-27 16:16:56.431600] [  5]  50.00-50.50  sec  25.4 MBytes   426 Mbits/sec  0.065 ms  3353/22389 (15%)  
[2024-05-27 16:16:56.431628] [  5]  50.50-51.00  sec  18.4 MBytes   309 Mbits/sec  0.048 ms  8598/22395 (38%)  
[2024-05-27 16:16:56.431657] [  5]  51.00-51.50  sec  28.8 MBytes   484 Mbits/sec  0.013 ms  810/22403 (3.6%)  
[2024-05-27 16:16:56.431706] [  5]  51.50-52.00  sec  27.0 MBytes   452 Mbits/sec  0.050 ms  2134/22330 (9.6%)  
[2024-05-27 16:16:56.431773] [  5]  52.00-52.50  sec  26.1 MBytes   438 Mbits/sec  0.019 ms  2658/22205 (12%)  
[2024-05-27 16:16:56.431805] [  5]  52.50-53.00  sec  24.6 MBytes   413 Mbits/sec  0.016 ms  3838/22299 (17%)  
[2024-05-27 16:16:56.431871] [  5]  53.00-53.50  sec  22.8 MBytes   383 Mbits/sec  0.048 ms  5245/22328 (23%)  
[2024-05-27 16:16:56.431929] [  5]  53.50-54.00  sec  26.2 MBytes   440 Mbits/sec  0.020 ms  2724/22356 (12%)  
[2024-05-27 16:16:56.431975] [  5]  54.00-54.50  sec  27.0 MBytes   453 Mbits/sec  0.018 ms  1982/22224 (8.9%)  
[2024-05-27 16:16:56.432044] [  5]  54.50-55.00  sec  28.8 MBytes   483 Mbits/sec  0.058 ms  1051/22604 (4.6%)  
[2024-05-27 16:16:56.432092] [  5]  55.00-55.50  sec  27.3 MBytes   457 Mbits/sec  0.027 ms  2043/22464 (9.1%)  
[2024-05-27 16:16:56.432140] [  5]  55.50-56.00  sec  24.9 MBytes   418 Mbits/sec  0.025 ms  3515/22156 (16%)  
[2024-05-27 16:16:56.432167] [  5]  56.00-56.50  sec  22.3 MBytes   375 Mbits/sec  0.085 ms  5356/22079 (24%)  
[2024-05-27 16:16:56.432194] [  5]  56.50-57.00  sec  13.7 MBytes   229 Mbits/sec  0.017 ms  11924/22163 (54%)  
[2024-05-27 16:16:56.432222] [  5]  57.00-57.50  sec  20.8 MBytes   348 Mbits/sec  0.026 ms  6883/22428 (31%)  
[2024-05-27 16:16:56.432249] [  5]  57.50-58.00  sec  11.0 MBytes   184 Mbits/sec  0.020 ms  13064/21281 (61%)  
[2024-05-27 16:16:56.432276] [  5]  58.00-58.50  sec  14.1 MBytes   236 Mbits/sec  0.093 ms  12814/23366 (55%)  
[2024-05-27 16:16:56.432305] [  5]  58.50-59.00  sec  15.3 MBytes   256 Mbits/sec  0.021 ms  10643/22071 (48%)  
[2024-05-27 16:16:56.432332] [  5]  59.00-59.50  sec  15.5 MBytes   260 Mbits/sec  0.016 ms  11016/22601 (49%)  
[2024-05-27 16:16:56.432359] [  5]  59.50-60.00  sec  15.9 MBytes   267 Mbits/sec  0.045 ms  10471/22394 (47%)  
[2024-05-27 16:16:56.432385] [  5]  60.00-60.50  sec  17.0 MBytes   285 Mbits/sec  0.037 ms  9434/22180 (43%)  
[2024-05-27 16:16:56.432414] [  5]  60.50-61.00  sec  16.7 MBytes   280 Mbits/sec  0.031 ms  9902/22414 (44%)  
[2024-05-27 16:16:56.432453] [  5]  61.00-61.50  sec  14.0 MBytes   234 Mbits/sec  0.018 ms  11891/22345 (53%)  
[2024-05-27 16:16:56.432595] [  5]  61.50-62.00  sec  15.6 MBytes   263 Mbits/sec  0.015 ms  10640/22359 (48%)  
[2024-05-27 16:16:56.432635] [  5]  62.00-62.50  sec  14.9 MBytes   250 Mbits/sec  0.090 ms  11111/22285 (50%)  
[2024-05-27 16:16:56.432670] [  5]  62.50-63.00  sec  9.82 MBytes   165 Mbits/sec  0.032 ms  14805/22162 (67%)  
[2024-05-27 16:16:56.432722] [  5]  63.00-63.50  sec  10.0 MBytes   169 Mbits/sec  0.041 ms  14931/22454 (66%)  
[2024-05-27 16:16:56.432748] [  5]  63.50-64.00  sec  17.7 MBytes   297 Mbits/sec  0.021 ms  9122/22382 (41%)  
[2024-05-27 16:16:56.432774] [  5]  64.00-64.50  sec  17.1 MBytes   287 Mbits/sec  0.009 ms  9542/22338 (43%)  
[2024-05-27 16:16:56.432805] [  5]  64.50-65.00  sec  16.4 MBytes   275 Mbits/sec  0.030 ms  10027/22294 (45%)  
[2024-05-27 16:16:56.432833] [  5]  65.00-65.50  sec  15.2 MBytes   256 Mbits/sec  0.024 ms  10819/22236 (49%)  
[2024-05-27 16:16:56.432878] [  5]  65.50-66.00  sec  16.8 MBytes   282 Mbits/sec  0.010 ms  9746/22338 (44%)  
[2024-05-27 16:16:56.432909] [  5]  66.00-66.50  sec  13.3 MBytes   223 Mbits/sec  0.085 ms  12409/22358 (56%)  
[2024-05-27 16:16:56.432939] [  5]  66.50-67.00  sec  14.6 MBytes   244 Mbits/sec  0.050 ms  11425/22334 (51%)  
[2024-05-27 16:16:56.432999] [  5]  67.00-67.50  sec  14.2 MBytes   238 Mbits/sec  0.054 ms  11709/22330 (52%)  
[2024-05-27 16:16:56.433032] [  5]  67.50-68.00  sec  13.3 MBytes   223 Mbits/sec  0.016 ms  12354/22321 (55%)  
[2024-05-27 16:16:56.433061] [  5]  68.00-68.50  sec  14.9 MBytes   249 Mbits/sec  0.048 ms  9259/20414 (45%)  
[2024-05-27 16:16:56.433089] [  5]  68.50-69.00  sec  9.51 MBytes   160 Mbits/sec  0.021 ms  17129/24249 (71%)  
[2024-05-27 16:16:56.433115] [  5]  69.00-69.50  sec  19.4 MBytes   326 Mbits/sec  0.019 ms  7775/22326 (35%)  
[2024-05-27 16:16:56.433141] [  5]  69.50-70.00  sec  21.6 MBytes   362 Mbits/sec  0.049 ms  6125/22300 (27%)  
[2024-05-27 16:16:56.433168] [  5]  70.00-70.50  sec  19.3 MBytes   324 Mbits/sec  0.067 ms  7835/22316 (35%)  
[2024-05-27 16:16:56.433194] [  5]  70.50-71.00  sec  20.3 MBytes   340 Mbits/sec  0.058 ms  7138/22329 (32%)  
[2024-05-27 16:16:56.433220] [  5]  71.00-71.50  sec  18.4 MBytes   309 Mbits/sec  0.012 ms  8535/22309 (38%)  
[2024-05-27 16:16:56.433252] [  5]  71.50-72.00  sec  21.2 MBytes   355 Mbits/sec  0.034 ms  6468/22324 (29%)  
[2024-05-27 16:17:20.931918] [  5]  72.00-72.50  sec  17.7 MBytes   297 Mbits/sec  0.014 ms  9149/22395 (41%)  
[2024-05-27 16:17:20.932466] [  5]  72.50-73.00  sec  11.8 MBytes   197 Mbits/sec  0.022 ms  13395/22198 (60%)  
[2024-05-27 16:17:20.932587] [  5]  73.00-73.50  sec  24.7 MBytes   414 Mbits/sec  0.058 ms  3907/22372 (17%)  
[2024-05-27 16:17:20.932678] [  5]  73.50-74.00  sec  25.0 MBytes   420 Mbits/sec  0.033 ms  3562/22296 (16%)  
[2024-05-27 16:17:20.932762] [  5]  74.00-74.50  sec  21.7 MBytes   365 Mbits/sec  0.043 ms  5993/22282 (27%)  
[2024-05-27 16:17:20.932842] [  5]  74.50-75.00  sec  16.3 MBytes   273 Mbits/sec  0.067 ms  10163/22358 (45%)  
[2024-05-27 16:17:20.932921] [  5]  75.00-75.50  sec  23.5 MBytes   394 Mbits/sec  0.014 ms  4827/22421 (22%)  
[2024-05-27 16:17:20.933002] [  5]  75.50-76.00  sec  28.1 MBytes   471 Mbits/sec  0.016 ms  1209/22252 (5.4%)  
[2024-05-27 16:17:20.933080] [  5]  76.00-76.50  sec  24.6 MBytes   413 Mbits/sec  0.052 ms  4196/22638 (19%)  
[2024-05-27 16:17:20.933156] [  5]  76.50-77.00  sec  28.7 MBytes   482 Mbits/sec  0.026 ms  926/22426 (4.1%)  
[2024-05-27 16:17:20.933235] [  5]  77.00-77.50  sec  28.5 MBytes   479 Mbits/sec  0.008 ms  695/22074 (3.1%)  
[2024-05-27 16:17:20.933318] [  5]  77.50-78.00  sec  28.2 MBytes   474 Mbits/sec  0.039 ms  1122/22266 (5%)  
[2024-05-27 16:17:20.933397] [  5]  78.00-78.50  sec  28.4 MBytes   477 Mbits/sec  0.023 ms  1045/22352 (4.7%)  
[2024-05-27 16:17:20.933474] [  5]  78.50-79.00  sec  27.7 MBytes   464 Mbits/sec  0.036 ms  1457/22185 (6.6%)  
[2024-05-27 16:17:20.933550] [  5]  79.00-79.50  sec  22.7 MBytes   380 Mbits/sec  0.024 ms  5221/22203 (24%)  
[2024-05-27 16:17:20.933627] [  5]  79.50-80.00  sec  18.7 MBytes   313 Mbits/sec  0.013 ms  8393/22372 (38%)  
[2024-05-27 16:17:20.933706] [  5]  80.00-80.50  sec  23.9 MBytes   401 Mbits/sec  0.067 ms  4338/22251 (19%)  
[2024-05-27 16:17:20.933786] [  5]  80.50-81.00  sec  17.3 MBytes   291 Mbits/sec  0.026 ms  9462/22449 (42%)  
[2024-05-27 16:17:20.933863] [  5]  81.00-81.50  sec  27.3 MBytes   458 Mbits/sec  0.030 ms  1859/22289 (8.3%)  
[2024-05-27 16:17:20.933940] [  5]  81.50-82.00  sec  20.3 MBytes   340 Mbits/sec  0.178 ms  7000/22200 (32%)  
[2024-05-27 16:17:20.934015] [  5]  82.00-82.50  sec  22.0 MBytes   369 Mbits/sec  0.064 ms  5896/22378 (26%)  
[2024-05-27 16:17:20.934091] [  5]  82.50-83.00  sec  21.4 MBytes   359 Mbits/sec  0.021 ms  6367/22410 (28%)  
[2024-05-27 16:17:20.934166] [  5]  83.00-83.50  sec  20.8 MBytes   349 Mbits/sec  0.044 ms  6712/22302 (30%)  
[2024-05-27 16:17:20.934243] [  5]  83.50-84.00  sec  25.8 MBytes   433 Mbits/sec  0.032 ms  2973/22321 (13%)  
[2024-05-27 16:17:20.934322] [  5]  84.00-84.50  sec  21.3 MBytes   357 Mbits/sec  0.097 ms  6275/22220 (28%)  
[2024-05-27 16:17:20.934398] [  5]  84.50-85.00  sec  20.7 MBytes   347 Mbits/sec  0.018 ms  6958/22431 (31%)  
[2024-05-27 16:17:20.934475] [  5]  85.00-85.50  sec  20.0 MBytes   335 Mbits/sec  0.017 ms  7354/22319 (33%)  
[2024-05-27 16:17:20.934552] [  5]  85.50-86.00  sec  20.4 MBytes   342 Mbits/sec  0.047 ms  6984/22245 (31%)  
[2024-05-27 16:17:20.934627] [  5]  86.00-86.50  sec  18.4 MBytes   308 Mbits/sec  0.012 ms  8536/22281 (38%)  
[2024-05-27 16:17:20.934704] [  5]  86.50-87.00  sec  13.5 MBytes   227 Mbits/sec  0.057 ms  12272/22418 (55%)  
[2024-05-27 16:17:20.934779] [  5]  87.00-87.50  sec  21.7 MBytes   364 Mbits/sec  0.021 ms  6061/22293 (27%)  
[2024-05-27 16:17:20.934853] [  5]  87.50-88.00  sec  12.8 MBytes   215 Mbits/sec  0.055 ms  12815/22434 (57%)  
[2024-05-27 16:17:20.934931] [  5]  88.00-88.50  sec  14.0 MBytes   235 Mbits/sec  0.012 ms  11850/22331 (53%)  
[2024-05-27 16:17:20.935012] [  5]  88.50-89.00  sec  14.6 MBytes   246 Mbits/sec  0.059 ms  11352/22317 (51%)  
[2024-05-27 16:17:20.935111] [  5]  89.00-89.50  sec  16.5 MBytes   276 Mbits/sec  0.025 ms  9995/22337 (45%)  
[2024-05-27 16:17:20.935243] [  5]  89.50-90.00  sec  12.3 MBytes   207 Mbits/sec  0.032 ms  13073/22319 (59%)  
[2024-05-27 16:17:20.935327] [  5]  90.00-90.50  sec  12.5 MBytes   210 Mbits/sec  0.060 ms  12853/22210 (58%)  
[2024-05-27 16:17:20.935405] [  5]  90.50-91.00  sec  20.0 MBytes   336 Mbits/sec  0.050 ms  7409/22421 (33%)  
[2024-05-27 16:17:20.935485] [  5]  91.00-91.50  sec  18.4 MBytes   309 Mbits/sec  0.051 ms  8141/21941 (37%)  
[2024-05-27 16:17:20.935560] [  5]  91.50-92.00  sec  17.0 MBytes   285 Mbits/sec  0.015 ms  9989/22734 (44%)  
[2024-05-27 16:17:20.935634] [  5]  92.00-92.50  sec  16.8 MBytes   281 Mbits/sec  0.076 ms  9301/21856 (43%)  
[2024-05-27 16:17:20.935712] [  5]  92.50-93.00  sec  9.88 MBytes   166 Mbits/sec  0.024 ms  15354/22755 (67%)  
[2024-05-27 16:17:20.935867] [  5]  93.00-93.50  sec  15.0 MBytes   252 Mbits/sec  0.034 ms  11028/22281 (49%)  
[2024-05-27 16:17:20.935954] [  5]  93.50-94.00  sec  15.3 MBytes   257 Mbits/sec  0.024 ms  10923/22381 (49%)  
[2024-05-27 16:17:20.936038] [  5]  94.00-94.50  sec  15.8 MBytes   265 Mbits/sec  0.030 ms  10480/22317 (47%)  
[2024-05-27 16:17:20.936134] [  5]  94.50-95.00  sec  17.7 MBytes   296 Mbits/sec  0.079 ms  9072/22302 (41%)  
[2024-05-27 16:17:20.936214] [  5]  95.00-95.50  sec  18.8 MBytes   315 Mbits/sec  0.069 ms  8132/22190 (37%)  
[2024-05-27 16:17:20.936298] [  5]  95.50-96.00  sec  17.5 MBytes   293 Mbits/sec  0.094 ms  9278/22377 (41%)  
[2024-05-27 16:17:20.936392] [  5]  96.00-96.50  sec  12.0 MBytes   201 Mbits/sec  0.108 ms  13428/22386 (60%)  
[2024-05-27 16:17:44.112933] [  5]  96.50-97.00  sec  17.1 MBytes   287 Mbits/sec  0.014 ms  9411/22235 (42%)  
[2024-05-27 16:17:44.113443] [  5]  97.00-97.50  sec  14.8 MBytes   249 Mbits/sec  0.032 ms  11335/22431 (51%)  
[2024-05-27 16:17:44.113596] [  5]  97.50-98.00  sec  12.8 MBytes   215 Mbits/sec  0.150 ms  12686/22298 (57%)  
[2024-05-27 16:17:44.113714] [  5]  98.00-98.50  sec  17.8 MBytes   299 Mbits/sec  0.028 ms  8869/22223 (40%)  
[2024-05-27 16:17:44.113873] [  5]  98.50-99.00  sec  8.72 MBytes   146 Mbits/sec  0.203 ms  14775/21308 (69%)  
[2024-05-27 16:17:44.113984] [  5]  99.00-99.50  sec  16.2 MBytes   272 Mbits/sec  0.022 ms  11208/23341 (48%)  
[2024-05-27 16:17:44.114090] [  5]  99.50-100.00 sec  19.2 MBytes   321 Mbits/sec  0.041 ms  8082/22433 (36%)  
[2024-05-27 16:17:44.114304] [  5] 100.00-100.50 sec  18.9 MBytes   318 Mbits/sec  0.112 ms  8058/22230 (36%)  
[2024-05-27 16:17:44.114586] [  5] 100.50-101.00 sec  19.8 MBytes   332 Mbits/sec  0.135 ms  7418/22221 (33%)  
[2024-05-27 16:17:44.114955] [  5] 101.00-101.50 sec  19.9 MBytes   334 Mbits/sec  0.036 ms  7168/22081 (32%)  
[2024-05-27 16:17:44.115152] [  5] 101.50-102.00 sec  18.1 MBytes   303 Mbits/sec  0.028 ms  8887/22410 (40%)  
[2024-05-27 16:17:44.115279] [  5] 102.00-102.50 sec  11.5 MBytes   193 Mbits/sec  0.137 ms  14069/22664 (62%)  
[2024-05-27 16:17:44.115380] [  5] 102.50-103.00 sec  6.84 MBytes   115 Mbits/sec  0.045 ms  17046/22168 (77%)  
[2024-05-27 16:17:44.115485] [  5] 103.00-103.50 sec  7.13 MBytes   120 Mbits/sec  0.082 ms  16893/22231 (76%)  
[2024-05-27 16:17:44.115586] [  5] 103.50-104.00 sec  11.5 MBytes   193 Mbits/sec  0.036 ms  13668/22281 (61%)  
[2024-05-27 16:17:44.115687] [  5] 104.00-104.50 sec  12.2 MBytes   204 Mbits/sec  0.033 ms  13223/22349 (59%)  
[2024-05-27 16:17:44.116210] [  5] 104.50-105.00 sec  5.54 MBytes  93.0 Mbits/sec  0.021 ms  18306/22456 (82%)  
[2024-05-27 16:17:44.116342] [  5] 105.00-105.50 sec  11.7 MBytes   197 Mbits/sec  0.035 ms  13654/22447 (61%)  
[2024-05-27 16:17:44.116452] [  5] 105.50-106.00 sec  8.02 MBytes   135 Mbits/sec  0.047 ms  16030/22037 (73%)  
[2024-05-27 16:17:44.116562] [  5] 106.00-106.50 sec  10.2 MBytes   172 Mbits/sec  0.018 ms  14688/22360 (66%)  
[2024-05-27 16:17:44.116671] [  5] 106.50-107.00 sec  10.1 MBytes   170 Mbits/sec  0.078 ms  14881/22468 (66%)  
[2024-05-27 16:17:44.116776] [  5] 107.00-107.50 sec  10.5 MBytes   176 Mbits/sec  0.013 ms  14518/22352 (65%)  
[2024-05-27 16:17:44.116879] [  5] 107.50-108.00 sec  6.36 MBytes   107 Mbits/sec  0.043 ms  16968/21735 (78%)  
[2024-05-27 16:17:44.117021] [  5] 108.00-108.50 sec  8.80 MBytes   148 Mbits/sec  0.014 ms  16131/22725 (71%)  
[2024-05-27 16:17:44.117128] [  5] 108.50-109.00 sec  9.00 MBytes   151 Mbits/sec  0.029 ms  15746/22489 (70%)  
[2024-05-27 16:17:44.117231] [  5] 109.00-109.50 sec  11.2 MBytes   189 Mbits/sec  0.080 ms  13910/22335 (62%)  
[2024-05-27 16:17:44.117383] [  5] 109.50-110.00 sec  9.23 MBytes   155 Mbits/sec  0.033 ms  15173/22086 (69%)  
[2024-05-27 16:17:44.117484] [  5] 110.00-110.50 sec  7.86 MBytes   132 Mbits/sec  0.019 ms  10522/16409 (64%)  
[2024-05-27 16:17:44.117586] [  5] 110.50-111.00 sec  0.00 Bytes  0.00 bits/sec  0.019 ms  0/0 (0%)  
[2024-05-27 16:17:44.117857] [  5] 111.00-111.50 sec  5.79 MBytes  97.2 Mbits/sec  0.010 ms  46552/50885 (91%)  
[2024-05-27 16:17:44.118079] [  5] 111.50-112.00 sec  8.85 MBytes   148 Mbits/sec  0.023 ms  15683/22308 (70%)  
[2024-05-27 16:17:44.118184] [  5] 112.00-112.50 sec  6.97 MBytes   117 Mbits/sec  0.018 ms  16796/22019 (76%)  
[2024-05-27 16:17:44.118288] [  5] 112.50-113.00 sec  9.80 MBytes   164 Mbits/sec  0.033 ms  14035/21372 (66%)  
[2024-05-27 16:17:44.118390] [  5] 113.00-113.50 sec  8.82 MBytes   148 Mbits/sec  0.037 ms  16708/23314 (72%)  
[2024-05-27 16:17:44.118491] [  5] 113.50-114.00 sec  6.33 MBytes   106 Mbits/sec  0.011 ms  17721/22460 (79%)  
[2024-05-27 16:17:44.118591] [  5] 114.00-114.50 sec  7.76 MBytes   130 Mbits/sec  0.338 ms  16096/21911 (73%)  
[2024-05-27 16:17:44.118689] [  5] 114.50-115.00 sec  4.87 MBytes  81.9 Mbits/sec  0.039 ms  19030/22679 (84%)  
[2024-05-27 16:17:44.118790] [  5] 115.00-115.50 sec  5.75 MBytes  96.5 Mbits/sec  0.046 ms  17701/22007 (80%)  
[2024-05-27 16:17:44.118892] [  5] 115.50-116.00 sec  6.56 MBytes   110 Mbits/sec  0.069 ms  17799/22712 (78%)  
[2024-05-27 16:17:44.119002] [  5] 116.00-116.50 sec  10.2 MBytes   171 Mbits/sec  0.024 ms  14769/22421 (66%)  
[2024-05-27 16:17:44.119108] [  5] 116.50-117.00 sec  3.54 MBytes  59.4 Mbits/sec  0.273 ms  19533/22184 (88%)  
[2024-05-27 16:17:44.119214] [  5] 117.00-117.50 sec  8.58 MBytes   144 Mbits/sec  0.024 ms  15764/22187 (71%)  
[2024-05-27 16:17:44.119318] [  5] 117.50-118.00 sec  8.54 MBytes   143 Mbits/sec  0.039 ms  16240/22636 (72%)  
[2024-05-27 16:17:44.119422] [  5] 118.00-118.50 sec  17.6 MBytes   296 Mbits/sec  0.009 ms  8407/21625 (39%)  
[2024-05-27 16:17:44.119539] [  5] 118.50-119.00 sec  19.6 MBytes   328 Mbits/sec  0.048 ms  7840/22500 (35%)  
[2024-05-27 16:17:44.119657] [  5] 119.00-119.50 sec  19.2 MBytes   322 Mbits/sec  0.053 ms  8031/22419 (36%)  
[2024-05-27 16:17:44.119854] [  5] 119.50-120.00 sec  14.7 MBytes   246 Mbits/sec  0.027 ms  11761/22743 (52%)  
[2024-05-27 16:17:44.119982] - - - - - - - - - - - - - - - - - - - - - - - - -
[2024-05-27 16:17:44.120103] [ ID] Interval           Transfer     Bitrate         Jitter    Lost/Total Datagrams
[2024-05-27 16:17:44.120220] [  5]   0.00-120.07 sec  6.99 GBytes   500 Mbits/sec  0.000 ms  0/5360256 (0%)  sender
[2024-05-27 16:17:44.120339] [SUM]  0.0-120.1 sec  793 datagrams received out-of-order
[2024-05-27 16:17:44.120444] [  5]   0.00-120.00 sec  4.03 GBytes   289 Mbits/sec  0.027 ms  2264253/5357269 (42%)  receiver
[2024-05-27 16:17:44.120558] 
[2024-05-27 16:17:44.120674] iperf Done.
End time: 1716841064150
