Start time: 1716836406527
[2024-05-27 15:00:08.090700] nuttcp-r: v8.1.4: socket
[2024-05-27 15:00:08.091840] nuttcp-r: buflen=65536, nstream=1, port=5002 tcp
[2024-05-27 15:00:08.091959] nuttcp-r: interval reporting every 0.50 seconds
[2024-05-27 15:00:08.092055] nuttcp-r: connect to 35.245.244.238 with RTT=83.459 ms af=inet
[2024-05-27 15:00:08.092144] nuttcp-r: send window size = 2097152, receive window size = 6291456
[2024-05-27 15:00:08.092231] nuttcp-r: available send window = 1572864, available receive window = 4718592
[2024-05-27 15:00:08.092316]     0.1250 MB /   0.50 sec =    2.0971 Mbps     0 retrans     13 KB-cwnd
[2024-05-27 15:00:08.590217]     0.8125 MB /   0.50 sec =   13.6315 Mbps     0 retrans     13 KB-cwnd
[2024-05-27 15:00:09.090764]     0.3750 MB /   0.50 sec =    6.2908 Mbps     0 retrans     13 KB-cwnd
[2024-05-27 15:00:09.590467]     0.5625 MB /   0.50 sec =    9.4339 Mbps     0 retrans     13 KB-cwnd
[2024-05-27 15:00:10.090731]     0.3750 MB /   0.50 sec =    6.2892 Mbps     0 retrans     13 KB-cwnd
[2024-05-27 15:00:10.590408]     0.1250 MB /   0.50 sec =    2.0984 Mbps     0 retrans     13 KB-cwnd
[2024-05-27 15:00:11.090546]     0.0000 MB /   0.50 sec =    0.0000 Mbps     0 retrans     13 KB-cwnd
[2024-05-27 15:00:11.590407]     0.0000 MB /   0.50 sec =    0.0000 Mbps     0 retrans     13 KB-cwnd
[2024-05-27 15:00:12.090486]     0.0000 MB /   0.50 sec =    0.0000 Mbps     0 retrans     13 KB-cwnd
[2024-05-27 15:00:12.590363]     0.0000 MB /   0.50 sec =    0.0000 Mbps     0 retrans     13 KB-cwnd
[2024-05-27 15:00:13.091636]     0.1875 MB /   0.50 sec =    3.1381 Mbps     0 retrans     13 KB-cwnd
[2024-05-27 15:00:13.590297]     0.6875 MB /   0.50 sec =   11.5637 Mbps     0 retrans     13 KB-cwnd
[2024-05-27 15:00:14.090370]     0.5000 MB /   0.50 sec =    8.3886 Mbps     0 retrans     13 KB-cwnd
[2024-05-27 15:00:14.590366]     0.1875 MB /   0.50 sec =    3.1453 Mbps     0 retrans     13 KB-cwnd
[2024-05-27 15:00:15.090476]     0.0000 MB /   0.50 sec =    0.0000 Mbps     0 retrans     13 KB-cwnd
[2024-05-27 15:00:15.590476]     0.0000 MB /   0.50 sec =    0.0000 Mbps     0 retrans     13 KB-cwnd
[2024-05-27 15:00:16.090309]     1.0000 MB /   0.50 sec =   16.7824 Mbps     0 retrans     13 KB-cwnd
[2024-05-27 15:00:16.590241]     0.5000 MB /   0.50 sec =    8.3891 Mbps     0 retrans     13 KB-cwnd
[2024-05-27 15:00:17.090251]     0.6875 MB /   0.50 sec =   11.5341 Mbps     0 retrans     13 KB-cwnd
[2024-05-27 15:00:17.590243]     0.5000 MB /   0.50 sec =    8.3885 Mbps     0 retrans     13 KB-cwnd
[2024-05-27 15:00:18.091320]     0.2500 MB /   0.50 sec =    4.1857 Mbps     0 retrans     13 KB-cwnd
[2024-05-27 15:00:18.590263]     0.7500 MB /   0.50 sec =   12.6082 Mbps     0 retrans     13 KB-cwnd
[2024-05-27 15:00:19.091218]     0.8125 MB /   0.50 sec =   13.6067 Mbps     0 retrans     13 KB-cwnd
[2024-05-27 15:00:19.590398]     0.9375 MB /   0.50 sec =   15.7575 Mbps     0 retrans     13 KB-cwnd
[2024-05-27 15:00:20.090501]     0.9375 MB /   0.50 sec =   15.7300 Mbps     0 retrans     13 KB-cwnd
[2024-05-27 15:00:20.590265]     1.0000 MB /   0.50 sec =   16.7763 Mbps     0 retrans     13 KB-cwnd
[2024-05-27 15:00:21.090260]     1.1250 MB /   0.50 sec =   18.8745 Mbps     0 retrans     13 KB-cwnd
[2024-05-27 15:00:21.590260]     1.3750 MB /   0.50 sec =   23.0683 Mbps     0 retrans     13 KB-cwnd
[2024-05-27 15:00:22.090238]     1.5000 MB /   0.50 sec =   25.1666 Mbps     0 retrans     13 KB-cwnd
[2024-05-27 15:00:22.590254]     1.6875 MB /   0.50 sec =   28.3111 Mbps     0 retrans     13 KB-cwnd
[2024-05-27 15:00:23.090294]     2.0000 MB /   0.50 sec =   33.5528 Mbps     0 retrans     13 KB-cwnd
[2024-05-27 15:00:23.590246]     2.1875 MB /   0.50 sec =   36.7021 Mbps     0 retrans     13 KB-cwnd
[2024-05-27 15:00:24.090285]     2.0625 MB /   0.50 sec =   34.6005 Mbps     0 retrans     13 KB-cwnd
[2024-05-27 15:00:24.590200]     1.1250 MB /   0.50 sec =   18.8763 Mbps     0 retrans     13 KB-cwnd
[2024-05-27 15:00:25.090892]     1.3125 MB /   0.50 sec =   22.0008 Mbps     0 retrans     13 KB-cwnd
[2024-05-27 15:00:25.591264]     0.5000 MB /   0.50 sec =    8.3795 Mbps     0 retrans     13 KB-cwnd
[2024-05-27 15:00:26.090332]     0.0000 MB /   0.50 sec =    0.0000 Mbps     0 retrans     13 KB-cwnd
[2024-05-27 15:00:26.591348]     0.0000 MB /   0.50 sec =    0.0000 Mbps     0 retrans     13 KB-cwnd
[2024-05-27 15:00:27.090409]     0.5625 MB /   0.50 sec =    9.4543 Mbps     0 retrans     13 KB-cwnd
[2024-05-27 15:00:27.590578]     0.0000 MB /   0.50 sec =    0.0000 Mbps     0 retrans     13 KB-cwnd
[2024-05-27 15:00:28.090355]     0.8125 MB /   0.50 sec =   13.6365 Mbps     0 retrans     13 KB-cwnd
[2024-05-27 15:00:28.590426]     0.0000 MB /   0.50 sec =    0.0000 Mbps     0 retrans     13 KB-cwnd
[2024-05-27 15:00:29.091208]     0.8125 MB /   0.50 sec =   13.6101 Mbps     0 retrans     13 KB-cwnd
[2024-05-27 15:00:29.590766]     0.2500 MB /   0.50 sec =    4.1981 Mbps     0 retrans     13 KB-cwnd
[2024-05-27 15:00:30.090479]     0.9375 MB /   0.50 sec =   15.7380 Mbps     0 retrans     13 KB-cwnd
[2024-05-27 15:00:30.590627]     0.8750 MB /   0.50 sec =   14.6785 Mbps     0 retrans     13 KB-cwnd
[2024-05-27 15:00:31.091719]     0.1875 MB /   0.50 sec =    3.1385 Mbps     0 retrans     13 KB-cwnd
[2024-05-27 15:00:31.590420]     0.5625 MB /   0.50 sec =    9.4634 Mbps     0 retrans     13 KB-cwnd
[2024-05-27 15:00:32.090503]     0.7500 MB /   0.50 sec =   12.5830 Mbps     0 retrans     13 KB-cwnd
[2024-05-27 15:00:32.590346]     0.8750 MB /   0.50 sec =   14.6800 Mbps     0 retrans     13 KB-cwnd
[2024-05-27 15:00:33.090265]     1.1250 MB /   0.50 sec =   18.8735 Mbps     0 retrans     13 KB-cwnd
[2024-05-27 15:00:33.590330]     0.6875 MB /   0.50 sec =   11.5342 Mbps     0 retrans     13 KB-cwnd
[2024-05-27 15:00:34.090522]     1.4375 MB /   0.50 sec =   24.1150 Mbps     0 retrans     13 KB-cwnd
[2024-05-27 15:00:34.590236]     1.1875 MB /   0.50 sec =   19.9263 Mbps     0 retrans     13 KB-cwnd
[2024-05-27 15:00:35.090263]     1.3750 MB /   0.50 sec =   23.0680 Mbps     0 retrans     13 KB-cwnd
[2024-05-27 15:00:35.590284]     1.5625 MB /   0.50 sec =   26.2139 Mbps     0 retrans     13 KB-cwnd
[2024-05-27 15:00:36.090259]     1.1250 MB /   0.50 sec =   18.8756 Mbps     0 retrans     13 KB-cwnd
[2024-05-27 15:00:36.590293]     1.5625 MB /   0.50 sec =   26.2115 Mbps     0 retrans     13 KB-cwnd
[2024-05-27 15:00:37.090228]     0.7500 MB /   0.50 sec =   12.5831 Mbps     0 retrans     13 KB-cwnd
[2024-05-27 15:00:37.590383]     0.6875 MB /   0.50 sec =   11.5324 Mbps     0 retrans     13 KB-cwnd
[2024-05-27 15:00:38.090276]     2.0625 MB /   0.50 sec =   34.6092 Mbps     0 retrans     13 KB-cwnd
[2024-05-27 15:00:38.590250]     2.0625 MB /   0.50 sec =   34.6045 Mbps     0 retrans     13 KB-cwnd
[2024-05-27 15:00:39.090302]     2.3750 MB /   0.50 sec =   39.8425 Mbps     0 retrans     13 KB-cwnd
[2024-05-27 15:00:39.590272]     2.7500 MB /   0.50 sec =   46.1409 Mbps     0 retrans     13 KB-cwnd
[2024-05-27 15:00:40.090305]     2.8750 MB /   0.50 sec =   48.2301 Mbps     0 retrans     13 KB-cwnd
[2024-05-27 15:00:40.590258]     3.6875 MB /   0.50 sec =   61.8717 Mbps     0 retrans     13 KB-cwnd
[2024-05-27 15:00:41.090438]     3.4375 MB /   0.50 sec =   57.6703 Mbps     0 retrans     13 KB-cwnd
[2024-05-27 15:00:41.590386]     2.1250 MB /   0.50 sec =   35.6519 Mbps     0 retrans     13 KB-cwnd
[2024-05-27 15:00:42.091213]     2.2500 MB /   0.50 sec =   37.6801 Mbps     0 retrans     13 KB-cwnd
[2024-05-27 15:00:42.590654]     2.3750 MB /   0.50 sec =   39.9017 Mbps     0 retrans     13 KB-cwnd
[2024-05-27 15:00:43.090293]     1.9375 MB /   0.50 sec =   32.5167 Mbps     0 retrans     13 KB-cwnd
[2024-05-27 15:00:43.590271]     5.2500 MB /   0.50 sec =   88.0888 Mbps     0 retrans     13 KB-cwnd
[2024-05-27 15:00:44.091229]     1.8750 MB /   0.50 sec =   31.3983 Mbps     0 retrans     13 KB-cwnd
[2024-05-27 15:00:44.590560]     4.1875 MB /   0.50 sec =   70.3886 Mbps     0 retrans     13 KB-cwnd
[2024-05-27 15:00:45.090251]     3.5625 MB /   0.50 sec =   59.7688 Mbps     0 retrans     13 KB-cwnd
[2024-05-27 15:00:45.590246]     3.5000 MB /   0.50 sec =   58.7191 Mbps     0 retrans     13 KB-cwnd
[2024-05-27 15:00:46.090338]     3.2500 MB /   0.50 sec =   54.5189 Mbps     0 retrans     13 KB-cwnd
[2024-05-27 15:00:46.590350]     3.1250 MB /   0.50 sec =   52.4282 Mbps     0 retrans     13 KB-cwnd
[2024-05-27 15:00:47.090296]     2.8750 MB /   0.50 sec =   48.2373 Mbps     0 retrans     13 KB-cwnd
[2024-05-27 15:00:47.590322]     3.9375 MB /   0.50 sec =   66.0591 Mbps     0 retrans     13 KB-cwnd
[2024-05-27 15:00:48.090330]     3.8125 MB /   0.50 sec =   63.9617 Mbps     0 retrans     13 KB-cwnd
[2024-05-27 15:00:48.591260]     0.5000 MB /   0.50 sec =    8.3735 Mbps     0 retrans     13 KB-cwnd
[2024-05-27 15:00:49.090415]     4.3750 MB /   0.50 sec =   73.5222 Mbps     0 retrans     13 KB-cwnd
[2024-05-27 15:00:49.590311]     3.0625 MB /   0.50 sec =   51.3899 Mbps     0 retrans     13 KB-cwnd
[2024-05-27 15:00:50.090244]     2.1875 MB /   0.50 sec =   36.7038 Mbps     0 retrans     13 KB-cwnd
[2024-05-27 15:00:50.590411]     2.5000 MB /   0.50 sec =   41.9321 Mbps     0 retrans     13 KB-cwnd
[2024-05-27 15:00:51.090308]     5.8125 MB /   0.50 sec =   97.5379 Mbps     0 retrans     13 KB-cwnd
[2024-05-27 15:00:51.590248]     3.5000 MB /   0.50 sec =   58.7232 Mbps     0 retrans     13 KB-cwnd
[2024-05-27 15:00:52.091336]     3.0625 MB /   0.50 sec =   51.2834 Mbps     0 retrans     13 KB-cwnd
[2024-05-27 15:00:52.590253]     4.4375 MB /   0.50 sec =   74.5878 Mbps     0 retrans     13 KB-cwnd
[2024-05-27 15:00:53.090417]     2.0625 MB /   0.50 sec =   34.5944 Mbps     0 retrans     13 KB-cwnd
[2024-05-27 15:00:53.590466]     5.5625 MB /   0.50 sec =   93.3477 Mbps     0 retrans     13 KB-cwnd
[2024-05-27 15:00:54.091622]     2.8125 MB /   0.50 sec =   47.0658 Mbps     0 retrans     13 KB-cwnd
[2024-05-27 15:00:54.590416]     1.9375 MB /   0.50 sec =   32.5803 Mbps     0 retrans     13 KB-cwnd
[2024-05-27 15:00:55.090304]     3.1250 MB /   0.50 sec =   52.4389 Mbps     0 retrans     13 KB-cwnd
[2024-05-27 15:00:55.590303]     1.9375 MB /   0.50 sec =   32.5053 Mbps     0 retrans     13 KB-cwnd
[2024-05-27 15:00:56.090243]     1.9375 MB /   0.50 sec =   32.5093 Mbps     0 retrans     13 KB-cwnd
[2024-05-27 15:00:56.590373]     1.3125 MB /   0.50 sec =   22.0197 Mbps     0 retrans     13 KB-cwnd
[2024-05-27 15:00:57.090380]     0.0000 MB /   0.50 sec =    0.0000 Mbps     0 retrans     13 KB-cwnd
[2024-05-27 15:00:57.590405]     2.0625 MB /   0.50 sec =   34.5977 Mbps     0 retrans     13 KB-cwnd
[2024-05-27 15:00:58.090246]     3.3750 MB /   0.50 sec =   56.6375 Mbps     0 retrans     13 KB-cwnd
[2024-05-27 15:00:58.590242]     2.0625 MB /   0.50 sec =   34.6016 Mbps     0 retrans     13 KB-cwnd
[2024-05-27 15:00:59.090201]     1.0000 MB /   0.50 sec =   16.7781 Mbps     0 retrans     13 KB-cwnd
[2024-05-27 15:00:59.590452]     1.1250 MB /   0.50 sec =   18.8683 Mbps     0 retrans     13 KB-cwnd
[2024-05-27 15:01:00.090476]     1.8750 MB /   0.50 sec =   31.4631 Mbps     0 retrans     13 KB-cwnd
[2024-05-27 15:01:00.591541]     1.2500 MB /   0.50 sec =   20.9216 Mbps     0 retrans     13 KB-cwnd
[2024-05-27 15:01:01.091318]     1.0000 MB /   0.50 sec =   16.8023 Mbps     0 retrans     13 KB-cwnd
[2024-05-27 15:01:01.590253]     2.0625 MB /   0.50 sec =   34.6394 Mbps     0 retrans     13 KB-cwnd
[2024-05-27 15:01:02.091652]     1.7500 MB /   0.50 sec =   29.2803 Mbps     0 retrans     13 KB-cwnd
[2024-05-27 15:01:02.590370]     3.3125 MB /   0.50 sec =   55.7262 Mbps     0 retrans     13 KB-cwnd
[2024-05-27 15:01:03.090347]     1.6875 MB /   0.50 sec =   28.3058 Mbps     0 retrans     13 KB-cwnd
[2024-05-27 15:01:03.590432]     3.6875 MB /   0.50 sec =   61.8746 Mbps     0 retrans     13 KB-cwnd
[2024-05-27 15:01:04.090281]     2.8750 MB /   0.50 sec =   48.2340 Mbps     0 retrans     13 KB-cwnd
[2024-05-27 15:01:04.590388]     3.0625 MB /   0.50 sec =   51.3711 Mbps     0 retrans     13 KB-cwnd
[2024-05-27 15:01:05.090264]     3.6875 MB /   0.50 sec =   61.8789 Mbps     0 retrans     13 KB-cwnd
[2024-05-27 15:01:05.590352]     2.1875 MB /   0.50 sec =   36.6944 Mbps     0 retrans     13 KB-cwnd
[2024-05-27 15:01:06.090348]     3.6875 MB /   0.50 sec =   61.8671 Mbps     0 retrans     13 KB-cwnd
[2024-05-27 15:01:06.590289]     4.6875 MB /   0.50 sec =   78.6522 Mbps     0 retrans     13 KB-cwnd
[2024-05-27 15:01:07.090294]     4.0625 MB /   0.50 sec =   68.1562 Mbps     0 retrans     13 KB-cwnd
[2024-05-27 15:01:07.590366]     4.1250 MB /   0.50 sec =   69.1994 Mbps     0 retrans     13 KB-cwnd
[2024-05-27 15:01:08.090428]     2.7500 MB /   0.50 sec =   46.1330 Mbps     0 retrans     13 KB-cwnd
[2024-05-27 15:01:08.590278]     6.0625 MB /   0.50 sec =  101.7363 Mbps     0 retrans     13 KB-cwnd
[2024-05-27 15:01:09.090352]     4.5000 MB /   0.50 sec =   75.4878 Mbps     0 retrans     13 KB-cwnd
[2024-05-27 15:01:09.590391]     4.6250 MB /   0.50 sec =   77.6041 Mbps     0 retrans     13 KB-cwnd
[2024-05-27 15:01:10.090320]     5.5625 MB /   0.50 sec =   93.3158 Mbps     0 retrans     13 KB-cwnd
[2024-05-27 15:01:10.590365]     2.9375 MB /   0.50 sec =   49.2800 Mbps     0 retrans     13 KB-cwnd
[2024-05-27 15:01:11.090362]     2.3750 MB /   0.50 sec =   39.8449 Mbps     0 retrans     13 KB-cwnd
[2024-05-27 15:01:11.590362]     3.2500 MB /   0.50 sec =   54.5281 Mbps     0 retrans     13 KB-cwnd
[2024-05-27 15:01:12.090298]     7.0625 MB /   0.50 sec =  118.4945 Mbps     0 retrans     13 KB-cwnd
[2024-05-27 15:01:12.590310]     5.0000 MB /   0.50 sec =   83.8839 Mbps     0 retrans     14 KB-cwnd
[2024-05-27 15:01:13.090298]     3.8125 MB /   0.50 sec =   63.9688 Mbps     0 retrans     14 KB-cwnd
[2024-05-27 15:01:13.590597]     3.9375 MB /   0.50 sec =   66.0435 Mbps     0 retrans     14 KB-cwnd
[2024-05-27 15:01:14.090364]     4.8750 MB /   0.50 sec =   81.7979 Mbps     0 retrans     18 KB-cwnd
[2024-05-27 15:01:14.590384]     3.4375 MB /   0.50 sec =   57.6718 Mbps     0 retrans     18 KB-cwnd
[2024-05-27 15:01:15.090267]     5.3125 MB /   0.50 sec =   89.1366 Mbps     0 retrans     18 KB-cwnd
[2024-05-27 15:01:15.590222]     5.7500 MB /   0.50 sec =   96.4786 Mbps     0 retrans     18 KB-cwnd
[2024-05-27 15:01:16.090387]     2.8750 MB /   0.50 sec =   48.2249 Mbps     0 retrans     18 KB-cwnd
[2024-05-27 15:01:16.590276]     6.1875 MB /   0.50 sec =  103.8267 Mbps     0 retrans     20 KB-cwnd
[2024-05-27 15:01:17.090323]     3.5000 MB /   0.50 sec =   58.7132 Mbps     0 retrans     21 KB-cwnd
[2024-05-27 15:01:17.590439]     2.6250 MB /   0.50 sec =   44.0356 Mbps     0 retrans     21 KB-cwnd
[2024-05-27 15:01:18.090236]     2.3750 MB /   0.50 sec =   39.8533 Mbps     0 retrans     21 KB-cwnd
[2024-05-27 15:01:18.590352]     3.1250 MB /   0.50 sec =   52.4283 Mbps     0 retrans     21 KB-cwnd
[2024-05-27 15:01:19.090303]     3.6250 MB /   0.50 sec =   60.8200 Mbps     0 retrans     21 KB-cwnd
[2024-05-27 15:01:19.590298]     4.0625 MB /   0.50 sec =   68.1529 Mbps     0 retrans     21 KB-cwnd
[2024-05-27 15:01:20.090298]     2.3750 MB /   0.50 sec =   39.8472 Mbps     0 retrans     21 KB-cwnd
[2024-05-27 15:01:20.590452]     4.6875 MB /   0.50 sec =   78.6452 Mbps     0 retrans     21 KB-cwnd
[2024-05-27 15:01:21.090240]     1.2500 MB /   0.50 sec =   20.9724 Mbps     0 retrans     24 KB-cwnd
[2024-05-27 15:01:21.590370]     4.0625 MB /   0.50 sec =   68.1521 Mbps     0 retrans     26 KB-cwnd
[2024-05-27 15:01:22.090300]     4.7500 MB /   0.50 sec =   79.6962 Mbps     0 retrans     26 KB-cwnd
[2024-05-27 15:01:22.590173]     4.9375 MB /   0.50 sec =   82.8435 Mbps     0 retrans     26 KB-cwnd
[2024-05-27 15:01:23.090296]     5.0000 MB /   0.50 sec =   83.8802 Mbps     0 retrans     26 KB-cwnd
[2024-05-27 15:01:23.590398]     4.9375 MB /   0.50 sec =   82.8380 Mbps     0 retrans     26 KB-cwnd
[2024-05-27 15:01:24.090420]     5.0625 MB /   0.50 sec =   84.9182 Mbps     0 retrans     26 KB-cwnd
[2024-05-27 15:01:24.590393]     5.6875 MB /   0.50 sec =   95.4227 Mbps     0 retrans     26 KB-cwnd
[2024-05-27 15:01:25.090243]     6.1250 MB /   0.50 sec =  102.7789 Mbps     0 retrans     26 KB-cwnd
[2024-05-27 15:01:25.590372]     5.3125 MB /   0.50 sec =   89.1143 Mbps     0 retrans     26 KB-cwnd
[2024-05-27 15:01:26.090419]     4.3125 MB /   0.50 sec =   72.3451 Mbps     0 retrans     26 KB-cwnd
[2024-05-27 15:01:26.590309]     3.7500 MB /   0.50 sec =   62.9237 Mbps     0 retrans     26 KB-cwnd
[2024-05-27 15:01:27.090394]     6.3125 MB /   0.50 sec =  105.9011 Mbps     0 retrans     26 KB-cwnd
[2024-05-27 15:01:27.590422]     4.0000 MB /   0.50 sec =   67.1023 Mbps     0 retrans     26 KB-cwnd
[2024-05-27 15:01:28.090399]     3.3750 MB /   0.50 sec =   56.6229 Mbps     0 retrans     26 KB-cwnd
[2024-05-27 15:01:28.590399]     4.0625 MB /   0.50 sec =   68.1613 Mbps     0 retrans     26 KB-cwnd
[2024-05-27 15:01:29.090459]     2.8750 MB /   0.50 sec =   48.2291 Mbps     0 retrans     26 KB-cwnd
[2024-05-27 15:01:29.590315]     2.6250 MB /   0.50 sec =   44.0490 Mbps     0 retrans     26 KB-cwnd
[2024-05-27 15:01:30.090383]     4.5625 MB /   0.50 sec =   76.5393 Mbps     0 retrans     26 KB-cwnd
[2024-05-27 15:01:30.590392]     3.1875 MB /   0.50 sec =   53.4766 Mbps     0 retrans     26 KB-cwnd
[2024-05-27 15:01:31.090426]     2.1250 MB /   0.50 sec =   35.6517 Mbps     0 retrans     26 KB-cwnd
[2024-05-27 15:01:31.590279]     2.7500 MB /   0.50 sec =   46.1465 Mbps     0 retrans     26 KB-cwnd
[2024-05-27 15:01:32.090402]     3.0000 MB /   0.50 sec =   50.3324 Mbps     0 retrans     26 KB-cwnd
[2024-05-27 15:01:32.590392]     2.6875 MB /   0.50 sec =   45.0785 Mbps   204 retrans   1583 KB-cwnd
[2024-05-27 15:01:33.090416]     2.5000 MB /   0.50 sec =   41.9428 Mbps     0 retrans   1583 KB-cwnd
[2024-05-27 15:01:33.590303]     3.7500 MB /   0.50 sec =   62.9215 Mbps     0 retrans   1583 KB-cwnd
[2024-05-27 15:01:34.090554]     2.0625 MB /   0.50 sec =   34.5989 Mbps     0 retrans   1583 KB-cwnd
[2024-05-27 15:01:34.590421]     4.1875 MB /   0.50 sec =   70.2556 Mbps     0 retrans   1583 KB-cwnd
[2024-05-27 15:01:35.090335]     1.8125 MB /   0.50 sec =   30.4112 Mbps     0 retrans   1583 KB-cwnd
[2024-05-27 15:01:35.590286]     1.0625 MB /   0.50 sec =   17.8266 Mbps     0 retrans   1587 KB-cwnd
[2024-05-27 15:01:36.090413]     1.2500 MB /   0.50 sec =   20.9691 Mbps     0 retrans   1587 KB-cwnd
[2024-05-27 15:01:36.590426]     1.5625 MB /   0.50 sec =   26.2130 Mbps     0 retrans   1587 KB-cwnd
[2024-05-27 15:01:37.090451]     0.0000 MB /   0.50 sec =    0.0000 Mbps     0 retrans   1587 KB-cwnd
[2024-05-27 15:01:37.590389]     1.5625 MB /   0.50 sec =   26.2152 Mbps     0 retrans   1587 KB-cwnd
[2024-05-27 15:01:38.090420]     0.0000 MB /   0.50 sec =    0.0000 Mbps     0 retrans   1587 KB-cwnd
[2024-05-27 15:01:38.590500]     0.0000 MB /   0.50 sec =    0.0000 Mbps     0 retrans   1587 KB-cwnd
[2024-05-27 15:01:39.090294]     2.9375 MB /   0.50 sec =   49.2899 Mbps     0 retrans   1587 KB-cwnd
[2024-05-27 15:01:39.590379]     2.8125 MB /   0.50 sec =   47.1803 Mbps     0 retrans   1587 KB-cwnd
[2024-05-27 15:01:40.090392]     2.1250 MB /   0.50 sec =   35.6511 Mbps     0 retrans   1587 KB-cwnd
[2024-05-27 15:01:40.590435]     3.4375 MB /   0.50 sec =   57.6653 Mbps     0 retrans   1587 KB-cwnd
[2024-05-27 15:01:41.090198]     0.6875 MB /   0.50 sec =   11.5381 Mbps     0 retrans   1587 KB-cwnd
[2024-05-27 15:01:41.590250]     4.5625 MB /   0.50 sec =   76.5479 Mbps     0 retrans   1587 KB-cwnd
[2024-05-27 15:01:42.090231]     0.8750 MB /   0.50 sec =   14.6792 Mbps     0 retrans   1587 KB-cwnd
[2024-05-27 15:01:42.590287]     3.0000 MB /   0.50 sec =   50.3307 Mbps     0 retrans   1587 KB-cwnd
[2024-05-27 15:01:43.090321]     3.9375 MB /   0.50 sec =   66.0612 Mbps     0 retrans   1587 KB-cwnd
[2024-05-27 15:01:43.590197]     3.3125 MB /   0.50 sec =   55.5779 Mbps     0 retrans   1587 KB-cwnd
[2024-05-27 15:01:44.090205]     4.4375 MB /   0.50 sec =   74.4477 Mbps     0 retrans   1587 KB-cwnd
[2024-05-27 15:01:44.590393]     4.2500 MB /   0.50 sec =   71.2908 Mbps     0 retrans   1587 KB-cwnd
[2024-05-27 15:01:45.090226]     3.6250 MB /   0.50 sec =   60.8271 Mbps     0 retrans   1587 KB-cwnd
[2024-05-27 15:01:45.590399]     6.5625 MB /   0.50 sec =  110.0868 Mbps     0 retrans   1587 KB-cwnd
[2024-05-27 15:01:46.090492]     4.8125 MB /   0.50 sec =   80.7373 Mbps     0 retrans   1587 KB-cwnd
[2024-05-27 15:01:46.590229]     6.3125 MB /   0.50 sec =  105.9214 Mbps     0 retrans   1587 KB-cwnd
[2024-05-27 15:01:47.090235]     5.4375 MB /   0.50 sec =   91.2272 Mbps     0 retrans   1587 KB-cwnd
[2024-05-27 15:01:47.590255]     4.8750 MB /   0.50 sec =   81.7847 Mbps     0 retrans   1587 KB-cwnd
[2024-05-27 15:01:48.090285]     3.8750 MB /   0.50 sec =   65.0122 Mbps     0 retrans   1587 KB-cwnd
[2024-05-27 15:01:48.590262]     2.8750 MB /   0.50 sec =   48.2353 Mbps     0 retrans   1587 KB-cwnd
[2024-05-27 15:01:49.090230]     2.9375 MB /   0.50 sec =   49.2833 Mbps     0 retrans   1587 KB-cwnd
[2024-05-27 15:01:49.590286]     4.2500 MB /   0.50 sec =   71.3017 Mbps     0 retrans   1587 KB-cwnd
[2024-05-27 15:01:50.090330]     4.3125 MB /   0.50 sec =   72.3490 Mbps     0 retrans   1587 KB-cwnd
[2024-05-27 15:01:50.590220]     2.8750 MB /   0.50 sec =   48.2384 Mbps     0 retrans   1587 KB-cwnd
[2024-05-27 15:01:51.090337]     6.0625 MB /   0.50 sec =  101.6995 Mbps     0 retrans   1587 KB-cwnd
[2024-05-27 15:01:51.590246]     5.8125 MB /   0.50 sec =   97.5293 Mbps     0 retrans   1587 KB-cwnd
[2024-05-27 15:01:52.090362]     4.2500 MB /   0.50 sec =   71.2976 Mbps     0 retrans   1587 KB-cwnd
[2024-05-27 15:01:52.590238]     2.6875 MB /   0.50 sec =   45.0913 Mbps     0 retrans   1587 KB-cwnd
[2024-05-27 15:01:53.090317]     4.5625 MB /   0.50 sec =   76.5441 Mbps     0 retrans   1587 KB-cwnd
[2024-05-27 15:01:53.590257]     4.7500 MB /   0.50 sec =   79.6942 Mbps     0 retrans   1587 KB-cwnd
[2024-05-27 15:01:54.090604]     4.6250 MB /   0.50 sec =   77.5527 Mbps    44 retrans   2123 KB-cwnd
[2024-05-27 15:01:54.590288]     5.3750 MB /   0.50 sec =   90.2286 Mbps     0 retrans   2123 KB-cwnd
[2024-05-27 15:01:55.090309]     4.5625 MB /   0.50 sec =   76.5408 Mbps     0 retrans   2123 KB-cwnd
[2024-05-27 15:01:55.590291]     6.3750 MB /   0.50 sec =  106.9554 Mbps     0 retrans   2123 KB-cwnd
[2024-05-27 15:01:56.090318]     5.6250 MB /   0.50 sec =   94.3758 Mbps     0 retrans   2123 KB-cwnd
[2024-05-27 15:01:56.590206]     5.7500 MB /   0.50 sec =   96.4738 Mbps     0 retrans   2123 KB-cwnd
[2024-05-27 15:01:57.090306]     5.8750 MB /   0.50 sec =   98.5602 Mbps     0 retrans   2123 KB-cwnd
[2024-05-27 15:01:57.590294]     6.0000 MB /   0.50 sec =  100.6599 Mbps     0 retrans   2123 KB-cwnd
[2024-05-27 15:01:58.090301]     5.0000 MB /   0.50 sec =   83.8790 Mbps     0 retrans   2123 KB-cwnd
[2024-05-27 15:01:58.590288]     2.1875 MB /   0.50 sec =   36.7041 Mbps     0 retrans   2123 KB-cwnd
[2024-05-27 15:01:59.090242]     0.0000 MB /   0.50 sec =    0.0000 Mbps     0 retrans   2123 KB-cwnd
[2024-05-27 15:01:59.590317]     8.1250 MB /   0.50 sec =  136.3097 Mbps     0 retrans   2123 KB-cwnd
[2024-05-27 15:02:00.090284]     3.7500 MB /   0.50 sec =   62.9156 Mbps     0 retrans   2123 KB-cwnd
[2024-05-27 15:02:00.590207]     8.0625 MB /   0.50 sec =  135.2760 Mbps     0 retrans   2123 KB-cwnd
[2024-05-27 15:02:01.090306]     6.1250 MB /   0.50 sec =  102.7479 Mbps     0 retrans   2123 KB-cwnd
[2024-05-27 15:02:01.590204]     6.4375 MB /   0.50 sec =  108.0176 Mbps     0 retrans   2123 KB-cwnd
[2024-05-27 15:02:02.090392]     5.6875 MB /   0.50 sec =   95.4156 Mbps     0 retrans   2123 KB-cwnd
[2024-05-27 15:02:02.590287]     4.0625 MB /   0.50 sec =   68.1554 Mbps     0 retrans   2123 KB-cwnd
[2024-05-27 15:02:03.090371]     1.7500 MB /   0.50 sec =   29.3535 Mbps     0 retrans   2123 KB-cwnd
[2024-05-27 15:02:03.590322]     1.2500 MB /   0.50 sec =   20.9768 Mbps     0 retrans   2123 KB-cwnd
[2024-05-27 15:02:04.090287]     3.5625 MB /   0.50 sec =   59.7673 Mbps     0 retrans   2123 KB-cwnd
[2024-05-27 15:02:04.590397]     1.5625 MB /   0.50 sec =   26.2143 Mbps     0 retrans   2123 KB-cwnd
[2024-05-27 15:02:05.090299]     1.5000 MB /   0.50 sec =   25.1642 Mbps     0 retrans   2123 KB-cwnd
[2024-05-27 15:02:05.590230]     6.4375 MB /   0.50 sec =  108.0139 Mbps     0 retrans   2123 KB-cwnd
[2024-05-27 15:02:06.090392]     4.0000 MB /   0.50 sec =   67.0899 Mbps     0 retrans   2123 KB-cwnd
[2024-05-27 15:02:06.590281]     2.1250 MB /   0.50 sec =   35.6593 Mbps     0 retrans   2123 KB-cwnd
[2024-05-27 15:02:07.090246]     2.2500 MB /   0.50 sec =   37.7512 Mbps     0 retrans   2123 KB-cwnd
[2024-05-27 15:02:07.590259]     5.3750 MB /   0.50 sec =   90.1734 Mbps     0 retrans   2010 KB-cwnd
[2024-05-27 15:02:08.090261]     3.8750 MB /   0.50 sec =   65.0134 Mbps     0 retrans   2010 KB-cwnd
[2024-05-27 15:02:08.590279]     4.6875 MB /   0.50 sec =   78.6390 Mbps     0 retrans   2010 KB-cwnd
[2024-05-27 15:02:09.090237]     4.2500 MB /   0.50 sec =   71.3086 Mbps     0 retrans   2010 KB-cwnd
[2024-05-27 15:02:09.590366]     3.8750 MB /   0.50 sec =   65.0109 Mbps     0 retrans   2010 KB-cwnd
[2024-05-27 15:02:10.090302]     2.3125 MB /   0.50 sec =   38.7975 Mbps     0 retrans   2010 KB-cwnd
[2024-05-27 15:02:10.590245]     4.0000 MB /   0.50 sec =   67.1082 Mbps    48 retrans   1863 KB-cwnd
[2024-05-27 15:02:11.090262]     3.1250 MB /   0.50 sec =   52.4280 Mbps     0 retrans   1877 KB-cwnd
[2024-05-27 15:02:11.590219]     6.3750 MB /   0.50 sec =  106.9620 Mbps     0 retrans   1877 KB-cwnd
[2024-05-27 15:02:12.090226]     3.0625 MB /   0.50 sec =   51.3794 Mbps     0 retrans   1877 KB-cwnd
[2024-05-27 15:02:12.590254]     3.8125 MB /   0.50 sec =   63.9621 Mbps     0 retrans   1877 KB-cwnd
[2024-05-27 15:02:13.090279]     2.5000 MB /   0.50 sec =   41.9419 Mbps     0 retrans   1886 KB-cwnd
[2024-05-27 15:02:13.590230]     1.6875 MB /   0.50 sec =   28.3129 Mbps     0 retrans   1886 KB-cwnd
[2024-05-27 15:02:14.090320]     0.4375 MB /   0.50 sec =    7.3399 Mbps     0 retrans   1886 KB-cwnd
[2024-05-27 15:02:14.590284]     3.6250 MB /   0.50 sec =   60.8142 Mbps     0 retrans   1886 KB-cwnd
[2024-05-27 15:02:15.090414]     2.8125 MB /   0.50 sec =   47.1834 Mbps     0 retrans   1886 KB-cwnd
[2024-05-27 15:02:15.590274]     1.2500 MB /   0.50 sec =   20.9739 Mbps     0 retrans   1886 KB-cwnd
[2024-05-27 15:02:16.090356]     1.8750 MB /   0.50 sec =   31.4517 Mbps     0 retrans   1921 KB-cwnd
[2024-05-27 15:02:16.590296]     0.8125 MB /   0.50 sec =   13.6333 Mbps     0 retrans   1921 KB-cwnd
[2024-05-27 15:02:17.090292]     1.6250 MB /   0.50 sec =   27.2618 Mbps     0 retrans   1921 KB-cwnd
[2024-05-27 15:02:17.590300]     2.2500 MB /   0.50 sec =   37.7507 Mbps     0 retrans   1921 KB-cwnd
[2024-05-27 15:02:18.090245]     3.6250 MB /   0.50 sec =   60.8209 Mbps     0 retrans   1921 KB-cwnd
[2024-05-27 15:02:18.590576]     2.8125 MB /   0.50 sec =   47.1817 Mbps     0 retrans   1921 KB-cwnd
[2024-05-27 15:02:19.090221]     2.7500 MB /   0.50 sec =   46.1409 Mbps     0 retrans   1921 KB-cwnd
[2024-05-27 15:02:19.590237]     2.5000 MB /   0.50 sec =   41.9430 Mbps     0 retrans   1921 KB-cwnd
[2024-05-27 15:02:20.090220]     2.8750 MB /   0.50 sec =   48.2349 Mbps     0 retrans   1921 KB-cwnd
[2024-05-27 15:02:20.590215]     3.1875 MB /   0.50 sec =   53.4786 Mbps     0 retrans   1921 KB-cwnd
[2024-05-27 15:02:21.090239]     3.1250 MB /   0.50 sec =   52.4270 Mbps     0 retrans   1921 KB-cwnd
[2024-05-27 15:02:21.590306]     3.3750 MB /   0.50 sec =   56.6238 Mbps     0 retrans   1921 KB-cwnd
[2024-05-27 15:02:22.090269]     3.9375 MB /   0.50 sec =   66.0576 Mbps     0 retrans   1921 KB-cwnd
[2024-05-27 15:02:22.590848]     4.0000 MB /   0.50 sec =   67.0858 Mbps     0 retrans   1921 KB-cwnd
[2024-05-27 15:02:23.090260]     2.0625 MB /   0.50 sec =   34.6153 Mbps     0 retrans   1921 KB-cwnd
[2024-05-27 15:02:23.590259]     5.5000 MB /   0.50 sec =   92.2738 Mbps     0 retrans   1921 KB-cwnd
[2024-05-27 15:02:24.090246]     6.0000 MB /   0.50 sec =  100.6675 Mbps     0 retrans   1921 KB-cwnd
[2024-05-27 15:02:24.590266]     5.3125 MB /   0.50 sec =   89.1256 Mbps     0 retrans   1921 KB-cwnd
[2024-05-27 15:02:25.090266]     5.8125 MB /   0.50 sec =   97.5123 Mbps     0 retrans   1921 KB-cwnd
[2024-05-27 15:02:25.590272]     5.7500 MB /   0.50 sec =   96.4736 Mbps     0 retrans   1921 KB-cwnd
[2024-05-27 15:02:26.090244]     5.6875 MB /   0.50 sec =   95.4216 Mbps     0 retrans   1921 KB-cwnd
End time: 1716836546588
