Start time: 1716937364436
[2024-05-28 19:02:45.209967] nuttcp-r: v8.1.4: socket
[2024-05-28 19:02:45.211061] nuttcp-r: buflen=65536, nstream=1, port=5003 tcp
[2024-05-28 19:02:45.211168] nuttcp-r: interval reporting every 0.50 seconds
[2024-05-28 19:02:45.211252] nuttcp-r: connect to 35.245.244.238 with RTT=43.793 ms af=inet
[2024-05-28 19:02:45.211332] nuttcp-r: send window size = 1048576, receive window size = 1048576
[2024-05-28 19:02:45.211406] nuttcp-r: available send window = 786432, available receive window = 786432
[2024-05-28 19:02:45.211480]     1.5625 MB /   0.50 sec =   26.2119 Mbps     0 retrans     13 KB-cwnd
[2024-05-28 19:02:45.710527]     4.7500 MB /   0.50 sec =   79.6739 Mbps     0 retrans     13 KB-cwnd
[2024-05-28 19:02:46.209922]     3.1250 MB /   0.50 sec =   52.4405 Mbps     0 retrans     13 KB-cwnd
[2024-05-28 19:02:46.709841]     3.8125 MB /   0.50 sec =   63.9663 Mbps     0 retrans     13 KB-cwnd
[2024-05-28 19:02:47.209958]     5.1250 MB /   0.50 sec =   85.9666 Mbps     0 retrans     13 KB-cwnd
[2024-05-28 19:02:47.713108]     4.4375 MB /   0.50 sec =   74.1660 Mbps     0 retrans     13 KB-cwnd
[2024-05-28 19:02:48.209889]     6.0000 MB /   0.50 sec =  101.0639 Mbps     0 retrans     13 KB-cwnd
[2024-05-28 19:02:48.709989]     5.3750 MB /   0.50 sec =   90.1716 Mbps     0 retrans     13 KB-cwnd
[2024-05-28 19:02:49.210067]     3.3750 MB /   0.50 sec =   56.6211 Mbps     0 retrans     13 KB-cwnd
[2024-05-28 19:02:49.710487]     5.1875 MB /   0.50 sec =   87.0381 Mbps     0 retrans     13 KB-cwnd
[2024-05-28 19:02:50.210492]     4.7500 MB /   0.50 sec =   79.6071 Mbps     0 retrans     13 KB-cwnd
[2024-05-28 19:02:50.710331]     3.0625 MB /   0.50 sec =   51.4350 Mbps     0 retrans     13 KB-cwnd
[2024-05-28 19:02:51.209957]     5.8125 MB /   0.50 sec =   97.5174 Mbps     0 retrans     13 KB-cwnd
[2024-05-28 19:02:51.709960]     2.0625 MB /   0.50 sec =   34.6020 Mbps     0 retrans     13 KB-cwnd
[2024-05-28 19:02:52.209971]     0.8125 MB /   0.50 sec =   13.6326 Mbps     0 retrans     13 KB-cwnd
[2024-05-28 19:02:52.710082]     1.1250 MB /   0.50 sec =   18.8712 Mbps     0 retrans     13 KB-cwnd
[2024-05-28 19:02:53.210006]     5.1875 MB /   0.50 sec =   87.0334 Mbps     0 retrans     13 KB-cwnd
[2024-05-28 19:02:53.711025]     3.3750 MB /   0.50 sec =   56.6146 Mbps     0 retrans     13 KB-cwnd
[2024-05-28 19:02:54.210462]     1.0000 MB /   0.50 sec =   16.7644 Mbps     0 retrans     13 KB-cwnd
[2024-05-28 19:02:54.709940]     0.6250 MB /   0.50 sec =   10.4965 Mbps     0 retrans     13 KB-cwnd
[2024-05-28 19:02:55.209971]     2.3125 MB /   0.50 sec =   38.7973 Mbps     0 retrans     13 KB-cwnd
[2024-05-28 19:02:55.710051]     1.5625 MB /   0.50 sec =   26.2106 Mbps     0 retrans     13 KB-cwnd
[2024-05-28 19:02:56.209996]     2.9375 MB /   0.50 sec =   49.2907 Mbps     0 retrans     13 KB-cwnd
[2024-05-28 19:02:56.711528]     1.8125 MB /   0.50 sec =   30.3275 Mbps     0 retrans     13 KB-cwnd
[2024-05-28 19:02:57.210009]     1.8750 MB /   0.50 sec =   31.5385 Mbps     0 retrans     13 KB-cwnd
[2024-05-28 19:02:57.709957]     2.6875 MB /   0.50 sec =   45.0923 Mbps     0 retrans     13 KB-cwnd
[2024-05-28 19:02:58.209980]     2.8125 MB /   0.50 sec =   47.1862 Mbps     0 retrans     13 KB-cwnd
[2024-05-28 19:02:58.710009]     2.3750 MB /   0.50 sec =   39.8449 Mbps     0 retrans     13 KB-cwnd
[2024-05-28 19:02:59.209929]     0.6875 MB /   0.50 sec =   11.5341 Mbps     0 retrans     13 KB-cwnd
[2024-05-28 19:02:59.709996]     0.7500 MB /   0.50 sec =   12.5830 Mbps     0 retrans     13 KB-cwnd
[2024-05-28 19:03:00.209985]     2.9375 MB /   0.50 sec =   49.2830 Mbps     0 retrans     13 KB-cwnd
[2024-05-28 19:03:00.709960]     0.4375 MB /   0.50 sec =    7.3401 Mbps     0 retrans     13 KB-cwnd
[2024-05-28 19:03:01.210442]     3.0625 MB /   0.50 sec =   51.3779 Mbps     0 retrans     13 KB-cwnd
[2024-05-28 19:03:01.710007]     3.5625 MB /   0.50 sec =   59.7705 Mbps     0 retrans     13 KB-cwnd
[2024-05-28 19:03:02.211269]     3.2500 MB /   0.50 sec =   54.3929 Mbps     0 retrans     13 KB-cwnd
[2024-05-28 19:03:02.709998]     3.5625 MB /   0.50 sec =   59.9145 Mbps     0 retrans     13 KB-cwnd
[2024-05-28 19:03:03.209972]     1.7500 MB /   0.50 sec =   29.3604 Mbps     0 retrans     13 KB-cwnd
[2024-05-28 19:03:03.709981]     3.8750 MB /   0.50 sec =   65.0113 Mbps     0 retrans     13 KB-cwnd
[2024-05-28 19:03:04.209913]     4.5625 MB /   0.50 sec =   76.5499 Mbps     0 retrans     13 KB-cwnd
[2024-05-28 19:03:04.709998]     5.8125 MB /   0.50 sec =   97.5158 Mbps     0 retrans     13 KB-cwnd
[2024-05-28 19:03:05.210952]     5.9375 MB /   0.50 sec =   99.5098 Mbps     0 retrans     17 KB-cwnd
[2024-05-28 19:03:05.711930]     4.0625 MB /   0.50 sec =   68.0446 Mbps     0 retrans     17 KB-cwnd
[2024-05-28 19:03:06.210429]     6.7500 MB /   0.50 sec =  113.5576 Mbps     0 retrans     27 KB-cwnd
[2024-05-28 19:03:06.709963]     7.0625 MB /   0.50 sec =  118.4796 Mbps     0 retrans     27 KB-cwnd
[2024-05-28 19:03:07.210044]     5.1875 MB /   0.50 sec =   87.0327 Mbps     0 retrans     27 KB-cwnd
[2024-05-28 19:03:07.709992]     5.2500 MB /   0.50 sec =   88.0816 Mbps     0 retrans     27 KB-cwnd
[2024-05-28 19:03:08.210540]     3.8125 MB /   0.50 sec =   63.9597 Mbps     0 retrans     27 KB-cwnd
[2024-05-28 19:03:08.710606]     7.8125 MB /   0.50 sec =  131.0807 Mbps     0 retrans     27 KB-cwnd
[2024-05-28 19:03:09.210434]     8.3125 MB /   0.50 sec =  139.4698 Mbps     0 retrans     27 KB-cwnd
[2024-05-28 19:03:09.710015]     6.5000 MB /   0.50 sec =  109.0362 Mbps     0 retrans     27 KB-cwnd
[2024-05-28 19:03:10.209909]     6.2500 MB /   0.50 sec =  104.8700 Mbps     0 retrans     27 KB-cwnd
[2024-05-28 19:03:10.709953]     4.0625 MB /   0.50 sec =   68.1568 Mbps     0 retrans     27 KB-cwnd
[2024-05-28 19:03:11.210147]     4.3125 MB /   0.50 sec =   72.3374 Mbps     0 retrans     27 KB-cwnd
[2024-05-28 19:03:11.710081]     5.0000 MB /   0.50 sec =   83.8925 Mbps     0 retrans     27 KB-cwnd
[2024-05-28 19:03:12.210025]     2.3125 MB /   0.50 sec =   38.8005 Mbps     0 retrans     27 KB-cwnd
[2024-05-28 19:03:12.710603]     3.3125 MB /   0.50 sec =   55.5061 Mbps     0 retrans     27 KB-cwnd
[2024-05-28 19:03:13.209932]     1.4375 MB /   0.50 sec =   24.1487 Mbps     0 retrans     27 KB-cwnd
[2024-05-28 19:03:13.710875]     3.5625 MB /   0.50 sec =   59.7654 Mbps     0 retrans     27 KB-cwnd
[2024-05-28 19:03:14.209978]     3.0625 MB /   0.50 sec =   51.3805 Mbps     0 retrans     27 KB-cwnd
[2024-05-28 19:03:14.709971]     2.1250 MB /   0.50 sec =   35.6512 Mbps     0 retrans     27 KB-cwnd
[2024-05-28 19:03:15.209960]     3.1250 MB /   0.50 sec =   52.4308 Mbps     0 retrans     27 KB-cwnd
[2024-05-28 19:03:15.710032]     2.6875 MB /   0.50 sec =   45.0854 Mbps     0 retrans     27 KB-cwnd
[2024-05-28 19:03:16.210037]     2.3750 MB /   0.50 sec =   39.8457 Mbps     0 retrans     27 KB-cwnd
[2024-05-28 19:03:16.710556]     3.1875 MB /   0.50 sec =   53.4317 Mbps     0 retrans     27 KB-cwnd
[2024-05-28 19:03:17.210465]     2.1875 MB /   0.50 sec =   36.7315 Mbps     0 retrans     27 KB-cwnd
[2024-05-28 19:03:17.710397]     2.5625 MB /   0.50 sec =   42.9731 Mbps     0 retrans     27 KB-cwnd
[2024-05-28 19:03:18.209922]     2.0625 MB /   0.50 sec =   34.6210 Mbps     0 retrans     27 KB-cwnd
[2024-05-28 19:03:18.710013]     3.8750 MB /   0.50 sec =   65.0070 Mbps     0 retrans     27 KB-cwnd
[2024-05-28 19:03:19.209917]     3.5000 MB /   0.50 sec =   58.7234 Mbps     0 retrans     27 KB-cwnd
[2024-05-28 19:03:19.710967]     4.0625 MB /   0.50 sec =   68.0904 Mbps     0 retrans     27 KB-cwnd
[2024-05-28 19:03:20.210089]     3.1250 MB /   0.50 sec =   52.4713 Mbps     0 retrans     30 KB-cwnd
[2024-05-28 19:03:20.710070]     1.3750 MB /   0.50 sec =   23.0704 Mbps     0 retrans     30 KB-cwnd
[2024-05-28 19:03:21.210030]     3.1250 MB /   0.50 sec =   52.4284 Mbps     0 retrans     30 KB-cwnd
[2024-05-28 19:03:21.710007]     4.0000 MB /   0.50 sec =   67.1115 Mbps     0 retrans     30 KB-cwnd
[2024-05-28 19:03:22.209969]     1.4375 MB /   0.50 sec =   24.1189 Mbps     0 retrans     30 KB-cwnd
[2024-05-28 19:03:22.709928]     4.6250 MB /   0.50 sec =   77.5977 Mbps     0 retrans     30 KB-cwnd
[2024-05-28 19:03:23.210026]     0.9375 MB /   0.50 sec =   15.7253 Mbps     0 retrans     35 KB-cwnd
[2024-05-28 19:03:23.712233]     0.0000 MB /   0.50 sec =    0.0000 Mbps     0 retrans     35 KB-cwnd
[2024-05-28 19:03:24.210580]     0.0000 MB /   0.50 sec =    0.0000 Mbps     0 retrans     35 KB-cwnd
[2024-05-28 19:03:24.711512]     0.0000 MB /   0.50 sec =    0.0000 Mbps     0 retrans     35 KB-cwnd
[2024-05-28 19:03:25.210927]     0.1875 MB /   0.50 sec =    3.1486 Mbps     0 retrans     35 KB-cwnd
[2024-05-28 19:03:25.710233]     0.5000 MB /   0.50 sec =    8.4001 Mbps     0 retrans     35 KB-cwnd
[2024-05-28 19:03:26.209943]     0.3125 MB /   0.50 sec =    5.2457 Mbps     0 retrans     35 KB-cwnd
[2024-05-28 19:03:26.710005]     0.6875 MB /   0.50 sec =   11.5341 Mbps     0 retrans     35 KB-cwnd
[2024-05-28 19:03:27.210042]     0.8125 MB /   0.50 sec =   13.6303 Mbps     0 retrans     35 KB-cwnd
[2024-05-28 19:03:27.710531]     0.8750 MB /   0.50 sec =   14.6655 Mbps     0 retrans     35 KB-cwnd
[2024-05-28 19:03:28.209932]     1.0625 MB /   0.50 sec =   17.8465 Mbps     0 retrans     35 KB-cwnd
[2024-05-28 19:03:28.711475]     0.8750 MB /   0.50 sec =   14.6617 Mbps     0 retrans     35 KB-cwnd
[2024-05-28 19:03:29.210485]     1.3125 MB /   0.50 sec =   22.0241 Mbps     0 retrans     35 KB-cwnd
[2024-05-28 19:03:29.709912]     0.9375 MB /   0.50 sec =   15.7449 Mbps     0 retrans     35 KB-cwnd
[2024-05-28 19:03:30.210036]     0.9375 MB /   0.50 sec =   15.7264 Mbps     0 retrans     35 KB-cwnd
[2024-05-28 19:03:30.711429]     0.0625 MB /   0.50 sec =    1.0459 Mbps     0 retrans     35 KB-cwnd
[2024-05-28 19:03:31.211793]     1.0000 MB /   0.50 sec =   16.7815 Mbps     0 retrans     35 KB-cwnd
[2024-05-28 19:03:31.711837]     1.0000 MB /   0.50 sec =   16.7761 Mbps     0 retrans     35 KB-cwnd
[2024-05-28 19:03:32.210501]     1.1875 MB /   0.50 sec =   19.9724 Mbps     0 retrans     35 KB-cwnd
[2024-05-28 19:03:32.709927]     0.3750 MB /   0.50 sec =    6.2917 Mbps     0 retrans     35 KB-cwnd
[2024-05-28 19:03:33.209985]     1.0000 MB /   0.50 sec =   16.7763 Mbps     0 retrans     35 KB-cwnd
[2024-05-28 19:03:33.710021]     1.0000 MB /   0.50 sec =   16.7776 Mbps     0 retrans     35 KB-cwnd
[2024-05-28 19:03:34.209987]     0.0625 MB /   0.50 sec =    1.0486 Mbps     0 retrans     35 KB-cwnd
[2024-05-28 19:03:34.710045]     1.0000 MB /   0.50 sec =   16.7771 Mbps     0 retrans     35 KB-cwnd
[2024-05-28 19:03:35.210015]     0.4375 MB /   0.50 sec =    7.3404 Mbps     0 retrans     35 KB-cwnd
[2024-05-28 19:03:35.710002]     0.5625 MB /   0.50 sec =    9.4368 Mbps     0 retrans     35 KB-cwnd
[2024-05-28 19:03:36.211041]     1.2500 MB /   0.50 sec =   20.9482 Mbps     0 retrans     35 KB-cwnd
[2024-05-28 19:03:36.712296]     1.5000 MB /   0.50 sec =   25.1040 Mbps     0 retrans     35 KB-cwnd
[2024-05-28 19:03:37.212195]     1.3125 MB /   0.50 sec =   22.0258 Mbps     0 retrans     35 KB-cwnd
[2024-05-28 19:03:37.712384]     1.1875 MB /   0.50 sec =   19.9184 Mbps     0 retrans     35 KB-cwnd
[2024-05-28 19:03:38.209992]     0.8125 MB /   0.50 sec =   13.6807 Mbps     0 retrans     35 KB-cwnd
[2024-05-28 19:03:38.710611]     0.8750 MB /   0.50 sec =   14.6626 Mbps     0 retrans     35 KB-cwnd
[2024-05-28 19:03:39.209951]     0.3750 MB /   0.50 sec =    6.2987 Mbps     0 retrans     35 KB-cwnd
[2024-05-28 19:03:39.709948]     0.3125 MB /   0.50 sec =    5.2430 Mbps     0 retrans     35 KB-cwnd
[2024-05-28 19:03:40.212406]     1.0000 MB /   0.50 sec =   16.7158 Mbps     0 retrans     35 KB-cwnd
[2024-05-28 19:03:40.710396]     1.3125 MB /   0.50 sec =   22.0828 Mbps     0 retrans     35 KB-cwnd
[2024-05-28 19:03:41.212704]     1.1875 MB /   0.50 sec =   19.8517 Mbps     0 retrans     35 KB-cwnd
[2024-05-28 19:03:41.713031]     1.1875 MB /   0.50 sec =   19.9613 Mbps     0 retrans     35 KB-cwnd
[2024-05-28 19:03:42.210633]     1.8750 MB /   0.50 sec =   31.5320 Mbps     0 retrans     35 KB-cwnd
[2024-05-28 19:03:42.710002]     1.9375 MB /   0.50 sec =   32.5072 Mbps     0 retrans     44 KB-cwnd
[2024-05-28 19:03:43.209993]     2.4375 MB /   0.50 sec =   40.8965 Mbps     0 retrans     44 KB-cwnd
[2024-05-28 19:03:43.709985]     3.0625 MB /   0.50 sec =   51.3801 Mbps     0 retrans     44 KB-cwnd
[2024-05-28 19:03:44.210424]     3.8125 MB /   0.50 sec =   63.9674 Mbps     0 retrans     44 KB-cwnd
[2024-05-28 19:03:44.709989]     4.6250 MB /   0.50 sec =   77.5897 Mbps     0 retrans     44 KB-cwnd
[2024-05-28 19:03:45.210404]     3.0625 MB /   0.50 sec =   51.3404 Mbps     0 retrans     44 KB-cwnd
[2024-05-28 19:03:45.711047]     4.1250 MB /   0.50 sec =   69.2030 Mbps     0 retrans     44 KB-cwnd
[2024-05-28 19:03:46.211219]     8.0000 MB /   0.50 sec =  134.2279 Mbps     0 retrans     44 KB-cwnd
[2024-05-28 19:03:46.709866]     7.0000 MB /   0.50 sec =  117.5374 Mbps     0 retrans     46 KB-cwnd
[2024-05-28 19:03:47.210480]     8.8750 MB /   0.50 sec =  148.8886 Mbps     0 retrans     46 KB-cwnd
[2024-05-28 19:03:47.710449]     8.5625 MB /   0.50 sec =  143.6489 Mbps     0 retrans     55 KB-cwnd
[2024-05-28 19:03:48.209972]    10.1250 MB /   0.50 sec =  169.8771 Mbps     0 retrans     55 KB-cwnd
[2024-05-28 19:03:48.710527]     7.6875 MB /   0.50 sec =  128.8705 Mbps     0 retrans     55 KB-cwnd
[2024-05-28 19:03:49.211016]     6.1875 MB /   0.50 sec =  103.7841 Mbps     0 retrans     55 KB-cwnd
[2024-05-28 19:03:49.710078]     2.8750 MB /   0.50 sec =   48.2832 Mbps     0 retrans     57 KB-cwnd
[2024-05-28 19:03:50.211655]     2.1875 MB /   0.50 sec =   36.5862 Mbps     0 retrans     57 KB-cwnd
[2024-05-28 19:03:50.711188]     6.5000 MB /   0.50 sec =  109.1453 Mbps     0 retrans     57 KB-cwnd
[2024-05-28 19:03:51.209959]     6.4375 MB /   0.50 sec =  108.2564 Mbps     0 retrans     57 KB-cwnd
[2024-05-28 19:03:51.710029]     7.7500 MB /   0.50 sec =  130.0164 Mbps     0 retrans     57 KB-cwnd
[2024-05-28 19:03:52.210030]    11.6250 MB /   0.50 sec =  195.0293 Mbps     0 retrans     61 KB-cwnd
[2024-05-28 19:03:52.710725]     6.9375 MB /   0.50 sec =  116.2963 Mbps  7850 retrans   1419 KB-cwnd
[2024-05-28 19:03:53.210741]     3.0000 MB /   0.50 sec =   50.2997 Mbps     0 retrans   1419 KB-cwnd
[2024-05-28 19:03:53.710090]     3.3750 MB /   0.50 sec =   56.7034 Mbps     0 retrans   1419 KB-cwnd
[2024-05-28 19:03:54.209939]     5.1250 MB /   0.50 sec =   85.9913 Mbps     0 retrans   1419 KB-cwnd
[2024-05-28 19:03:54.710505]     8.1250 MB /   0.50 sec =  136.1948 Mbps     0 retrans   1419 KB-cwnd
[2024-05-28 19:03:55.209967]     9.8125 MB /   0.50 sec =  164.7695 Mbps     0 retrans   1419 KB-cwnd
[2024-05-28 19:03:55.709953]     8.3125 MB /   0.50 sec =  139.4648 Mbps     0 retrans   1419 KB-cwnd
[2024-05-28 19:03:56.209951]     6.5000 MB /   0.50 sec =  109.0502 Mbps     0 retrans   1419 KB-cwnd
[2024-05-28 19:03:56.711502]     3.2500 MB /   0.50 sec =   54.3764 Mbps     0 retrans   1419 KB-cwnd
[2024-05-28 19:03:57.211484]     0.0000 MB /   0.50 sec =    0.0000 Mbps     0 retrans   1419 KB-cwnd
[2024-05-28 19:03:57.711962]     1.0000 MB /   0.50 sec =   16.7535 Mbps     0 retrans   1419 KB-cwnd
[2024-05-28 19:03:58.210081]     0.7500 MB /   0.50 sec =   12.6275 Mbps     0 retrans   1419 KB-cwnd
[2024-05-28 19:03:58.710367]     1.0000 MB /   0.50 sec =   16.7716 Mbps     0 retrans   1419 KB-cwnd
[2024-05-28 19:03:59.210597]     1.1250 MB /   0.50 sec =   18.8840 Mbps     0 retrans   1419 KB-cwnd
[2024-05-28 19:03:59.710003]     0.6250 MB /   0.50 sec =   10.4861 Mbps     0 retrans   1419 KB-cwnd
[2024-05-28 19:04:00.210041]     1.0625 MB /   0.50 sec =   17.8251 Mbps     0 retrans   1419 KB-cwnd
[2024-05-28 19:04:00.711569]     0.8750 MB /   0.50 sec =   14.6460 Mbps     0 retrans   1419 KB-cwnd
[2024-05-28 19:04:01.210104]     1.1250 MB /   0.50 sec =   18.9159 Mbps     0 retrans   1419 KB-cwnd
[2024-05-28 19:04:01.709970]     0.3125 MB /   0.50 sec =    5.2436 Mbps     0 retrans   1419 KB-cwnd
[2024-05-28 19:04:02.212282]     0.8125 MB /   0.50 sec =   13.5848 Mbps     0 retrans   1419 KB-cwnd
[2024-05-28 19:04:02.709999]     0.6250 MB /   0.50 sec =   10.5220 Mbps     0 retrans   1419 KB-cwnd
[2024-05-28 19:04:03.211259]     0.5625 MB /   0.50 sec =    9.4147 Mbps     0 retrans   1419 KB-cwnd
[2024-05-28 19:04:03.712078]     0.7500 MB /   0.50 sec =   12.5733 Mbps     0 retrans   1419 KB-cwnd
[2024-05-28 19:04:04.210867]     0.4375 MB /   0.50 sec =    7.3518 Mbps     0 retrans   1419 KB-cwnd
[2024-05-28 19:04:04.710784]     0.8125 MB /   0.50 sec =   13.6322 Mbps     0 retrans   1419 KB-cwnd
[2024-05-28 19:04:05.210026]     0.4375 MB /   0.50 sec =    7.3507 Mbps     0 retrans   1419 KB-cwnd
[2024-05-28 19:04:05.709966]     0.1875 MB /   0.50 sec =    3.1459 Mbps     0 retrans   1419 KB-cwnd
[2024-05-28 19:04:06.210011]     0.4375 MB /   0.50 sec =    7.3398 Mbps     0 retrans   1419 KB-cwnd
[2024-05-28 19:04:06.709963]     0.3750 MB /   0.50 sec =    6.2918 Mbps     0 retrans   1419 KB-cwnd
[2024-05-28 19:04:07.210101]     0.6250 MB /   0.50 sec =   10.4847 Mbps     0 retrans   1419 KB-cwnd
[2024-05-28 19:04:07.711479]     0.7500 MB /   0.50 sec =   12.5698 Mbps     0 retrans   1419 KB-cwnd
[2024-05-28 19:04:08.212418]     0.3125 MB /   0.50 sec =    5.2243 Mbps     0 retrans   1419 KB-cwnd
[2024-05-28 19:04:08.709989]     0.8125 MB /   0.50 sec =   13.6961 Mbps     0 retrans   1419 KB-cwnd
[2024-05-28 19:04:09.209901]     0.7500 MB /   0.50 sec =   12.5833 Mbps     0 retrans   1419 KB-cwnd
[2024-05-28 19:04:09.710047]     0.7500 MB /   0.50 sec =   12.5811 Mbps     0 retrans   1419 KB-cwnd
[2024-05-28 19:04:10.210207]     1.0000 MB /   0.50 sec =   16.7799 Mbps     0 retrans   1419 KB-cwnd
[2024-05-28 19:04:10.710541]     0.6875 MB /   0.50 sec =   11.5204 Mbps     0 retrans   1419 KB-cwnd
[2024-05-28 19:04:11.209989]     0.5000 MB /   0.50 sec =    8.3974 Mbps     0 retrans   1419 KB-cwnd
[2024-05-28 19:04:11.710415]     0.6250 MB /   0.50 sec =   10.4784 Mbps     0 retrans   1394 KB-cwnd
[2024-05-28 19:04:12.209989]     1.0000 MB /   0.50 sec =   16.7896 Mbps     0 retrans   1394 KB-cwnd
[2024-05-28 19:04:12.710068]     0.9375 MB /   0.50 sec =   15.7270 Mbps     0 retrans   1394 KB-cwnd
[2024-05-28 19:04:13.211682]     0.5000 MB /   0.50 sec =    8.3635 Mbps     0 retrans   1394 KB-cwnd
[2024-05-28 19:04:13.710069]     0.3125 MB /   0.50 sec =    5.2591 Mbps     0 retrans   1394 KB-cwnd
[2024-05-28 19:04:14.210970]     0.3125 MB /   0.50 sec =    5.2334 Mbps     0 retrans   1394 KB-cwnd
[2024-05-28 19:04:14.711559]     0.1250 MB /   0.50 sec =    2.0952 Mbps     0 retrans   1394 KB-cwnd
[2024-05-28 19:04:15.210164]     0.7500 MB /   0.50 sec =   12.6159 Mbps     0 retrans   1394 KB-cwnd
[2024-05-28 19:04:15.710985]     0.8125 MB /   0.50 sec =   13.6082 Mbps     0 retrans   1394 KB-cwnd
[2024-05-28 19:04:16.211094]     0.8125 MB /   0.50 sec =   13.6451 Mbps     0 retrans   1394 KB-cwnd
[2024-05-28 19:04:16.710054]     0.4375 MB /   0.50 sec =    7.3462 Mbps     0 retrans   1394 KB-cwnd
[2024-05-28 19:04:17.210012]     0.2500 MB /   0.50 sec =    4.1944 Mbps     0 retrans   1394 KB-cwnd
[2024-05-28 19:04:17.711860]     0.0000 MB /   0.50 sec =    0.0000 Mbps     0 retrans   1394 KB-cwnd
[2024-05-28 19:04:18.211218]     0.6875 MB /   0.50 sec =   11.5482 Mbps     0 retrans   1394 KB-cwnd
[2024-05-28 19:04:18.711682]     0.1875 MB /   0.50 sec =    3.1429 Mbps     0 retrans   1394 KB-cwnd
[2024-05-28 19:04:19.210503]     0.3750 MB /   0.50 sec =    6.3114 Mbps     0 retrans   1394 KB-cwnd
[2024-05-28 19:04:19.710519]     0.3125 MB /   0.50 sec =    5.2378 Mbps     0 retrans   1394 KB-cwnd
[2024-05-28 19:04:20.210072]     0.3125 MB /   0.50 sec =    5.2476 Mbps     0 retrans   1394 KB-cwnd
[2024-05-28 19:04:20.710002]     0.1250 MB /   0.50 sec =    2.0975 Mbps     0 retrans   1394 KB-cwnd
[2024-05-28 19:04:21.210043]     0.5625 MB /   0.50 sec =    9.4362 Mbps     0 retrans   1394 KB-cwnd
[2024-05-28 19:04:21.710080]     0.2500 MB /   0.50 sec =    4.1946 Mbps     0 retrans   1394 KB-cwnd
[2024-05-28 19:04:22.209947]     0.5625 MB /   0.50 sec =    9.4378 Mbps     0 retrans   1394 KB-cwnd
[2024-05-28 19:04:22.711585]     0.1875 MB /   0.50 sec =    3.1370 Mbps     0 retrans   1394 KB-cwnd
[2024-05-28 19:04:23.211400]     0.1875 MB /   0.50 sec =    3.1459 Mbps     0 retrans   1394 KB-cwnd
[2024-05-28 19:04:23.709944]     0.5625 MB /   0.50 sec =    9.4625 Mbps     0 retrans   1394 KB-cwnd
[2024-05-28 19:04:24.210001]     0.4375 MB /   0.50 sec =    7.3398 Mbps     0 retrans   1394 KB-cwnd
[2024-05-28 19:04:24.709953]     0.6250 MB /   0.50 sec =   10.4862 Mbps     0 retrans   1394 KB-cwnd
[2024-05-28 19:04:25.210002]     0.5000 MB /   0.50 sec =    8.3880 Mbps     0 retrans   1394 KB-cwnd
[2024-05-28 19:04:25.712221]     0.4375 MB /   0.50 sec =    7.3091 Mbps     0 retrans   1394 KB-cwnd
[2024-05-28 19:04:26.210071]     0.6250 MB /   0.50 sec =   10.5292 Mbps     0 retrans   1394 KB-cwnd
[2024-05-28 19:04:26.709981]     0.3125 MB /   0.50 sec =    5.2438 Mbps     0 retrans   1394 KB-cwnd
[2024-05-28 19:04:27.209956]     0.6250 MB /   0.50 sec =   10.4860 Mbps     0 retrans   1394 KB-cwnd
[2024-05-28 19:04:27.709881]     0.4375 MB /   0.50 sec =    7.3401 Mbps     0 retrans   1394 KB-cwnd
[2024-05-28 19:04:28.209946]     0.5625 MB /   0.50 sec =    9.4374 Mbps     0 retrans   1394 KB-cwnd
[2024-05-28 19:04:28.709903]     0.5000 MB /   0.50 sec =    8.3882 Mbps     0 retrans   1394 KB-cwnd
[2024-05-28 19:04:29.210028]     0.5625 MB /   0.50 sec =    9.4365 Mbps     0 retrans   1394 KB-cwnd
[2024-05-28 19:04:29.712795]     0.0625 MB /   0.50 sec =    1.0440 Mbps     0 retrans   1394 KB-cwnd
[2024-05-28 19:04:30.210619]     0.5625 MB /   0.50 sec =    9.4676 Mbps     0 retrans   1394 KB-cwnd
[2024-05-28 19:04:30.710405]     0.3750 MB /   0.50 sec =    6.2945 Mbps     0 retrans   1394 KB-cwnd
[2024-05-28 19:04:31.209964]     0.4375 MB /   0.50 sec =    7.3455 Mbps     0 retrans   1394 KB-cwnd
[2024-05-28 19:04:31.710015]     0.7500 MB /   0.50 sec =   12.5813 Mbps     0 retrans   1394 KB-cwnd
[2024-05-28 19:04:32.210029]     0.5625 MB /   0.50 sec =    9.4380 Mbps     0 retrans   1394 KB-cwnd
[2024-05-28 19:04:32.709988]     0.2500 MB /   0.50 sec =    4.1944 Mbps     0 retrans   1394 KB-cwnd
[2024-05-28 19:04:33.209915]     0.2500 MB /   0.50 sec =    4.1944 Mbps     0 retrans   1394 KB-cwnd
[2024-05-28 19:04:33.709994]     0.5625 MB /   0.50 sec =    9.4358 Mbps     0 retrans   1394 KB-cwnd
[2024-05-28 19:04:34.209982]     0.1250 MB /   0.50 sec =    2.0974 Mbps     0 retrans   1394 KB-cwnd
[2024-05-28 19:04:34.709969]     0.3750 MB /   0.50 sec =    6.2915 Mbps     0 retrans   1394 KB-cwnd
[2024-05-28 19:04:35.210046]     0.3125 MB /   0.50 sec =    5.2434 Mbps     0 retrans   1394 KB-cwnd
[2024-05-28 19:04:35.709841]     0.0625 MB /   0.50 sec =    1.0486 Mbps     0 retrans   1394 KB-cwnd
[2024-05-28 19:04:36.210358]     0.1250 MB /   0.50 sec =    2.0967 Mbps     0 retrans   1394 KB-cwnd
[2024-05-28 19:04:36.711713]     0.1250 MB /   0.50 sec =    2.0912 Mbps     0 retrans   1394 KB-cwnd
[2024-05-28 19:04:37.209921]     0.1250 MB /   0.50 sec =    2.1036 Mbps     0 retrans   1394 KB-cwnd
[2024-05-28 19:04:37.709831]     0.1875 MB /   0.50 sec =    3.1458 Mbps     0 retrans   1394 KB-cwnd
[2024-05-28 19:04:38.210532]     0.1875 MB /   0.50 sec =    3.1428 Mbps     0 retrans   1394 KB-cwnd
[2024-05-28 19:04:38.710055]     0.3125 MB /   0.50 sec =    5.2470 Mbps     0 retrans   1394 KB-cwnd
[2024-05-28 19:04:39.210076]     0.1875 MB /   0.50 sec =    3.1456 Mbps     0 retrans   1394 KB-cwnd
[2024-05-28 19:04:39.711958]     0.1250 MB /   0.50 sec =    2.0895 Mbps     0 retrans   1394 KB-cwnd
[2024-05-28 19:04:40.210357]     0.3125 MB /   0.50 sec =    5.2590 Mbps     0 retrans   1394 KB-cwnd
[2024-05-28 19:04:40.709913]     0.1875 MB /   0.50 sec =    3.1479 Mbps     0 retrans   1394 KB-cwnd
[2024-05-28 19:04:41.210626]     0.1250 MB /   0.50 sec =    2.0946 Mbps     0 retrans   1394 KB-cwnd
[2024-05-28 19:04:41.710106]     0.0000 MB /   0.50 sec =    0.0000 Mbps     0 retrans   1394 KB-cwnd
[2024-05-28 19:04:42.209987]     0.3750 MB /   0.50 sec =    6.2924 Mbps     0 retrans   1394 KB-cwnd
[2024-05-28 19:04:42.709937]     0.3750 MB /   0.50 sec =    6.2912 Mbps     0 retrans   1394 KB-cwnd
[2024-05-28 19:04:43.210635]     0.5000 MB /   0.50 sec =    8.3891 Mbps     0 retrans   1394 KB-cwnd
[2024-05-28 19:04:43.709992]     0.5625 MB /   0.50 sec =    9.4370 Mbps     0 retrans   1394 KB-cwnd
[2024-05-28 19:04:44.209970]     0.5625 MB /   0.50 sec =    9.4372 Mbps     0 retrans   1394 KB-cwnd
[2024-05-28 19:04:44.709943]     0.6875 MB /   0.50 sec =   11.5347 Mbps     0 retrans   1394 KB-cwnd
[2024-05-28 19:04:45.209987]     0.5625 MB /   0.50 sec =    9.4367 Mbps     0 retrans   1394 KB-cwnd
[2024-05-28 19:04:45.710000]     0.6250 MB /   0.50 sec =   10.4854 Mbps     0 retrans   1394 KB-cwnd
[2024-05-28 19:04:46.209944]     0.8750 MB /   0.50 sec =   14.6810 Mbps     0 retrans   1394 KB-cwnd
[2024-05-28 19:04:46.710004]     0.8750 MB /   0.50 sec =   14.6795 Mbps     0 retrans   1394 KB-cwnd
[2024-05-28 19:04:47.210048]     0.4375 MB /   0.50 sec =    7.3387 Mbps     0 retrans   1394 KB-cwnd
[2024-05-28 19:04:47.710004]     1.0000 MB /   0.50 sec =   16.7803 Mbps     0 retrans   1394 KB-cwnd
[2024-05-28 19:04:48.210617]     1.1875 MB /   0.50 sec =   19.9003 Mbps     0 retrans   1394 KB-cwnd
[2024-05-28 19:04:48.711108]     1.4375 MB /   0.50 sec =   24.1172 Mbps     0 retrans   1394 KB-cwnd
[2024-05-28 19:04:49.210148]     1.6875 MB /   0.50 sec =   28.3365 Mbps     0 retrans   1394 KB-cwnd
[2024-05-28 19:04:49.711126]     1.9375 MB /   0.50 sec =   32.4856 Mbps     0 retrans   1394 KB-cwnd
[2024-05-28 19:04:50.210364]     2.1250 MB /   0.50 sec =   35.6634 Mbps     0 retrans   1394 KB-cwnd
[2024-05-28 19:04:50.709851]     2.2500 MB /   0.50 sec =   37.7721 Mbps     0 retrans   1394 KB-cwnd
[2024-05-28 19:04:51.209987]     2.9375 MB /   0.50 sec =   49.2804 Mbps     0 retrans   1394 KB-cwnd
[2024-05-28 19:04:51.709969]     3.7500 MB /   0.50 sec =   62.9142 Mbps     0 retrans   1394 KB-cwnd
[2024-05-28 19:04:52.209913]     4.5000 MB /   0.50 sec =   75.4993 Mbps     0 retrans   1394 KB-cwnd
[2024-05-28 19:04:52.709960]     5.0000 MB /   0.50 sec =   83.8844 Mbps     0 retrans   1394 KB-cwnd
[2024-05-28 19:04:53.210053]     4.5000 MB /   0.50 sec =   75.4914 Mbps     0 retrans   1394 KB-cwnd
[2024-05-28 19:04:53.710953]     4.2500 MB /   0.50 sec =   71.2254 Mbps     0 retrans   1394 KB-cwnd
[2024-05-28 19:04:54.209958]     7.5000 MB /   0.50 sec =  125.9795 Mbps  9560 retrans    412 KB-cwnd
[2024-05-28 19:04:54.709922]     6.0000 MB /   0.50 sec =  100.6639 Mbps     0 retrans    412 KB-cwnd
[2024-05-28 19:04:55.209995]     6.8750 MB /   0.50 sec =  115.3376 Mbps     0 retrans    420 KB-cwnd
[2024-05-28 19:04:55.710013]     6.3750 MB /   0.50 sec =  106.9537 Mbps     0 retrans    437 KB-cwnd
[2024-05-28 19:04:56.210022]     8.0000 MB /   0.50 sec =  134.2169 Mbps     0 retrans    437 KB-cwnd
[2024-05-28 19:04:56.710512]     5.8750 MB /   0.50 sec =   98.5415 Mbps     0 retrans    437 KB-cwnd
[2024-05-28 19:04:57.211426]     7.0000 MB /   0.50 sec =  117.3541 Mbps     0 retrans    437 KB-cwnd
[2024-05-28 19:04:57.709977]     8.9375 MB /   0.50 sec =  150.0968 Mbps     0 retrans    437 KB-cwnd
[2024-05-28 19:04:58.210578]    10.8750 MB /   0.50 sec =  182.4537 Mbps     0 retrans    437 KB-cwnd
[2024-05-28 19:04:58.710588]    11.3750 MB /   0.50 sec =  190.8256 Mbps     0 retrans    437 KB-cwnd
[2024-05-28 19:04:59.210356]     6.0000 MB /   0.50 sec =  100.6754 Mbps     0 retrans    437 KB-cwnd
[2024-05-28 19:04:59.709975]     6.2500 MB /   0.50 sec =  104.8538 Mbps     0 retrans    437 KB-cwnd
[2024-05-28 19:05:00.209942]     7.7500 MB /   0.50 sec =  130.0221 Mbps     0 retrans    437 KB-cwnd
[2024-05-28 19:05:00.709982]     4.6875 MB /   0.50 sec =   78.6419 Mbps     0 retrans    440 KB-cwnd
[2024-05-28 19:05:01.210085]     2.6875 MB /   0.50 sec =   45.0810 Mbps     0 retrans    440 KB-cwnd
[2024-05-28 19:05:01.711444]     0.2500 MB /   0.50 sec =    4.1847 Mbps     0 retrans    440 KB-cwnd
[2024-05-28 19:05:02.210039]     2.3125 MB /   0.50 sec =   38.8924 Mbps     0 retrans    440 KB-cwnd
[2024-05-28 19:05:02.710206]     4.0625 MB /   0.50 sec =   68.1288 Mbps     0 retrans    440 KB-cwnd
[2024-05-28 19:05:03.210477]     6.1875 MB /   0.50 sec =  103.8522 Mbps     0 retrans    440 KB-cwnd
[2024-05-28 19:05:03.711037]     6.3125 MB /   0.50 sec =  105.8078 Mbps     0 retrans    451 KB-cwnd
[2024-05-28 19:05:04.209953]     8.1250 MB /   0.50 sec =  136.4470 Mbps     0 retrans    451 KB-cwnd
End time: 1716937504490
