Start time: 1716942731109
[2024-05-28 20:32:11.939227] nuttcp-r: v8.1.4: socket
[2024-05-28 20:32:11.939704] nuttcp-r: buflen=65536, nstream=1, port=5001 tcp
[2024-05-28 20:32:11.939745] nuttcp-r: interval reporting every 0.50 seconds
[2024-05-28 20:32:11.939774] nuttcp-r: connect to 35.245.244.238 with RTT=50.707 ms af=inet
[2024-05-28 20:32:11.939801] nuttcp-r: send window size = 1048576, receive window size = 4194304
[2024-05-28 20:32:11.939827] nuttcp-r: available send window = 786432, available receive window = 3145728
[2024-05-28 20:32:11.939853]     0.5000 MB /   0.50 sec =    8.3879 Mbps     0 retrans     13 KB-cwnd
[2024-05-28 20:32:12.439603]     3.0000 MB /   0.50 sec =   50.3152 Mbps     0 retrans     13 KB-cwnd
[2024-05-28 20:32:12.939286]     3.4375 MB /   0.50 sec =   57.6882 Mbps     0 retrans     13 KB-cwnd
[2024-05-28 20:32:13.439356]     3.7500 MB /   0.50 sec =   62.9115 Mbps     0 retrans     13 KB-cwnd
[2024-05-28 20:32:13.939394]     3.3750 MB /   0.50 sec =   56.6294 Mbps     0 retrans     13 KB-cwnd
[2024-05-28 20:32:14.439318]     3.1875 MB /   0.50 sec =   53.4700 Mbps     0 retrans     13 KB-cwnd
[2024-05-28 20:32:14.939502]     2.5625 MB /   0.50 sec =   42.9964 Mbps     0 retrans     13 KB-cwnd
[2024-05-28 20:32:15.439426]     3.2500 MB /   0.50 sec =   54.5132 Mbps     0 retrans     13 KB-cwnd
[2024-05-28 20:32:15.939238]     3.3750 MB /   0.50 sec =   56.6355 Mbps     0 retrans     13 KB-cwnd
[2024-05-28 20:32:16.439243]     3.8750 MB /   0.50 sec =   65.0131 Mbps     0 retrans     13 KB-cwnd
[2024-05-28 20:32:16.939363]     3.6875 MB /   0.50 sec =   61.8655 Mbps     0 retrans     13 KB-cwnd
[2024-05-28 20:32:17.439352]     3.3750 MB /   0.50 sec =   56.6247 Mbps     0 retrans     13 KB-cwnd
[2024-05-28 20:32:17.939262]     3.1875 MB /   0.50 sec =   53.4761 Mbps     0 retrans     13 KB-cwnd
[2024-05-28 20:32:18.439259]     3.3125 MB /   0.50 sec =   55.5736 Mbps     0 retrans     13 KB-cwnd
[2024-05-28 20:32:18.939285]     3.5625 MB /   0.50 sec =   59.7676 Mbps     0 retrans     13 KB-cwnd
[2024-05-28 20:32:19.439331]     3.4375 MB /   0.50 sec =   57.6688 Mbps     0 retrans     13 KB-cwnd
[2024-05-28 20:32:19.939293]     3.3750 MB /   0.50 sec =   56.6270 Mbps     0 retrans     13 KB-cwnd
[2024-05-28 20:32:20.439304]     2.4375 MB /   0.50 sec =   40.8940 Mbps     0 retrans     13 KB-cwnd
[2024-05-28 20:32:20.939171]     3.0000 MB /   0.50 sec =   50.3358 Mbps     0 retrans     13 KB-cwnd
[2024-05-28 20:32:21.439283]     2.9375 MB /   0.50 sec =   49.2799 Mbps     0 retrans     13 KB-cwnd
[2024-05-28 20:32:21.939253]     2.9375 MB /   0.50 sec =   49.2827 Mbps     0 retrans     13 KB-cwnd
[2024-05-28 20:32:22.439301]     1.1250 MB /   0.50 sec =   18.8735 Mbps     0 retrans     13 KB-cwnd
[2024-05-28 20:32:22.939277]     2.0000 MB /   0.50 sec =   33.5562 Mbps     0 retrans     13 KB-cwnd
[2024-05-28 20:32:23.439264]     2.1875 MB /   0.50 sec =   36.7001 Mbps     0 retrans     13 KB-cwnd
[2024-05-28 20:32:23.939443]     2.3750 MB /   0.50 sec =   39.8429 Mbps     0 retrans     13 KB-cwnd
[2024-05-28 20:32:24.439280]     2.1875 MB /   0.50 sec =   36.7030 Mbps     0 retrans     13 KB-cwnd
[2024-05-28 20:32:24.939303]     2.1250 MB /   0.50 sec =   35.6504 Mbps     0 retrans     13 KB-cwnd
[2024-05-28 20:32:25.439453]     2.0000 MB /   0.50 sec =   33.5453 Mbps     0 retrans     13 KB-cwnd
[2024-05-28 20:32:25.939289]     3.0000 MB /   0.50 sec =   50.3472 Mbps     0 retrans     13 KB-cwnd
[2024-05-28 20:32:26.439344]     3.0625 MB /   0.50 sec =   51.3732 Mbps     0 retrans     13 KB-cwnd
[2024-05-28 20:32:26.939242]     3.4375 MB /   0.50 sec =   57.6800 Mbps     0 retrans     13 KB-cwnd
[2024-05-28 20:32:27.439277]     3.8750 MB /   0.50 sec =   65.0108 Mbps     0 retrans     13 KB-cwnd
[2024-05-28 20:32:27.939267]     3.8750 MB /   0.50 sec =   65.0115 Mbps     0 retrans     13 KB-cwnd
[2024-05-28 20:32:28.439291]     3.0625 MB /   0.50 sec =   51.3784 Mbps     0 retrans     13 KB-cwnd
[2024-05-28 20:32:28.939357]     3.2500 MB /   0.50 sec =   54.5202 Mbps     0 retrans     13 KB-cwnd
[2024-05-28 20:32:29.439362]     3.4375 MB /   0.50 sec =   57.6711 Mbps     0 retrans     13 KB-cwnd
[2024-05-28 20:32:29.939277]     3.3750 MB /   0.50 sec =   56.6319 Mbps     0 retrans     13 KB-cwnd
[2024-05-28 20:32:30.439292]     3.5000 MB /   0.50 sec =   58.7200 Mbps     0 retrans     13 KB-cwnd
[2024-05-28 20:32:30.939260]     4.1875 MB /   0.50 sec =   70.2554 Mbps     0 retrans     13 KB-cwnd
[2024-05-28 20:32:31.439262]     3.8750 MB /   0.50 sec =   65.0120 Mbps     0 retrans     13 KB-cwnd
[2024-05-28 20:32:31.939241]     3.6250 MB /   0.50 sec =   60.8177 Mbps     0 retrans     13 KB-cwnd
[2024-05-28 20:32:32.439277]     4.0000 MB /   0.50 sec =   67.1075 Mbps     0 retrans     13 KB-cwnd
[2024-05-28 20:32:32.939399]     4.0000 MB /   0.50 sec =   67.1077 Mbps     0 retrans     13 KB-cwnd
[2024-05-28 20:32:33.439352]     2.8125 MB /   0.50 sec =   47.1801 Mbps     0 retrans     13 KB-cwnd
[2024-05-28 20:32:33.939339]     3.0000 MB /   0.50 sec =   50.3353 Mbps     0 retrans     13 KB-cwnd
[2024-05-28 20:32:34.439319]     3.1250 MB /   0.50 sec =   52.4310 Mbps     0 retrans     13 KB-cwnd
[2024-05-28 20:32:34.939282]     2.7500 MB /   0.50 sec =   46.1387 Mbps     0 retrans     13 KB-cwnd
[2024-05-28 20:32:35.439267]     2.8125 MB /   0.50 sec =   47.1866 Mbps     0 retrans     13 KB-cwnd
[2024-05-28 20:32:35.939267]     2.6875 MB /   0.50 sec =   45.0882 Mbps     0 retrans     13 KB-cwnd
[2024-05-28 20:32:36.439285]     1.1250 MB /   0.50 sec =   18.8741 Mbps     0 retrans     13 KB-cwnd
[2024-05-28 20:32:36.939270]     2.6875 MB /   0.50 sec =   45.0895 Mbps     0 retrans     13 KB-cwnd
[2024-05-28 20:32:37.439356]     2.7500 MB /   0.50 sec =   46.1322 Mbps     0 retrans     13 KB-cwnd
[2024-05-28 20:32:37.939313]     2.3750 MB /   0.50 sec =   39.8482 Mbps     0 retrans     13 KB-cwnd
[2024-05-28 20:32:38.439219]     2.0000 MB /   0.50 sec =   33.5577 Mbps     0 retrans     13 KB-cwnd
[2024-05-28 20:32:38.939370]     2.2500 MB /   0.50 sec =   37.7413 Mbps     0 retrans     13 KB-cwnd
[2024-05-28 20:32:39.439186]     2.3125 MB /   0.50 sec =   38.8055 Mbps     0 retrans     13 KB-cwnd
[2024-05-28 20:32:39.939497]     2.1875 MB /   0.50 sec =   36.6910 Mbps     0 retrans     13 KB-cwnd
[2024-05-28 20:32:40.439267]     2.6250 MB /   0.50 sec =   44.0483 Mbps     0 retrans     13 KB-cwnd
[2024-05-28 20:32:40.939263]     3.1250 MB /   0.50 sec =   52.4291 Mbps     0 retrans     13 KB-cwnd
[2024-05-28 20:32:41.439268]     3.1875 MB /   0.50 sec =   53.4778 Mbps     0 retrans     16 KB-cwnd
[2024-05-28 20:32:41.939278]     3.1250 MB /   0.50 sec =   52.4283 Mbps     0 retrans     16 KB-cwnd
[2024-05-28 20:32:42.439285]     3.1875 MB /   0.50 sec =   53.4774 Mbps     0 retrans     16 KB-cwnd
[2024-05-28 20:32:42.939318]     3.6875 MB /   0.50 sec =   61.8639 Mbps     0 retrans     16 KB-cwnd
[2024-05-28 20:32:43.439175]     3.5625 MB /   0.50 sec =   59.7748 Mbps     0 retrans     16 KB-cwnd
[2024-05-28 20:32:43.939282]     3.0000 MB /   0.50 sec =   50.3272 Mbps     0 retrans     16 KB-cwnd
[2024-05-28 20:32:44.439277]     2.8750 MB /   0.50 sec =   48.2356 Mbps     0 retrans     16 KB-cwnd
[2024-05-28 20:32:44.939202]     2.9375 MB /   0.50 sec =   49.2857 Mbps     0 retrans     16 KB-cwnd
[2024-05-28 20:32:45.439299]     2.4375 MB /   0.50 sec =   40.8918 Mbps     0 retrans     16 KB-cwnd
[2024-05-28 20:32:45.939280]     2.1250 MB /   0.50 sec =   35.6520 Mbps     0 retrans     16 KB-cwnd
[2024-05-28 20:32:46.439310]     1.6875 MB /   0.50 sec =   28.3112 Mbps     0 retrans     26 KB-cwnd
[2024-05-28 20:32:46.939264]     2.1875 MB /   0.50 sec =   36.7006 Mbps     0 retrans     26 KB-cwnd
[2024-05-28 20:32:47.439330]     2.1250 MB /   0.50 sec =   35.6503 Mbps     0 retrans     26 KB-cwnd
[2024-05-28 20:32:47.939277]     2.6875 MB /   0.50 sec =   45.0903 Mbps     0 retrans     26 KB-cwnd
[2024-05-28 20:32:48.439270]     2.7500 MB /   0.50 sec =   46.1378 Mbps     0 retrans     26 KB-cwnd
[2024-05-28 20:32:48.939309]     2.9375 MB /   0.50 sec =   49.2808 Mbps     0 retrans     26 KB-cwnd
[2024-05-28 20:32:49.439459]     3.3750 MB /   0.50 sec =   56.6256 Mbps     0 retrans     26 KB-cwnd
[2024-05-28 20:32:49.939302]     3.0625 MB /   0.50 sec =   51.3801 Mbps     0 retrans     26 KB-cwnd
[2024-05-28 20:32:50.439271]     2.5625 MB /   0.50 sec =   42.9914 Mbps     0 retrans     26 KB-cwnd
[2024-05-28 20:32:50.939297]     3.6875 MB /   0.50 sec =   61.8654 Mbps     0 retrans     26 KB-cwnd
[2024-05-28 20:32:51.439250]     3.7500 MB /   0.50 sec =   62.9132 Mbps     0 retrans     26 KB-cwnd
[2024-05-28 20:32:51.939288]     3.6250 MB /   0.50 sec =   60.8202 Mbps     0 retrans     26 KB-cwnd
[2024-05-28 20:32:52.439300]     3.1250 MB /   0.50 sec =   52.4268 Mbps     0 retrans     26 KB-cwnd
[2024-05-28 20:32:52.939280]     2.7500 MB /   0.50 sec =   46.1378 Mbps     0 retrans     26 KB-cwnd
[2024-05-28 20:32:53.439334]     1.7500 MB /   0.50 sec =   29.3584 Mbps     0 retrans     26 KB-cwnd
[2024-05-28 20:32:53.939282]     1.7500 MB /   0.50 sec =   29.3623 Mbps     0 retrans     26 KB-cwnd
[2024-05-28 20:32:54.439254]     2.1875 MB /   0.50 sec =   36.7006 Mbps     0 retrans     26 KB-cwnd
[2024-05-28 20:32:54.939275]     2.0625 MB /   0.50 sec =   34.6029 Mbps     0 retrans     26 KB-cwnd
[2024-05-28 20:32:55.439290]     2.5000 MB /   0.50 sec =   41.9424 Mbps     0 retrans     26 KB-cwnd
[2024-05-28 20:32:55.939396]     2.1875 MB /   0.50 sec =   36.6918 Mbps     0 retrans     26 KB-cwnd
[2024-05-28 20:32:56.439378]     2.5000 MB /   0.50 sec =   41.9504 Mbps     0 retrans     26 KB-cwnd
[2024-05-28 20:32:56.939216]     2.9375 MB /   0.50 sec =   49.2874 Mbps     0 retrans     26 KB-cwnd
[2024-05-28 20:32:57.439316]     3.1250 MB /   0.50 sec =   52.4248 Mbps     0 retrans     26 KB-cwnd
[2024-05-28 20:32:57.939350]     3.3125 MB /   0.50 sec =   55.5701 Mbps     0 retrans     26 KB-cwnd
[2024-05-28 20:32:58.439292]     3.6875 MB /   0.50 sec =   61.8738 Mbps     0 retrans     26 KB-cwnd
[2024-05-28 20:32:58.939293]     3.4375 MB /   0.50 sec =   57.6713 Mbps     0 retrans     26 KB-cwnd
[2024-05-28 20:32:59.439477]     2.4375 MB /   0.50 sec =   40.8942 Mbps     0 retrans     26 KB-cwnd
[2024-05-28 20:32:59.939295]     2.3750 MB /   0.50 sec =   39.8445 Mbps     0 retrans     26 KB-cwnd
[2024-05-28 20:33:00.439296]     2.8750 MB /   0.50 sec =   48.2358 Mbps     0 retrans     26 KB-cwnd
[2024-05-28 20:33:00.939299]     3.4375 MB /   0.50 sec =   57.6728 Mbps     0 retrans     26 KB-cwnd
[2024-05-28 20:33:01.439264]     4.0000 MB /   0.50 sec =   67.1093 Mbps     0 retrans     26 KB-cwnd
[2024-05-28 20:33:01.939274]     3.6250 MB /   0.50 sec =   60.8177 Mbps     0 retrans     26 KB-cwnd
[2024-05-28 20:33:02.439277]     2.5625 MB /   0.50 sec =   42.9916 Mbps     0 retrans     26 KB-cwnd
[2024-05-28 20:33:02.939313]     2.6875 MB /   0.50 sec =   45.0866 Mbps     0 retrans     26 KB-cwnd
[2024-05-28 20:33:03.439244]     2.1875 MB /   0.50 sec =   36.7027 Mbps     0 retrans     26 KB-cwnd
[2024-05-28 20:33:03.939303]     2.1875 MB /   0.50 sec =   36.6987 Mbps     0 retrans     26 KB-cwnd
[2024-05-28 20:33:04.439299]     2.0000 MB /   0.50 sec =   33.5537 Mbps     0 retrans     26 KB-cwnd
[2024-05-28 20:33:04.939309]     2.3125 MB /   0.50 sec =   38.7973 Mbps     0 retrans     26 KB-cwnd
[2024-05-28 20:33:05.439357]     2.5000 MB /   0.50 sec =   41.9380 Mbps     0 retrans     26 KB-cwnd
[2024-05-28 20:33:05.939359]     2.5625 MB /   0.50 sec =   42.9941 Mbps     0 retrans     26 KB-cwnd
[2024-05-28 20:33:06.439316]     2.8125 MB /   0.50 sec =   47.1886 Mbps     0 retrans     26 KB-cwnd
[2024-05-28 20:33:06.939264]     3.0000 MB /   0.50 sec =   50.3362 Mbps     0 retrans     26 KB-cwnd
[2024-05-28 20:33:07.439171]     2.8750 MB /   0.50 sec =   48.2352 Mbps     0 retrans     26 KB-cwnd
[2024-05-28 20:33:07.939311]     2.6250 MB /   0.50 sec =   44.0352 Mbps     0 retrans     26 KB-cwnd
[2024-05-28 20:33:08.439292]     2.6875 MB /   0.50 sec =   45.0903 Mbps     0 retrans     26 KB-cwnd
[2024-05-28 20:33:08.939275]     3.0625 MB /   0.50 sec =   51.3808 Mbps     0 retrans     26 KB-cwnd
[2024-05-28 20:33:09.439301]     3.2500 MB /   0.50 sec =   54.5254 Mbps     0 retrans     26 KB-cwnd
[2024-05-28 20:33:09.939292]     3.5625 MB /   0.50 sec =   59.7691 Mbps     0 retrans     26 KB-cwnd
[2024-05-28 20:33:10.439470]     3.6250 MB /   0.50 sec =   60.8178 Mbps     0 retrans     26 KB-cwnd
[2024-05-28 20:33:10.939283]     4.1250 MB /   0.50 sec =   69.2067 Mbps     0 retrans     26 KB-cwnd
[2024-05-28 20:33:11.439288]     4.1875 MB /   0.50 sec =   70.2536 Mbps     0 retrans     26 KB-cwnd
[2024-05-28 20:33:11.939346]     1.9375 MB /   0.50 sec =   32.5032 Mbps     0 retrans     29 KB-cwnd
[2024-05-28 20:33:12.439332]     4.1250 MB /   0.50 sec =   69.2100 Mbps     0 retrans     29 KB-cwnd
[2024-05-28 20:33:12.939271]     4.1250 MB /   0.50 sec =   69.2086 Mbps     0 retrans     29 KB-cwnd
[2024-05-28 20:33:13.439286]     4.4375 MB /   0.50 sec =   74.4480 Mbps     0 retrans     29 KB-cwnd
[2024-05-28 20:33:13.939272]     5.1875 MB /   0.50 sec =   87.0332 Mbps     0 retrans     29 KB-cwnd
[2024-05-28 20:33:14.439291]     5.0625 MB /   0.50 sec =   84.9314 Mbps     0 retrans     29 KB-cwnd
[2024-05-28 20:33:14.939294]     4.8750 MB /   0.50 sec =   81.7891 Mbps     0 retrans     29 KB-cwnd
[2024-05-28 20:33:15.439308]     5.0625 MB /   0.50 sec =   84.9333 Mbps     0 retrans     29 KB-cwnd
[2024-05-28 20:33:15.939290]     4.8750 MB /   0.50 sec =   81.7922 Mbps     0 retrans     29 KB-cwnd
[2024-05-28 20:33:16.439273]     4.6250 MB /   0.50 sec =   77.5952 Mbps     0 retrans     29 KB-cwnd
[2024-05-28 20:33:16.939281]     5.0625 MB /   0.50 sec =   84.9340 Mbps     0 retrans     29 KB-cwnd
[2024-05-28 20:33:17.439269]     5.2500 MB /   0.50 sec =   88.0809 Mbps     0 retrans     29 KB-cwnd
[2024-05-28 20:33:17.939457]     4.8750 MB /   0.50 sec =   81.7876 Mbps     0 retrans     32 KB-cwnd
[2024-05-28 20:33:18.439264]     4.6250 MB /   0.50 sec =   77.5951 Mbps     0 retrans     33 KB-cwnd
[2024-05-28 20:33:18.939278]     4.6250 MB /   0.50 sec =   77.5949 Mbps     0 retrans   1007 KB-cwnd
[2024-05-28 20:33:19.439298]     4.3125 MB /   0.50 sec =   72.3504 Mbps     0 retrans   1007 KB-cwnd
[2024-05-28 20:33:19.939278]     5.3125 MB /   0.50 sec =   89.1311 Mbps     0 retrans   1007 KB-cwnd
[2024-05-28 20:33:20.439365]     4.6875 MB /   0.50 sec =   78.6294 Mbps     0 retrans   1007 KB-cwnd
[2024-05-28 20:33:20.939299]     4.6875 MB /   0.50 sec =   78.6559 Mbps     0 retrans   1007 KB-cwnd
[2024-05-28 20:33:21.439296]     5.0000 MB /   0.50 sec =   83.8851 Mbps     0 retrans   1007 KB-cwnd
[2024-05-28 20:33:21.939282]     5.0000 MB /   0.50 sec =   83.8878 Mbps     0 retrans   1007 KB-cwnd
[2024-05-28 20:33:22.439293]     4.1875 MB /   0.50 sec =   70.2545 Mbps     0 retrans   1007 KB-cwnd
[2024-05-28 20:33:22.939295]     3.9375 MB /   0.50 sec =   66.0583 Mbps     0 retrans   1007 KB-cwnd
[2024-05-28 20:33:23.439293]     2.8750 MB /   0.50 sec =   48.2357 Mbps     0 retrans   1007 KB-cwnd
[2024-05-28 20:33:23.939369]     3.8750 MB /   0.50 sec =   65.0013 Mbps     0 retrans   1007 KB-cwnd
[2024-05-28 20:33:24.439438]     3.9375 MB /   0.50 sec =   66.0713 Mbps     0 retrans   1007 KB-cwnd
[2024-05-28 20:33:24.939278]     3.5625 MB /   0.50 sec =   59.7687 Mbps     0 retrans   1007 KB-cwnd
[2024-05-28 20:33:25.439282]     2.6875 MB /   0.50 sec =   45.0884 Mbps     0 retrans   1007 KB-cwnd
[2024-05-28 20:33:25.939518]     3.0625 MB /   0.50 sec =   51.3728 Mbps     0 retrans   1007 KB-cwnd
[2024-05-28 20:33:26.439220]     3.5000 MB /   0.50 sec =   58.7319 Mbps     0 retrans   1007 KB-cwnd
[2024-05-28 20:33:26.939295]     3.0625 MB /   0.50 sec =   51.3781 Mbps     0 retrans   1007 KB-cwnd
[2024-05-28 20:33:27.439279]     3.3125 MB /   0.50 sec =   55.5746 Mbps     0 retrans   1007 KB-cwnd
[2024-05-28 20:33:27.939361]     1.4375 MB /   0.50 sec =   24.1134 Mbps     0 retrans   1007 KB-cwnd
[2024-05-28 20:33:28.439303]     3.2500 MB /   0.50 sec =   54.5344 Mbps     0 retrans   1007 KB-cwnd
[2024-05-28 20:33:28.939290]     3.3750 MB /   0.50 sec =   56.6221 Mbps     0 retrans   1007 KB-cwnd
[2024-05-28 20:33:29.439287]     3.6875 MB /   0.50 sec =   61.8675 Mbps     0 retrans   1007 KB-cwnd
[2024-05-28 20:33:29.939280]     4.3125 MB /   0.50 sec =   72.3509 Mbps     0 retrans   1007 KB-cwnd
[2024-05-28 20:33:30.439201]     4.1875 MB /   0.50 sec =   70.2588 Mbps     0 retrans   1007 KB-cwnd
[2024-05-28 20:33:30.939316]     4.2500 MB /   0.50 sec =   71.2963 Mbps     0 retrans   1007 KB-cwnd
[2024-05-28 20:33:31.439275]     4.3125 MB /   0.50 sec =   72.3554 Mbps     0 retrans   1013 KB-cwnd
[2024-05-28 20:33:31.939222]     4.1875 MB /   0.50 sec =   70.2556 Mbps     0 retrans   1013 KB-cwnd
[2024-05-28 20:33:32.439481]     4.1875 MB /   0.50 sec =   70.2522 Mbps     0 retrans   1013 KB-cwnd
[2024-05-28 20:33:32.939368]     4.9375 MB /   0.50 sec =   82.8243 Mbps     0 retrans   1013 KB-cwnd
[2024-05-28 20:33:33.439341]     4.2500 MB /   0.50 sec =   71.3090 Mbps     0 retrans   1013 KB-cwnd
[2024-05-28 20:33:33.939278]     4.5000 MB /   0.50 sec =   75.5049 Mbps     0 retrans   1013 KB-cwnd
[2024-05-28 20:33:34.439238]     4.2500 MB /   0.50 sec =   71.3049 Mbps     0 retrans   1013 KB-cwnd
[2024-05-28 20:33:34.939305]     4.5625 MB /   0.50 sec =   76.5421 Mbps     0 retrans   1013 KB-cwnd
[2024-05-28 20:33:35.439292]     4.3125 MB /   0.50 sec =   72.3533 Mbps     0 retrans   1013 KB-cwnd
[2024-05-28 20:33:35.939292]     4.0000 MB /   0.50 sec =   67.1086 Mbps     0 retrans   1013 KB-cwnd
[2024-05-28 20:33:36.439289]     3.7500 MB /   0.50 sec =   62.9137 Mbps     0 retrans   1131 KB-cwnd
[2024-05-28 20:33:36.939297]     3.3125 MB /   0.50 sec =   55.5750 Mbps     0 retrans   1131 KB-cwnd
[2024-05-28 20:33:37.439260]     3.1875 MB /   0.50 sec =   53.4780 Mbps     0 retrans   1131 KB-cwnd
[2024-05-28 20:33:37.939288]     3.4375 MB /   0.50 sec =   57.6717 Mbps     0 retrans   1131 KB-cwnd
[2024-05-28 20:33:38.439203]     3.0000 MB /   0.50 sec =   50.3323 Mbps     0 retrans   1131 KB-cwnd
[2024-05-28 20:33:38.939350]     3.0000 MB /   0.50 sec =   50.3232 Mbps     0 retrans   1131 KB-cwnd
[2024-05-28 20:33:39.439290]     1.5000 MB /   0.50 sec =   25.1698 Mbps     0 retrans   1131 KB-cwnd
[2024-05-28 20:33:39.939293]     3.3750 MB /   0.50 sec =   56.6221 Mbps     0 retrans   1131 KB-cwnd
[2024-05-28 20:33:40.439272]     3.3125 MB /   0.50 sec =   55.5748 Mbps     0 retrans   1131 KB-cwnd
[2024-05-28 20:33:40.939515]     3.6250 MB /   0.50 sec =   60.8155 Mbps     0 retrans   1131 KB-cwnd
[2024-05-28 20:33:41.439287]     3.3750 MB /   0.50 sec =   56.6254 Mbps     0 retrans   1131 KB-cwnd
[2024-05-28 20:33:41.939283]     3.0000 MB /   0.50 sec =   50.3317 Mbps     0 retrans   1131 KB-cwnd
[2024-05-28 20:33:42.439300]     2.4375 MB /   0.50 sec =   40.8938 Mbps     0 retrans   1131 KB-cwnd
[2024-05-28 20:33:42.939292]     3.2500 MB /   0.50 sec =   54.5264 Mbps     0 retrans   1131 KB-cwnd
[2024-05-28 20:33:43.439286]     3.2500 MB /   0.50 sec =   54.5260 Mbps     0 retrans   1131 KB-cwnd
[2024-05-28 20:33:43.939181]     3.1250 MB /   0.50 sec =   52.4325 Mbps     0 retrans   1131 KB-cwnd
[2024-05-28 20:33:44.439316]     2.4375 MB /   0.50 sec =   40.8908 Mbps     0 retrans   1131 KB-cwnd
[2024-05-28 20:33:44.939192]     2.5000 MB /   0.50 sec =   41.9457 Mbps     0 retrans   1131 KB-cwnd
[2024-05-28 20:33:45.439324]     2.4375 MB /   0.50 sec =   40.8924 Mbps     0 retrans   1131 KB-cwnd
[2024-05-28 20:33:45.939282]     2.1875 MB /   0.50 sec =   36.7007 Mbps     0 retrans   1131 KB-cwnd
[2024-05-28 20:33:46.439343]     2.6875 MB /   0.50 sec =   45.0847 Mbps     0 retrans   1131 KB-cwnd
[2024-05-28 20:33:46.939332]     2.9375 MB /   0.50 sec =   49.2849 Mbps     0 retrans   1131 KB-cwnd
[2024-05-28 20:33:47.439305]     3.0000 MB /   0.50 sec =   50.3321 Mbps     0 retrans   1131 KB-cwnd
[2024-05-28 20:33:47.939269]     3.2500 MB /   0.50 sec =   54.5284 Mbps     0 retrans   1131 KB-cwnd
[2024-05-28 20:33:48.439276]     3.5625 MB /   0.50 sec =   59.7695 Mbps     0 retrans   1131 KB-cwnd
[2024-05-28 20:33:48.939323]     3.8750 MB /   0.50 sec =   65.0027 Mbps     0 retrans   1131 KB-cwnd
[2024-05-28 20:33:49.439189]     3.6250 MB /   0.50 sec =   60.8282 Mbps     0 retrans   1131 KB-cwnd
[2024-05-28 20:33:49.939294]     3.6875 MB /   0.50 sec =   61.8617 Mbps     0 retrans   1131 KB-cwnd
[2024-05-28 20:33:50.439320]     3.5000 MB /   0.50 sec =   58.7235 Mbps     0 retrans   1131 KB-cwnd
[2024-05-28 20:33:50.939269]     2.9375 MB /   0.50 sec =   49.2818 Mbps     0 retrans   1131 KB-cwnd
[2024-05-28 20:33:51.439211]     2.9375 MB /   0.50 sec =   49.2830 Mbps     0 retrans   1131 KB-cwnd
[2024-05-28 20:33:51.939330]     3.0000 MB /   0.50 sec =   50.3283 Mbps     0 retrans   1131 KB-cwnd
[2024-05-28 20:33:52.439321]     2.1250 MB /   0.50 sec =   35.6493 Mbps     0 retrans   1131 KB-cwnd
[2024-05-28 20:33:52.939279]     2.6250 MB /   0.50 sec =   44.0457 Mbps     0 retrans   1131 KB-cwnd
[2024-05-28 20:33:53.439260]     2.0000 MB /   0.50 sec =   33.5547 Mbps     0 retrans   1131 KB-cwnd
[2024-05-28 20:33:53.939269]     1.6250 MB /   0.50 sec =   27.2628 Mbps     0 retrans   1131 KB-cwnd
[2024-05-28 20:33:54.439259]     2.0000 MB /   0.50 sec =   33.5549 Mbps     0 retrans   1131 KB-cwnd
[2024-05-28 20:33:54.939175]     2.3750 MB /   0.50 sec =   39.8478 Mbps     0 retrans   1131 KB-cwnd
[2024-05-28 20:33:55.439294]     2.7500 MB /   0.50 sec =   46.1318 Mbps     0 retrans   1131 KB-cwnd
[2024-05-28 20:33:55.939270]     2.8750 MB /   0.50 sec =   48.2368 Mbps     0 retrans   1131 KB-cwnd
[2024-05-28 20:33:56.439253]     3.2500 MB /   0.50 sec =   54.5265 Mbps     0 retrans   1131 KB-cwnd
[2024-05-28 20:33:56.939255]     3.0000 MB /   0.50 sec =   50.3317 Mbps     0 retrans   1131 KB-cwnd
[2024-05-28 20:33:57.439318]     1.4375 MB /   0.50 sec =   24.1141 Mbps     0 retrans   1131 KB-cwnd
[2024-05-28 20:33:57.939282]     3.2500 MB /   0.50 sec =   54.5325 Mbps     0 retrans   1131 KB-cwnd
[2024-05-28 20:33:58.439393]     3.5625 MB /   0.50 sec =   59.7692 Mbps     0 retrans   1131 KB-cwnd
[2024-05-28 20:33:58.939256]     3.6250 MB /   0.50 sec =   60.8169 Mbps     0 retrans   1131 KB-cwnd
[2024-05-28 20:33:59.439267]     3.3125 MB /   0.50 sec =   55.5759 Mbps     0 retrans   1131 KB-cwnd
[2024-05-28 20:33:59.939252]     3.4375 MB /   0.50 sec =   57.6716 Mbps     0 retrans   1131 KB-cwnd
[2024-05-28 20:34:00.439175]     3.3125 MB /   0.50 sec =   55.5769 Mbps     0 retrans   2295 KB-cwnd
[2024-05-28 20:34:00.939296]     3.1250 MB /   0.50 sec =   52.4240 Mbps     0 retrans   2295 KB-cwnd
[2024-05-28 20:34:01.439265]     2.6250 MB /   0.50 sec =   44.0418 Mbps     0 retrans   2295 KB-cwnd
[2024-05-28 20:34:01.939251]     2.6875 MB /   0.50 sec =   45.0892 Mbps     0 retrans   2295 KB-cwnd
[2024-05-28 20:34:02.439201]     3.1875 MB /   0.50 sec =   53.4786 Mbps     0 retrans   2295 KB-cwnd
[2024-05-28 20:34:02.939288]     2.6875 MB /   0.50 sec =   45.0862 Mbps     0 retrans   2295 KB-cwnd
[2024-05-28 20:34:03.439305]     3.4375 MB /   0.50 sec =   57.6705 Mbps     0 retrans   2295 KB-cwnd
[2024-05-28 20:34:03.939285]     3.6250 MB /   0.50 sec =   60.8180 Mbps     0 retrans   2295 KB-cwnd
[2024-05-28 20:34:04.439273]     3.6250 MB /   0.50 sec =   60.8197 Mbps     0 retrans   2295 KB-cwnd
[2024-05-28 20:34:04.939251]     3.1250 MB /   0.50 sec =   52.4290 Mbps     0 retrans   2295 KB-cwnd
[2024-05-28 20:34:05.439262]     1.8750 MB /   0.50 sec =   31.4573 Mbps     0 retrans   2295 KB-cwnd
[2024-05-28 20:34:05.939294]     2.0625 MB /   0.50 sec =   34.6024 Mbps     0 retrans   2295 KB-cwnd
[2024-05-28 20:34:06.439255]     2.9375 MB /   0.50 sec =   49.2837 Mbps     0 retrans   2295 KB-cwnd
[2024-05-28 20:34:06.939239]     1.6875 MB /   0.50 sec =   28.3124 Mbps     0 retrans   2295 KB-cwnd
[2024-05-28 20:34:07.439390]     1.7500 MB /   0.50 sec =   29.3594 Mbps     0 retrans   2295 KB-cwnd
[2024-05-28 20:34:07.939338]     1.1875 MB /   0.50 sec =   19.9200 Mbps     0 retrans   2295 KB-cwnd
[2024-05-28 20:34:08.439267]     1.3125 MB /   0.50 sec =   22.0234 Mbps     0 retrans   2295 KB-cwnd
[2024-05-28 20:34:08.939311]     1.6875 MB /   0.50 sec =   28.3082 Mbps     0 retrans   2295 KB-cwnd
[2024-05-28 20:34:09.439491]     1.7500 MB /   0.50 sec =   29.3597 Mbps     0 retrans   2295 KB-cwnd
[2024-05-28 20:34:09.939329]     2.0625 MB /   0.50 sec =   34.6028 Mbps     0 retrans   2295 KB-cwnd
[2024-05-28 20:34:10.439361]     2.3125 MB /   0.50 sec =   38.7965 Mbps     0 retrans   2295 KB-cwnd
[2024-05-28 20:34:10.939320]     2.3750 MB /   0.50 sec =   39.8472 Mbps     0 retrans   2295 KB-cwnd
[2024-05-28 20:34:11.439245]     2.2500 MB /   0.50 sec =   37.7540 Mbps     0 retrans   2295 KB-cwnd
[2024-05-28 20:34:11.939242]     2.1250 MB /   0.50 sec =   35.6514 Mbps     0 retrans   2295 KB-cwnd
[2024-05-28 20:34:12.439265]     1.8750 MB /   0.50 sec =   31.4572 Mbps     0 retrans   2295 KB-cwnd
[2024-05-28 20:34:12.939273]     1.7500 MB /   0.50 sec =   29.3594 Mbps     0 retrans   2295 KB-cwnd
[2024-05-28 20:34:13.439253]     1.6875 MB /   0.50 sec =   28.3119 Mbps     0 retrans   2295 KB-cwnd
[2024-05-28 20:34:13.939264]     1.5625 MB /   0.50 sec =   26.2145 Mbps     0 retrans   2295 KB-cwnd
[2024-05-28 20:34:14.439209]     1.7500 MB /   0.50 sec =   29.3601 Mbps     0 retrans   2295 KB-cwnd
[2024-05-28 20:34:14.939267]     1.7500 MB /   0.50 sec =   29.3601 Mbps     0 retrans   2295 KB-cwnd
[2024-05-28 20:34:15.439271]     1.5625 MB /   0.50 sec =   26.2145 Mbps     0 retrans   2295 KB-cwnd
[2024-05-28 20:34:15.939393]     1.5625 MB /   0.50 sec =   26.2143 Mbps     0 retrans   2295 KB-cwnd
[2024-05-28 20:34:16.439334]     2.0000 MB /   0.50 sec =   33.5492 Mbps     0 retrans   2295 KB-cwnd
[2024-05-28 20:34:16.939279]     2.0625 MB /   0.50 sec =   34.6088 Mbps     0 retrans   2295 KB-cwnd
[2024-05-28 20:34:17.439291]     1.8750 MB /   0.50 sec =   31.4555 Mbps     0 retrans   2295 KB-cwnd
[2024-05-28 20:34:17.939335]     2.0000 MB /   0.50 sec =   33.5552 Mbps     0 retrans   2295 KB-cwnd
[2024-05-28 20:34:18.439259]     1.8750 MB /   0.50 sec =   31.4579 Mbps     0 retrans   2295 KB-cwnd
[2024-05-28 20:34:18.939245]     2.1875 MB /   0.50 sec =   36.7006 Mbps     0 retrans   2295 KB-cwnd
[2024-05-28 20:34:19.439280]     2.3125 MB /   0.50 sec =   38.7958 Mbps     0 retrans   2295 KB-cwnd
[2024-05-28 20:34:19.939286]     2.5000 MB /   0.50 sec =   41.9448 Mbps     0 retrans   2295 KB-cwnd
[2024-05-28 20:34:20.439179]     1.8125 MB /   0.50 sec =   30.4101 Mbps     0 retrans   2295 KB-cwnd
[2024-05-28 20:34:20.939270]     1.8750 MB /   0.50 sec =   31.4555 Mbps     0 retrans   2295 KB-cwnd
[2024-05-28 20:34:21.439250]     2.1250 MB /   0.50 sec =   35.6519 Mbps     0 retrans   2295 KB-cwnd
[2024-05-28 20:34:21.939274]     2.8125 MB /   0.50 sec =   47.1842 Mbps     0 retrans   2295 KB-cwnd
[2024-05-28 20:34:22.439269]     2.6875 MB /   0.50 sec =   45.0894 Mbps     0 retrans   2295 KB-cwnd
[2024-05-28 20:34:22.939285]     2.7500 MB /   0.50 sec =   46.1379 Mbps     0 retrans   2295 KB-cwnd
[2024-05-28 20:34:23.439291]     3.1250 MB /   0.50 sec =   52.4264 Mbps     0 retrans   2295 KB-cwnd
[2024-05-28 20:34:23.939265]     2.8750 MB /   0.50 sec =   48.2369 Mbps     0 retrans   2295 KB-cwnd
[2024-05-28 20:34:24.439325]     2.3125 MB /   0.50 sec =   38.7948 Mbps     0 retrans   2295 KB-cwnd
[2024-05-28 20:34:24.939477]     2.6250 MB /   0.50 sec =   44.0368 Mbps     0 retrans   2295 KB-cwnd
[2024-05-28 20:34:25.439327]     2.3750 MB /   0.50 sec =   39.8454 Mbps     0 retrans   2295 KB-cwnd
[2024-05-28 20:34:25.939255]     3.0625 MB /   0.50 sec =   51.3881 Mbps     0 retrans   2295 KB-cwnd
[2024-05-28 20:34:26.439202]     2.6250 MB /   0.50 sec =   44.0408 Mbps     0 retrans   2295 KB-cwnd
[2024-05-28 20:34:26.939302]     2.6250 MB /   0.50 sec =   44.0382 Mbps     0 retrans   2295 KB-cwnd
[2024-05-28 20:34:27.439251]     2.2500 MB /   0.50 sec =   37.7499 Mbps     0 retrans   2295 KB-cwnd
[2024-05-28 20:34:27.939263]     2.3750 MB /   0.50 sec =   39.8463 Mbps     0 retrans   2295 KB-cwnd
[2024-05-28 20:34:28.439263]     2.0000 MB /   0.50 sec =   33.5546 Mbps     0 retrans   2295 KB-cwnd
[2024-05-28 20:34:28.939245]     2.1875 MB /   0.50 sec =   36.7002 Mbps     0 retrans   2295 KB-cwnd
[2024-05-28 20:34:29.439332]     1.6875 MB /   0.50 sec =   28.3076 Mbps     0 retrans   2295 KB-cwnd
[2024-05-28 20:34:29.939266]     1.1250 MB /   0.50 sec =   18.8767 Mbps     0 retrans   2295 KB-cwnd
[2024-05-28 20:34:30.439258]     2.4375 MB /   0.50 sec =   40.8947 Mbps     0 retrans   2295 KB-cwnd
[2024-05-28 20:34:30.939265]     2.1250 MB /   0.50 sec =   35.6517 Mbps     0 retrans   2295 KB-cwnd
End time: 1716942871180
