Start time: 1717000820859
[2024-05-29 12:40:21.607986] nuttcp-r: v8.1.4: socket
[2024-05-29 12:40:21.609401] nuttcp-r: buflen=65536, nstream=1, port=5003 tcp
[2024-05-29 12:40:21.609505] nuttcp-r: interval reporting every 0.50 seconds
[2024-05-29 12:40:21.609558] nuttcp-r: connect to 35.245.244.238 with RTT=36.985 ms af=inet
[2024-05-29 12:40:21.609607] nuttcp-r: send window size = 1048576, receive window size = 1048576
[2024-05-29 12:40:21.609652] nuttcp-r: available send window = 786432, available receive window = 786432
[2024-05-29 12:40:21.609696]     7.9375 MB /   0.50 sec =  133.0157 Mbps     0 retrans     13 KB-cwnd
[2024-05-29 12:40:22.108803]    14.0000 MB /   0.50 sec =  234.9069 Mbps     0 retrans     13 KB-cwnd
[2024-05-29 12:40:22.607907]    12.3750 MB /   0.50 sec =  207.8059 Mbps     0 retrans     13 KB-cwnd
[2024-05-29 12:40:23.107911]    11.7500 MB /   0.50 sec =  197.1224 Mbps     0 retrans     13 KB-cwnd
[2024-05-29 12:40:23.607806]    13.2500 MB /   0.50 sec =  222.3115 Mbps     0 retrans     13 KB-cwnd
[2024-05-29 12:40:24.108139]    13.6875 MB /   0.50 sec =  229.6303 Mbps     0 retrans     13 KB-cwnd
[2024-05-29 12:40:24.607948]    13.6250 MB /   0.50 sec =  228.5791 Mbps     0 retrans     13 KB-cwnd
[2024-05-29 12:40:25.107365]    12.8750 MB /   0.50 sec =  216.0252 Mbps     0 retrans     13 KB-cwnd
[2024-05-29 12:40:25.607429]    13.3125 MB /   0.50 sec =  223.3217 Mbps     0 retrans     24 KB-cwnd
[2024-05-29 12:40:26.107943]    12.3125 MB /   0.50 sec =  206.5914 Mbps     0 retrans     27 KB-cwnd
[2024-05-29 12:40:26.607346]    14.8750 MB /   0.50 sec =  249.5676 Mbps     0 retrans     27 KB-cwnd
[2024-05-29 12:40:27.107343]    13.4375 MB /   0.50 sec =  225.4321 Mbps     0 retrans     27 KB-cwnd
[2024-05-29 12:40:27.607888]    10.0000 MB /   0.50 sec =  167.7718 Mbps     0 retrans     27 KB-cwnd
[2024-05-29 12:40:28.107383]    13.3750 MB /   0.50 sec =  224.3800 Mbps     0 retrans     27 KB-cwnd
[2024-05-29 12:40:28.607396]    13.2500 MB /   0.50 sec =  222.3310 Mbps     0 retrans     27 KB-cwnd
[2024-05-29 12:40:29.108289]    12.1250 MB /   0.50 sec =  203.2136 Mbps     0 retrans     27 KB-cwnd
[2024-05-29 12:40:29.608008]    13.8750 MB /   0.50 sec =  232.7527 Mbps     0 retrans     27 KB-cwnd
[2024-05-29 12:40:30.107440]    14.7500 MB /   0.50 sec =  247.7181 Mbps     0 retrans     35 KB-cwnd
[2024-05-29 12:40:30.607750]    11.1875 MB /   0.50 sec =  187.5706 Mbps     0 retrans     37 KB-cwnd
[2024-05-29 12:40:31.107477]    13.8750 MB /   0.50 sec =  232.9744 Mbps     0 retrans     41 KB-cwnd
[2024-05-29 12:40:31.608002]    11.0000 MB /   0.50 sec =  184.3436 Mbps     0 retrans     42 KB-cwnd
[2024-05-29 12:40:32.107310]     5.6250 MB /   0.50 sec =   94.4761 Mbps     0 retrans     42 KB-cwnd
[2024-05-29 12:40:32.607484]    13.4375 MB /   0.50 sec =  225.3857 Mbps     0 retrans     53 KB-cwnd
[2024-05-29 12:40:33.107392]    16.7500 MB /   0.50 sec =  281.0690 Mbps     0 retrans     55 KB-cwnd
[2024-05-29 12:40:33.607382]    15.4375 MB /   0.50 sec =  259.0060 Mbps     0 retrans     55 KB-cwnd
[2024-05-29 12:40:34.107358]    14.1875 MB /   0.50 sec =  238.0396 Mbps     0 retrans     57 KB-cwnd
[2024-05-29 12:40:34.607360]     6.8750 MB /   0.50 sec =  115.3417 Mbps     0 retrans     57 KB-cwnd
[2024-05-29 12:40:35.107919]    10.5625 MB /   0.50 sec =  177.1952 Mbps     0 retrans     63 KB-cwnd
[2024-05-29 12:40:35.607936]    12.8125 MB /   0.50 sec =  214.9452 Mbps     0 retrans     67 KB-cwnd
[2024-05-29 12:40:36.107774]    12.8125 MB /   0.50 sec =  214.8180 Mbps     0 retrans     71 KB-cwnd
[2024-05-29 12:40:36.607281]    15.1250 MB /   0.50 sec =  253.9469 Mbps     0 retrans     79 KB-cwnd
[2024-05-29 12:40:37.108429]    12.0625 MB /   0.50 sec =  202.1459 Mbps     0 retrans     79 KB-cwnd
[2024-05-29 12:40:37.607906]    13.2500 MB /   0.50 sec =  222.3061 Mbps     0 retrans     90 KB-cwnd
[2024-05-29 12:40:38.107860]    11.5000 MB /   0.50 sec =  193.1501 Mbps     6 retrans   3313 KB-cwnd
[2024-05-29 12:40:38.607408]    10.1250 MB /   0.50 sec =  169.8601 Mbps     0 retrans   3313 KB-cwnd
[2024-05-29 12:40:39.107455]     9.8125 MB /   0.50 sec =  164.6205 Mbps     0 retrans   3313 KB-cwnd
[2024-05-29 12:40:39.607867]     5.8125 MB /   0.50 sec =   97.5176 Mbps     0 retrans   3313 KB-cwnd
[2024-05-29 12:40:40.107873]    12.4375 MB /   0.50 sec =  208.6833 Mbps     0 retrans   3267 KB-cwnd
[2024-05-29 12:40:40.607430]    15.3750 MB /   0.50 sec =  257.9363 Mbps     0 retrans   3267 KB-cwnd
[2024-05-29 12:40:41.108541]    14.0000 MB /   0.50 sec =  234.6150 Mbps     0 retrans   3267 KB-cwnd
[2024-05-29 12:40:41.608086]    12.4375 MB /   0.50 sec =  208.9094 Mbps     0 retrans   3267 KB-cwnd
[2024-05-29 12:40:42.107985]    12.8750 MB /   0.50 sec =  215.7779 Mbps     0 retrans   3267 KB-cwnd
[2024-05-29 12:40:42.608422]     8.6875 MB /   0.50 sec =  145.7941 Mbps     0 retrans   3267 KB-cwnd
[2024-05-29 12:40:43.108359]    12.6875 MB /   0.50 sec =  212.8150 Mbps     0 retrans   3267 KB-cwnd
[2024-05-29 12:40:43.607490]    11.6250 MB /   0.50 sec =  195.1823 Mbps     0 retrans   3267 KB-cwnd
[2024-05-29 12:40:44.107528]    11.5000 MB /   0.50 sec =  192.9978 Mbps     7 retrans   3729 KB-cwnd
[2024-05-29 12:40:44.607599]    10.5000 MB /   0.50 sec =  176.1643 Mbps     0 retrans   3729 KB-cwnd
[2024-05-29 12:40:45.107775]     7.6875 MB /   0.50 sec =  128.9589 Mbps     0 retrans   3729 KB-cwnd
[2024-05-29 12:40:45.607979]    11.8125 MB /   0.50 sec =  198.1468 Mbps     0 retrans   3729 KB-cwnd
[2024-05-29 12:40:46.107409]    10.3125 MB /   0.50 sec =  173.0486 Mbps     0 retrans   3729 KB-cwnd
[2024-05-29 12:40:46.607373]    10.9375 MB /   0.50 sec =  183.5100 Mbps     0 retrans   3862 KB-cwnd
[2024-05-29 12:40:47.108265]    13.1250 MB /   0.50 sec =  220.0021 Mbps     0 retrans   3862 KB-cwnd
[2024-05-29 12:40:47.607285]    11.4375 MB /   0.50 sec =  192.0657 Mbps     0 retrans   4046 KB-cwnd
[2024-05-29 12:40:48.107307]    12.0625 MB /   0.50 sec =  202.3756 Mbps     0 retrans   4078 KB-cwnd
[2024-05-29 12:40:48.607430]    12.2500 MB /   0.50 sec =  205.4983 Mbps     0 retrans   4078 KB-cwnd
[2024-05-29 12:40:49.108406]     8.5000 MB /   0.50 sec =  142.4442 Mbps     0 retrans   4078 KB-cwnd
[2024-05-29 12:40:49.607489]    10.9375 MB /   0.50 sec =  183.6977 Mbps     0 retrans   4078 KB-cwnd
[2024-05-29 12:40:50.107904]     5.8125 MB /   0.50 sec =   97.4338 Mbps     0 retrans   4078 KB-cwnd
[2024-05-29 12:40:50.607736]     6.7500 MB /   0.50 sec =  113.3589 Mbps     0 retrans   4078 KB-cwnd
[2024-05-29 12:40:51.109128]     6.5625 MB /   0.50 sec =  109.9356 Mbps    27 retrans   3355 KB-cwnd
[2024-05-29 12:40:51.608955]     3.1250 MB /   0.50 sec =   52.4496 Mbps     0 retrans   3355 KB-cwnd
[2024-05-29 12:40:52.108830]     0.1875 MB /   0.50 sec =    3.1435 Mbps     0 retrans   3355 KB-cwnd
[2024-05-29 12:40:52.607365]     5.2500 MB /   0.50 sec =   88.2389 Mbps     0 retrans   3355 KB-cwnd
[2024-05-29 12:40:53.107392]     5.2500 MB /   0.50 sec =   88.0821 Mbps     0 retrans   3355 KB-cwnd
[2024-05-29 12:40:53.607440]     6.3125 MB /   0.50 sec =  105.8979 Mbps     0 retrans   3355 KB-cwnd
[2024-05-29 12:40:54.107414]     7.0625 MB /   0.50 sec =  118.4967 Mbps     0 retrans   3355 KB-cwnd
[2024-05-29 12:40:54.607279]     7.3750 MB /   0.50 sec =  123.7414 Mbps     0 retrans   3355 KB-cwnd
[2024-05-29 12:40:55.108393]     5.1250 MB /   0.50 sec =   85.8898 Mbps     0 retrans   3355 KB-cwnd
[2024-05-29 12:40:55.609973]     8.6875 MB /   0.50 sec =  145.4246 Mbps     0 retrans   3355 KB-cwnd
[2024-05-29 12:40:56.107989]     9.8125 MB /   0.50 sec =  165.1649 Mbps     0 retrans   3355 KB-cwnd
[2024-05-29 12:40:56.607380]    11.0625 MB /   0.50 sec =  185.6057 Mbps     0 retrans   3355 KB-cwnd
[2024-05-29 12:40:57.107815]     8.3125 MB /   0.50 sec =  139.3892 Mbps     0 retrans   3355 KB-cwnd
[2024-05-29 12:40:57.607773]     8.2500 MB /   0.50 sec =  138.4832 Mbps     0 retrans   3355 KB-cwnd
[2024-05-29 12:40:58.109567]     9.7500 MB /   0.50 sec =  163.0080 Mbps     0 retrans   3355 KB-cwnd
[2024-05-29 12:40:58.607415]    13.3750 MB /   0.50 sec =  225.1689 Mbps     0 retrans   3355 KB-cwnd
[2024-05-29 12:40:59.107432]    11.1875 MB /   0.50 sec =  187.6929 Mbps     0 retrans   3355 KB-cwnd
[2024-05-29 12:40:59.607393]    13.3750 MB /   0.50 sec =  224.3908 Mbps     0 retrans   3355 KB-cwnd
[2024-05-29 12:41:00.107529]    14.0625 MB /   0.50 sec =  235.9489 Mbps   772 retrans   3063 KB-cwnd
[2024-05-29 12:41:00.607711]    15.0625 MB /   0.50 sec =  252.5568 Mbps     0 retrans   3071 KB-cwnd
[2024-05-29 12:41:01.108552]    13.8125 MB /   0.50 sec =  231.6061 Mbps     0 retrans   3071 KB-cwnd
[2024-05-29 12:41:01.607456]    15.1875 MB /   0.50 sec =  255.0345 Mbps     0 retrans   3071 KB-cwnd
[2024-05-29 12:41:02.107498]    16.1875 MB /   0.50 sec =  271.6067 Mbps     0 retrans   3071 KB-cwnd
[2024-05-29 12:41:02.607395]    15.4375 MB /   0.50 sec =  259.0397 Mbps     0 retrans   3071 KB-cwnd
[2024-05-29 12:41:03.107406]    16.5000 MB /   0.50 sec =  276.8108 Mbps     0 retrans   3071 KB-cwnd
[2024-05-29 12:41:03.607876]     9.0625 MB /   0.50 sec =  151.9038 Mbps     0 retrans   3071 KB-cwnd
[2024-05-29 12:41:04.107298]     9.1875 MB /   0.50 sec =  154.2953 Mbps     0 retrans   3071 KB-cwnd
[2024-05-29 12:41:04.607393]    12.5000 MB /   0.50 sec =  209.7035 Mbps     0 retrans   3071 KB-cwnd
[2024-05-29 12:41:05.107684]    11.5000 MB /   0.50 sec =  192.9434 Mbps  1488 retrans   1020 KB-cwnd
[2024-05-29 12:41:05.608051]    11.1875 MB /   0.50 sec =  187.6936 Mbps    19 retrans   1020 KB-cwnd
[2024-05-29 12:41:06.107926]    11.8125 MB /   0.50 sec =  198.1678 Mbps    35 retrans   1020 KB-cwnd
[2024-05-29 12:41:06.607917]    12.1250 MB /   0.50 sec =  203.3196 Mbps     2 retrans   1109 KB-cwnd
[2024-05-29 12:41:07.108454]    12.9375 MB /   0.50 sec =  216.9463 Mbps     9 retrans   1205 KB-cwnd
[2024-05-29 12:41:07.607372]    13.9375 MB /   0.50 sec =  234.0749 Mbps    15 retrans   1205 KB-cwnd
[2024-05-29 12:41:08.107945]     5.8125 MB /   0.50 sec =   97.5084 Mbps    27 retrans   1205 KB-cwnd
[2024-05-29 12:41:08.607446]    12.5000 MB /   0.50 sec =  209.7278 Mbps    64 retrans   1247 KB-cwnd
[2024-05-29 12:41:09.107717]    12.1875 MB /   0.50 sec =  204.3624 Mbps    32 retrans   1247 KB-cwnd
[2024-05-29 12:41:09.607882]    15.0000 MB /   0.50 sec =  251.8033 Mbps     0 retrans   1247 KB-cwnd
[2024-05-29 12:41:10.107303]    17.1875 MB /   0.50 sec =  288.3642 Mbps     0 retrans   1277 KB-cwnd
[2024-05-29 12:41:10.607939]    14.9375 MB /   0.50 sec =  250.6067 Mbps   373 retrans   2568 KB-cwnd
[2024-05-29 12:41:11.108102]    18.6875 MB /   0.50 sec =  313.4396 Mbps     0 retrans   2568 KB-cwnd
[2024-05-29 12:41:11.608353]    12.6250 MB /   0.50 sec =  211.6786 Mbps     0 retrans   2568 KB-cwnd
[2024-05-29 12:41:12.107436]    12.0000 MB /   0.50 sec =  201.5039 Mbps     0 retrans   2568 KB-cwnd
[2024-05-29 12:41:12.610053]     1.1250 MB /   0.50 sec =   18.8221 Mbps     0 retrans   2568 KB-cwnd
[2024-05-29 12:41:13.107731]     2.8750 MB /   0.50 sec =   48.3735 Mbps     0 retrans   2568 KB-cwnd
[2024-05-29 12:41:13.607877]     7.2500 MB /   0.50 sec =  121.5089 Mbps     0 retrans   2568 KB-cwnd
[2024-05-29 12:41:14.107330]     6.5625 MB /   0.50 sec =  110.2089 Mbps     0 retrans   2568 KB-cwnd
[2024-05-29 12:41:14.607400]     8.6250 MB /   0.50 sec =  144.6989 Mbps     0 retrans   2568 KB-cwnd
[2024-05-29 12:41:15.108265]     8.3750 MB /   0.50 sec =  140.3772 Mbps     0 retrans   2568 KB-cwnd
[2024-05-29 12:41:15.610174]     8.5625 MB /   0.50 sec =  143.2875 Mbps     0 retrans   2568 KB-cwnd
[2024-05-29 12:41:16.107439]     7.7500 MB /   0.50 sec =  130.4704 Mbps     0 retrans   2568 KB-cwnd
[2024-05-29 12:41:16.609562]     6.1250 MB /   0.50 sec =  102.6022 Mbps     0 retrans   2582 KB-cwnd
[2024-05-29 12:41:17.107402]     6.1875 MB /   0.50 sec =  103.9766 Mbps     0 retrans   2582 KB-cwnd
[2024-05-29 12:41:17.607464]     4.5000 MB /   0.50 sec =   75.4914 Mbps     0 retrans   2596 KB-cwnd
[2024-05-29 12:41:18.108639]     4.3750 MB /   0.50 sec =   73.3116 Mbps     0 retrans   2596 KB-cwnd
[2024-05-29 12:41:18.608776]     3.6875 MB /   0.50 sec =   61.7841 Mbps     0 retrans   2596 KB-cwnd
[2024-05-29 12:41:19.107542]     2.3750 MB /   0.50 sec =   39.9381 Mbps     0 retrans   2596 KB-cwnd
[2024-05-29 12:41:19.608815]     1.0000 MB /   0.50 sec =   16.7407 Mbps     0 retrans   2596 KB-cwnd
[2024-05-29 12:41:20.107502]     3.0625 MB /   0.50 sec =   51.5079 Mbps     0 retrans   2596 KB-cwnd
[2024-05-29 12:41:20.607404]     2.6250 MB /   0.50 sec =   44.0404 Mbps     0 retrans   2596 KB-cwnd
[2024-05-29 12:41:21.107855]     4.1250 MB /   0.50 sec =   69.2067 Mbps     0 retrans   2596 KB-cwnd
[2024-05-29 12:41:21.608845]     2.6250 MB /   0.50 sec =   43.9279 Mbps     0 retrans   2596 KB-cwnd
[2024-05-29 12:41:22.107604]     1.0000 MB /   0.50 sec =   16.8156 Mbps     0 retrans   2596 KB-cwnd
[2024-05-29 12:41:22.607418]     3.3750 MB /   0.50 sec =   56.6385 Mbps     0 retrans   2596 KB-cwnd
[2024-05-29 12:41:23.107388]     2.9375 MB /   0.50 sec =   49.2838 Mbps    21 retrans   2252 KB-cwnd
[2024-05-29 12:41:23.607619]     1.8125 MB /   0.50 sec =   30.4011 Mbps     0 retrans   2252 KB-cwnd
[2024-05-29 12:41:24.107658]     2.3750 MB /   0.50 sec =   39.8553 Mbps     0 retrans   2252 KB-cwnd
[2024-05-29 12:41:24.608568]     2.1875 MB /   0.50 sec =   36.6683 Mbps     0 retrans   2252 KB-cwnd
[2024-05-29 12:41:25.109308]     2.1250 MB /   0.50 sec =   35.5558 Mbps     0 retrans   2252 KB-cwnd
[2024-05-29 12:41:25.608468]     2.8750 MB /   0.50 sec =   48.3575 Mbps     0 retrans   2252 KB-cwnd
[2024-05-29 12:41:26.107344]     2.3125 MB /   0.50 sec =   38.8383 Mbps     0 retrans   2252 KB-cwnd
[2024-05-29 12:41:26.607433]     2.4375 MB /   0.50 sec =   40.8920 Mbps     0 retrans   2252 KB-cwnd
[2024-05-29 12:41:27.107508]     2.6250 MB /   0.50 sec =   44.0403 Mbps     0 retrans   2252 KB-cwnd
[2024-05-29 12:41:27.607502]     2.7500 MB /   0.50 sec =   46.1299 Mbps     0 retrans   2252 KB-cwnd
[2024-05-29 12:41:28.107737]     3.7500 MB /   0.50 sec =   62.9248 Mbps     0 retrans   2252 KB-cwnd
[2024-05-29 12:41:28.609259]     4.0625 MB /   0.50 sec =   67.9693 Mbps     0 retrans   2252 KB-cwnd
[2024-05-29 12:41:29.107637]     3.9375 MB /   0.50 sec =   66.2488 Mbps     0 retrans   2252 KB-cwnd
[2024-05-29 12:41:29.608370]     4.5000 MB /   0.50 sec =   75.4225 Mbps     0 retrans   2252 KB-cwnd
[2024-05-29 12:41:30.107382]     4.9375 MB /   0.50 sec =   82.9196 Mbps     0 retrans   2252 KB-cwnd
[2024-05-29 12:41:30.607625]     5.8750 MB /   0.50 sec =   98.5585 Mbps     0 retrans   2252 KB-cwnd
[2024-05-29 12:41:31.107432]     7.0625 MB /   0.50 sec =  118.4891 Mbps     0 retrans   2252 KB-cwnd
[2024-05-29 12:41:31.607695]     7.0625 MB /   0.50 sec =  118.4069 Mbps     0 retrans   2252 KB-cwnd
[2024-05-29 12:41:32.108034]     7.1250 MB /   0.50 sec =  119.5317 Mbps     0 retrans   2252 KB-cwnd
[2024-05-29 12:41:32.607367]     7.1250 MB /   0.50 sec =  119.6338 Mbps     0 retrans   2252 KB-cwnd
[2024-05-29 12:41:33.107994]     7.2500 MB /   0.50 sec =  121.6297 Mbps     0 retrans   2252 KB-cwnd
[2024-05-29 12:41:33.608428]     7.2500 MB /   0.50 sec =  121.5228 Mbps     0 retrans   2252 KB-cwnd
[2024-05-29 12:41:34.107467]     6.8750 MB /   0.50 sec =  115.4371 Mbps     0 retrans   2252 KB-cwnd
[2024-05-29 12:41:34.607460]     6.8750 MB /   0.50 sec =  115.3468 Mbps     0 retrans   2252 KB-cwnd
[2024-05-29 12:41:35.109148]     6.1250 MB /   0.50 sec =  102.5160 Mbps     0 retrans   2252 KB-cwnd
[2024-05-29 12:41:35.607989]     8.1250 MB /   0.50 sec =  136.6343 Mbps     0 retrans   2252 KB-cwnd
[2024-05-29 12:41:36.107343]     3.4375 MB /   0.50 sec =   57.6813 Mbps     0 retrans   2252 KB-cwnd
[2024-05-29 12:41:36.607447]     8.1250 MB /   0.50 sec =  136.3026 Mbps     0 retrans   2252 KB-cwnd
[2024-05-29 12:41:37.107370]     8.1875 MB /   0.50 sec =  137.3731 Mbps     0 retrans   2252 KB-cwnd
[2024-05-29 12:41:37.607775]     8.4375 MB /   0.50 sec =  141.5484 Mbps   370 retrans   3253 KB-cwnd
[2024-05-29 12:41:38.107881]     8.9375 MB /   0.50 sec =  149.8732 Mbps     0 retrans   3253 KB-cwnd
[2024-05-29 12:41:38.607603]     9.3750 MB /   0.50 sec =  157.2908 Mbps     0 retrans   3253 KB-cwnd
[2024-05-29 12:41:39.107353]     9.8750 MB /   0.50 sec =  165.7668 Mbps     0 retrans   3253 KB-cwnd
[2024-05-29 12:41:39.608307]     9.1875 MB /   0.50 sec =  154.1308 Mbps     0 retrans   3253 KB-cwnd
[2024-05-29 12:41:40.107946]    10.9375 MB /   0.50 sec =  183.5048 Mbps     0 retrans   3253 KB-cwnd
[2024-05-29 12:41:40.607388]    11.0625 MB /   0.50 sec =  185.6031 Mbps     0 retrans   3253 KB-cwnd
[2024-05-29 12:41:41.107441]    11.0000 MB /   0.50 sec =  184.5055 Mbps     0 retrans   3253 KB-cwnd
[2024-05-29 12:41:41.607389]    11.0000 MB /   0.50 sec =  184.5929 Mbps     0 retrans   3253 KB-cwnd
[2024-05-29 12:41:42.108305]    10.4375 MB /   0.50 sec =  175.1038 Mbps     0 retrans   3253 KB-cwnd
[2024-05-29 12:41:42.607402]     6.5000 MB /   0.50 sec =  109.0541 Mbps     0 retrans   3253 KB-cwnd
[2024-05-29 12:41:43.108442]     7.0000 MB /   0.50 sec =  117.3305 Mbps     0 retrans   3245 KB-cwnd
[2024-05-29 12:41:43.607964]     4.5000 MB /   0.50 sec =   75.5724 Mbps     0 retrans   3245 KB-cwnd
[2024-05-29 12:41:44.107344]     8.9375 MB /   0.50 sec =  149.9479 Mbps     0 retrans   3245 KB-cwnd
[2024-05-29 12:41:44.607439]     9.5000 MB /   0.50 sec =  159.3593 Mbps     0 retrans   3245 KB-cwnd
[2024-05-29 12:41:45.107374]     7.1250 MB /   0.50 sec =  119.5582 Mbps     0 retrans   3245 KB-cwnd
[2024-05-29 12:41:45.607415]     6.0625 MB /   0.50 sec =  101.7066 Mbps  7269 retrans    536 KB-cwnd
[2024-05-29 12:41:46.108560]     8.5625 MB /   0.50 sec =  143.4781 Mbps     0 retrans    536 KB-cwnd
[2024-05-29 12:41:46.608536]     9.1875 MB /   0.50 sec =  154.2236 Mbps     0 retrans    536 KB-cwnd
[2024-05-29 12:41:47.107349]    10.5000 MB /   0.50 sec =  176.2873 Mbps     0 retrans    536 KB-cwnd
[2024-05-29 12:41:47.607438]     8.0000 MB /   0.50 sec =  134.2030 Mbps     0 retrans    533 KB-cwnd
[2024-05-29 12:41:48.107443]     9.3125 MB /   0.50 sec =  156.2585 Mbps     0 retrans    533 KB-cwnd
[2024-05-29 12:41:48.607460]    10.7500 MB /   0.50 sec =  180.3107 Mbps     0 retrans    533 KB-cwnd
[2024-05-29 12:41:49.107737]    11.2500 MB /   0.50 sec =  188.7637 Mbps     0 retrans    533 KB-cwnd
[2024-05-29 12:41:49.607355]    10.8125 MB /   0.50 sec =  181.4200 Mbps     0 retrans    533 KB-cwnd
[2024-05-29 12:41:50.107411]     9.7500 MB /   0.50 sec =  163.5661 Mbps     0 retrans    533 KB-cwnd
[2024-05-29 12:41:50.608367]     8.0000 MB /   0.50 sec =  134.2191 Mbps     0 retrans    533 KB-cwnd
[2024-05-29 12:41:51.108480]     8.3750 MB /   0.50 sec =  140.3478 Mbps     0 retrans    287 KB-cwnd
[2024-05-29 12:41:51.607788]     8.0000 MB /   0.50 sec =  134.2747 Mbps     3 retrans    287 KB-cwnd
[2024-05-29 12:41:52.107244]     8.5625 MB /   0.50 sec =  143.7797 Mbps     0 retrans    287 KB-cwnd
[2024-05-29 12:41:52.607867]     7.8125 MB /   0.50 sec =  131.0584 Mbps     0 retrans    287 KB-cwnd
[2024-05-29 12:41:53.107294]     6.8125 MB /   0.50 sec =  114.3014 Mbps  1867 retrans   2233 KB-cwnd
[2024-05-29 12:41:53.608131]     9.6250 MB /   0.50 sec =  161.4168 Mbps     0 retrans   2233 KB-cwnd
[2024-05-29 12:41:54.107377]     9.9375 MB /   0.50 sec =  166.7800 Mbps     0 retrans   2233 KB-cwnd
[2024-05-29 12:41:54.608318]    12.1875 MB /   0.50 sec =  204.2913 Mbps     0 retrans   2310 KB-cwnd
[2024-05-29 12:41:55.107689]    11.8750 MB /   0.50 sec =  199.3790 Mbps     0 retrans   2310 KB-cwnd
[2024-05-29 12:41:55.607849]    12.5000 MB /   0.50 sec =  209.5760 Mbps     0 retrans   2310 KB-cwnd
[2024-05-29 12:41:56.107777]     7.6875 MB /   0.50 sec =  128.9640 Mbps     0 retrans   2312 KB-cwnd
[2024-05-29 12:41:56.607382]     7.7500 MB /   0.50 sec =  130.1452 Mbps     0 retrans   2312 KB-cwnd
[2024-05-29 12:41:57.108024]    12.1250 MB /   0.50 sec =  203.4180 Mbps     0 retrans   2312 KB-cwnd
[2024-05-29 12:41:57.607963]     9.6875 MB /   0.50 sec =  162.5205 Mbps     0 retrans   2312 KB-cwnd
[2024-05-29 12:41:58.107427]    12.6250 MB /   0.50 sec =  211.8005 Mbps     0 retrans   2312 KB-cwnd
[2024-05-29 12:41:58.608296]     9.6250 MB /   0.50 sec =  161.3645 Mbps     0 retrans   2312 KB-cwnd
[2024-05-29 12:41:59.107350]    13.4375 MB /   0.50 sec =  225.6280 Mbps     0 retrans   2312 KB-cwnd
[2024-05-29 12:41:59.607359]    15.3125 MB /   0.50 sec =  256.9052 Mbps  2255 retrans   3355 KB-cwnd
[2024-05-29 12:42:00.107944]    15.9375 MB /   0.50 sec =  267.3543 Mbps     0 retrans   3355 KB-cwnd
[2024-05-29 12:42:00.607306]    10.2500 MB /   0.50 sec =  171.9912 Mbps     0 retrans   3355 KB-cwnd
[2024-05-29 12:42:01.107478]     9.4375 MB /   0.50 sec =  158.3109 Mbps     0 retrans   3355 KB-cwnd
[2024-05-29 12:42:01.607419]    14.1875 MB /   0.50 sec =  238.0448 Mbps     0 retrans   3355 KB-cwnd
[2024-05-29 12:42:02.107256]    14.8750 MB /   0.50 sec =  249.5905 Mbps     0 retrans   3355 KB-cwnd
[2024-05-29 12:42:02.607920]    16.1250 MB /   0.50 sec =  270.5039 Mbps     0 retrans   3355 KB-cwnd
[2024-05-29 12:42:03.107888]    11.5625 MB /   0.50 sec =  193.9862 Mbps     0 retrans   3355 KB-cwnd
[2024-05-29 12:42:03.607882]     2.2500 MB /   0.50 sec =   37.7124 Mbps     0 retrans   3355 KB-cwnd
[2024-05-29 12:42:04.108441]     4.1250 MB /   0.50 sec =   69.2570 Mbps     0 retrans   3355 KB-cwnd
[2024-05-29 12:42:04.607827]     4.4375 MB /   0.50 sec =   74.4668 Mbps     0 retrans   3355 KB-cwnd
[2024-05-29 12:42:05.108316]     3.3750 MB /   0.50 sec =   56.5722 Mbps     0 retrans   3355 KB-cwnd
[2024-05-29 12:42:05.607432]     2.7500 MB /   0.50 sec =   46.1776 Mbps     0 retrans   3355 KB-cwnd
[2024-05-29 12:42:06.107298]     3.6250 MB /   0.50 sec =   60.8243 Mbps     0 retrans   3355 KB-cwnd
[2024-05-29 12:42:06.608295]     3.6250 MB /   0.50 sec =   60.7525 Mbps     0 retrans   3355 KB-cwnd
[2024-05-29 12:42:07.107989]     3.5625 MB /   0.50 sec =   59.7638 Mbps     0 retrans   3355 KB-cwnd
[2024-05-29 12:42:07.608460]     3.8125 MB /   0.50 sec =   63.9700 Mbps     0 retrans   3355 KB-cwnd
[2024-05-29 12:42:08.107544]     5.3125 MB /   0.50 sec =   89.2209 Mbps     0 retrans   3355 KB-cwnd
[2024-05-29 12:42:08.608163]     7.1875 MB /   0.50 sec =  120.3931 Mbps     0 retrans   3355 KB-cwnd
[2024-05-29 12:42:09.107945]     8.8125 MB /   0.50 sec =  148.0725 Mbps  1196 retrans   2013 KB-cwnd
[2024-05-29 12:42:09.607951]    11.2500 MB /   0.50 sec =  188.7354 Mbps     0 retrans   2040 KB-cwnd
[2024-05-29 12:42:10.107324]     9.1875 MB /   0.50 sec =  154.1610 Mbps     0 retrans   2040 KB-cwnd
[2024-05-29 12:42:10.607439]    13.6250 MB /   0.50 sec =  228.5717 Mbps     0 retrans   2040 KB-cwnd
[2024-05-29 12:42:11.107702]    14.3125 MB /   0.50 sec =  240.1321 Mbps     0 retrans   2040 KB-cwnd
[2024-05-29 12:42:11.607398]    15.3750 MB /   0.50 sec =  257.9435 Mbps     0 retrans   2040 KB-cwnd
[2024-05-29 12:42:12.108213]    14.1875 MB /   0.50 sec =  237.8921 Mbps     0 retrans   2040 KB-cwnd
[2024-05-29 12:42:12.607714]     7.4375 MB /   0.50 sec =  124.8605 Mbps     0 retrans   2040 KB-cwnd
[2024-05-29 12:42:13.107741]    11.8125 MB /   0.50 sec =  198.1488 Mbps     0 retrans   2040 KB-cwnd
[2024-05-29 12:42:13.607513]    12.1875 MB /   0.50 sec =  204.4740 Mbps     0 retrans   2068 KB-cwnd
[2024-05-29 12:42:14.107428]    12.0625 MB /   0.50 sec =  202.3420 Mbps     0 retrans   2068 KB-cwnd
[2024-05-29 12:42:14.607539]    11.9375 MB /   0.50 sec =  200.3345 Mbps  1319 retrans   3113 KB-cwnd
[2024-05-29 12:42:15.107566]    12.3125 MB /   0.50 sec =  206.5005 Mbps     0 retrans   3113 KB-cwnd
[2024-05-29 12:42:15.607946]    11.7500 MB /   0.50 sec =  197.1776 Mbps     0 retrans   3113 KB-cwnd
[2024-05-29 12:42:16.107832]     6.4375 MB /   0.50 sec =  108.0148 Mbps     0 retrans   3113 KB-cwnd
[2024-05-29 12:42:16.608432]    12.1250 MB /   0.50 sec =  203.2217 Mbps     0 retrans   3113 KB-cwnd
[2024-05-29 12:42:17.108401]    10.6250 MB /   0.50 sec =  178.2472 Mbps     0 retrans   3113 KB-cwnd
[2024-05-29 12:42:17.607415]     2.4375 MB /   0.50 sec =   40.9383 Mbps     0 retrans   3113 KB-cwnd
[2024-05-29 12:42:18.107511]    10.3125 MB /   0.50 sec =  172.9770 Mbps     0 retrans   3113 KB-cwnd
[2024-05-29 12:42:18.607875]    10.6875 MB /   0.50 sec =  179.3384 Mbps     0 retrans   3113 KB-cwnd
[2024-05-29 12:42:19.107397]    11.1250 MB /   0.50 sec =  186.6491 Mbps     0 retrans   3113 KB-cwnd
[2024-05-29 12:42:19.607403]    12.1875 MB /   0.50 sec =  204.4711 Mbps     0 retrans   3113 KB-cwnd
[2024-05-29 12:42:20.107433]    12.2500 MB /   0.50 sec =  205.5106 Mbps     0 retrans   3113 KB-cwnd
[2024-05-29 12:42:20.608325]    12.0625 MB /   0.50 sec =  202.3744 Mbps     0 retrans   3113 KB-cwnd
[2024-05-29 12:42:21.107296]    11.8125 MB /   0.50 sec =  198.1995 Mbps     0 retrans   3113 KB-cwnd
[2024-05-29 12:42:21.608666]     9.1250 MB /   0.50 sec =  152.8787 Mbps  1628 retrans   1493 KB-cwnd
[2024-05-29 12:42:22.107413]    11.5625 MB /   0.50 sec =  194.2402 Mbps     0 retrans   1493 KB-cwnd
[2024-05-29 12:42:22.607308]    12.3750 MB /   0.50 sec =  207.6405 Mbps     0 retrans   1493 KB-cwnd
[2024-05-29 12:42:23.108252]    12.0625 MB /   0.50 sec =  202.2178 Mbps     0 retrans   1493 KB-cwnd
[2024-05-29 12:42:23.609138]    12.2500 MB /   0.50 sec =  204.9765 Mbps     0 retrans   1493 KB-cwnd
[2024-05-29 12:42:24.107440]     8.6250 MB /   0.50 sec =  145.1849 Mbps     0 retrans   1493 KB-cwnd
[2024-05-29 12:42:24.608158]    13.0625 MB /   0.50 sec =  219.0021 Mbps     0 retrans   1493 KB-cwnd
[2024-05-29 12:42:25.107942]    11.0000 MB /   0.50 sec =  184.6872 Mbps     0 retrans   1496 KB-cwnd
[2024-05-29 12:42:25.607823]    13.2500 MB /   0.50 sec =  222.2990 Mbps     0 retrans   1502 KB-cwnd
[2024-05-29 12:42:26.107422]    12.4375 MB /   0.50 sec =  208.6529 Mbps     0 retrans   1507 KB-cwnd
[2024-05-29 12:42:26.607410]    12.3750 MB /   0.50 sec =  207.6297 Mbps     0 retrans   1507 KB-cwnd
[2024-05-29 12:42:27.107488]    12.3125 MB /   0.50 sec =  206.5463 Mbps     0 retrans   1507 KB-cwnd
[2024-05-29 12:42:27.608578]     5.0000 MB /   0.50 sec =   83.7081 Mbps     0 retrans   1507 KB-cwnd
[2024-05-29 12:42:28.107280]    12.8750 MB /   0.50 sec =  216.5103 Mbps   291 retrans   2285 KB-cwnd
[2024-05-29 12:42:28.608008]    13.7500 MB /   0.50 sec =  230.5032 Mbps     0 retrans   2285 KB-cwnd
[2024-05-29 12:42:29.107933]    12.6250 MB /   0.50 sec =  211.9599 Mbps     0 retrans   2241 KB-cwnd
[2024-05-29 12:42:29.607434]    12.2500 MB /   0.50 sec =  205.5139 Mbps     0 retrans   2241 KB-cwnd
[2024-05-29 12:42:30.107427]    15.5000 MB /   0.50 sec =  260.0520 Mbps     0 retrans   2241 KB-cwnd
[2024-05-29 12:42:30.607408]    14.8125 MB /   0.50 sec =  248.5115 Mbps     0 retrans   2241 KB-cwnd
[2024-05-29 12:42:31.107371]    15.4375 MB /   0.50 sec =  259.0024 Mbps     0 retrans   2241 KB-cwnd
[2024-05-29 12:42:31.607629]    12.5625 MB /   0.50 sec =  210.7832 Mbps     0 retrans   2241 KB-cwnd
[2024-05-29 12:42:32.108453]    16.1250 MB /   0.50 sec =  270.2397 Mbps     0 retrans   2260 KB-cwnd
[2024-05-29 12:42:32.607404]    15.6875 MB /   0.50 sec =  263.4608 Mbps     0 retrans   2260 KB-cwnd
[2024-05-29 12:42:32.740171] nuttcp-r: 2540.3407 MB in 131.63 real seconds = 19761.85 KB/sec = 161.8891 Mbps
[2024-05-29 12:42:32.740323] nuttcp-r: 173683 I/O calls, msec/call = 0.78, calls/sec = 1319.45
[2024-05-29 12:42:32.740378] nuttcp-r: 0.1user 12.4sys 2:11real 9% 0i+0d 1486maxrss 0+1pf 127949+204csw
[2024-05-29 12:42:32.740403] 
[2024-05-29 12:42:32.740426] nuttcp-t: v8.1.4: socket
[2024-05-29 12:42:32.740454] nuttcp-t: buflen=65536, nstream=1, port=5003 tcp -> 98.97.21.16
[2024-05-29 12:42:32.740506] nuttcp-t: time limit = 120.00 seconds
[2024-05-29 12:42:32.740581] nuttcp-t: accept from 98.97.21.16 with mss=1408, af=inet
[2024-05-29 12:42:32.740631] nuttcp-t: send window size = 450000000, receive window size = 450000000
[2024-05-29 12:42:32.740793] nuttcp-t: available send window = 225000000, available receive window = 225000000
[2024-05-29 12:42:32.740971] nuttcp-t: initial congestion window = 13 KB (10 packets)
[2024-05-29 12:42:32.741053] nuttcp-t: 2540.3407 MB in 120.00 real seconds = 21677.56 KB/sec = 177.5826 Mbps
[2024-05-29 12:42:32.741149] nuttcp-t: retrans = 21534 cwnd = 3602 KB
[2024-05-29 12:42:32.741227] nuttcp-t: 40646 I/O calls, msec/call = 3.02, calls/sec = 338.72
[2024-05-29 12:42:32.741276] nuttcp-t: 0.0user 0.8sys 2:00real 0% 0i+0d 94maxrss 0+0pf 16+14csw
End time: 1717000952759
