Start time: 1716935313664
[2024-05-28 18:28:34.910627] nuttcp-r: v8.1.4: socket
[2024-05-28 18:28:34.911210] nuttcp-r: buflen=65536, nstream=1, port=5002 tcp
[2024-05-28 18:28:34.911251] nuttcp-r: interval reporting every 0.50 seconds
[2024-05-28 18:28:34.911278] nuttcp-r: connect to 35.245.244.238 with RTT=73.749 ms af=inet
[2024-05-28 18:28:34.911304] nuttcp-r: send window size = 2097152, receive window size = 6291456
[2024-05-28 18:28:34.911329] nuttcp-r: available send window = 1572864, available receive window = 4718592
[2024-05-28 18:28:34.911353]     0.4375 MB /   0.50 sec =    7.3343 Mbps     0 retrans     13 KB-cwnd
[2024-05-28 18:28:35.410289]     2.0000 MB /   0.50 sec =   33.5772 Mbps     0 retrans     13 KB-cwnd
[2024-05-28 18:28:35.910393]     7.9375 MB /   0.50 sec =  133.1508 Mbps     0 retrans     13 KB-cwnd
[2024-05-28 18:28:36.411432]     6.0625 MB /   0.50 sec =  101.5168 Mbps     0 retrans     13 KB-cwnd
[2024-05-28 18:28:36.910150]     5.0625 MB /   0.50 sec =   85.0856 Mbps     0 retrans     13 KB-cwnd
[2024-05-28 18:28:37.410355]     9.3125 MB /   0.50 sec =  156.2791 Mbps     0 retrans     13 KB-cwnd
[2024-05-28 18:28:37.911901]     4.8125 MB /   0.50 sec =   80.6653 Mbps     0 retrans     13 KB-cwnd
[2024-05-28 18:28:38.411381]     9.1875 MB /   0.50 sec =  153.9562 Mbps     0 retrans     13 KB-cwnd
[2024-05-28 18:28:38.909983]     9.6250 MB /   0.50 sec =  161.8286 Mbps     0 retrans     13 KB-cwnd
[2024-05-28 18:28:39.409976]     7.8750 MB /   0.50 sec =  132.1216 Mbps     0 retrans     13 KB-cwnd
[2024-05-28 18:28:39.910117]     8.4375 MB /   0.50 sec =  141.5637 Mbps     0 retrans     13 KB-cwnd
[2024-05-28 18:28:40.411193]     5.4375 MB /   0.50 sec =   91.0032 Mbps     0 retrans     13 KB-cwnd
[2024-05-28 18:28:40.910223]     5.4375 MB /   0.50 sec =   91.4069 Mbps     0 retrans     13 KB-cwnd
[2024-05-28 18:28:41.409960]    10.5625 MB /   0.50 sec =  177.2845 Mbps     0 retrans     13 KB-cwnd
[2024-05-28 18:28:41.910132]     5.3750 MB /   0.50 sec =   90.1500 Mbps     0 retrans     13 KB-cwnd
[2024-05-28 18:28:42.410956]     8.6875 MB /   0.50 sec =  145.5123 Mbps     0 retrans     13 KB-cwnd
[2024-05-28 18:28:42.910146]     4.8125 MB /   0.50 sec =   80.8725 Mbps     0 retrans     13 KB-cwnd
[2024-05-28 18:28:43.410120]     5.7500 MB /   0.50 sec =   96.5005 Mbps     0 retrans     13 KB-cwnd
[2024-05-28 18:28:43.910909]     6.1875 MB /   0.50 sec =  103.6132 Mbps     0 retrans     13 KB-cwnd
[2024-05-28 18:28:44.411087]     4.2500 MB /   0.50 sec =   71.2832 Mbps     0 retrans     13 KB-cwnd
[2024-05-28 18:28:44.910145]     3.5625 MB /   0.50 sec =   59.8796 Mbps     0 retrans     13 KB-cwnd
[2024-05-28 18:28:45.409983]     4.3125 MB /   0.50 sec =   72.3723 Mbps     0 retrans     13 KB-cwnd
[2024-05-28 18:28:45.910223]     1.3750 MB /   0.50 sec =   23.0599 Mbps     0 retrans     13 KB-cwnd
[2024-05-28 18:28:46.410967]     2.8125 MB /   0.50 sec =   47.1132 Mbps     0 retrans     13 KB-cwnd
[2024-05-28 18:28:46.910130]     3.5625 MB /   0.50 sec =   59.8675 Mbps     0 retrans     13 KB-cwnd
[2024-05-28 18:28:47.410130]     3.8750 MB /   0.50 sec =   65.0129 Mbps     0 retrans     13 KB-cwnd
[2024-05-28 18:28:47.910076]     2.3125 MB /   0.50 sec =   38.8000 Mbps     0 retrans     13 KB-cwnd
[2024-05-28 18:28:48.410513]     3.5000 MB /   0.50 sec =   58.6944 Mbps     0 retrans     13 KB-cwnd
[2024-05-28 18:28:48.910269]     2.0000 MB /   0.50 sec =   33.5560 Mbps     0 retrans     13 KB-cwnd
[2024-05-28 18:28:49.410145]     2.3750 MB /   0.50 sec =   39.8535 Mbps     0 retrans     13 KB-cwnd
[2024-05-28 18:28:49.910079]     1.1250 MB /   0.50 sec =   18.8794 Mbps     0 retrans     13 KB-cwnd
[2024-05-28 18:28:50.410226]     0.0000 MB /   0.50 sec =    0.0000 Mbps     0 retrans     13 KB-cwnd
[2024-05-28 18:28:50.909987]     4.2500 MB /   0.50 sec =   71.3294 Mbps     0 retrans     13 KB-cwnd
[2024-05-28 18:28:51.410172]     1.2500 MB /   0.50 sec =   20.9645 Mbps     0 retrans     13 KB-cwnd
[2024-05-28 18:28:51.910099]     2.0000 MB /   0.50 sec =   33.5583 Mbps     0 retrans     13 KB-cwnd
[2024-05-28 18:28:52.410202]     0.9375 MB /   0.50 sec =   15.7268 Mbps     0 retrans     13 KB-cwnd
[2024-05-28 18:28:52.910181]     1.7500 MB /   0.50 sec =   29.3565 Mbps     0 retrans     13 KB-cwnd
[2024-05-28 18:28:53.411501]     1.2500 MB /   0.50 sec =   20.9206 Mbps     0 retrans     13 KB-cwnd
[2024-05-28 18:28:53.910058]     3.5625 MB /   0.50 sec =   59.9338 Mbps     0 retrans     13 KB-cwnd
[2024-05-28 18:28:54.409989]     4.0625 MB /   0.50 sec =   68.1677 Mbps     0 retrans     13 KB-cwnd
[2024-05-28 18:28:54.910467]     2.9375 MB /   0.50 sec =   49.2837 Mbps     0 retrans     13 KB-cwnd
[2024-05-28 18:28:55.410139]     1.5000 MB /   0.50 sec =   25.1581 Mbps     0 retrans     13 KB-cwnd
[2024-05-28 18:28:55.911021]     2.3750 MB /   0.50 sec =   39.7775 Mbps     0 retrans     13 KB-cwnd
[2024-05-28 18:28:56.410038]     2.8750 MB /   0.50 sec =   48.3265 Mbps     0 retrans     13 KB-cwnd
[2024-05-28 18:28:56.909941]     3.0000 MB /   0.50 sec =   50.3386 Mbps     0 retrans     13 KB-cwnd
[2024-05-28 18:28:57.410009]     2.0625 MB /   0.50 sec =   34.6009 Mbps     0 retrans     13 KB-cwnd
[2024-05-28 18:28:57.909968]     3.5625 MB /   0.50 sec =   59.7724 Mbps     0 retrans     13 KB-cwnd
[2024-05-28 18:28:58.410256]     3.8750 MB /   0.50 sec =   64.9913 Mbps     0 retrans     13 KB-cwnd
[2024-05-28 18:28:58.910974]     2.6250 MB /   0.50 sec =   43.9680 Mbps     0 retrans     13 KB-cwnd
[2024-05-28 18:28:59.409974]     3.1250 MB /   0.50 sec =   52.5312 Mbps     0 retrans     13 KB-cwnd
[2024-05-28 18:28:59.909960]     3.1875 MB /   0.50 sec =   53.4764 Mbps     0 retrans     13 KB-cwnd
[2024-05-28 18:29:00.410146]     2.8750 MB /   0.50 sec =   48.2384 Mbps     0 retrans     13 KB-cwnd
[2024-05-28 18:29:00.909971]     3.0625 MB /   0.50 sec =   51.3767 Mbps     0 retrans     13 KB-cwnd
[2024-05-28 18:29:01.410035]     2.9375 MB /   0.50 sec =   49.2768 Mbps     0 retrans     13 KB-cwnd
[2024-05-28 18:29:01.910094]     3.3750 MB /   0.50 sec =   56.6304 Mbps     0 retrans     17 KB-cwnd
[2024-05-28 18:29:02.410047]     2.7500 MB /   0.50 sec =   46.1317 Mbps     0 retrans     17 KB-cwnd
[2024-05-28 18:29:02.909986]     2.3750 MB /   0.50 sec =   39.8488 Mbps     0 retrans     17 KB-cwnd
[2024-05-28 18:29:03.409913]     3.1250 MB /   0.50 sec =   52.4332 Mbps     0 retrans     17 KB-cwnd
[2024-05-28 18:29:03.910115]     1.8125 MB /   0.50 sec =   30.3997 Mbps     0 retrans     17 KB-cwnd
[2024-05-28 18:29:04.409951]     3.8750 MB /   0.50 sec =   65.0299 Mbps     0 retrans     17 KB-cwnd
[2024-05-28 18:29:04.910090]     2.1875 MB /   0.50 sec =   36.7001 Mbps     0 retrans     17 KB-cwnd
[2024-05-28 18:29:05.410062]     3.6250 MB /   0.50 sec =   60.8065 Mbps     0 retrans     17 KB-cwnd
[2024-05-28 18:29:05.910356]     1.8750 MB /   0.50 sec =   31.4488 Mbps     0 retrans     17 KB-cwnd
[2024-05-28 18:29:06.411562]     0.6875 MB /   0.50 sec =   11.5049 Mbps     0 retrans     17 KB-cwnd
[2024-05-28 18:29:06.909956]     2.3125 MB /   0.50 sec =   38.9138 Mbps     0 retrans     17 KB-cwnd
[2024-05-28 18:29:07.409948]     1.8750 MB /   0.50 sec =   31.4575 Mbps     0 retrans     17 KB-cwnd
[2024-05-28 18:29:07.909952]     3.5625 MB /   0.50 sec =   59.7692 Mbps     0 retrans     17 KB-cwnd
[2024-05-28 18:29:08.409953]     3.1875 MB /   0.50 sec =   53.4771 Mbps     0 retrans     17 KB-cwnd
[2024-05-28 18:29:08.909987]     0.3750 MB /   0.50 sec =    6.2907 Mbps     0 retrans     17 KB-cwnd
[2024-05-28 18:29:09.410163]     2.6250 MB /   0.50 sec =   44.0322 Mbps     0 retrans     17 KB-cwnd
[2024-05-28 18:29:09.910030]     3.8750 MB /   0.50 sec =   65.0224 Mbps     0 retrans     17 KB-cwnd
[2024-05-28 18:29:10.410068]     1.3125 MB /   0.50 sec =   22.0231 Mbps     0 retrans     17 KB-cwnd
[2024-05-28 18:29:10.909948]     0.1875 MB /   0.50 sec =    3.1455 Mbps     0 retrans     17 KB-cwnd
[2024-05-28 18:29:11.409885]     4.5625 MB /   0.50 sec =   76.5537 Mbps     0 retrans     17 KB-cwnd
[2024-05-28 18:29:11.910324]     3.3125 MB /   0.50 sec =   55.5331 Mbps     0 retrans     17 KB-cwnd
[2024-05-28 18:29:12.411038]     2.0000 MB /   0.50 sec =   33.5098 Mbps     0 retrans     24 KB-cwnd
[2024-05-28 18:29:12.909994]     2.3125 MB /   0.50 sec =   38.8723 Mbps     0 retrans     24 KB-cwnd
[2024-05-28 18:29:13.410927]     1.6250 MB /   0.50 sec =   27.2148 Mbps     0 retrans     24 KB-cwnd
[2024-05-28 18:29:13.909967]     3.5625 MB /   0.50 sec =   59.8760 Mbps     0 retrans     24 KB-cwnd
[2024-05-28 18:29:14.410221]     3.1250 MB /   0.50 sec =   52.4246 Mbps     0 retrans     24 KB-cwnd
[2024-05-28 18:29:14.911043]     2.3750 MB /   0.50 sec =   39.7703 Mbps     0 retrans     24 KB-cwnd
[2024-05-28 18:29:15.409963]     4.3750 MB /   0.50 sec =   73.5527 Mbps     0 retrans     26 KB-cwnd
[2024-05-28 18:29:15.910243]     1.5625 MB /   0.50 sec =   26.2052 Mbps     0 retrans     26 KB-cwnd
[2024-05-28 18:29:16.410064]     3.8125 MB /   0.50 sec =   63.9757 Mbps     0 retrans     26 KB-cwnd
[2024-05-28 18:29:16.910023]     0.8750 MB /   0.50 sec =   14.6818 Mbps     0 retrans     26 KB-cwnd
[2024-05-28 18:29:17.410856]     0.1875 MB /   0.50 sec =    3.1409 Mbps     0 retrans     26 KB-cwnd
[2024-05-28 18:29:17.910072]     0.0000 MB /   0.50 sec =    0.0000 Mbps     0 retrans     26 KB-cwnd
[2024-05-28 18:29:18.409978]     1.4375 MB /   0.50 sec =   24.1189 Mbps     0 retrans     26 KB-cwnd
[2024-05-28 18:29:18.910306]     3.2500 MB /   0.50 sec =   54.4969 Mbps     0 retrans     26 KB-cwnd
[2024-05-28 18:29:19.410530]     2.3125 MB /   0.50 sec =   38.7900 Mbps     0 retrans     26 KB-cwnd
[2024-05-28 18:29:19.910068]     2.9375 MB /   0.50 sec =   49.3259 Mbps     0 retrans     26 KB-cwnd
[2024-05-28 18:29:20.410122]     2.4375 MB /   0.50 sec =   40.8830 Mbps     0 retrans     26 KB-cwnd
[2024-05-28 18:29:20.910004]     2.1875 MB /   0.50 sec =   36.7081 Mbps     0 retrans     26 KB-cwnd
[2024-05-28 18:29:21.409955]     5.8750 MB /   0.50 sec =   98.5719 Mbps     0 retrans     26 KB-cwnd
[2024-05-28 18:29:21.909980]     3.6250 MB /   0.50 sec =   60.8169 Mbps     0 retrans     26 KB-cwnd
[2024-05-28 18:29:22.410171]     2.9375 MB /   0.50 sec =   49.2678 Mbps     0 retrans     26 KB-cwnd
[2024-05-28 18:29:22.910147]     2.0000 MB /   0.50 sec =   33.5544 Mbps     0 retrans     26 KB-cwnd
[2024-05-28 18:29:23.410020]     2.0000 MB /   0.50 sec =   33.5596 Mbps     0 retrans     26 KB-cwnd
[2024-05-28 18:29:23.910978]     1.6875 MB /   0.50 sec =   28.2606 Mbps     0 retrans     26 KB-cwnd
[2024-05-28 18:29:24.411081]     2.6250 MB /   0.50 sec =   44.0414 Mbps     0 retrans     26 KB-cwnd
[2024-05-28 18:29:24.910148]     3.4375 MB /   0.50 sec =   57.7658 Mbps     0 retrans     26 KB-cwnd
[2024-05-28 18:29:25.410170]     2.6875 MB /   0.50 sec =   45.0863 Mbps     0 retrans     26 KB-cwnd
[2024-05-28 18:29:25.909984]     3.2500 MB /   0.50 sec =   54.5440 Mbps     0 retrans     26 KB-cwnd
[2024-05-28 18:29:26.410220]     2.1875 MB /   0.50 sec =   36.6857 Mbps     0 retrans     26 KB-cwnd
[2024-05-28 18:29:26.910249]     3.0000 MB /   0.50 sec =   50.3376 Mbps     0 retrans     26 KB-cwnd
[2024-05-28 18:29:27.410184]     3.2500 MB /   0.50 sec =   54.5250 Mbps     0 retrans     26 KB-cwnd
[2024-05-28 18:29:27.909985]     4.1875 MB /   0.50 sec =   70.2769 Mbps     0 retrans     26 KB-cwnd
[2024-05-28 18:29:28.409975]     3.8125 MB /   0.50 sec =   63.9616 Mbps     0 retrans     26 KB-cwnd
[2024-05-28 18:29:28.910046]     3.1875 MB /   0.50 sec =   53.4701 Mbps     0 retrans     26 KB-cwnd
[2024-05-28 18:29:29.409956]     5.0000 MB /   0.50 sec =   83.9007 Mbps     0 retrans     26 KB-cwnd
[2024-05-28 18:29:29.909894]     4.8125 MB /   0.50 sec =   80.7418 Mbps     0 retrans     26 KB-cwnd
[2024-05-28 18:29:30.410175]     2.8750 MB /   0.50 sec =   48.2187 Mbps     0 retrans     26 KB-cwnd
[2024-05-28 18:29:30.910172]     3.3750 MB /   0.50 sec =   56.6216 Mbps     0 retrans     26 KB-cwnd
[2024-05-28 18:29:31.410166]     2.9375 MB /   0.50 sec =   49.2812 Mbps     0 retrans     26 KB-cwnd
[2024-05-28 18:29:31.910219]     3.5000 MB /   0.50 sec =   58.7177 Mbps     0 retrans     26 KB-cwnd
[2024-05-28 18:29:32.410382]     3.9375 MB /   0.50 sec =   66.0595 Mbps     0 retrans     26 KB-cwnd
[2024-05-28 18:29:32.910153]     3.6875 MB /   0.50 sec =   61.8713 Mbps     0 retrans     26 KB-cwnd
[2024-05-28 18:29:33.409957]     6.6875 MB /   0.50 sec =  112.2344 Mbps     0 retrans     26 KB-cwnd
[2024-05-28 18:29:33.909945]     4.8125 MB /   0.50 sec =   80.7420 Mbps     0 retrans     26 KB-cwnd
[2024-05-28 18:29:34.409885]     4.5000 MB /   0.50 sec =   75.5005 Mbps     0 retrans     26 KB-cwnd
[2024-05-28 18:29:34.910777]     2.7500 MB /   0.50 sec =   46.0862 Mbps     0 retrans     26 KB-cwnd
[2024-05-28 18:29:35.411036]     3.1250 MB /   0.50 sec =   52.3757 Mbps     0 retrans     26 KB-cwnd
[2024-05-28 18:29:35.910124]     5.1250 MB /   0.50 sec =   86.1381 Mbps    42 retrans   2056 KB-cwnd
[2024-05-28 18:29:36.410028]     3.1875 MB /   0.50 sec =   53.4848 Mbps     0 retrans   2056 KB-cwnd
[2024-05-28 18:29:36.910056]     4.6875 MB /   0.50 sec =   78.6383 Mbps     0 retrans   2056 KB-cwnd
[2024-05-28 18:29:37.410085]     4.9375 MB /   0.50 sec =   82.8380 Mbps     0 retrans   2056 KB-cwnd
[2024-05-28 18:29:37.910132]     3.3750 MB /   0.50 sec =   56.6199 Mbps     0 retrans   2056 KB-cwnd
[2024-05-28 18:29:38.410000]     2.2500 MB /   0.50 sec =   37.7556 Mbps     0 retrans   2056 KB-cwnd
[2024-05-28 18:29:38.909996]     3.3125 MB /   0.50 sec =   55.5780 Mbps     0 retrans   2056 KB-cwnd
[2024-05-28 18:29:39.409984]     3.2500 MB /   0.50 sec =   54.5256 Mbps     0 retrans   2056 KB-cwnd
[2024-05-28 18:29:39.909944]     2.5625 MB /   0.50 sec =   42.9896 Mbps     0 retrans   2056 KB-cwnd
[2024-05-28 18:29:40.409987]     6.6250 MB /   0.50 sec =  111.1546 Mbps     0 retrans   2056 KB-cwnd
[2024-05-28 18:29:40.910149]     4.7500 MB /   0.50 sec =   79.6911 Mbps     0 retrans   2056 KB-cwnd
[2024-05-28 18:29:41.409943]     4.5625 MB /   0.50 sec =   76.5476 Mbps     0 retrans   2056 KB-cwnd
[2024-05-28 18:29:41.910117]     2.0625 MB /   0.50 sec =   34.5947 Mbps     0 retrans   2056 KB-cwnd
[2024-05-28 18:29:42.410098]     2.4375 MB /   0.50 sec =   40.8954 Mbps     0 retrans   2056 KB-cwnd
[2024-05-28 18:29:42.910067]     3.1250 MB /   0.50 sec =   52.4301 Mbps     0 retrans   2056 KB-cwnd
[2024-05-28 18:29:43.410134]     5.2500 MB /   0.50 sec =   88.0735 Mbps     0 retrans   2056 KB-cwnd
[2024-05-28 18:29:43.910126]     5.2500 MB /   0.50 sec =   88.0818 Mbps     0 retrans   2056 KB-cwnd
[2024-05-28 18:29:44.410070]     4.6250 MB /   0.50 sec =   77.6025 Mbps     0 retrans   2056 KB-cwnd
[2024-05-28 18:29:44.910193]     4.1875 MB /   0.50 sec =   70.2450 Mbps     0 retrans   2056 KB-cwnd
[2024-05-28 18:29:45.410060]     5.3750 MB /   0.50 sec =   90.1887 Mbps     0 retrans   2056 KB-cwnd
[2024-05-28 18:29:45.909966]     6.1250 MB /   0.50 sec =  102.7759 Mbps     0 retrans   2056 KB-cwnd
[2024-05-28 18:29:46.410147]     3.6250 MB /   0.50 sec =   60.7998 Mbps     0 retrans   2056 KB-cwnd
[2024-05-28 18:29:46.910089]     3.9375 MB /   0.50 sec =   66.0650 Mbps     0 retrans   2056 KB-cwnd
[2024-05-28 18:29:47.409991]     8.0625 MB /   0.50 sec =  135.2953 Mbps     0 retrans   2056 KB-cwnd
[2024-05-28 18:29:47.910017]     5.3750 MB /   0.50 sec =   90.1743 Mbps     0 retrans   2056 KB-cwnd
[2024-05-28 18:29:48.410077]     4.1250 MB /   0.50 sec =   69.1959 Mbps     0 retrans   2056 KB-cwnd
[2024-05-28 18:29:48.909981]     1.3750 MB /   0.50 sec =   23.0731 Mbps     0 retrans   2056 KB-cwnd
[2024-05-28 18:29:49.410085]     5.6875 MB /   0.50 sec =   95.4010 Mbps     0 retrans   2056 KB-cwnd
[2024-05-28 18:29:49.910034]     6.4375 MB /   0.50 sec =  108.0107 Mbps     0 retrans   2056 KB-cwnd
[2024-05-28 18:29:50.409960]     5.7500 MB /   0.50 sec =   96.4833 Mbps     0 retrans   2056 KB-cwnd
[2024-05-28 18:29:50.910002]     5.8125 MB /   0.50 sec =   97.5135 Mbps     0 retrans   2056 KB-cwnd
[2024-05-28 18:29:51.410067]     3.0625 MB /   0.50 sec =   51.3723 Mbps     0 retrans   2056 KB-cwnd
[2024-05-28 18:29:51.910130]     6.1875 MB /   0.50 sec =  103.8034 Mbps   102 retrans   1671 KB-cwnd
[2024-05-28 18:29:52.410188]     5.4375 MB /   0.50 sec =   91.2345 Mbps     0 retrans   1671 KB-cwnd
[2024-05-28 18:29:52.910075]     3.9375 MB /   0.50 sec =   66.0584 Mbps     0 retrans   1671 KB-cwnd
[2024-05-28 18:29:53.410087]     6.3125 MB /   0.50 sec =  105.9045 Mbps     0 retrans   1671 KB-cwnd
[2024-05-28 18:29:53.909962]     4.3125 MB /   0.50 sec =   72.3600 Mbps     0 retrans   1671 KB-cwnd
[2024-05-28 18:29:54.409997]     7.5625 MB /   0.50 sec =  126.8863 Mbps     0 retrans   1827 KB-cwnd
[2024-05-28 18:29:54.910092]     3.6250 MB /   0.50 sec =   60.8078 Mbps     0 retrans   1827 KB-cwnd
[2024-05-28 18:29:55.410023]     6.8125 MB /   0.50 sec =  114.2998 Mbps     0 retrans   1881 KB-cwnd
[2024-05-28 18:29:55.910060]     6.4375 MB /   0.50 sec =  107.9994 Mbps     0 retrans   1883 KB-cwnd
[2024-05-28 18:29:56.410150]     3.0000 MB /   0.50 sec =   50.3250 Mbps     0 retrans   1883 KB-cwnd
[2024-05-28 18:29:56.909951]     7.4375 MB /   0.50 sec =  124.8180 Mbps     0 retrans   1883 KB-cwnd
[2024-05-28 18:29:57.410036]     2.8750 MB /   0.50 sec =   48.2245 Mbps     0 retrans   1883 KB-cwnd
[2024-05-28 18:29:57.910134]     6.0625 MB /   0.50 sec =  101.7080 Mbps     0 retrans   1883 KB-cwnd
[2024-05-28 18:29:58.410060]     4.3125 MB /   0.50 sec =   72.3562 Mbps     0 retrans   1945 KB-cwnd
[2024-05-28 18:29:58.910096]     5.9375 MB /   0.50 sec =   99.6129 Mbps     0 retrans   1945 KB-cwnd
[2024-05-28 18:29:59.409991]     1.9375 MB /   0.50 sec =   32.5116 Mbps     0 retrans   1945 KB-cwnd
[2024-05-28 18:29:59.909966]     1.9375 MB /   0.50 sec =   32.5064 Mbps     0 retrans   1945 KB-cwnd
[2024-05-28 18:30:00.410151]     6.0625 MB /   0.50 sec =  101.6818 Mbps     0 retrans   2021 KB-cwnd
[2024-05-28 18:30:00.909955]     6.2500 MB /   0.50 sec =  104.8903 Mbps     0 retrans   2021 KB-cwnd
[2024-05-28 18:30:01.410376]     6.1250 MB /   0.50 sec =  102.7407 Mbps     0 retrans   2021 KB-cwnd
[2024-05-28 18:30:01.910100]     5.7500 MB /   0.50 sec =   96.4653 Mbps     0 retrans   2021 KB-cwnd
[2024-05-28 18:30:02.410058]     5.8125 MB /   0.50 sec =   97.5215 Mbps     0 retrans   2021 KB-cwnd
[2024-05-28 18:30:02.910109]     3.0000 MB /   0.50 sec =   50.3299 Mbps     0 retrans   2021 KB-cwnd
[2024-05-28 18:30:03.410181]     5.8750 MB /   0.50 sec =   98.5742 Mbps     0 retrans   2021 KB-cwnd
[2024-05-28 18:30:03.910081]     4.1875 MB /   0.50 sec =   70.2493 Mbps     0 retrans   2021 KB-cwnd
[2024-05-28 18:30:04.410114]     6.7500 MB /   0.50 sec =  113.2412 Mbps     0 retrans   2021 KB-cwnd
[2024-05-28 18:30:04.910043]     6.7500 MB /   0.50 sec =  113.2616 Mbps     0 retrans   2021 KB-cwnd
[2024-05-28 18:30:05.410192]     6.3750 MB /   0.50 sec =  106.9490 Mbps  1068 retrans   2680 KB-cwnd
[2024-05-28 18:30:05.910066]     6.2500 MB /   0.50 sec =  104.8576 Mbps     0 retrans   2680 KB-cwnd
[2024-05-28 18:30:06.410047]     6.0000 MB /   0.50 sec =  100.6724 Mbps     0 retrans   2680 KB-cwnd
[2024-05-28 18:30:06.909988]     6.7500 MB /   0.50 sec =  113.2476 Mbps     0 retrans   2680 KB-cwnd
[2024-05-28 18:30:07.409995]     7.5000 MB /   0.50 sec =  125.8352 Mbps     0 retrans   2680 KB-cwnd
[2024-05-28 18:30:07.910089]     3.5000 MB /   0.50 sec =   58.7091 Mbps     0 retrans   2680 KB-cwnd
[2024-05-28 18:30:08.410095]     4.1875 MB /   0.50 sec =   70.2529 Mbps     0 retrans   2680 KB-cwnd
[2024-05-28 18:30:08.910098]     6.7500 MB /   0.50 sec =  113.2503 Mbps     0 retrans   2680 KB-cwnd
[2024-05-28 18:30:09.410017]     4.3750 MB /   0.50 sec =   73.4088 Mbps     0 retrans   2680 KB-cwnd
[2024-05-28 18:30:09.910081]     4.8125 MB /   0.50 sec =   80.7352 Mbps     0 retrans   2680 KB-cwnd
[2024-05-28 18:30:10.410058]     1.1250 MB /   0.50 sec =   18.8727 Mbps     0 retrans   2680 KB-cwnd
[2024-05-28 18:30:10.910065]     6.2500 MB /   0.50 sec =  104.8610 Mbps     0 retrans   2680 KB-cwnd
[2024-05-28 18:30:11.410079]     7.1875 MB /   0.50 sec =  120.5877 Mbps     0 retrans   2680 KB-cwnd
[2024-05-28 18:30:11.910002]     5.3750 MB /   0.50 sec =   90.1938 Mbps     0 retrans   2680 KB-cwnd
[2024-05-28 18:30:12.409958]     4.1250 MB /   0.50 sec =   69.2059 Mbps     0 retrans   2680 KB-cwnd
[2024-05-28 18:30:12.910251]     3.3125 MB /   0.50 sec =   55.5639 Mbps     0 retrans   2680 KB-cwnd
[2024-05-28 18:30:13.410126]     5.7500 MB /   0.50 sec =   96.4651 Mbps     0 retrans   2680 KB-cwnd
[2024-05-28 18:30:13.910045]     4.5625 MB /   0.50 sec =   76.5511 Mbps     0 retrans   2680 KB-cwnd
[2024-05-28 18:30:14.409990]     7.1875 MB /   0.50 sec =  120.6055 Mbps     0 retrans   2680 KB-cwnd
[2024-05-28 18:30:14.909995]     5.1250 MB /   0.50 sec =   85.9837 Mbps     0 retrans   2680 KB-cwnd
[2024-05-28 18:30:15.410116]     3.6875 MB /   0.50 sec =   61.8515 Mbps     0 retrans   2680 KB-cwnd
[2024-05-28 18:30:15.910098]     3.6250 MB /   0.50 sec =   60.8201 Mbps     0 retrans   2680 KB-cwnd
[2024-05-28 18:30:16.410244]     5.0000 MB /   0.50 sec =   83.8700 Mbps     0 retrans   2680 KB-cwnd
[2024-05-28 18:30:16.910074]     5.5625 MB /   0.50 sec =   93.3434 Mbps     0 retrans   2680 KB-cwnd
[2024-05-28 18:30:17.410041]     5.0625 MB /   0.50 sec =   84.9379 Mbps     0 retrans   2680 KB-cwnd
[2024-05-28 18:30:17.910154]     1.7500 MB /   0.50 sec =   29.3583 Mbps     0 retrans   2680 KB-cwnd
[2024-05-28 18:30:18.410112]     6.3125 MB /   0.50 sec =  105.9045 Mbps     0 retrans   2680 KB-cwnd
[2024-05-28 18:30:18.910135]     4.1250 MB /   0.50 sec =   69.2059 Mbps     0 retrans   2680 KB-cwnd
[2024-05-28 18:30:19.410006]     5.6875 MB /   0.50 sec =   95.4298 Mbps    52 retrans   2484 KB-cwnd
[2024-05-28 18:30:19.910264]     2.5625 MB /   0.50 sec =   42.9865 Mbps     0 retrans   2484 KB-cwnd
[2024-05-28 18:30:20.409979]     3.4375 MB /   0.50 sec =   57.6851 Mbps     0 retrans   2484 KB-cwnd
[2024-05-28 18:30:20.910056]     4.8750 MB /   0.50 sec =   81.7755 Mbps     0 retrans   2484 KB-cwnd
[2024-05-28 18:30:21.410005]     4.9375 MB /   0.50 sec =   82.8514 Mbps     0 retrans   2531 KB-cwnd
[2024-05-28 18:30:21.909987]     6.3750 MB /   0.50 sec =  106.9539 Mbps     0 retrans   2531 KB-cwnd
[2024-05-28 18:30:22.409979]     5.8750 MB /   0.50 sec =   98.5663 Mbps     0 retrans   2562 KB-cwnd
[2024-05-28 18:30:22.909951]     5.5000 MB /   0.50 sec =   92.2769 Mbps     0 retrans   2562 KB-cwnd
[2024-05-28 18:30:23.410195]     2.8125 MB /   0.50 sec =   47.1685 Mbps     0 retrans   2562 KB-cwnd
[2024-05-28 18:30:23.910038]     4.6875 MB /   0.50 sec =   78.6596 Mbps     0 retrans   2562 KB-cwnd
[2024-05-28 18:30:24.410153]     7.7500 MB /   0.50 sec =  130.0395 Mbps     0 retrans   2562 KB-cwnd
[2024-05-28 18:30:24.910037]     5.3750 MB /   0.50 sec =   90.1662 Mbps     0 retrans   2562 KB-cwnd
[2024-05-28 18:30:25.410060]     3.3125 MB /   0.50 sec =   55.5712 Mbps     0 retrans   2562 KB-cwnd
[2024-05-28 18:30:25.910095]     5.5000 MB /   0.50 sec =   92.2745 Mbps     0 retrans   2562 KB-cwnd
[2024-05-28 18:30:26.409952]     6.7500 MB /   0.50 sec =  113.2707 Mbps     0 retrans   2633 KB-cwnd
[2024-05-28 18:30:26.909947]     4.8125 MB /   0.50 sec =   80.7410 Mbps     0 retrans   2675 KB-cwnd
[2024-05-28 18:30:27.410170]     2.5625 MB /   0.50 sec =   42.9778 Mbps     0 retrans   2731 KB-cwnd
[2024-05-28 18:30:27.910025]     5.5625 MB /   0.50 sec =   93.3459 Mbps     0 retrans   2731 KB-cwnd
[2024-05-28 18:30:28.409980]     7.1250 MB /   0.50 sec =  119.5448 Mbps     0 retrans   2731 KB-cwnd
[2024-05-28 18:30:28.910123]     4.0000 MB /   0.50 sec =   67.0928 Mbps     0 retrans   2731 KB-cwnd
[2024-05-28 18:30:29.410056]     2.8125 MB /   0.50 sec =   47.1888 Mbps     0 retrans   2731 KB-cwnd
[2024-05-28 18:30:29.910515]     0.0000 MB /   0.50 sec =    0.0000 Mbps     0 retrans   2731 KB-cwnd
[2024-05-28 18:30:30.410173]     2.6250 MB /   0.50 sec =   44.0389 Mbps     0 retrans   2731 KB-cwnd
[2024-05-28 18:30:30.910044]     1.3125 MB /   0.50 sec =   22.0253 Mbps     0 retrans   2731 KB-cwnd
[2024-05-28 18:30:31.410084]     3.4375 MB /   0.50 sec =   57.6665 Mbps     0 retrans   2731 KB-cwnd
[2024-05-28 18:30:31.910205]     2.8750 MB /   0.50 sec =   48.2324 Mbps     0 retrans   2731 KB-cwnd
[2024-05-28 18:30:32.410079]     3.1875 MB /   0.50 sec =   53.4771 Mbps     0 retrans   2731 KB-cwnd
[2024-05-28 18:30:32.910080]     2.6250 MB /   0.50 sec =   44.0450 Mbps     0 retrans   2731 KB-cwnd
[2024-05-28 18:30:33.410077]     3.3125 MB /   0.50 sec =   55.5703 Mbps     0 retrans   2731 KB-cwnd
[2024-05-28 18:30:33.910089]     4.5625 MB /   0.50 sec =   76.5460 Mbps     0 retrans   2731 KB-cwnd
[2024-05-28 18:30:34.410200]     6.3125 MB /   0.50 sec =  105.9085 Mbps     0 retrans   2731 KB-cwnd
[2024-05-28 18:30:34.910012]     4.3125 MB /   0.50 sec =   72.3554 Mbps     0 retrans   2731 KB-cwnd
[2024-05-28 18:30:35.410098]     2.6875 MB /   0.50 sec =   45.0848 Mbps     0 retrans   2731 KB-cwnd
[2024-05-28 18:30:35.909944]     2.7500 MB /   0.50 sec =   46.1460 Mbps     0 retrans   2731 KB-cwnd
[2024-05-28 18:30:36.410171]     3.0625 MB /   0.50 sec =   51.3716 Mbps    38 retrans   2930 KB-cwnd
[2024-05-28 18:30:36.910133]     4.5000 MB /   0.50 sec =   75.4935 Mbps     0 retrans   2930 KB-cwnd
[2024-05-28 18:30:37.410155]     4.3125 MB /   0.50 sec =   72.3490 Mbps     0 retrans   2930 KB-cwnd
[2024-05-28 18:30:37.910086]     2.9375 MB /   0.50 sec =   49.2853 Mbps     0 retrans   2930 KB-cwnd
[2024-05-28 18:30:38.410090]     3.8125 MB /   0.50 sec =   63.9649 Mbps     0 retrans   2930 KB-cwnd
[2024-05-28 18:30:38.909919]     4.6250 MB /   0.50 sec =   77.6125 Mbps     0 retrans   2930 KB-cwnd
[2024-05-28 18:30:39.410042]     1.5625 MB /   0.50 sec =   26.2091 Mbps     0 retrans   2930 KB-cwnd
[2024-05-28 18:30:39.910103]     3.1875 MB /   0.50 sec =   53.4737 Mbps     0 retrans   2930 KB-cwnd
[2024-05-28 18:30:40.410090]     2.5625 MB /   0.50 sec =   42.9922 Mbps     0 retrans   2930 KB-cwnd
[2024-05-28 18:30:40.910116]     3.2500 MB /   0.50 sec =   54.5263 Mbps     0 retrans   2930 KB-cwnd
[2024-05-28 18:30:41.410167]     2.0000 MB /   0.50 sec =   33.5518 Mbps     0 retrans   2930 KB-cwnd
[2024-05-28 18:30:41.910001]     1.9375 MB /   0.50 sec =   32.5132 Mbps     0 retrans   2930 KB-cwnd
[2024-05-28 18:30:42.410085]     0.4375 MB /   0.50 sec =    7.3391 Mbps     0 retrans   2930 KB-cwnd
[2024-05-28 18:30:42.910092]     1.3750 MB /   0.50 sec =   23.0686 Mbps     0 retrans   2930 KB-cwnd
[2024-05-28 18:30:43.410125]     3.1875 MB /   0.50 sec =   53.4734 Mbps     0 retrans   2930 KB-cwnd
[2024-05-28 18:30:43.910262]     2.0000 MB /   0.50 sec =   33.5570 Mbps     0 retrans   2930 KB-cwnd
[2024-05-28 18:30:44.410247]     2.3750 MB /   0.50 sec =   39.8384 Mbps     0 retrans   2930 KB-cwnd
[2024-05-28 18:30:44.910086]     1.9375 MB /   0.50 sec =   32.5113 Mbps     0 retrans   2930 KB-cwnd
[2024-05-28 18:30:45.410169]     1.6875 MB /   0.50 sec =   28.3091 Mbps     0 retrans   2930 KB-cwnd
[2024-05-28 18:30:45.910080]     2.3750 MB /   0.50 sec =   39.8507 Mbps     0 retrans   2930 KB-cwnd
[2024-05-28 18:30:46.410087]     1.3750 MB /   0.50 sec =   23.0683 Mbps     0 retrans   2930 KB-cwnd
[2024-05-28 18:30:46.910111]     3.5625 MB /   0.50 sec =   59.7687 Mbps     0 retrans   2930 KB-cwnd
[2024-05-28 18:30:47.410171]     2.3125 MB /   0.50 sec =   38.7934 Mbps     0 retrans   2930 KB-cwnd
[2024-05-28 18:30:47.910077]     3.0625 MB /   0.50 sec =   51.3859 Mbps     0 retrans   2930 KB-cwnd
[2024-05-28 18:30:48.410093]     2.0625 MB /   0.50 sec =   34.6034 Mbps     0 retrans   2930 KB-cwnd
[2024-05-28 18:30:48.909960]     0.4375 MB /   0.50 sec =    7.3415 Mbps     0 retrans   2930 KB-cwnd
[2024-05-28 18:30:49.409995]     1.8750 MB /   0.50 sec =   31.4531 Mbps     0 retrans   2930 KB-cwnd
[2024-05-28 18:30:49.910119]     3.2500 MB /   0.50 sec =   54.5224 Mbps     0 retrans   2930 KB-cwnd
[2024-05-28 18:30:50.410135]     3.5625 MB /   0.50 sec =   59.7779 Mbps     0 retrans   2930 KB-cwnd
[2024-05-28 18:30:50.910000]     2.9375 MB /   0.50 sec =   49.2842 Mbps     0 retrans   2930 KB-cwnd
[2024-05-28 18:30:51.410007]     3.1875 MB /   0.50 sec =   53.4765 Mbps     0 retrans   2930 KB-cwnd
[2024-05-28 18:30:51.909975]     2.5000 MB /   0.50 sec =   41.9444 Mbps     0 retrans   2930 KB-cwnd
[2024-05-28 18:30:52.410082]     0.6250 MB /   0.50 sec =   10.4837 Mbps     0 retrans   2930 KB-cwnd
[2024-05-28 18:30:52.910307]     0.3750 MB /   0.50 sec =    6.2909 Mbps     0 retrans   2930 KB-cwnd
[2024-05-28 18:30:53.410007]     0.4375 MB /   0.50 sec =    7.3416 Mbps     0 retrans   2930 KB-cwnd
End time: 1716935453706
