Start time: 1716923873707
[2024-05-28 15:17:54.814524] nuttcp-r: v8.1.4: socket
[2024-05-28 15:17:54.815295] nuttcp-r: buflen=65536, nstream=1, port=5001 tcp
[2024-05-28 15:17:54.815346] nuttcp-r: interval reporting every 0.50 seconds
[2024-05-28 15:17:54.815383] nuttcp-r: connect to 35.245.244.238 with RTT=118.106 ms af=inet
[2024-05-28 15:17:54.815414] nuttcp-r: send window size = 524288, receive window size = 4194304
[2024-05-28 15:17:54.815444] nuttcp-r: available send window = 393216, available receive window = 3145728
[2024-05-28 15:17:54.815473]     0.0000 MB /   0.50 sec =    0.0000 Mbps     0 retrans      0 KB-cwnd
[2024-05-28 15:17:55.313302]     0.0000 MB /   0.50 sec =    0.0000 Mbps     0 retrans      0 KB-cwnd
[2024-05-28 15:17:55.813607]     0.0000 MB /   0.50 sec =    0.0000 Mbps     0 retrans      0 KB-cwnd
[2024-05-28 15:17:56.314653]     0.0000 MB /   0.50 sec =    0.0000 Mbps     0 retrans      0 KB-cwnd
[2024-05-28 15:17:56.814450]     0.0000 MB /   0.50 sec =    0.0000 Mbps     0 retrans      0 KB-cwnd
[2024-05-28 15:17:57.313355]     0.0000 MB /   0.50 sec =    0.0000 Mbps     0 retrans      0 KB-cwnd
[2024-05-28 15:17:57.813158]     0.0625 MB /   0.50 sec =    1.0491 Mbps     0 retrans     13 KB-cwnd
[2024-05-28 15:17:58.312966]     0.0000 MB /   0.50 sec =    0.0000 Mbps     0 retrans     13 KB-cwnd
[2024-05-28 15:17:58.814356]     0.0000 MB /   0.50 sec =    0.0000 Mbps     0 retrans     13 KB-cwnd
[2024-05-28 15:17:59.314339]     0.0000 MB /   0.50 sec =    0.0000 Mbps     0 retrans     13 KB-cwnd
[2024-05-28 15:17:59.814164]     0.0000 MB /   0.50 sec =    0.0000 Mbps     0 retrans     13 KB-cwnd
[2024-05-28 15:18:00.313164]     0.0000 MB /   0.50 sec =    0.0000 Mbps     0 retrans     13 KB-cwnd
[2024-05-28 15:18:00.814169]     0.0000 MB /   0.50 sec =    0.0000 Mbps     0 retrans     13 KB-cwnd
[2024-05-28 15:18:01.313148]     0.0000 MB /   0.50 sec =    0.0000 Mbps     0 retrans     13 KB-cwnd
[2024-05-28 15:18:01.814229]     0.0000 MB /   0.50 sec =    0.0000 Mbps     0 retrans     13 KB-cwnd
[2024-05-28 15:18:02.313057]     0.0625 MB /   0.50 sec =    1.0509 Mbps     0 retrans     13 KB-cwnd
[2024-05-28 15:18:02.814145]     0.0000 MB /   0.50 sec =    0.0000 Mbps     0 retrans     13 KB-cwnd
[2024-05-28 15:18:03.314206]     0.0000 MB /   0.50 sec =    0.0000 Mbps     0 retrans     13 KB-cwnd
[2024-05-28 15:18:03.814081]     0.0000 MB /   0.50 sec =    0.0000 Mbps     0 retrans     13 KB-cwnd
[2024-05-28 15:18:04.313392]     0.0000 MB /   0.50 sec =    0.0000 Mbps     0 retrans     13 KB-cwnd
[2024-05-28 15:18:04.813056]     0.0000 MB /   0.50 sec =    0.0000 Mbps     0 retrans     13 KB-cwnd
[2024-05-28 15:18:05.313251]     0.0000 MB /   0.50 sec =    0.0000 Mbps     0 retrans     13 KB-cwnd
[2024-05-28 15:18:05.814092]     0.0000 MB /   0.50 sec =    0.0000 Mbps     0 retrans     13 KB-cwnd
[2024-05-28 15:18:06.313222]     0.0625 MB /   0.50 sec =    1.0505 Mbps     0 retrans     13 KB-cwnd
[2024-05-28 15:18:06.814174]     0.0000 MB /   0.50 sec =    0.0000 Mbps     0 retrans     13 KB-cwnd
[2024-05-28 15:18:07.314039]     0.0000 MB /   0.50 sec =    0.0000 Mbps     0 retrans     13 KB-cwnd
[2024-05-28 15:18:07.814225]     0.0000 MB /   0.50 sec =    0.0000 Mbps     0 retrans     13 KB-cwnd
[2024-05-28 15:18:08.313206]     0.0000 MB /   0.50 sec =    0.0000 Mbps     0 retrans     13 KB-cwnd
[2024-05-28 15:18:08.814100]     0.0000 MB /   0.50 sec =    0.0000 Mbps     0 retrans     13 KB-cwnd
[2024-05-28 15:18:09.313465]     0.0000 MB /   0.50 sec =    0.0000 Mbps     0 retrans     13 KB-cwnd
[2024-05-28 15:18:09.813186]     0.0000 MB /   0.50 sec =    0.0000 Mbps     0 retrans     13 KB-cwnd
[2024-05-28 15:18:10.314033]     0.0625 MB /   0.50 sec =    1.0470 Mbps     0 retrans     13 KB-cwnd
[2024-05-28 15:18:10.814248]     0.0000 MB /   0.50 sec =    0.0000 Mbps     0 retrans     13 KB-cwnd
[2024-05-28 15:18:11.313245]     0.0000 MB /   0.50 sec =    0.0000 Mbps     0 retrans     13 KB-cwnd
[2024-05-28 15:18:11.814152]     0.0000 MB /   0.50 sec =    0.0000 Mbps     0 retrans     13 KB-cwnd
[2024-05-28 15:18:12.314293]     0.0000 MB /   0.50 sec =    0.0000 Mbps     0 retrans     13 KB-cwnd
[2024-05-28 15:18:12.813381]     0.0000 MB /   0.50 sec =    0.0000 Mbps     0 retrans     13 KB-cwnd
[2024-05-28 15:18:13.314139]     0.0000 MB /   0.50 sec =    0.0000 Mbps     0 retrans     13 KB-cwnd
[2024-05-28 15:18:13.813354]     0.0000 MB /   0.50 sec =    0.0000 Mbps     0 retrans     13 KB-cwnd
[2024-05-28 15:18:14.314008]     0.0000 MB /   0.50 sec =    0.0000 Mbps     0 retrans     13 KB-cwnd
[2024-05-28 15:18:14.813389]     0.0625 MB /   0.50 sec =    1.0501 Mbps     0 retrans     13 KB-cwnd
[2024-05-28 15:18:15.313442]     0.0000 MB /   0.50 sec =    0.0000 Mbps     0 retrans     13 KB-cwnd
[2024-05-28 15:18:15.813062]     0.0000 MB /   0.50 sec =    0.0000 Mbps     0 retrans     13 KB-cwnd
[2024-05-28 15:18:16.314080]     0.0000 MB /   0.50 sec =    0.0000 Mbps     0 retrans     13 KB-cwnd
[2024-05-28 15:18:16.813326]     0.0000 MB /   0.50 sec =    0.0000 Mbps     0 retrans     13 KB-cwnd
[2024-05-28 15:18:17.313020]     0.0000 MB /   0.50 sec =    0.0000 Mbps     0 retrans     13 KB-cwnd
[2024-05-28 15:18:17.814201]     0.0000 MB /   0.50 sec =    0.0000 Mbps     0 retrans     13 KB-cwnd
[2024-05-28 15:18:18.314162]     0.0000 MB /   0.50 sec =    0.0000 Mbps     0 retrans     13 KB-cwnd
[2024-05-28 15:18:18.813194]     0.0000 MB /   0.50 sec =    0.0000 Mbps     0 retrans     13 KB-cwnd
[2024-05-28 15:18:19.314071]     0.0625 MB /   0.50 sec =    1.0467 Mbps     0 retrans     13 KB-cwnd
[2024-05-28 15:18:19.814179]     0.0000 MB /   0.50 sec =    0.0000 Mbps     0 retrans     13 KB-cwnd
[2024-05-28 15:18:20.313072]     0.0000 MB /   0.50 sec =    0.0000 Mbps     0 retrans     13 KB-cwnd
[2024-05-28 15:18:20.814261]     0.0000 MB /   0.50 sec =    0.0000 Mbps     0 retrans     13 KB-cwnd
[2024-05-28 15:18:21.313271]     0.0000 MB /   0.50 sec =    0.0000 Mbps     0 retrans     13 KB-cwnd
[2024-05-28 15:18:21.814256]     0.0000 MB /   0.50 sec =    0.0000 Mbps     0 retrans     13 KB-cwnd
[2024-05-28 15:18:22.313181]     0.0000 MB /   0.50 sec =    0.0000 Mbps     0 retrans     13 KB-cwnd
[2024-05-28 15:18:22.814314]     0.0000 MB /   0.50 sec =    0.0000 Mbps     0 retrans     13 KB-cwnd
[2024-05-28 15:18:23.313304]     0.0625 MB /   0.50 sec =    1.0507 Mbps     0 retrans     13 KB-cwnd
[2024-05-28 15:18:23.814261]     0.0000 MB /   0.50 sec =    0.0000 Mbps     0 retrans     13 KB-cwnd
[2024-05-28 15:18:24.314466]     0.0000 MB /   0.50 sec =    0.0000 Mbps     0 retrans     13 KB-cwnd
[2024-05-28 15:18:24.813049]     0.0000 MB /   0.50 sec =    0.0000 Mbps     0 retrans     13 KB-cwnd
[2024-05-28 15:18:25.313283]     0.0000 MB /   0.50 sec =    0.0000 Mbps     0 retrans     13 KB-cwnd
[2024-05-28 15:18:25.813196]     0.0000 MB /   0.50 sec =    0.0000 Mbps     0 retrans     13 KB-cwnd
[2024-05-28 15:18:26.314631]     0.0000 MB /   0.50 sec =    0.0000 Mbps     0 retrans     13 KB-cwnd
[2024-05-28 15:18:26.814167]     0.0000 MB /   0.50 sec =    0.0000 Mbps     0 retrans     13 KB-cwnd
[2024-05-28 15:18:27.314213]     0.0625 MB /   0.50 sec =    1.0486 Mbps     0 retrans     13 KB-cwnd
[2024-05-28 15:18:27.814124]     0.0000 MB /   0.50 sec =    0.0000 Mbps     0 retrans     13 KB-cwnd
[2024-05-28 15:18:28.313028]     0.0000 MB /   0.50 sec =    0.0000 Mbps     0 retrans     13 KB-cwnd
[2024-05-28 15:18:28.813257]     0.0000 MB /   0.50 sec =    0.0000 Mbps     0 retrans     13 KB-cwnd
[2024-05-28 15:18:29.314321]     0.0000 MB /   0.50 sec =    0.0000 Mbps     0 retrans     13 KB-cwnd
[2024-05-28 15:18:29.813171]     0.0000 MB /   0.50 sec =    0.0000 Mbps     0 retrans     13 KB-cwnd
[2024-05-28 15:18:30.314160]     0.0000 MB /   0.50 sec =    0.0000 Mbps     0 retrans     13 KB-cwnd
[2024-05-28 15:18:30.813066]     0.0000 MB /   0.50 sec =    0.0000 Mbps     0 retrans     13 KB-cwnd
[2024-05-28 15:18:31.313263]     0.0000 MB /   0.50 sec =    0.0000 Mbps     0 retrans     13 KB-cwnd
[2024-05-28 15:18:31.814638]     0.0625 MB /   0.50 sec =    1.0459 Mbps     0 retrans     13 KB-cwnd
[2024-05-28 15:18:32.314224]     0.0000 MB /   0.50 sec =    0.0000 Mbps     0 retrans     13 KB-cwnd
[2024-05-28 15:18:32.813166]     0.0000 MB /   0.50 sec =    0.0000 Mbps     0 retrans     13 KB-cwnd
[2024-05-28 15:18:33.314187]     0.0000 MB /   0.50 sec =    0.0000 Mbps     0 retrans     13 KB-cwnd
[2024-05-28 15:18:33.814206]     0.0000 MB /   0.50 sec =    0.0000 Mbps     0 retrans     13 KB-cwnd
[2024-05-28 15:18:34.313230]     0.0000 MB /   0.50 sec =    0.0000 Mbps     0 retrans     13 KB-cwnd
[2024-05-28 15:18:34.813036]     0.0000 MB /   0.50 sec =    0.0000 Mbps     0 retrans     13 KB-cwnd
[2024-05-28 15:18:35.313231]     0.0000 MB /   0.50 sec =    0.0000 Mbps     0 retrans     13 KB-cwnd
[2024-05-28 15:18:35.813201]     0.0625 MB /   0.50 sec =    1.0486 Mbps     0 retrans     13 KB-cwnd
[2024-05-28 15:18:36.314264]     0.0000 MB /   0.50 sec =    0.0000 Mbps     0 retrans     13 KB-cwnd
[2024-05-28 15:18:36.813288]     0.0000 MB /   0.50 sec =    0.0000 Mbps     0 retrans     13 KB-cwnd
[2024-05-28 15:18:37.313190]     0.0000 MB /   0.50 sec =    0.0000 Mbps     0 retrans     13 KB-cwnd
[2024-05-28 15:18:37.814207]     0.0000 MB /   0.50 sec =    0.0000 Mbps     0 retrans     13 KB-cwnd
[2024-05-28 15:18:38.313076]     0.0000 MB /   0.50 sec =    0.0000 Mbps     0 retrans     13 KB-cwnd
[2024-05-28 15:18:38.814091]     0.0000 MB /   0.50 sec =    0.0000 Mbps     0 retrans     13 KB-cwnd
[2024-05-28 15:18:39.314116]     0.0000 MB /   0.50 sec =    0.0000 Mbps     0 retrans     13 KB-cwnd
[2024-05-28 15:18:39.814238]     0.0000 MB /   0.50 sec =    0.0000 Mbps     0 retrans     13 KB-cwnd
[2024-05-28 15:18:40.313047]     0.0625 MB /   0.50 sec =    1.0509 Mbps     0 retrans     13 KB-cwnd
[2024-05-28 15:18:40.813229]     0.0000 MB /   0.50 sec =    0.0000 Mbps     0 retrans     13 KB-cwnd
[2024-05-28 15:18:41.313209]     0.0000 MB /   0.50 sec =    0.0000 Mbps     0 retrans     13 KB-cwnd
[2024-05-28 15:18:41.814135]     0.0000 MB /   0.50 sec =    0.0000 Mbps     0 retrans     13 KB-cwnd
[2024-05-28 15:18:42.313098]     0.0000 MB /   0.50 sec =    0.0000 Mbps     0 retrans     13 KB-cwnd
[2024-05-28 15:18:42.814327]     0.0000 MB /   0.50 sec =    0.0000 Mbps     0 retrans     13 KB-cwnd
[2024-05-28 15:18:43.313449]     0.0000 MB /   0.50 sec =    0.0000 Mbps     0 retrans     13 KB-cwnd
[2024-05-28 15:18:43.814634]     0.0000 MB /   0.50 sec =    0.0000 Mbps     0 retrans     13 KB-cwnd
[2024-05-28 15:18:44.313050]     0.0625 MB /   0.50 sec =    1.0518 Mbps     0 retrans     13 KB-cwnd
[2024-05-28 15:18:44.813054]     0.0000 MB /   0.50 sec =    0.0000 Mbps     0 retrans     13 KB-cwnd
[2024-05-28 15:18:45.313084]     0.0000 MB /   0.50 sec =    0.0000 Mbps     0 retrans     13 KB-cwnd
[2024-05-28 15:18:45.813075]     0.0000 MB /   0.50 sec =    0.0000 Mbps     0 retrans     13 KB-cwnd
[2024-05-28 15:18:46.313244]     0.0000 MB /   0.50 sec =    0.0000 Mbps     0 retrans     13 KB-cwnd
[2024-05-28 15:18:46.813329]     0.0000 MB /   0.50 sec =    0.0000 Mbps     0 retrans     13 KB-cwnd
[2024-05-28 15:18:47.314150]     0.0000 MB /   0.50 sec =    0.0000 Mbps     0 retrans     13 KB-cwnd
[2024-05-28 15:18:47.813210]     0.0000 MB /   0.50 sec =    0.0000 Mbps     0 retrans     13 KB-cwnd
[2024-05-28 15:18:48.313069]     0.0000 MB /   0.50 sec =    0.0000 Mbps     0 retrans     13 KB-cwnd
[2024-05-28 15:18:48.814086]     0.0625 MB /   0.50 sec =    1.0474 Mbps     0 retrans     13 KB-cwnd
[2024-05-28 15:18:49.313411]     0.0000 MB /   0.50 sec =    0.0000 Mbps     0 retrans     13 KB-cwnd
[2024-05-28 15:18:49.814113]     0.0000 MB /   0.50 sec =    0.0000 Mbps     0 retrans     13 KB-cwnd
[2024-05-28 15:18:50.313317]     0.0000 MB /   0.50 sec =    0.0000 Mbps     0 retrans     13 KB-cwnd
[2024-05-28 15:18:50.813198]     0.0000 MB /   0.50 sec =    0.0000 Mbps     0 retrans     13 KB-cwnd
[2024-05-28 15:18:51.314363]     0.0000 MB /   0.50 sec =    0.0000 Mbps     0 retrans     13 KB-cwnd
[2024-05-28 15:18:51.813289]     0.0000 MB /   0.50 sec =    0.0000 Mbps     0 retrans     13 KB-cwnd
[2024-05-28 15:18:52.314121]     0.0000 MB /   0.50 sec =    0.0000 Mbps     0 retrans     13 KB-cwnd
[2024-05-28 15:18:52.814297]     0.0000 MB /   0.50 sec =    0.0000 Mbps     0 retrans     13 KB-cwnd
[2024-05-28 15:18:53.313178]     0.0625 MB /   0.50 sec =    1.0510 Mbps     0 retrans     13 KB-cwnd
[2024-05-28 15:18:53.814105]     0.0000 MB /   0.50 sec =    0.0000 Mbps     0 retrans     13 KB-cwnd
[2024-05-28 15:18:54.313331]     0.0000 MB /   0.50 sec =    0.0000 Mbps     0 retrans     13 KB-cwnd
[2024-05-28 15:18:54.813158]     0.0000 MB /   0.50 sec =    0.0000 Mbps     0 retrans     13 KB-cwnd
[2024-05-28 15:18:55.313014]     0.0000 MB /   0.50 sec =    0.0000 Mbps     0 retrans     13 KB-cwnd
[2024-05-28 15:18:55.813206]     0.0000 MB /   0.50 sec =    0.0000 Mbps     0 retrans     13 KB-cwnd
[2024-05-28 15:18:56.313235]     0.0000 MB /   0.50 sec =    0.0000 Mbps     0 retrans     13 KB-cwnd
[2024-05-28 15:18:56.814297]     0.0000 MB /   0.50 sec =    0.0000 Mbps     0 retrans     13 KB-cwnd
[2024-05-28 15:18:57.314247]     0.0000 MB /   0.50 sec =    0.0000 Mbps     0 retrans     13 KB-cwnd
[2024-05-28 15:18:57.813071]     0.0625 MB /   0.50 sec =    1.0509 Mbps     0 retrans     13 KB-cwnd
[2024-05-28 15:18:58.313545]     0.0000 MB /   0.50 sec =    0.0000 Mbps     0 retrans     13 KB-cwnd
[2024-05-28 15:18:58.814314]     0.0000 MB /   0.50 sec =    0.0000 Mbps     0 retrans     13 KB-cwnd
[2024-05-28 15:18:59.314235]     0.0000 MB /   0.50 sec =    0.0000 Mbps     0 retrans     13 KB-cwnd
[2024-05-28 15:18:59.813293]     0.0000 MB /   0.50 sec =    0.0000 Mbps     0 retrans     13 KB-cwnd
[2024-05-28 15:19:00.313211]     0.0000 MB /   0.50 sec =    0.0000 Mbps     0 retrans     13 KB-cwnd
[2024-05-28 15:19:00.813084]     0.0000 MB /   0.50 sec =    0.0000 Mbps     0 retrans     13 KB-cwnd
[2024-05-28 15:19:01.313539]     0.0000 MB /   0.50 sec =    0.0000 Mbps     0 retrans     13 KB-cwnd
[2024-05-28 15:19:01.813787]     0.0000 MB /   0.50 sec =    0.0000 Mbps     0 retrans     13 KB-cwnd
[2024-05-28 15:19:02.313299]     0.0625 MB /   0.50 sec =    1.0494 Mbps     0 retrans     13 KB-cwnd
[2024-05-28 15:19:02.813187]     0.0000 MB /   0.50 sec =    0.0000 Mbps     0 retrans     13 KB-cwnd
[2024-05-28 15:19:03.314229]     0.0000 MB /   0.50 sec =    0.0000 Mbps     0 retrans     13 KB-cwnd
[2024-05-28 15:19:03.813158]     0.0000 MB /   0.50 sec =    0.0000 Mbps     0 retrans     13 KB-cwnd
[2024-05-28 15:19:04.313146]     0.0000 MB /   0.50 sec =    0.0000 Mbps     0 retrans     13 KB-cwnd
[2024-05-28 15:19:04.813887]     0.0000 MB /   0.50 sec =    0.0000 Mbps     0 retrans     13 KB-cwnd
[2024-05-28 15:19:05.313309]     0.0000 MB /   0.50 sec =    0.0000 Mbps     0 retrans     13 KB-cwnd
[2024-05-28 15:19:05.813132]     0.0000 MB /   0.50 sec =    0.0000 Mbps     0 retrans     13 KB-cwnd
[2024-05-28 15:19:06.313192]     0.0000 MB /   0.50 sec =    0.0000 Mbps     0 retrans     13 KB-cwnd
[2024-05-28 15:19:06.814179]     0.0625 MB /   0.50 sec =    1.0465 Mbps     0 retrans     13 KB-cwnd
[2024-05-28 15:19:07.313510]     0.0000 MB /   0.50 sec =    0.0000 Mbps     0 retrans     13 KB-cwnd
[2024-05-28 15:19:07.814160]     0.0000 MB /   0.50 sec =    0.0000 Mbps     0 retrans     13 KB-cwnd
[2024-05-28 15:19:08.313185]     0.0000 MB /   0.50 sec =    0.0000 Mbps     0 retrans     13 KB-cwnd
[2024-05-28 15:19:08.814087]     0.0000 MB /   0.50 sec =    0.0000 Mbps     0 retrans     13 KB-cwnd
[2024-05-28 15:19:09.314280]     0.0000 MB /   0.50 sec =    0.0000 Mbps     0 retrans     13 KB-cwnd
[2024-05-28 15:19:09.813274]     0.0000 MB /   0.50 sec =    0.0000 Mbps     0 retrans     13 KB-cwnd
[2024-05-28 15:19:10.313226]     0.0000 MB /   0.50 sec =    0.0000 Mbps     0 retrans     13 KB-cwnd
[2024-05-28 15:19:10.814126]     0.0625 MB /   0.50 sec =    1.0466 Mbps     0 retrans     13 KB-cwnd
[2024-05-28 15:19:11.314166]     0.0000 MB /   0.50 sec =    0.0000 Mbps     0 retrans     13 KB-cwnd
[2024-05-28 15:19:11.813163]     0.0000 MB /   0.50 sec =    0.0000 Mbps     0 retrans     13 KB-cwnd
[2024-05-28 15:19:12.314285]     0.0000 MB /   0.50 sec =    0.0000 Mbps     0 retrans     13 KB-cwnd
[2024-05-28 15:19:12.813247]     0.0000 MB /   0.50 sec =    0.0000 Mbps     0 retrans     13 KB-cwnd
[2024-05-28 15:19:13.313203]     0.0000 MB /   0.50 sec =    0.0000 Mbps     0 retrans     13 KB-cwnd
[2024-05-28 15:19:13.814101]     0.0000 MB /   0.50 sec =    0.0000 Mbps     0 retrans     13 KB-cwnd
[2024-05-28 15:19:14.314168]     0.0000 MB /   0.50 sec =    0.0000 Mbps     0 retrans     13 KB-cwnd
[2024-05-28 15:19:14.813234]     0.0625 MB /   0.50 sec =    1.0505 Mbps     0 retrans     13 KB-cwnd
[2024-05-28 15:19:15.314132]     0.0000 MB /   0.50 sec =    0.0000 Mbps     0 retrans     13 KB-cwnd
[2024-05-28 15:19:15.814143]     0.0000 MB /   0.50 sec =    0.0000 Mbps     0 retrans     13 KB-cwnd
[2024-05-28 15:19:16.314140]     0.0000 MB /   0.50 sec =    0.0000 Mbps     0 retrans     13 KB-cwnd
[2024-05-28 15:19:16.814239]     0.0000 MB /   0.50 sec =    0.0000 Mbps     0 retrans     13 KB-cwnd
[2024-05-28 15:19:17.313515]     0.0000 MB /   0.50 sec =    0.0000 Mbps     0 retrans     13 KB-cwnd
[2024-05-28 15:19:17.813040]     0.0000 MB /   0.50 sec =    0.0000 Mbps     0 retrans     13 KB-cwnd
[2024-05-28 15:19:18.314102]     0.0000 MB /   0.50 sec =    0.0000 Mbps     0 retrans     13 KB-cwnd
[2024-05-28 15:19:18.814174]     0.0000 MB /   0.50 sec =    0.0000 Mbps     0 retrans     13 KB-cwnd
[2024-05-28 15:19:19.314099]     0.0625 MB /   0.50 sec =    1.0487 Mbps     0 retrans     13 KB-cwnd
[2024-05-28 15:19:19.814026]     0.0000 MB /   0.50 sec =    0.0000 Mbps     0 retrans     13 KB-cwnd
[2024-05-28 15:19:20.314174]     0.0000 MB /   0.50 sec =    0.0000 Mbps     0 retrans     13 KB-cwnd
[2024-05-28 15:19:20.813080]     0.0000 MB /   0.50 sec =    0.0000 Mbps     0 retrans     13 KB-cwnd
[2024-05-28 15:19:21.313032]     0.0000 MB /   0.50 sec =    0.0000 Mbps     0 retrans     13 KB-cwnd
[2024-05-28 15:19:21.813729]     0.0000 MB /   0.50 sec =    0.0000 Mbps     0 retrans     13 KB-cwnd
[2024-05-28 15:19:22.314125]     0.0000 MB /   0.50 sec =    0.0000 Mbps     0 retrans     13 KB-cwnd
[2024-05-28 15:19:22.813126]     0.0000 MB /   0.50 sec =    0.0000 Mbps     0 retrans     13 KB-cwnd
[2024-05-28 15:19:23.313357]     0.0000 MB /   0.50 sec =    0.0000 Mbps     0 retrans     13 KB-cwnd
[2024-05-28 15:19:23.813218]     0.0625 MB /   0.50 sec =    1.0487 Mbps     0 retrans     13 KB-cwnd
[2024-05-28 15:19:24.313267]     0.0000 MB /   0.50 sec =    0.0000 Mbps     0 retrans     13 KB-cwnd
[2024-05-28 15:19:24.814140]     0.0000 MB /   0.50 sec =    0.0000 Mbps     0 retrans     13 KB-cwnd
[2024-05-28 15:19:25.313152]     0.0000 MB /   0.50 sec =    0.0000 Mbps     0 retrans     13 KB-cwnd
[2024-05-28 15:19:25.814248]     0.0000 MB /   0.50 sec =    0.0000 Mbps     0 retrans     13 KB-cwnd
[2024-05-28 15:19:26.314046]     0.0000 MB /   0.50 sec =    0.0000 Mbps     0 retrans     13 KB-cwnd
[2024-05-28 15:19:26.813207]     0.0000 MB /   0.50 sec =    0.0000 Mbps     0 retrans     13 KB-cwnd
[2024-05-28 15:19:27.313091]     0.0000 MB /   0.50 sec =    0.0000 Mbps     0 retrans     13 KB-cwnd
[2024-05-28 15:19:27.814466]     0.0625 MB /   0.50 sec =    1.0460 Mbps     0 retrans     13 KB-cwnd
[2024-05-28 15:19:28.313231]     0.0000 MB /   0.50 sec =    0.0000 Mbps     0 retrans     13 KB-cwnd
[2024-05-28 15:19:28.813235]     0.0000 MB /   0.50 sec =    0.0000 Mbps     0 retrans     13 KB-cwnd
[2024-05-28 15:19:29.314109]     0.0000 MB /   0.50 sec =    0.0000 Mbps     0 retrans     13 KB-cwnd
[2024-05-28 15:19:29.813929]     0.0000 MB /   0.50 sec =    0.0000 Mbps     0 retrans     13 KB-cwnd
[2024-05-28 15:19:30.314129]     0.0000 MB /   0.50 sec =    0.0000 Mbps     0 retrans     13 KB-cwnd
[2024-05-28 15:19:30.813073]     0.0000 MB /   0.50 sec =    0.0000 Mbps     0 retrans     13 KB-cwnd
[2024-05-28 15:19:31.313198]     0.0000 MB /   0.50 sec =    0.0000 Mbps     0 retrans     13 KB-cwnd
[2024-05-28 15:19:31.814252]     0.0625 MB /   0.50 sec =    1.0465 Mbps     0 retrans     13 KB-cwnd
[2024-05-28 15:19:32.314026]     0.0000 MB /   0.50 sec =    0.0000 Mbps     0 retrans     13 KB-cwnd
[2024-05-28 15:19:32.813183]     0.0000 MB /   0.50 sec =    0.0000 Mbps     0 retrans     13 KB-cwnd
[2024-05-28 15:19:33.314046]     0.0000 MB /   0.50 sec =    0.0000 Mbps     0 retrans     13 KB-cwnd
[2024-05-28 15:19:33.813268]     0.0000 MB /   0.50 sec =    0.0000 Mbps     0 retrans     13 KB-cwnd
[2024-05-28 15:19:34.314140]     0.0000 MB /   0.50 sec =    0.0000 Mbps     0 retrans     13 KB-cwnd
[2024-05-28 15:19:34.814532]     0.0000 MB /   0.50 sec =    0.0000 Mbps     0 retrans     13 KB-cwnd
[2024-05-28 15:19:35.314239]     0.0000 MB /   0.50 sec =    0.0000 Mbps     0 retrans     13 KB-cwnd
[2024-05-28 15:19:35.814132]     0.0000 MB /   0.50 sec =    0.0000 Mbps     0 retrans     13 KB-cwnd
[2024-05-28 15:19:36.313241]     0.0625 MB /   0.50 sec =    1.0505 Mbps     0 retrans     13 KB-cwnd
[2024-05-28 15:19:36.814898]     0.0000 MB /   0.50 sec =    0.0000 Mbps     0 retrans     13 KB-cwnd
[2024-05-28 15:19:37.314126]     0.0000 MB /   0.50 sec =    0.0000 Mbps     0 retrans     13 KB-cwnd
[2024-05-28 15:19:37.813334]     0.0000 MB /   0.50 sec =    0.0000 Mbps     0 retrans     13 KB-cwnd
[2024-05-28 15:19:38.314152]     0.0000 MB /   0.50 sec =    0.0000 Mbps     0 retrans     13 KB-cwnd
[2024-05-28 15:19:38.814170]     0.0000 MB /   0.50 sec =    0.0000 Mbps     0 retrans     13 KB-cwnd
[2024-05-28 15:19:39.314217]     0.0000 MB /   0.50 sec =    0.0000 Mbps     0 retrans     13 KB-cwnd
[2024-05-28 15:19:39.814164]     0.0000 MB /   0.50 sec =    0.0000 Mbps     0 retrans     13 KB-cwnd
[2024-05-28 15:19:40.313195]     0.0000 MB /   0.50 sec =    0.0000 Mbps     0 retrans     13 KB-cwnd
[2024-05-28 15:19:40.814333]     0.0625 MB /   0.50 sec =    1.0465 Mbps     0 retrans     13 KB-cwnd
[2024-05-28 15:19:41.314118]     0.0000 MB /   0.50 sec =    0.0000 Mbps     0 retrans     13 KB-cwnd
[2024-05-28 15:19:41.813157]     0.0000 MB /   0.50 sec =    0.0000 Mbps     0 retrans     13 KB-cwnd
[2024-05-28 15:19:42.314093]     0.0000 MB /   0.50 sec =    0.0000 Mbps     0 retrans     13 KB-cwnd
[2024-05-28 15:19:42.814814]     0.0000 MB /   0.50 sec =    0.0000 Mbps     0 retrans     13 KB-cwnd
[2024-05-28 15:19:43.313581]     0.0000 MB /   0.50 sec =    0.0000 Mbps     0 retrans     13 KB-cwnd
[2024-05-28 15:19:43.813195]     0.0000 MB /   0.50 sec =    0.0000 Mbps     0 retrans     13 KB-cwnd
[2024-05-28 15:19:44.313954]     0.0000 MB /   0.50 sec =    0.0000 Mbps     0 retrans     13 KB-cwnd
[2024-05-28 15:19:44.813009]     0.0000 MB /   0.50 sec =    0.0000 Mbps     0 retrans     13 KB-cwnd
[2024-05-28 15:19:45.313534]     0.0625 MB /   0.50 sec =    1.0475 Mbps     0 retrans     13 KB-cwnd
[2024-05-28 15:19:45.813613]     0.0000 MB /   0.50 sec =    0.0000 Mbps     0 retrans     13 KB-cwnd
[2024-05-28 15:19:46.313207]     0.0000 MB /   0.50 sec =    0.0000 Mbps     0 retrans     13 KB-cwnd
[2024-05-28 15:19:46.814121]     0.0000 MB /   0.50 sec =    0.0000 Mbps     0 retrans     13 KB-cwnd
[2024-05-28 15:19:47.314084]     0.0000 MB /   0.50 sec =    0.0000 Mbps     0 retrans     13 KB-cwnd
[2024-05-28 15:19:47.813029]     0.0000 MB /   0.50 sec =    0.0000 Mbps     0 retrans     13 KB-cwnd
[2024-05-28 15:19:48.314032]     0.0000 MB /   0.50 sec =    0.0000 Mbps     0 retrans     13 KB-cwnd
[2024-05-28 15:19:48.814225]     0.0000 MB /   0.50 sec =    0.0000 Mbps     0 retrans     13 KB-cwnd
[2024-05-28 15:19:49.313203]     0.0000 MB /   0.50 sec =    0.0000 Mbps     0 retrans     13 KB-cwnd
[2024-05-28 15:19:49.813092]     0.0625 MB /   0.50 sec =    1.0487 Mbps     0 retrans     13 KB-cwnd
[2024-05-28 15:19:50.314234]     0.0000 MB /   0.50 sec =    0.0000 Mbps     0 retrans     13 KB-cwnd
[2024-05-28 15:19:50.813227]     0.0000 MB /   0.50 sec =    0.0000 Mbps     0 retrans     13 KB-cwnd
[2024-05-28 15:19:51.314016]     0.0000 MB /   0.50 sec =    0.0000 Mbps     0 retrans     13 KB-cwnd
[2024-05-28 15:19:51.815621]     0.0000 MB /   0.50 sec =    0.0000 Mbps     0 retrans     13 KB-cwnd
[2024-05-28 15:19:52.313200]     0.0000 MB /   0.50 sec =    0.0000 Mbps     0 retrans     13 KB-cwnd
[2024-05-28 15:19:52.814225]     0.0000 MB /   0.50 sec =    0.0000 Mbps     0 retrans     13 KB-cwnd
[2024-05-28 15:19:53.313171]     0.0000 MB /   0.50 sec =    0.0000 Mbps     0 retrans     13 KB-cwnd
[2024-05-28 15:19:53.813109]     0.0625 MB /   0.50 sec =    1.0486 Mbps     0 retrans     13 KB-cwnd
[2024-05-28 15:19:54.313075]     0.0000 MB /   0.50 sec =    0.0000 Mbps     0 retrans     13 KB-cwnd
[2024-05-28 15:19:54.813197]     0.0000 MB /   0.50 sec =    0.0000 Mbps     0 retrans     13 KB-cwnd
[2024-05-28 15:19:55.313249]     0.0000 MB /   0.50 sec =    0.0000 Mbps     0 retrans     13 KB-cwnd
[2024-05-28 15:19:55.814314]     0.0000 MB /   0.50 sec =    0.0000 Mbps     0 retrans     13 KB-cwnd
[2024-05-28 15:19:56.313078]     0.0000 MB /   0.50 sec =    0.0000 Mbps     0 retrans     13 KB-cwnd
[2024-05-28 15:19:56.813127]     0.0000 MB /   0.50 sec =    0.0000 Mbps     0 retrans     13 KB-cwnd
[2024-05-28 15:19:57.314113]     0.0000 MB /   0.50 sec =    0.0000 Mbps     0 retrans     13 KB-cwnd
[2024-05-28 15:19:57.813045]     0.0000 MB /   0.50 sec =    0.0000 Mbps     0 retrans     13 KB-cwnd
[2024-05-28 15:19:58.313184]     0.0625 MB /   0.50 sec =    1.0483 Mbps     0 retrans     13 KB-cwnd
[2024-05-28 15:19:58.813825]     0.0000 MB /   0.50 sec =    0.0000 Mbps     0 retrans     13 KB-cwnd
[2024-05-28 15:19:59.314176]     0.0000 MB /   0.50 sec =    0.0000 Mbps     0 retrans     13 KB-cwnd
[2024-05-28 15:19:59.813024]     0.0000 MB /   0.50 sec =    0.0000 Mbps     0 retrans     13 KB-cwnd
[2024-05-28 15:20:00.314154]     0.0000 MB /   0.50 sec =    0.0000 Mbps     0 retrans     13 KB-cwnd
[2024-05-28 15:20:00.814312]     0.0000 MB /   0.50 sec =    0.0000 Mbps     0 retrans     13 KB-cwnd
[2024-05-28 15:20:01.313019]     0.0000 MB /   0.50 sec =    0.0000 Mbps     0 retrans     13 KB-cwnd
[2024-05-28 15:20:01.814169]     0.0000 MB /   0.50 sec =    0.0000 Mbps     0 retrans     13 KB-cwnd
[2024-05-28 15:20:02.313099]     0.0000 MB /   0.50 sec =    0.0000 Mbps     0 retrans     13 KB-cwnd
[2024-05-28 15:20:02.814114]     0.0625 MB /   0.50 sec =    1.0465 Mbps     0 retrans     13 KB-cwnd
[2024-05-28 15:20:03.313219]     0.0000 MB /   0.50 sec =    0.0000 Mbps     0 retrans     13 KB-cwnd
[2024-05-28 15:20:03.814943]     0.0000 MB /   0.50 sec =    0.0000 Mbps     0 retrans     13 KB-cwnd
[2024-05-28 15:20:04.314094]     0.0000 MB /   0.50 sec =    0.0000 Mbps     0 retrans     13 KB-cwnd
[2024-05-28 15:20:04.814234]     0.0000 MB /   0.50 sec =    0.0000 Mbps     0 retrans     13 KB-cwnd
[2024-05-28 15:20:05.314311]     0.0000 MB /   0.50 sec =    0.0000 Mbps     0 retrans     13 KB-cwnd
[2024-05-28 15:20:05.814138]     0.0000 MB /   0.50 sec =    0.0000 Mbps     0 retrans     13 KB-cwnd
[2024-05-28 15:20:06.313111]     0.0625 MB /   0.50 sec =    1.0507 Mbps     0 retrans     13 KB-cwnd
[2024-05-28 15:20:06.814165]     0.0000 MB /   0.50 sec =    0.0000 Mbps     0 retrans     13 KB-cwnd
[2024-05-28 15:20:07.313014]     0.0000 MB /   0.50 sec =    0.0000 Mbps     0 retrans     13 KB-cwnd
[2024-05-28 15:20:07.813671]     0.0000 MB /   0.50 sec =    0.0000 Mbps     0 retrans     13 KB-cwnd
[2024-05-28 15:20:08.313975]     0.0000 MB /   0.50 sec =    0.0000 Mbps     0 retrans     13 KB-cwnd
[2024-05-28 15:20:08.814101]     0.0000 MB /   0.50 sec =    0.0000 Mbps     0 retrans     13 KB-cwnd
[2024-05-28 15:20:09.314018]     0.0000 MB /   0.50 sec =    0.0000 Mbps     0 retrans     13 KB-cwnd
[2024-05-28 15:20:09.813195]     0.0000 MB /   0.50 sec =    0.0000 Mbps     0 retrans     13 KB-cwnd
[2024-05-28 15:20:10.313205]     0.0000 MB /   0.50 sec =    0.0000 Mbps     0 retrans     13 KB-cwnd
[2024-05-28 15:20:10.813069]     0.0625 MB /   0.50 sec =    1.0489 Mbps     0 retrans     13 KB-cwnd
[2024-05-28 15:20:11.313170]     0.0000 MB /   0.50 sec =    0.0000 Mbps     0 retrans     13 KB-cwnd
[2024-05-28 15:20:11.813201]     0.0000 MB /   0.50 sec =    0.0000 Mbps     0 retrans     13 KB-cwnd
[2024-05-28 15:20:12.314088]     0.0000 MB /   0.50 sec =    0.0000 Mbps     0 retrans     13 KB-cwnd
[2024-05-28 15:20:12.814324]     0.0000 MB /   0.50 sec =    0.0000 Mbps     0 retrans     13 KB-cwnd
[2024-05-28 15:20:13.312913]     0.0000 MB /   0.50 sec =    0.0000 Mbps     0 retrans     13 KB-cwnd
End time: 1716924013771
