Start time: 1716936658839
[2024-05-28 18:50:59.609818] nuttcp-r: v8.1.4: socket
[2024-05-28 18:50:59.610654] nuttcp-r: buflen=65536, nstream=1, port=5003 tcp
[2024-05-28 18:50:59.610732] nuttcp-r: interval reporting every 0.50 seconds
[2024-05-28 18:50:59.610782] nuttcp-r: connect to 35.245.244.238 with RTT=45.273 ms af=inet
[2024-05-28 18:50:59.610829] nuttcp-r: send window size = 1048576, receive window size = 1048576
[2024-05-28 18:50:59.610875] nuttcp-r: available send window = 786432, available receive window = 786432
[2024-05-28 18:50:59.610918]     0.8125 MB /   0.50 sec =   13.6162 Mbps     0 retrans     13 KB-cwnd
[2024-05-28 18:51:00.109710]     1.5625 MB /   0.50 sec =   26.2411 Mbps     0 retrans     13 KB-cwnd
[2024-05-28 18:51:00.609745]     1.9375 MB /   0.50 sec =   32.5046 Mbps     0 retrans     13 KB-cwnd
[2024-05-28 18:51:01.110762]     1.3750 MB /   0.50 sec =   23.0191 Mbps     0 retrans     13 KB-cwnd
[2024-05-28 18:51:01.609292]     2.1875 MB /   0.50 sec =   36.7784 Mbps     0 retrans     13 KB-cwnd
[2024-05-28 18:51:02.109281]     2.0000 MB /   0.50 sec =   33.5538 Mbps     0 retrans     13 KB-cwnd
[2024-05-28 18:51:02.609232]     4.4375 MB /   0.50 sec =   74.4528 Mbps     0 retrans     13 KB-cwnd
[2024-05-28 18:51:03.109323]     0.3125 MB /   0.50 sec =    5.2422 Mbps     0 retrans     13 KB-cwnd
[2024-05-28 18:51:03.610924]     2.4375 MB /   0.50 sec =   40.7696 Mbps     0 retrans     13 KB-cwnd
[2024-05-28 18:51:04.109873]     1.8125 MB /   0.50 sec =   30.5069 Mbps     0 retrans     13 KB-cwnd
[2024-05-28 18:51:04.609182]     4.5625 MB /   0.50 sec =   76.5483 Mbps     0 retrans     13 KB-cwnd
[2024-05-28 18:51:05.109043]     4.3125 MB /   0.50 sec =   72.3577 Mbps     0 retrans     13 KB-cwnd
[2024-05-28 18:51:05.609667]     4.5625 MB /   0.50 sec =   76.4703 Mbps     0 retrans     13 KB-cwnd
[2024-05-28 18:51:06.109232]     0.6875 MB /   0.50 sec =   11.5442 Mbps     0 retrans     13 KB-cwnd
[2024-05-28 18:51:06.609491]     2.4375 MB /   0.50 sec =   40.8983 Mbps     0 retrans     13 KB-cwnd
[2024-05-28 18:51:07.109171]     2.1875 MB /   0.50 sec =   36.6994 Mbps     0 retrans     13 KB-cwnd
[2024-05-28 18:51:07.609202]     4.1875 MB /   0.50 sec =   70.2502 Mbps     0 retrans     13 KB-cwnd
[2024-05-28 18:51:08.109333]     5.6250 MB /   0.50 sec =   94.3811 Mbps     0 retrans     13 KB-cwnd
[2024-05-28 18:51:08.609497]     5.3125 MB /   0.50 sec =   89.0789 Mbps     0 retrans     13 KB-cwnd
[2024-05-28 18:51:09.109082]     5.6250 MB /   0.50 sec =   94.4243 Mbps     0 retrans     13 KB-cwnd
[2024-05-28 18:51:09.609272]     2.5000 MB /   0.50 sec =   41.9331 Mbps     0 retrans     13 KB-cwnd
[2024-05-28 18:51:10.109202]     3.5000 MB /   0.50 sec =   58.7253 Mbps     0 retrans     13 KB-cwnd
[2024-05-28 18:51:10.609234]     3.9375 MB /   0.50 sec =   66.0628 Mbps     0 retrans     13 KB-cwnd
[2024-05-28 18:51:11.109149]     5.4375 MB /   0.50 sec =   91.2323 Mbps     0 retrans     13 KB-cwnd
[2024-05-28 18:51:11.610237]     6.3125 MB /   0.50 sec =  105.7885 Mbps     0 retrans     13 KB-cwnd
[2024-05-28 18:51:12.109686]     5.5000 MB /   0.50 sec =   92.3732 Mbps     0 retrans     13 KB-cwnd
[2024-05-28 18:51:12.610130]     9.3125 MB /   0.50 sec =  156.1042 Mbps     0 retrans     13 KB-cwnd
[2024-05-28 18:51:13.109202]     9.5000 MB /   0.50 sec =  159.5262 Mbps     0 retrans     13 KB-cwnd
[2024-05-28 18:51:13.610180]    10.7500 MB /   0.50 sec =  180.0249 Mbps     0 retrans     15 KB-cwnd
[2024-05-28 18:51:14.109297]    11.6875 MB /   0.50 sec =  196.4499 Mbps     0 retrans     15 KB-cwnd
[2024-05-28 18:51:14.610653]     6.0625 MB /   0.50 sec =  101.4356 Mbps     0 retrans     15 KB-cwnd
[2024-05-28 18:51:15.109149]     9.1250 MB /   0.50 sec =  153.5100 Mbps     0 retrans     26 KB-cwnd
[2024-05-28 18:51:15.610070]     8.4375 MB /   0.50 sec =  141.4432 Mbps     0 retrans     26 KB-cwnd
[2024-05-28 18:51:16.110162]     3.0625 MB /   0.50 sec =   51.3727 Mbps     0 retrans     26 KB-cwnd
[2024-05-28 18:51:16.609727]     7.5000 MB /   0.50 sec =  125.8168 Mbps     0 retrans     26 KB-cwnd
[2024-05-28 18:51:17.109249]     9.1250 MB /   0.50 sec =  153.2358 Mbps     0 retrans     26 KB-cwnd
[2024-05-28 18:51:17.609216]    11.4375 MB /   0.50 sec =  191.9032 Mbps     0 retrans     27 KB-cwnd
[2024-05-28 18:51:18.109255]     8.4375 MB /   0.50 sec =  141.5498 Mbps     0 retrans     27 KB-cwnd
[2024-05-28 18:51:18.609202]     4.0000 MB /   0.50 sec =   67.1133 Mbps     0 retrans     27 KB-cwnd
[2024-05-28 18:51:19.109098]    12.4375 MB /   0.50 sec =  208.6783 Mbps     0 retrans     30 KB-cwnd
[2024-05-28 18:51:19.609742]     9.0000 MB /   0.50 sec =  150.8336 Mbps     0 retrans     30 KB-cwnd
[2024-05-28 18:51:20.109124]     7.3750 MB /   0.50 sec =  123.8613 Mbps     0 retrans     30 KB-cwnd
[2024-05-28 18:51:20.610495]     5.2500 MB /   0.50 sec =   87.8700 Mbps     0 retrans     30 KB-cwnd
[2024-05-28 18:51:21.109249]     7.6875 MB /   0.50 sec =  129.2535 Mbps     0 retrans     30 KB-cwnd
[2024-05-28 18:51:21.609264]     1.3125 MB /   0.50 sec =   22.0225 Mbps     0 retrans     33 KB-cwnd
[2024-05-28 18:51:22.109230]     1.6250 MB /   0.50 sec =   27.2660 Mbps     0 retrans     33 KB-cwnd
[2024-05-28 18:51:22.609296]     0.3750 MB /   0.50 sec =    6.2908 Mbps     0 retrans     33 KB-cwnd
[2024-05-28 18:51:23.109697]     0.0000 MB /   0.50 sec =    0.0000 Mbps     0 retrans     33 KB-cwnd
[2024-05-28 18:51:23.609265]     3.0000 MB /   0.50 sec =   50.3701 Mbps     0 retrans     33 KB-cwnd
[2024-05-28 18:51:24.109216]     0.4375 MB /   0.50 sec =    7.3408 Mbps     0 retrans     33 KB-cwnd
[2024-05-28 18:51:24.609239]     0.8125 MB /   0.50 sec =   13.6310 Mbps     0 retrans     33 KB-cwnd
[2024-05-28 18:51:25.109262]     1.5625 MB /   0.50 sec =   26.2138 Mbps     0 retrans     33 KB-cwnd
[2024-05-28 18:51:25.610098]     1.0000 MB /   0.50 sec =   16.7754 Mbps     0 retrans     33 KB-cwnd
[2024-05-28 18:51:26.109181]     1.3125 MB /   0.50 sec =   22.0247 Mbps     0 retrans     33 KB-cwnd
[2024-05-28 18:51:26.609877]     1.0000 MB /   0.50 sec =   16.7577 Mbps     0 retrans     33 KB-cwnd
[2024-05-28 18:51:27.109404]     0.7500 MB /   0.50 sec =   12.5933 Mbps     0 retrans     33 KB-cwnd
[2024-05-28 18:51:27.609709]     0.3750 MB /   0.50 sec =    6.2872 Mbps     0 retrans     33 KB-cwnd
[2024-05-28 18:51:28.109523]     1.1875 MB /   0.50 sec =   19.9322 Mbps     0 retrans     33 KB-cwnd
[2024-05-28 18:51:28.609712]     1.0625 MB /   0.50 sec =   17.8345 Mbps     0 retrans     33 KB-cwnd
[2024-05-28 18:51:29.109204]     0.9375 MB /   0.50 sec =   15.7290 Mbps     0 retrans     33 KB-cwnd
[2024-05-28 18:51:29.609184]     0.9375 MB /   0.50 sec =   15.7286 Mbps     0 retrans     38 KB-cwnd
[2024-05-28 18:51:30.109834]     1.1250 MB /   0.50 sec =   18.8681 Mbps     0 retrans     38 KB-cwnd
[2024-05-28 18:51:30.610927]     1.0000 MB /   0.50 sec =   16.7263 Mbps     0 retrans     38 KB-cwnd
[2024-05-28 18:51:31.109214]     0.6875 MB /   0.50 sec =   11.5729 Mbps     0 retrans     38 KB-cwnd
[2024-05-28 18:51:31.609192]     1.4375 MB /   0.50 sec =   24.1177 Mbps     0 retrans     38 KB-cwnd
[2024-05-28 18:51:32.109220]     0.9375 MB /   0.50 sec =   15.7297 Mbps     0 retrans     38 KB-cwnd
[2024-05-28 18:51:32.610176]     0.1250 MB /   0.50 sec =    2.0956 Mbps     0 retrans     38 KB-cwnd
[2024-05-28 18:51:33.109203]     0.5625 MB /   0.50 sec =    9.4438 Mbps     0 retrans     38 KB-cwnd
[2024-05-28 18:51:33.609120]     0.8125 MB /   0.50 sec =   13.6321 Mbps     0 retrans     38 KB-cwnd
[2024-05-28 18:51:34.109190]     1.7500 MB /   0.50 sec =   29.3592 Mbps     0 retrans     38 KB-cwnd
[2024-05-28 18:51:34.609282]     1.8750 MB /   0.50 sec =   31.4533 Mbps     0 retrans     38 KB-cwnd
[2024-05-28 18:51:35.109271]     2.4375 MB /   0.50 sec =   40.8944 Mbps     0 retrans     38 KB-cwnd
[2024-05-28 18:51:35.609722]     3.2500 MB /   0.50 sec =   54.5268 Mbps     0 retrans     44 KB-cwnd
[2024-05-28 18:51:36.109255]     3.9375 MB /   0.50 sec =   66.0617 Mbps     0 retrans     44 KB-cwnd
[2024-05-28 18:51:36.609210]     4.3125 MB /   0.50 sec =   72.3554 Mbps     0 retrans     44 KB-cwnd
[2024-05-28 18:51:37.109215]     3.8125 MB /   0.50 sec =   63.9643 Mbps     0 retrans     44 KB-cwnd
[2024-05-28 18:51:37.610204]     5.1875 MB /   0.50 sec =   86.9522 Mbps     0 retrans     46 KB-cwnd
[2024-05-28 18:51:38.109258]     6.0000 MB /   0.50 sec =  100.7477 Mbps     0 retrans     46 KB-cwnd
[2024-05-28 18:51:38.609231]     4.1875 MB /   0.50 sec =   70.2521 Mbps     0 retrans     46 KB-cwnd
[2024-05-28 18:51:39.109218]     8.0000 MB /   0.50 sec =  134.2306 Mbps     0 retrans     46 KB-cwnd
[2024-05-28 18:51:39.609486]     6.5000 MB /   0.50 sec =  108.9941 Mbps     0 retrans     46 KB-cwnd
[2024-05-28 18:51:40.109634]     8.1250 MB /   0.50 sec =  136.3918 Mbps     0 retrans     48 KB-cwnd
[2024-05-28 18:51:40.609192]     7.2500 MB /   0.50 sec =  121.6355 Mbps     0 retrans     48 KB-cwnd
[2024-05-28 18:51:41.109476]     7.9375 MB /   0.50 sec =  133.1670 Mbps     0 retrans     48 KB-cwnd
[2024-05-28 18:51:41.611047]     4.8125 MB /   0.50 sec =   80.4700 Mbps     0 retrans     53 KB-cwnd
[2024-05-28 18:51:42.109412]     0.0000 MB /   0.50 sec =    0.0000 Mbps     0 retrans     53 KB-cwnd
[2024-05-28 18:51:42.610351]     2.7500 MB /   0.50 sec =   46.0980 Mbps     0 retrans     53 KB-cwnd
[2024-05-28 18:51:43.109222]     3.6875 MB /   0.50 sec =   61.9293 Mbps     0 retrans     53 KB-cwnd
[2024-05-28 18:51:43.610353]     7.5625 MB /   0.50 sec =  126.6262 Mbps     0 retrans     53 KB-cwnd
[2024-05-28 18:51:44.109294]     5.1250 MB /   0.50 sec =   86.1568 Mbps     0 retrans     53 KB-cwnd
[2024-05-28 18:51:44.609652]     8.5000 MB /   0.50 sec =  142.6157 Mbps     0 retrans     53 KB-cwnd
[2024-05-28 18:51:45.110802]     4.5625 MB /   0.50 sec =   76.5254 Mbps     0 retrans     68 KB-cwnd
[2024-05-28 18:51:45.609850]     5.9375 MB /   0.50 sec =   99.5339 Mbps     0 retrans     68 KB-cwnd
[2024-05-28 18:51:46.109123]     5.8750 MB /   0.50 sec =   98.6776 Mbps     0 retrans     68 KB-cwnd
[2024-05-28 18:51:46.609305]     4.7500 MB /   0.50 sec =   79.6749 Mbps     0 retrans     77 KB-cwnd
[2024-05-28 18:51:47.109257]     8.6875 MB /   0.50 sec =  145.7640 Mbps     0 retrans     77 KB-cwnd
[2024-05-28 18:51:47.610995]     5.9375 MB /   0.50 sec =   99.2889 Mbps     0 retrans     81 KB-cwnd
[2024-05-28 18:51:48.109839]     7.1875 MB /   0.50 sec =  120.9828 Mbps     0 retrans     81 KB-cwnd
[2024-05-28 18:51:48.609226]     6.8125 MB /   0.50 sec =  114.2987 Mbps     0 retrans     81 KB-cwnd
[2024-05-28 18:51:49.109184]     6.8750 MB /   0.50 sec =  115.3452 Mbps  5711 retrans   2645 KB-cwnd
[2024-05-28 18:51:49.610520]     2.2500 MB /   0.50 sec =   37.6639 Mbps     0 retrans   2645 KB-cwnd
[2024-05-28 18:51:50.109231]     2.0625 MB /   0.50 sec =   34.6805 Mbps     0 retrans   2645 KB-cwnd
[2024-05-28 18:51:50.609233]     9.0625 MB /   0.50 sec =  152.0460 Mbps     0 retrans   2645 KB-cwnd
[2024-05-28 18:51:51.109262]     7.0625 MB /   0.50 sec =  118.4730 Mbps     0 retrans   2645 KB-cwnd
[2024-05-28 18:51:51.609218]     9.6250 MB /   0.50 sec =  161.5127 Mbps     0 retrans   2645 KB-cwnd
[2024-05-28 18:51:52.109952]     2.8125 MB /   0.50 sec =   47.1233 Mbps     0 retrans   2645 KB-cwnd
[2024-05-28 18:51:52.610635]     6.4375 MB /   0.50 sec =  107.8342 Mbps     0 retrans   2645 KB-cwnd
[2024-05-28 18:51:53.109539]     2.8125 MB /   0.50 sec =   47.2851 Mbps     0 retrans   2645 KB-cwnd
[2024-05-28 18:51:53.611139]     3.8125 MB /   0.50 sec =   63.8136 Mbps     0 retrans   2645 KB-cwnd
[2024-05-28 18:51:54.109109]     5.3125 MB /   0.50 sec =   89.4110 Mbps     0 retrans   2645 KB-cwnd
[2024-05-28 18:51:54.609249]     6.3125 MB /   0.50 sec =  105.8744 Mbps     0 retrans   2645 KB-cwnd
[2024-05-28 18:51:55.109110]     6.1250 MB /   0.50 sec =  102.7931 Mbps     0 retrans   2645 KB-cwnd
[2024-05-28 18:51:55.610889]     2.7500 MB /   0.50 sec =   45.9891 Mbps     0 retrans   2645 KB-cwnd
[2024-05-28 18:51:56.109191]     8.2500 MB /   0.50 sec =  138.8516 Mbps     0 retrans   2645 KB-cwnd
[2024-05-28 18:51:56.611219]     5.8125 MB /   0.50 sec =   97.2294 Mbps     0 retrans   2645 KB-cwnd
[2024-05-28 18:51:57.109214]     4.9375 MB /   0.50 sec =   83.0811 Mbps     0 retrans   2645 KB-cwnd
[2024-05-28 18:51:57.609196]     7.0625 MB /   0.50 sec =  118.4912 Mbps     0 retrans   2645 KB-cwnd
[2024-05-28 18:51:58.110241]     7.6250 MB /   0.50 sec =  127.8018 Mbps     0 retrans   2645 KB-cwnd
[2024-05-28 18:51:58.609216]     6.8125 MB /   0.50 sec =  114.4051 Mbps     0 retrans   2645 KB-cwnd
[2024-05-28 18:51:59.109275]     3.3125 MB /   0.50 sec =   55.5694 Mbps     0 retrans   2645 KB-cwnd
[2024-05-28 18:51:59.609568]     2.8750 MB /   0.50 sec =   48.2033 Mbps     0 retrans   2645 KB-cwnd
[2024-05-28 18:52:00.109085]     7.3125 MB /   0.50 sec =  122.7811 Mbps     0 retrans   2645 KB-cwnd
[2024-05-28 18:52:00.609685]     8.1250 MB /   0.50 sec =  136.2675 Mbps     1 retrans   1648 KB-cwnd
[2024-05-28 18:52:01.109458]     6.2500 MB /   0.50 sec =  104.8586 Mbps     0 retrans   1648 KB-cwnd
[2024-05-28 18:52:01.609240]     5.6875 MB /   0.50 sec =   95.4443 Mbps  7115 retrans   1108 KB-cwnd
[2024-05-28 18:52:02.109237]     7.3750 MB /   0.50 sec =  123.7315 Mbps     0 retrans   1108 KB-cwnd
[2024-05-28 18:52:02.609174]     7.5625 MB /   0.50 sec =  126.8858 Mbps     0 retrans   1108 KB-cwnd
[2024-05-28 18:52:03.109360]     5.0625 MB /   0.50 sec =   84.9165 Mbps     0 retrans   1108 KB-cwnd
[2024-05-28 18:52:03.609169]     8.2500 MB /   0.50 sec =  138.4417 Mbps     0 retrans   1108 KB-cwnd
[2024-05-28 18:52:04.109554]     6.8750 MB /   0.50 sec =  115.2813 Mbps     0 retrans   1108 KB-cwnd
[2024-05-28 18:52:04.609244]     7.9375 MB /   0.50 sec =  133.2326 Mbps     0 retrans   1108 KB-cwnd
[2024-05-28 18:52:05.109251]     6.0625 MB /   0.50 sec =  101.7080 Mbps     0 retrans   1108 KB-cwnd
[2024-05-28 18:52:05.609154]     7.2500 MB /   0.50 sec =  121.6553 Mbps     0 retrans   1108 KB-cwnd
[2024-05-28 18:52:06.111049]     5.7500 MB /   0.50 sec =   96.1316 Mbps     0 retrans   1108 KB-cwnd
[2024-05-28 18:52:06.609198]     5.5625 MB /   0.50 sec =   93.6443 Mbps     0 retrans   1108 KB-cwnd
[2024-05-28 18:52:07.109216]     1.3750 MB /   0.50 sec =   23.0689 Mbps     0 retrans   1108 KB-cwnd
[2024-05-28 18:52:07.609450]     6.1250 MB /   0.50 sec =  102.7066 Mbps     0 retrans   1108 KB-cwnd
[2024-05-28 18:52:08.109190]     4.5000 MB /   0.50 sec =   75.5381 Mbps     0 retrans   1108 KB-cwnd
[2024-05-28 18:52:08.609632]     1.1250 MB /   0.50 sec =   18.8566 Mbps     0 retrans   1108 KB-cwnd
[2024-05-28 18:52:09.109074]     7.1250 MB /   0.50 sec =  119.6568 Mbps     0 retrans   1108 KB-cwnd
[2024-05-28 18:52:09.609230]     8.8750 MB /   0.50 sec =  148.8802 Mbps     0 retrans   1127 KB-cwnd
[2024-05-28 18:52:10.109265]     8.1875 MB /   0.50 sec =  137.3571 Mbps     0 retrans   1127 KB-cwnd
[2024-05-28 18:52:10.610908]     3.3125 MB /   0.50 sec =   55.4011 Mbps     0 retrans   1127 KB-cwnd
[2024-05-28 18:52:11.109226]     3.8750 MB /   0.50 sec =   65.2183 Mbps     0 retrans   1127 KB-cwnd
[2024-05-28 18:52:11.610315]     6.3750 MB /   0.50 sec =  106.9278 Mbps     0 retrans   1127 KB-cwnd
[2024-05-28 18:52:12.109950]     3.2500 MB /   0.50 sec =   54.4608 Mbps     0 retrans   1127 KB-cwnd
[2024-05-28 18:52:12.609650]     9.0000 MB /   0.50 sec =  151.0901 Mbps     0 retrans   1127 KB-cwnd
[2024-05-28 18:52:13.109583]     9.5625 MB /   0.50 sec =  160.5564 Mbps  3490 retrans   2546 KB-cwnd
[2024-05-28 18:52:13.610158]    11.1250 MB /   0.50 sec =  186.4873 Mbps     0 retrans   2546 KB-cwnd
[2024-05-28 18:52:14.109728]     9.0000 MB /   0.50 sec =  150.9795 Mbps     0 retrans   2546 KB-cwnd
[2024-05-28 18:52:14.609305]    12.7500 MB /   0.50 sec =  214.1138 Mbps     0 retrans   2546 KB-cwnd
[2024-05-28 18:52:15.110161]     8.6875 MB /   0.50 sec =  145.6324 Mbps     0 retrans   2546 KB-cwnd
[2024-05-28 18:52:15.609540]    12.8125 MB /   0.50 sec =  215.1478 Mbps     0 retrans   2546 KB-cwnd
[2024-05-28 18:52:16.109229]     6.5625 MB /   0.50 sec =  110.0987 Mbps     0 retrans   2546 KB-cwnd
[2024-05-28 18:52:16.609309]     6.8750 MB /   0.50 sec =  115.3390 Mbps     0 retrans   2546 KB-cwnd
[2024-05-28 18:52:17.109736]    11.2500 MB /   0.50 sec =  188.7576 Mbps     0 retrans   2546 KB-cwnd
[2024-05-28 18:52:17.609146]    11.8125 MB /   0.50 sec =  198.1840 Mbps     0 retrans   2546 KB-cwnd
[2024-05-28 18:52:18.109171]     5.8750 MB /   0.50 sec =   98.5665 Mbps     0 retrans   2546 KB-cwnd
[2024-05-28 18:52:18.609469]    12.2500 MB /   0.50 sec =  205.4239 Mbps     0 retrans   2546 KB-cwnd
[2024-05-28 18:52:19.109604]    13.6875 MB /   0.50 sec =  229.5651 Mbps     0 retrans   2546 KB-cwnd
[2024-05-28 18:52:19.609098]    14.7500 MB /   0.50 sec =  247.6715 Mbps  2100 retrans   2722 KB-cwnd
[2024-05-28 18:52:20.109551]    10.7500 MB /   0.50 sec =  180.3223 Mbps     0 retrans   2722 KB-cwnd
[2024-05-28 18:52:20.609256]    10.0625 MB /   0.50 sec =  168.8268 Mbps     0 retrans   2722 KB-cwnd
[2024-05-28 18:52:21.109104]    11.1250 MB /   0.50 sec =  186.6727 Mbps     0 retrans   2722 KB-cwnd
[2024-05-28 18:52:21.609695]     9.8125 MB /   0.50 sec =  164.6189 Mbps     0 retrans   2722 KB-cwnd
[2024-05-28 18:52:22.110476]    15.3125 MB /   0.50 sec =  256.6378 Mbps     0 retrans   2722 KB-cwnd
[2024-05-28 18:52:22.609234]    12.5000 MB /   0.50 sec =  209.9272 Mbps     0 retrans   2722 KB-cwnd
[2024-05-28 18:52:23.109231]    13.6250 MB /   0.50 sec =  228.5832 Mbps     0 retrans   2722 KB-cwnd
[2024-05-28 18:52:23.609287]    12.3125 MB /   0.50 sec =  206.5608 Mbps     0 retrans   2722 KB-cwnd
[2024-05-28 18:52:24.109210]     9.6875 MB /   0.50 sec =  162.5407 Mbps     0 retrans   2722 KB-cwnd
[2024-05-28 18:52:24.609264]    10.9375 MB /   0.50 sec =  183.4909 Mbps     0 retrans   2722 KB-cwnd
[2024-05-28 18:52:25.109127]    13.6875 MB /   0.50 sec =  229.6593 Mbps     0 retrans   2722 KB-cwnd
[2024-05-28 18:52:25.609144]     7.2500 MB /   0.50 sec =  121.6319 Mbps     0 retrans   2722 KB-cwnd
[2024-05-28 18:52:26.109217]    13.5625 MB /   0.50 sec =  227.5496 Mbps  4371 retrans   2642 KB-cwnd
[2024-05-28 18:52:26.609238]    12.1250 MB /   0.50 sec =  203.4058 Mbps     0 retrans   2642 KB-cwnd
[2024-05-28 18:52:27.109192]     6.5000 MB /   0.50 sec =  109.0602 Mbps     0 retrans   2642 KB-cwnd
[2024-05-28 18:52:27.609244]    12.3750 MB /   0.50 sec =  207.6006 Mbps     0 retrans   2642 KB-cwnd
[2024-05-28 18:52:28.109722]    12.5625 MB /   0.50 sec =  210.7709 Mbps     0 retrans   2642 KB-cwnd
[2024-05-28 18:52:28.609091]    12.5000 MB /   0.50 sec =  209.7295 Mbps     0 retrans   2642 KB-cwnd
[2024-05-28 18:52:29.109607]     4.1875 MB /   0.50 sec =   70.1909 Mbps     0 retrans   2642 KB-cwnd
[2024-05-28 18:52:29.609269]    11.8125 MB /   0.50 sec =  198.3399 Mbps     0 retrans   2642 KB-cwnd
[2024-05-28 18:52:30.109786]    15.1250 MB /   0.50 sec =  253.7640 Mbps     0 retrans   2642 KB-cwnd
[2024-05-28 18:52:30.610958]    12.0000 MB /   0.50 sec =  200.8530 Mbps     0 retrans   2642 KB-cwnd
[2024-05-28 18:52:31.109769]    13.3125 MB /   0.50 sec =  223.6500 Mbps     0 retrans   2642 KB-cwnd
[2024-05-28 18:52:31.609356]    11.6250 MB /   0.50 sec =  195.1960 Mbps     0 retrans   2642 KB-cwnd
[2024-05-28 18:52:32.110577]    12.8750 MB /   0.50 sec =  215.4830 Mbps   703 retrans   3522 KB-cwnd
[2024-05-28 18:52:32.609240]    13.1250 MB /   0.50 sec =  220.7763 Mbps     0 retrans   3522 KB-cwnd
[2024-05-28 18:52:33.110162]    11.5625 MB /   0.50 sec =  193.8071 Mbps     0 retrans   3522 KB-cwnd
[2024-05-28 18:52:33.609159]     5.8750 MB /   0.50 sec =   98.6601 Mbps     0 retrans   3566 KB-cwnd
[2024-05-28 18:52:34.109657]    15.3750 MB /   0.50 sec =  257.9533 Mbps     0 retrans   3566 KB-cwnd
[2024-05-28 18:52:34.609195]    14.2500 MB /   0.50 sec =  239.0696 Mbps     0 retrans   3566 KB-cwnd
[2024-05-28 18:52:35.110183]    11.8125 MB /   0.50 sec =  198.1710 Mbps     0 retrans   3566 KB-cwnd
[2024-05-28 18:52:35.611200]    10.6875 MB /   0.50 sec =  178.8119 Mbps     0 retrans   3594 KB-cwnd
[2024-05-28 18:52:36.109680]    12.0000 MB /   0.50 sec =  201.8575 Mbps     0 retrans   3594 KB-cwnd
[2024-05-28 18:52:36.609132]    14.3750 MB /   0.50 sec =  241.2246 Mbps     0 retrans   3594 KB-cwnd
[2024-05-28 18:52:37.109566]    11.6875 MB /   0.50 sec =  196.0586 Mbps     0 retrans   3594 KB-cwnd
[2024-05-28 18:52:37.609759]    10.8750 MB /   0.50 sec =  182.4756 Mbps     0 retrans   3594 KB-cwnd
[2024-05-28 18:52:38.109254]    12.5625 MB /   0.50 sec =  210.7528 Mbps    10 retrans   3294 KB-cwnd
[2024-05-28 18:52:38.609252]    12.5625 MB /   0.50 sec =  210.7671 Mbps     0 retrans   3294 KB-cwnd
[2024-05-28 18:52:39.109263]    13.6250 MB /   0.50 sec =  228.5754 Mbps     0 retrans   3294 KB-cwnd
[2024-05-28 18:52:39.610069]    15.7500 MB /   0.50 sec =  264.0326 Mbps     0 retrans   3294 KB-cwnd
[2024-05-28 18:52:40.109264]    14.3125 MB /   0.50 sec =  240.3166 Mbps     0 retrans   3294 KB-cwnd
[2024-05-28 18:52:40.609337]    15.7500 MB /   0.50 sec =  264.1941 Mbps     0 retrans   3242 KB-cwnd
[2024-05-28 18:52:41.109256]    11.8125 MB /   0.50 sec =  198.2225 Mbps     0 retrans   3242 KB-cwnd
[2024-05-28 18:52:41.609811]    11.1875 MB /   0.50 sec =  187.4664 Mbps     0 retrans   3242 KB-cwnd
[2024-05-28 18:52:42.109743]     9.7500 MB /   0.50 sec =  163.6754 Mbps     0 retrans   3242 KB-cwnd
[2024-05-28 18:52:42.609520]    17.1875 MB /   0.50 sec =  288.5540 Mbps     0 retrans   3242 KB-cwnd
[2024-05-28 18:52:43.109417]    11.5000 MB /   0.50 sec =  192.8323 Mbps     0 retrans   3242 KB-cwnd
[2024-05-28 18:52:43.609673]     9.0000 MB /   0.50 sec =  151.0693 Mbps   317 retrans   3624 KB-cwnd
[2024-05-28 18:52:44.109255]    15.0000 MB /   0.50 sec =  251.6618 Mbps     0 retrans   3624 KB-cwnd
[2024-05-28 18:52:44.609336]    15.0000 MB /   0.50 sec =  251.6140 Mbps     0 retrans   3624 KB-cwnd
[2024-05-28 18:52:45.109611]    17.6875 MB /   0.50 sec =  296.5821 Mbps     0 retrans   3624 KB-cwnd
[2024-05-28 18:52:45.610675]    18.0625 MB /   0.50 sec =  302.6426 Mbps     0 retrans   3624 KB-cwnd
[2024-05-28 18:52:46.109559]    14.5625 MB /   0.50 sec =  244.8068 Mbps     0 retrans   3624 KB-cwnd
[2024-05-28 18:52:46.609902]    12.0625 MB /   0.50 sec =  202.3849 Mbps     0 retrans   3723 KB-cwnd
[2024-05-28 18:52:47.109234]    12.8125 MB /   0.50 sec =  214.9516 Mbps     0 retrans   3723 KB-cwnd
[2024-05-28 18:52:47.609601]    16.4375 MB /   0.50 sec =  275.7964 Mbps     0 retrans   3723 KB-cwnd
[2024-05-28 18:52:48.109700]    17.5000 MB /   0.50 sec =  293.5848 Mbps   724 retrans   3767 KB-cwnd
[2024-05-28 18:52:48.610345]     4.5000 MB /   0.50 sec =   75.3510 Mbps     0 retrans   3767 KB-cwnd
[2024-05-28 18:52:49.109194]     2.0000 MB /   0.50 sec =   33.6221 Mbps     0 retrans   3767 KB-cwnd
[2024-05-28 18:52:49.609242]    11.1875 MB /   0.50 sec =  187.6504 Mbps     0 retrans   3767 KB-cwnd
[2024-05-28 18:52:50.109053]    12.5000 MB /   0.50 sec =  209.7786 Mbps     0 retrans   3767 KB-cwnd
[2024-05-28 18:52:50.610680]    17.1875 MB /   0.50 sec =  288.0824 Mbps     0 retrans   3767 KB-cwnd
[2024-05-28 18:52:51.109750]    13.3125 MB /   0.50 sec =  223.5277 Mbps     0 retrans   3767 KB-cwnd
[2024-05-28 18:52:51.610356]    16.1875 MB /   0.50 sec =  271.3099 Mbps     0 retrans   3767 KB-cwnd
[2024-05-28 18:52:52.109564]    11.6875 MB /   0.50 sec =  196.2741 Mbps     0 retrans   3767 KB-cwnd
[2024-05-28 18:52:52.609767]    14.7500 MB /   0.50 sec =  247.2404 Mbps     0 retrans   3767 KB-cwnd
[2024-05-28 18:52:53.110191]    14.9375 MB /   0.50 sec =  250.6242 Mbps     0 retrans   3767 KB-cwnd
[2024-05-28 18:52:53.609701]    17.3125 MB /   0.50 sec =  290.4486 Mbps     0 retrans   3767 KB-cwnd
[2024-05-28 18:52:54.109517]    16.3750 MB /   0.50 sec =  274.9854 Mbps   515 retrans   3828 KB-cwnd
[2024-05-28 18:52:54.609295]    16.8750 MB /   0.50 sec =  283.0657 Mbps     0 retrans   3828 KB-cwnd
[2024-05-28 18:52:55.109230]    18.5625 MB /   0.50 sec =  311.4669 Mbps     0 retrans   3828 KB-cwnd
[2024-05-28 18:52:55.609699]    17.9375 MB /   0.50 sec =  300.9636 Mbps     0 retrans   3828 KB-cwnd
[2024-05-28 18:52:56.109315]    18.7500 MB /   0.50 sec =  314.5300 Mbps     0 retrans   3828 KB-cwnd
[2024-05-28 18:52:56.609253]    13.1250 MB /   0.50 sec =  220.2102 Mbps     0 retrans   3828 KB-cwnd
[2024-05-28 18:52:57.109102]    13.6250 MB /   0.50 sec =  228.6161 Mbps     0 retrans   3828 KB-cwnd
[2024-05-28 18:52:57.609232]    12.6250 MB /   0.50 sec =  211.8115 Mbps     0 retrans   3828 KB-cwnd
[2024-05-28 18:52:58.109125]    11.8125 MB /   0.50 sec =  198.1840 Mbps     0 retrans   3828 KB-cwnd
[2024-05-28 18:52:58.609176]    16.2500 MB /   0.50 sec =  272.6385 Mbps   939 retrans   4435 KB-cwnd
[2024-05-28 18:52:59.109091]    11.9375 MB /   0.50 sec =  200.2768 Mbps     0 retrans   4435 KB-cwnd
[2024-05-28 18:52:59.609163]    16.9375 MB /   0.50 sec =  284.1414 Mbps     0 retrans   4435 KB-cwnd
[2024-05-28 18:53:00.109095]    17.7500 MB /   0.50 sec =  297.8164 Mbps     0 retrans   4435 KB-cwnd
[2024-05-28 18:53:00.610384]    17.6875 MB /   0.50 sec =  296.3907 Mbps     0 retrans   4435 KB-cwnd
[2024-05-28 18:53:01.109208]    12.3750 MB /   0.50 sec =  207.8350 Mbps     0 retrans   4435 KB-cwnd
[2024-05-28 18:53:01.609234]    13.2500 MB /   0.50 sec =  222.3155 Mbps     0 retrans   4435 KB-cwnd
[2024-05-28 18:53:02.111607]    16.1875 MB /   0.50 sec =  270.6178 Mbps     0 retrans   4435 KB-cwnd
[2024-05-28 18:53:02.609411]    11.5000 MB /   0.50 sec =  193.5574 Mbps     0 retrans   4435 KB-cwnd
[2024-05-28 18:53:03.109169]     8.8750 MB /   0.50 sec =  148.9529 Mbps     0 retrans   4435 KB-cwnd
[2024-05-28 18:53:03.609293]    13.3125 MB /   0.50 sec =  223.3154 Mbps  2646 retrans   4380 KB-cwnd
[2024-05-28 18:53:04.110204]    11.5625 MB /   0.50 sec =  193.8373 Mbps     0 retrans   4380 KB-cwnd
[2024-05-28 18:53:04.610247]    17.2500 MB /   0.50 sec =  289.3161 Mbps     0 retrans   4380 KB-cwnd
[2024-05-28 18:53:05.109071]    10.0000 MB /   0.50 sec =  167.9865 Mbps     0 retrans   4416 KB-cwnd
[2024-05-28 18:53:05.609261]    14.6875 MB /   0.50 sec =  246.3548 Mbps     0 retrans   4416 KB-cwnd
[2024-05-28 18:53:06.109250]    13.6250 MB /   0.50 sec =  228.6207 Mbps     0 retrans   4416 KB-cwnd
[2024-05-28 18:53:06.609195]    15.0625 MB /   0.50 sec =  252.7220 Mbps     0 retrans   4416 KB-cwnd
[2024-05-28 18:53:07.109274]    13.9375 MB /   0.50 sec =  233.8100 Mbps     0 retrans   4314 KB-cwnd
[2024-05-28 18:53:07.609804]    10.7500 MB /   0.50 sec =  180.1745 Mbps     0 retrans   4314 KB-cwnd
[2024-05-28 18:53:08.109744]     7.6250 MB /   0.50 sec =  128.0630 Mbps     0 retrans   4314 KB-cwnd
[2024-05-28 18:53:08.609209]    14.5000 MB /   0.50 sec =  243.2730 Mbps     0 retrans   4314 KB-cwnd
[2024-05-28 18:53:09.109707]    13.7500 MB /   0.50 sec =  230.6890 Mbps   693 retrans   4078 KB-cwnd
[2024-05-28 18:53:09.609693]     7.6250 MB /   0.50 sec =  127.9245 Mbps     0 retrans   4078 KB-cwnd
[2024-05-28 18:53:10.109249]    12.6875 MB /   0.50 sec =  212.8579 Mbps     0 retrans   4078 KB-cwnd
[2024-05-28 18:53:10.609695]    16.5000 MB /   0.50 sec =  276.8180 Mbps     0 retrans   4078 KB-cwnd
[2024-05-28 18:53:11.109683]    12.7500 MB /   0.50 sec =  213.9163 Mbps     0 retrans   4078 KB-cwnd
[2024-05-28 18:53:11.611485]     9.5000 MB /   0.50 sec =  158.8549 Mbps     0 retrans   4078 KB-cwnd
[2024-05-28 18:53:12.110227]    11.9375 MB /   0.50 sec =  200.7301 Mbps     0 retrans   4078 KB-cwnd
[2024-05-28 18:53:12.609229]     9.0000 MB /   0.50 sec =  151.1576 Mbps     0 retrans   4078 KB-cwnd
[2024-05-28 18:53:13.110974]    13.0625 MB /   0.50 sec =  218.6168 Mbps     0 retrans   4078 KB-cwnd
[2024-05-28 18:53:13.609206]    13.5000 MB /   0.50 sec =  227.0478 Mbps     0 retrans   4078 KB-cwnd
[2024-05-28 18:53:14.109746]    16.5000 MB /   0.50 sec =  276.8196 Mbps     0 retrans   4078 KB-cwnd
[2024-05-28 18:53:14.415726] nuttcp-r: 2258.7571 MB in 135.31 real seconds = 17094.42 KB/sec = 140.0375 Mbps
[2024-05-28 18:53:14.416429] nuttcp-r: 158759 I/O calls, msec/call = 0.87, calls/sec = 1173.34
[2024-05-28 18:53:14.417023] nuttcp-r: 0.0user 11.6sys 2:15real 8% 0i+0d 1286maxrss 0+1pf 118722+226csw
[2024-05-28 18:53:14.417181] 
[2024-05-28 18:53:14.417341] nuttcp-t: v8.1.4: socket
[2024-05-28 18:53:14.418525] nuttcp-t: buflen=65536, nstream=1, port=5003 tcp -> 98.97.16.43
[2024-05-28 18:53:14.418648] nuttcp-t: time limit = 120.00 seconds
[2024-05-28 18:53:14.418834] nuttcp-t: accept from 98.97.16.43 with mss=1408, af=inet
[2024-05-28 18:53:14.418953] nuttcp-t: send window size = 450000000, receive window size = 450000000
[2024-05-28 18:53:14.419053] nuttcp-t: available send window = 225000000, available receive window = 225000000
[2024-05-28 18:53:14.419185] nuttcp-t: initial congestion window = 13 KB (10 packets)
[2024-05-28 18:53:14.419261] nuttcp-t: 2258.7571 MB in 120.00 real seconds = 19274.72 KB/sec = 157.8985 Mbps
[2024-05-28 18:53:14.419336] nuttcp-t: retrans = 31045 cwnd = 4510 KB
[2024-05-28 18:53:14.419409] nuttcp-t: 36141 I/O calls, msec/call = 3.40, calls/sec = 301.17
[2024-05-28 18:53:14.419484] nuttcp-t: 0.0user 0.7sys 2:00real 0% 0i+0d 94maxrss 0+0pf 14+0csw
End time: 1716936794437
