Start time: 1716997738467
[2024-05-29 11:49:21.738377] Connecting to host 35.245.244.238, port 5203
[2024-05-29 11:49:21.739287] Reverse mode, remote host 35.245.244.238 is sending
[2024-05-29 11:49:21.739362] [  5] local 192.168.1.21 port 53662 connected to 35.245.244.238 port 5203
[2024-05-29 11:49:21.739411] [ ID] Interval           Transfer     Bitrate         Jitter    Lost/Total Datagrams
[2024-05-29 11:49:21.739462] [  5]   0.00-0.50   sec  5.81 MBytes  97.4 Mbits/sec  0.038 ms  18017/22365 (81%)  
[2024-05-29 11:49:21.739509] [  5]   0.50-1.00   sec  7.20 MBytes   121 Mbits/sec  0.446 ms  16847/22238 (76%)  
[2024-05-29 11:49:21.739557] [  5]   1.00-1.50   sec  7.05 MBytes   118 Mbits/sec  0.114 ms  17167/22446 (76%)  
[2024-05-29 11:49:21.739603] [  5]   1.50-2.00   sec  9.72 MBytes   163 Mbits/sec  0.021 ms  15040/22319 (67%)  
[2024-05-29 11:49:21.739643] [  5]   2.00-2.50   sec  14.6 MBytes   245 Mbits/sec  0.046 ms  11322/22272 (51%)  
[2024-05-29 11:49:21.739685] [  5]   2.50-3.00   sec  8.82 MBytes   148 Mbits/sec  0.041 ms  15733/22340 (70%)  
[2024-05-29 11:49:21.739726] [  5]   3.00-3.50   sec  14.1 MBytes   236 Mbits/sec  0.052 ms  11781/22337 (53%)  
[2024-05-29 11:49:21.739767] [  5]   3.50-4.00   sec  13.0 MBytes   218 Mbits/sec  0.016 ms  12584/22313 (56%)  
[2024-05-29 11:49:21.739810] [  5]   4.00-4.50   sec  8.73 MBytes   146 Mbits/sec  0.014 ms  15767/22307 (71%)  
[2024-05-29 11:49:21.739852] [  5]   4.50-5.00   sec  9.88 MBytes   166 Mbits/sec  0.011 ms  14924/22323 (67%)  
[2024-05-29 11:49:21.739893] [  5]   5.00-5.50   sec  9.10 MBytes   153 Mbits/sec  0.054 ms  15502/22320 (69%)  
[2024-05-29 11:49:21.739940] [  5]   5.50-6.00   sec  8.54 MBytes   143 Mbits/sec  0.094 ms  15902/22295 (71%)  
[2024-05-29 11:49:21.739983] [  5]   6.00-6.50   sec  7.79 MBytes   131 Mbits/sec  0.150 ms  16501/22333 (74%)  
[2024-05-29 11:49:21.740027] [  5]   6.50-7.00   sec  2.62 MBytes  44.0 Mbits/sec  0.559 ms  20237/22201 (91%)  
[2024-05-29 11:49:21.740066] [  5]   7.00-7.50   sec  9.72 MBytes   163 Mbits/sec  0.017 ms  15096/22374 (67%)  
[2024-05-29 11:49:21.740107] [  5]   7.50-8.00   sec  13.3 MBytes   222 Mbits/sec  0.013 ms  12397/22322 (56%)  
[2024-05-29 11:49:21.740147] [  5]   8.00-8.50   sec  12.6 MBytes   212 Mbits/sec  0.043 ms  12898/22369 (58%)  
[2024-05-29 11:49:21.740186] [  5]   8.50-9.00   sec  14.0 MBytes   235 Mbits/sec  0.010 ms  11828/22322 (53%)  
[2024-05-29 11:49:21.740225] [  5]   9.00-9.50   sec  9.79 MBytes   164 Mbits/sec  0.064 ms  14971/22307 (67%)  
[2024-05-29 11:49:21.740264] [  5]   9.50-10.00  sec  16.6 MBytes   279 Mbits/sec  0.019 ms  9932/22375 (44%)  
[2024-05-29 11:49:21.740305] [  5]  10.00-10.50  sec  15.3 MBytes   257 Mbits/sec  0.022 ms  10778/22239 (48%)  
[2024-05-29 11:49:21.740344] [  5]  10.50-11.00  sec  16.4 MBytes   276 Mbits/sec  0.012 ms  10044/22364 (45%)  
[2024-05-29 11:49:21.740382] [  5]  11.00-11.50  sec  8.08 MBytes   136 Mbits/sec  0.034 ms  16217/22270 (73%)  
[2024-05-29 11:49:21.740425] [  5]  11.50-12.00  sec  14.8 MBytes   248 Mbits/sec  0.069 ms  11320/22386 (51%)  
[2024-05-29 11:49:21.740465] [  5]  12.00-12.50  sec  15.0 MBytes   252 Mbits/sec  0.041 ms  11058/22327 (50%)  
[2024-05-29 11:49:21.740505] [  5]  12.50-13.00  sec  10.1 MBytes   170 Mbits/sec  0.039 ms  14717/22284 (66%)  
[2024-05-29 11:49:21.740542] [  5]  13.00-13.50  sec  10.9 MBytes   183 Mbits/sec  0.079 ms  14150/22338 (63%)  
[2024-05-29 11:49:21.740579] [  5]  13.50-14.00  sec  6.01 MBytes   101 Mbits/sec  0.098 ms  16403/20903 (78%)  
[2024-05-29 11:49:21.740616] [  5]  14.00-14.50  sec  18.2 MBytes   305 Mbits/sec  0.056 ms  10058/23659 (43%)  
[2024-05-29 11:49:21.740653] [  5]  14.50-15.00  sec  21.0 MBytes   352 Mbits/sec  0.057 ms  6594/22322 (30%)  
[2024-05-29 11:49:21.740848] [  5]  15.00-15.50  sec  19.7 MBytes   331 Mbits/sec  0.063 ms  7531/22288 (34%)  
[2024-05-29 11:49:21.740939] [  5]  15.50-16.00  sec  14.5 MBytes   243 Mbits/sec  0.043 ms  11520/22359 (52%)  
[2024-05-29 11:49:21.741022] [  5]  16.00-16.50  sec  20.1 MBytes   336 Mbits/sec  0.015 ms  7281/22300 (33%)  
[2024-05-29 11:49:21.741138] [  5]  16.50-17.00  sec  19.9 MBytes   334 Mbits/sec  0.046 ms  7387/22315 (33%)  
[2024-05-29 11:49:21.741222] [  5]  17.00-17.50  sec  19.9 MBytes   333 Mbits/sec  0.018 ms  7457/22336 (33%)  
[2024-05-29 11:49:21.741300] [  5]  17.50-18.00  sec  19.5 MBytes   326 Mbits/sec  0.028 ms  7726/22300 (35%)  
[2024-05-29 11:49:21.741379] [  5]  18.00-18.50  sec  17.0 MBytes   285 Mbits/sec  0.106 ms  9613/22321 (43%)  
[2024-05-29 11:49:21.741457] [  5]  18.50-19.00  sec  14.8 MBytes   248 Mbits/sec  0.057 ms  11281/22352 (50%)  
[2024-05-29 11:49:21.741538] [  5]  19.00-19.50  sec  19.9 MBytes   335 Mbits/sec  0.015 ms  7374/22310 (33%)  
[2024-05-29 11:49:21.741620] [  5]  19.50-20.00  sec  16.9 MBytes   284 Mbits/sec  0.041 ms  9619/22305 (43%)  
[2024-05-29 11:49:21.741701] [  5]  20.00-20.50  sec  15.8 MBytes   266 Mbits/sec  0.021 ms  10462/22324 (47%)  
[2024-05-29 11:49:21.741800] [  5]  20.50-21.00  sec  18.6 MBytes   311 Mbits/sec  0.020 ms  8435/22329 (38%)  
[2024-05-29 11:49:21.741879] [  5]  21.00-21.50  sec  19.6 MBytes   329 Mbits/sec  0.029 ms  7616/22314 (34%)  
[2024-05-29 11:49:21.741970] [  5]  21.50-22.00  sec  19.8 MBytes   332 Mbits/sec  0.136 ms  7475/22293 (34%)  
[2024-05-29 11:49:21.742049] [  5]  22.00-22.50  sec  19.5 MBytes   327 Mbits/sec  0.066 ms  7740/22350 (35%)  
[2024-05-29 11:49:46.738169] [  5]  22.50-23.00  sec  19.9 MBytes   335 Mbits/sec  0.029 ms  7384/22322 (33%)  
[2024-05-29 11:49:46.738540] [  5]  23.00-23.50  sec  16.9 MBytes   283 Mbits/sec  0.075 ms  9646/22296 (43%)  
[2024-05-29 11:49:46.738645] [  5]  23.50-24.00  sec  15.3 MBytes   257 Mbits/sec  0.023 ms  10852/22346 (49%)  
[2024-05-29 11:49:46.738733] [  5]  24.00-24.50  sec  18.2 MBytes   306 Mbits/sec  0.021 ms  8667/22326 (39%)  
[2024-05-29 11:49:46.738813] [  5]  24.50-25.00  sec  17.9 MBytes   300 Mbits/sec  0.051 ms  8925/22313 (40%)  
[2024-05-29 11:49:46.738890] [  5]  25.00-25.50  sec  17.9 MBytes   300 Mbits/sec  0.062 ms  8911/22312 (40%)  
[2024-05-29 11:49:46.738968] [  5]  25.50-26.00  sec  11.7 MBytes   196 Mbits/sec  0.026 ms  13586/22342 (61%)  
[2024-05-29 11:49:46.739047] [  5]  26.00-26.50  sec  18.9 MBytes   316 Mbits/sec  0.055 ms  8177/22301 (37%)  
[2024-05-29 11:49:46.739137] [  5]  26.50-27.00  sec  19.9 MBytes   334 Mbits/sec  0.007 ms  7428/22355 (33%)  
[2024-05-29 11:49:46.739225] [  5]  27.00-27.50  sec  19.1 MBytes   320 Mbits/sec  0.138 ms  7978/22281 (36%)  
[2024-05-29 11:49:46.739304] [  5]  27.50-28.00  sec  18.6 MBytes   312 Mbits/sec  0.057 ms  8399/22327 (38%)  
[2024-05-29 11:49:46.739391] [  5]  28.00-28.50  sec  17.9 MBytes   300 Mbits/sec  0.018 ms  8940/22341 (40%)  
[2024-05-29 11:49:46.739472] [  5]  28.50-29.00  sec  3.61 MBytes  60.3 Mbits/sec  0.041 ms  18334/21035 (87%)  
[2024-05-29 11:49:46.739557] [  5]  29.00-29.50  sec  7.27 MBytes   122 Mbits/sec  0.029 ms  17394/22841 (76%)  
[2024-05-29 11:49:46.739645] [  5]  29.50-30.00  sec  14.1 MBytes   237 Mbits/sec  0.146 ms  12666/23255 (54%)  
[2024-05-29 11:49:46.739730] [  5]  30.00-30.50  sec  15.7 MBytes   264 Mbits/sec  0.063 ms  10455/22236 (47%)  
[2024-05-29 11:49:46.739813] [  5]  30.50-31.00  sec  14.0 MBytes   235 Mbits/sec  0.087 ms  11902/22378 (53%)  
[2024-05-29 11:49:46.739895] [  5]  31.00-31.50  sec  11.4 MBytes   192 Mbits/sec  0.038 ms  13792/22367 (62%)  
[2024-05-29 11:49:46.739977] [  5]  31.50-32.00  sec  17.0 MBytes   285 Mbits/sec  0.058 ms  9501/22234 (43%)  
[2024-05-29 11:49:46.740055] [  5]  32.00-32.50  sec  19.6 MBytes   329 Mbits/sec  0.043 ms  7697/22378 (34%)  
[2024-05-29 11:49:46.740130] [  5]  32.50-33.00  sec  19.4 MBytes   326 Mbits/sec  0.027 ms  7797/22344 (35%)  
[2024-05-29 11:49:46.740210] [  5]  33.00-33.50  sec  18.5 MBytes   310 Mbits/sec  0.030 ms  8496/22331 (38%)  
[2024-05-29 11:49:46.740289] [  5]  33.50-34.00  sec  19.6 MBytes   329 Mbits/sec  0.058 ms  7628/22295 (34%)  
[2024-05-29 11:49:46.740363] [  5]  34.00-34.50  sec  19.3 MBytes   323 Mbits/sec  0.014 ms  7925/22353 (35%)  
[2024-05-29 11:49:46.740439] [  5]  34.50-35.00  sec  19.1 MBytes   320 Mbits/sec  0.034 ms  7978/22260 (36%)  
[2024-05-29 11:49:46.740555] [  5]  35.00-35.50  sec  8.26 MBytes   139 Mbits/sec  0.023 ms  16140/22326 (72%)  
[2024-05-29 11:49:46.740636] [  5]  35.50-36.00  sec  17.1 MBytes   287 Mbits/sec  0.148 ms  9445/22252 (42%)  
[2024-05-29 11:49:46.740803] [  5]  36.00-36.50  sec  19.5 MBytes   328 Mbits/sec  0.116 ms  7782/22414 (35%)  
[2024-05-29 11:49:46.740891] [  5]  36.50-37.00  sec  19.1 MBytes   320 Mbits/sec  0.033 ms  8032/22337 (36%)  
[2024-05-29 11:49:46.740970] [  5]  37.00-37.50  sec  16.2 MBytes   271 Mbits/sec  0.070 ms  10167/22285 (46%)  
[2024-05-29 11:49:46.741047] [  5]  37.50-38.00  sec  16.3 MBytes   273 Mbits/sec  0.044 ms  9985/22190 (45%)  
[2024-05-29 11:49:46.741123] [  5]  38.00-38.50  sec  18.9 MBytes   318 Mbits/sec  0.023 ms  8287/22464 (37%)  
[2024-05-29 11:49:46.741198] [  5]  38.50-39.00  sec  17.9 MBytes   300 Mbits/sec  0.064 ms  8950/22327 (40%)  
[2024-05-29 11:49:46.741273] [  5]  39.00-39.50  sec  11.7 MBytes   196 Mbits/sec  0.019 ms  13279/22013 (60%)  
[2024-05-29 11:49:46.741348] [  5]  39.50-40.00  sec  20.1 MBytes   337 Mbits/sec  0.013 ms  7495/22519 (33%)  
[2024-05-29 11:49:46.741422] [  5]  40.00-40.50  sec  24.9 MBytes   418 Mbits/sec  0.096 ms  3583/22239 (16%)  
[2024-05-29 11:49:46.741498] [  5]  40.50-41.00  sec  24.5 MBytes   411 Mbits/sec  0.055 ms  4020/22361 (18%)  
[2024-05-29 11:49:46.741571] [  5]  41.00-41.50  sec  21.1 MBytes   354 Mbits/sec  0.048 ms  6481/22300 (29%)  
[2024-05-29 11:49:46.741646] [  5]  41.50-42.00  sec  22.1 MBytes   370 Mbits/sec  0.044 ms  5833/22368 (26%)  
[2024-05-29 11:49:46.741722] [  5]  42.00-42.50  sec  23.0 MBytes   385 Mbits/sec  0.061 ms  5074/22278 (23%)  
[2024-05-29 11:49:46.741800] [  5]  42.50-43.00  sec  22.8 MBytes   383 Mbits/sec  0.057 ms  5229/22335 (23%)  
[2024-05-29 11:49:46.741874] [  5]  43.00-43.50  sec  22.9 MBytes   384 Mbits/sec  0.020 ms  5147/22280 (23%)  
[2024-05-29 11:49:46.741955] [  5]  43.50-44.00  sec  8.54 MBytes   143 Mbits/sec  0.025 ms  15966/22359 (71%)  
[2024-05-29 11:49:46.742029] [  5]  44.00-44.50  sec  12.9 MBytes   216 Mbits/sec  0.057 ms  12667/22314 (57%)  
[2024-05-29 11:49:46.742102] [  5]  44.50-45.00  sec  12.4 MBytes   208 Mbits/sec  0.028 ms  13122/22393 (59%)  
[2024-05-29 11:49:46.742179] [  5]  45.00-45.50  sec  16.7 MBytes   280 Mbits/sec  0.038 ms  9861/22355 (44%)  
[2024-05-29 11:49:46.742254] [  5]  45.50-46.00  sec  18.3 MBytes   307 Mbits/sec  0.010 ms  8501/22212 (38%)  
[2024-05-29 11:49:46.742327] [  5]  46.00-46.50  sec  16.4 MBytes   275 Mbits/sec  0.017 ms  10050/22345 (45%)  
[2024-05-29 11:49:46.742401] [  5]  46.50-47.00  sec  12.1 MBytes   202 Mbits/sec  0.048 ms  13359/22391 (60%)  
[2024-05-29 11:49:46.742474] [  5]  47.00-47.50  sec  16.3 MBytes   273 Mbits/sec  0.165 ms  10149/22340 (45%)  
[2024-05-29 11:50:11.238201] [  5]  47.50-48.00  sec  13.5 MBytes   226 Mbits/sec  0.014 ms  12109/22193 (55%)  
[2024-05-29 11:50:11.238742] [  5]  48.00-48.50  sec  6.63 MBytes   111 Mbits/sec  0.067 ms  17360/22325 (78%)  
[2024-05-29 11:50:11.238863] [  5]  48.50-49.00  sec  2.80 MBytes  46.9 Mbits/sec  0.039 ms  20343/22438 (91%)  
[2024-05-29 11:50:11.238951] [  5]  49.00-49.50  sec  13.3 MBytes   223 Mbits/sec  0.138 ms  12364/22314 (55%)  
[2024-05-29 11:50:11.239034] [  5]  49.50-50.00  sec  15.6 MBytes   262 Mbits/sec  0.045 ms  10519/22226 (47%)  
[2024-05-29 11:50:11.239112] [  5]  50.00-50.50  sec  17.5 MBytes   294 Mbits/sec  0.020 ms  9256/22385 (41%)  
[2024-05-29 11:50:11.239192] [  5]  50.50-51.00  sec  17.5 MBytes   294 Mbits/sec  0.081 ms  9201/22334 (41%)  
[2024-05-29 11:50:11.239270] [  5]  51.00-51.50  sec  12.6 MBytes   211 Mbits/sec  0.102 ms  12917/22325 (58%)  
[2024-05-29 11:50:11.239350] [  5]  51.50-52.00  sec  12.5 MBytes   209 Mbits/sec  0.029 ms  12912/22249 (58%)  
[2024-05-29 11:50:11.239425] [  5]  52.00-52.50  sec  17.8 MBytes   298 Mbits/sec  0.040 ms  9036/22350 (40%)  
[2024-05-29 11:50:11.239514] [  5]  52.50-53.00  sec  13.1 MBytes   219 Mbits/sec  0.041 ms  12577/22365 (56%)  
[2024-05-29 11:50:11.239658] [  5]  53.00-53.50  sec  3.51 MBytes  58.9 Mbits/sec  0.110 ms  19481/22110 (88%)  
[2024-05-29 11:50:11.239741] [  5]  53.50-54.00  sec  5.68 MBytes  95.2 Mbits/sec  0.026 ms  18169/22421 (81%)  
[2024-05-29 11:50:11.239832] [  5]  54.00-54.50  sec  15.1 MBytes   254 Mbits/sec  0.065 ms  11052/22395 (49%)  
[2024-05-29 11:50:11.239912] [  5]  54.50-55.00  sec  13.8 MBytes   232 Mbits/sec  0.068 ms  12018/22373 (54%)  
[2024-05-29 11:50:11.239994] [  5]  55.00-55.50  sec  20.4 MBytes   342 Mbits/sec  0.065 ms  7093/22339 (32%)  
[2024-05-29 11:50:11.240077] [  5]  55.50-56.00  sec  21.4 MBytes   359 Mbits/sec  0.010 ms  6203/22236 (28%)  
[2024-05-29 11:50:11.240169] [  5]  56.00-56.50  sec  15.8 MBytes   264 Mbits/sec  0.011 ms  10570/22368 (47%)  
[2024-05-29 11:50:11.240248] [  5]  56.50-57.00  sec  19.2 MBytes   322 Mbits/sec  0.031 ms  7954/22334 (36%)  
[2024-05-29 11:50:11.240331] [  5]  57.00-57.50  sec  21.4 MBytes   358 Mbits/sec  0.016 ms  6150/22141 (28%)  
[2024-05-29 11:50:11.240413] [  5]  57.50-58.00  sec  21.0 MBytes   352 Mbits/sec  0.058 ms  6743/22463 (30%)  
[2024-05-29 11:50:11.240504] [  5]  58.00-58.50  sec  20.9 MBytes   351 Mbits/sec  0.091 ms  6451/22135 (29%)  
[2024-05-29 11:50:11.240586] [  5]  58.50-59.00  sec  16.6 MBytes   278 Mbits/sec  0.011 ms  10082/22506 (45%)  
[2024-05-29 11:50:11.240663] [  5]  59.00-59.50  sec  25.8 MBytes   433 Mbits/sec  0.026 ms  2991/22334 (13%)  
[2024-05-29 11:50:11.240857] [  5]  59.50-60.00  sec  22.2 MBytes   373 Mbits/sec  0.075 ms  5693/22334 (25%)  
[2024-05-29 11:50:11.240942] [  5]  60.00-60.50  sec  22.5 MBytes   377 Mbits/sec  0.010 ms  5452/22297 (24%)  
[2024-05-29 11:50:11.241020] [  5]  60.50-61.00  sec  25.1 MBytes   421 Mbits/sec  0.022 ms  3465/22251 (16%)  
[2024-05-29 11:50:11.241095] [  5]  61.00-61.50  sec  18.6 MBytes   311 Mbits/sec  0.060 ms  8529/22431 (38%)  
[2024-05-29 11:50:11.241173] [  5]  61.50-62.00  sec  24.4 MBytes   409 Mbits/sec  0.027 ms  4021/22270 (18%)  
[2024-05-29 11:50:11.241253] [  5]  62.00-62.50  sec  24.6 MBytes   412 Mbits/sec  0.044 ms  3879/22275 (17%)  
[2024-05-29 11:50:11.241329] [  5]  62.50-63.00  sec  24.2 MBytes   406 Mbits/sec  0.052 ms  4294/22425 (19%)  
[2024-05-29 11:50:11.241408] [  5]  63.00-63.50  sec  24.8 MBytes   417 Mbits/sec  0.045 ms  3733/22325 (17%)  
[2024-05-29 11:50:11.241482] [  5]  63.50-64.00  sec  24.5 MBytes   412 Mbits/sec  0.089 ms  3936/22309 (18%)  
[2024-05-29 11:50:11.241560] [  5]  64.00-64.50  sec  23.0 MBytes   387 Mbits/sec  0.012 ms  5016/22279 (23%)  
[2024-05-29 11:50:11.241636] [  5]  64.50-65.00  sec  23.2 MBytes   388 Mbits/sec  0.010 ms  5026/22365 (22%)  
[2024-05-29 11:50:11.241712] [  5]  65.00-65.50  sec  20.5 MBytes   345 Mbits/sec  0.035 ms  6924/22303 (31%)  
[2024-05-29 11:50:11.241786] [  5]  65.50-66.00  sec  24.0 MBytes   403 Mbits/sec  0.054 ms  4344/22346 (19%)  
[2024-05-29 11:50:11.241860] [  5]  66.00-66.50  sec  24.8 MBytes   416 Mbits/sec  0.085 ms  3714/22306 (17%)  
[2024-05-29 11:50:11.241934] [  5]  66.50-67.00  sec  24.4 MBytes   410 Mbits/sec  0.085 ms  4029/22328 (18%)  
[2024-05-29 11:50:11.242011] [  5]  67.00-67.50  sec  24.9 MBytes   418 Mbits/sec  0.042 ms  3706/22348 (17%)  
[2024-05-29 11:50:11.242088] [  5]  67.50-68.00  sec  24.2 MBytes   407 Mbits/sec  0.056 ms  4135/22290 (19%)  
[2024-05-29 11:50:11.242167] [  5]  68.00-68.50  sec  22.8 MBytes   383 Mbits/sec  0.047 ms  5218/22329 (23%)  
[2024-05-29 11:50:11.242248] [  5]  68.50-69.00  sec  21.8 MBytes   365 Mbits/sec  0.092 ms  6000/22313 (27%)  
[2024-05-29 11:50:11.242328] [  5]  69.00-69.50  sec  22.0 MBytes   369 Mbits/sec  0.017 ms  5707/22194 (26%)  
[2024-05-29 11:50:11.242407] [  5]  69.50-70.00  sec  22.9 MBytes   384 Mbits/sec  0.018 ms  5363/22491 (24%)  
[2024-05-29 11:50:11.242483] [  5]  70.00-70.50  sec  20.6 MBytes   345 Mbits/sec  0.057 ms  6867/22292 (31%)  
[2024-05-29 11:50:11.242562] [  5]  70.50-71.00  sec  24.8 MBytes   416 Mbits/sec  0.010 ms  3758/22334 (17%)  
[2024-05-29 11:50:11.242636] [  5]  71.00-71.50  sec  24.6 MBytes   413 Mbits/sec  0.080 ms  3833/22293 (17%)  
[2024-05-29 11:50:11.242728] [  5]  71.50-72.00  sec  24.4 MBytes   409 Mbits/sec  0.035 ms  4085/22333 (18%)  
[2024-05-29 11:50:35.737738] [  5]  72.00-72.50  sec  22.7 MBytes   381 Mbits/sec  0.025 ms  5319/22342 (24%)  
[2024-05-29 11:50:35.738129] [  5]  72.50-73.00  sec  24.9 MBytes   417 Mbits/sec  0.007 ms  3675/22297 (16%)  
[2024-05-29 11:50:35.738241] [  5]  73.00-73.50  sec  24.6 MBytes   413 Mbits/sec  0.027 ms  3884/22319 (17%)  
[2024-05-29 11:50:35.738329] [  5]  73.50-74.00  sec  4.95 MBytes  83.0 Mbits/sec  0.056 ms  18506/22210 (83%)  
[2024-05-29 11:50:35.738409] [  5]  74.00-74.50  sec  14.8 MBytes   249 Mbits/sec  0.019 ms  11225/22333 (50%)  
[2024-05-29 11:50:35.738485] [  5]  74.50-75.00  sec  17.2 MBytes   289 Mbits/sec  0.022 ms  9452/22366 (42%)  
[2024-05-29 11:50:35.738561] [  5]  75.00-75.50  sec  19.1 MBytes   320 Mbits/sec  0.008 ms  8022/22300 (36%)  
[2024-05-29 11:50:35.738636] [  5]  75.50-76.00  sec  17.8 MBytes   299 Mbits/sec  0.076 ms  8740/22076 (40%)  
[2024-05-29 11:50:35.738712] [  5]  76.00-76.50  sec  17.4 MBytes   292 Mbits/sec  0.037 ms  9503/22534 (42%)  
[2024-05-29 11:50:35.738787] [  5]  76.50-77.00  sec  17.7 MBytes   297 Mbits/sec  0.053 ms  9037/22304 (41%)  
[2024-05-29 11:50:35.738861] [  5]  77.00-77.50  sec  15.5 MBytes   260 Mbits/sec  0.033 ms  10684/22296 (48%)  
[2024-05-29 11:50:35.738939] [  5]  77.50-78.00  sec  16.2 MBytes   272 Mbits/sec  0.052 ms  10267/22398 (46%)  
[2024-05-29 11:50:35.739012] [  5]  78.00-78.50  sec  17.8 MBytes   299 Mbits/sec  0.016 ms  8943/22303 (40%)  
[2024-05-29 11:50:35.739084] [  5]  78.50-79.00  sec  17.8 MBytes   298 Mbits/sec  0.020 ms  9038/22356 (40%)  
[2024-05-29 11:50:35.739159] [  5]  79.00-79.50  sec  14.5 MBytes   244 Mbits/sec  0.118 ms  11357/22235 (51%)  
[2024-05-29 11:50:35.739234] [  5]  79.50-80.00  sec  15.1 MBytes   254 Mbits/sec  0.026 ms  11055/22402 (49%)  
[2024-05-29 11:50:35.739307] [  5]  80.00-80.50  sec  16.5 MBytes   277 Mbits/sec  0.013 ms  9907/22287 (44%)  
[2024-05-29 11:50:35.739386] [  5]  80.50-81.00  sec  14.3 MBytes   241 Mbits/sec  0.107 ms  11562/22306 (52%)  
[2024-05-29 11:50:35.739461] [  5]  81.00-81.50  sec  11.1 MBytes   186 Mbits/sec  0.011 ms  14045/22340 (63%)  
[2024-05-29 11:50:35.739537] [  5]  81.50-82.00  sec  15.6 MBytes   262 Mbits/sec  0.033 ms  10475/22150 (47%)  
[2024-05-29 11:50:35.739609] [  5]  82.00-82.50  sec  17.4 MBytes   291 Mbits/sec  0.035 ms  9435/22433 (42%)  
[2024-05-29 11:50:35.739683] [  5]  82.50-83.00  sec  17.3 MBytes   291 Mbits/sec  0.054 ms  9427/22403 (42%)  
[2024-05-29 11:50:35.739757] [  5]  83.00-83.50  sec  17.2 MBytes   288 Mbits/sec  0.028 ms  9245/22115 (42%)  
[2024-05-29 11:50:35.739830] [  5]  83.50-84.00  sec  15.0 MBytes   251 Mbits/sec  0.111 ms  11182/22399 (50%)  
[2024-05-29 11:50:35.739903] [  5]  84.00-84.50  sec  15.7 MBytes   264 Mbits/sec  0.195 ms  10604/22372 (47%)  
[2024-05-29 11:50:35.739979] [  5]  84.50-85.00  sec  15.0 MBytes   252 Mbits/sec  0.013 ms  11080/22338 (50%)  
[2024-05-29 11:50:35.740053] [  5]  85.00-85.50  sec  17.6 MBytes   295 Mbits/sec  0.011 ms  9177/22367 (41%)  
[2024-05-29 11:50:35.740127] [  5]  85.50-86.00  sec  17.8 MBytes   299 Mbits/sec  0.031 ms  9017/22346 (40%)  
[2024-05-29 11:50:35.740202] [  5]  86.00-86.50  sec  16.6 MBytes   279 Mbits/sec  0.022 ms  9830/22291 (44%)  
[2024-05-29 11:50:35.740277] [  5]  86.50-87.00  sec  17.3 MBytes   291 Mbits/sec  0.036 ms  9303/22286 (42%)  
[2024-05-29 11:50:35.740351] [  5]  87.00-87.50  sec  17.1 MBytes   287 Mbits/sec  0.020 ms  9540/22354 (43%)  
[2024-05-29 11:50:35.740425] [  5]  87.50-88.00  sec  16.4 MBytes   274 Mbits/sec  0.099 ms  10035/22288 (45%)  
[2024-05-29 11:50:35.740502] [  5]  88.00-88.50  sec  17.7 MBytes   297 Mbits/sec  0.010 ms  9063/22329 (41%)  
[2024-05-29 11:50:35.740575] [  5]  88.50-89.00  sec  9.54 MBytes   160 Mbits/sec  0.025 ms  15374/22523 (68%)  
[2024-05-29 11:50:35.740649] [  5]  89.00-89.50  sec  18.6 MBytes   313 Mbits/sec  0.030 ms  8171/22124 (37%)  
[2024-05-29 11:50:35.740882] [  5]  89.50-90.00  sec  13.1 MBytes   219 Mbits/sec  1.123 ms  11990/21776 (55%)  
[2024-05-29 11:50:35.740970] [  5]  90.00-90.50  sec  6.25 MBytes   105 Mbits/sec  0.155 ms  18360/23039 (80%)  
[2024-05-29 11:50:35.741046] [  5]  90.50-91.00  sec  9.94 MBytes   167 Mbits/sec  0.034 ms  14883/22327 (67%)  
[2024-05-29 11:50:35.741121] [  5]  91.00-91.50  sec  13.9 MBytes   233 Mbits/sec  0.099 ms  11922/22302 (53%)  
[2024-05-29 11:50:35.741195] [  5]  91.50-92.00  sec  11.2 MBytes   187 Mbits/sec  0.047 ms  13768/22135 (62%)  
[2024-05-29 11:50:35.741270] [  5]  92.00-92.50  sec  7.80 MBytes   131 Mbits/sec  0.443 ms  16672/22511 (74%)  
[2024-05-29 11:50:35.741344] [  5]  92.50-93.00  sec  13.3 MBytes   224 Mbits/sec  0.017 ms  12353/22336 (55%)  
[2024-05-29 11:50:35.741417] [  5]  93.00-93.50  sec  16.8 MBytes   282 Mbits/sec  0.066 ms  9745/22322 (44%)  
[2024-05-29 11:50:35.741488] [  5]  93.50-94.00  sec  14.9 MBytes   250 Mbits/sec  0.066 ms  10670/21829 (49%)  
[2024-05-29 11:50:35.741560] [  5]  94.00-94.50  sec  11.4 MBytes   191 Mbits/sec  0.094 ms  14302/22818 (63%)  
[2024-05-29 11:50:35.741645] [  5]  94.50-95.00  sec  15.3 MBytes   257 Mbits/sec  0.016 ms  10754/22225 (48%)  
[2024-05-29 11:50:35.741719] [  5]  95.00-95.50  sec  17.0 MBytes   284 Mbits/sec  0.035 ms  9686/22383 (43%)  
[2024-05-29 11:50:35.741795] [  5]  95.50-96.00  sec  14.0 MBytes   235 Mbits/sec  0.012 ms  11867/22351 (53%)  
[2024-05-29 11:50:35.741869] [  5]  96.00-96.50  sec  19.9 MBytes   334 Mbits/sec  0.039 ms  7408/22311 (33%)  
[2024-05-29 11:50:59.002118] [  5]  96.50-97.00  sec  19.0 MBytes   318 Mbits/sec  0.143 ms  8019/22225 (36%)  
[2024-05-29 11:50:59.002472] [  5]  97.00-97.50  sec  21.1 MBytes   354 Mbits/sec  0.011 ms  6599/22383 (29%)  
[2024-05-29 11:50:59.002574] [  5]  97.50-98.00  sec  18.4 MBytes   309 Mbits/sec  0.054 ms  8096/21893 (37%)  
[2024-05-29 11:50:59.002661] [  5]  98.00-98.50  sec  12.4 MBytes   209 Mbits/sec  0.036 ms  13332/22656 (59%)  
[2024-05-29 11:50:59.002743] [  5]  98.50-99.00  sec  22.1 MBytes   371 Mbits/sec  0.053 ms  5878/22458 (26%)  
[2024-05-29 11:50:59.002822] [  5]  99.00-99.50  sec  22.5 MBytes   378 Mbits/sec  0.071 ms  5443/22316 (24%)  
[2024-05-29 11:50:59.002899] [  5]  99.50-100.00 sec  19.2 MBytes   323 Mbits/sec  0.014 ms  7821/22236 (35%)  
[2024-05-29 11:50:59.002978] [  5] 100.00-100.50 sec  19.8 MBytes   333 Mbits/sec  0.044 ms  7532/22392 (34%)  
[2024-05-29 11:50:59.003058] [  5] 100.50-101.00 sec  19.4 MBytes   325 Mbits/sec  0.040 ms  7831/22344 (35%)  
[2024-05-29 11:50:59.003221] [  5] 101.00-101.50 sec  22.2 MBytes   372 Mbits/sec  0.050 ms  5744/22335 (26%)  
[2024-05-29 11:50:59.003300] [  5] 101.50-102.00 sec  20.1 MBytes   337 Mbits/sec  0.036 ms  7264/22325 (33%)  
[2024-05-29 11:50:59.003376] [  5] 102.00-102.50 sec  20.1 MBytes   338 Mbits/sec  0.010 ms  7270/22338 (33%)  
[2024-05-29 11:50:59.003542] [  5] 102.50-103.00 sec  22.3 MBytes   374 Mbits/sec  0.021 ms  5616/22313 (25%)  
[2024-05-29 11:50:59.003721] [  5] 103.00-103.50 sec  22.6 MBytes   380 Mbits/sec  0.016 ms  5344/22296 (24%)  
[2024-05-29 11:50:59.003899] [  5] 103.50-104.00 sec  14.0 MBytes   235 Mbits/sec  0.016 ms  11846/22351 (53%)  
[2024-05-29 11:50:59.004079] [  5] 104.00-104.50 sec  17.6 MBytes   295 Mbits/sec  0.041 ms  9045/22199 (41%)  
[2024-05-29 11:50:59.004269] [  5] 104.50-105.00 sec  13.9 MBytes   233 Mbits/sec  0.040 ms  12009/22432 (54%)  
[2024-05-29 11:50:59.004438] [  5] 105.00-105.50 sec  22.2 MBytes   372 Mbits/sec  0.017 ms  5329/21945 (24%)  
[2024-05-29 11:50:59.004513] [  5] 105.50-106.00 sec  23.0 MBytes   386 Mbits/sec  0.009 ms  5333/22583 (24%)  
[2024-05-29 11:50:59.004590] [  5] 106.00-106.50 sec  19.4 MBytes   325 Mbits/sec  0.012 ms  7831/22331 (35%)  
[2024-05-29 11:50:59.004666] [  5] 106.50-107.00 sec  19.8 MBytes   333 Mbits/sec  0.058 ms  7012/21863 (32%)  
[2024-05-29 11:50:59.004812] [  5] 107.00-107.50 sec  16.5 MBytes   277 Mbits/sec  0.199 ms  10463/22858 (46%)  
[2024-05-29 11:50:59.004893] [  5] 107.50-108.00 sec  18.3 MBytes   308 Mbits/sec  0.026 ms  8457/22184 (38%)  
[2024-05-29 11:50:59.005347] [  5] 108.00-108.50 sec  21.4 MBytes   358 Mbits/sec  0.021 ms  6406/22400 (29%)  
[2024-05-29 11:50:59.005423] [  5] 108.50-109.00 sec  18.9 MBytes   318 Mbits/sec  0.060 ms  8205/22398 (37%)  
[2024-05-29 11:50:59.005501] [  5] 109.00-109.50 sec  19.3 MBytes   324 Mbits/sec  0.098 ms  7525/21991 (34%)  
[2024-05-29 11:50:59.005575] [  5] 109.50-110.00 sec  18.0 MBytes   302 Mbits/sec  0.016 ms  9071/22557 (40%)  
[2024-05-29 11:50:59.005650] [  5] 110.00-110.50 sec  21.1 MBytes   355 Mbits/sec  0.155 ms  6560/22393 (29%)  
[2024-05-29 11:50:59.005724] [  5] 110.50-111.00 sec  17.6 MBytes   296 Mbits/sec  0.051 ms  8377/21586 (39%)  
[2024-05-29 11:50:59.005797] [  5] 111.00-111.50 sec  20.3 MBytes   341 Mbits/sec  0.042 ms  7857/23083 (34%)  
[2024-05-29 11:50:59.005872] [  5] 111.50-112.00 sec  21.1 MBytes   354 Mbits/sec  0.016 ms  6510/22309 (29%)  
[2024-05-29 11:50:59.005943] [  5] 112.00-112.50 sec  21.6 MBytes   362 Mbits/sec  0.049 ms  5988/22149 (27%)  
[2024-05-29 11:50:59.006042] [  5] 112.50-113.00 sec  16.5 MBytes   277 Mbits/sec  0.045 ms  10179/22531 (45%)  
[2024-05-29 11:50:59.006113] [  5] 113.00-113.50 sec  5.79 MBytes  97.2 Mbits/sec  0.110 ms  17707/22047 (80%)  
[2024-05-29 11:50:59.006185] [  5] 113.50-114.00 sec  13.5 MBytes   227 Mbits/sec  0.096 ms  12295/22418 (55%)  
[2024-05-29 11:50:59.006330] [  5] 114.00-114.50 sec  21.8 MBytes   366 Mbits/sec  0.111 ms  6111/22459 (27%)  
[2024-05-29 11:50:59.006453] [  5] 114.50-115.00 sec  19.6 MBytes   329 Mbits/sec  0.017 ms  7547/22225 (34%)  
[2024-05-29 11:50:59.006577] [  5] 115.00-115.50 sec  17.4 MBytes   291 Mbits/sec  0.149 ms  9067/22074 (41%)  
[2024-05-29 11:50:59.006649] [  5] 115.50-116.00 sec  20.9 MBytes   350 Mbits/sec  0.031 ms  6590/22211 (30%)  
[2024-05-29 11:50:59.006721] [  5] 116.00-116.50 sec  22.6 MBytes   379 Mbits/sec  0.005 ms  5613/22512 (25%)  
[2024-05-29 11:50:59.006792] [  5] 116.50-117.00 sec  22.6 MBytes   380 Mbits/sec  0.086 ms  5663/22614 (25%)  
[2024-05-29 11:50:59.006866] [  5] 117.00-117.50 sec  18.0 MBytes   302 Mbits/sec  0.083 ms  8896/22364 (40%)  
[2024-05-29 11:50:59.006938] [  5] 117.50-118.00 sec  21.9 MBytes   368 Mbits/sec  0.043 ms  5726/22156 (26%)  
[2024-05-29 11:50:59.007213] [  5] 118.00-118.50 sec  20.1 MBytes   338 Mbits/sec  0.069 ms  7315/22386 (33%)  
[2024-05-29 11:50:59.007275] [  5] 118.50-119.00 sec  9.96 MBytes   167 Mbits/sec  0.024 ms  14834/22293 (67%)  
[2024-05-29 11:50:59.007323] [  5] 119.00-119.50 sec  19.0 MBytes   318 Mbits/sec  0.019 ms  8083/22284 (36%)  
[2024-05-29 11:50:59.007363] [  5] 119.50-120.00 sec  21.9 MBytes   368 Mbits/sec  0.051 ms  5916/22342 (26%)  
[2024-05-29 11:50:59.007404] - - - - - - - - - - - - - - - - - - - - - - - - -
[2024-05-29 11:50:59.007446] [ ID] Interval           Transfer     Bitrate         Jitter    Lost/Total Datagrams
[2024-05-29 11:50:59.007498] [  5]   0.00-120.08 sec  6.99 GBytes   500 Mbits/sec  0.000 ms  0/5360554 (0%)  sender
[2024-05-29 11:50:59.007543] [SUM]  0.0-120.1 sec  1020 datagrams received out-of-order
[2024-05-29 11:50:59.007583] [  5]   0.00-120.00 sec  3.98 GBytes   285 Mbits/sec  0.051 ms  2304356/5357077 (43%)  receiver
[2024-05-29 11:50:59.007622] 
[2024-05-29 11:50:59.007664] iperf Done.
End time: 1716997859019
