Start time: 1716836791901
[2024-05-27 15:06:55.166616] Connecting to host 35.245.244.238, port 5203
[2024-05-27 15:06:55.167242] Reverse mode, remote host 35.245.244.238 is sending
[2024-05-27 15:06:55.167313] [  5] local 192.168.1.23 port 57247 connected to 35.245.244.238 port 5203
[2024-05-27 15:06:55.167368] [ ID] Interval           Transfer     Bitrate         Jitter    Lost/Total Datagrams
[2024-05-27 15:06:55.167422] [  5]   0.00-0.50   sec  17.2 MBytes   288 Mbits/sec  0.035 ms  9544/22391 (43%)  
[2024-05-27 15:06:55.167473] [  5]   0.50-1.00   sec  29.1 MBytes   488 Mbits/sec  0.011 ms  820/22613 (3.6%)  
[2024-05-27 15:06:55.167521] [  5]   1.00-1.50   sec  30.0 MBytes   504 Mbits/sec  0.019 ms  0/22492 (0%)  
[2024-05-27 15:06:55.167572] [  5]   1.50-2.00   sec  25.5 MBytes   428 Mbits/sec  0.014 ms  2753/21877 (13%)  
[2024-05-27 15:06:55.167621] [  5]   2.00-2.50   sec  27.2 MBytes   456 Mbits/sec  0.041 ms  1909/22284 (8.6%)  
[2024-05-27 15:06:55.167676] [  5]   2.50-3.00   sec  27.4 MBytes   460 Mbits/sec  0.061 ms  1816/22333 (8.1%)  
[2024-05-27 15:06:55.167804] [  5]   3.00-3.50   sec  22.0 MBytes   369 Mbits/sec  0.017 ms  5639/22129 (25%)  
[2024-05-27 15:06:55.167870] [  5]   3.50-4.00   sec  23.5 MBytes   394 Mbits/sec  0.027 ms  4838/22447 (22%)  
[2024-05-27 15:06:55.167919] [  5]   4.00-4.50   sec  27.6 MBytes   462 Mbits/sec  0.087 ms  1736/22379 (7.8%)  
[2024-05-27 15:06:55.167966] [  5]   4.50-5.00   sec  22.1 MBytes   371 Mbits/sec  0.025 ms  5759/22300 (26%)  
[2024-05-27 15:06:55.168015] [  5]   5.00-5.50   sec  21.8 MBytes   366 Mbits/sec  0.112 ms  5980/22317 (27%)  
[2024-05-27 15:06:55.168064] [  5]   5.50-6.00   sec  25.9 MBytes   435 Mbits/sec  0.006 ms  2560/21991 (12%)  
[2024-05-27 15:06:55.168113] [  5]   6.00-6.50   sec  26.9 MBytes   451 Mbits/sec  0.031 ms  2496/22652 (11%)  
[2024-05-27 15:06:55.168162] [  5]   6.50-7.00   sec  26.4 MBytes   443 Mbits/sec  0.008 ms  2525/22307 (11%)  
[2024-05-27 15:06:55.168213] [  5]   7.00-7.50   sec  26.4 MBytes   443 Mbits/sec  0.014 ms  2534/22320 (11%)  
[2024-05-27 15:06:55.168263] [  5]   7.50-8.00   sec  17.5 MBytes   292 Mbits/sec  2.817 ms  7319/20390 (36%)  
[2024-05-27 15:06:55.168311] [  5]   8.00-8.50   sec  20.8 MBytes   349 Mbits/sec  0.072 ms  9095/24652 (37%)  
[2024-05-27 15:06:55.168359] [  5]   8.50-9.00   sec  20.5 MBytes   344 Mbits/sec  0.061 ms  6496/21839 (30%)  
[2024-05-27 15:06:55.168410] [  5]   9.00-9.50   sec  20.5 MBytes   343 Mbits/sec  0.071 ms  5297/20628 (26%)  
[2024-05-27 15:06:55.168458] [  5]   9.50-10.00  sec   789 KBytes  12.9 Mbits/sec  0.276 ms  23551/24128 (98%)  
[2024-05-27 15:06:55.168505] [  5]  10.00-10.50  sec  2.41 MBytes  40.4 Mbits/sec  0.033 ms  20168/21971 (92%)  
[2024-05-27 15:06:55.168550] [  5]  10.50-11.00  sec  2.25 MBytes  37.7 Mbits/sec  0.403 ms  20989/22671 (93%)  
[2024-05-27 15:06:55.168596] [  5]  11.00-11.50  sec  2.24 MBytes  37.5 Mbits/sec  0.047 ms  20573/22249 (92%)  
[2024-05-27 15:06:55.168645] [  5]  11.50-12.00  sec  2.69 MBytes  45.2 Mbits/sec  0.066 ms  20315/22331 (91%)  
[2024-05-27 15:06:55.168695] [  5]  12.00-12.50  sec  3.28 MBytes  55.0 Mbits/sec  0.069 ms  19933/22388 (89%)  
[2024-05-27 15:06:55.168741] [  5]  12.50-13.00  sec  3.75 MBytes  62.8 Mbits/sec  0.220 ms  19338/22143 (87%)  
[2024-05-27 15:06:55.168785] [  5]  13.00-13.50  sec  3.91 MBytes  65.6 Mbits/sec  0.097 ms  19567/22497 (87%)  
[2024-05-27 15:06:55.168832] [  5]  13.50-14.00  sec  4.37 MBytes  73.3 Mbits/sec  0.298 ms  18985/22258 (85%)  
[2024-05-27 15:06:55.168877] [  5]  14.00-14.50  sec  6.93 MBytes   116 Mbits/sec  0.051 ms  17193/22386 (77%)  
[2024-05-27 15:06:55.168922] [  5]  14.50-15.00  sec  7.30 MBytes   122 Mbits/sec  0.094 ms  16843/22311 (75%)  
[2024-05-27 15:06:55.168968] [  5]  15.00-15.50  sec  1.99 MBytes  33.4 Mbits/sec  0.230 ms  20834/22327 (93%)  
[2024-05-27 15:06:55.169014] [  5]  15.50-16.00  sec  4.50 MBytes  75.4 Mbits/sec  0.155 ms  18945/22313 (85%)  
[2024-05-27 15:06:55.169060] [  5]  16.00-16.50  sec  4.52 MBytes  75.8 Mbits/sec  0.094 ms  18819/22203 (85%)  
[2024-05-27 15:06:55.169136] [  5]  16.50-17.00  sec  5.14 MBytes  86.3 Mbits/sec  0.089 ms  18220/22073 (83%)  
[2024-05-27 15:06:55.169188] [  5]  17.00-17.50  sec  6.94 MBytes   116 Mbits/sec  0.038 ms  17325/22522 (77%)  
[2024-05-27 15:06:55.169235] [  5]  17.50-18.00  sec  3.26 MBytes  54.7 Mbits/sec  0.198 ms  20014/22456 (89%)  
[2024-05-27 15:06:55.169285] [  5]  18.00-18.50  sec  2.72 MBytes  45.7 Mbits/sec  0.061 ms  20307/22347 (91%)  
[2024-05-27 15:06:55.169330] [  5]  18.50-19.00  sec  6.37 MBytes   107 Mbits/sec  0.041 ms  17567/22336 (79%)  
[2024-05-27 15:06:55.169378] [  5]  19.00-19.50  sec  7.85 MBytes   132 Mbits/sec  0.050 ms  16390/22268 (74%)  
[2024-05-27 15:06:55.169424] [  5]  19.50-20.00  sec  7.68 MBytes   129 Mbits/sec  0.051 ms  16429/22180 (74%)  
[2024-05-27 15:06:55.169470] [  5]  20.00-20.50  sec  5.82 MBytes  97.8 Mbits/sec  0.234 ms  18118/22480 (81%)  
[2024-05-27 15:06:55.169515] [  5]  20.50-21.00  sec  8.38 MBytes   141 Mbits/sec  0.046 ms  16061/22339 (72%)  
[2024-05-27 15:06:55.169560] [  5]  21.00-21.50  sec  7.38 MBytes   124 Mbits/sec  0.049 ms  16800/22327 (75%)  
[2024-05-27 15:06:55.169605] [  5]  21.50-22.00  sec  3.60 MBytes  60.4 Mbits/sec  0.475 ms  19439/22138 (88%)  
[2024-05-27 15:06:55.169650] [  5]  22.00-22.50  sec  3.70 MBytes  62.1 Mbits/sec  0.065 ms  19559/22333 (88%)  
[2024-05-27 15:07:19.666545] [  5]  22.50-23.00  sec  4.88 MBytes  81.9 Mbits/sec  0.252 ms  18815/22472 (84%)  
[2024-05-27 15:07:19.666890] [  5]  23.00-23.50  sec  5.21 MBytes  87.4 Mbits/sec  0.088 ms  18356/22260 (82%)  
[2024-05-27 15:07:19.666934] [  5]  23.50-24.00  sec  5.77 MBytes  96.8 Mbits/sec  0.064 ms  18029/22352 (81%)  
[2024-05-27 15:07:19.666964] [  5]  24.00-24.50  sec  3.87 MBytes  64.9 Mbits/sec  0.057 ms  17488/20387 (86%)  
[2024-05-27 15:07:19.666990] [  5]  24.50-25.00  sec  9.45 MBytes   159 Mbits/sec  0.011 ms  17165/24245 (71%)  
[2024-05-27 15:07:19.667017] [  5]  25.00-25.50  sec  11.4 MBytes   192 Mbits/sec  0.177 ms  13702/22262 (62%)  
[2024-05-27 15:07:19.667047] [  5]  25.50-26.00  sec  11.9 MBytes   200 Mbits/sec  0.025 ms  13462/22369 (60%)  
[2024-05-27 15:07:19.667073] [  5]  26.00-26.50  sec  14.5 MBytes   244 Mbits/sec  0.070 ms  11411/22300 (51%)  
[2024-05-27 15:07:19.667099] [  5]  26.50-27.00  sec  14.2 MBytes   238 Mbits/sec  0.019 ms  11740/22345 (53%)  
[2024-05-27 15:07:19.667124] [  5]  27.00-27.50  sec  12.5 MBytes   211 Mbits/sec  0.047 ms  12947/22346 (58%)  
[2024-05-27 15:07:19.667149] [  5]  27.50-28.00  sec  16.9 MBytes   284 Mbits/sec  0.101 ms  9612/22271 (43%)  
[2024-05-27 15:07:19.667175] [  5]  28.00-28.50  sec  12.6 MBytes   211 Mbits/sec  0.064 ms  12920/22330 (58%)  
[2024-05-27 15:07:19.667202] [  5]  28.50-29.00  sec  12.0 MBytes   201 Mbits/sec  0.011 ms  13313/22303 (60%)  
[2024-05-27 15:07:19.667227] [  5]  29.00-29.50  sec  12.2 MBytes   205 Mbits/sec  0.020 ms  13127/22295 (59%)  
[2024-05-27 15:07:19.667254] [  5]  29.50-30.00  sec  11.5 MBytes   193 Mbits/sec  0.046 ms  13719/22349 (61%)  
[2024-05-27 15:07:19.667281] [  5]  30.00-30.50  sec  13.9 MBytes   233 Mbits/sec  0.026 ms  11891/22303 (53%)  
[2024-05-27 15:07:19.667306] [  5]  30.50-31.00  sec  13.1 MBytes   220 Mbits/sec  0.071 ms  12545/22364 (56%)  
[2024-05-27 15:07:19.667332] [  5]  31.00-31.50  sec  12.9 MBytes   216 Mbits/sec  0.142 ms  12603/22250 (57%)  
[2024-05-27 15:07:19.667359] [  5]  31.50-32.00  sec  13.0 MBytes   218 Mbits/sec  0.137 ms  12605/22351 (56%)  
[2024-05-27 15:07:19.667385] [  5]  32.00-32.50  sec  11.0 MBytes   184 Mbits/sec  0.074 ms  14119/22332 (63%)  
[2024-05-27 15:07:19.667410] [  5]  32.50-33.00  sec  16.0 MBytes   269 Mbits/sec  0.046 ms  10365/22376 (46%)  
[2024-05-27 15:07:19.667437] [  5]  33.00-33.50  sec  14.7 MBytes   246 Mbits/sec  0.019 ms  11328/22320 (51%)  
[2024-05-27 15:07:19.667464] [  5]  33.50-34.00  sec  8.26 MBytes   139 Mbits/sec  0.148 ms  16066/22252 (72%)  
[2024-05-27 15:07:19.667492] [  5]  34.00-34.50  sec  9.12 MBytes   153 Mbits/sec  0.014 ms  15473/22306 (69%)  
[2024-05-27 15:07:19.667520] [  5]  34.50-35.00  sec  15.3 MBytes   258 Mbits/sec  0.058 ms  10899/22394 (49%)  
[2024-05-27 15:07:19.667578] [  5]  35.00-35.50  sec  12.8 MBytes   215 Mbits/sec  0.122 ms  12666/22271 (57%)  
[2024-05-27 15:07:19.667604] [  5]  35.50-36.00  sec  9.43 MBytes   158 Mbits/sec  0.023 ms  15302/22368 (68%)  
[2024-05-27 15:07:19.667631] [  5]  36.00-36.50  sec  11.5 MBytes   193 Mbits/sec  0.039 ms  13646/22250 (61%)  
[2024-05-27 15:07:19.667656] [  5]  36.50-37.00  sec  9.27 MBytes   156 Mbits/sec  0.041 ms  15442/22385 (69%)  
[2024-05-27 15:07:19.667681] [  5]  37.00-37.50  sec  8.80 MBytes   148 Mbits/sec  0.030 ms  15696/22285 (70%)  
[2024-05-27 15:07:19.667707] [  5]  37.50-38.00  sec  14.0 MBytes   235 Mbits/sec  0.010 ms  11902/22388 (53%)  
[2024-05-27 15:07:19.667776] [  5]  38.00-38.50  sec  14.7 MBytes   246 Mbits/sec  0.027 ms  11358/22337 (51%)  
[2024-05-27 15:07:19.667805] [  5]  38.50-39.00  sec  14.5 MBytes   243 Mbits/sec  0.046 ms  11412/22270 (51%)  
[2024-05-27 15:07:19.667829] [  5]  39.00-39.50  sec  13.8 MBytes   231 Mbits/sec  0.018 ms  10219/20554 (50%)  
[2024-05-27 15:07:19.667854] [  5]  39.50-40.00  sec  16.9 MBytes   284 Mbits/sec  0.019 ms  10956/23619 (46%)  
[2024-05-27 15:07:19.667878] [  5]  40.00-40.50  sec  13.7 MBytes   230 Mbits/sec  0.012 ms  2007/12288 (16%)  
[2024-05-27 15:07:19.667901] [  5]  40.50-41.00  sec  0.00 Bytes  0.00 bits/sec  0.012 ms  0/0 (0%)  
[2024-05-27 15:07:19.667924] [  5]  41.00-41.50  sec  3.17 MBytes  53.4 Mbits/sec  0.112 ms  52908/55282 (96%)  
[2024-05-27 15:07:19.667948] [  5]  41.50-42.00  sec  8.89 MBytes   149 Mbits/sec  0.012 ms  15375/22036 (70%)  
[2024-05-27 15:07:19.667974] [  5]  42.00-42.50  sec  9.29 MBytes   156 Mbits/sec  0.023 ms  15580/22535 (69%)  
[2024-05-27 15:07:19.667999] [  5]  42.50-43.00  sec  14.9 MBytes   250 Mbits/sec  0.037 ms  11167/22336 (50%)  
[2024-05-27 15:07:19.668025] [  5]  43.00-43.50  sec  11.7 MBytes   197 Mbits/sec  0.022 ms  13569/22360 (61%)  
[2024-05-27 15:07:19.668050] [  5]  43.50-44.00  sec  18.3 MBytes   307 Mbits/sec  0.050 ms  8544/22251 (38%)  
[2024-05-27 15:07:19.668074] [  5]  44.00-44.50  sec  12.3 MBytes   206 Mbits/sec  0.092 ms  13252/22448 (59%)  
[2024-05-27 15:07:19.668099] [  5]  44.50-45.00  sec  7.47 MBytes   125 Mbits/sec  0.055 ms  16649/22245 (75%)  
[2024-05-27 15:07:19.668123] [  5]  45.00-45.50  sec  9.53 MBytes   160 Mbits/sec  0.080 ms  15174/22309 (68%)  
[2024-05-27 15:07:19.668147] [  5]  45.50-46.00  sec  3.87 MBytes  64.9 Mbits/sec  0.220 ms  19412/22308 (87%)  
[2024-05-27 15:07:19.668171] [  5]  46.00-46.50  sec  3.54 MBytes  59.3 Mbits/sec  0.024 ms  19798/22446 (88%)  
[2024-05-27 15:07:19.668195] [  5]  46.50-47.00  sec  7.55 MBytes   127 Mbits/sec  0.025 ms  16570/22224 (75%)  
[2024-05-27 15:07:44.666637] [  5]  47.00-47.50  sec  11.2 MBytes   188 Mbits/sec  0.025 ms  13921/22328 (62%)  
[2024-05-27 15:07:44.667054] [  5]  47.50-48.00  sec  12.1 MBytes   203 Mbits/sec  0.016 ms  13284/22329 (59%)  
[2024-05-27 15:07:44.667255] [  5]  48.00-48.50  sec  5.85 MBytes  98.1 Mbits/sec  0.207 ms  17984/22369 (80%)  
[2024-05-27 15:07:44.667426] [  5]  48.50-49.00  sec  9.85 MBytes   165 Mbits/sec  0.024 ms  14981/22357 (67%)  
[2024-05-27 15:07:44.667545] [  5]  49.00-49.50  sec  18.8 MBytes   316 Mbits/sec  0.013 ms  8132/22246 (37%)  
[2024-05-27 15:07:44.667659] [  5]  49.50-50.00  sec  15.3 MBytes   256 Mbits/sec  0.501 ms  10809/22253 (49%)  
[2024-05-27 15:07:44.667871] [  5]  50.00-50.50  sec  12.4 MBytes   207 Mbits/sec  0.063 ms  13123/22375 (59%)  
[2024-05-27 15:07:44.668111] [  5]  50.50-51.00  sec  6.56 MBytes   110 Mbits/sec  0.067 ms  17368/22282 (78%)  
[2024-05-27 15:07:44.668276] [  5]  51.00-51.50  sec  5.10 MBytes  85.6 Mbits/sec  0.066 ms  18485/22306 (83%)  
[2024-05-27 15:07:44.668354] [  5]  51.50-52.00  sec  6.84 MBytes   115 Mbits/sec  0.054 ms  17235/22357 (77%)  
[2024-05-27 15:07:44.668430] [  5]  52.00-52.50  sec  8.42 MBytes   141 Mbits/sec  0.047 ms  15995/22301 (72%)  
[2024-05-27 15:07:44.668505] [  5]  52.50-53.00  sec  1.65 MBytes  27.6 Mbits/sec  0.029 ms  2474/3709 (67%)  
[2024-05-27 15:07:44.668607] [  5]  53.00-53.50  sec  0.00 Bytes  0.00 bits/sec  0.029 ms  0/0 (0%)  
[2024-05-27 15:07:44.668686] [  5]  53.50-54.00  sec  1.06 MBytes  17.7 Mbits/sec  0.029 ms  54279/55071 (99%)  
[2024-05-27 15:07:44.668763] [  5]  54.00-54.50  sec  0.00 Bytes  0.00 bits/sec  0.029 ms  0/0 (0%)  
[2024-05-27 15:07:44.668915] [  5]  54.50-55.00  sec  17.3 MBytes   290 Mbits/sec  0.011 ms  39634/52571 (75%)  
[2024-05-27 15:07:44.668989] [  5]  55.00-55.50  sec  20.1 MBytes   338 Mbits/sec  0.143 ms  7412/22502 (33%)  
[2024-05-27 15:07:44.669067] [  5]  55.50-56.00  sec  20.1 MBytes   338 Mbits/sec  0.059 ms  7301/22371 (33%)  
[2024-05-27 15:07:44.669143] [  5]  56.00-56.50  sec  17.7 MBytes   296 Mbits/sec  0.066 ms  8993/22225 (40%)  
[2024-05-27 15:07:44.669221] [  5]  56.50-57.00  sec  17.8 MBytes   299 Mbits/sec  0.055 ms  8321/21667 (38%)  
[2024-05-27 15:07:44.669299] [  5]  57.00-57.50  sec  20.8 MBytes   349 Mbits/sec  0.024 ms  7496/23085 (32%)  
[2024-05-27 15:07:44.669375] [  5]  57.50-58.00  sec  21.1 MBytes   354 Mbits/sec  0.022 ms  6089/21885 (28%)  
[2024-05-27 15:07:44.669449] [  5]  58.00-58.50  sec  21.0 MBytes   352 Mbits/sec  0.017 ms  6613/22349 (30%)  
[2024-05-27 15:07:44.669525] [  5]  58.50-59.00  sec  18.3 MBytes   307 Mbits/sec  0.104 ms  8411/22130 (38%)  
[2024-05-27 15:07:44.669599] [  5]  59.00-59.50  sec  18.6 MBytes   312 Mbits/sec  0.125 ms  8861/22800 (39%)  
[2024-05-27 15:07:44.669672] [  5]  59.50-60.00  sec  22.5 MBytes   377 Mbits/sec  0.019 ms  5498/22332 (25%)  
[2024-05-27 15:07:44.669746] [  5]  60.00-60.50  sec  22.0 MBytes   369 Mbits/sec  0.022 ms  5955/22434 (27%)  
[2024-05-27 15:07:44.669820] [  5]  60.50-61.00  sec  22.2 MBytes   372 Mbits/sec  0.034 ms  4497/21112 (21%)  
[2024-05-27 15:07:44.669894] [  5]  61.00-61.50  sec  17.7 MBytes   298 Mbits/sec  0.083 ms  9510/22792 (42%)  
[2024-05-27 15:07:44.670525] [  5]  61.50-62.00  sec  19.6 MBytes   328 Mbits/sec  0.015 ms  8379/23029 (36%)  
[2024-05-27 15:07:44.670653] [  5]  62.00-62.50  sec  22.4 MBytes   377 Mbits/sec  0.022 ms  5098/21910 (23%)  
[2024-05-27 15:07:44.670730] [  5]  62.50-63.00  sec  19.5 MBytes   327 Mbits/sec  0.040 ms  7247/21825 (33%)  
[2024-05-27 15:07:44.670804] [  5]  63.00-63.50  sec  21.0 MBytes   352 Mbits/sec  0.053 ms  7503/23208 (32%)  
[2024-05-27 15:07:44.670880] [  5]  63.50-64.00  sec  20.5 MBytes   344 Mbits/sec  0.076 ms  6877/22228 (31%)  
[2024-05-27 15:07:44.670955] [  5]  64.00-64.50  sec  22.1 MBytes   371 Mbits/sec  0.009 ms  5847/22403 (26%)  
[2024-05-27 15:07:44.671032] [  5]  64.50-65.00  sec  22.6 MBytes   379 Mbits/sec  0.098 ms  5052/21977 (23%)  
[2024-05-27 15:07:44.671105] [  5]  65.00-65.50  sec  22.3 MBytes   374 Mbits/sec  0.057 ms  6012/22717 (26%)  
[2024-05-27 15:07:44.671180] [  5]  65.50-66.00  sec  19.1 MBytes   319 Mbits/sec  0.015 ms  4401/18692 (24%)  
[2024-05-27 15:07:44.671255] [  5]  66.00-66.50  sec  0.00 Bytes  0.00 bits/sec  0.015 ms  0/0 (0%)  
[2024-05-27 15:07:44.671328] [  5]  66.50-67.00  sec  3.32 MBytes  56.1 Mbits/sec  0.023 ms  45770/48256 (95%)  
[2024-05-27 15:07:44.671469] [  5]  67.00-67.50  sec  18.9 MBytes   317 Mbits/sec  0.024 ms  8168/22306 (37%)  
[2024-05-27 15:07:44.671542] [  5]  67.50-68.00  sec  16.8 MBytes   281 Mbits/sec  0.023 ms  9862/22424 (44%)  
[2024-05-27 15:07:44.671615] [  5]  68.00-68.50  sec  21.3 MBytes   357 Mbits/sec  0.008 ms  6292/22240 (28%)  
[2024-05-27 15:07:44.671877] [  5]  68.50-69.00  sec  20.9 MBytes   351 Mbits/sec  0.039 ms  6603/22294 (30%)  
[2024-05-27 15:07:44.671965] [  5]  69.00-69.50  sec  15.1 MBytes   254 Mbits/sec  0.009 ms  9194/20525 (45%)  
[2024-05-27 15:07:44.672043] [  5]  69.50-70.00  sec  10.5 MBytes   176 Mbits/sec  0.048 ms  15860/23698 (67%)  
[2024-05-27 15:07:44.672120] [  5]  70.00-70.50  sec  14.0 MBytes   235 Mbits/sec  0.029 ms  12411/22882 (54%)  
[2024-05-27 15:07:44.672296] [  5]  70.50-71.00  sec  18.1 MBytes   303 Mbits/sec  0.040 ms  8795/22333 (39%)  
[2024-05-27 15:07:44.672370] [  5]  71.00-71.50  sec  14.3 MBytes   240 Mbits/sec  0.187 ms  11220/21919 (51%)  
[2024-05-27 15:07:44.672505] [  5]  71.50-72.00  sec  15.5 MBytes   261 Mbits/sec  0.030 ms  11029/22667 (49%)  
[2024-05-27 15:08:09.167034] [  5]  72.00-72.50  sec  5.19 MBytes  87.1 Mbits/sec  0.019 ms  18008/21895 (82%)  
[2024-05-27 15:08:09.167508] [  5]  72.50-73.00  sec  4.09 MBytes  68.6 Mbits/sec  0.047 ms  19321/22383 (86%)  
[2024-05-27 15:08:09.167620] [  5]  73.00-73.50  sec  13.7 MBytes   231 Mbits/sec  0.034 ms  12261/22558 (54%)  
[2024-05-27 15:08:09.167710] [  5]  73.50-74.00  sec  15.6 MBytes   263 Mbits/sec  0.052 ms  9879/21599 (46%)  
[2024-05-27 15:08:09.167882] [  5]  74.00-74.50  sec  11.6 MBytes   195 Mbits/sec  0.008 ms  14540/23241 (63%)  
[2024-05-27 15:08:09.167969] [  5]  74.50-75.00  sec  18.2 MBytes   306 Mbits/sec  0.189 ms  8559/22217 (39%)  
[2024-05-27 15:08:09.168051] [  5]  75.00-75.50  sec  18.3 MBytes   307 Mbits/sec  0.020 ms  8507/22231 (38%)  
[2024-05-27 15:08:09.168132] [  5]  75.50-76.00  sec  16.1 MBytes   270 Mbits/sec  0.049 ms  10169/22227 (46%)  
[2024-05-27 15:08:09.168212] [  5]  76.00-76.50  sec  19.5 MBytes   327 Mbits/sec  0.012 ms  7691/22297 (34%)  
[2024-05-27 15:08:09.168290] [  5]  76.50-77.00  sec  8.03 MBytes   135 Mbits/sec  0.341 ms  16560/22574 (73%)  
[2024-05-27 15:08:09.168367] [  5]  77.00-77.50  sec  15.7 MBytes   264 Mbits/sec  0.031 ms  10589/22355 (47%)  
[2024-05-27 15:08:09.168444] [  5]  77.50-78.00  sec  19.1 MBytes   320 Mbits/sec  0.056 ms  7961/22269 (36%)  
[2024-05-27 15:08:09.168526] [  5]  78.00-78.50  sec  14.3 MBytes   239 Mbits/sec  0.072 ms  11683/22363 (52%)  
[2024-05-27 15:08:09.168602] [  5]  78.50-79.00  sec  3.47 MBytes  58.2 Mbits/sec  0.145 ms  19716/22316 (88%)  
[2024-05-27 15:08:09.168682] [  5]  79.00-79.50  sec  10.1 MBytes   170 Mbits/sec  0.174 ms  14733/22308 (66%)  
[2024-05-27 15:08:09.168776] [  5]  79.50-80.00  sec  7.59 MBytes   127 Mbits/sec  0.037 ms  16667/22349 (75%)  
[2024-05-27 15:08:09.168866] [  5]  80.00-80.50  sec  6.63 MBytes   111 Mbits/sec  0.057 ms  17015/21981 (77%)  
[2024-05-27 15:08:09.168955] [  5]  80.50-81.00  sec  9.31 MBytes   156 Mbits/sec  0.023 ms  15743/22719 (69%)  
[2024-05-27 15:08:09.169047] [  5]  81.00-81.50  sec  12.7 MBytes   214 Mbits/sec  0.020 ms  12740/22279 (57%)  
[2024-05-27 15:08:09.169130] [  5]  81.50-82.00  sec  12.0 MBytes   202 Mbits/sec  0.014 ms  13314/22326 (60%)  
[2024-05-27 15:08:09.169220] [  5]  82.00-82.50  sec  15.8 MBytes   265 Mbits/sec  0.040 ms  9923/21742 (46%)  
[2024-05-27 15:08:09.169310] [  5]  82.50-83.00  sec  18.0 MBytes   301 Mbits/sec  0.025 ms  9457/22904 (41%)  
[2024-05-27 15:08:09.169391] [  5]  83.00-83.50  sec  6.39 MBytes   107 Mbits/sec  0.044 ms  17449/22232 (78%)  
[2024-05-27 15:08:09.169488] [  5]  83.50-84.00  sec  12.7 MBytes   213 Mbits/sec  0.068 ms  12761/22270 (57%)  
[2024-05-27 15:08:09.169581] [  5]  84.00-84.50  sec  14.3 MBytes   241 Mbits/sec  0.040 ms  9783/20530 (48%)  
[2024-05-27 15:08:09.169671] [  5]  84.50-85.00  sec  5.97 MBytes   100 Mbits/sec  0.054 ms  18694/23167 (81%)  
[2024-05-27 15:08:09.169752] [  5]  85.00-85.50  sec  13.2 MBytes   221 Mbits/sec  0.035 ms  13443/23299 (58%)  
[2024-05-27 15:08:09.169832] [  5]  85.50-86.00  sec  14.8 MBytes   249 Mbits/sec  0.020 ms  11122/22240 (50%)  
[2024-05-27 15:08:09.169914] [  5]  86.00-86.50  sec  11.4 MBytes   192 Mbits/sec  0.019 ms  13949/22502 (62%)  
[2024-05-27 15:08:09.169992] [  5]  86.50-87.00  sec  14.7 MBytes   247 Mbits/sec  0.039 ms  11059/22068 (50%)  
[2024-05-27 15:08:09.170084] [  5]  87.00-87.50  sec  13.0 MBytes   217 Mbits/sec  0.119 ms  12634/22334 (57%)  
[2024-05-27 15:08:09.170165] [  5]  87.50-88.00  sec  10.6 MBytes   177 Mbits/sec  0.053 ms  14506/22419 (65%)  
[2024-05-27 15:08:09.170244] [  5]  88.00-88.50  sec  14.7 MBytes   246 Mbits/sec  0.052 ms  11337/22321 (51%)  
[2024-05-27 15:08:09.170324] [  5]  88.50-89.00  sec  19.2 MBytes   323 Mbits/sec  0.031 ms  8100/22505 (36%)  
[2024-05-27 15:08:09.170400] [  5]  89.00-89.50  sec  18.8 MBytes   315 Mbits/sec  0.008 ms  8224/22297 (37%)  
[2024-05-27 15:08:09.170521] [  5]  89.50-90.00  sec  13.9 MBytes   233 Mbits/sec  0.042 ms  11681/22091 (53%)  
[2024-05-27 15:08:09.170605] [  5]  90.00-90.50  sec  14.3 MBytes   241 Mbits/sec  0.079 ms  11662/22405 (52%)  
[2024-05-27 15:08:09.170682] [  5]  90.50-91.00  sec  13.6 MBytes   228 Mbits/sec  0.028 ms  12145/22327 (54%)  
[2024-05-27 15:08:09.170759] [  5]  91.00-91.50  sec  12.6 MBytes   211 Mbits/sec  0.036 ms  12985/22416 (58%)  
[2024-05-27 15:08:09.170834] [  5]  91.50-92.00  sec  13.9 MBytes   233 Mbits/sec  0.032 ms  11954/22363 (53%)  
[2024-05-27 15:08:09.170913] [  5]  92.00-92.50  sec  16.5 MBytes   277 Mbits/sec  0.013 ms  9806/22185 (44%)  
[2024-05-27 15:08:09.170989] [  5]  92.50-93.00  sec  13.7 MBytes   229 Mbits/sec  0.026 ms  11044/21282 (52%)  
[2024-05-27 15:08:09.171066] [  5]  93.00-93.50  sec  12.0 MBytes   201 Mbits/sec  0.012 ms  14279/23241 (61%)  
[2024-05-27 15:08:09.171142] [  5]  93.50-94.00  sec  3.13 MBytes  52.5 Mbits/sec  0.015 ms  20226/22568 (90%)  
[2024-05-27 15:08:09.171217] [  5]  94.00-94.50  sec  13.3 MBytes   223 Mbits/sec  0.028 ms  12245/22208 (55%)  
[2024-05-27 15:08:09.171296] [  5]  94.50-95.00  sec  17.1 MBytes   288 Mbits/sec  0.044 ms  9090/21925 (41%)  
[2024-05-27 15:08:09.171384] [  5]  95.00-95.50  sec  19.1 MBytes   320 Mbits/sec  0.022 ms  8454/22743 (37%)  
[2024-05-27 15:08:09.171461] [  5]  95.50-96.00  sec  12.2 MBytes   205 Mbits/sec  0.018 ms  13206/22341 (59%)  
[2024-05-27 15:08:09.171553] [  5]  96.00-96.50  sec  10.8 MBytes   182 Mbits/sec  0.018 ms  14294/22398 (64%)  
[2024-05-27 15:08:32.426862] [  5]  96.50-97.00  sec  13.0 MBytes   218 Mbits/sec  0.017 ms  12311/22060 (56%)  
[2024-05-27 15:08:32.427030] [  5]  97.00-97.50  sec  8.63 MBytes   145 Mbits/sec  0.110 ms  15956/22422 (71%)  
[2024-05-27 15:08:32.427076] [  5]  97.50-98.00  sec  10.9 MBytes   183 Mbits/sec  0.042 ms  13939/22127 (63%)  
[2024-05-27 15:08:32.427118] [  5]  98.00-98.50  sec  10.2 MBytes   172 Mbits/sec  0.037 ms  14949/22613 (66%)  
[2024-05-27 15:08:32.427166] [  5]  98.50-99.00  sec  11.0 MBytes   184 Mbits/sec  0.011 ms  13656/21860 (62%)  
[2024-05-27 15:08:32.427199] [  5]  99.00-99.50  sec  15.0 MBytes   252 Mbits/sec  0.056 ms  9635/20897 (46%)  
[2024-05-27 15:08:32.427243] [  5]  99.50-100.00 sec  3.28 MBytes  55.0 Mbits/sec  0.055 ms  21745/24200 (90%)  
[2024-05-27 15:08:32.427267] [  5] 100.00-100.50 sec  13.3 MBytes   224 Mbits/sec  0.028 ms  11495/21492 (53%)  
[2024-05-27 15:08:32.427294] [  5] 100.50-101.00 sec  7.58 MBytes   127 Mbits/sec  0.024 ms  17318/22999 (75%)  
[2024-05-27 15:08:32.427318] [  5] 101.00-101.50 sec  10.8 MBytes   181 Mbits/sec  0.009 ms  14163/22236 (64%)  
[2024-05-27 15:08:32.427341] [  5] 101.50-102.00 sec  12.8 MBytes   214 Mbits/sec  0.056 ms  12894/22451 (57%)  
[2024-05-27 15:08:32.427432] [  5] 102.00-102.50 sec  8.02 MBytes   135 Mbits/sec  0.060 ms  16337/22345 (73%)  
[2024-05-27 15:08:32.427478] [  5] 102.50-103.00 sec  16.8 MBytes   283 Mbits/sec  0.023 ms  9757/22375 (44%)  
[2024-05-27 15:08:32.427519] [  5] 103.00-103.50 sec  11.8 MBytes   198 Mbits/sec  0.019 ms  13427/22284 (60%)  
[2024-05-27 15:08:32.427562] [  5] 103.50-104.00 sec  16.1 MBytes   270 Mbits/sec  0.011 ms  10297/22335 (46%)  
[2024-05-27 15:08:32.427625] [  5] 104.00-104.50 sec  16.8 MBytes   283 Mbits/sec  0.041 ms  9457/22076 (43%)  
[2024-05-27 15:08:32.427650] [  5] 104.50-105.00 sec  14.4 MBytes   241 Mbits/sec  0.022 ms  11837/22613 (52%)  
[2024-05-27 15:08:32.427674] [  5] 105.00-105.50 sec  13.9 MBytes   233 Mbits/sec  0.075 ms  11883/22266 (53%)  
[2024-05-27 15:08:32.427697] [  5] 105.50-106.00 sec  13.5 MBytes   227 Mbits/sec  0.041 ms  12125/22255 (54%)  
[2024-05-27 15:08:32.427758] [  5] 106.00-106.50 sec  16.4 MBytes   275 Mbits/sec  0.088 ms  9974/22243 (45%)  
[2024-05-27 15:08:32.427790] [  5] 106.50-107.00 sec  9.63 MBytes   162 Mbits/sec  0.059 ms  15253/22462 (68%)  
[2024-05-27 15:08:32.427817] [  5] 107.00-107.50 sec  10.9 MBytes   182 Mbits/sec  0.049 ms  14248/22378 (64%)  
[2024-05-27 15:08:32.427852] [  5] 107.50-108.00 sec  12.4 MBytes   208 Mbits/sec  0.048 ms  12904/22208 (58%)  
[2024-05-27 15:08:32.427927] [  5] 108.00-108.50 sec  13.2 MBytes   222 Mbits/sec  0.056 ms  12555/22445 (56%)  
[2024-05-27 15:08:32.427951] [  5] 108.50-109.00 sec  15.6 MBytes   262 Mbits/sec  0.142 ms  10563/22251 (47%)  
[2024-05-27 15:08:32.427974] [  5] 109.00-109.50 sec  11.6 MBytes   195 Mbits/sec  0.051 ms  13316/22040 (60%)  
[2024-05-27 15:08:32.427997] [  5] 109.50-110.00 sec  17.8 MBytes   299 Mbits/sec  0.029 ms  9329/22688 (41%)  
[2024-05-27 15:08:32.428020] [  5] 110.00-110.50 sec  18.0 MBytes   302 Mbits/sec  0.106 ms  8801/22296 (39%)  
[2024-05-27 15:08:32.428043] [  5] 110.50-111.00 sec  17.2 MBytes   289 Mbits/sec  0.024 ms  9435/22328 (42%)  
[2024-05-27 15:08:32.428065] [  5] 111.00-111.50 sec  15.8 MBytes   265 Mbits/sec  0.195 ms  10485/22302 (47%)  
[2024-05-27 15:08:32.428087] [  5] 111.50-112.00 sec  10.3 MBytes   172 Mbits/sec  0.044 ms  14604/22287 (66%)  
[2024-05-27 15:08:32.428110] [  5] 112.00-112.50 sec  16.2 MBytes   271 Mbits/sec  0.018 ms  10293/22400 (46%)  
[2024-05-27 15:08:32.428258] [  5] 112.50-113.00 sec  13.4 MBytes   225 Mbits/sec  0.051 ms  11820/21876 (54%)  
[2024-05-27 15:08:32.428299] [  5] 113.00-113.50 sec  16.5 MBytes   277 Mbits/sec  0.011 ms  9821/22207 (44%)  
[2024-05-27 15:08:32.428346] [  5] 113.50-114.00 sec  18.2 MBytes   305 Mbits/sec  0.009 ms  9252/22858 (40%)  
[2024-05-27 15:08:32.428377] [  5] 114.00-114.50 sec  16.8 MBytes   282 Mbits/sec  0.061 ms  7295/19911 (37%)  
[2024-05-27 15:08:32.428436] [  5] 114.50-115.00 sec  14.2 MBytes   238 Mbits/sec  0.061 ms  14152/24775 (57%)  
[2024-05-27 15:08:32.428476] [  5] 115.00-115.50 sec  25.1 MBytes   421 Mbits/sec  0.077 ms  3420/22235 (15%)  
[2024-05-27 15:08:32.428518] [  5] 115.50-116.00 sec  24.5 MBytes   411 Mbits/sec  0.022 ms  4087/22444 (18%)  
[2024-05-27 15:08:32.428556] [  5] 116.00-116.50 sec  23.0 MBytes   386 Mbits/sec  0.028 ms  4998/22210 (23%)  
[2024-05-27 15:08:32.428600] [  5] 116.50-117.00 sec  22.8 MBytes   382 Mbits/sec  0.046 ms  5303/22365 (24%)  
[2024-05-27 15:08:32.428622] [  5] 117.00-117.50 sec  18.1 MBytes   303 Mbits/sec  0.091 ms  8757/22283 (39%)  
[2024-05-27 15:08:32.428834] [  5] 117.50-118.00 sec  20.1 MBytes   338 Mbits/sec  0.029 ms  7294/22380 (33%)  
[2024-05-27 15:08:32.428872] [  5] 118.00-118.50 sec  24.2 MBytes   406 Mbits/sec  0.018 ms  4184/22329 (19%)  
[2024-05-27 15:08:32.428942] [  5] 118.50-119.00 sec  23.8 MBytes   399 Mbits/sec  0.041 ms  4470/22304 (20%)  
[2024-05-27 15:08:32.428989] [  5] 119.00-119.50 sec  22.3 MBytes   374 Mbits/sec  0.031 ms  5585/22268 (25%)  
[2024-05-27 15:08:32.429013] [  5] 119.50-120.00 sec  22.1 MBytes   371 Mbits/sec  0.061 ms  5714/22296 (26%)  
[2024-05-27 15:08:32.429035] - - - - - - - - - - - - - - - - - - - - - - - - -
[2024-05-27 15:08:32.429058] [ ID] Interval           Transfer     Bitrate         Jitter    Lost/Total Datagrams
[2024-05-27 15:08:32.429079] [  5]   0.00-120.07 sec  6.99 GBytes   500 Mbits/sec  0.000 ms  0/5360460 (0%)  sender
[2024-05-27 15:08:32.429102] [SUM]  0.0-120.1 sec  2737 datagrams received out-of-order
[2024-05-27 15:08:32.429123] [  5]   0.00-120.00 sec  3.14 GBytes   225 Mbits/sec  0.061 ms  2950244/5357101 (55%)  receiver
[2024-05-27 15:08:32.429145] 
[2024-05-27 15:08:32.429168] iperf Done.
End time: 1716836912438
