Start time: 1716943770689
[2024-05-28 20:49:54.013712] Connecting to host 35.245.244.238, port 5203
[2024-05-28 20:49:54.014285] Reverse mode, remote host 35.245.244.238 is sending
[2024-05-28 20:49:54.014336] [  5] local 192.168.1.21 port 47598 connected to 35.245.244.238 port 5203
[2024-05-28 20:49:54.014368] [ ID] Interval           Transfer     Bitrate         Jitter    Lost/Total Datagrams
[2024-05-28 20:49:54.014408] [  5]   0.00-0.50   sec  5.33 MBytes  89.4 Mbits/sec  0.020 ms  17653/21644 (82%)  
[2024-05-28 20:49:54.014441] [  5]   0.50-1.00   sec  10.2 MBytes   171 Mbits/sec  0.053 ms  14638/22290 (66%)  
[2024-05-28 20:49:54.014470] [  5]   1.00-1.50   sec  11.1 MBytes   186 Mbits/sec  0.067 ms  13875/22197 (63%)  
[2024-05-28 20:49:54.014499] [  5]   1.50-2.00   sec  16.7 MBytes   280 Mbits/sec  0.057 ms  9899/22386 (44%)  
[2024-05-28 20:49:54.014527] [  5]   2.00-2.50   sec  11.1 MBytes   187 Mbits/sec  0.050 ms  14054/22399 (63%)  
[2024-05-28 20:49:54.014553] [  5]   2.50-3.00   sec  9.74 MBytes   163 Mbits/sec  0.153 ms  14783/22081 (67%)  
[2024-05-28 20:49:54.014583] [  5]   3.00-3.50   sec  10.9 MBytes   182 Mbits/sec  0.014 ms  14318/22462 (64%)  
[2024-05-28 20:49:54.014611] [  5]   3.50-4.00   sec  15.2 MBytes   255 Mbits/sec  0.059 ms  10969/22370 (49%)  
[2024-05-28 20:49:54.014637] [  5]   4.00-4.50   sec  11.8 MBytes   198 Mbits/sec  0.066 ms  13488/22350 (60%)  
[2024-05-28 20:49:54.014662] [  5]   4.50-5.00   sec  13.0 MBytes   217 Mbits/sec  0.060 ms  12647/22352 (57%)  
[2024-05-28 20:49:54.014687] [  5]   5.00-5.50   sec  11.7 MBytes   196 Mbits/sec  0.022 ms  13420/22192 (60%)  
[2024-05-28 20:49:54.014713] [  5]   5.50-6.00   sec  15.0 MBytes   251 Mbits/sec  0.019 ms  11159/22373 (50%)  
[2024-05-28 20:49:54.014738] [  5]   6.00-6.50   sec  9.37 MBytes   157 Mbits/sec  0.014 ms  15393/22412 (69%)  
[2024-05-28 20:49:54.014765] [  5]   6.50-7.00   sec  13.0 MBytes   219 Mbits/sec  0.026 ms  12239/22003 (56%)  
[2024-05-28 20:49:54.014791] [  5]   7.00-7.50   sec  7.93 MBytes   133 Mbits/sec  0.087 ms  16455/22395 (73%)  
[2024-05-28 20:49:54.014817] [  5]   7.50-8.00   sec  17.6 MBytes   295 Mbits/sec  0.092 ms  9218/22385 (41%)  
[2024-05-28 20:49:54.014844] [  5]   8.00-8.50   sec  4.81 MBytes  80.7 Mbits/sec  0.111 ms  18805/22409 (84%)  
[2024-05-28 20:49:54.014870] [  5]   8.50-9.00   sec  3.82 MBytes  64.2 Mbits/sec  0.073 ms  19472/22336 (87%)  
[2024-05-28 20:49:54.014896] [  5]   9.00-9.50   sec  11.9 MBytes   199 Mbits/sec  0.028 ms  13317/22208 (60%)  
[2024-05-28 20:49:54.014920] [  5]   9.50-10.00  sec  13.9 MBytes   234 Mbits/sec  0.006 ms  11952/22395 (53%)  
[2024-05-28 20:49:54.014946] [  5]  10.00-10.50  sec  6.42 MBytes   108 Mbits/sec  0.188 ms  17247/22055 (78%)  
[2024-05-28 20:49:54.014972] [  5]  10.50-11.00  sec  11.5 MBytes   194 Mbits/sec  0.022 ms  13886/22528 (62%)  
[2024-05-28 20:49:54.014998] [  5]  11.00-11.50  sec  23.0 MBytes   386 Mbits/sec  0.009 ms  5054/22286 (23%)  
[2024-05-28 20:49:54.015023] [  5]  11.50-12.00  sec  19.3 MBytes   325 Mbits/sec  0.023 ms  7905/22394 (35%)  
[2024-05-28 20:49:54.015048] [  5]  12.00-12.50  sec  20.8 MBytes   348 Mbits/sec  0.015 ms  6738/22287 (30%)  
[2024-05-28 20:49:54.015073] [  5]  12.50-13.00  sec  17.7 MBytes   297 Mbits/sec  0.014 ms  9073/22323 (41%)  
[2024-05-28 20:49:54.015099] [  5]  13.00-13.50  sec  20.4 MBytes   342 Mbits/sec  0.054 ms  7040/22320 (32%)  
[2024-05-28 20:49:54.015125] [  5]  13.50-14.00  sec  17.7 MBytes   297 Mbits/sec  0.077 ms  9043/22320 (41%)  
[2024-05-28 20:49:54.015150] [  5]  14.00-14.50  sec  21.0 MBytes   352 Mbits/sec  0.065 ms  6625/22340 (30%)  
[2024-05-28 20:49:54.015176] [  5]  14.50-15.00  sec  19.7 MBytes   331 Mbits/sec  0.054 ms  7556/22323 (34%)  
[2024-05-28 20:49:54.015201] [  5]  15.00-15.50  sec  19.4 MBytes   326 Mbits/sec  0.027 ms  7776/22311 (35%)  
[2024-05-28 20:49:54.015227] [  5]  15.50-16.00  sec  22.7 MBytes   381 Mbits/sec  0.018 ms  5364/22351 (24%)  
[2024-05-28 20:49:54.015253] [  5]  16.00-16.50  sec  22.7 MBytes   380 Mbits/sec  0.082 ms  4594/21577 (21%)  
[2024-05-28 20:49:54.015506] [  5]  16.50-17.00  sec  17.0 MBytes   286 Mbits/sec  0.055 ms  10254/23024 (45%)  
[2024-05-28 20:49:54.015590] [  5]  17.00-17.50  sec  20.6 MBytes   346 Mbits/sec  0.025 ms  6975/22402 (31%)  
[2024-05-28 20:49:54.015625] [  5]  17.50-18.00  sec  22.7 MBytes   381 Mbits/sec  0.040 ms  5274/22266 (24%)  
[2024-05-28 20:49:54.015655] [  5]  18.00-18.50  sec  20.8 MBytes   348 Mbits/sec  0.017 ms  6750/22296 (30%)  
[2024-05-28 20:49:54.015683] [  5]  18.50-19.00  sec  7.02 MBytes   118 Mbits/sec  0.177 ms  17026/22284 (76%)  
[2024-05-28 20:49:54.015709] [  5]  19.00-19.50  sec  13.7 MBytes   230 Mbits/sec  0.042 ms  12080/22340 (54%)  
[2024-05-28 20:49:54.015734] [  5]  19.50-20.00  sec  16.1 MBytes   271 Mbits/sec  0.059 ms  10225/22315 (46%)  
[2024-05-28 20:49:54.015759] [  5]  20.00-20.50  sec  18.3 MBytes   307 Mbits/sec  0.060 ms  8631/22326 (39%)  
[2024-05-28 20:49:54.015786] [  5]  20.50-21.00  sec  19.2 MBytes   322 Mbits/sec  0.042 ms  7991/22366 (36%)  
[2024-05-28 20:49:54.015811] [  5]  21.00-21.50  sec  19.0 MBytes   319 Mbits/sec  0.143 ms  8078/22303 (36%)  
[2024-05-28 20:49:54.015836] [  5]  21.50-22.00  sec  18.8 MBytes   315 Mbits/sec  0.046 ms  8285/22339 (37%)  
[2024-05-28 20:49:54.015860] [  5]  22.00-22.50  sec  18.9 MBytes   317 Mbits/sec  0.066 ms  8099/22273 (36%)  
[2024-05-28 20:50:18.513319] [  5]  22.50-23.00  sec  19.3 MBytes   325 Mbits/sec  0.050 ms  7804/22295 (35%)  
[2024-05-28 20:50:18.513768] [  5]  23.00-23.50  sec  20.0 MBytes   336 Mbits/sec  0.035 ms  7304/22317 (33%)  
[2024-05-28 20:50:18.513889] [  5]  23.50-24.00  sec  13.7 MBytes   229 Mbits/sec  0.208 ms  12141/22374 (54%)  
[2024-05-28 20:50:18.513978] [  5]  24.00-24.50  sec  15.1 MBytes   254 Mbits/sec  0.059 ms  10957/22285 (49%)  
[2024-05-28 20:50:18.514063] [  5]  24.50-25.00  sec  10.5 MBytes   175 Mbits/sec  0.088 ms  14476/22306 (65%)  
[2024-05-28 20:50:18.514145] [  5]  25.00-25.50  sec  10.2 MBytes   171 Mbits/sec  0.062 ms  14617/22271 (66%)  
[2024-05-28 20:50:18.514229] [  5]  25.50-26.00  sec  10.1 MBytes   170 Mbits/sec  0.047 ms  14818/22400 (66%)  
[2024-05-28 20:50:18.514312] [  5]  26.00-26.50  sec  15.6 MBytes   262 Mbits/sec  0.047 ms  10575/22281 (47%)  
[2024-05-28 20:50:18.514397] [  5]  26.50-27.00  sec  13.8 MBytes   231 Mbits/sec  0.058 ms  12061/22369 (54%)  
[2024-05-28 20:50:18.514481] [  5]  27.00-27.50  sec  15.2 MBytes   254 Mbits/sec  0.086 ms  10977/22325 (49%)  
[2024-05-28 20:50:18.514565] [  5]  27.50-28.00  sec  17.2 MBytes   288 Mbits/sec  0.074 ms  9446/22292 (42%)  
[2024-05-28 20:50:18.514650] [  5]  28.00-28.50  sec  16.7 MBytes   280 Mbits/sec  0.110 ms  9815/22340 (44%)  
[2024-05-28 20:50:18.514733] [  5]  28.50-29.00  sec  7.15 MBytes   120 Mbits/sec  0.103 ms  16435/21790 (75%)  
[2024-05-28 20:50:18.514816] [  5]  29.00-29.50  sec  13.6 MBytes   227 Mbits/sec  0.072 ms  12710/22859 (56%)  
[2024-05-28 20:50:18.514896] [  5]  29.50-30.00  sec  12.2 MBytes   205 Mbits/sec  0.050 ms  13138/22278 (59%)  
[2024-05-28 20:50:18.514973] [  5]  30.00-30.50  sec  15.1 MBytes   253 Mbits/sec  0.053 ms  11068/22347 (50%)  
[2024-05-28 20:50:18.515049] [  5]  30.50-31.00  sec  10.9 MBytes   183 Mbits/sec  0.008 ms  14203/22374 (63%)  
[2024-05-28 20:50:18.515135] [  5]  31.00-31.50  sec  14.2 MBytes   239 Mbits/sec  0.047 ms  11633/22291 (52%)  
[2024-05-28 20:50:18.515219] [  5]  31.50-32.00  sec  19.2 MBytes   322 Mbits/sec  0.049 ms  7973/22333 (36%)  
[2024-05-28 20:50:18.515396] [  5]  32.00-32.50  sec  16.2 MBytes   272 Mbits/sec  0.057 ms  10140/22289 (45%)  
[2024-05-28 20:50:18.515490] [  5]  32.50-33.00  sec  13.0 MBytes   218 Mbits/sec  0.064 ms  12473/22199 (56%)  
[2024-05-28 20:50:18.515578] [  5]  33.00-33.50  sec  12.5 MBytes   210 Mbits/sec  0.033 ms  13077/22468 (58%)  
[2024-05-28 20:50:18.515656] [  5]  33.50-34.00  sec  16.1 MBytes   271 Mbits/sec  0.049 ms  10237/22316 (46%)  
[2024-05-28 20:50:18.515733] [  5]  34.00-34.50  sec  16.5 MBytes   277 Mbits/sec  0.056 ms  9939/22293 (45%)  
[2024-05-28 20:50:18.515810] [  5]  34.50-35.00  sec  16.9 MBytes   284 Mbits/sec  0.041 ms  9649/22323 (43%)  
[2024-05-28 20:50:18.515921] [  5]  35.00-35.50  sec  18.8 MBytes   316 Mbits/sec  0.116 ms  8199/22317 (37%)  
[2024-05-28 20:50:18.516002] [  5]  35.50-36.00  sec  18.7 MBytes   314 Mbits/sec  0.042 ms  8194/22219 (37%)  
[2024-05-28 20:50:18.516082] [  5]  36.00-36.50  sec  18.2 MBytes   305 Mbits/sec  0.033 ms  8729/22369 (39%)  
[2024-05-28 20:50:18.516160] [  5]  36.50-37.00  sec  7.90 MBytes   133 Mbits/sec  0.073 ms  16292/22210 (73%)  
[2024-05-28 20:50:18.516234] [  5]  37.00-37.50  sec  15.9 MBytes   266 Mbits/sec  0.013 ms  10397/22288 (47%)  
[2024-05-28 20:50:18.516310] [  5]  37.50-38.00  sec  17.9 MBytes   301 Mbits/sec  0.204 ms  9082/22521 (40%)  
[2024-05-28 20:50:18.516384] [  5]  38.00-38.50  sec  15.4 MBytes   258 Mbits/sec  0.039 ms  10813/22338 (48%)  
[2024-05-28 20:50:18.516459] [  5]  38.50-39.00  sec  12.1 MBytes   202 Mbits/sec  0.101 ms  13295/22333 (60%)  
[2024-05-28 20:50:18.516534] [  5]  39.00-39.50  sec  17.3 MBytes   291 Mbits/sec  0.043 ms  9327/22311 (42%)  
[2024-05-28 20:50:18.516610] [  5]  39.50-40.00  sec  16.8 MBytes   281 Mbits/sec  0.049 ms  9759/22306 (44%)  
[2024-05-28 20:50:18.516690] [  5]  40.00-40.50  sec  16.1 MBytes   270 Mbits/sec  0.011 ms  10286/22332 (46%)  
[2024-05-28 20:50:18.516765] [  5]  40.50-41.00  sec  2.73 MBytes  45.8 Mbits/sec  0.050 ms  19898/21943 (91%)  
[2024-05-28 20:50:18.516840] [  5]  41.00-41.50  sec  4.68 MBytes  78.5 Mbits/sec  0.105 ms  19260/22763 (85%)  
[2024-05-28 20:50:18.516914] [  5]  41.50-42.00  sec  7.88 MBytes   132 Mbits/sec  0.076 ms  16418/22317 (74%)  
[2024-05-28 20:50:18.516988] [  5]  42.00-42.50  sec  10.5 MBytes   176 Mbits/sec  0.034 ms  14436/22310 (65%)  
[2024-05-28 20:50:18.517062] [  5]  42.50-43.00  sec  9.01 MBytes   151 Mbits/sec  0.049 ms  15575/22321 (70%)  
[2024-05-28 20:50:18.517136] [  5]  43.00-43.50  sec  6.78 MBytes   114 Mbits/sec  0.054 ms  17123/22199 (77%)  
[2024-05-28 20:50:18.517210] [  5]  43.50-44.00  sec  11.3 MBytes   190 Mbits/sec  0.021 ms  13831/22318 (62%)  
[2024-05-28 20:50:18.517284] [  5]  44.00-44.50  sec  8.76 MBytes   147 Mbits/sec  0.019 ms  15914/22476 (71%)  
[2024-05-28 20:50:18.517358] [  5]  44.50-45.00  sec  8.31 MBytes   139 Mbits/sec  0.214 ms  15611/21835 (71%)  
[2024-05-28 20:50:18.517433] [  5]  45.00-45.50  sec  7.19 MBytes   121 Mbits/sec  0.008 ms  17398/22786 (76%)  
[2024-05-28 20:50:18.517510] [  5]  45.50-46.00  sec  12.4 MBytes   207 Mbits/sec  0.008 ms  13026/22283 (58%)  
[2024-05-28 20:50:18.517585] [  5]  46.00-46.50  sec  7.39 MBytes   124 Mbits/sec  0.040 ms  16819/22353 (75%)  
[2024-05-28 20:50:18.517660] [  5]  46.50-47.00  sec  8.61 MBytes   144 Mbits/sec  0.073 ms  15887/22337 (71%)  
[2024-05-28 20:50:43.513743] [  5]  47.00-47.50  sec  5.63 MBytes  94.5 Mbits/sec  0.043 ms  18080/22298 (81%)  
[2024-05-28 20:50:43.514272] [  5]  47.50-48.00  sec  8.79 MBytes   148 Mbits/sec  0.052 ms  15631/22218 (70%)  
[2024-05-28 20:50:43.514389] [  5]  48.00-48.50  sec  7.83 MBytes   131 Mbits/sec  0.031 ms  16552/22414 (74%)  
[2024-05-28 20:50:43.514420] [  5]  48.50-49.00  sec  4.28 MBytes  71.8 Mbits/sec  0.023 ms  18229/21434 (85%)  
[2024-05-28 20:50:43.514449] [  5]  49.00-49.50  sec   904 KBytes  14.8 Mbits/sec  0.097 ms  22170/22831 (97%)  
[2024-05-28 20:50:43.514500] [  5]  49.50-50.00  sec  3.80 MBytes  63.8 Mbits/sec  0.820 ms  19255/22102 (87%)  
[2024-05-28 20:50:43.514539] [  5]  50.00-50.50  sec  2.95 MBytes  49.4 Mbits/sec  0.067 ms  20661/22867 (90%)  
[2024-05-28 20:50:43.514599] [  5]  50.50-51.00  sec  6.16 MBytes   103 Mbits/sec  0.078 ms  17772/22389 (79%)  
[2024-05-28 20:50:43.514636] [  5]  51.00-51.50  sec  8.94 MBytes   150 Mbits/sec  0.033 ms  15563/22258 (70%)  
[2024-05-28 20:50:43.514673] [  5]  51.50-52.00  sec  9.34 MBytes   156 Mbits/sec  0.052 ms  13287/20285 (66%)  
[2024-05-28 20:50:43.514722] [  5]  52.00-52.50  sec  0.00 Bytes  0.00 bits/sec  0.052 ms  0/0 (0%)  
[2024-05-28 20:50:43.514748] [  5]  52.50-53.00  sec  0.00 Bytes  0.00 bits/sec  0.052 ms  0/0 (0%)  
[2024-05-28 20:50:43.514810] [  5]  53.00-53.50  sec  0.00 Bytes  0.00 bits/sec  0.052 ms  0/0 (0%)  
[2024-05-28 20:50:43.514838] [  5]  53.50-54.00  sec  0.00 Bytes  0.00 bits/sec  0.052 ms  0/0 (0%)  
[2024-05-28 20:50:43.515016] [  5]  54.00-54.50  sec  0.00 Bytes  0.00 bits/sec  0.052 ms  0/0 (0%)  
[2024-05-28 20:50:43.515044] [  5]  54.50-55.00  sec  0.00 Bytes  0.00 bits/sec  0.052 ms  0/0 (0%)  
[2024-05-28 20:50:43.515069] [  5]  55.00-55.50  sec  0.00 Bytes  0.00 bits/sec  0.052 ms  0/0 (0%)  
[2024-05-28 20:50:43.515095] [  5]  55.50-56.00  sec  0.00 Bytes  0.00 bits/sec  0.052 ms  0/0 (0%)  
[2024-05-28 20:50:43.515121] [  5]  56.00-56.50  sec  0.00 Bytes  0.00 bits/sec  0.052 ms  0/0 (0%)  
[2024-05-28 20:50:43.515145] [  5]  56.50-57.00  sec   429 KBytes  7.04 Mbits/sec  0.216 ms  224384/224698 (1e+02%)  
[2024-05-28 20:50:43.515172] [  5]  57.00-57.50  sec  10.1 MBytes   169 Mbits/sec  0.014 ms  15416/22947 (67%)  
[2024-05-28 20:50:43.515196] [  5]  57.50-58.00  sec  15.8 MBytes   265 Mbits/sec  0.031 ms  10476/22296 (47%)  
[2024-05-28 20:50:43.515347] [  5]  58.00-58.50  sec  14.5 MBytes   244 Mbits/sec  0.016 ms  11398/22294 (51%)  
[2024-05-28 20:50:43.515402] [  5]  58.50-59.00  sec  12.5 MBytes   210 Mbits/sec  0.044 ms  12935/22313 (58%)  
[2024-05-28 20:50:43.515444] [  5]  59.00-59.50  sec  11.7 MBytes   196 Mbits/sec  0.043 ms  13621/22352 (61%)  
[2024-05-28 20:50:43.515471] [  5]  59.50-60.00  sec  11.0 MBytes   184 Mbits/sec  0.039 ms  13468/21704 (62%)  
[2024-05-28 20:50:43.515509] [  5]  60.00-60.50  sec  1.66 MBytes  27.9 Mbits/sec  0.656 ms  21439/22684 (95%)  
[2024-05-28 20:50:43.515534] [  5]  60.50-61.00  sec  1.30 MBytes  21.8 Mbits/sec  0.176 ms  21598/22573 (96%)  
[2024-05-28 20:50:43.515574] [  5]  61.00-61.50  sec  5.93 MBytes  99.6 Mbits/sec  0.019 ms  17895/22340 (80%)  
[2024-05-28 20:50:43.515802] [  5]  61.50-62.00  sec  13.6 MBytes   229 Mbits/sec  0.046 ms  12077/22289 (54%)  
[2024-05-28 20:50:43.515846] [  5]  62.00-62.50  sec  16.0 MBytes   268 Mbits/sec  0.061 ms  10345/22328 (46%)  
[2024-05-28 20:50:43.515889] [  5]  62.50-63.00  sec  16.2 MBytes   271 Mbits/sec  0.049 ms  10228/22327 (46%)  
[2024-05-28 20:50:43.515926] [  5]  63.00-63.50  sec  18.5 MBytes   311 Mbits/sec  0.011 ms  8461/22349 (38%)  
[2024-05-28 20:50:43.515969] [  5]  63.50-64.00  sec  9.68 MBytes   162 Mbits/sec  0.029 ms  15015/22262 (67%)  
[2024-05-28 20:50:43.516040] [  5]  64.00-64.50  sec  8.99 MBytes   151 Mbits/sec  0.039 ms  15598/22335 (70%)  
[2024-05-28 20:50:43.516065] [  5]  64.50-65.00  sec  5.26 MBytes  88.3 Mbits/sec  0.090 ms  18346/22288 (82%)  
[2024-05-28 20:50:43.516089] [  5]  65.00-65.50  sec  10.4 MBytes   174 Mbits/sec  0.022 ms  14575/22344 (65%)  
[2024-05-28 20:50:43.516114] [  5]  65.50-66.00  sec  13.4 MBytes   225 Mbits/sec  0.029 ms  12340/22367 (55%)  
[2024-05-28 20:50:43.516138] [  5]  66.00-66.50  sec  12.1 MBytes   203 Mbits/sec  0.018 ms  13280/22323 (59%)  
[2024-05-28 20:50:43.516162] [  5]  66.50-67.00  sec  8.42 MBytes   141 Mbits/sec  0.655 ms  14574/20882 (70%)  
[2024-05-28 20:50:43.516185] [  5]  67.00-67.50  sec   217 KBytes  3.56 Mbits/sec  0.795 ms  23089/23248 (99%)  
[2024-05-28 20:50:43.516209] [  5]  67.50-68.00  sec   237 KBytes  3.87 Mbits/sec  0.077 ms  22586/22759 (99%)  
[2024-05-28 20:50:43.516232] [  5]  68.00-68.50  sec  3.74 MBytes  62.8 Mbits/sec  0.361 ms  19491/22294 (87%)  
[2024-05-28 20:50:43.516255] [  5]  68.50-69.00  sec  8.31 MBytes   139 Mbits/sec  0.086 ms  15956/22180 (72%)  
[2024-05-28 20:50:43.516277] [  5]  69.00-69.50  sec  5.42 MBytes  90.9 Mbits/sec  0.018 ms  18468/22525 (82%)  
[2024-05-28 20:50:43.516319] [  5]  69.50-70.00  sec  7.00 MBytes   118 Mbits/sec  0.031 ms  17037/22283 (76%)  
[2024-05-28 20:50:43.516342] [  5]  70.00-70.50  sec  4.40 MBytes  73.9 Mbits/sec  0.064 ms  19048/22346 (85%)  
[2024-05-28 20:50:43.516366] [  5]  70.50-71.00  sec  7.55 MBytes   127 Mbits/sec  0.026 ms  15885/21542 (74%)  
[2024-05-28 20:50:43.516391] [  5]  71.00-71.50  sec  18.3 MBytes   307 Mbits/sec  0.074 ms  9341/23034 (41%)  
[2024-05-28 20:50:43.516428] [  5]  71.50-72.00  sec  14.5 MBytes   244 Mbits/sec  0.056 ms  10845/21725 (50%)  
[2024-05-28 20:51:08.013226] [  5]  72.00-72.50  sec  15.6 MBytes   262 Mbits/sec  0.012 ms  10737/22423 (48%)  
[2024-05-28 20:51:08.013642] [  5]  72.50-73.00  sec  16.8 MBytes   282 Mbits/sec  0.036 ms  10351/22951 (45%)  
[2024-05-28 20:51:08.013764] [  5]  73.00-73.50  sec  17.2 MBytes   289 Mbits/sec  0.032 ms  9031/21948 (41%)  
[2024-05-28 20:51:08.013853] [  5]  73.50-74.00  sec  20.3 MBytes   340 Mbits/sec  0.016 ms  7085/22281 (32%)  
[2024-05-28 20:51:08.013935] [  5]  74.00-74.50  sec  17.1 MBytes   286 Mbits/sec  0.017 ms  9811/22597 (43%)  
[2024-05-28 20:51:08.014015] [  5]  74.50-75.00  sec  12.4 MBytes   207 Mbits/sec  0.036 ms  12280/21538 (57%)  
[2024-05-28 20:51:08.014092] [  5]  75.00-75.50  sec  15.3 MBytes   256 Mbits/sec  0.048 ms  10960/22408 (49%)  
[2024-05-28 20:51:08.014169] [  5]  75.50-76.00  sec  14.2 MBytes   239 Mbits/sec  0.031 ms  12437/23096 (54%)  
[2024-05-28 20:51:08.014245] [  5]  76.00-76.50  sec  14.3 MBytes   239 Mbits/sec  0.049 ms  11231/21915 (51%)  
[2024-05-28 20:51:08.014320] [  5]  76.50-77.00  sec  21.0 MBytes   353 Mbits/sec  0.040 ms  7106/22847 (31%)  
[2024-05-28 20:51:08.014395] [  5]  77.00-77.50  sec  22.5 MBytes   378 Mbits/sec  0.038 ms  5424/22280 (24%)  
[2024-05-28 20:51:08.014474] [  5]  77.50-78.00  sec  21.3 MBytes   357 Mbits/sec  0.032 ms  6370/22287 (29%)  
[2024-05-28 20:51:08.014549] [  5]  78.00-78.50  sec  20.2 MBytes   339 Mbits/sec  0.049 ms  6879/21996 (31%)  
[2024-05-28 20:51:08.014624] [  5]  78.50-79.00  sec  14.4 MBytes   241 Mbits/sec  0.077 ms  11813/22571 (52%)  
[2024-05-28 20:51:08.014699] [  5]  79.00-79.50  sec  9.89 MBytes   166 Mbits/sec  0.062 ms  14724/22131 (67%)  
[2024-05-28 20:51:08.014777] [  5]  79.50-80.00  sec  18.1 MBytes   304 Mbits/sec  0.009 ms  9125/22688 (40%)  
[2024-05-28 20:51:08.014851] [  5]  80.00-80.50  sec  22.9 MBytes   383 Mbits/sec  0.039 ms  5137/22254 (23%)  
[2024-05-28 20:51:08.014926] [  5]  80.50-81.00  sec  15.4 MBytes   258 Mbits/sec  0.015 ms  10732/22256 (48%)  
[2024-05-28 20:51:08.015000] [  5]  81.00-81.50  sec  20.2 MBytes   338 Mbits/sec  0.082 ms  6829/21938 (31%)  
[2024-05-28 20:51:08.015077] [  5]  81.50-82.00  sec  15.8 MBytes   265 Mbits/sec  0.054 ms  10974/22809 (48%)  
[2024-05-28 20:51:08.015154] [  5]  82.00-82.50  sec  21.4 MBytes   358 Mbits/sec  0.107 ms  5895/21889 (27%)  
[2024-05-28 20:51:08.015231] [  5]  82.50-83.00  sec  16.8 MBytes   283 Mbits/sec  0.009 ms  10088/22704 (44%)  
[2024-05-28 20:51:08.015395] [  5]  83.00-83.50  sec  16.4 MBytes   275 Mbits/sec  0.012 ms  10012/22268 (45%)  
[2024-05-28 20:51:08.015486] [  5]  83.50-84.00  sec  16.4 MBytes   275 Mbits/sec  0.030 ms  10127/22406 (45%)  
[2024-05-28 20:51:08.015564] [  5]  84.00-84.50  sec  15.5 MBytes   259 Mbits/sec  0.059 ms  10447/22031 (47%)  
[2024-05-28 20:51:08.015642] [  5]  84.50-85.00  sec  21.2 MBytes   355 Mbits/sec  0.055 ms  6821/22671 (30%)  
[2024-05-28 20:51:08.015718] [  5]  85.00-85.50  sec  20.9 MBytes   351 Mbits/sec  0.026 ms  6556/22214 (30%)  
[2024-05-28 20:51:08.015795] [  5]  85.50-86.00  sec  10.5 MBytes   177 Mbits/sec  0.056 ms  14446/22339 (65%)  
[2024-05-28 20:51:08.015880] [  5]  86.00-86.50  sec  19.6 MBytes   329 Mbits/sec  0.028 ms  7704/22387 (34%)  
[2024-05-28 20:51:08.015957] [  5]  86.50-87.00  sec  18.0 MBytes   302 Mbits/sec  0.156 ms  8699/22195 (39%)  
[2024-05-28 20:51:08.016037] [  5]  87.00-87.50  sec  11.5 MBytes   193 Mbits/sec  0.089 ms  13159/21765 (60%)  
[2024-05-28 20:51:08.016114] [  5]  87.50-88.00  sec  17.8 MBytes   298 Mbits/sec  0.015 ms  9410/22717 (41%)  
[2024-05-28 20:51:08.016189] [  5]  88.00-88.50  sec  16.5 MBytes   277 Mbits/sec  0.091 ms  10174/22551 (45%)  
[2024-05-28 20:51:08.016265] [  5]  88.50-89.00  sec  16.4 MBytes   276 Mbits/sec  0.036 ms  10052/22371 (45%)  
[2024-05-28 20:51:08.016340] [  5]  89.00-89.50  sec  20.4 MBytes   342 Mbits/sec  0.094 ms  7003/22282 (31%)  
[2024-05-28 20:51:08.016416] [  5]  89.50-90.00  sec  21.9 MBytes   368 Mbits/sec  0.145 ms  5862/22294 (26%)  
[2024-05-28 20:51:08.016519] [  5]  90.00-90.50  sec  18.5 MBytes   311 Mbits/sec  0.018 ms  8391/22263 (38%)  
[2024-05-28 20:51:08.016598] [  5]  90.50-91.00  sec  20.5 MBytes   345 Mbits/sec  0.053 ms  7106/22484 (32%)  
[2024-05-28 20:51:08.016678] [  5]  91.00-91.50  sec  23.2 MBytes   390 Mbits/sec  0.017 ms  4905/22299 (22%)  
[2024-05-28 20:51:08.016752] [  5]  91.50-92.00  sec  22.4 MBytes   377 Mbits/sec  0.021 ms  5518/22324 (25%)  
[2024-05-28 20:51:08.016827] [  5]  92.00-92.50  sec  21.9 MBytes   367 Mbits/sec  0.026 ms  5835/22218 (26%)  
[2024-05-28 20:51:08.016902] [  5]  92.50-93.00  sec  22.0 MBytes   370 Mbits/sec  0.057 ms  5858/22364 (26%)  
[2024-05-28 20:51:08.016976] [  5]  93.00-93.50  sec  18.5 MBytes   310 Mbits/sec  0.053 ms  8515/22367 (38%)  
[2024-05-28 20:51:08.017051] [  5]  93.50-94.00  sec  16.0 MBytes   269 Mbits/sec  0.036 ms  10323/22317 (46%)  
[2024-05-28 20:51:08.017125] [  5]  94.00-94.50  sec  22.1 MBytes   371 Mbits/sec  0.073 ms  5748/22300 (26%)  
[2024-05-28 20:51:08.017200] [  5]  94.50-95.00  sec  23.1 MBytes   387 Mbits/sec  0.047 ms  5044/22309 (23%)  
[2024-05-28 20:51:08.017274] [  5]  95.00-95.50  sec  19.2 MBytes   322 Mbits/sec  0.103 ms  7937/22306 (36%)  
[2024-05-28 20:51:08.017349] [  5]  95.50-96.00  sec  13.4 MBytes   224 Mbits/sec  0.055 ms  12325/22324 (55%)  
[2024-05-28 20:51:08.017426] [  5]  96.00-96.50  sec  17.4 MBytes   292 Mbits/sec  0.126 ms  9294/22348 (42%)  
[2024-05-28 20:51:31.768389] [  5]  96.50-97.00  sec  20.4 MBytes   344 Mbits/sec  0.040 ms  6768/22075 (31%)  
[2024-05-28 20:51:31.768974] [  5]  97.00-97.50  sec  17.4 MBytes   292 Mbits/sec  0.018 ms  9407/22426 (42%)  
[2024-05-28 20:51:31.769122] [  5]  97.50-98.00  sec  16.5 MBytes   276 Mbits/sec  0.011 ms  9959/22289 (45%)  
[2024-05-28 20:51:31.769242] [  5]  98.00-98.50  sec  18.3 MBytes   306 Mbits/sec  0.024 ms  8856/22531 (39%)  
[2024-05-28 20:51:31.769441] [  5]  98.50-99.00  sec  18.3 MBytes   307 Mbits/sec  0.088 ms  8505/22207 (38%)  
[2024-05-28 20:51:31.769548] [  5]  99.00-99.50  sec  21.8 MBytes   365 Mbits/sec  0.138 ms  6074/22386 (27%)  
[2024-05-28 20:51:31.769653] [  5]  99.50-100.00 sec  22.5 MBytes   378 Mbits/sec  0.049 ms  5429/22313 (24%)  
[2024-05-28 20:51:31.769761] [  5] 100.00-100.50 sec  21.9 MBytes   368 Mbits/sec  0.030 ms  5953/22372 (27%)  
[2024-05-28 20:51:31.769988] [  5] 100.50-101.00 sec  9.05 MBytes   152 Mbits/sec  0.022 ms  15414/22191 (69%)  
[2024-05-28 20:51:31.770173] [  5] 101.00-101.50 sec  12.3 MBytes   206 Mbits/sec  0.051 ms  12728/21922 (58%)  
[2024-05-28 20:51:31.770439] [  5] 101.50-102.00 sec  11.4 MBytes   190 Mbits/sec  0.014 ms  14227/22729 (63%)  
[2024-05-28 20:51:31.770690] [  5] 102.00-102.50 sec  16.8 MBytes   283 Mbits/sec  0.050 ms  9756/22366 (44%)  
[2024-05-28 20:51:31.770826] [  5] 102.50-103.00 sec  15.4 MBytes   259 Mbits/sec  0.047 ms  10838/22390 (48%)  
[2024-05-28 20:51:31.770920] [  5] 103.00-103.50 sec  11.6 MBytes   194 Mbits/sec  0.138 ms  13647/22315 (61%)  
[2024-05-28 20:51:31.771005] [  5] 103.50-104.00 sec  15.0 MBytes   251 Mbits/sec  0.026 ms  11016/22214 (50%)  
[2024-05-28 20:51:31.771084] [  5] 104.00-104.50 sec  14.1 MBytes   236 Mbits/sec  0.023 ms  11834/22378 (53%)  
[2024-05-28 20:51:31.771164] [  5] 104.50-105.00 sec  14.2 MBytes   238 Mbits/sec  0.018 ms  11528/22133 (52%)  
[2024-05-28 20:51:31.771242] [  5] 105.00-105.50 sec  13.3 MBytes   223 Mbits/sec  0.038 ms  12414/22353 (56%)  
[2024-05-28 20:51:31.771400] [  5] 105.50-106.00 sec  14.3 MBytes   240 Mbits/sec  0.017 ms  11749/22462 (52%)  
[2024-05-28 20:51:31.771488] [  5] 106.00-106.50 sec  20.4 MBytes   342 Mbits/sec  0.025 ms  7037/22317 (32%)  
[2024-05-28 20:51:31.771578] [  5] 106.50-107.00 sec  18.4 MBytes   309 Mbits/sec  0.048 ms  8671/22444 (39%)  
[2024-05-28 20:51:31.771667] [  5] 107.00-107.50 sec  17.3 MBytes   290 Mbits/sec  0.068 ms  9082/22053 (41%)  
[2024-05-28 20:51:31.771750] [  5] 107.50-108.00 sec  14.4 MBytes   242 Mbits/sec  0.053 ms  11508/22307 (52%)  
[2024-05-28 20:51:31.771869] [  5] 108.00-108.50 sec  12.5 MBytes   209 Mbits/sec  0.026 ms  13211/22548 (59%)  
[2024-05-28 20:51:31.771953] [  5] 108.50-109.00 sec  15.1 MBytes   253 Mbits/sec  0.019 ms  11111/22399 (50%)  
[2024-05-28 20:51:31.772031] [  5] 109.00-109.50 sec  20.0 MBytes   335 Mbits/sec  0.041 ms  7128/22077 (32%)  
[2024-05-28 20:51:31.772109] [  5] 109.50-110.00 sec  17.2 MBytes   288 Mbits/sec  0.030 ms  9502/22356 (43%)  
[2024-05-28 20:51:31.772187] [  5] 110.00-110.50 sec  12.1 MBytes   202 Mbits/sec  0.047 ms  13353/22390 (60%)  
[2024-05-28 20:51:31.772266] [  5] 110.50-111.00 sec  14.1 MBytes   237 Mbits/sec  0.081 ms  11624/22213 (52%)  
[2024-05-28 20:51:31.772343] [  5] 111.00-111.50 sec  7.76 MBytes   130 Mbits/sec  0.072 ms  16455/22266 (74%)  
[2024-05-28 20:51:31.772422] [  5] 111.50-112.00 sec  13.5 MBytes   227 Mbits/sec  0.030 ms  12377/22520 (55%)  
[2024-05-28 20:51:31.772506] [  5] 112.00-112.50 sec  18.7 MBytes   313 Mbits/sec  0.059 ms  8321/22314 (37%)  
[2024-05-28 20:51:31.772586] [  5] 112.50-113.00 sec  17.9 MBytes   300 Mbits/sec  0.051 ms  8923/22346 (40%)  
[2024-05-28 20:51:31.772661] [  5] 113.00-113.50 sec  12.2 MBytes   205 Mbits/sec  0.033 ms  12957/22100 (59%)  
[2024-05-28 20:51:31.772737] [  5] 113.50-114.00 sec  14.8 MBytes   248 Mbits/sec  0.037 ms  11384/22446 (51%)  
[2024-05-28 20:51:31.772836] [  5] 114.00-114.50 sec  14.8 MBytes   249 Mbits/sec  0.017 ms  11294/22412 (50%)  
[2024-05-28 20:51:31.772914] [  5] 114.50-115.00 sec  18.2 MBytes   306 Mbits/sec  0.047 ms  8731/22394 (39%)  
[2024-05-28 20:51:31.772990] [  5] 115.00-115.50 sec  15.8 MBytes   265 Mbits/sec  0.057 ms  10289/22101 (47%)  
[2024-05-28 20:51:31.773095] [  5] 115.50-116.00 sec  5.09 MBytes  85.5 Mbits/sec  0.009 ms  18624/22439 (83%)  
[2024-05-28 20:51:31.773195] [  5] 116.00-116.50 sec  22.4 MBytes   376 Mbits/sec  0.159 ms  5539/22310 (25%)  
[2024-05-28 20:51:31.773308] [  5] 116.50-117.00 sec  17.6 MBytes   296 Mbits/sec  0.019 ms  9211/22405 (41%)  
[2024-05-28 20:51:31.773390] [  5] 117.00-117.50 sec  4.92 MBytes  82.2 Mbits/sec  0.026 ms  1744/5428 (32%)  
[2024-05-28 20:51:31.773468] [  5] 117.50-118.00 sec   116 KBytes  1.91 Mbits/sec  0.290 ms  38801/38886 (1e+02%)  
[2024-05-28 20:51:31.773543] [  5] 118.00-118.50 sec  7.11 MBytes   119 Mbits/sec  0.036 ms  16832/22158 (76%)  
[2024-05-28 20:51:31.773618] [  5] 118.50-119.00 sec  4.76 MBytes  79.8 Mbits/sec  0.106 ms  18890/22453 (84%)  
[2024-05-28 20:51:31.774323] [  5] 119.00-119.50 sec  3.88 MBytes  64.8 Mbits/sec  0.011 ms  10470/13377 (78%)  
[2024-05-28 20:51:31.774457] [  5] 119.50-120.00 sec  0.00 Bytes  0.00 bits/sec  0.011 ms  0/0 (0%)  
[2024-05-28 20:51:31.774549] - - - - - - - - - - - - - - - - - - - - - - - - -
[2024-05-28 20:51:31.774634] [ ID] Interval           Transfer     Bitrate         Jitter    Lost/Total Datagrams
[2024-05-28 20:51:31.774713] [  5]   0.00-120.35 sec  7.00 GBytes   500 Mbits/sec  0.000 ms  0/5372515 (0%)  sender
[2024-05-28 20:51:31.774792] [SUM]  0.0-120.3 sec  697 datagrams received out-of-order
[2024-05-28 20:51:31.774868] [  5]   0.00-120.00 sec  3.14 GBytes   225 Mbits/sec  0.011 ms  2916434/5324747 (55%)  receiver
[2024-05-28 20:51:31.774943] 
[2024-05-28 20:51:31.775020] iperf Done.
End time: 1716943891797
