Start time: 1716837940701
[2024-05-27 15:25:41.637947] nuttcp-r: v8.1.4: socket
[2024-05-27 15:25:41.638602] nuttcp-r: buflen=65536, nstream=1, port=5002 tcp
[2024-05-27 15:25:41.638648] nuttcp-r: interval reporting every 0.50 seconds
[2024-05-27 15:25:41.638680] nuttcp-r: connect to 35.245.244.238 with RTT=76.812 ms af=inet
[2024-05-27 15:25:41.638710] nuttcp-r: send window size = 2097152, receive window size = 6291456
[2024-05-27 15:25:41.638737] nuttcp-r: available send window = 1572864, available receive window = 4718592
[2024-05-27 15:25:41.638765]     0.3125 MB /   0.50 sec =    5.2416 Mbps     0 retrans     13 KB-cwnd
[2024-05-27 15:25:42.137706]     1.6250 MB /   0.50 sec =   27.2551 Mbps     0 retrans     13 KB-cwnd
[2024-05-27 15:25:42.637618]     4.3125 MB /   0.50 sec =   72.3772 Mbps     0 retrans     13 KB-cwnd
[2024-05-27 15:25:43.137668]     3.2500 MB /   0.50 sec =   54.5193 Mbps     0 retrans     13 KB-cwnd
[2024-05-27 15:25:43.637636]     5.5000 MB /   0.50 sec =   92.2808 Mbps     0 retrans     13 KB-cwnd
[2024-05-27 15:25:44.137759]     4.1250 MB /   0.50 sec =   69.2041 Mbps     0 retrans     13 KB-cwnd
[2024-05-27 15:25:44.637596]     1.5625 MB /   0.50 sec =   26.2138 Mbps     0 retrans     13 KB-cwnd
[2024-05-27 15:25:45.137641]     4.0000 MB /   0.50 sec =   67.1091 Mbps     0 retrans     13 KB-cwnd
[2024-05-27 15:25:45.637601]     4.2500 MB /   0.50 sec =   71.3122 Mbps     0 retrans     13 KB-cwnd
[2024-05-27 15:25:46.137580]     6.1875 MB /   0.50 sec =  103.8045 Mbps     0 retrans     13 KB-cwnd
[2024-05-27 15:25:46.637543]     4.3750 MB /   0.50 sec =   73.4074 Mbps     0 retrans     13 KB-cwnd
[2024-05-27 15:25:47.137528]     6.3750 MB /   0.50 sec =  106.9552 Mbps     0 retrans     13 KB-cwnd
[2024-05-27 15:25:47.637544]     5.7500 MB /   0.50 sec =   96.4680 Mbps     0 retrans     13 KB-cwnd
[2024-05-27 15:25:48.137447]     5.5625 MB /   0.50 sec =   93.3289 Mbps     0 retrans     13 KB-cwnd
[2024-05-27 15:25:48.637514]     6.8125 MB /   0.50 sec =  114.2943 Mbps     0 retrans     13 KB-cwnd
[2024-05-27 15:25:49.137618]     6.2500 MB /   0.50 sec =  104.8391 Mbps     0 retrans     13 KB-cwnd
[2024-05-27 15:25:49.637604]     6.5000 MB /   0.50 sec =  109.0499 Mbps     0 retrans     13 KB-cwnd
[2024-05-27 15:25:50.137540]     6.3750 MB /   0.50 sec =  106.9708 Mbps     0 retrans     13 KB-cwnd
[2024-05-27 15:25:50.637564]     6.3750 MB /   0.50 sec =  106.9528 Mbps     0 retrans     13 KB-cwnd
[2024-05-27 15:25:51.137540]     6.0000 MB /   0.50 sec =  100.6633 Mbps     0 retrans     13 KB-cwnd
[2024-05-27 15:25:51.637718]     5.5625 MB /   0.50 sec =   93.3007 Mbps     0 retrans     13 KB-cwnd
[2024-05-27 15:25:52.137620]     2.5000 MB /   0.50 sec =   41.9545 Mbps     0 retrans     13 KB-cwnd
[2024-05-27 15:25:52.637548]     6.6875 MB /   0.50 sec =  112.1891 Mbps     0 retrans     13 KB-cwnd
[2024-05-27 15:25:53.137521]     6.3750 MB /   0.50 sec =  106.9622 Mbps     0 retrans     13 KB-cwnd
[2024-05-27 15:25:53.637562]     6.3750 MB /   0.50 sec =  106.9515 Mbps     0 retrans     13 KB-cwnd
[2024-05-27 15:25:54.137453]     7.0000 MB /   0.50 sec =  117.4494 Mbps     0 retrans     13 KB-cwnd
[2024-05-27 15:25:54.637569]     6.6250 MB /   0.50 sec =  111.1384 Mbps     0 retrans     13 KB-cwnd
[2024-05-27 15:25:55.137584]     6.5000 MB /   0.50 sec =  109.0454 Mbps     0 retrans     13 KB-cwnd
[2024-05-27 15:25:55.637568]     4.0625 MB /   0.50 sec =   68.1611 Mbps     0 retrans     13 KB-cwnd
[2024-05-27 15:25:56.137527]     3.7500 MB /   0.50 sec =   62.9119 Mbps     0 retrans     13 KB-cwnd
[2024-05-27 15:25:56.637843]     6.1250 MB /   0.50 sec =  102.7434 Mbps     0 retrans     13 KB-cwnd
[2024-05-27 15:25:57.137634]     5.5625 MB /   0.50 sec =   93.3319 Mbps     0 retrans     13 KB-cwnd
[2024-05-27 15:25:57.637667]     4.0625 MB /   0.50 sec =   68.1521 Mbps     0 retrans     13 KB-cwnd
[2024-05-27 15:25:58.137563]     3.5625 MB /   0.50 sec =   59.7803 Mbps     0 retrans     13 KB-cwnd
[2024-05-27 15:25:58.637662]     0.5000 MB /   0.50 sec =    8.3873 Mbps     0 retrans     13 KB-cwnd
[2024-05-27 15:25:59.137664]     0.0000 MB /   0.50 sec =    0.0000 Mbps     0 retrans     13 KB-cwnd
[2024-05-27 15:25:59.637591]     5.3750 MB /   0.50 sec =   90.1835 Mbps     0 retrans     13 KB-cwnd
[2024-05-27 15:26:00.137658]     1.0625 MB /   0.50 sec =   17.8250 Mbps     0 retrans     13 KB-cwnd
[2024-05-27 15:26:00.637623]     0.0000 MB /   0.50 sec =    0.0000 Mbps     0 retrans     13 KB-cwnd
[2024-05-27 15:26:01.137618]     0.3125 MB /   0.50 sec =    5.2428 Mbps     0 retrans     13 KB-cwnd
[2024-05-27 15:26:01.637628]     4.7500 MB /   0.50 sec =   79.6915 Mbps     0 retrans     13 KB-cwnd
[2024-05-27 15:26:02.137643]     6.5000 MB /   0.50 sec =  109.0530 Mbps     0 retrans     13 KB-cwnd
[2024-05-27 15:26:02.637529]     4.5625 MB /   0.50 sec =   76.5583 Mbps     0 retrans     13 KB-cwnd
[2024-05-27 15:26:03.137539]     6.2500 MB /   0.50 sec =  104.8576 Mbps     0 retrans     13 KB-cwnd
[2024-05-27 15:26:03.637569]     6.4375 MB /   0.50 sec =  107.9960 Mbps     0 retrans     13 KB-cwnd
[2024-05-27 15:26:04.137494]     6.9375 MB /   0.50 sec =  116.3994 Mbps     0 retrans     13 KB-cwnd
[2024-05-27 15:26:04.637607]     8.3125 MB /   0.50 sec =  139.4472 Mbps     0 retrans     13 KB-cwnd
[2024-05-27 15:26:05.137535]     8.6250 MB /   0.50 sec =  144.7194 Mbps     0 retrans     13 KB-cwnd
[2024-05-27 15:26:05.637526]     8.7500 MB /   0.50 sec =  146.8015 Mbps     0 retrans     13 KB-cwnd
[2024-05-27 15:26:06.137657]     9.0000 MB /   0.50 sec =  150.9928 Mbps     0 retrans     13 KB-cwnd
[2024-05-27 15:26:06.637556]     8.7500 MB /   0.50 sec =  146.7983 Mbps     0 retrans     13 KB-cwnd
[2024-05-27 15:26:07.137703]     9.0625 MB /   0.50 sec =  152.0326 Mbps     0 retrans     13 KB-cwnd
[2024-05-27 15:26:07.637526]     9.3750 MB /   0.50 sec =  157.3024 Mbps     0 retrans     13 KB-cwnd
[2024-05-27 15:26:08.137529]     9.0625 MB /   0.50 sec =  152.0426 Mbps     0 retrans     21 KB-cwnd
[2024-05-27 15:26:08.637552]     8.6250 MB /   0.50 sec =  144.6989 Mbps     0 retrans     21 KB-cwnd
[2024-05-27 15:26:09.137613]     8.8750 MB /   0.50 sec =  148.8832 Mbps     0 retrans     21 KB-cwnd
[2024-05-27 15:26:09.637486]    10.7500 MB /   0.50 sec =  180.3818 Mbps     0 retrans     26 KB-cwnd
[2024-05-27 15:26:10.137584]     9.6250 MB /   0.50 sec =  161.4626 Mbps     0 retrans     26 KB-cwnd
[2024-05-27 15:26:10.637578]     9.9375 MB /   0.50 sec =  166.7299 Mbps     0 retrans     26 KB-cwnd
[2024-05-27 15:26:11.137509]     9.1875 MB /   0.50 sec =  154.1512 Mbps     0 retrans     26 KB-cwnd
[2024-05-27 15:26:11.637547]    10.9375 MB /   0.50 sec =  183.4957 Mbps     0 retrans     26 KB-cwnd
[2024-05-27 15:26:12.137627]     8.0625 MB /   0.50 sec =  135.2460 Mbps     0 retrans     26 KB-cwnd
[2024-05-27 15:26:12.637550]    10.3125 MB /   0.50 sec =  173.0337 Mbps     0 retrans     26 KB-cwnd
[2024-05-27 15:26:13.137641]     7.6875 MB /   0.50 sec =  128.9583 Mbps     0 retrans     26 KB-cwnd
[2024-05-27 15:26:13.637594]    10.6875 MB /   0.50 sec =  179.3158 Mbps     0 retrans     26 KB-cwnd
[2024-05-27 15:26:14.137807]     7.3125 MB /   0.50 sec =  122.6751 Mbps     0 retrans     26 KB-cwnd
[2024-05-27 15:26:14.637531]    14.0000 MB /   0.50 sec =  234.9257 Mbps     0 retrans     26 KB-cwnd
[2024-05-27 15:26:15.137520]    10.0000 MB /   0.50 sec =  167.7755 Mbps    18 retrans   2793 KB-cwnd
[2024-05-27 15:26:15.637605]     8.5000 MB /   0.50 sec =  142.5864 Mbps     0 retrans   2793 KB-cwnd
[2024-05-27 15:26:16.137521]     9.6875 MB /   0.50 sec =  162.5524 Mbps     0 retrans   2793 KB-cwnd
[2024-05-27 15:26:16.637653]     6.1250 MB /   0.50 sec =  102.7372 Mbps     0 retrans   2793 KB-cwnd
[2024-05-27 15:26:17.137577]    12.5625 MB /   0.50 sec =  210.7933 Mbps     0 retrans   2793 KB-cwnd
[2024-05-27 15:26:17.637529]     9.9375 MB /   0.50 sec =  166.7363 Mbps     0 retrans   2793 KB-cwnd
[2024-05-27 15:26:18.137566]     9.2500 MB /   0.50 sec =  155.1815 Mbps     0 retrans   2793 KB-cwnd
[2024-05-27 15:26:18.637582]     8.8750 MB /   0.50 sec =  148.8909 Mbps     0 retrans   2793 KB-cwnd
[2024-05-27 15:26:19.137447]    10.6875 MB /   0.50 sec =  179.3348 Mbps     0 retrans   2519 KB-cwnd
[2024-05-27 15:26:19.637574]     9.8125 MB /   0.50 sec =  164.6162 Mbps     1 retrans   2519 KB-cwnd
[2024-05-27 15:26:20.137526]     9.8750 MB /   0.50 sec =  165.6760 Mbps     0 retrans   2519 KB-cwnd
[2024-05-27 15:26:20.637586]    11.4375 MB /   0.50 sec =  191.8695 Mbps     0 retrans   2519 KB-cwnd
[2024-05-27 15:26:21.137579]    10.1250 MB /   0.50 sec =  169.8697 Mbps     0 retrans   2519 KB-cwnd
[2024-05-27 15:26:21.637518]     7.9375 MB /   0.50 sec =  133.1827 Mbps     0 retrans   2519 KB-cwnd
[2024-05-27 15:26:22.137528]     7.7500 MB /   0.50 sec =  130.0302 Mbps     0 retrans   2519 KB-cwnd
[2024-05-27 15:26:22.637690]     7.8125 MB /   0.50 sec =  131.0495 Mbps   994 retrans   3991 KB-cwnd
[2024-05-27 15:26:23.137606]    11.0000 MB /   0.50 sec =  184.5464 Mbps     0 retrans   3991 KB-cwnd
[2024-05-27 15:26:23.637497]     7.3125 MB /   0.50 sec =  122.6954 Mbps     0 retrans   3991 KB-cwnd
[2024-05-27 15:26:24.137697]    11.2500 MB /   0.50 sec =  188.7165 Mbps     0 retrans   3991 KB-cwnd
[2024-05-27 15:26:24.637528]    10.3750 MB /   0.50 sec =  174.0946 Mbps     0 retrans   3991 KB-cwnd
[2024-05-27 15:26:25.137524]     9.7500 MB /   0.50 sec =  163.5775 Mbps     0 retrans   3991 KB-cwnd
[2024-05-27 15:26:25.637485]     9.5000 MB /   0.50 sec =  159.3867 Mbps     0 retrans   3991 KB-cwnd
[2024-05-27 15:26:26.137748]     9.3750 MB /   0.50 sec =  157.2619 Mbps     0 retrans   3991 KB-cwnd
[2024-05-27 15:26:26.637573]    10.8125 MB /   0.50 sec =  181.4138 Mbps     0 retrans   3991 KB-cwnd
[2024-05-27 15:26:27.137652]     5.4375 MB /   0.50 sec =   91.2157 Mbps     0 retrans   3991 KB-cwnd
[2024-05-27 15:26:27.637540]    14.7500 MB /   0.50 sec =  247.5090 Mbps     0 retrans   3991 KB-cwnd
[2024-05-27 15:26:28.137528]    10.1875 MB /   0.50 sec =  170.9199 Mbps     0 retrans   3727 KB-cwnd
[2024-05-27 15:26:28.637528]    12.3125 MB /   0.50 sec =  206.5703 Mbps     0 retrans   3727 KB-cwnd
[2024-05-27 15:26:29.137452]    12.0000 MB /   0.50 sec =  201.3375 Mbps     0 retrans   3727 KB-cwnd
[2024-05-27 15:26:29.637569]    10.1875 MB /   0.50 sec =  170.9049 Mbps    11 retrans   3959 KB-cwnd
[2024-05-27 15:26:30.137570]    11.3125 MB /   0.50 sec =  189.7778 Mbps     0 retrans   3959 KB-cwnd
[2024-05-27 15:26:30.637537]    11.4375 MB /   0.50 sec =  191.9059 Mbps     0 retrans   3983 KB-cwnd
[2024-05-27 15:26:31.137516]     7.1875 MB /   0.50 sec =  120.5807 Mbps     0 retrans   3983 KB-cwnd
[2024-05-27 15:26:31.637601]    11.3750 MB /   0.50 sec =  190.8305 Mbps     0 retrans   3983 KB-cwnd
[2024-05-27 15:26:32.137593]     2.7500 MB /   0.50 sec =   46.1371 Mbps     0 retrans   3983 KB-cwnd
[2024-05-27 15:26:32.637752]     2.2500 MB /   0.50 sec =   37.7465 Mbps     0 retrans   3983 KB-cwnd
[2024-05-27 15:26:33.137631]     7.8125 MB /   0.50 sec =  131.0694 Mbps     0 retrans   3983 KB-cwnd
[2024-05-27 15:26:33.637533]    10.5000 MB /   0.50 sec =  176.1942 Mbps     0 retrans   3983 KB-cwnd
[2024-05-27 15:26:34.137534]     6.5625 MB /   0.50 sec =  110.1016 Mbps     0 retrans   3983 KB-cwnd
[2024-05-27 15:26:34.637652]     3.3125 MB /   0.50 sec =   55.5649 Mbps     0 retrans   3983 KB-cwnd
[2024-05-27 15:26:35.137509]     5.8750 MB /   0.50 sec =   98.5784 Mbps     0 retrans   3983 KB-cwnd
[2024-05-27 15:26:35.637780]     6.2500 MB /   0.50 sec =  104.8412 Mbps     0 retrans   3983 KB-cwnd
[2024-05-27 15:26:36.137592]     9.3750 MB /   0.50 sec =  157.2980 Mbps     0 retrans   3983 KB-cwnd
[2024-05-27 15:26:36.637452]     3.6875 MB /   0.50 sec =   61.8770 Mbps     0 retrans   3983 KB-cwnd
[2024-05-27 15:26:37.137524]     5.0625 MB /   0.50 sec =   84.9255 Mbps     0 retrans   3983 KB-cwnd
[2024-05-27 15:26:37.637594]     6.1250 MB /   0.50 sec =  102.7549 Mbps     0 retrans   3983 KB-cwnd
[2024-05-27 15:26:38.137708]     6.8750 MB /   0.50 sec =  115.3464 Mbps     0 retrans   3983 KB-cwnd
[2024-05-27 15:26:38.637588]     6.4375 MB /   0.50 sec =  108.0020 Mbps     0 retrans   3983 KB-cwnd
[2024-05-27 15:26:39.137650]     4.3750 MB /   0.50 sec =   73.3922 Mbps     0 retrans   3983 KB-cwnd
[2024-05-27 15:26:39.637612]     3.4375 MB /   0.50 sec =   57.6747 Mbps     0 retrans   3983 KB-cwnd
[2024-05-27 15:26:40.137511]     3.5000 MB /   0.50 sec =   58.7272 Mbps     9 retrans   5676 KB-cwnd
[2024-05-27 15:26:40.637636]     6.5000 MB /   0.50 sec =  109.0371 Mbps     0 retrans   5676 KB-cwnd
[2024-05-27 15:26:41.137664]     3.7500 MB /   0.50 sec =   62.9122 Mbps     0 retrans   5676 KB-cwnd
[2024-05-27 15:26:41.637606]     3.0000 MB /   0.50 sec =   50.3353 Mbps     0 retrans   5676 KB-cwnd
[2024-05-27 15:26:42.137461]     6.6250 MB /   0.50 sec =  111.1697 Mbps     0 retrans   5676 KB-cwnd
[2024-05-27 15:26:42.637563]     3.8750 MB /   0.50 sec =   65.0050 Mbps     0 retrans   5676 KB-cwnd
[2024-05-27 15:26:43.137570]     6.8750 MB /   0.50 sec =  115.3385 Mbps     0 retrans   5676 KB-cwnd
[2024-05-27 15:26:43.637583]     7.1875 MB /   0.50 sec =  120.5843 Mbps     0 retrans   5676 KB-cwnd
[2024-05-27 15:26:44.137556]     7.8750 MB /   0.50 sec =  132.1338 Mbps     0 retrans   5676 KB-cwnd
[2024-05-27 15:26:44.637583]     8.5625 MB /   0.50 sec =  143.6394 Mbps     0 retrans   5676 KB-cwnd
[2024-05-27 15:26:45.137558]     9.1250 MB /   0.50 sec =  153.1092 Mbps     0 retrans   5676 KB-cwnd
[2024-05-27 15:26:45.637469]    10.6250 MB /   0.50 sec =  178.2654 Mbps     0 retrans   5676 KB-cwnd
[2024-05-27 15:26:46.137607]    11.7500 MB /   0.50 sec =  197.1019 Mbps     0 retrans   5676 KB-cwnd
[2024-05-27 15:26:46.637548]    12.8125 MB /   0.50 sec =  214.9787 Mbps     0 retrans   5676 KB-cwnd
[2024-05-27 15:26:47.138148]    11.0625 MB /   0.50 sec =  185.4022 Mbps     0 retrans   5676 KB-cwnd
[2024-05-27 15:26:47.637622]     8.5000 MB /   0.50 sec =  142.7385 Mbps     0 retrans   5676 KB-cwnd
[2024-05-27 15:26:48.137542]    12.6250 MB /   0.50 sec =  211.8412 Mbps     0 retrans   5676 KB-cwnd
[2024-05-27 15:26:48.637590]    11.6250 MB /   0.50 sec =  195.0176 Mbps    10 retrans   5358 KB-cwnd
[2024-05-27 15:26:49.137539]    11.9375 MB /   0.50 sec =  200.2984 Mbps     0 retrans   5358 KB-cwnd
[2024-05-27 15:26:49.637527]    11.8125 MB /   0.50 sec =  198.1813 Mbps     0 retrans   5358 KB-cwnd
[2024-05-27 15:26:50.137531]    11.8750 MB /   0.50 sec =  199.2310 Mbps     0 retrans   5382 KB-cwnd
[2024-05-27 15:26:50.637524]    11.5625 MB /   0.50 sec =  193.9850 Mbps     0 retrans   5382 KB-cwnd
[2024-05-27 15:26:51.137549]    11.8750 MB /   0.50 sec =  199.2286 Mbps     0 retrans   5382 KB-cwnd
[2024-05-27 15:26:51.637540]    11.9375 MB /   0.50 sec =  200.2776 Mbps     0 retrans   5382 KB-cwnd
[2024-05-27 15:26:52.137606]    11.8750 MB /   0.50 sec =  199.2175 Mbps     0 retrans   5382 KB-cwnd
[2024-05-27 15:26:52.637617]     5.7500 MB /   0.50 sec =   96.4696 Mbps     0 retrans   5382 KB-cwnd
[2024-05-27 15:26:53.137482]     8.0625 MB /   0.50 sec =  135.2766 Mbps     0 retrans   5382 KB-cwnd
[2024-05-27 15:26:53.637797]    10.9375 MB /   0.50 sec =  183.4814 Mbps     0 retrans   5382 KB-cwnd
[2024-05-27 15:26:54.137519]    12.0000 MB /   0.50 sec =  201.3471 Mbps     0 retrans   5382 KB-cwnd
[2024-05-27 15:26:54.637577]    11.2500 MB /   0.50 sec =  188.7248 Mbps     0 retrans   5382 KB-cwnd
[2024-05-27 15:26:55.137535]    11.0000 MB /   0.50 sec =  184.5641 Mbps    55 retrans   3092 KB-cwnd
[2024-05-27 15:26:55.637566]    11.4375 MB /   0.50 sec =  191.8886 Mbps     0 retrans   3092 KB-cwnd
[2024-05-27 15:26:56.137516]    11.8125 MB /   0.50 sec =  198.1860 Mbps     0 retrans   3092 KB-cwnd
[2024-05-27 15:26:56.637529]    11.4375 MB /   0.50 sec =  191.8867 Mbps     0 retrans   3092 KB-cwnd
[2024-05-27 15:26:57.137475]    11.7500 MB /   0.50 sec =  197.1414 Mbps     0 retrans   3092 KB-cwnd
[2024-05-27 15:26:57.637647]     9.6875 MB /   0.50 sec =  162.4893 Mbps     0 retrans   3092 KB-cwnd
[2024-05-27 15:26:58.137619]     8.1250 MB /   0.50 sec =  136.3198 Mbps     0 retrans   3092 KB-cwnd
[2024-05-27 15:26:58.637543]    13.6875 MB /   0.50 sec =  229.6744 Mbps     0 retrans   3092 KB-cwnd
[2024-05-27 15:26:59.137656]     7.8750 MB /   0.50 sec =  132.0949 Mbps     0 retrans   3092 KB-cwnd
[2024-05-27 15:26:59.637599]    12.5000 MB /   0.50 sec =  209.7362 Mbps     0 retrans   3092 KB-cwnd
[2024-05-27 15:27:00.137528]    10.8125 MB /   0.50 sec =  181.4232 Mbps     0 retrans   3092 KB-cwnd
[2024-05-27 15:27:00.637523]    10.9375 MB /   0.50 sec =  183.5004 Mbps     0 retrans   3092 KB-cwnd
[2024-05-27 15:27:01.137721]    10.2500 MB /   0.50 sec =  171.9475 Mbps     0 retrans   3092 KB-cwnd
[2024-05-27 15:27:01.637590]    10.1250 MB /   0.50 sec =  169.8680 Mbps    31 retrans   4535 KB-cwnd
[2024-05-27 15:27:02.137526]     9.9375 MB /   0.50 sec =  166.7426 Mbps     0 retrans   4535 KB-cwnd
[2024-05-27 15:27:02.637656]     9.2500 MB /   0.50 sec =  155.1539 Mbps     0 retrans   4535 KB-cwnd
[2024-05-27 15:27:03.137469]     3.8750 MB /   0.50 sec =   65.0304 Mbps     0 retrans   4535 KB-cwnd
[2024-05-27 15:27:03.637645]     6.5000 MB /   0.50 sec =  109.0246 Mbps     0 retrans   4535 KB-cwnd
[2024-05-27 15:27:04.137514]     9.1250 MB /   0.50 sec =  153.1166 Mbps     0 retrans   4535 KB-cwnd
[2024-05-27 15:27:04.637622]     6.5000 MB /   0.50 sec =  109.0390 Mbps     0 retrans   4535 KB-cwnd
[2024-05-27 15:27:05.137600]     9.7500 MB /   0.50 sec =  163.5837 Mbps     0 retrans   4535 KB-cwnd
[2024-05-27 15:27:05.637535]     9.6250 MB /   0.50 sec =  161.4969 Mbps     0 retrans   4535 KB-cwnd
[2024-05-27 15:27:06.137521]     9.1875 MB /   0.50 sec =  154.1441 Mbps     0 retrans   4535 KB-cwnd
[2024-05-27 15:27:06.637532]     9.3750 MB /   0.50 sec =  157.2848 Mbps     0 retrans   4535 KB-cwnd
[2024-05-27 15:27:07.137601]     9.3125 MB /   0.50 sec =  156.2409 Mbps     0 retrans   4535 KB-cwnd
[2024-05-27 15:27:07.637544]     9.6875 MB /   0.50 sec =  162.5264 Mbps     0 retrans   4535 KB-cwnd
[2024-05-27 15:27:08.137535]    10.0000 MB /   0.50 sec =  167.7708 Mbps     0 retrans   4535 KB-cwnd
[2024-05-27 15:27:08.637621]    10.0000 MB /   0.50 sec =  167.7470 Mbps     0 retrans   4535 KB-cwnd
[2024-05-27 15:27:09.137585]     9.0000 MB /   0.50 sec =  151.0152 Mbps     0 retrans   4535 KB-cwnd
[2024-05-27 15:27:09.637522]     9.3125 MB /   0.50 sec =  156.2434 Mbps     0 retrans   4535 KB-cwnd
[2024-05-27 15:27:10.137632]     9.1875 MB /   0.50 sec =  154.1188 Mbps     2 retrans   4521 KB-cwnd
[2024-05-27 15:27:10.637573]     9.1875 MB /   0.50 sec =  154.1564 Mbps     0 retrans   4521 KB-cwnd
[2024-05-27 15:27:11.137696]     8.9375 MB /   0.50 sec =  149.9467 Mbps     0 retrans   4521 KB-cwnd
[2024-05-27 15:27:11.637624]     8.3125 MB /   0.50 sec =  139.4525 Mbps     0 retrans   4521 KB-cwnd
[2024-05-27 15:27:12.137535]     8.7500 MB /   0.50 sec =  146.8130 Mbps     0 retrans   4521 KB-cwnd
[2024-05-27 15:27:12.637541]     9.3125 MB /   0.50 sec =  156.2353 Mbps     0 retrans   4521 KB-cwnd
[2024-05-27 15:27:13.137635]     7.8750 MB /   0.50 sec =  132.1029 Mbps     0 retrans   4521 KB-cwnd
[2024-05-27 15:27:13.637572]     2.6250 MB /   0.50 sec =   44.0458 Mbps     0 retrans   4521 KB-cwnd
[2024-05-27 15:27:14.137616]     2.0625 MB /   0.50 sec =   34.5985 Mbps     0 retrans   4521 KB-cwnd
[2024-05-27 15:27:14.637681]     6.7500 MB /   0.50 sec =  113.2390 Mbps     0 retrans   4521 KB-cwnd
[2024-05-27 15:27:15.137679]     3.6875 MB /   0.50 sec =   61.8661 Mbps     0 retrans   4521 KB-cwnd
[2024-05-27 15:27:15.637502]     5.6250 MB /   0.50 sec =   94.3903 Mbps     0 retrans   4521 KB-cwnd
[2024-05-27 15:27:16.137825]     3.1250 MB /   0.50 sec =   52.4040 Mbps     0 retrans   4521 KB-cwnd
[2024-05-27 15:27:16.637785]     5.0625 MB /   0.50 sec =   84.9596 Mbps     0 retrans   4521 KB-cwnd
[2024-05-27 15:27:17.137686]     4.2500 MB /   0.50 sec =   71.3040 Mbps     0 retrans   4521 KB-cwnd
[2024-05-27 15:27:17.637674]     4.5625 MB /   0.50 sec =   76.5462 Mbps     0 retrans   4521 KB-cwnd
[2024-05-27 15:27:18.137571]     6.2500 MB /   0.50 sec =  104.8756 Mbps     0 retrans   4521 KB-cwnd
[2024-05-27 15:27:18.637577]     4.6875 MB /   0.50 sec =   78.6424 Mbps     0 retrans   4521 KB-cwnd
[2024-05-27 15:27:19.137644]     5.6875 MB /   0.50 sec =   95.4090 Mbps     0 retrans   4521 KB-cwnd
[2024-05-27 15:27:19.637625]     3.5000 MB /   0.50 sec =   58.7199 Mbps     0 retrans   4521 KB-cwnd
[2024-05-27 15:27:20.137694]     4.0000 MB /   0.50 sec =   67.1034 Mbps     0 retrans   4521 KB-cwnd
[2024-05-27 15:27:20.637648]     7.5625 MB /   0.50 sec =  126.8891 Mbps     0 retrans   4521 KB-cwnd
[2024-05-27 15:27:21.137531]     5.8125 MB /   0.50 sec =   97.5310 Mbps     0 retrans   4521 KB-cwnd
[2024-05-27 15:27:21.637566]     6.7500 MB /   0.50 sec =  113.2448 Mbps     7 retrans   3969 KB-cwnd
[2024-05-27 15:27:22.137618]     6.4375 MB /   0.50 sec =  107.9904 Mbps     0 retrans   3969 KB-cwnd
[2024-05-27 15:27:22.637474]     7.0000 MB /   0.50 sec =  117.4628 Mbps     0 retrans   3969 KB-cwnd
[2024-05-27 15:27:23.137572]     7.1250 MB /   0.50 sec =  119.5300 Mbps     0 retrans   3969 KB-cwnd
[2024-05-27 15:27:23.637552]     7.4375 MB /   0.50 sec =  124.7788 Mbps     0 retrans   3969 KB-cwnd
[2024-05-27 15:27:24.137759]     2.6250 MB /   0.50 sec =   44.0335 Mbps     0 retrans   3969 KB-cwnd
[2024-05-27 15:27:24.637577]     7.6875 MB /   0.50 sec =  128.9908 Mbps     0 retrans   3969 KB-cwnd
[2024-05-27 15:27:25.137595]     6.5000 MB /   0.50 sec =  109.0467 Mbps     0 retrans   3969 KB-cwnd
[2024-05-27 15:27:25.637601]     3.7500 MB /   0.50 sec =   62.9137 Mbps     0 retrans   3969 KB-cwnd
[2024-05-27 15:27:26.137624]     7.4375 MB /   0.50 sec =  124.7778 Mbps     0 retrans   3969 KB-cwnd
[2024-05-27 15:27:26.637611]     2.0000 MB /   0.50 sec =   33.5544 Mbps     0 retrans   3969 KB-cwnd
[2024-05-27 15:27:27.137697]     4.2500 MB /   0.50 sec =   71.2948 Mbps     0 retrans   3969 KB-cwnd
[2024-05-27 15:27:27.637642]     3.1875 MB /   0.50 sec =   53.4810 Mbps     0 retrans   3969 KB-cwnd
[2024-05-27 15:27:28.137656]     2.5625 MB /   0.50 sec =   42.9991 Mbps     0 retrans   3969 KB-cwnd
[2024-05-27 15:27:28.637700]     4.2500 MB /   0.50 sec =   71.2875 Mbps     0 retrans   3969 KB-cwnd
[2024-05-27 15:27:29.137574]     7.4375 MB /   0.50 sec =  124.8063 Mbps     0 retrans   3969 KB-cwnd
[2024-05-27 15:27:29.637529]     5.3750 MB /   0.50 sec =   90.1797 Mbps     0 retrans   3969 KB-cwnd
[2024-05-27 15:27:30.137563]     5.3125 MB /   0.50 sec =   89.1272 Mbps     0 retrans   3969 KB-cwnd
[2024-05-27 15:27:30.637660]     5.6875 MB /   0.50 sec =   95.4008 Mbps     0 retrans   3969 KB-cwnd
[2024-05-27 15:27:31.137616]     5.3125 MB /   0.50 sec =   89.1370 Mbps     0 retrans   3969 KB-cwnd
[2024-05-27 15:27:31.637664]     5.6250 MB /   0.50 sec =   94.3666 Mbps     0 retrans   3969 KB-cwnd
[2024-05-27 15:27:32.137540]     5.3750 MB /   0.50 sec =   90.1947 Mbps     0 retrans   3969 KB-cwnd
[2024-05-27 15:27:32.637552]     5.1250 MB /   0.50 sec =   85.9837 Mbps     0 retrans   3969 KB-cwnd
[2024-05-27 15:27:33.137579]     5.8750 MB /   0.50 sec =   98.5626 Mbps     0 retrans   3969 KB-cwnd
[2024-05-27 15:27:33.637540]     5.8125 MB /   0.50 sec =   97.5189 Mbps     0 retrans   3969 KB-cwnd
[2024-05-27 15:27:34.137633]     3.9375 MB /   0.50 sec =   66.0517 Mbps     0 retrans   3969 KB-cwnd
[2024-05-27 15:27:34.637672]     2.9375 MB /   0.50 sec =   49.2799 Mbps     0 retrans   3969 KB-cwnd
[2024-05-27 15:27:35.137605]     1.7500 MB /   0.50 sec =   29.3619 Mbps     0 retrans   3969 KB-cwnd
[2024-05-27 15:27:35.637549]     5.3125 MB /   0.50 sec =   89.1350 Mbps    11 retrans   3566 KB-cwnd
[2024-05-27 15:27:36.137630]     7.2500 MB /   0.50 sec =  121.6292 Mbps     0 retrans   3566 KB-cwnd
[2024-05-27 15:27:36.637627]     5.4375 MB /   0.50 sec =   91.2259 Mbps     0 retrans   3566 KB-cwnd
[2024-05-27 15:27:37.137530]     6.5625 MB /   0.50 sec =  110.1141 Mbps     0 retrans   3566 KB-cwnd
[2024-05-27 15:27:37.637571]     5.9375 MB /   0.50 sec =   99.6129 Mbps     0 retrans   3566 KB-cwnd
[2024-05-27 15:27:38.137778]     5.4375 MB /   0.50 sec =   91.2164 Mbps     0 retrans   3566 KB-cwnd
[2024-05-27 15:27:38.637649]     2.1250 MB /   0.50 sec =   35.6506 Mbps     0 retrans   3566 KB-cwnd
[2024-05-27 15:27:39.137562]     3.1875 MB /   0.50 sec =   53.4804 Mbps     0 retrans   3566 KB-cwnd
[2024-05-27 15:27:39.637725]     3.2500 MB /   0.50 sec =   54.5135 Mbps     0 retrans   3566 KB-cwnd
[2024-05-27 15:27:40.137630]     5.0000 MB /   0.50 sec =   83.9022 Mbps     0 retrans   3566 KB-cwnd
[2024-05-27 15:27:40.637581]     6.3125 MB /   0.50 sec =  105.9168 Mbps     0 retrans   3566 KB-cwnd
[2024-05-27 15:27:41.137654]     2.1875 MB /   0.50 sec =   36.6925 Mbps     0 retrans   3566 KB-cwnd
[2024-05-27 15:27:41.637554]     3.0625 MB /   0.50 sec =   51.3882 Mbps     0 retrans   3566 KB-cwnd
[2024-05-27 15:27:42.137654]     3.2500 MB /   0.50 sec =   54.5222 Mbps     0 retrans   3566 KB-cwnd
[2024-05-27 15:27:42.637655]     2.1250 MB /   0.50 sec =   35.6519 Mbps     0 retrans   3566 KB-cwnd
[2024-05-27 15:27:43.137565]     8.6875 MB /   0.50 sec =  145.7728 Mbps     0 retrans   3566 KB-cwnd
[2024-05-27 15:27:43.637535]     6.5000 MB /   0.50 sec =  109.0480 Mbps     0 retrans   3566 KB-cwnd
[2024-05-27 15:27:44.137616]     4.6250 MB /   0.50 sec =   77.5914 Mbps     0 retrans   3566 KB-cwnd
[2024-05-27 15:27:44.637677]     3.6250 MB /   0.50 sec =   60.8111 Mbps     0 retrans   3566 KB-cwnd
[2024-05-27 15:27:45.137802]     1.9375 MB /   0.50 sec =   32.5073 Mbps     0 retrans   3566 KB-cwnd
[2024-05-27 15:27:45.637644]     3.0000 MB /   0.50 sec =   50.3303 Mbps     0 retrans   3566 KB-cwnd
[2024-05-27 15:27:46.137657]     4.6875 MB /   0.50 sec =   78.6426 Mbps     0 retrans   3566 KB-cwnd
[2024-05-27 15:27:46.637633]     2.1250 MB /   0.50 sec =   35.6533 Mbps     0 retrans   3566 KB-cwnd
[2024-05-27 15:27:47.137656]     3.8125 MB /   0.50 sec =   63.9634 Mbps     0 retrans   3566 KB-cwnd
[2024-05-27 15:27:47.637598]     2.9375 MB /   0.50 sec =   49.2900 Mbps     0 retrans   3566 KB-cwnd
[2024-05-27 15:27:48.137661]     3.5625 MB /   0.50 sec =   59.7583 Mbps     0 retrans   3566 KB-cwnd
[2024-05-27 15:27:48.637564]     3.6875 MB /   0.50 sec =   61.8755 Mbps     0 retrans   3566 KB-cwnd
[2024-05-27 15:27:49.137580]     4.3125 MB /   0.50 sec =   72.3520 Mbps     0 retrans   3566 KB-cwnd
[2024-05-27 15:27:49.637522]     4.3750 MB /   0.50 sec =   73.4015 Mbps     0 retrans   3566 KB-cwnd
[2024-05-27 15:27:50.137569]     4.4375 MB /   0.50 sec =   74.4471 Mbps     0 retrans   3566 KB-cwnd
[2024-05-27 15:27:50.637670]     2.8125 MB /   0.50 sec =   47.1770 Mbps     0 retrans   3566 KB-cwnd
[2024-05-27 15:27:51.137654]     2.6875 MB /   0.50 sec =   45.0896 Mbps     0 retrans   3566 KB-cwnd
[2024-05-27 15:27:51.637719]     3.6875 MB /   0.50 sec =   61.8691 Mbps     0 retrans   3566 KB-cwnd
[2024-05-27 15:27:52.137528]     3.6250 MB /   0.50 sec =   60.8228 Mbps     0 retrans   3566 KB-cwnd
[2024-05-27 15:27:52.637734]     1.0000 MB /   0.50 sec =   16.7731 Mbps     0 retrans   3566 KB-cwnd
[2024-05-27 15:27:53.137629]     2.3125 MB /   0.50 sec =   38.8022 Mbps    28 retrans   2408 KB-cwnd
[2024-05-27 15:27:53.637519]     3.1250 MB /   0.50 sec =   52.4348 Mbps     0 retrans   2408 KB-cwnd
[2024-05-27 15:27:54.137629]     3.2500 MB /   0.50 sec =   54.5203 Mbps     0 retrans   2408 KB-cwnd
[2024-05-27 15:27:54.637563]     4.0000 MB /   0.50 sec =   67.1191 Mbps     0 retrans   2408 KB-cwnd
[2024-05-27 15:27:55.137646]     1.4375 MB /   0.50 sec =   24.1133 Mbps     0 retrans   2408 KB-cwnd
[2024-05-27 15:27:55.637567]     2.8750 MB /   0.50 sec =   48.2417 Mbps     0 retrans   2408 KB-cwnd
[2024-05-27 15:27:56.137515]     3.6250 MB /   0.50 sec =   60.8197 Mbps     0 retrans   2408 KB-cwnd
[2024-05-27 15:27:56.637731]     3.1875 MB /   0.50 sec =   53.4755 Mbps     0 retrans   2408 KB-cwnd
[2024-05-27 15:27:57.137739]     1.9375 MB /   0.50 sec =   32.4955 Mbps     0 retrans   2408 KB-cwnd
[2024-05-27 15:27:57.637577]     4.4375 MB /   0.50 sec =   74.4733 Mbps     0 retrans   2408 KB-cwnd
[2024-05-27 15:27:58.137620]     3.1875 MB /   0.50 sec =   53.4696 Mbps     0 retrans   2408 KB-cwnd
[2024-05-27 15:27:58.637721]     2.1250 MB /   0.50 sec =   35.6482 Mbps     0 retrans   2408 KB-cwnd
[2024-05-27 15:27:59.137636]     2.0000 MB /   0.50 sec =   33.5581 Mbps     0 retrans   2408 KB-cwnd
[2024-05-27 15:27:59.637651]     2.8750 MB /   0.50 sec =   48.2341 Mbps     0 retrans   2408 KB-cwnd
[2024-05-27 15:28:00.137584]     2.0000 MB /   0.50 sec =   33.5564 Mbps     0 retrans   2408 KB-cwnd
[2024-05-27 15:28:00.637569]     3.9375 MB /   0.50 sec =   66.0637 Mbps     0 retrans   2408 KB-cwnd
End time: 1716838080770
