Start time: 1716841659901
{
  "id": "0",
  "status": null,
  "apiVersion": "17",
  "dishGetHistory": {
    "current": "5940",
    "popPingDropRate": [
      0,
      0,
      0,
      0,
      0.06666667,
      0.06666667,
      0,
      0,
      0,
      0,
      0,
      0,
      0,
      0.06666667,
      0.06666667,
      0.05882353,
      0.05882353,
      0.0625,
      0,
      0,
      0,
      0,
      0,
      0,
      0,
      0,
      0,
      0,
      0,
      0,
      0,
      0,
      0,
      0,
      0,
      0,
      0,
      0,
      0.0625,
      0.3125,
      0.3529412,
      0.0625,
      0,
      0,
      0.06666667,
      0.13333334,
      0.05882353,
      0.05882353,
      0,
      0.06666667,
      0.0625,
      0.0625,
      0.0625,
      0,
      0,
      0,
      0,
      0,
      0,
      0,
      0,
      0,
      0,
      0,
      0.05882353,
      0.0625,
      0,
      0,
      0,
      0,
      0,
      0,
      0,
      0,
      0,
      0,
      0,
      0,
      0,
      0,
      0,
      0,
      0,
      0,
      0,
      0,
      0,
      0,
      0,
      0,
      0,
      0,
      0,
      0,
      0,
      0,
      0,
      0,
      0,
      0,
      0,
      0,
      0,
      0,
      0,
      0,
      0,
      0,
      0,
      0,
      0,
      0,
      0,
      0,
      0,
      0,
      0,
      0,
      0,
      0,
      0,
      0,
      0,
      0,
      0,
      0,
      0,
      0,
      0,
      0,
      0,
      0,
      0,
      0,
      0,
      0,
      0,
      0,
      0,
      0,
      0,
      0,
      0,
      0,
      0,
      0,
      0,
      0,
      0,
      0,
      0,
      0,
      0,
      0,
      0,
      0,
      0,
      0,
      0,
      0,
      0,
      0,
      0,
      0,
      0,
      0,
      0.13333334,
      0.06666667,
      0,
      0,
      0,
      0,
      0,
      0,
      0,
      0,
      0,
      0,
      0,
      0,
      0,
      0,
      0,
      0,
      0,
      0,
      0,
      0,
      0,
      0,
      0,
      0,
      0,
      0,
      0,
      0,
      0,
      0,
      0,
      0,
      0,
      0,
      0,
      0,
      0,
      0,
      0,
      0,
      0,
      0,
      0,
      0,
      0,
      0,
      0,
      0,
      0,
      0,
      0,
      0,
      0,
      0,
      0,
      0,
      0,
      0,
      0.3125,
      0.29411766,
      0.05882353,
      0,
      0,
      0,
      0,
      0,
      0,
      0,
      0,
      0,
      0,
      0,
      0,
      0,
      0,
      0,
      0,
      0,
      0,
      0,
      0,
      0,
      0,
      0,
      0,
      0,
      0,
      0,
      0,
      0,
      0,
      0,
      0,
      0,
      0,
      0,
      0,
      0,
      0,
      0,
      0,
      0,
      0,
      0,
      0,
      0,
      0,
      0,
      0,
      0,
      0,
      0,
      0,
      0,
      0,
      0,
      0,
      0,
      0,
      0,
      0,
      0,
      0,
      0,
      0,
      0,
      0,
      0,
      0,
      0,
      0,
      0,
      0,
      0,
      0,
      0,
      0,
      0,
      0,
      0,
      0,
      0,
      0,
      0,
      0,
      0,
      0,
      0,
      0,
      0,
      0,
      0,
      0,
      0,
      0,
      0,
      0,
      0,
      0,
      0,
      0,
      0,
      0,
      0,
      0,
      0,
      0,
      0,
      0,
      0,
      0,
      0,
      0.1875,
      0.1875,
      0,
      0,
      0,
      0,
      0,
      0,
      0.06666667,
      0.13333334,
      0.13333334,
      0,
      0,
      0,
      0,
      0,
      0,
      0,
      0.0625,
      0.13333334,
      0.071428575,
      0,
      0,
      0,
      0,
      0,
      0,
      0,
      0,
      0,
      0,
      0,
      0,
      0,
      0,
      0,
      0,
      0,
      0,
      0,
      0,
      0,
      0,
      0,
      0,
      0,
      0,
      0,
      0,
      0,
      0,
      0.0625,
      0.055555556,
      0,
      0.125,
      0.125,
      0,
      0,
      0,
      0,
      0,
      0,
      0,
      0,
      0,
      0.0625,
      0.125,
      0.0625,
      0,
      0,
      0,
      0,
      0,
      0,
      0,
      0,
      0,
      0,
      0,
      0,
      0,
      0,
      0,
      0,
      0,
      0,
      0,
      0,
      0,
      0,
      0,
      0,
      0,
      0,
      0,
      0,
      0,
      0,
      0,
      0,
      0,
      0,
      0,
      0,
      0,
      0,
      0,
      0,
      0,
      0,
      0,
      0,
      0.0625,
      0.06666667,
      0,
      0,
      0,
      0,
      0,
      0,
      0,
      0,
      0,
      0,
      0,
      0,
      0,
      0,
      0.05882353,
      0.0625,
      0,
      0,
      0,
      0,
      0,
      0,
      0,
      0,
      0,
      0,
      0,
      0,
      0,
      0,
      0,
      0,
      0,
      0,
      0,
      0,
      0,
      0,
      0,
      0,
      0,
      0.0625,
      0.05882353,
      0.05882353,
      0.0625,
      0.0625,
      0,
      0,
      0,
      0,
      0,
      0,
      0,
      0,
      0,
      0,
      0,
      0,
      0,
      0,
      0,
      0,
      0,
      0.0625,
      0.0625,
      0,
      0,
      0.06666667,
      0.06666667,
      0,
      0.13333334,
      0.13333334,
      0,
      0,
      0.06666667,
      0.06666667,
      0.0625,
      0,
      0,
      0,
      0,
      0,
      0,
      0,
      0,
      0,
      0.11764706,
      0.125,
      0.0625,
      0,
      0,
      0,
      0,
      0,
      0,
      0,
      0,
      0,
      0,
      0,
      0,
      0,
      0,
      0,
      0.0625,
      0.125,
      0.071428575,
      0,
      0,
      0.05882353,
      0.05882353,
      0.0625,
      0,
      0,
      0,
      0,
      0,
      0,
      0,
      0,
      0,
      0,
      0,
      0,
      0,
      0,
      0,
      0,
      0,
      0,
      0,
      0,
      0,
      0,
      0,
      0.125,
      0.25,
      0.0625,
      0,
      0,
      0,
      0,
      0,
      0,
      0,
      0,
      0,
      0,
      0,
      0.05882353,
      0.05882353,
      0,
      0,
      0,
      0,
      0,
      0,
      0.125,
      0.11764706,
      0,
      0,
      0,
      0,
      0,
      0,
      0,
      0,
      0,
      0,
      0,
      0,
      0,
      0,
      0,
      0,
      0,
      0.06666667,
      0.2,
      0.125,
      0.0625,
      0.13333334,
      0.13333334,
      0,
      0,
      0,
      0,
      0,
      0,
      0,
      0,
      0,
      0,
      0,
      0,
      0,
      0,
      0,
      0,
      0,
      0,
      0,
      0,
      0,
      0,
      0,
      0,
      0,
      0,
      0,
      0,
      0,
      0,
      0,
      0,
      0.3125,
      0.375,
      0.125,
      0,
      0,
      0,
      0,
      0,
      0,
      0,
      0,
      0,
      0,
      0,
      0,
      0,
      0,
      0,
      0,
      0,
      0,
      0,
      0,
      0,
      0,
      0,
      0,
      0,
      0,
      0,
      0,
      0.0625,
      0,
      0,
      0,
      0,
      0,
      0,
      0,
      0,
      0,
      0,
      0,
      0,
      0,
      0,
      0,
      0,
      0,
      0,
      0,
      0,
      0,
      0,
      0,
      0,
      0.1875,
      0.2,
      0,
      0,
      0,
      0,
      0,
      0,
      0,
      0,
      0,
      0,
      0,
      0.06666667,
      0.14285715,
      0.13333334,
      0.071428575,
      0,
      0,
      0,
      0.13333334,
      0.13333334,
      0,
      0,
      0,
      0,
      0,
      0,
      0,
      0,
      0,
      0,
      0,
      0,
      0,
      0,
      0,
      0,
      0,
      0,
      0,
      0,
      0,
      0,
      0,
      0,
      0,
      0,
      0,
      0,
      0,
      0,
      0,
      0,
      0,
      0,
      0,
      0,
      0,
      0,
      0,
      0,
      0,
      0,
      0,
      0,
      0,
      0,
      0,
      0,
      0,
      0,
      0,
      0,
      0.0625,
      0.0625,
      0.0625,
      0,
      0,
      0,
      0,
      0,
      0,
      0,
      0,
      0,
      0,
      0,
      0,
      0,
      0.06666667,
      0,
      0,
      0,
      0,
      0,
      0,
      0,
      0,
      0,
      0,
      0,
      0,
      0,
      0,
      0,
      0,
      0,
      0,
      0,
      0,
      0,
      0.14285715,
      0.26666668,
      0.2,
      0,
      0,
      0,
      0,
      0,
      0,
      0,
      0,
      0,
      0,
      0,
      0,
      0,
      0,
      0.05882353,
      0.125,
      0.0625,
      0,
      0,
      0,
      0,
      0,
      0,
      0,
      0,
      0,
      0,
      0,
      0,
      0,
      0,
      0,
      0,
      0,
      0,
      0,
      0.071428575,
      0.06666667,
      0,
      0,
      0.0625,
      0.0625,
      0,
      0,
      0,
      0,
      0.06666667,
      0.06666667,
      0,
      0,
      0.0625,
      0.125,
      0.125,
      0.0625,
      0,
      0,
      0.1875,
      0.1875,
      0,
      0,
      0
    ],
    "popPingLatencyMs": [
      35.85306,
      33.558376,
      32.621426,
      31.268644,
      32.381058,
      31.133623,
      29.648186,
      29.157413,
      30.036135,
      30.27987,
      30.569061,
      31.55807,
      30.240068,
      28.956814,
      28.946938,
      29.846186,
      29.770561,
      34.19306,
      38.05467,
      36.97087,
      34.757572,
      37.164642,
      38.777496,
      40.580334,
      38.32873,
      38.450375,
      40.389744,
      35.833504,
      34.24012,
      36.62735,
      34.555237,
      33.73253,
      38.955124,
      36.580067,
      33.014473,
      33.663296,
      35.377686,
      47.80809,
      50.097748,
      47.061527,
      38.947666,
      42.892624,
      45.581062,
      44.8442,
      44.617935,
      43.228374,
      42.461937,
      42.430573,
      37.41294,
      33.893333,
      34.238197,
      35.52094,
      35.111374,
      36.410534,
      37.02333,
      35.57635,
      37.696247,
      38.050472,
      35.043415,
      35.484768,
      37.487312,
      37.97682,
      33.32869,
      29.94287,
      30.085436,
      29.683626,
      30.574125,
      30.812498,
      30.037937,
      31.785355,
      35.876938,
      34.080933,
      29.406498,
      28.990126,
      29.75056,
      33.152435,
      32.087753,
      30.147686,
      30.120733,
      29.316334,
      29.025064,
      28.408562,
      27.747377,
      27.849873,
      27.677689,
      27.567354,
      27.849531,
      28.30819,
      30.794416,
      29.428177,
      28.29231,
      27.747189,
      33.118187,
      38.00553,
      34.871372,
      32.744,
      33.942333,
      33.05281,
      32.22706,
      33.569187,
      36.40587,
      33.71312,
      30.178822,
      30.65682,
      31.048126,
      32.098198,
      35.8106,
      41.504375,
      37.862762,
      32.524437,
      31.828434,
      30.260063,
      30.582748,
      32.050312,
      33.618435,
      31.806246,
      33.701336,
      33.308,
      30.373825,
      31.211876,
      31.169935,
      29.180784,
      30.618753,
      31.529072,
      31.862928,
      32.779,
      31.82587,
      29.344063,
      30.517748,
      31.289265,
      29.326868,
      29.455536,
      32.214783,
      34.609627,
      32.87312,
      32.982296,
      35.626,
      37.50625,
      36.23119,
      32.751312,
      31.2152,
      30.772186,
      33.78381,
      32.57469,
      29.771875,
      29.39781,
      29.927414,
      30.298996,
      30.93156,
      31.289877,
      30.751188,
      31.406069,
      36.651203,
      36.311134,
      30.160198,
      34.2536,
      34.9105,
      29.777315,
      29.613874,
      31.241999,
      33.680336,
      35.594563,
      34.17741,
      31.252062,
      31.29054,
      31.483074,
      30.597809,
      31.304752,
      30.844353,
      30.251059,
      31.01412,
      31.200562,
      30.432056,
      30.03644,
      30.214497,
      30.733126,
      30.70975,
      29.863201,
      29.965399,
      29.670063,
      28.86788,
      29.250938,
      29.229874,
      27.22756,
      25.90519,
      26.200373,
      29.849134,
      29.623438,
      28.412937,
      30.401134,
      28.945463,
      31.52073,
      29.389566,
      26.045439,
      26.924,
      26.734875,
      25.689625,
      31.642065,
      42.449577,
      46.50713,
      45.27387,
      43.268135,
      43.504215,
      47.637863,
      45.84069,
      40.714176,
      44.174877,
      44.738266,
      40.873062,
      41.703194,
      43.429703,
      46.61459,
      43.469185,
      34.72256,
      34.46713,
      37.353333,
      38.767063,
      37.133537,
      35.2035,
      37.943184,
      38.388126,
      35.594124,
      36.582188,
      35.979813,
      34.745876,
      46.48325,
      46.968563,
      37.338505,
      33.388798,
      34.289062,
      32.03787,
      28.616003,
      30.155937,
      31.29794,
      31.701313,
      31.074335,
      28.48925,
      28.117931,
      31.839396,
      31.874735,
      29.651934,
      29.19231,
      32.861374,
      36.88,
      35.45443,
      35.213215,
      37.032467,
      37.2536,
      33.151127,
      31.07544,
      32.252434,
      32.432266,
      30.012732,
      30.301752,
      30.255884,
      28.570587,
      30.159874,
      32.571068,
      37.01762,
      38.149685,
      32.853313,
      34.054,
      36.372864,
      34.127502,
      33.128872,
      33.4656,
      36.185402,
      35.44673,
      35.717876,
      41.296124,
      40.9416,
      37.696537,
      35.94056,
      31.772625,
      29.497356,
      28.975399,
      29.117125,
      29.850866,
      32.036,
      34.91979,
      31.936,
      28.362934,
      29.271189,
      30.456997,
      28.96525,
      31.413599,
      31.258314,
      33.995667,
      35.648197,
      31.989,
      32.298706,
      32.709354,
      32.112564,
      32.191498,
      32.22453,
      31.704117,
      31.119564,
      32.16,
      32.464466,
      33.481598,
      33.582375,
      33.244064,
      35.056,
      33.123066,
      29.537329,
      28.170666,
      26.648064,
      27.943186,
      29.088943,
      29.116764,
      30.574932,
      30.965864,
      30.557375,
      30.415352,
      31.03665,
      32.105473,
      30.916235,
      33.13794,
      35.285187,
      33.6718,
      32.407997,
      31.760315,
      33.277065,
      34.704815,
      35.720238,
      35.106056,
      33.24519,
      34.340004,
      37.140865,
      36.058125,
      36.294624,
      34.22021,
      34.626873,
      32.427814,
      29.727236,
      28.889936,
      29.2495,
      30.293186,
      38.01885,
      37.147537,
      30.675373,
      29.372602,
      28.113064,
      29.549734,
      30.0308,
      32.175335,
      31.800402,
      30.251923,
      30.523924,
      26.188,
      23.221933,
      24.665466,
      25.293125,
      24.153313,
      26.683002,
      31.017572,
      29.239332,
      29.692848,
      28.424927,
      25.521801,
      26.064562,
      26.275297,
      27.153118,
      29.542648,
      30.693184,
      28.387465,
      27.187666,
      26.603136,
      26.256666,
      28.808,
      30.50925,
      31.381268,
      29.600868,
      28.621069,
      31.159798,
      30.125065,
      27.952787,
      24.6016,
      23.40089,
      24.732437,
      23.533733,
      22.701124,
      24.092876,
      22.7336,
      21.988928,
      22.824802,
      23.199812,
      22.900126,
      24.303938,
      24.988499,
      23.237411,
      22.650885,
      24.615429,
      25.865503,
      27.564686,
      29.042313,
      29.955063,
      29.839233,
      29.226881,
      29.551815,
      31.051294,
      30.705061,
      30.162378,
      30.20194,
      30.946001,
      31.710934,
      29.523125,
      31.48994,
      29.99006,
      31.3352,
      31.661816,
      28.201527,
      29.615751,
      31.890295,
      31.317686,
      28.43231,
      29.685686,
      33.342747,
      33.0202,
      30.859125,
      29.707336,
      29.872868,
      30.752062,
      30.621641,
      33.667866,
      35.50575,
      31.91919,
      30.610874,
      31.48056,
      31.005177,
      29.667313,
      31.345133,
      30.930065,
      29.673067,
      31.668064,
      30.396826,
      29.476118,
      32.605373,
      32.370377,
      29.632502,
      32.511497,
      36.120934,
      32.659134,
      32.557003,
      33.953068,
      32.327686,
      34.116062,
      34.927402,
      34.55606,
      34.267197,
      35.1666,
      34.793667,
      33.256733,
      31.368933,
      30.563997,
      32.833,
      32.139565,
      30.661198,
      31.157667,
      31.83641,
      31.866333,
      32.590473,
      32.2216,
      30.03681,
      30.44831,
      30.080563,
      30.685753,
      33.014133,
      32.912876,
      31.416624,
      30.913265,
      32.457268,
      34.135376,
      33.968533,
      31.175123,
      30.065563,
      30.636,
      31.577503,
      31.915943,
      32.24831,
      33.20125,
      34.583,
      32.68957,
      28.6372,
      27.517439,
      26.198133,
      27.407373,
      29.359684,
      26.198126,
      26.316412,
      28.349941,
      29.48441,
      28.017189,
      25.872934,
      27.237064,
      27.396353,
      27.703733,
      29.298939,
      29.169748,
      29.1354,
      32.991314,
      35.801437,
      34.803734,
      32.06936,
      31.3758,
      31.571266,
      31.518267,
      31.127733,
      29.503439,
      29.2635,
      32.555187,
      34.247192,
      32.765884,
      30.502502,
      29.27331,
      31.061064,
      30.700602,
      28.78619,
      28.647753,
      29.299664,
      30.984499,
      43.584003,
      75.43716,
      105.26621,
      98.76247,
      111.39689,
      105.198204,
      60.84507,
      38.728313,
      34.117744,
      35.0845,
      35.3048,
      33.7534,
      34.870872,
      36.579136,
      35.7618,
      38.201668,
      41.563713,
      41.728462,
      42.027058,
      42.620262,
      34.540813,
      40.8924,
      45.317398,
      41.1042,
      40.050335,
      42.347866,
      42.33993,
      41.028812,
      42.4486,
      41.750748,
      41.385864,
      41.521,
      39.89788,
      40.428688,
      41.069798,
      41.347687,
      39.779716,
      35.920845,
      33.8818,
      34.425686,
      33.25963,
      32.098125,
      32.108376,
      34.761402,
      34.5892,
      34.815186,
      34.98425,
      32.26569,
      31.496874,
      34.420177,
      34.083878,
      34.16113,
      33.373882,
      29.337234,
      28.52947,
      27.907412,
      27.094,
      29.69431,
      28.9374,
      27.241402,
      26.8175,
      26.67247,
      29.09053,
      30.535936,
      29.120686,
      28.181,
      35.57694,
      42.251915,
      33.505352,
      28.532751,
      25.701561,
      24.435625,
      28.234734,
      30.613375,
      27.223812,
      25.813063,
      28.165764,
      27.747002,
      25.470709,
      28.014297,
      28.295177,
      31.458874,
      34.81244,
      31.548685,
      30.184132,
      31.500689,
      33.15019,
      33.310814,
      31.071213,
      28.232933,
      30.99165,
      31.990875,
      30.703186,
      31.873535,
      31.287403,
      32.00133,
      37.28227,
      38.24793,
      32.697533,
      30.771929,
      30.944798,
      29.498436,
      28.04131,
      27.755749,
      28.099293,
      33.58988,
      36.74094,
      33.671814,
      33.747307,
      33.265385,
      31.8815,
      38.468155,
      42.088078,
      38.46162,
      38.556007,
      38.1358,
      37.556004,
      37.239468,
      39.621998,
      41.919285,
      41.2984,
      40.009373,
      39.72756,
      42.10687,
      42.89367,
      43.6395,
      40.039715,
      35.216866,
      30.98273,
      27.7835,
      30.908289,
      32.027813,
      33.51033,
      35.076736,
      34.496437,
      33.80931,
      32.476063,
      33.112686,
      32.65025,
      31.603626,
      33.047802,
      34.93,
      35.1055,
      33.048645,
      31.171,
      31.582293,
      44.602802,
      39.85171,
      29.388878,
      28.040998,
      29.754065,
      28.23575,
      28.25319,
      29.1,
      30.265413,
      30.519264,
      37.831802,
      36.636997,
      31.494564,
      33.2454,
      28.759064,
      27.828001,
      30.623713,
      30.634064,
      27.670938,
      26.430235,
      28.149187,
      28.931334,
      28.066189,
      30.576866,
      30.730688,
      31.823502,
      31.753664,
      31.227331,
      30.698124,
      32.646816,
      32.642498,
      31.933876,
      32.191265,
      30.6915,
      32.88629,
      34.169437,
      32.071938,
      31.811436,
      32.096943,
      32.422703,
      33.938416,
      34.36373,
      28.858532,
      26.516933,
      30.4714,
      32.408466,
      29.501377,
      30.213823,
      32.93369,
      34.157333,
      31.908,
      28.938644,
      27.773882,
      31.132627,
      33.261436,
      32.616932,
      34.58067,
      34.955803,
      32.899876,
      32.14919,
      32.379646,
      32.192295,
      32.79463,
      33.728374,
      34.574936,
      33.891247,
      33.424248,
      33.20031,
      33.593,
      32.038357,
      31.731922,
      32.65085,
      33.862732,
      35.228,
      33.947124,
      33.594315,
      34.49361,
      32.941,
      30.922335,
      32.214733,
      35.2505,
      34.96706,
      34.604755,
      34.651566,
      35.0528,
      33.802937,
      32.307465,
      31.475,
      31.933313,
      33.424786,
      32.071312,
      31.487186,
      32.705467,
      31.568464,
      29.74406,
      29.960398,
      30.258465,
      29.362188,
      29.308468,
      29.898691,
      31.50341,
      33.228294,
      34.17244,
      33.82544,
      33.3835,
      33.333122,
      34.464626,
      34.06259,
      33.76606,
      36.36419,
      36.066,
      38.182,
      38.37618,
      34.732525,
      33.13675,
      34.832314,
      36.751938,
      35.062996,
      34.000465,
      33.6892,
      33.48547,
      32.81244,
      32.71288,
      32.363937,
      32.625378,
      32.471943,
      33.450333,
      32.898064,
      32.66381,
      33.768116,
      38.91406,
      38.767998,
      32.36012,
      31.792887,
      32.807625,
      35.152134,
      36.2285,
      35.878876,
      35.34481,
      37.9,
      38.10956,
      36.67531,
      37.75413,
      39.320065,
      39.033936,
      36.694664,
      34.422867,
      31.94831,
      30.363125,
      31.541468,
      32.83313,
      31.92631,
      31.770466,
      31.979624,
      32.028065,
      32.057137,
      30.955376,
      31.916998,
      33.300594,
      32.028435,
      34.5642,
      38.2236,
      37.654495,
      36.957497,
      38.001125,
      37.871185,
      36.799732,
      35.17446,
      42.95273,
      46.24216,
      38.642067,
      36.148357,
      35.827465,
      33.99433,
      32.589428,
      38.739807,
      37.600056,
      30.870872,
      28.254189,
      28.779472,
      28.60925,
      26.183687,
      29.099188,
      30.28453,
      26.616777,
      24.546286,
      26.481934,
      26.899178,
      25.666355,
      26.161003,
      34.049732,
      38.00073,
      34.80435,
      33.294647,
      36.745438,
      39.785686,
      35.89425,
      32.1825,
      32.108883,
      34.13959,
      35.847687,
      35.874718,
      37.4702,
      36.347527,
      34.465298,
      34.687,
      35.773495,
      37.310497,
      36.72573,
      35.965603,
      38.804935,
      39.651005,
      37.9305,
      37.97667,
      39.586124,
      38.841316,
      37.74938,
      37.467,
      41.298,
      43.682213,
      36.8322,
      32.0552,
      33.42743,
      31.848312,
      32.31194,
      32.08921,
      41.194542,
      42.773003,
      35.206802,
      37.705826,
      39.094006,
      36.09981,
      36.310066
    ],
    "downlinkThroughputBps": [
      23337.107,
      20048.773,
      43520.098,
      34435.234,
      20862.469,
      18186.502,
      22204.645,
      77284.24,
      71454.164,
      78718.695,
      227247.39,
      85052.09,
      59861.105,
      414346.9,
      207131.52,
      23051.895,
      18773.705,
      18723.373,
      31935.43,
      30408.703,
      25526.533,
      66395.836,
      30375.15,
      36582.72,
      17070.816,
      445980.34,
      36893.098,
      31239.176,
      30207.377,
      40374.37,
      49031.414,
      30215.766,
      21768.438,
      26105.348,
      43931.14,
      24989.664,
      42144.367,
      8153.727,
      208255.58,
      43385.88,
      35240.543,
      31742.492,
      38268.83,
      27254.588,
      67092.086,
      22942.844,
      26214.4,
      30660.361,
      27548.19,
      40206.598,
      39065.746,
      94313.12,
      24452.793,
      18211.668,
      15518.925,
      59810.773,
      45038.438,
      55759.08,
      30601.643,
      22548.578,
      97970.555,
      67318.58,
      117063.02,
      28252.832,
      28043.117,
      25744.639,
      21952.986,
      136205.83,
      44694.504,
      40659.582,
      102215.19,
      43562.043,
      53016.004,
      89489.67,
      26315.062,
      21105.738,
      23085.45,
      25140.658,
      38839.254,
      27992.785,
      33260.832,
      43939.527,
      68602.04,
      64466.453,
      27875.344,
      102659.78,
      31155.291,
      31876.71,
      35148.266,
      28915.531,
      28135.39,
      34913.387,
      31172.066,
      70111.984,
      34644.95,
      22666.02,
      38637.93,
      86310.39,
      33705.426,
      24175.969,
      107374.18,
      36272.34,
      50826.574,
      501890.4,
      78970.36,
      23697.818,
      36624.664,
      27674.018,
      26935.82,
      31365.006,
      47898.953,
      43486.543,
      19167.969,
      26222.79,
      17221.812,
      127406.18,
      46204.453,
      28127.002,
      33210.5,
      26398.95,
      53544.484,
      25945.965,
      104538.836,
      51346.668,
      17456.693,
      19109.25,
      33386.66,
      66160.95,
      41372.613,
      22942.844,
      22422.75,
      35601.254,
      22154.314,
      23219.666,
      85949.68,
      61396.223,
      21877.49,
      20652.752,
      46489.664,
      21843.936,
      21105.738,
      46045.07,
      21214.79,
      22481.469,
      18144.559,
      101837.7,
      54760.832,
      52638.516,
      28059.895,
      33445.38,
      36851.156,
      20879.246,
      36616.273,
      30400.314,
      60188.26,
      49769.61,
      22414.361,
      98549.37,
      36171.676,
      32866.566,
      438640.3,
      38780.535,
      21198.012,
      27766.293,
      467379.7,
      84683,
      38310.773,
      18530.436,
      27388.805,
      22313.697,
      23119.004,
      21541.945,
      20023.607,
      32497.467,
      17246.979,
      32950.453,
      23832.035,
      22515.023,
      33613.152,
      24620.564,
      495959.66,
      65003.324,
      19360.908,
      57503.906,
      37060.87,
      28294.775,
      20023.607,
      62562.24,
      40332.426,
      20828.914,
      43998.25,
      64944.6,
      61446.555,
      46883.93,
      21265.121,
      33839.645,
      91679.09,
      38352.715,
      49249.516,
      21005.074,
      32145.146,
      42916.117,
      19461.57,
      22347.252,
      29225.91,
      62704.844,
      22682.797,
      26180.846,
      27506.246,
      1.5991204e+06,
      2.7993038e+06,
      2.2638252e+06,
      3.7739425e+06,
      8.304445e+06,
      1.7095756e+07,
      3.1555134e+07,
      3.1692546e+07,
      4.786061e+07,
      5.1229012e+07,
      6.125354e+07,
      8.675935e+07,
      1.2915836e+08,
      1.8606238e+08,
      1.6962854e+08,
      1.25098296e+08,
      1.0405338e+07,
      1.5059682e+08,
      1.3077441e+08,
      1.8003621e+08,
      1.905842e+08,
      1.7613166e+08,
      1.8385922e+08,
      2.2806878e+08,
      1.8274894e+08,
      2.5280021e+08,
      2.4367704e+08,
      2.3088698e+08,
      2.2133802e+08,
      1.927047e+08,
      3.5366605e+08,
      2.5254168e+08,
      2.5078693e+08,
      1.7453267e+08,
      2.3151563e+08,
      2.1642869e+08,
      2.0907714e+08,
      2.3781083e+08,
      2.0345038e+08,
      2.2967618e+08,
      2.871712e+08,
      2.487126e+08,
      1.8290226e+08,
      3.781087e+07,
      1.47269e+08,
      1.565845e+08,
      1.435959e+08,
      1.5827778e+08,
      1.4981541e+08,
      1.9668712e+08,
      2.2513318e+08,
      1.8969478e+08,
      1.8819123e+08,
      2.593518e+08,
      2.6887005e+08,
      2.5639158e+08,
      2.0359747e+08,
      1.3914611e+08,
      2.5583328e+08,
      2.8124643e+08,
      1.9228606e+08,
      2.8551206e+08,
      3.116938e+08,
      2.2497566e+08,
      2.2890347e+08,
      2.2926294e+08,
      2.2696755e+08,
      2.1691602e+08,
      2.1537618e+08,
      2.0698603e+08,
      2.4740909e+08,
      1.9671427e+08,
      1.9637755e+08,
      1.9507355e+08,
      2.05744e+08,
      2.1978762e+08,
      2.3589976e+08,
      2.2163866e+08,
      2.335614e+08,
      2.762076e+08,
      3.355109e+08,
      3.0367594e+08,
      3.1258854e+08,
      2.9471296e+08,
      2.8400944e+08,
      2.3204186e+08,
      3.221985e+08,
      3.2443667e+08,
      3.2275725e+08,
      3.3508755e+08,
      3.4113366e+08,
      3.316401e+08,
      3.2786998e+08,
      2.2851798e+08,
      3.0011005e+08,
      1.3974406e+08,
      2.136821e+08,
      2.2382904e+08,
      2.2664754e+08,
      2.0627838e+08,
      2.2009654e+08,
      1.5426723e+08,
      2.6573982e+08,
      2.6846448e+08,
      2.4214827e+08,
      2.5322109e+08,
      1.4169784e+08,
      2.2904656e+08,
      2.2915366e+08,
      3.127926e+08,
      2.9725843e+08,
      2.9795485e+08,
      3.1290397e+08,
      2.4911301e+08,
      3.0432797e+08,
      2.9868608e+08,
      2.5253736e+08,
      2.1144382e+08,
      5.1173228e+07,
      6.6530636e+07,
      8.120001e+07,
      8.1211144e+07,
      9.182263e+07,
      1.1924495e+08,
      1.6353309e+08,
      2.003905e+08,
      2.0603643e+08,
      2.0301925e+08,
      1.7228189e+08,
      4.893668e+07,
      1.0177657e+08,
      2.1495678e+08,
      1.6560632e+08,
      1.6931562e+08,
      1.2136139e+08,
      1.538314e+08,
      1.615699e+08,
      1.5728902e+08,
      3.3270628e+07,
      872188.75,
      960814.4,
      43117.445,
      31365.006,
      21558.723,
      33135,
      19293.799,
      102307.46,
      42085.645,
      96141.836,
      688511.75,
      518810.25,
      404121.2,
      346743.12,
      111585.266,
      89305.12,
      60087.598,
      30064.771,
      34384.902,
      78206.99,
      47680.848,
      31817.99,
      101535.71,
      31063.016,
      34351.35,
      31088.182,
      31113.348,
      33722.203,
      21441.281,
      50524.586,
      544311.6,
      579468.25,
      666172.94,
      700541.06,
      638582.8,
      555535.56,
      913863.4,
      350325.06,
      564586.9,
      689610.7,
      4.179129e+06,
      2.4931278e+06,
      1.43238e+06,
      1.5641901e+06,
      1.9043399e+06,
      624850.6,
      462161.97,
      496270.06,
      500346.9,
      403961.8,
      347204.5,
      589274.56,
      509691.8,
      417106.75,
      290841.44,
      465920.06,
      420982.28,
      416955.75,
      377705.47,
      416100.12,
      624196.3,
      876945.06,
      594945.25,
      583687.75,
      558765.2,
      466104.62,
      462044.53,
      577790.56,
      541887.3,
      462212.3,
      458982.7,
      523524.62,
      469342.62,
      503803.03,
      416335,
      431694.53,
      427458.3,
      375969.03,
      375214.06,
      452951.28,
      410278.44,
      410144.22,
      459863.5,
      442666.84,
      417610.06,
      413407.38,
      473033.6,
      487621.4,
      451105.78,
      384038.88,
      428800.47,
      464552.72,
      459460.84,
      560459.7,
      572782.56,
      423280.78,
      553841.06,
      570836.4,
      413331.88,
      684988.56,
      713199.44,
      379299.3,
      405153,
      481095.06,
      370348.66,
      416620.22,
      406209.97,
      326216.2,
      432575.34,
      292754.03,
      396378.5,
      416402.12,
      307585.1,
      265767.88,
      433154.16,
      207945.2,
      153905.8,
      153159.2,
      186688.47,
      463395.1,
      461432.16,
      467077.7,
      549957.1,
      528314.56,
      425042.38,
      440259.3,
      474610.66,
      588855.1,
      94397.01,
      24662.508,
      27816.625,
      24838.668,
      41724.938,
      69247.96,
      42681.24,
      43486.543,
      38226.887,
      25769.805,
      25115.492,
      84422.95,
      50499.42,
      21130.904,
      32472.3,
      26809.99,
      22531.8,
      31776.047,
      24184.357,
      29049.75,
      36205.23,
      45340.426,
      41565.55,
      42983.227,
      34250.688,
      36029.07,
      25929.188,
      24150.803,
      22926.066,
      23966.254,
      27279.754,
      30324.818,
      34359.74,
      29175.578,
      70145.54,
      29360.129,
      27103.592,
      21055.406,
      21684.55,
      42396.023,
      65229.816,
      71764.54,
      37144.758,
      20426.26,
      23907.533,
      40533.754,
      31792.824,
      109983.04,
      22942.844,
      58602.816,
      22338.863,
      47513.074,
      32388.416,
      58242.105,
      87652.56,
      36624.664,
      78290.875,
      28487.713,
      15049.163,
      106711.484,
      28303.164,
      33202.11,
      27346.861,
      25811.746,
      444092.9,
      331467.47,
      242866.98,
      326056.8,
      331375.2,
      297862.7,
      306217.75,
      326123.9,
      271287.6,
      321392.75,
      413877.16,
      314363.1,
      208658.23,
      311351.56,
      303214.62,
      326660.78,
      358109.7,
      379660,
      450929.62,
      463478.97,
      365206.44,
      362337.53,
      381622.94,
      374668.78,
      537592.3,
      537592.3,
      462933.72,
      476120.62,
      394977.6,
      424841.06,
      446819.22,
      412534.97,
      299741.75,
      392620.4,
      355190.44,
      372965.9,
      317861.12,
      339797.34,
      381388.06,
      444193.56,
      69533.17,
      41196.453,
      95160.37,
      22405.973,
      29813.113,
      22464.691,
      24033.361,
      61907.926,
      77284.24,
      177561.67,
      32950.453,
      41095.79,
      26315.062,
      22548.578,
      63283.66,
      49945.773,
      43805.312,
      33034.34,
      35433.48,
      40575.695,
      85370.87,
      87526.734,
      24410.85,
      69583.5,
      49434.066,
      62637.734,
      68643.98,
      103263.766,
      52831.453,
      397854.9,
      500179.12,
      94363.45,
      29360.129,
      32967.23,
      45952.793,
      24838.668,
      26189.234,
      25232.934,
      58116.277,
      46858.766,
      71412.22,
      30148.656,
      24092.082,
      18421.383,
      16785.605,
      91393.88,
      37765.51,
      31767.658,
      27699.184,
      65254.98,
      60691.58,
      64214.793,
      35290.875,
      28118.613,
      39887.832,
      21357.396,
      23228.055,
      56782.49,
      27523.023,
      18262,
      48603.594,
      40525.367,
      25576.865,
      1.5731828e+06,
      19016.975,
      16450.06,
      64533.562,
      36817.6,
      37555.797,
      69734.5,
      24201.135,
      24259.854,
      32900.12,
      14487.126,
      21684.55,
      43176.164,
      38512.098,
      22154.314,
      31809.602,
      22515.023,
      20468.203,
      34854.668,
      33000.785,
      19973.275,
      36976.984,
      44853.887,
      31054.627,
      44065.36,
      235568.89,
      39258.684,
      46766.49,
      26424.115,
      63954.746,
      25224.545,
      20988.297,
      20854.08,
      18404.605,
      20719.861,
      26885.488,
      26877.1,
      32916.9,
      41758.492,
      50793.02,
      36280.73,
      21667.775,
      134955.92,
      47278.195,
      31440.502,
      41548.777,
      24268.242,
      20552.09,
      18723.373,
      19016.975,
      18907.922,
      20896.023,
      32673.629,
      21659.387,
      147798.89,
      27497.857,
      20552.09,
      97106.52,
      29938.941,
      28101.836,
      24075.305,
      18824.037,
      17750.295,
      21256.732,
      18748.54,
      28043.117,
      19327.354,
      18186.502,
      20686.307,
      22431.139,
      25576.865,
      21978.152,
      97786,
      50667.19,
      23387.44,
      46254.785,
      27212.645,
      39342.57,
      36079.402,
      43662.703,
      105100.87,
      7.601682e+07,
      1.9221024e+08,
      3.1974634e+08,
      3.094978e+08,
      3.9864704e+08,
      2.0819746e+08,
      3.5470282e+08,
      3.3171027e+08,
      3.431378e+08,
      3.7054358e+08,
      3.6556835e+08,
      4.08952e+08,
      3.988168e+08,
      3.1633635e+08,
      4.091355e+08,
      4.1179955e+08,
      4.3200128e+08,
      4.5006602e+08,
      4.3696083e+08,
      4.2064813e+08,
      4.2469277e+08,
      4.248557e+08,
      4.7504986e+08,
      3.737934e+08,
      3.8121274e+08,
      4.2933594e+08,
      4.2668592e+08,
      4.1632314e+08,
      2.703679e+08,
      2.063435e+08,
      2.2877293e+08,
      2.70471e+08,
      1.8765531e+08,
      1.6215414e+08,
      2.0915117e+08,
      2.481181e+08,
      2.2555285e+08,
      2.6659722e+08,
      2.5394427e+08,
      1.1946511e+08,
      2.0435376e+08,
      2.1434122e+08,
      2.6953267e+08,
      1.7898653e+08,
      0,
      8.5007296e+08,
      4.3677002e+08,
      5.145121e+08,
      4.6574102e+08,
      5.2784266e+08,
      4.815524e+08,
      4.23181e+08,
      5.002428e+08,
      4.3167053e+08,
      4.8122896e+08,
      5.1823904e+08,
      4.8977728e+08,
      2.9285136e+08,
      2.6913955e+08,
      2.7519117e+08,
      3.020707e+08,
      2.7466646e+08,
      2.8278483e+08,
      1.8563834e+08,
      3.0945696e+08,
      3.1199514e+08,
      2.6509246e+08,
      2.9120797e+08,
      3.5967523e+08,
      2.5553952e+08,
      4.013968e+08,
      3.3812026e+08,
      3.8610282e+08,
      2.884812e+08,
      4.591381e+08,
      3.5052512e+08,
      4.7181837e+08,
      5.369198e+08,
      5.257565e+08,
      5.119108e+08,
      3.6097558e+08,
      4.045606e+08,
      4.20605e+08,
      4.0258234e+08,
      4.2790995e+08,
      3.699225e+08,
      3.7785504e+08,
      3.250507e+08,
      2.5619256e+08,
      2.7596042e+08,
      2.3165136e+08,
      3.5860074e+08,
      3.130513e+08,
      2.2477267e+08,
      2.9437168e+08,
      3.2201027e+08,
      3.3275024e+08,
      2.4473184e+08,
      2.7805536e+08,
      2.528046e+08,
      3.2384714e+08,
      3.6442893e+08,
      3.0642413e+08,
      1.3701518e+08,
      1.9864653e+08,
      1.6271579e+08,
      1.8017656e+08,
      1.8726731e+08,
      1.4458162e+08,
      1.7889536e+08,
      1.8817718e+08,
      3.0620986e+07,
      1.611252e+08,
      1.6056077e+08,
      1.2649192e+08,
      1.066849e+08,
      1.4119395e+08,
      1.11439336e+08,
      0,
      3.4929962e+08,
      2.3190742e+08,
      100738.8,
      116039.62,
      77519.125,
      56748.934,
      23748.148,
      154811.77,
      30274.486,
      22632.465,
      19998.441,
      33529.266,
      64760.055,
      25014.828,
      19042.14,
      61572.383,
      41766.88,
      18916.31,
      27606.908,
      22246.588,
      24578.621,
      16944.988,
      79238.79,
      24259.854,
      32338.084,
      22422.75,
      21726.494,
      18362.662,
      42026.926,
      25727.861,
      22372.418,
      44258.297,
      31885.1,
      31088.182,
      64860.72,
      36582.72,
      34720.45,
      140576.3,
      93113.55,
      38881.2,
      26977.764,
      20333.986,
      19939.72,
      16064.185,
      20459.814,
      53133.44,
      79448.51,
      26080.182,
      21961.375,
      25216.156,
      15720.251,
      16752.05,
      134469.39,
      68828.53,
      38839.254,
      111182.61,
      120217.14
    ],
    "uplinkThroughputBps": [
      4.132796e+08,
      3.9720832e+08,
      3.9438566e+08,
      3.8665974e+08,
      3.7771664e+08,
      3.9177658e+08,
      3.979825e+08,
      3.9640304e+08,
      3.877422e+08,
      3.9404768e+08,
      3.7316794e+08,
      3.5868816e+08,
      2.50987e+08,
      2.8881664e+08,
      3.8133373e+08,
      3.6927046e+08,
      3.7710605e+08,
      3.7916928e+08,
      3.4520563e+08,
      3.4447472e+08,
      3.8410755e+08,
      3.882412e+08,
      3.8921936e+08,
      3.962337e+08,
      3.921911e+08,
      4.114331e+08,
      3.957319e+08,
      4.182288e+08,
      3.999286e+08,
      4.01104e+08,
      3.9382826e+08,
      4.03075e+08,
      3.925198e+08,
      4.1213472e+08,
      3.943884e+08,
      4.0455568e+08,
      3.9816486e+08,
      3.895128e+08,
      4.656829e+08,
      3.259603e+08,
      3.9249488e+08,
      3.9672403e+08,
      3.834806e+08,
      3.892928e+08,
      3.971186e+08,
      4.0026067e+08,
      3.9780675e+08,
      3.7075795e+08,
      4.0156746e+08,
      3.8025424e+08,
      4.014247e+08,
      3.650443e+08,
      3.5231578e+08,
      3.8046896e+08,
      4.0669062e+08,
      4.061186e+08,
      3.8932883e+08,
      3.86442e+08,
      3.8678266e+08,
      4.0607786e+08,
      3.8869613e+08,
      3.9751152e+08,
      3.9357578e+08,
      3.9580915e+08,
      4.076517e+08,
      3.817888e+08,
      4.1045283e+08,
      4.0112086e+08,
      3.896371e+08,
      4.0357565e+08,
      1.0748479e+08,
      66722.984,
      104857.6,
      84028.69,
      76948.7,
      86922.76,
      77611.4,
      95772.734,
      91477.77,
      96385.11,
      78953.58,
      73534.54,
      71940.7,
      89816.83,
      88634.03,
      75195.484,
      80362.87,
      65640.86,
      81956.7,
      112306.69,
      72897,
      94598.336,
      92945.77,
      125426.47,
      72855.06,
      80354.48,
      99044.3,
      73123.49,
      94900.32,
      72217.52,
      63778.586,
      87753.23,
      77376.52,
      105025.375,
      125904.62,
      84565.555,
      56841.207,
      105528.69,
      78206.99,
      79096.19,
      83206.6,
      86629.16,
      83894.47,
      90991.234,
      69625.445,
      108103.99,
      100193.53,
      73677.14,
      101577.66,
      75782.69,
      71982.65,
      72309.805,
      105453.19,
      82661.34,
      90278.2,
      75438.75,
      100797.516,
      86830.484,
      105948.12,
      83600.87,
      13270.778,
      13765.706,
      10032.775,
      14596.178,
      24628.953,
      10586.423,
      10032.775,
      14596.178,
      18211.668,
      10032.775,
      14587.789,
      10586.423,
      10032.775,
      19428.016,
      10754.195,
      11676.942,
      12389.974,
      10032.775,
      18211.668,
      14034.142,
      41532,
      10032.775,
      15309.21,
      14587.789,
      14034.142,
      14587.789,
      13002.343,
      10032.775,
      24243.076,
      10032.775,
      10032.775,
      14587.789,
      9210.691,
      17666.408,
      14587.789,
      20669.53,
      9210.691,
      15141.4375,
      18211.668,
      10032.775,
      19067.307,
      11307.844,
      9210.691,
      19142.803,
      10032.775,
      10032.775,
      14587.789,
      10032.775,
      18211.668,
      14587.789,
      10586.423,
      10032.775,
      13765.706,
      16307.454,
      10032.775,
      24587.01,
      11467.228,
      10032.775,
      35349.594,
      10586.423,
      10955.522,
      14587.789,
      9210.691,
      14587.789,
      14587.789,
      11710.497,
      26029.852,
      14587.789,
      18991.809,
      10032.775,
      14646.51,
      10586.423,
      9210.691,
      18035.508,
      58988.69,
      76286,
      71596.766,
      101661.54,
      72183.97,
      174877.31,
      234176.38,
      210721.83,
      213230.03,
      217239.78,
      197803.38,
      247371.66,
      245266.12,
      338916.53,
      310588.22,
      290279.4,
      354376.75,
      346692.78,
      487847.88,
      404683.22,
      350090.16,
      100344.53,
      735647.4,
      426929.8,
      492545.5,
      464233.97,
      454880.66,
      461784.47,
      554285.7,
      444554.28,
      506218.94,
      480725.97,
      470911.28,
      512267.12,
      414741.16,
      543179.1,
      485868.2,
      471355.88,
      351600.12,
      450367.6,
      399901.72,
      417308.1,
      431266.72,
      347800.06,
      415923.97,
      468243.72,
      405413.03,
      336358,
      220704.28,
      360726.9,
      387671.12,
      341768.66,
      396873.44,
      359913.22,
      366942.88,
      457179.12,
      373100.12,
      345853.9,
      430528.53,
      488997.12,
      412073.6,
      338245.44,
      321988.34,
      374987.56,
      429966.5,
      332818.03,
      421133.28,
      427089.2,
      464611.44,
      429907.78,
      499281.56,
      458320,
      442725.56,
      447221.84,
      432457.9,
      479534.78,
      396588.22,
      423448.53,
      437885.34,
      468445.03,
      875451.94,
      510295.8,
      487587.84,
      489559.16,
      459897.03,
      517140.9,
      509163.34,
      468713.47,
      461247.62,
      410370.72,
      401050.97,
      479920.66,
      469627.84,
      474501.62,
      527660.25,
      525370.1,
      496714.66,
      482059.75,
      455836.97,
      505128.4,
      275599.3,
      479257.94,
      491278.8,
      460744.28,
      446139.72,
      384575.72,
      348001.4,
      477412.47,
      520949.34,
      514037.12,
      477110.47,
      294054.25,
      463428.66,
      432223.03,
      553497.1,
      493719.9,
      493275.3,
      524665.5,
      408130.94,
      525269.44,
      464804.38,
      403483.66,
      444948.53,
      239226.33,
      444411.7,
      313775.88,
      272503.94,
      278065.56,
      398140.12,
      438027.94,
      477211.12,
      458781.38,
      448220.1,
      409708,
      149359.17,
      476523.28,
      451080.62,
      378661.75,
      372731.03,
      328304.94,
      382470.2,
      413088.62,
      435268.1,
      167134.62,
      114596.77,
      113355.26,
      65733.13,
      65749.91,
      86142.62,
      75648.47,
      95596.58,
      171270.2,
      93952.41,
      3.989085e+06,
      1.7866216e+07,
      1.5467108e+07,
      1.3913798e+07,
      9.418318e+06,
      2.6645322e+06,
      1.2366905e+06,
      342146.16,
      355525.97,
      320730.03,
      270398.38,
      288693.94,
      255701.55,
      487646.56,
      132657.45,
      324244.88,
      381723.6,
      352942.28,
      342859.2,
      233966.67,
      802152.25,
      1.6098167e+07,
      1.7533692e+07,
      1.7516378e+07,
      2.0775076e+07,
      1.8835018e+07,
      1.6207579e+07,
      1.6684379e+07,
      8.796722e+06,
      1.4495238e+07,
      1.6408528e+07,
      1.4355173e+07,
      1.5835494e+07,
      1.7285382e+07,
      1.4501596e+07,
      1.0315329e+07,
      1.4759261e+07,
      1.0887415e+07,
      1.5074127e+07,
      1.4161841e+07,
      9.812943e+06,
      9.658299e+06,
      1.6468633e+07,
      1.4523449e+07,
      1.1596764e+07,
      7.5134915e+06,
      1.3448096e+07,
      1.1750619e+07,
      1.1470599e+07,
      1.0651745e+07,
      1.1725152e+07,
      1.8188298e+07,
      1.9416566e+07,
      1.8579618e+07,
      1.841786e+07,
      1.8424538e+07,
      1.6603815e+07,
      1.6175417e+07,
      1.7798244e+07,
      1.6027434e+07,
      1.4776164e+07,
      1.6378304e+07,
      1.8824406e+07,
      1.6017124e+07,
      1.779301e+07,
      1.3850489e+07,
      1.395528e+07,
      1.5675859e+07,
      1.1726116e+07,
      1.2559575e+07,
      1.3787365e+07,
      1.3269411e+07,
      1.3873977e+07,
      1.314723e+07,
      1.3596273e+07,
      1.46261e+07,
      1.3617362e+07,
      1.5048148e+07,
      1.4969177e+07,
      1.6008534e+07,
      1.2449298e+07,
      1.4480549e+07,
      1.7457214e+07,
      1.3405868e+07,
      1.945049e+07,
      1.8834262e+07,
      1.243825e+07,
      1.8382132e+07,
      1.7496446e+07,
      1.3944207e+07,
      1.2747102e+07,
      2.3690024e+07,
      1.4564142e+07,
      1.2776622e+07,
      1.9483724e+07,
      1.2695479e+07,
      1.4430369e+07,
      1.3650245e+07,
      9.831096e+06,
      1.6043699e+07,
      7.2861605e+06,
      1.3745548e+07,
      1.4448798e+07,
      8.2105765e+06,
      6.4754515e+06,
      1.4584216e+07,
      6.760505e+06,
      4.824255e+06,
      4.455047e+06,
      6.813848e+06,
      1.8355516e+07,
      1.654127e+07,
      1.5716477e+07,
      1.7196622e+07,
      1.6445195e+07,
      1.5320199e+07,
      1.7210814e+07,
      1.7294458e+07,
      1.776822e+07,
      2.5279155e+06,
      81956.7,
      79524,
      75841.41,
      78441.875,
      65624.08,
      86973.086,
      495406.03,
      91989.48,
      83491.81,
      96947.14,
      71814.875,
      94816.44,
      97878.28,
      79951.82,
      94095.016,
      56656.66,
      95521.08,
      83022.055,
      89791.66,
      71319.945,
      84993.375,
      95151.984,
      77049.37,
      82451.625,
      88222.99,
      75539.414,
      80262.2,
      83751.86,
      87207.97,
      89707.77,
      67779.95,
      103708.36,
      74239.18,
      71873.59,
      52378.47,
      91410.664,
      72150.414,
      117742.5,
      75052.875,
      119353.12,
      83508.59,
      101099.5,
      79138.125,
      84263.57,
      90076.875,
      74583.12,
      86754.984,
      78760.64,
      69038.24,
      98272.54,
      79104.57,
      106199.77,
      90664.08,
      109379.06,
      75262.59,
      92392.125,
      85488.305,
      64743.277,
      87317.02,
      93113.55,
      90915.734,
      80203.484,
      83835.75,
      1.6374479e+07,
      9.443056e+06,
      9.874558e+06,
      1.1342623e+07,
      1.0433012e+07,
      8.897503e+06,
      8.761515e+06,
      7.1188245e+06,
      9.669607e+06,
      1.0481457e+07,
      1.1717141e+07,
      1.0054468e+07,
      5.9150675e+06,
      9.721591e+06,
      9.755414e+06,
      1.0342382e+07,
      1.3087386e+07,
      1.3204558e+07,
      1.6467551e+07,
      1.5974829e+07,
      1.1654159e+07,
      1.1657649e+07,
      1.106907e+07,
      1.3335278e+07,
      1.5447739e+07,
      1.5447739e+07,
      1.5428194e+07,
      1.595509e+07,
      1.282442e+07,
      1.5451824e+07,
      1.720058e+07,
      1.3513041e+07,
      9.339633e+06,
      1.1703895e+07,
      1.2380956e+07,
      1.1347698e+07,
      1.0273008e+07,
      9.459414e+06,
      1.1684953e+07,
      1.4643725e+07,
      417417.12,
      69793.22,
      70640.47,
      79272.34,
      77443.63,
      88659.195,
      80790.69,
      91117.06,
      85345.695,
      41112.566,
      82023.81,
      64164.46,
      79381.4,
      80144.76,
      63736.645,
      70766.3,
      91511.33,
      65783.46,
      92106.914,
      66228.06,
      78383.16,
      70690.8,
      91771.375,
      72402.08,
      91402.27,
      70548.195,
      72653.734,
      53687.09,
      106115.89,
      50532.973,
      69197.625,
      56883.152,
      76218.89,
      77460.41,
      72083.305,
      76428.61,
      74767.664,
      68543.31,
      91981.086,
      81294,
      101980.305,
      68593.65,
      75069.66,
      81579.21,
      80388.03,
      45852.133,
      101929.98,
      70095.21,
      79045.85,
      76889.984,
      84196.46,
      83231.766,
      94715.77,
      77242.305,
      91570.05,
      99673.44,
      75874.96,
      89397.4,
      84255.18,
      39275.46,
      9764.34,
      14629.732,
      11400.118,
      108640.86,
      28571.6,
      10032.775,
      14201.913,
      18245.223,
      21869.102,
      25123.88,
      17423.139,
      14201.913,
      14571.012,
      21181.234,
      12348.031,
      14201.913,
      18245.223,
      14302.576,
      22682.797,
      17691.574,
      16156.459,
      13933.478,
      15342.764,
      28294.775,
      13648.266,
      18907.922,
      15804.138,
      15258.878,
      37060.87,
      12507.414,
      29091.693,
      15183.381,
      10032.775,
      14629.732,
      14629.732,
      10032.775,
      10032.775,
      14629.732,
      19620.955,
      19176.357,
      15183.381,
      10586.423,
      10032.775,
      16684.941,
      10955.522,
      56346.28,
      26155.68,
      13648.266,
      21483.225,
      23865.59,
      20342.375,
      13648.266,
      18303.943,
      18245.223,
      13648.266,
      18245.223,
      22447.914,
      13648.266,
      23983.03,
      11794.383,
      13648.266,
      19453.182,
      13648.266,
      18899.533,
      14629.732,
      10586.423,
      19964.887,
      14629.732,
      18312.332,
      9210.691,
      15191.77,
      38889.586,
      93331.66,
      108254.984,
      76688.66,
      65196.26,
      82460.016,
      77854.67,
      88936.02,
      87912.61,
      92668.95,
      72511.125,
      88139.1,
      77124.86,
      97987.33,
      65934.46,
      56665.047,
      81176.56,
      83684.75,
      64013.47,
      70774.69,
      67452.8,
      61664.656,
      73626.81,
      53552.875,
      58099.5,
      57998.836,
      75606.52,
      90387.25,
      70464.305,
      69692.555,
      66404.22,
      66102.234,
      75346.48,
      54760.832,
      56891.54,
      49996.105,
      57998.836,
      80857.79,
      69239.57,
      57445.188,
      66882.375,
      69692.555,
      72326.58,
      79876.33,
      70246.2,
      61060.676,
      75514.25,
      66521.664,
      69583.5,
      39141.246,
      73098.33,
      71496.11,
      72729.234,
      92920.61,
      152731.39,
      69675.78,
      102097.75,
      0,
      166052.5,
      110939.34,
      58091.11,
      85177.92,
      65036.88,
      59659.78,
      60255.37,
      59500.4,
      54978.938,
      66748.16,
      68090.33,
      71756.16,
      65850.57,
      55826.188,
      67528.3,
      57218.695,
      58787.363,
      76873.2,
      61756.934,
      89330.29,
      71361.89,
      59575.895,
      63166.22,
      45172.652,
      64776.832,
      72670.51,
      39946.55,
      81906.37,
      70674.02,
      68904.02,
      58770.586,
      57076.09,
      377814.53,
      64332.234,
      69684.164,
      59785.61,
      82149.64,
      109479.73,
      58627.98,
      119520.89,
      65380.812,
      70699.19,
      62000.203,
      70145.54,
      74851.55,
      76294.39,
      63912.805,
      68811.75,
      54551.117,
      76663.49,
      61991.812,
      113111.99,
      60205.04,
      59013.855,
      71227.67,
      64181.24,
      71026.34,
      64265.125,
      60070.82,
      89741.33,
      71403.83,
      64122.52,
      60859.35,
      77770.78,
      73073.164,
      61111.008,
      62428.02,
      91217.73,
      70581.75,
      66471.33,
      65666.02,
      78374.766,
      57998.836,
      0,
      22523.412,
      83399.54,
      83131.1,
      64416.12,
      64609.06,
      97232.35,
      72393.69,
      2.9106035e+08,
      4.1045392e+08,
      3.8443008e+08,
      3.8297866e+08,
      4.044358e+08,
      3.903349e+08,
      3.8935155e+08,
      4.0278253e+08,
      3.894341e+08,
      4.0746845e+08,
      3.9520147e+08,
      3.9968374e+08,
      4.037163e+08,
      4.0273962e+08,
      4.0268205e+08,
      3.9326214e+08,
      3.9058883e+08,
      4.1692768e+08,
      3.9695782e+08,
      3.7531142e+08,
      3.980711e+08,
      3.984922e+08,
      4.0817584e+08,
      3.9143424e+08,
      3.816528e+08,
      4.080702e+08,
      3.9766672e+08,
      4.196347e+08,
      3.5746032e+08,
      3.626995e+08,
      3.9107437e+08,
      3.9372963e+08,
      3.9109427e+08,
      4.1354685e+08,
      3.9382874e+08,
      3.9961766e+08,
      3.9745802e+08,
      3.9563133e+08,
      3.707515e+08,
      3.837433e+08,
      3.7823363e+08,
      3.916733e+08,
      3.912442e+08,
      3.9964394e+08,
      4.0117683e+08,
      4.472101e+08,
      3.4333094e+08,
      3.845522e+08,
      3.884716e+08,
      3.8576486e+08
    ],
    "outages": [
      {
        "cause": "BOOTING",
        "startTimestampNs": "1400870898638265443",
        "durationNs": "44282467437",
        "didSwitch": false
      },
      {
        "cause": "NO_SCHEDULE",
        "startTimestampNs": "1400870943220659331",
        "durationNs": "11699937280",
        "didSwitch": false
      },
      {
        "cause": "NO_DOWNLINK",
        "startTimestampNs": "1400870955020621147",
        "durationNs": "1900104074",
        "didSwitch": false
      },
      {
        "cause": "NO_PINGS",
        "startTimestampNs": "1400870957460671766",
        "durationNs": "1920137469",
        "didSwitch": false
      },
      {
        "cause": "NO_DOWNLINK",
        "startTimestampNs": "1400871324280752397",
        "durationNs": "719932373",
        "didSwitch": true
      },
      {
        "cause": "NO_DOWNLINK",
        "startTimestampNs": "1400871382520776965",
        "durationNs": "499993640",
        "didSwitch": true
      },
      {
        "cause": "NO_PINGS",
        "startTimestampNs": "1400871450060776486",
        "durationNs": "719983941",
        "didSwitch": true
      },
      {
        "cause": "NO_DOWNLINK",
        "startTimestampNs": "1400871563900772453",
        "durationNs": "980031429",
        "didSwitch": true
      },
      {
        "cause": "NO_DOWNLINK",
        "startTimestampNs": "1400871646000724318",
        "durationNs": "840016140",
        "didSwitch": true
      },
      {
        "cause": "NO_DOWNLINK",
        "startTimestampNs": "1400871757060750431",
        "durationNs": "600054296",
        "didSwitch": true
      },
      {
        "cause": "NO_DOWNLINK",
        "startTimestampNs": "1400871870020727666",
        "durationNs": "860088950",
        "didSwitch": true
      },
      {
        "cause": "NO_DOWNLINK",
        "startTimestampNs": "1400871924540789580",
        "durationNs": "679943873",
        "didSwitch": true
      },
      {
        "cause": "NO_DOWNLINK",
        "startTimestampNs": "1400871995380770149",
        "durationNs": "479966964",
        "didSwitch": true
      },
      {
        "cause": "NO_DOWNLINK",
        "startTimestampNs": "1400872050920704787",
        "durationNs": "820117175",
        "didSwitch": true
      },
      {
        "cause": "NO_DOWNLINK",
        "startTimestampNs": "1400872063200690120",
        "durationNs": "1180065274",
        "didSwitch": true
      },
      {
        "cause": "NO_DOWNLINK",
        "startTimestampNs": "1400872076500711902",
        "durationNs": "1060045643",
        "didSwitch": true
      },
      {
        "cause": "NO_DOWNLINK",
        "startTimestampNs": "1400872235620802767",
        "durationNs": "520031097",
        "didSwitch": true
      },
      {
        "cause": "NO_DOWNLINK",
        "startTimestampNs": "1400872249900726892",
        "durationNs": "860056579",
        "didSwitch": true
      },
      {
        "cause": "NO_DOWNLINK",
        "startTimestampNs": "1400872535640900675",
        "durationNs": "659854538",
        "didSwitch": true
      },
      {
        "cause": "NO_DOWNLINK",
        "startTimestampNs": "1400872538980828742",
        "durationNs": "780044628",
        "didSwitch": true
      },
      {
        "cause": "NO_DOWNLINK",
        "startTimestampNs": "1400872766400767128",
        "durationNs": "659999786",
        "didSwitch": true
      },
      {
        "cause": "NO_DOWNLINK",
        "startTimestampNs": "1400872797920687781",
        "durationNs": "880002626",
        "didSwitch": true
      },
      {
        "cause": "NO_DOWNLINK",
        "startTimestampNs": "1400872823700737237",
        "durationNs": "480161139",
        "didSwitch": true
      },
      {
        "cause": "NO_DOWNLINK",
        "startTimestampNs": "1400872868380747509",
        "durationNs": "899971234",
        "didSwitch": true
      },
      {
        "cause": "OBSTRUCTED",
        "startTimestampNs": "1400872877420692279",
        "durationNs": "560061318",
        "didSwitch": true
      },
      {
        "cause": "NO_DOWNLINK",
        "startTimestampNs": "1400873029420678343",
        "durationNs": "500079176",
        "didSwitch": true
      },
      {
        "cause": "NO_DOWNLINK",
        "startTimestampNs": "1400873236460756375",
        "durationNs": "660014514",
        "didSwitch": true
      },
      {
        "cause": "NO_DOWNLINK",
        "startTimestampNs": "1400873283460788556",
        "durationNs": "780026093",
        "didSwitch": true
      },
      {
        "cause": "NO_DOWNLINK",
        "startTimestampNs": "1400873494500724204",
        "durationNs": "880071694",
        "didSwitch": true
      },
      {
        "cause": "NO_DOWNLINK",
        "startTimestampNs": "1400873612220680617",
        "durationNs": "500014699",
        "didSwitch": true
      },
      {
        "cause": "NO_DOWNLINK",
        "startTimestampNs": "1400873671040766594",
        "durationNs": "819949973",
        "didSwitch": true
      },
      {
        "cause": "NO_DOWNLINK",
        "startTimestampNs": "1400873859800735532",
        "durationNs": "540060563",
        "didSwitch": true
      },
      {
        "cause": "NO_DOWNLINK",
        "startTimestampNs": "1400873982380770506",
        "durationNs": "520001288",
        "didSwitch": true
      },
      {
        "cause": "NO_DOWNLINK",
        "startTimestampNs": "1400874527760675774",
        "durationNs": "780134057",
        "didSwitch": true
      },
      {
        "cause": "NO_PINGS",
        "startTimestampNs": "1400874587500744403",
        "durationNs": "880099456",
        "didSwitch": true
      },
      {
        "cause": "NO_PINGS",
        "startTimestampNs": "1400874600720701633",
        "durationNs": "1280061188",
        "didSwitch": true
      },
      {
        "cause": "NO_DOWNLINK",
        "startTimestampNs": "1400874625600749235",
        "durationNs": "600001404",
        "didSwitch": true
      },
      {
        "cause": "NO_DOWNLINK",
        "startTimestampNs": "1400874742000740869",
        "durationNs": "779970511",
        "didSwitch": true
      },
      {
        "cause": "NO_DOWNLINK",
        "startTimestampNs": "1400874897000783254",
        "durationNs": "460005952",
        "didSwitch": true
      },
      {
        "cause": "NO_PINGS",
        "startTimestampNs": "1400875081320735371",
        "durationNs": "799986012",
        "didSwitch": true
      },
      {
        "cause": "NO_DOWNLINK",
        "startTimestampNs": "1400875160700774010",
        "durationNs": "680107940",
        "didSwitch": true
      },
      {
        "cause": "NO_DOWNLINK",
        "startTimestampNs": "1400875456060772972",
        "durationNs": "520028198",
        "didSwitch": true
      },
      {
        "cause": "NO_DOWNLINK",
        "startTimestampNs": "1400875644840824447",
        "durationNs": "859986175",
        "didSwitch": true
      },
      {
        "cause": "NO_DOWNLINK",
        "startTimestampNs": "1400875703760705741",
        "durationNs": "500032630",
        "didSwitch": true
      },
      {
        "cause": "NO_DOWNLINK",
        "startTimestampNs": "1400875810340761053",
        "durationNs": "820035936",
        "didSwitch": true
      },
      {
        "cause": "NO_DOWNLINK",
        "startTimestampNs": "1400875900120650450",
        "durationNs": "840131642",
        "didSwitch": true
      },
      {
        "cause": "NO_DOWNLINK",
        "startTimestampNs": "1400875942900712664",
        "durationNs": "1100039456",
        "didSwitch": true
      },
      {
        "cause": "NO_DOWNLINK",
        "startTimestampNs": "1400875953400749356",
        "durationNs": "540083336",
        "didSwitch": true
      },
      {
        "cause": "NO_DOWNLINK",
        "startTimestampNs": "1400875976740812129",
        "durationNs": "479955128",
        "didSwitch": true
      },
      {
        "cause": "NO_DOWNLINK",
        "startTimestampNs": "1400876025600752868",
        "durationNs": "600008998",
        "didSwitch": true
      },
      {
        "cause": "NO_DOWNLINK",
        "startTimestampNs": "1400876066760724220",
        "durationNs": "520024426",
        "didSwitch": true
      },
      {
        "cause": "NO_DOWNLINK",
        "startTimestampNs": "1400876104440861433",
        "durationNs": "1019903779",
        "didSwitch": true
      },
      {
        "cause": "NO_DOWNLINK",
        "startTimestampNs": "1400876160520734253",
        "durationNs": "460061233",
        "didSwitch": true
      },
      {
        "cause": "NO_DOWNLINK",
        "startTimestampNs": "1400876272760698495",
        "durationNs": "760080271",
        "didSwitch": true
      },
      {
        "cause": "NO_DOWNLINK",
        "startTimestampNs": "1400876330920784704",
        "durationNs": "580003579",
        "didSwitch": true
      },
      {
        "cause": "NO_DOWNLINK",
        "startTimestampNs": "1400876374920723245",
        "durationNs": "880068220",
        "didSwitch": true
      },
      {
        "cause": "NO_DOWNLINK",
        "startTimestampNs": "1400876562340843491",
        "durationNs": "819926603",
        "didSwitch": true
      },
      {
        "cause": "NO_DOWNLINK",
        "startTimestampNs": "1400876675860656651",
        "durationNs": "660083984",
        "didSwitch": true
      },
      {
        "cause": "NO_DOWNLINK",
        "startTimestampNs": "1400876859920723825",
        "durationNs": "740167889",
        "didSwitch": true
      }
    ]
  }
}
End time: 1716841660199
