Start time: 1716922487790
[2024-05-28 14:55:13.437029] Connecting to host 35.245.244.238, port 5201
[2024-05-28 14:55:13.438433] Reverse mode, remote host 35.245.244.238 is sending
[2024-05-28 14:55:13.438583] [  5] local 100.127.85.72 port 57514 connected to 35.245.244.238 port 5201
[2024-05-28 14:55:13.438701] [ ID] Interval           Transfer     Bitrate         Jitter    Lost/Total Datagrams
[2024-05-28 14:55:13.438825] [  5]   0.00-0.50   sec  2.52 MBytes  42.3 Mbits/sec  0.280 ms  442005/443895 (1e+02%)  
[2024-05-28 14:55:13.438935] [  5]   0.50-1.00   sec  1.98 MBytes  33.2 Mbits/sec  0.264 ms  -1483/0 (0%)  
[2024-05-28 14:55:13.439041] [  5]   1.00-1.50   sec  3.11 MBytes  52.2 Mbits/sec  0.080 ms  -2331/0 (0%)  
[2024-05-28 14:55:13.439147] [  5]   1.50-2.00   sec  3.25 MBytes  54.5 Mbits/sec  0.346 ms  -2434/0 (0%)  
[2024-05-28 14:55:13.439252] [  5]   2.00-2.50   sec  3.17 MBytes  53.1 Mbits/sec  0.104 ms  -2371/0 (0%)  
[2024-05-28 14:55:13.439354] [  5]   2.50-3.00   sec  1.79 MBytes  30.0 Mbits/sec  0.054 ms  -1338/0 (0%)  
[2024-05-28 14:55:13.439455] [  5]   3.00-3.50   sec  2.07 MBytes  34.8 Mbits/sec  0.358 ms  -1553/0 (0%)  
[2024-05-28 14:55:13.439557] [  5]   3.50-4.00   sec  1.61 MBytes  27.1 Mbits/sec  0.109 ms  -1209/0 (0%)  
[2024-05-28 14:55:13.439661] [  5]   4.00-4.50   sec   942 KBytes  15.4 Mbits/sec  0.010 ms  -689/0 (0%)  
[2024-05-28 14:55:13.439761] [  5]   4.50-5.00   sec   718 KBytes  11.8 Mbits/sec  3.073 ms  -525/0 (0%)  
[2024-05-28 14:55:13.439860] [  5]   5.00-5.50   sec  1.21 MBytes  20.4 Mbits/sec  0.398 ms  -910/0 (0%)  
[2024-05-28 14:55:13.439960] [  5]   5.50-6.00   sec  1.17 MBytes  19.6 Mbits/sec  0.134 ms  -873/0 (0%)  
[2024-05-28 14:55:13.440060] [  5]   6.00-6.50   sec   872 KBytes  14.3 Mbits/sec  0.183 ms  -638/0 (0%)  
[2024-05-28 14:55:13.440162] [  5]   6.50-7.00   sec  1.09 MBytes  18.4 Mbits/sec  0.827 ms  -820/0 (0%)  
[2024-05-28 14:55:13.440261] [  5]   7.00-7.50   sec   431 KBytes  7.06 Mbits/sec  11.051 ms  -315/0 (0%)  
[2024-05-28 14:55:13.440363] [  5]   7.50-8.00   sec   446 KBytes  7.30 Mbits/sec  1.006 ms  -326/0 (0%)  
[2024-05-28 14:55:13.440462] [  5]   8.00-8.50   sec   279 KBytes  4.56 Mbits/sec  1.094 ms  -204/0 (0%)  
[2024-05-28 14:55:13.440570] [  5]   8.50-9.00   sec   864 KBytes  14.2 Mbits/sec  1.178 ms  -632/0 (0%)  
[2024-05-28 14:55:13.440668] [  5]   9.00-9.50   sec   824 KBytes  13.5 Mbits/sec  0.019 ms  -603/0 (0%)  
[2024-05-28 14:55:13.440767] [  5]   9.50-10.00  sec   991 KBytes  16.2 Mbits/sec  0.189 ms  -725/0 (0%)  
[2024-05-28 14:55:13.440869] [  5]  10.00-10.50  sec  1.40 MBytes  23.6 Mbits/sec  0.224 ms  -1052/0 (0%)  
[2024-05-28 14:55:13.440968] [  5]  10.50-11.00  sec   425 KBytes  6.96 Mbits/sec  0.635 ms  -311/0 (0%)  
[2024-05-28 14:55:13.441074] [  5]  11.00-11.50  sec  0.00 Bytes  0.00 bits/sec  0.635 ms  0/0 (0%)  
[2024-05-28 14:55:13.441174] [  5]  11.50-12.00  sec  9.57 KBytes   157 Kbits/sec  43.693 ms  -7/0 (0%)  
[2024-05-28 14:55:13.441273] [  5]  12.00-12.50  sec   131 KBytes  2.15 Mbits/sec  2.502 ms  -96/0 (0%)  
[2024-05-28 14:55:13.441371] [  5]  12.50-13.00  sec  1.38 MBytes  23.1 Mbits/sec  0.992 ms  137591/138622 (99%)  
[2024-05-28 14:55:13.441468] [  5]  13.00-13.50  sec  2.22 MBytes  37.3 Mbits/sec  0.167 ms  -1664/0 (0%)  
[2024-05-28 14:55:13.441567] [  5]  13.50-14.00  sec  2.45 MBytes  41.1 Mbits/sec  0.022 ms  -1836/0 (0%)  
[2024-05-28 14:55:13.441746] [  5]  14.00-14.50  sec  2.58 MBytes  43.2 Mbits/sec  0.303 ms  -62/1871 (-3.3%)  
[2024-05-28 14:55:13.441856] [  5]  14.50-15.00  sec  2.64 MBytes  44.4 Mbits/sec  4.807 ms  323/2298 (14%)  
[2024-05-28 14:55:13.441958] [  5]  15.00-15.50  sec  2.00 MBytes  33.5 Mbits/sec  0.121 ms  0/1496 (0%)  
[2024-05-28 14:55:13.442061] [  5]  15.50-16.00  sec  1.48 MBytes  24.8 Mbits/sec  0.096 ms  49/1154 (4.2%)  
[2024-05-28 14:55:13.442164] [  5]  16.00-16.50  sec   711 KBytes  11.6 Mbits/sec  0.605 ms  48/568 (8.5%)  
[2024-05-28 14:55:13.442260] [  5]  16.50-17.00  sec   727 KBytes  11.9 Mbits/sec  0.769 ms  49/581 (8.4%)  
[2024-05-28 14:55:13.442359] [  5]  17.00-17.50  sec  1.09 MBytes  18.2 Mbits/sec  1.870 ms  22/835 (2.6%)  
[2024-05-28 14:55:13.442498] [  5]  17.50-18.00  sec   634 KBytes  10.4 Mbits/sec  0.638 ms  197/661 (30%)  
[2024-05-28 14:55:13.442601] [  5]  18.00-18.50  sec   870 KBytes  14.3 Mbits/sec  0.253 ms  0/636 (0%)  
[2024-05-28 14:55:13.442698] [  5]  18.50-19.00  sec  1.97 MBytes  33.0 Mbits/sec  0.351 ms  0/1472 (0%)  
[2024-05-28 14:55:13.442800] [  5]  19.00-19.50  sec  2.17 MBytes  36.4 Mbits/sec  0.374 ms  0/1624 (0%)  
[2024-05-28 14:55:13.442898] [  5]  19.50-20.00  sec  1.97 MBytes  33.1 Mbits/sec  0.109 ms  192/1669 (12%)  
[2024-05-28 14:55:13.442996] [  5]  20.00-20.50  sec  1.72 MBytes  28.7 Mbits/sec  0.024 ms  218/1503 (15%)  
[2024-05-28 14:55:13.443094] [  5]  20.50-21.00  sec  1.49 MBytes  25.1 Mbits/sec  0.525 ms  281/1399 (20%)  
[2024-05-28 14:55:13.443197] [  5]  21.00-21.50  sec  3.06 MBytes  51.4 Mbits/sec  0.411 ms  9990/12285 (81%)  
[2024-05-28 14:55:13.443298] [  5]  21.50-22.00  sec  1.28 MBytes  21.5 Mbits/sec  0.529 ms  16231/17191 (94%)  
[2024-05-28 14:55:13.443397] [  5]  22.00-22.50  sec  1.11 MBytes  18.7 Mbits/sec  3.088 ms  8222/9057 (91%)  
[2024-05-28 14:55:13.443496] [  5]  22.50-23.00  sec   834 KBytes  13.7 Mbits/sec  3.812 ms  4466/5076 (88%)  
[2024-05-28 14:55:13.443594] [  5]  23.00-23.50  sec   733 KBytes  12.0 Mbits/sec  0.621 ms  7299/7835 (93%)  
[2024-05-28 14:55:13.443693] [  5]  23.50-24.00  sec  1.28 MBytes  21.5 Mbits/sec  0.043 ms  10757/11713 (92%)  
[2024-05-28 14:55:38.438278] [  5]  24.00-24.50  sec   618 KBytes  10.1 Mbits/sec  1.939 ms  4407/4859 (91%)  
[2024-05-28 14:55:38.438673] [  5]  24.50-25.00  sec   522 KBytes  8.55 Mbits/sec  0.137 ms  1850/2232 (83%)  
[2024-05-28 14:55:38.438854] [  5]  25.00-25.50  sec   371 KBytes  6.07 Mbits/sec  2.172 ms  1971/2242 (88%)  
[2024-05-28 14:55:38.438962] [  5]  25.50-26.00  sec   463 KBytes  7.60 Mbits/sec  0.748 ms  7340/7679 (96%)  
[2024-05-28 14:55:38.439063] [  5]  26.00-26.50  sec   228 KBytes  3.74 Mbits/sec  0.296 ms  0/167 (0%)  
[2024-05-28 14:55:38.439163] [  5]  26.50-27.00  sec   290 KBytes  4.75 Mbits/sec  4.081 ms  2178/2390 (91%)  
[2024-05-28 14:55:38.439262] [  5]  27.00-27.50  sec   189 KBytes  3.09 Mbits/sec  5.602 ms  2065/2203 (94%)  
[2024-05-28 14:55:38.439355] [  5]  27.50-28.00  sec  0.00 Bytes  0.00 bits/sec  5.602 ms  0/0 (0%)  
[2024-05-28 14:55:38.439448] [  5]  28.00-28.50  sec  36.9 KBytes   605 Kbits/sec  10.796 ms  2/29 (6.9%)  
[2024-05-28 14:55:38.439543] [  5]  28.50-29.00  sec  0.00 Bytes  0.00 bits/sec  10.796 ms  0/0 (0%)  
[2024-05-28 14:55:38.439638] [  5]  29.00-29.50  sec  52.0 KBytes   850 Kbits/sec  6.709 ms  13/51 (25%)  
[2024-05-28 14:55:38.439732] [  5]  29.50-30.00  sec  0.00 Bytes  0.00 bits/sec  6.709 ms  0/0 (0%)  
[2024-05-28 14:55:38.439827] [  5]  30.00-30.50  sec  0.00 Bytes  0.00 bits/sec  6.709 ms  0/0 (0%)  
[2024-05-28 14:55:38.439924] [  5]  30.50-31.00  sec  0.00 Bytes  0.00 bits/sec  6.709 ms  0/0 (0%)  
[2024-05-28 14:55:38.440018] [  5]  31.00-31.50  sec  0.00 Bytes  0.00 bits/sec  6.709 ms  0/0 (0%)  
[2024-05-28 14:55:38.440114] [  5]  31.50-32.00  sec   221 KBytes  3.64 Mbits/sec  1.136 ms  0/162 (0%)  
[2024-05-28 14:55:38.440207] [  5]  32.00-32.50  sec  1.59 MBytes  26.7 Mbits/sec  0.064 ms  13020/14210 (92%)  
[2024-05-28 14:55:38.440304] [  5]  32.50-33.00  sec   638 KBytes  10.4 Mbits/sec  0.133 ms  13717/14184 (97%)  
[2024-05-28 14:55:38.440401] [  5]  33.00-33.50  sec   913 KBytes  15.0 Mbits/sec  0.670 ms  6628/7296 (91%)  
[2024-05-28 14:55:38.440497] [  5]  33.50-34.00  sec   632 KBytes  10.3 Mbits/sec  0.715 ms  4446/4908 (91%)  
[2024-05-28 14:55:38.440593] [  5]  34.00-34.50  sec   655 KBytes  10.7 Mbits/sec  2.391 ms  8687/9166 (95%)  
[2024-05-28 14:55:38.440690] [  5]  34.50-35.00  sec  1004 KBytes  16.4 Mbits/sec  1.233 ms  25336/26070 (97%)  
[2024-05-28 14:55:38.440784] [  5]  35.00-35.50  sec  1021 KBytes  16.7 Mbits/sec  0.506 ms  34864/35611 (98%)  
[2024-05-28 14:55:38.440879] [  5]  35.50-36.00  sec  1.34 MBytes  22.4 Mbits/sec  0.183 ms  21011/22013 (95%)  
[2024-05-28 14:55:38.441007] [  5]  36.00-36.50  sec   980 KBytes  16.1 Mbits/sec  0.495 ms  30823/31540 (98%)  
[2024-05-28 14:55:38.441112] [  5]  36.50-37.00  sec  1.28 MBytes  21.5 Mbits/sec  0.950 ms  17750/18711 (95%)  
[2024-05-28 14:55:38.441206] [  5]  37.00-37.50  sec  1.25 MBytes  21.0 Mbits/sec  0.235 ms  11256/12192 (92%)  
[2024-05-28 14:55:38.441302] [  5]  37.50-38.00  sec  1.07 MBytes  18.0 Mbits/sec  0.531 ms  11209/12012 (93%)  
[2024-05-28 14:55:38.441397] [  5]  38.00-38.50  sec  1.47 MBytes  24.7 Mbits/sec  0.216 ms  15363/16465 (93%)  
[2024-05-28 14:55:38.441491] [  5]  38.50-39.00  sec  1.43 MBytes  24.0 Mbits/sec  1.057 ms  15027/16100 (93%)  
[2024-05-28 14:55:38.441585] [  5]  39.00-39.50  sec   857 KBytes  14.1 Mbits/sec  1.253 ms  6093/6720 (91%)  
[2024-05-28 14:55:38.441771] [  5]  39.50-40.00  sec   823 KBytes  13.5 Mbits/sec  7.122 ms  7189/7791 (92%)  
[2024-05-28 14:55:38.441877] [  5]  40.00-40.50  sec  1.07 MBytes  17.9 Mbits/sec  0.344 ms  16811/17612 (95%)  
[2024-05-28 14:55:38.441979] [  5]  40.50-41.00  sec   502 KBytes  8.20 Mbits/sec  1.865 ms  4278/4645 (92%)  
[2024-05-28 14:55:38.442077] [  5]  41.00-41.50  sec   418 KBytes  6.87 Mbits/sec  0.480 ms  4474/4780 (94%)  
[2024-05-28 14:55:38.442175] [  5]  41.50-42.00  sec   202 KBytes  3.32 Mbits/sec  2.811 ms  2078/2226 (93%)  
[2024-05-28 14:55:38.442274] [  5]  42.00-42.50  sec   715 KBytes  11.7 Mbits/sec  0.343 ms  6543/7066 (93%)  
[2024-05-28 14:55:38.442371] [  5]  42.50-43.00  sec  1.42 MBytes  23.9 Mbits/sec  0.498 ms  8996/10061 (89%)  
[2024-05-28 14:55:38.442468] [  5]  43.00-43.50  sec  2.52 MBytes  42.3 Mbits/sec  1.293 ms  26007/27896 (93%)  
[2024-05-28 14:55:38.442564] [  5]  43.50-44.00  sec  1.39 MBytes  23.3 Mbits/sec  0.172 ms  30128/31168 (97%)  
[2024-05-28 14:55:38.442658] [  5]  44.00-44.50  sec  1.02 MBytes  17.1 Mbits/sec  0.942 ms  26127/26890 (97%)  
[2024-05-28 14:55:38.442756] [  5]  44.50-45.00  sec   671 KBytes  11.0 Mbits/sec  0.753 ms  10037/10528 (95%)  
[2024-05-28 14:55:38.442850] [  5]  45.00-45.50  sec   364 KBytes  5.95 Mbits/sec  6.538 ms  6538/6804 (96%)  
[2024-05-28 14:55:38.442944] [  5]  45.50-46.00  sec   189 KBytes  3.10 Mbits/sec  13.940 ms  2080/2218 (94%)  
[2024-05-28 14:55:38.443044] [  5]  46.00-46.50  sec   458 KBytes  7.50 Mbits/sec  5.354 ms  10581/10916 (97%)  
[2024-05-28 14:55:38.443138] [  5]  46.50-47.00  sec   656 KBytes  10.8 Mbits/sec  1.620 ms  23873/24353 (98%)  
[2024-05-28 14:55:38.443232] [  5]  47.00-47.50  sec   543 KBytes  8.86 Mbits/sec  2.094 ms  26403/26800 (99%)  
[2024-05-28 14:55:38.443327] [  5]  47.50-48.00  sec  53.3 KBytes   876 Kbits/sec  10.319 ms  0/39 (0%)  
[2024-05-28 14:55:38.443421] [  5]  48.00-48.50  sec  62.9 KBytes  1.03 Mbits/sec  11.728 ms  0/46 (0%)  
[2024-05-28 14:55:38.443516] [  5]  48.50-49.00  sec   107 KBytes  1.75 Mbits/sec  9.303 ms  12789/12867 (99%)  
[2024-05-28 14:55:52.705766] [  5]  49.00-49.50  sec   206 KBytes  3.37 Mbits/sec  0.520 ms  10580/10731 (99%)  
[2024-05-28 14:55:52.705905] [  5]  49.50-50.00  sec  0.00 Bytes  0.00 bits/sec  0.520 ms  0/0 (0%)  
[2024-05-28 14:55:52.705935] [  5]  50.00-50.50  sec  2.23 MBytes  37.5 Mbits/sec  0.219 ms  1033778/1035451 (1e+02%)  
[2024-05-28 14:55:52.705960] [  5]  50.50-51.00  sec  1.14 MBytes  19.1 Mbits/sec  0.681 ms  -853/0 (0%)  
[2024-05-28 14:55:52.705982] [  5]  51.00-51.50  sec  1.34 MBytes  22.4 Mbits/sec  0.181 ms  -1000/0 (0%)  
[2024-05-28 14:55:52.706004] [  5]  51.50-52.00  sec   785 KBytes  12.9 Mbits/sec  0.620 ms  -574/0 (0%)  
[2024-05-28 14:55:52.706025] [  5]  52.00-52.50  sec   898 KBytes  14.7 Mbits/sec  0.774 ms  -657/0 (0%)  
[2024-05-28 14:55:52.706047] [  5]  52.50-53.00  sec  1.17 MBytes  19.6 Mbits/sec  1.053 ms  -875/0 (0%)  
[2024-05-28 14:55:52.706090] [  5]  53.00-53.50  sec   319 KBytes  5.22 Mbits/sec  0.138 ms  -233/0 (0%)  
[2024-05-28 14:55:52.706110] [  5]  53.50-54.00  sec   368 KBytes  6.03 Mbits/sec  1.066 ms  -269/0 (0%)  
[2024-05-28 14:55:52.706132] [  5]  54.00-54.50  sec   499 KBytes  8.17 Mbits/sec  3.181 ms  -102/263 (-39%)  
[2024-05-28 14:55:52.706167] [  5]  54.50-55.00  sec   438 KBytes  7.17 Mbits/sec  0.311 ms  49/369 (13%)  
[2024-05-28 14:55:52.706244] [  5]  55.00-55.50  sec   249 KBytes  4.07 Mbits/sec  2.074 ms  0/182 (0%)  
[2024-05-28 14:55:52.706307] [  5]  55.50-56.00  sec   193 KBytes  3.16 Mbits/sec  3.052 ms  0/141 (0%)  
[2024-05-28 14:55:52.706370] [  5]  56.00-56.50  sec   249 KBytes  4.08 Mbits/sec  8.310 ms  0/182 (0%)  
[2024-05-28 14:55:52.706412] [  5]  56.50-57.00  sec  82.0 KBytes  1.34 Mbits/sec  231.526 ms  -6/54 (-11%)  
[2024-05-28 14:55:52.706433] [  5]  57.00-57.50  sec  0.00 Bytes  0.00 bits/sec  231.526 ms  0/0 (0%)  
[2024-05-28 14:55:52.706453] [  5]  57.50-58.00  sec  12.3 KBytes   202 Kbits/sec  166.859 ms  10/19 (53%)  
[2024-05-28 14:55:52.706474] [  5]  58.00-58.50  sec  0.00 Bytes  0.00 bits/sec  166.859 ms  0/0 (0%)  
[2024-05-28 14:55:52.706584] [  5]  58.50-59.00  sec  0.00 Bytes  0.00 bits/sec  166.859 ms  0/0 (0%)  
[2024-05-28 14:55:52.706605] [  5]  59.00-59.50  sec  0.00 Bytes  0.00 bits/sec  166.859 ms  0/0 (0%)  
[2024-05-28 14:55:52.706626] [  5]  59.50-60.00  sec  0.00 Bytes  0.00 bits/sec  166.859 ms  0/0 (0%)  
[2024-05-28 14:55:52.706646] [  5]  60.00-60.50  sec  0.00 Bytes  0.00 bits/sec  166.859 ms  0/0 (0%)  
[2024-05-28 14:55:52.706668] [  5]  60.50-61.00  sec  0.00 Bytes  0.00 bits/sec  166.859 ms  0/0 (0%)  
[2024-05-28 14:55:52.706690] [  5]  61.00-61.50  sec  0.00 Bytes  0.00 bits/sec  166.859 ms  0/0 (0%)  
[2024-05-28 14:55:52.706710] [  5]  61.50-62.00  sec  0.00 Bytes  0.00 bits/sec  166.859 ms  0/0 (0%)  
[2024-05-28 14:55:52.706730] [  5]  62.00-62.50  sec  0.00 Bytes  0.00 bits/sec  166.859 ms  0/0 (0%)  
[2024-05-28 14:55:52.706751] [  5]  62.50-63.00  sec  0.00 Bytes  0.00 bits/sec  166.859 ms  0/0 (0%)  
[2024-05-28 14:55:52.706771] [  5]  63.00-63.50  sec  0.00 Bytes  0.00 bits/sec  166.859 ms  0/0 (0%)  
[2024-05-28 14:55:52.706792] [  5]  63.00-63.50  sec  0.00 Bytes  0.00 bits/sec  166.859 ms  0/0 (0%)  
End time: 1716922552717
