Start time: 1716996127128
[2024-05-29 11:22:30.910253] Connecting to host 35.245.244.238, port 5203
[2024-05-29 11:22:30.910914] Reverse mode, remote host 35.245.244.238 is sending
[2024-05-29 11:22:30.910984] [  5] local 192.168.1.21 port 47226 connected to 35.245.244.238 port 5203
[2024-05-29 11:22:30.911031] [ ID] Interval           Transfer     Bitrate         Jitter    Lost/Total Datagrams
[2024-05-29 11:22:30.911075] [  5]   0.00-0.50   sec  10.5 MBytes   177 Mbits/sec  0.035 ms  14322/22215 (64%)  
[2024-05-29 11:22:30.911117] [  5]   0.50-1.00   sec  13.0 MBytes   217 Mbits/sec  0.031 ms  12595/22299 (56%)  
[2024-05-29 11:22:30.911164] [  5]   1.00-1.50   sec  12.6 MBytes   211 Mbits/sec  0.047 ms  12930/22348 (58%)  
[2024-05-29 11:22:30.911212] [  5]   1.50-2.00   sec  6.80 MBytes   114 Mbits/sec  0.133 ms  17200/22290 (77%)  
[2024-05-29 11:22:30.911259] [  5]   2.00-2.50   sec  9.40 MBytes   158 Mbits/sec  0.071 ms  15319/22362 (69%)  
[2024-05-29 11:22:30.911306] [  5]   2.50-3.00   sec  12.8 MBytes   214 Mbits/sec  0.022 ms  12761/22321 (57%)  
[2024-05-29 11:22:30.911350] [  5]   3.00-3.50   sec  11.9 MBytes   200 Mbits/sec  0.055 ms  13341/22282 (60%)  
[2024-05-29 11:22:30.911397] [  5]   3.50-4.00   sec  8.27 MBytes   139 Mbits/sec  0.486 ms  16117/22312 (72%)  
[2024-05-29 11:22:30.911442] [  5]   4.00-4.50   sec  11.3 MBytes   189 Mbits/sec  0.034 ms  13914/22371 (62%)  
[2024-05-29 11:22:30.911487] [  5]   4.50-5.00   sec  10.3 MBytes   173 Mbits/sec  0.035 ms  14403/22128 (65%)  
[2024-05-29 11:22:30.911533] [  5]   5.00-5.50   sec  21.9 MBytes   368 Mbits/sec  0.101 ms  6007/22415 (27%)  
[2024-05-29 11:22:30.911577] [  5]   5.50-6.00   sec  22.1 MBytes   370 Mbits/sec  0.218 ms  5651/22186 (25%)  
[2024-05-29 11:22:30.911625] [  5]   6.00-6.50   sec  20.7 MBytes   347 Mbits/sec  0.067 ms  6974/22448 (31%)  
[2024-05-29 11:22:30.911671] [  5]   6.50-7.00   sec  24.7 MBytes   414 Mbits/sec  0.012 ms  3820/22300 (17%)  
[2024-05-29 11:22:30.911716] [  5]   7.00-7.50   sec  23.2 MBytes   388 Mbits/sec  0.012 ms  4904/22245 (22%)  
[2024-05-29 11:22:30.911770] [  5]   7.50-8.00   sec  20.2 MBytes   339 Mbits/sec  0.015 ms  7276/22395 (32%)  
[2024-05-29 11:22:30.911817] [  5]   8.00-8.50   sec  24.0 MBytes   403 Mbits/sec  0.021 ms  4278/22286 (19%)  
[2024-05-29 11:22:30.911862] [  5]   8.50-9.00   sec  24.2 MBytes   406 Mbits/sec  0.055 ms  4195/22319 (19%)  
[2024-05-29 11:22:30.911908] [  5]   9.00-9.50   sec  20.9 MBytes   351 Mbits/sec  0.064 ms  6605/22291 (30%)  
[2024-05-29 11:22:30.911952] [  5]   9.50-10.00  sec  23.3 MBytes   390 Mbits/sec  0.066 ms  4977/22391 (22%)  
[2024-05-29 11:22:30.911998] [  5]  10.00-10.50  sec  23.9 MBytes   401 Mbits/sec  0.027 ms  4348/22230 (20%)  
[2024-05-29 11:22:30.912044] [  5]  10.50-11.00  sec  23.9 MBytes   400 Mbits/sec  0.024 ms  4535/22410 (20%)  
[2024-05-29 11:22:30.912086] [  5]  11.00-11.50  sec  24.5 MBytes   411 Mbits/sec  0.033 ms  3915/22263 (18%)  
[2024-05-29 11:22:30.912132] [  5]  11.50-12.00  sec  24.2 MBytes   406 Mbits/sec  0.038 ms  4261/22384 (19%)  
[2024-05-29 11:22:30.912181] [  5]  12.00-12.50  sec  21.3 MBytes   357 Mbits/sec  0.022 ms  6218/22142 (28%)  
[2024-05-29 11:22:30.912229] [  5]  12.50-13.00  sec  24.1 MBytes   404 Mbits/sec  0.013 ms  4460/22506 (20%)  
[2024-05-29 11:22:30.912277] [  5]  13.00-13.50  sec  22.2 MBytes   373 Mbits/sec  0.040 ms  5642/22300 (25%)  
[2024-05-29 11:22:30.912325] [  5]  13.50-14.00  sec  24.0 MBytes   403 Mbits/sec  0.037 ms  4338/22323 (19%)  
[2024-05-29 11:22:30.912370] [  5]  14.00-14.50  sec  19.0 MBytes   319 Mbits/sec  0.041 ms  7909/22169 (36%)  
[2024-05-29 11:22:30.912415] [  5]  14.50-15.00  sec  20.1 MBytes   337 Mbits/sec  0.009 ms  7391/22454 (33%)  
[2024-05-29 11:22:30.912458] [  5]  15.00-15.50  sec  21.1 MBytes   354 Mbits/sec  0.020 ms  6555/22350 (29%)  
[2024-05-29 11:22:30.912501] [  5]  15.50-16.00  sec  19.8 MBytes   333 Mbits/sec  0.055 ms  7447/22305 (33%)  
[2024-05-29 11:22:30.912543] [  5]  16.00-16.50  sec  18.5 MBytes   311 Mbits/sec  0.076 ms  8454/22320 (38%)  
[2024-05-29 11:22:30.912618] [  5]  16.50-17.00  sec  23.4 MBytes   392 Mbits/sec  0.055 ms  4823/22318 (22%)  
[2024-05-29 11:22:30.912662] [  5]  17.00-17.50  sec  22.3 MBytes   374 Mbits/sec  0.051 ms  5632/22322 (25%)  
[2024-05-29 11:22:30.912767] [  5]  17.50-18.00  sec  24.1 MBytes   404 Mbits/sec  0.021 ms  4328/22342 (19%)  
[2024-05-29 11:22:30.912815] [  5]  18.00-18.50  sec  22.7 MBytes   382 Mbits/sec  0.029 ms  5279/22316 (24%)  
[2024-05-29 11:22:30.912860] [  5]  18.50-19.00  sec  24.2 MBytes   406 Mbits/sec  0.007 ms  4174/22298 (19%)  
[2024-05-29 11:22:30.912904] [  5]  19.00-19.50  sec  21.6 MBytes   362 Mbits/sec  0.057 ms  6102/22243 (27%)  
[2024-05-29 11:22:30.912949] [  5]  19.50-20.00  sec  16.3 MBytes   273 Mbits/sec  0.064 ms  10184/22369 (46%)  
[2024-05-29 11:22:30.912991] [  5]  20.00-20.50  sec  7.76 MBytes   130 Mbits/sec  0.025 ms  16524/22335 (74%)  
[2024-05-29 11:22:30.913033] [  5]  20.50-21.00  sec  12.8 MBytes   214 Mbits/sec  0.026 ms  12749/22314 (57%)  
[2024-05-29 11:22:30.913074] [  5]  21.00-21.50  sec  12.9 MBytes   217 Mbits/sec  0.043 ms  12644/22322 (57%)  
[2024-05-29 11:22:30.913115] [  5]  21.50-22.00  sec  15.1 MBytes   254 Mbits/sec  0.016 ms  11004/22332 (49%)  
[2024-05-29 11:22:30.913156] [  5]  22.00-22.50  sec  13.6 MBytes   228 Mbits/sec  0.040 ms  12121/22307 (54%)  
[2024-05-29 11:22:30.913197] [  5]  22.50-23.00  sec  13.8 MBytes   232 Mbits/sec  0.049 ms  11962/22317 (54%)  
[2024-05-29 11:22:55.410824] [  5]  23.00-23.50  sec  13.0 MBytes   218 Mbits/sec  0.015 ms  12456/22174 (56%)  
[2024-05-29 11:22:55.411334] [  5]  23.50-24.00  sec  12.0 MBytes   201 Mbits/sec  0.032 ms  13335/22322 (60%)  
[2024-05-29 11:22:55.411458] [  5]  24.00-24.50  sec  16.1 MBytes   269 Mbits/sec  0.015 ms  10435/22463 (46%)  
[2024-05-29 11:22:55.411548] [  5]  24.50-25.00  sec  15.5 MBytes   260 Mbits/sec  0.021 ms  10686/22306 (48%)  
[2024-05-29 11:22:55.411634] [  5]  25.00-25.50  sec  14.7 MBytes   247 Mbits/sec  0.038 ms  11164/22188 (50%)  
[2024-05-29 11:22:55.411716] [  5]  25.50-26.00  sec  15.6 MBytes   262 Mbits/sec  0.010 ms  10793/22461 (48%)  
[2024-05-29 11:22:55.411798] [  5]  26.00-26.50  sec  15.5 MBytes   260 Mbits/sec  0.040 ms  10731/22342 (48%)  
[2024-05-29 11:22:55.411880] [  5]  26.50-27.00  sec  15.3 MBytes   256 Mbits/sec  0.030 ms  10883/22322 (49%)  
[2024-05-29 11:22:55.411965] [  5]  27.00-27.50  sec  14.8 MBytes   249 Mbits/sec  0.058 ms  11210/22316 (50%)  
[2024-05-29 11:22:55.412051] [  5]  27.50-28.00  sec  15.1 MBytes   254 Mbits/sec  0.015 ms  10819/22161 (49%)  
[2024-05-29 11:22:55.412138] [  5]  28.00-28.50  sec  11.8 MBytes   198 Mbits/sec  0.013 ms  13512/22331 (61%)  
[2024-05-29 11:22:55.412225] [  5]  28.50-29.00  sec  14.0 MBytes   234 Mbits/sec  0.044 ms  11686/22146 (53%)  
[2024-05-29 11:22:55.412309] [  5]  29.00-29.50  sec  13.7 MBytes   229 Mbits/sec  0.019 ms  12409/22634 (55%)  
[2024-05-29 11:22:55.412389] [  5]  29.50-30.00  sec  13.8 MBytes   231 Mbits/sec  0.111 ms  11924/22239 (54%)  
[2024-05-29 11:22:55.412471] [  5]  30.00-30.50  sec  14.4 MBytes   241 Mbits/sec  0.051 ms  11574/22335 (52%)  
[2024-05-29 11:22:55.412551] [  5]  30.50-31.00  sec  14.5 MBytes   244 Mbits/sec  0.038 ms  11476/22369 (51%)  
[2024-05-29 11:22:55.412634] [  5]  31.00-31.50  sec  15.1 MBytes   253 Mbits/sec  0.128 ms  11031/22321 (49%)  
[2024-05-29 11:22:55.412962] [  5]  31.50-32.00  sec  14.1 MBytes   236 Mbits/sec  0.031 ms  11834/22362 (53%)  
[2024-05-29 11:22:55.413068] [  5]  32.00-32.50  sec  14.5 MBytes   244 Mbits/sec  0.019 ms  11437/22332 (51%)  
[2024-05-29 11:22:55.413153] [  5]  32.50-33.00  sec  12.8 MBytes   214 Mbits/sec  0.039 ms  12589/22154 (57%)  
[2024-05-29 11:22:55.413235] [  5]  33.00-33.50  sec  13.7 MBytes   230 Mbits/sec  0.033 ms  12058/22311 (54%)  
[2024-05-29 11:22:55.413317] [  5]  33.50-34.00  sec  15.2 MBytes   255 Mbits/sec  0.080 ms  11093/22478 (49%)  
[2024-05-29 11:22:55.413396] [  5]  34.00-34.50  sec  15.5 MBytes   259 Mbits/sec  0.017 ms  10687/22272 (48%)  
[2024-05-29 11:22:55.413475] [  5]  34.50-35.00  sec  12.0 MBytes   201 Mbits/sec  0.052 ms  13574/22555 (60%)  
[2024-05-29 11:22:55.413598] [  5]  35.00-35.50  sec  9.75 MBytes   164 Mbits/sec  0.031 ms  14980/22286 (67%)  
[2024-05-29 11:22:55.413682] [  5]  35.50-36.00  sec  18.0 MBytes   303 Mbits/sec  0.031 ms  8320/21831 (38%)  
[2024-05-29 11:22:55.413763] [  5]  36.00-36.50  sec  18.6 MBytes   311 Mbits/sec  0.019 ms  8938/22834 (39%)  
[2024-05-29 11:22:55.413846] [  5]  36.50-37.00  sec  14.1 MBytes   236 Mbits/sec  0.059 ms  11798/22334 (53%)  
[2024-05-29 11:22:55.413929] [  5]  37.00-37.50  sec  14.7 MBytes   247 Mbits/sec  0.031 ms  11269/22294 (51%)  
[2024-05-29 11:22:55.414008] [  5]  37.50-38.00  sec  20.1 MBytes   337 Mbits/sec  0.054 ms  7323/22387 (33%)  
[2024-05-29 11:22:55.414091] [  5]  38.00-38.50  sec  18.4 MBytes   309 Mbits/sec  0.085 ms  8474/22263 (38%)  
[2024-05-29 11:22:55.414169] [  5]  38.50-39.00  sec  17.6 MBytes   296 Mbits/sec  0.101 ms  8983/22193 (40%)  
[2024-05-29 11:22:55.414255] [  5]  39.00-39.50  sec  19.6 MBytes   328 Mbits/sec  0.034 ms  7787/22432 (35%)  
[2024-05-29 11:22:55.414339] [  5]  39.50-40.00  sec  21.2 MBytes   356 Mbits/sec  0.097 ms  6376/22257 (29%)  
[2024-05-29 11:22:55.414422] [  5]  40.00-40.50  sec  16.9 MBytes   283 Mbits/sec  0.040 ms  9627/22273 (43%)  
[2024-05-29 11:22:55.414504] [  5]  40.50-41.00  sec  19.0 MBytes   319 Mbits/sec  0.052 ms  8217/22471 (37%)  
[2024-05-29 11:22:55.414589] [  5]  41.00-41.50  sec  21.7 MBytes   364 Mbits/sec  0.024 ms  6031/22288 (27%)  
[2024-05-29 11:22:55.414670] [  5]  41.50-42.00  sec  21.0 MBytes   352 Mbits/sec  0.018 ms  6557/22289 (29%)  
[2024-05-29 11:22:55.414756] [  5]  42.00-42.50  sec  19.4 MBytes   325 Mbits/sec  0.043 ms  7837/22347 (35%)  
[2024-05-29 11:22:55.414836] [  5]  42.50-43.00  sec  17.0 MBytes   286 Mbits/sec  0.026 ms  9590/22341 (43%)  
[2024-05-29 11:22:55.414917] [  5]  43.00-43.50  sec  13.6 MBytes   228 Mbits/sec  0.029 ms  12041/22231 (54%)  
[2024-05-29 11:22:55.414997] [  5]  43.50-44.00  sec  20.6 MBytes   345 Mbits/sec  0.010 ms  6932/22340 (31%)  
[2024-05-29 11:22:55.415076] [  5]  44.00-44.50  sec  17.8 MBytes   298 Mbits/sec  0.039 ms  9064/22383 (40%)  
[2024-05-29 11:22:55.415159] [  5]  44.50-45.00  sec  19.4 MBytes   326 Mbits/sec  0.046 ms  7453/22000 (34%)  
[2024-05-29 11:22:55.415239] [  5]  45.00-45.50  sec  14.8 MBytes   247 Mbits/sec  0.059 ms  11572/22622 (51%)  
[2024-05-29 11:22:55.415319] [  5]  45.50-46.00  sec  21.0 MBytes   352 Mbits/sec  0.030 ms  6628/22337 (30%)  
[2024-05-29 11:22:55.415402] [  5]  46.00-46.50  sec  20.3 MBytes   340 Mbits/sec  0.017 ms  7125/22313 (32%)  
[2024-05-29 11:22:55.415481] [  5]  46.50-47.00  sec  22.2 MBytes   373 Mbits/sec  0.052 ms  5723/22368 (26%)  
[2024-05-29 11:22:55.415561] [  5]  47.00-47.50  sec  19.1 MBytes   320 Mbits/sec  0.050 ms  7882/22183 (36%)  
[2024-05-29 11:23:19.910181] [  5]  47.50-48.00  sec  17.4 MBytes   292 Mbits/sec  0.010 ms  9162/22216 (41%)  
[2024-05-29 11:23:19.910335] [  5]  48.00-48.50  sec  19.7 MBytes   330 Mbits/sec  0.051 ms  7716/22468 (34%)  
[2024-05-29 11:23:19.910378] [  5]  48.50-49.00  sec  13.2 MBytes   222 Mbits/sec  0.033 ms  12322/22242 (55%)  
[2024-05-29 11:23:19.910414] [  5]  49.00-49.50  sec  16.7 MBytes   281 Mbits/sec  0.027 ms  9897/22422 (44%)  
[2024-05-29 11:23:19.910448] [  5]  49.50-50.00  sec  16.2 MBytes   273 Mbits/sec  0.015 ms  10037/22205 (45%)  
[2024-05-29 11:23:19.910480] [  5]  50.00-50.50  sec  15.9 MBytes   266 Mbits/sec  0.016 ms  10614/22490 (47%)  
[2024-05-29 11:23:19.910515] [  5]  50.50-51.00  sec  22.5 MBytes   377 Mbits/sec  0.027 ms  5470/22293 (25%)  
[2024-05-29 11:23:19.910549] [  5]  51.00-51.50  sec  23.0 MBytes   385 Mbits/sec  0.082 ms  5129/22331 (23%)  
[2024-05-29 11:23:19.910582] [  5]  51.50-52.00  sec  23.4 MBytes   392 Mbits/sec  0.013 ms  4801/22294 (22%)  
[2024-05-29 11:23:19.910614] [  5]  52.00-52.50  sec  23.0 MBytes   387 Mbits/sec  0.036 ms  5099/22360 (23%)  
[2024-05-29 11:23:19.910647] [  5]  52.50-53.00  sec  22.3 MBytes   374 Mbits/sec  0.025 ms  5564/22278 (25%)  
[2024-05-29 11:23:19.910694] [  5]  53.00-53.50  sec  24.6 MBytes   412 Mbits/sec  0.063 ms  3939/22341 (18%)  
[2024-05-29 11:23:19.910728] [  5]  53.50-54.00  sec  23.9 MBytes   401 Mbits/sec  0.021 ms  4390/22301 (20%)  
[2024-05-29 11:23:19.910761] [  5]  54.00-54.50  sec  23.3 MBytes   390 Mbits/sec  0.027 ms  4938/22368 (22%)  
[2024-05-29 11:23:19.910792] [  5]  54.50-55.00  sec  22.0 MBytes   369 Mbits/sec  0.070 ms  5784/22276 (26%)  
[2024-05-29 11:23:19.910828] [  5]  55.00-55.50  sec  21.3 MBytes   358 Mbits/sec  0.027 ms  6215/22188 (28%)  
[2024-05-29 11:23:19.910862] [  5]  55.50-56.00  sec  21.2 MBytes   356 Mbits/sec  0.028 ms  6552/22450 (29%)  
[2024-05-29 11:23:19.910895] [  5]  56.00-56.50  sec  23.1 MBytes   387 Mbits/sec  0.027 ms  5075/22368 (23%)  
[2024-05-29 11:23:19.910928] [  5]  56.50-57.00  sec  23.0 MBytes   387 Mbits/sec  0.014 ms  5078/22333 (23%)  
[2024-05-29 11:23:19.910958] [  5]  57.00-57.50  sec  22.8 MBytes   382 Mbits/sec  0.052 ms  5146/22204 (23%)  
[2024-05-29 11:23:19.910989] [  5]  57.50-58.00  sec  22.7 MBytes   381 Mbits/sec  0.016 ms  5374/22390 (24%)  
[2024-05-29 11:23:19.911019] [  5]  58.00-58.50  sec  22.0 MBytes   370 Mbits/sec  0.036 ms  5843/22356 (26%)  
[2024-05-29 11:23:19.911050] [  5]  58.50-59.00  sec  20.4 MBytes   342 Mbits/sec  0.046 ms  7057/22314 (32%)  
[2024-05-29 11:23:19.911080] [  5]  59.00-59.50  sec  21.8 MBytes   366 Mbits/sec  0.056 ms  5988/22324 (27%)  
[2024-05-29 11:23:19.911112] [  5]  59.50-60.00  sec  20.6 MBytes   346 Mbits/sec  0.015 ms  6849/22289 (31%)  
[2024-05-29 11:23:19.911144] [  5]  60.00-60.50  sec  24.5 MBytes   411 Mbits/sec  0.046 ms  4043/22392 (18%)  
[2024-05-29 11:23:19.911174] [  5]  60.50-61.00  sec  23.6 MBytes   395 Mbits/sec  0.028 ms  4615/22264 (21%)  
[2024-05-29 11:23:19.911206] [  5]  61.00-61.50  sec  21.4 MBytes   360 Mbits/sec  0.014 ms  6162/22223 (28%)  
[2024-05-29 11:23:19.911237] [  5]  61.50-62.00  sec  22.8 MBytes   382 Mbits/sec  0.020 ms  5335/22402 (24%)  
[2024-05-29 11:23:19.911268] [  5]  62.00-62.50  sec  23.2 MBytes   389 Mbits/sec  0.023 ms  4987/22367 (22%)  
[2024-05-29 11:23:19.911299] [  5]  62.50-63.00  sec  21.8 MBytes   365 Mbits/sec  0.030 ms  6010/22302 (27%)  
[2024-05-29 11:23:19.911329] [  5]  63.00-63.50  sec  19.9 MBytes   334 Mbits/sec  0.035 ms  7401/22312 (33%)  
[2024-05-29 11:23:19.911360] [  5]  63.50-64.00  sec  21.4 MBytes   360 Mbits/sec  0.049 ms  6254/22307 (28%)  
[2024-05-29 11:23:19.911389] [  5]  64.00-64.50  sec  20.6 MBytes   346 Mbits/sec  0.043 ms  6835/22262 (31%)  
[2024-05-29 11:23:19.911419] [  5]  64.50-65.00  sec  15.6 MBytes   262 Mbits/sec  0.194 ms  10611/22300 (48%)  
[2024-05-29 11:23:19.911450] [  5]  65.00-65.50  sec  2.87 MBytes  48.2 Mbits/sec  0.247 ms  20173/22323 (90%)  
[2024-05-29 11:23:19.911481] [  5]  65.50-66.00  sec  3.14 MBytes  52.6 Mbits/sec  0.014 ms  20202/22551 (90%)  
[2024-05-29 11:23:19.911511] [  5]  66.00-66.50  sec  8.09 MBytes   136 Mbits/sec  0.164 ms  15990/22046 (73%)  
[2024-05-29 11:23:19.911543] [  5]  66.50-67.00  sec  8.44 MBytes   142 Mbits/sec  0.015 ms  16101/22425 (72%)  
[2024-05-29 11:23:19.911575] [  5]  67.00-67.50  sec  10.1 MBytes   169 Mbits/sec  0.066 ms  14817/22347 (66%)  
[2024-05-29 11:23:19.911605] [  5]  67.50-68.00  sec  13.0 MBytes   219 Mbits/sec  0.074 ms  12632/22395 (56%)  
[2024-05-29 11:23:19.911635] [  5]  68.00-68.50  sec  9.99 MBytes   168 Mbits/sec  0.035 ms  14885/22370 (67%)  
[2024-05-29 11:23:19.911666] [  5]  68.50-69.00  sec  6.25 MBytes   105 Mbits/sec  0.053 ms  17495/22177 (79%)  
[2024-05-29 11:23:19.911699] [  5]  69.00-69.50  sec  10.4 MBytes   175 Mbits/sec  0.093 ms  14518/22323 (65%)  
[2024-05-29 11:23:19.911731] [  5]  69.50-70.00  sec  10.9 MBytes   184 Mbits/sec  0.021 ms  14200/22396 (63%)  
[2024-05-29 11:23:19.911763] [  5]  70.00-70.50  sec  7.96 MBytes   134 Mbits/sec  0.077 ms  16396/22359 (73%)  
[2024-05-29 11:23:19.911794] [  5]  70.50-71.00  sec  2.44 MBytes  41.0 Mbits/sec  0.013 ms  20368/22198 (92%)  
[2024-05-29 11:23:19.911826] [  5]  71.00-71.50  sec  9.41 MBytes   158 Mbits/sec  0.098 ms  15327/22377 (68%)  
[2024-05-29 11:23:19.911864] [  5]  71.50-72.00  sec  8.99 MBytes   151 Mbits/sec  0.025 ms  15654/22390 (70%)  
[2024-05-29 11:23:44.410843] [  5]  72.00-72.50  sec  12.5 MBytes   210 Mbits/sec  0.043 ms  12973/22354 (58%)  
[2024-05-29 11:23:44.411334] [  5]  72.50-73.00  sec  11.7 MBytes   196 Mbits/sec  0.009 ms  13392/22164 (60%)  
[2024-05-29 11:23:44.411448] [  5]  73.00-73.50  sec  12.9 MBytes   217 Mbits/sec  0.030 ms  12638/22325 (57%)  
[2024-05-29 11:23:44.411537] [  5]  73.50-74.00  sec  8.33 MBytes   140 Mbits/sec  0.031 ms  16190/22427 (72%)  
[2024-05-29 11:23:44.411619] [  5]  74.00-74.50  sec  7.22 MBytes   121 Mbits/sec  0.014 ms  16981/22391 (76%)  
[2024-05-29 11:23:44.411700] [  5]  74.50-75.00  sec  10.2 MBytes   171 Mbits/sec  0.014 ms  14504/22140 (66%)  
[2024-05-29 11:23:44.411780] [  5]  75.00-75.50  sec  9.27 MBytes   156 Mbits/sec  0.021 ms  15430/22376 (69%)  
[2024-05-29 11:23:44.411862] [  5]  75.50-76.00  sec  8.45 MBytes   142 Mbits/sec  0.035 ms  16031/22357 (72%)  
[2024-05-29 11:23:44.411962] [  5]  76.00-76.50  sec  13.4 MBytes   225 Mbits/sec  0.063 ms  12317/22375 (55%)  
[2024-05-29 11:23:44.412059] [  5]  76.50-77.00  sec  12.7 MBytes   213 Mbits/sec  0.067 ms  12857/22348 (58%)  
[2024-05-29 11:23:44.412153] [  5]  77.00-77.50  sec  13.2 MBytes   221 Mbits/sec  0.059 ms  12312/22163 (56%)  
[2024-05-29 11:23:44.412250] [  5]  77.50-78.00  sec  12.5 MBytes   210 Mbits/sec  0.053 ms  12982/22376 (58%)  
[2024-05-29 11:23:44.412337] [  5]  78.00-78.50  sec  12.2 MBytes   204 Mbits/sec  0.024 ms  13288/22392 (59%)  
[2024-05-29 11:23:44.412417] [  5]  78.50-79.00  sec  12.0 MBytes   201 Mbits/sec  0.018 ms  13398/22353 (60%)  
[2024-05-29 11:23:44.412500] [  5]  79.00-79.50  sec  13.6 MBytes   228 Mbits/sec  0.100 ms  12046/22207 (54%)  
[2024-05-29 11:23:44.412598] [  5]  79.50-80.00  sec  6.00 MBytes   101 Mbits/sec  0.283 ms  17774/22265 (80%)  
[2024-05-29 11:23:44.412807] [  5]  80.00-80.50  sec  9.47 MBytes   159 Mbits/sec  0.041 ms  13242/20332 (65%)  
[2024-05-29 11:23:44.412902] [  5]  80.50-81.00  sec  16.6 MBytes   279 Mbits/sec  0.027 ms  11960/24430 (49%)  
[2024-05-29 11:23:44.412983] [  5]  81.00-81.50  sec  20.8 MBytes   349 Mbits/sec  0.010 ms  6741/22340 (30%)  
[2024-05-29 11:23:44.413062] [  5]  81.50-82.00  sec  18.4 MBytes   309 Mbits/sec  0.035 ms  8405/22195 (38%)  
[2024-05-29 11:23:44.413149] [  5]  82.00-82.50  sec  17.4 MBytes   291 Mbits/sec  0.043 ms  9320/22332 (42%)  
[2024-05-29 11:23:44.413228] [  5]  82.50-83.00  sec  20.0 MBytes   336 Mbits/sec  0.011 ms  7359/22356 (33%)  
[2024-05-29 11:23:44.413309] [  5]  83.00-83.50  sec  18.3 MBytes   308 Mbits/sec  0.022 ms  8554/22295 (38%)  
[2024-05-29 11:23:44.413388] [  5]  83.50-84.00  sec  14.4 MBytes   241 Mbits/sec  0.036 ms  11518/22282 (52%)  
[2024-05-29 11:23:44.413472] [  5]  84.00-84.50  sec  18.6 MBytes   312 Mbits/sec  0.047 ms  8455/22365 (38%)  
[2024-05-29 11:23:44.413551] [  5]  84.50-85.00  sec  19.9 MBytes   335 Mbits/sec  0.042 ms  7466/22399 (33%)  
[2024-05-29 11:23:44.413629] [  5]  85.00-85.50  sec  17.3 MBytes   290 Mbits/sec  0.014 ms  9346/22300 (42%)  
[2024-05-29 11:23:44.413707] [  5]  85.50-86.00  sec  18.0 MBytes   303 Mbits/sec  0.089 ms  8714/22229 (39%)  
[2024-05-29 11:23:44.413785] [  5]  86.00-86.50  sec  17.5 MBytes   293 Mbits/sec  0.017 ms  9264/22334 (41%)  
[2024-05-29 11:23:44.413864] [  5]  86.50-87.00  sec  18.7 MBytes   313 Mbits/sec  0.019 ms  8406/22398 (38%)  
[2024-05-29 11:23:44.413940] [  5]  87.00-87.50  sec  17.2 MBytes   288 Mbits/sec  0.054 ms  9405/22254 (42%)  
[2024-05-29 11:23:44.414018] [  5]  87.50-88.00  sec  17.2 MBytes   289 Mbits/sec  0.070 ms  9423/22328 (42%)  
[2024-05-29 11:23:44.414104] [  5]  88.00-88.50  sec  19.2 MBytes   322 Mbits/sec  0.018 ms  7971/22334 (36%)  
[2024-05-29 11:23:44.414197] [  5]  88.50-89.00  sec  18.3 MBytes   308 Mbits/sec  0.099 ms  8545/22279 (38%)  
[2024-05-29 11:23:44.414291] [  5]  89.00-89.50  sec  15.3 MBytes   257 Mbits/sec  0.015 ms  10911/22363 (49%)  
[2024-05-29 11:23:44.414431] [  5]  89.50-90.00  sec  14.2 MBytes   238 Mbits/sec  0.042 ms  11669/22305 (52%)  
[2024-05-29 11:23:44.414515] [  5]  90.00-90.50  sec  18.7 MBytes   314 Mbits/sec  0.026 ms  8307/22325 (37%)  
[2024-05-29 11:23:44.414594] [  5]  90.50-91.00  sec  17.5 MBytes   293 Mbits/sec  0.023 ms  9236/22325 (41%)  
[2024-05-29 11:23:44.414672] [  5]  91.00-91.50  sec  16.9 MBytes   283 Mbits/sec  0.049 ms  9646/22280 (43%)  
[2024-05-29 11:23:44.414750] [  5]  91.50-92.00  sec  14.2 MBytes   238 Mbits/sec  0.054 ms  11727/22354 (52%)  
[2024-05-29 11:23:44.414839] [  5]  92.00-92.50  sec  13.4 MBytes   225 Mbits/sec  0.032 ms  12186/22251 (55%)  
[2024-05-29 11:23:44.414918] [  5]  92.50-93.00  sec  17.3 MBytes   289 Mbits/sec  0.081 ms  9426/22350 (42%)  
[2024-05-29 11:23:44.415001] [  5]  93.00-93.50  sec  15.7 MBytes   264 Mbits/sec  0.017 ms  10591/22383 (47%)  
[2024-05-29 11:23:44.415079] [  5]  93.50-94.00  sec  15.3 MBytes   256 Mbits/sec  0.054 ms  10867/22301 (49%)  
[2024-05-29 11:23:44.415157] [  5]  94.00-94.50  sec  16.3 MBytes   273 Mbits/sec  0.022 ms  10128/22313 (45%)  
[2024-05-29 11:23:44.415233] [  5]  94.50-95.00  sec  14.3 MBytes   241 Mbits/sec  0.329 ms  11448/22188 (52%)  
[2024-05-29 11:23:44.415312] [  5]  95.00-95.50  sec  9.27 MBytes   155 Mbits/sec  0.018 ms  15451/22397 (69%)  
[2024-05-29 11:23:44.415392] [  5]  95.50-96.00  sec  1.04 MBytes  17.5 Mbits/sec  0.115 ms  22344/23123 (97%)  
[2024-05-29 11:23:44.415469] [  5]  96.00-96.50  sec  8.23 MBytes   138 Mbits/sec  0.221 ms  14868/21035 (71%)  
[2024-05-29 11:24:07.864884] [  5]  96.50-97.00  sec  9.83 MBytes   165 Mbits/sec  0.069 ms  15623/22984 (68%)  
[2024-05-29 11:24:07.865428] [  5]  97.00-97.50  sec  12.9 MBytes   217 Mbits/sec  0.088 ms  12637/22327 (57%)  
[2024-05-29 11:24:07.865577] [  5]  97.50-98.00  sec  11.5 MBytes   193 Mbits/sec  0.047 ms  13539/22152 (61%)  
[2024-05-29 11:24:07.865697] [  5]  98.00-98.50  sec  14.4 MBytes   241 Mbits/sec  0.062 ms  11722/22487 (52%)  
[2024-05-29 11:24:07.865923] [  5]  98.50-99.00  sec  7.03 MBytes   118 Mbits/sec  0.239 ms  16955/22219 (76%)  
[2024-05-29 11:24:07.866032] [  5]  99.00-99.50  sec  2.37 MBytes  39.7 Mbits/sec  0.146 ms  20603/22377 (92%)  
[2024-05-29 11:24:07.866142] [  5]  99.50-100.00 sec  5.96 MBytes   100 Mbits/sec  0.041 ms  17708/22174 (80%)  
[2024-05-29 11:24:07.866253] [  5] 100.00-100.50 sec  4.80 MBytes  80.6 Mbits/sec  0.051 ms  18939/22536 (84%)  
[2024-05-29 11:24:07.866550] [  5] 100.50-101.00 sec  13.5 MBytes   226 Mbits/sec  0.024 ms  12226/22309 (55%)  
[2024-05-29 11:24:07.866751] [  5] 101.00-101.50 sec  17.8 MBytes   298 Mbits/sec  0.060 ms  8930/22243 (40%)  
[2024-05-29 11:24:07.867040] [  5] 101.50-102.00 sec  16.5 MBytes   276 Mbits/sec  0.057 ms  10081/22408 (45%)  
[2024-05-29 11:24:07.867260] [  5] 102.00-102.50 sec  13.0 MBytes   217 Mbits/sec  0.017 ms  12598/22307 (56%)  
[2024-05-29 11:24:07.867374] [  5] 102.50-103.00 sec  15.7 MBytes   263 Mbits/sec  0.018 ms  10556/22319 (47%)  
[2024-05-29 11:24:07.867482] [  5] 103.00-103.50 sec  15.1 MBytes   253 Mbits/sec  0.052 ms  11026/22341 (49%)  
[2024-05-29 11:24:07.867597] [  5] 103.50-104.00 sec  14.8 MBytes   249 Mbits/sec  0.036 ms  11184/22293 (50%)  
[2024-05-29 11:24:07.867710] [  5] 104.00-104.50 sec  12.0 MBytes   201 Mbits/sec  0.016 ms  13361/22339 (60%)  
[2024-05-29 11:24:07.867813] [  5] 104.50-105.00 sec  6.83 MBytes   115 Mbits/sec  0.179 ms  17161/22280 (77%)  
[2024-05-29 11:24:07.867898] [  5] 105.00-105.50 sec  10.0 MBytes   168 Mbits/sec  0.004 ms  14861/22362 (66%)  
[2024-05-29 11:24:07.867982] [  5] 105.50-106.00 sec  15.9 MBytes   266 Mbits/sec  0.032 ms  10371/22253 (47%)  
[2024-05-29 11:24:07.868065] [  5] 106.00-106.50 sec  15.9 MBytes   266 Mbits/sec  0.021 ms  10484/22376 (47%)  
[2024-05-29 11:24:07.868148] [  5] 106.50-107.00 sec  14.8 MBytes   249 Mbits/sec  0.021 ms  11197/22297 (50%)  
[2024-05-29 11:24:07.868234] [  5] 107.00-107.50 sec  18.4 MBytes   309 Mbits/sec  0.028 ms  8533/22345 (38%)  
[2024-05-29 11:24:07.868346] [  5] 107.50-108.00 sec  16.4 MBytes   275 Mbits/sec  0.033 ms  10086/22360 (45%)  
[2024-05-29 11:24:07.868433] [  5] 108.00-108.50 sec  19.3 MBytes   324 Mbits/sec  0.037 ms  7836/22279 (35%)  
[2024-05-29 11:24:07.868515] [  5] 108.50-109.00 sec  15.0 MBytes   251 Mbits/sec  0.042 ms  11074/22291 (50%)  
[2024-05-29 11:24:07.868602] [  5] 109.00-109.50 sec  15.3 MBytes   257 Mbits/sec  0.100 ms  10864/22321 (49%)  
[2024-05-29 11:24:07.868744] [  5] 109.50-110.00 sec  10.6 MBytes   179 Mbits/sec  0.093 ms  12950/20919 (62%)  
[2024-05-29 11:24:07.868843] [  5] 110.00-110.50 sec  19.1 MBytes   321 Mbits/sec  0.021 ms  8378/22695 (37%)  
[2024-05-29 11:24:07.868926] [  5] 110.50-111.00 sec  21.1 MBytes   354 Mbits/sec  0.017 ms  7496/23304 (32%)  
[2024-05-29 11:24:07.869006] [  5] 111.00-111.50 sec  21.1 MBytes   354 Mbits/sec  0.119 ms  6439/22245 (29%)  
[2024-05-29 11:24:07.869086] [  5] 111.50-112.00 sec  20.3 MBytes   341 Mbits/sec  0.033 ms  7156/22361 (32%)  
[2024-05-29 11:24:07.869166] [  5] 112.00-112.50 sec  15.2 MBytes   256 Mbits/sec  0.011 ms  10866/22273 (49%)  
[2024-05-29 11:24:07.869243] [  5] 112.50-113.00 sec  21.1 MBytes   353 Mbits/sec  0.094 ms  6616/22392 (30%)  
[2024-05-29 11:24:07.869320] [  5] 113.00-113.50 sec  20.3 MBytes   341 Mbits/sec  0.025 ms  7111/22322 (32%)  
[2024-05-29 11:24:07.869458] [  5] 113.50-114.00 sec  17.9 MBytes   300 Mbits/sec  0.031 ms  8931/22322 (40%)  
[2024-05-29 11:24:07.869535] [  5] 114.00-114.50 sec  19.6 MBytes   329 Mbits/sec  0.036 ms  7577/22267 (34%)  
[2024-05-29 11:24:07.869612] [  5] 114.50-115.00 sec  21.0 MBytes   352 Mbits/sec  0.016 ms  6662/22388 (30%)  
[2024-05-29 11:24:07.869793] [  5] 115.00-115.50 sec  20.3 MBytes   340 Mbits/sec  0.062 ms  7126/22293 (32%)  
[2024-05-29 11:24:07.869958] [  5] 115.50-116.00 sec  20.2 MBytes   339 Mbits/sec  0.020 ms  7205/22340 (32%)  
[2024-05-29 11:24:07.870196] [  5] 116.00-116.50 sec  21.0 MBytes   352 Mbits/sec  0.013 ms  6500/22204 (29%)  
[2024-05-29 11:24:07.870275] [  5] 116.50-117.00 sec  15.6 MBytes   262 Mbits/sec  0.022 ms  10747/22421 (48%)  
[2024-05-29 11:24:07.870359] [  5] 117.00-117.50 sec  18.6 MBytes   312 Mbits/sec  0.029 ms  8325/22262 (37%)  
[2024-05-29 11:24:07.870440] [  5] 117.50-118.00 sec  20.0 MBytes   336 Mbits/sec  0.031 ms  7401/22396 (33%)  
[2024-05-29 11:24:07.870523] [  5] 118.00-118.50 sec  19.5 MBytes   328 Mbits/sec  0.019 ms  7612/22240 (34%)  
[2024-05-29 11:24:07.870604] [  5] 118.50-119.00 sec  19.7 MBytes   330 Mbits/sec  0.057 ms  7641/22359 (34%)  
[2024-05-29 11:24:07.870965] [  5] 119.00-119.50 sec  21.5 MBytes   360 Mbits/sec  0.089 ms  6266/22354 (28%)  
[2024-05-29 11:24:07.871021] [  5] 119.50-120.00 sec  18.7 MBytes   314 Mbits/sec  0.018 ms  8302/22337 (37%)  
[2024-05-29 11:24:07.871079] - - - - - - - - - - - - - - - - - - - - - - - - -
[2024-05-29 11:24:07.871140] [ ID] Interval           Transfer     Bitrate         Jitter    Lost/Total Datagrams
[2024-05-29 11:24:07.871200] [  5]   0.00-120.07 sec  6.99 GBytes   500 Mbits/sec  0.000 ms  0/5360062 (0%)  sender
[2024-05-29 11:24:07.871261] [SUM]  0.0-120.1 sec  851 datagrams received out-of-order
[2024-05-29 11:24:07.871327] [  5]   0.00-120.00 sec  3.85 GBytes   275 Mbits/sec  0.018 ms  2407035/5356956 (45%)  receiver
[2024-05-29 11:24:07.871388] 
[2024-05-29 11:24:07.871450] iperf Done.
End time: 1716996247896
