Start time: 1716848189532
{
  "id": "0",
  "status": null,
  "apiVersion": "17",
  "dishGetHistory": {
    "current": "5030",
    "popPingDropRate": [
      0,
      0,
      0,
      0,
      0,
      0,
      0,
      0,
      0,
      0,
      0,
      0,
      0,
      0,
      0,
      0,
      0,
      0,
      0,
      0,
      0,
      0,
      0,
      0,
      0,
      0,
      0,
      0,
      0,
      0,
      0,
      0,
      0,
      0,
      0,
      0,
      0,
      0,
      0,
      0,
      0,
      0,
      0,
      0,
      0,
      0,
      0,
      0,
      0,
      0,
      0,
      0,
      0,
      0,
      0,
      0,
      0,
      0,
      0,
      0,
      0,
      0,
      0,
      0,
      0,
      0,
      0,
      0,
      0,
      0,
      0,
      0,
      0,
      0,
      0,
      0,
      0,
      0,
      0,
      0,
      0,
      0,
      0,
      0,
      0,
      0,
      0,
      0,
      0,
      0,
      0,
      0,
      0,
      0,
      0,
      0,
      0,
      0,
      0,
      0,
      0,
      0,
      0,
      0,
      0,
      0,
      0,
      0,
      0.1875,
      0.25,
      0.05882353,
      0,
      0,
      0,
      0,
      0,
      0,
      0,
      0,
      0,
      0,
      0,
      0,
      0,
      0,
      0,
      0,
      0,
      0,
      0,
      0,
      0,
      0,
      0,
      0,
      0,
      0,
      0,
      0,
      0.14285715,
      0.14285715,
      0,
      0,
      0,
      0,
      0,
      0,
      0,
      0,
      0,
      0,
      0,
      0,
      0,
      0.06666667,
      0.06666667,
      0,
      0,
      0,
      0,
      0,
      0,
      0,
      0,
      0,
      0,
      0,
      0,
      0,
      0,
      0,
      0,
      0,
      0,
      0,
      0,
      0,
      0,
      0,
      0,
      0,
      0,
      0,
      0,
      0.06666667,
      0.06666667,
      0,
      0,
      0,
      0,
      0,
      0,
      0,
      0,
      0,
      0,
      0,
      0,
      0,
      0,
      0,
      0,
      0,
      0,
      0,
      0,
      0,
      0,
      0,
      0,
      0,
      0,
      0,
      0,
      0,
      0,
      0,
      0,
      0,
      0,
      0,
      0,
      0,
      0,
      0,
      0,
      0,
      0,
      0,
      0.3125,
      0.5,
      0.5,
      0.33333334,
      0.06666667,
      0,
      0,
      0,
      0,
      0,
      0,
      0,
      0,
      0,
      0,
      0.0625,
      0.06666667,
      0,
      0,
      0,
      0,
      0,
      0,
      0,
      0,
      0,
      0.06666667,
      0.06666667,
      0,
      0,
      0,
      0,
      0,
      0,
      0,
      0,
      0,
      0,
      0,
      0,
      0.06666667,
      0.071428575,
      0,
      0,
      0,
      0,
      0,
      0,
      0,
      0,
      0,
      0,
      0,
      0,
      0,
      0,
      0,
      0,
      0,
      0,
      0,
      0,
      0,
      0,
      0,
      0,
      0,
      0,
      0,
      0,
      0,
      0,
      0,
      0,
      0,
      0,
      0,
      0,
      0,
      0,
      0.06666667,
      0.071428575,
      0,
      0,
      0,
      0,
      0,
      0,
      0,
      0,
      0,
      0.125,
      0.13333334,
      0.071428575,
      0.06666667,
      0,
      0,
      0.0625,
      0.0625,
      0,
      0,
      0,
      0,
      0,
      0,
      0.06666667,
      0.0625,
      0,
      0,
      0,
      0,
      0,
      0,
      0,
      0,
      0,
      0,
      0,
      0,
      0,
      0,
      0,
      0,
      0,
      0,
      0,
      0,
      0,
      0,
      0,
      0,
      0,
      0,
      0,
      0,
      0,
      0,
      0,
      0,
      0,
      0,
      0,
      0.06666667,
      0.0625,
      0,
      0,
      0,
      0,
      0,
      0,
      0,
      0,
      0,
      0,
      0,
      0,
      0,
      0,
      0,
      0,
      0.125,
      0.11764706,
      0,
      0,
      0,
      0,
      0,
      0,
      0,
      0,
      0,
      0,
      0,
      0.13333334,
      0.11111111,
      0,
      0,
      0,
      0,
      0,
      0,
      0,
      0,
      0,
      0,
      0,
      0,
      0,
      0,
      0,
      0,
      0,
      0,
      0,
      0,
      0,
      0,
      0,
      0,
      0,
      0,
      0,
      0,
      0,
      0,
      0,
      0,
      0,
      0,
      0,
      0,
      0,
      0,
      0,
      0,
      0.06666667,
      0.06666667,
      0,
      0,
      0,
      0,
      0,
      0,
      0,
      0,
      0,
      0,
      0,
      0,
      0,
      0,
      0,
      0,
      0,
      0,
      0,
      0,
      0,
      0,
      0,
      0,
      0,
      0,
      0,
      0,
      0,
      0,
      0,
      0,
      0,
      0,
      0,
      0,
      0,
      0,
      0,
      0,
      0,
      0,
      0,
      0,
      0,
      0,
      0,
      0,
      0,
      0,
      0,
      0,
      0,
      0,
      0.06666667,
      0.06666667,
      0,
      0,
      0,
      0,
      0,
      0.0625,
      0.0625,
      0,
      0,
      0.3125,
      0.3125,
      0,
      0.0625,
      0.06666667,
      0,
      0.071428575,
      0.0625,
      0,
      0,
      0,
      0.2,
      0.2,
      0,
      0,
      0.0625,
      0.0625,
      0,
      0.06666667,
      0,
      0,
      0,
      0,
      0,
      0,
      0,
      0,
      0,
      0,
      0,
      0,
      0,
      0,
      0,
      0,
      0,
      0,
      0,
      0.125,
      0.11764706,
      0,
      0,
      0,
      0,
      0,
      0,
      0,
      0,
      0.13333334,
      0.13333334,
      0,
      0,
      0,
      0,
      0,
      0,
      0,
      0,
      0,
      0,
      0,
      0,
      0,
      0,
      0,
      0,
      0,
      0,
      0,
      0,
      0,
      0,
      0,
      0,
      0,
      0,
      0,
      0,
      0,
      0,
      0,
      0,
      0,
      0,
      0,
      0,
      0,
      0,
      0,
      0,
      0,
      0,
      0,
      0.25,
      0.25,
      0,
      0,
      0,
      0,
      0,
      0,
      0,
      0,
      0,
      0,
      0,
      0,
      0,
      0.071428575,
      0.06666667,
      0,
      0,
      0,
      0,
      0,
      0,
      0,
      0,
      0,
      0,
      0,
      0,
      0,
      0,
      0,
      0,
      0,
      0,
      0,
      0,
      0,
      0,
      0,
      0,
      0,
      0,
      0,
      0,
      0,
      0,
      0,
      0,
      0,
      0,
      0,
      0,
      0,
      0,
      0,
      0,
      0,
      0,
      0,
      0.46666667,
      0.53333336,
      0.06666667,
      0.06666667,
      0.3125,
      0.26666668,
      0,
      0,
      0,
      0,
      0,
      0,
      0,
      0,
      0,
      0.071428575,
      0.06666667,
      0,
      0,
      0,
      0,
      0,
      0,
      0,
      0,
      0,
      0,
      0,
      0,
      0,
      0,
      0,
      0,
      0,
      0,
      0,
      0,
      0,
      0,
      0,
      0,
      0,
      0,
      0,
      0.06666667,
      0.071428575,
      0,
      0,
      0,
      0,
      0,
      0,
      0,
      0,
      0,
      0,
      0,
      0,
      0,
      0,
      0,
      0,
      0,
      0,
      0,
      0,
      0,
      0,
      0,
      0,
      0,
      0,
      0,
      0,
      0,
      0,
      0,
      0,
      0,
      0,
      0,
      0,
      0,
      0,
      0.06666667,
      0.06666667,
      0,
      0,
      0,
      0,
      0,
      0,
      0,
      0,
      0,
      0.0625,
      0.0625,
      0,
      0,
      0,
      0,
      0,
      0,
      0,
      0,
      0,
      0,
      0,
      0,
      0,
      0,
      0,
      0,
      0,
      0.06666667,
      0.06666667,
      0,
      0,
      0,
      0,
      0,
      0,
      0,
      0,
      0,
      0,
      0,
      0,
      0,
      0,
      0,
      0,
      0,
      0,
      0,
      0,
      0,
      0,
      0,
      0,
      0,
      0,
      0,
      0,
      0,
      0,
      0,
      0,
      0,
      0,
      0,
      0,
      0,
      0,
      0,
      0,
      0,
      0,
      0,
      0,
      0,
      0,
      0,
      0,
      0,
      0,
      0,
      0,
      0,
      0,
      0,
      0,
      0,
      0,
      0,
      0,
      0,
      0,
      0,
      0,
      0,
      0,
      0,
      0,
      0,
      0,
      0,
      0,
      0,
      0,
      0,
      0,
      0,
      0,
      0,
      0,
      0,
      0,
      0,
      0,
      0,
      0,
      0,
      0,
      0,
      0,
      0,
      0,
      0,
      0,
      0,
      0,
      0,
      0,
      0,
      0,
      0,
      0,
      0,
      0,
      0,
      0,
      0,
      0,
      0,
      0,
      0,
      0,
      0,
      0,
      0,
      0,
      0,
      0,
      0,
      0
    ],
    "popPingLatencyMs": [
      28.606266,
      27.996998,
      31.809803,
      31.61388,
      27.49965,
      29.824707,
      33.045822,
      32.73859,
      30.694374,
      31.524868,
      30.230934,
      26.99569,
      28.072233,
      27.147999,
      25.032248,
      28.139313,
      28.656063,
      28.921,
      28.963865,
      29.674788,
      28.867933,
      24.672058,
      25.666822,
      26.5254,
      25.926573,
      25.112732,
      27.70025,
      28.760004,
      25.327253,
      25.508646,
      25.482649,
      25.096813,
      27.829563,
      32.995876,
      32.48294,
      30.704733,
      31.162561,
      30.113869,
      32.066265,
      31.903997,
      29.602125,
      29.649252,
      30.469814,
      32.939686,
      33.434353,
      32.39025,
      30.64281,
      32.967125,
      33.40425,
      30.29631,
      30.214766,
      31.16569,
      31.671068,
      31.306623,
      32.241123,
      34.682877,
      33.090473,
      30.549995,
      29.608997,
      29.613062,
      30.563,
      30.18167,
      28.90557,
      30.444666,
      31.395063,
      28.438623,
      27.81406,
      28.728188,
      26.658749,
      28.176067,
      29.193665,
      27.93644,
      25.824883,
      25.075294,
      25.946438,
      25.697376,
      28.541874,
      32.13994,
      32.23175,
      32.167812,
      30.627377,
      27.527437,
      26.218626,
      26.38175,
      26.72347,
      27.413176,
      27.510939,
      26.613132,
      26.551332,
      28.366879,
      27.384117,
      26.948708,
      30.70625,
      29.908627,
      27.68275,
      30.418001,
      29.352562,
      27.21693,
      27.720625,
      28.263054,
      27.604057,
      27.173609,
      26.889767,
      30.177937,
      30.686188,
      30.609253,
      32.10231,
      31.941,
      32.17967,
      30.421526,
      29.145813,
      29.589064,
      27.889004,
      27.239502,
      28.238436,
      30.381998,
      29.989939,
      27.285057,
      28.666815,
      29.998135,
      30.723,
      32.12844,
      32.873688,
      33.966667,
      32.95886,
      32.246403,
      31.610134,
      31.252356,
      31.698334,
      33.38819,
      32.49775,
      31.10944,
      32.70194,
      35.054123,
      33.503666,
      31.152067,
      30.575731,
      31.96354,
      35.014694,
      37.796535,
      37.079063,
      34.10281,
      33.61225,
      33.103252,
      34.42306,
      35.535934,
      34.95811,
      34.337624,
      35.14725,
      34.79869,
      33.208,
      35.900814,
      40.63436,
      39.201996,
      31.941198,
      32.05425,
      39.36607,
      37.546288,
      33.362144,
      35.924282,
      39.353355,
      37.082623,
      36.389732,
      37.90167,
      39.44937,
      38.927933,
      36.59864,
      36.177334,
      35.464134,
      31.95707,
      31.381931,
      29.824865,
      30.9845,
      32.258286,
      31.948465,
      30.544178,
      33.86706,
      34.352467,
      27.692686,
      26.976624,
      30.4234,
      31.092665,
      33.026215,
      31.976854,
      30.24667,
      30.522284,
      30.738197,
      32.459496,
      32.434063,
      35.275,
      35.640068,
      32.496376,
      32.496937,
      31.659,
      31.9398,
      31.014713,
      28.666334,
      29.828733,
      30.75643,
      30.264004,
      29.705332,
      30.702927,
      32.662666,
      31.224062,
      29.582134,
      29.008934,
      31.238134,
      31.915064,
      28.274237,
      28.670874,
      28.016188,
      28.1122,
      31.914928,
      35.00471,
      35.387066,
      32.524876,
      29.198877,
      29.190063,
      29.660376,
      29.857874,
      32.57733,
      34.025463,
      31.146534,
      33.187252,
      36.57175,
      34.665466,
      30.703531,
      29.906063,
      44.0205,
      44.26725,
      35.8711,
      37.52613,
      37.314575,
      36.670288,
      37.347534,
      39.624264,
      41.0202,
      42.782356,
      42.073284,
      38.23333,
      40.115875,
      39.456127,
      38.961998,
      35.1366,
      30.6526,
      31.921625,
      33.085373,
      38.2224,
      37.23238,
      30.987814,
      36.050266,
      38.246468,
      31.87394,
      31.397266,
      30.108286,
      31.117435,
      30.665,
      30.843376,
      31.659801,
      33.972374,
      32.95694,
      29.496374,
      30.133873,
      31.153376,
      31.161934,
      31.098188,
      29.998646,
      32.8915,
      31.755072,
      28.192816,
      27.6664,
      28.992502,
      32.764286,
      32.3968,
      29.762377,
      29.693127,
      30.17371,
      28.369528,
      25.702251,
      25.734056,
      27.114822,
      26.769297,
      26.239824,
      26.393126,
      26.302185,
      26.142065,
      27.989468,
      29.743132,
      28.09056,
      30.030565,
      30.36156,
      31.779877,
      35.06614,
      33.663143,
      32.07313,
      30.489937,
      31.04635,
      33.232704,
      34.040474,
      34.66581,
      35.37256,
      33.6035,
      32.991627,
      30.726284,
      29.749573,
      30.889067,
      28.221874,
      30.593431,
      36.767284,
      36.147316,
      32.645824,
      29.917942,
      31.332178,
      34.433937,
      36.01631,
      37.93047,
      36.902813,
      36.533188,
      35.44714,
      31.650923,
      31.326859,
      32.180355,
      32.216213,
      30.188,
      30.532667,
      31.6364,
      30.816254,
      33.728436,
      33.528473,
      29.460587,
      31.096802,
      33.374714,
      32.881645,
      29.025732,
      26.074734,
      27.099815,
      30.231941,
      32.57625,
      31.69719,
      29.72725,
      30.010624,
      30.476624,
      28.861374,
      28.109648,
      30.314173,
      33.425186,
      31.352669,
      30.069626,
      30.334564,
      28.0715,
      27.619352,
      26.905813,
      27.941376,
      30.964186,
      30.920881,
      30.490055,
      27.707823,
      25.117249,
      27.913376,
      27.902294,
      28.684586,
      28.16723,
      30.868753,
      32.794468,
      29.894812,
      28.020767,
      24.941778,
      27.010706,
      27.458124,
      28.226599,
      28.689867,
      28.376062,
      28.628534,
      26.280626,
      25.039314,
      24.465528,
      25.481705,
      31.710379,
      31.360437,
      27.43341,
      28.894186,
      28.426178,
      28.977354,
      29.476627,
      31.48025,
      31.361248,
      27.385311,
      27.040688,
      32.391533,
      34.863472,
      35.179058,
      33.423496,
      34.531,
      34.072823,
      30.442944,
      29.274063,
      32.234936,
      33.893864,
      30.946865,
      28.749714,
      29.545645,
      30.47894,
      30.852942,
      32.396294,
      31.410938,
      29.628069,
      32.733467,
      35.141537,
      34.004803,
      33.267,
      34.61381,
      34.90138,
      35.18233,
      37.274925,
      38.41007,
      37.172062,
      35.361935,
      35.496998,
      36.921314,
      35.08031,
      34.626247,
      34.198498,
      36.901188,
      37.822067,
      35.33727,
      39.166203,
      39.316532,
      37.094997,
      36.095375,
      33.99694,
      36.72156,
      37.801235,
      37.72728,
      37.235374,
      35.273285,
      33.357353,
      35.573498,
      35.109856,
      35.717064,
      35.137684,
      32.00481,
      33.471066,
      36.996,
      36.416267,
      31.957174,
      33.330708,
      35.942135,
      32.482597,
      31.921124,
      32.20694,
      31.640188,
      32.1548,
      33.1584,
      31.217335,
      30.259876,
      31.648624,
      32.225876,
      32.78375,
      33.80519,
      36.278378,
      38.329597,
      34.391563,
      34.30156,
      35.400467,
      34.152,
      33.935814,
      35.48607,
      36.0648,
      31.116936,
      28.018799,
      26.195734,
      25.732664,
      25.577623,
      26.364313,
      26.209187,
      25.927876,
      27.615189,
      28.286999,
      28.094063,
      27.526648,
      28.244238,
      30.234375,
      32.901134,
      34.332333,
      31.47994,
      30.083126,
      29.281313,
      27.705585,
      28.774502,
      29.219,
      27.995623,
      48.61231,
      76.22537,
      83.53913,
      83.21836,
      83.893,
      85.07178,
      70.40667,
      52.5124,
      40.573666,
      42.293133,
      44.377,
      44.899002,
      44.534744,
      43.78594,
      45.80967,
      45.427067,
      44.573,
      43.255184,
      45.151905,
      37.699997,
      35.512295,
      36.166603,
      42.04943,
      41.980404,
      39.04808,
      38.491802,
      44.40931,
      45.69547,
      39.279358,
      38.54071,
      79.648384,
      72.174995,
      41.1604,
      41.41273,
      43.495995,
      44.55563,
      42.4315,
      31.035711,
      25.535875,
      29.521687,
      26.748497,
      26.831749,
      28.13925,
      30.386063,
      30.090498,
      27.899061,
      27.746689,
      29.47356,
      28.138529,
      30.072252,
      31.448334,
      35.473812,
      35.883812,
      28.678438,
      27.745314,
      28.874645,
      28.504293,
      59.917603,
      59.74771,
      35.832405,
      35.713333,
      35.982197,
      35.091,
      33.8266,
      37.07668,
      37.823563,
      34.395077,
      27.843077,
      26.276733,
      26.698063,
      26.403332,
      27.76181,
      27.475374,
      25.99,
      26.9114,
      27.731197,
      26.99313,
      28.11875,
      27.701767,
      26.059563,
      24.320314,
      27.716116,
      30.405937,
      28.55056,
      28.19735,
      27.282875,
      27.078125,
      28.031626,
      28.08725,
      25.84869,
      25.322247,
      25.486296,
      26.118126,
      25.407066,
      28.249283,
      30.057268,
      31.379562,
      34.8468,
      32.80869,
      30.69656,
      32.4052,
      36.798466,
      36.949814,
      35.340885,
      33.775627,
      33.267735,
      38.195564,
      38.097523,
      34.453236,
      31.455061,
      33.315998,
      39.210068,
      46.038,
      40.793407,
      40.456665,
      41.050335,
      40.359608,
      40.22267,
      42.73033,
      42.700935,
      41.26357,
      41.80485,
      39.741753,
      45.21763,
      46.008865,
      41.7366,
      37.218143,
      29.462498,
      28.513533,
      30.313437,
      28.968815,
      29.754375,
      33.154186,
      31.540874,
      31.501467,
      32.8416,
      30.50144,
      27.690353,
      27.62794,
      29.512375,
      29.704313,
      31.945251,
      35.12747,
      33.848,
      31.19369,
      30.138,
      30.036133,
      29.030737,
      31.172064,
      30.32425,
      28.59288,
      28.347586,
      26.780998,
      28.92725,
      32.776142,
      30.151796,
      31.969868,
      35.314663,
      33.414062,
      32.60675,
      27.79713,
      25.402376,
      26.120003,
      26.952312,
      30.219536,
      31.345562,
      29.934937,
      28.03487,
      29.072132,
      30.532734,
      31.1172,
      30.644266,
      57.286125,
      47.691364,
      33.47643,
      39.321815,
      35.126755,
      31.2035,
      28.689869,
      31.249374,
      28.121315,
      28.175074,
      30.111668,
      29.572813,
      31.119936,
      32.450428,
      32.567307,
      29.316645,
      26.86225,
      28.349876,
      27.389128,
      28.568562,
      28.541939,
      29.175,
      29.690563,
      27.272766,
      28.065056,
      29.100124,
      28.257,
      27.750929,
      31.3962,
      38.42713,
      36.406933,
      31.230062,
      30.367334,
      32.2614,
      33.5152,
      31.442467,
      29.754314,
      30.041067,
      29.573624,
      31.698753,
      33.53556,
      32.28681,
      31.232748,
      30.671072,
      30.20293,
      27.423882,
      25.608353,
      29.277235,
      29.946123,
      28.290874,
      27.995937,
      29.659002,
      28.923649,
      26.434124,
      25.796751,
      28.610064,
      30.43633,
      28.403713,
      31.036787,
      29.64867,
      27.7034,
      29.859798,
      28.9544,
      27.314331,
      25.948269,
      26.1985,
      29.999533,
      30.4975,
      28.398611,
      31.006706,
      30.872814,
      27.716436,
      28.504803,
      30.625538,
      32.54469,
      29.910563,
      26.616688,
      25.918531,
      29.10043,
      30.281141,
      27.336,
      27.211185,
      28.970533,
      30.435213,
      31.598644,
      30.374468,
      28.054867,
      27.5408,
      28.255531,
      32.860588,
      34.52081,
      28.635246,
      27.812252,
      28.292938,
      29.26737,
      34.48907,
      30.509401,
      29.038311,
      29.973822,
      27.253292,
      29.64425,
      30.576939,
      27.225122,
      26.201063,
      31.890059,
      34.008648,
      30.567,
      30.660942,
      28.836752,
      29.363337,
      30.890186,
      31.559689,
      29.5384,
      28.448732,
      29.806131,
      29.456064,
      27.921501,
      28.015999,
      30.158064,
      31.562,
      31.733414,
      31.558813,
      32.1782,
      28.8716,
      26.236813,
      27.0108,
      27.546936,
      26.420061,
      25.147001,
      26.07181,
      27.897062,
      30.173874,
      30.666334,
      29.620268,
      30.388563,
      28.506939,
      26.512999,
      27.098001,
      29.544535,
      32.42582,
      32.361885,
      31.68081,
      29.538252,
      27.708378,
      28.549875,
      30.003334,
      28.696264,
      30.587252,
      31.970001,
      32.935596,
      29.345686,
      26.621813,
      27.944603,
      26.731812,
      27.512003,
      27.522875,
      27.820599,
      27.4884,
      25.477562,
      26.194685,
      25.573124,
      28.155472,
      28.50306,
      25.414062,
      33.893135,
      36.480644,
      30.478437,
      31.692587,
      34.26994,
      36.348858,
      36.161335,
      32.86156,
      30.762749,
      32.450653,
      32.90569,
      32.248062,
      32.923927,
      32.282,
      31.514061,
      36.7634,
      38.381733,
      37.72413,
      37.265465,
      34.363937,
      34.759247,
      37.27069,
      37.675682,
      35.21811,
      34.775414,
      34.970997,
      37.04559,
      36.359436,
      35.211864,
      33.848312,
      36.40844,
      32.806435,
      27.204687,
      27.494293,
      26.722063,
      26.423668,
      25.3128,
      26.590065,
      27.426313,
      26.875252,
      28.997938,
      29.146627,
      30.066313,
      31.105497,
      28.589937,
      29.236311,
      28.31444,
      29.234264,
      29.093935,
      25.631292,
      28.362812,
      31.177248,
      27.213818,
      25.148811,
      26.501064,
      27.76781,
      26.026623,
      26.123936,
      28.213469,
      29.023144,
      31.783499,
      31.7375,
      28.280813,
      28.523764,
      29.211937,
      27.783882,
      27.399124,
      29.12206,
      29.339876,
      30.125765,
      29.751764,
      29.70269,
      29.500864
    ],
    "downlinkThroughputBps": [
      22892.512,
      25081.938,
      58057.555,
      34619.785,
      23429.383,
      41179.676,
      30375.15,
      38965.086,
      35366.37,
      21659.387,
      23899.145,
      59810.773,
      25694.307,
      27061.648,
      51212.453,
      28286.387,
      50415.535,
      22355.64,
      30257.709,
      41867.543,
      57109.645,
      109303.56,
      74650.22,
      24184.357,
      33042.727,
      37102.812,
      24998.053,
      28714.205,
      28303.164,
      23580.377,
      18530.436,
      18723.373,
      18723.373,
      27598.52,
      57000.59,
      55188.652,
      28848.424,
      55389.98,
      50113.543,
      53208.94,
      26935.82,
      66999.81,
      19679.674,
      22456.303,
      21726.494,
      26398.95,
      17993.564,
      30190.6,
      18723.373,
      31172.066,
      36565.94,
      17993.564,
      19713.229,
      18530.436,
      33327.94,
      78609.65,
      39392.902,
      30844.912,
      23026.729,
      22632.465,
      22280.143,
      25459.426,
      32195.477,
      41682.992,
      36792.434,
      37429.97,
      17649.63,
      32086.426,
      29930.553,
      36146.51,
      21760.049,
      62134.418,
      29511.123,
      33529.266,
      490112.8,
      23009.951,
      29267.854,
      52068.09,
      22590.521,
      30467.424,
      23110.615,
      21298.676,
      22431.139,
      24251.465,
      22070.428,
      46548.387,
      44644.17,
      21936.209,
      29142.023,
      21642.61,
      160037.86,
      21038.629,
      23320.33,
      60842.574,
      498316.88,
      27967.62,
      24637.342,
      38738.59,
      37857.79,
      74641.836,
      61287.17,
      72746.01,
      23496.49,
      33940.31,
      21919.434,
      25685.918,
      32463.912,
      564100.3,
      78139.88,
      24696.062,
      33093.06,
      35366.37,
      23144.17,
      20812.137,
      20535.312,
      30794.58,
      22775.07,
      22280.143,
      28739.371,
      22456.303,
      26885.488,
      18337.498,
      19310.576,
      18681.43,
      18941.477,
      38545.652,
      21390.951,
      40273.707,
      58141.44,
      93650.42,
      23009.951,
      59567.504,
      17414.75,
      45373.98,
      33898.363,
      27086.814,
      20107.494,
      34661.727,
      42295.363,
      64449.676,
      33504.1,
      21005.074,
      24318.574,
      23269.998,
      21298.676,
      52311.36,
      40961.574,
      23278.387,
      29242.688,
      21776.826,
      22783.459,
      20468.203,
      24855.445,
      17800.627,
      19285.41,
      21281.898,
      4.147999e+06,
      1.0098373e+08,
      1.7083304e+08,
      2.1136784e+08,
      1.7651486e+08,
      1.8951251e+08,
      2.4325792e+08,
      2.3267958e+08,
      2.3847176e+08,
      1.81461e+08,
      1.552115e+08,
      1.7823896e+08,
      1.7380893e+08,
      1.5992282e+08,
      2.900198e+08,
      1.8907294e+08,
      2.2934928e+08,
      2.1790674e+08,
      1.9735403e+08,
      1.3138467e+08,
      2.1770408e+08,
      2.7058298e+08,
      1.4257275e+08,
      1.5175414e+08,
      2.3145818e+08,
      9.321193e+07,
      5.96086e+07,
      1.4103283e+08,
      1.7815765e+08,
      9.72597e+07,
      1.6126027e+08,
      1.729621e+08,
      1.07250504e+08,
      1.1114263e+08,
      1.11743016e+08,
      7.799805e+07,
      1.6516882e+08,
      1.6663936e+08,
      1.6719427e+08,
      1.5874589e+08,
      1.7987877e+08,
      1.5840403e+08,
      1.66011e+08,
      1.5114467e+08,
      1.4883406e+08,
      1.9267768e+08,
      1.8226682e+08,
      2.5842126e+08,
      1.4231994e+08,
      1.0767548e+08,
      9.340742e+07,
      1.3966206e+08,
      8.779612e+07,
      2.217499e+08,
      9.166376e+07,
      1.9444608e+07,
      2.6740902e+07,
      8.151362e+07,
      1.8515008e+08,
      2.036482e+08,
      1.1367551e+08,
      1.931807e+08,
      1.5990758e+08,
      1.6178434e+08,
      1.2246102e+08,
      2.0091285e+08,
      2.0246274e+08,
      2.4680877e+08,
      1.7962269e+08,
      1.2621092e+08,
      1.6249598e+08,
      9.220167e+07,
      322625.88,
      2147.4836,
      3.1867098e+07,
      9.722082e+07,
      1.6382266e+08,
      1.0561657e+08,
      1.1930792e+08,
      9.578378e+07,
      1.1155748e+08,
      1.2590985e+08,
      1.8719496e+08,
      1.0869635e+08,
      2.2903109e+08,
      2.6527589e+08,
      1.7518798e+08,
      1.2375047e+08,
      1.3786322e+08,
      2.7332765e+08,
      2.5248237e+08,
      2.0370422e+08,
      6.4965188e+07,
      1.0737014e+08,
      1.88028e+08,
      2.6040576e+08,
      2.9837072e+08,
      1.06508e+08,
      1.316779e+08,
      1.5677496e+08,
      2.6851923e+08,
      2.1434168e+08,
      2.3448203e+08,
      2.6422202e+08,
      1.0897711e+08,
      1.0390756e+08,
      1.224951e+08,
      1.23131064e+08,
      1.4621165e+08,
      1.2196784e+08,
      1.8287936e+08,
      3.7944284e+07,
      1.1772656e+07,
      7.181378e+07,
      1.09687624e+08,
      5.8221804e+07,
      6.2974932e+07,
      1.9444189e+08,
      2.2762586e+08,
      1.0483379e+08,
      1.9623803e+08,
      98280.93,
      143579.42,
      48234.496,
      88785.02,
      141691.98,
      42345.69,
      33898.363,
      45810.188,
      23924.31,
      41037.07,
      23815.258,
      31574.72,
      22103.982,
      18756.928,
      61689.824,
      33923.53,
      22154.314,
      29167.19,
      45868.91,
      98952.02,
      25274.875,
      168149.64,
      59936.605,
      32136.758,
      30517.756,
      45592.086,
      21760.049,
      18379.44,
      38872.81,
      20904.412,
      43528.49,
      45340.426,
      61916.316,
      159501,
      74557.945,
      40902.85,
      33025.95,
      35618.03,
      22640.854,
      56178.508,
      19511.902,
      30450.646,
      63258.492,
      24561.844,
      24528.29,
      41154.51,
      28621.93,
      21869.102,
      44526.73,
      22011.707,
      27648.852,
      202719.1,
      64701.332,
      82233.52,
      19042.14,
      42404.414,
      38688.26,
      145827.56,
      61673.047,
      19495.125,
      60951.625,
      109655.88,
      22179.48,
      20132.66,
      58678.312,
      22296.92,
      26256.344,
      23077.06,
      24033.361,
      18211.668,
      18723.373,
      27455.914,
      20417.871,
      44509.953,
      28865.2,
      30014.44,
      22775.07,
      60154.707,
      123664.86,
      28806.48,
      63107.496,
      65733.13,
      59953.383,
      534681.5,
      18748.54,
      46607.105,
      21936.209,
      22900.9,
      47706.016,
      31935.43,
      21558.723,
      53913.582,
      21374.174,
      84666.22,
      61303.945,
      36297.508,
      43813.7,
      21567.111,
      25308.43,
      18723.373,
      22229.81,
      47051.703,
      24637.342,
      20308.82,
      20409.482,
      19285.41,
      20828.914,
      20979.908,
      111274.88,
      59911.438,
      39468.402,
      43335.55,
      365802.03,
      74667,
      18849.203,
      37690.016,
      54567.895,
      27766.293,
      26155.68,
      30517.756,
      22221.422,
      25484.592,
      38453.38,
      94514.445,
      87082.14,
      77988.89,
      24947.72,
      41741.715,
      49157.242,
      33227.277,
      19251.855,
      40735.082,
      22607.299,
      509733.75,
      37723.57,
      37698.406,
      25098.715,
      26424.115,
      47152.367,
      84246.79,
      32833.01,
      43989.86,
      28261.22,
      26902.266,
      28881.977,
      24872.223,
      34661.727,
      37169.92,
      55968.793,
      48209.332,
      27573.355,
      162957.1,
      30828.135,
      81570.82,
      150978.17,
      47454.355,
      23722.984,
      25937.576,
      42563.797,
      24201.135,
      40256.93,
      19612.566,
      34200.355,
      47143.977,
      18027.12,
      36138.125,
      119940.32,
      108078.83,
      192820.55,
      40852.52,
      41926.26,
      44828.723,
      24469.57,
      21374.174,
      24729.617,
      39627.785,
      52009.37,
      18723.373,
      26130.514,
      18916.31,
      22464.691,
      26633.83,
      34057.75,
      276975.06,
      106854.086,
      26826.768,
      58871.25,
      25476.203,
      48754.59,
      22842.18,
      24939.332,
      41867.543,
      18983.42,
      18379.44,
      31448.89,
      48469.38,
      19528.68,
      17876.123,
      27783.07,
      30786.191,
      26482.836,
      27833.4,
      38595.984,
      24536.678,
      18723.373,
      18186.502,
      19948.11,
      18748.54,
      53955.527,
      24033.361,
      59332.625,
      44107.3,
      52923.727,
      35416.703,
      142077.86,
      53125.055,
      27816.625,
      21390.951,
      502863.5,
      45239.76,
      40827.355,
      26499.613,
      35819.355,
      77124.86,
      30417.092,
      30811.357,
      21340.62,
      317307.5,
      56203.67,
      89900.71,
      41615.883,
      36633.05,
      9118.417,
      117155.3,
      99665.055,
      22926.066,
      24897.389,
      46682.605,
      48209.332,
      211862.69,
      46254.785,
      44342.184,
      24528.29,
      10175.382,
      72360.13,
      123379.65,
      74046.24,
      23228.055,
      29418.848,
      22640.854,
      25585.254,
      80614.52,
      60230.207,
      17800.627,
      31415.338,
      24721.229,
      26222.79,
      23202.89,
      37916.508,
      18085.838,
      18530.436,
      35659.973,
      20132.66,
      30450.646,
      29418.848,
      46800.043,
      20308.82,
      21080.572,
      38168.168,
      32556.188,
      18538.824,
      59726.89,
      77670.125,
      151154.33,
      59777.22,
      45675.97,
      40760.246,
      17498.637,
      44828.723,
      61069.066,
      33202.11,
      27162.312,
      18018.73,
      19134.414,
      19302.188,
      36112.957,
      18186.502,
      22498.246,
      23085.45,
      27942.453,
      39258.684,
      518139.16,
      21139.293,
      33923.53,
      17800.627,
      33529.266,
      55725.523,
      24754.781,
      35433.48,
      19167.969,
      23957.865,
      20862.469,
      72351.74,
      143487.14,
      64793.61,
      50113.543,
      43083.89,
      30828.135,
      23471.324,
      19478.348,
      46414.168,
      20602.422,
      521444.25,
      46338.67,
      31482.445,
      19998.441,
      20703.084,
      58544.094,
      50079.99,
      20191.379,
      18337.498,
      38109.445,
      27539.8,
      36020.684,
      22422.75,
      19604.178,
      19696.451,
      84632.664,
      52823.066,
      17993.564,
      47840.23,
      160943.83,
      46430.945,
      88390.766,
      68266.49,
      24008.195,
      58451.82,
      25937.576,
      57495.52,
      58711.867,
      18874.367,
      25467.814,
      22070.428,
      23177.725,
      20250.1,
      19092.473,
      19755.172,
      19360.908,
      24150.803,
      21667.775,
      2.928572e+06,
      8.743002e+06,
      1.3315766e+07,
      2.2461304e+07,
      1.3474621e+07,
      2.858294e+07,
      3.9825804e+07,
      6.4517144e+07,
      8.3923e+07,
      5.318641e+07,
      1.0824734e+08,
      1.0105103e+08,
      1.15663544e+08,
      7.742582e+07,
      9.795342e+07,
      1.0214981e+08,
      4.9459544e+07,
      4.871701e+07,
      7.240172e+07,
      8.099865e+07,
      6.3942116e+07,
      4.120067e+07,
      4.1150902e+06,
      3.8506898e+06,
      9.307127e+06,
      6.2909105e+06,
      7.641594e+06,
      1.2319401e+07,
      1.538042e+07,
      1.5060831e+07,
      1.9045654e+07,
      1.6070023e+07,
      1.037451e+07,
      1.1069657e+07,
      4.0938922e+06,
      3.2250758e+06,
      44358.96,
      2.7047892e+06,
      8.360615e+06,
      3.8918108e+06,
      3.8923058e+06,
      8.1985895e+06,
      1.3499728e+07,
      2.235923e+07,
      2.9707694e+07,
      5.9198212e+07,
      6.912441e+07,
      9.693017e+07,
      1.0852544e+08,
      1.0407815e+08,
      7.042631e+07,
      2.6428896e+07,
      6.86616e+07,
      9.0229384e+07,
      9.7845256e+07,
      1.0001079e+08,
      1.1606501e+08,
      9.4930584e+07,
      1.1218733e+08,
      1.1214708e+08,
      1.3865384e+08,
      1.3670051e+08,
      1.0272147e+08,
      1.5882872e+08,
      1.2547142e+08,
      1.3201806e+08,
      3.797344e+07,
      3.5379736e+07,
      1.6455689e+07,
      3.161637e+07,
      2.9543528e+07,
      4.1538164e+07,
      4.5231668e+07,
      2.855905e+07,
      3.1059324e+07,
      2.3168816e+07,
      2.8131666e+07,
      1.4585533e+07,
      1.8874502e+07,
      7.3435135e+06,
      2.0109482e+07,
      2.311121e+07,
      4.8782424e+07,
      7.219565e+07,
      9.785376e+07,
      6.695479e+07,
      1.4072952e+08,
      1.5140616e+08,
      1.6611714e+08,
      1.7004282e+08,
      1.3653968e+08,
      1.8042357e+08,
      2.1632206e+08,
      1.5355096e+08,
      1.02247096e+08,
      1.3280741e+08,
      6.797641e+07,
      1.8920285e+08,
      1.6993952e+08,
      9.763351e+07,
      6.837091e+07,
      1.4069594e+08,
      1.2392079e+08,
      5.0266176e+07,
      1.2219532e+08,
      9.844444e+07,
      1.1836178e+08,
      1.2782407e+08,
      1.7308142e+08,
      1.6433429e+08,
      1.5274853e+08,
      6.531615e+07,
      1.1644379e+08,
      1.2322146e+08,
      1.1959777e+08,
      1.4467018e+08,
      1.5337218e+08,
      3.477135e+07,
      1.1377117e+08,
      1.114453e+08,
      1.3345778e+08,
      1.233094e+08,
      1.25364696e+08,
      1.2482887e+08,
      1.5146677e+08,
      1.03542856e+08,
      1.2099458e+08,
      1.3013234e+08,
      6.181988e+07,
      3.4341e+07,
      2.9592636e+07,
      9.676343e+06,
      2.8428824e+07,
      2.9892872e+07,
      3.0885076e+07,
      5.556675e+07,
      4.514706e+07,
      6.738885e+07,
      1.2094845e+08,
      1.5533504e+08,
      2.140797e+07,
      26843.545,
      28772.926,
      27715.96,
      28403.826,
      34493.957,
      378494,
      694551.56,
      553455.2,
      609524.6,
      508618.1,
      488334.44,
      534471.75,
      555669.8,
      705507.1,
      465794.25,
      495255.03,
      627551.75,
      513223.44,
      579300.5,
      506596.44,
      520412.47,
      622115.94,
      445015.66,
      386261.84,
      529497.3,
      504272.78,
      481061.5,
      493275.3,
      354351.6,
      309438.97,
      475877.34,
      400581.2,
      535436.44,
      500925.72,
      508987.2,
      508945.25,
      496949.53,
      517853.94,
      512720.12,
      421577.88,
      457246.25,
      366145.97,
      367806.9,
      368025,
      373712.5,
      495078.88,
      517778.44,
      503668.8,
      507821.16,
      522476.06,
      495145.97,
      563362.1,
      521159.06,
      554252.1,
      521553.3,
      518927.7,
      652130.4,
      520420.84,
      547046.3,
      435268.1,
      436039.84,
      384928.06,
      438405.44,
      492470,
      388409.3,
      505229.1,
      499491.28,
      446374.6,
      482831.5,
      468621.2,
      839204.75,
      432969.62,
      426728.5,
      543422.44,
      319706.62,
      333631.72,
      206913.4,
      311745.84,
      275154.72,
      229956.9,
      236558.75,
      268452.22,
      311410.28,
      367672.7,
      290497.5,
      460215.8,
      718249.4,
      210193.34,
      343270.22,
      259199.6,
      570643.44,
      549479,
      570953.8,
      581364.06,
      514515.28,
      483645.2,
      394491.06,
      517124.12,
      556793.9,
      561659.25,
      558798.75,
      475223.03,
      444025.8,
      446106.2,
      323951.25,
      237858.98,
      173249.92,
      216317.03,
      187082.73,
      289826.4,
      336500.62,
      257991.64,
      266589.97,
      295002.2,
      326157.47,
      241415.75,
      203994.17,
      312475.66,
      209438.38,
      272176.78,
      303097.2,
      299339.1,
      330762.8,
      289105,
      325075.34,
      287343.38,
      216660.97,
      104782.1,
      161438.77,
      25291.652,
      26566.72,
      19310.576
    ],
    "uplinkThroughputBps": [
      89372.23,
      84993.375,
      79280.734,
      74004.3,
      72980.89,
      72385.3,
      63484.984,
      55046.047,
      73534.54,
      77787.56,
      74163.68,
      70187.484,
      48762.977,
      68929.195,
      76873.2,
      88600.48,
      71538.05,
      62075.7,
      57747.176,
      54928.605,
      91268.055,
      72200.75,
      66681.05,
      50063.21,
      279533.6,
      65640.86,
      74130.125,
      74272.734,
      73895.25,
      67100.48,
      44585.453,
      53989.082,
      75631.69,
      72636.95,
      75245.81,
      86788.54,
      52999.227,
      52177.14,
      84783.664,
      69432.51,
      65749.91,
      57948.504,
      55079.6,
      60012.1,
      75036.1,
      78643.2,
      102164.86,
      60238.594,
      54945.383,
      50398.758,
      110108.87,
      80320.92,
      82342.58,
      54995.715,
      55004.1,
      44652.56,
      14034.142,
      14596.178,
      10754.195,
      16064.185,
      14034.142,
      14587.789,
      10032.775,
      24041.75,
      9210.691,
      26239.566,
      18589.156,
      11467.228,
      10032.775,
      15141.4375,
      10586.423,
      14034.142,
      14587.789,
      10032.775,
      9210.691,
      17666.408,
      23798.48,
      10586.423,
      14042.53,
      10955.522,
      10032.775,
      18589.156,
      10586.423,
      10032.775,
      14319.354,
      16055.796,
      12188.647,
      14587.789,
      10032.775,
      10032.775,
      14042.53,
      14587.789,
      11307.844,
      29653.729,
      10578.035,
      23303.553,
      25476.203,
      14260.634,
      10032.775,
      15200.157,
      10032.775,
      14034.142,
      14587.789,
      10032.775,
      9210.691,
      26809.99,
      15141.4375,
      10032.775,
      14034.142,
      10586.423,
      10032.775,
      19511.902,
      10586.423,
      10032.775,
      14378.074,
      13656.654,
      14034.142,
      14587.789,
      10032.775,
      10032.775,
      23798.48,
      14587.789,
      10821.305,
      14034.142,
      10586.423,
      98599.695,
      81604.375,
      96141.836,
      82258.69,
      77846.28,
      87132.47,
      84079.016,
      99530.836,
      84355.84,
      91058.336,
      78047.61,
      104815.66,
      64038.633,
      50801.41,
      63157.83,
      68862.086,
      99069.46,
      86218.11,
      63954.746,
      61983.426,
      61698.21,
      81134.62,
      76135.01,
      87325.41,
      56245.617,
      64374.18,
      70497.86,
      72007.81,
      99195.29,
      65196.26,
      71848.43,
      84884.33,
      88550.15,
      63040.39,
      87115.695,
      86788.54,
      61807.266,
      85756.74,
      57059.312,
      60372.812,
      62713.234,
      79901.49,
      62386.08,
      78248.94,
      60129.543,
      57185.14,
      42647.684,
      164383.16,
      74557.945,
      60532.195,
      65926.07,
      60339.258,
      62839.062,
      59684.945,
      79431.73,
      53276.05,
      74390.17,
      58233.715,
      81830.87,
      62016.98,
      74423.73,
      77452.016,
      54307.848,
      58720.258,
      66815.266,
      70657.24,
      78198.6,
      71504.49,
      59181.63,
      75396.81,
      58460.21,
      79448.51,
      60616.082,
      85404.42,
      60934.848,
      72855.06,
      67813.51,
      71798.09,
      55457.086,
      81830.87,
      62394.465,
      78752.25,
      77275.86,
      60649.637,
      84825.6,
      75094.82,
      92325.02,
      61152.953,
      93239.375,
      62335.746,
      85446.36,
      80371.25,
      93365.21,
      81344.33,
      81914.76,
      60238.594,
      66202.89,
      66236.445,
      64147.684,
      70875.35,
      78710.31,
      76327.945,
      69432.51,
      74499.23,
      87853.89,
      63325.6,
      68794.98,
      81159.78,
      63015.223,
      74549.56,
      82594.234,
      66857.2,
      62671.29,
      74264.34,
      72553.07,
      59290.68,
      45189.43,
      56715.38,
      61723.38,
      60507.03,
      79515.62,
      66160.95,
      69818.38,
      69306.68,
      74792.83,
      62721.62,
      70950.84,
      76764.15,
      47915.73,
      58057.555,
      93465.87,
      42404.414,
      59114.52,
      61161.34,
      60548.973,
      60456.7,
      89430.95,
      75958.84,
      74121.74,
      70556.58,
      77334.58,
      57772.344,
      68568.484,
      82191.58,
      77586.234,
      65657.63,
      70103.59,
      86981.48,
      65724.74,
      61505.273,
      57336.137,
      71101.84,
      71160.56,
      80102.82,
      67545.07,
      70455.92,
      63132.664,
      1.7875309e+08,
      3.3302752e+08,
      3.2922384e+08,
      3.3196026e+08,
      3.170975e+08,
      3.179026e+08,
      3.2118666e+08,
      3.1456957e+08,
      3.195362e+08,
      3.087963e+08,
      3.2691565e+08,
      3.1002512e+08,
      3.073993e+08,
      3.076735e+08,
      3.1219773e+08,
      3.277281e+08,
      3.2741984e+08,
      3.0789366e+08,
      3.1592643e+08,
      3.0381114e+08,
      3.3153213e+08,
      3.1138694e+08,
      3.1947536e+08,
      3.199613e+08,
      3.1897587e+08,
      3.2086666e+08,
      3.097418e+08,
      3.2896176e+08,
      3.221982e+08,
      3.2030486e+08,
      3.0801584e+08,
      3.233966e+08,
      3.211202e+08,
      3.1942605e+08,
      2.9910342e+08,
      3.0381408e+08,
      3.206585e+08,
      3.2221613e+08,
      3.21566e+08,
      2.980566e+08,
      3.1105014e+08,
      2.0473374e+08,
      2.5852742e+08,
      3.2188426e+08,
      3.0854035e+08,
      3.335615e+08,
      3.0503117e+08,
      3.2436547e+08,
      3.2287437e+08,
      3.1585498e+08,
      3.1989382e+08,
      3.0830816e+08,
      3.1788006e+08,
      3.296291e+08,
      3.184463e+08,
      3.085128e+08,
      2.7507344e+08,
      2.6243096e+08,
      2.786536e+08,
      3.1181462e+08,
      3.2778192e+08,
      3.2422317e+08,
      3.1635264e+08,
      3.193868e+08,
      3.087859e+08,
      3.2864086e+08,
      3.209605e+08,
      3.1937267e+08,
      2.7349168e+08,
      2.4734602e+08,
      2.9160394e+08,
      3.3121942e+08,
      3.1403293e+08,
      3.1808477e+08,
      3.088606e+08,
      3.240418e+08,
      2.913557e+08,
      2.4912642e+08,
      2.6110274e+08,
      2.5909805e+08,
      2.6146933e+08,
      2.6063483e+08,
      2.4619046e+08,
      2.4521963e+08,
      3.1502762e+08,
      3.1766448e+08,
      3.1419085e+08,
      3.183771e+08,
      3.088939e+08,
      3.251194e+08,
      3.1120547e+08,
      3.237477e+08,
      3.0717546e+08,
      3.182456e+08,
      3.045315e+08,
      3.1011926e+08,
      3.165304e+08,
      3.225666e+08,
      2.513036e+08,
      2.6222005e+08,
      2.8541856e+08,
      2.6550018e+08,
      2.374945e+08,
      3.1449626e+08,
      2.9373382e+08,
      2.1104709e+08,
      2.353795e+08,
      3.4439347e+08,
      3.07465e+08,
      3.0683094e+08,
      3.2027312e+08,
      3.20901e+08,
      3.2616454e+08,
      2.7607968e+08,
      3.1390346e+08,
      3.1383728e+08,
      3.1543622e+08,
      3.511838e+08,
      2.9674797e+08,
      2.4329274e+08,
      1.1849752e+08,
      97366.57,
      92954.164,
      84238.4,
      95764.35,
      73618.42,
      107684.56,
      83013.664,
      105016.984,
      98540.98,
      89800.05,
      93205.82,
      77452.016,
      85706.41,
      60750.3,
      59164.85,
      74146.91,
      67880.62,
      102349.41,
      100755.57,
      60758.688,
      62713.234,
      67083.695,
      99262.4,
      111560.1,
      86838.87,
      72670.51,
      76353.11,
      59450.066,
      51422.168,
      99941.875,
      73417.09,
      72284.63,
      73693.92,
      81847.65,
      66622.33,
      69524.78,
      88432.7,
      70229.43,
      55255.76,
      58980.305,
      94640.27,
      130065.37,
      136625.27,
      50314.87,
      69331.84,
      58770.586,
      70187.484,
      81352.72,
      110024.984,
      63099.11,
      46783.266,
      53192.164,
      53401.88,
      91351.94,
      84464.89,
      70346.87,
      80245.42,
      99799.266,
      45868.91,
      100042.54,
      640621.2,
      85278.586,
      64609.06,
      73735.87,
      62671.29,
      92383.74,
      84917.875,
      74155.3,
      63745.03,
      61069.066,
      49148.855,
      97198.805,
      99170.125,
      66605.55,
      83181.44,
      50230.984,
      56329.504,
      96578.05,
      101032.4,
      66924.31,
      55381.59,
      51959.04,
      83131.1,
      80480.305,
      89540,
      75958.84,
      48771.367,
      38512.098,
      40256.93,
      93214.21,
      100612.96,
      62511.906,
      51648.66,
      74792.83,
      70330.086,
      72989.28,
      92308.24,
      69826.77,
      52529.465,
      49031.414,
      55062.824,
      73576.484,
      104564,
      70606.914,
      56044.29,
      62117.64,
      67486.35,
      70556.58,
      82820.73,
      67050.14,
      51480.887,
      54643.39,
      45877.297,
      69499.62,
      57277.414,
      67847.06,
      63619.203,
      60246.984,
      42731.57,
      60012.1,
      66303.555,
      78827.75,
      56111.4,
      48502.93,
      78383.16,
      87392.516,
      95714.016,
      45885.688,
      45248.152,
      59064.188,
      72737.62,
      68870.47,
      55046.047,
      53250.883,
      49534.73,
      73417.09,
      62285.414,
      81621.16,
      54500.785,
      51464.11,
      51027.902,
      80295.76,
      111677.54,
      97987.33,
      46581.94,
      59357.79,
      39820.723,
      47638.906,
      76537.66,
      91335.164,
      49174.02,
      54349.793,
      62830.676,
      62553.85,
      66857.2,
      72007.81,
      47009.758,
      55624.86,
      47848.62,
      68618.81,
      64642.613,
      78265.71,
      62973.28,
      65766.69,
      74415.34,
      59072.58,
      63543.707,
      83743.48,
      42026.926,
      46867.152,
      55700.355,
      74079.8,
      77879.836,
      101753.81,
      72108.48,
      54710.5,
      101703.484,
      107483.234,
      38193.332,
      14629.732,
      10032.775,
      12901.679,
      26935.82,
      15552.4795,
      10032.775,
      14076.084,
      10032.775,
      15242.101,
      16684.941,
      10586.423,
      9210.691,
      14629.732,
      180011.14,
      14134.805,
      14629.732,
      10032.775,
      10032.775,
      15695.086,
      23622.32,
      10032.775,
      13312.721,
      10854.858,
      25971.13,
      17792.238,
      12188.647,
      11509.17,
      25820.135,
      45650.805,
      88315.266,
      93616.87,
      94732.55,
      102231.97,
      92081.75,
      100185.15,
      70036.484,
      72494.35,
      97660.17,
      77141.64,
      88986.35,
      83659.586,
      92123.695,
      73333.21,
      70338.48,
      64298.68,
      92106.914,
      156749.53,
      193751.67,
      186403.27,
      350266.3,
      306150.62,
      339478.56,
      347833.62,
      368343.78,
      428666.25,
      410161,
      362186.53,
      444973.72,
      380935.06,
      453001.6,
      345493.22,
      277570.66,
      209404.83,
      346835.38,
      408147.72,
      311913.62,
      526787.8,
      276756.97,
      236130.92,
      329823.28,
      226953.8,
      265885.3,
      265046.47,
      256624.3,
      277109.28,
      299573.97,
      379777.44,
      261246.42,
      337909.9,
      224143.61,
      122364.625,
      80882.96,
      159048,
      247648.48,
      158049.77,
      119571.22,
      96477.38,
      259048.61,
      318146.34,
      289130.16,
      371036.53,
      367026.78,
      378259.12,
      404909.72,
      419170.34,
      277142.84,
      434680.88,
      367001.6,
      350392.16,
      375700.6,
      360039.06,
      401654.94,
      437667.22,
      377311.2,
      316082.75,
      441106.56,
      415621.97,
      410068.72,
      477789.94,
      395992.62,
      431895.88,
      290514.28,
      399264.2,
      263754.62,
      418977.4,
      251985.39,
      370935.84,
      265902.1,
      187577.66,
      467891.38,
      309598.34,
      438338.3,
      241549.97,
      230544.11,
      313104.78,
      270591.34,
      366892.56,
      349486.2,
      294456.9,
      339126.25,
      421066.2,
      397301.25,
      422005.7,
      445376.38,
      449964.94,
      380205.28,
      504532.84,
      492268.7,
      386496.72,
      368612.22,
      375851.6,
      382377.9,
      439823.1,
      431417.72,
      331601.7,
      346474.7,
      392695.9,
      406780.38,
      570400.2,
      336559.34,
      373989.3,
      350920.62,
      372026.38,
      426392.94,
      435972.75,
      402552.53,
      367823.7,
      394642.06,
      383745.25,
      416553.1,
      413080.22,
      391999.66,
      224336.55,
      527425.3,
      371112.03,
      432113.97,
      378963.75,
      345283.5,
      374844.94,
      430335.6,
      347313.53,
      398567.94,
      800105.44,
      358847.88,
      489232,
      477169.2,
      249158.44,
      332692.2,
      240669.16,
      444109.7,
      299490.1,
      596799.1,
      395497.7,
      375230.8,
      426141.28,
      191302.2,
      105805.516,
      71429,
      69952.6,
      70808.24,
      76973.87,
      1.3854902e+07,
      1.8200688e+07,
      1.5344702e+07,
      1.7070734e+07,
      1.3868324e+07,
      1.3603663e+07,
      1.4328707e+07,
      1.6654575e+07,
      1.8355398e+07,
      1.3460604e+07,
      1.4070036e+07,
      1.6605409e+07,
      1.4210294e+07,
      1.6635541e+07,
      1.397272e+07,
      1.473433e+07,
      1.8008646e+07,
      1.2090803e+07,
      1.007653e+07,
      1.4601765e+07,
      1.4389197e+07,
      1.3979271e+07,
      1.3158261e+07,
      1.0049754e+07,
      8.42509e+06,
      1.2431078e+07,
      1.2163289e+07,
      1.4317307e+07,
      1.34955e+07,
      1.3585762e+07,
      1.4162185e+07,
      1.3472717e+07,
      1.341887e+07,
      1.435436e+07,
      1.1687931e+07,
      1.2531859e+07,
      1.1472671e+07,
      1.07093e+07,
      1.0767223e+07,
      1.1699952e+07,
      1.5499212e+07,
      1.6653752e+07,
      1.5964561e+07,
      1.789972e+07,
      1.6519442e+07,
      1.6009449e+07,
      1.8895926e+07,
      1.6726784e+07,
      1.8793854e+07,
      1.6194015e+07,
      1.7598604e+07,
      1.6029875e+07,
      1.6864852e+07,
      1.7784712e+07,
      1.429553e+07,
      1.4210277e+07,
      1.272098e+07,
      1.2720175e+07,
      1.6858744e+07,
      1.3053328e+07,
      1.6796962e+07,
      1.6043683e+07,
      1.4274324e+07,
      1.7752634e+07,
      1.4880107e+07,
      1.6550992e+07,
      1.4109337e+07,
      1.4115016e+07,
      1.626187e+07,
      9.603991e+06,
      9.832891e+06,
      6.814712e+06,
      8.2789775e+06,
      8.543789e+06,
      5.9244965e+06,
      6.8581315e+06,
      8.221381e+06,
      8.770835e+06,
      1.026894e+07,
      8.149306e+06,
      1.3623292e+07,
      4.8230135e+06,
      7.214161e+06,
      1.0427249e+07,
      8.2069695e+06,
      1.937115e+07,
      1.7013472e+07,
      1.9795328e+07,
      1.8094504e+07,
      1.5393423e+07,
      1.5400016e+07,
      1.0653574e+07,
      1.4679217e+07,
      1.763303e+07,
      1.7474502e+07,
      1.8447942e+07,
      1.6363716e+07,
      1.5835368e+07,
      1.5281166e+07,
      1.1999065e+07,
      7.676608e+06,
      6.0336825e+06,
      8.525829e+06,
      6.3295235e+06,
      1.1880475e+07,
      1.2553518e+07,
      9.341285e+06,
      1.0552567e+07,
      1.4042295e+07,
      1.2894566e+07,
      8.944932e+06,
      8.134081e+06,
      1.7218902e+07,
      9.248935e+06,
      1.0067227e+07,
      1.5502777e+07,
      1.2989248e+07,
      1.4032338e+07,
      1.2721441e+07,
      1.6880412e+07,
      1.2437445e+07,
      9.270033e+06,
      61563.992,
      56312.727,
      89036.69,
      70036.484,
      78844.52
    ],
    "outages": [
      {
        "cause": "BOOTING",
        "startTimestampNs": "1400878338205950005",
        "durationNs": "48494843104",
        "didSwitch": false
      },
      {
        "cause": "NO_SCHEDULE",
        "startTimestampNs": "1400878387140730015",
        "durationNs": "11559976437",
        "didSwitch": false
      },
      {
        "cause": "NO_PINGS",
        "startTimestampNs": "1400878399600641908",
        "durationNs": "14040140128",
        "didSwitch": false
      },
      {
        "cause": "NO_PINGS",
        "startTimestampNs": "1400878448980890571",
        "durationNs": "3359892931",
        "didSwitch": false
      },
      {
        "cause": "NO_PINGS",
        "startTimestampNs": "1400878740120727599",
        "durationNs": "880000099",
        "didSwitch": true
      },
      {
        "cause": "NO_PINGS",
        "startTimestampNs": "1400878754860773553",
        "durationNs": "1319948364",
        "didSwitch": true
      },
      {
        "cause": "NO_PINGS",
        "startTimestampNs": "1400878921120717804",
        "durationNs": "940044786",
        "didSwitch": true
      },
      {
        "cause": "NO_PINGS",
        "startTimestampNs": "1400878950020695059",
        "durationNs": "1800094762",
        "didSwitch": true
      },
      {
        "cause": "NO_DOWNLINK",
        "startTimestampNs": "1400879913460752834",
        "durationNs": "399996962",
        "didSwitch": true
      },
      {
        "cause": "NO_DOWNLINK",
        "startTimestampNs": "1400880271600797136",
        "durationNs": "919999021",
        "didSwitch": true
      },
      {
        "cause": "NO_DOWNLINK",
        "startTimestampNs": "1400880300060756684",
        "durationNs": "1760032252",
        "didSwitch": true
      },
      {
        "cause": "NO_PINGS",
        "startTimestampNs": "1400880393960699660",
        "durationNs": "700075799",
        "didSwitch": true
      },
      {
        "cause": "NO_PINGS",
        "startTimestampNs": "1400880479860761384",
        "durationNs": "399880177",
        "didSwitch": true
      },
      {
        "cause": "NO_DOWNLINK",
        "startTimestampNs": "1400880615820734379",
        "durationNs": "540020628",
        "didSwitch": true
      },
      {
        "cause": "NO_DOWNLINK",
        "startTimestampNs": "1400880751320793905",
        "durationNs": "800023402",
        "didSwitch": true
      },
      {
        "cause": "NO_DOWNLINK",
        "startTimestampNs": "1400881148660712243",
        "durationNs": "480204682",
        "didSwitch": true
      },
      {
        "cause": "NO_DOWNLINK",
        "startTimestampNs": "1400881338320756585",
        "durationNs": "560004028",
        "didSwitch": true
      },
      {
        "cause": "NO_DOWNLINK",
        "startTimestampNs": "1400881402360800321",
        "durationNs": "539954948",
        "didSwitch": true
      },
      {
        "cause": "NO_DOWNLINK",
        "startTimestampNs": "1400881780120784844",
        "durationNs": "579880870",
        "didSwitch": true
      },
      {
        "cause": "NO_PINGS",
        "startTimestampNs": "1400882174980759021",
        "durationNs": "299930729",
        "didSwitch": true
      },
      {
        "cause": "NO_DOWNLINK",
        "startTimestampNs": "1400882333480792285",
        "durationNs": "479996943",
        "didSwitch": true
      },
      {
        "cause": "NO_DOWNLINK",
        "startTimestampNs": "1400882525260783114",
        "durationNs": "559995136",
        "didSwitch": true
      },
      {
        "cause": "NO_DOWNLINK",
        "startTimestampNs": "1400882639740702786",
        "durationNs": "1400093307",
        "didSwitch": true
      },
      {
        "cause": "NO_DOWNLINK",
        "startTimestampNs": "1400882643800769813",
        "durationNs": "679961790",
        "didSwitch": true
      },
      {
        "cause": "NO_DOWNLINK",
        "startTimestampNs": "1400883105000853580",
        "durationNs": "2719957505",
        "didSwitch": true
      },
      {
        "cause": "NO_DOWNLINK",
        "startTimestampNs": "1400883386820811577",
        "durationNs": "799933993",
        "didSwitch": true
      },
      {
        "cause": "NO_DOWNLINK",
        "startTimestampNs": "1400883397920747322",
        "durationNs": "779990319",
        "didSwitch": true
      }
    ]
  }
}
End time: 1716848190118
