Starting to pull status data from dish...
request data from dish at 2024-05-28T13:53:45.024933-04:00
receive json data from dish at 2024-05-28T13:53:45.333466-04:00
Sleeping for 0.1 seconds ...
request data from dish at 2024-05-28T13:53:45.493220-04:00
receive json data from dish at 2024-05-28T13:53:45.733325-04:00
Sleeping for 0.1 seconds ...
request data from dish at 2024-05-28T13:53:45.887017-04:00
receive json data from dish at 2024-05-28T13:53:46.113309-04:00
Sleeping for 0.1 seconds ...
request data from dish at 2024-05-28T13:53:46.269617-04:00
receive json data from dish at 2024-05-28T13:53:46.565109-04:00
Sleeping for 0.1 seconds ...
request data from dish at 2024-05-28T13:53:46.721285-04:00
receive json data from dish at 2024-05-28T13:53:46.919415-04:00
Sleeping for 0.1 seconds ...
request data from dish at 2024-05-28T13:53:47.068528-04:00
receive json data from dish at 2024-05-28T13:53:47.336430-04:00
Sleeping for 0.1 seconds ...
request data from dish at 2024-05-28T13:53:47.494374-04:00
receive json data from dish at 2024-05-28T13:53:47.713825-04:00
Sleeping for 0.1 seconds ...
request data from dish at 2024-05-28T13:53:47.865437-04:00
receive json data from dish at 2024-05-28T13:53:48.123710-04:00
Sleeping for 0.1 seconds ...
request data from dish at 2024-05-28T13:53:48.278860-04:00
receive json data from dish at 2024-05-28T13:53:48.456279-04:00
Sleeping for 0.1 seconds ...
request data from dish at 2024-05-28T13:53:48.619786-04:00
receive json data from dish at 2024-05-28T13:53:48.916003-04:00
Sleeping for 0.1 seconds ...
request data from dish at 2024-05-28T13:53:49.065847-04:00
receive json data from dish at 2024-05-28T13:53:49.358205-04:00
Sleeping for 0.1 seconds ...
request data from dish at 2024-05-28T13:53:49.514802-04:00
receive json data from dish at 2024-05-28T13:53:49.811368-04:00
Sleeping for 0.1 seconds ...
request data from dish at 2024-05-28T13:53:49.965128-04:00
receive json data from dish at 2024-05-28T13:53:50.398962-04:00
Sleeping for 0.1 seconds ...
request data from dish at 2024-05-28T13:53:50.562290-04:00
receive json data from dish at 2024-05-28T13:53:50.863093-04:00
Sleeping for 0.1 seconds ...
request data from dish at 2024-05-28T13:53:51.027302-04:00
receive json data from dish at 2024-05-28T13:53:51.203013-04:00
Sleeping for 0.1 seconds ...
request data from dish at 2024-05-28T13:53:51.366397-04:00
receive json data from dish at 2024-05-28T13:53:51.538753-04:00
Sleeping for 0.1 seconds ...
request data from dish at 2024-05-28T13:53:51.700942-04:00
receive json data from dish at 2024-05-28T13:53:51.924843-04:00
Sleeping for 0.1 seconds ...
request data from dish at 2024-05-28T13:53:52.082829-04:00
receive json data from dish at 2024-05-28T13:53:52.341956-04:00
Sleeping for 0.1 seconds ...
request data from dish at 2024-05-28T13:53:52.500374-04:00
receive json data from dish at 2024-05-28T13:53:52.711527-04:00
Sleeping for 0.1 seconds ...
request data from dish at 2024-05-28T13:53:52.876692-04:00
receive json data from dish at 2024-05-28T13:53:53.163380-04:00
Sleeping for 0.1 seconds ...
request data from dish at 2024-05-28T13:53:53.324040-04:00
receive json data from dish at 2024-05-28T13:53:53.600891-04:00
Sleeping for 0.1 seconds ...
request data from dish at 2024-05-28T13:53:53.760648-04:00
receive json data from dish at 2024-05-28T13:53:53.943775-04:00
Sleeping for 0.1 seconds ...
request data from dish at 2024-05-28T13:53:54.098889-04:00
receive json data from dish at 2024-05-28T13:53:54.314971-04:00
Sleeping for 0.1 seconds ...
request data from dish at 2024-05-28T13:53:54.465874-04:00
receive json data from dish at 2024-05-28T13:53:54.770369-04:00
Sleeping for 0.1 seconds ...
request data from dish at 2024-05-28T13:53:54.934176-04:00
receive json data from dish at 2024-05-28T13:53:55.220368-04:00
Sleeping for 0.1 seconds ...
request data from dish at 2024-05-28T13:53:55.384818-04:00
receive json data from dish at 2024-05-28T13:53:55.620293-04:00
Sleeping for 0.1 seconds ...
request data from dish at 2024-05-28T13:53:55.794333-04:00
receive json data from dish at 2024-05-28T13:53:56.168381-04:00
Sleeping for 0.1 seconds ...
request data from dish at 2024-05-28T13:53:56.369341-04:00
receive json data from dish at 2024-05-28T13:53:56.579429-04:00
Sleeping for 0.1 seconds ...
request data from dish at 2024-05-28T13:53:56.752618-04:00
receive json data from dish at 2024-05-28T13:53:57.042764-04:00
Sleeping for 0.1 seconds ...
request data from dish at 2024-05-28T13:53:57.212523-04:00
receive json data from dish at 2024-05-28T13:53:57.467318-04:00
Sleeping for 0.1 seconds ...
request data from dish at 2024-05-28T13:53:57.663658-04:00
receive json data from dish at 2024-05-28T13:53:57.886246-04:00
Sleeping for 0.1 seconds ...
request data from dish at 2024-05-28T13:53:58.065366-04:00
receive json data from dish at 2024-05-28T13:53:58.278292-04:00
Sleeping for 0.1 seconds ...
request data from dish at 2024-05-28T13:53:58.464209-04:00
receive json data from dish at 2024-05-28T13:53:58.785166-04:00
Sleeping for 0.1 seconds ...
request data from dish at 2024-05-28T13:53:58.952786-04:00
receive json data from dish at 2024-05-28T13:53:59.331878-04:00
Sleeping for 0.1 seconds ...
request data from dish at 2024-05-28T13:53:59.496613-04:00
receive json data from dish at 2024-05-28T13:53:59.870263-04:00
Sleeping for 0.1 seconds ...
request data from dish at 2024-05-28T13:54:00.040567-04:00
receive json data from dish at 2024-05-28T13:54:01.955052-04:00
Sleeping for 0.1 seconds ...
request data from dish at 2024-05-28T13:54:02.132255-04:00
receive json data from dish at 2024-05-28T13:54:02.380320-04:00
Sleeping for 0.1 seconds ...
request data from dish at 2024-05-28T13:54:02.571228-04:00
receive json data from dish at 2024-05-28T13:54:02.884792-04:00
Sleeping for 0.1 seconds ...
request data from dish at 2024-05-28T13:54:03.059394-04:00
receive json data from dish at 2024-05-28T13:54:03.308329-04:00
Sleeping for 0.1 seconds ...
request data from dish at 2024-05-28T13:54:03.503658-04:00
receive json data from dish at 2024-05-28T13:54:03.904766-04:00
Sleeping for 0.1 seconds ...
request data from dish at 2024-05-28T13:54:04.077998-04:00
receive json data from dish at 2024-05-28T13:54:04.363625-04:00
Sleeping for 0.1 seconds ...
request data from dish at 2024-05-28T13:54:04.561357-04:00
receive json data from dish at 2024-05-28T13:54:04.888600-04:00
Sleeping for 0.1 seconds ...
request data from dish at 2024-05-28T13:54:05.091464-04:00
receive json data from dish at 2024-05-28T13:54:05.344780-04:00
Sleeping for 0.1 seconds ...
request data from dish at 2024-05-28T13:54:05.511448-04:00
receive json data from dish at 2024-05-28T13:54:06.179401-04:00
Sleeping for 0.1 seconds ...
request data from dish at 2024-05-28T13:54:06.345075-04:00
receive json data from dish at 2024-05-28T13:54:06.607990-04:00
Sleeping for 0.1 seconds ...
request data from dish at 2024-05-28T13:54:06.784016-04:00
receive json data from dish at 2024-05-28T13:54:07.121606-04:00
Sleeping for 0.1 seconds ...
request data from dish at 2024-05-28T13:54:07.310631-04:00
receive json data from dish at 2024-05-28T13:54:07.567551-04:00
Sleeping for 0.1 seconds ...
request data from dish at 2024-05-28T13:54:07.734608-04:00
receive json data from dish at 2024-05-28T13:54:07.911091-04:00
Sleeping for 0.1 seconds ...
request data from dish at 2024-05-28T13:54:08.105959-04:00
receive json data from dish at 2024-05-28T13:54:08.409591-04:00
Sleeping for 0.1 seconds ...
request data from dish at 2024-05-28T13:54:08.609711-04:00
receive json data from dish at 2024-05-28T13:54:08.882955-04:00
Sleeping for 0.1 seconds ...
request data from dish at 2024-05-28T13:54:09.050266-04:00
receive json data from dish at 2024-05-28T13:54:09.308281-04:00
Sleeping for 0.1 seconds ...
request data from dish at 2024-05-28T13:54:09.501590-04:00
receive json data from dish at 2024-05-28T13:54:09.847199-04:00
Sleeping for 0.1 seconds ...
request data from dish at 2024-05-28T13:54:10.021164-04:00
receive json data from dish at 2024-05-28T13:54:10.242404-04:00
Sleeping for 0.1 seconds ...
request data from dish at 2024-05-28T13:54:10.413767-04:00
receive json data from dish at 2024-05-28T13:54:10.648615-04:00
Sleeping for 0.1 seconds ...
request data from dish at 2024-05-28T13:54:10.840742-04:00
receive json data from dish at 2024-05-28T13:54:11.185931-04:00
Sleeping for 0.1 seconds ...
request data from dish at 2024-05-28T13:54:11.361653-04:00
receive json data from dish at 2024-05-28T13:54:11.558288-04:00
Sleeping for 0.1 seconds ...
request data from dish at 2024-05-28T13:54:11.740982-04:00
receive json data from dish at 2024-05-28T13:54:12.089610-04:00
Sleeping for 0.1 seconds ...
request data from dish at 2024-05-28T13:54:12.280248-04:00
receive json data from dish at 2024-05-28T13:54:12.476264-04:00
Sleeping for 0.1 seconds ...
request data from dish at 2024-05-28T13:54:12.652911-04:00
receive json data from dish at 2024-05-28T13:54:12.883478-04:00
Sleeping for 0.1 seconds ...
request data from dish at 2024-05-28T13:54:13.049709-04:00
receive json data from dish at 2024-05-28T13:54:13.341970-04:00
Sleeping for 0.1 seconds ...
request data from dish at 2024-05-28T13:54:13.515623-04:00
receive json data from dish at 2024-05-28T13:54:13.825560-04:00
Sleeping for 0.1 seconds ...
request data from dish at 2024-05-28T13:54:13.994051-04:00
receive json data from dish at 2024-05-28T13:54:14.244287-04:00
Sleeping for 0.1 seconds ...
request data from dish at 2024-05-28T13:54:14.416953-04:00
receive json data from dish at 2024-05-28T13:54:14.628392-04:00
Sleeping for 0.1 seconds ...
request data from dish at 2024-05-28T13:54:14.817784-04:00
receive json data from dish at 2024-05-28T13:54:15.081407-04:00
Sleeping for 0.1 seconds ...
request data from dish at 2024-05-28T13:54:15.271576-04:00
receive json data from dish at 2024-05-28T13:54:15.480864-04:00
Sleeping for 0.1 seconds ...
request data from dish at 2024-05-28T13:54:15.671865-04:00
receive json data from dish at 2024-05-28T13:54:15.884556-04:00
Sleeping for 0.1 seconds ...
request data from dish at 2024-05-28T13:54:16.073582-04:00
receive json data from dish at 2024-05-28T13:54:16.366999-04:00
Sleeping for 0.1 seconds ...
request data from dish at 2024-05-28T13:54:16.541320-04:00
receive json data from dish at 2024-05-28T13:54:16.840802-04:00
Sleeping for 0.1 seconds ...
request data from dish at 2024-05-28T13:54:17.017523-04:00
receive json data from dish at 2024-05-28T13:54:17.217964-04:00
Sleeping for 0.1 seconds ...
request data from dish at 2024-05-28T13:54:17.394856-04:00
receive json data from dish at 2024-05-28T13:54:17.640515-04:00
Sleeping for 0.1 seconds ...
request data from dish at 2024-05-28T13:54:17.860823-04:00
receive json data from dish at 2024-05-28T13:54:18.163409-04:00
Sleeping for 0.1 seconds ...
request data from dish at 2024-05-28T13:54:18.334178-04:00
receive json data from dish at 2024-05-28T13:54:18.518455-04:00
Sleeping for 0.1 seconds ...
request data from dish at 2024-05-28T13:54:18.702997-04:00
receive json data from dish at 2024-05-28T13:54:18.945029-04:00
Sleeping for 0.1 seconds ...
request data from dish at 2024-05-28T13:54:19.115324-04:00
receive json data from dish at 2024-05-28T13:54:19.358707-04:00
Sleeping for 0.1 seconds ...
request data from dish at 2024-05-28T13:54:19.528232-04:00
receive json data from dish at 2024-05-28T13:54:19.824514-04:00
Sleeping for 0.1 seconds ...
request data from dish at 2024-05-28T13:54:19.986006-04:00
receive json data from dish at 2024-05-28T13:54:20.174936-04:00
Sleeping for 0.1 seconds ...
request data from dish at 2024-05-28T13:54:20.346950-04:00
receive json data from dish at 2024-05-28T13:54:20.625847-04:00
Sleeping for 0.1 seconds ...
request data from dish at 2024-05-28T13:54:20.788963-04:00
receive json data from dish at 2024-05-28T13:54:21.037759-04:00
Sleeping for 0.1 seconds ...
request data from dish at 2024-05-28T13:54:21.230959-04:00
receive json data from dish at 2024-05-28T13:54:21.459648-04:00
Sleeping for 0.1 seconds ...
request data from dish at 2024-05-28T13:54:21.647004-04:00
receive json data from dish at 2024-05-28T13:54:21.883588-04:00
Sleeping for 0.1 seconds ...
request data from dish at 2024-05-28T13:54:22.069635-04:00
receive json data from dish at 2024-05-28T13:54:22.347189-04:00
Sleeping for 0.1 seconds ...
request data from dish at 2024-05-28T13:54:22.537527-04:00
receive json data from dish at 2024-05-28T13:54:22.860849-04:00
Sleeping for 0.1 seconds ...
request data from dish at 2024-05-28T13:54:23.053989-04:00
receive json data from dish at 2024-05-28T13:54:23.299948-04:00
Sleeping for 0.1 seconds ...
request data from dish at 2024-05-28T13:54:23.468451-04:00
receive json data from dish at 2024-05-28T13:54:23.765509-04:00
Sleeping for 0.1 seconds ...
request data from dish at 2024-05-28T13:54:23.951739-04:00
receive json data from dish at 2024-05-28T13:54:24.327917-04:00
Sleeping for 0.1 seconds ...
request data from dish at 2024-05-28T13:54:24.525542-04:00
receive json data from dish at 2024-05-28T13:54:24.844260-04:00
Sleeping for 0.1 seconds ...
request data from dish at 2024-05-28T13:54:25.039969-04:00
receive json data from dish at 2024-05-28T13:54:25.252121-04:00
Sleeping for 0.1 seconds ...
request data from dish at 2024-05-28T13:54:25.418364-04:00
receive json data from dish at 2024-05-28T13:54:25.780205-04:00
Sleeping for 0.1 seconds ...
request data from dish at 2024-05-28T13:54:25.953486-04:00
receive json data from dish at 2024-05-28T13:54:26.306258-04:00
Sleeping for 0.1 seconds ...
request data from dish at 2024-05-28T13:54:26.484044-04:00
receive json data from dish at 2024-05-28T13:54:26.747407-04:00
Sleeping for 0.1 seconds ...
request data from dish at 2024-05-28T13:54:26.943773-04:00
receive json data from dish at 2024-05-28T13:54:27.201753-04:00
Sleeping for 0.1 seconds ...
request data from dish at 2024-05-28T13:54:27.390731-04:00
receive json data from dish at 2024-05-28T13:54:27.582178-04:00
Sleeping for 0.1 seconds ...
request data from dish at 2024-05-28T13:54:27.755020-04:00
receive json data from dish at 2024-05-28T13:54:27.961843-04:00
Sleeping for 0.1 seconds ...
request data from dish at 2024-05-28T13:54:28.164500-04:00
receive json data from dish at 2024-05-28T13:54:28.370884-04:00
Sleeping for 0.1 seconds ...
request data from dish at 2024-05-28T13:54:28.535516-04:00
receive json data from dish at 2024-05-28T13:54:28.858802-04:00
Sleeping for 0.1 seconds ...
request data from dish at 2024-05-28T13:54:29.052676-04:00
receive json data from dish at 2024-05-28T13:54:29.308676-04:00
Sleeping for 0.1 seconds ...
request data from dish at 2024-05-28T13:54:29.502766-04:00
receive json data from dish at 2024-05-28T13:54:29.761527-04:00
Sleeping for 0.1 seconds ...
request data from dish at 2024-05-28T13:54:29.937353-04:00
receive json data from dish at 2024-05-28T13:54:30.307570-04:00
Sleeping for 0.1 seconds ...
request data from dish at 2024-05-28T13:54:30.467438-04:00
receive json data from dish at 2024-05-28T13:54:30.744535-04:00
Sleeping for 0.1 seconds ...
request data from dish at 2024-05-28T13:54:30.941711-04:00
receive json data from dish at 2024-05-28T13:54:31.179580-04:00
Sleeping for 0.1 seconds ...
request data from dish at 2024-05-28T13:54:31.373798-04:00
receive json data from dish at 2024-05-28T13:54:32.043262-04:00
Sleeping for 0.1 seconds ...
request data from dish at 2024-05-28T13:54:32.236036-04:00
receive json data from dish at 2024-05-28T13:54:32.464058-04:00
Sleeping for 0.1 seconds ...
request data from dish at 2024-05-28T13:54:32.641324-04:00
receive json data from dish at 2024-05-28T13:54:33.444521-04:00
Sleeping for 0.1 seconds ...
request data from dish at 2024-05-28T13:54:33.619808-04:00
receive json data from dish at 2024-05-28T13:54:33.942341-04:00
Sleeping for 0.1 seconds ...
request data from dish at 2024-05-28T13:54:34.122929-04:00
receive json data from dish at 2024-05-28T13:54:34.357800-04:00
Sleeping for 0.1 seconds ...
request data from dish at 2024-05-28T13:54:34.542261-04:00
receive json data from dish at 2024-05-28T13:54:34.912846-04:00
Sleeping for 0.1 seconds ...
request data from dish at 2024-05-28T13:54:35.065269-04:00
receive json data from dish at 2024-05-28T13:54:35.232066-04:00
Sleeping for 0.1 seconds ...
request data from dish at 2024-05-28T13:54:35.410704-04:00
receive json data from dish at 2024-05-28T13:54:35.626682-04:00
Sleeping for 0.1 seconds ...
request data from dish at 2024-05-28T13:54:35.817002-04:00
receive json data from dish at 2024-05-28T13:54:36.077196-04:00
Sleeping for 0.1 seconds ...
request data from dish at 2024-05-28T13:54:36.265589-04:00
receive json data from dish at 2024-05-28T13:54:36.604675-04:00
Sleeping for 0.1 seconds ...
request data from dish at 2024-05-28T13:54:36.798879-04:00
receive json data from dish at 2024-05-28T13:54:37.135014-04:00
Sleeping for 0.1 seconds ...
request data from dish at 2024-05-28T13:54:37.306136-04:00
receive json data from dish at 2024-05-28T13:54:37.522135-04:00
Sleeping for 0.1 seconds ...
request data from dish at 2024-05-28T13:54:37.692139-04:00
receive json data from dish at 2024-05-28T13:54:37.947249-04:00
Sleeping for 0.1 seconds ...
request data from dish at 2024-05-28T13:54:38.136501-04:00
receive json data from dish at 2024-05-28T13:54:38.422437-04:00
Sleeping for 0.1 seconds ...
request data from dish at 2024-05-28T13:54:38.643412-04:00
receive json data from dish at 2024-05-28T13:54:38.922028-04:00
Sleeping for 0.1 seconds ...
request data from dish at 2024-05-28T13:54:39.109703-04:00
receive json data from dish at 2024-05-28T13:54:39.303252-04:00
Sleeping for 0.1 seconds ...
request data from dish at 2024-05-28T13:54:39.510864-04:00
receive json data from dish at 2024-05-28T13:54:39.889733-04:00
Sleeping for 0.1 seconds ...
request data from dish at 2024-05-28T13:54:40.058524-04:00
receive json data from dish at 2024-05-28T13:54:40.326906-04:00
Sleeping for 0.1 seconds ...
request data from dish at 2024-05-28T13:54:40.508646-04:00
receive json data from dish at 2024-05-28T13:54:40.797999-04:00
Sleeping for 0.1 seconds ...
request data from dish at 2024-05-28T13:54:40.976103-04:00
receive json data from dish at 2024-05-28T13:54:41.230982-04:00
Sleeping for 0.1 seconds ...
request data from dish at 2024-05-28T13:54:41.399309-04:00
receive json data from dish at 2024-05-28T13:54:41.609858-04:00
Sleeping for 0.1 seconds ...
request data from dish at 2024-05-28T13:54:41.804992-04:00
receive json data from dish at 2024-05-28T13:54:42.084024-04:00
Sleeping for 0.1 seconds ...
request data from dish at 2024-05-28T13:54:42.251622-04:00
receive json data from dish at 2024-05-28T13:54:42.500959-04:00
Sleeping for 0.1 seconds ...
request data from dish at 2024-05-28T13:54:42.676468-04:00
receive json data from dish at 2024-05-28T13:54:42.930895-04:00
Sleeping for 0.1 seconds ...
request data from dish at 2024-05-28T13:54:43.106237-04:00
receive json data from dish at 2024-05-28T13:54:43.365475-04:00
Sleeping for 0.1 seconds ...
request data from dish at 2024-05-28T13:54:43.544870-04:00
receive json data from dish at 2024-05-28T13:54:43.861399-04:00
Sleeping for 0.1 seconds ...
request data from dish at 2024-05-28T13:54:44.033219-04:00
receive json data from dish at 2024-05-28T13:54:44.279839-04:00
Sleeping for 0.1 seconds ...
request data from dish at 2024-05-28T13:54:44.476595-04:00
receive json data from dish at 2024-05-28T13:54:44.846714-04:00
Sleeping for 0.1 seconds ...
request data from dish at 2024-05-28T13:54:45.018353-04:00
receive json data from dish at 2024-05-28T13:54:45.323196-04:00
Sleeping for 0.1 seconds ...
request data from dish at 2024-05-28T13:54:45.512620-04:00
receive json data from dish at 2024-05-28T13:54:45.919461-04:00
Sleeping for 0.1 seconds ...
request data from dish at 2024-05-28T13:54:46.090290-04:00
receive json data from dish at 2024-05-28T13:54:46.281038-04:00
Sleeping for 0.1 seconds ...
request data from dish at 2024-05-28T13:54:46.468000-04:00
receive json data from dish at 2024-05-28T13:54:46.803044-04:00
Sleeping for 0.1 seconds ...
request data from dish at 2024-05-28T13:54:46.965500-04:00
receive json data from dish at 2024-05-28T13:54:47.236057-04:00
Sleeping for 0.1 seconds ...
request data from dish at 2024-05-28T13:54:47.398309-04:00
receive json data from dish at 2024-05-28T13:54:47.603530-04:00
Sleeping for 0.1 seconds ...
request data from dish at 2024-05-28T13:54:47.768728-04:00
receive json data from dish at 2024-05-28T13:54:48.053524-04:00
Sleeping for 0.1 seconds ...
request data from dish at 2024-05-28T13:54:48.236105-04:00
receive json data from dish at 2024-05-28T13:54:48.430854-04:00
Sleeping for 0.1 seconds ...
request data from dish at 2024-05-28T13:54:48.604579-04:00
receive json data from dish at 2024-05-28T13:54:48.962129-04:00
Sleeping for 0.1 seconds ...
request data from dish at 2024-05-28T13:54:49.129408-04:00
receive json data from dish at 2024-05-28T13:54:49.341553-04:00
Sleeping for 0.1 seconds ...
request data from dish at 2024-05-28T13:54:49.530256-04:00
receive json data from dish at 2024-05-28T13:54:49.849433-04:00
Sleeping for 0.1 seconds ...
request data from dish at 2024-05-28T13:54:50.049029-04:00
receive json data from dish at 2024-05-28T13:54:50.292381-04:00
Sleeping for 0.1 seconds ...
request data from dish at 2024-05-28T13:54:50.460419-04:00
receive json data from dish at 2024-05-28T13:54:50.788131-04:00
Sleeping for 0.1 seconds ...
request data from dish at 2024-05-28T13:54:50.953127-04:00
receive json data from dish at 2024-05-28T13:54:51.183618-04:00
Sleeping for 0.1 seconds ...
request data from dish at 2024-05-28T13:54:51.361430-04:00
receive json data from dish at 2024-05-28T13:54:51.584156-04:00
Sleeping for 0.1 seconds ...
request data from dish at 2024-05-28T13:54:51.750322-04:00
receive json data from dish at 2024-05-28T13:54:52.044246-04:00
Sleeping for 0.1 seconds ...
request data from dish at 2024-05-28T13:54:52.241700-04:00
receive json data from dish at 2024-05-28T13:54:52.441722-04:00
Sleeping for 0.1 seconds ...
request data from dish at 2024-05-28T13:54:52.633582-04:00
receive json data from dish at 2024-05-28T13:54:52.946140-04:00
Sleeping for 0.1 seconds ...
request data from dish at 2024-05-28T13:54:53.118916-04:00
receive json data from dish at 2024-05-28T13:54:53.392231-04:00
Sleeping for 0.1 seconds ...
request data from dish at 2024-05-28T13:54:53.561783-04:00
receive json data from dish at 2024-05-28T13:54:53.852261-04:00
Sleeping for 0.1 seconds ...
request data from dish at 2024-05-28T13:54:54.049347-04:00
receive json data from dish at 2024-05-28T13:54:54.340552-04:00
Sleeping for 0.1 seconds ...
request data from dish at 2024-05-28T13:54:54.512722-04:00
receive json data from dish at 2024-05-28T13:54:54.895552-04:00
Sleeping for 0.1 seconds ...
request data from dish at 2024-05-28T13:54:55.069012-04:00
receive json data from dish at 2024-05-28T13:54:55.288701-04:00
Sleeping for 0.1 seconds ...
request data from dish at 2024-05-28T13:54:55.496073-04:00
receive json data from dish at 2024-05-28T13:54:55.816265-04:00
Sleeping for 0.1 seconds ...
request data from dish at 2024-05-28T13:54:56.010443-04:00
receive json data from dish at 2024-05-28T13:54:56.281615-04:00
Sleeping for 0.1 seconds ...
request data from dish at 2024-05-28T13:54:56.473755-04:00
receive json data from dish at 2024-05-28T13:54:56.849993-04:00
Sleeping for 0.1 seconds ...
request data from dish at 2024-05-28T13:54:57.020739-04:00
receive json data from dish at 2024-05-28T13:54:57.242797-04:00
Sleeping for 0.1 seconds ...
request data from dish at 2024-05-28T13:54:57.444131-04:00
receive json data from dish at 2024-05-28T13:54:57.646760-04:00
Sleeping for 0.1 seconds ...
request data from dish at 2024-05-28T13:54:57.820995-04:00
receive json data from dish at 2024-05-28T13:54:58.146841-04:00
Sleeping for 0.1 seconds ...
request data from dish at 2024-05-28T13:54:58.320671-04:00
receive json data from dish at 2024-05-28T13:54:58.570641-04:00
Sleeping for 0.1 seconds ...
request data from dish at 2024-05-28T13:54:58.765649-04:00
receive json data from dish at 2024-05-28T13:54:58.963453-04:00
Sleeping for 0.1 seconds ...
request data from dish at 2024-05-28T13:54:59.136477-04:00
receive json data from dish at 2024-05-28T13:54:59.344107-04:00
Sleeping for 0.1 seconds ...
request data from dish at 2024-05-28T13:54:59.518869-04:00
receive json data from dish at 2024-05-28T13:54:59.889530-04:00
Sleeping for 0.1 seconds ...
request data from dish at 2024-05-28T13:55:00.059947-04:00
receive json data from dish at 2024-05-28T13:55:00.365983-04:00
Sleeping for 0.1 seconds ...
request data from dish at 2024-05-28T13:55:00.544570-04:00
receive json data from dish at 2024-05-28T13:55:00.844123-04:00
Sleeping for 0.1 seconds ...
request data from dish at 2024-05-28T13:55:01.035175-04:00
receive json data from dish at 2024-05-28T13:55:01.303191-04:00
Sleeping for 0.1 seconds ...
request data from dish at 2024-05-28T13:55:01.497893-04:00
receive json data from dish at 2024-05-28T13:55:01.760837-04:00
Sleeping for 0.1 seconds ...
request data from dish at 2024-05-28T13:55:01.929427-04:00
receive json data from dish at 2024-05-28T13:55:02.182468-04:00
Sleeping for 0.1 seconds ...
request data from dish at 2024-05-28T13:55:02.408690-04:00
receive json data from dish at 2024-05-28T13:55:02.644518-04:00
Sleeping for 0.1 seconds ...
request data from dish at 2024-05-28T13:55:02.819633-04:00
receive json data from dish at 2024-05-28T13:55:03.089265-04:00
Sleeping for 0.1 seconds ...
request data from dish at 2024-05-28T13:55:03.257419-04:00
receive json data from dish at 2024-05-28T13:55:03.460053-04:00
Sleeping for 0.1 seconds ...
request data from dish at 2024-05-28T13:55:03.622426-04:00
receive json data from dish at 2024-05-28T13:55:03.904870-04:00
Sleeping for 0.1 seconds ...
request data from dish at 2024-05-28T13:55:04.074223-04:00
receive json data from dish at 2024-05-28T13:55:04.323624-04:00
Sleeping for 0.1 seconds ...
request data from dish at 2024-05-28T13:55:04.492717-04:00
receive json data from dish at 2024-05-28T13:55:04.807181-04:00
Sleeping for 0.1 seconds ...
request data from dish at 2024-05-28T13:55:05.003622-04:00
receive json data from dish at 2024-05-28T13:55:05.229576-04:00
Sleeping for 0.1 seconds ...
request data from dish at 2024-05-28T13:55:05.410399-04:00
receive json data from dish at 2024-05-28T13:55:05.628019-04:00
Sleeping for 0.1 seconds ...
request data from dish at 2024-05-28T13:55:05.824411-04:00
receive json data from dish at 2024-05-28T13:55:06.086199-04:00
Sleeping for 0.1 seconds ...
request data from dish at 2024-05-28T13:55:06.272372-04:00
receive json data from dish at 2024-05-28T13:55:06.462690-04:00
Sleeping for 0.1 seconds ...
request data from dish at 2024-05-28T13:55:06.632269-04:00
receive json data from dish at 2024-05-28T13:55:06.928556-04:00
Sleeping for 0.1 seconds ...
request data from dish at 2024-05-28T13:55:07.100326-04:00
receive json data from dish at 2024-05-28T13:55:07.327622-04:00
Sleeping for 0.1 seconds ...
request data from dish at 2024-05-28T13:55:07.496101-04:00
receive json data from dish at 2024-05-28T13:55:07.789473-04:00
Sleeping for 0.1 seconds ...
request data from dish at 2024-05-28T13:55:07.965199-04:00
receive json data from dish at 2024-05-28T13:55:08.205874-04:00
Sleeping for 0.1 seconds ...
request data from dish at 2024-05-28T13:55:08.383978-04:00
receive json data from dish at 2024-05-28T13:55:08.622497-04:00
Sleeping for 0.1 seconds ...
request data from dish at 2024-05-28T13:55:08.796296-04:00
receive json data from dish at 2024-05-28T13:55:09.089789-04:00
Sleeping for 0.1 seconds ...
request data from dish at 2024-05-28T13:55:09.259203-04:00
receive json data from dish at 2024-05-28T13:55:09.465738-04:00
Sleeping for 0.1 seconds ...
request data from dish at 2024-05-28T13:55:09.657411-04:00
receive json data from dish at 2024-05-28T13:55:09.964180-04:00
Sleeping for 0.1 seconds ...
request data from dish at 2024-05-28T13:55:10.154240-04:00
receive json data from dish at 2024-05-28T13:55:10.361025-04:00
Sleeping for 0.1 seconds ...
request data from dish at 2024-05-28T13:55:10.552453-04:00
receive json data from dish at 2024-05-28T13:55:10.863755-04:00
Sleeping for 0.1 seconds ...
request data from dish at 2024-05-28T13:55:11.029807-04:00
receive json data from dish at 2024-05-28T13:55:11.318889-04:00
Sleeping for 0.1 seconds ...
request data from dish at 2024-05-28T13:55:11.533273-04:00
receive json data from dish at 2024-05-28T13:55:11.827751-04:00
Sleeping for 0.1 seconds ...
request data from dish at 2024-05-28T13:55:11.998825-04:00
receive json data from dish at 2024-05-28T13:55:12.207342-04:00
Sleeping for 0.1 seconds ...
request data from dish at 2024-05-28T13:55:12.379789-04:00
receive json data from dish at 2024-05-28T13:55:12.601503-04:00
Sleeping for 0.1 seconds ...
request data from dish at 2024-05-28T13:55:12.788972-04:00
receive json data from dish at 2024-05-28T13:55:13.083887-04:00
Sleeping for 0.1 seconds ...
request data from dish at 2024-05-28T13:55:13.272538-04:00
receive json data from dish at 2024-05-28T13:55:13.487906-04:00
Sleeping for 0.1 seconds ...
request data from dish at 2024-05-28T13:55:13.654147-04:00
receive json data from dish at 2024-05-28T13:55:13.902912-04:00
Sleeping for 0.1 seconds ...
request data from dish at 2024-05-28T13:55:14.078091-04:00
receive json data from dish at 2024-05-28T13:55:14.329541-04:00
Sleeping for 0.1 seconds ...
request data from dish at 2024-05-28T13:55:14.522300-04:00
receive json data from dish at 2024-05-28T13:55:14.822196-04:00
Sleeping for 0.1 seconds ...
request data from dish at 2024-05-28T13:55:15.035677-04:00
receive json data from dish at 2024-05-28T13:55:15.241195-04:00
Sleeping for 0.1 seconds ...
request data from dish at 2024-05-28T13:55:15.432693-04:00
receive json data from dish at 2024-05-28T13:55:15.784183-04:00
Sleeping for 0.1 seconds ...
request data from dish at 2024-05-28T13:55:16.006901-04:00
receive json data from dish at 2024-05-28T13:55:16.219280-04:00
Sleeping for 0.1 seconds ...
request data from dish at 2024-05-28T13:55:16.407321-04:00
receive json data from dish at 2024-05-28T13:55:16.625898-04:00
Sleeping for 0.1 seconds ...
request data from dish at 2024-05-28T13:55:16.799357-04:00
receive json data from dish at 2024-05-28T13:55:17.081386-04:00
Sleeping for 0.1 seconds ...
request data from dish at 2024-05-28T13:55:17.275495-04:00
receive json data from dish at 2024-05-28T13:55:17.524003-04:00
Sleeping for 0.1 seconds ...
request data from dish at 2024-05-28T13:55:17.698559-04:00
receive json data from dish at 2024-05-28T13:55:17.924641-04:00
Sleeping for 0.1 seconds ...
request data from dish at 2024-05-28T13:55:18.093145-04:00
receive json data from dish at 2024-05-28T13:55:18.281416-04:00
Sleeping for 0.1 seconds ...
request data from dish at 2024-05-28T13:55:18.492798-04:00
receive json data from dish at 2024-05-28T13:55:18.790671-04:00
Sleeping for 0.1 seconds ...
request data from dish at 2024-05-28T13:55:18.974486-04:00
receive json data from dish at 2024-05-28T13:55:19.183210-04:00
Sleeping for 0.1 seconds ...
request data from dish at 2024-05-28T13:55:19.351036-04:00
receive json data from dish at 2024-05-28T13:55:19.567850-04:00
Sleeping for 0.1 seconds ...
request data from dish at 2024-05-28T13:55:19.746943-04:00
receive json data from dish at 2024-05-28T13:55:19.942805-04:00
Sleeping for 0.1 seconds ...
request data from dish at 2024-05-28T13:55:20.165111-04:00
receive json data from dish at 2024-05-28T13:55:20.406322-04:00
Sleeping for 0.1 seconds ...
request data from dish at 2024-05-28T13:55:20.583476-04:00
receive json data from dish at 2024-05-28T13:55:20.881000-04:00
Sleeping for 0.1 seconds ...
request data from dish at 2024-05-28T13:55:21.048997-04:00
receive json data from dish at 2024-05-28T13:55:21.344482-04:00
Sleeping for 0.1 seconds ...
request data from dish at 2024-05-28T13:55:21.513233-04:00
receive json data from dish at 2024-05-28T13:55:21.827746-04:00
Sleeping for 0.1 seconds ...
request data from dish at 2024-05-28T13:55:22.000650-04:00
receive json data from dish at 2024-05-28T13:55:22.201294-04:00
Sleeping for 0.1 seconds ...
request data from dish at 2024-05-28T13:55:22.393296-04:00
receive json data from dish at 2024-05-28T13:55:22.601927-04:00
Sleeping for 0.1 seconds ...
request data from dish at 2024-05-28T13:55:22.797652-04:00
receive json data from dish at 2024-05-28T13:55:23.071812-04:00
Sleeping for 0.1 seconds ...
request data from dish at 2024-05-28T13:55:23.238202-04:00
receive json data from dish at 2024-05-28T13:55:23.448090-04:00
Sleeping for 0.1 seconds ...
request data from dish at 2024-05-28T13:55:23.640296-04:00
receive json data from dish at 2024-05-28T13:55:23.903977-04:00
Sleeping for 0.1 seconds ...
request data from dish at 2024-05-28T13:55:24.069206-04:00
receive json data from dish at 2024-05-28T13:55:24.302354-04:00
Sleeping for 0.1 seconds ...
request data from dish at 2024-05-28T13:55:24.477257-04:00
receive json data from dish at 2024-05-28T13:55:24.848454-04:00
Sleeping for 0.1 seconds ...
request data from dish at 2024-05-28T13:55:25.017275-04:00
receive json data from dish at 2024-05-28T13:55:25.228821-04:00
Sleeping for 0.1 seconds ...
request data from dish at 2024-05-28T13:55:25.404150-04:00
receive json data from dish at 2024-05-28T13:55:25.598288-04:00
Sleeping for 0.1 seconds ...
request data from dish at 2024-05-28T13:55:25.770095-04:00
receive json data from dish at 2024-05-28T13:55:26.082935-04:00
Sleeping for 0.1 seconds ...
request data from dish at 2024-05-28T13:55:26.253032-04:00
receive json data from dish at 2024-05-28T13:55:26.462604-04:00
Sleeping for 0.1 seconds ...
request data from dish at 2024-05-28T13:55:26.634309-04:00
receive json data from dish at 2024-05-28T13:55:26.899060-04:00
Sleeping for 0.1 seconds ...
request data from dish at 2024-05-28T13:55:27.051815-04:00
receive json data from dish at 2024-05-28T13:55:27.308113-04:00
Sleeping for 0.1 seconds ...
request data from dish at 2024-05-28T13:55:27.503354-04:00
receive json data from dish at 2024-05-28T13:55:27.779641-04:00
Sleeping for 0.1 seconds ...
request data from dish at 2024-05-28T13:55:27.954933-04:00
receive json data from dish at 2024-05-28T13:55:28.183069-04:00
Sleeping for 0.1 seconds ...
request data from dish at 2024-05-28T13:55:28.375994-04:00
receive json data from dish at 2024-05-28T13:55:28.605707-04:00
Sleeping for 0.1 seconds ...
request data from dish at 2024-05-28T13:55:28.786333-04:00
receive json data from dish at 2024-05-28T13:55:29.211963-04:00
Sleeping for 0.1 seconds ...
request data from dish at 2024-05-28T13:55:29.402539-04:00
receive json data from dish at 2024-05-28T13:55:29.625809-04:00
Sleeping for 0.1 seconds ...
request data from dish at 2024-05-28T13:55:29.817178-04:00
receive json data from dish at 2024-05-28T13:55:30.083671-04:00
Sleeping for 0.1 seconds ...
request data from dish at 2024-05-28T13:55:30.244925-04:00
receive json data from dish at 2024-05-28T13:55:30.446565-04:00
Sleeping for 0.1 seconds ...
request data from dish at 2024-05-28T13:55:30.613009-04:00
receive json data from dish at 2024-05-28T13:55:30.942132-04:00
Sleeping for 0.1 seconds ...
request data from dish at 2024-05-28T13:55:31.114650-04:00
receive json data from dish at 2024-05-28T13:55:31.341812-04:00
Sleeping for 0.1 seconds ...
request data from dish at 2024-05-28T13:55:31.522218-04:00
receive json data from dish at 2024-05-28T13:55:31.792830-04:00
Sleeping for 0.1 seconds ...
request data from dish at 2024-05-28T13:55:31.961293-04:00
receive json data from dish at 2024-05-28T13:55:32.180231-04:00
Sleeping for 0.1 seconds ...
request data from dish at 2024-05-28T13:55:32.354085-04:00
receive json data from dish at 2024-05-28T13:55:32.569466-04:00
Sleeping for 0.1 seconds ...
request data from dish at 2024-05-28T13:55:32.760957-04:00
receive json data from dish at 2024-05-28T13:55:33.051216-04:00
Sleeping for 0.1 seconds ...
request data from dish at 2024-05-28T13:55:33.225712-04:00
receive json data from dish at 2024-05-28T13:55:33.441380-04:00
Sleeping for 0.1 seconds ...
request data from dish at 2024-05-28T13:55:33.608784-04:00
receive json data from dish at 2024-05-28T13:55:33.907455-04:00
Sleeping for 0.1 seconds ...
request data from dish at 2024-05-28T13:55:34.074834-04:00
receive json data from dish at 2024-05-28T13:55:34.324558-04:00
Sleeping for 0.1 seconds ...
request data from dish at 2024-05-28T13:55:34.494081-04:00
receive json data from dish at 2024-05-28T13:55:34.787763-04:00
Sleeping for 0.1 seconds ...
request data from dish at 2024-05-28T13:55:34.963573-04:00
receive json data from dish at 2024-05-28T13:55:35.216690-04:00
Sleeping for 0.1 seconds ...
request data from dish at 2024-05-28T13:55:35.411750-04:00
receive json data from dish at 2024-05-28T13:55:35.754322-04:00
Sleeping for 0.1 seconds ...
request data from dish at 2024-05-28T13:55:35.944460-04:00
receive json data from dish at 2024-05-28T13:55:36.260862-04:00
Sleeping for 0.1 seconds ...
request data from dish at 2024-05-28T13:55:36.422421-04:00
receive json data from dish at 2024-05-28T13:55:36.880128-04:00
Sleeping for 0.1 seconds ...
request data from dish at 2024-05-28T13:55:37.047521-04:00
receive json data from dish at 2024-05-28T13:55:37.455335-04:00
Sleeping for 0.1 seconds ...
request data from dish at 2024-05-28T13:55:37.626533-04:00
receive json data from dish at 2024-05-28T13:55:38.201286-04:00
Sleeping for 0.1 seconds ...
request data from dish at 2024-05-28T13:55:38.418689-04:00
receive json data from dish at 2024-05-28T13:55:38.857680-04:00
Sleeping for 0.1 seconds ...
request data from dish at 2024-05-28T13:55:39.045304-04:00
receive json data from dish at 2024-05-28T13:55:39.238834-04:00
Sleeping for 0.1 seconds ...
Received signal, performing cleanup...
