Start time: 1716837876785
{
  "id": "0",
  "status": null,
  "apiVersion": "17",
  "dishGetHistory": {
    "current": "2157",
    "popPingDropRate": [
      0,
      0,
      0,
      0,
      0,
      0,
      0,
      0,
      0,
      0,
      0,
      0,
      0,
      0,
      0,
      0,
      0,
      0,
      0,
      0,
      0,
      0,
      0,
      0,
      0,
      0,
      0,
      0,
      0,
      0,
      0.1875,
      0.1875,
      0,
      0,
      0.11764706,
      0.125,
      0,
      0,
      0,
      0,
      0,
      0,
      0,
      0,
      0,
      0,
      0,
      0,
      0,
      0,
      0,
      0.06666667,
      0.06666667,
      0.06666667,
      0.071428575,
      0,
      0,
      0,
      0,
      0,
      0,
      0,
      0.375,
      0.42857143,
      0.071428575,
      0,
      0,
      0,
      0,
      0,
      0,
      0,
      0,
      0,
      0,
      0,
      0,
      0,
      0,
      0.071428575,
      0.071428575,
      0,
      0,
      0,
      0,
      0,
      0,
      0.13333334,
      0.13333334,
      0,
      0,
      0,
      0,
      0,
      0.06666667,
      0.06666667,
      0,
      0,
      0,
      0,
      0,
      0,
      0,
      0,
      0,
      0,
      0,
      0,
      0,
      0,
      0,
      0,
      0,
      0,
      0,
      0,
      0,
      0,
      0,
      0,
      0,
      0,
      0,
      0,
      0.0625,
      0.06666667,
      0,
      0.2,
      0.2,
      0,
      0,
      0,
      0.33333334,
      0.35714287,
      0.06666667,
      0,
      0.06666667,
      0.2,
      0.13333334,
      0.06666667,
      0.21428572,
      0.46153846,
      0.25,
      0,
      0,
      0,
      0,
      0,
      0,
      0,
      0,
      0,
      0,
      0,
      0.06666667,
      0.06666667,
      0,
      0,
      0,
      0,
      0,
      0,
      0,
      0,
      0,
      0,
      0,
      0,
      0,
      0,
      0,
      0,
      0,
      0,
      0,
      0,
      0,
      0,
      0,
      0,
      0,
      0,
      0,
      0,
      0,
      0,
      0,
      0,
      0,
      0,
      0,
      0,
      0,
      0,
      0,
      0,
      0,
      0.0625,
      0.05882353,
      0,
      0,
      0,
      0,
      0,
      0,
      0,
      0,
      0,
      0,
      0,
      0,
      0,
      0,
      0,
      0.071428575,
      0.071428575,
      0.125,
      0.13333334,
      0,
      0.11764706,
      0.11764706,
      0,
      0,
      0,
      0,
      0.0625,
      0.06666667,
      0,
      0.0625,
      0.071428575,
      0.071428575,
      0,
      0,
      0,
      0,
      0,
      0,
      0,
      0,
      0,
      0,
      0,
      0,
      0,
      0.0625,
      0,
      0,
      0,
      0,
      0,
      0,
      0,
      0,
      0,
      0,
      0,
      0.0625,
      0.0625,
      0,
      0,
      0,
      0.0625,
      0.0625,
      0,
      0,
      0,
      0,
      0,
      0.05882353,
      0.05882353,
      0,
      0,
      0,
      0,
      0,
      0,
      0,
      0,
      0,
      0,
      0,
      0,
      0,
      0,
      0,
      0,
      0,
      0,
      0,
      0,
      0,
      0,
      0,
      0.14285715,
      0.13333334,
      0,
      0,
      0,
      0,
      0,
      0.0625,
      0.0625,
      0,
      0,
      0,
      0,
      0,
      0,
      0,
      0,
      0,
      0,
      0,
      0,
      0,
      0,
      0,
      0,
      0,
      0,
      0,
      0,
      0,
      0,
      0,
      0,
      0,
      0,
      0,
      0,
      0,
      0,
      0,
      0,
      0,
      0,
      0,
      0,
      0,
      0,
      0,
      0,
      0,
      0,
      0,
      0,
      0,
      0,
      0,
      0.0625,
      0.0625,
      0,
      0,
      0,
      0,
      0,
      0,
      0,
      0,
      0,
      0,
      0,
      0,
      0,
      0,
      0,
      0,
      0.11764706,
      0.11764706,
      0,
      0.05882353,
      0.05882353,
      0.06666667,
      0,
      0,
      0,
      0,
      0,
      0,
      0,
      0,
      0,
      0,
      0,
      0,
      0,
      0,
      0,
      0,
      0,
      0,
      0,
      0,
      0,
      0,
      0,
      0,
      0,
      0,
      0.13333334,
      0.13333334,
      0,
      0,
      0,
      0,
      0,
      0.071428575,
      0.0625,
      0.0625,
      0.0625,
      0.0625,
      0,
      0,
      0,
      0.21428572,
      0.2,
      0,
      0,
      0,
      0,
      0,
      0,
      0,
      0.0625,
      0.0625,
      0,
      0,
      0,
      0,
      0,
      0,
      0,
      0,
      0,
      0,
      0,
      0,
      0,
      0,
      0,
      0,
      0,
      0,
      0,
      0,
      0,
      0,
      0,
      0,
      0,
      0,
      0,
      0,
      0,
      0,
      0,
      0,
      0,
      0,
      0,
      0,
      0,
      0,
      0,
      0,
      0,
      0,
      0,
      0,
      0,
      0,
      0,
      0,
      0,
      0,
      0,
      0,
      0,
      0,
      0,
      0,
      0,
      0,
      0,
      0,
      0,
      0,
      0,
      0,
      0,
      0,
      0,
      0,
      0,
      0,
      0,
      0,
      0,
      0,
      0,
      0,
      0,
      0,
      0,
      0,
      0,
      0,
      0,
      0,
      0,
      0,
      0,
      0,
      0,
      0,
      0,
      0,
      0,
      0,
      0,
      0,
      0,
      0,
      0,
      0,
      0,
      0,
      0,
      0,
      0.0625,
      0.0625,
      0,
      0,
      0,
      0,
      0,
      0,
      0,
      0,
      0,
      0,
      0,
      0,
      0,
      0.05882353,
      0,
      0,
      0,
      0,
      0,
      0,
      0,
      0,
      0,
      0,
      0,
      0,
      0,
      0,
      0,
      0,
      0,
      0,
      0,
      0,
      0,
      0,
      0,
      0,
      0,
      0,
      0,
      0,
      0,
      0,
      0,
      0,
      0,
      0,
      0,
      0,
      0,
      0,
      0,
      0,
      0,
      0,
      0,
      0,
      0,
      0,
      0,
      0,
      0,
      0,
      0,
      0,
      0,
      0,
      0,
      0,
      0,
      0,
      0,
      0.071428575,
      0.06666667,
      0,
      0,
      0,
      0,
      0,
      0,
      0,
      0,
      0.06666667,
      0.06666667,
      0,
      0,
      0,
      0,
      0,
      0,
      0,
      0,
      0,
      0,
      0,
      0,
      0,
      0,
      0,
      0,
      0,
      0,
      0.0625,
      0.0625,
      0,
      0,
      0,
      0,
      0,
      0,
      0,
      0,
      0,
      0,
      0,
      0,
      0,
      0.125,
      0.11764706,
      0,
      0,
      0,
      0,
      0,
      0,
      0,
      0,
      0,
      0,
      0,
      0,
      0,
      0,
      0,
      0,
      0,
      0,
      0,
      0,
      0,
      0,
      0,
      0,
      0,
      0,
      0,
      0,
      0,
      0,
      0,
      0,
      0,
      0,
      0,
      0,
      0,
      0,
      0,
      0,
      0,
      0,
      0,
      0,
      0,
      0,
      0,
      0,
      0.1875,
      0.1875,
      0.0625,
      0.0625,
      0.3529412,
      0.3125,
      0,
      0,
      0,
      0,
      0,
      0,
      0,
      0,
      0,
      0,
      0,
      0,
      0,
      0,
      0,
      0,
      0,
      0,
      0,
      0,
      0,
      0,
      0,
      0,
      0,
      0,
      0,
      0,
      0,
      0,
      0,
      0,
      0,
      0,
      0,
      0,
      0,
      0,
      0,
      0,
      0,
      0,
      0,
      0,
      0,
      0,
      0,
      0,
      0,
      0,
      0,
      0,
      0,
      0,
      0,
      0,
      0,
      0,
      0,
      0,
      0,
      0,
      0,
      0,
      0,
      0,
      0,
      0,
      0,
      0,
      0,
      0,
      0,
      0,
      0,
      0,
      0,
      0,
      0,
      0,
      0,
      0,
      0,
      0,
      0,
      0,
      0,
      0,
      0,
      0,
      0,
      0,
      0,
      0,
      0.125,
      0.0625,
      0,
      0,
      0,
      0,
      0,
      0,
      0,
      0,
      0,
      0,
      0,
      0,
      0,
      0.0625,
      0,
      0,
      0,
      0,
      0,
      0,
      0,
      0,
      0,
      0,
      0,
      0,
      0,
      0.06666667,
      0.05882353,
      0,
      0,
      0,
      0,
      0,
      0,
      0,
      0,
      0,
      0,
      0,
      0,
      0,
      0,
      0,
      0,
      0,
      0,
      0,
      0,
      0,
      0,
      0,
      0,
      0,
      0,
      0,
      0,
      0,
      0,
      0,
      0,
      0,
      0,
      0,
      0,
      0,
      0,
      0,
      0,
      0,
      0,
      0,
      0,
      0,
      0,
      0,
      0,
      0,
      0,
      0,
      0,
      0,
      0,
      0,
      0,
      0,
      0,
      0,
      0,
      0,
      0,
      0,
      0,
      0,
      0,
      0,
      0,
      0,
      0
    ],
    "popPingLatencyMs": [
      39.074684,
      38.272465,
      38.229534,
      37.736267,
      35.962563,
      35.3185,
      35.61737,
      35.16875,
      34.367558,
      33.888203,
      33.796936,
      32.506474,
      31.774376,
      32.74856,
      34.04056,
      33.590588,
      33.461563,
      44.8592,
      45.8798,
      36.65627,
      38.3495,
      39.850372,
      37.585735,
      35.197002,
      36.628532,
      38.416397,
      38.691666,
      38.927868,
      38.50575,
      46.163925,
      46.968376,
      43.941814,
      43.228535,
      41.675285,
      41.063133,
      42.792286,
      47.527473,
      46.977562,
      41.08875,
      39.063198,
      42.784534,
      43.315216,
      41.58207,
      44.81593,
      43.591145,
      40.87,
      42.31314,
      43.386284,
      35.931133,
      29.867664,
      32.102287,
      32.0915,
      32.26054,
      31.797644,
      30.044,
      31.385798,
      32.018135,
      30.4872,
      29.42194,
      30.847063,
      32.2016,
      38.49289,
      43.08962,
      48.75107,
      49.500282,
      44.432995,
      43.50453,
      46.20606,
      45.42656,
      44.306065,
      44.33719,
      44.689934,
      41.599068,
      42.363,
      43.127537,
      45.575314,
      46.8318,
      40.752846,
      36.14908,
      32.406532,
      30.292286,
      30.288218,
      34.649437,
      34.65053,
      33.600468,
      34.236267,
      46.833843,
      50.25026,
      40.876694,
      41.467648,
      41.101685,
      38.991814,
      39.147,
      36.6884,
      35.260563,
      35.787064,
      36.539886,
      35.659065,
      35.275597,
      36.456997,
      38.601498,
      39.51026,
      38.819664,
      40.490337,
      41.470764,
      42.045376,
      42.934326,
      42.567135,
      38.60313,
      36.877296,
      32.524136,
      32.524136,
      32.825,
      31.822254,
      31.364874,
      33.101376,
      33.366413,
      31.488297,
      31.49006,
      32.634937,
      33.880642,
      32.720936,
      32.033253,
      30.422066,
      35.0724,
      37.78193,
      32.817165,
      30.452072,
      30.667732,
      32.891,
      32.481335,
      48.2298,
      54.131004,
      50.61794,
      50.902733,
      51.11142,
      47.739086,
      45.035465,
      43.65972,
      43.66136,
      48.387997,
      40.93425,
      32.5456,
      32.063534,
      33.7105,
      37.622932,
      36.44138,
      36.385254,
      39.734535,
      39.158134,
      39.172997,
      34.034214,
      41.43714,
      48.697716,
      44.012596,
      42.24107,
      41.10494,
      41.021687,
      40.114395,
      39.0194,
      41.07075,
      42.043438,
      39.207184,
      37.683468,
      38.2722,
      40.4824,
      44.137737,
      41.61481,
      33.424274,
      30.141724,
      29.598177,
      26.65944,
      26.39775,
      28.139297,
      27.91194,
      28.116062,
      28.278532,
      28.281355,
      28.119053,
      27.89394,
      27.865002,
      27.77125,
      30.880564,
      31.006355,
      27.896942,
      27.803,
      28.357468,
      29.707237,
      30.81125,
      30.798061,
      31.165176,
      31.991167,
      32.267185,
      32.465687,
      30.37294,
      28.868,
      32.15512,
      31.44412,
      28.4615,
      26.884315,
      27.989355,
      29.62653,
      29.09606,
      29.376999,
      31.509876,
      31.458353,
      29.994936,
      28.141623,
      27.490885,
      29.883884,
      30.71312,
      30.555313,
      30.417402,
      31.08993,
      32.049503,
      30.474855,
      29.351267,
      29.293936,
      29.093624,
      28.071777,
      29.821001,
      29.819,
      29.35047,
      29.646313,
      31.91067,
      33.573498,
      31.855247,
      40.459644,
      44.63443,
      38.09394,
      38.14829,
      38.02693,
      39.044872,
      40.861748,
      39.49925,
      40.625237,
      40.141117,
      41.548622,
      41.361946,
      39.482468,
      40.033066,
      40.639317,
      37.5756,
      35.387432,
      36.342434,
      36.86181,
      35.891666,
      34.666126,
      34.56106,
      37.09925,
      37.344467,
      34.272537,
      35.371437,
      35.768414,
      35.768253,
      37.07693,
      36.09494,
      31.348001,
      28.973503,
      28.428186,
      31.485435,
      31.9575,
      29.08225,
      28.387125,
      27.449127,
      29.053883,
      29.450314,
      28.481003,
      29.074446,
      28.857445,
      28.194233,
      29.104765,
      32.604374,
      35.63688,
      36.64594,
      35.566624,
      36.379128,
      36.02844,
      36.170563,
      35.9458,
      35.974503,
      36.286232,
      36.796314,
      36.789997,
      36.190468,
      36.040287,
      35.868664,
      39.90613,
      38.069595,
      34.705875,
      35.60731,
      42.75061,
      44.34892,
      39.547253,
      36.115353,
      34.257942,
      34.89131,
      34.593502,
      32.45493,
      27.851309,
      25.774374,
      26.161371,
      28.82381,
      33.461376,
      35.144535,
      33.208935,
      31.203232,
      30.305998,
      32.43225,
      32.35593,
      32.604122,
      34.78365,
      32.404827,
      28.96575,
      29.834682,
      30.99881,
      32.12256,
      34.80647,
      33.675312,
      32.445374,
      32.125565,
      30.231503,
      30.60641,
      29.843061,
      28.850628,
      30.186188,
      28.190666,
      28.5194,
      30.455532,
      28.707626,
      30.846437,
      29.924267,
      30.035002,
      33.286438,
      33.38344,
      33.233627,
      33.446938,
      34.16919,
      33.69441,
      32.48859,
      33.702824,
      36.670437,
      37.453472,
      36.623688,
      36.570534,
      35.0844,
      35.682133,
      36.05593,
      32.07119,
      29.699873,
      28.468376,
      26.847813,
      28.321066,
      28.084063,
      27.007332,
      30.491188,
      31.128275,
      32.585003,
      31.09294,
      29.934504,
      32.657623,
      32.017,
      32.28731,
      33.1096,
      34.98238,
      35.364197,
      32.737865,
      34.031586,
      35.216118,
      35.715748,
      36.36513,
      37.834217,
      38.070667,
      35.130306,
      33.42947,
      33.621628,
      33.716,
      32.820072,
      32.72207,
      32.513866,
      30.65475,
      29.162376,
      32.674934,
      32.9094,
      29.90973,
      28.105127,
      30.797823,
      32.248592,
      30.414001,
      33.044415,
      31.924803,
      30.309372,
      35.16875,
      32.851063,
      26.492,
      24.7665,
      24.891174,
      26.066687,
      46.35838,
      51.322998,
      45.054813,
      45.16487,
      44.066936,
      43.8136,
      44.622284,
      43.799934,
      44.30187,
      40.255325,
      33.70131,
      28.989296,
      26.450294,
      27.2145,
      60.1,
      75.431366,
      39.461315,
      37.937767,
      38.011665,
      37.696667,
      38.68069,
      40.084133,
      40.00887,
      41.65459,
      42.673683,
      35.89193,
      30.280752,
      29.711132,
      29.047626,
      28.26256,
      28.34581,
      28.584402,
      29.701666,
      29.164131,
      28.280624,
      28.800468,
      27.638126,
      27.85856,
      30.94556,
      33.805668,
      30.847334,
      27.615868,
      27.421812,
      29.002434,
      29.703627,
      28.012566,
      30.484867,
      32.4096,
      32.51231,
      30.498667,
      29.5846,
      31.934,
      28.662268,
      27.53875,
      29.9486,
      28.45307,
      27.002855,
      28.730665,
      28.6335,
      26.49847,
      26.451626,
      26.531603,
      25.667942,
      25.579763,
      24.947733,
      26.543001,
      29.44512,
      28.324375,
      25.288465,
      33.841686,
      38.058563,
      33.7104,
      35.6038,
      36.781315,
      34.1224,
      31.31667,
      34.161747,
      35.635815,
      36.294,
      36.254562,
      34.28356,
      33.42681,
      33.002876,
      33.696865,
      38.200397,
      41.731266,
      39.814735,
      38.793934,
      36.935642,
      34.380642,
      31.706066,
      30.855762,
      31.005766,
      32.796124,
      32.8295,
      31.935751,
      37.108936,
      36.496933,
      32.395473,
      32.440815,
      34.146004,
      32.431187,
      31.738565,
      32.81612,
      30.041706,
      27.955254,
      32.040688,
      32.832184,
      31.923124,
      31.593376,
      29.093689,
      30.820812,
      31.460686,
      30.66875,
      33.73675,
      35.265533,
      34.04994,
      33.897312,
      33.42506,
      33.835377,
      34.1515,
      34.418064,
      33.9585,
      33.809875,
      34.210186,
      35.694126,
      34.569874,
      33.859135,
      37.570198,
      41.246403,
      39.997,
      40.623436,
      42.229248,
      41.404686,
      42.262535,
      44.059135,
      43.850624,
      41.468884,
      41.443134,
      44.09327,
      42.28406,
      42.285126,
      43.234753,
      42.155502,
      41.61163,
      35.274128,
      28.611464,
      29.022333,
      30.862398,
      31.271397,
      30.976933,
      31.562134,
      33.4715,
      34.63787,
      32.283184,
      30.261938,
      29.17459,
      29.603,
      30.306734,
      34.499313,
      41.494003,
      41.356007,
      39.432,
      40.006874,
      41.823196,
      41.309933,
      41.26444,
      43.055943,
      44.527527,
      44.374416,
      43.146126,
      44.7062,
      41.409534,
      42.10081,
      40.50368,
      38.607372,
      38.466602,
      38.682934,
      37.819313,
      38.01562,
      38.348934,
      39.512253,
      39.85356,
      37.3162,
      36.053204,
      35.669666,
      34.61513,
      36.436867,
      36.49719,
      37.567623,
      36.276814,
      32.31894,
      32.261936,
      30.889885,
      29.201,
      29.688398,
      31.866188,
      32.484188,
      31.36433,
      32.636642,
      32.883465,
      33.694134,
      34.200935,
      32.30029,
      34.182,
      34.211216,
      33.834877,
      34.22781,
      32.469414,
      32.110466,
      32.9815,
      32.373535,
      33.4535,
      33.78669,
      36.077003,
      42.47086,
      43.09165,
      42.669945,
      40.44219,
      37.310524,
      32.156765,
      27.736626,
      27.739935,
      29.143133,
      28.586624,
      30.64788,
      32.186646,
      31.368412,
      29.981377,
      30.831398,
      30.351603,
      32.68553,
      31.268002,
      28.8816,
      33.069736,
      32.139397,
      27.3975,
      27.239536,
      29.28493,
      31.0894,
      29.207067,
      32.13106,
      33.826626,
      31.997435,
      30.659996,
      31.6554,
      32.05733,
      29.488623,
      30.771065,
      40.916996,
      47.099266,
      44.675877,
      43.955433,
      44.828255,
      44.41425,
      47.003,
      47.452,
      47.708233,
      47.4692,
      42.399273,
      40.928333,
      46.494534,
      47.194267,
      43.402996,
      42.12327,
      36.58567,
      32.194687,
      32.127186,
      33.476467,
      32.737133,
      30.757067,
      30.56575,
      30.860527,
      30.262936,
      29.436735,
      29.288998,
      29.570627,
      33.029316,
      33.0292,
      32.57644,
      33.349186,
      33.251198,
      36.202003,
      35.75,
      32.90659,
      34.00847,
      33.938877,
      33.52279,
      33.03075,
      31.231352,
      32.651875,
      35.947063,
      34.86094,
      33.922935,
      35.684216,
      37.28507,
      38.289803,
      35.565502,
      33.281937,
      33.608,
      45.80184,
      48.981003,
      46.235752,
      52.418907,
      39.992504,
      34.133625,
      35.219265,
      36.78113,
      35.564533,
      33.259933,
      30.643734,
      30.73236,
      30.074133,
      31.248331,
      32.215126,
      30.833685,
      29.82688,
      31.965645,
      33.078625,
      31.54421,
      31.134731,
      32.323936,
      30.824121,
      31.139069,
      32.935715,
      32.665802,
      33.290253,
      37.090317,
      37.067875,
      33.878872,
      33.15775,
      34.015312,
      34.238503,
      33.83288,
      34.250267,
      32.793873,
      33.465378,
      33.14175,
      33.142,
      32.633865,
      29.4046,
      28.994867,
      29.582935,
      29.094627,
      29.463314,
      29.944464,
      29.975334,
      30.1236,
      29.174562,
      30.608198,
      31.338287,
      28.1842,
      27.606932,
      26.545532,
      28.318062,
      31.891533,
      28.629265,
      26.258572,
      26.370798,
      25.307867,
      26.546133,
      27.269737,
      26.000751,
      25.407883,
      25.079998,
      27.828,
      29.414335,
      27.557865,
      28.661125,
      27.302132,
      27.369001,
      28.54925,
      26.36475,
      24.92353,
      24.728733,
      25.3656,
      26.505684,
      26.946005,
      27.281185,
      28.090187,
      26.038246,
      25.157667,
      26.98669,
      25.791811,
      32.60127,
      37.684868,
      33.642063,
      34.713535,
      38.133747,
      38.17056,
      36.660755,
      36.573,
      35.965706,
      37.441063,
      38.351864,
      35.010265,
      35.033066,
      37.505337,
      34.586933,
      37.42771,
      41.523567,
      37.93044,
      36.8888,
      36.693733,
      38.571064,
      39.55256,
      36.629665,
      39.866245,
      42.985126,
      39.9356,
      37.351204,
      38.431664,
      38.631138,
      37.167248,
      41.95233,
      45.374863,
      42.327877,
      41.04219,
      41.899998,
      42.138355,
      41.246063,
      40.890186,
      41.756626,
      41.736378,
      41.930996,
      40.668335,
      39.000065,
      38.437336,
      81.06063,
      72.98712,
      63.248253,
      31.005314,
      32.7644,
      34.515858,
      33.90067,
      33.372063,
      32.932236,
      30.731312,
      31.195751,
      32.426685,
      31.076004,
      31.322374,
      34.128464,
      35.9694,
      35.0814,
      32.229202,
      28.892118,
      29.155176,
      30.262875,
      29.447998,
      29.559748,
      30.22525,
      29.6376,
      31.966644,
      31.016535,
      28.988377,
      32.283237,
      31.446297,
      27.563313,
      31.901999,
      34.090736,
      28.730942,
      28.145119,
      28.962252,
      28.736198,
      30.129002,
      28.349623,
      30.730938,
      32.731735,
      30.004002,
      28.104563,
      28.915436,
      29.656933,
      26.310068,
      30.463999,
      32.59531,
      28.404997,
      29.064125,
      29.43613,
      28.379251,
      28.934248,
      37.980663,
      40.360188,
      34.248375,
      33.565933,
      33.133865,
      32.44281,
      33.875435,
      31.797125,
      36.60027,
      40.77956,
      39.478123,
      40.913006,
      41.980873,
      41.713497,
      41.229374,
      41.17562,
      41.188877,
      39.678314,
      40.077534,
      39.008728,
      38.237
    ],
    "downlinkThroughputBps": [
      29754.393,
      474870.72,
      27942.453,
      36247.176,
      30073.16,
      19897.777,
      19939.72,
      67033.37,
      38428.215,
      19084.084,
      23278.387,
      31188.844,
      150390.97,
      50356.812,
      24847.057,
      24595.398,
      20275.266,
      28319.941,
      29729.227,
      21407.729,
      18530.436,
      30517.756,
      26373.783,
      19847.447,
      20887.635,
      18891.145,
      27690.795,
      21541.945,
      19855.836,
      25182.602,
      27472.691,
      61748.543,
      86100.67,
      48008.004,
      27137.146,
      33999.027,
      19771.95,
      59995.324,
      23060.283,
      18589.156,
      2.4426108e+07,
      1.2420044e+08,
      6.83918e+07,
      7.311412e+07,
      1.03083704e+08,
      1.0731043e+08,
      9.44395e+07,
      7.713568e+07,
      2.2070845e+08,
      1.7178158e+08,
      1.8895926e+07,
      5.1077436e+07,
      1.8857371e+08,
      7.774573e+07,
      8.1829695e+06,
      1.07721304e+08,
      1.7102307e+08,
      1.669589e+08,
      1.6950176e+08,
      9.69116e+07,
      2.3511002e+06,
      1.19032344e+08,
      1.0927581e+08,
      1.007747e+08,
      1.1590068e+08,
      1.2913755e+08,
      1.842478e+08,
      1.955737e+08,
      1.8655838e+08,
      1.0451531e+08,
      2.0380709e+08,
      2.0110131e+08,
      1.2957328e+08,
      5.4236596e+07,
      9.366777e+07,
      1.42184e+08,
      1.0481027e+08,
      6.0941376e+07,
      5.1750664e+07,
      6.0280444e+07,
      4.641551e+06,
      4.8285064e+07,
      6.8486104e+07,
      7.943751e+07,
      4.8321956e+07,
      1.0704401e+08,
      9.332048e+07,
      2.3009627e+08,
      2.7692778e+08,
      2.452036e+08,
      3.2060362e+08,
      3.1150762e+08,
      1.4265762e+08,
      1.1200334e+08,
      2.4688598e+08,
      9.923438e+07,
      2.0453542e+08,
      1.6073e+08,
      8.433088e+07,
      1.4009502e+08,
      1.642259e+08,
      1.4056182e+08,
      1.3233737e+08,
      2.1014024e+08,
      2.6980438e+08,
      1.4132397e+08,
      2.0966198e+08,
      1.272516e+08,
      4.0146906e+08,
      3.438703e+08,
      3.8642195e+08,
      3.8642195e+08,
      2.8387542e+08,
      3.8192902e+08,
      3.9787907e+08,
      3.737712e+08,
      3.3609805e+08,
      3.691059e+08,
      3.5632886e+08,
      3.6267402e+08,
      3.705961e+08,
      2.879039e+08,
      1.4497786e+08,
      1.3120286e+07,
      3.069489e+07,
      3.1326536e+07,
      494592.3,
      7.74136e+06,
      2.1857306e+07,
      3.6874844e+07,
      6.1643685e+06,
      1.6860717e+08,
      2.8885152e+08,
      3.2265542e+08,
      1.11123384e+08,
      1.0092767e+08,
      1.5718544e+08,
      1.9267917e+08,
      1.890451e+08,
      3.4619636e+07,
      1.1690537e+08,
      2.660405e+08,
      3.6304896e+08,
      3.521166e+08,
      3.0789578e+08,
      2.6239992e+08,
      2.825553e+08,
      3.6723856e+08,
      3.4627456e+08,
      2.126071e+08,
      2.9879517e+08,
      1.7401714e+08,
      2.5588027e+08,
      2.2109272e+08,
      2.9161446e+08,
      2.6160891e+08,
      2.4227594e+08,
      3.1714877e+08,
      3.279634e+08,
      1.9658032e+08,
      9.172723e+07,
      21265.121,
      24142.414,
      23437.771,
      18438.16,
      32354.861,
      30945.574,
      22934.455,
      29779.559,
      457120.4,
      30148.656,
      52051.312,
      25560.088,
      22867.346,
      22733.127,
      34720.45,
      31423.725,
      39896.22,
      25929.188,
      24209.523,
      17825.793,
      424841.06,
      19620.955,
      37580.965,
      23538.434,
      53544.484,
      56128.176,
      150130.92,
      53603.207,
      61580.77,
      130602.234,
      75413.586,
      29007.807,
      25300.041,
      81369.5,
      27103.592,
      22187.867,
      33277.61,
      34007.418,
      21776.826,
      36305.895,
      29586.621,
      34854.668,
      34703.67,
      23202.89,
      101384.72,
      22632.465,
      28303.164,
      30207.377,
      35584.477,
      254694.92,
      55155.098,
      25769.805,
      36633.05,
      33109.836,
      23429.383,
      25090.326,
      71621.94,
      30123.492,
      62193.14,
      49710.89,
      48016.39,
      23127.393,
      25912.41,
      24972.887,
      22187.867,
      29133.635,
      18211.668,
      53552.875,
      45793.41,
      28412.215,
      63443.043,
      23605.543,
      33025.95,
      18203.28,
      74088.19,
      31004.295,
      30576.477,
      33764.15,
      24184.357,
      25258.1,
      20384.318,
      27665.629,
      31037.85,
      42328.914,
      40777.023,
      22842.18,
      59559.117,
      43293.605,
      28647.096,
      68669.15,
      53443.82,
      54609.84,
      21030.24,
      18018.73,
      21298.676,
      19579.012,
      28412.215,
      26818.379,
      59164.85,
      19520.291,
      18748.54,
      20443.037,
      37295.75,
      18706.596,
      105201.53,
      48226.105,
      39476.79,
      36230.4,
      28361.883,
      21441.281,
      22397.584,
      19855.836,
      24570.232,
      81126.23,
      67352.13,
      48351.938,
      72863.445,
      28823.258,
      37438.36,
      80916.516,
      54811.164,
      36146.51,
      37589.35,
      20342.375,
      50633.637,
      39359.348,
      19176.357,
      43780.145,
      82367.74,
      76067.9,
      20753.416,
      126105.945,
      51556.387,
      71689.05,
      104480.11,
      33135,
      28110.225,
      31146.902,
      73651.98,
      63057.168,
      388870.7,
      35181.82,
      56505.664,
      40173.043,
      41943.04,
      569636.8,
      572983.9,
      45273.316,
      26105.348,
      53485.766,
      48343.547,
      29846.668,
      28185.723,
      62486.742,
      23748.148,
      24301.797,
      20803.748,
      36112.957,
      24024.973,
      380851.2,
      45390.758,
      39191.58,
      21231.566,
      40869.297,
      114999.43,
      97685.34,
      33806.09,
      31063.016,
      25912.41,
      30115.104,
      20661.14,
      29209.133,
      48351.938,
      29704.06,
      21592.277,
      33873.2,
      85261.81,
      27825.014,
      20065.55,
      99472.12,
      65716.35,
      50692.36,
      25291.652,
      18941.477,
      20594.033,
      24243.076,
      20275.266,
      58351.156,
      40676.36,
      28873.588,
      25753.027,
      24226.3,
      24368.906,
      19872.613,
      64894.273,
      35173.434,
      25895.633,
      38369.492,
      24310.186,
      28655.484,
      40877.688,
      43939.527,
      21164.457,
      23597.154,
      26105.348,
      20719.861,
      63996.69,
      37773.902,
      20728.25,
      18429.771,
      22556.967,
      24821.89,
      34091.305,
      38663.094,
      26768.049,
      50432.312,
      31658.607,
      26247.955,
      22070.428,
      17683.186,
      19671.285,
      21726.494,
      25618.809,
      23915.922,
      19411.238,
      26046.627,
      18337.498,
      31381.783,
      55591.305,
      26508.002,
      29494.346,
      40189.82,
      27598.52,
      21214.79,
      18337.498,
      19167.969,
      57378.08,
      82829.12,
      84775.27,
      81763.766,
      28185.723,
      19579.012,
      22414.361,
      31172.066,
      20526.924,
      19579.012,
      17699.963,
      38042.336,
      27615.297,
      35953.574,
      17993.564,
      64818.773,
      63115.887,
      66622.33,
      143688.47,
      67729.62,
      21575.5,
      68576.87,
      31037.85,
      30081.549,
      20728.25,
      51413.777,
      22456.303,
      34359.74,
      30744.248,
      21751.66,
      65498.25,
      41213.23,
      22355.64,
      22791.848,
      28454.158,
      41792.047,
      39996.883,
      26147.291,
      44820.332,
      23689.43,
      38243.664,
      33722.203,
      25216.156,
      22926.066,
      21508.39,
      442155.12,
      27413.97,
      25216.156,
      28898.754,
      23320.33,
      28823.258,
      44098.914,
      26306.674,
      22548.578,
      32598.13,
      27346.861,
      43419.434,
      22078.816,
      19620.955,
      18975.031,
      60884.516,
      28554.822,
      67956.12,
      36557.555,
      32195.477,
      21642.61,
      27153.924,
      34393.293,
      30257.709,
      21198.012,
      52739.18,
      37379.637,
      18748.54,
      30198.988,
      17993.564,
      29544.678,
      21315.453,
      18043.896,
      23152.559,
      21508.39,
      49643.78,
      44702.89,
      20694.695,
      31591.498,
      25375.54,
      19579.012,
      20694.695,
      32027.705,
      19595.79,
      16919.822,
      59290.68,
      41926.26,
      21097.35,
      89187.68,
      22380.807,
      28051.506,
      24721.229,
      30777.803,
      96846.48,
      5.356462e+06,
      37052.48,
      26222.79,
      33344.72,
      86553.66,
      38126.223,
      24771.559,
      20585.645,
      18471.715,
      61824.04,
      21088.96,
      25929.188,
      39636.17,
      35945.184,
      32925.285,
      27279.754,
      23655.875,
      27724.35,
      31843.156,
      19167.969,
      17263.756,
      62771.953,
      24159.191,
      57621.348,
      24008.195,
      38839.254,
      22221.422,
      21911.045,
      25753.027,
      18748.54,
      17993.564,
      51707.38,
      2.0469184e+07,
      1.6489635e+08,
      1.834346e+08,
      1.7418462e+08,
      1.7368715e+08,
      1.8153987e+08,
      1.636445e+08,
      1.7458184e+08,
      1.779207e+08,
      1.8171392e+08,
      1.9302018e+08,
      2.0065643e+08,
      2.2621522e+08,
      2.1408544e+08,
      3.725228e+07,
      6.934443e+06,
      6.670747e+06,
      4.788293e+06,
      3.863256e+06,
      5.5235375e+06,
      6.178562e+06,
      8.327061e+06,
      1.1316232e+07,
      1.3734047e+07,
      1.5152804e+07,
      1.1836041e+07,
      1.1088054e+07,
      1.045989e+07,
      7.8492035e+06,
      1.4657541e+07,
      2.4716446e+07,
      3.509277e+07,
      4.8361616e+07,
      5.658145e+07,
      5.8968668e+07,
      9.1405384e+07,
      9.689215e+07,
      1.0653116e+08,
      1.3239618e+08,
      1.2906101e+08,
      1.1268314e+08,
      1.3828824e+08,
      1.5277189e+08,
      1.740054e+08,
      1.4317704e+08,
      1.7014933e+08,
      1.4188022e+08,
      3.443689e+07,
      8.761994e+07,
      9.923419e+07,
      4.1756956e+07,
      2.6129986e+07,
      5.8834468e+07,
      1.0314984e+08,
      1.0800888e+08,
      1.266491e+08,
      1.6447814e+08,
      6.7049784e+07,
      8.855937e+07,
      7.4420904e+07,
      7.749284e+07,
      9.08604e+07,
      1.4236128e+08,
      1.5165837e+08,
      1.7256058e+08,
      1.6025253e+08,
      1.6970134e+08,
      1.6614155e+08,
      2.0592898e+08,
      1.7011944e+08,
      1.2661674e+08,
      1.4832346e+08,
      2.048793e+08,
      2.1115645e+08,
      1.936906e+08,
      1.6638203e+08,
      1.9481048e+08,
      2.254384e+08,
      2.373063e+08,
      2.5345814e+08,
      2.7125942e+08,
      1.082029e+08,
      2.2080603e+08,
      2.3253742e+08,
      1.9227574e+08,
      2.6873418e+08,
      2.637244e+08,
      2.968074e+08,
      3.0785328e+08,
      1.3322212e+08,
      1.26408984e+08,
      9.046123e+07,
      9.690116e+07,
      1.2673133e+08,
      2.0580629e+08,
      1.8055643e+08,
      9.885934e+07,
      7.587441e+07,
      1.5154507e+08,
      1.5640966e+08,
      1.5221298e+08,
      1.2544458e+08,
      8.586096e+07,
      1.434557e+08,
      4.195652e+07,
      1.6106262e+07,
      2.5442136e+07,
      2.7518074e+07,
      2.8513072e+07,
      3.757422e+07,
      4.0182708e+07,
      4.740504e+07,
      6.481556e+07,
      7.389355e+07,
      8.558051e+07,
      9.474397e+07,
      8.810913e+07,
      8.711485e+07,
      1.0813295e+08,
      4.6616024e+07,
      6.705156e+07,
      1.0149283e+08,
      1.9685564e+07,
      4.0746976e+07,
      3.088501e+07,
      3.8525052e+07,
      3.4845532e+07,
      2.9038602e+07,
      2.8309136e+07,
      2.6926652e+07,
      2.7822732e+07,
      1.8344628e+07,
      1.7460544e+07,
      3.0097914e+07,
      3.0610576e+07,
      6.0584296e+07,
      1.02177e+08,
      1.3952853e+08,
      2.0954637e+08,
      2.8137306e+08,
      9.8936344e+07,
      18714.984,
      20535.312,
      42974.84,
      17993.564,
      250785.83,
      1.0183854e+06,
      560551.94,
      605598.75,
      573403.3,
      478108.72,
      569200.6,
      561214.6,
      667112.44,
      615824.5,
      600657.9,
      632635.25,
      525990.9,
      568940.56,
      453580.44,
      492755.22,
      598795.6,
      495028.53,
      642894.5,
      502007.84,
      422626.47,
      351574.94,
      285531.44,
      289994.2,
      514842.44,
      282134.06,
      403131.34,
      229571.03,
      97752.445,
      435360.38,
      691414.25,
      275079.22,
      696321.56,
      467530.7,
      262236.28,
      534211.75,
      542692.6,
      521813.38,
      460182.25,
      437860.16,
      434789.94,
      518885.75,
      449327.4,
      504801.25,
      506126.66,
      506269.28,
      492545.5,
      492033.8,
      499600.3,
      739137,
      460232.6,
      500816.7,
      430687.9,
      513743.53,
      524296.4,
      472169.6,
      373762.8,
      438556.44,
      422844.56,
      478947.56,
      438413.8,
      398735.72,
      403567.53,
      391504.72,
      345132.5,
      476238.06,
      522241.2,
      459670.56,
      497620.62,
      453781.75,
      323062.06,
      556433.1,
      454712.88,
      359971.94,
      344285.25,
      629447.56,
      471288.78,
      447154.75,
      495045.3,
      381153.2,
      527131.75,
      467883,
      426653,
      512946.6,
      561407.56,
      485742.34,
      420705.47,
      507401.72,
      419463.97,
      474501.62,
      397762.62,
      461809.66,
      549831.3,
      497427.7,
      431468.06,
      487579.44,
      469342.62,
      569804.56,
      291999.06,
      229050.94,
      300303.78,
      623844,
      617770.6,
      540075.4,
      477781.56,
      494609.1,
      386630.94,
      305076.9,
      396722.44,
      494357.44,
      410764.97,
      224470.77,
      165154.92,
      296805.72,
      305378.88,
      360903.1,
      223145.36,
      240685.94,
      182896.81,
      300228.28,
      572539.25,
      438967.47,
      449822.3,
      273175.03,
      26046.627,
      37673.24,
      45063.6,
      17993.564,
      18186.502,
      28546.434,
      26466.059,
      43796.92,
      42983.227,
      23697.818,
      22741.516,
      32061.26,
      29536.29,
      24519.9,
      37958.453,
      39476.79,
      36238.785,
      35265.707,
      21214.79,
      22741.516,
      64760.055,
      109739.77,
      34443.625,
      1.2452469e+06,
      27204.256,
      25509.758,
      25274.875,
      28059.895,
      32556.188,
      43494.934,
      44342.184,
      37731.957,
      24293.408,
      35936.797,
      22993.174,
      31121.736,
      23890.756,
      19939.72,
      24511.512,
      19369.295,
      117289.516,
      30500.979,
      25526.533,
      21072.184,
      21567.111,
      26474.447,
      34678.504,
      35634.81,
      27841.79,
      23186.113,
      62461.574,
      59290.68,
      18631.098,
      28881.977,
      31524.389,
      25576.865,
      29628.562,
      33361.492,
      44207.965,
      18748.54,
      27799.848,
      47286.582,
      20963.13,
      19167.969,
      20996.686,
      22766.682,
      19369.295,
      17834.18,
      20141.047,
      21743.271,
      22414.361,
      36624.664,
      24066.916,
      34334.574,
      32405.193,
      22473.08,
      18941.477,
      84137.734,
      34779.168,
      29049.75,
      63308.824,
      28236.055,
      59684.945,
      46531.61,
      29167.19,
      40659.582,
      37278.973,
      26147.291,
      45273.316,
      45449.477,
      40575.695,
      39661.34,
      21734.883,
      20031.996,
      22540.19,
      22229.81,
      24343.74,
      17741.906,
      24276.63,
      33185.332,
      19788.727,
      26944.209,
      32254.197
    ],
    "uplinkThroughputBps": [
      10586.423,
      10032.775,
      16617.832,
      17205.035,
      13555.99,
      14587.789,
      10032.775,
      26851.934,
      34057.75,
      10032.775,
      10032.775,
      20694.695,
      101888.03,
      14629.732,
      24637.342,
      9764.34,
      10032.775,
      16617.832,
      17699.963,
      15737.028,
      14629.732,
      11467.228,
      12549.357,
      17238.59,
      12901.679,
      10032.775,
      15242.101,
      10032.775,
      18253.611,
      15183.381,
      10586.423,
      10754.195,
      71798.09,
      116895.25,
      80547.414,
      83290.49,
      84968.21,
      83416.32,
      101971.92,
      68702.7,
      88222.99,
      79599.5,
      66379.055,
      82996.89,
      78769.03,
      102802.39,
      67930.945,
      62184.75,
      55910.074,
      58418.266,
      67234.695,
      59424.9,
      85538.63,
      66999.81,
      88474.65,
      71705.82,
      81226.89,
      78643.2,
      62436.41,
      47974.45,
      78659.98,
      66362.28,
      98624.87,
      68006.445,
      99698.61,
      65011.71,
      55482.254,
      58057.555,
      88248.16,
      60825.797,
      162797.72,
      71605.16,
      62134.418,
      66471.33,
      86100.67,
      62553.85,
      56480.496,
      67989.664,
      87996.5,
      89439.336,
      78165.05,
      70028.1,
      83961.58,
      75883.35,
      69709.336,
      66320.336,
      79163.3,
      59559.117,
      54844.72,
      69642.23,
      55230.594,
      50608.473,
      54911.83,
      81000.4,
      69172.46,
      66756.54,
      70221.04,
      65145.93,
      91326.77,
      65296.926,
      70405.586,
      73870.086,
      74499.23,
      66286.78,
      49299.848,
      46732.934,
      67477.96,
      54031.023,
      65548.586,
      68207.77,
      19352.52,
      19352.52,
      49685.727,
      77049.37,
      58502.152,
      54442.066,
      72360.13,
      59609.45,
      65624.08,
      74121.74,
      63359.156,
      61874.37,
      69851.94,
      66991.42,
      74205.625,
      73333.21,
      62377.688,
      89397.4,
      92090.14,
      62243.473,
      73291.266,
      63208.16,
      22011.707,
      63929.582,
      55742.3,
      69877.1,
      74021.08,
      69919.05,
      57000.59,
      68987.914,
      66756.54,
      45709.523,
      58325.992,
      68031.61,
      56069.457,
      58476.99,
      81335.945,
      42052.094,
      84079.016,
      69122.13,
      64869.105,
      62428.02,
      74977.375,
      62419.633,
      72846.67,
      63250.105,
      66848.82,
      61656.27,
      81176.56,
      68367.16,
      68056.77,
      68023.22,
      65196.26,
      79507.23,
      90940.9,
      3.2297818e+07,
      3.420708e+08,
      4.095271e+08,
      3.8576774e+08,
      4.0520707e+08,
      4.0950224e+08,
      4.0462205e+08,
      4.0791805e+08,
      3.986355e+08,
      4.1078515e+08,
      4.0939302e+08,
      3.488162e+08,
      3.886462e+08,
      3.8249594e+08,
      3.9777e+08,
      3.8721427e+08,
      3.8152755e+08,
      3.748809e+08,
      3.969935e+08,
      3.8535104e+08,
      4.0797866e+08,
      3.9813437e+08,
      3.8179773e+08,
      4.0255264e+08,
      3.9235357e+08,
      3.895117e+08,
      3.8402397e+08,
      3.3933203e+08,
      3.9828477e+08,
      3.978798e+08,
      4.1145555e+08,
      3.962558e+08,
      4.0082582e+08,
      4.0317664e+08,
      3.829212e+08,
      3.7456928e+08,
      3.9441622e+08,
      3.8787552e+08,
      3.9363142e+08,
      3.8869245e+08,
      3.9771648e+08,
      3.88215e+08,
      4.01134e+08,
      4.013544e+08,
      4.083812e+08,
      4.0962688e+08,
      3.9569693e+08,
      3.9454448e+08,
      4.060326e+08,
      3.921548e+08,
      4.0851123e+08,
      3.6916925e+08,
      3.9232483e+08,
      4.1187248e+08,
      4.1009587e+08,
      3.774157e+08,
      3.9363424e+08,
      4.092133e+08,
      4.1204826e+08,
      3.96631e+08,
      4.1629386e+08,
      3.9619366e+08,
      4.0951178e+08,
      4.4550592e+08,
      3.6667533e+08,
      4.1289434e+08,
      4.101642e+08,
      3.7883094e+08,
      4.060354e+08,
      3.9042336e+08,
      4.0663562e+08,
      3.9043536e+08,
      3.870678e+08,
      3.8663325e+08,
      3.8388186e+08,
      4.047827e+08,
      3.954249e+08,
      4.0914605e+08,
      3.9054186e+08,
      4.037447e+08,
      3.923582e+08,
      4.0003283e+08,
      4.061855e+08,
      4.0004275e+08,
      3.9225232e+08,
      4.073893e+08,
      2.2160582e+08,
      2.9081536e+08,
      3.5209923e+08,
      4.0202995e+08,
      3.9361555e+08,
      3.9425594e+08,
      3.9595203e+08,
      4.0400752e+08,
      3.9018483e+08,
      3.8207968e+08,
      3.925933e+08,
      4.0932243e+08,
      4.1307594e+08,
      4.0113274e+08,
      3.9439254e+08,
      3.8454768e+08,
      3.910955e+08,
      3.9893898e+08,
      4.1438672e+08,
      4.1441725e+08,
      3.9485187e+08,
      4.0013446e+08,
      3.837815e+08,
      4.0149462e+08,
      4.0295738e+08,
      4.0525578e+08,
      4.0617962e+08,
      4.069106e+08,
      4.0869302e+08,
      4.823352e+08,
      3.1674365e+08,
      4.042283e+08,
      3.849461e+08,
      4.106786e+08,
      3.6668035e+08,
      77946.945,
      87484.79,
      73660.37,
      75346.48,
      62033.758,
      82158.02,
      58678.312,
      62008.59,
      60297.312,
      63308.824,
      76982.26,
      72771.17,
      87770.01,
      67368.914,
      72494.35,
      73391.93,
      75321.31,
      80228.65,
      73534.54,
      103725.14,
      131147.5,
      89196.07,
      95319.75,
      88197.83,
      69919.05,
      95311.37,
      72209.14,
      94732.55,
      95143.59,
      70908.91,
      65003.324,
      77049.37,
      99874.766,
      78576.09,
      70397.195,
      65171.094,
      83156.27,
      62226.695,
      74079.8,
      71143.78,
      88860.52,
      78995.52,
      71177.336,
      76906.76,
      77930.17,
      62428.02,
      115829.9,
      72402.08,
      65540.195,
      71982.65,
      80799.07,
      78081.164,
      85882.57,
      65053.656,
      57847.84,
      56363.06,
      69331.84,
      85882.57,
      56035.902,
      55540.973,
      74180.46,
      80706.8,
      75589.75,
      92450.85,
      72133.64,
      70061.66,
      75572.97,
      92744.45,
      74742.5,
      72863.445,
      76160.17,
      3.9632717e+08,
      4.0636154e+08,
      4.1651133e+08,
      3.9729744e+08,
      4.0357546e+08,
      4.0442435e+08,
      4.0923766e+08,
      4.0536954e+08,
      3.904754e+08,
      3.8860784e+08,
      4.1026838e+08,
      3.9004163e+08,
      4.068183e+08,
      3.8010253e+08,
      4.0839866e+08,
      4.1653286e+08,
      4.1160045e+08,
      4.024627e+08,
      3.9940717e+08,
      3.9617187e+08,
      4.118826e+08,
      3.870927e+08,
      3.8689878e+08,
      3.9657648e+08,
      3.8202176e+08,
      4.082946e+08,
      4.0289437e+08,
      3.787008e+08,
      3.9010074e+08,
      3.949804e+08,
      3.9071174e+08,
      4.0282902e+08,
      3.9563683e+08,
      3.9490192e+08,
      3.982778e+08,
      3.8923613e+08,
      3.834839e+08,
      4.0158397e+08,
      3.9473312e+08,
      3.8626544e+08,
      3.9787667e+08,
      3.9041395e+08,
      4.8608026e+08,
      3.203887e+08,
      3.9956723e+08,
      3.9425776e+08,
      4.1006272e+08,
      3.9409686e+08,
      4.1210147e+08,
      3.8458672e+08,
      4.1021094e+08,
      3.9477354e+08,
      4.1696112e+08,
      3.946308e+08,
      3.9891354e+08,
      4.0862186e+08,
      4.0122058e+08,
      4.585441e+08,
      3.7646294e+08,
      3.6518054e+08,
      4.0662442e+08,
      2.128595e+08,
      69960.99,
      71101.84,
      73157.05,
      68081.945,
      79012.3,
      94103.41,
      72863.445,
      91058.336,
      77905,
      103188.266,
      79599.5,
      87526.734,
      77678.51,
      72150.414,
      75732.35,
      101183.39,
      71932.31,
      76319.555,
      73115.11,
      99597.945,
      74155.3,
      85865.79,
      93532.98,
      74591.5,
      108699.586,
      82065.75,
      69541.56,
      78433.484,
      83256.94,
      86083.9,
      87660.95,
      71730.984,
      82871.055,
      78525.76,
      87191.195,
      84976.6,
      74750.88,
      70875.35,
      63904.414,
      81721.82,
      95755.96,
      77619.79,
      88407.54,
      62713.234,
      76948.7,
      80799.07,
      106032.01,
      76437,
      82384.516,
      87921,
      69910.66,
      67452.8,
      69357.01,
      72863.445,
      79750.5,
      63535.316,
      78039.22,
      74935.44,
      67880.62,
      70464.305,
      82090.914,
      79289.125,
      53955.527,
      94078.24,
      88566.92,
      73148.664,
      76311.164,
      71840.04,
      72494.35,
      116509.375,
      76864.81,
      62310.582,
      74314.68,
      90051.7,
      74708.945,
      92459.234,
      100227.086,
      105881.01,
      14587.789,
      28294.775,
      10586.423,
      39267.074,
      10317.988,
      54014.246,
      89833.6,
      73500.984,
      60867.74,
      102399.734,
      84733.33,
      92492.79,
      75757.516,
      107013.47,
      64231.57,
      90773.125,
      83701.53,
      77829.51,
      77879.836,
      89766.49,
      76873.2,
      103246.984,
      71621.94,
      92308.24,
      86444.6,
      88659.195,
      96167,
      88088.77,
      87182.805,
      76227.28,
      104379.45,
      179910.47,
      421796,
      480021.3,
      438824.88,
      431879.1,
      434529.9,
      396596.6,
      387536.9,
      431560.3,
      409313.75,
      485851.4,
      427919.66,
      478268.1,
      451189.66,
      177930.77,
      274970.2,
      286789.72,
      281865.62,
      213271.97,
      222214.22,
      250928.44,
      237372.44,
      250064.4,
      217994.75,
      262932.53,
      248260.86,
      316267.3,
      291235.7,
      286907.16,
      287620.2,
      250735.5,
      238706.23,
      281152.6,
      243135.42,
      252018.95,
      331819.78,
      287318.22,
      340166.44,
      326795,
      325847.1,
      320646.16,
      347573.6,
      382738.62,
      424555.84,
      366951.28,
      441425.34,
      427282.12,
      511134.66,
      445451.88,
      365063.84,
      404028.9,
      364568.9,
      462690.44,
      348831.88,
      534144.6,
      430142.66,
      430922.78,
      379534.2,
      405614.38,
      341961.6,
      365432.94,
      351541.4,
      435779.8,
      435981.12,
      491010.4,
      477555.06,
      433363.88,
      431006.7,
      502477.62,
      441224,
      361918.1,
      429865.84,
      494978.22,
      502871.88,
      514339.12,
      391378.9,
      473134.28,
      509456.94,
      519355.5,
      481422.22,
      552003.94,
      323313.72,
      513407.97,
      540452.9,
      862600.56,
      448186.56,
      430553.7,
      559193,
      507233.97,
      666617.5,
      351155.53,
      341860.94,
      400379.88,
      402376.38,
      485817.84,
      447532.25,
      364443.06,
      480415.6,
      407979.94,
      421133.28,
      442817.84,
      490322.53,
      418432.16,
      461943.88,
      331199.03,
      321023.62,
      572044.4,
      310118.44,
      298290.5,
      332482.47,
      321594.06,
      335225.56,
      349167.4,
      335552.72,
      358822.72,
      370390.6,
      340317.44,
      353932.16,
      355408.53,
      418046.28,
      260441.11,
      335166.84,
      776978.06,
      282192.78,
      379559.34,
      280078.84,
      302291.88,
      470584.12,
      291000.8,
      256548.8,
      283736.28,
      283534.94,
      443228.88,
      310051.34,
      363033.78,
      325117.28,
      354980.72,
      431921.03,
      496471.38,
      498174.25,
      274190.03,
      83760.25,
      73106.72,
      105696.46,
      93600.086,
      1.4251859e+07,
      3.0035226e+07,
      1.6525583e+07,
      1.779311e+07,
      1.7431176e+07,
      1.4265281e+07,
      1.7259166e+07,
      1.7596784e+07,
      2.0254076e+07,
      1.8813174e+07,
      1.78107e+07,
      1.9241244e+07,
      1.6140781e+07,
      1.6493144e+07,
      1.421765e+07,
      1.4893311e+07,
      1.7834432e+07,
      1.5304915e+07,
      1.9808088e+07,
      1.3504644e+07,
      1.1351993e+07,
      9.909773e+06,
      8.3566475e+06,
      8.3173805e+06,
      1.353038e+07,
      7.435469e+06,
      8.764309e+06,
      4.9949125e+06,
      2.1470978e+06,
      8.674928e+06,
      6.3409905e+06,
      7.097937e+06,
      9.335011e+06,
      8.567856e+06,
      6.337174e+06,
      1.5193682e+07,
      1.7865328e+07,
      1.7130972e+07,
      1.5917904e+07,
      1.4411746e+07,
      1.6087219e+07,
      1.625948e+07,
      1.5769149e+07,
      1.715462e+07,
      1.8332448e+07,
      1.6651286e+07,
      1.7111662e+07,
      1.6891486e+07,
      1.7882558e+07,
      2.3913136e+07,
      1.7902614e+07,
      1.7197736e+07,
      1.8045054e+07,
      1.813086e+07,
      1.7471608e+07,
      1.5581714e+07,
      1.6094677e+07,
      1.5775943e+07,
      1.6213233e+07,
      1.5134047e+07,
      1.670166e+07,
      1.3927748e+07,
      1.2804212e+07,
      1.3257515e+07,
      1.2184705e+07,
      1.7660428e+07,
      1.8781296e+07,
      1.5756071e+07,
      1.6855868e+07,
      1.782742e+07,
      1.0467053e+07,
      2.339098e+07,
      1.5367116e+07,
      1.2656598e+07,
      1.1638715e+07,
      9.340547e+06,
      1.7536738e+07,
      1.5953799e+07,
      1.6566754e+07,
      1.2653745e+07,
      1.95949e+07,
      1.5644578e+07,
      1.5930352e+07,
      1.654361e+07,
      1.7247692e+07,
      1.6062523e+07,
      1.3454967e+07,
      1.9124054e+07,
      1.4484718e+07,
      1.5688316e+07,
      1.3590854e+07,
      1.5703785e+07,
      1.7851764e+07,
      1.5908534e+07,
      1.4535168e+07,
      1.6061987e+07,
      1.6419408e+07,
      2.2584296e+07,
      1.0705449e+07,
      7.409825e+06,
      1.210581e+07,
      1.9808666e+07,
      2.1367462e+07,
      1.9139104e+07,
      1.6415172e+07,
      1.734858e+07,
      1.3609552e+07,
      1.0106444e+07,
      1.5911361e+07,
      1.7864262e+07,
      1.6066315e+07,
      7.3134235e+06,
      4.858254e+06,
      1.2207639e+07,
      8.809171e+06,
      8.524755e+06,
      5.9265265e+06,
      5.439274e+06,
      5.1028155e+06,
      1.1174389e+07,
      9.345178e+06,
      5.0204225e+06,
      1.0896944e+07,
      7.4579255e+06,
      74876.72,
      96041.17,
      65196.26,
      68945.97,
      77477.18,
      94371.84,
      84498.445,
      86503.33,
      62293.805,
      99212.07,
      75254.2,
      81193.336,
      86117.45,
      86654.32,
      83022.055,
      71479.33,
      116240.94,
      75321.31,
      76747.375,
      73324.82,
      82762.01,
      167352.73,
      77703.68,
      149594.05,
      79792.44,
      64458.062,
      89330.29,
      92534.734,
      77577.84,
      73089.945,
      77896.62,
      95151.984,
      73215.77,
      71881.984,
      87291.85,
      54710.5,
      87619.01,
      75589.75,
      69357.01,
      74398.56,
      133865.4,
      75732.35,
      77686.9,
      64500.008,
      72947.336,
      84263.57,
      103196.66,
      71370.27,
      78005.664,
      68081.945,
      69935.83,
      101141.445,
      110335.36,
      66077.06,
      74893.49,
      70833.41,
      85706.41,
      80866.18,
      102458.46,
      73006.055,
      95420.414,
      79012.3,
      98817.805,
      70816.625,
      89397.4,
      71756.16,
      106073.945,
      74826.38,
      82963.336,
      76160.17,
      66370.664,
      104891.16,
      94413.78,
      87107.305,
      75958.84,
      89380.62,
      97374.96,
      70615.305,
      101258.89,
      67880.62,
      98515.81,
      83449.875,
      101435.05,
      63409.49,
      79255.57,
      106073.945,
      96863.26,
      103196.66,
      76806.09,
      76462.164,
      79515.62,
      79750.5,
      70875.35,
      75740.74,
      70648.86,
      89103.8,
      81453.38,
      92308.24,
      73400.32,
      81377.88,
      85748.35,
      45466.254,
      14629.732
    ],
    "outages": [
      {
        "cause": "BOOTING",
        "startTimestampNs": "1400870898638265443",
        "durationNs": "44282467437",
        "didSwitch": false
      },
      {
        "cause": "NO_SCHEDULE",
        "startTimestampNs": "1400870943220659331",
        "durationNs": "11699937280",
        "didSwitch": false
      },
      {
        "cause": "NO_DOWNLINK",
        "startTimestampNs": "1400870955020621147",
        "durationNs": "1900104074",
        "didSwitch": false
      },
      {
        "cause": "NO_PINGS",
        "startTimestampNs": "1400870957460671766",
        "durationNs": "1920137469",
        "didSwitch": false
      },
      {
        "cause": "NO_DOWNLINK",
        "startTimestampNs": "1400871324280752397",
        "durationNs": "719932373",
        "didSwitch": true
      },
      {
        "cause": "NO_DOWNLINK",
        "startTimestampNs": "1400871382520776965",
        "durationNs": "499993640",
        "didSwitch": true
      },
      {
        "cause": "NO_PINGS",
        "startTimestampNs": "1400871450060776486",
        "durationNs": "719983941",
        "didSwitch": true
      },
      {
        "cause": "NO_DOWNLINK",
        "startTimestampNs": "1400871563900772453",
        "durationNs": "980031429",
        "didSwitch": true
      },
      {
        "cause": "NO_DOWNLINK",
        "startTimestampNs": "1400871646000724318",
        "durationNs": "840016140",
        "didSwitch": true
      },
      {
        "cause": "NO_DOWNLINK",
        "startTimestampNs": "1400871757060750431",
        "durationNs": "600054296",
        "didSwitch": true
      },
      {
        "cause": "NO_DOWNLINK",
        "startTimestampNs": "1400871870020727666",
        "durationNs": "860088950",
        "didSwitch": true
      },
      {
        "cause": "NO_DOWNLINK",
        "startTimestampNs": "1400871924540789580",
        "durationNs": "679943873",
        "didSwitch": true
      },
      {
        "cause": "NO_DOWNLINK",
        "startTimestampNs": "1400871995380770149",
        "durationNs": "479966964",
        "didSwitch": true
      },
      {
        "cause": "NO_DOWNLINK",
        "startTimestampNs": "1400872050920704787",
        "durationNs": "820117175",
        "didSwitch": true
      },
      {
        "cause": "NO_DOWNLINK",
        "startTimestampNs": "1400872063200690120",
        "durationNs": "1180065274",
        "didSwitch": true
      },
      {
        "cause": "NO_DOWNLINK",
        "startTimestampNs": "1400872076500711902",
        "durationNs": "1060045643",
        "didSwitch": true
      },
      {
        "cause": "NO_DOWNLINK",
        "startTimestampNs": "1400872235620802767",
        "durationNs": "520031097",
        "didSwitch": true
      },
      {
        "cause": "NO_DOWNLINK",
        "startTimestampNs": "1400872249900726892",
        "durationNs": "860056579",
        "didSwitch": true
      },
      {
        "cause": "NO_DOWNLINK",
        "startTimestampNs": "1400872535640900675",
        "durationNs": "659854538",
        "didSwitch": true
      },
      {
        "cause": "NO_DOWNLINK",
        "startTimestampNs": "1400872538980828742",
        "durationNs": "780044628",
        "didSwitch": true
      },
      {
        "cause": "NO_DOWNLINK",
        "startTimestampNs": "1400872766400767128",
        "durationNs": "659999786",
        "didSwitch": true
      },
      {
        "cause": "NO_DOWNLINK",
        "startTimestampNs": "1400872797920687781",
        "durationNs": "880002626",
        "didSwitch": true
      },
      {
        "cause": "NO_DOWNLINK",
        "startTimestampNs": "1400872823700737237",
        "durationNs": "480161139",
        "didSwitch": true
      },
      {
        "cause": "NO_DOWNLINK",
        "startTimestampNs": "1400872868380747509",
        "durationNs": "899971234",
        "didSwitch": true
      },
      {
        "cause": "OBSTRUCTED",
        "startTimestampNs": "1400872877420692279",
        "durationNs": "560061318",
        "didSwitch": true
      },
      {
        "cause": "NO_DOWNLINK",
        "startTimestampNs": "1400873029420678343",
        "durationNs": "500079176",
        "didSwitch": true
      }
    ]
  }
}
End time: 1716837876999
