Start time: 1716848877579
[2024-05-27 18:28:20.851816] Connecting to host 35.245.244.238, port 5203
[2024-05-27 18:28:20.852576] Reverse mode, remote host 35.245.244.238 is sending
[2024-05-27 18:28:20.852637] [  5] local 192.168.1.22 port 49088 connected to 35.245.244.238 port 5203
[2024-05-27 18:28:20.852680] [ ID] Interval           Transfer     Bitrate         Jitter    Lost/Total Datagrams
[2024-05-27 18:28:20.852719] [  5]   0.00-0.50   sec  4.45 MBytes  74.7 Mbits/sec  0.708 ms  17752/21086 (84%)  
[2024-05-27 18:28:20.852758] [  5]   0.50-1.00   sec  11.4 MBytes   190 Mbits/sec  0.033 ms  13879/22380 (62%)  
[2024-05-27 18:28:20.852797] [  5]   1.00-1.50   sec  11.3 MBytes   190 Mbits/sec  0.063 ms  14028/22490 (62%)  
[2024-05-27 18:28:20.852835] [  5]   1.50-2.00   sec  7.50 MBytes   126 Mbits/sec  0.305 ms  16682/22302 (75%)  
[2024-05-27 18:28:20.852873] [  5]   2.00-2.50   sec  13.0 MBytes   218 Mbits/sec  0.101 ms  12566/22289 (56%)  
[2024-05-27 18:28:20.852916] [  5]   2.50-3.00   sec  17.7 MBytes   297 Mbits/sec  0.047 ms  9136/22374 (41%)  
[2024-05-27 18:28:20.852955] [  5]   3.00-3.50   sec  15.4 MBytes   258 Mbits/sec  0.017 ms  10743/22266 (48%)  
[2024-05-27 18:28:20.852995] [  5]   3.50-4.00   sec  13.4 MBytes   224 Mbits/sec  0.070 ms  12339/22357 (55%)  
[2024-05-27 18:28:20.853035] [  5]   4.00-4.50   sec  10.4 MBytes   174 Mbits/sec  0.058 ms  14563/22342 (65%)  
[2024-05-27 18:28:20.853073] [  5]   4.50-5.00   sec  14.2 MBytes   238 Mbits/sec  0.038 ms  11675/22281 (52%)  
[2024-05-27 18:28:20.853111] [  5]   5.00-5.50   sec  17.6 MBytes   295 Mbits/sec  0.024 ms  9112/22289 (41%)  
[2024-05-27 18:28:20.853153] [  5]   5.50-6.00   sec  16.3 MBytes   273 Mbits/sec  0.064 ms  10150/22340 (45%)  
[2024-05-27 18:28:20.853193] [  5]   6.00-6.50   sec  16.7 MBytes   281 Mbits/sec  0.015 ms  9787/22311 (44%)  
[2024-05-27 18:28:20.853231] [  5]   6.50-7.00   sec  16.2 MBytes   271 Mbits/sec  0.049 ms  10170/22275 (46%)  
[2024-05-27 18:28:20.853270] [  5]   7.00-7.50   sec  9.89 MBytes   166 Mbits/sec  0.031 ms  14953/22361 (67%)  
[2024-05-27 18:28:20.853310] [  5]   7.50-8.00   sec  11.0 MBytes   184 Mbits/sec  0.178 ms  13579/21798 (62%)  
[2024-05-27 18:28:20.853348] [  5]   8.00-8.50   sec  13.7 MBytes   229 Mbits/sec  0.050 ms  12598/22827 (55%)  
[2024-05-27 18:28:20.853386] [  5]   8.50-9.00   sec  15.8 MBytes   266 Mbits/sec  0.039 ms  10509/22373 (47%)  
[2024-05-27 18:28:20.853424] [  5]   9.00-9.50   sec  10.2 MBytes   171 Mbits/sec  0.148 ms  14594/22244 (66%)  
[2024-05-27 18:28:20.853537] [  5]   9.50-10.00  sec  10.9 MBytes   184 Mbits/sec  0.296 ms  14100/22295 (63%)  
[2024-05-27 18:28:20.853580] [  5]  10.00-10.50  sec  13.4 MBytes   226 Mbits/sec  0.030 ms  12330/22400 (55%)  
[2024-05-27 18:28:20.853621] [  5]  10.50-11.00  sec  12.7 MBytes   213 Mbits/sec  0.014 ms  12804/22323 (57%)  
[2024-05-27 18:28:20.853656] [  5]  11.00-11.50  sec  6.52 MBytes   109 Mbits/sec  0.024 ms  17436/22321 (78%)  
[2024-05-27 18:28:20.853697] [  5]  11.50-12.00  sec  14.0 MBytes   235 Mbits/sec  0.214 ms  11708/22216 (53%)  
[2024-05-27 18:28:20.853742] [  5]  12.00-12.50  sec  11.2 MBytes   187 Mbits/sec  0.039 ms  14011/22378 (63%)  
[2024-05-27 18:28:20.853786] [  5]  12.50-13.00  sec  10.4 MBytes   175 Mbits/sec  0.042 ms  14502/22320 (65%)  
[2024-05-27 18:28:20.853829] [  5]  13.00-13.50  sec  13.5 MBytes   227 Mbits/sec  0.020 ms  12240/22369 (55%)  
[2024-05-27 18:28:20.853872] [  5]  13.50-14.00  sec  8.10 MBytes   136 Mbits/sec  0.036 ms  16111/22175 (73%)  
[2024-05-27 18:28:20.853913] [  5]  14.00-14.50  sec  6.63 MBytes   111 Mbits/sec  0.070 ms  17436/22403 (78%)  
[2024-05-27 18:28:20.853954] [  5]  14.50-15.00  sec  14.0 MBytes   235 Mbits/sec  0.022 ms  11913/22419 (53%)  
[2024-05-27 18:28:20.853994] [  5]  15.00-15.50  sec  11.9 MBytes   199 Mbits/sec  0.064 ms  13282/22171 (60%)  
[2024-05-27 18:28:20.854030] [  5]  15.50-16.00  sec  11.5 MBytes   193 Mbits/sec  0.078 ms  13651/22276 (61%)  
[2024-05-27 18:28:20.854070] [  5]  16.00-16.50  sec  6.55 MBytes   110 Mbits/sec  0.283 ms  17491/22399 (78%)  
[2024-05-27 18:28:20.854149] [  5]  16.50-17.00  sec  7.23 MBytes   121 Mbits/sec  0.012 ms  17043/22460 (76%)  
[2024-05-27 18:28:20.854188] [  5]  17.00-17.50  sec  8.41 MBytes   141 Mbits/sec  0.020 ms  15875/22171 (72%)  
[2024-05-27 18:28:20.854230] [  5]  17.50-18.00  sec  9.39 MBytes   158 Mbits/sec  0.054 ms  15273/22305 (68%)  
[2024-05-27 18:28:20.854271] [  5]  18.00-18.50  sec  12.3 MBytes   207 Mbits/sec  0.301 ms  13071/22313 (59%)  
[2024-05-27 18:28:20.854308] [  5]  18.50-19.00  sec  16.8 MBytes   281 Mbits/sec  0.019 ms  9765/22313 (44%)  
[2024-05-27 18:28:20.854345] [  5]  19.00-19.50  sec  15.6 MBytes   261 Mbits/sec  0.011 ms  10852/22509 (48%)  
[2024-05-27 18:28:20.854383] [  5]  19.50-20.00  sec  15.5 MBytes   260 Mbits/sec  0.015 ms  10588/22190 (48%)  
[2024-05-27 18:28:20.854420] [  5]  20.00-20.50  sec  14.0 MBytes   235 Mbits/sec  0.021 ms  11763/22262 (53%)  
[2024-05-27 18:28:20.854459] [  5]  20.50-21.00  sec  16.5 MBytes   277 Mbits/sec  0.023 ms  9912/22278 (44%)  
[2024-05-27 18:28:20.854498] [  5]  21.00-21.50  sec  12.2 MBytes   204 Mbits/sec  0.155 ms  13296/22407 (59%)  
[2024-05-27 18:28:20.854534] [  5]  21.50-22.00  sec  13.8 MBytes   232 Mbits/sec  0.026 ms  11954/22321 (54%)  
[2024-05-27 18:28:20.854572] [  5]  22.00-22.50  sec  10.6 MBytes   178 Mbits/sec  0.015 ms  14238/22200 (64%)  
[2024-05-27 18:28:45.352118] [  5]  22.50-23.00  sec  11.3 MBytes   190 Mbits/sec  0.102 ms  13889/22386 (62%)  
[2024-05-27 18:28:45.352425] [  5]  23.00-23.50  sec  7.02 MBytes   118 Mbits/sec  0.027 ms  17121/22378 (77%)  
[2024-05-27 18:28:45.352506] [  5]  23.50-24.00  sec  16.7 MBytes   280 Mbits/sec  0.015 ms  9975/22455 (44%)  
[2024-05-27 18:28:45.352571] [  5]  24.00-24.50  sec  18.8 MBytes   316 Mbits/sec  0.029 ms  8187/22278 (37%)  
[2024-05-27 18:28:45.352630] [  5]  24.50-25.00  sec  14.8 MBytes   249 Mbits/sec  0.034 ms  11149/22249 (50%)  
[2024-05-27 18:28:45.352690] [  5]  25.00-25.50  sec  6.99 MBytes   117 Mbits/sec  0.009 ms  17058/22297 (77%)  
[2024-05-27 18:28:45.352748] [  5]  25.50-26.00  sec  3.23 MBytes  54.1 Mbits/sec  0.022 ms  19912/22329 (89%)  
[2024-05-27 18:28:45.352804] [  5]  26.00-26.50  sec  4.24 MBytes  71.2 Mbits/sec  0.111 ms  19103/22280 (86%)  
[2024-05-27 18:28:45.352861] [  5]  26.50-27.00  sec  6.56 MBytes   110 Mbits/sec  0.030 ms  17406/22318 (78%)  
[2024-05-27 18:28:45.352918] [  5]  27.00-27.50  sec  6.52 MBytes   109 Mbits/sec  0.073 ms  17392/22278 (78%)  
[2024-05-27 18:28:45.352974] [  5]  27.50-28.00  sec  7.50 MBytes   126 Mbits/sec  0.089 ms  16758/22374 (75%)  
[2024-05-27 18:28:45.353033] [  5]  28.00-28.50  sec  11.5 MBytes   193 Mbits/sec  0.064 ms  13775/22411 (61%)  
[2024-05-27 18:28:45.353090] [  5]  28.50-29.00  sec  11.4 MBytes   192 Mbits/sec  0.020 ms  13672/22221 (62%)  
[2024-05-27 18:28:45.353152] [  5]  29.00-29.50  sec  19.4 MBytes   326 Mbits/sec  0.052 ms  7074/21629 (33%)  
[2024-05-27 18:28:45.353211] [  5]  29.50-30.00  sec  20.5 MBytes   344 Mbits/sec  0.017 ms  7488/22830 (33%)  
[2024-05-27 18:28:45.353271] [  5]  30.00-30.50  sec  21.9 MBytes   367 Mbits/sec  0.048 ms  6155/22527 (27%)  
[2024-05-27 18:28:45.353333] [  5]  30.50-31.00  sec  21.6 MBytes   363 Mbits/sec  0.083 ms  6158/22342 (28%)  
[2024-05-27 18:28:45.353391] [  5]  31.00-31.50  sec  22.6 MBytes   379 Mbits/sec  0.140 ms  5366/22282 (24%)  
[2024-05-27 18:28:45.353533] [  5]  31.50-32.00  sec  20.1 MBytes   337 Mbits/sec  0.048 ms  7301/22348 (33%)  
[2024-05-27 18:28:45.353612] [  5]  32.00-32.50  sec  14.0 MBytes   235 Mbits/sec  0.015 ms  11875/22380 (53%)  
[2024-05-27 18:28:45.353695] [  5]  32.50-33.00  sec  21.4 MBytes   359 Mbits/sec  0.014 ms  6290/22326 (28%)  
[2024-05-27 18:28:45.353775] [  5]  33.00-33.50  sec  23.5 MBytes   394 Mbits/sec  0.014 ms  4742/22317 (21%)  
[2024-05-27 18:28:45.353851] [  5]  33.50-34.00  sec  21.8 MBytes   365 Mbits/sec  0.061 ms  6033/22345 (27%)  
[2024-05-27 18:28:45.353926] [  5]  34.00-34.50  sec  23.5 MBytes   395 Mbits/sec  0.041 ms  4715/22329 (21%)  
[2024-05-27 18:28:45.354001] [  5]  34.50-35.00  sec  23.4 MBytes   392 Mbits/sec  0.049 ms  4583/22102 (21%)  
[2024-05-27 18:28:45.354098] [  5]  35.00-35.50  sec  24.0 MBytes   403 Mbits/sec  0.020 ms  4450/22462 (20%)  
[2024-05-27 18:28:45.354174] [  5]  35.50-36.00  sec  22.1 MBytes   371 Mbits/sec  0.007 ms  5769/22350 (26%)  
[2024-05-27 18:28:45.354249] [  5]  36.00-36.50  sec  23.7 MBytes   398 Mbits/sec  0.030 ms  4553/22333 (20%)  
[2024-05-27 18:28:45.354323] [  5]  36.50-37.00  sec  20.4 MBytes   343 Mbits/sec  0.066 ms  7007/22309 (31%)  
[2024-05-27 18:28:45.354399] [  5]  37.00-37.50  sec  23.2 MBytes   390 Mbits/sec  0.031 ms  4942/22335 (22%)  
[2024-05-27 18:28:45.354473] [  5]  37.50-38.00  sec  24.0 MBytes   402 Mbits/sec  0.010 ms  4355/22297 (20%)  
[2024-05-27 18:28:45.354546] [  5]  38.00-38.50  sec  20.2 MBytes   340 Mbits/sec  0.058 ms  6903/22062 (31%)  
[2024-05-27 18:28:45.354618] [  5]  38.50-39.00  sec  22.0 MBytes   369 Mbits/sec  0.015 ms  6174/22626 (27%)  
[2024-05-27 18:28:45.354693] [  5]  39.00-39.50  sec  20.8 MBytes   348 Mbits/sec  0.034 ms  6725/22269 (30%)  
[2024-05-27 18:28:45.354767] [  5]  39.50-40.00  sec  25.0 MBytes   420 Mbits/sec  0.067 ms  3491/22237 (16%)  
[2024-05-27 18:28:45.354840] [  5]  40.00-40.50  sec  16.7 MBytes   280 Mbits/sec  0.034 ms  9890/22390 (44%)  
[2024-05-27 18:28:45.354915] [  5]  40.50-41.00  sec  16.6 MBytes   279 Mbits/sec  0.065 ms  9915/22366 (44%)  
[2024-05-27 18:28:45.354989] [  5]  41.00-41.50  sec  20.9 MBytes   351 Mbits/sec  0.072 ms  6667/22331 (30%)  
[2024-05-27 18:28:45.355062] [  5]  41.50-42.00  sec  24.8 MBytes   416 Mbits/sec  0.069 ms  3755/22322 (17%)  
[2024-05-27 18:28:45.355135] [  5]  42.00-42.50  sec  24.5 MBytes   409 Mbits/sec  0.024 ms  4010/22351 (18%)  
[2024-05-27 18:28:45.355212] [  5]  42.50-43.00  sec  19.5 MBytes   327 Mbits/sec  0.125 ms  7167/21789 (33%)  
[2024-05-27 18:28:45.355288] [  5]  43.00-43.50  sec  25.0 MBytes   422 Mbits/sec  0.019 ms  4068/22791 (18%)  
[2024-05-27 18:28:45.355365] [  5]  43.50-44.00  sec  14.3 MBytes   240 Mbits/sec  0.022 ms  11641/22350 (52%)  
[2024-05-27 18:28:45.355449] [  5]  44.00-44.50  sec  13.4 MBytes   226 Mbits/sec  0.029 ms  12203/22272 (55%)  
[2024-05-27 18:28:45.355523] [  5]  44.50-45.00  sec  17.7 MBytes   297 Mbits/sec  0.057 ms  9059/22308 (41%)  
[2024-05-27 18:28:45.355598] [  5]  45.00-45.50  sec  14.7 MBytes   247 Mbits/sec  0.035 ms  11296/22338 (51%)  
[2024-05-27 18:28:45.355672] [  5]  45.50-46.00  sec  18.3 MBytes   307 Mbits/sec  0.027 ms  8677/22374 (39%)  
[2024-05-27 18:28:45.355748] [  5]  46.00-46.50  sec  17.2 MBytes   288 Mbits/sec  0.011 ms  9471/22327 (42%)  
[2024-05-27 18:28:45.355825] [  5]  46.50-47.00  sec  15.5 MBytes   259 Mbits/sec  0.016 ms  10743/22324 (48%)  
[2024-05-27 18:29:09.851707] [  5]  47.00-47.50  sec  15.8 MBytes   265 Mbits/sec  0.053 ms  10495/22314 (47%)  
[2024-05-27 18:29:09.851966] [  5]  47.50-48.00  sec  18.9 MBytes   316 Mbits/sec  0.029 ms  8184/22310 (37%)  
[2024-05-27 18:29:09.852007] [  5]  48.00-48.50  sec  17.8 MBytes   298 Mbits/sec  0.018 ms  9046/22370 (40%)  
[2024-05-27 18:29:09.852039] [  5]  48.50-49.00  sec  21.0 MBytes   352 Mbits/sec  0.057 ms  6600/22305 (30%)  
[2024-05-27 18:29:09.852071] [  5]  49.00-49.50  sec  19.4 MBytes   326 Mbits/sec  0.009 ms  7759/22314 (35%)  
[2024-05-27 18:29:09.852102] [  5]  49.50-50.00  sec  20.1 MBytes   337 Mbits/sec  0.040 ms  7270/22293 (33%)  
[2024-05-27 18:29:09.852134] [  5]  50.00-50.50  sec  17.3 MBytes   291 Mbits/sec  0.024 ms  9262/22239 (42%)  
[2024-05-27 18:29:09.852163] [  5]  50.50-51.00  sec  21.9 MBytes   368 Mbits/sec  0.023 ms  5957/22369 (27%)  
[2024-05-27 18:29:09.852191] [  5]  51.00-51.50  sec  22.7 MBytes   380 Mbits/sec  0.090 ms  5344/22317 (24%)  
[2024-05-27 18:29:09.852222] [  5]  51.50-52.00  sec  21.3 MBytes   358 Mbits/sec  0.035 ms  6407/22376 (29%)  
[2024-05-27 18:29:09.852253] [  5]  52.00-52.50  sec  18.7 MBytes   313 Mbits/sec  0.011 ms  8422/22412 (38%)  
[2024-05-27 18:29:09.852283] [  5]  52.50-53.00  sec  16.3 MBytes   273 Mbits/sec  0.312 ms  9828/22028 (45%)  
[2024-05-27 18:29:09.852333] [  5]  53.00-53.50  sec  5.57 MBytes  93.5 Mbits/sec  0.053 ms  18269/22443 (81%)  
[2024-05-27 18:29:09.852362] [  5]  53.50-54.00  sec  16.7 MBytes   281 Mbits/sec  0.035 ms  9911/22432 (44%)  
[2024-05-27 18:29:09.852388] [  5]  54.00-54.50  sec  13.7 MBytes   230 Mbits/sec  0.035 ms  11998/22284 (54%)  
[2024-05-27 18:29:09.852415] [  5]  54.50-55.00  sec  19.4 MBytes   326 Mbits/sec  0.026 ms  7739/22278 (35%)  
[2024-05-27 18:29:09.852441] [  5]  55.00-55.50  sec  21.2 MBytes   355 Mbits/sec  0.014 ms  6504/22372 (29%)  
[2024-05-27 18:29:09.852465] [  5]  55.50-56.00  sec  22.4 MBytes   377 Mbits/sec  0.097 ms  5049/21859 (23%)  
[2024-05-27 18:29:09.852491] [  5]  56.00-56.50  sec  19.6 MBytes   329 Mbits/sec  0.011 ms  8017/22712 (35%)  
[2024-05-27 18:29:09.852518] [  5]  56.50-57.00  sec  15.6 MBytes   261 Mbits/sec  0.124 ms  10692/22385 (48%)  
[2024-05-27 18:29:09.852547] [  5]  57.00-57.50  sec  15.9 MBytes   268 Mbits/sec  0.056 ms  10431/22351 (47%)  
[2024-05-27 18:29:09.852576] [  5]  57.50-58.00  sec  18.2 MBytes   306 Mbits/sec  0.034 ms  8642/22290 (39%)  
[2024-05-27 18:29:09.852603] [  5]  58.00-58.50  sec  14.6 MBytes   245 Mbits/sec  0.058 ms  11370/22309 (51%)  
[2024-05-27 18:29:09.852630] [  5]  58.50-59.00  sec  6.83 MBytes   115 Mbits/sec  2.497 ms  16696/21811 (77%)  
[2024-05-27 18:29:09.852655] [  5]  59.00-59.50  sec  1.83 MBytes  30.7 Mbits/sec  0.308 ms  21535/22904 (94%)  
[2024-05-27 18:29:09.852682] [  5]  59.50-60.00  sec  3.47 MBytes  58.3 Mbits/sec  0.116 ms  19732/22333 (88%)  
[2024-05-27 18:29:09.852709] [  5]  60.00-60.50  sec  4.33 MBytes  72.6 Mbits/sec  0.071 ms  19193/22435 (86%)  
[2024-05-27 18:29:09.852739] [  5]  60.50-61.00  sec   971 KBytes  15.9 Mbits/sec  0.227 ms  21572/22282 (97%)  
[2024-05-27 18:29:09.852766] [  5]  61.00-61.50  sec  3.18 MBytes  53.5 Mbits/sec  0.022 ms  19858/22243 (89%)  
[2024-05-27 18:29:09.852792] [  5]  61.50-62.00  sec  3.41 MBytes  57.3 Mbits/sec  0.032 ms  19813/22370 (89%)  
[2024-05-27 18:29:09.852815] [  5]  62.00-62.50  sec  3.50 MBytes  58.6 Mbits/sec  0.085 ms  19705/22323 (88%)  
[2024-05-27 18:29:09.852840] [  5]  62.50-63.00  sec  4.48 MBytes  75.1 Mbits/sec  0.246 ms  18812/22166 (85%)  
[2024-05-27 18:29:09.852868] [  5]  63.00-63.50  sec   410 KBytes  6.72 Mbits/sec  0.351 ms  22122/22422 (99%)  
[2024-05-27 18:29:09.852893] [  5]  63.50-64.00  sec   453 KBytes  7.41 Mbits/sec  0.299 ms  22046/22377 (99%)  
[2024-05-27 18:29:09.852917] [  5]  64.00-64.50  sec  1.36 MBytes  22.9 Mbits/sec  0.091 ms  21307/22329 (95%)  
[2024-05-27 18:29:09.852945] [  5]  64.50-65.00  sec  7.07 MBytes   119 Mbits/sec  0.009 ms  16389/21688 (76%)  
[2024-05-27 18:29:09.852973] [  5]  65.00-65.50  sec  8.11 MBytes   136 Mbits/sec  0.060 ms  16880/22952 (74%)  
[2024-05-27 18:29:09.853001] [  5]  65.50-66.00  sec  8.56 MBytes   144 Mbits/sec  0.026 ms  14988/21399 (70%)  
[2024-05-27 18:29:09.853029] [  5]  66.00-66.50  sec  7.76 MBytes   130 Mbits/sec  0.086 ms  17411/23226 (75%)  
[2024-05-27 18:29:09.853056] [  5]  66.50-67.00  sec  5.04 MBytes  84.6 Mbits/sec  0.025 ms  18404/22182 (83%)  
[2024-05-27 18:29:09.853082] [  5]  67.00-67.50  sec  6.18 MBytes   104 Mbits/sec  0.031 ms  17905/22531 (79%)  
[2024-05-27 18:29:09.853110] [  5]  67.50-68.00  sec  9.79 MBytes   164 Mbits/sec  0.017 ms  15001/22331 (67%)  
[2024-05-27 18:29:09.853136] [  5]  68.00-68.50  sec  8.12 MBytes   136 Mbits/sec  0.171 ms  16240/22325 (73%)  
[2024-05-27 18:29:09.853161] [  5]  68.50-69.00  sec  6.96 MBytes   117 Mbits/sec  0.329 ms  17115/22329 (77%)  
[2024-05-27 18:29:09.853188] [  5]  69.00-69.50  sec  5.19 MBytes  87.0 Mbits/sec  0.048 ms  18408/22292 (83%)  
[2024-05-27 18:29:09.853213] [  5]  69.50-70.00  sec  9.58 MBytes   161 Mbits/sec  0.147 ms  15043/22218 (68%)  
[2024-05-27 18:29:09.853238] [  5]  70.00-70.50  sec  12.5 MBytes   210 Mbits/sec  0.025 ms  13054/22415 (58%)  
[2024-05-27 18:29:09.853264] [  5]  70.50-71.00  sec  13.8 MBytes   232 Mbits/sec  0.046 ms  11816/22176 (53%)  
[2024-05-27 18:29:09.853299] [  5]  71.00-71.50  sec  9.37 MBytes   157 Mbits/sec  0.053 ms  15462/22480 (69%)  
[2024-05-27 18:29:34.352341] [  5]  71.50-72.00  sec  7.91 MBytes   133 Mbits/sec  0.410 ms  16407/22335 (73%)  
[2024-05-27 18:29:34.352822] [  5]  72.00-72.50  sec  1.50 MBytes  25.1 Mbits/sec  0.208 ms  20986/22106 (95%)  
[2024-05-27 18:29:34.352936] [  5]  72.50-73.00  sec   290 KBytes  4.75 Mbits/sec  0.417 ms  22298/22510 (99%)  
[2024-05-27 18:29:34.353021] [  5]  73.00-73.50  sec  10.8 MBytes   182 Mbits/sec  0.082 ms  14098/22219 (63%)  
[2024-05-27 18:29:34.353100] [  5]  73.50-74.00  sec  7.32 MBytes   123 Mbits/sec  0.025 ms  16855/22335 (75%)  
[2024-05-27 18:29:34.353182] [  5]  74.00-74.50  sec  8.82 MBytes   148 Mbits/sec  0.023 ms  15214/21822 (70%)  
[2024-05-27 18:29:34.353260] [  5]  74.50-75.00  sec  16.6 MBytes   279 Mbits/sec  0.023 ms  10365/22827 (45%)  
[2024-05-27 18:29:34.353340] [  5]  75.00-75.50  sec  15.1 MBytes   254 Mbits/sec  0.019 ms  11064/22395 (49%)  
[2024-05-27 18:29:34.353418] [  5]  75.50-76.00  sec  16.0 MBytes   268 Mbits/sec  0.032 ms  10342/22291 (46%)  
[2024-05-27 18:29:34.353576] [  5]  76.00-76.50  sec  9.17 MBytes   154 Mbits/sec  0.077 ms  15483/22353 (69%)  
[2024-05-27 18:29:34.353664] [  5]  76.50-77.00  sec  7.88 MBytes   132 Mbits/sec  0.041 ms  16398/22301 (74%)  
[2024-05-27 18:29:34.353758] [  5]  77.00-77.50  sec  10.8 MBytes   181 Mbits/sec  0.026 ms  14239/22337 (64%)  
[2024-05-27 18:29:34.353853] [  5]  77.50-78.00  sec  10.8 MBytes   180 Mbits/sec  0.425 ms  14190/22242 (64%)  
[2024-05-27 18:29:34.353947] [  5]  78.00-78.50  sec  5.94 MBytes  99.6 Mbits/sec  0.017 ms  17964/22410 (80%)  
[2024-05-27 18:29:34.354044] [  5]  78.50-79.00  sec  12.7 MBytes   212 Mbits/sec  0.084 ms  12868/22343 (58%)  
[2024-05-27 18:29:34.354137] [  5]  79.00-79.50  sec  11.6 MBytes   195 Mbits/sec  0.016 ms  13610/22306 (61%)  
[2024-05-27 18:29:34.354212] [  5]  79.50-80.00  sec  10.2 MBytes   171 Mbits/sec  0.468 ms  14479/22125 (65%)  
[2024-05-27 18:29:34.354312] [  5]  80.00-80.50  sec   353 KBytes  5.78 Mbits/sec  0.314 ms  22162/22420 (99%)  
[2024-05-27 18:29:34.354393] [  5]  80.50-81.00  sec  7.46 MBytes   125 Mbits/sec  0.019 ms  16815/22402 (75%)  
[2024-05-27 18:29:34.354487] [  5]  81.00-81.50  sec  13.1 MBytes   220 Mbits/sec  0.023 ms  12513/22326 (56%)  
[2024-05-27 18:29:34.354565] [  5]  81.50-82.00  sec  13.0 MBytes   218 Mbits/sec  0.208 ms  12521/22253 (56%)  
[2024-05-27 18:29:34.354658] [  5]  82.00-82.50  sec  4.66 MBytes  78.1 Mbits/sec  0.051 ms  18461/21949 (84%)  
[2024-05-27 18:29:34.354742] [  5]  82.50-83.00  sec  13.9 MBytes   233 Mbits/sec  0.096 ms  11899/22302 (53%)  
[2024-05-27 18:29:34.354824] [  5]  83.00-83.50  sec  12.2 MBytes   205 Mbits/sec  0.015 ms  13616/22787 (60%)  
[2024-05-27 18:29:34.354901] [  5]  83.50-84.00  sec  13.1 MBytes   220 Mbits/sec  0.522 ms  12443/22266 (56%)  
[2024-05-27 18:29:34.354980] [  5]  84.00-84.50  sec  5.77 MBytes  96.9 Mbits/sec  0.094 ms  18012/22337 (81%)  
[2024-05-27 18:29:34.355057] [  5]  84.50-85.00  sec  11.4 MBytes   191 Mbits/sec  0.041 ms  13819/22338 (62%)  
[2024-05-27 18:29:34.355130] [  5]  85.00-85.50  sec  13.8 MBytes   231 Mbits/sec  0.016 ms  11963/22273 (54%)  
[2024-05-27 18:29:34.355210] [  5]  85.50-86.00  sec  11.0 MBytes   185 Mbits/sec  0.019 ms  14171/22440 (63%)  
[2024-05-27 18:29:34.355289] [  5]  86.00-86.50  sec  13.1 MBytes   219 Mbits/sec  0.065 ms  12005/21803 (55%)  
[2024-05-27 18:29:34.355367] [  5]  86.50-87.00  sec  15.9 MBytes   267 Mbits/sec  0.056 ms  10675/22593 (47%)  
[2024-05-27 18:29:34.355444] [  5]  87.00-87.50  sec  6.37 MBytes   107 Mbits/sec  0.255 ms  17526/22296 (79%)  
[2024-05-27 18:29:34.355524] [  5]  87.50-88.00  sec  2.34 MBytes  39.3 Mbits/sec  0.724 ms  20352/22106 (92%)  
[2024-05-27 18:29:34.355599] [  5]  88.00-88.50  sec  1.26 MBytes  21.1 Mbits/sec  0.215 ms  21772/22712 (96%)  
[2024-05-27 18:29:34.355677] [  5]  88.50-89.00  sec  3.03 MBytes  50.8 Mbits/sec  0.141 ms  19844/22112 (90%)  
[2024-05-27 18:29:34.355754] [  5]  89.00-89.50  sec  13.1 MBytes   220 Mbits/sec  0.052 ms  12632/22439 (56%)  
[2024-05-27 18:29:34.355872] [  5]  89.50-90.00  sec  6.68 MBytes   112 Mbits/sec  0.039 ms  17287/22287 (78%)  
[2024-05-27 18:29:34.355948] [  5]  90.00-90.50  sec  10.6 MBytes   179 Mbits/sec  0.030 ms  14375/22345 (64%)  
[2024-05-27 18:29:34.356021] [  5]  90.50-91.00  sec  7.95 MBytes   133 Mbits/sec  0.044 ms  16338/22292 (73%)  
[2024-05-27 18:29:34.356095] [  5]  91.00-91.50  sec  15.4 MBytes   258 Mbits/sec  0.033 ms  10911/22440 (49%)  
[2024-05-27 18:29:34.356168] [  5]  91.50-92.00  sec  10.1 MBytes   170 Mbits/sec  0.017 ms  14737/22333 (66%)  
[2024-05-27 18:29:34.356244] [  5]  92.00-92.50  sec  4.92 MBytes  82.5 Mbits/sec  0.192 ms  18107/21790 (83%)  
[2024-05-27 18:29:34.356316] [  5]  92.50-93.00  sec  8.62 MBytes   145 Mbits/sec  0.026 ms  16312/22771 (72%)  
[2024-05-27 18:29:34.356390] [  5]  93.00-93.50  sec  13.8 MBytes   232 Mbits/sec  0.027 ms  11907/22266 (53%)  
[2024-05-27 18:29:34.356461] [  5]  93.50-94.00  sec  10.8 MBytes   182 Mbits/sec  0.048 ms  14300/22415 (64%)  
[2024-05-27 18:29:34.356535] [  5]  94.00-94.50  sec  15.2 MBytes   255 Mbits/sec  0.044 ms  10951/22353 (49%)  
[2024-05-27 18:29:34.356609] [  5]  94.50-95.00  sec  12.0 MBytes   202 Mbits/sec  0.288 ms  13147/22155 (59%)  
[2024-05-27 18:29:34.356685] [  5]  95.00-95.50  sec  1.31 MBytes  22.0 Mbits/sec  0.320 ms  21369/22351 (96%)  
[2024-05-27 18:29:34.356757] [  5]  95.50-96.00  sec  1.49 MBytes  25.0 Mbits/sec  0.293 ms  21208/22326 (95%)  
[2024-05-27 18:29:58.652154] [  5]  96.00-96.50  sec  5.31 MBytes  89.0 Mbits/sec  0.008 ms  18464/22438 (82%)  
[2024-05-27 18:29:58.652738] [  5]  96.50-97.00  sec  8.10 MBytes   136 Mbits/sec  0.040 ms  16268/22332 (73%)  
[2024-05-27 18:29:58.652888] [  5]  97.00-97.50  sec  12.3 MBytes   206 Mbits/sec  0.007 ms  12996/22172 (59%)  
[2024-05-27 18:29:58.653009] [  5]  97.50-98.00  sec  6.94 MBytes   116 Mbits/sec  0.516 ms  17131/22326 (77%)  
[2024-05-27 18:29:58.653118] [  5]  98.00-98.50  sec  9.10 MBytes   153 Mbits/sec  0.046 ms  15565/22377 (70%)  
[2024-05-27 18:29:58.653221] [  5]  98.50-99.00  sec  12.8 MBytes   215 Mbits/sec  0.108 ms  12755/22333 (57%)  
[2024-05-27 18:29:58.653323] [  5]  99.00-99.50  sec  14.7 MBytes   246 Mbits/sec  0.132 ms  11252/22243 (51%)  
[2024-05-27 18:29:58.653549] [  5]  99.50-100.00 sec  10.3 MBytes   173 Mbits/sec  0.020 ms  14619/22341 (65%)  
[2024-05-27 18:29:58.653720] [  5] 100.00-100.50 sec  7.09 MBytes   119 Mbits/sec  0.022 ms  16990/22297 (76%)  
[2024-05-27 18:29:58.653845] [  5] 100.50-101.00 sec  14.9 MBytes   250 Mbits/sec  0.057 ms  11040/22213 (50%)  
[2024-05-27 18:29:58.653953] [  5] 101.00-101.50 sec  11.6 MBytes   194 Mbits/sec  0.011 ms  13584/22260 (61%)  
[2024-05-27 18:29:58.654055] [  5] 101.50-102.00 sec  4.17 MBytes  70.0 Mbits/sec  0.070 ms  19397/22520 (86%)  
[2024-05-27 18:29:58.654155] [  5] 102.00-102.50 sec  6.02 MBytes   101 Mbits/sec  0.261 ms  17547/22059 (80%)  
[2024-05-27 18:29:58.654262] [  5] 102.50-103.00 sec   476 KBytes  7.79 Mbits/sec  0.723 ms  22168/22516 (98%)  
[2024-05-27 18:29:58.654368] [  5] 103.00-103.50 sec   871 KBytes  14.3 Mbits/sec  0.177 ms  21771/22408 (97%)  
[2024-05-27 18:29:58.654468] [  5] 103.50-104.00 sec  5.59 MBytes  93.9 Mbits/sec  0.122 ms  18149/22339 (81%)  
[2024-05-27 18:29:58.654563] [  5] 104.00-104.50 sec  12.1 MBytes   203 Mbits/sec  0.026 ms  13346/22399 (60%)  
[2024-05-27 18:29:58.654634] [  5] 104.50-105.00 sec  12.0 MBytes   202 Mbits/sec  0.015 ms  13317/22319 (60%)  
[2024-05-27 18:29:58.654702] [  5] 105.00-105.50 sec  12.0 MBytes   202 Mbits/sec  0.025 ms  13339/22351 (60%)  
[2024-05-27 18:29:58.654770] [  5] 105.50-106.00 sec  11.8 MBytes   199 Mbits/sec  0.032 ms  13409/22278 (60%)  
[2024-05-27 18:29:58.654837] [  5] 106.00-106.50 sec  12.1 MBytes   202 Mbits/sec  0.041 ms  13331/22366 (60%)  
[2024-05-27 18:29:58.654904] [  5] 106.50-107.00 sec  7.87 MBytes   132 Mbits/sec  0.041 ms  16354/22245 (74%)  
[2024-05-27 18:29:58.654972] [  5] 107.00-107.50 sec  9.76 MBytes   164 Mbits/sec  0.141 ms  15017/22327 (67%)  
[2024-05-27 18:29:58.655069] [  5] 107.50-108.00 sec  13.6 MBytes   227 Mbits/sec  0.115 ms  12123/22278 (54%)  
[2024-05-27 18:29:58.655140] [  5] 108.00-108.50 sec  10.5 MBytes   177 Mbits/sec  0.041 ms  14536/22428 (65%)  
[2024-05-27 18:29:58.655207] [  5] 108.50-109.00 sec  1.25 MBytes  20.9 Mbits/sec  0.969 ms  21262/22196 (96%)  
[2024-05-27 18:29:58.655274] [  5] 109.00-109.50 sec  5.71 MBytes  95.9 Mbits/sec  0.076 ms  18162/22442 (81%)  
[2024-05-27 18:29:58.655340] [  5] 109.50-110.00 sec  14.5 MBytes   244 Mbits/sec  0.015 ms  11383/22266 (51%)  
[2024-05-27 18:29:58.655405] [  5] 110.00-110.50 sec  15.6 MBytes   261 Mbits/sec  0.029 ms  10687/22353 (48%)  
[2024-05-27 18:29:58.655473] [  5] 110.50-111.00 sec  14.2 MBytes   237 Mbits/sec  0.019 ms  11717/22317 (53%)  
[2024-05-27 18:29:58.655541] [  5] 111.00-111.50 sec  15.7 MBytes   264 Mbits/sec  0.016 ms  10583/22378 (47%)  
[2024-05-27 18:29:58.655605] [  5] 111.50-112.00 sec  11.2 MBytes   187 Mbits/sec  0.075 ms  13865/22220 (62%)  
[2024-05-27 18:29:58.655670] [  5] 112.00-112.50 sec  8.86 MBytes   149 Mbits/sec  0.066 ms  15752/22387 (70%)  
[2024-05-27 18:29:58.655766] [  5] 112.50-113.00 sec  8.78 MBytes   147 Mbits/sec  0.027 ms  15657/22231 (70%)  
[2024-05-27 18:29:58.655834] [  5] 113.00-113.50 sec  12.3 MBytes   207 Mbits/sec  0.017 ms  13183/22406 (59%)  
[2024-05-27 18:29:58.655899] [  5] 113.50-114.00 sec  11.0 MBytes   185 Mbits/sec  0.033 ms  14004/22278 (63%)  
[2024-05-27 18:29:58.656022] [  5] 114.00-114.50 sec  7.52 MBytes   126 Mbits/sec  0.009 ms  16732/22362 (75%)  
[2024-05-27 18:29:58.656190] [  5] 114.50-115.00 sec  1.87 MBytes  31.4 Mbits/sec  0.484 ms  20854/22255 (94%)  
[2024-05-27 18:29:58.656307] [  5] 115.00-115.50 sec  7.51 MBytes   126 Mbits/sec  0.013 ms  16759/22384 (75%)  
[2024-05-27 18:29:58.656385] [  5] 115.50-116.00 sec  9.46 MBytes   159 Mbits/sec  0.031 ms  15227/22312 (68%)  
[2024-05-27 18:29:58.656450] [  5] 116.00-116.50 sec  10.7 MBytes   180 Mbits/sec  0.017 ms  14345/22373 (64%)  
[2024-05-27 18:29:58.656514] [  5] 116.50-117.00 sec  13.0 MBytes   218 Mbits/sec  0.048 ms  12566/22307 (56%)  
[2024-05-27 18:29:58.656579] [  5] 117.00-117.50 sec  9.56 MBytes   160 Mbits/sec  0.083 ms  15045/22208 (68%)  
[2024-05-27 18:29:58.656644] [  5] 117.50-118.00 sec  10.3 MBytes   173 Mbits/sec  0.025 ms  14604/22320 (65%)  
[2024-05-27 18:29:58.656711] [  5] 118.00-118.50 sec  9.20 MBytes   154 Mbits/sec  0.048 ms  15476/22368 (69%)  
[2024-05-27 18:29:58.656776] [  5] 118.50-119.00 sec  5.62 MBytes  94.3 Mbits/sec  0.009 ms  17810/22018 (81%)  
[2024-05-27 18:29:58.656842] [  5] 119.00-119.50 sec  11.3 MBytes   189 Mbits/sec  0.048 ms  14027/22474 (62%)  
[2024-05-27 18:29:58.656907] [  5] 119.50-120.00 sec  4.25 MBytes  71.0 Mbits/sec  0.396 ms  6284/9466 (66%)  
[2024-05-27 18:29:58.656972] - - - - - - - - - - - - - - - - - - - - - - - - -
[2024-05-27 18:29:58.657037] [ ID] Interval           Transfer     Bitrate         Jitter    Lost/Total Datagrams
[2024-05-27 18:29:58.657104] [  5]   0.00-120.12 sec  6.99 GBytes   500 Mbits/sec  0.000 ms  0/5362515 (0%)  sender
[2024-05-27 18:29:58.657169] [SUM]  0.0-120.1 sec  1027 datagrams received out-of-order
[2024-05-27 18:29:58.657234] [  5]   0.00-120.00 sec  2.82 GBytes   202 Mbits/sec  0.396 ms  3178733/5343025 (59%)  receiver
[2024-05-27 18:29:58.657303] 
[2024-05-27 18:29:58.657368] iperf Done.
End time: 1716848998683
