Start time: 1716832783550
[2024-05-27 14:00:06.814073] Connecting to host 35.245.244.238, port 5203
[2024-05-27 14:00:06.814850] Reverse mode, remote host 35.245.244.238 is sending
[2024-05-27 14:00:06.814951] [  5] local 192.168.1.21 port 44250 connected to 35.245.244.238 port 5203
[2024-05-27 14:00:06.815029] [ ID] Interval           Transfer     Bitrate         Jitter    Lost/Total Datagrams
[2024-05-27 14:00:06.815105] [  5]   0.00-0.50   sec  6.92 MBytes   116 Mbits/sec  0.019 ms  17365/22545 (77%)  
[2024-05-27 14:00:06.815176] [  5]   0.50-1.00   sec  13.9 MBytes   233 Mbits/sec  0.071 ms  11827/22234 (53%)  
[2024-05-27 14:00:06.815246] [  5]   1.00-1.50   sec  11.0 MBytes   184 Mbits/sec  0.056 ms  14165/22383 (63%)  
[2024-05-27 14:00:06.815315] [  5]   1.50-2.00   sec  12.7 MBytes   213 Mbits/sec  0.026 ms  12811/22308 (57%)  
[2024-05-27 14:00:06.815383] [  5]   2.00-2.50   sec  14.1 MBytes   237 Mbits/sec  0.007 ms  11759/22326 (53%)  
[2024-05-27 14:00:06.815454] [  5]   2.50-3.00   sec  14.9 MBytes   250 Mbits/sec  0.033 ms  11202/22347 (50%)  
[2024-05-27 14:00:06.815525] [  5]   3.00-3.50   sec  15.7 MBytes   263 Mbits/sec  0.028 ms  10501/22254 (47%)  
[2024-05-27 14:00:06.815597] [  5]   3.50-4.00   sec  8.75 MBytes   147 Mbits/sec  0.048 ms  15813/22363 (71%)  
[2024-05-27 14:00:06.815669] [  5]   4.00-4.50   sec  13.9 MBytes   233 Mbits/sec  0.016 ms  11939/22353 (53%)  
[2024-05-27 14:00:06.815741] [  5]   4.50-5.00   sec  15.9 MBytes   267 Mbits/sec  0.049 ms  10382/22311 (47%)  
[2024-05-27 14:00:06.815810] [  5]   5.00-5.50   sec  13.6 MBytes   228 Mbits/sec  0.018 ms  12046/22237 (54%)  
[2024-05-27 14:00:06.815879] [  5]   5.50-6.00   sec  13.2 MBytes   221 Mbits/sec  0.080 ms  12294/22153 (55%)  
[2024-05-27 14:00:06.815952] [  5]   6.00-6.50   sec  10.5 MBytes   176 Mbits/sec  0.016 ms  14717/22581 (65%)  
[2024-05-27 14:00:06.816023] [  5]   6.50-7.00   sec  15.6 MBytes   262 Mbits/sec  0.029 ms  10561/22270 (47%)  
[2024-05-27 14:00:06.816092] [  5]   7.00-7.50   sec  10.8 MBytes   181 Mbits/sec  0.037 ms  14243/22304 (64%)  
[2024-05-27 14:00:06.816161] [  5]   7.50-8.00   sec  12.0 MBytes   201 Mbits/sec  0.030 ms  13383/22337 (60%)  
[2024-05-27 14:00:06.816234] [  5]   8.00-8.50   sec  7.89 MBytes   132 Mbits/sec  0.024 ms  16428/22334 (74%)  
[2024-05-27 14:00:06.816303] [  5]   8.50-9.00   sec  6.33 MBytes   106 Mbits/sec  0.022 ms  17584/22322 (79%)  
[2024-05-27 14:00:06.816373] [  5]   9.00-9.50   sec  15.7 MBytes   264 Mbits/sec  0.044 ms  10526/22303 (47%)  
[2024-05-27 14:00:06.816443] [  5]   9.50-10.00  sec  14.7 MBytes   246 Mbits/sec  0.007 ms  11367/22358 (51%)  
[2024-05-27 14:00:06.816514] [  5]  10.00-10.50  sec  13.8 MBytes   232 Mbits/sec  0.050 ms  11944/22282 (54%)  
[2024-05-27 14:00:06.816583] [  5]  10.50-11.00  sec  15.7 MBytes   263 Mbits/sec  0.015 ms  10609/22345 (47%)  
[2024-05-27 14:00:06.816653] [  5]  11.00-11.50  sec  13.0 MBytes   219 Mbits/sec  0.030 ms  12540/22311 (56%)  
[2024-05-27 14:00:06.816723] [  5]  11.50-12.00  sec  11.0 MBytes   185 Mbits/sec  0.054 ms  14053/22292 (63%)  
[2024-05-27 14:00:06.816794] [  5]  12.00-12.50  sec  15.7 MBytes   264 Mbits/sec  0.019 ms  10574/22362 (47%)  
[2024-05-27 14:00:06.816865] [  5]  12.50-13.00  sec  7.40 MBytes   124 Mbits/sec  63.826 ms  16439/21982 (75%)  
[2024-05-27 14:00:06.816935] [  5]  13.00-13.50  sec  5.16 MBytes  86.5 Mbits/sec  0.031 ms  18255/22118 (83%)  
[2024-05-27 14:00:06.817004] [  5]  13.50-14.00  sec  7.12 MBytes   119 Mbits/sec  0.034 ms  16808/22139 (76%)  
[2024-05-27 14:00:06.817079] [  5]  14.00-14.50  sec  7.03 MBytes   118 Mbits/sec  0.025 ms  17463/22730 (77%)  
[2024-05-27 14:00:06.817149] [  5]  14.50-15.00  sec  6.73 MBytes   113 Mbits/sec  0.036 ms  17272/22315 (77%)  
[2024-05-27 14:00:06.817219] [  5]  15.00-15.50  sec  6.52 MBytes   109 Mbits/sec  0.017 ms  17448/22335 (78%)  
[2024-05-27 14:00:06.817293] [  5]  15.50-16.00  sec  3.73 MBytes  62.6 Mbits/sec  0.153 ms  19437/22231 (87%)  
[2024-05-27 14:00:06.817359] [  5]  16.00-16.50  sec  2.67 MBytes  44.7 Mbits/sec  0.278 ms  19675/21672 (91%)  
[2024-05-27 14:00:06.817469] [  5]  16.50-17.00  sec   291 KBytes  4.77 Mbits/sec  0.112 ms  8172/8385 (97%)  
[2024-05-27 14:00:06.817541] [  5]  17.00-17.50  sec   156 KBytes  2.56 Mbits/sec  0.024 ms  36834/36948 (1e+02%)  
[2024-05-27 14:00:06.817608] [  5]  17.50-18.00  sec  2.75 MBytes  46.2 Mbits/sec  0.143 ms  20536/22597 (91%)  
[2024-05-27 14:00:06.817675] [  5]  18.00-18.50  sec  2.80 MBytes  47.0 Mbits/sec  0.118 ms  20212/22312 (91%)  
[2024-05-27 14:00:06.817742] [  5]  18.50-19.00  sec  2.54 MBytes  42.6 Mbits/sec  0.271 ms  20317/22217 (91%)  
[2024-05-27 14:00:06.817809] [  5]  19.00-19.50  sec  9.48 MBytes   159 Mbits/sec  0.021 ms  15318/22420 (68%)  
[2024-05-27 14:00:06.817875] [  5]  19.50-20.00  sec  11.8 MBytes   199 Mbits/sec  0.027 ms  13504/22369 (60%)  
[2024-05-27 14:00:06.817941] [  5]  20.00-20.50  sec  13.1 MBytes   221 Mbits/sec  0.012 ms  12454/22300 (56%)  
[2024-05-27 14:00:06.818183] [  5]  20.50-21.00  sec  16.1 MBytes   270 Mbits/sec  0.055 ms  10174/22238 (46%)  
[2024-05-27 14:00:06.818280] [  5]  21.00-21.50  sec  13.2 MBytes   221 Mbits/sec  0.035 ms  12482/22354 (56%)  
[2024-05-27 14:00:06.818364] [  5]  21.50-22.00  sec  11.5 MBytes   193 Mbits/sec  0.063 ms  12312/20914 (59%)  
[2024-05-27 14:00:06.818440] [  5]  22.00-22.50  sec  0.00 Bytes  0.00 bits/sec  0.063 ms  0/0 (0%)  
[2024-05-27 14:00:31.313035] [  5]  22.50-23.00  sec  0.00 Bytes  0.00 bits/sec  0.063 ms  0/0 (0%)  
[2024-05-27 14:00:31.313466] [  5]  23.00-23.50  sec  1.56 MBytes  26.1 Mbits/sec  0.044 ms  60385/61556 (98%)  
[2024-05-27 14:00:31.313581] [  5]  23.50-24.00  sec  98.4 KBytes  1.62 Mbits/sec  0.263 ms  29457/29529 (1e+02%)  
[2024-05-27 14:00:31.313671] [  5]  24.00-24.50  sec  1.17 MBytes  19.6 Mbits/sec  0.112 ms  19396/20269 (96%)  
[2024-05-27 14:00:31.313752] [  5]  24.50-25.00  sec   349 KBytes  5.71 Mbits/sec  0.209 ms  23577/23832 (99%)  
[2024-05-27 14:00:31.313833] [  5]  25.00-25.50  sec  1.87 MBytes  31.3 Mbits/sec  0.044 ms  20983/22381 (94%)  
[2024-05-27 14:00:31.313912] [  5]  25.50-26.00  sec  5.14 MBytes  86.2 Mbits/sec  0.029 ms  18581/22433 (83%)  
[2024-05-27 14:00:31.314051] [  5]  26.00-26.50  sec  4.33 MBytes  72.7 Mbits/sec  0.073 ms  19067/22309 (85%)  
[2024-05-27 14:00:31.314144] [  5]  26.50-27.00  sec  6.49 MBytes   109 Mbits/sec  0.056 ms  12054/16918 (71%)  
[2024-05-27 14:00:31.314228] [  5]  27.00-27.50  sec   595 KBytes  9.75 Mbits/sec  0.051 ms  27190/27625 (98%)  
[2024-05-27 14:00:31.314310] [  5]  27.50-28.00  sec  2.44 MBytes  40.9 Mbits/sec  0.056 ms  20685/22509 (92%)  
[2024-05-27 14:00:31.314393] [  5]  28.00-28.50  sec  10.1 MBytes   170 Mbits/sec  0.050 ms  14386/21961 (66%)  
[2024-05-27 14:00:31.314472] [  5]  28.50-29.00  sec  13.4 MBytes   224 Mbits/sec  0.055 ms  12707/22728 (56%)  
[2024-05-27 14:00:31.314552] [  5]  29.00-29.50  sec  10.6 MBytes   177 Mbits/sec  0.122 ms  13861/21772 (64%)  
[2024-05-27 14:00:31.314630] [  5]  29.50-30.00  sec  6.63 MBytes   111 Mbits/sec  0.057 ms  17899/22868 (78%)  
[2024-05-27 14:00:31.314710] [  5]  30.00-30.50  sec  12.4 MBytes   208 Mbits/sec  0.019 ms  13077/22344 (59%)  
[2024-05-27 14:00:31.314789] [  5]  30.50-31.00  sec  10.1 MBytes   169 Mbits/sec  0.035 ms  14681/22237 (66%)  
[2024-05-27 14:00:31.314876] [  5]  31.00-31.50  sec  15.0 MBytes   251 Mbits/sec  0.014 ms  10442/21669 (48%)  
[2024-05-27 14:00:31.314956] [  5]  31.50-32.00  sec  8.21 MBytes   138 Mbits/sec  0.053 ms  16857/23008 (73%)  
[2024-05-27 14:00:31.315036] [  5]  32.00-32.50  sec  14.6 MBytes   245 Mbits/sec  0.035 ms  11339/22269 (51%)  
[2024-05-27 14:00:31.315115] [  5]  32.50-33.00  sec  16.9 MBytes   283 Mbits/sec  0.045 ms  9757/22406 (44%)  
[2024-05-27 14:00:31.315193] [  5]  33.00-33.50  sec  18.1 MBytes   303 Mbits/sec  0.107 ms  8774/22320 (39%)  
[2024-05-27 14:00:31.315271] [  5]  33.50-34.00  sec  11.9 MBytes   200 Mbits/sec  0.029 ms  13381/22300 (60%)  
[2024-05-27 14:00:31.315356] [  5]  34.00-34.50  sec  11.1 MBytes   185 Mbits/sec  0.031 ms  13336/21616 (62%)  
[2024-05-27 14:00:31.315438] [  5]  34.50-35.00  sec  14.6 MBytes   245 Mbits/sec  0.034 ms  12128/23058 (53%)  
[2024-05-27 14:00:31.315553] [  5]  35.00-35.50  sec  19.4 MBytes   325 Mbits/sec  0.012 ms  7447/21944 (34%)  
[2024-05-27 14:00:31.315637] [  5]  35.50-36.00  sec  19.0 MBytes   318 Mbits/sec  0.037 ms  8490/22695 (37%)  
[2024-05-27 14:00:31.315718] [  5]  36.00-36.50  sec  16.4 MBytes   275 Mbits/sec  0.012 ms  10091/22350 (45%)  
[2024-05-27 14:00:31.315794] [  5]  36.50-37.00  sec  16.4 MBytes   275 Mbits/sec  0.028 ms  9933/22213 (45%)  
[2024-05-27 14:00:31.315871] [  5]  37.00-37.50  sec  11.6 MBytes   195 Mbits/sec  0.044 ms  13164/21863 (60%)  
[2024-05-27 14:00:31.315948] [  5]  37.50-38.00  sec  6.15 MBytes   103 Mbits/sec  0.033 ms  18220/22826 (80%)  
[2024-05-27 14:00:31.316027] [  5]  38.00-38.50  sec  13.1 MBytes   220 Mbits/sec  0.025 ms  11947/21787 (55%)  
[2024-05-27 14:00:31.316104] [  5]  38.50-39.00  sec  11.8 MBytes   198 Mbits/sec  0.009 ms  14083/22916 (61%)  
[2024-05-27 14:00:31.316180] [  5]  39.00-39.50  sec  9.15 MBytes   153 Mbits/sec  0.016 ms  14753/21605 (68%)  
[2024-05-27 14:00:31.316260] [  5]  39.50-40.00  sec  10.5 MBytes   176 Mbits/sec  0.040 ms  15094/22935 (66%)  
[2024-05-27 14:00:31.316344] [  5]  40.00-40.50  sec  12.1 MBytes   204 Mbits/sec  0.074 ms  12097/21197 (57%)  
[2024-05-27 14:00:31.316421] [  5]  40.50-41.00  sec  14.4 MBytes   242 Mbits/sec  0.060 ms  12767/23549 (54%)  
[2024-05-27 14:00:31.316500] [  5]  41.00-41.50  sec  11.9 MBytes   199 Mbits/sec  0.120 ms  12211/21106 (58%)  
[2024-05-27 14:00:31.316575] [  5]  41.50-42.00  sec  8.83 MBytes   148 Mbits/sec  0.087 ms  16840/23457 (72%)  
[2024-05-27 14:00:31.316650] [  5]  42.00-42.50  sec  16.2 MBytes   273 Mbits/sec  0.045 ms  9581/21734 (44%)  
[2024-05-27 14:00:31.316726] [  5]  42.50-43.00  sec  10.6 MBytes   178 Mbits/sec  0.038 ms  14999/22946 (65%)  
[2024-05-27 14:00:31.316803] [  5]  43.00-43.50  sec  10.9 MBytes   182 Mbits/sec  0.055 ms  14003/22149 (63%)  
[2024-05-27 14:00:31.316880] [  5]  43.50-44.00  sec  15.5 MBytes   261 Mbits/sec  0.046 ms  10611/22256 (48%)  
[2024-05-27 14:00:31.316955] [  5]  44.00-44.50  sec  17.4 MBytes   292 Mbits/sec  0.025 ms  9446/22489 (42%)  
[2024-05-27 14:00:31.317031] [  5]  44.50-45.00  sec  18.8 MBytes   315 Mbits/sec  0.034 ms  8331/22411 (37%)  
[2024-05-27 14:00:31.317109] [  5]  45.00-45.50  sec  18.9 MBytes   317 Mbits/sec  0.012 ms  8205/22338 (37%)  
[2024-05-27 14:00:31.317185] [  5]  45.50-46.00  sec  12.5 MBytes   210 Mbits/sec  0.030 ms  12829/22195 (58%)  
[2024-05-27 14:00:31.317260] [  5]  46.00-46.50  sec  14.7 MBytes   246 Mbits/sec  0.016 ms  11362/22358 (51%)  
[2024-05-27 14:00:31.317334] [  5]  46.50-47.00  sec  14.7 MBytes   247 Mbits/sec  0.048 ms  11319/22362 (51%)  
[2024-05-27 14:00:55.813142] [  5]  47.00-47.50  sec  14.7 MBytes   247 Mbits/sec  0.024 ms  11025/22056 (50%)  
[2024-05-27 14:00:55.813356] [  5]  47.50-48.00  sec  11.6 MBytes   195 Mbits/sec  0.013 ms  13896/22598 (61%)  
[2024-05-27 14:00:55.813400] [  5]  48.00-48.50  sec  16.9 MBytes   283 Mbits/sec  0.063 ms  9630/22278 (43%)  
[2024-05-27 14:00:55.813436] [  5]  48.50-49.00  sec  14.3 MBytes   240 Mbits/sec  0.016 ms  11238/21971 (51%)  
[2024-05-27 14:00:55.813470] [  5]  49.00-49.50  sec  11.0 MBytes   184 Mbits/sec  0.056 ms  14372/22592 (64%)  
[2024-05-27 14:00:55.813501] [  5]  49.50-50.00  sec  16.3 MBytes   274 Mbits/sec  0.050 ms  10182/22416 (45%)  
[2024-05-27 14:00:55.813531] [  5]  50.00-50.50  sec  15.1 MBytes   254 Mbits/sec  0.036 ms  10904/22241 (49%)  
[2024-05-27 14:00:55.813560] [  5]  50.50-51.00  sec  17.5 MBytes   294 Mbits/sec  0.017 ms  9208/22330 (41%)  
[2024-05-27 14:00:55.813592] [  5]  51.00-51.50  sec  15.8 MBytes   265 Mbits/sec  0.070 ms  10481/22319 (47%)  
[2024-05-27 14:00:55.813625] [  5]  51.50-52.00  sec  12.1 MBytes   204 Mbits/sec  0.102 ms  13311/22403 (59%)  
[2024-05-27 14:00:55.813654] [  5]  52.00-52.50  sec  9.20 MBytes   154 Mbits/sec  0.069 ms  15334/22225 (69%)  
[2024-05-27 14:00:55.813684] [  5]  52.50-53.00  sec  14.7 MBytes   247 Mbits/sec  0.050 ms  11338/22364 (51%)  
[2024-05-27 14:00:55.813735] [  5]  53.00-53.50  sec  18.0 MBytes   303 Mbits/sec  0.039 ms  8813/22328 (39%)  
[2024-05-27 14:00:55.813767] [  5]  53.50-54.00  sec  17.0 MBytes   284 Mbits/sec  0.047 ms  9603/22301 (43%)  
[2024-05-27 14:00:55.813795] [  5]  54.00-54.50  sec  15.0 MBytes   251 Mbits/sec  0.022 ms  11172/22395 (50%)  
[2024-05-27 14:00:55.813823] [  5]  54.50-55.00  sec  17.9 MBytes   300 Mbits/sec  0.018 ms  8957/22329 (40%)  
[2024-05-27 14:00:55.813850] [  5]  55.00-55.50  sec  15.2 MBytes   256 Mbits/sec  0.017 ms  10799/22206 (49%)  
[2024-05-27 14:00:55.813878] [  5]  55.50-56.00  sec  6.96 MBytes   117 Mbits/sec  0.097 ms  16799/22015 (76%)  
[2024-05-27 14:00:55.813905] [  5]  56.00-56.50  sec  14.9 MBytes   251 Mbits/sec  0.151 ms  11491/22677 (51%)  
[2024-05-27 14:00:55.813933] [  5]  56.50-57.00  sec  12.9 MBytes   217 Mbits/sec  0.010 ms  12674/22354 (57%)  
[2024-05-27 14:00:55.813960] [  5]  57.00-57.50  sec  15.7 MBytes   263 Mbits/sec  0.024 ms  10627/22390 (47%)  
[2024-05-27 14:00:55.813987] [  5]  57.50-58.00  sec  8.71 MBytes   146 Mbits/sec  0.048 ms  15561/22087 (70%)  
[2024-05-27 14:00:55.814093] [  5]  58.00-58.50  sec  2.25 MBytes  37.7 Mbits/sec  0.270 ms  20716/22400 (92%)  
[2024-05-27 14:00:55.814131] [  5]  58.50-59.00  sec  13.4 MBytes   225 Mbits/sec  0.010 ms  12416/22454 (55%)  
[2024-05-27 14:00:55.814160] [  5]  59.00-59.50  sec  7.30 MBytes   122 Mbits/sec  0.334 ms  16499/21966 (75%)  
[2024-05-27 14:00:55.814188] [  5]  59.50-60.00  sec  11.5 MBytes   193 Mbits/sec  0.037 ms  13823/22426 (62%)  
[2024-05-27 14:00:55.814214] [  5]  60.00-60.50  sec  10.8 MBytes   181 Mbits/sec  0.165 ms  14273/22373 (64%)  
[2024-05-27 14:00:55.814241] [  5]  60.50-61.00  sec  8.83 MBytes   148 Mbits/sec  0.013 ms  15593/22205 (70%)  
[2024-05-27 14:00:55.814267] [  5]  61.00-61.50  sec  9.12 MBytes   153 Mbits/sec  0.031 ms  14754/21587 (68%)  
[2024-05-27 14:00:55.814309] [  5]  61.50-62.00  sec  9.42 MBytes   158 Mbits/sec  0.205 ms  15938/22994 (69%)  
[2024-05-27 14:00:55.814335] [  5]  62.00-62.50  sec  9.22 MBytes   155 Mbits/sec  0.016 ms  15796/22700 (70%)  
[2024-05-27 14:00:55.814370] [  5]  62.50-63.00  sec  12.8 MBytes   214 Mbits/sec  0.077 ms  12617/22192 (57%)  
[2024-05-27 14:00:55.814396] [  5]  63.00-63.50  sec  9.58 MBytes   161 Mbits/sec  0.016 ms  15261/22439 (68%)  
[2024-05-27 14:00:55.814423] [  5]  63.50-64.00  sec  7.86 MBytes   132 Mbits/sec  0.040 ms  16476/22363 (74%)  
[2024-05-27 14:00:55.814451] [  5]  64.00-64.50  sec  15.2 MBytes   255 Mbits/sec  0.027 ms  10699/22102 (48%)  
[2024-05-27 14:00:55.814477] [  5]  64.50-65.00  sec  12.8 MBytes   214 Mbits/sec  0.053 ms  12832/22398 (57%)  
[2024-05-27 14:00:55.814505] [  5]  65.00-65.50  sec  13.3 MBytes   223 Mbits/sec  0.021 ms  12466/22426 (56%)  
[2024-05-27 14:00:55.814533] [  5]  65.50-66.00  sec  18.2 MBytes   305 Mbits/sec  0.016 ms  8688/22322 (39%)  
[2024-05-27 14:00:55.814560] [  5]  66.00-66.50  sec  19.2 MBytes   322 Mbits/sec  0.021 ms  7941/22314 (36%)  
[2024-05-27 14:00:55.814586] [  5]  66.50-67.00  sec  15.8 MBytes   265 Mbits/sec  0.030 ms  10537/22359 (47%)  
[2024-05-27 14:00:55.814612] [  5]  67.00-67.50  sec  2.22 MBytes  37.2 Mbits/sec  0.023 ms  20533/22194 (93%)  
[2024-05-27 14:00:55.814638] [  5]  67.50-68.00  sec  6.18 MBytes   104 Mbits/sec  0.027 ms  17561/22192 (79%)  
[2024-05-27 14:00:55.814666] [  5]  68.00-68.50  sec  8.66 MBytes   145 Mbits/sec  0.152 ms  16047/22532 (71%)  
[2024-05-27 14:00:55.814691] [  5]  68.50-69.00  sec  3.68 MBytes  61.7 Mbits/sec  0.020 ms  19628/22383 (88%)  
[2024-05-27 14:00:55.814718] [  5]  69.00-69.50  sec  7.26 MBytes   122 Mbits/sec  0.018 ms  16714/22152 (75%)  
[2024-05-27 14:00:55.814744] [  5]  69.50-70.00  sec  12.4 MBytes   208 Mbits/sec  0.059 ms  13135/22402 (59%)  
[2024-05-27 14:00:55.814772] [  5]  70.00-70.50  sec  12.2 MBytes   205 Mbits/sec  0.069 ms  13188/22347 (59%)  
[2024-05-27 14:00:55.814797] [  5]  70.50-71.00  sec  8.13 MBytes   136 Mbits/sec  0.021 ms  16241/22331 (73%)  
[2024-05-27 14:00:55.814830] [  5]  71.00-71.50  sec  4.11 MBytes  68.9 Mbits/sec  0.185 ms  19025/22105 (86%)  
[2024-05-27 14:01:20.313099] [  5]  71.50-72.00  sec  5.33 MBytes  89.5 Mbits/sec  0.101 ms  18528/22518 (82%)  
[2024-05-27 14:01:20.313576] [  5]  72.00-72.50  sec  8.80 MBytes   148 Mbits/sec  0.054 ms  15744/22337 (70%)  
[2024-05-27 14:01:20.313686] [  5]  72.50-73.00  sec  2.34 MBytes  39.2 Mbits/sec  0.277 ms  7189/8939 (80%)  
[2024-05-27 14:01:20.313770] [  5]  73.00-73.50  sec  2.96 MBytes  49.7 Mbits/sec  0.016 ms  32332/34551 (94%)  
[2024-05-27 14:01:20.313848] [  5]  73.50-74.00  sec  21.0 MBytes   352 Mbits/sec  0.012 ms  6679/22374 (30%)  
[2024-05-27 14:01:20.313928] [  5]  74.00-74.50  sec  21.1 MBytes   354 Mbits/sec  0.078 ms  7525/23348 (32%)  
[2024-05-27 14:01:20.314073] [  5]  74.50-75.00  sec  20.4 MBytes   342 Mbits/sec  0.059 ms  6560/21821 (30%)  
[2024-05-27 14:01:20.314160] [  5]  75.00-75.50  sec  21.1 MBytes   354 Mbits/sec  0.047 ms  7039/22829 (31%)  
[2024-05-27 14:01:20.314239] [  5]  75.50-76.00  sec  21.5 MBytes   361 Mbits/sec  0.009 ms  6286/22407 (28%)  
[2024-05-27 14:01:20.314316] [  5]  76.00-76.50  sec  21.0 MBytes   352 Mbits/sec  0.073 ms  6502/22229 (29%)  
[2024-05-27 14:01:20.314395] [  5]  76.50-77.00  sec  20.9 MBytes   350 Mbits/sec  0.024 ms  6184/21813 (28%)  
[2024-05-27 14:01:20.314476] [  5]  77.00-77.50  sec  21.2 MBytes   356 Mbits/sec  0.073 ms  6955/22827 (30%)  
[2024-05-27 14:01:20.314553] [  5]  77.50-78.00  sec  20.6 MBytes   346 Mbits/sec  0.061 ms  6925/22383 (31%)  
[2024-05-27 14:01:20.314638] [  5]  78.00-78.50  sec  20.8 MBytes   348 Mbits/sec  0.084 ms  6700/22256 (30%)  
[2024-05-27 14:01:20.314716] [  5]  78.50-79.00  sec  20.9 MBytes   350 Mbits/sec  0.018 ms  6194/21834 (28%)  
[2024-05-27 14:01:20.314793] [  5]  79.00-79.50  sec  21.2 MBytes   356 Mbits/sec  0.079 ms  6934/22806 (30%)  
[2024-05-27 14:01:20.314871] [  5]  79.50-80.00  sec  21.4 MBytes   360 Mbits/sec  0.042 ms  6345/22395 (28%)  
[2024-05-27 14:01:20.314948] [  5]  80.00-80.50  sec  21.2 MBytes   355 Mbits/sec  0.067 ms  6416/22261 (29%)  
[2024-05-27 14:01:20.315024] [  5]  80.50-81.00  sec  21.0 MBytes   352 Mbits/sec  0.029 ms  6111/21810 (28%)  
[2024-05-27 14:01:20.315100] [  5]  81.00-81.50  sec  21.2 MBytes   356 Mbits/sec  0.060 ms  6930/22821 (30%)  
[2024-05-27 14:01:20.315179] [  5]  81.50-82.00  sec  21.6 MBytes   362 Mbits/sec  0.021 ms  6217/22361 (28%)  
[2024-05-27 14:01:20.315256] [  5]  82.00-82.50  sec  21.1 MBytes   355 Mbits/sec  0.061 ms  6440/22275 (29%)  
[2024-05-27 14:01:20.315335] [  5]  82.50-83.00  sec  20.8 MBytes   350 Mbits/sec  0.029 ms  6218/21826 (28%)  
[2024-05-27 14:01:20.315411] [  5]  83.00-83.50  sec  21.1 MBytes   354 Mbits/sec  0.084 ms  6995/22812 (31%)  
[2024-05-27 14:01:20.315489] [  5]  83.50-84.00  sec  21.5 MBytes   360 Mbits/sec  0.066 ms  6335/22407 (28%)  
[2024-05-27 14:01:20.315565] [  5]  84.00-84.50  sec  21.1 MBytes   354 Mbits/sec  0.080 ms  6449/22244 (29%)  
[2024-05-27 14:01:20.315645] [  5]  84.50-85.00  sec  20.6 MBytes   346 Mbits/sec  0.026 ms  6362/21821 (29%)  
[2024-05-27 14:01:20.315720] [  5]  85.00-85.50  sec  21.1 MBytes   354 Mbits/sec  0.067 ms  7016/22828 (31%)  
[2024-05-27 14:01:20.315799] [  5]  85.50-86.00  sec  21.5 MBytes   360 Mbits/sec  0.021 ms  6236/22322 (28%)  
[2024-05-27 14:01:20.315874] [  5]  86.00-86.50  sec  21.3 MBytes   357 Mbits/sec  0.056 ms  6404/22322 (29%)  
[2024-05-27 14:01:20.315951] [  5]  86.50-87.00  sec  20.7 MBytes   347 Mbits/sec  0.038 ms  6303/21812 (29%)  
[2024-05-27 14:01:20.316026] [  5]  87.00-87.50  sec  20.9 MBytes   351 Mbits/sec  0.019 ms  7157/22844 (31%)  
[2024-05-27 14:01:20.316101] [  5]  87.50-88.00  sec  14.9 MBytes   250 Mbits/sec  0.037 ms  11137/22293 (50%)  
[2024-05-27 14:01:20.316177] [  5]  88.00-88.50  sec  12.1 MBytes   203 Mbits/sec  0.108 ms  13244/22302 (59%)  
[2024-05-27 14:01:20.316256] [  5]  88.50-89.00  sec  16.8 MBytes   281 Mbits/sec  0.036 ms  9775/22338 (44%)  
[2024-05-27 14:01:20.316331] [  5]  89.00-89.50  sec  16.5 MBytes   277 Mbits/sec  0.021 ms  9918/22294 (44%)  
[2024-05-27 14:01:20.316439] [  5]  89.50-90.00  sec  18.9 MBytes   318 Mbits/sec  0.020 ms  8171/22362 (37%)  
[2024-05-27 14:01:20.316515] [  5]  90.00-90.50  sec  16.6 MBytes   278 Mbits/sec  0.176 ms  9835/22231 (44%)  
[2024-05-27 14:01:20.316593] [  5]  90.50-91.00  sec  19.8 MBytes   331 Mbits/sec  0.010 ms  7577/22373 (34%)  
[2024-05-27 14:01:20.316667] [  5]  91.00-91.50  sec  16.3 MBytes   274 Mbits/sec  0.040 ms  10103/22346 (45%)  
[2024-05-27 14:01:20.316742] [  5]  91.50-92.00  sec  13.0 MBytes   217 Mbits/sec  0.023 ms  12623/22331 (57%)  
[2024-05-27 14:01:20.316815] [  5]  92.00-92.50  sec  18.1 MBytes   304 Mbits/sec  0.022 ms  8778/22329 (39%)  
[2024-05-27 14:01:20.316890] [  5]  92.50-93.00  sec  18.6 MBytes   312 Mbits/sec  0.011 ms  8421/22331 (38%)  
[2024-05-27 14:01:20.316964] [  5]  93.00-93.50  sec  18.4 MBytes   308 Mbits/sec  0.016 ms  8536/22306 (38%)  
[2024-05-27 14:01:20.317040] [  5]  93.50-94.00  sec  14.2 MBytes   239 Mbits/sec  0.019 ms  11607/22276 (52%)  
[2024-05-27 14:01:20.317114] [  5]  94.00-94.50  sec  16.8 MBytes   281 Mbits/sec  0.054 ms  9773/22333 (44%)  
[2024-05-27 14:01:20.317189] [  5]  94.50-95.00  sec  17.1 MBytes   287 Mbits/sec  0.031 ms  9521/22347 (43%)  
[2024-05-27 14:01:20.317263] [  5]  95.00-95.50  sec  18.9 MBytes   317 Mbits/sec  0.008 ms  8170/22302 (37%)  
[2024-05-27 14:01:20.317337] [  5]  95.50-96.00  sec  15.5 MBytes   260 Mbits/sec  0.059 ms  10658/22288 (48%)  
[2024-05-27 14:01:44.051776] [  5]  96.00-96.50  sec  16.9 MBytes   284 Mbits/sec  0.025 ms  9716/22376 (43%)  
[2024-05-27 14:01:44.052153] [  5]  96.50-97.00  sec  19.9 MBytes   333 Mbits/sec  0.010 ms  7462/22338 (33%)  
[2024-05-27 14:01:44.052260] [  5]  97.00-97.50  sec  18.4 MBytes   308 Mbits/sec  0.038 ms  8546/22311 (38%)  
[2024-05-27 14:01:44.052348] [  5]  97.50-98.00  sec  16.2 MBytes   271 Mbits/sec  0.048 ms  10145/22260 (46%)  
[2024-05-27 14:01:44.052427] [  5]  98.00-98.50  sec  16.5 MBytes   278 Mbits/sec  0.113 ms  9936/22325 (45%)  
[2024-05-27 14:01:44.052506] [  5]  98.50-99.00  sec  15.8 MBytes   265 Mbits/sec  0.052 ms  10482/22321 (47%)  
[2024-05-27 14:01:44.052583] [  5]  99.00-99.50  sec  12.7 MBytes   213 Mbits/sec  0.072 ms  12869/22362 (58%)  
[2024-05-27 14:01:44.052661] [  5]  99.50-100.00 sec  14.4 MBytes   242 Mbits/sec  0.024 ms  11553/22336 (52%)  
[2024-05-27 14:01:44.052740] [  5] 100.00-100.50 sec  17.5 MBytes   293 Mbits/sec  0.015 ms  9195/22286 (41%)  
[2024-05-27 14:01:44.052819] [  5] 100.50-101.00 sec  12.6 MBytes   211 Mbits/sec  0.050 ms  12869/22307 (58%)  
[2024-05-27 14:01:44.052896] [  5] 101.00-101.50 sec  18.1 MBytes   303 Mbits/sec  0.063 ms  8830/22356 (39%)  
[2024-05-27 14:01:44.053040] [  5] 101.50-102.00 sec  16.7 MBytes   281 Mbits/sec  0.036 ms  9758/22293 (44%)  
[2024-05-27 14:01:44.053117] [  5] 102.00-102.50 sec  16.0 MBytes   268 Mbits/sec  0.026 ms  10410/22362 (47%)  
[2024-05-27 14:01:44.053199] [  5] 102.50-103.00 sec  11.8 MBytes   198 Mbits/sec  0.020 ms  13346/22206 (60%)  
[2024-05-27 14:01:44.053276] [  5] 103.00-103.50 sec  19.4 MBytes   325 Mbits/sec  0.009 ms  7480/22011 (34%)  
[2024-05-27 14:01:44.053494] [  5] 103.50-104.00 sec  18.5 MBytes   310 Mbits/sec  0.013 ms  8453/22273 (38%)  
[2024-05-27 14:01:44.053657] [  5] 104.00-104.50 sec  17.4 MBytes   291 Mbits/sec  0.017 ms  3757/16783 (22%)  
[2024-05-27 14:01:44.053820] [  5] 104.50-105.00 sec  0.00 Bytes  0.00 bits/sec  0.017 ms  0/0 (0%)  
[2024-05-27 14:01:44.053985] [  5] 105.00-105.50 sec  17.6 MBytes   298 Mbits/sec  0.067 ms  37506/50725 (74%)  
[2024-05-27 14:01:44.054173] [  5] 105.50-106.00 sec  19.7 MBytes   331 Mbits/sec  0.014 ms  7519/22308 (34%)  
[2024-05-27 14:01:44.054265] [  5] 106.00-106.50 sec  22.3 MBytes   374 Mbits/sec  0.021 ms  5668/22365 (25%)  
[2024-05-27 14:01:44.054345] [  5] 106.50-107.00 sec  20.7 MBytes   347 Mbits/sec  0.030 ms  6863/22353 (31%)  
[2024-05-27 14:01:44.054421] [  5] 107.00-107.50 sec  23.9 MBytes   401 Mbits/sec  0.026 ms  4417/22327 (20%)  
[2024-05-27 14:01:44.054605] [  5] 107.50-108.00 sec  21.2 MBytes   355 Mbits/sec  0.033 ms  6440/22310 (29%)  
[2024-05-27 14:01:44.054762] [  5] 108.00-108.50 sec  24.3 MBytes   407 Mbits/sec  0.015 ms  4121/22298 (18%)  
[2024-05-27 14:01:44.054838] [  5] 108.50-109.00 sec  23.5 MBytes   395 Mbits/sec  0.015 ms  4705/22323 (21%)  
[2024-05-27 14:01:44.054978] [  5] 109.00-109.50 sec  23.8 MBytes   400 Mbits/sec  0.016 ms  4469/22310 (20%)  
[2024-05-27 14:01:44.055086] [  5] 109.50-110.00 sec  13.9 MBytes   234 Mbits/sec  0.080 ms  11863/22311 (53%)  
[2024-05-27 14:01:44.055160] [  5] 110.00-110.50 sec  20.1 MBytes   337 Mbits/sec  0.012 ms  7318/22341 (33%)  
[2024-05-27 14:01:44.055236] [  5] 110.50-111.00 sec  24.7 MBytes   414 Mbits/sec  0.015 ms  3834/22320 (17%)  
[2024-05-27 14:01:44.055314] [  5] 111.00-111.50 sec  23.0 MBytes   387 Mbits/sec  0.026 ms  4969/22231 (22%)  
[2024-05-27 14:01:44.055388] [  5] 111.50-112.00 sec  13.0 MBytes   219 Mbits/sec  0.059 ms  11876/21629 (55%)  
[2024-05-27 14:01:44.055465] [  5] 112.00-112.50 sec  21.4 MBytes   360 Mbits/sec  0.028 ms  7084/23138 (31%)  
[2024-05-27 14:01:44.055542] [  5] 112.50-113.00 sec  22.0 MBytes   369 Mbits/sec  0.022 ms  5811/22280 (26%)  
[2024-05-27 14:01:44.055617] [  5] 113.00-113.50 sec  21.6 MBytes   362 Mbits/sec  0.041 ms  5610/21777 (26%)  
[2024-05-27 14:01:44.055675] [  5] 113.50-114.00 sec  23.6 MBytes   397 Mbits/sec  0.025 ms  4823/22525 (21%)  
[2024-05-27 14:01:44.055716] [  5] 114.00-114.50 sec  23.3 MBytes   391 Mbits/sec  0.045 ms  5246/22696 (23%)  
[2024-05-27 14:01:44.055757] [  5] 114.50-115.00 sec  21.6 MBytes   362 Mbits/sec  0.046 ms  6131/22273 (28%)  
[2024-05-27 14:01:44.055797] [  5] 115.00-115.50 sec  18.9 MBytes   317 Mbits/sec  0.024 ms  8195/22340 (37%)  
[2024-05-27 14:01:44.055841] [  5] 115.50-116.00 sec  15.0 MBytes   251 Mbits/sec  0.023 ms  11036/22259 (50%)  
[2024-05-27 14:01:44.055882] [  5] 116.00-116.50 sec  16.5 MBytes   277 Mbits/sec  0.018 ms  10066/22424 (45%)  
[2024-05-27 14:01:44.055924] [  5] 116.50-117.00 sec  24.8 MBytes   416 Mbits/sec  0.029 ms  3734/22300 (17%)  
[2024-05-27 14:01:44.055967] [  5] 117.00-117.50 sec  4.01 MBytes  67.3 Mbits/sec  0.071 ms  19280/22285 (87%)  
[2024-05-27 14:01:44.056009] [  5] 117.50-118.00 sec  1.91 MBytes  32.1 Mbits/sec  0.145 ms  20899/22330 (94%)  
[2024-05-27 14:01:44.056049] [  5] 118.00-118.50 sec  1.15 MBytes  19.3 Mbits/sec  0.044 ms  20503/21364 (96%)  
[2024-05-27 14:01:44.056091] [  5] 118.50-119.00 sec  3.71 MBytes  62.3 Mbits/sec  0.038 ms  20502/23283 (88%)  
[2024-05-27 14:01:44.056132] [  5] 119.00-119.50 sec  10.8 MBytes   182 Mbits/sec  0.017 ms  14210/22335 (64%)  
[2024-05-27 14:01:44.056173] [  5] 119.50-120.00 sec  18.2 MBytes   305 Mbits/sec  0.024 ms  8709/22317 (39%)  
[2024-05-27 14:01:44.056215] - - - - - - - - - - - - - - - - - - - - - - - - -
[2024-05-27 14:01:44.056255] [ ID] Interval           Transfer     Bitrate         Jitter    Lost/Total Datagrams
[2024-05-27 14:01:44.056357] [  5]   0.00-120.08 sec  6.99 GBytes   500 Mbits/sec  0.000 ms  0/5360478 (0%)  sender
[2024-05-27 14:01:44.056400] [SUM]  0.0-120.1 sec  1558 datagrams received out-of-order
[2024-05-27 14:01:44.056443] [  5]   0.00-120.00 sec  3.19 GBytes   229 Mbits/sec  0.024 ms  2908651/5357320 (54%)  receiver
[2024-05-27 14:01:44.056483] 
[2024-05-27 14:01:44.056604] iperf Done.
End time: 1716832904081
