Start time: 1716822133834
[2024-05-27 11:02:18.863029] traceroute to 35.245.244.238 (35.245.244.238), 30 hops max, 60 byte packets
[2024-05-27 11:02:18.863819]  1  * * *
[2024-05-27 11:02:18.863898]  2  * * *
[2024-05-27 11:02:18.863946]  3  * * *
[2024-05-27 11:02:18.863990]  4  * * *
[2024-05-27 11:02:18.864033]  5  * * *
[2024-05-27 11:02:23.869216]  6  * * *
[2024-05-27 11:02:23.869316]  7  * * *
[2024-05-27 11:02:23.871507]  8  * * *
[2024-05-27 11:02:23.873773]  9  * * *
[2024-05-27 11:02:23.876781] 10  * * *
[2024-05-27 11:02:28.873117] 11  * * *
[2024-05-27 11:02:28.873320] 12  * * *
[2024-05-27 11:02:28.873367] 13  * * *
[2024-05-27 11:02:28.877739] 14  * * *
[2024-05-27 11:02:28.877822] 15  * * *
[2024-05-27 11:02:33.879911] 16  * * *
[2024-05-27 11:02:33.880282] 17  * * *
[2024-05-27 11:02:33.880383] 18  * * *
[2024-05-27 11:02:33.880470] 19  * * *
[2024-05-27 11:02:33.880555] 20  * * *
[2024-05-27 11:02:33.880640] 21  * * *
[2024-05-27 11:02:38.886561] 22  * * *
[2024-05-27 11:02:38.886734] 23  * * *
[2024-05-27 11:02:38.886773] 24  * * *
[2024-05-27 11:02:38.886806] 25  * * *
[2024-05-27 11:02:38.886838] 26  * * *
[2024-05-27 11:02:43.893240] 27  * * *
[2024-05-27 11:02:43.893388] 28  * * *
[2024-05-27 11:02:43.893420] 29  * * *
[2024-05-27 11:02:43.893444] 30  * * *
End time: 1716822163903
