Start time: 1716996719151
[2024-05-29 11:32:00.011771] nuttcp-r: v8.1.4: socket
[2024-05-29 11:32:00.012361] nuttcp-r: buflen=65536, nstream=1, port=5003 tcp
[2024-05-29 11:32:00.012421] nuttcp-r: interval reporting every 0.50 seconds
[2024-05-29 11:32:00.012473] nuttcp-r: connect to 35.245.244.238 with RTT=58.089 ms af=inet
[2024-05-29 11:32:00.012521] nuttcp-r: send window size = 1048576, receive window size = 1048576
[2024-05-29 11:32:00.012566] nuttcp-r: available send window = 786432, available receive window = 786432
[2024-05-29 11:32:00.012610]     1.6875 MB /   0.50 sec =   28.2850 Mbps     0 retrans     13 KB-cwnd
[2024-05-29 11:32:00.511261]     7.8750 MB /   0.50 sec =  132.1330 Mbps     0 retrans     13 KB-cwnd
[2024-05-29 11:32:01.010741]     7.3125 MB /   0.50 sec =  122.7772 Mbps     0 retrans     13 KB-cwnd
[2024-05-29 11:32:01.511647]     4.8750 MB /   0.50 sec =   81.7206 Mbps     0 retrans     13 KB-cwnd
[2024-05-29 11:32:02.010951]     7.3750 MB /   0.50 sec =  123.8149 Mbps     0 retrans     13 KB-cwnd
[2024-05-29 11:32:02.510892]     5.6875 MB /   0.50 sec =   95.4246 Mbps     0 retrans     13 KB-cwnd
[2024-05-29 11:32:03.011305]     6.6875 MB /   0.50 sec =  112.1893 Mbps     0 retrans     13 KB-cwnd
[2024-05-29 11:32:03.511725]     7.8750 MB /   0.50 sec =  132.1296 Mbps     0 retrans     13 KB-cwnd
[2024-05-29 11:32:04.011494]     8.5625 MB /   0.50 sec =  143.6684 Mbps     0 retrans     13 KB-cwnd
[2024-05-29 11:32:04.511092]     6.6875 MB /   0.50 sec =  112.1878 Mbps     0 retrans     13 KB-cwnd
[2024-05-29 11:32:05.011125]     7.1250 MB /   0.50 sec =  119.5456 Mbps     0 retrans     13 KB-cwnd
[2024-05-29 11:32:05.512828]     7.5625 MB /   0.50 sec =  126.4296 Mbps     0 retrans     13 KB-cwnd
[2024-05-29 11:32:06.010940]     7.3125 MB /   0.50 sec =  123.1029 Mbps     0 retrans     13 KB-cwnd
[2024-05-29 11:32:06.510921]     9.0000 MB /   0.50 sec =  151.0116 Mbps     0 retrans     13 KB-cwnd
[2024-05-29 11:32:07.010844]     9.0625 MB /   0.50 sec =  152.0481 Mbps     0 retrans     13 KB-cwnd
[2024-05-29 11:32:07.510871]     8.7500 MB /   0.50 sec =  146.7786 Mbps     0 retrans     13 KB-cwnd
[2024-05-29 11:32:08.010918]     9.5000 MB /   0.50 sec =  159.3973 Mbps     0 retrans     13 KB-cwnd
[2024-05-29 11:32:08.510880]     9.1875 MB /   0.50 sec =  154.1314 Mbps     0 retrans     13 KB-cwnd
[2024-05-29 11:32:09.011002]     7.5000 MB /   0.50 sec =  125.8354 Mbps     0 retrans     13 KB-cwnd
[2024-05-29 11:32:09.510913]     9.5000 MB /   0.50 sec =  159.3740 Mbps     0 retrans     27 KB-cwnd
[2024-05-29 11:32:10.010902]     6.0000 MB /   0.50 sec =  100.6554 Mbps     0 retrans     27 KB-cwnd
[2024-05-29 11:32:10.511365]     6.8125 MB /   0.50 sec =  114.2151 Mbps     0 retrans     27 KB-cwnd
[2024-05-29 11:32:11.010784]     7.7500 MB /   0.50 sec =  130.1468 Mbps     0 retrans     27 KB-cwnd
[2024-05-29 11:32:11.511425]     5.8750 MB /   0.50 sec =   98.5512 Mbps     0 retrans     27 KB-cwnd
[2024-05-29 11:32:12.011328]     7.5625 MB /   0.50 sec =  126.8878 Mbps     0 retrans     27 KB-cwnd
[2024-05-29 11:32:12.510798]     3.4375 MB /   0.50 sec =   57.6762 Mbps     0 retrans     27 KB-cwnd
[2024-05-29 11:32:13.010910]     4.4375 MB /   0.50 sec =   74.4413 Mbps     0 retrans     27 KB-cwnd
[2024-05-29 11:32:13.510794]     9.6250 MB /   0.50 sec =  161.4959 Mbps     0 retrans     27 KB-cwnd
[2024-05-29 11:32:14.010874]    12.7500 MB /   0.50 sec =  213.9078 Mbps     0 retrans     27 KB-cwnd
[2024-05-29 11:32:14.511930]    13.7500 MB /   0.50 sec =  230.4517 Mbps     0 retrans     27 KB-cwnd
[2024-05-29 11:32:15.010825]    12.4375 MB /   0.50 sec =  208.8726 Mbps     0 retrans     27 KB-cwnd
[2024-05-29 11:32:15.510948]    14.2500 MB /   0.50 sec =  239.0524 Mbps     0 retrans     27 KB-cwnd
[2024-05-29 11:32:16.010895]    14.6875 MB /   0.50 sec =  246.4341 Mbps     0 retrans     27 KB-cwnd
[2024-05-29 11:32:16.510828]    12.8125 MB /   0.50 sec =  214.9619 Mbps     0 retrans     27 KB-cwnd
[2024-05-29 11:32:17.011458]    13.7500 MB /   0.50 sec =  230.6816 Mbps     0 retrans     30 KB-cwnd
[2024-05-29 11:32:17.510895]    14.6875 MB /   0.50 sec =  246.4129 Mbps     0 retrans     30 KB-cwnd
[2024-05-29 11:32:18.012090]    13.8750 MB /   0.50 sec =  232.4287 Mbps     0 retrans     38 KB-cwnd
[2024-05-29 11:32:18.511248]    14.6250 MB /   0.50 sec =  245.7506 Mbps     0 retrans     41 KB-cwnd
[2024-05-29 11:32:19.012272]    15.8750 MB /   0.50 sec =  266.0818 Mbps     0 retrans     46 KB-cwnd
[2024-05-29 11:32:19.510725]    16.5000 MB /   0.50 sec =  277.1117 Mbps     0 retrans     46 KB-cwnd
[2024-05-29 11:32:20.011468]    18.3750 MB /   0.50 sec =  308.2444 Mbps     0 retrans     55 KB-cwnd
[2024-05-29 11:32:20.510720]    18.5625 MB /   0.50 sec =  311.4719 Mbps     0 retrans     55 KB-cwnd
[2024-05-29 11:32:21.012806]    15.4375 MB /   0.50 sec =  258.3014 Mbps    93 retrans   2502 KB-cwnd
[2024-05-29 11:32:21.511040]    13.5000 MB /   0.50 sec =  226.9736 Mbps     0 retrans   2502 KB-cwnd
[2024-05-29 11:32:22.010763]    17.5625 MB /   0.50 sec =  294.8155 Mbps     0 retrans   2502 KB-cwnd
[2024-05-29 11:32:22.510961]    17.5625 MB /   0.50 sec =  294.5786 Mbps     0 retrans   2502 KB-cwnd
[2024-05-29 11:32:23.010931]    15.6875 MB /   0.50 sec =  263.2157 Mbps     0 retrans   2502 KB-cwnd
[2024-05-29 11:32:23.510902]    17.3750 MB /   0.50 sec =  291.5065 Mbps     0 retrans   2502 KB-cwnd
[2024-05-29 11:32:24.011869]    17.7500 MB /   0.50 sec =  297.8051 Mbps     0 retrans   2502 KB-cwnd
[2024-05-29 11:32:24.510910]    17.1250 MB /   0.50 sec =  287.2909 Mbps     0 retrans   2762 KB-cwnd
[2024-05-29 11:32:25.010924]    16.4375 MB /   0.50 sec =  275.8020 Mbps     0 retrans   2762 KB-cwnd
[2024-05-29 11:32:25.511554]     2.9375 MB /   0.50 sec =   49.2802 Mbps  1623 retrans   3242 KB-cwnd
[2024-05-29 11:32:26.011153]    12.7500 MB /   0.50 sec =  213.8197 Mbps     0 retrans   3423 KB-cwnd
[2024-05-29 11:32:26.511291]    16.7500 MB /   0.50 sec =  281.1561 Mbps     0 retrans   3470 KB-cwnd
[2024-05-29 11:32:27.011251]    18.0625 MB /   0.50 sec =  302.9664 Mbps     0 retrans   3470 KB-cwnd
[2024-05-29 11:32:27.510890]    11.4375 MB /   0.50 sec =  191.8986 Mbps     0 retrans   3470 KB-cwnd
[2024-05-29 11:32:28.011859]    12.5625 MB /   0.50 sec =  210.7870 Mbps     0 retrans   3470 KB-cwnd
[2024-05-29 11:32:28.511641]    13.0000 MB /   0.50 sec =  217.9508 Mbps     0 retrans   3470 KB-cwnd
[2024-05-29 11:32:29.011933]    16.1250 MB /   0.50 sec =  270.4769 Mbps     0 retrans   3470 KB-cwnd
[2024-05-29 11:32:29.510894]     8.8750 MB /   0.50 sec =  149.0385 Mbps     0 retrans   3470 KB-cwnd
[2024-05-29 11:32:30.010987]    10.5625 MB /   0.50 sec =  177.1835 Mbps     0 retrans   3470 KB-cwnd
[2024-05-29 11:32:30.513246]    14.6875 MB /   0.50 sec =  245.5662 Mbps     0 retrans   3470 KB-cwnd
[2024-05-29 11:32:31.010807]    15.5625 MB /   0.50 sec =  262.0614 Mbps   101 retrans   3874 KB-cwnd
[2024-05-29 11:32:31.510987]    17.3750 MB /   0.50 sec =  291.4371 Mbps     0 retrans   3874 KB-cwnd
[2024-05-29 11:32:32.010885]    16.1250 MB /   0.50 sec =  270.5802 Mbps     0 retrans   3905 KB-cwnd
[2024-05-29 11:32:32.510920]    16.7500 MB /   0.50 sec =  281.0217 Mbps     0 retrans   3905 KB-cwnd
[2024-05-29 11:32:33.011865]    17.0000 MB /   0.50 sec =  285.2030 Mbps     0 retrans   3905 KB-cwnd
[2024-05-29 11:32:33.511297]    15.0000 MB /   0.50 sec =  251.6482 Mbps     0 retrans   3905 KB-cwnd
[2024-05-29 11:32:34.011801]     9.8750 MB /   0.50 sec =  165.6806 Mbps     0 retrans   3905 KB-cwnd
[2024-05-29 11:32:34.513170]    13.2500 MB /   0.50 sec =  221.5466 Mbps     0 retrans   3905 KB-cwnd
[2024-05-29 11:32:35.010774]    13.5625 MB /   0.50 sec =  228.3379 Mbps     0 retrans   3905 KB-cwnd
[2024-05-29 11:32:35.511903]    15.5000 MB /   0.50 sec =  259.7404 Mbps  1355 retrans   3635 KB-cwnd
[2024-05-29 11:32:36.010792]    10.0000 MB /   0.50 sec =  167.9680 Mbps     0 retrans   3635 KB-cwnd
[2024-05-29 11:32:36.512107]    11.4375 MB /   0.50 sec =  191.4292 Mbps     0 retrans   3635 KB-cwnd
[2024-05-29 11:32:37.012102]     0.0000 MB /   0.50 sec =    0.0000 Mbps     0 retrans   3635 KB-cwnd
[2024-05-29 11:32:37.510830]     0.2500 MB /   0.50 sec =    4.2042 Mbps     0 retrans   3635 KB-cwnd
[2024-05-29 11:32:38.010796]    13.1250 MB /   0.50 sec =  220.2102 Mbps     0 retrans   3635 KB-cwnd
[2024-05-29 11:32:38.513079]    16.8750 MB /   0.50 sec =  282.1697 Mbps     0 retrans   3635 KB-cwnd
[2024-05-29 11:32:39.011266]    13.8125 MB /   0.50 sec =  232.4736 Mbps     0 retrans   3635 KB-cwnd
[2024-05-29 11:32:39.510929]    11.0000 MB /   0.50 sec =  184.5523 Mbps     0 retrans   3660 KB-cwnd
[2024-05-29 11:32:40.011532]     9.0625 MB /   0.50 sec =  151.9381 Mbps     0 retrans   3660 KB-cwnd
[2024-05-29 11:32:40.511214]    11.1875 MB /   0.50 sec =  187.8367 Mbps     0 retrans   3764 KB-cwnd
[2024-05-29 11:32:41.012034]    11.4375 MB /   0.50 sec =  191.6878 Mbps     0 retrans   3764 KB-cwnd
[2024-05-29 11:32:41.511257]    12.0625 MB /   0.50 sec =  202.4323 Mbps     0 retrans   3764 KB-cwnd
[2024-05-29 11:32:42.010902]    12.8750 MB /   0.50 sec =  216.1800 Mbps     0 retrans   3764 KB-cwnd
[2024-05-29 11:32:42.511838]     3.0625 MB /   0.50 sec =   51.3295 Mbps     0 retrans   3764 KB-cwnd
[2024-05-29 11:32:43.011367]    13.6250 MB /   0.50 sec =  228.8289 Mbps    16 retrans   3709 KB-cwnd
[2024-05-29 11:32:43.511124]    15.6875 MB /   0.50 sec =  263.1889 Mbps     0 retrans   3709 KB-cwnd
[2024-05-29 11:32:44.011305]    18.6250 MB /   0.50 sec =  312.4663 Mbps     0 retrans   3709 KB-cwnd
[2024-05-29 11:32:44.511390]    18.9375 MB /   0.50 sec =  317.7134 Mbps     0 retrans   3709 KB-cwnd
[2024-05-29 11:32:45.010856]    14.7500 MB /   0.50 sec =  247.4634 Mbps     0 retrans   3709 KB-cwnd
[2024-05-29 11:32:45.510861]    12.7500 MB /   0.50 sec =  213.9185 Mbps     0 retrans   3709 KB-cwnd
[2024-05-29 11:32:46.010905]    11.4375 MB /   0.50 sec =  191.8775 Mbps     0 retrans   3709 KB-cwnd
[2024-05-29 11:32:46.510866]    12.2500 MB /   0.50 sec =  205.5250 Mbps     0 retrans   3709 KB-cwnd
[2024-05-29 11:32:47.011015]    12.0000 MB /   0.50 sec =  201.2936 Mbps     0 retrans   3709 KB-cwnd
[2024-05-29 11:32:47.510940]    14.3750 MB /   0.50 sec =  241.1474 Mbps     0 retrans   3709 KB-cwnd
[2024-05-29 11:32:48.010800]    14.1875 MB /   0.50 sec =  238.0939 Mbps     8 retrans   4086 KB-cwnd
[2024-05-29 11:32:48.511811]    15.1250 MB /   0.50 sec =  253.5019 Mbps     0 retrans   4086 KB-cwnd
[2024-05-29 11:32:49.011138]    13.1250 MB /   0.50 sec =  220.4262 Mbps     0 retrans   4086 KB-cwnd
[2024-05-29 11:32:49.511606]    15.6250 MB /   0.50 sec =  261.9470 Mbps     0 retrans   4086 KB-cwnd
[2024-05-29 11:32:50.010778]    16.0625 MB /   0.50 sec =  269.6944 Mbps     0 retrans   4086 KB-cwnd
[2024-05-29 11:32:50.511496]    16.6250 MB /   0.50 sec =  278.8699 Mbps     0 retrans   4086 KB-cwnd
[2024-05-29 11:32:51.010814]    16.0625 MB /   0.50 sec =  269.5245 Mbps     0 retrans   4086 KB-cwnd
[2024-05-29 11:32:51.510805]    14.6875 MB /   0.50 sec =  246.4154 Mbps     0 retrans   4086 KB-cwnd
[2024-05-29 11:32:52.010957]    14.6250 MB /   0.50 sec =  245.3575 Mbps     0 retrans   4067 KB-cwnd
[2024-05-29 11:32:52.510772]    16.7500 MB /   0.50 sec =  281.0375 Mbps  2143 retrans   3726 KB-cwnd
[2024-05-29 11:32:53.011822]    14.0000 MB /   0.50 sec =  234.6497 Mbps     0 retrans   3701 KB-cwnd
[2024-05-29 11:32:53.510947]    13.6250 MB /   0.50 sec =  228.8019 Mbps     0 retrans   3701 KB-cwnd
[2024-05-29 11:32:54.011981]    13.0000 MB /   0.50 sec =  217.8663 Mbps     0 retrans   3701 KB-cwnd
[2024-05-29 11:32:54.510760]    14.0625 MB /   0.50 sec =  236.2088 Mbps     0 retrans   3701 KB-cwnd
[2024-05-29 11:32:55.010938]    15.1875 MB /   0.50 sec =  254.7607 Mbps     0 retrans   3701 KB-cwnd
[2024-05-29 11:32:55.512796]    13.6875 MB /   0.50 sec =  228.8628 Mbps     0 retrans   3701 KB-cwnd
[2024-05-29 11:32:56.011395]    15.5000 MB /   0.50 sec =  260.7038 Mbps     0 retrans   3701 KB-cwnd
[2024-05-29 11:32:56.510847]    14.6250 MB /   0.50 sec =  245.5962 Mbps     0 retrans   3701 KB-cwnd
[2024-05-29 11:32:57.010819]    15.7500 MB /   0.50 sec =  264.2681 Mbps     0 retrans   3657 KB-cwnd
[2024-05-29 11:32:57.510839]     5.4375 MB /   0.50 sec =   91.2163 Mbps     7 retrans   3907 KB-cwnd
[2024-05-29 11:32:58.010776]     2.9375 MB /   0.50 sec =   49.2877 Mbps     0 retrans   3907 KB-cwnd
[2024-05-29 11:32:58.510868]     6.0000 MB /   0.50 sec =  100.6583 Mbps     0 retrans   3907 KB-cwnd
[2024-05-29 11:32:59.011365]     6.6875 MB /   0.50 sec =  112.1974 Mbps     0 retrans   3907 KB-cwnd
[2024-05-29 11:32:59.511985]     8.5000 MB /   0.50 sec =  142.4488 Mbps     0 retrans   3907 KB-cwnd
[2024-05-29 11:33:00.011331]     8.4375 MB /   0.50 sec =  141.5821 Mbps     0 retrans   3907 KB-cwnd
[2024-05-29 11:33:00.510905]     8.2500 MB /   0.50 sec =  138.5342 Mbps     0 retrans   3907 KB-cwnd
[2024-05-29 11:33:01.011260]     9.1875 MB /   0.50 sec =  154.1549 Mbps     0 retrans   3907 KB-cwnd
[2024-05-29 11:33:01.511003]    10.4375 MB /   0.50 sec =  175.0698 Mbps     0 retrans   3907 KB-cwnd
[2024-05-29 11:33:02.011416]     9.7500 MB /   0.50 sec =  163.6050 Mbps     0 retrans   3907 KB-cwnd
[2024-05-29 11:33:02.511316]    10.8750 MB /   0.50 sec =  182.4475 Mbps     0 retrans   3907 KB-cwnd
[2024-05-29 11:33:03.011764]    10.1250 MB /   0.50 sec =  169.7237 Mbps     0 retrans   3907 KB-cwnd
[2024-05-29 11:33:03.513128]    11.0625 MB /   0.50 sec =  185.1399 Mbps     0 retrans   3907 KB-cwnd
[2024-05-29 11:33:04.010977]    12.5625 MB /   0.50 sec =  211.4395 Mbps     0 retrans   3907 KB-cwnd
[2024-05-29 11:33:04.511832]    10.6875 MB /   0.50 sec =  179.1778 Mbps     0 retrans   3907 KB-cwnd
[2024-05-29 11:33:05.013469]    10.3750 MB /   0.50 sec =  173.6313 Mbps     0 retrans   3907 KB-cwnd
[2024-05-29 11:33:05.511004]    11.1875 MB /   0.50 sec =  188.3052 Mbps     3 retrans   3916 KB-cwnd
[2024-05-29 11:33:06.012878]    12.3750 MB /   0.50 sec =  206.9174 Mbps     0 retrans   3916 KB-cwnd
[2024-05-29 11:33:06.510747]    10.8750 MB /   0.50 sec =  183.1089 Mbps     0 retrans   3916 KB-cwnd
[2024-05-29 11:33:07.011962]     9.8125 MB /   0.50 sec =  164.3569 Mbps     0 retrans   3916 KB-cwnd
[2024-05-29 11:33:07.511337]    10.6250 MB /   0.50 sec =  178.5465 Mbps     0 retrans   3916 KB-cwnd
[2024-05-29 11:33:08.010866]    12.3750 MB /   0.50 sec =  207.6081 Mbps     0 retrans   3916 KB-cwnd
[2024-05-29 11:33:08.511460]     9.4375 MB /   0.50 sec =  158.3372 Mbps     0 retrans   3916 KB-cwnd
[2024-05-29 11:33:09.011718]    10.9375 MB /   0.50 sec =  183.4736 Mbps     0 retrans   3916 KB-cwnd
[2024-05-29 11:33:09.511350]     7.2500 MB /   0.50 sec =  121.5478 Mbps     0 retrans   3916 KB-cwnd
[2024-05-29 11:33:10.010898]     8.7500 MB /   0.50 sec =  146.9182 Mbps     0 retrans   3916 KB-cwnd
[2024-05-29 11:33:10.511978]     8.1875 MB /   0.50 sec =  137.2306 Mbps     0 retrans   3916 KB-cwnd
[2024-05-29 11:33:11.010884]    10.8750 MB /   0.50 sec =  182.6334 Mbps     0 retrans   3855 KB-cwnd
[2024-05-29 11:33:11.510850]    11.6875 MB /   0.50 sec =  196.1037 Mbps     0 retrans   3855 KB-cwnd
[2024-05-29 11:33:12.010750]     9.5000 MB /   0.50 sec =  159.3845 Mbps     0 retrans   3855 KB-cwnd
[2024-05-29 11:33:12.511233]     4.8750 MB /   0.50 sec =   81.7816 Mbps   391 retrans    783 KB-cwnd
[2024-05-29 11:33:13.011413]    13.8125 MB /   0.50 sec =  231.7251 Mbps     0 retrans    786 KB-cwnd
[2024-05-29 11:33:13.511344]    15.8125 MB /   0.50 sec =  265.0618 Mbps     0 retrans    786 KB-cwnd
[2024-05-29 11:33:14.010859]    13.0625 MB /   0.50 sec =  219.3564 Mbps     0 retrans    849 KB-cwnd
[2024-05-29 11:33:14.511382]    18.0000 MB /   0.50 sec =  301.9899 Mbps     0 retrans    871 KB-cwnd
[2024-05-29 11:33:15.010899]    15.9375 MB /   0.50 sec =  267.3703 Mbps     0 retrans    888 KB-cwnd
[2024-05-29 11:33:15.511333]    17.5000 MB /   0.50 sec =  293.6124 Mbps     0 retrans    888 KB-cwnd
[2024-05-29 11:33:16.011279]    13.3750 MB /   0.50 sec =  224.3998 Mbps     0 retrans    888 KB-cwnd
[2024-05-29 11:33:16.511519]    17.5625 MB /   0.50 sec =  294.6381 Mbps     0 retrans    888 KB-cwnd
[2024-05-29 11:33:17.011250]    16.5625 MB /   0.50 sec =  277.8865 Mbps     6 retrans   2926 KB-cwnd
[2024-05-29 11:33:17.510884]    12.5625 MB /   0.50 sec =  210.7524 Mbps     0 retrans   2926 KB-cwnd
[2024-05-29 11:33:18.010783]    17.2500 MB /   0.50 sec =  289.4377 Mbps     0 retrans   2926 KB-cwnd
[2024-05-29 11:33:18.510857]    14.6875 MB /   0.50 sec =  246.4016 Mbps     0 retrans   2926 KB-cwnd
[2024-05-29 11:33:19.010922]    16.5000 MB /   0.50 sec =  276.8130 Mbps     0 retrans   2926 KB-cwnd
[2024-05-29 11:33:19.511296]    15.8125 MB /   0.50 sec =  265.0824 Mbps     0 retrans   2926 KB-cwnd
[2024-05-29 11:33:20.010891]    15.0625 MB /   0.50 sec =  252.9102 Mbps     0 retrans   2926 KB-cwnd
[2024-05-29 11:33:20.511188]    15.5000 MB /   0.50 sec =  260.0635 Mbps     0 retrans   2926 KB-cwnd
[2024-05-29 11:33:21.010765]    17.2500 MB /   0.50 sec =  289.4139 Mbps     0 retrans   2926 KB-cwnd
[2024-05-29 11:33:21.510886]    16.0000 MB /   0.50 sec =  268.4065 Mbps  1022 retrans    844 KB-cwnd
[2024-05-29 11:33:22.011418]    13.0625 MB /   0.50 sec =  219.1432 Mbps     5 retrans    974 KB-cwnd
[2024-05-29 11:33:22.511171]    14.7500 MB /   0.50 sec =  247.4966 Mbps    63 retrans   1035 KB-cwnd
[2024-05-29 11:33:23.011390]    18.3125 MB /   0.50 sec =  306.9326 Mbps    46 retrans   1364 KB-cwnd
[2024-05-29 11:33:23.510872]    16.5625 MB /   0.50 sec =  278.1358 Mbps    46 retrans   1410 KB-cwnd
[2024-05-29 11:33:24.010905]    13.3750 MB /   0.50 sec =  224.3926 Mbps    27 retrans   1410 KB-cwnd
[2024-05-29 11:33:24.510813]    15.0000 MB /   0.50 sec =  251.6754 Mbps    27 retrans   1412 KB-cwnd
[2024-05-29 11:33:25.012251]    16.5625 MB /   0.50 sec =  277.6267 Mbps    33 retrans   1417 KB-cwnd
[2024-05-29 11:33:25.510763]    14.9375 MB /   0.50 sec =  250.8264 Mbps    13 retrans   1417 KB-cwnd
[2024-05-29 11:33:26.013037]    10.2500 MB /   0.50 sec =  171.4022 Mbps    12 retrans   1681 KB-cwnd
[2024-05-29 11:33:26.510907]    15.8125 MB /   0.50 sec =  266.1398 Mbps   218 retrans    323 KB-cwnd
[2024-05-29 11:33:27.011241]    15.0000 MB /   0.50 sec =  251.6738 Mbps     0 retrans    323 KB-cwnd
[2024-05-29 11:33:27.510934]     5.3750 MB /   0.50 sec =   90.1710 Mbps     0 retrans    323 KB-cwnd
[2024-05-29 11:33:28.011406]     2.4375 MB /   0.50 sec =   40.8566 Mbps     0 retrans    323 KB-cwnd
[2024-05-29 11:33:28.512661]     1.6250 MB /   0.50 sec =   27.1972 Mbps     0 retrans    323 KB-cwnd
[2024-05-29 11:33:29.011130]     8.1250 MB /   0.50 sec =  136.7810 Mbps     0 retrans    323 KB-cwnd
[2024-05-29 11:33:29.511247]     6.5000 MB /   0.50 sec =  109.0410 Mbps     0 retrans    323 KB-cwnd
[2024-05-29 11:33:30.010906]    13.4375 MB /   0.50 sec =  225.4605 Mbps     0 retrans    323 KB-cwnd
[2024-05-29 11:33:30.511019]     5.8750 MB /   0.50 sec =   98.5480 Mbps     0 retrans    323 KB-cwnd
[2024-05-29 11:33:31.010919]     5.2500 MB /   0.50 sec =   88.0901 Mbps     0 retrans    323 KB-cwnd
[2024-05-29 11:33:31.511432]     5.7500 MB /   0.50 sec =   96.4717 Mbps     0 retrans    323 KB-cwnd
[2024-05-29 11:33:32.011370]    12.1875 MB /   0.50 sec =  204.4768 Mbps     0 retrans    323 KB-cwnd
[2024-05-29 11:33:32.511349]    12.6250 MB /   0.50 sec =  211.6342 Mbps     0 retrans    323 KB-cwnd
[2024-05-29 11:33:33.010892]    15.6875 MB /   0.50 sec =  263.4239 Mbps     0 retrans    323 KB-cwnd
[2024-05-29 11:33:33.510992]     4.1875 MB /   0.50 sec =   70.2428 Mbps     0 retrans   4562 KB-cwnd
[2024-05-29 11:33:34.011484]     7.1250 MB /   0.50 sec =  119.5640 Mbps     0 retrans   4562 KB-cwnd
[2024-05-29 11:33:34.510826]     6.9375 MB /   0.50 sec =  116.3931 Mbps     0 retrans   4625 KB-cwnd
[2024-05-29 11:33:35.010878]    14.6875 MB /   0.50 sec =  246.4099 Mbps     6 retrans   4532 KB-cwnd
[2024-05-29 11:33:35.511401]     5.5000 MB /   0.50 sec =   92.2621 Mbps     0 retrans   4532 KB-cwnd
[2024-05-29 11:33:36.010879]     6.1250 MB /   0.50 sec =  102.7711 Mbps     0 retrans   4532 KB-cwnd
[2024-05-29 11:33:36.510917]     6.0625 MB /   0.50 sec =  101.7050 Mbps     0 retrans   4532 KB-cwnd
[2024-05-29 11:33:37.010800]    13.1875 MB /   0.50 sec =  221.2761 Mbps     0 retrans   4532 KB-cwnd
[2024-05-29 11:33:37.510889]     2.9375 MB /   0.50 sec =   49.2800 Mbps     0 retrans   4532 KB-cwnd
[2024-05-29 11:33:38.010859]     3.0625 MB /   0.50 sec =   51.3802 Mbps     0 retrans   4532 KB-cwnd
[2024-05-29 11:33:38.510865]    12.2500 MB /   0.50 sec =  205.5267 Mbps     0 retrans   4532 KB-cwnd
[2024-05-29 11:33:39.010801]    11.3750 MB /   0.50 sec =  190.8469 Mbps     0 retrans   4532 KB-cwnd
[2024-05-29 11:33:39.510892]    11.4375 MB /   0.50 sec =  191.8810 Mbps     0 retrans   4532 KB-cwnd
[2024-05-29 11:33:40.010811]    12.6875 MB /   0.50 sec =  212.8707 Mbps     0 retrans   4532 KB-cwnd
[2024-05-29 11:33:40.511075]     8.2500 MB /   0.50 sec =  138.3714 Mbps     0 retrans   4532 KB-cwnd
[2024-05-29 11:33:41.012422]     4.5625 MB /   0.50 sec =   76.4018 Mbps     0 retrans   4532 KB-cwnd
[2024-05-29 11:33:41.510924]     4.1250 MB /   0.50 sec =   69.3482 Mbps     0 retrans   4565 KB-cwnd
[2024-05-29 11:33:42.011692]     5.9375 MB /   0.50 sec =   99.6267 Mbps     0 retrans   4565 KB-cwnd
[2024-05-29 11:33:42.510857]     4.3125 MB /   0.50 sec =   72.3499 Mbps     0 retrans   4565 KB-cwnd
[2024-05-29 11:33:43.010760]     4.3125 MB /   0.50 sec =   72.3515 Mbps     0 retrans   4565 KB-cwnd
[2024-05-29 11:33:43.511697]     2.9375 MB /   0.50 sec =   49.2787 Mbps     0 retrans   4565 KB-cwnd
[2024-05-29 11:33:44.011852]     2.5000 MB /   0.50 sec =   41.9049 Mbps     0 retrans   4565 KB-cwnd
[2024-05-29 11:33:44.510859]     4.5000 MB /   0.50 sec =   75.5696 Mbps     0 retrans   4565 KB-cwnd
[2024-05-29 11:33:45.011740]     5.8125 MB /   0.50 sec =   97.4581 Mbps    11 retrans   3731 KB-cwnd
[2024-05-29 11:33:45.511361]     4.9375 MB /   0.50 sec =   82.8925 Mbps     0 retrans   3731 KB-cwnd
[2024-05-29 11:33:46.010865]     6.4375 MB /   0.50 sec =  108.0016 Mbps     0 retrans   3731 KB-cwnd
[2024-05-29 11:33:46.510872]     8.9375 MB /   0.50 sec =  149.9323 Mbps     0 retrans   3731 KB-cwnd
[2024-05-29 11:33:47.010984]    10.7500 MB /   0.50 sec =  180.3443 Mbps     0 retrans   3731 KB-cwnd
[2024-05-29 11:33:47.511118]    12.5625 MB /   0.50 sec =  210.8013 Mbps     0 retrans   3731 KB-cwnd
[2024-05-29 11:33:48.011233]    12.5625 MB /   0.50 sec =  210.5848 Mbps     0 retrans   3731 KB-cwnd
[2024-05-29 11:33:48.511226]    13.4375 MB /   0.50 sec =  225.6275 Mbps     0 retrans   3731 KB-cwnd
[2024-05-29 11:33:49.010950]    12.5000 MB /   0.50 sec =  209.6997 Mbps     0 retrans   3665 KB-cwnd
[2024-05-29 11:33:49.510941]    10.0000 MB /   0.50 sec =  167.7638 Mbps     0 retrans   3665 KB-cwnd
[2024-05-29 11:33:50.010858]    12.6250 MB /   0.50 sec =  211.8395 Mbps     0 retrans   3665 KB-cwnd
[2024-05-29 11:33:50.511422]    11.8125 MB /   0.50 sec =  198.1710 Mbps     0 retrans   3665 KB-cwnd
[2024-05-29 11:33:51.011363]    15.2500 MB /   0.50 sec =  255.6399 Mbps     0 retrans   3665 KB-cwnd
[2024-05-29 11:33:51.510862]     9.9375 MB /   0.50 sec =  166.8678 Mbps  4577 retrans   3063 KB-cwnd
[2024-05-29 11:33:52.010839]     9.1875 MB /   0.50 sec =  154.1382 Mbps     0 retrans   3063 KB-cwnd
[2024-05-29 11:33:52.511225]    14.5000 MB /   0.50 sec =  243.0917 Mbps     0 retrans   3135 KB-cwnd
[2024-05-29 11:33:53.011181]    14.3125 MB /   0.50 sec =  240.2873 Mbps     0 retrans   3143 KB-cwnd
[2024-05-29 11:33:53.511456]    17.1250 MB /   0.50 sec =  287.0475 Mbps     0 retrans   3143 KB-cwnd
[2024-05-29 11:33:54.010917]     7.1250 MB /   0.50 sec =  119.6523 Mbps     0 retrans   3143 KB-cwnd
[2024-05-29 11:33:54.511145]     8.8750 MB /   0.50 sec =  148.8258 Mbps     0 retrans   3143 KB-cwnd
[2024-05-29 11:33:55.011717]     5.5000 MB /   0.50 sec =   92.2516 Mbps     0 retrans   3143 KB-cwnd
[2024-05-29 11:33:55.511236]    12.2500 MB /   0.50 sec =  205.5008 Mbps     0 retrans   3143 KB-cwnd
[2024-05-29 11:33:56.010965]    10.6250 MB /   0.50 sec =  178.3860 Mbps     0 retrans   3143 KB-cwnd
[2024-05-29 11:33:56.510885]    12.4375 MB /   0.50 sec =  208.6925 Mbps     0 retrans   3143 KB-cwnd
[2024-05-29 11:33:57.010761]    13.8750 MB /   0.50 sec =  232.8146 Mbps     0 retrans   3143 KB-cwnd
[2024-05-29 11:33:57.510908]     7.3750 MB /   0.50 sec =  123.7102 Mbps     0 retrans   3143 KB-cwnd
[2024-05-29 11:33:58.011017]     7.1250 MB /   0.50 sec =  119.5214 Mbps     0 retrans   3143 KB-cwnd
[2024-05-29 11:33:58.510856]    10.2500 MB /   0.50 sec =  172.0040 Mbps  5830 retrans   1278 KB-cwnd
[2024-05-29 11:33:59.010869]     4.1250 MB /   0.50 sec =   69.2053 Mbps     0 retrans   1278 KB-cwnd
[2024-05-29 11:33:59.510911]    10.6875 MB /   0.50 sec =  179.2993 Mbps     0 retrans   1306 KB-cwnd
[2024-05-29 11:34:00.010770]    12.2500 MB /   0.50 sec =  205.5406 Mbps     0 retrans   1306 KB-cwnd
[2024-05-29 11:34:00.511920]    11.8750 MB /   0.50 sec =  199.0213 Mbps     0 retrans   1306 KB-cwnd
[2024-05-29 11:34:01.011675]     7.7500 MB /   0.50 sec =  130.0497 Mbps     0 retrans   1306 KB-cwnd
[2024-05-29 11:34:01.511288]    12.1250 MB /   0.50 sec =  203.5793 Mbps     0 retrans   1306 KB-cwnd
[2024-05-29 11:34:02.010913]    10.8125 MB /   0.50 sec =  181.4004 Mbps     0 retrans   1306 KB-cwnd
[2024-05-29 11:34:02.511144]    11.3750 MB /   0.50 sec =  190.8508 Mbps     0 retrans   1306 KB-cwnd
[2024-05-29 11:34:03.011713]     7.1250 MB /   0.50 sec =  119.4395 Mbps     0 retrans   1306 KB-cwnd
[2024-05-29 11:34:03.511098]    11.5625 MB /   0.50 sec =  194.0595 Mbps     0 retrans   1306 KB-cwnd
[2024-05-29 11:34:04.011082]    11.5625 MB /   0.50 sec =  194.0223 Mbps     0 retrans   1306 KB-cwnd
[2024-05-29 11:34:04.511403]    12.8125 MB /   0.50 sec =  214.7858 Mbps     0 retrans   1339 KB-cwnd
[2024-05-29 11:34:05.010782]    11.5625 MB /   0.50 sec =  194.2002 Mbps    57 retrans   3368 KB-cwnd
[2024-05-29 11:34:05.511270]    12.6875 MB /   0.50 sec =  212.6848 Mbps     0 retrans   3368 KB-cwnd
[2024-05-29 11:34:06.010838]    13.5625 MB /   0.50 sec =  227.7159 Mbps     0 retrans   3368 KB-cwnd
[2024-05-29 11:34:06.511811]    14.2500 MB /   0.50 sec =  238.8403 Mbps     0 retrans   3368 KB-cwnd
[2024-05-29 11:34:07.010889]     6.6875 MB /   0.50 sec =  112.3043 Mbps     0 retrans   3368 KB-cwnd
[2024-05-29 11:34:07.510892]     8.6250 MB /   0.50 sec =  144.7052 Mbps     0 retrans   3368 KB-cwnd
[2024-05-29 11:34:08.010899]    10.3125 MB /   0.50 sec =  173.0143 Mbps     0 retrans   3368 KB-cwnd
[2024-05-29 11:34:08.510846]    13.8125 MB /   0.50 sec =  231.7501 Mbps     0 retrans   3368 KB-cwnd
[2024-05-29 11:34:09.010822]    13.0625 MB /   0.50 sec =  219.1664 Mbps     0 retrans   3368 KB-cwnd
[2024-05-29 11:34:09.510925]    10.4375 MB /   0.50 sec =  175.0838 Mbps     0 retrans   3368 KB-cwnd
[2024-05-29 11:34:10.011850]     6.1875 MB /   0.50 sec =  103.7223 Mbps     0 retrans   3368 KB-cwnd
[2024-05-29 11:34:10.510932]    11.4375 MB /   0.50 sec =  192.0527 Mbps     0 retrans   3368 KB-cwnd
[2024-05-29 11:34:11.011212]     8.4375 MB /   0.50 sec =  141.5728 Mbps     0 retrans   3368 KB-cwnd
[2024-05-29 11:34:11.511340]    13.4375 MB /   0.50 sec =  225.2236 Mbps  1616 retrans   2180 KB-cwnd
[2024-05-29 11:34:12.010868]    13.1875 MB /   0.50 sec =  221.4595 Mbps     0 retrans   2180 KB-cwnd
[2024-05-29 11:34:12.513179]     3.1250 MB /   0.50 sec =   52.2432 Mbps     0 retrans   2180 KB-cwnd
[2024-05-29 11:34:13.011379]     2.0000 MB /   0.50 sec =   33.6385 Mbps     0 retrans   2180 KB-cwnd
[2024-05-29 11:34:13.510856]     1.1250 MB /   0.50 sec =   18.8946 Mbps     0 retrans   2180 KB-cwnd
[2024-05-29 11:34:14.010845]     3.2500 MB /   0.50 sec =   54.5273 Mbps     0 retrans   2180 KB-cwnd
[2024-05-29 11:34:14.510863]     3.5625 MB /   0.50 sec =   59.7646 Mbps     0 retrans   2180 KB-cwnd
[2024-05-29 11:34:15.010802]     6.0000 MB /   0.50 sec =  100.6685 Mbps     0 retrans   2180 KB-cwnd
[2024-05-29 11:34:15.510880]     7.0000 MB /   0.50 sec =  117.4339 Mbps     0 retrans   2180 KB-cwnd
[2024-05-29 11:34:16.011901]     7.0000 MB /   0.50 sec =  117.3321 Mbps     0 retrans   2180 KB-cwnd
[2024-05-29 11:34:16.510868]     7.8750 MB /   0.50 sec =  132.2362 Mbps     0 retrans   2046 KB-cwnd
[2024-05-29 11:34:17.011312]     7.2500 MB /   0.50 sec =  121.6438 Mbps     0 retrans   2046 KB-cwnd
[2024-05-29 11:34:17.511441]     8.3750 MB /   0.50 sec =  140.5075 Mbps     0 retrans   2046 KB-cwnd
[2024-05-29 11:34:18.010870]     8.3125 MB /   0.50 sec =  139.4690 Mbps     0 retrans   2046 KB-cwnd
[2024-05-29 11:34:18.510922]     7.6875 MB /   0.50 sec =  128.9516 Mbps     0 retrans   2046 KB-cwnd
[2024-05-29 11:34:19.011878]     6.2500 MB /   0.50 sec =  104.7775 Mbps     0 retrans   2046 KB-cwnd
End time: 1716996859211
