Start time: 1716919908644
[2024-05-28 14:11:49.642537] nuttcp-r: v8.1.4: socket
[2024-05-28 14:11:49.642983] nuttcp-r: buflen=65536, nstream=1, port=5002 tcp
[2024-05-28 14:11:49.643015] nuttcp-r: interval reporting every 0.50 seconds
[2024-05-28 14:11:49.643040] nuttcp-r: connect to 35.245.244.238 with RTT=86.008 ms af=inet
[2024-05-28 14:11:49.643064] nuttcp-r: send window size = 2097152, receive window size = 6291456
[2024-05-28 14:11:49.643088] nuttcp-r: available send window = 1572864, available receive window = 4718592
[2024-05-28 14:11:49.643110]     0.1875 MB /   0.50 sec =    3.1457 Mbps     0 retrans     13 KB-cwnd
[2024-05-28 14:11:50.142349]     2.2500 MB /   0.50 sec =   37.7462 Mbps     0 retrans     13 KB-cwnd
[2024-05-28 14:11:50.643734]     1.3750 MB /   0.50 sec =   23.0229 Mbps     0 retrans     13 KB-cwnd
[2024-05-28 14:11:51.142848]     2.1875 MB /   0.50 sec =   36.7635 Mbps     0 retrans     13 KB-cwnd
[2024-05-28 14:11:51.643673]     3.3750 MB /   0.50 sec =   56.5314 Mbps     0 retrans     13 KB-cwnd
[2024-05-28 14:11:52.142497]     3.1250 MB /   0.50 sec =   52.5299 Mbps     0 retrans     13 KB-cwnd
[2024-05-28 14:11:52.642330]     0.4375 MB /   0.50 sec =    7.3396 Mbps     0 retrans     13 KB-cwnd
[2024-05-28 14:11:53.142461]     1.5000 MB /   0.50 sec =   25.1647 Mbps     0 retrans     13 KB-cwnd
[2024-05-28 14:11:53.643454]     1.0625 MB /   0.50 sec =   17.7924 Mbps     0 retrans     13 KB-cwnd
[2024-05-28 14:11:54.142453]     1.8750 MB /   0.50 sec =   31.5211 Mbps     0 retrans     13 KB-cwnd
[2024-05-28 14:11:54.642584]     0.6250 MB /   0.50 sec =   10.4818 Mbps     0 retrans     13 KB-cwnd
[2024-05-28 14:11:55.142671]     0.1875 MB /   0.50 sec =    3.1458 Mbps     0 retrans     13 KB-cwnd
[2024-05-28 14:11:55.643436]     1.3125 MB /   0.50 sec =   21.9885 Mbps     0 retrans     13 KB-cwnd
[2024-05-28 14:11:56.142882]     1.0625 MB /   0.50 sec =   17.8511 Mbps     0 retrans     13 KB-cwnd
[2024-05-28 14:11:56.642403]     0.1875 MB /   0.50 sec =    3.1463 Mbps     0 retrans     13 KB-cwnd
[2024-05-28 14:11:57.142737]     2.0625 MB /   0.50 sec =   34.5912 Mbps     0 retrans     13 KB-cwnd
[2024-05-28 14:11:57.643643]     0.0000 MB /   0.50 sec =    0.0000 Mbps     0 retrans     13 KB-cwnd
[2024-05-28 14:11:58.142606]     0.0000 MB /   0.50 sec =    0.0000 Mbps     0 retrans     13 KB-cwnd
[2024-05-28 14:11:58.643322]     0.0000 MB /   0.50 sec =    0.0000 Mbps     0 retrans     13 KB-cwnd
[2024-05-28 14:11:59.143724]     0.0000 MB /   0.50 sec =    0.0000 Mbps     0 retrans     13 KB-cwnd
[2024-05-28 14:11:59.642575]     0.1875 MB /   0.50 sec =    3.1531 Mbps     0 retrans     13 KB-cwnd
[2024-05-28 14:12:00.142355]     2.5625 MB /   0.50 sec =   42.9988 Mbps     0 retrans     13 KB-cwnd
[2024-05-28 14:12:00.642356]     3.4375 MB /   0.50 sec =   57.6713 Mbps     0 retrans     13 KB-cwnd
[2024-05-28 14:12:01.142340]     3.8750 MB /   0.50 sec =   65.0115 Mbps     0 retrans     13 KB-cwnd
[2024-05-28 14:12:01.642347]     4.1250 MB /   0.50 sec =   69.2071 Mbps     0 retrans     13 KB-cwnd
[2024-05-28 14:12:02.142362]     4.5625 MB /   0.50 sec =   76.5450 Mbps     0 retrans     13 KB-cwnd
[2024-05-28 14:12:02.642381]     4.9375 MB /   0.50 sec =   82.8332 Mbps     0 retrans     13 KB-cwnd
[2024-05-28 14:12:03.142372]     5.3125 MB /   0.50 sec =   89.1323 Mbps     0 retrans     13 KB-cwnd
[2024-05-28 14:12:03.642349]     5.0000 MB /   0.50 sec =   83.8881 Mbps     0 retrans     13 KB-cwnd
[2024-05-28 14:12:04.142534]     3.9375 MB /   0.50 sec =   66.0401 Mbps     0 retrans     13 KB-cwnd
[2024-05-28 14:12:04.642529]     3.9375 MB /   0.50 sec =   66.0608 Mbps     0 retrans     13 KB-cwnd
[2024-05-28 14:12:05.142623]     5.7500 MB /   0.50 sec =   96.4910 Mbps     0 retrans     13 KB-cwnd
[2024-05-28 14:12:05.642556]     3.6250 MB /   0.50 sec =   60.8017 Mbps     0 retrans     13 KB-cwnd
[2024-05-28 14:12:06.142352]     6.0625 MB /   0.50 sec =  101.7446 Mbps     0 retrans     13 KB-cwnd
[2024-05-28 14:12:06.643309]     2.8125 MB /   0.50 sec =   47.0974 Mbps     0 retrans     13 KB-cwnd
[2024-05-28 14:12:07.142803]     4.6875 MB /   0.50 sec =   78.7251 Mbps     0 retrans     13 KB-cwnd
[2024-05-28 14:12:07.643312]     2.6250 MB /   0.50 sec =   43.9956 Mbps     0 retrans     13 KB-cwnd
[2024-05-28 14:12:08.142504]     4.9375 MB /   0.50 sec =   82.9731 Mbps     0 retrans     13 KB-cwnd
[2024-05-28 14:12:08.642357]     5.6250 MB /   0.50 sec =   94.3917 Mbps     0 retrans     13 KB-cwnd
[2024-05-28 14:12:09.142518]     4.3125 MB /   0.50 sec =   72.3322 Mbps     0 retrans     13 KB-cwnd
[2024-05-28 14:12:09.642393]     5.0000 MB /   0.50 sec =   83.9017 Mbps     0 retrans     13 KB-cwnd
[2024-05-28 14:12:10.142379]     1.8750 MB /   0.50 sec =   31.4592 Mbps     0 retrans     13 KB-cwnd
[2024-05-28 14:12:10.642396]     4.5625 MB /   0.50 sec =   76.5416 Mbps     0 retrans     13 KB-cwnd
[2024-05-28 14:12:11.142488]     4.9375 MB /   0.50 sec =   82.8256 Mbps     0 retrans     13 KB-cwnd
[2024-05-28 14:12:11.642510]     2.4375 MB /   0.50 sec =   40.8932 Mbps     0 retrans     13 KB-cwnd
[2024-05-28 14:12:12.142622]     1.5000 MB /   0.50 sec =   25.1631 Mbps     0 retrans     13 KB-cwnd
[2024-05-28 14:12:12.642472]     5.3125 MB /   0.50 sec =   89.1595 Mbps     0 retrans     13 KB-cwnd
[2024-05-28 14:12:13.142343]     4.1250 MB /   0.50 sec =   69.2089 Mbps     0 retrans     13 KB-cwnd
[2024-05-28 14:12:13.642350]     3.6250 MB /   0.50 sec =   60.8168 Mbps     0 retrans     13 KB-cwnd
[2024-05-28 14:12:14.143324]     3.6250 MB /   0.50 sec =   60.7030 Mbps     0 retrans     13 KB-cwnd
[2024-05-28 14:12:14.642464]     2.9375 MB /   0.50 sec =   49.3791 Mbps     0 retrans     13 KB-cwnd
[2024-05-28 14:12:15.142422]     3.5000 MB /   0.50 sec =   58.7118 Mbps     0 retrans     13 KB-cwnd
[2024-05-28 14:12:15.642696]     3.4375 MB /   0.50 sec =   57.6394 Mbps     0 retrans     13 KB-cwnd
[2024-05-28 14:12:16.142386]     3.3750 MB /   0.50 sec =   56.6586 Mbps     0 retrans     13 KB-cwnd
[2024-05-28 14:12:16.642392]     2.1875 MB /   0.50 sec =   36.7000 Mbps     0 retrans     13 KB-cwnd
[2024-05-28 14:12:17.143801]     1.3750 MB /   0.50 sec =   23.0147 Mbps     0 retrans     13 KB-cwnd
[2024-05-28 14:12:17.642814]     0.0000 MB /   0.50 sec =    0.0000 Mbps     0 retrans     13 KB-cwnd
[2024-05-28 14:12:18.142801]     2.9375 MB /   0.50 sec =   49.2975 Mbps     0 retrans     13 KB-cwnd
[2024-05-28 14:12:18.642773]     1.5625 MB /   0.50 sec =   26.1982 Mbps     0 retrans     13 KB-cwnd
[2024-05-28 14:12:19.143696]     1.6250 MB /   0.50 sec =   27.2149 Mbps     0 retrans     13 KB-cwnd
[2024-05-28 14:12:19.643302]     2.0625 MB /   0.50 sec =   34.6259 Mbps     0 retrans     13 KB-cwnd
[2024-05-28 14:12:20.142668]     1.4375 MB /   0.50 sec =   24.1548 Mbps     0 retrans     13 KB-cwnd
[2024-05-28 14:12:20.643969]     0.0625 MB /   0.50 sec =    1.0460 Mbps     0 retrans     13 KB-cwnd
[2024-05-28 14:12:21.142554]     0.7500 MB /   0.50 sec =   12.6176 Mbps     0 retrans     13 KB-cwnd
[2024-05-28 14:12:21.643771]     0.3750 MB /   0.50 sec =    6.2743 Mbps     0 retrans     13 KB-cwnd
[2024-05-28 14:12:22.143580]     0.0000 MB /   0.50 sec =    0.0000 Mbps     0 retrans     13 KB-cwnd
[2024-05-28 14:12:22.642635]     1.1875 MB /   0.50 sec =   19.9564 Mbps     0 retrans     13 KB-cwnd
[2024-05-28 14:12:23.143603]     0.0000 MB /   0.50 sec =    0.0000 Mbps     0 retrans     13 KB-cwnd
[2024-05-28 14:12:23.642613]     0.0000 MB /   0.50 sec =    0.0000 Mbps     0 retrans     13 KB-cwnd
[2024-05-28 14:12:24.142547]     0.0000 MB /   0.50 sec =    0.0000 Mbps     0 retrans     13 KB-cwnd
[2024-05-28 14:12:24.642652]     0.0000 MB /   0.50 sec =    0.0000 Mbps     0 retrans     13 KB-cwnd
[2024-05-28 14:12:25.143556]     1.1250 MB /   0.50 sec =   18.8412 Mbps     0 retrans     13 KB-cwnd
[2024-05-28 14:12:25.642460]     0.0000 MB /   0.50 sec =    0.0000 Mbps     0 retrans     13 KB-cwnd
[2024-05-28 14:12:26.142812]     0.0000 MB /   0.50 sec =    0.0000 Mbps     0 retrans     13 KB-cwnd
[2024-05-28 14:12:26.643903]     0.0000 MB /   0.50 sec =    0.0000 Mbps     0 retrans     13 KB-cwnd
[2024-05-28 14:12:27.142587]     0.0000 MB /   0.50 sec =    0.0000 Mbps     0 retrans     13 KB-cwnd
[2024-05-28 14:12:27.642685]     0.0000 MB /   0.50 sec =    0.0000 Mbps     0 retrans     13 KB-cwnd
[2024-05-28 14:12:28.143693]     0.0000 MB /   0.50 sec =    0.0000 Mbps     0 retrans     13 KB-cwnd
[2024-05-28 14:12:28.643523]     0.0000 MB /   0.50 sec =    0.0000 Mbps     0 retrans     13 KB-cwnd
[2024-05-28 14:12:29.143836]     0.0000 MB /   0.50 sec =    0.0000 Mbps     0 retrans     13 KB-cwnd
[2024-05-28 14:12:29.642532]     0.0000 MB /   0.50 sec =    0.0000 Mbps     0 retrans     13 KB-cwnd
[2024-05-28 14:12:30.142780]     0.6250 MB /   0.50 sec =   10.4802 Mbps     0 retrans     13 KB-cwnd
[2024-05-28 14:12:30.642498]     0.2500 MB /   0.50 sec =    4.1968 Mbps     0 retrans     13 KB-cwnd
[2024-05-28 14:12:31.142327]     0.0625 MB /   0.50 sec =    1.0487 Mbps     0 retrans     13 KB-cwnd
[2024-05-28 14:12:31.644147]     0.0000 MB /   0.50 sec =    0.0000 Mbps     0 retrans     13 KB-cwnd
[2024-05-28 14:12:32.142928]     0.0000 MB /   0.50 sec =    0.0000 Mbps     0 retrans     13 KB-cwnd
[2024-05-28 14:12:32.642445]     0.0000 MB /   0.50 sec =    0.0000 Mbps     0 retrans     13 KB-cwnd
[2024-05-28 14:12:33.142365]     0.3125 MB /   0.50 sec =    5.2429 Mbps     0 retrans     13 KB-cwnd
[2024-05-28 14:12:33.643554]     0.1250 MB /   0.50 sec =    2.0928 Mbps     0 retrans     13 KB-cwnd
[2024-05-28 14:12:34.142416]     0.4375 MB /   0.50 sec =    7.3545 Mbps     0 retrans     13 KB-cwnd
[2024-05-28 14:12:34.642507]     0.0625 MB /   0.50 sec =    1.0487 Mbps     0 retrans     13 KB-cwnd
[2024-05-28 14:12:35.142386]     0.1875 MB /   0.50 sec =    3.1458 Mbps     0 retrans     13 KB-cwnd
[2024-05-28 14:12:35.642426]     0.1875 MB /   0.50 sec =    3.1453 Mbps     0 retrans     13 KB-cwnd
[2024-05-28 14:12:36.143572]     0.1875 MB /   0.50 sec =    3.1396 Mbps     0 retrans     13 KB-cwnd
[2024-05-28 14:12:36.642784]     0.0625 MB /   0.50 sec =    1.0506 Mbps     0 retrans     13 KB-cwnd
[2024-05-28 14:12:37.143832]     0.2500 MB /   0.50 sec =    4.1833 Mbps     0 retrans     13 KB-cwnd
[2024-05-28 14:12:37.642393]     0.2500 MB /   0.50 sec =    4.2058 Mbps     0 retrans     13 KB-cwnd
[2024-05-28 14:12:38.142406]     0.2500 MB /   0.50 sec =    4.1943 Mbps     0 retrans     13 KB-cwnd
[2024-05-28 14:12:38.642376]     0.2500 MB /   0.50 sec =    4.1943 Mbps     0 retrans     13 KB-cwnd
[2024-05-28 14:12:39.142391]     0.1875 MB /   0.50 sec =    3.1457 Mbps     0 retrans     13 KB-cwnd
[2024-05-28 14:12:39.643662]     0.1250 MB /   0.50 sec =    2.0929 Mbps     0 retrans     13 KB-cwnd
[2024-05-28 14:12:40.142365]     0.1875 MB /   0.50 sec =    3.1522 Mbps     0 retrans     13 KB-cwnd
[2024-05-28 14:12:40.642550]     0.1875 MB /   0.50 sec =    3.1457 Mbps     0 retrans     13 KB-cwnd
[2024-05-28 14:12:41.142384]     0.1875 MB /   0.50 sec =    3.1457 Mbps     0 retrans     13 KB-cwnd
[2024-05-28 14:12:41.642435]     0.1250 MB /   0.50 sec =    2.0969 Mbps     0 retrans     13 KB-cwnd
[2024-05-28 14:12:42.142538]     0.0625 MB /   0.50 sec =    1.0487 Mbps     0 retrans     13 KB-cwnd
[2024-05-28 14:12:42.643565]     0.1875 MB /   0.50 sec =    3.1395 Mbps     0 retrans     13 KB-cwnd
[2024-05-28 14:12:43.142493]     0.1250 MB /   0.50 sec =    2.1015 Mbps     0 retrans     13 KB-cwnd
[2024-05-28 14:12:43.643826]     0.3125 MB /   0.50 sec =    5.2284 Mbps     0 retrans     13 KB-cwnd
[2024-05-28 14:12:44.142425]     0.2500 MB /   0.50 sec =    4.2054 Mbps     0 retrans     13 KB-cwnd
[2024-05-28 14:12:44.642400]     0.1875 MB /   0.50 sec =    3.1458 Mbps     0 retrans     13 KB-cwnd
[2024-05-28 14:12:45.142416]     0.2500 MB /   0.50 sec =    4.1946 Mbps     0 retrans     13 KB-cwnd
[2024-05-28 14:12:45.642568]     0.1875 MB /   0.50 sec =    3.1458 Mbps     0 retrans     13 KB-cwnd
[2024-05-28 14:12:46.142385]     0.2500 MB /   0.50 sec =    4.1942 Mbps     0 retrans     13 KB-cwnd
[2024-05-28 14:12:46.642442]     0.2500 MB /   0.50 sec =    4.1944 Mbps     0 retrans     13 KB-cwnd
[2024-05-28 14:12:47.142454]     0.2500 MB /   0.50 sec =    4.1940 Mbps     0 retrans     13 KB-cwnd
[2024-05-28 14:12:47.642491]     0.2500 MB /   0.50 sec =    4.1949 Mbps     0 retrans     13 KB-cwnd
[2024-05-28 14:12:48.142388]     0.2500 MB /   0.50 sec =    4.1940 Mbps     0 retrans     13 KB-cwnd
[2024-05-28 14:12:48.644046]     0.1250 MB /   0.50 sec =    2.0905 Mbps     0 retrans     13 KB-cwnd
[2024-05-28 14:12:49.142331]     0.1250 MB /   0.50 sec =    2.1039 Mbps     0 retrans     13 KB-cwnd
[2024-05-28 14:12:49.642396]     0.2500 MB /   0.50 sec =    4.1943 Mbps     0 retrans     13 KB-cwnd
[2024-05-28 14:12:50.142434]     0.1875 MB /   0.50 sec =    3.1455 Mbps     0 retrans     13 KB-cwnd
[2024-05-28 14:12:50.642376]     0.1250 MB /   0.50 sec =    2.0973 Mbps     0 retrans     13 KB-cwnd
[2024-05-28 14:12:51.142456]     0.1875 MB /   0.50 sec =    3.1454 Mbps     0 retrans     13 KB-cwnd
[2024-05-28 14:12:51.642408]     0.1875 MB /   0.50 sec =    3.1460 Mbps     0 retrans     13 KB-cwnd
[2024-05-28 14:12:52.142425]     0.1250 MB /   0.50 sec =    2.0971 Mbps     0 retrans     13 KB-cwnd
[2024-05-28 14:12:52.642370]     0.1875 MB /   0.50 sec =    3.1459 Mbps     0 retrans     13 KB-cwnd
[2024-05-28 14:12:53.142353]     0.1875 MB /   0.50 sec =    3.1457 Mbps     0 retrans     13 KB-cwnd
[2024-05-28 14:12:53.642390]     0.1250 MB /   0.50 sec =    2.0971 Mbps     0 retrans     13 KB-cwnd
[2024-05-28 14:12:54.142392]     0.1250 MB /   0.50 sec =    2.0972 Mbps     0 retrans     13 KB-cwnd
[2024-05-28 14:12:54.642778]     0.0000 MB /   0.50 sec =    0.0000 Mbps     0 retrans     13 KB-cwnd
[2024-05-28 14:12:55.142569]     0.0000 MB /   0.50 sec =    0.0000 Mbps     0 retrans     13 KB-cwnd
[2024-05-28 14:12:55.643646]     0.0000 MB /   0.50 sec =    0.0000 Mbps     0 retrans     13 KB-cwnd
[2024-05-28 14:12:56.143682]     0.0625 MB /   0.50 sec =    1.0489 Mbps     0 retrans     13 KB-cwnd
[2024-05-28 14:12:56.642867]     0.0000 MB /   0.50 sec =    0.0000 Mbps     0 retrans     13 KB-cwnd
[2024-05-28 14:12:57.143625]     0.0000 MB /   0.50 sec =    0.0000 Mbps     0 retrans     13 KB-cwnd
[2024-05-28 14:12:57.643534]     0.1250 MB /   0.50 sec =    2.0977 Mbps     0 retrans     13 KB-cwnd
[2024-05-28 14:12:58.143432]     0.0000 MB /   0.50 sec =    0.0000 Mbps     0 retrans     13 KB-cwnd
[2024-05-28 14:12:58.643086]     0.0000 MB /   0.50 sec =    0.0000 Mbps     0 retrans     13 KB-cwnd
[2024-05-28 14:12:59.143962]     0.0000 MB /   0.50 sec =    0.0000 Mbps     0 retrans     13 KB-cwnd
[2024-05-28 14:12:59.642758]     0.0000 MB /   0.50 sec =    0.0000 Mbps     0 retrans     13 KB-cwnd
[2024-05-28 14:13:00.142347]     0.0000 MB /   0.50 sec =    0.0000 Mbps     0 retrans     13 KB-cwnd
[2024-05-28 14:13:00.642677]     0.0000 MB /   0.50 sec =    0.0000 Mbps     0 retrans     13 KB-cwnd
[2024-05-28 14:13:01.143502]     0.0000 MB /   0.50 sec =    0.0000 Mbps     0 retrans     13 KB-cwnd
[2024-05-28 14:13:01.643710]     0.0000 MB /   0.50 sec =    0.0000 Mbps     0 retrans     13 KB-cwnd
[2024-05-28 14:13:02.143772]     0.0000 MB /   0.50 sec =    0.0000 Mbps     0 retrans     13 KB-cwnd
[2024-05-28 14:13:02.642640]     0.0000 MB /   0.50 sec =    0.0000 Mbps     0 retrans     13 KB-cwnd
[2024-05-28 14:13:03.142413]     0.0000 MB /   0.50 sec =    0.0000 Mbps     0 retrans     13 KB-cwnd
[2024-05-28 14:13:03.642419]     0.1875 MB /   0.50 sec =    3.1457 Mbps     0 retrans     13 KB-cwnd
[2024-05-28 14:13:04.142382]     0.2500 MB /   0.50 sec =    4.1945 Mbps     0 retrans     13 KB-cwnd
[2024-05-28 14:13:04.642476]     0.1250 MB /   0.50 sec =    2.0971 Mbps     0 retrans     13 KB-cwnd
[2024-05-28 14:13:05.142380]     0.1250 MB /   0.50 sec =    2.0972 Mbps     0 retrans     13 KB-cwnd
[2024-05-28 14:13:05.642370]     0.2500 MB /   0.50 sec =    4.1942 Mbps     0 retrans     13 KB-cwnd
[2024-05-28 14:13:06.142403]     0.3750 MB /   0.50 sec =    6.2915 Mbps     0 retrans     13 KB-cwnd
[2024-05-28 14:13:06.642428]     0.4375 MB /   0.50 sec =    7.3393 Mbps     0 retrans     13 KB-cwnd
[2024-05-28 14:13:07.143543]     0.3750 MB /   0.50 sec =    6.2786 Mbps     0 retrans     13 KB-cwnd
[2024-05-28 14:13:07.642373]     0.1875 MB /   0.50 sec =    3.1525 Mbps     0 retrans     13 KB-cwnd
[2024-05-28 14:13:08.143341]     0.0000 MB /   0.50 sec =    0.0000 Mbps     0 retrans     13 KB-cwnd
[2024-05-28 14:13:08.642562]     0.5000 MB /   0.50 sec =    8.4050 Mbps     0 retrans     13 KB-cwnd
[2024-05-28 14:13:09.142590]     0.5000 MB /   0.50 sec =    8.3855 Mbps     0 retrans     13 KB-cwnd
[2024-05-28 14:13:09.642566]     0.2500 MB /   0.50 sec =    4.1953 Mbps     0 retrans     13 KB-cwnd
[2024-05-28 14:13:10.142580]     0.0625 MB /   0.50 sec =    1.0484 Mbps     0 retrans     13 KB-cwnd
[2024-05-28 14:13:10.642594]     0.0625 MB /   0.50 sec =    1.0485 Mbps     0 retrans     13 KB-cwnd
[2024-05-28 14:13:11.143563]     0.0625 MB /   0.50 sec =    1.0467 Mbps     0 retrans     13 KB-cwnd
[2024-05-28 14:13:11.643778]     0.0000 MB /   0.50 sec =    0.0000 Mbps     0 retrans     13 KB-cwnd
[2024-05-28 14:13:12.142547]     0.0000 MB /   0.50 sec =    0.0000 Mbps     0 retrans     13 KB-cwnd
[2024-05-28 14:13:12.642635]     0.0000 MB /   0.50 sec =    0.0000 Mbps     0 retrans     13 KB-cwnd
[2024-05-28 14:13:13.142745]     0.0000 MB /   0.50 sec =    0.0000 Mbps     0 retrans     13 KB-cwnd
[2024-05-28 14:13:13.643603]     0.0000 MB /   0.50 sec =    0.0000 Mbps     0 retrans     13 KB-cwnd
[2024-05-28 14:13:14.142613]     0.0000 MB /   0.50 sec =    0.0000 Mbps     0 retrans     13 KB-cwnd
[2024-05-28 14:13:14.643722]     0.0000 MB /   0.50 sec =    0.0000 Mbps     0 retrans     13 KB-cwnd
[2024-05-28 14:13:15.143730]     0.0000 MB /   0.50 sec =    0.0000 Mbps     0 retrans     13 KB-cwnd
[2024-05-28 14:13:15.642633]     0.0000 MB /   0.50 sec =    0.0000 Mbps     0 retrans     13 KB-cwnd
[2024-05-28 14:13:16.143726]     0.0000 MB /   0.50 sec =    0.0000 Mbps     0 retrans     13 KB-cwnd
[2024-05-28 14:13:16.643776]     0.0000 MB /   0.50 sec =    0.0000 Mbps     0 retrans     13 KB-cwnd
[2024-05-28 14:13:17.142683]     0.0000 MB /   0.50 sec =    0.0000 Mbps     0 retrans     13 KB-cwnd
[2024-05-28 14:13:17.642416]     0.0000 MB /   0.50 sec =    0.0000 Mbps     0 retrans     13 KB-cwnd
[2024-05-28 14:13:18.143759]     0.0000 MB /   0.50 sec =    0.0000 Mbps     0 retrans     13 KB-cwnd
[2024-05-28 14:13:18.643623]     0.0000 MB /   0.50 sec =    0.0000 Mbps     0 retrans     13 KB-cwnd
[2024-05-28 14:13:19.143785]     0.0000 MB /   0.50 sec =    0.0000 Mbps     0 retrans     13 KB-cwnd
[2024-05-28 14:13:19.643790]     0.0000 MB /   0.50 sec =    0.0000 Mbps     0 retrans     13 KB-cwnd
[2024-05-28 14:13:20.142655]     0.0000 MB /   0.50 sec =    0.0000 Mbps     0 retrans     13 KB-cwnd
[2024-05-28 14:13:20.643431]     0.0000 MB /   0.50 sec =    0.0000 Mbps     0 retrans     13 KB-cwnd
[2024-05-28 14:13:21.143678]     0.0000 MB /   0.50 sec =    0.0000 Mbps     0 retrans     13 KB-cwnd
[2024-05-28 14:13:21.643641]     0.0000 MB /   0.50 sec =    0.0000 Mbps     0 retrans     13 KB-cwnd
[2024-05-28 14:13:22.142682]     0.0000 MB /   0.50 sec =    0.0000 Mbps     0 retrans     13 KB-cwnd
[2024-05-28 14:13:22.643692]     0.0000 MB /   0.50 sec =    0.0000 Mbps     0 retrans     13 KB-cwnd
[2024-05-28 14:13:23.143683]     0.0000 MB /   0.50 sec =    0.0000 Mbps     0 retrans     13 KB-cwnd
[2024-05-28 14:13:23.642630]     0.0000 MB /   0.50 sec =    0.0000 Mbps     0 retrans     13 KB-cwnd
[2024-05-28 14:13:24.143763]     0.0000 MB /   0.50 sec =    0.0000 Mbps     0 retrans     13 KB-cwnd
[2024-05-28 14:13:24.643674]     0.0000 MB /   0.50 sec =    0.0000 Mbps     0 retrans     13 KB-cwnd
[2024-05-28 14:13:25.143573]     0.0000 MB /   0.50 sec =    0.0000 Mbps     0 retrans     13 KB-cwnd
[2024-05-28 14:13:25.643764]     0.0000 MB /   0.50 sec =    0.0000 Mbps     0 retrans     13 KB-cwnd
[2024-05-28 14:13:26.142669]     0.0000 MB /   0.50 sec =    0.0000 Mbps     0 retrans     13 KB-cwnd
[2024-05-28 14:13:26.642596]     0.0000 MB /   0.50 sec =    0.0000 Mbps     0 retrans     13 KB-cwnd
[2024-05-28 14:13:27.142660]     0.0000 MB /   0.50 sec =    0.0000 Mbps     0 retrans     13 KB-cwnd
[2024-05-28 14:13:27.643738]     0.0000 MB /   0.50 sec =    0.0000 Mbps     0 retrans     13 KB-cwnd
[2024-05-28 14:13:28.142667]     0.0000 MB /   0.50 sec =    0.0000 Mbps     0 retrans     13 KB-cwnd
[2024-05-28 14:13:28.642679]     0.0000 MB /   0.50 sec =    0.0000 Mbps     0 retrans     13 KB-cwnd
[2024-05-28 14:13:29.143601]     0.0000 MB /   0.50 sec =    0.0000 Mbps     0 retrans     13 KB-cwnd
[2024-05-28 14:13:29.642630]     0.0000 MB /   0.50 sec =    0.0000 Mbps     0 retrans     13 KB-cwnd
[2024-05-28 14:13:30.142662]     0.0000 MB /   0.50 sec =    0.0000 Mbps     0 retrans     13 KB-cwnd
[2024-05-28 14:13:30.644155]     0.0000 MB /   0.50 sec =    0.0000 Mbps     0 retrans     13 KB-cwnd
[2024-05-28 14:13:31.142780]     0.0000 MB /   0.50 sec =    0.0000 Mbps     0 retrans     13 KB-cwnd
[2024-05-28 14:13:31.643659]     0.0000 MB /   0.50 sec =    0.0000 Mbps     0 retrans     13 KB-cwnd
[2024-05-28 14:13:32.142990]     0.0000 MB /   0.50 sec =    0.0000 Mbps     0 retrans     13 KB-cwnd
[2024-05-28 14:13:32.642631]     0.0000 MB /   0.50 sec =    0.0000 Mbps     0 retrans     13 KB-cwnd
[2024-05-28 14:13:33.143678]     0.0000 MB /   0.50 sec =    0.0000 Mbps     0 retrans     13 KB-cwnd
[2024-05-28 14:13:33.643858]     0.0000 MB /   0.50 sec =    0.0000 Mbps     0 retrans     13 KB-cwnd
[2024-05-28 14:13:34.143711]     0.0000 MB /   0.50 sec =    0.0000 Mbps     0 retrans     13 KB-cwnd
[2024-05-28 14:13:34.642760]     0.0000 MB /   0.50 sec =    0.0000 Mbps     0 retrans     13 KB-cwnd
[2024-05-28 14:13:35.143621]     0.0000 MB /   0.50 sec =    0.0000 Mbps     0 retrans     13 KB-cwnd
[2024-05-28 14:13:35.646355] nuttcp-r: v8.1.4: Error: not receiving data from server
End time: 1716920015681
