Start time: 1716846848922
{
  "id": "0",
  "status": null,
  "apiVersion": "17",
  "dishGetHistory": {
    "current": "3689",
    "popPingDropRate": [
      0,
      0,
      0,
      0,
      0,
      0,
      0,
      0,
      0,
      0,
      0,
      0,
      0,
      0,
      0,
      0,
      0,
      0,
      0,
      0,
      0,
      0,
      0,
      0,
      0,
      0,
      0,
      0,
      0,
      0,
      0,
      0,
      0,
      0,
      0,
      0,
      0,
      0,
      0,
      0,
      0,
      0,
      0,
      0,
      0,
      0,
      0,
      0,
      0,
      0,
      0,
      0,
      0,
      0,
      0,
      0,
      0,
      0,
      0,
      0,
      0,
      0,
      0,
      0,
      0,
      0,
      0,
      0,
      0,
      0,
      0,
      0,
      0,
      0,
      0,
      0,
      0,
      0,
      0,
      0,
      0,
      0,
      0,
      0,
      0,
      0,
      0,
      0,
      0,
      0,
      0,
      0,
      0,
      0,
      0,
      0,
      0,
      0,
      0,
      0,
      0,
      0,
      0,
      0,
      0,
      0,
      0,
      0,
      0,
      0,
      0,
      0,
      0,
      0,
      0,
      0,
      0,
      0,
      0,
      0,
      0,
      0,
      0,
      0,
      0,
      0,
      0,
      0,
      0,
      0,
      0,
      0,
      0.06666667,
      0.06666667,
      0,
      0,
      0,
      0,
      0,
      0.06666667,
      0.06666667,
      0,
      0,
      0,
      0,
      0,
      0,
      0,
      0,
      0,
      0,
      0,
      0,
      0,
      0.071428575,
      0.06666667,
      0,
      0,
      0,
      0,
      0,
      0,
      0,
      0,
      0,
      0,
      0,
      0,
      0,
      0,
      0,
      0,
      0,
      0,
      0,
      0,
      0,
      0,
      0,
      0,
      0,
      0,
      0,
      0,
      0,
      0,
      0,
      0,
      0,
      0,
      0,
      0,
      0,
      0,
      0,
      0,
      0,
      0,
      0,
      0,
      0,
      0,
      0,
      0,
      0,
      0,
      0,
      0,
      0,
      0,
      0,
      0,
      0,
      0,
      0,
      0,
      0,
      0.13333334,
      0.13333334,
      0,
      0,
      0,
      0,
      0,
      0,
      0,
      0,
      0,
      0,
      0,
      0,
      0,
      0,
      0,
      0,
      0,
      0,
      0,
      0,
      0,
      0,
      0,
      0,
      0,
      0,
      0,
      0,
      0,
      0,
      0,
      0,
      0,
      0,
      0,
      0,
      0,
      0,
      0,
      0,
      0,
      0,
      0,
      0.125,
      0.11764706,
      0,
      0,
      0,
      0,
      0,
      0,
      0,
      0,
      0,
      0,
      0.06666667,
      0.13333334,
      0.06666667,
      0,
      0,
      0,
      0,
      0,
      0,
      0,
      0,
      0,
      0,
      0,
      0,
      0,
      0,
      0,
      0,
      0,
      0,
      0,
      0,
      0,
      0,
      0,
      0,
      0,
      0,
      0,
      0,
      0,
      0,
      0,
      0,
      0,
      0,
      0,
      0,
      0,
      0,
      0,
      0,
      0,
      0,
      0,
      0,
      0,
      0,
      0,
      0,
      0,
      0.13333334,
      0.11764706,
      0,
      0,
      0,
      0,
      0,
      0,
      0.06666667,
      0.125,
      0.05882353,
      0,
      0,
      0,
      0,
      0.0625,
      0.0625,
      0.06666667,
      0.0625,
      0,
      0,
      0,
      0,
      0,
      0,
      0,
      0,
      0,
      0,
      0,
      0,
      0,
      0,
      0,
      0,
      0,
      0,
      0,
      0,
      0,
      0,
      0,
      0,
      0,
      0,
      0,
      0,
      0,
      0,
      0,
      0,
      0,
      0,
      0,
      0,
      0,
      0,
      0,
      0,
      0,
      0,
      0,
      0,
      0,
      0,
      0,
      0,
      0,
      0.06666667,
      0.06666667,
      0,
      0,
      0,
      0,
      0,
      0,
      0,
      0.071428575,
      0.23076923,
      0.125,
      0,
      0,
      0,
      0,
      0,
      0,
      0,
      0,
      0,
      0,
      0,
      0,
      0,
      0,
      0,
      0,
      0,
      0,
      0,
      0,
      0,
      0,
      0,
      0,
      0,
      0,
      0,
      0,
      0,
      0,
      0,
      0,
      0,
      0.11764706,
      0.125,
      0.125,
      0,
      0,
      0,
      0,
      0,
      0,
      0,
      0,
      0,
      0,
      0,
      0,
      0,
      0,
      0,
      0,
      0,
      0,
      0,
      0,
      0,
      0,
      0,
      0,
      0,
      0,
      0,
      0,
      0,
      0,
      0,
      0,
      0,
      0,
      0,
      0,
      0,
      0,
      0,
      0,
      0,
      0,
      0,
      0,
      0,
      0,
      0,
      0,
      0,
      0.05882353,
      0.0625,
      0,
      0,
      0,
      0,
      0,
      0,
      0,
      0,
      0,
      0.14285715,
      0.13333334,
      0,
      0,
      0,
      0,
      0.0625,
      0.06666667,
      0.06666667,
      0.06666667,
      0,
      0,
      0,
      0,
      0.06666667,
      0.06666667,
      0,
      0,
      0.06666667,
      0.06666667,
      0.125,
      0.0625,
      0,
      0.0625,
      0.0625,
      0,
      0,
      0,
      0,
      0,
      0,
      0,
      0,
      0,
      0,
      0,
      0,
      0,
      0,
      0,
      0,
      0,
      0,
      0,
      0,
      0,
      0,
      0,
      0,
      0,
      0,
      0,
      0,
      0,
      0,
      0,
      0,
      0,
      0,
      0,
      0,
      0,
      0,
      0,
      0,
      0,
      0,
      0,
      0,
      0,
      0,
      0,
      0,
      0,
      0,
      0,
      0,
      0,
      0,
      0,
      0,
      0,
      0,
      0,
      0,
      0,
      0,
      0,
      0,
      0,
      0,
      0,
      0,
      0,
      0,
      0,
      0,
      0,
      0,
      0,
      0,
      0,
      0,
      0,
      0,
      0,
      0,
      0,
      0,
      0,
      0,
      0,
      0,
      0,
      0,
      0,
      0,
      0.0625,
      0.0625,
      0.071428575,
      0.07692308,
      0.14285715,
      0.2,
      0,
      0,
      0,
      0,
      0,
      0,
      0,
      0,
      0,
      0.071428575,
      0.06666667,
      0,
      0,
      0,
      0,
      0,
      0,
      0,
      0,
      0,
      0,
      0,
      0,
      0,
      0,
      0,
      0,
      0,
      0,
      0,
      0,
      0,
      0,
      0,
      0,
      0,
      0,
      0,
      0,
      0,
      0,
      0,
      0,
      0,
      0,
      0,
      0,
      0,
      0,
      0,
      0,
      0,
      0,
      0,
      0,
      0,
      0,
      0,
      0,
      0,
      0,
      0,
      0,
      0,
      0,
      0,
      0,
      0,
      0,
      0.071428575,
      0.06666667,
      0,
      0,
      0,
      0,
      0,
      0,
      0,
      0,
      0.2,
      0.1875,
      0,
      0,
      0.071428575,
      0.2,
      0.125,
      0,
      0,
      0,
      0,
      0,
      0,
      0,
      0,
      0,
      0,
      0,
      0,
      0,
      0,
      0,
      0,
      0,
      0,
      0,
      0,
      0,
      0,
      0,
      0,
      0,
      0,
      0,
      0,
      0,
      0,
      0,
      0,
      0,
      0,
      0,
      0,
      0,
      0,
      0,
      0,
      0,
      0,
      0,
      0,
      0,
      0,
      0,
      0,
      0,
      0,
      0,
      0,
      0,
      0,
      0,
      0,
      0,
      0,
      0.06666667,
      0.0625,
      0,
      0,
      0,
      0,
      0,
      0,
      0,
      0,
      0,
      0,
      0,
      0,
      0,
      0,
      0,
      0,
      0,
      0,
      0,
      0,
      0,
      0,
      0,
      0,
      0,
      0,
      0,
      0,
      0,
      0,
      0,
      0,
      0,
      0,
      0,
      0,
      0,
      0,
      0,
      0,
      0,
      0,
      0,
      0,
      0,
      0,
      0,
      0,
      0,
      0,
      0,
      0,
      0,
      0,
      0,
      0,
      0,
      0,
      0,
      0,
      0,
      0,
      0,
      0,
      0,
      0,
      0,
      0,
      0,
      0,
      0,
      0,
      0,
      0,
      0,
      0,
      0,
      0,
      0,
      0,
      0,
      0,
      0,
      0,
      0,
      0,
      0,
      0,
      0,
      0.06666667,
      0.125,
      0.0625,
      0,
      0,
      0,
      0,
      0,
      0,
      0,
      0,
      0,
      0,
      0,
      0,
      0,
      0,
      0,
      0.125,
      0.125,
      0,
      0,
      0,
      0,
      0,
      0,
      0,
      0,
      0.0625,
      0.0625,
      0,
      0,
      0,
      0,
      0,
      0,
      0,
      0,
      0,
      0
    ],
    "popPingLatencyMs": [
      29.500998,
      29.193876,
      30.888563,
      31.352732,
      29.579802,
      28.834267,
      28.072468,
      33.3628,
      35.427002,
      32.790184,
      34.024357,
      35.996994,
      32.292686,
      27.899881,
      29.444748,
      30.862436,
      28.862297,
      28.507751,
      28.391733,
      30.789713,
      28.7418,
      25.026707,
      26.158941,
      27.500248,
      29.958187,
      31.216936,
      27.019188,
      27.31325,
      27.180292,
      25.675587,
      26.508764,
      26.32553,
      27.150873,
      27.637249,
      26.311268,
      24.534668,
      24.433601,
      24.327269,
      24.796118,
      26.770996,
      28.495213,
      26.468689,
      25.646116,
      27.729376,
      29.678123,
      28.528187,
      27.95881,
      29.182865,
      29.115124,
      28.564867,
      28.334217,
      30.020142,
      29.470598,
      26.575062,
      27.203186,
      27.484938,
      27.030687,
      29.061998,
      30.966118,
      30.564686,
      30.914198,
      29.062428,
      31.219934,
      29.495626,
      27.528126,
      28.578932,
      25.725624,
      27.471003,
      27.916,
      28.375471,
      28.1195,
      28.192135,
      28.172812,
      27.985,
      27.80244,
      27.47425,
      27.656412,
      33.15047,
      37.583,
      31.939938,
      33.369938,
      35.582333,
      35.682533,
      34.21559,
      36.129642,
      37.36875,
      35.664333,
      35.836994,
      34.693996,
      32.11575,
      33.3274,
      33.322666,
      29.683668,
      27.734732,
      26.806356,
      27.676868,
      27.693588,
      25.83475,
      28.162134,
      30.038427,
      26.562666,
      24.385265,
      25.465376,
      28.472645,
      29.72525,
      27.025644,
      26.3652,
      30.550499,
      31.77725,
      29.551401,
      32.117496,
      31.658358,
      29.793201,
      30.335138,
      29.5696,
      29.014751,
      27.58,
      29.219063,
      32.80733,
      31.674267,
      27.738424,
      28.2296,
      31.7178,
      33.6156,
      34.757687,
      34.855377,
      33.25853,
      33.769066,
      33.155125,
      33.782375,
      34.096752,
      34.144783,
      35.526997,
      34.976315,
      34.512413,
      35.135735,
      34.124268,
      34.457714,
      31.142202,
      29.685373,
      29.978664,
      27.7345,
      26.917562,
      31.5814,
      30.16325,
      27.19475,
      29.106785,
      29.7682,
      30.172375,
      31.8622,
      32.3185,
      30.323668,
      29.523859,
      26.652136,
      25.10806,
      25.789602,
      27.316065,
      27.678198,
      26.943201,
      25.283936,
      25.460064,
      25.554468,
      26.325531,
      27.763666,
      27.119562,
      26.706312,
      28.645535,
      29.866467,
      26.548248,
      23.776941,
      24.229689,
      24.188803,
      23.369997,
      24.025623,
      25.17453,
      25.475473,
      25.327127,
      25.252748,
      26.999294,
      28.273249,
      26.657564,
      27.58225,
      38.172062,
      43.612755,
      38.496666,
      37.42881,
      39.388874,
      42.77273,
      40.897755,
      37.279404,
      37.9972,
      38.618267,
      39.5766,
      38.775497,
      38.3354,
      39.657814,
      38.671436,
      35.186935,
      32.050247,
      31.260063,
      31.027376,
      28.934813,
      29.206688,
      32.62181,
      32.580997,
      31.267752,
      33.221203,
      33.32927,
      30.411251,
      28.910467,
      29.763935,
      29.80225,
      34.54767,
      34.76625,
      32.60775,
      33.157078,
      33.84008,
      33.51481,
      31.267437,
      32.302467,
      34.16573,
      31.543066,
      30.156467,
      32.504997,
      34.992,
      35.53093,
      32.5072,
      33.971397,
      37.2536,
      36.780334,
      36.29988,
      36.570942,
      34.63753,
      34.575333,
      34.891106,
      35.61465,
      34.293938,
      34.300266,
      35.3512,
      30.72,
      32.656433,
      34.349857,
      33.37753,
      35.727,
      35.466503,
      34.41244,
      31.412127,
      31.66075,
      33.527687,
      32.5106,
      34.3298,
      38.127,
      35.45067,
      32.626,
      32.74806,
      32.695732,
      33.52343,
      34.10079,
      32.03673,
      29.515598,
      31.112398,
      56.539864,
      52.184643,
      30.00241,
      32.81987,
      33.264935,
      30.474867,
      30.530071,
      31.682732,
      31.4778,
      31.140858,
      32.173668,
      37.07566,
      38.111767,
      30.832716,
      29.674467,
      30.185463,
      32.155067,
      33.906803,
      32.067135,
      31.147467,
      33.76907,
      33.428192,
      31.319935,
      31.108704,
      31.340248,
      28.702465,
      32.105,
      33.46227,
      31.043627,
      32.847202,
      32.071186,
      31.212334,
      31.262539,
      34.921,
      37.917133,
      37.152435,
      34.443558,
      31.880201,
      30.649733,
      32.196068,
      33.307335,
      31.23375,
      30.242374,
      31.456501,
      31.93594,
      31.050438,
      31.292126,
      31.529264,
      31.019438,
      31.586996,
      33.089687,
      35.259502,
      33.805115,
      32.158833,
      32.55347,
      34.358315,
      33.251995,
      29.273664,
      25.995134,
      26.915176,
      28.511,
      27.941198,
      25.510714,
      24.552282,
      53.732403,
      55.769,
      33.062935,
      32.02156,
      35.815685,
      33.864754,
      30.995438,
      30.773928,
      28.786285,
      29.168936,
      30.811,
      32.15163,
      29.242117,
      29.369562,
      29.244467,
      29.087784,
      30.015402,
      29.048399,
      29.70235,
      31.01112,
      31.75159,
      31.981333,
      32.178734,
      31.947813,
      32.761936,
      33.393562,
      33.29612,
      34.248707,
      34.136887,
      33.406124,
      36.942936,
      37.269066,
      34.767563,
      32.04818,
      30.64906,
      32.105762,
      32.785824,
      31.498735,
      29.454716,
      27.307499,
      26.457333,
      28.591671,
      29.067001,
      30.701563,
      30.1166,
      27.245785,
      26.763334,
      27.372438,
      30.136065,
      30.255865,
      27.65906,
      27.295649,
      28.69318,
      31.895126,
      32.959145,
      30.371067,
      27.911438,
      27.175602,
      28.290003,
      29.736864,
      32.297337,
      32.2782,
      28.668133,
      27.627811,
      28.55769,
      29.251335,
      29.154,
      28.263401,
      28.196499,
      26.511932,
      24.85327,
      26.180874,
      27.607439,
      27.201,
      26.292665,
      27.966269,
      28.716785,
      28.303001,
      28.80343,
      29.053587,
      28.079,
      27.737265,
      28.053072,
      27.560997,
      28.182705,
      28.940498,
      31.848202,
      31.268314,
      28.594187,
      29.050354,
      27.479,
      28.08256,
      28.085312,
      26.823748,
      27.145815,
      27.848877,
      30.591398,
      34.3494,
      29.752234,
      26.445883,
      27.577873,
      30.100529,
      29.97059,
      26.919065,
      26.3805,
      27.272234,
      27.472292,
      26.811626,
      28.554527,
      27.720823,
      25.894001,
      25.808624,
      29.35235,
      31.276667,
      27.232428,
      26.069532,
      28.58625,
      28.355438,
      26.935202,
      27.919765,
      28.348127,
      27.784864,
      26.857311,
      26.912586,
      26.784313,
      25.828941,
      28.160597,
      31.481997,
      29.593292,
      26.104471,
      25.866236,
      26.092464,
      25.393133,
      25.185873,
      27.766685,
      28.647312,
      29.0545,
      28.696268,
      24.859941,
      26.625116,
      27.305561,
      27.320002,
      29.375463,
      28.159132,
      28.339413,
      28.580116,
      26.595503,
      28.551935,
      30.994198,
      28.821531,
      27.377687,
      27.2862,
      26.210001,
      24.935562,
      24.818562,
      25.38975,
      28.404562,
      29.212877,
      27.395689,
      29.942669,
      31.829386,
      29.207432,
      30.010868,
      33.133373,
      32.192,
      28.633936,
      29.651625,
      31.624939,
      33.23606,
      30.6478,
      29.288267,
      33.449936,
      33.931683,
      34.090866,
      36.71171,
      34.01454,
      30.849464,
      32.297123,
      32.674877,
      34.361187,
      36.593376,
      36.650463,
      33.405785,
      32.196,
      36.958267,
      36.17033,
      35.406853,
      33.50964,
      30.897734,
      30.053734,
      30.020866,
      31.133749,
      33.232735,
      33.35947,
      32.576,
      33.089787,
      30.997124,
      30.959312,
      29.536999,
      30.411535,
      33.625813,
      32.40413,
      31.522177,
      30.168627,
      27.383625,
      28.233124,
      28.391003,
      26.308199,
      25.861502,
      29.685814,
      29.902939,
      25.747875,
      26.658943,
      28.630707,
      29.085747,
      28.062813,
      27.567873,
      29.901627,
      29.018198,
      25.727749,
      28.005062,
      28.299265,
      27.499249,
      27.634815,
      25.772938,
      26.283472,
      26.67288,
      28.996058,
      29.634058,
      28.670002,
      27.867498,
      25.324245,
      25.675646,
      27.56113,
      27.416603,
      26.276072,
      27.812399,
      28.29537,
      27.102125,
      27.01325,
      26.279428,
      28.291643,
      28.808783,
      28.451717,
      27.072685,
      24.26275,
      25.003624,
      28.751562,
      29.651375,
      28.67575,
      29.232061,
      27.2765,
      25.84067,
      28.416801,
      31.441599,
      30.366066,
      28.620625,
      27.709,
      27.132563,
      26.848999,
      27.02,
      30.1242,
      36.890938,
      34.581497,
      28.4886,
      28.799875,
      28.7595,
      27.8715,
      27.195873,
      27.813877,
      30.453562,
      33.8645,
      34.61644,
      32.868996,
      30.00825,
      29.415472,
      29.855646,
      30.332687,
      28.313128,
      26.19125,
      28.124374,
      29.75094,
      27.44881,
      26.344439,
      26.722689,
      29.92482,
      30.48625,
      29.509188,
      27.458439,
      26.8185,
      28.077751,
      27.24113,
      29.804068,
      34.8504,
      35.580074,
      37.109615,
      38.63408,
      36.960247,
      37.055073,
      34.206467,
      32.117,
      31.852932,
      33.073143,
      33.455,
      33.298534,
      34.91313,
      36.882214,
      38.83123,
      36.309074,
      33.174374,
      31.068623,
      30.589684,
      30.796648,
      31.12075,
      34.55406,
      34.499626,
      33.427876,
      35.540497,
      35.671875,
      37.316116,
      36.62331,
      35.08,
      36.129593,
      31.077467,
      29.163284,
      28.228287,
      29.4144,
      30.368937,
      27.791624,
      27.591267,
      29.803127,
      31.629665,
      29.789335,
      28.388935,
      27.18753,
      27.835377,
      29.765533,
      32.274124,
      30.71225,
      26.817436,
      27.30012,
      27.622187,
      27.196466,
      27.315937,
      26.752068,
      26.1074,
      28.886814,
      30.376812,
      29.939186,
      28.663065,
      26.668312,
      25.967627,
      25.403748,
      25.157253,
      26.223186,
      26.669811,
      26.025314,
      27.672188,
      28.130333,
      28.730865,
      29.68087,
      29.600235,
      28.599943,
      28.567352,
      29.884062,
      33.41764,
      33.916668,
      28.963999,
      25.340427,
      26.841187,
      29.645706,
      29.852247,
      29.12531,
      30.056767,
      29.788439,
      30.417067,
      31.807667,
      43.89077,
      44.758358,
      46.184498,
      39.346134,
      39.42564,
      36.95883,
      33.832355,
      30.329119,
      29.642937,
      30.642187,
      32.829414,
      34.86675,
      31.984312,
      30.405876,
      31.168266,
      31.4445,
      31.741814,
      30.5532,
      30.777573,
      30.772665,
      30.791685,
      31.478313,
      32.800602,
      31.854132,
      31.772312,
      31.308735,
      33.581627,
      33.854504,
      31.516123,
      32.995686,
      35.401066,
      33.75593,
      33.399002,
      36.140438,
      34.558685,
      35.643997,
      36.707203,
      37.89787,
      39.714127,
      36.608562,
      37.259,
      36.339066,
      33.961063,
      35.065937,
      34.434643,
      38.036858,
      38.761,
      37.07819,
      37.594315,
      35.8326,
      34.035732,
      30.86214,
      27.498072,
      27.708376,
      28.66594,
      29.679235,
      27.234058,
      28.038057,
      29.831589,
      29.217312,
      28.339937,
      27.937527,
      30.049623,
      32.459465,
      30.609625,
      28.668598,
      27.648867,
      28.702623,
      29.468933,
      31.21987,
      32.454998,
      28.734123,
      28.017649,
      29.342407,
      28.772253,
      29.288868,
      28.184689,
      30.202873,
      29.781872,
      27.9398,
      31.020643,
      32.57887,
      33.26625,
      34.485466,
      35.978497,
      34.39487,
      32.944134,
      34.861137,
      35.30556,
      32.647823,
      32.952,
      34.468735,
      34.767624,
      32.946938,
      31.565533,
      32.726643,
      30.916864,
      27.55625,
      27.202377,
      27.912004,
      28.073797,
      30.389936,
      29.348434,
      29.852266,
      28.28693,
      26.699999,
      28.756376,
      29.50881,
      28.326813,
      28.292376,
      30.773136,
      31.187624,
      28.281624,
      29.328753,
      28.998598,
      29.17925,
      29.58,
      27.181376,
      29.406471,
      32.20844,
      29.428753,
      27.033295,
      30.020706,
      29.91939,
      28.49131,
      34.023933,
      35.770397,
      32.449535,
      31.167566,
      33.51375,
      32.629475,
      31.20094,
      33.73087,
      34.184467,
      32.55327,
      34.258125,
      36.261814,
      35.249496,
      35.469124,
      36.743465,
      36.037685,
      33.76459,
      29.24,
      30.525217,
      34.937466,
      36.112732,
      35.95856,
      31.84406,
      29.456814,
      31.794626,
      35.062317,
      32.53059,
      32.63465,
      32.950005,
      33.928123,
      33.3518,
      29.049213,
      28.819498,
      27.963531,
      27.75631,
      29.191439,
      31.804598,
      31.145199,
      28.57747,
      29.644735,
      29.183704,
      27.380749,
      27.703266,
      29.355267,
      29.795876,
      33.046875,
      32.87133,
      31.532068,
      28.776247,
      28.36993,
      30.946857,
      30.440437,
      30.848589,
      29.462412,
      27.589884,
      28.235119,
      28.898882,
      29.317623,
      32.031937,
      30.563501,
      30.168535,
      30.7946,
      29.879375,
      29.287134,
      30.024265,
      29.972313,
      28.93587,
      30.449598,
      29.651667,
      28.347532,
      29.358498,
      29.032,
      28.441599
    ],
    "downlinkThroughputBps": [
      261472.9,
      268091.53,
      237556.98,
      317299.1,
      556559,
      529849.6,
      508433.53,
      500103.66,
      433196.1,
      406545.5,
      458194.16,
      371657.28,
      289138.53,
      265348.44,
      337859.56,
      393585.1,
      357530.88,
      415403.88,
      325243.12,
      253201.75,
      770233.6,
      166790.69,
      176538.25,
      43100.668,
      19906.166,
      23504.879,
      18782.094,
      22749.904,
      37044.094,
      32480.69,
      35643.195,
      31809.602,
      26969.375,
      31247.564,
      71848.43,
      48880.418,
      59366.18,
      30626.809,
      22213.033,
      24939.332,
      23949.477,
      70992.79,
      31960.596,
      44207.965,
      57084.477,
      28689.04,
      25333.596,
      32682.018,
      30064.771,
      24721.229,
      24889,
      21877.49,
      24092.082,
      27447.525,
      22791.848,
      27028.096,
      28521.268,
      23085.45,
      31482.445,
      22850.568,
      17045.652,
      19193.135,
      18186.502,
      60129.543,
      20560.479,
      35165.043,
      18555.602,
      34661.727,
      36356.227,
      36867.934,
      46774.88,
      73081.555,
      38545.652,
      23504.879,
      29368.518,
      35903.242,
      26289.898,
      18530.436,
      55549.363,
      21902.656,
      16408.117,
      20526.924,
      20115.883,
      22691.186,
      71252.836,
      21902.656,
      22431.139,
      17842.568,
      27783.07,
      25258.1,
      18824.037,
      20719.861,
      28294.775,
      25451.037,
      78920.02,
      28160.557,
      28395.438,
      31247.564,
      40827.355,
      26457.67,
      19746.783,
      57579.406,
      21952.986,
      30140.268,
      24209.523,
      24360.518,
      43738.203,
      20887.635,
      22858.957,
      25836.912,
      21516.78,
      26684.162,
      20644.365,
      24519.9,
      59651.39,
      48880.418,
      38168.168,
      21541.945,
      32472.3,
      22221.422,
      20845.691,
      32757.514,
      19771.95,
      23135.781,
      48628.76,
      34745.613,
      31683.771,
      19109.25,
      114529.664,
      223313.14,
      69197.625,
      57529.074,
      31054.627,
      52135.2,
      26709.328,
      29192.355,
      20526.924,
      41271.953,
      23387.44,
      38797.312,
      38285.605,
      60624.47,
      22347.252,
      22397.584,
      24561.844,
      25643.975,
      101560.875,
      110628.96,
      24201.135,
      20275.266,
      23697.818,
      23194.502,
      29183.967,
      22674.408,
      32723.959,
      37463.523,
      33344.72,
      33587.99,
      35215.375,
      18991.809,
      20535.312,
      60842.574,
      26415.727,
      27346.861,
      31457.28,
      25241.322,
      38663.094,
      17523.803,
      28370.271,
      23748.148,
      44753.223,
      19545.457,
      19872.613,
      32270.975,
      58040.777,
      47596.96,
      139888.42,
      35131.492,
      23924.31,
      25979.52,
      18522.047,
      2.129421e+08,
      2.4015302e+08,
      2.3274043e+08,
      3.4708202e+08,
      2.143515e+08,
      2.624772e+08,
      3.5821808e+08,
      3.375219e+08,
      3.5148634e+08,
      2.4853373e+08,
      2.20859e+08,
      2.1205654e+08,
      1.87816e+08,
      3.4493616e+08,
      2.672389e+08,
      3.3874726e+08,
      2.2413934e+08,
      8.08105e+07,
      1.785407e+08,
      7.162527e+07,
      7.894647e+07,
      1.4028717e+08,
      2.4554848e+08,
      2.1975928e+08,
      1.6591267e+08,
      1.1846383e+08,
      1.5022042e+08,
      1.0535505e+08,
      1.2037072e+08,
      1.7836392e+08,
      1.7485307e+08,
      1.7100898e+08,
      3.439286e+08,
      1.3106747e+08,
      2.2409754e+08,
      3.37722e+08,
      7.547088e+07,
      1.6937434e+08,
      2.0486627e+08,
      1.193326e+08,
      1.6717762e+08,
      1.6740493e+08,
      2.0069875e+08,
      2.451039e+08,
      1.6013747e+08,
      1.5973606e+08,
      1.7013093e+08,
      2.8804736e+08,
      3.3302445e+08,
      3.458302e+08,
      2.8623456e+08,
      2.5412613e+08,
      2.2994006e+08,
      2.8718134e+08,
      3.362644e+08,
      2.6661043e+08,
      2.5613582e+08,
      2.3038672e+08,
      3.0146774e+08,
      2.46339e+08,
      3.3085648e+08,
      2.0982026e+08,
      2.2821642e+08,
      2.4266523e+08,
      1.7991499e+08,
      1.6523875e+08,
      1.5781493e+08,
      1.9860925e+08,
      2.104042e+08,
      1.6076867e+08,
      1.7907822e+08,
      2.9464627e+08,
      1.8485632e+08,
      2.3659053e+08,
      1.6481141e+08,
      2.8315318e+07,
      9.608798e+06,
      6.0466175e+06,
      6.6334595e+06,
      8.195586e+06,
      2.103036e+08,
      4.3353622e+08,
      4.655912e+08,
      4.6522067e+08,
      4.514817e+08,
      4.624559e+08,
      4.5950742e+08,
      4.526952e+08,
      4.5430506e+08,
      4.2638064e+08,
      4.5259635e+08,
      2.8666957e+08,
      8.429385e+06,
      4.3386468e+07,
      8.085046e+07,
      1.1435696e+08,
      1.3139508e+08,
      2.762928e+08,
      8.4460824e+07,
      1.6682509e+08,
      1.0689769e+08,
      9.533725e+07,
      1.6699805e+08,
      2.0005674e+08,
      1.7228606e+08,
      1.0145937e+08,
      4.5341812e+07,
      2.2376565e+08,
      1.9878509e+08,
      2.0310693e+08,
      2.0366032e+08,
      1.808217e+08,
      1.7395206e+08,
      1.9670872e+08,
      1.0380229e+08,
      1.6476299e+08,
      1.3574389e+08,
      1.4451277e+08,
      6.8367944e+07,
      1.4148272e+08,
      1.6260629e+08,
      3.2706244e+07,
      161975.62,
      106317.22,
      45222.984,
      73559.7,
      40391.15,
      137539.61,
      42698.016,
      24863.834,
      55926.848,
      72620.18,
      437415.56,
      37539.02,
      27816.625,
      36876.32,
      22103.982,
      19419.627,
      55557.75,
      20132.66,
      34678.504,
      150298.69,
      27606.908,
      19780.338,
      97777.62,
      101443.44,
      240274.9,
      74708.945,
      18631.098,
      349033.2,
      27137.146,
      61673.047,
      214857.42,
      21718.105,
      67083.695,
      81696.66,
      32531.021,
      30744.248,
      37690.016,
      24343.74,
      56220.45,
      33931.918,
      32086.426,
      25476.203,
      39485.18,
      35408.312,
      18639.486,
      48209.332,
      22070.428,
      18723.373,
      18723.373,
      23395.828,
      20837.303,
      18597.543,
      43914.363,
      28403.826,
      38226.887,
      24134.025,
      39694.895,
      22531.8,
      20946.354,
      28001.174,
      50516.2,
      20761.805,
      52772.734,
      16408.117,
      24251.465,
      23194.502,
      20526.924,
      30727.47,
      55952.016,
      23068.672,
      28915.531,
      19595.79,
      24754.781,
      32682.018,
      28127.002,
      21818.77,
      55247.37,
      18958.254,
      18530.436,
      54509.176,
      37429.97,
      19000.197,
      26650.607,
      24805.113,
      26390.56,
      26650.607,
      21214.79,
      22783.459,
      22087.205,
      80455.14,
      20300.432,
      20308.82,
      40391.15,
      18530.436,
      35475.42,
      28311.553,
      38570.82,
      27674.018,
      65548.586,
      29251.076,
      30685.527,
      39577.453,
      21936.209,
      44149.242,
      17993.564,
      31574.72,
      29251.076,
      22246.588,
      17993.564,
      18337.498,
      28949.086,
      19822.281,
      25283.264,
      25014.828,
      21315.453,
      27372.027,
      43226.496,
      51497.664,
      20409.482,
      20535.312,
      19805.504,
      41406.168,
      35743.86,
      30987.518,
      21080.572,
      66932.7,
      22607.299,
      23370.662,
      57822.676,
      21969.764,
      28932.309,
      25870.467,
      29259.465,
      31817.99,
      20493.37,
      25308.43,
      24897.389,
      84490.06,
      33436.992,
      22548.578,
      29326.574,
      28588.377,
      28210.889,
      39845.887,
      31440.502,
      29695.672,
      45373.98,
      34091.305,
      26231.178,
      23957.865,
      51397,
      25618.809,
      29896.998,
      45868.91,
      22892.512,
      29980.885,
      24326.963,
      26457.67,
      62570.63,
      26415.727,
      28873.588,
      24335.352,
      32463.912,
      81017.18,
      37354.473,
      44358.96,
      54140.074,
      18723.373,
      18530.436,
      33822.867,
      35659.973,
      31541.166,
      33470.547,
      29435.625,
      22045.262,
      24905.777,
      30274.486,
      18530.436,
      50960.793,
      27942.453,
      100134.81,
      19469.959,
      50113.543,
      27489.469,
      18631.098,
      26625.441,
      19964.887,
      20501.758,
      20736.639,
      76051.12,
      22431.139,
      19595.79,
      23957.865,
      21801.992,
      32623.297,
      20619.2,
      17649.63,
      17649.63,
      18949.865,
      21458.059,
      38033.95,
      18966.643,
      35525.754,
      22565.355,
      37438.36,
      27950.842,
      33940.31,
      20745.027,
      34762.39,
      38663.094,
      30576.477,
      88852.13,
      22615.688,
      17339.252,
      27808.236,
      17532.191,
      19654.508,
      17481.86,
      67704.45,
      32019.316,
      32128.37,
      32027.705,
      44015.027,
      22338.863,
      21399.34,
      31012.684,
      20929.576,
      58024,
      21474.836,
      18186.502,
      25258.1,
      21927.822,
      26960.986,
      23941.088,
      21952.986,
      36574.332,
      29628.562,
      37589.35,
      20443.037,
      33537.656,
      20216.545,
      36716.938,
      38277.22,
      19595.79,
      30299.652,
      22489.857,
      24587.01,
      27405.582,
      69348.625,
      26491.225,
      39954.94,
      17280.533,
      25685.918,
      30861.69,
      29720.838,
      30635.197,
      18018.73,
      20199.768,
      18337.498,
      18530.436,
      30576.477,
      149342.39,
      31365.006,
      21005.074,
      18555.602,
      20929.576,
      24016.584,
      83575.7,
      50256.152,
      28185.723,
      31742.492,
      20292.043,
      51455.723,
      18530.436,
      24477.959,
      23387.44,
      16617.832,
      21147.682,
      56581.16,
      44837.11,
      30073.16,
      20141.047,
      22229.81,
      39418.07,
      35399.926,
      335074.56,
      166631.31,
      21701.328,
      18337.498,
      18723.373,
      23773.314,
      23999.807,
      25467.814,
      25753.027,
      21005.074,
      190236.86,
      17792.238,
      20778.582,
      18337.498,
      35626.418,
      21894.268,
      19520.291,
      37933.285,
      25778.193,
      28068.283,
      32933.676,
      88441.09,
      22372.418,
      56757.32,
      23211.28,
      26424.115,
      19688.062,
      25308.43,
      18605.932,
      69365.4,
      20560.479,
      74373.4,
      30417.092,
      18379.44,
      16282.288,
      24100.47,
      25652.363,
      37874.566,
      23269.998,
      19520.291,
      24192.746,
      28722.594,
      24494.736,
      35399.926,
      37580.965,
      42949.67,
      268175.4,
      157286.4,
      18530.436,
      28244.443,
      24461.182,
      22355.64,
      81327.555,
      66437.77,
      73224.16,
      47127.2,
      31734.104,
      28680.65,
      26348.617,
      20543.701,
      52537.85,
      32673.629,
      18262,
      29418.848,
      23957.865,
      17137.926,
      18412.994,
      23177.725,
      21659.387,
      24075.305,
      58376.324,
      34259.074,
      20979.908,
      20526.924,
      37740.348,
      37127.98,
      22439.527,
      49182.41,
      7.689518e+06,
      2.7877726e+07,
      2.8938902e+07,
      2.1645586e+07,
      2.3620046e+07,
      4.8870948e+07,
      6.907007e+07,
      7.500464e+07,
      7.835963e+07,
      4.8288576e+07,
      3.0331772e+07,
      2.303031e+07,
      2.477484e+07,
      3.196292e+07,
      4.3297264e+07,
      7.924411e+07,
      1.4191931e+08,
      1.8020853e+08,
      1.9286136e+08,
      2.156578e+08,
      2.4751331e+08,
      2.1720627e+08,
      2.496683e+08,
      2.4532654e+08,
      2.5982706e+08,
      1.8526525e+08,
      1.3139506e+08,
      2.1787243e+08,
      1.816337e+08,
      2.4232843e+08,
      2.6742227e+08,
      2.4081514e+08,
      2.4324963e+08,
      2.7509526e+08,
      2.3274566e+08,
      2.3020922e+08,
      2.075939e+08,
      158888.62,
      7.823508e+07,
      1.2408159e+08,
      1.3026415e+08,
      1.28284216e+08,
      1.7052517e+08,
      2.3175618e+08,
      2.6831474e+08,
      2.7491738e+08,
      2.2729434e+08,
      2.1998578e+08,
      2.3978435e+08,
      2.0223176e+08,
      2.956444e+08,
      2.1962146e+08,
      2.2616208e+08,
      1.8429168e+08,
      1.7739216e+08,
      2.170314e+08,
      1.5965502e+08,
      2.0698664e+08,
      1.0085028e+08,
      1.3987414e+08,
      1.4547528e+08,
      1.4089648e+08,
      1.8531942e+08,
      1.9285851e+08,
      1.8622923e+08,
      1.7941248e+08,
      1.1175143e+08,
      1.5050536e+08,
      1.6113338e+08,
      1.9256614e+08,
      1.9046888e+08,
      9.299808e+07,
      8.230446e+07,
      1.12185416e+08,
      1.0355093e+08,
      5.3181224e+07,
      1.0346242e+08,
      7.300475e+07,
      2.4472456e+07,
      7.253474e+07,
      8.665538e+07,
      7.753073e+07,
      1.0094669e+08,
      5.457537e+07,
      1.2760152e+08,
      7.827392e+07,
      9.385683e+07,
      1.5166627e+08,
      1.597002e+08,
      1.5472954e+08,
      1.8974278e+08,
      1.7642094e+08,
      2.0194882e+08,
      1.941047e+08,
      2.304217e+08,
      2.3282646e+08,
      1.9080117e+08,
      1.9379778e+08,
      1.2315779e+08,
      1.1834464e+08,
      1.5376618e+08,
      1.3083613e+08,
      1.0024622e+08,
      1.4746046e+08,
      1.559206e+08,
      1.5853086e+08,
      1.6898557e+08,
      1.795063e+08,
      1.4199184e+08,
      1.3233491e+08,
      1.8652216e+08,
      2.2881723e+08,
      1.4927254e+08,
      1.4689331e+08,
      1.2326945e+08,
      9.109869e+07,
      1.2784627e+08,
      2.002557e+08,
      2.238109e+08,
      2.6778458e+08,
      2.574946e+08,
      2.0369264e+08,
      2.9707133e+08,
      3.343087e+08,
      3.4400906e+08,
      3.3418474e+08,
      3.190339e+08,
      3.5143955e+08,
      3.0507248e+08,
      2.2077931e+08,
      18211.668,
      38293.996,
      36054.24,
      18069.062,
      21390.951,
      203952.22,
      253184.97,
      193953,
      256313.92,
      305664.1,
      267311.38,
      241231.2,
      153612.19,
      177200.95,
      213179.69,
      332574.75,
      183920.23,
      250525.78,
      591522.7,
      495598.97,
      500430.8,
      500346.9,
      476095.44,
      566340.06,
      578587.44,
      484240.78,
      543346.94,
      524338.3,
      465433.53,
      550947,
      514901.16,
      506437.03,
      432877.34,
      454637.38,
      488971.97,
      475910.9,
      497436.06,
      608710.94,
      562875.6,
      655611.7,
      489139.72,
      519078.7,
      636334.6,
      581934.5,
      607620.44,
      520882.22,
      362270.44,
      385926.3,
      325998.1,
      374912.06,
      430880.84,
      462430.4,
      422567.75,
      425042.38,
      447247.03,
      359636.4,
      414430.78,
      442742.34,
      565534.8,
      387922.78,
      288610.06,
      220486.17,
      164324.44,
      202828.16,
      355106.56,
      353714.03,
      346751.5,
      337356.25,
      401705.28,
      384617.7,
      442633.28,
      383275.5,
      431233.16,
      428423,
      302367.38,
      222281.33,
      221174.03,
      379785.84,
      480264.6,
      464653.38,
      422651.62,
      330930.6,
      591052.94,
      306729.44,
      363453.22,
      278636,
      167319.17,
      201779.58,
      293173.47,
      317299.1,
      390917.53,
      205453.78,
      378787.6,
      478050,
      404263.78,
      307232.78,
      501882.03,
      410630.75,
      318884.53,
      521301.66,
      399297.75,
      369065.2,
      278250.12,
      278912.8
    ],
    "uplinkThroughputBps": [
      9.374823e+06,
      8.1986645e+06,
      7.7990145e+06,
      9.999095e+06,
      2.012458e+07,
      1.723041e+07,
      1.6790034e+07,
      1.7341292e+07,
      1.5760357e+07,
      1.357791e+07,
      1.8028964e+07,
      1.038477e+07,
      9.462618e+06,
      8.376436e+06,
      1.4026097e+07,
      1.2969417e+07,
      1.170991e+07,
      1.3433408e+07,
      1.0297025e+07,
      8.2707815e+06,
      1.0624919e+07,
      5.25933e+06,
      6.479369e+06,
      70908.91,
      72855.06,
      64390.953,
      80144.76,
      63560.484,
      56908.316,
      50583.305,
      80698.41,
      87166.02,
      65464.695,
      65439.53,
      49559.895,
      71437.38,
      58393.1,
      94069.85,
      68341.99,
      72150.414,
      55691.97,
      62914.56,
      79490.45,
      68056.77,
      76235.67,
      74641.836,
      57965.28,
      65271.758,
      70590.13,
      72754.4,
      80748.74,
      80186.7,
      54794.387,
      52823.066,
      78995.52,
      73945.58,
      77963.73,
      68778.195,
      65380.812,
      44166.02,
      74650.22,
      77032.586,
      66857.2,
      108858.97,
      50155.49,
      63854.086,
      62444.797,
      70095.21,
      70019.71,
      79062.63,
      51883.54,
      57386.47,
      50658.805,
      69726.11,
      84867.55,
      69474.45,
      51237.617,
      44216.35,
      63535.316,
      73131.88,
      86444.6,
      72293.02,
      48125.445,
      52437.188,
      71135.4,
      75883.35,
      78810.97,
      74390.17,
      45038.438,
      76118.23,
      75346.48,
      74524.39,
      49098.523,
      56631.492,
      43973.082,
      75950.45,
      79448.51,
      67461.19,
      56681.824,
      46523.22,
      61111.008,
      127959.83,
      71269.62,
      76059.51,
      54643.39,
      42471.523,
      14587.789,
      10032.775,
      14034.142,
      19939.72,
      9210.691,
      18320.72,
      10955.522,
      10586.423,
      14646.51,
      19537.068,
      17003.709,
      14587.789,
      10032.775,
      10032.775,
      16559.111,
      22666.02,
      10032.775,
      14034.142,
      10754.195,
      26239.566,
      18379.44,
      10032.775,
      21801.992,
      52185.53,
      9764.34,
      14034.142,
      19151.191,
      29435.625,
      10032.775,
      18211.668,
      24008.195,
      10032.775,
      14587.789,
      10032.775,
      11056.186,
      14755.562,
      10032.775,
      10586.423,
      15510.536,
      14688.452,
      36515.61,
      18262,
      10586.423,
      10032.775,
      13950.255,
      25878.855,
      11291.066,
      14042.53,
      10032.775,
      13656.654,
      17716.74,
      10032.775,
      11643.388,
      15149.826,
      11056.186,
      12188.647,
      15200.157,
      10032.775,
      10586.423,
      17658.02,
      15149.826,
      10754.195,
      14034.142,
      10032.775,
      19369.295,
      17708.352,
      10032.775,
      42840.62,
      78852.914,
      89405.78,
      147236.84,
      81117.836,
      99128.18,
      95344.92,
      71907.15,
      96057.95,
      81000.4,
      71932.31,
      55926.848,
      77057.75,
      85312.14,
      76126.62,
      63686.312,
      64248.348,
      59559.117,
      69650.61,
      52277.805,
      71923.92,
      43033.56,
      90672.46,
      74390.17,
      69608.67,
      64441.285,
      58720.258,
      87619.01,
      88483.04,
      67385.69,
      47420.8,
      85832.234,
      67905.78,
      53326.383,
      63199.773,
      73089.945,
      61740.156,
      74180.46,
      61530.44,
      82208.36,
      78106.33,
      33369.883,
      202836.55,
      186378.1,
      133051.72,
      159643.6,
      202408.72,
      91997.87,
      198961,
      106887.64,
      209337.72,
      175967.83,
      170028.7,
      68350.375,
      81403.055,
      73475.82,
      75212.26,
      73282.88,
      105142.81,
      230200.19,
      208331.08,
      188366.19,
      95982.45,
      108414.37,
      210629.56,
      165054.25,
      62142.81,
      83835.75,
      78139.88,
      63443.043,
      89498.06,
      61052.29,
      75782.69,
      73333.21,
      83214.99,
      64105.742,
      65666.02,
      56337.89,
      70892.125,
      78802.586,
      56354.668,
      47253.027,
      89800.05,
      73735.87,
      79683.39,
      72351.74,
      72762.79,
      93616.87,
      90773.125,
      29888.61,
      36238.785,
      67595.41,
      61790.49,
      194615.7,
      408802.03,
      91024.79,
      69315.07,
      72083.305,
      68845.305,
      55851.35,
      80924.9,
      76244.055,
      72955.73,
      100755.57,
      74054.63,
      55708.746,
      61178.117,
      73224.16,
      72636.95,
      73123.49,
      85404.42,
      63468.207,
      77301.02,
      59265.516,
      62469.965,
      72343.35,
      82636.18,
      64726.5,
      64625.836,
      79498.836,
      61111.008,
      70690.8,
      72091.695,
      60775.465,
      70355.26,
      53653.535,
      65204.65,
      72603.4,
      87686.12,
      74675.39,
      67578.625,
      95126.81,
      87056.98,
      67268.25,
      9.149505e+06,
      3.5566285e+08,
      3.1226845e+08,
      3.3630237e+08,
      3.2575088e+08,
      3.1953434e+08,
      3.2164035e+08,
      3.0767293e+08,
      3.370005e+08,
      3.1394672e+08,
      3.173231e+08,
      3.2876173e+08,
      3.1962925e+08,
      3.2371805e+08,
      3.6500314e+08,
      2.4038883e+08,
      2.1473794e+08,
      2.865091e+08,
      3.36484e+08,
      3.134809e+08,
      3.1829216e+08,
      3.202491e+08,
      3.212227e+08,
      3.298102e+08,
      3.1035683e+08,
      3.1301312e+08,
      3.1823462e+08,
      3.1457923e+08,
      2.9655187e+08,
      3.1413155e+08,
      3.0881712e+08,
      3.263884e+08,
      3.1542064e+08,
      3.1047014e+08,
      3.165092e+08,
      3.2848163e+08,
      3.2275427e+08,
      3.0802608e+08,
      3.3108486e+08,
      3.1960624e+08,
      3.202617e+08,
      3.2613437e+08,
      3.1630346e+08,
      3.175058e+08,
      3.2557085e+08,
      3.143094e+08,
      3.1795702e+08,
      3.110131e+08,
      3.255314e+08,
      3.13364e+08,
      3.2777424e+08,
      3.2548918e+08,
      3.0985987e+08,
      3.1962035e+08,
      3.1409494e+08,
      3.063392e+08,
      3.0594797e+08,
      3.1311686e+08,
      3.3244326e+08,
      3.1216717e+08,
      3.1069994e+08,
      3.2196406e+08,
      3.1034486e+08,
      3.228011e+08,
      3.3208045e+08,
      3.1860074e+08,
      3.2195126e+08,
      3.2876333e+08,
      3.103495e+08,
      3.2498198e+08,
      3.261275e+08,
      3.18461e+08,
      3.195788e+08,
      3.1762256e+08,
      3.292702e+08,
      3.186364e+08,
      3.1802173e+08,
      3.3760186e+08,
      3.1649712e+08,
      3.2380378e+08,
      3.167507e+08,
      3.1688755e+08,
      3.2613194e+08,
      3.2574896e+08,
      3.283346e+08,
      3.374407e+08,
      3.250155e+08,
      3.248696e+08,
      3.17593e+08,
      3.1899514e+08,
      3.182362e+08,
      3.2364672e+08,
      3.1470323e+08,
      3.2206963e+08,
      3.2026173e+08,
      3.3596797e+08,
      3.1955894e+08,
      3.2959776e+08,
      3.2131754e+08,
      3.1253078e+08,
      3.1990128e+08,
      3.0731965e+08,
      3.149484e+08,
      3.1530573e+08,
      3.21838e+08,
      3.161043e+08,
      3.1368397e+08,
      3.337788e+08,
      3.1072416e+08,
      3.0548624e+08,
      3.121656e+08,
      3.1723088e+08,
      3.1837437e+08,
      3.3003296e+08,
      3.2024422e+08,
      3.2448704e+08,
      3.1814992e+08,
      3.3098518e+08,
      3.1741885e+08,
      3.1161034e+08,
      3.239021e+08,
      93759.47,
      79129.74,
      67167.586,
      73970.74,
      98624.87,
      80136.375,
      77208.75,
      103616.086,
      80731.96,
      74339.84,
      79993.766,
      86721.43,
      66337.11,
      88189.44,
      83860.914,
      78223.77,
      55415.145,
      55767.465,
      71722.6,
      74096.58,
      69751.27,
      64399.344,
      53192.164,
      72787.95,
      72334.97,
      75170.31,
      104337.51,
      65758.3,
      78047.61,
      39225.133,
      75094.82,
      72804.73,
      77846.28,
      74448.9,
      62654.51,
      47445.97,
      77737.23,
      82401.3,
      66983.03,
      60607.69,
      70481.086,
      70086.82,
      60238.594,
      75883.35,
      90051.7,
      67276.63,
      43176.164,
      63174.605,
      65993.18,
      66513.27,
      89196.07,
      61111.008,
      49987.715,
      62352.523,
      45499.81,
      61085.844,
      67662.516,
      99472.12,
      52546.242,
      57201.918,
      56715.38,
      77611.4,
      88189.44,
      53485.766,
      52261.027,
      49895.44,
      64818.773,
      102215.19,
      89061.85,
      63602.426,
      48922.363,
      49652.17,
      49543.117,
      79222.016,
      86427.83,
      56975.426,
      53376.71,
      58829.31,
      58846.086,
      77259.08,
      87132.47,
      61966.65,
      50885.297,
      65389.2,
      51136.953,
      116492.6,
      84532,
      72074.92,
      73610.04,
      57696.848,
      57076.09,
      102181.63,
      73417.09,
      89422.56,
      27715.96,
      10032.775,
      9210.691,
      18689.818,
      14118.027,
      20048.773,
      14092.861,
      10754.195,
      10032.775,
      17708.352,
      14587.789,
      10586.423,
      14034.142,
      12834.57,
      17557.357,
      14587.789,
      10032.775,
      10032.775,
      15510.536,
      14034.142,
      13103.006,
      14587.789,
      10821.305,
      36255.562,
      16601.055,
      10032.775,
      16785.605,
      15862.857,
      10032.775,
      14587.789,
      15871.246,
      10032.775,
      9210.691,
      27573.355,
      14587.789,
      10032.775,
      14034.142,
      10032.775,
      10032.775,
      17708.352,
      10032.775,
      19201.523,
      116853.31,
      19763.56,
      15468.593,
      15141.4375,
      10032.775,
      10032.775,
      15435.039,
      173392.53,
      10032.775,
      25065.16,
      9932.112,
      13656.654,
      17708.352,
      10032.775,
      10032.775,
      14587.789,
      10032.775,
      14034.142,
      15695.086,
      10032.775,
      10032.775,
      16835.936,
      15141.4375,
      13002.343,
      80027.32,
      51279.562,
      20132.66,
      17767.072,
      10032.775,
      10032.775,
      14587.789,
      12834.57,
      17003.709,
      15862.857,
      111442.66,
      10032.775,
      14587.789,
      14034.142,
      10032.775,
      24452.793,
      9210.691,
      94170.516,
      77452.016,
      91754.59,
      69633.836,
      74021.08,
      91528.1,
      82787.17,
      90496.305,
      79138.125,
      81956.7,
      100461.97,
      78945.19,
      70833.41,
      94514.445,
      85186.31,
      84313.9,
      50532.973,
      51120.176,
      62033.758,
      76009.18,
      104991.82,
      91142.23,
      47605.35,
      53460.598,
      54240.74,
      91486.16,
      100814.29,
      75178.7,
      46439.332,
      154920.81,
      169475.05,
      86343.945,
      81923.15,
      64088.965,
      54668.56,
      62545.46,
      75161.93,
      87677.734,
      96963.92,
      74239.18,
      84213.234,
      59357.79,
      57604.57,
      95688.85,
      96963.92,
      70095.21,
      60112.766,
      49920.605,
      47689.24,
      94095.016,
      98046.05,
      83852.52,
      58510.54,
      59198.406,
      46187.676,
      102601.06,
      98465.484,
      65716.35,
      64407.73,
      65137.543,
      87937.78,
      233178.14,
      201209.16,
      308356.84,
      241910.67,
      218120.58,
      309489.3,
      308088.4,
      281664.28,
      287427.25,
      245727.5,
      316225.34,
      244922.19,
      243882,
      300698.03,
      263461,
      363704.88,
      419648.5,
      476397.44,
      499717.78,
      492058.97,
      519556.8,
      655183.8,
      510581,
      494659.44,
      511889.62,
      489911.5,
      390707.8,
      519095.44,
      325217.94,
      456021.5,
      462816.28,
      451038.7,
      458026.38,
      541962.8,
      464905.03,
      489961.8,
      402628.03,
      68073.555,
      292502.38,
      463705.47,
      390867.2,
      457724.4,
      442901.72,
      486581.22,
      448194.94,
      513357.66,
      445477.03,
      446827.6,
      430218.16,
      395975.84,
      489433.34,
      403290.72,
      448480.16,
      396386.9,
      454410.9,
      484433.72,
      404146.34,
      481715.8,
      403978.6,
      453018.38,
      658035.94,
      413482.88,
      495263.4,
      549353.2,
      468847.7,
      570945.44,
      451978.2,
      571952.06,
      462514.28,
      549906.8,
      578126.06,
      462405.25,
      316871.28,
      340426.5,
      325704.47,
      282293.44,
      371917.3,
      409741.56,
      384760.28,
      520227.9,
      319220.1,
      354771,
      363990.1,
      325285.06,
      404230.25,
      357925.12,
      365105.78,
      455971.2,
      414766.34,
      498417.53,
      427785.47,
      419724,
      448211.72,
      473008.44,
      503064.8,
      549604.8,
      514162.94,
      439957.3,
      341592.5,
      472614.2,
      488015.66,
      504532.84,
      384500.25,
      437675.62,
      426065.78,
      480180.7,
      477110.47,
      429798.72,
      418851.6,
      402175.03,
      634472.4,
      485155.16,
      410739.8,
      411578.66,
      349410.7,
      450459.88,
      580147.75,
      512946.6,
      422911.7,
      457976.06,
      440771.03,
      356373.22,
      494676.22,
      534866.06,
      535839.1,
      525152,
      493677.97,
      497251.53,
      467304.2,
      363285.44,
      71529.664,
      87535.125,
      87157.64,
      66664.266,
      70665.63,
      5.402213e+06,
      7.407342e+06,
      5.0828675e+06,
      6.2137105e+06,
      8.261269e+06,
      7.2812615e+06,
      6.4934285e+06,
      3.7901072e+06,
      4.012028e+06,
      5.871858e+06,
      9.57313e+06,
      4.971039e+06,
      6.2871275e+06,
      1.6956212e+07,
      1.3639256e+07,
      1.4577689e+07,
      1.4171538e+07,
      1.3253657e+07,
      1.5840661e+07,
      1.6704931e+07,
      1.3082747e+07,
      1.5945855e+07,
      1.4710909e+07,
      1.3410155e+07,
      1.4810624e+07,
      1.5059053e+07,
      1.4439705e+07,
      1.2594564e+07,
      1.2785077e+07,
      1.3403888e+07,
      1.352398e+07,
      1.4385985e+07,
      1.769831e+07,
      1.6292782e+07,
      1.7967526e+07,
      1.4664688e+07,
      1.5123293e+07,
      1.8059558e+07,
      1.677746e+07,
      1.818198e+07,
      1.5422028e+07,
      1.2185166e+07,
      1.2590051e+07,
      1.0741931e+07,
      1.1133855e+07,
      1.8557706e+07,
      1.4436954e+07,
      1.4999695e+07,
      1.4128211e+07,
      1.685257e+07,
      9.14995e+06,
      1.4186092e+07,
      1.402842e+07,
      1.4995241e+07,
      1.369759e+07,
      9.293697e+06,
      7.313331e+06,
      7.535755e+06,
      1.203319e+07,
      1.3691534e+07,
      1.3262381e+07,
      1.2464012e+07,
      1.0725808e+07,
      1.5135263e+07,
      1.2326707e+07,
      1.6207604e+07,
      1.1716973e+07,
      1.4693897e+07,
      1.4033336e+07,
      9.311338e+06,
      7.5717675e+06,
      6.8440555e+06,
      1.4620505e+07,
      1.6865422e+07,
      1.6316648e+07,
      1.4026214e+07,
      1.063928e+07,
      6.8108365e+06,
      1.1082517e+07,
      1.1484709e+07,
      8.514831e+06,
      4.861819e+06,
      7.480667e+06,
      9.954887e+06,
      1.0203567e+07,
      1.4235862e+07,
      6.496138e+06,
      1.4828609e+07,
      1.6260134e+07,
      1.3649398e+07,
      1.1540099e+07,
      1.851484e+07,
      1.427653e+07,
      1.0800559e+07,
      1.9613144e+07,
      1.4361062e+07,
      1.2440448e+07,
      9.822674e+06,
      1.0917438e+07
    ],
    "outages": [
      {
        "cause": "BOOTING",
        "startTimestampNs": "1400878338205950005",
        "durationNs": "48494843104",
        "didSwitch": false
      },
      {
        "cause": "NO_SCHEDULE",
        "startTimestampNs": "1400878387140730015",
        "durationNs": "11559976437",
        "didSwitch": false
      },
      {
        "cause": "NO_PINGS",
        "startTimestampNs": "1400878399600641908",
        "durationNs": "14040140128",
        "didSwitch": false
      },
      {
        "cause": "NO_PINGS",
        "startTimestampNs": "1400878448980890571",
        "durationNs": "3359892931",
        "didSwitch": false
      },
      {
        "cause": "NO_PINGS",
        "startTimestampNs": "1400878740120727599",
        "durationNs": "880000099",
        "didSwitch": true
      },
      {
        "cause": "NO_PINGS",
        "startTimestampNs": "1400878754860773553",
        "durationNs": "1319948364",
        "didSwitch": true
      },
      {
        "cause": "NO_PINGS",
        "startTimestampNs": "1400878921120717804",
        "durationNs": "940044786",
        "didSwitch": true
      },
      {
        "cause": "NO_PINGS",
        "startTimestampNs": "1400878950020695059",
        "durationNs": "1800094762",
        "didSwitch": true
      },
      {
        "cause": "NO_DOWNLINK",
        "startTimestampNs": "1400879913460752834",
        "durationNs": "399996962",
        "didSwitch": true
      },
      {
        "cause": "NO_DOWNLINK",
        "startTimestampNs": "1400880271600797136",
        "durationNs": "919999021",
        "didSwitch": true
      },
      {
        "cause": "NO_DOWNLINK",
        "startTimestampNs": "1400880300060756684",
        "durationNs": "1760032252",
        "didSwitch": true
      },
      {
        "cause": "NO_PINGS",
        "startTimestampNs": "1400880393960699660",
        "durationNs": "700075799",
        "didSwitch": true
      },
      {
        "cause": "NO_PINGS",
        "startTimestampNs": "1400880479860761384",
        "durationNs": "399880177",
        "didSwitch": true
      },
      {
        "cause": "NO_DOWNLINK",
        "startTimestampNs": "1400880615820734379",
        "durationNs": "540020628",
        "didSwitch": true
      },
      {
        "cause": "NO_DOWNLINK",
        "startTimestampNs": "1400880751320793905",
        "durationNs": "800023402",
        "didSwitch": true
      },
      {
        "cause": "NO_DOWNLINK",
        "startTimestampNs": "1400881148660712243",
        "durationNs": "480204682",
        "didSwitch": true
      },
      {
        "cause": "NO_DOWNLINK",
        "startTimestampNs": "1400881338320756585",
        "durationNs": "560004028",
        "didSwitch": true
      },
      {
        "cause": "NO_DOWNLINK",
        "startTimestampNs": "1400881402360800321",
        "durationNs": "539954948",
        "didSwitch": true
      },
      {
        "cause": "NO_DOWNLINK",
        "startTimestampNs": "1400881780120784844",
        "durationNs": "579880870",
        "didSwitch": true
      }
    ]
  }
}
End time: 1716846849306
