Start time: 1716935964983
[2024-05-28 18:39:25.936773] nuttcp-r: v8.1.4: socket
[2024-05-28 18:39:25.937492] nuttcp-r: buflen=65536, nstream=1, port=5001 tcp
[2024-05-28 18:39:25.937542] nuttcp-r: interval reporting every 0.50 seconds
[2024-05-28 18:39:25.937575] nuttcp-r: connect to 35.245.244.238 with RTT=67.922 ms af=inet
[2024-05-28 18:39:25.937604] nuttcp-r: send window size = 1048576, receive window size = 4194304
[2024-05-28 18:39:25.937634] nuttcp-r: available send window = 786432, available receive window = 3145728
[2024-05-28 18:39:25.937664]     0.0000 MB /   0.50 sec =    0.0000 Mbps     0 retrans      0 KB-cwnd
[2024-05-28 18:39:26.435381]     0.3750 MB /   0.50 sec =    6.3114 Mbps     0 retrans     13 KB-cwnd
[2024-05-28 18:39:26.935284]     1.8125 MB /   0.50 sec =   30.4001 Mbps     0 retrans     13 KB-cwnd
[2024-05-28 18:39:27.434705]     2.6875 MB /   0.50 sec =   45.1026 Mbps     0 retrans     13 KB-cwnd
[2024-05-28 18:39:27.935069]     3.3750 MB /   0.50 sec =   56.6207 Mbps     0 retrans     13 KB-cwnd
[2024-05-28 18:39:28.435098]     4.0000 MB /   0.50 sec =   67.1109 Mbps     0 retrans     13 KB-cwnd
[2024-05-28 18:39:28.934746]     4.3750 MB /   0.50 sec =   73.4003 Mbps     0 retrans     13 KB-cwnd
[2024-05-28 18:39:29.434663]     5.0000 MB /   0.50 sec =   83.8888 Mbps     0 retrans     13 KB-cwnd
[2024-05-28 18:39:29.934730]     4.2500 MB /   0.50 sec =   71.3015 Mbps     0 retrans     13 KB-cwnd
[2024-05-28 18:39:30.434763]     4.3750 MB /   0.50 sec =   73.4038 Mbps     0 retrans     13 KB-cwnd
[2024-05-28 18:39:30.934686]     5.9375 MB /   0.50 sec =   99.6139 Mbps     0 retrans     13 KB-cwnd
[2024-05-28 18:39:31.434755]     4.8125 MB /   0.50 sec =   80.7350 Mbps     0 retrans     13 KB-cwnd
[2024-05-28 18:39:31.934757]     3.8750 MB /   0.50 sec =   65.0118 Mbps     0 retrans     13 KB-cwnd
[2024-05-28 18:39:32.435687]     2.5625 MB /   0.50 sec =   42.9116 Mbps     0 retrans     13 KB-cwnd
[2024-05-28 18:39:32.934727]     4.7500 MB /   0.50 sec =   79.8419 Mbps     0 retrans     13 KB-cwnd
[2024-05-28 18:39:33.435725]     3.8750 MB /   0.50 sec =   64.8861 Mbps     0 retrans     13 KB-cwnd
[2024-05-28 18:39:33.934750]     2.2500 MB /   0.50 sec =   37.8203 Mbps     0 retrans     13 KB-cwnd
[2024-05-28 18:39:34.434793]     2.0000 MB /   0.50 sec =   33.5511 Mbps     0 retrans     13 KB-cwnd
[2024-05-28 18:39:34.934842]     3.0000 MB /   0.50 sec =   50.3412 Mbps     0 retrans     13 KB-cwnd
[2024-05-28 18:39:35.435085]     3.6250 MB /   0.50 sec =   60.7723 Mbps     0 retrans     13 KB-cwnd
[2024-05-28 18:39:35.934829]     5.0625 MB /   0.50 sec =   84.9811 Mbps     0 retrans     13 KB-cwnd
[2024-05-28 18:39:36.434867]     2.2500 MB /   0.50 sec =   37.7449 Mbps     0 retrans     13 KB-cwnd
[2024-05-28 18:39:36.934726]     4.5000 MB /   0.50 sec =   75.5195 Mbps     0 retrans     13 KB-cwnd
[2024-05-28 18:39:37.435123]     3.7500 MB /   0.50 sec =   62.8651 Mbps     0 retrans     13 KB-cwnd
[2024-05-28 18:39:37.934730]     4.3750 MB /   0.50 sec =   73.4539 Mbps     0 retrans     13 KB-cwnd
[2024-05-28 18:39:38.434737]     3.3750 MB /   0.50 sec =   56.6238 Mbps     0 retrans     13 KB-cwnd
[2024-05-28 18:39:38.934733]     1.7500 MB /   0.50 sec =   29.3601 Mbps     0 retrans     13 KB-cwnd
[2024-05-28 18:39:39.434749]     2.8750 MB /   0.50 sec =   48.2303 Mbps     0 retrans     13 KB-cwnd
[2024-05-28 18:39:39.934764]     4.1250 MB /   0.50 sec =   69.2111 Mbps     0 retrans     13 KB-cwnd
[2024-05-28 18:39:40.434761]     3.6875 MB /   0.50 sec =   61.8662 Mbps     0 retrans     13 KB-cwnd
[2024-05-28 18:39:40.934783]     4.6875 MB /   0.50 sec =   78.6418 Mbps     0 retrans     13 KB-cwnd
[2024-05-28 18:39:41.434716]     4.0625 MB /   0.50 sec =   68.1602 Mbps     0 retrans     13 KB-cwnd
[2024-05-28 18:39:41.934782]     3.5000 MB /   0.50 sec =   58.7136 Mbps     0 retrans     13 KB-cwnd
[2024-05-28 18:39:42.434750]     4.2500 MB /   0.50 sec =   71.3106 Mbps     0 retrans     13 KB-cwnd
[2024-05-28 18:39:42.934748]     3.1250 MB /   0.50 sec =   52.4281 Mbps     0 retrans     13 KB-cwnd
[2024-05-28 18:39:43.434756]     1.3750 MB /   0.50 sec =   23.0687 Mbps     0 retrans     13 KB-cwnd
[2024-05-28 18:39:43.934744]     0.8750 MB /   0.50 sec =   14.6802 Mbps     0 retrans     13 KB-cwnd
[2024-05-28 18:39:44.434760]     0.8125 MB /   0.50 sec =   13.6309 Mbps     0 retrans     13 KB-cwnd
[2024-05-28 18:39:44.934804]     1.5625 MB /   0.50 sec =   26.2157 Mbps     0 retrans     13 KB-cwnd
[2024-05-28 18:39:45.434870]     2.0000 MB /   0.50 sec =   33.5480 Mbps     0 retrans     13 KB-cwnd
[2024-05-28 18:39:45.934708]     2.9375 MB /   0.50 sec =   49.2932 Mbps     0 retrans     13 KB-cwnd
[2024-05-28 18:39:46.434781]     1.9375 MB /   0.50 sec =   32.5053 Mbps     0 retrans     13 KB-cwnd
[2024-05-28 18:39:46.934753]     0.8750 MB /   0.50 sec =   14.6798 Mbps     0 retrans     13 KB-cwnd
[2024-05-28 18:39:47.434807]     0.1875 MB /   0.50 sec =    3.1454 Mbps     0 retrans     13 KB-cwnd
[2024-05-28 18:39:47.934838]     0.3125 MB /   0.50 sec =    5.2436 Mbps     0 retrans     13 KB-cwnd
[2024-05-28 18:39:48.434747]     0.3125 MB /   0.50 sec =    5.2427 Mbps     0 retrans     13 KB-cwnd
[2024-05-28 18:39:48.934764]     0.4375 MB /   0.50 sec =    7.3397 Mbps     0 retrans     13 KB-cwnd
[2024-05-28 18:39:49.434777]     0.3750 MB /   0.50 sec =    6.2912 Mbps     0 retrans     13 KB-cwnd
[2024-05-28 18:39:49.935313]     0.2500 MB /   0.50 sec =    4.1903 Mbps     0 retrans     13 KB-cwnd
[2024-05-28 18:39:50.435299]     0.0000 MB /   0.50 sec =    0.0000 Mbps     0 retrans     13 KB-cwnd
[2024-05-28 18:39:50.935999]     0.0000 MB /   0.50 sec =    0.0000 Mbps     0 retrans     13 KB-cwnd
[2024-05-28 18:39:51.434979]     0.0000 MB /   0.50 sec =    0.0000 Mbps     0 retrans     13 KB-cwnd
[2024-05-28 18:39:51.934795]     1.3125 MB /   0.50 sec =   22.0258 Mbps     0 retrans     13 KB-cwnd
[2024-05-28 18:39:52.434868]     0.3125 MB /   0.50 sec =    5.2417 Mbps     0 retrans     13 KB-cwnd
[2024-05-28 18:39:52.935151]     0.3125 MB /   0.50 sec =    5.2406 Mbps     0 retrans     13 KB-cwnd
[2024-05-28 18:39:53.434737]     0.5000 MB /   0.50 sec =    8.3950 Mbps     0 retrans     13 KB-cwnd
[2024-05-28 18:39:53.934866]     0.1875 MB /   0.50 sec =    3.1458 Mbps     0 retrans     13 KB-cwnd
[2024-05-28 18:39:54.434865]     0.6875 MB /   0.50 sec =   11.5321 Mbps     0 retrans     13 KB-cwnd
[2024-05-28 18:39:54.934733]     0.8750 MB /   0.50 sec =   14.6829 Mbps     0 retrans     13 KB-cwnd
[2024-05-28 18:39:55.434891]     0.5000 MB /   0.50 sec =    8.3863 Mbps     0 retrans     13 KB-cwnd
[2024-05-28 18:39:55.950922]     0.6875 MB /   0.52 sec =   11.1861 Mbps     0 retrans     13 KB-cwnd
[2024-05-28 18:39:56.434725]     1.1875 MB /   0.48 sec =   20.5691 Mbps     0 retrans     13 KB-cwnd
[2024-05-28 18:39:56.934808]     0.6250 MB /   0.50 sec =   10.4846 Mbps     0 retrans     13 KB-cwnd
[2024-05-28 18:39:57.434847]     1.0000 MB /   0.50 sec =   16.7736 Mbps     0 retrans     13 KB-cwnd
[2024-05-28 18:39:57.934780]     0.5625 MB /   0.50 sec =    9.4394 Mbps     0 retrans     13 KB-cwnd
[2024-05-28 18:39:58.434721]     1.4375 MB /   0.50 sec =   24.1192 Mbps     0 retrans     13 KB-cwnd
[2024-05-28 18:39:58.935737]     1.3750 MB /   0.50 sec =   23.0242 Mbps     0 retrans     13 KB-cwnd
[2024-05-28 18:39:59.435784]     0.8125 MB /   0.50 sec =   13.6305 Mbps     0 retrans     13 KB-cwnd
[2024-05-28 18:39:59.934768]     0.7500 MB /   0.50 sec =   12.6076 Mbps     0 retrans     13 KB-cwnd
[2024-05-28 18:40:00.434849]     0.6875 MB /   0.50 sec =   11.5349 Mbps     0 retrans     13 KB-cwnd
[2024-05-28 18:40:00.934781]     0.6875 MB /   0.50 sec =   11.5329 Mbps     0 retrans     13 KB-cwnd
[2024-05-28 18:40:01.434793]     0.5000 MB /   0.50 sec =    8.3886 Mbps     0 retrans     13 KB-cwnd
[2024-05-28 18:40:01.934798]     0.3125 MB /   0.50 sec =    5.2431 Mbps     0 retrans     13 KB-cwnd
[2024-05-28 18:40:02.434719]     0.5625 MB /   0.50 sec =    9.4379 Mbps     0 retrans     13 KB-cwnd
[2024-05-28 18:40:02.934714]     0.3125 MB /   0.50 sec =    5.2429 Mbps     0 retrans     13 KB-cwnd
[2024-05-28 18:40:03.434808]     0.3125 MB /   0.50 sec =    5.2426 Mbps     0 retrans     13 KB-cwnd
[2024-05-28 18:40:03.934713]     0.5625 MB /   0.50 sec =    9.4377 Mbps     0 retrans     13 KB-cwnd
[2024-05-28 18:40:04.434731]     0.5000 MB /   0.50 sec =    8.3885 Mbps     0 retrans     13 KB-cwnd
[2024-05-28 18:40:04.934871]     0.6250 MB /   0.50 sec =   10.4833 Mbps     0 retrans     13 KB-cwnd
[2024-05-28 18:40:05.434726]     0.7500 MB /   0.50 sec =   12.5858 Mbps     0 retrans     13 KB-cwnd
[2024-05-28 18:40:05.934702]     0.8125 MB /   0.50 sec =   13.6317 Mbps     0 retrans     13 KB-cwnd
[2024-05-28 18:40:06.435085]     0.8125 MB /   0.50 sec =   13.6220 Mbps     0 retrans     13 KB-cwnd
[2024-05-28 18:40:06.934716]     0.8750 MB /   0.50 sec =   14.6901 Mbps     0 retrans     13 KB-cwnd
[2024-05-28 18:40:07.434777]     0.9375 MB /   0.50 sec =   15.7271 Mbps     0 retrans     13 KB-cwnd
[2024-05-28 18:40:07.934752]     0.8750 MB /   0.50 sec =   14.6814 Mbps     0 retrans     13 KB-cwnd
[2024-05-28 18:40:08.434876]     0.9375 MB /   0.50 sec =   15.7296 Mbps     0 retrans     13 KB-cwnd
[2024-05-28 18:40:08.934871]     0.4375 MB /   0.50 sec =    7.3397 Mbps     0 retrans     13 KB-cwnd
[2024-05-28 18:40:09.434739]     1.0000 MB /   0.50 sec =   16.7768 Mbps     0 retrans     13 KB-cwnd
[2024-05-28 18:40:09.934716]     1.0000 MB /   0.50 sec =   16.7776 Mbps     0 retrans     13 KB-cwnd
[2024-05-28 18:40:10.434739]     1.2500 MB /   0.50 sec =   20.9708 Mbps     0 retrans     13 KB-cwnd
[2024-05-28 18:40:10.934736]     1.5000 MB /   0.50 sec =   25.1667 Mbps     0 retrans     13 KB-cwnd
[2024-05-28 18:40:11.434736]     1.5000 MB /   0.50 sec =   25.1655 Mbps     0 retrans     13 KB-cwnd
[2024-05-28 18:40:11.934758]     1.8125 MB /   0.50 sec =   30.4092 Mbps     0 retrans     13 KB-cwnd
[2024-05-28 18:40:12.434714]     2.0000 MB /   0.50 sec =   33.5547 Mbps     0 retrans     13 KB-cwnd
[2024-05-28 18:40:12.934890]     2.3125 MB /   0.50 sec =   38.7951 Mbps     0 retrans     13 KB-cwnd
[2024-05-28 18:40:13.434745]     1.8750 MB /   0.50 sec =   31.4587 Mbps     0 retrans     13 KB-cwnd
[2024-05-28 18:40:13.934847]     2.6875 MB /   0.50 sec =   45.0918 Mbps     0 retrans     13 KB-cwnd
[2024-05-28 18:40:14.435663]     2.0625 MB /   0.50 sec =   34.5378 Mbps     0 retrans     13 KB-cwnd
[2024-05-28 18:40:14.935819]     1.8125 MB /   0.50 sec =   30.4014 Mbps     0 retrans     13 KB-cwnd
[2024-05-28 18:40:15.434716]     3.3125 MB /   0.50 sec =   55.6896 Mbps     0 retrans     13 KB-cwnd
[2024-05-28 18:40:15.934743]     3.5000 MB /   0.50 sec =   58.7179 Mbps     0 retrans     13 KB-cwnd
[2024-05-28 18:40:16.434719]     3.8750 MB /   0.50 sec =   65.0143 Mbps     0 retrans     13 KB-cwnd
[2024-05-28 18:40:16.934717]     3.1250 MB /   0.50 sec =   52.4286 Mbps     0 retrans     13 KB-cwnd
[2024-05-28 18:40:17.434725]     3.3125 MB /   0.50 sec =   55.5746 Mbps     0 retrans     13 KB-cwnd
[2024-05-28 18:40:17.934735]     5.0625 MB /   0.50 sec =   84.9353 Mbps     0 retrans     13 KB-cwnd
[2024-05-28 18:40:18.434716]     4.3750 MB /   0.50 sec =   73.4003 Mbps     0 retrans     13 KB-cwnd
[2024-05-28 18:40:18.934982]     2.9375 MB /   0.50 sec =   49.2708 Mbps     0 retrans     13 KB-cwnd
[2024-05-28 18:40:19.434731]     3.7500 MB /   0.50 sec =   62.9292 Mbps     0 retrans     13 KB-cwnd
[2024-05-28 18:40:19.934838]     3.6250 MB /   0.50 sec =   60.8069 Mbps     0 retrans     13 KB-cwnd
[2024-05-28 18:40:20.435012]     3.5000 MB /   0.50 sec =   58.7185 Mbps     0 retrans     13 KB-cwnd
[2024-05-28 18:40:20.934785]     1.0625 MB /   0.50 sec =   17.8280 Mbps     0 retrans     13 KB-cwnd
[2024-05-28 18:40:21.434876]     2.2500 MB /   0.50 sec =   37.7419 Mbps     0 retrans     13 KB-cwnd
[2024-05-28 18:40:21.934720]     2.4375 MB /   0.50 sec =   40.9057 Mbps     0 retrans     13 KB-cwnd
[2024-05-28 18:40:22.434843]     2.0625 MB /   0.50 sec =   34.5954 Mbps     0 retrans     13 KB-cwnd
[2024-05-28 18:40:22.934763]     2.0625 MB /   0.50 sec =   34.6094 Mbps     0 retrans     13 KB-cwnd
[2024-05-28 18:40:23.434735]     3.4375 MB /   0.50 sec =   57.6727 Mbps     0 retrans     13 KB-cwnd
[2024-05-28 18:40:23.934714]     2.6250 MB /   0.50 sec =   44.0411 Mbps     0 retrans     13 KB-cwnd
[2024-05-28 18:40:24.434733]     3.9375 MB /   0.50 sec =   66.0583 Mbps     0 retrans     13 KB-cwnd
[2024-05-28 18:40:24.934791]     3.3125 MB /   0.50 sec =   55.5756 Mbps     0 retrans     13 KB-cwnd
[2024-05-28 18:40:25.434717]     3.9375 MB /   0.50 sec =   66.0600 Mbps     0 retrans     13 KB-cwnd
[2024-05-28 18:40:25.934822]     4.4375 MB /   0.50 sec =   74.4525 Mbps     0 retrans     13 KB-cwnd
[2024-05-28 18:40:26.434722]     3.8750 MB /   0.50 sec =   65.0092 Mbps     0 retrans     13 KB-cwnd
[2024-05-28 18:40:26.934718]     3.6875 MB /   0.50 sec =   61.8660 Mbps     0 retrans     13 KB-cwnd
[2024-05-28 18:40:27.434710]     3.5000 MB /   0.50 sec =   58.7200 Mbps     0 retrans     13 KB-cwnd
[2024-05-28 18:40:27.934836]     3.6250 MB /   0.50 sec =   60.8186 Mbps     0 retrans     13 KB-cwnd
[2024-05-28 18:40:28.434764]     3.8750 MB /   0.50 sec =   65.0069 Mbps     0 retrans     13 KB-cwnd
[2024-05-28 18:40:28.934735]     3.8125 MB /   0.50 sec =   63.9662 Mbps     0 retrans     13 KB-cwnd
[2024-05-28 18:40:29.435392]     4.4375 MB /   0.50 sec =   74.3528 Mbps     0 retrans     13 KB-cwnd
[2024-05-28 18:40:29.934757]     4.9375 MB /   0.50 sec =   82.9438 Mbps     0 retrans     13 KB-cwnd
[2024-05-28 18:40:30.434655]     5.0000 MB /   0.50 sec =   83.8913 Mbps     0 retrans     13 KB-cwnd
[2024-05-28 18:40:30.936035]     3.8125 MB /   0.50 sec =   63.7989 Mbps     0 retrans     13 KB-cwnd
[2024-05-28 18:40:31.434716]     3.3125 MB /   0.50 sec =   55.7157 Mbps     0 retrans     13 KB-cwnd
[2024-05-28 18:40:31.934732]     5.6250 MB /   0.50 sec =   94.3705 Mbps     0 retrans     13 KB-cwnd
[2024-05-28 18:40:32.434643]     4.5000 MB /   0.50 sec =   75.5031 Mbps     0 retrans     13 KB-cwnd
[2024-05-28 18:40:32.935086]     3.1875 MB /   0.50 sec =   53.4539 Mbps     0 retrans     13 KB-cwnd
[2024-05-28 18:40:33.435834]     2.2500 MB /   0.50 sec =   37.6926 Mbps     0 retrans     13 KB-cwnd
[2024-05-28 18:40:33.934846]     2.9375 MB /   0.50 sec =   49.3738 Mbps     0 retrans     13 KB-cwnd
[2024-05-28 18:40:34.434727]     3.8125 MB /   0.50 sec =   63.9649 Mbps     0 retrans     13 KB-cwnd
[2024-05-28 18:40:34.935717]     3.1250 MB /   0.50 sec =   52.3289 Mbps     0 retrans     13 KB-cwnd
[2024-05-28 18:40:35.434785]     3.2500 MB /   0.50 sec =   54.6233 Mbps     0 retrans     13 KB-cwnd
[2024-05-28 18:40:35.935876]     3.2500 MB /   0.50 sec =   54.4145 Mbps     0 retrans     13 KB-cwnd
[2024-05-28 18:40:36.434790]     2.5000 MB /   0.50 sec =   42.0292 Mbps     0 retrans     13 KB-cwnd
[2024-05-28 18:40:36.934697]     3.6250 MB /   0.50 sec =   60.8237 Mbps     0 retrans     13 KB-cwnd
[2024-05-28 18:40:37.435008]     3.6875 MB /   0.50 sec =   61.8323 Mbps     0 retrans     13 KB-cwnd
[2024-05-28 18:40:37.934925]     4.7500 MB /   0.50 sec =   79.7359 Mbps     0 retrans     13 KB-cwnd
[2024-05-28 18:40:38.434973]     4.4375 MB /   0.50 sec =   74.4278 Mbps     0 retrans     13 KB-cwnd
[2024-05-28 18:40:38.935084]     5.3750 MB /   0.50 sec =   90.1460 Mbps     0 retrans     13 KB-cwnd
[2024-05-28 18:40:39.434733]     5.0000 MB /   0.50 sec =   83.9386 Mbps     0 retrans     13 KB-cwnd
[2024-05-28 18:40:39.934746]     6.2500 MB /   0.50 sec =  104.8538 Mbps     0 retrans     13 KB-cwnd
[2024-05-28 18:40:40.434718]     5.3125 MB /   0.50 sec =   89.1347 Mbps     0 retrans     13 KB-cwnd
[2024-05-28 18:40:40.934720]     5.8750 MB /   0.50 sec =   98.5650 Mbps     0 retrans     13 KB-cwnd
[2024-05-28 18:40:41.434860]     5.8125 MB /   0.50 sec =   97.5156 Mbps     0 retrans     13 KB-cwnd
[2024-05-28 18:40:41.934737]     4.7500 MB /   0.50 sec =   79.6918 Mbps     0 retrans     13 KB-cwnd
[2024-05-28 18:40:42.434704]     4.1250 MB /   0.50 sec =   69.2082 Mbps     0 retrans     13 KB-cwnd
[2024-05-28 18:40:42.934874]     3.1250 MB /   0.50 sec =   52.4298 Mbps     0 retrans     13 KB-cwnd
[2024-05-28 18:40:43.434728]     4.8750 MB /   0.50 sec =   81.7835 Mbps     0 retrans     13 KB-cwnd
[2024-05-28 18:40:43.934717]     4.8125 MB /   0.50 sec =   80.7433 Mbps     0 retrans     13 KB-cwnd
[2024-05-28 18:40:44.434715]     4.3750 MB /   0.50 sec =   73.4003 Mbps     0 retrans     13 KB-cwnd
[2024-05-28 18:40:44.934931]     3.6250 MB /   0.50 sec =   60.8089 Mbps     0 retrans     13 KB-cwnd
[2024-05-28 18:40:45.435053]     4.3750 MB /   0.50 sec =   73.3628 Mbps     0 retrans   1290 KB-cwnd
[2024-05-28 18:40:45.934774]     5.6250 MB /   0.50 sec =   94.4274 Mbps     0 retrans   1290 KB-cwnd
[2024-05-28 18:40:46.434726]     5.5625 MB /   0.50 sec =   93.3270 Mbps     0 retrans   1290 KB-cwnd
[2024-05-28 18:40:46.934751]     5.1875 MB /   0.50 sec =   87.0327 Mbps     0 retrans   1290 KB-cwnd
[2024-05-28 18:40:47.434716]     5.4375 MB /   0.50 sec =   91.2278 Mbps     0 retrans   1290 KB-cwnd
[2024-05-28 18:40:47.934719]     5.9375 MB /   0.50 sec =   99.6141 Mbps     0 retrans   1290 KB-cwnd
[2024-05-28 18:40:48.434841]     5.7500 MB /   0.50 sec =   96.4732 Mbps     0 retrans   1290 KB-cwnd
[2024-05-28 18:40:48.936146]     2.6875 MB /   0.50 sec =   44.9665 Mbps     0 retrans   1290 KB-cwnd
[2024-05-28 18:40:49.434714]     3.6250 MB /   0.50 sec =   60.9805 Mbps     0 retrans   1290 KB-cwnd
[2024-05-28 18:40:49.934924]     5.0625 MB /   0.50 sec =   84.9248 Mbps     0 retrans   1290 KB-cwnd
[2024-05-28 18:40:50.434720]     6.0000 MB /   0.50 sec =  100.6780 Mbps     0 retrans   1290 KB-cwnd
[2024-05-28 18:40:50.934731]     5.4375 MB /   0.50 sec =   91.2216 Mbps     0 retrans   1290 KB-cwnd
[2024-05-28 18:40:51.434723]     4.8125 MB /   0.50 sec =   80.7426 Mbps     0 retrans   1290 KB-cwnd
[2024-05-28 18:40:51.934908]     6.2500 MB /   0.50 sec =  104.8557 Mbps     0 retrans   1290 KB-cwnd
[2024-05-28 18:40:52.434730]     3.8125 MB /   0.50 sec =   63.9649 Mbps     0 retrans   1290 KB-cwnd
[2024-05-28 18:40:52.934754]     2.5625 MB /   0.50 sec =   42.9902 Mbps     0 retrans   1290 KB-cwnd
[2024-05-28 18:40:53.434757]     3.6250 MB /   0.50 sec =   60.8156 Mbps     0 retrans   1290 KB-cwnd
[2024-05-28 18:40:53.934875]     3.4375 MB /   0.50 sec =   57.6753 Mbps     0 retrans   1290 KB-cwnd
[2024-05-28 18:40:54.435095]     3.5000 MB /   0.50 sec =   58.6788 Mbps     0 retrans   1290 KB-cwnd
[2024-05-28 18:40:54.934855]     4.3125 MB /   0.50 sec =   72.3882 Mbps     0 retrans   1290 KB-cwnd
[2024-05-28 18:40:55.435428]     3.9375 MB /   0.50 sec =   65.9851 Mbps     0 retrans   1290 KB-cwnd
[2024-05-28 18:40:55.935083]     5.0625 MB /   0.50 sec =   85.0437 Mbps     0 retrans   1290 KB-cwnd
[2024-05-28 18:40:56.435149]     4.6250 MB /   0.50 sec =   77.5343 Mbps     0 retrans   1290 KB-cwnd
[2024-05-28 18:40:56.934732]     3.8750 MB /   0.50 sec =   65.0652 Mbps     0 retrans   1290 KB-cwnd
[2024-05-28 18:40:57.434732]     6.2500 MB /   0.50 sec =  104.8572 Mbps     0 retrans   1290 KB-cwnd
[2024-05-28 18:40:57.934730]     6.4375 MB /   0.50 sec =  108.0022 Mbps     0 retrans   1290 KB-cwnd
[2024-05-28 18:40:58.434760]     5.0625 MB /   0.50 sec =   84.9323 Mbps     0 retrans   1290 KB-cwnd
[2024-05-28 18:40:58.934709]     2.8125 MB /   0.50 sec =   47.1887 Mbps     0 retrans   1290 KB-cwnd
[2024-05-28 18:40:59.434910]     2.8125 MB /   0.50 sec =   47.1883 Mbps     0 retrans   1290 KB-cwnd
[2024-05-28 18:40:59.935042]     4.2500 MB /   0.50 sec =   71.2547 Mbps     0 retrans   1290 KB-cwnd
[2024-05-28 18:41:00.435122]     5.6875 MB /   0.50 sec =   95.4783 Mbps     0 retrans   1873 KB-cwnd
[2024-05-28 18:41:00.935085]     3.3125 MB /   0.50 sec =   55.5358 Mbps     0 retrans   1873 KB-cwnd
[2024-05-28 18:41:01.434723]     2.8125 MB /   0.50 sec =   47.2194 Mbps     0 retrans   1873 KB-cwnd
[2024-05-28 18:41:01.934734]     5.0625 MB /   0.50 sec =   84.9341 Mbps     0 retrans   1873 KB-cwnd
[2024-05-28 18:41:02.434797]     4.1875 MB /   0.50 sec =   70.2459 Mbps     0 retrans   1873 KB-cwnd
[2024-05-28 18:41:02.934734]     3.3125 MB /   0.50 sec =   55.5811 Mbps     0 retrans   1873 KB-cwnd
[2024-05-28 18:41:03.434710]     2.0000 MB /   0.50 sec =   33.5552 Mbps     0 retrans   1873 KB-cwnd
[2024-05-28 18:41:03.934649]     4.7500 MB /   0.50 sec =   79.6950 Mbps     0 retrans   1873 KB-cwnd
[2024-05-28 18:41:04.434721]     6.3125 MB /   0.50 sec =  105.9022 Mbps     0 retrans   1873 KB-cwnd
[2024-05-28 18:41:04.934853]     5.9375 MB /   0.50 sec =   99.6165 Mbps     0 retrans   1873 KB-cwnd
[2024-05-28 18:41:05.435098]     5.1250 MB /   0.50 sec =   85.9184 Mbps     0 retrans   1873 KB-cwnd
[2024-05-28 18:41:05.935723]     5.7500 MB /   0.50 sec =   96.3541 Mbps     0 retrans   1873 KB-cwnd
[2024-05-28 18:41:06.434924]     0.8125 MB /   0.50 sec =   13.6533 Mbps     0 retrans   1873 KB-cwnd
[2024-05-28 18:41:06.935218]     5.3125 MB /   0.50 sec =   89.1523 Mbps     0 retrans   1873 KB-cwnd
[2024-05-28 18:41:07.435943]     3.0000 MB /   0.50 sec =   50.2156 Mbps     0 retrans   1873 KB-cwnd
[2024-05-28 18:41:07.934720]     3.6250 MB /   0.50 sec =   60.9610 Mbps     0 retrans   1873 KB-cwnd
[2024-05-28 18:41:08.434814]     3.7500 MB /   0.50 sec =   62.9066 Mbps     0 retrans   1873 KB-cwnd
[2024-05-28 18:41:08.934844]     5.6875 MB /   0.50 sec =   95.4149 Mbps     0 retrans   1873 KB-cwnd
[2024-05-28 18:41:09.434722]     4.2500 MB /   0.50 sec =   71.3173 Mbps     0 retrans   1873 KB-cwnd
[2024-05-28 18:41:09.934733]     4.3125 MB /   0.50 sec =   72.3512 Mbps     0 retrans   1873 KB-cwnd
[2024-05-28 18:41:10.434661]     4.1250 MB /   0.50 sec =   69.2096 Mbps     0 retrans   1873 KB-cwnd
[2024-05-28 18:41:10.935137]     5.1250 MB /   0.50 sec =   85.9090 Mbps     0 retrans   1873 KB-cwnd
[2024-05-28 18:41:11.434838]     5.8125 MB /   0.50 sec =   97.6027 Mbps     0 retrans   1873 KB-cwnd
[2024-05-28 18:41:11.934725]     4.1250 MB /   0.50 sec =   69.2026 Mbps     0 retrans   1873 KB-cwnd
[2024-05-28 18:41:12.434724]     2.8125 MB /   0.50 sec =   47.1854 Mbps     0 retrans   1873 KB-cwnd
[2024-05-28 18:41:12.934742]     3.5625 MB /   0.50 sec =   59.7687 Mbps     0 retrans   1873 KB-cwnd
[2024-05-28 18:41:13.434703]     3.9375 MB /   0.50 sec =   66.0617 Mbps     0 retrans   1873 KB-cwnd
[2024-05-28 18:41:13.934776]     4.4375 MB /   0.50 sec =   74.4431 Mbps     0 retrans   1873 KB-cwnd
[2024-05-28 18:41:14.434726]     5.3125 MB /   0.50 sec =   89.1354 Mbps     0 retrans   1873 KB-cwnd
[2024-05-28 18:41:14.934849]     5.0000 MB /   0.50 sec =   83.8856 Mbps     0 retrans   1857 KB-cwnd
[2024-05-28 18:41:15.434720]     4.1875 MB /   0.50 sec =   70.2550 Mbps     0 retrans   1857 KB-cwnd
[2024-05-28 18:41:15.934895]     4.0000 MB /   0.50 sec =   67.1075 Mbps     0 retrans   1857 KB-cwnd
[2024-05-28 18:41:16.435716]     3.1875 MB /   0.50 sec =   53.3753 Mbps     0 retrans   1857 KB-cwnd
[2024-05-28 18:41:16.934748]     2.3125 MB /   0.50 sec =   38.8705 Mbps     0 retrans   1857 KB-cwnd
[2024-05-28 18:41:17.434734]     4.0625 MB /   0.50 sec =   68.1598 Mbps     8 retrans   2037 KB-cwnd
[2024-05-28 18:41:17.935148]     3.2500 MB /   0.50 sec =   54.4976 Mbps     0 retrans   2037 KB-cwnd
[2024-05-28 18:41:18.435152]     4.1250 MB /   0.50 sec =   69.1895 Mbps     0 retrans   2037 KB-cwnd
[2024-05-28 18:41:18.934759]     4.1875 MB /   0.50 sec =   70.3086 Mbps     0 retrans   2037 KB-cwnd
[2024-05-28 18:41:19.434737]     4.5625 MB /   0.50 sec =   76.5447 Mbps     0 retrans   2037 KB-cwnd
[2024-05-28 18:41:19.934780]     4.5625 MB /   0.50 sec =   76.5401 Mbps     0 retrans   2037 KB-cwnd
[2024-05-28 18:41:20.434720]     5.1250 MB /   0.50 sec =   85.9913 Mbps     0 retrans   2037 KB-cwnd
[2024-05-28 18:41:20.934721]     5.8125 MB /   0.50 sec =   97.5168 Mbps     0 retrans   2037 KB-cwnd
[2024-05-28 18:41:21.434895]     4.6250 MB /   0.50 sec =   77.5929 Mbps     0 retrans   2037 KB-cwnd
[2024-05-28 18:41:21.934711]     3.8125 MB /   0.50 sec =   63.9662 Mbps     0 retrans   2037 KB-cwnd
[2024-05-28 18:41:22.434725]     2.1875 MB /   0.50 sec =   36.6995 Mbps     0 retrans   2037 KB-cwnd
[2024-05-28 18:41:22.934888]     2.2500 MB /   0.50 sec =   37.7485 Mbps     0 retrans   2037 KB-cwnd
[2024-05-28 18:41:23.434688]     2.0625 MB /   0.50 sec =   34.6036 Mbps     0 retrans   2037 KB-cwnd
[2024-05-28 18:41:23.934746]     3.0000 MB /   0.50 sec =   50.3304 Mbps     0 retrans   2037 KB-cwnd
[2024-05-28 18:41:24.434752]     2.5625 MB /   0.50 sec =   42.9920 Mbps     0 retrans   2037 KB-cwnd
[2024-05-28 18:41:24.934663]     3.6875 MB /   0.50 sec =   61.8681 Mbps     0 retrans   2037 KB-cwnd
[2024-05-28 18:41:25.435083]     2.3125 MB /   0.50 sec =   38.7703 Mbps     0 retrans   2037 KB-cwnd
[2024-05-28 18:41:25.934720]     3.3125 MB /   0.50 sec =   55.6120 Mbps     0 retrans   2037 KB-cwnd
[2024-05-28 18:41:26.435049]     3.0625 MB /   0.50 sec =   51.3477 Mbps     0 retrans   2037 KB-cwnd
[2024-05-28 18:41:26.934866]     3.6875 MB /   0.50 sec =   61.9077 Mbps     0 retrans   2037 KB-cwnd
[2024-05-28 18:41:27.435692]     2.8750 MB /   0.50 sec =   48.1462 Mbps     0 retrans   2037 KB-cwnd
[2024-05-28 18:41:27.934841]     4.3750 MB /   0.50 sec =   73.5316 Mbps     0 retrans   2037 KB-cwnd
[2024-05-28 18:41:28.434722]     3.5000 MB /   0.50 sec =   58.7205 Mbps     0 retrans   2037 KB-cwnd
[2024-05-28 18:41:28.934777]     2.5000 MB /   0.50 sec =   41.9382 Mbps     0 retrans   2037 KB-cwnd
[2024-05-28 18:41:29.434727]     4.1250 MB /   0.50 sec =   69.2139 Mbps     0 retrans   2037 KB-cwnd
[2024-05-28 18:41:29.934727]     4.1250 MB /   0.50 sec =   69.2060 Mbps     0 retrans   2037 KB-cwnd
[2024-05-28 18:41:30.434752]     4.1250 MB /   0.50 sec =   69.2060 Mbps     0 retrans   2037 KB-cwnd
[2024-05-28 18:41:30.934689]     5.0625 MB /   0.50 sec =   84.9374 Mbps     0 retrans   2037 KB-cwnd
[2024-05-28 18:41:31.434743]     4.4375 MB /   0.50 sec =   74.4452 Mbps     0 retrans   2037 KB-cwnd
[2024-05-28 18:41:31.934715]     5.8125 MB /   0.50 sec =   97.5197 Mbps     0 retrans   2037 KB-cwnd
[2024-05-28 18:41:32.434883]     4.3125 MB /   0.50 sec =   72.3502 Mbps     0 retrans   2037 KB-cwnd
[2024-05-28 18:41:32.934732]     2.9375 MB /   0.50 sec =   49.2839 Mbps     0 retrans   2037 KB-cwnd
[2024-05-28 18:41:33.434908]     4.5000 MB /   0.50 sec =   75.5014 Mbps     0 retrans   2037 KB-cwnd
[2024-05-28 18:41:33.936023]     4.8125 MB /   0.50 sec =   80.5350 Mbps     0 retrans   2037 KB-cwnd
[2024-05-28 18:41:34.435988]     1.8125 MB /   0.50 sec =   30.4131 Mbps     0 retrans   2037 KB-cwnd
[2024-05-28 18:41:34.934711]     3.8750 MB /   0.50 sec =   65.1656 Mbps     0 retrans   2037 KB-cwnd
[2024-05-28 18:41:35.434735]     3.3125 MB /   0.50 sec =   55.5745 Mbps     0 retrans   2037 KB-cwnd
[2024-05-28 18:41:35.934773]     4.1250 MB /   0.50 sec =   69.2017 Mbps     0 retrans   2383 KB-cwnd
[2024-05-28 18:41:36.434721]     5.6250 MB /   0.50 sec =   94.3779 Mbps     0 retrans   2383 KB-cwnd
[2024-05-28 18:41:36.934764]     5.3750 MB /   0.50 sec =   90.1685 Mbps     0 retrans   2383 KB-cwnd
[2024-05-28 18:41:37.434750]     3.8750 MB /   0.50 sec =   65.0170 Mbps     0 retrans   2383 KB-cwnd
[2024-05-28 18:41:37.935099]     3.0000 MB /   0.50 sec =   50.3136 Mbps     0 retrans   2383 KB-cwnd
[2024-05-28 18:41:38.435056]     1.9375 MB /   0.50 sec =   32.4962 Mbps     0 retrans   2383 KB-cwnd
[2024-05-28 18:41:38.934762]     2.1250 MB /   0.50 sec =   35.6722 Mbps     0 retrans   2383 KB-cwnd
[2024-05-28 18:41:39.435720]     1.8750 MB /   0.50 sec =   31.3993 Mbps     0 retrans   2383 KB-cwnd
[2024-05-28 18:41:39.934713]     3.3125 MB /   0.50 sec =   55.6826 Mbps     0 retrans   2383 KB-cwnd
[2024-05-28 18:41:40.434707]     1.5000 MB /   0.50 sec =   25.1661 Mbps     0 retrans   2383 KB-cwnd
[2024-05-28 18:41:40.934735]     5.2500 MB /   0.50 sec =   88.0792 Mbps     0 retrans   2383 KB-cwnd
[2024-05-28 18:41:41.434857]     4.4375 MB /   0.50 sec =   74.4484 Mbps     0 retrans   2383 KB-cwnd
[2024-05-28 18:41:41.934855]     3.1875 MB /   0.50 sec =   53.4655 Mbps     0 retrans   2383 KB-cwnd
[2024-05-28 18:41:42.434790]     2.0625 MB /   0.50 sec =   34.6066 Mbps     0 retrans   2383 KB-cwnd
[2024-05-28 18:41:42.934920]     3.3750 MB /   0.50 sec =   56.6129 Mbps     0 retrans   2383 KB-cwnd
[2024-05-28 18:41:43.434856]     3.2500 MB /   0.50 sec =   54.5449 Mbps     0 retrans   2383 KB-cwnd
[2024-05-28 18:41:43.934790]     3.6875 MB /   0.50 sec =   61.8563 Mbps     0 retrans   2383 KB-cwnd
[2024-05-28 18:41:44.434713]     2.3750 MB /   0.50 sec =   39.8506 Mbps     0 retrans   2383 KB-cwnd
[2024-05-28 18:41:44.934711]     1.9375 MB /   0.50 sec =   32.5060 Mbps     0 retrans   2383 KB-cwnd
End time: 1716936105030
