Start time: 1716823126160
[2024-05-27 11:18:46.962385] nuttcp-r: v8.1.4: socket
[2024-05-27 11:18:46.963864] nuttcp-r: buflen=65536, nstream=1, port=5003 tcp
[2024-05-27 11:18:46.964025] nuttcp-r: interval reporting every 0.50 seconds
[2024-05-27 11:18:46.964143] nuttcp-r: connect to 35.245.244.238 with RTT=49.784 ms af=inet
[2024-05-27 11:18:46.964266] nuttcp-r: send window size = 1048576, receive window size = 1048576
[2024-05-27 11:18:46.964388] nuttcp-r: available send window = 786432, available receive window = 786432
[2024-05-27 11:18:46.964511]     0.1250 MB /   0.50 sec =    2.0961 Mbps     0 retrans     13 KB-cwnd
[2024-05-27 11:18:47.462998]     0.5625 MB /   0.50 sec =    9.4246 Mbps     0 retrans     13 KB-cwnd
[2024-05-27 11:18:47.961707]     0.5625 MB /   0.50 sec =    9.4527 Mbps     0 retrans     13 KB-cwnd
[2024-05-27 11:18:48.462165]     0.6875 MB /   0.50 sec =   11.5338 Mbps     0 retrans     13 KB-cwnd
[2024-05-27 11:18:48.962581]     0.7500 MB /   0.50 sec =   12.5625 Mbps     0 retrans     13 KB-cwnd
[2024-05-27 11:18:49.463564]     1.1875 MB /   0.50 sec =   19.8864 Mbps     0 retrans     13 KB-cwnd
[2024-05-27 11:18:49.961663]     1.7500 MB /   0.50 sec =   29.4653 Mbps     0 retrans     13 KB-cwnd
[2024-05-27 11:18:50.461757]     2.5000 MB /   0.50 sec =   41.9388 Mbps     0 retrans     13 KB-cwnd
[2024-05-27 11:18:50.962265]     2.5625 MB /   0.50 sec =   42.9934 Mbps     0 retrans     13 KB-cwnd
[2024-05-27 11:18:51.462169]     4.0625 MB /   0.50 sec =   68.1606 Mbps     0 retrans     13 KB-cwnd
[2024-05-27 11:18:51.961677]     4.7500 MB /   0.50 sec =   79.6931 Mbps     0 retrans     13 KB-cwnd
[2024-05-27 11:18:52.461741]     6.2500 MB /   0.50 sec =  104.8442 Mbps     0 retrans     13 KB-cwnd
[2024-05-27 11:18:52.962357]     3.6875 MB /   0.50 sec =   61.7850 Mbps     0 retrans     13 KB-cwnd
[2024-05-27 11:18:53.464900]     0.0000 MB /   0.50 sec =    0.0000 Mbps     0 retrans     13 KB-cwnd
[2024-05-27 11:18:53.961571]     0.0000 MB /   0.50 sec =    0.0000 Mbps     0 retrans     13 KB-cwnd
[2024-05-27 11:18:54.462166]     0.9375 MB /   0.50 sec =   15.7122 Mbps     0 retrans     13 KB-cwnd
[2024-05-27 11:18:54.963155]     1.5000 MB /   0.50 sec =   25.1187 Mbps     0 retrans     13 KB-cwnd
[2024-05-27 11:18:55.461651]     0.5000 MB /   0.50 sec =    8.4132 Mbps     0 retrans     13 KB-cwnd
[2024-05-27 11:18:55.961763]     1.8750 MB /   0.50 sec =   31.4551 Mbps     0 retrans     13 KB-cwnd
[2024-05-27 11:18:56.461882]     1.5625 MB /   0.50 sec =   26.2010 Mbps     0 retrans     13 KB-cwnd
[2024-05-27 11:18:56.962140]     1.3125 MB /   0.50 sec =   22.0288 Mbps     0 retrans     13 KB-cwnd
[2024-05-27 11:18:57.461638]     2.3750 MB /   0.50 sec =   39.8519 Mbps     0 retrans     13 KB-cwnd
[2024-05-27 11:18:57.962081]     2.8750 MB /   0.50 sec =   48.2244 Mbps     0 retrans     13 KB-cwnd
[2024-05-27 11:18:58.461786]     3.4375 MB /   0.50 sec =   57.6635 Mbps     0 retrans     13 KB-cwnd
[2024-05-27 11:18:58.961720]     3.3125 MB /   0.50 sec =   55.5889 Mbps     0 retrans     13 KB-cwnd
[2024-05-27 11:18:59.461796]     4.0000 MB /   0.50 sec =   67.1040 Mbps     0 retrans     13 KB-cwnd
[2024-05-27 11:18:59.962348]     4.0000 MB /   0.50 sec =   67.0428 Mbps     0 retrans     13 KB-cwnd
[2024-05-27 11:19:00.461782]     4.3750 MB /   0.50 sec =   73.4788 Mbps     0 retrans     13 KB-cwnd
[2024-05-27 11:19:00.961984]     1.1250 MB /   0.50 sec =   18.8699 Mbps     0 retrans     13 KB-cwnd
[2024-05-27 11:19:01.461632]     2.4375 MB /   0.50 sec =   40.9071 Mbps     0 retrans     13 KB-cwnd
[2024-05-27 11:19:01.961618]     2.1875 MB /   0.50 sec =   36.6987 Mbps     0 retrans     13 KB-cwnd
[2024-05-27 11:19:02.461992]     2.2500 MB /   0.50 sec =   37.7523 Mbps     0 retrans     13 KB-cwnd
[2024-05-27 11:19:02.962356]     3.0000 MB /   0.50 sec =   50.2650 Mbps     0 retrans     13 KB-cwnd
[2024-05-27 11:19:03.462270]     2.1250 MB /   0.50 sec =   35.6960 Mbps     0 retrans     13 KB-cwnd
[2024-05-27 11:19:03.961691]     2.3750 MB /   0.50 sec =   39.8451 Mbps     0 retrans     13 KB-cwnd
[2024-05-27 11:19:04.462200]     2.6875 MB /   0.50 sec =   45.0879 Mbps     0 retrans     13 KB-cwnd
[2024-05-27 11:19:04.962850]     3.6875 MB /   0.50 sec =   61.8006 Mbps     0 retrans     13 KB-cwnd
[2024-05-27 11:19:05.461693]     3.5000 MB /   0.50 sec =   58.7857 Mbps     0 retrans     13 KB-cwnd
[2024-05-27 11:19:05.961695]     4.2500 MB /   0.50 sec =   71.3022 Mbps     0 retrans     13 KB-cwnd
[2024-05-27 11:19:06.462293]     3.9375 MB /   0.50 sec =   66.0594 Mbps     0 retrans     13 KB-cwnd
[2024-05-27 11:19:06.961725]     4.9375 MB /   0.50 sec =   82.8368 Mbps     0 retrans     13 KB-cwnd
[2024-05-27 11:19:07.461627]     3.5000 MB /   0.50 sec =   58.7232 Mbps     0 retrans     13 KB-cwnd
[2024-05-27 11:19:07.961800]     2.0000 MB /   0.50 sec =   33.5501 Mbps     0 retrans     13 KB-cwnd
[2024-05-27 11:19:08.461589]     5.5000 MB /   0.50 sec =   92.2917 Mbps     0 retrans     13 KB-cwnd
[2024-05-27 11:19:08.961655]     4.1875 MB /   0.50 sec =   70.2505 Mbps     0 retrans     13 KB-cwnd
[2024-05-27 11:19:09.461693]     2.8125 MB /   0.50 sec =   47.1886 Mbps     0 retrans     13 KB-cwnd
[2024-05-27 11:19:09.961639]     1.0000 MB /   0.50 sec =   16.7761 Mbps     0 retrans     13 KB-cwnd
[2024-05-27 11:19:10.461607]     0.0000 MB /   0.50 sec =    0.0000 Mbps     0 retrans     13 KB-cwnd
[2024-05-27 11:19:10.961734]     1.4375 MB /   0.50 sec =   24.1163 Mbps     0 retrans     13 KB-cwnd
[2024-05-27 11:19:11.461767]     1.6875 MB /   0.50 sec =   28.3130 Mbps     0 retrans     13 KB-cwnd
[2024-05-27 11:19:11.962356]     3.3750 MB /   0.50 sec =   56.6240 Mbps     0 retrans     13 KB-cwnd
[2024-05-27 11:19:12.463333]     3.0000 MB /   0.50 sec =   50.2898 Mbps     0 retrans     13 KB-cwnd
[2024-05-27 11:19:12.962436]     1.6875 MB /   0.50 sec =   28.3248 Mbps     0 retrans     13 KB-cwnd
[2024-05-27 11:19:13.461659]     4.8125 MB /   0.50 sec =   80.7754 Mbps     0 retrans     27 KB-cwnd
[2024-05-27 11:19:13.962230]     5.0000 MB /   0.50 sec =   83.8018 Mbps     0 retrans     27 KB-cwnd
[2024-05-27 11:19:14.463974]     2.4375 MB /   0.50 sec =   40.7939 Mbps     0 retrans     27 KB-cwnd
[2024-05-27 11:19:14.961825]     5.2500 MB /   0.50 sec =   88.3828 Mbps     0 retrans     27 KB-cwnd
[2024-05-27 11:19:15.462030]     3.8750 MB /   0.50 sec =   64.9682 Mbps     0 retrans     27 KB-cwnd
[2024-05-27 11:19:15.964197]     5.0625 MB /   0.50 sec =   84.5838 Mbps     0 retrans     27 KB-cwnd
[2024-05-27 11:19:16.461559]     4.8750 MB /   0.50 sec =   82.1903 Mbps     0 retrans     27 KB-cwnd
[2024-05-27 11:19:16.961644]     6.0000 MB /   0.50 sec =  100.6591 Mbps     0 retrans     27 KB-cwnd
[2024-05-27 11:19:17.462186]     6.9375 MB /   0.50 sec =  116.3933 Mbps     0 retrans     27 KB-cwnd
[2024-05-27 11:19:17.961674]     7.5625 MB /   0.50 sec =  126.8823 Mbps     0 retrans     27 KB-cwnd
[2024-05-27 11:19:18.462283]     7.5000 MB /   0.50 sec =  125.7398 Mbps     0 retrans     27 KB-cwnd
[2024-05-27 11:19:18.962301]     8.8125 MB /   0.50 sec =  147.9025 Mbps     0 retrans     27 KB-cwnd
[2024-05-27 11:19:19.461705]     9.3750 MB /   0.50 sec =  157.3358 Mbps     0 retrans     27 KB-cwnd
[2024-05-27 11:19:19.961650]    10.6875 MB /   0.50 sec =  179.3090 Mbps     0 retrans     27 KB-cwnd
[2024-05-27 11:19:20.463724]     9.3750 MB /   0.50 sec =  156.7769 Mbps     0 retrans     27 KB-cwnd
[2024-05-27 11:19:20.962790]    13.1875 MB /   0.50 sec =  221.6947 Mbps     0 retrans     27 KB-cwnd
[2024-05-27 11:19:21.461986]    12.0625 MB /   0.50 sec =  202.6256 Mbps     0 retrans     27 KB-cwnd
[2024-05-27 11:19:21.962163]    15.3125 MB /   0.50 sec =  256.8965 Mbps     0 retrans     38 KB-cwnd
[2024-05-27 11:19:22.461735]    14.6250 MB /   0.50 sec =  245.3550 Mbps     0 retrans     38 KB-cwnd
[2024-05-27 11:19:22.962065]    15.4375 MB /   0.50 sec =  258.9667 Mbps     0 retrans     38 KB-cwnd
[2024-05-27 11:19:23.462127]    13.6250 MB /   0.50 sec =  228.6234 Mbps     0 retrans     38 KB-cwnd
[2024-05-27 11:19:23.961691]    15.5625 MB /   0.50 sec =  261.0813 Mbps     0 retrans     38 KB-cwnd
[2024-05-27 11:19:24.461641]    11.6250 MB /   0.50 sec =  195.0546 Mbps     0 retrans     38 KB-cwnd
[2024-05-27 11:19:24.961966]    15.3125 MB /   0.50 sec =  256.8682 Mbps     0 retrans     38 KB-cwnd
[2024-05-27 11:19:25.462207]    12.0625 MB /   0.50 sec =  202.3893 Mbps     0 retrans     38 KB-cwnd
[2024-05-27 11:19:25.963420]    12.9375 MB /   0.50 sec =  216.8302 Mbps     0 retrans     59 KB-cwnd
[2024-05-27 11:19:26.461589]    13.9375 MB /   0.50 sec =  234.0970 Mbps     0 retrans     66 KB-cwnd
[2024-05-27 11:19:26.961761]     0.0625 MB /   0.50 sec =    1.0484 Mbps     0 retrans     66 KB-cwnd
[2024-05-27 11:19:27.462260]     2.8750 MB /   0.50 sec =   48.2332 Mbps     0 retrans     66 KB-cwnd
[2024-05-27 11:19:27.961710]     8.2500 MB /   0.50 sec =  138.4217 Mbps     0 retrans     66 KB-cwnd
[2024-05-27 11:19:28.461577]    11.8750 MB /   0.50 sec =  199.2430 Mbps     0 retrans     66 KB-cwnd
[2024-05-27 11:19:28.962140]     8.1875 MB /   0.50 sec =  137.3429 Mbps  4602 retrans   1094 KB-cwnd
[2024-05-27 11:19:29.461900]    10.3125 MB /   0.50 sec =  173.0400 Mbps     0 retrans   1094 KB-cwnd
[2024-05-27 11:19:29.961656]     8.8750 MB /   0.50 sec =  148.9008 Mbps     0 retrans   1094 KB-cwnd
[2024-05-27 11:19:30.462564]     7.0000 MB /   0.50 sec =  117.3265 Mbps     0 retrans   1094 KB-cwnd
[2024-05-27 11:19:30.962107]    10.1875 MB /   0.50 sec =  171.0506 Mbps     0 retrans   1094 KB-cwnd
[2024-05-27 11:19:31.462571]    10.3750 MB /   0.50 sec =  173.9359 Mbps     0 retrans   1094 KB-cwnd
[2024-05-27 11:19:31.961667]     7.1250 MB /   0.50 sec =  119.6441 Mbps     0 retrans   1094 KB-cwnd
[2024-05-27 11:19:32.461648]    11.0000 MB /   0.50 sec =  184.5490 Mbps     0 retrans   1094 KB-cwnd
[2024-05-27 11:19:32.961998]    11.0625 MB /   0.50 sec =  185.5775 Mbps     0 retrans   1094 KB-cwnd
[2024-05-27 11:19:33.462134]    11.0000 MB /   0.50 sec =  184.5638 Mbps     0 retrans   1094 KB-cwnd
[2024-05-27 11:19:33.963163]     9.9375 MB /   0.50 sec =  166.3490 Mbps     0 retrans   1094 KB-cwnd
[2024-05-27 11:19:34.462632]     9.3125 MB /   0.50 sec =  156.3007 Mbps     0 retrans   1094 KB-cwnd
[2024-05-27 11:19:34.962025]    11.9375 MB /   0.50 sec =  200.6404 Mbps     0 retrans   1094 KB-cwnd
[2024-05-27 11:19:35.461675]    10.6250 MB /   0.50 sec =  178.2697 Mbps     0 retrans   1094 KB-cwnd
[2024-05-27 11:19:35.961610]    11.3125 MB /   0.50 sec =  189.7972 Mbps  2664 retrans   3742 KB-cwnd
[2024-05-27 11:19:36.462115]    10.0625 MB /   0.50 sec =  168.6797 Mbps     0 retrans   3742 KB-cwnd
[2024-05-27 11:19:36.962007]     9.0625 MB /   0.50 sec =  152.1525 Mbps     0 retrans   3742 KB-cwnd
[2024-05-27 11:19:37.462225]     5.5625 MB /   0.50 sec =   93.2364 Mbps     0 retrans   3742 KB-cwnd
[2024-05-27 11:19:37.963574]     3.7500 MB /   0.50 sec =   62.9152 Mbps     0 retrans   3742 KB-cwnd
[2024-05-27 11:19:38.462006]     6.2500 MB /   0.50 sec =  104.9640 Mbps     0 retrans   3742 KB-cwnd
[2024-05-27 11:19:38.961708]    11.4375 MB /   0.50 sec =  191.8829 Mbps     0 retrans   3742 KB-cwnd
[2024-05-27 11:19:39.462211]     7.5625 MB /   0.50 sec =  126.8774 Mbps     0 retrans   3742 KB-cwnd
[2024-05-27 11:19:39.961564]     7.0625 MB /   0.50 sec =  118.4988 Mbps     0 retrans   3742 KB-cwnd
[2024-05-27 11:19:40.461703]     3.1875 MB /   0.50 sec =   53.4699 Mbps     0 retrans   3742 KB-cwnd
[2024-05-27 11:19:40.962034]     6.3125 MB /   0.50 sec =  105.8365 Mbps     0 retrans   3742 KB-cwnd
[2024-05-27 11:19:41.463337]     8.0000 MB /   0.50 sec =  133.8950 Mbps     0 retrans   3742 KB-cwnd
[2024-05-27 11:19:41.961793]     0.0000 MB /   0.50 sec =    0.0000 Mbps     0 retrans   3742 KB-cwnd
[2024-05-27 11:19:42.461985]     0.6250 MB /   0.50 sec =   10.4871 Mbps     0 retrans   3742 KB-cwnd
[2024-05-27 11:19:42.961690]     4.6875 MB /   0.50 sec =   78.6388 Mbps     0 retrans   3742 KB-cwnd
[2024-05-27 11:19:43.461691]     7.1875 MB /   0.50 sec =  120.5920 Mbps     0 retrans   3742 KB-cwnd
[2024-05-27 11:19:43.962586]     8.3125 MB /   0.50 sec =  139.4603 Mbps     0 retrans   3742 KB-cwnd
[2024-05-27 11:19:44.461554]     8.6875 MB /   0.50 sec =  145.7614 Mbps     0 retrans   3742 KB-cwnd
[2024-05-27 11:19:44.963989]     9.0625 MB /   0.50 sec =  151.9976 Mbps     0 retrans   3742 KB-cwnd
[2024-05-27 11:19:45.462251]    11.1250 MB /   0.50 sec =  186.6801 Mbps     0 retrans   3742 KB-cwnd
[2024-05-27 11:19:45.961882]    10.6875 MB /   0.50 sec =  179.2617 Mbps   109 retrans   3916 KB-cwnd
[2024-05-27 11:19:46.462362]    12.0625 MB /   0.50 sec =  202.2951 Mbps     0 retrans   3916 KB-cwnd
[2024-05-27 11:19:46.961921]    12.2500 MB /   0.50 sec =  205.5456 Mbps     0 retrans   3916 KB-cwnd
[2024-05-27 11:19:47.463657]    11.3125 MB /   0.50 sec =  189.3855 Mbps     0 retrans   3916 KB-cwnd
[2024-05-27 11:19:47.962545]     9.3750 MB /   0.50 sec =  157.5962 Mbps     0 retrans   3916 KB-cwnd
[2024-05-27 11:19:48.461549]    12.4375 MB /   0.50 sec =  208.8425 Mbps     0 retrans   3916 KB-cwnd
[2024-05-27 11:19:48.962581]    11.2500 MB /   0.50 sec =  188.4087 Mbps     0 retrans   3916 KB-cwnd
[2024-05-27 11:19:49.461659]     9.5625 MB /   0.50 sec =  160.7005 Mbps     0 retrans   3916 KB-cwnd
[2024-05-27 11:19:49.962060]     9.3125 MB /   0.50 sec =  156.2450 Mbps     0 retrans   3916 KB-cwnd
[2024-05-27 11:19:50.462231]    13.0000 MB /   0.50 sec =  217.8855 Mbps     0 retrans   3916 KB-cwnd
[2024-05-27 11:19:50.962277]    11.8125 MB /   0.50 sec =  198.1420 Mbps     0 retrans   3916 KB-cwnd
[2024-05-27 11:19:51.462547]    12.1250 MB /   0.50 sec =  203.5011 Mbps     0 retrans   3916 KB-cwnd
[2024-05-27 11:19:51.962120]    10.2500 MB /   0.50 sec =  172.1152 Mbps     0 retrans   3916 KB-cwnd
[2024-05-27 11:19:52.463378]     9.2500 MB /   0.50 sec =  154.6985 Mbps   603 retrans   3269 KB-cwnd
[2024-05-27 11:19:52.961786]    11.5625 MB /   0.50 sec =  194.5570 Mbps     0 retrans   3269 KB-cwnd
[2024-05-27 11:19:53.461904]    11.8125 MB /   0.50 sec =  198.1123 Mbps     0 retrans   3269 KB-cwnd
[2024-05-27 11:19:53.962082]    12.3125 MB /   0.50 sec =  206.6811 Mbps     0 retrans   3269 KB-cwnd
[2024-05-27 11:19:54.461662]     7.0625 MB /   0.50 sec =  118.4865 Mbps     0 retrans   3269 KB-cwnd
[2024-05-27 11:19:54.961769]    10.2500 MB /   0.50 sec =  171.9352 Mbps     0 retrans   3269 KB-cwnd
[2024-05-27 11:19:55.461603]    11.9375 MB /   0.50 sec =  200.3161 Mbps     0 retrans   3269 KB-cwnd
[2024-05-27 11:19:55.962435]     9.0000 MB /   0.50 sec =  150.8739 Mbps     0 retrans   3269 KB-cwnd
[2024-05-27 11:19:56.462119]     9.6250 MB /   0.50 sec =  161.6113 Mbps     0 retrans   3269 KB-cwnd
[2024-05-27 11:19:56.962645]     4.3125 MB /   0.50 sec =   72.3394 Mbps     0 retrans   3269 KB-cwnd
[2024-05-27 11:19:57.461725]     3.4375 MB /   0.50 sec =   57.6789 Mbps     0 retrans   3269 KB-cwnd
[2024-05-27 11:19:57.961703]     7.8750 MB /   0.50 sec =  132.1177 Mbps     0 retrans   3269 KB-cwnd
[2024-05-27 11:19:58.461574]     7.2500 MB /   0.50 sec =  121.6487 Mbps     0 retrans   3269 KB-cwnd
[2024-05-27 11:19:58.962041]     4.5000 MB /   0.50 sec =   75.4739 Mbps     0 retrans   3269 KB-cwnd
[2024-05-27 11:19:59.462281]     6.9375 MB /   0.50 sec =  116.4026 Mbps     0 retrans   3269 KB-cwnd
[2024-05-27 11:19:59.961663]     7.6250 MB /   0.50 sec =  127.9493 Mbps     0 retrans   3269 KB-cwnd
[2024-05-27 11:20:00.461744]     7.9375 MB /   0.50 sec =  133.1558 Mbps     0 retrans   3269 KB-cwnd
[2024-05-27 11:20:00.962112]     7.7500 MB /   0.50 sec =  130.0193 Mbps  1675 retrans   2519 KB-cwnd
[2024-05-27 11:20:01.462137]     8.3750 MB /   0.50 sec =  140.3980 Mbps     0 retrans   2519 KB-cwnd
[2024-05-27 11:20:01.963544]     8.1875 MB /   0.50 sec =  137.1101 Mbps     0 retrans   2519 KB-cwnd
[2024-05-27 11:20:02.461589]     5.0000 MB /   0.50 sec =   84.1211 Mbps     0 retrans   2519 KB-cwnd
[2024-05-27 11:20:02.962017]     8.0625 MB /   0.50 sec =  135.2512 Mbps     0 retrans   2519 KB-cwnd
[2024-05-27 11:20:03.461614]     7.9375 MB /   0.50 sec =  133.1841 Mbps     0 retrans   2519 KB-cwnd
[2024-05-27 11:20:03.961760]     7.8750 MB /   0.50 sec =  132.0881 Mbps     0 retrans   2538 KB-cwnd
[2024-05-27 11:20:04.461952]     9.0000 MB /   0.50 sec =  150.9222 Mbps     0 retrans   2538 KB-cwnd
[2024-05-27 11:20:04.961764]     2.2500 MB /   0.50 sec =   37.7689 Mbps     0 retrans   2538 KB-cwnd
[2024-05-27 11:20:05.462011]     2.9375 MB /   0.50 sec =   49.2682 Mbps     0 retrans   2538 KB-cwnd
[2024-05-27 11:20:05.962136]     6.0000 MB /   0.50 sec =  100.6245 Mbps     0 retrans   2538 KB-cwnd
[2024-05-27 11:20:06.461645]     5.8750 MB /   0.50 sec =   98.6490 Mbps     0 retrans   2538 KB-cwnd
[2024-05-27 11:20:06.961647]     5.6875 MB /   0.50 sec =   95.4248 Mbps     0 retrans   2538 KB-cwnd
[2024-05-27 11:20:07.461631]     5.7500 MB /   0.50 sec =   96.4663 Mbps     0 retrans   2538 KB-cwnd
[2024-05-27 11:20:07.961701]     6.7500 MB /   0.50 sec =  113.2353 Mbps     0 retrans   2538 KB-cwnd
[2024-05-27 11:20:08.462055]     7.5000 MB /   0.50 sec =  125.8387 Mbps     0 retrans   2572 KB-cwnd
[2024-05-27 11:20:08.961674]     7.7500 MB /   0.50 sec =  130.0237 Mbps     0 retrans   2572 KB-cwnd
[2024-05-27 11:20:09.461695]     8.8125 MB /   0.50 sec =  147.8448 Mbps     0 retrans   2574 KB-cwnd
[2024-05-27 11:20:09.961645]     9.0625 MB /   0.50 sec =  152.0569 Mbps     0 retrans   2574 KB-cwnd
[2024-05-27 11:20:10.461752]     8.5625 MB /   0.50 sec =  143.6256 Mbps     0 retrans   2634 KB-cwnd
[2024-05-27 11:20:10.961770]     8.0625 MB /   0.50 sec =  135.2777 Mbps   641 retrans   1674 KB-cwnd
[2024-05-27 11:20:11.462130]     7.8125 MB /   0.50 sec =  131.0497 Mbps     0 retrans   1674 KB-cwnd
[2024-05-27 11:20:11.961643]     5.3125 MB /   0.50 sec =   89.1468 Mbps     0 retrans   1691 KB-cwnd
[2024-05-27 11:20:12.463341]     8.6875 MB /   0.50 sec =  145.4304 Mbps     0 retrans   1691 KB-cwnd
[2024-05-27 11:20:12.961846]     8.3750 MB /   0.50 sec =  140.7995 Mbps     0 retrans   1729 KB-cwnd
[2024-05-27 11:20:13.462690]     9.2500 MB /   0.50 sec =  155.1970 Mbps     0 retrans   1729 KB-cwnd
[2024-05-27 11:20:13.964301]    10.6250 MB /   0.50 sec =  177.6762 Mbps     0 retrans   1749 KB-cwnd
[2024-05-27 11:20:14.461704]     9.8750 MB /   0.50 sec =  166.2412 Mbps     0 retrans   1824 KB-cwnd
[2024-05-27 11:20:14.962148]    10.8750 MB /   0.50 sec =  182.4522 Mbps     0 retrans   1824 KB-cwnd
[2024-05-27 11:20:15.461649]    10.0625 MB /   0.50 sec =  168.8265 Mbps     0 retrans   1832 KB-cwnd
[2024-05-27 11:20:15.961918]    11.6250 MB /   0.50 sec =  194.9252 Mbps     0 retrans   3429 KB-cwnd
[2024-05-27 11:20:16.461994]    11.1250 MB /   0.50 sec =  186.7522 Mbps     0 retrans   3429 KB-cwnd
[2024-05-27 11:20:16.961597]    11.3125 MB /   0.50 sec =  189.7942 Mbps     0 retrans   3429 KB-cwnd
[2024-05-27 11:20:17.462230]    10.6875 MB /   0.50 sec =  179.2735 Mbps     0 retrans   3429 KB-cwnd
[2024-05-27 11:20:17.962249]    11.0000 MB /   0.50 sec =  184.4933 Mbps     0 retrans   3429 KB-cwnd
[2024-05-27 11:20:18.462681]     8.7500 MB /   0.50 sec =  146.5898 Mbps   171 retrans   2128 KB-cwnd
[2024-05-27 11:20:18.961671]    10.6875 MB /   0.50 sec =  179.6392 Mbps     0 retrans   2128 KB-cwnd
[2024-05-27 11:20:19.461819]     9.8750 MB /   0.50 sec =  165.6362 Mbps     0 retrans   2128 KB-cwnd
[2024-05-27 11:20:19.962189]    10.2500 MB /   0.50 sec =  172.0112 Mbps     0 retrans   2128 KB-cwnd
[2024-05-27 11:20:20.462005]    11.9375 MB /   0.50 sec =  200.2708 Mbps     0 retrans   2128 KB-cwnd
[2024-05-27 11:20:20.962000]    10.9375 MB /   0.50 sec =  183.5059 Mbps     0 retrans   2128 KB-cwnd
[2024-05-27 11:20:21.461719]    11.7500 MB /   0.50 sec =  197.1433 Mbps     0 retrans   2128 KB-cwnd
[2024-05-27 11:20:21.961713]    11.5000 MB /   0.50 sec =  192.9422 Mbps     0 retrans   2128 KB-cwnd
[2024-05-27 11:20:22.461673]    12.1875 MB /   0.50 sec =  204.4543 Mbps     0 retrans   2128 KB-cwnd
[2024-05-27 11:20:22.962497]     9.3750 MB /   0.50 sec =  157.1368 Mbps     0 retrans   2128 KB-cwnd
[2024-05-27 11:20:23.462194]    11.8750 MB /   0.50 sec =  199.4177 Mbps     0 retrans   2128 KB-cwnd
[2024-05-27 11:20:23.962769]    10.9375 MB /   0.50 sec =  183.1228 Mbps     0 retrans   2128 KB-cwnd
[2024-05-27 11:20:24.461555]    12.0000 MB /   0.50 sec =  201.7624 Mbps     0 retrans   2128 KB-cwnd
[2024-05-27 11:20:24.961653]    11.3125 MB /   0.50 sec =  189.7737 Mbps  1091 retrans   2359 KB-cwnd
[2024-05-27 11:20:25.462142]    11.6250 MB /   0.50 sec =  195.0344 Mbps     0 retrans   2359 KB-cwnd
[2024-05-27 11:20:25.962883]    11.8125 MB /   0.50 sec =  197.9813 Mbps     0 retrans   2359 KB-cwnd
[2024-05-27 11:20:26.463158]    10.4375 MB /   0.50 sec =  175.0852 Mbps     0 retrans   2359 KB-cwnd
[2024-05-27 11:20:26.962146]     4.5625 MB /   0.50 sec =   76.5647 Mbps     0 retrans   2359 KB-cwnd
[2024-05-27 11:20:27.461569]     4.6250 MB /   0.50 sec =   77.6711 Mbps     0 retrans   2359 KB-cwnd
[2024-05-27 11:20:27.961590]     6.6875 MB /   0.50 sec =  112.2012 Mbps     0 retrans   2359 KB-cwnd
[2024-05-27 11:20:28.462138]     5.6875 MB /   0.50 sec =   95.3344 Mbps     0 retrans   2359 KB-cwnd
[2024-05-27 11:20:28.961909]     9.1875 MB /   0.50 sec =  154.1845 Mbps     0 retrans   2359 KB-cwnd
[2024-05-27 11:20:29.462223]     6.8750 MB /   0.50 sec =  115.3978 Mbps     0 retrans   2359 KB-cwnd
[2024-05-27 11:20:29.962097]     4.3125 MB /   0.50 sec =   72.2968 Mbps     0 retrans   2359 KB-cwnd
[2024-05-27 11:20:30.461684]     2.6250 MB /   0.50 sec =   44.0754 Mbps     0 retrans   2359 KB-cwnd
[2024-05-27 11:20:30.961818]     5.5625 MB /   0.50 sec =   93.3223 Mbps     0 retrans   2359 KB-cwnd
[2024-05-27 11:20:31.461669]     7.9375 MB /   0.50 sec =  133.1755 Mbps     0 retrans   2359 KB-cwnd
[2024-05-27 11:20:31.962692]     6.9375 MB /   0.50 sec =  116.2638 Mbps     0 retrans   2359 KB-cwnd
[2024-05-27 11:20:32.461554]     8.3750 MB /   0.50 sec =  140.6777 Mbps     0 retrans   2359 KB-cwnd
[2024-05-27 11:20:32.963585]     7.0625 MB /   0.50 sec =  118.1705 Mbps     0 retrans   2329 KB-cwnd
[2024-05-27 11:20:33.461654]     0.0000 MB /   0.50 sec =    0.0000 Mbps     0 retrans   2329 KB-cwnd
[2024-05-27 11:20:33.961719]     0.0000 MB /   0.50 sec =    0.0000 Mbps     0 retrans   2329 KB-cwnd
[2024-05-27 11:20:34.463506]     0.1875 MB /   0.50 sec =    3.1346 Mbps     0 retrans   2329 KB-cwnd
[2024-05-27 11:20:34.961868]     2.9375 MB /   0.50 sec =   49.4415 Mbps     0 retrans   2329 KB-cwnd
[2024-05-27 11:20:35.461709]     3.3125 MB /   0.50 sec =   55.5925 Mbps     0 retrans   2329 KB-cwnd
[2024-05-27 11:20:35.961756]     2.3750 MB /   0.50 sec =   39.8434 Mbps     0 retrans   2329 KB-cwnd
[2024-05-27 11:20:36.462174]     3.4375 MB /   0.50 sec =   57.6698 Mbps     0 retrans   2329 KB-cwnd
[2024-05-27 11:20:36.962836]     3.1250 MB /   0.50 sec =   52.3300 Mbps   213 retrans   3165 KB-cwnd
[2024-05-27 11:20:37.461642]     4.8750 MB /   0.50 sec =   81.9587 Mbps     0 retrans   3165 KB-cwnd
[2024-05-27 11:20:37.961647]     5.5625 MB /   0.50 sec =   93.3195 Mbps     0 retrans   3165 KB-cwnd
[2024-05-27 11:20:38.461661]     5.1875 MB /   0.50 sec =   87.0351 Mbps     0 retrans   3165 KB-cwnd
[2024-05-27 11:20:38.961651]     3.2500 MB /   0.50 sec =   54.5243 Mbps     0 retrans   3165 KB-cwnd
[2024-05-27 11:20:39.461702]     4.2500 MB /   0.50 sec =   71.2993 Mbps     0 retrans   3165 KB-cwnd
[2024-05-27 11:20:39.962117]     4.9375 MB /   0.50 sec =   82.8069 Mbps     0 retrans   3165 KB-cwnd
[2024-05-27 11:20:40.461688]     5.5000 MB /   0.50 sec =   92.3100 Mbps     0 retrans   3165 KB-cwnd
[2024-05-27 11:20:40.961698]     6.4375 MB /   0.50 sec =  107.9986 Mbps     0 retrans   3165 KB-cwnd
[2024-05-27 11:20:41.462841]     5.2500 MB /   0.50 sec =   87.9399 Mbps     0 retrans   3165 KB-cwnd
[2024-05-27 11:20:41.961677]     4.5625 MB /   0.50 sec =   76.6766 Mbps     0 retrans   3165 KB-cwnd
[2024-05-27 11:20:42.461657]     8.6250 MB /   0.50 sec =  144.7044 Mbps     0 retrans   3165 KB-cwnd
[2024-05-27 11:20:42.961701]     9.0625 MB /   0.50 sec =  152.0432 Mbps     0 retrans   3190 KB-cwnd
[2024-05-27 11:20:43.461831]    12.0625 MB /   0.50 sec =  202.3776 Mbps     0 retrans   3190 KB-cwnd
[2024-05-27 11:20:43.962097]    11.8125 MB /   0.50 sec =  198.1741 Mbps     0 retrans   3301 KB-cwnd
[2024-05-27 11:20:44.461717]    12.0625 MB /   0.50 sec =  202.3841 Mbps     0 retrans   3301 KB-cwnd
[2024-05-27 11:20:44.961718]    12.4375 MB /   0.50 sec =  208.6499 Mbps     0 retrans   3302 KB-cwnd
[2024-05-27 11:20:45.461738]    14.1875 MB /   0.50 sec =  238.0110 Mbps     0 retrans   3302 KB-cwnd
[2024-05-27 11:20:45.964356]    12.5625 MB /   0.50 sec =  210.0333 Mbps    10 retrans   3242 KB-cwnd
[2024-05-27 11:20:46.461570]    11.5625 MB /   0.50 sec =  194.6917 Mbps     0 retrans   3242 KB-cwnd
[2024-05-27 11:20:46.962441]     0.0000 MB /   0.50 sec =    0.0000 Mbps     0 retrans   3242 KB-cwnd
[2024-05-27 11:20:47.462046]     0.1875 MB /   0.50 sec =    3.1442 Mbps     0 retrans   3242 KB-cwnd
[2024-05-27 11:20:47.961655]     4.3125 MB /   0.50 sec =   72.4075 Mbps     0 retrans   3242 KB-cwnd
[2024-05-27 11:20:48.461716]     5.8750 MB /   0.50 sec =   98.5567 Mbps     0 retrans   3242 KB-cwnd
[2024-05-27 11:20:48.961705]     7.6250 MB /   0.50 sec =  127.9360 Mbps     0 retrans   3242 KB-cwnd
[2024-05-27 11:20:49.462498]     8.3125 MB /   0.50 sec =  139.3611 Mbps     0 retrans   3242 KB-cwnd
[2024-05-27 11:20:49.961724]     9.3125 MB /   0.50 sec =  156.3460 Mbps     0 retrans   3242 KB-cwnd
[2024-05-27 11:20:50.463931]     9.6875 MB /   0.50 sec =  161.9763 Mbps     0 retrans   3242 KB-cwnd
[2024-05-27 11:20:50.962084]    12.2500 MB /   0.50 sec =  206.2303 Mbps     0 retrans   3242 KB-cwnd
[2024-05-27 11:20:51.464460]    11.5625 MB /   0.50 sec =  193.3381 Mbps     0 retrans   3242 KB-cwnd
[2024-05-27 11:20:51.962684]    12.3125 MB /   0.50 sec =  207.0457 Mbps     0 retrans   3242 KB-cwnd
[2024-05-27 11:20:52.461638]    12.8125 MB /   0.50 sec =  215.1862 Mbps     0 retrans   3242 KB-cwnd
[2024-05-27 11:20:52.961729]    11.0000 MB /   0.50 sec =  184.5342 Mbps     0 retrans   3262 KB-cwnd
[2024-05-27 11:20:53.462290]    17.8750 MB /   0.50 sec =  299.5943 Mbps     0 retrans   3262 KB-cwnd
[2024-05-27 11:20:53.961739]     9.1250 MB /   0.50 sec =  153.2420 Mbps  3598 retrans   1094 KB-cwnd
[2024-05-27 11:20:54.462010]    11.6875 MB /   0.50 sec =  196.1096 Mbps     0 retrans   1094 KB-cwnd
[2024-05-27 11:20:54.962122]    10.1875 MB /   0.50 sec =  170.9169 Mbps     0 retrans   1094 KB-cwnd
[2024-05-27 11:20:55.462343]    10.9375 MB /   0.50 sec =  183.4814 Mbps     0 retrans   1094 KB-cwnd
[2024-05-27 11:20:55.962927]    12.0625 MB /   0.50 sec =  202.1641 Mbps     0 retrans   1075 KB-cwnd
[2024-05-27 11:20:56.462091]    10.6875 MB /   0.50 sec =  179.5165 Mbps     0 retrans   1075 KB-cwnd
[2024-05-27 11:20:56.962341]     6.6250 MB /   0.50 sec =  111.0289 Mbps     0 retrans   1075 KB-cwnd
[2024-05-27 11:20:57.461706]    10.8125 MB /   0.50 sec =  181.5831 Mbps     0 retrans   1075 KB-cwnd
[2024-05-27 11:20:57.961669]    11.6250 MB /   0.50 sec =  195.0449 Mbps     0 retrans   1075 KB-cwnd
[2024-05-27 11:20:58.462013]    10.5625 MB /   0.50 sec =  177.2008 Mbps     0 retrans   1214 KB-cwnd
[2024-05-27 11:20:58.961978]     9.8750 MB /   0.50 sec =  165.6734 Mbps     0 retrans   1221 KB-cwnd
[2024-05-27 11:20:59.462192]    12.5000 MB /   0.50 sec =  209.7160 Mbps     0 retrans   1221 KB-cwnd
[2024-05-27 11:20:59.962259]    10.8125 MB /   0.50 sec =  181.3891 Mbps     0 retrans   1314 KB-cwnd
[2024-05-27 11:21:00.461685]    11.0000 MB /   0.50 sec =  184.5678 Mbps  3125 retrans   3462 KB-cwnd
[2024-05-27 11:21:00.961738]     8.6875 MB /   0.50 sec =  145.7325 Mbps     0 retrans   3462 KB-cwnd
[2024-05-27 11:21:01.463725]    11.1250 MB /   0.50 sec =  186.0041 Mbps     0 retrans   3462 KB-cwnd
[2024-05-27 11:21:01.961661]    11.7500 MB /   0.50 sec =  197.8509 Mbps     0 retrans   3462 KB-cwnd
[2024-05-27 11:21:02.461676]    11.3125 MB /   0.50 sec =  189.7979 Mbps     0 retrans   3462 KB-cwnd
[2024-05-27 11:21:02.963449]     4.3750 MB /   0.50 sec =   73.1567 Mbps     0 retrans   3462 KB-cwnd
[2024-05-27 11:21:03.461694]    11.0625 MB /   0.50 sec =  186.2057 Mbps     0 retrans   3462 KB-cwnd
[2024-05-27 11:21:03.961984]    11.1875 MB /   0.50 sec =  187.7011 Mbps     0 retrans   3462 KB-cwnd
[2024-05-27 11:21:04.461582]    10.6250 MB /   0.50 sec =  178.2654 Mbps     0 retrans   3462 KB-cwnd
[2024-05-27 11:21:04.962181]     7.0000 MB /   0.50 sec =  117.3269 Mbps     0 retrans   3462 KB-cwnd
[2024-05-27 11:21:05.461613]     8.9375 MB /   0.50 sec =  150.0862 Mbps     0 retrans   3462 KB-cwnd
[2024-05-27 11:21:05.963528]     2.3750 MB /   0.50 sec =   39.7090 Mbps     0 retrans   3462 KB-cwnd
End time: 1716823266217
