Start time: 1716836755095
{
  "id": "0",
  "status": null,
  "apiVersion": "17",
  "dishGetHistory": {
    "current": "1035",
    "popPingDropRate": [
      0,
      0,
      0,
      0,
      0,
      0,
      0,
      0,
      0,
      0,
      0,
      0,
      0,
      0,
      0,
      0,
      0,
      0,
      0,
      0,
      0,
      0.0625,
      0.0625,
      0,
      0,
      0,
      0,
      0,
      0,
      0.0625,
      0.06666667,
      0,
      0.0625,
      0.05882353,
      0.13333334,
      0.13333334,
      0,
      0,
      0,
      0,
      0,
      0,
      0,
      0,
      0.0625,
      0.0625,
      0,
      0.0625,
      0.0625,
      0,
      0,
      0,
      0,
      0,
      0,
      0,
      0,
      0,
      0,
      0,
      0,
      0,
      0,
      0,
      0,
      0,
      0,
      0,
      0,
      0,
      0,
      0,
      0,
      0,
      0,
      0.0625,
      0.0625,
      0,
      0,
      0,
      0,
      0,
      0,
      0,
      0,
      0,
      0,
      0,
      0.1875,
      0.1875,
      0,
      0,
      0,
      0,
      0.125,
      0.11111111,
      0,
      0,
      0,
      0,
      0,
      0,
      0,
      0,
      0,
      0,
      0,
      0,
      0,
      0,
      0,
      0,
      0,
      0,
      0,
      0,
      0,
      0,
      0,
      0,
      0,
      0,
      0,
      0,
      0,
      0,
      0,
      0,
      0,
      0,
      0,
      0,
      0,
      0,
      0,
      0,
      0,
      0,
      0,
      0,
      0,
      0,
      0,
      0,
      0,
      0,
      0,
      0,
      0,
      0,
      0,
      0,
      0,
      0,
      0,
      0,
      0,
      0,
      0,
      0,
      0,
      0,
      0,
      0,
      0,
      0,
      0,
      0,
      0,
      0,
      0,
      0,
      0,
      0,
      0,
      0,
      0,
      0,
      0,
      0,
      0,
      0,
      0,
      0,
      0,
      0,
      0,
      0,
      0,
      0,
      0,
      0,
      0,
      0,
      0,
      0,
      0,
      0,
      0,
      0,
      0,
      0,
      0,
      0,
      0,
      0,
      0,
      0,
      0,
      0,
      0,
      0,
      0,
      0,
      0,
      0,
      0,
      0,
      0,
      0,
      0,
      0,
      0,
      0,
      0,
      0,
      0,
      0,
      0,
      0,
      0,
      0,
      0,
      0,
      0,
      0,
      0,
      0,
      0,
      0,
      0,
      0,
      0,
      0,
      0,
      0,
      0,
      0,
      0,
      0,
      0,
      0,
      0,
      0,
      0,
      0,
      0,
      0,
      0,
      0,
      0,
      0,
      0,
      0,
      0,
      0,
      0,
      0,
      0,
      0,
      0,
      0,
      0,
      0,
      0,
      0,
      0,
      0,
      0,
      0,
      0,
      0,
      0,
      0,
      0,
      0,
      0,
      0,
      0,
      0,
      0,
      0,
      0,
      0,
      0,
      0,
      0,
      0,
      0,
      0,
      0,
      0,
      0,
      0,
      0,
      0,
      0,
      0,
      0,
      0,
      0,
      0,
      0,
      0,
      0,
      0,
      0,
      0,
      0,
      0,
      0,
      0,
      0,
      0,
      0,
      0,
      0,
      0,
      0,
      0,
      0,
      0,
      0,
      0,
      0,
      0,
      0,
      0,
      0,
      0,
      0,
      0,
      0,
      0,
      0,
      0,
      0,
      0,
      0,
      0,
      0,
      0,
      0,
      0,
      0,
      0,
      0,
      0,
      0,
      0,
      0,
      0,
      0,
      0,
      0,
      0,
      0,
      0,
      0,
      0,
      0,
      0,
      0,
      0,
      0,
      0,
      0,
      0,
      0,
      0,
      0,
      0,
      0,
      0,
      0,
      0,
      0,
      0,
      0.2,
      0.2,
      0,
      0,
      0,
      0.0625,
      0.0625,
      0.06666667,
      0,
      0,
      0,
      0,
      0,
      0,
      0,
      0,
      0,
      0,
      0,
      0,
      0,
      0,
      0,
      0,
      0,
      0,
      0,
      0,
      0,
      0,
      0,
      0,
      0,
      0,
      0,
      0,
      0,
      0.06666667,
      0.06666667,
      0,
      0,
      0,
      0,
      0,
      0,
      0,
      0,
      0,
      0,
      0,
      0,
      0,
      0,
      0,
      0,
      0,
      0,
      0,
      0.2,
      0.1875,
      0.0625,
      0,
      0,
      0,
      0,
      0,
      0.05882353,
      0.0625,
      0,
      0,
      0,
      0,
      0,
      0,
      0,
      0,
      0,
      0,
      0,
      0,
      0,
      0,
      0,
      0,
      0,
      0,
      0,
      0,
      0,
      0,
      0,
      0,
      0,
      0,
      0,
      0,
      0,
      0,
      0,
      0,
      0,
      0,
      0,
      0,
      0,
      0,
      0,
      0,
      0,
      0,
      0,
      0,
      0,
      0,
      0,
      0,
      0,
      0,
      0.05882353,
      0.0625,
      0,
      0,
      0,
      0,
      0,
      0,
      0.26666668,
      0.26666668,
      0,
      0,
      0,
      0,
      0,
      0,
      0,
      0,
      0,
      0,
      0,
      0.0625,
      0.0625,
      0.06666667,
      0.0625,
      0,
      0,
      0,
      0,
      0,
      0,
      0,
      0,
      0,
      0,
      0,
      0,
      0,
      0,
      0,
      0,
      0,
      0,
      0,
      0,
      0,
      0,
      0,
      0,
      0,
      0,
      0,
      0,
      0,
      0,
      0,
      0,
      0,
      0,
      0,
      0,
      0,
      0,
      0,
      0,
      0,
      0,
      0,
      0,
      0,
      0,
      0,
      0,
      0,
      0,
      0,
      0,
      0,
      0,
      0,
      0,
      0,
      0,
      0,
      0,
      0,
      0,
      0,
      0,
      0,
      0,
      0,
      0,
      0,
      0,
      0,
      0,
      0,
      0.0625,
      0.0625,
      0,
      0,
      0,
      0,
      0,
      0,
      0,
      0,
      0,
      0,
      0,
      0,
      0,
      0,
      0,
      0,
      0,
      0,
      0,
      0,
      0,
      0.05882353,
      0.4117647,
      0.4375,
      0,
      0,
      0,
      0,
      0.0625,
      0.05882353,
      0,
      0,
      0,
      0,
      0,
      0,
      0,
      0,
      0,
      0,
      0,
      0,
      0,
      0,
      0,
      0,
      0,
      0,
      0,
      0,
      0,
      0,
      0,
      0,
      0,
      0,
      0,
      0,
      0.06666667,
      0.06666667,
      0,
      0,
      0,
      0,
      0,
      0,
      0,
      0,
      0,
      0,
      0,
      0,
      0,
      0,
      0,
      0,
      0,
      0,
      0,
      0,
      0.071428575,
      0.071428575,
      0,
      0,
      0,
      0,
      0,
      0,
      0,
      0,
      0,
      0,
      0,
      0,
      0,
      0,
      0,
      0,
      0,
      0,
      0,
      0,
      0,
      0.0625,
      0.375,
      0.3125,
      0,
      0,
      0,
      0,
      0,
      0,
      0,
      0,
      0,
      0,
      0,
      0.06666667,
      0.0625,
      0.055555556,
      0,
      0,
      0,
      0,
      0,
      0,
      0,
      0,
      0,
      0,
      0,
      0,
      0.0625,
      0.05882353,
      0,
      0,
      0,
      0,
      0,
      0,
      0,
      0,
      0,
      0,
      0,
      0,
      0,
      0.06666667,
      0.071428575,
      0.071428575,
      0,
      0,
      0,
      0,
      0,
      0,
      0,
      0,
      0,
      0,
      0,
      0,
      0,
      0,
      0,
      0,
      0,
      0,
      0,
      0,
      0,
      0,
      0,
      0,
      0,
      0,
      0,
      0,
      0,
      0,
      0,
      0.0625,
      0.06666667,
      0.0625,
      0,
      0,
      0,
      0,
      0,
      0,
      0,
      0,
      0,
      0,
      0,
      0,
      0,
      0,
      0,
      0,
      0.0625,
      0.0625,
      0,
      0,
      0,
      0,
      0,
      0,
      0,
      0,
      0,
      0,
      0,
      0,
      0,
      0.25,
      0.23529412,
      0,
      0,
      0,
      0,
      0,
      0.06666667,
      0.06666667,
      0.05882353,
      0,
      0,
      0,
      0,
      0,
      0,
      0,
      0,
      0,
      0,
      0,
      0,
      0,
      0,
      0,
      0,
      0,
      0,
      0,
      0,
      0,
      0,
      0,
      0,
      0,
      0,
      0,
      0,
      0,
      0,
      0,
      0,
      0,
      0,
      0,
      0,
      0,
      0,
      0,
      0,
      0,
      0,
      0,
      0,
      0,
      0,
      0,
      0,
      0,
      0,
      0,
      0,
      0,
      0,
      0,
      0,
      0,
      0,
      0,
      0,
      0,
      0.11764706,
      0.11764706,
      0,
      0,
      0,
      0.1764706,
      0.1764706,
      0
    ],
    "popPingLatencyMs": [
      29.207748,
      29.959877,
      35.7056,
      36.877132,
      31.258816,
      31.590563,
      33.21647,
      33.642,
      33.463375,
      31.830439,
      31.301266,
      30.849857,
      30.887934,
      31.307535,
      29.396534,
      28.980314,
      32.75765,
      34.58325,
      31.728811,
      30.052198,
      26.3266,
      24.893066,
      28.823933,
      29.858936,
      29.315601,
      28.667,
      27.608688,
      29.337866,
      28.739534,
      27.196875,
      24.80581,
      26.2805,
      99.92885,
      92.99772,
      77.15037,
      29.384188,
      27.97859,
      28.989649,
      29.521294,
      28.105707,
      27.416355,
      43.90194,
      45.120403,
      26.256666,
      26.408813,
      26.747734,
      27.517313,
      31.4965,
      34.065998,
      31.295185,
      31.32225,
      32.259125,
      34.41894,
      33.601444,
      31.248999,
      33.366188,
      32.19435,
      29.39706,
      31.096313,
      33.010246,
      32.418705,
      30.768766,
      33.653587,
      33.97156,
      28.30906,
      28.488943,
      30.259626,
      31.537535,
      32.124863,
      32.049572,
      30.749668,
      30.670002,
      29.927437,
      29.6464,
      31.056622,
      32.276646,
      30.732628,
      33.465942,
      35.119293,
      33.13594,
      33.935402,
      33.610188,
      32.060497,
      32.45381,
      32.813873,
      31.83475,
      30.99165,
      58.089424,
      60.13666,
      38.56375,
      37.166,
      36.24741,
      37.539333,
      33.44819,
      28.425064,
      27.207335,
      28.862057,
      29.530249,
      27.032377,
      29.264122,
      31.916,
      32.31626,
      29.72967,
      27.944376,
      28.517937,
      29.009314,
      30.018124,
      29.3092,
      28.864073,
      26.69167,
      27.563587,
      29.004684,
      26.779432,
      24.197748,
      26.543377,
      29.061562,
      28.11956,
      28.807058,
      28.710411,
      26.093704,
      26.25683,
      26.90194,
      26.947062,
      27.956314,
      31.034063,
      30.690876,
      28.80931,
      28.42144,
      29.905935,
      29.428501,
      26.988688,
      27.275648,
      26.813354,
      28.649117,
      28.652117,
      34.50313,
      32.157265,
      29.7326,
      28.184134,
      27.141533,
      29.272438,
      29.845314,
      29.046398,
      30.164572,
      31.530617,
      28.85793,
      28.294937,
      28.126875,
      26.340626,
      27.581123,
      28.919626,
      30.203266,
      39.027065,
      37.175205,
      29.095432,
      29.635534,
      28.95313,
      30.011875,
      33.406265,
      31.830439,
      29.216133,
      30.53153,
      28.758001,
      27.270624,
      28.703814,
      28.512875,
      26.242188,
      27.7168,
      30.405268,
      28.764334,
      25.95386,
      27.382332,
      28.923735,
      28.0344,
      27.6366,
      26.955467,
      26.432533,
      26.722784,
      27.424868,
      26.428188,
      26.346436,
      28.700125,
      32.76394,
      30.47025,
      26.223438,
      26.487186,
      25.97753,
      26.728748,
      29.155935,
      28.270134,
      25.36375,
      28.317133,
      28.945436,
      26.741936,
      29.488401,
      28.369066,
      25.373867,
      30.232199,
      33.394997,
      31.328932,
      34.226536,
      36.527935,
      36.52727,
      36.555645,
      33.686802,
      32.159134,
      31.687468,
      30.462135,
      31.120003,
      31.843372,
      33.783134,
      34.579735,
      34.251934,
      30.520872,
      27.189812,
      30.877867,
      32.5294,
      29.299873,
      28.16275,
      29.495869,
      32.1356,
      34.22844,
      34.121254,
      29.100435,
      26.476124,
      28.429468,
      27.620867,
      29.978268,
      30.852533,
      32.101864,
      33.44219,
      30.503534,
      29.995287,
      29.1075,
      27.081333,
      27.765265,
      28.071737,
      28.2166,
      28.175644,
      29.154598,
      31.217665,
      31.075737,
      31.3008,
      32.04929,
      32.088646,
      32.54613,
      31.818138,
      29.860668,
      32.292866,
      33.135136,
      29.810566,
      28.156937,
      31.980932,
      35.329063,
      31.668001,
      29.247812,
      32.4892,
      36.4898,
      37.4165,
      35.208714,
      33.661533,
      35.36887,
      35.086,
      35.19093,
      35.624935,
      36.393135,
      39.774574,
      39.454075,
      39.23643,
      38.613335,
      40.171463,
      39.186935,
      36.906605,
      34.947285,
      31.477133,
      28.401,
      29.729002,
      31.686798,
      33.943333,
      34.540215,
      30.7552,
      30.337399,
      30.129599,
      33.827133,
      42.6792,
      40.2984,
      32.87813,
      40.32173,
      41.4836,
      34.569866,
      33.753735,
      33.69669,
      35.04588,
      34.471935,
      32.58347,
      31.524311,
      30.8932,
      30.491335,
      31.318136,
      31.645247,
      31.843412,
      31.715292,
      31.559786,
      31.68207,
      30.597332,
      33.66587,
      34.74387,
      32.979,
      31.034399,
      30.982811,
      30.9938,
      31.006134,
      29.798,
      29.094799,
      30.320732,
      31.207664,
      33.749737,
      33.86973,
      30.176397,
      32.353264,
      33.72962,
      31.076687,
      30.262997,
      29.848125,
      32.967377,
      33.328125,
      31.884668,
      33.69779,
      33.4908,
      31.503063,
      30.084314,
      30.290312,
      32.825935,
      31.655664,
      29.290005,
      30.794,
      31.17469,
      33.08394,
      32.673,
      31.32244,
      33.940136,
      32.342133,
      32.922123,
      32.951233,
      33.732414,
      34.22669,
      33.35494,
      31.774937,
      27.118122,
      26.314472,
      26.504004,
      25.084997,
      25.217373,
      24.922886,
      24.348587,
      23.455235,
      23.142296,
      23.823372,
      25.506647,
      25.915,
      24.205175,
      24.13394,
      26.160591,
      30.397001,
      32.705933,
      32.400265,
      30.002468,
      30.703796,
      32.770287,
      34.72793,
      32.984066,
      30.7264,
      32.9356,
      34.289135,
      31.668001,
      31.906733,
      31.894869,
      32.9314,
      31.463598,
      28.281599,
      30.79825,
      30.265064,
      28.450268,
      29.428465,
      29.449497,
      28.439001,
      27.197496,
      40.850998,
      40.91959,
      34.13106,
      32.47288,
      30.114437,
      32.806187,
      33.031136,
      27.927315,
      26.941437,
      27.385626,
      26.452765,
      25.508999,
      25.429438,
      26.018055,
      27.084824,
      27.098932,
      26.527065,
      27.058472,
      26.924313,
      27.12406,
      30.473871,
      32.94937,
      31.655567,
      30.432438,
      31.900469,
      31.5724,
      30.85719,
      31.981312,
      31.174501,
      30.54975,
      31.12747,
      31.669815,
      33.19712,
      32.9038,
      33.698814,
      36.574497,
      37.515537,
      34.950287,
      32.602688,
      32.21919,
      31.800749,
      32.458187,
      32.263687,
      32.399532,
      31.19075,
      30.05606,
      30.06706,
      30.229221,
      30.58853,
      32.564186,
      31.577469,
      28.311813,
      28.7192,
      29.627937,
      26.549625,
      27.476437,
      29.279135,
      27.434666,
      30.273,
      31.555866,
      31.355434,
      32.72727,
      35.392868,
      37.198185,
      35.80813,
      32.588814,
      31.141401,
      33.02179,
      34.033142,
      31.51453,
      30.231312,
      29.522001,
      30.425373,
      29.761375,
      29.305374,
      30.974821,
      32.39994,
      32.195133,
      30.641935,
      31.085001,
      33.64713,
      32.06706,
      27.793564,
      27.231592,
      27.896374,
      26.771376,
      25.602352,
      25.469893,
      26.650824,
      27.5135,
      26.727686,
      26.598587,
      27.17931,
      27.742561,
      26.271875,
      26.353601,
      27.955748,
      27.566118,
      25.564823,
      26.454178,
      27.93619,
      27.461935,
      27.719063,
      27.437124,
      25.306059,
      24.674938,
      25.791687,
      27.508938,
      27.56975,
      27.314707,
      29.270119,
      29.011885,
      27.669767,
      30.90806,
      31.859247,
      29.27019,
      29.796495,
      30.593061,
      31.193933,
      31.997057,
      30.362875,
      31.660332,
      32.922825,
      33.505413,
      33.049,
      36.751278,
      30.382334,
      26.952278,
      24.197176,
      24.297562,
      23.630177,
      24.443666,
      26.82047,
      28.591997,
      26.660688,
      25.080372,
      25.892689,
      31.10027,
      54.46413,
      48.031555,
      28.5128,
      34.905933,
      35.753998,
      33.803623,
      30.908752,
      30.7305,
      32.351704,
      33.281883,
      32.573296,
      32.32119,
      33.40675,
      32.43565,
      30.81447,
      31.769999,
      32.391937,
      30.613998,
      27.674822,
      25.326939,
      27.96094,
      29.817875,
      27.843939,
      27.053125,
      27.925001,
      26.709187,
      24.48133,
      26.223124,
      26.986563,
      27.00775,
      26.642735,
      25.352667,
      31.291866,
      35.919533,
      31.489624,
      31.813437,
      31.392075,
      31.353664,
      39.020557,
      38.07977,
      34.179123,
      39.281628,
      39.008057,
      35.993496,
      36.488815,
      35.32018,
      35.712,
      38.77687,
      39.7818,
      38.110733,
      34.79038,
      31.631813,
      30.802813,
      31.386353,
      34.445934,
      33.962467,
      33.543186,
      35.835564,
      35.75794,
      33.902374,
      33.772064,
      35.34543,
      32.332813,
      26.754059,
      25.699177,
      26.906822,
      26.565731,
      26.035131,
      26.241127,
      27.629133,
      27.473751,
      27.363813,
      29.093645,
      28.307812,
      26.179688,
      27.31219,
      26.568056,
      25.289268,
      29.350466,
      29.657812,
      27.673733,
      27.346863,
      27.613503,
      27.155294,
      27.924292,
      29.705334,
      27.803602,
      27.764708,
      27.524626,
      27.201752,
      28.922464,
      29.696413,
      31.542233,
      32.293816,
      27.83275,
      30.698626,
      31.63288,
      28.930937,
      29.99007,
      30.22519,
      32.09641,
      39.363396,
      34.265903,
      30.646294,
      24.416876,
      25.717707,
      28.552584,
      30.447561,
      27.603651,
      25.7225,
      27.09669,
      25.990753,
      25.322882,
      27.904001,
      26.503733,
      23.867811,
      24.57478,
      25.437353,
      25.651997,
      27.320473,
      30.097645,
      28.925352,
      33.21941,
      35.674,
      30.1568,
      29.066399,
      28.954268,
      30.356468,
      29.644934,
      28.862814,
      29.31794,
      31.57424,
      32.133526,
      28.957666,
      34.026802,
      34.74888,
      33.177372,
      33.052135,
      29.420134,
      26.738562,
      25.490187,
      26.7594,
      28.784752,
      29.91182,
      31.012564,
      30.656603,
      28.05956,
      26.577185,
      28.968687,
      29.712938,
      26.694267,
      26.417562,
      30.34069,
      33.128998,
      31.482134,
      28.45344,
      25.237373,
      25.779877,
      29.091,
      28.451134,
      27.754354,
      28.548143,
      28.529438,
      27.84225,
      29.8855,
      33.62106,
      34.803825,
      34.819435,
      29.503065,
      24.665499,
      25.94275,
      25.22388,
      25.92375,
      26.663464,
      27.005533,
      28.779749,
      28.32894,
      28.456413,
      30.834822,
      29.730875,
      27.474531,
      26.226068,
      32.81067,
      56.84082,
      53.446815,
      38.785625,
      41.316536,
      39.894714,
      39.980534,
      38.09594,
      39.954174,
      42.190414,
      41.56427,
      42.434593,
      43.038437,
      44.070312,
      45.386684,
      40.53325,
      31.347298,
      27.819221,
      27.97589,
      28.894821,
      32.12141,
      32.377293,
      32.419376,
      31.062689,
      29.211353,
      29.922312,
      29.209066,
      28.878624,
      29.322126,
      66.3715,
      64.85729,
      59.497795,
      29.9912,
      30.161335,
      26.94475,
      27.395498,
      28.893877,
      29.69031,
      27.653374,
      28.449247,
      29.29381,
      29.632814,
      30.766933,
      29.604876,
      30.788136,
      33.629463,
      32.273922,
      27.783201,
      30.0258,
      31.628735,
      29.6005,
      29.342564,
      29.1855,
      27.367533,
      30.736649,
      32.013004,
      28.092884,
      27.35653,
      27.768064,
      29.62193,
      33.7435,
      34.11794,
      33.43427,
      32.731937,
      31.65825,
      35.96325,
      36.382057,
      31.69753,
      30.73206,
      32.905468,
      33.214733,
      33.1654,
      35.336,
      35.170067,
      33.4082,
      36.25025,
      34.75775,
      32.795265,
      33.552814,
      32.65247,
      32.921463,
      33.855625,
      32.324497,
      32.647873,
      30.932133,
      30.229937,
      31.54769,
      30.647335,
      34.611732,
      36.199467,
      36.827938,
      35.123936,
      30.048532,
      29.395466,
      28.093765,
      28.232246,
      28.283998,
      30.39893,
      32.137814,
      32.201836,
      29.998331,
      28.484446,
      28.741232,
      30.367435,
      30.799,
      31.587875,
      31.488312,
      31.269814,
      32.92625,
      33.036,
      30.965649,
      30.23747,
      36.60925,
      42.644226,
      42.69359,
      43.206356,
      42.362293,
      43.52532,
      43.673,
      43.22493,
      41.35993,
      34.05769,
      28.43447,
      28.385,
      31.258625,
      32.238934,
      28.328688,
      25.790127,
      25.83619,
      25.594376,
      25.7435,
      25.998598,
      25.463251,
      25.778502,
      26.23194,
      29.013,
      30.11931,
      26.483686,
      28.47306,
      29.977125,
      28.636501,
      27.741875,
      27.29106,
      27.713762,
      28.565884,
      29.202763,
      27.652176,
      27.578766,
      29.004623,
      28.958813,
      29.182564,
      27.869942,
      25.433765,
      24.156668,
      23.378565,
      25.041351,
      28.736315,
      28.251251,
      29.050398,
      28.735811,
      25.977667,
      24.893732,
      24.999933,
      26.203188,
      26.649246,
      26.141802,
      27.656813,
      29.37535,
      29.29759,
      28.854822,
      27.862291,
      27.69206,
      27.86769,
      25.537294,
      25.290527,
      27.336874,
      27.650564,
      28.381601,
      28.90919,
      29.453812,
      30.246944,
      32.551056,
      30.626999,
      26.664688,
      28.570864,
      29.717438,
      30.818623,
      31.350372,
      29.960001,
      29.70336,
      28.2745,
      30.557333,
      31.0785
    ],
    "downlinkThroughputBps": [
      333606.56,
      389441.12,
      380255.6,
      402686.75,
      419287.78,
      453748.2,
      443665.1,
      482152.03,
      453915.97,
      480952.44,
      456239.62,
      354888.44,
      376413.62,
      373779.6,
      473125.88,
      406998.47,
      408994.97,
      345283.5,
      281194.53,
      225838.11,
      186294.2,
      282201.16,
      218254.8,
      271178.53,
      298617.66,
      331643.62,
      230451.84,
      312953.8,
      270029.28,
      246767.69,
      198365.4,
      187326,
      46925.875,
      316938.38,
      301025.2,
      337456.94,
      271220.47,
      395103.44,
      299724.97,
      300177.94,
      418398.6,
      165666.62,
      333992.44,
      251792.45,
      381782.3,
      237305.33,
      192669.55,
      243160.58,
      591841.44,
      505984.06,
      1.0691029e+06,
      563412.44,
      509742.16,
      329236.1,
      19872.613,
      21156.07,
      38344.33,
      50465.867,
      46103.79,
      27606.908,
      36993.76,
      44233.13,
      42454.746,
      32170.312,
      84062.24,
      28756.148,
      24419.238,
      64122.52,
      43662.703,
      27061.648,
      24352.129,
      28252.832,
      25400.705,
      24033.361,
      87828.73,
      70640.47,
      24469.57,
      357329.53,
      34024.195,
      26029.852,
      27195.867,
      22045.262,
      23722.984,
      27262.977,
      60054.043,
      41162.9,
      54693.723,
      92618.62,
      50524.586,
      119093.07,
      19176.357,
      44820.332,
      106283.664,
      54693.723,
      43411.047,
      20292.043,
      18236.834,
      55801.02,
      28009.562,
      63166.22,
      29989.273,
      20937.965,
      24469.57,
      19570.623,
      19360.908,
      20828.914,
      18186.502,
      18186.502,
      24494.736,
      24679.285,
      32153.535,
      20778.582,
      23144.17,
      27246.2,
      21818.77,
      17783.85,
      24184.357,
      36851.156,
      27908.898,
      38503.71,
      46565.164,
      38126.223,
      18371.05,
      29611.787,
      23454.549,
      18756.928,
      43671.094,
      71168.95,
      37371.25,
      20451.426,
      23865.59,
      22607.299,
      21952.986,
      25920.799,
      20812.137,
      7.4005975e+06,
      6.976109e+06,
      4.206954e+06,
      3.3980992e+06,
      4.525587e+06,
      3.1687715e+06,
      3.1641745e+06,
      3.3244892e+06,
      4.435183e+06,
      2.8096888e+06,
      3.4681358e+06,
      2.1198515e+06,
      2.7098978e+06,
      2.220062e+06,
      451038.7,
      45936.016,
      39183.188,
      48008.004,
      32061.26,
      39149.633,
      19721.617,
      37597.742,
      55398.367,
      40735.082,
      10015.998,
      19587.4,
      85312.14,
      320788.75,
      48804.92,
      173275.1,
      47454.355,
      32967.23,
      24536.678,
      92912.22,
      28437.38,
      31130.125,
      34829.5,
      11769.217,
      86578.82,
      245048.02,
      17288.922,
      32581.354,
      89238.016,
      91637.16,
      73299.66,
      36758.88,
      366070.47,
      272285.8,
      76135.01,
      45826.965,
      25677.53,
      46858.766,
      50449.09,
      54089.746,
      18270.389,
      18060.674,
      28127.002,
      17020.486,
      22280.143,
      20333.986,
      31809.602,
      11710.497,
      45617.25,
      13472.1045,
      25526.533,
      12046.041,
      36591.11,
      21818.77,
      27757.904,
      17322.475,
      12364.809,
      84892.71,
      27858.566,
      67251.47,
      97047.805,
      80354.48,
      125158.03,
      77326.19,
      97425.3,
      74096.58,
      19209.912,
      10544.48,
      55700.355,
      16424.895,
      8984.199,
      18404.605,
      10183.7705,
      9739.174,
      13581.156,
      10192.159,
      9445.572,
      8984.199,
      12364.809,
      25232.934,
      9797.895,
      25333.596,
      88516.59,
      18178.113,
      26650.607,
      58493.76,
      24008.195,
      9445.572,
      9739.174,
      12272.533,
      21164.457,
      54693.723,
      32438.748,
      57587.793,
      21835.547,
      14587.789,
      10880.024,
      9437.184,
      45734.69,
      29704.06,
      7147.094,
      7046.4307,
      10989.076,
      10326.376,
      9621.733,
      7683.965,
      59701.723,
      131558.55,
      97106.52,
      210923.16,
      49727.668,
      8799.649,
      8984.199,
      12582.912,
      11626.61,
      10997.465,
      3.2708707e+08,
      4.0751158e+08,
      3.7219818e+08,
      3.7706394e+08,
      3.345333e+08,
      3.6589046e+08,
      3.8703434e+08,
      1.8074536e+08,
      6.130991e+07,
      5.1766504e+07,
      3.8584308e+07,
      1.347478e+08,
      1.097615e+08,
      3.5520052e+07,
      2.1459518e+08,
      2.209125e+08,
      1.8190418e+08,
      2.0106114e+08,
      2.1223808e+08,
      2.1340923e+08,
      2.1108318e+08,
      1.8231888e+08,
      1.8293477e+08,
      2.5281467e+08,
      2.6564349e+08,
      2.7950787e+08,
      3.0346496e+08,
      2.1693208e+08,
      2.6036458e+08,
      3.2461696e+08,
      2.6328306e+08,
      3.5396157e+08,
      2.8909875e+08,
      2.429544e+08,
      3.042615e+08,
      3.348552e+08,
      2.7321334e+08,
      1.8102755e+08,
      2.963891e+08,
      2.7926928e+08,
      1.7183072e+08,
      2.2657406e+08,
      1.8320107e+08,
      1.8437296e+08,
      2.5575146e+08,
      2.962878e+08,
      2.895093e+08,
      2.4357608e+08,
      1.2456912e+08,
      1.9657347e+08,
      2.4773872e+08,
      1.3518181e+08,
      7.933729e+07,
      2.3708624e+08,
      3.169355e+08,
      3.2610803e+08,
      5.2798444e+07,
      2.2979093e+08,
      2.2626962e+08,
      2.885276e+08,
      2.086291e+08,
      1.445678e+08,
      2.6450757e+08,
      2.8010448e+08,
      1.5953285e+08,
      2.4871789e+08,
      1.9018242e+08,
      1.0614413e+08,
      2.2871954e+08,
      2.1408595e+08,
      1.30081096e+08,
      1.9233582e+08,
      2.3957106e+08,
      2.3728923e+08,
      2.6762962e+08,
      3.6157642e+08,
      4.3115462e+08,
      3.2752365e+08,
      5.3076022e+08,
      3.6687834e+08,
      2.6256685e+08,
      3.7827082e+08,
      1.6297586e+08,
      2.0630627e+08,
      1.9172182e+08,
      1.8276573e+08,
      2.4809734e+08,
      3.0779443e+08,
      1.9581984e+08,
      3.206129e+08,
      2.3542696e+08,
      2.6945114e+08,
      2.834454e+08,
      3.5558992e+08,
      2.9211206e+08,
      1.5719144e+08,
      2.9958525e+08,
      1.6711856e+08,
      1.966021e+08,
      1.3411623e+08,
      9.985745e+07,
      3.976976e+07,
      1.5472363e+08,
      1.1945075e+08,
      1.9306192e+08,
      2.433878e+08,
      9.845368e+07,
      1.0743529e+08,
      1.2961398e+08,
      1.709336e+08,
      1.7141802e+08,
      1.6444974e+08,
      1.2015414e+08,
      1.8610363e+08,
      2.1326307e+08,
      1.5567198e+08,
      1.4850163e+08,
      1.27349336e+08,
      2.5909563e+08,
      1.7348973e+08,
      4.208221e+07,
      17389.584,
      113346.875,
      172008.4,
      99212.07,
      48897.195,
      40768.637,
      39023.805,
      34267.465,
      44660.95,
      38696.65,
      35743.86,
      56665.047,
      50105.156,
      18194.89,
      88516.59,
      33537.656,
      22590.521,
      24285.02,
      20543.701,
      18723.373,
      18379.44,
      18916.31,
      30031.217,
      26482.836,
      81881.2,
      20292.043,
      30089.938,
      64281.902,
      31197.232,
      32614.908,
      47655.684,
      27900.51,
      44317.016,
      30391.928,
      33336.33,
      24620.564,
      46632.273,
      21055.406,
      37018.926,
      23152.559,
      18614.32,
      60683.19,
      40080.77,
      18723.373,
      27028.096,
      30081.549,
      21835.547,
      26021.463,
      21592.277,
      22657.63,
      31641.83,
      102282.3,
      25006.441,
      25081.938,
      20317.209,
      22162.703,
      19302.188,
      51573.16,
      21390.951,
      18295.555,
      129486.555,
      77242.305,
      40340.816,
      23060.283,
      36339.45,
      26591.887,
      23873.979,
      23907.533,
      27044.873,
      19906.166,
      46279.95,
      70145.54,
      45348.816,
      19948.11,
      57193.53,
      37052.48,
      31658.607,
      21801.992,
      115578.24,
      244116.88,
      17741.906,
      21835.547,
      31172.066,
      22271.754,
      20401.094,
      24964.498,
      24637.342,
      21701.328,
      45684.36,
      64449.676,
      50046.434,
      21592.277,
      38679.87,
      32480.69,
      27749.516,
      25207.768,
      19990.053,
      45273.316,
      37413.19,
      39896.22,
      20719.861,
      64214.793,
      41649.438,
      24184.357,
      80262.2,
      25333.596,
      19964.887,
      24259.854,
      55431.92,
      31792.824,
      62033.758,
      23420.994,
      25190.99,
      23404.217,
      20174.602,
      17741.906,
      28269.61,
      375297.94,
      55247.37,
      40516.977,
      393450.88,
      21265.121,
      25727.861,
      35383.15,
      79482.06,
      22003.318,
      11307.844,
      136960.8,
      41917.875,
      65573.75,
      46883.93,
      61312.336,
      33336.33,
      37589.35,
      82158.02,
      74037.85,
      25853.69,
      30450.646,
      25199.379,
      17599.299,
      42295.363,
      27204.256,
      31423.725,
      30861.69,
      41758.492,
      45474.645,
      28840.035,
      30752.637,
      27732.738,
      39711.67,
      39401.293,
      41397.78,
      43855.645,
      37295.75,
      33923.53,
      25912.41,
      25048.383,
      69659,
      29058.139,
      31331.451,
      21021.852,
      65842.19,
      55750.688,
      77443.63,
      41397.78,
      69256.34,
      20887.635,
      21449.67,
      20510.146,
      18010.342,
      18975.031,
      31188.844,
      27304.92,
      23303.553,
      19973.275,
      20661.14,
      33722.203,
      37438.36,
      38738.59,
      42387.637,
      125501.96,
      43696.258,
      45466.254,
      31817.99,
      60909.684,
      43620.76,
      39493.566,
      47244.64,
      42781.902,
      21390.951,
      19713.229,
      70858.57,
      28898.754,
      19109.25,
      22884.123,
      23588.766,
      22162.703,
      22053.65,
      16777.217,
      20409.482,
      18924.7,
      23420.994,
      26843.545,
      24209.523,
      21172.846,
      17993.564,
      30945.574,
      22674.408,
      17423.139,
      124604.38,
      66261.62,
      43167.777,
      105285.42,
      77510.734,
      21969.764,
      89758.11,
      52898.562,
      75665.24,
      45357.203,
      21231.566,
      20392.705,
      59039.023,
      42773.51,
      39854.277,
      62151.195,
      369887.28,
      28554.822,
      19587.4,
      19428.016,
      20342.375,
      16500.393,
      22817.014,
      86897.59,
      24318.574,
      22154.314,
      26038.238,
      23957.865,
      23941.088,
      31901.877,
      97433.68,
      5947.523,
      76462.164,
      154434.27,
      58820.918,
      22825.402,
      66362.28,
      71152.17,
      67310.19,
      60666.414,
      58661.535,
      31717.326,
      69180.85,
      28101.836,
      35232.152,
      85748.35,
      37396.414,
      25786.58,
      25711.084,
      20594.033,
      21642.61,
      22397.584,
      20191.379,
      23261.61,
      23932.7,
      16441.672,
      17137.926,
      31650.219,
      22322.086,
      16944.988,
      144208.56,
      28353.494,
      75413.586,
      38117.836,
      46623.883,
      19889.389,
      44266.684,
      23110.615,
      32111.592,
      48066.723,
      45197.82,
      21466.447,
      59911.438,
      42328.914,
      18941.477,
      102223.58,
      27900.51,
      19461.57,
      62553.85,
      18329.11,
      19050.53,
      439319.78,
      18748.54,
      25786.58,
      22405.973,
      23974.643,
      31650.219,
      32975.617,
      31012.684,
      42295.363,
      18463.326,
      38075.89,
      25610.42,
      4.2464284e+07,
      6.3632724e+07,
      7.2973816e+07,
      7.468571e+07,
      3.2104612e+07,
      5.046393e+07,
      8.266047e+07,
      1.01476136e+08,
      8.960411e+07,
      1.4476982e+08,
      1.5651776e+08,
      1.0071471e+08,
      1.5393363e+08,
      1.8041589e+08,
      1.8068394e+08,
      1.6839914e+08,
      1.9008453e+08,
      2.0535026e+08,
      5.5109096e+07,
      5.445517e+07,
      2.3065518e+07,
      3.6469844e+07,
      8.673596e+07,
      7.582156e+07,
      1.0022182e+08,
      6.921931e+07,
      1.0366295e+08,
      1.0531729e+08,
      9.435081e+07,
      8.92555e+07,
      8.250675e+07,
      7.079921e+07,
      1.101285e+08,
      1.2828943e+08,
      6.848341e+07,
      7.337332e+07,
      1.5313432e+08,
      1.4381363e+08,
      1.458304e+08,
      2.1804587e+08,
      2.157135e+08,
      2.1777166e+08,
      1.692137e+08,
      1.207701e+08,
      1.3545998e+08,
      1.0780362e+08,
      1.7320736e+08,
      1.9405672e+08,
      7.0761016e+07,
      5.6862816e+07,
      8.451626e+07,
      7.540757e+07,
      1.3087375e+08,
      8.3938616e+07,
      1.3384838e+08,
      1.5050315e+08,
      1.4501133e+08,
      1.3052645e+08,
      1.4587718e+08,
      1.1267668e+08,
      1.5239453e+08,
      1.3595224e+08,
      1.714089e+08,
      8.166939e+07,
      2.6364808e+07,
      1.1501312e+08,
      1.3732187e+08,
      6.5946044e+07,
      1.6949078e+08,
      9.4150856e+07,
      1.08754264e+08,
      1.4497333e+08,
      1.4413474e+08,
      2.1336893e+08,
      1.7435616e+08,
      1.0996709e+08,
      2.9548362e+08,
      1.150515e+08,
      1.646906e+08,
      1.3431934e+08,
      2.1113701e+08,
      2.059949e+08,
      2.3572504e+08,
      1.0520198e+08,
      1.6405955e+08,
      1.8610395e+08,
      1.8734227e+08,
      2.321699e+08,
      1.8476154e+08,
      1.6941317e+08,
      1.8048867e+08,
      1.976625e+08,
      1.8176227e+08,
      1.4944987e+08,
      1.22730136e+08,
      1.0654535e+08,
      2.1816349e+08,
      2.4761325e+08,
      2.7364003e+08,
      2.3244738e+08,
      2.3923096e+08,
      2.1591354e+08,
      2.872033e+08,
      1.7884269e+08,
      2.0904715e+08,
      2.171289e+08,
      1.6856029e+08,
      2.2781955e+08,
      2.0762728e+08,
      1.2144733e+08,
      8.631701e+07,
      1.6372338e+08,
      2.1384573e+08,
      2.5064118e+08,
      2.1894235e+08,
      1.4641226e+08,
      1.8832877e+08,
      2.3617578e+08,
      2.3242411e+08,
      2.3273651e+08,
      1.9018173e+08,
      2.0140234e+08,
      1.4599443e+08,
      1.1016243e+08,
      1.3602365e+08,
      1.6013118e+08,
      2.4626026e+08,
      2.7375443e+08,
      3.1245546e+08,
      2.4119235e+08,
      2.3955432e+08,
      1.0856945e+08,
      1.3691411e+08,
      1.6034346e+08,
      1.7365635e+08,
      2.0340394e+08,
      2.1749235e+08,
      2.1760435e+08,
      1.6902018e+08,
      6.994365e+07,
      61203.285,
      23999.807,
      118287.76,
      19327.354,
      20837.303,
      245610.05,
      472924.56,
      492704.9,
      523365.25,
      693662.4,
      458412.25,
      556382.8,
      487646.56,
      407359.2,
      305219.5,
      526351.6,
      436903.88,
      501437.44,
      478284.88,
      516704.7,
      403273.94,
      466893.16,
      421477.22,
      415747.8,
      463294.44,
      369853.72,
      406587.44,
      349486.2,
      440435.47,
      307618.66,
      559218.2,
      352581.6,
      317768.88,
      256875.95,
      429924.56,
      432634.06,
      488074.38,
      305664.1,
      294322.7,
      363788.75,
      282100.5,
      220981.1,
      338178.34,
      424539.06,
      641074.2,
      498744.7,
      484769.28,
      623382.6,
      454587.06,
      448773.75,
      482193.97,
      492797.16,
      535813.94,
      528062.9,
      456138.94,
      299305.53,
      346944.44,
      308549.78,
      356121.56,
      668941.2,
      396286.22,
      317433.3,
      472010.2,
      468377.94,
      360819.2,
      340938.2,
      282410.88,
      283878.88,
      404288.97,
      390489.7,
      271841.22,
      181764.36
    ],
    "uplinkThroughputBps": [
      1.3016192e+07,
      1.2886454e+07,
      1.3822346e+07,
      1.361383e+07,
      1.435774e+07,
      1.4537667e+07,
      1.4362438e+07,
      1.474604e+07,
      1.3715768e+07,
      1.790863e+07,
      1.5100803e+07,
      1.1456448e+07,
      1.3917934e+07,
      1.257147e+07,
      1.3425212e+07,
      1.3674253e+07,
      1.1340945e+07,
      1.1424739e+07,
      8.078431e+06,
      6.987442e+06,
      5.5689785e+06,
      9.759625e+06,
      6.646655e+06,
      1.1309555e+07,
      9.85752e+06,
      8.785104e+06,
      6.5510415e+06,
      1.1978563e+07,
      8.404119e+06,
      7.222751e+06,
      6.1059085e+06,
      5.6381345e+06,
      1.4981635e+06,
      5.521239e+06,
      8.926569e+06,
      7.777498e+06,
      1.0164309e+07,
      1.1418749e+07,
      9.121647e+06,
      9.248172e+06,
      1.1723919e+07,
      5.3507825e+06,
      9.287825e+06,
      7.4422305e+06,
      1.1198666e+07,
      7.0751785e+06,
      5.767596e+06,
      8.3177745e+06,
      1.967683e+07,
      1.5538034e+07,
      1.8368762e+07,
      1.754411e+07,
      1.7137674e+07,
      1.1786875e+07,
      62209.918,
      67553.46,
      76395.055,
      69038.24,
      77124.86,
      71999.42,
      89196.07,
      79691.77,
      97962.164,
      80178.31,
      51992.594,
      90018.16,
      73794.586,
      79775.664,
      97198.805,
      77938.555,
      98046.05,
      78232.16,
      76084.67,
      76579.6,
      76697.04,
      79524,
      75111.59,
      77200.36,
      80069.266,
      75136.766,
      77829.51,
      79775.664,
      76294.39,
      77754.01,
      79171.68,
      83936.414,
      76000.79,
      75472.305,
      74323.07,
      80841.016,
      77460.41,
      66261.62,
      70372.03,
      85572.19,
      94623.5,
      67637.34,
      76990.64,
      60674.8,
      84095.8,
      85219.87,
      104723.38,
      73073.164,
      77955.336,
      62830.676,
      70363.64,
      72955.73,
      64013.47,
      80086.04,
      82468.41,
      66798.484,
      77150.03,
      69482.84,
      64290.293,
      83852.52,
      64743.277,
      88181.05,
      65749.91,
      80295.76,
      72385.3,
      72083.305,
      66303.555,
      73660.37,
      69759.664,
      102676.56,
      76470.55,
      80966.84,
      74373.4,
      68971.13,
      118413.59,
      73601.65,
      88642.42,
      77443.63,
      75212.26,
      92996.11,
      97710.51,
      96863.26,
      144082.73,
      137623.5,
      246180.48,
      97668.56,
      165003.92,
      120703.68,
      110394.08,
      145936.61,
      101393.1,
      86369.11,
      133261.42,
      105352.53,
      108867.35,
      57168.363,
      37228.64,
      217055.23,
      48159,
      60372.812,
      48511.32,
      37606.13,
      44954.55,
      42924.508,
      55507.418,
      28630.318,
      30601.643,
      73316.44,
      316393.12,
      74667,
      94036.3,
      57487.13,
      56329.504,
      50818.188,
      36591.11,
      44124.08,
      54559.508,
      54945.383,
      14654.898,
      82753.62,
      179658.81,
      33881.586,
      47907.34,
      14151.582,
      133739.58,
      42664.46,
      60389.59,
      317374.6,
      122515.62,
      26038.238,
      55851.35,
      37849.4,
      77166.805,
      27707.572,
      63526.93,
      30190.6,
      44224.742,
      33646.707,
      41716.547,
      34066.137,
      50549.75,
      73786.195,
      39963.33,
      49769.61,
      22439.527,
      45332.04,
      20929.576,
      58376.324,
      31482.445,
      51623.492,
      27330.084,
      30266.098,
      57176.754,
      30895.244,
      53645.15,
      33235.664,
      42647.684,
      95000.984,
      45709.523,
      40810.58,
      20015.219,
      18916.31,
      13648.266,
      13379.83,
      26499.613,
      13648.266,
      12540.969,
      16349.397,
      14201.913,
      18203.28,
      29427.236,
      10032.775,
      13648.266,
      28017.951,
      22380.807,
      18756.928,
      61949.87,
      69164.07,
      11895.046,
      19142.803,
      45575.31,
      11576.279,
      14646.51,
      9764.34,
      18211.668,
      24150.803,
      11509.17,
      10032.775,
      14092.861,
      15141.4375,
      13002.343,
      43067.113,
      85714.8,
      76042.734,
      97098.14,
      74935.44,
      82720.06,
      95856.625,
      69642.23,
      100000.59,
      79968.6,
      142010.75,
      276547.25,
      184540.98,
      159022.84,
      96527.71,
      84825.6,
      94992.59,
      72964.11,
      94531.23,
      81386.27,
      77636.57,
      62553.85,
      82829.12,
      67528.3,
      71403.83,
      67150.805,
      41238.4,
      76982.26,
      68677.53,
      62159.586,
      78433.484,
      66060.29,
      89959.43,
      85664.47,
      70548.195,
      73853.305,
      78257.32,
      67511.516,
      56623.105,
      83751.86,
      58871.25,
      60364.42,
      64105.742,
      93784.64,
      73375.16,
      67016.586,
      70103.59,
      75489.086,
      74281.125,
      103439.92,
      135039.81,
      97433.68,
      69013.08,
      69499.62,
      65699.58,
      67100.48,
      61320.723,
      81965.086,
      62142.81,
      76546.05,
      60054.043,
      58653.15,
      78961.97,
      91318.38,
      79935.05,
      70070.04,
      107466.46,
      88113.94,
      65682.8,
      63107.496,
      77896.62,
      66337.11,
      71269.62,
      77435.24,
      73123.49,
      63048.777,
      99597.945,
      63275.27,
      75841.41,
      60280.535,
      66613.94,
      69046.63,
      63141.05,
      68794.98,
      65766.69,
      72947.336,
      68887.25,
      76587.99,
      66261.62,
      75329.7,
      82443.24,
      69776.44,
      78785.805,
      66563.6,
      79742.11,
      59785.61,
      79616.28,
      20434.648,
      36884.71,
      37874.566,
      65179.484,
      63141.05,
      63350.77,
      81537.27,
      54232.35,
      79540.78,
      67712.84,
      56723.766,
      65162.707,
      55062.824,
      51816.43,
      73920.414,
      37958.453,
      67981.28,
      58611.203,
      65993.18,
      60070.82,
      52923.727,
      86771.76,
      63233.33,
      67863.836,
      73333.21,
      58627.98,
      81168.17,
      71445.77,
      44644.17,
      71294.78,
      64701.332,
      61228.45,
      63241.715,
      57302.582,
      80899.734,
      64709.723,
      70162.32,
      70900.516,
      49123.688,
      58074.332,
      59911.438,
      62671.29,
      64944.6,
      72964.11,
      90227.87,
      63333.992,
      73802.98,
      70036.484,
      1.2207599e+08,
      4.1373187e+08,
      4.0414122e+08,
      4.1441222e+08,
      3.9595446e+08,
      4.047009e+08,
      4.071728e+08,
      3.9634893e+08,
      4.0523194e+08,
      3.9617578e+08,
      4.024731e+08,
      4.0840525e+08,
      3.9378685e+08,
      3.87608e+08,
      4.024113e+08,
      3.897241e+08,
      3.8867382e+08,
      4.0084106e+08,
      3.9758224e+08,
      4.0428493e+08,
      4.0274666e+08,
      3.8877066e+08,
      3.93899e+08,
      4.0792944e+08,
      3.97474e+08,
      3.853276e+08,
      4.1130838e+08,
      4.1206147e+08,
      4.1173072e+08,
      3.9541558e+08,
      3.8678237e+08,
      3.985932e+08,
      3.9106646e+08,
      4.081007e+08,
      3.921859e+08,
      3.995722e+08,
      4.011952e+08,
      3.9804938e+08,
      3.9327478e+08,
      4.021995e+08,
      4.0512467e+08,
      3.8805843e+08,
      4.0720048e+08,
      3.849598e+08,
      3.822554e+08,
      4.0649786e+08,
      4.0172576e+08,
      3.680889e+08,
      4.0107043e+08,
      4.0347245e+08,
      3.7878698e+08,
      4.0395946e+08,
      3.9550614e+08,
      3.8126048e+08,
      4.0217226e+08,
      3.9763715e+08,
      4.060603e+08,
      4.0083366e+08,
      4.018467e+08,
      4.1552403e+08,
      3.8831578e+08,
      4.0613168e+08,
      4.099789e+08,
      3.6010547e+08,
      4.06069e+08,
      4.027116e+08,
      3.929745e+08,
      3.982365e+08,
      4.21082e+08,
      4.01591e+08,
      4.0922003e+08,
      4.0085878e+08,
      3.950018e+08,
      3.8104816e+08,
      3.9931142e+08,
      4.1929302e+08,
      3.87388e+08,
      3.9320077e+08,
      4.108374e+08,
      3.994801e+08,
      3.9248435e+08,
      3.924126e+08,
      3.882453e+08,
      4.092772e+08,
      4.1678333e+08,
      4.0581667e+08,
      4.0880768e+08,
      4.0290848e+08,
      3.924549e+08,
      4.038185e+08,
      4.04402e+08,
      4.0952483e+08,
      3.9166387e+08,
      3.9942906e+08,
      3.8167958e+08,
      3.9269786e+08,
      3.9933382e+08,
      3.9430435e+08,
      3.851583e+08,
      2.7466307e+08,
      1.4206992e+08,
      3.5366045e+08,
      4.0474358e+08,
      3.9790835e+08,
      4.0474893e+08,
      3.9336118e+08,
      4.1147142e+08,
      3.8211075e+08,
      4.0308384e+08,
      3.9378262e+08,
      3.8594454e+08,
      3.7852502e+08,
      4.0451613e+08,
      4.0722717e+08,
      3.9504758e+08,
      4.1178554e+08,
      3.889114e+08,
      3.888655e+08,
      3.9421718e+08,
      3.977952e+08,
      2.931725e+08,
      59659.78,
      63887.637,
      51296.34,
      71470.94,
      67251.47,
      82107.695,
      76990.64,
      90311.75,
      70070.04,
      53636.758,
      82057.37,
      87224.74,
      77712.06,
      81738.59,
      74104.96,
      75682.02,
      100839.45,
      92660.56,
      81537.27,
      87837.12,
      91528.1,
      85555.414,
      78710.31,
      81814.09,
      71303.17,
      83214.99,
      90127.2,
      75665.24,
      81369.5,
      75539.414,
      75841.41,
      73006.055,
      81310.78,
      91049.95,
      78945.19,
      70539.805,
      76453.77,
      109840.43,
      57487.13,
      55197.04,
      106845.7,
      93029.664,
      81621.16,
      68501.375,
      66639.1,
      72351.74,
      100923.34,
      80992.01,
      69130.516,
      69650.61,
      73702.31,
      72242.695,
      83038.83,
      81679.875,
      87929.39,
      58787.363,
      78836.14,
      77930.17,
      76076.29,
      78567.7,
      70372.03,
      114236.06,
      73425.484,
      57436.8,
      79305.9,
      57881.395,
      73400.32,
      76638.32,
      83617.65,
      72737.62,
      70120.375,
      67410.85,
      74776.055,
      82216.75,
      70321.7,
      91804.93,
      84297.125,
      83416.32,
      68518.15,
      81889.59,
      93482.65,
      232792.27,
      74817.99,
      66748.16,
      61236.84,
      68971.13,
      84171.29,
      74373.4,
      70019.71,
      91955.92,
      76864.81,
      62922.95,
      72410.46,
      69826.77,
      74776.055,
      69826.77,
      93818.195,
      91150.62,
      65632.47,
      43721.426,
      207509,
      78836.14,
      82585.84,
      84120.96,
      75631.69,
      65196.26,
      77527.516,
      67058.53,
      66093.84,
      72720.84,
      84800.44,
      72293.02,
      66244.836,
      76957.086,
      71781.32,
      70908.91,
      56438.555,
      46573.55,
      50222.598,
      72150.414,
      60255.37,
      69793.22,
      77963.73,
      55977.18,
      70137.15,
      67410.85,
      69826.77,
      92392.125,
      69491.23,
      73417.09,
      47236.25,
      75019.32,
      69432.51,
      74557.945,
      64088.965,
      84372.62,
      83173.05,
      97249.13,
      73433.875,
      68744.64,
      69482.84,
      10955.522,
      19780.338,
      10586.423,
      10032.775,
      14629.732,
      61673.047,
      80639.69,
      98817.805,
      82946.555,
      84842.38,
      93994.35,
      72343.35,
      86385.88,
      71269.62,
      92845.12,
      89103.8,
      112273.13,
      78089.555,
      57956.895,
      76722.21,
      86637.55,
      74306.29,
      99866.375,
      90915.734,
      69893.88,
      76353.11,
      67243.08,
      85857.41,
      71865.2,
      72183.97,
      76151.78,
      82124.47,
      73735.87,
      72083.305,
      77829.51,
      84154.516,
      268670.34,
      269953.78,
      306192.6,
      317945.03,
      393174.06,
      419463.97,
      364275.3,
      446223.62,
      682228.7,
      431048.62,
      418071.44,
      434546.66,
      411008.25,
      457774.72,
      429740,
      494785.28,
      560191.25,
      498367.2,
      387897.62,
      318691.6,
      151288.55,
      234193.16,
      357958.7,
      362815.7,
      387008.44,
      362211.72,
      417031.25,
      427324.1,
      377176.97,
      388275.12,
      339445.03,
      417693.97,
      404154.75,
      418591.53,
      602914.44,
      926463.06,
      398224,
      379928.44,
      546744.3,
      474090.56,
      453202.94,
      385557.2,
      337482.1,
      372194.16,
      426292.28,
      464947,
      466582.75,
      427869.34,
      249519.14,
      732702.94,
      319975.06,
      629514.7,
      432466.28,
      347892.34,
      431258.34,
      405287.22,
      398047.84,
      404456.75,
      438690.66,
      467748.78,
      427441.53,
      388182.84,
      454905.8,
      384743.5,
      154727.88,
      394029.7,
      389927.66,
      471481.72,
      442129.97,
      369610.47,
      363662.94,
      425663.12,
      380767.3,
      457741.2,
      421049.4,
      335644.97,
      556248.6,
      351264.56,
      420244.1,
      363285.44,
      486312.78,
      459544.72,
      450493.4,
      394356.84,
      534723.44,
      431191.22,
      407862.5,
      525017.8,
      404079.25,
      402669.97,
      422978.78,
      455501.4,
      436887.1,
      430838.9,
      342322.3,
      407216.6,
      574997.1,
      478955.97,
      478050,
      432264.97,
      461734.16,
      429488.34,
      497561.9,
      364241.75,
      526771,
      555158.06,
      416234.34,
      492730.06,
      396034.56,
      358462,
      429312.2,
      421804.38,
      453429.44,
      479736.1,
      406511.94,
      399608.12,
      699819.6,
      458059.94,
      474568.72,
      438749.38,
      439605,
      449889.44,
      399230.62,
      466255.62,
      356960.44,
      374350.03,
      425847.7,
      458722.62,
      505849.84,
      448018.78,
      457699.22,
      230703.5,
      928207.9,
      345828.75,
      406579.06,
      414934.1,
      472597.4,
      436752.88,
      350526.38,
      270398.38,
      76671.875,
      78878.08,
      572145,
      92643.79,
      63191.383,
      6.2900885e+06,
      9.180132e+06,
      1.4378997e+07,
      1.4723425e+07,
      1.7564042e+07,
      1.2043474e+07,
      1.4659009e+07,
      1.352158e+07,
      1.0408375e+07,
      7.0456e+06,
      1.3785981e+07,
      1.1724413e+07,
      1.0968407e+07,
      1.4182762e+07,
      1.2116757e+07,
      8.895414e+06,
      1.2272374e+07,
      1.1518742e+07,
      1.1230165e+07,
      1.2797618e+07,
      1.0631864e+07,
      1.1165439e+07,
      9.469245e+06,
      7.516763e+06,
      7.915734e+06,
      1.3791744e+07,
      1.0026819e+07,
      8.1057775e+06,
      6.007938e+06,
      1.2248634e+07,
      1.0479309e+07,
      9.517035e+06,
      7.4364925e+06,
      7.552398e+06,
      9.986168e+06,
      6.5625675e+06,
      5.454273e+06,
      9.114432e+06,
      1.0078678e+07,
      1.943049e+07,
      1.4105302e+07,
      1.309611e+07,
      1.8777556e+07,
      1.2436137e+07,
      1.2511491e+07,
      1.5976389e+07,
      1.8815756e+07,
      1.9754694e+07,
      1.8256782e+07,
      1.6407387e+07,
      1.0525119e+07,
      1.2304997e+07,
      1.112847e+07,
      1.2254884e+07,
      1.1745553e+07,
      1.2902979e+07,
      1.1783813e+07,
      1.6106522e+07,
      1.5839286e+07,
      1.1773353e+07,
      1.2237461e+07,
      1.0053109e+07,
      1.0695886e+07,
      1.4584476e+07,
      1.3428417e+07,
      9.030278e+06,
      5.459583e+06
    ],
    "outages": [
      {
        "cause": "BOOTING",
        "startTimestampNs": "1400870898638265443",
        "durationNs": "44282467437",
        "didSwitch": false
      },
      {
        "cause": "NO_SCHEDULE",
        "startTimestampNs": "1400870943220659331",
        "durationNs": "11699937280",
        "didSwitch": false
      },
      {
        "cause": "NO_DOWNLINK",
        "startTimestampNs": "1400870955020621147",
        "durationNs": "1900104074",
        "didSwitch": false
      },
      {
        "cause": "NO_PINGS",
        "startTimestampNs": "1400870957460671766",
        "durationNs": "1920137469",
        "didSwitch": false
      },
      {
        "cause": "NO_DOWNLINK",
        "startTimestampNs": "1400871324280752397",
        "durationNs": "719932373",
        "didSwitch": true
      },
      {
        "cause": "NO_DOWNLINK",
        "startTimestampNs": "1400871382520776965",
        "durationNs": "499993640",
        "didSwitch": true
      },
      {
        "cause": "NO_PINGS",
        "startTimestampNs": "1400871450060776486",
        "durationNs": "719983941",
        "didSwitch": true
      },
      {
        "cause": "NO_DOWNLINK",
        "startTimestampNs": "1400871563900772453",
        "durationNs": "980031429",
        "didSwitch": true
      },
      {
        "cause": "NO_DOWNLINK",
        "startTimestampNs": "1400871646000724318",
        "durationNs": "840016140",
        "didSwitch": true
      },
      {
        "cause": "NO_DOWNLINK",
        "startTimestampNs": "1400871757060750431",
        "durationNs": "600054296",
        "didSwitch": true
      },
      {
        "cause": "NO_DOWNLINK",
        "startTimestampNs": "1400871870020727666",
        "durationNs": "860088950",
        "didSwitch": true
      },
      {
        "cause": "NO_DOWNLINK",
        "startTimestampNs": "1400871924540789580",
        "durationNs": "679943873",
        "didSwitch": true
      }
    ]
  }
}
End time: 1716836755427
