Start time: 1716941823367
[2024-05-28 20:17:04.321840] nuttcp-r: v8.1.4: socket
[2024-05-28 20:17:04.322627] nuttcp-r: buflen=65536, nstream=1, port=5002 tcp
[2024-05-28 20:17:04.322679] nuttcp-r: interval reporting every 0.50 seconds
[2024-05-28 20:17:04.322716] nuttcp-r: connect to 35.245.244.238 with RTT=76.320 ms af=inet
[2024-05-28 20:17:04.322752] nuttcp-r: send window size = 2097152, receive window size = 6291456
[2024-05-28 20:17:04.322788] nuttcp-r: available send window = 1572864, available receive window = 4718592
[2024-05-28 20:17:04.322821]     0.1875 MB /   0.50 sec =    3.1452 Mbps     0 retrans     13 KB-cwnd
[2024-05-28 20:17:04.822500]     2.5000 MB /   0.50 sec =   41.9349 Mbps     0 retrans     13 KB-cwnd
[2024-05-28 20:17:05.321789]     2.9375 MB /   0.50 sec =   49.2920 Mbps     0 retrans     13 KB-cwnd
[2024-05-28 20:17:05.821694]     3.6250 MB /   0.50 sec =   60.8226 Mbps     0 retrans     13 KB-cwnd
[2024-05-28 20:17:06.321760]     3.7500 MB /   0.50 sec =   62.9124 Mbps     0 retrans     13 KB-cwnd
[2024-05-28 20:17:06.821682]     3.9375 MB /   0.50 sec =   66.0612 Mbps     0 retrans     13 KB-cwnd
[2024-05-28 20:17:07.321732]     5.2500 MB /   0.50 sec =   88.0772 Mbps     0 retrans     13 KB-cwnd
[2024-05-28 20:17:07.821783]     5.0000 MB /   0.50 sec =   83.8864 Mbps     0 retrans     13 KB-cwnd
[2024-05-28 20:17:08.321758]     5.8125 MB /   0.50 sec =   97.5164 Mbps     0 retrans     13 KB-cwnd
[2024-05-28 20:17:08.822900]     2.9375 MB /   0.50 sec =   49.1802 Mbps     0 retrans     13 KB-cwnd
[2024-05-28 20:17:09.321805]     4.3750 MB /   0.50 sec =   73.5598 Mbps     0 retrans     13 KB-cwnd
[2024-05-28 20:17:09.821746]     3.8125 MB /   0.50 sec =   63.9611 Mbps     0 retrans     13 KB-cwnd
[2024-05-28 20:17:10.321966]     3.3750 MB /   0.50 sec =   56.6259 Mbps     0 retrans     13 KB-cwnd
[2024-05-28 20:17:10.821754]     3.2500 MB /   0.50 sec =   54.5226 Mbps     0 retrans     13 KB-cwnd
[2024-05-28 20:17:11.321891]     4.6875 MB /   0.50 sec =   78.6481 Mbps     0 retrans     13 KB-cwnd
[2024-05-28 20:17:11.821818]     3.9375 MB /   0.50 sec =   66.0499 Mbps     0 retrans     13 KB-cwnd
[2024-05-28 20:17:12.322063]     1.6875 MB /   0.50 sec =   28.3131 Mbps     0 retrans     13 KB-cwnd
[2024-05-28 20:17:12.822332]     2.1875 MB /   0.50 sec =   36.6625 Mbps     0 retrans     13 KB-cwnd
[2024-05-28 20:17:13.321916]     2.5625 MB /   0.50 sec =   43.0371 Mbps     0 retrans     13 KB-cwnd
[2024-05-28 20:17:13.821854]     2.1875 MB /   0.50 sec =   36.7005 Mbps     0 retrans     13 KB-cwnd
[2024-05-28 20:17:14.322419]     1.1875 MB /   0.50 sec =   19.9075 Mbps     0 retrans     13 KB-cwnd
[2024-05-28 20:17:14.822959]     0.0000 MB /   0.50 sec =    0.0000 Mbps     0 retrans     13 KB-cwnd
[2024-05-28 20:17:15.321880]     2.8125 MB /   0.50 sec =   47.2555 Mbps     0 retrans     13 KB-cwnd
[2024-05-28 20:17:15.821957]     0.0000 MB /   0.50 sec =    0.0000 Mbps     0 retrans     13 KB-cwnd
[2024-05-28 20:17:16.321965]     0.0000 MB /   0.50 sec =    0.0000 Mbps     0 retrans     13 KB-cwnd
[2024-05-28 20:17:16.821788]     1.3125 MB /   0.50 sec =   22.0248 Mbps     0 retrans     13 KB-cwnd
[2024-05-28 20:17:17.323245]     0.0000 MB /   0.50 sec =    0.0000 Mbps     0 retrans     13 KB-cwnd
[2024-05-28 20:17:17.821919]     0.0000 MB /   0.50 sec =    0.0000 Mbps     0 retrans     13 KB-cwnd
[2024-05-28 20:17:18.321956]     0.0000 MB /   0.50 sec =    0.0000 Mbps     0 retrans     13 KB-cwnd
[2024-05-28 20:17:18.822990]     1.5625 MB /   0.50 sec =   26.1618 Mbps     0 retrans     13 KB-cwnd
[2024-05-28 20:17:19.321948]     0.0000 MB /   0.50 sec =    0.0000 Mbps     0 retrans     13 KB-cwnd
[2024-05-28 20:17:19.822756]     0.0000 MB /   0.50 sec =    0.0000 Mbps     0 retrans     13 KB-cwnd
[2024-05-28 20:17:20.321989]     0.0000 MB /   0.50 sec =    0.0000 Mbps     0 retrans     13 KB-cwnd
[2024-05-28 20:17:20.821726]     1.5000 MB /   0.50 sec =   25.1756 Mbps     0 retrans     13 KB-cwnd
[2024-05-28 20:17:21.321908]     2.0000 MB /   0.50 sec =   33.5539 Mbps     0 retrans     13 KB-cwnd
[2024-05-28 20:17:21.821761]     1.4375 MB /   0.50 sec =   24.1167 Mbps     0 retrans     13 KB-cwnd
[2024-05-28 20:17:22.321743]     2.2500 MB /   0.50 sec =   37.7502 Mbps     0 retrans     13 KB-cwnd
[2024-05-28 20:17:22.821759]     2.8125 MB /   0.50 sec =   47.1856 Mbps     0 retrans     13 KB-cwnd
[2024-05-28 20:17:23.321754]     3.2500 MB /   0.50 sec =   54.5256 Mbps     0 retrans     13 KB-cwnd
[2024-05-28 20:17:23.822063]     3.5625 MB /   0.50 sec =   59.7709 Mbps     0 retrans     13 KB-cwnd
[2024-05-28 20:17:24.321806]     3.1875 MB /   0.50 sec =   53.4692 Mbps     0 retrans     13 KB-cwnd
[2024-05-28 20:17:24.821745]     3.3750 MB /   0.50 sec =   56.6293 Mbps     0 retrans     13 KB-cwnd
[2024-05-28 20:17:25.321949]     3.3125 MB /   0.50 sec =   55.5716 Mbps     0 retrans     13 KB-cwnd
[2024-05-28 20:17:25.821879]     3.0000 MB /   0.50 sec =   50.3379 Mbps     0 retrans     13 KB-cwnd
[2024-05-28 20:17:26.321752]     2.5000 MB /   0.50 sec =   41.9402 Mbps     0 retrans     13 KB-cwnd
[2024-05-28 20:17:26.821806]     2.6875 MB /   0.50 sec =   45.0843 Mbps     0 retrans     13 KB-cwnd
[2024-05-28 20:17:27.321686]     2.7500 MB /   0.50 sec =   46.1453 Mbps     0 retrans     13 KB-cwnd
[2024-05-28 20:17:27.821778]     2.5625 MB /   0.50 sec =   42.9890 Mbps     0 retrans     13 KB-cwnd
[2024-05-28 20:17:28.321668]     2.5625 MB /   0.50 sec =   42.9929 Mbps     0 retrans     13 KB-cwnd
[2024-05-28 20:17:28.821809]     2.9375 MB /   0.50 sec =   49.2767 Mbps     0 retrans     13 KB-cwnd
[2024-05-28 20:17:29.321749]     3.0625 MB /   0.50 sec =   51.3855 Mbps     0 retrans     13 KB-cwnd
[2024-05-28 20:17:29.821733]     3.0000 MB /   0.50 sec =   50.3309 Mbps     0 retrans     13 KB-cwnd
[2024-05-28 20:17:30.321700]     3.0625 MB /   0.50 sec =   51.3819 Mbps     0 retrans     13 KB-cwnd
[2024-05-28 20:17:30.821958]     3.5625 MB /   0.50 sec =   59.7608 Mbps     0 retrans     13 KB-cwnd
[2024-05-28 20:17:31.321903]     3.1875 MB /   0.50 sec =   53.4859 Mbps     0 retrans     13 KB-cwnd
[2024-05-28 20:17:31.821765]     3.2500 MB /   0.50 sec =   54.5224 Mbps     0 retrans     13 KB-cwnd
[2024-05-28 20:17:32.321752]     3.2500 MB /   0.50 sec =   54.5270 Mbps     0 retrans     13 KB-cwnd
[2024-05-28 20:17:32.821728]     3.8125 MB /   0.50 sec =   63.9628 Mbps     0 retrans     13 KB-cwnd
[2024-05-28 20:17:33.321812]     4.3750 MB /   0.50 sec =   73.3922 Mbps     0 retrans     13 KB-cwnd
[2024-05-28 20:17:33.821706]     1.5000 MB /   0.50 sec =   25.1689 Mbps     0 retrans     13 KB-cwnd
[2024-05-28 20:17:34.322061]     4.1875 MB /   0.50 sec =   70.2352 Mbps     0 retrans     13 KB-cwnd
[2024-05-28 20:17:34.821809]     4.3750 MB /   0.50 sec =   73.4094 Mbps     0 retrans     13 KB-cwnd
[2024-05-28 20:17:35.321812]     4.9375 MB /   0.50 sec =   82.8392 Mbps     0 retrans     13 KB-cwnd
[2024-05-28 20:17:35.821725]     5.2500 MB /   0.50 sec =   88.0903 Mbps     0 retrans     13 KB-cwnd
[2024-05-28 20:17:36.321837]     4.5000 MB /   0.50 sec =   75.4889 Mbps     0 retrans     13 KB-cwnd
[2024-05-28 20:17:36.821873]     5.3125 MB /   0.50 sec =   89.1388 Mbps     0 retrans     13 KB-cwnd
[2024-05-28 20:17:37.321746]     5.8125 MB /   0.50 sec =   97.5189 Mbps     0 retrans     13 KB-cwnd
[2024-05-28 20:17:37.821826]     5.8125 MB /   0.50 sec =   97.5051 Mbps     0 retrans     13 KB-cwnd
[2024-05-28 20:17:38.321765]     4.8125 MB /   0.50 sec =   80.7504 Mbps     0 retrans     13 KB-cwnd
[2024-05-28 20:17:38.821843]     5.5000 MB /   0.50 sec =   92.2627 Mbps     0 retrans     13 KB-cwnd
[2024-05-28 20:17:39.321952]     5.1250 MB /   0.50 sec =   86.0001 Mbps     0 retrans     13 KB-cwnd
[2024-05-28 20:17:39.821742]     4.8750 MB /   0.50 sec =   81.7835 Mbps     0 retrans     13 KB-cwnd
[2024-05-28 20:17:40.321765]     5.2500 MB /   0.50 sec =   88.0797 Mbps     0 retrans     13 KB-cwnd
[2024-05-28 20:17:40.821778]     5.1250 MB /   0.50 sec =   85.9817 Mbps     0 retrans     13 KB-cwnd
[2024-05-28 20:17:41.321773]     5.1250 MB /   0.50 sec =   85.9837 Mbps     0 retrans     13 KB-cwnd
[2024-05-28 20:17:41.821742]     5.8750 MB /   0.50 sec =   98.5665 Mbps     0 retrans     13 KB-cwnd
[2024-05-28 20:17:42.321752]     5.8750 MB /   0.50 sec =   98.5695 Mbps     0 retrans     13 KB-cwnd
[2024-05-28 20:17:42.821748]     5.5000 MB /   0.50 sec =   92.2730 Mbps     0 retrans     13 KB-cwnd
[2024-05-28 20:17:43.321774]     5.6250 MB /   0.50 sec =   94.3694 Mbps     0 retrans     13 KB-cwnd
[2024-05-28 20:17:43.821806]     5.5625 MB /   0.50 sec =   93.3236 Mbps     0 retrans     13 KB-cwnd
[2024-05-28 20:17:44.321738]     5.6875 MB /   0.50 sec =   95.4231 Mbps     0 retrans     13 KB-cwnd
[2024-05-28 20:17:44.822044]     5.7500 MB /   0.50 sec =   96.4632 Mbps     0 retrans     13 KB-cwnd
[2024-05-28 20:17:45.322319]     1.9375 MB /   0.50 sec =   32.4834 Mbps     0 retrans     13 KB-cwnd
[2024-05-28 20:17:45.821726]     5.9375 MB /   0.50 sec =   99.6895 Mbps     0 retrans     13 KB-cwnd
[2024-05-28 20:17:46.321750]     5.8750 MB /   0.50 sec =   98.5667 Mbps     0 retrans     13 KB-cwnd
[2024-05-28 20:17:46.821779]     5.6250 MB /   0.50 sec =   94.3692 Mbps     0 retrans     13 KB-cwnd
[2024-05-28 20:17:47.321800]     5.6250 MB /   0.50 sec =   94.3639 Mbps     0 retrans     13 KB-cwnd
[2024-05-28 20:17:47.821758]     5.9375 MB /   0.50 sec =   99.6233 Mbps     0 retrans     18 KB-cwnd
[2024-05-28 20:17:48.321766]     6.7500 MB /   0.50 sec =  113.2471 Mbps     0 retrans     18 KB-cwnd
[2024-05-28 20:17:48.821904]     6.1250 MB /   0.50 sec =  102.7337 Mbps     0 retrans     18 KB-cwnd
[2024-05-28 20:17:49.322010]     6.8750 MB /   0.50 sec =  115.3736 Mbps     0 retrans     18 KB-cwnd
[2024-05-28 20:17:49.822121]     6.7500 MB /   0.50 sec =  113.1638 Mbps     0 retrans     18 KB-cwnd
[2024-05-28 20:17:50.321808]     6.0000 MB /   0.50 sec =  100.7251 Mbps     0 retrans     18 KB-cwnd
[2024-05-28 20:17:50.821750]     6.5000 MB /   0.50 sec =  109.0639 Mbps     0 retrans     18 KB-cwnd
[2024-05-28 20:17:51.321786]     6.5625 MB /   0.50 sec =  110.1003 Mbps     0 retrans     18 KB-cwnd
[2024-05-28 20:17:51.821733]     6.4375 MB /   0.50 sec =  108.0044 Mbps     0 retrans     18 KB-cwnd
[2024-05-28 20:17:52.321738]     6.3125 MB /   0.50 sec =  105.9066 Mbps     0 retrans     18 KB-cwnd
[2024-05-28 20:17:52.821952]     6.9375 MB /   0.50 sec =  116.3884 Mbps     0 retrans     18 KB-cwnd
[2024-05-28 20:17:53.321744]     6.5625 MB /   0.50 sec =  110.1040 Mbps     0 retrans     18 KB-cwnd
[2024-05-28 20:17:53.821745]     7.1250 MB /   0.50 sec =  119.5362 Mbps     0 retrans     18 KB-cwnd
[2024-05-28 20:17:54.321744]     6.5000 MB /   0.50 sec =  109.0523 Mbps     0 retrans     18 KB-cwnd
[2024-05-28 20:17:54.821741]     6.3125 MB /   0.50 sec =  105.9070 Mbps     0 retrans     18 KB-cwnd
[2024-05-28 20:17:55.321775]     6.6875 MB /   0.50 sec =  112.1985 Mbps     0 retrans     18 KB-cwnd
[2024-05-28 20:17:55.821737]     6.6875 MB /   0.50 sec =  112.1976 Mbps     0 retrans     18 KB-cwnd
[2024-05-28 20:17:56.321710]     6.8125 MB /   0.50 sec =  114.2971 Mbps     0 retrans     18 KB-cwnd
[2024-05-28 20:17:56.821761]     6.0625 MB /   0.50 sec =  101.7074 Mbps    54 retrans   1633 KB-cwnd
[2024-05-28 20:17:57.321939]     6.1250 MB /   0.50 sec =  102.7607 Mbps     0 retrans   1633 KB-cwnd
[2024-05-28 20:17:57.821781]     1.9375 MB /   0.50 sec =   32.5048 Mbps     0 retrans   1633 KB-cwnd
[2024-05-28 20:17:58.321747]     4.7500 MB /   0.50 sec =   79.6950 Mbps     0 retrans   1633 KB-cwnd
[2024-05-28 20:17:58.821753]     4.8750 MB /   0.50 sec =   81.7884 Mbps     0 retrans   1633 KB-cwnd
[2024-05-28 20:17:59.321787]     4.8125 MB /   0.50 sec =   80.7384 Mbps     0 retrans   1633 KB-cwnd
[2024-05-28 20:17:59.821760]     5.2500 MB /   0.50 sec =   88.0825 Mbps     0 retrans   1633 KB-cwnd
[2024-05-28 20:18:00.321741]     5.1250 MB /   0.50 sec =   85.9850 Mbps     0 retrans   1633 KB-cwnd
[2024-05-28 20:18:00.821751]     5.2500 MB /   0.50 sec =   88.0783 Mbps     0 retrans   1633 KB-cwnd
[2024-05-28 20:18:01.321779]     5.3125 MB /   0.50 sec =   89.1290 Mbps     0 retrans   1633 KB-cwnd
[2024-05-28 20:18:01.821815]     5.0625 MB /   0.50 sec =   84.9333 Mbps     0 retrans   1633 KB-cwnd
[2024-05-28 20:18:02.321794]     4.6875 MB /   0.50 sec =   78.6418 Mbps     0 retrans   1633 KB-cwnd
[2024-05-28 20:18:02.821810]     4.9375 MB /   0.50 sec =   82.8324 Mbps     0 retrans   1633 KB-cwnd
[2024-05-28 20:18:03.321743]     5.5000 MB /   0.50 sec =   92.2841 Mbps     0 retrans   1633 KB-cwnd
[2024-05-28 20:18:03.821928]     5.6875 MB /   0.50 sec =   95.4202 Mbps     0 retrans   1633 KB-cwnd
[2024-05-28 20:18:04.322153]     5.6875 MB /   0.50 sec =   95.3449 Mbps     0 retrans   1633 KB-cwnd
[2024-05-28 20:18:04.821936]     5.6875 MB /   0.50 sec =   95.4932 Mbps     0 retrans   1633 KB-cwnd
[2024-05-28 20:18:05.321757]     5.3125 MB /   0.50 sec =   89.1323 Mbps     0 retrans   1633 KB-cwnd
[2024-05-28 20:18:05.821797]     5.1875 MB /   0.50 sec =   87.0261 Mbps     0 retrans   1633 KB-cwnd
[2024-05-28 20:18:06.321753]     4.9375 MB /   0.50 sec =   82.8431 Mbps     0 retrans   1633 KB-cwnd
[2024-05-28 20:18:06.821787]     4.8750 MB /   0.50 sec =   81.7863 Mbps     0 retrans   1633 KB-cwnd
[2024-05-28 20:18:07.321733]     5.3125 MB /   0.50 sec =   89.1329 Mbps     0 retrans   1633 KB-cwnd
[2024-05-28 20:18:07.822388]     4.8750 MB /   0.50 sec =   81.7100 Mbps     0 retrans   1633 KB-cwnd
[2024-05-28 20:18:08.322168]     2.6875 MB /   0.50 sec =   45.1118 Mbps     0 retrans   1633 KB-cwnd
[2024-05-28 20:18:08.821754]     5.1875 MB /   0.50 sec =   87.0699 Mbps     0 retrans   1633 KB-cwnd
[2024-05-28 20:18:09.321727]     4.9375 MB /   0.50 sec =   82.8388 Mbps     0 retrans   1633 KB-cwnd
[2024-05-28 20:18:09.821759]     5.3750 MB /   0.50 sec =   90.1765 Mbps     0 retrans   1633 KB-cwnd
[2024-05-28 20:18:10.321743]     5.4375 MB /   0.50 sec =   91.2263 Mbps     0 retrans   1633 KB-cwnd
[2024-05-28 20:18:10.821772]     5.6250 MB /   0.50 sec =   94.3688 Mbps     0 retrans   2330 KB-cwnd
[2024-05-28 20:18:11.321756]     5.6875 MB /   0.50 sec =   95.4237 Mbps     0 retrans   2330 KB-cwnd
[2024-05-28 20:18:11.821752]     6.1250 MB /   0.50 sec =  102.7596 Mbps     0 retrans   2330 KB-cwnd
[2024-05-28 20:18:12.321767]     6.1250 MB /   0.50 sec =  102.7600 Mbps     0 retrans   2330 KB-cwnd
[2024-05-28 20:18:12.821750]     6.1250 MB /   0.50 sec =  102.7600 Mbps     0 retrans   2330 KB-cwnd
[2024-05-28 20:18:13.321949]     5.8750 MB /   0.50 sec =   98.5715 Mbps     0 retrans   2330 KB-cwnd
[2024-05-28 20:18:13.822088]     5.6875 MB /   0.50 sec =   95.3506 Mbps     0 retrans   2330 KB-cwnd
[2024-05-28 20:18:14.321808]     5.9375 MB /   0.50 sec =   99.6723 Mbps     0 retrans   2330 KB-cwnd
[2024-05-28 20:18:14.821751]     6.2500 MB /   0.50 sec =  104.8683 Mbps     0 retrans   2330 KB-cwnd
[2024-05-28 20:18:15.321768]     6.1875 MB /   0.50 sec =  103.8080 Mbps     0 retrans   2330 KB-cwnd
[2024-05-28 20:18:15.821790]     5.8125 MB /   0.50 sec =   97.5156 Mbps     0 retrans   2330 KB-cwnd
[2024-05-28 20:18:16.321745]     5.8750 MB /   0.50 sec =   98.5709 Mbps     0 retrans   2330 KB-cwnd
[2024-05-28 20:18:16.821987]     7.0625 MB /   0.50 sec =  118.4938 Mbps     0 retrans   2330 KB-cwnd
[2024-05-28 20:18:17.321731]     6.1250 MB /   0.50 sec =  102.7559 Mbps     0 retrans   2330 KB-cwnd
[2024-05-28 20:18:17.821755]     6.6250 MB /   0.50 sec =  111.1442 Mbps     0 retrans   2330 KB-cwnd
[2024-05-28 20:18:18.321735]     7.3125 MB /   0.50 sec =  122.6885 Mbps     0 retrans   2330 KB-cwnd
[2024-05-28 20:18:18.821977]     6.8750 MB /   0.50 sec =  115.3466 Mbps     0 retrans   2330 KB-cwnd
[2024-05-28 20:18:19.321779]     7.7500 MB /   0.50 sec =  130.0073 Mbps     0 retrans   2330 KB-cwnd
[2024-05-28 20:18:19.821746]     6.8125 MB /   0.50 sec =  114.3051 Mbps     0 retrans   2330 KB-cwnd
[2024-05-28 20:18:20.321714]     5.6875 MB /   0.50 sec =   95.4221 Mbps     0 retrans   2330 KB-cwnd
[2024-05-28 20:18:20.821763]     5.8125 MB /   0.50 sec =   97.5139 Mbps     0 retrans   2330 KB-cwnd
[2024-05-28 20:18:21.321729]     6.7500 MB /   0.50 sec =  113.2498 Mbps     0 retrans   2330 KB-cwnd
[2024-05-28 20:18:21.821660]     6.1875 MB /   0.50 sec =  103.8146 Mbps     0 retrans   2785 KB-cwnd
[2024-05-28 20:18:22.321771]     5.8125 MB /   0.50 sec =   97.5104 Mbps     0 retrans   2785 KB-cwnd
[2024-05-28 20:18:22.822055]     5.7500 MB /   0.50 sec =   96.4657 Mbps     0 retrans   2543 KB-cwnd
[2024-05-28 20:18:23.322101]     5.3750 MB /   0.50 sec =   90.1164 Mbps     0 retrans   2543 KB-cwnd
[2024-05-28 20:18:23.821752]     5.5625 MB /   0.50 sec =   93.3907 Mbps     0 retrans   2543 KB-cwnd
[2024-05-28 20:18:24.321805]     6.3125 MB /   0.50 sec =  105.9036 Mbps     0 retrans   2543 KB-cwnd
[2024-05-28 20:18:24.821832]     5.6875 MB /   0.50 sec =   95.4240 Mbps     0 retrans   2543 KB-cwnd
[2024-05-28 20:18:25.321724]     5.3125 MB /   0.50 sec =   89.1291 Mbps     0 retrans   2543 KB-cwnd
[2024-05-28 20:18:25.821730]     5.3750 MB /   0.50 sec =   90.1766 Mbps     0 retrans   2543 KB-cwnd
[2024-05-28 20:18:26.321721]     4.8750 MB /   0.50 sec =   81.7896 Mbps     0 retrans   2543 KB-cwnd
[2024-05-28 20:18:26.821734]     5.0625 MB /   0.50 sec =   84.9335 Mbps     0 retrans   2543 KB-cwnd
[2024-05-28 20:18:27.321876]     5.1875 MB /   0.50 sec =   87.0372 Mbps     0 retrans   2543 KB-cwnd
[2024-05-28 20:18:27.821749]     4.5000 MB /   0.50 sec =   75.4917 Mbps     0 retrans   2543 KB-cwnd
[2024-05-28 20:18:28.321774]     4.4375 MB /   0.50 sec =   74.4435 Mbps     0 retrans   2543 KB-cwnd
[2024-05-28 20:18:28.822717]     4.0625 MB /   0.50 sec =   68.0312 Mbps     0 retrans   2543 KB-cwnd
[2024-05-28 20:18:29.322038]     4.3125 MB /   0.50 sec =   72.4732 Mbps     0 retrans   2543 KB-cwnd
[2024-05-28 20:18:29.822139]     2.0000 MB /   0.50 sec =   33.5507 Mbps     0 retrans   2543 KB-cwnd
[2024-05-28 20:18:30.321749]     5.1875 MB /   0.50 sec =   87.0609 Mbps     0 retrans   2543 KB-cwnd
[2024-05-28 20:18:30.821758]     5.9375 MB /   0.50 sec =   99.6145 Mbps     0 retrans   2543 KB-cwnd
[2024-05-28 20:18:31.321730]     6.3750 MB /   0.50 sec =  106.9601 Mbps     0 retrans   2543 KB-cwnd
[2024-05-28 20:18:31.821805]     6.7500 MB /   0.50 sec =  113.2304 Mbps     0 retrans   2543 KB-cwnd
[2024-05-28 20:18:32.321720]     5.3750 MB /   0.50 sec =   90.1914 Mbps     0 retrans   2543 KB-cwnd
[2024-05-28 20:18:32.821761]     4.6875 MB /   0.50 sec =   78.6407 Mbps     0 retrans   2543 KB-cwnd
[2024-05-28 20:18:33.321770]     5.0625 MB /   0.50 sec =   84.9277 Mbps     0 retrans   2543 KB-cwnd
[2024-05-28 20:18:33.821736]     5.1250 MB /   0.50 sec =   85.9922 Mbps     0 retrans   2543 KB-cwnd
[2024-05-28 20:18:34.321764]     5.2500 MB /   0.50 sec =   88.0760 Mbps     0 retrans   2543 KB-cwnd
[2024-05-28 20:18:34.821731]     4.9375 MB /   0.50 sec =   82.8410 Mbps     0 retrans   2543 KB-cwnd
[2024-05-28 20:18:35.321853]     4.5625 MB /   0.50 sec =   76.5467 Mbps     0 retrans   2543 KB-cwnd
[2024-05-28 20:18:35.821728]     4.1875 MB /   0.50 sec =   70.2546 Mbps     0 retrans   2274 KB-cwnd
[2024-05-28 20:18:36.321724]     4.4375 MB /   0.50 sec =   74.4487 Mbps     0 retrans   2274 KB-cwnd
[2024-05-28 20:18:36.821778]     4.0000 MB /   0.50 sec =   67.1086 Mbps     0 retrans   2274 KB-cwnd
[2024-05-28 20:18:37.321889]     3.9375 MB /   0.50 sec =   66.0603 Mbps     0 retrans   2274 KB-cwnd
[2024-05-28 20:18:37.821769]     3.6250 MB /   0.50 sec =   60.8166 Mbps     0 retrans   2274 KB-cwnd
[2024-05-28 20:18:38.321921]     3.8750 MB /   0.50 sec =   65.0034 Mbps     0 retrans   2274 KB-cwnd
[2024-05-28 20:18:38.821746]     4.4375 MB /   0.50 sec =   74.4587 Mbps     0 retrans   2274 KB-cwnd
[2024-05-28 20:18:39.321832]     3.5625 MB /   0.50 sec =   59.7593 Mbps     0 retrans   2274 KB-cwnd
[2024-05-28 20:18:39.821974]     3.9375 MB /   0.50 sec =   66.0616 Mbps     0 retrans   2274 KB-cwnd
[2024-05-28 20:18:40.321776]     4.0625 MB /   0.50 sec =   68.1670 Mbps     0 retrans   2274 KB-cwnd
[2024-05-28 20:18:40.821685]     0.3750 MB /   0.50 sec =    6.2916 Mbps     0 retrans   2274 KB-cwnd
[2024-05-28 20:18:41.321818]     4.3750 MB /   0.50 sec =   73.3947 Mbps     0 retrans   2274 KB-cwnd
[2024-05-28 20:18:41.821746]     5.1250 MB /   0.50 sec =   85.9884 Mbps     0 retrans   2274 KB-cwnd
[2024-05-28 20:18:42.321773]     5.0000 MB /   0.50 sec =   83.8852 Mbps     0 retrans   2274 KB-cwnd
[2024-05-28 20:18:42.821906]     4.2500 MB /   0.50 sec =   71.2873 Mbps     0 retrans   2274 KB-cwnd
[2024-05-28 20:18:43.321914]     4.4375 MB /   0.50 sec =   74.4653 Mbps     0 retrans   2274 KB-cwnd
[2024-05-28 20:18:43.821761]     4.2500 MB /   0.50 sec =   71.3013 Mbps     0 retrans   2274 KB-cwnd
[2024-05-28 20:18:44.321789]     5.3125 MB /   0.50 sec =   89.1290 Mbps     0 retrans   2274 KB-cwnd
[2024-05-28 20:18:44.821849]     5.0625 MB /   0.50 sec =   84.9258 Mbps     0 retrans   2274 KB-cwnd
[2024-05-28 20:18:45.321746]     5.6875 MB /   0.50 sec =   95.4313 Mbps     0 retrans   2274 KB-cwnd
[2024-05-28 20:18:45.821849]     5.8125 MB /   0.50 sec =   97.5057 Mbps     0 retrans   2274 KB-cwnd
[2024-05-28 20:18:46.321741]     5.7500 MB /   0.50 sec =   96.4842 Mbps     0 retrans   2274 KB-cwnd
[2024-05-28 20:18:46.821844]     5.8750 MB /   0.50 sec =   98.5474 Mbps     0 retrans   2274 KB-cwnd
[2024-05-28 20:18:47.321775]     5.6875 MB /   0.50 sec =   95.4364 Mbps     0 retrans   2274 KB-cwnd
[2024-05-28 20:18:47.821674]     5.6875 MB /   0.50 sec =   95.4261 Mbps     0 retrans   2274 KB-cwnd
[2024-05-28 20:18:48.321749]     5.7500 MB /   0.50 sec =   96.4636 Mbps     0 retrans   2274 KB-cwnd
[2024-05-28 20:18:48.821800]     5.7500 MB /   0.50 sec =   96.4669 Mbps     0 retrans   2274 KB-cwnd
[2024-05-28 20:18:49.321759]     6.0000 MB /   0.50 sec =  100.6641 Mbps     0 retrans   2274 KB-cwnd
[2024-05-28 20:18:49.821790]     5.4375 MB /   0.50 sec =   91.2279 Mbps     0 retrans   2274 KB-cwnd
[2024-05-28 20:18:50.322058]     6.2500 MB /   0.50 sec =  104.8400 Mbps     0 retrans   3412 KB-cwnd
[2024-05-28 20:18:50.821799]     6.3125 MB /   0.50 sec =  105.9140 Mbps     0 retrans   3412 KB-cwnd
[2024-05-28 20:18:51.321812]     6.3125 MB /   0.50 sec =  105.9132 Mbps     0 retrans   3412 KB-cwnd
[2024-05-28 20:18:51.821852]     5.8750 MB /   0.50 sec =   98.5547 Mbps     0 retrans   3412 KB-cwnd
[2024-05-28 20:18:52.321751]     6.0625 MB /   0.50 sec =  101.7279 Mbps     0 retrans   3412 KB-cwnd
[2024-05-28 20:18:52.821777]     5.6875 MB /   0.50 sec =   95.4191 Mbps     0 retrans   3412 KB-cwnd
[2024-05-28 20:18:53.321775]     6.1875 MB /   0.50 sec =  103.8101 Mbps     0 retrans   3412 KB-cwnd
[2024-05-28 20:18:53.821743]     6.0625 MB /   0.50 sec =  101.7115 Mbps     0 retrans   3412 KB-cwnd
[2024-05-28 20:18:54.321715]     6.6250 MB /   0.50 sec =  111.1468 Mbps     0 retrans   3412 KB-cwnd
[2024-05-28 20:18:54.821787]     7.0625 MB /   0.50 sec =  118.4889 Mbps     0 retrans   3412 KB-cwnd
[2024-05-28 20:18:55.321802]     7.0000 MB /   0.50 sec =  117.4454 Mbps     0 retrans   3412 KB-cwnd
[2024-05-28 20:18:55.821793]     6.8125 MB /   0.50 sec =  114.2875 Mbps     0 retrans   3412 KB-cwnd
[2024-05-28 20:18:56.321672]     6.5000 MB /   0.50 sec =  109.0602 Mbps     0 retrans   3412 KB-cwnd
[2024-05-28 20:18:56.821818]     6.6875 MB /   0.50 sec =  112.1887 Mbps     0 retrans   3412 KB-cwnd
[2024-05-28 20:18:57.321794]     6.5625 MB /   0.50 sec =  110.1042 Mbps     0 retrans   3412 KB-cwnd
[2024-05-28 20:18:57.821803]     2.3750 MB /   0.50 sec =   39.8485 Mbps     0 retrans   3412 KB-cwnd
[2024-05-28 20:18:58.321783]     7.0625 MB /   0.50 sec =  118.4822 Mbps     0 retrans   3412 KB-cwnd
[2024-05-28 20:18:58.821797]     7.2500 MB /   0.50 sec =  121.6326 Mbps     0 retrans   3412 KB-cwnd
[2024-05-28 20:18:59.321721]     8.0625 MB /   0.50 sec =  135.2677 Mbps     0 retrans   3412 KB-cwnd
[2024-05-28 20:18:59.821899]     7.4375 MB /   0.50 sec =  124.7616 Mbps     0 retrans   3412 KB-cwnd
[2024-05-28 20:19:00.321691]     7.8750 MB /   0.50 sec =  132.1475 Mbps     0 retrans   3412 KB-cwnd
[2024-05-28 20:19:00.821737]     7.7500 MB /   0.50 sec =  130.0203 Mbps     0 retrans   3412 KB-cwnd
[2024-05-28 20:19:01.321825]     8.3125 MB /   0.50 sec =  139.4528 Mbps     0 retrans   2155 KB-cwnd
[2024-05-28 20:19:01.821765]     7.8750 MB /   0.50 sec =  132.1224 Mbps     0 retrans   2155 KB-cwnd
[2024-05-28 20:19:02.321799]     8.2500 MB /   0.50 sec =  138.4140 Mbps     0 retrans   2155 KB-cwnd
[2024-05-28 20:19:02.821878]     7.2500 MB /   0.50 sec =  121.6171 Mbps     0 retrans   2155 KB-cwnd
[2024-05-28 20:19:03.321918]     7.8125 MB /   0.50 sec =  131.0922 Mbps     0 retrans   2155 KB-cwnd
[2024-05-28 20:19:03.821861]     7.8750 MB /   0.50 sec =  132.1013 Mbps     0 retrans   2155 KB-cwnd
[2024-05-28 20:19:04.321822]     7.7500 MB /   0.50 sec =  130.0372 Mbps     0 retrans   2155 KB-cwnd
[2024-05-28 20:19:04.821754]     8.5000 MB /   0.50 sec =  142.6126 Mbps     0 retrans   2155 KB-cwnd
[2024-05-28 20:19:05.321796]     7.8750 MB /   0.50 sec =  132.1177 Mbps     0 retrans   2155 KB-cwnd
[2024-05-28 20:19:05.821810]     8.3750 MB /   0.50 sec =  140.5097 Mbps     0 retrans   2155 KB-cwnd
[2024-05-28 20:19:06.321767]     8.6250 MB /   0.50 sec =  144.6983 Mbps     0 retrans   2155 KB-cwnd
[2024-05-28 20:19:06.821681]     8.6250 MB /   0.50 sec =  144.7174 Mbps     0 retrans   2155 KB-cwnd
[2024-05-28 20:19:07.321888]     8.2500 MB /   0.50 sec =  138.3824 Mbps     0 retrans   2155 KB-cwnd
[2024-05-28 20:19:07.821725]     8.5625 MB /   0.50 sec =  143.6805 Mbps     0 retrans   2155 KB-cwnd
[2024-05-28 20:19:08.321813]     9.1875 MB /   0.50 sec =  154.1364 Mbps     0 retrans   2155 KB-cwnd
[2024-05-28 20:19:08.821772]     9.0625 MB /   0.50 sec =  152.0453 Mbps     0 retrans   2155 KB-cwnd
[2024-05-28 20:19:09.321885]     4.6875 MB /   0.50 sec =   78.6295 Mbps     0 retrans   2155 KB-cwnd
[2024-05-28 20:19:09.821814]     9.2500 MB /   0.50 sec =  155.2110 Mbps     0 retrans   2451 KB-cwnd
[2024-05-28 20:19:10.321726]    10.0625 MB /   0.50 sec =  168.8336 Mbps     0 retrans   2451 KB-cwnd
[2024-05-28 20:19:10.821797]    10.2500 MB /   0.50 sec =  171.9579 Mbps     0 retrans   2451 KB-cwnd
[2024-05-28 20:19:11.321795]     9.6250 MB /   0.50 sec =  161.4804 Mbps     0 retrans   2451 KB-cwnd
[2024-05-28 20:19:11.821769]     9.8750 MB /   0.50 sec =  165.6790 Mbps     0 retrans   2451 KB-cwnd
[2024-05-28 20:19:12.321817]     9.7500 MB /   0.50 sec =  163.5694 Mbps     0 retrans   2451 KB-cwnd
[2024-05-28 20:19:12.821794]     9.6875 MB /   0.50 sec =  162.5338 Mbps     0 retrans   2451 KB-cwnd
[2024-05-28 20:19:13.321932]    10.5000 MB /   0.50 sec =  176.1167 Mbps     0 retrans   2451 KB-cwnd
[2024-05-28 20:19:13.821830]     8.6875 MB /   0.50 sec =  145.7812 Mbps     0 retrans   2451 KB-cwnd
[2024-05-28 20:19:14.321797]     8.4375 MB /   0.50 sec =  141.5665 Mbps     0 retrans   2451 KB-cwnd
[2024-05-28 20:19:14.821773]     9.8125 MB /   0.50 sec =  164.6245 Mbps     0 retrans   2451 KB-cwnd
[2024-05-28 20:19:15.321829]     9.0625 MB /   0.50 sec =  152.0502 Mbps     0 retrans   2451 KB-cwnd
[2024-05-28 20:19:15.821803]     9.1250 MB /   0.50 sec =  153.0823 Mbps     0 retrans   2451 KB-cwnd
[2024-05-28 20:19:16.321836]     9.3125 MB /   0.50 sec =  156.2253 Mbps     0 retrans   2451 KB-cwnd
[2024-05-28 20:19:16.821882]    10.3125 MB /   0.50 sec =  173.0098 Mbps     0 retrans   2451 KB-cwnd
[2024-05-28 20:19:17.321785]    11.0625 MB /   0.50 sec =  185.6239 Mbps     0 retrans   3587 KB-cwnd
[2024-05-28 20:19:17.822590]    11.0000 MB /   0.50 sec =  184.2582 Mbps     0 retrans   3587 KB-cwnd
[2024-05-28 20:19:18.321807]    11.0000 MB /   0.50 sec =  184.8392 Mbps     0 retrans   3603 KB-cwnd
[2024-05-28 20:19:18.821988]    10.0625 MB /   0.50 sec =  168.8042 Mbps     0 retrans   3603 KB-cwnd
[2024-05-28 20:19:19.321813]     9.8750 MB /   0.50 sec =  165.6833 Mbps     0 retrans   3603 KB-cwnd
[2024-05-28 20:19:19.821844]    10.6875 MB /   0.50 sec =  179.2961 Mbps     0 retrans   3603 KB-cwnd
[2024-05-28 20:19:20.321827]    11.0000 MB /   0.50 sec =  184.5490 Mbps     0 retrans   3603 KB-cwnd
[2024-05-28 20:19:20.821796]    10.6875 MB /   0.50 sec =  179.3277 Mbps     0 retrans   3603 KB-cwnd
[2024-05-28 20:19:21.321710]    10.2500 MB /   0.50 sec =  171.9641 Mbps     0 retrans   3603 KB-cwnd
[2024-05-28 20:19:21.821704]    10.1250 MB /   0.50 sec =  169.8730 Mbps     0 retrans   3603 KB-cwnd
[2024-05-28 20:19:22.321856]     9.6250 MB /   0.50 sec =  161.4662 Mbps     0 retrans   3603 KB-cwnd
[2024-05-28 20:19:22.821796]     9.6875 MB /   0.50 sec =  162.5400 Mbps     0 retrans   3603 KB-cwnd
[2024-05-28 20:19:23.321751]     9.1250 MB /   0.50 sec =  153.0976 Mbps     0 retrans   3603 KB-cwnd
End time: 1716941963461
