Start time: 1716822274713
[2024-05-27 11:04:35.495196] nuttcp-r: v8.1.4: socket
[2024-05-27 11:04:35.495561] nuttcp-r: buflen=65536, nstream=1, port=5003 tcp
[2024-05-27 11:04:35.495598] nuttcp-r: interval reporting every 0.50 seconds
[2024-05-27 11:04:35.495625] nuttcp-r: connect to 35.245.244.238 with RTT=40.426 ms af=inet
[2024-05-27 11:04:35.495649] nuttcp-r: send window size = 1048576, receive window size = 1048576
[2024-05-27 11:04:35.495674] nuttcp-r: available send window = 786432, available receive window = 786432
[2024-05-27 11:04:35.495698]     3.1875 MB /   0.50 sec =   53.4737 Mbps     0 retrans     13 KB-cwnd
[2024-05-27 11:04:35.995415]     8.6250 MB /   0.50 sec =  144.6679 Mbps     0 retrans     13 KB-cwnd
[2024-05-27 11:04:36.495389]     8.8125 MB /   0.50 sec =  147.8590 Mbps     0 retrans     13 KB-cwnd
[2024-05-27 11:04:36.995270]     7.4375 MB /   0.50 sec =  124.7978 Mbps     0 retrans     13 KB-cwnd
[2024-05-27 11:04:37.495921]     8.5625 MB /   0.50 sec =  143.6423 Mbps     0 retrans     13 KB-cwnd
[2024-05-27 11:04:37.995263]     7.8750 MB /   0.50 sec =  132.1293 Mbps     0 retrans     13 KB-cwnd
[2024-05-27 11:04:38.496201]     8.7500 MB /   0.50 sec =  146.6575 Mbps     0 retrans     13 KB-cwnd
[2024-05-27 11:04:38.995743]     7.8750 MB /   0.50 sec =  132.2473 Mbps     0 retrans     13 KB-cwnd
[2024-05-27 11:04:39.495373]     7.1250 MB /   0.50 sec =  119.5262 Mbps     0 retrans     13 KB-cwnd
[2024-05-27 11:04:39.995284]     7.6875 MB /   0.50 sec =  128.9952 Mbps     0 retrans     13 KB-cwnd
[2024-05-27 11:04:40.495831]     8.0625 MB /   0.50 sec =  135.2566 Mbps     0 retrans     13 KB-cwnd
[2024-05-27 11:04:40.995705]     9.2500 MB /   0.50 sec =  155.0754 Mbps     0 retrans     13 KB-cwnd
[2024-05-27 11:04:41.495826]     8.8750 MB /   0.50 sec =  149.0084 Mbps     0 retrans     13 KB-cwnd
[2024-05-27 11:04:41.996296]     6.0625 MB /   0.50 sec =  101.6206 Mbps     0 retrans     13 KB-cwnd
[2024-05-27 11:04:42.495766]     9.4375 MB /   0.50 sec =  158.4811 Mbps     0 retrans     23 KB-cwnd
[2024-05-27 11:04:42.995321]    12.1250 MB /   0.50 sec =  203.4152 Mbps     0 retrans     23 KB-cwnd
[2024-05-27 11:04:43.495239]    12.6875 MB /   0.50 sec =  212.8792 Mbps     0 retrans     27 KB-cwnd
[2024-05-27 11:04:43.997644]    11.8125 MB /   0.50 sec =  197.6835 Mbps     0 retrans     27 KB-cwnd
[2024-05-27 11:04:44.496242]    13.3750 MB /   0.50 sec =  224.9441 Mbps     0 retrans     27 KB-cwnd
[2024-05-27 11:04:44.996088]    11.8750 MB /   0.50 sec =  199.0972 Mbps     0 retrans     27 KB-cwnd
[2024-05-27 11:04:45.495370]     9.1250 MB /   0.50 sec =  153.1862 Mbps     0 retrans     27 KB-cwnd
[2024-05-27 11:04:45.995310]    12.8125 MB /   0.50 sec =  214.9628 Mbps     0 retrans     27 KB-cwnd
[2024-05-27 11:04:46.495804]    13.3125 MB /   0.50 sec =  223.3570 Mbps     0 retrans     27 KB-cwnd
[2024-05-27 11:04:46.995691]    11.0625 MB /   0.50 sec =  185.6024 Mbps     0 retrans     27 KB-cwnd
[2024-05-27 11:04:47.495409]    12.8750 MB /   0.50 sec =  215.9786 Mbps     0 retrans     33 KB-cwnd
[2024-05-27 11:04:47.995258]    13.7500 MB /   0.50 sec =  230.7029 Mbps     0 retrans     38 KB-cwnd
[2024-05-27 11:04:48.495228]    11.6875 MB /   0.50 sec =  196.0998 Mbps     0 retrans     38 KB-cwnd
[2024-05-27 11:04:48.995374]    14.7500 MB /   0.50 sec =  247.4417 Mbps     0 retrans     44 KB-cwnd
[2024-05-27 11:04:49.495522]    16.1250 MB /   0.50 sec =  270.4677 Mbps     0 retrans     44 KB-cwnd
[2024-05-27 11:04:49.995326]    15.5625 MB /   0.50 sec =  261.1774 Mbps     0 retrans     49 KB-cwnd
[2024-05-27 11:04:50.497295]    11.0625 MB /   0.50 sec =  185.0860 Mbps     0 retrans     49 KB-cwnd
[2024-05-27 11:04:50.995988]    13.3750 MB /   0.50 sec =  224.8580 Mbps     0 retrans     49 KB-cwnd
[2024-05-27 11:04:51.495372]     9.7500 MB /   0.50 sec =  163.6806 Mbps     0 retrans     49 KB-cwnd
[2024-05-27 11:04:51.995825]     9.7500 MB /   0.50 sec =  163.5625 Mbps     0 retrans     50 KB-cwnd
[2024-05-27 11:04:52.495358]     9.8750 MB /   0.50 sec =  165.6916 Mbps     0 retrans     50 KB-cwnd
[2024-05-27 11:04:52.995324]    12.3125 MB /   0.50 sec =  206.5794 Mbps     0 retrans     63 KB-cwnd
[2024-05-27 11:04:53.496866]    13.3750 MB /   0.50 sec =  224.1586 Mbps     0 retrans     68 KB-cwnd
[2024-05-27 11:04:53.996138]    13.7500 MB /   0.50 sec =  230.7499 Mbps     0 retrans     74 KB-cwnd
[2024-05-27 11:04:54.495703]    13.0000 MB /   0.50 sec =  218.1095 Mbps     0 retrans     74 KB-cwnd
[2024-05-27 11:04:54.995332]    14.0000 MB /   0.50 sec =  235.0611 Mbps    22 retrans   2392 KB-cwnd
[2024-05-27 11:04:55.496679]    12.0000 MB /   0.50 sec =  201.0283 Mbps     0 retrans   2392 KB-cwnd
[2024-05-27 11:04:55.995674]    13.0625 MB /   0.50 sec =  219.4834 Mbps     0 retrans   2392 KB-cwnd
[2024-05-27 11:04:56.496317]    12.0625 MB /   0.50 sec =  202.3189 Mbps     0 retrans   2392 KB-cwnd
[2024-05-27 11:04:56.995835]     7.9375 MB /   0.50 sec =  133.2022 Mbps     0 retrans   2392 KB-cwnd
[2024-05-27 11:04:57.495813]    13.1250 MB /   0.50 sec =  219.9810 Mbps     0 retrans   2392 KB-cwnd
[2024-05-27 11:04:57.995476]     9.6250 MB /   0.50 sec =  161.5880 Mbps     0 retrans   2392 KB-cwnd
[2024-05-27 11:04:58.495233]     3.6875 MB /   0.50 sec =   61.8915 Mbps     0 retrans   2348 KB-cwnd
[2024-05-27 11:04:58.996354]    12.4375 MB /   0.50 sec =  208.4490 Mbps     0 retrans   2370 KB-cwnd
[2024-05-27 11:04:59.496082]    12.1250 MB /   0.50 sec =  203.4766 Mbps     0 retrans   2370 KB-cwnd
[2024-05-27 11:04:59.997766]    11.7500 MB /   0.50 sec =  196.5333 Mbps     0 retrans   2370 KB-cwnd
[2024-05-27 11:05:00.495247]    11.1250 MB /   0.50 sec =  187.3600 Mbps     0 retrans   2370 KB-cwnd
[2024-05-27 11:05:00.996281]     8.7500 MB /   0.50 sec =  146.6645 Mbps     0 retrans   2370 KB-cwnd
[2024-05-27 11:05:01.495353]    11.3125 MB /   0.50 sec =  189.9431 Mbps    18 retrans   3940 KB-cwnd
[2024-05-27 11:05:01.995310]    11.2500 MB /   0.50 sec =  188.7565 Mbps     0 retrans   3940 KB-cwnd
[2024-05-27 11:05:02.495253]     9.5625 MB /   0.50 sec =  160.4357 Mbps     0 retrans   3940 KB-cwnd
[2024-05-27 11:05:02.995623]    14.3125 MB /   0.50 sec =  239.9574 Mbps     0 retrans   3940 KB-cwnd
[2024-05-27 11:05:03.495323]    13.7500 MB /   0.50 sec =  230.8418 Mbps     0 retrans   3940 KB-cwnd
[2024-05-27 11:05:03.995407]     9.1250 MB /   0.50 sec =  153.0750 Mbps     0 retrans   3940 KB-cwnd
[2024-05-27 11:05:04.495359]    15.4375 MB /   0.50 sec =  259.0045 Mbps     0 retrans   3940 KB-cwnd
[2024-05-27 11:05:04.996091]    14.0000 MB /   0.50 sec =  234.6951 Mbps     0 retrans   3940 KB-cwnd
[2024-05-27 11:05:05.495240]    14.8750 MB /   0.50 sec =  249.7964 Mbps     0 retrans   3940 KB-cwnd
[2024-05-27 11:05:05.995399]    16.6875 MB /   0.50 sec =  279.9289 Mbps     0 retrans   3940 KB-cwnd
[2024-05-27 11:05:06.495390]    13.0000 MB /   0.50 sec =  218.1034 Mbps    21 retrans   3993 KB-cwnd
[2024-05-27 11:05:06.995398]     8.6875 MB /   0.50 sec =  145.7422 Mbps     0 retrans   3993 KB-cwnd
[2024-05-27 11:05:07.495164]    11.9375 MB /   0.50 sec =  200.3297 Mbps     0 retrans   3993 KB-cwnd
[2024-05-27 11:05:07.995229]    14.0625 MB /   0.50 sec =  235.9169 Mbps     0 retrans   3993 KB-cwnd
[2024-05-27 11:05:08.495246]    15.0625 MB /   0.50 sec =  252.7083 Mbps     0 retrans   3993 KB-cwnd
[2024-05-27 11:05:08.995175]    15.6875 MB /   0.50 sec =  263.2015 Mbps     0 retrans   3993 KB-cwnd
[2024-05-27 11:05:09.495375]    11.6875 MB /   0.50 sec =  196.0535 Mbps     0 retrans   3993 KB-cwnd
[2024-05-27 11:05:09.995531]     5.6250 MB /   0.50 sec =   94.3281 Mbps     0 retrans   3993 KB-cwnd
[2024-05-27 11:05:10.495319]    11.9375 MB /   0.50 sec =  200.3718 Mbps     0 retrans   3993 KB-cwnd
[2024-05-27 11:05:10.995296]    14.8750 MB /   0.50 sec =  249.5616 Mbps     0 retrans   3993 KB-cwnd
[2024-05-27 11:05:11.496407]    13.4375 MB /   0.50 sec =  225.2344 Mbps     0 retrans   3993 KB-cwnd
[2024-05-27 11:05:11.996260]     7.0625 MB /   0.50 sec =  118.4969 Mbps     0 retrans   3993 KB-cwnd
[2024-05-27 11:05:12.495324]    11.4375 MB /   0.50 sec =  192.0711 Mbps   472 retrans   2689 KB-cwnd
[2024-05-27 11:05:12.995208]    11.7500 MB /   0.50 sec =  197.1323 Mbps     0 retrans   2689 KB-cwnd
[2024-05-27 11:05:13.495615]    12.7500 MB /   0.50 sec =  213.8950 Mbps     0 retrans   2689 KB-cwnd
[2024-05-27 11:05:13.995368]    14.6875 MB /   0.50 sec =  246.4124 Mbps     0 retrans   2554 KB-cwnd
[2024-05-27 11:05:14.497663]     0.5000 MB /   0.50 sec =    8.3610 Mbps     0 retrans   2554 KB-cwnd
[2024-05-27 11:05:14.996803]     0.0000 MB /   0.50 sec =    0.0000 Mbps     0 retrans   2554 KB-cwnd
[2024-05-27 11:05:15.495342]     0.0625 MB /   0.50 sec =    1.0515 Mbps     0 retrans   2554 KB-cwnd
[2024-05-27 11:05:15.997019]     0.8750 MB /   0.50 sec =   14.6354 Mbps     0 retrans   2554 KB-cwnd
[2024-05-27 11:05:16.495366]     0.0000 MB /   0.50 sec =    0.0000 Mbps     0 retrans   2554 KB-cwnd
[2024-05-27 11:05:16.995434]     0.0000 MB /   0.50 sec =    0.0000 Mbps     0 retrans   2554 KB-cwnd
[2024-05-27 11:05:17.496784]     0.0000 MB /   0.50 sec =    0.0000 Mbps     0 retrans   2554 KB-cwnd
[2024-05-27 11:05:17.995616]     0.0000 MB /   0.50 sec =    0.0000 Mbps     0 retrans   2554 KB-cwnd
[2024-05-27 11:05:18.496751]     0.0000 MB /   0.50 sec =    0.0000 Mbps     0 retrans   2554 KB-cwnd
[2024-05-27 11:05:18.996630]     0.0000 MB /   0.50 sec =    0.0000 Mbps     0 retrans   2554 KB-cwnd
[2024-05-27 11:05:19.496108]     0.0000 MB /   0.50 sec =    0.0000 Mbps     0 retrans   2554 KB-cwnd
[2024-05-27 11:05:19.997063]     0.0000 MB /   0.50 sec =    0.0000 Mbps     0 retrans   2554 KB-cwnd
[2024-05-27 11:05:20.495834]     0.0000 MB /   0.50 sec =    0.0000 Mbps     0 retrans   2554 KB-cwnd
[2024-05-27 11:05:20.995694]     0.0000 MB /   0.50 sec =    0.0000 Mbps     0 retrans   2554 KB-cwnd
[2024-05-27 11:05:21.495312]     0.0000 MB /   0.50 sec =    0.0000 Mbps     0 retrans   2554 KB-cwnd
[2024-05-27 11:05:21.995411]     0.0000 MB /   0.50 sec =    0.0000 Mbps     0 retrans   2554 KB-cwnd
[2024-05-27 11:05:22.496821]     0.0000 MB /   0.50 sec =    0.0000 Mbps     0 retrans   2554 KB-cwnd
[2024-05-27 11:05:22.995506]     0.0000 MB /   0.50 sec =    0.0000 Mbps     0 retrans   2554 KB-cwnd
[2024-05-27 11:05:23.497900]     0.0000 MB /   0.50 sec =    0.0000 Mbps     0 retrans   2554 KB-cwnd
[2024-05-27 11:05:23.997077]     0.0000 MB /   0.50 sec =    0.0000 Mbps     0 retrans   2554 KB-cwnd
[2024-05-27 11:05:24.495424]     0.0000 MB /   0.50 sec =    0.0000 Mbps     0 retrans   2554 KB-cwnd
[2024-05-27 11:05:24.996671]     0.0000 MB /   0.50 sec =    0.0000 Mbps     0 retrans   2554 KB-cwnd
[2024-05-27 11:05:25.495268]     0.0000 MB /   0.50 sec =    0.0000 Mbps     0 retrans   2554 KB-cwnd
[2024-05-27 11:05:25.995350]     0.0000 MB /   0.50 sec =    0.0000 Mbps     0 retrans   2554 KB-cwnd
[2024-05-27 11:05:26.496530]     0.0000 MB /   0.50 sec =    0.0000 Mbps     0 retrans   2554 KB-cwnd
[2024-05-27 11:05:26.995824]     0.0000 MB /   0.50 sec =    0.0000 Mbps     0 retrans   2554 KB-cwnd
[2024-05-27 11:05:27.497936]     0.0000 MB /   0.50 sec =    0.0000 Mbps     0 retrans   2554 KB-cwnd
[2024-05-27 11:05:27.995384]     0.0000 MB /   0.50 sec =    0.0000 Mbps     0 retrans   2554 KB-cwnd
[2024-05-27 11:05:28.496868]     0.0000 MB /   0.50 sec =    0.0000 Mbps     0 retrans   2554 KB-cwnd
[2024-05-27 11:05:28.995203]     0.0000 MB /   0.50 sec =    0.0000 Mbps     0 retrans   2554 KB-cwnd
[2024-05-27 11:05:29.495362]     0.0000 MB /   0.50 sec =    0.0000 Mbps     0 retrans   2554 KB-cwnd
[2024-05-27 11:05:29.996068]     0.0000 MB /   0.50 sec =    0.0000 Mbps     0 retrans   2554 KB-cwnd
[2024-05-27 11:05:30.495696]     0.0000 MB /   0.50 sec =    0.0000 Mbps     0 retrans   2554 KB-cwnd
[2024-05-27 11:05:30.995807]     0.0000 MB /   0.50 sec =    0.0000 Mbps     0 retrans   2554 KB-cwnd
[2024-05-27 11:05:31.495943]     0.0000 MB /   0.50 sec =    0.0000 Mbps     0 retrans   2554 KB-cwnd
[2024-05-27 11:05:31.997310]     0.0000 MB /   0.50 sec =    0.0000 Mbps     0 retrans   2554 KB-cwnd
[2024-05-27 11:05:32.496831]     0.0000 MB /   0.50 sec =    0.0000 Mbps     0 retrans   2554 KB-cwnd
[2024-05-27 11:05:32.998157]     0.0000 MB /   0.50 sec =    0.0000 Mbps     0 retrans   2554 KB-cwnd
[2024-05-27 11:05:33.495396]     0.0000 MB /   0.50 sec =    0.0000 Mbps     0 retrans   2554 KB-cwnd
[2024-05-27 11:05:33.996294]     0.0000 MB /   0.50 sec =    0.0000 Mbps     0 retrans   2554 KB-cwnd
[2024-05-27 11:05:34.495388]     0.0000 MB /   0.50 sec =    0.0000 Mbps     0 retrans   2554 KB-cwnd
[2024-05-27 11:05:34.995660]    12.6875 MB /   0.50 sec =  212.7503 Mbps     0 retrans   2554 KB-cwnd
[2024-05-27 11:05:35.495784]    15.0000 MB /   0.50 sec =  251.7725 Mbps     0 retrans   2571 KB-cwnd
[2024-05-27 11:05:35.997271]    15.3750 MB /   0.50 sec =  257.4261 Mbps     0 retrans   2571 KB-cwnd
[2024-05-27 11:05:36.495331]    13.3125 MB /   0.50 sec =  223.8400 Mbps     0 retrans   2571 KB-cwnd
[2024-05-27 11:05:36.995875]    16.9375 MB /   0.50 sec =  284.0902 Mbps     0 retrans   2571 KB-cwnd
[2024-05-27 11:05:37.496609]    15.3750 MB /   0.50 sec =  257.3778 Mbps     0 retrans   2571 KB-cwnd
[2024-05-27 11:05:37.995355]    15.0000 MB /   0.50 sec =  252.2576 Mbps   429 retrans   3646 KB-cwnd
[2024-05-27 11:05:38.495257]    18.0625 MB /   0.50 sec =  303.0803 Mbps     0 retrans   3646 KB-cwnd
[2024-05-27 11:05:38.995422]    16.8125 MB /   0.50 sec =  282.0049 Mbps     0 retrans   3646 KB-cwnd
[2024-05-27 11:05:39.495415]    17.1875 MB /   0.50 sec =  288.4311 Mbps     0 retrans   3674 KB-cwnd
[2024-05-27 11:05:39.995371]    16.8125 MB /   0.50 sec =  282.0145 Mbps     0 retrans   3674 KB-cwnd
[2024-05-27 11:05:40.496119]    16.3125 MB /   0.50 sec =  273.4874 Mbps     0 retrans   3674 KB-cwnd
[2024-05-27 11:05:40.995494]    13.7500 MB /   0.50 sec =  230.8012 Mbps     0 retrans   3674 KB-cwnd
[2024-05-27 11:05:41.495986]    16.0000 MB /   0.50 sec =  268.2595 Mbps     0 retrans   3674 KB-cwnd
[2024-05-27 11:05:41.995197]     7.7500 MB /   0.50 sec =  130.1572 Mbps     0 retrans   3674 KB-cwnd
[2024-05-27 11:05:42.495237]     9.5625 MB /   0.50 sec =  160.4296 Mbps     0 retrans   3674 KB-cwnd
[2024-05-27 11:05:42.995288]    14.0625 MB /   0.50 sec =  235.9221 Mbps   866 retrans   3531 KB-cwnd
[2024-05-27 11:05:43.495774]    12.5625 MB /   0.50 sec =  210.7625 Mbps     0 retrans   3531 KB-cwnd
[2024-05-27 11:05:43.995417]    12.3750 MB /   0.50 sec =  207.5782 Mbps     0 retrans   3531 KB-cwnd
[2024-05-27 11:05:44.496653]     7.6875 MB /   0.50 sec =  128.6820 Mbps     0 retrans   3531 KB-cwnd
[2024-05-27 11:05:44.995376]    11.0625 MB /   0.50 sec =  186.0478 Mbps     0 retrans   3531 KB-cwnd
[2024-05-27 11:05:45.495339]    10.1250 MB /   0.50 sec =  169.8771 Mbps     0 retrans   3531 KB-cwnd
[2024-05-27 11:05:45.997939]     5.7500 MB /   0.50 sec =   96.0514 Mbps     0 retrans   3531 KB-cwnd
[2024-05-27 11:05:46.495954]     3.8125 MB /   0.50 sec =   64.1819 Mbps     0 retrans   3531 KB-cwnd
[2024-05-27 11:05:46.995206]     9.0625 MB /   0.50 sec =  152.1911 Mbps     0 retrans   3531 KB-cwnd
[2024-05-27 11:05:47.495192]     8.6875 MB /   0.50 sec =  145.7550 Mbps     0 retrans   3531 KB-cwnd
[2024-05-27 11:05:47.995712]     8.5625 MB /   0.50 sec =  143.5355 Mbps     0 retrans   3531 KB-cwnd
[2024-05-27 11:05:48.495848]     8.9375 MB /   0.50 sec =  150.0622 Mbps     0 retrans   3531 KB-cwnd
[2024-05-27 11:05:48.996395]     7.8125 MB /   0.50 sec =  130.9879 Mbps     0 retrans   3531 KB-cwnd
[2024-05-27 11:05:49.495767]    10.2500 MB /   0.50 sec =  172.0735 Mbps     0 retrans   3531 KB-cwnd
[2024-05-27 11:05:49.995548]     6.5625 MB /   0.50 sec =  110.0928 Mbps     0 retrans   3531 KB-cwnd
[2024-05-27 11:05:50.495265]     9.1250 MB /   0.50 sec =  153.1080 Mbps     0 retrans   3531 KB-cwnd
[2024-05-27 11:05:50.995580]     7.9375 MB /   0.50 sec =  133.0848 Mbps  2291 retrans   3866 KB-cwnd
[2024-05-27 11:05:51.496480]     7.0625 MB /   0.50 sec =  118.5503 Mbps     0 retrans   3866 KB-cwnd
[2024-05-27 11:05:51.996331]    10.8750 MB /   0.50 sec =  182.4424 Mbps     0 retrans   3866 KB-cwnd
[2024-05-27 11:05:52.496303]    11.0000 MB /   0.50 sec =  184.4037 Mbps     0 retrans   3866 KB-cwnd
[2024-05-27 11:05:52.995292]    11.8125 MB /   0.50 sec =  198.3721 Mbps     0 retrans   3866 KB-cwnd
[2024-05-27 11:05:53.495878]    11.9375 MB /   0.50 sec =  200.0635 Mbps     0 retrans   3866 KB-cwnd
[2024-05-27 11:05:53.996799]     6.2500 MB /   0.50 sec =  104.7144 Mbps     0 retrans   3866 KB-cwnd
[2024-05-27 11:05:54.496492]    11.5625 MB /   0.50 sec =  194.2317 Mbps     0 retrans   3866 KB-cwnd
[2024-05-27 11:05:54.995221]     7.3750 MB /   0.50 sec =  123.8789 Mbps     0 retrans   3866 KB-cwnd
[2024-05-27 11:05:55.495400]     7.3125 MB /   0.50 sec =  122.6684 Mbps     0 retrans   3866 KB-cwnd
[2024-05-27 11:05:55.995482]     7.2500 MB /   0.50 sec =  121.6253 Mbps     0 retrans   3866 KB-cwnd
[2024-05-27 11:05:56.495320]     5.5625 MB /   0.50 sec =   93.3391 Mbps     0 retrans   3866 KB-cwnd
[2024-05-27 11:05:56.995972]     3.5625 MB /   0.50 sec =   59.7667 Mbps     0 retrans   3866 KB-cwnd
[2024-05-27 11:05:57.495860]     6.3125 MB /   0.50 sec =  105.7985 Mbps     0 retrans   3866 KB-cwnd
[2024-05-27 11:05:57.997483]     2.9375 MB /   0.50 sec =   49.2309 Mbps     0 retrans   3866 KB-cwnd
[2024-05-27 11:05:58.495179]     7.5625 MB /   0.50 sec =  127.1587 Mbps     0 retrans   3866 KB-cwnd
[2024-05-27 11:05:58.995231]     8.2500 MB /   0.50 sec =  138.4032 Mbps     0 retrans   3866 KB-cwnd
[2024-05-27 11:05:59.495591]     4.9375 MB /   0.50 sec =   82.7893 Mbps     0 retrans   3866 KB-cwnd
[2024-05-27 11:05:59.995563]     4.4375 MB /   0.50 sec =   74.4663 Mbps   300 retrans   3536 KB-cwnd
[2024-05-27 11:06:00.495580]     3.1875 MB /   0.50 sec =   53.4726 Mbps     0 retrans   3536 KB-cwnd
[2024-05-27 11:06:00.995368]     2.0625 MB /   0.50 sec =   34.6154 Mbps     0 retrans   3536 KB-cwnd
[2024-05-27 11:06:01.495277]     4.9375 MB /   0.50 sec =   82.8450 Mbps     0 retrans   3536 KB-cwnd
[2024-05-27 11:06:01.995625]     5.3750 MB /   0.50 sec =   90.1649 Mbps     0 retrans   3536 KB-cwnd
[2024-05-27 11:06:02.495758]     5.3125 MB /   0.50 sec =   89.0711 Mbps     0 retrans   3536 KB-cwnd
[2024-05-27 11:06:02.995443]     2.4375 MB /   0.50 sec =   40.9093 Mbps     0 retrans   3536 KB-cwnd
[2024-05-27 11:06:03.495385]     1.3125 MB /   0.50 sec =   22.0281 Mbps     0 retrans   3536 KB-cwnd
[2024-05-27 11:06:03.995400]     4.3125 MB /   0.50 sec =   72.3451 Mbps     0 retrans   3536 KB-cwnd
[2024-05-27 11:06:04.495158]     5.4375 MB /   0.50 sec =   91.2458 Mbps     0 retrans   3484 KB-cwnd
[2024-05-27 11:06:04.995798]     5.9375 MB /   0.50 sec =   99.5126 Mbps     0 retrans   3484 KB-cwnd
[2024-05-27 11:06:05.495388]     4.0000 MB /   0.50 sec =   67.1653 Mbps     0 retrans   3484 KB-cwnd
[2024-05-27 11:06:05.995661]     7.1250 MB /   0.50 sec =  119.5511 Mbps     0 retrans   3484 KB-cwnd
[2024-05-27 11:06:06.495312]     6.8750 MB /   0.50 sec =  115.3429 Mbps     0 retrans   3484 KB-cwnd
[2024-05-27 11:06:06.995519]     6.8125 MB /   0.50 sec =  114.2632 Mbps     0 retrans   3484 KB-cwnd
[2024-05-27 11:06:07.495333]     7.0000 MB /   0.50 sec =  117.4790 Mbps     0 retrans   3484 KB-cwnd
[2024-05-27 11:06:07.995844]     5.5625 MB /   0.50 sec =   93.2945 Mbps     0 retrans   3484 KB-cwnd
[2024-05-27 11:06:08.495330]     9.5000 MB /   0.50 sec =  159.4212 Mbps     0 retrans   3484 KB-cwnd
[2024-05-27 11:06:08.995380]     8.5625 MB /   0.50 sec =  143.6136 Mbps     0 retrans   3484 KB-cwnd
[2024-05-27 11:06:09.495326]     8.9375 MB /   0.50 sec =  149.9902 Mbps     0 retrans   3484 KB-cwnd
[2024-05-27 11:06:09.995419]     8.8125 MB /   0.50 sec =  147.8120 Mbps     0 retrans   3484 KB-cwnd
[2024-05-27 11:06:10.495291]     5.6875 MB /   0.50 sec =   95.4471 Mbps     0 retrans   3484 KB-cwnd
[2024-05-27 11:06:10.995339]     8.6875 MB /   0.50 sec =  145.7486 Mbps     0 retrans   3484 KB-cwnd
[2024-05-27 11:06:11.495271]     4.0625 MB /   0.50 sec =   68.1592 Mbps     0 retrans   3484 KB-cwnd
[2024-05-27 11:06:11.995365]     6.9375 MB /   0.50 sec =  116.3870 Mbps     0 retrans   3484 KB-cwnd
[2024-05-27 11:06:12.495299]     0.7500 MB /   0.50 sec =   12.5828 Mbps  2551 retrans   2796 KB-cwnd
[2024-05-27 11:06:12.996710]     4.6250 MB /   0.50 sec =   77.4257 Mbps     0 retrans   2796 KB-cwnd
[2024-05-27 11:06:13.497091]     5.7500 MB /   0.50 sec =   96.4657 Mbps     0 retrans   2796 KB-cwnd
[2024-05-27 11:06:13.996046]     6.5625 MB /   0.50 sec =  110.3255 Mbps     0 retrans   2796 KB-cwnd
[2024-05-27 11:06:14.495350]     7.4375 MB /   0.50 sec =  124.8033 Mbps     0 retrans   2796 KB-cwnd
[2024-05-27 11:06:14.995273]     7.0625 MB /   0.50 sec =  118.4910 Mbps     0 retrans   2796 KB-cwnd
[2024-05-27 11:06:15.495322]     5.5000 MB /   0.50 sec =   92.2775 Mbps     0 retrans   2796 KB-cwnd
[2024-05-27 11:06:15.995382]     7.0000 MB /   0.50 sec =  117.4424 Mbps     0 retrans   2796 KB-cwnd
[2024-05-27 11:06:16.495321]     7.0625 MB /   0.50 sec =  118.4761 Mbps     0 retrans   2796 KB-cwnd
[2024-05-27 11:06:16.995915]     8.4375 MB /   0.50 sec =  141.5614 Mbps     0 retrans   2796 KB-cwnd
[2024-05-27 11:06:17.496265]     8.0625 MB /   0.50 sec =  135.1460 Mbps     0 retrans   2796 KB-cwnd
[2024-05-27 11:06:17.996476]     8.8125 MB /   0.50 sec =  147.8197 Mbps     0 retrans   2796 KB-cwnd
[2024-05-27 11:06:18.495280]     7.1250 MB /   0.50 sec =  119.6743 Mbps     0 retrans   2796 KB-cwnd
[2024-05-27 11:06:18.995998]     7.7500 MB /   0.50 sec =  129.9938 Mbps     0 retrans   2796 KB-cwnd
[2024-05-27 11:06:19.495329]    10.9375 MB /   0.50 sec =  183.5426 Mbps     0 retrans   2796 KB-cwnd
[2024-05-27 11:06:19.998335]    10.5000 MB /   0.50 sec =  175.4796 Mbps     0 retrans   2796 KB-cwnd
[2024-05-27 11:06:20.495854]     6.7500 MB /   0.50 sec =  113.5879 Mbps     0 retrans   2796 KB-cwnd
[2024-05-27 11:06:20.995639]    10.2500 MB /   0.50 sec =  172.0115 Mbps     0 retrans   2796 KB-cwnd
[2024-05-27 11:06:21.495404]     9.3750 MB /   0.50 sec =  157.3704 Mbps     0 retrans   2796 KB-cwnd
[2024-05-27 11:06:21.995188]    10.8750 MB /   0.50 sec =  182.4745 Mbps  6024 retrans   1179 KB-cwnd
[2024-05-27 11:06:22.495260]    11.1250 MB /   0.50 sec =  186.6398 Mbps     0 retrans   1179 KB-cwnd
[2024-05-27 11:06:22.995222]     5.9375 MB /   0.50 sec =   99.6191 Mbps     7 retrans   1179 KB-cwnd
[2024-05-27 11:06:23.495280]     8.0000 MB /   0.50 sec =  134.1925 Mbps     0 retrans   1179 KB-cwnd
[2024-05-27 11:06:23.996497]     8.1250 MB /   0.50 sec =  136.1627 Mbps     0 retrans   1179 KB-cwnd
[2024-05-27 11:06:24.495322]     7.6875 MB /   0.50 sec =  129.1381 Mbps     0 retrans   1179 KB-cwnd
[2024-05-27 11:06:24.995308]    10.6250 MB /   0.50 sec =  178.2497 Mbps     4 retrans   1179 KB-cwnd
[2024-05-27 11:06:25.496278]    10.2500 MB /   0.50 sec =  171.6780 Mbps     7 retrans   1179 KB-cwnd
[2024-05-27 11:06:25.995253]     8.4375 MB /   0.50 sec =  141.8034 Mbps    14 retrans   1179 KB-cwnd
[2024-05-27 11:06:26.496168]     9.6250 MB /   0.50 sec =  161.4691 Mbps     7 retrans   1179 KB-cwnd
[2024-05-27 11:06:26.995309]     7.8750 MB /   0.50 sec =  132.1163 Mbps     0 retrans   1179 KB-cwnd
[2024-05-27 11:06:27.495204]     3.0000 MB /   0.50 sec =   50.3381 Mbps     0 retrans   1179 KB-cwnd
[2024-05-27 11:06:27.997469]    11.3125 MB /   0.50 sec =  189.1623 Mbps     0 retrans   1179 KB-cwnd
[2024-05-27 11:06:28.495778]    11.1875 MB /   0.50 sec =  188.1497 Mbps     7 retrans   1179 KB-cwnd
[2024-05-27 11:06:28.995278]    12.1250 MB /   0.50 sec =  203.6033 Mbps     0 retrans   1179 KB-cwnd
[2024-05-27 11:06:29.497778]    10.9375 MB /   0.50 sec =  182.7948 Mbps  4486 retrans   1379 KB-cwnd
[2024-05-27 11:06:29.995373]     9.1250 MB /   0.50 sec =  153.6736 Mbps     0 retrans   1379 KB-cwnd
[2024-05-27 11:06:30.495230]     8.8125 MB /   0.50 sec =  147.8661 Mbps     0 retrans   1425 KB-cwnd
[2024-05-27 11:06:30.995381]    11.3125 MB /   0.50 sec =  189.7224 Mbps     0 retrans   1425 KB-cwnd
[2024-05-27 11:06:31.496496]    13.0000 MB /   0.50 sec =  217.9347 Mbps     0 retrans   1425 KB-cwnd
[2024-05-27 11:06:31.996315]     9.7500 MB /   0.50 sec =  163.6106 Mbps     0 retrans   1501 KB-cwnd
[2024-05-27 11:06:32.495203]    12.0625 MB /   0.50 sec =  202.5688 Mbps     0 retrans   1501 KB-cwnd
[2024-05-27 11:06:32.995336]     9.6875 MB /   0.50 sec =  162.5202 Mbps     0 retrans   1501 KB-cwnd
[2024-05-27 11:06:33.495478]    10.8125 MB /   0.50 sec =  181.3696 Mbps     0 retrans   1542 KB-cwnd
[2024-05-27 11:06:33.995266]    10.3750 MB /   0.50 sec =  174.1047 Mbps     0 retrans   1548 KB-cwnd
[2024-05-27 11:06:34.495933]    11.8750 MB /   0.50 sec =  199.0014 Mbps     0 retrans   1548 KB-cwnd
[2024-05-27 11:06:34.995341]    11.8750 MB /   0.50 sec =  199.4325 Mbps     0 retrans   1570 KB-cwnd
[2024-05-27 11:06:35.495285]    12.0000 MB /   0.50 sec =  201.3576 Mbps     0 retrans   1677 KB-cwnd
[2024-05-27 11:06:35.995945]     9.4375 MB /   0.50 sec =  158.2891 Mbps  1697 retrans   2557 KB-cwnd
[2024-05-27 11:06:36.495880]    11.6875 MB /   0.50 sec =  196.1163 Mbps     0 retrans   2557 KB-cwnd
[2024-05-27 11:06:36.995390]    12.1875 MB /   0.50 sec =  204.4617 Mbps     0 retrans   2557 KB-cwnd
[2024-05-27 11:06:37.495777]    12.5625 MB /   0.50 sec =  210.7861 Mbps     0 retrans   2557 KB-cwnd
[2024-05-27 11:06:37.997388]     7.7500 MB /   0.50 sec =  129.5338 Mbps     0 retrans   2557 KB-cwnd
[2024-05-27 11:06:38.495205]     3.0000 MB /   0.50 sec =   50.5254 Mbps     0 retrans   2557 KB-cwnd
[2024-05-27 11:06:38.995383]    11.0000 MB /   0.50 sec =  184.5269 Mbps     0 retrans   2557 KB-cwnd
[2024-05-27 11:06:39.496186]    12.4375 MB /   0.50 sec =  208.4961 Mbps     0 retrans   2557 KB-cwnd
[2024-05-27 11:06:39.997081]     8.5000 MB /   0.50 sec =  142.3396 Mbps     0 retrans   2557 KB-cwnd
[2024-05-27 11:06:40.495336]     3.9375 MB /   0.50 sec =   66.2423 Mbps     0 retrans   2557 KB-cwnd
[2024-05-27 11:06:40.995683]    12.0625 MB /   0.50 sec =  202.3472 Mbps     0 retrans   2557 KB-cwnd
[2024-05-27 11:06:41.495179]    11.6875 MB /   0.50 sec =  196.1261 Mbps     0 retrans   2557 KB-cwnd
[2024-05-27 11:06:41.995323]     3.3750 MB /   0.50 sec =   56.6197 Mbps     0 retrans   2557 KB-cwnd
[2024-05-27 11:06:42.495238]     9.7500 MB /   0.50 sec =  163.5801 Mbps     0 retrans   2557 KB-cwnd
[2024-05-27 11:06:42.996336]    11.1250 MB /   0.50 sec =  186.4504 Mbps     0 retrans   2557 KB-cwnd
[2024-05-27 11:06:43.495335]    10.6875 MB /   0.50 sec =  179.4910 Mbps  3475 retrans   2931 KB-cwnd
[2024-05-27 11:06:43.995360]     2.5000 MB /   0.50 sec =   41.9410 Mbps     0 retrans   2931 KB-cwnd
[2024-05-27 11:06:44.495866]     7.5625 MB /   0.50 sec =  126.7479 Mbps     0 retrans   2931 KB-cwnd
[2024-05-27 11:06:44.995267]     8.3750 MB /   0.50 sec =  140.6636 Mbps     0 retrans   2931 KB-cwnd
[2024-05-27 11:06:45.495319]     7.8750 MB /   0.50 sec =  132.1156 Mbps     0 retrans   2882 KB-cwnd
[2024-05-27 11:06:45.998100]     5.6250 MB /   0.50 sec =   94.0511 Mbps     0 retrans   2882 KB-cwnd
[2024-05-27 11:06:46.495684]     8.1250 MB /   0.50 sec =  136.7766 Mbps     0 retrans   2882 KB-cwnd
[2024-05-27 11:06:46.996720]    10.0625 MB /   0.50 sec =  168.6460 Mbps     0 retrans   3053 KB-cwnd
[2024-05-27 11:06:47.495251]     6.3125 MB /   0.50 sec =  106.0203 Mbps     0 retrans   3053 KB-cwnd
[2024-05-27 11:06:47.995655]     9.5000 MB /   0.50 sec =  159.3683 Mbps     0 retrans   3053 KB-cwnd
[2024-05-27 11:06:48.495306]     8.3750 MB /   0.50 sec =  140.5210 Mbps     0 retrans   3055 KB-cwnd
[2024-05-27 11:06:48.996201]     8.6250 MB /   0.50 sec =  144.6890 Mbps     0 retrans   3055 KB-cwnd
[2024-05-27 11:06:49.495373]     9.6875 MB /   0.50 sec =  162.5371 Mbps     0 retrans   3055 KB-cwnd
[2024-05-27 11:06:49.995598]     8.8750 MB /   0.50 sec =  148.9082 Mbps     0 retrans   3055 KB-cwnd
[2024-05-27 11:06:50.495290]     9.3750 MB /   0.50 sec =  157.2851 Mbps     0 retrans   3055 KB-cwnd
[2024-05-27 11:06:50.995184]     9.0000 MB /   0.50 sec =  151.0025 Mbps     0 retrans   3055 KB-cwnd
[2024-05-27 11:06:51.495438]     9.0625 MB /   0.50 sec =  152.0034 Mbps     0 retrans   3055 KB-cwnd
[2024-05-27 11:06:51.995305]     8.5000 MB /   0.50 sec =  142.6086 Mbps     0 retrans   3055 KB-cwnd
[2024-05-27 11:06:52.106435] nuttcp-r: 2256.8221 MB in 137.11 real seconds = 16854.95 KB/sec = 138.0758 Mbps
[2024-05-27 11:06:52.106937] nuttcp-r: 140276 I/O calls, msec/call = 1.00, calls/sec = 1023.09
[2024-05-27 11:06:52.107201] nuttcp-r: 0.0user 10.2sys 2:17real 7% 0i+0d 1318maxrss 0+1pf 100270+209csw
[2024-05-27 11:06:52.107345] 
[2024-05-27 11:06:52.107576] nuttcp-t: v8.1.4: socket
[2024-05-27 11:06:52.107655] nuttcp-t: buflen=65536, nstream=1, port=5003 tcp -> 98.97.21.66
[2024-05-27 11:06:52.107731] nuttcp-t: time limit = 120.00 seconds
[2024-05-27 11:06:52.107811] nuttcp-t: accept from 98.97.21.66 with mss=1408, af=inet
[2024-05-27 11:06:52.107886] nuttcp-t: send window size = 450000000, receive window size = 450000000
[2024-05-27 11:06:52.107960] nuttcp-t: available send window = 225000000, available receive window = 225000000
[2024-05-27 11:06:52.108035] nuttcp-t: initial congestion window = 13 KB (10 packets)
[2024-05-27 11:06:52.108097] nuttcp-t: 2256.8221 MB in 120.00 real seconds = 19258.21 KB/sec = 157.7632 Mbps
[2024-05-27 11:06:52.108129] nuttcp-t: retrans = 29038 cwnd = 1903 KB
[2024-05-27 11:06:52.108161] nuttcp-t: 36110 I/O calls, msec/call = 3.40, calls/sec = 300.92
[2024-05-27 11:06:52.108192] nuttcp-t: 0.0user 0.6sys 2:00real 0% 0i+0d 94maxrss 0+0pf 14+8csw
End time: 1716822412124
