Start time: 1716932961527
{
  "id": "0",
  "status": null,
  "apiVersion": "17",
  "dishGetHistory": {
    "current": "1882",
    "popPingDropRate": [
      0,
      0,
      0,
      0,
      0,
      0,
      0,
      0,
      0,
      0,
      0,
      0,
      0,
      0,
      0,
      0,
      0,
      0,
      0,
      0,
      0,
      0,
      0.05882353,
      0.06666667,
      0,
      0,
      0,
      0,
      0.0625,
      0.0625,
      0,
      0,
      0,
      0,
      0,
      0,
      0,
      0,
      0,
      0,
      0,
      0,
      0,
      0,
      0,
      0,
      0,
      0,
      0,
      0,
      0,
      0,
      0,
      0,
      0,
      0,
      0,
      0,
      0,
      0,
      0,
      0,
      0,
      0,
      0,
      0,
      0,
      0,
      0,
      0,
      0,
      0,
      0,
      0,
      0,
      0,
      0,
      0,
      0,
      0,
      0,
      0,
      0,
      0,
      0,
      0,
      0,
      0,
      0,
      0,
      0,
      0,
      0,
      0,
      0,
      0,
      0,
      0,
      0,
      0,
      0,
      0,
      0,
      0,
      0,
      0,
      0,
      0,
      0,
      0,
      0,
      0,
      0,
      0,
      0,
      0,
      0,
      0,
      0,
      0,
      0,
      0,
      0,
      0,
      0,
      0,
      0,
      0,
      0,
      0,
      0,
      0,
      0,
      0,
      0,
      0,
      0,
      0,
      0,
      0,
      0,
      0,
      0,
      0,
      0,
      0,
      0,
      0,
      0,
      0,
      0,
      0,
      0,
      0.06666667,
      0.4,
      0.33333334,
      0,
      0,
      0,
      0,
      0,
      0,
      0,
      0.06666667,
      0.0625,
      0,
      0,
      0,
      0,
      0,
      0,
      0,
      0,
      0,
      0,
      0,
      0,
      0,
      0,
      0,
      0,
      0.0625,
      0.06666667,
      0,
      0,
      0,
      0,
      0,
      0,
      0,
      0,
      0,
      0,
      0.05882353,
      0.0625,
      0,
      0.1875,
      0.11764706,
      0,
      0,
      0,
      0,
      0,
      0,
      0,
      0,
      0,
      0,
      0.06666667,
      0.0625,
      0,
      0,
      0,
      0,
      0,
      0,
      0,
      0,
      0,
      0,
      0,
      0,
      0,
      0,
      0,
      0,
      0,
      0,
      0,
      0,
      0,
      0,
      0,
      0,
      0,
      0,
      0,
      0,
      0,
      0,
      0,
      0,
      0,
      0,
      0,
      0,
      0,
      0,
      0,
      0,
      0,
      0,
      0,
      0,
      0,
      0,
      0,
      0,
      0,
      0,
      0,
      0,
      0,
      0,
      0,
      0,
      0,
      0,
      0.05882353,
      0.0625,
      0,
      0,
      0,
      0,
      0,
      0,
      0,
      0,
      0,
      0,
      0,
      0,
      0,
      0,
      0,
      0,
      0,
      0,
      0,
      0,
      0,
      0,
      0,
      0,
      0,
      0,
      0,
      0,
      0,
      0,
      0,
      0,
      0,
      0,
      0,
      0,
      0,
      0,
      0,
      0,
      0,
      0,
      0,
      0,
      0,
      0,
      0,
      0,
      0,
      0,
      0,
      0,
      0,
      0,
      0,
      0,
      0,
      0,
      0,
      0,
      0,
      0,
      0,
      0,
      0,
      0,
      0,
      0,
      0,
      0,
      0,
      0,
      0,
      0,
      0,
      0,
      0,
      0,
      0,
      0,
      0,
      0,
      0,
      0,
      0,
      0,
      0,
      0,
      0,
      0,
      0,
      0,
      0,
      0,
      0,
      0,
      0,
      0,
      0,
      0,
      0,
      0,
      0,
      0,
      0,
      0,
      0,
      0,
      0,
      0,
      0,
      0,
      0,
      0,
      0,
      0,
      0,
      0,
      0,
      0,
      0,
      0,
      0,
      0,
      0,
      0,
      0,
      0,
      0,
      0,
      0,
      0,
      0,
      0,
      0,
      0,
      0,
      0,
      0,
      0,
      0,
      0,
      0,
      0,
      0,
      0,
      0,
      0,
      0,
      0,
      0,
      0,
      0,
      0,
      0,
      0,
      0,
      0,
      0,
      0,
      0,
      0,
      0,
      0,
      0,
      0,
      0,
      0,
      0.06666667,
      0.06666667,
      0,
      0,
      0,
      0,
      0,
      0,
      0,
      0,
      0,
      0,
      0.0625,
      0.05882353,
      0,
      0,
      0,
      0,
      0,
      0,
      0,
      0,
      0,
      0,
      0,
      0,
      0,
      0,
      0,
      0,
      0,
      0,
      0,
      0,
      0,
      0,
      0,
      0,
      0,
      0,
      0.0625,
      0.0625,
      0,
      0,
      0,
      0,
      0,
      0,
      0,
      0,
      0,
      0,
      0,
      0,
      0,
      0.05882353,
      0.0625,
      0,
      0,
      0,
      0,
      0,
      0,
      0,
      0.0625,
      0.06666667,
      0,
      0,
      0,
      0,
      0,
      0,
      0.0625,
      0.05882353,
      0,
      0,
      0,
      0,
      0,
      0,
      0,
      0,
      0,
      0,
      0,
      0,
      0,
      0,
      0,
      0,
      0,
      0,
      0,
      0,
      0,
      0,
      0,
      0,
      0,
      0,
      0,
      0,
      0,
      0,
      0,
      0,
      0,
      0,
      0,
      0,
      0,
      0,
      0,
      0,
      0,
      0,
      0,
      0,
      0,
      0,
      0,
      0,
      0,
      0,
      0,
      0,
      0,
      0.0625,
      0.3125,
      0.4117647,
      0.25,
      0.05882353,
      0,
      0,
      0,
      0,
      0,
      0,
      0,
      0,
      0,
      0.0625,
      0.06666667,
      0,
      0,
      0,
      0,
      0,
      0,
      0,
      0,
      0,
      0,
      0,
      0,
      0,
      0,
      0,
      0.125,
      0.125,
      0,
      0,
      0,
      0,
      0,
      0,
      0,
      0,
      0.05882353,
      0.05882353,
      0,
      0,
      0,
      0,
      0,
      0,
      0.06666667,
      0.0625,
      0,
      0,
      0,
      0,
      0,
      0,
      0,
      0,
      0,
      0,
      0,
      0,
      0,
      0,
      0,
      0,
      0,
      0,
      0,
      0,
      0,
      0,
      0,
      0.0625,
      0.2,
      0.26666668,
      0.1875,
      0.11764706,
      0.06666667,
      0,
      0,
      0,
      0,
      0,
      0,
      0,
      0,
      0,
      0,
      0,
      0,
      0,
      0,
      0,
      0,
      0,
      0,
      0,
      0,
      0,
      0,
      0,
      0.06666667,
      0.06666667,
      0,
      0,
      0,
      0,
      0,
      0,
      0,
      0,
      0.06666667,
      0.06666667,
      0,
      0,
      0,
      0,
      0,
      0,
      0,
      0,
      0,
      0,
      0,
      0,
      0,
      0,
      0,
      0,
      0,
      0,
      0,
      0,
      0,
      0,
      0,
      0.06666667,
      0.0625,
      0,
      0,
      0,
      0,
      0,
      0,
      0,
      0,
      0,
      0,
      0,
      0,
      0,
      0,
      0,
      0,
      0,
      0,
      0,
      0,
      0,
      0,
      0,
      0,
      0,
      0,
      0,
      0,
      0,
      0,
      0,
      0,
      0,
      0,
      0,
      0,
      0,
      0,
      0,
      0,
      0,
      0,
      0,
      0,
      0,
      0,
      0,
      0,
      0,
      0,
      0,
      0,
      0,
      0,
      0,
      0,
      0,
      0,
      0.125,
      0.14285715,
      0.071428575,
      0.06666667,
      0,
      0,
      0,
      0,
      0,
      0,
      0,
      0.0625,
      0.06666667,
      0.0625,
      0.05882353,
      0.0625,
      0.06666667,
      0,
      0,
      0.23076923,
      0.23076923,
      0,
      0,
      0,
      0,
      0,
      0,
      0,
      0,
      0,
      0.05882353,
      0.0625,
      0,
      0,
      0,
      0,
      0,
      0,
      0,
      0,
      0,
      0,
      0,
      0,
      0,
      0,
      0,
      0,
      0,
      0,
      0,
      0,
      0,
      0,
      0,
      0,
      0,
      0,
      0,
      0,
      0,
      0,
      0,
      0,
      0,
      0,
      0,
      0,
      0,
      0,
      0,
      0,
      0.0625,
      0.0625,
      0,
      0,
      0,
      0,
      0,
      0,
      0,
      0,
      0,
      0,
      0,
      0,
      0,
      0,
      0,
      0,
      0,
      0,
      0,
      0.06666667,
      0.14285715,
      0.13333334,
      0.125,
      0.05882353,
      0,
      0.06666667,
      0.06666667,
      0,
      0.13333334,
      0.1875,
      0.06666667,
      0,
      0,
      0,
      0,
      0,
      0,
      0,
      0,
      0,
      0,
      0,
      0,
      0,
      0,
      0,
      0,
      0.0625,
      0.06666667,
      0,
      0,
      0,
      0.13333334,
      0.1875,
      0.05882353,
      0,
      0,
      0,
      0.06666667,
      0.1875,
      0.375,
      0.4,
      0.071428575
    ],
    "popPingLatencyMs": [
      29.532736,
      27.450375,
      26.989187,
      27.784267,
      28.716736,
      28.699467,
      27.6294,
      26.589376,
      27.452932,
      26.499266,
      25.8852,
      32.268265,
      37.569534,
      38.88637,
      38.74525,
      39.52287,
      40.291355,
      39.798496,
      40.35938,
      38.702526,
      39.427376,
      41.2592,
      39.753536,
      39.829468,
      39.665356,
      41.623066,
      43.85393,
      36.424328,
      30.02775,
      30.76975,
      34.02519,
      35.681374,
      32.4775,
      33.47306,
      34.262707,
      32.55062,
      31.792934,
      32.072254,
      31.444235,
      30.463686,
      28.827066,
      32.2488,
      35.03269,
      34.27487,
      31.33187,
      29.428188,
      29.451063,
      29.868803,
      31.278858,
      33.3434,
      33.472878,
      32.414944,
      31.809563,
      31.485064,
      33.0022,
      31.722933,
      30.524403,
      31.735868,
      32.41944,
      34.692,
      33.55781,
      33.082268,
      34.1768,
      31.7884,
      31.213312,
      30.071531,
      29.57788,
      29.51475,
      30.552763,
      30.445,
      32.18475,
      35.279232,
      34.97523,
      34.673878,
      34.7086,
      34.514626,
      34.065437,
      36.207375,
      35.758053,
      35.524864,
      37.274403,
      38.43319,
      40.195,
      39.96133,
      39.698536,
      40.705746,
      42.54575,
      41.502132,
      37.878185,
      36.167873,
      36.480564,
      36.963497,
      38.09675,
      39.254,
      41.022,
      40.169334,
      40.177933,
      39.13493,
      34.96413,
      35.267067,
      38.11956,
      37.793175,
      39.652466,
      41.852524,
      40.476814,
      39.5764,
      38.74433,
      39.095215,
      40.049133,
      39.501873,
      39.26473,
      37.39581,
      38.77918,
      39.90863,
      39.52325,
      40.524937,
      40.660427,
      36.4316,
      32.4752,
      32.889202,
      34.9394,
      34.002,
      33.47719,
      32.255253,
      27.506937,
      28.349373,
      28.590502,
      28.569801,
      33.67306,
      35.255,
      34.422066,
      36.993862,
      36.12253,
      32.178314,
      32.369812,
      33.712624,
      34.06475,
      33.669796,
      34.130535,
      34.98581,
      33.731705,
      33.940998,
      34.14547,
      36.088863,
      36.649002,
      35.6894,
      39.698,
      32.730732,
      27.610935,
      29.656063,
      31.352283,
      29.522284,
      29.177845,
      44.92289,
      41.297665,
      35.81181,
      35.50733,
      35.7516,
      37.841934,
      37.71607,
      37.93306,
      42.887264,
      34.3772,
      28.086563,
      29.292938,
      29.671812,
      29.856411,
      29.65075,
      28.967869,
      30.45827,
      29.963936,
      26.658812,
      28.780687,
      30.643063,
      28.40331,
      30.22894,
      33.707626,
      36.06293,
      39.542503,
      41.343735,
      40.976334,
      38.520874,
      38.117504,
      39.40506,
      40.890705,
      42.3225,
      41.09094,
      38.190937,
      38.16181,
      39.205936,
      38.701122,
      36.158688,
      36.787334,
      39.399864,
      39.16856,
      81.24161,
      70.08658,
      41.062565,
      38.665127,
      39.1685,
      41.7705,
      42.954002,
      41.72612,
      41.192997,
      39.52907,
      39.728123,
      43.91107,
      40.98107,
      37.01231,
      40.438934,
      39.018253,
      38.321598,
      41.876125,
      39.30231,
      37.806,
      37.437687,
      36.183247,
      37.109123,
      37.87762,
      38.449375,
      37.722813,
      38.185757,
      38.107414,
      35.261295,
      32.63625,
      32.91875,
      35.80047,
      38.441628,
      35.178375,
      31.052185,
      31.50382,
      34.010498,
      36.47356,
      37.321762,
      38.391434,
      36.954002,
      33.77318,
      32.664467,
      33.44794,
      30.49125,
      26.948133,
      27.528866,
      28.156876,
      32.14319,
      33.830647,
      28.280731,
      28.612131,
      29.770868,
      30.048067,
      28.033314,
      28.0385,
      31.21893,
      36.033134,
      35.15788,
      33.09206,
      32.328625,
      32.762936,
      32.345062,
      32.62127,
      33.088,
      32.618187,
      32.521255,
      31.6545,
      31.938534,
      31.267118,
      30.511824,
      34.454815,
      37.21594,
      35.555706,
      34.105824,
      34.054817,
      34.10444,
      35.965584,
      34.72806,
      32.3032,
      33.118732,
      34.02894,
      35.762188,
      34.87619,
      35.001804,
      35.074535,
      39.4568,
      42.4636,
      36.045788,
      34.21407,
      34.845875,
      35.91625,
      35.542336,
      34.61507,
      33.993748,
      35.932945,
      34.566814,
      33.071503,
      34.208065,
      32.4515,
      31.673315,
      32.339375,
      33.175,
      34.035126,
      34.46712,
      35.85694,
      37.477337,
      36.2512,
      34.917625,
      34.500137,
      33.630665,
      32.34647,
      30.7346,
      34.98307,
      34.344624,
      34.638435,
      35.68853,
      35.640625,
      37.526936,
      37.09007,
      34.743668,
      33.3512,
      34.770332,
      34.531376,
      32.74136,
      33.58871,
      33.651264,
      33.163376,
      33.003,
      32.76825,
      35.25013,
      35.58244,
      32.288765,
      29.821705,
      29.453295,
      28.99541,
      29.200766,
      30.083881,
      29.674309,
      30.689066,
      32.28493,
      34.15313,
      32.82663,
      29.88747,
      29.497118,
      30.976936,
      32.452335,
      30.950884,
      29.235823,
      29.196875,
      31.629875,
      33.63819,
      33.122334,
      31.136265,
      31.657438,
      32.927124,
      30.773254,
      29.825752,
      30.257502,
      29.363626,
      29.113733,
      31.113264,
      31.166752,
      29.992874,
      31.243126,
      33.42175,
      34.186127,
      32.998062,
      32.55331,
      34.076237,
      35.757473,
      36.118122,
      35.2584,
      33.526936,
      34.850502,
      36.505127,
      39.55094,
      38.833057,
      35.912525,
      35.727997,
      35.72669,
      36.491467,
      34.813335,
      36.18136,
      37.581932,
      38.204464,
      37.64693,
      39.151066,
      38.330063,
      39.068066,
      36.374252,
      34.419872,
      34.577812,
      33.85231,
      32.30131,
      31.907562,
      32.00825,
      33.99853,
      34.33781,
      31.466438,
      30.775942,
      32.049732,
      33.098263,
      33.291,
      34.620865,
      34.716312,
      35.07525,
      35.116688,
      36.333122,
      36.512867,
      34.227,
      35.27919,
      35.983936,
      35.512413,
      36.035313,
      36.729748,
      37.423378,
      37.05644,
      35.584377,
      38.469624,
      39.06247,
      36.360435,
      35.244812,
      36.854527,
      36.225567,
      33.322647,
      32.565002,
      37.166466,
      35.597797,
      35.812374,
      36.18744,
      32.57806,
      35.506935,
      37.43118,
      35.669373,
      34.974,
      34.558464,
      34.320267,
      35.82438,
      36.396873,
      34.316597,
      37.59147,
      38.851784,
      37.4952,
      36.094795,
      34.384125,
      39.9855,
      39.56218,
      33.783466,
      36.893684,
      38.46282,
      41.98275,
      39.09794,
      33.072933,
      31.360933,
      31.542439,
      33.208664,
      32.379936,
      35.593063,
      35.802128,
      32.135292,
      32.19912,
      33.64675,
      35.881626,
      34.431435,
      33.070126,
      33.43331,
      31.81167,
      31.09957,
      29.61757,
      31.180435,
      33.394062,
      33.56669,
      31.803312,
      32.015312,
      33.895313,
      32.247814,
      31.843813,
      32.817245,
      30.302126,
      27.94769,
      35.0345,
      38.368942,
      32.475887,
      30.291647,
      29.892334,
      30.046286,
      31.215668,
      32.624233,
      33.401825,
      32.194534,
      29.885624,
      31.180996,
      31.320501,
      31.574997,
      32.03153,
      32.690178,
      36.127197,
      37.94544,
      39.316334,
      38.740788,
      37.243202,
      35.860188,
      36.714626,
      37.546066,
      34.955463,
      35.883858,
      36.096436,
      33.57956,
      31.959373,
      29.738062,
      31.012564,
      28.710562,
      26.297464,
      26.148062,
      26.850874,
      27.068935,
      26.575651,
      26.146198,
      26.1662,
      25.98,
      27.510813,
      29.976995,
      29.857,
      26.671497,
      26.444061,
      29.376202,
      32.9312,
      38.373867,
      40.873444,
      36.456142,
      32.644783,
      30.323267,
      30.095375,
      31.330002,
      33.209873,
      35.177315,
      33.66847,
      34.695435,
      35.492374,
      31.702688,
      38.456177,
      42.105114,
      37.821938,
      39.929115,
      43.142532,
      39.88088,
      36.250134,
      41.139603,
      43.53612,
      41.594414,
      43.74731,
      42.10719,
      38.091377,
      38.789497,
      39.022064,
      40.625328,
      39.168736,
      34.940998,
      35.013123,
      35.65647,
      35.344402,
      35.683334,
      37.0882,
      37.523468,
      36.79406,
      35.548332,
      36.595623,
      37.008747,
      35.688076,
      50.207996,
      60.356,
      40.651314,
      29.294706,
      31.768412,
      34.231686,
      30.059797,
      27.962187,
      29.21,
      27.501,
      30.04581,
      31.508062,
      29.756815,
      33.88757,
      33.21387,
      27.88494,
      29.310999,
      32.85475,
      32.638878,
      32.223866,
      30.765139,
      31.7642,
      33.50862,
      31.68894,
      29.378067,
      28.83941,
      30.406063,
      31.325468,
      30.165499,
      27.538645,
      30.254,
      32.795685,
      28.900873,
      25.68894,
      28.881119,
      29.680124,
      29.931799,
      34.573936,
      32.34553,
      29.243826,
      28.617624,
      30.89418,
      32.44906,
      32.0064,
      33.735466,
      35.686687,
      39.263565,
      38.873436,
      30.629877,
      31.622377,
      34.999622,
      35.199352,
      34.382122,
      35.939266,
      34.632137,
      31.2624,
      30.764189,
      31.149752,
      33.89875,
      33.919872,
      31.556316,
      32.8806,
      35.233063,
      37.01065,
      37.504295,
      37.37275,
      35.315132,
      34.841938,
      36.000877,
      35.015003,
      34.628803,
      35.616734,
      40.210133,
      42.672,
      38.4038,
      49.92386,
      51.926075,
      37.8206,
      41.4332,
      40.238464,
      37.53773,
      40.868126,
      42.755005,
      39.688625,
      38.43281,
      39.422188,
      39.156624,
      39.061314,
      40.097687,
      38.718864,
      40.770935,
      43.062603,
      37.881435,
      33.54559,
      33.016415,
      33.735687,
      35.473312,
      36.576496,
      35.022465,
      35.838535,
      36.62873,
      34.432,
      34.0715,
      33.17888,
      34.004734,
      34.919533,
      36.822403,
      34.17225,
      29.527813,
      31.038813,
      32.411877,
      31.592125,
      33.24493,
      32.61453,
      30.828188,
      30.99919,
      31.878311,
      34.47275,
      31.55994,
      28.866312,
      30.284441,
      31.486252,
      35.953064,
      42.467,
      43.98768,
      42.419945,
      41.361504,
      39.266464,
      42.158535,
      43.475937,
      43.36606,
      41.88375,
      44.184784,
      45.209785,
      41.27894,
      42.25681,
      39.27567,
      38.6658,
      41.268627,
      40.73444,
      39.81254,
      38.790997,
      39.95644,
      40.41369,
      41.23869,
      44.134003,
      43.246002,
      42.47144,
      41.58769,
      40.85067,
      39.441353,
      37.460316,
      37.31312,
      36.31753,
      36.85486,
      35.934658,
      36.489265,
      36.797718,
      31.863073,
      32.94367,
      33.508003,
      34.681534,
      36.198532,
      36.187267,
      34.20807,
      36.692398,
      40.190216,
      38.6005,
      39.3572,
      40.7625,
      37.27687,
      38.932602,
      39.436874,
      37.73041,
      38.645996,
      38.3578,
      39.8946,
      37.132072,
      38.703003,
      39.68856,
      36.00747,
      38.042263,
      37.402,
      32.995564,
      34.85206,
      36.804592,
      36.152885,
      37.70175,
      41.122063,
      39.006294,
      35.81235,
      37.227947,
      39.261585,
      38.866375,
      38.809433,
      39.176502,
      38.34694,
      40.433773,
      42.685154,
      47.57229,
      45.250935,
      39.908287,
      43.953003,
      43.306435,
      42.076935,
      41.808205,
      39.938187,
      38.96393,
      42.791134,
      42.250004,
      40.035004,
      43.698643,
      43.74907,
      38.9766,
      39.00927,
      40.14527,
      38.989998,
      34.707645,
      32.040066,
      31.189001,
      32.27264,
      32.356716,
      32.81167,
      32.8206,
      31.686813,
      32.306377,
      32.616753,
      31.718376,
      32.23594,
      32.569683,
      33.78325,
      34.60175,
      33.87753,
      34.775883,
      33.405064,
      34.057533,
      35.04557,
      33.5356,
      35.4312,
      36.629135,
      35.400875,
      34.575314,
      32.91875,
      33.398354,
      35.147175,
      35.853268,
      32.690536,
      32.523003,
      33.39853,
      34.24407,
      34.834,
      34.092438,
      32.29431,
      32.221066,
      33.998936,
      34.209812,
      34.92844,
      34.920498,
      33.418,
      36.019203,
      34.05974,
      32.905403,
      31.221,
      30.81031,
      29.637753,
      29.493252,
      29.861734,
      30.560133,
      29.621668,
      29.624311,
      31.127438,
      31.373312,
      30.033625,
      29.13119,
      28.698666,
      27.625708,
      29.296688,
      32.471203,
      33.44931,
      31.257936,
      27.873314,
      30.400784,
      32.72186,
      33.939,
      33.836468,
      31.05675,
      30.76094,
      29.999125,
      28.8374,
      29.062359,
      26.898232,
      25.410923,
      26.693785,
      29.337065,
      28.484554,
      26.9875,
      26.922567,
      25.760067,
      27.828287,
      27.536924,
      25.910143,
      30.110716,
      35.898666,
      33.730644,
      30.944996,
      31.857063,
      34.243065,
      36.767868,
      37.130127,
      36.32337,
      35.020866,
      34.143265,
      32.954933,
      32.952866,
      33.044373,
      35.431,
      38.003376,
      39.141132,
      41.638927,
      41.86453,
      40.983685,
      38.887135,
      38.687782,
      39.912003,
      39.375435,
      39.84381,
      41.880997,
      45.439938,
      42.77164,
      38.386154,
      46.762165,
      162.70502,
      119.15727,
      25.72843,
      28.84413
    ],
    "downlinkThroughputBps": [
      26784.826,
      62159.586,
      47395.637,
      29251.076,
      103565.76,
      23806.87,
      22229.81,
      43016.78,
      22389.195,
      111526.55,
      33697.04,
      22892.512,
      39141.246,
      28068.283,
      84959.82,
      24956.11,
      21617.443,
      24754.781,
      73157.05,
      95118.43,
      28127.002,
      24805.113,
      33755.758,
      35190.21,
      24972.887,
      85656.08,
      49325.016,
      42949.67,
      35777.414,
      65003.324,
      26197.623,
      21617.443,
      40475.035,
      24016.584,
      23269.998,
      21038.629,
      20568.867,
      29183.967,
      22607.299,
      34695.28,
      163124.88,
      24033.361,
      57856.23,
      28387.049,
      59173.242,
      40978.35,
      38285.605,
      29351.74,
      21944.598,
      24796.725,
      48746.2,
      51397,
      29712.45,
      39426.457,
      25560.088,
      36037.46,
      100168.37,
      130090.53,
      53913.582,
      146112.78,
      25610.42,
      98608.086,
      67377.3,
      37086.035,
      24318.574,
      27120.37,
      28747.76,
      45290.094,
      38713.426,
      146104.39,
      34410.07,
      36029.07,
      22624.076,
      30517.756,
      96678.71,
      81369.5,
      19016.975,
      28127.002,
      22196.256,
      120846.29,
      23051.895,
      29074.916,
      3.2720845e+08,
      2.2052846e+08,
      2.0701461e+08,
      3.112542e+08,
      1.849458e+08,
      1.2340773e+08,
      1.9870038e+08,
      3.07111e+08,
      3.3730528e+08,
      3.3889773e+08,
      3.609617e+08,
      2.6134944e+08,
      3.502195e+08,
      2.8649683e+08,
      2.9102224e+08,
      2.4427602e+08,
      2.5076347e+08,
      2.9547373e+08,
      2.86337e+08,
      2.5271718e+08,
      2.0658186e+08,
      3.326062e+08,
      4.156248e+08,
      3.1014826e+08,
      3.5894435e+08,
      3.5625978e+08,
      4.1825552e+08,
      3.5905014e+08,
      3.6767203e+08,
      4.3976403e+08,
      3.3578797e+08,
      3.198976e+08,
      3.5656768e+08,
      3.745139e+08,
      2.7982154e+08,
      1.1532745e+08,
      6.106593e+07,
      2.6025376e+08,
      2.6772773e+08,
      2.6565906e+08,
      1.5754898e+08,
      4.1920896e+07,
      822939.25,
      95755.96,
      100545.86,
      71521.27,
      123866.19,
      93247.766,
      41464.89,
      81730.21,
      24268.242,
      42354.082,
      24494.736,
      72309.805,
      22464.691,
      34225.52,
      22900.9,
      49878.664,
      33202.11,
      29771.17,
      20954.742,
      31096.57,
      23999.807,
      46263.17,
      98331.266,
      30744.248,
      30710.693,
      72997.664,
      69617.055,
      20803.748,
      36146.51,
      58191.773,
      26499.613,
      82367.74,
      35735.47,
      45650.805,
      33118.223,
      37916.508,
      176211.1,
      20359.152,
      47462.742,
      121525.766,
      21424.504,
      25585.254,
      68576.87,
      32514.244,
      36138.125,
      25308.43,
      19016.975,
      26046.627,
      31717.326,
      31365.006,
      21692.94,
      32052.871,
      85572.19,
      51044.68,
      23999.807,
      68904.02,
      24771.559,
      39460.01,
      37631.297,
      29284.63,
      41590.72,
      216174.42,
      115175.586,
      39292.24,
      43780.145,
      88927.63,
      216048.6,
      165045.86,
      23639.098,
      25853.69,
      15057.552,
      60934.848,
      68107.11,
      120133.26,
      122305.91,
      31859.934,
      27053.262,
      34821.113,
      27137.146,
      27036.484,
      23622.32,
      26289.898,
      884150.9,
      66144.17,
      70959.234,
      374861.72,
      27808.236,
      30635.197,
      29385.293,
      29066.527,
      72704.06,
      67444.41,
      170095.8,
      34745.613,
      59793.996,
      68014.836,
      543749.56,
      2.9529912e+06,
      5.046486e+06,
      169978.36,
      100025.766,
      464099.75,
      107449.68,
      109546.83,
      48242.883,
      23622.32,
      53166.996,
      84070.63,
      30693.916,
      47932.508,
      34795.945,
      52344.914,
      21340.62,
      43813.7,
      50767.855,
      69096.96,
      29158.8,
      32480.69,
      137757.72,
      89858.766,
      34921.773,
      32925.285,
      84859.16,
      42437.97,
      26709.328,
      54114.91,
      25190.99,
      27841.79,
      54995.715,
      179138.72,
      315780.75,
      178157.25,
      33143.39,
      30299.652,
      34686.895,
      25954.354,
      56421.777,
      66613.94,
      27439.137,
      28370.271,
      33688.65,
      26633.83,
      40575.695,
      201704.08,
      54601.45,
      83483.43,
      55104.766,
      31893.488,
      33076.28,
      33009.17,
      27900.51,
      98641.64,
      43780.145,
      43754.98,
      23530.045,
      40978.35,
      40701.527,
      22280.143,
      25719.473,
      67033.37,
      130568.68,
      24066.916,
      19696.451,
      27137.146,
      21365.785,
      36607.887,
      24763.17,
      152085.47,
      19964.887,
      81386.27,
      22934.455,
      44090.523,
      41473.277,
      36700.16,
      36641.44,
      56874.76,
      22800.236,
      22590.521,
      35047.605,
      17666.408,
      66253.23,
      20057.162,
      23983.03,
      49098.523,
      32069.648,
      31096.57,
      22280.143,
      37606.13,
      49887.05,
      24679.285,
      37656.46,
      21810.38,
      31130.125,
      42387.637,
      19025.363,
      32958.84,
      23873.979,
      34133.246,
      42496.688,
      28185.723,
      39996.883,
      82116.086,
      186361.31,
      25543.31,
      26222.79,
      56119.79,
      100696.85,
      46405.78,
      30459.035,
      26759.66,
      130652.57,
      116240.94,
      36339.45,
      33680.26,
      62839.062,
      18312.332,
      38654.707,
      27254.588,
      19998.441,
      22649.242,
      164903.25,
      36775.656,
      16215.18,
      24201.135,
      27128.758,
      28059.895,
      19495.125,
      25308.43,
      21617.443,
      25149.047,
      35014.05,
      32002.54,
      24545.066,
      27573.355,
      35685.137,
      66739.766,
      42614.13,
      3.9020156e+07,
      1.4475157e+08,
      1.7232867e+08,
      1.719937e+08,
      1.5002826e+08,
      1.881254e+08,
      1.8993069e+08,
      2.0381517e+08,
      1.9826446e+08,
      2.1529645e+08,
      1.4217474e+08,
      7.962443e+07,
      1.7736037e+08,
      1.306496e+08,
      1.7081926e+08,
      1.4257915e+08,
      2.2371725e+08,
      2.203e+08,
      1.8983965e+08,
      1.637306e+08,
      2.5770992e+08,
      3.0443338e+08,
      2.5144018e+08,
      2.4271338e+08,
      2.2639141e+08,
      1.5108453e+08,
      1.6615397e+08,
      2.560764e+08,
      2.86543e+08,
      3.1226675e+08,
      2.972729e+08,
      3.2379542e+08,
      3.2682922e+08,
      2.946644e+08,
      1.9466194e+08,
      2.6186126e+08,
      2.9725962e+08,
      3.1293114e+08,
      2.4864938e+08,
      3.1206253e+08,
      3.0750582e+08,
      1.0807541e+08,
      1.147866e+08,
      1.4742534e+08,
      1.05781704e+08,
      1.2501496e+08,
      1.7000973e+08,
      1.667134e+08,
      1.9963208e+08,
      1.9021755e+08,
      1.771932e+08,
      2.0836779e+08,
      1.5284283e+08,
      1.25800184e+08,
      1.0123269e+08,
      1.4285394e+08,
      1.1253632e+08,
      1.6498074e+08,
      9.307066e+07,
      1.3485203e+08,
      1.30775016e+08,
      7.327524e+07,
      6.794951e+07,
      7.784231e+07,
      9.115051e+07,
      1.5172298e+08,
      1.5395874e+08,
      1.704855e+08,
      1.459992e+08,
      1.4570965e+08,
      1.0266137e+08,
      9.027555e+07,
      1.3433213e+08,
      1.6632358e+08,
      9.898495e+07,
      9.59939e+07,
      1.607792e+08,
      1.4276803e+08,
      1.7778677e+08,
      1.4470454e+08,
      1.6019595e+08,
      2.2733002e+08,
      1.877698e+08,
      1.06134584e+08,
      1.0543495e+08,
      6.5447316e+07,
      1.2849152e+08,
      2.2620517e+08,
      2.953789e+08,
      1.9912586e+08,
      2.1663653e+08,
      2.8388854e+08,
      2.9677174e+08,
      2.6027158e+08,
      2.3262944e+08,
      2.1015488e+08,
      2.253608e+08,
      3.1143478e+08,
      1.9439522e+08,
      1.677574e+08,
      1.9535795e+08,
      1.5589237e+08,
      1.9103118e+08,
      2.3136456e+08,
      2.379876e+08,
      1.5637218e+08,
      2.6419837e+08,
      2.5390912e+08,
      1.9288648e+08,
      1.9699336e+08,
      2.4298302e+08,
      2.4984021e+08,
      2.1942552e+08,
      1.5193269e+08,
      2.5903454e+08,
      9.33316e+07,
      1.0983474e+08,
      2.0433024e+08,
      1.1109155e+08,
      1.5810675e+08,
      1.4778323e+08,
      1.9742286e+08,
      2.0313283e+08,
      1.5743208e+08,
      1.707622e+08,
      1.4826566e+08,
      1.4555355e+08,
      1.434433e+08,
      2.0693226e+08,
      1.4811656e+08,
      9.454543e+07,
      9.049747e+07,
      1.5483171e+08,
      1.6599949e+08,
      1.5084754e+08,
      1.2741975e+08,
      1.623803e+08,
      1.1706208e+08,
      1.820135e+08,
      3.5737364e+07,
      28949.086,
      67050.14,
      25115.492,
      23571.988,
      54819.555,
      757591.94,
      431300.28,
      320537.1,
      273334.4,
      327390.6,
      382856.06,
      553681.7,
      560468.06,
      448572.44,
      551735.5,
      483032.8,
      403684.97,
      591556.25,
      421468.84,
      487646.56,
      521393.94,
      449637.78,
      629590.2,
      482420.47,
      618324.3,
      536300.5,
      468235.3,
      560812,
      531569.3,
      734103.9,
      544001.25,
      537802.06,
      459939,
      407375.97,
      595926.7,
      438153.78,
      373267.88,
      411939.38,
      351222.62,
      277075.72,
      238857.22,
      270557.78,
      455610.47,
      326576.9,
      324437.8,
      355660.2,
      229889.8,
      160037.86,
      262471.16,
      316149.84,
      387662.75,
      301402.7,
      415093.5,
      439831.5,
      533532.25,
      500850.22,
      638675.06,
      476967.88,
      361792.28,
      397443.84,
      418205.66,
      351365.25,
      317584.3,
      810524.06,
      146540.6,
      247958.86,
      319178.16,
      514884.38,
      1.0115151e+06,
      452968.06,
      454788.38,
      448496.94,
      422005.7,
      339394.7,
      351524.62,
      391731.22,
      427290.53,
      338732,
      201007.83,
      348412.44,
      326602.06,
      287964.12,
      236634.25,
      512887.88,
      322172.88,
      462799.5,
      233715,
      185530.84,
      123841.02,
      138856.62,
      62209.918,
      44526.73,
      110721.234,
      292930.2,
      165675.02,
      113464.31,
      44853.887,
      75757.516,
      116777.81,
      117734.11,
      131113.94,
      108783.47,
      115318.195,
      389164.3,
      223480.9,
      204673.64,
      172645.94,
      119386.67,
      250634.83,
      363067.34,
      183400.14,
      506957.12,
      600624.3,
      524766.1,
      328028.12,
      227297.72,
      162042.73,
      145961.78,
      192627.61,
      285355.28,
      262437.6,
      306637.2,
      301889.22,
      348152.4,
      459301.47,
      501521.3,
      26113.736,
      72796.34,
      81327.555,
      34342.96,
      28068.283,
      33520.88,
      22171.092,
      60498.64,
      57428.41,
      40869.297,
      29217.521,
      46296.727,
      207131.52,
      112348.625,
      350174.06,
      22573.744,
      130979.73,
      577060.75,
      592571.25,
      122557.56,
      28714.205,
      26222.79,
      266967.44,
      36549.164,
      26306.674,
      22892.512,
      23790.092,
      26407.338,
      23278.387,
      39241.91,
      58493.76,
      44853.887,
      72251.08,
      34930.164,
      23160.947,
      27413.97,
      20728.25,
      55138.32,
      29276.242,
      38084.28,
      63979.914,
      19990.053,
      125048.98,
      158460.81,
      26927.432,
      32153.535,
      38285.605,
      45088.77,
      364677.97,
      221476.03,
      34988.883,
      39434.848,
      48410.656,
      32589.742,
      443983.84,
      26432.504,
      22649.242,
      21424.504,
      21667.775,
      1.2079621e+07,
      6.0463776e+07,
      1.7299146e+08,
      1.6486034e+08,
      1.9386576e+08,
      2.0278147e+08,
      1.7559203e+08,
      1.7473013e+08,
      2.5527373e+08,
      8.863831e+07,
      2.3590934e+08,
      1.7019182e+08,
      2.5821125e+08,
      2.4373376e+08,
      2.0171067e+08,
      2.3463466e+08,
      1.8450435e+08,
      2.2813315e+08,
      2.0298464e+08,
      2.8730326e+08,
      3.0872512e+08,
      3.771505e+08,
      2.8260432e+08,
      1.9654331e+08,
      3.7411e+08,
      4.483163e+08,
      2.7525488e+08,
      3.5915158e+08,
      3.2617866e+08,
      3.442915e+08,
      2.8563264e+08,
      1.2805492e+08,
      2.25673e+08,
      2.0710344e+08,
      1.2940237e+08,
      9.7857544e+07,
      2.2859792e+08,
      1.236879e+08,
      1.736675e+08,
      1.6973682e+08,
      1.2741718e+08,
      1.8321445e+08,
      1.9197677e+08,
      2.112899e+08,
      2.2990088e+08,
      9.272026e+07,
      1.7092104e+08,
      2.474213e+08,
      3.651556e+08,
      2.7801376e+08,
      2.7801376e+08,
      2.3199029e+08,
      2.1726594e+08,
      2.2865168e+08,
      1.7584638e+08,
      5.2822428e+07,
      1.0380934e+08,
      8.3215176e+07,
      1.3449331e+08,
      1.9878288e+08,
      2.4717189e+08,
      2.7293894e+08,
      4.0259728e+08,
      3.4129277e+08,
      3.4505267e+08,
      3.6638707e+08,
      3.744726e+08,
      5.536452e+08,
      1.812998e+08,
      3.400485e+08,
      3.6435533e+08,
      3.9005603e+08,
      3.690744e+08,
      3.60001e+08,
      3.7281654e+08,
      3.6204422e+08,
      5.7581252e+07,
      1.9315995e+08,
      6.768419e+07,
      2.372596e+08,
      2.5548915e+08,
      2.4461659e+08,
      3.8199408e+08,
      5.195606e+08,
      3.0438902e+08,
      2.6624182e+08,
      2.246063e+08,
      1.2891214e+08,
      3.1608733e+08,
      1.4650469e+08,
      2.4020336e+08,
      1.1206987e+08,
      6.637742e+07,
      2.8524304e+07,
      1.5226263e+07,
      2.3752694e+08,
      2.2621536e+08,
      2.6101877e+08,
      1.9031522e+08,
      2.8281357e+08,
      2.2168298e+08,
      1.20481176e+08,
      1.5631717e+08,
      3.1220618e+08,
      2.2791907e+08,
      2.0264395e+08,
      4.7654112e+08,
      2.68921e+08,
      4.1098326e+08,
      4.108538e+08,
      4.1665238e+08,
      4.1694662e+08,
      4.315577e+08,
      4.115134e+08,
      3.774596e+08,
      4.282443e+08,
      4.2493504e+08,
      4.6006947e+08,
      4.199007e+08,
      3.7938458e+08,
      3.683339e+08,
      2.5369332e+06,
      58233.715,
      82199.97,
      36549.164,
      46758.1,
      42723.18,
      28638.707,
      26306.674,
      28848.424,
      85102.43,
      31281.12,
      24687.674,
      24494.736,
      478251.3,
      25694.307,
      30417.092,
      29704.06,
      24612.176,
      39996.883,
      35836.133,
      26222.79,
      36121.348,
      48561.652,
      22791.848,
      30459.035,
      44862.277,
      44358.96,
      28848.424,
      48897.195,
      23211.28,
      54433.676,
      31650.219,
      62990.06,
      37178.312,
      24838.668,
      49132.08,
      93541.37,
      22070.428,
      29041.361,
      81033.95,
      58602.816,
      25174.213,
      23538.434,
      23974.643,
      64902.66,
      56212.062,
      27455.914,
      31272.73,
      21827.158,
      22649.242,
      25098.715,
      124587.61,
      50063.21,
      73408.71,
      23806.87,
      28630.318,
      26734.494,
      131936.03,
      23907.533,
      45113.934,
      172528.5,
      297980.12,
      81335.945,
      52261.027,
      21810.38,
      38403.047,
      49132.08,
      65464.695,
      67343.74,
      37371.25,
      107030.25,
      42983.227,
      50918.85,
      33445.38,
      30551.31,
      412123.94,
      38201.723,
      48368.715,
      140777.62,
      22699.574,
      24922.555,
      32354.861,
      23303.553,
      32128.37,
      31792.824,
      32556.188,
      25551.7,
      21139.293,
      28638.707,
      73475.82,
      168929.78,
      59399.734,
      81822.484
    ],
    "uplinkThroughputBps": [
      3.296148e+08,
      3.2918886e+08,
      3.1456147e+08,
      3.238037e+08,
      3.931013e+08,
      2.5236123e+08,
      3.258772e+08,
      3.2490074e+08,
      3.2199517e+08,
      3.259409e+08,
      3.2181286e+08,
      3.2619197e+08,
      3.2214333e+08,
      3.261319e+08,
      3.2370426e+08,
      3.2408272e+08,
      3.2340058e+08,
      3.2451782e+08,
      3.2665347e+08,
      3.2221104e+08,
      3.2544643e+08,
      3.2388422e+08,
      3.2116134e+08,
      3.0670477e+08,
      3.039471e+08,
      3.640216e+08,
      3.2240774e+08,
      3.2477286e+08,
      3.2195405e+08,
      3.2308675e+08,
      3.242583e+08,
      3.2397274e+08,
      2.4195528e+08,
      70422.37,
      73534.54,
      78299.266,
      63845.695,
      82141.25,
      66714.6,
      72964.11,
      78542.54,
      89330.29,
      74457.28,
      102206.8,
      118665.25,
      73333.21,
      49283.07,
      74046.24,
      75430.36,
      88348.82,
      79129.74,
      61043.902,
      44174.41,
      54936.992,
      66236.445,
      171698.03,
      135207.58,
      234813.92,
      95160.37,
      70573.36,
      74448.9,
      86864.04,
      137883.55,
      56136.566,
      60238.594,
      43427.824,
      65707.97,
      103213.43,
      90320.14,
      149510.16,
      63694.7,
      70195.875,
      73207.38,
      88550.15,
      125048.98,
      81403.055,
      60364.42,
      66211.28,
      64609.06,
      95739.18,
      71286.39,
      69323.45,
      68333.6,
      71001.18,
      37237.03,
      60439.92,
      59986.938,
      48695.87,
      73752.64,
      61689.824,
      58619.594,
      67956.12,
      80027.32,
      62889.395,
      69398.95,
      60590.914,
      54140.074,
      68123.88,
      59433.29,
      44199.574,
      67645.734,
      60767.08,
      58661.535,
      67285.02,
      153276.64,
      68098.72,
      63476.598,
      79716.945,
      96737.43,
      72066.53,
      60624.47,
      65422.754,
      47026.535,
      99430.17,
      117591.51,
      119336.336,
      111744.65,
      121458.66,
      87644.18,
      94271.18,
      78659.98,
      119059.516,
      98893.3,
      287167.22,
      97484.016,
      85362.48,
      125258.695,
      108942.85,
      1.5523488e+07,
      3.2328995e+08,
      3.2516317e+08,
      3.2903107e+08,
      3.2130387e+08,
      3.227451e+08,
      3.255857e+08,
      3.267395e+08,
      3.1982125e+08,
      3.2427837e+08,
      3.297147e+08,
      3.217304e+08,
      3.2303792e+08,
      3.2129635e+08,
      3.2525248e+08,
      3.2289066e+08,
      3.229612e+08,
      3.2326944e+08,
      3.2804758e+08,
      3.2377568e+08,
      3.2375248e+08,
      3.244024e+08,
      3.243272e+08,
      3.2235437e+08,
      3.2402835e+08,
      3.242234e+08,
      3.2498813e+08,
      3.2348576e+08,
      3.2501584e+08,
      3.2132166e+08,
      3.2573462e+08,
      3.2651334e+08,
      3.2061965e+08,
      3.221611e+08,
      3.283419e+08,
      3.2537843e+08,
      3.203527e+08,
      3.251381e+08,
      3.277712e+08,
      3.24346e+08,
      3.2017648e+08,
      3.25131e+08,
      3.2816563e+08,
      3.2131382e+08,
      3.2462195e+08,
      3.2463312e+08,
      3.2363094e+08,
      3.2292272e+08,
      3.2222106e+08,
      3.2583363e+08,
      3.2212595e+08,
      3.2566816e+08,
      3.2243843e+08,
      3.2888054e+08,
      3.195616e+08,
      3.2102173e+08,
      3.283256e+08,
      3.285499e+08,
      3.186927e+08,
      3.2419133e+08,
      3.25951e+08,
      3.208809e+08,
      3.2672538e+08,
      3.270698e+08,
      3.2227664e+08,
      3.219604e+08,
      3.3812016e+08,
      3.0959475e+08,
      3.2845645e+08,
      3.2011514e+08,
      3.249476e+08,
      3.2530006e+08,
      3.2347958e+08,
      3.2274755e+08,
      3.287877e+08,
      2.8137606e+08,
      3.1345286e+08,
      3.7156275e+08,
      3.3004086e+08,
      3.2114352e+08,
      3.2201107e+08,
      3.2467613e+08,
      3.2508973e+08,
      3.2424426e+08,
      3.2103104e+08,
      3.2487434e+08,
      3.4863542e+08,
      3.0013053e+08,
      3.2464637e+08,
      3.229181e+08,
      3.255176e+08,
      3.2380304e+08,
      3.2579386e+08,
      3.238667e+08,
      3.238676e+08,
      3.2769334e+08,
      3.194385e+08,
      3.249652e+08,
      3.2664787e+08,
      3.23653e+08,
      3.2204387e+08,
      3.227432e+08,
      3.2572755e+08,
      3.239722e+08,
      3.2518566e+08,
      3.2205917e+08,
      3.294569e+08,
      3.1714723e+08,
      3.244332e+08,
      3.285225e+08,
      3.212062e+08,
      3.2171514e+08,
      3.2631107e+08,
      3.2517293e+08,
      3.241173e+08,
      3.2344083e+08,
      3.253919e+08,
      3.232131e+08,
      3.2516614e+08,
      3.2070566e+08,
      3.106097e+08,
      97190.414,
      96150.23,
      73635.2,
      98138.33,
      188223.6,
      159299.67,
      4.0440052e+06,
      83416.32,
      109102.234,
      80111.2,
      78215.38,
      112340.24,
      95873.4,
      79364.62,
      48939.14,
      60758.688,
      58535.707,
      72074.92,
      141314.48,
      91318.38,
      55373.203,
      91385.49,
      50264.54,
      102458.46,
      86830.484,
      105016.984,
      86637.55,
      56346.28,
      63359.156,
      71831.65,
      77980.5,
      71437.38,
      59961.77,
      84523.62,
      62822.285,
      103918.08,
      74843.164,
      98180.266,
      63719.867,
      43830.477,
      54391.734,
      91737.82,
      106854.086,
      88642.42,
      108036.88,
      49064.97,
      62369.3,
      67821.9,
      103758.695,
      122423.34,
      38612.76,
      52881.785,
      45977.96,
      72930.555,
      75916.91,
      80648.08,
      48427.434,
      48486.152,
      72947.336,
      61782.098,
      87845.5,
      81629.55,
      85639.3,
      123388.03,
      84607.5,
      61865.984,
      71705.82,
      97307.85,
      73433.875,
      71898.76,
      106082.336,
      63661.145,
      60028.88,
      71957.48,
      21382.562,
      42194.7,
      95193.92,
      17465.082,
      17431.527,
      15451.816,
      9210.691,
      57411.633,
      14629.732,
      14629.732,
      10032.775,
      15552.4795,
      326526.56,
      10536.092,
      22699.574,
      11089.74,
      9839.837,
      15351.152,
      21273.51,
      15317.599,
      14629.732,
      302115.72,
      10913.579,
      14688.452,
      16877.879,
      11710.497,
      15133.049,
      10586.423,
      10586.423,
      20283.654,
      16626.22,
      10032.775,
      14134.805,
      21223.178,
      18253.611,
      13254.001,
      11349.787,
      18731.762,
      386547.06,
      423691.8,
      466448.56,
      408013.5,
      353093.28,
      400816.1,
      455132.3,
      382034,
      435192.6,
      400220.5,
      346894.1,
      497184.4,
      421477.22,
      527081.44,
      466649.88,
      333522.66,
      376271,
      352556.4,
      339788.97,
      304842,
      373150.44,
      400858.03,
      341709.94,
      445586.1,
      680978.8,
      309480.9,
      425797.34,
      451147.72,
      443514.1,
      550083,
      428909.53,
      428112.6,
      425193.38,
      438288,
      402770.62,
      404926.5,
      412199.4,
      402946.78,
      427995.16,
      417693.97,
      391873.8,
      251163.31,
      386094.06,
      344109.1,
      291957.12,
      530453.6,
      390472.94,
      381664.88,
      416653.78,
      391118.84,
      402351.2,
      430671.12,
      340166.44,
      296075.9,
      315059.34,
      370541.6,
      384013.7,
      437482.7,
      507863.1,
      503886.9,
      741611.7,
      380205.28,
      327331.88,
      391613.78,
      385037.1,
      482286.25,
      437038.1,
      500254.62,
      430260.1,
      411528.34,
      358856.25,
      425352.75,
      331450.7,
      360961.8,
      297787.2,
      298164.7,
      381052.53,
      327289.94,
      460794.62,
      339277.25,
      368394.1,
      394793.06,
      364501.78,
      273334.4,
      334554.47,
      334168.6,
      1.2613614e+06,
      483183.8,
      499113.78,
      395665.47,
      431115.72,
      443220.5,
      419329.75,
      383166.44,
      383418.1,
      351591.72,
      375935.47,
      447691.62,
      217525,
      618810.8,
      470592.53,
      364115.9,
      485406.8,
      421686.94,
      423322.72,
      354427.06,
      418339.88,
      399960.44,
      436761.25,
      366657.66,
      397779.4,
      394633.7,
      397787.78,
      470852.56,
      437365.25,
      580281.94,
      471079.06,
      472379.28,
      403534,
      385188.1,
      420437.03,
      482806.34,
      438564.8,
      384785.44,
      481573.22,
      636460.44,
      453832.1,
      322147.72,
      460299.7,
      393853.53,
      292082.94,
      804199.06,
      341340.84,
      390246.44,
      373276.28,
      309724.2,
      360676.6,
      294599.53,
      370038.28,
      148428.03,
      75723.96,
      80278.98,
      98817.805,
      77611.4,
      1.969511e+06,
      2.3064e+07,
      1.0330604e+07,
      7.634858e+06,
      6.4681285e+06,
      7.393199e+06,
      1.0126216e+07,
      1.6094669e+07,
      1.4941755e+07,
      1.2034742e+07,
      1.5417012e+07,
      1.2565405e+07,
      1.1277166e+07,
      1.7655696e+07,
      1.175166e+07,
      1.4669234e+07,
      1.3564572e+07,
      1.4532542e+07,
      1.7438188e+07,
      1.5076828e+07,
      1.6048246e+07,
      1.6043867e+07,
      1.4186218e+07,
      1.7078434e+07,
      1.6141662e+07,
      2.2975264e+07,
      1.7067034e+07,
      1.4725136e+07,
      1.2852799e+07,
      1.2271367e+07,
      1.702864e+07,
      1.2924597e+07,
      9.181868e+06,
      9.680361e+06,
      9.319576e+06,
      6.0354105e+06,
      6.439557e+06,
      8.262569e+06,
      1.1206769e+07,
      8.87555e+06,
      9.141662e+06,
      8.150665e+06,
      5.7043625e+06,
      3.8025308e+06,
      6.789454e+06,
      8.1643635e+06,
      9.700259e+06,
      7.9457145e+06,
      1.2473063e+07,
      1.357307e+07,
      1.6132661e+07,
      1.7139134e+07,
      2.2321994e+07,
      1.4678957e+07,
      1.0746176e+07,
      1.2566202e+07,
      1.3559715e+07,
      1.0960639e+07,
      1.0248673e+07,
      7.5578255e+06,
      3.1710365e+06,
      5.763393e+06,
      8.493331e+06,
      1.6083981e+07,
      1.4807e+07,
      1.247485e+07,
      1.489524e+07,
      1.4141817e+07,
      1.2980675e+07,
      9.912575e+06,
      9.767007e+06,
      1.2184193e+07,
      1.26102e+07,
      9.875657e+06,
      5.802308e+06,
      1.0500868e+07,
      1.0354302e+07,
      8.579994e+06,
      6.189803e+06,
      1.6103158e+07,
      9.216446e+06,
      1.03261e+07,
      6.771729e+06,
      5.3419495e+06,
      3.3510895e+06,
      3.5571052e+06,
      1.1943868e+06,
      749270.44,
      3.00084e+06,
      8.481394e+06,
      4.4234135e+06,
      2.8818895e+06,
      523499.47,
      1.3841874e+06,
      1.8556608e+06,
      3.3618772e+06,
      2.8449378e+06,
      1.7661459e+06,
      3.4445302e+06,
      1.1112137e+07,
      5.049338e+06,
      4.0886578e+06,
      3.6812232e+06,
      2.0743518e+06,
      6.805409e+06,
      8.1569565e+06,
      4.6101525e+06,
      1.2886269e+07,
      2.0315916e+07,
      1.8031472e+07,
      1.5755827e+07,
      1.0087662e+07,
      6.659204e+06,
      6.349497e+06,
      9.712808e+06,
      1.8854168e+07,
      1.5844772e+07,
      1.6686544e+07,
      1.4672791e+07,
      1.7855772e+07,
      1.557127e+07,
      8.2894045e+06,
      72846.67,
      94690.61,
      59525.562,
      86947.92,
      74306.29,
      72200.75,
      94816.44,
      61144.562,
      87770.01,
      65305.312,
      81294,
      102366.18,
      212466.66,
      77460.41,
      74021.08,
      75178.7,
      107609.06,
      336089.6,
      90513.08,
      80622.914,
      55255.76,
      69390.56,
      165087.81,
      102282.3,
      54953.77,
      57118.03,
      65691.19,
      79180.07,
      83827.36,
      82275.47,
      80102.82,
      49786.387,
      59584.28,
      80203.484,
      92224.36,
      89766.49,
      40475.035,
      45332.04,
      54827.94,
      78567.7,
      112684.17,
      72947.336,
      193365.8,
      104840.82,
      37815.844,
      99774.1,
      95269.42,
      81965.086,
      80731.96,
      55616.473,
      65749.91,
      68794.98,
      92224.36,
      70179.09,
      52470.742,
      62620.957,
      38444.992,
      65540.195,
      79834.38,
      80220.26,
      74281.125,
      66362.28,
      79851.16,
      60557.36,
      65129.152,
      59953.383,
      56505.664,
      73886.86,
      54383.344,
      57176.754,
      70439.14,
      69650.61,
      70749.52,
      65984.79,
      69046.63,
      68652.37,
      67712.84,
      73316.44,
      70472.695,
      74247.57,
      60137.93,
      49593.45,
      61454.94,
      57252.25,
      41171.29,
      40365.98,
      65582.14,
      62436.41,
      63476.598,
      56748.934,
      76738.984,
      83911.24,
      65103.99,
      61714.99,
      62721.62,
      79322.68,
      50751.08,
      65036.88,
      69910.66,
      57436.8,
      85236.65,
      66790.09,
      64105.742,
      65833.8,
      74146.91,
      67771.56,
      134653.94,
      142774.11,
      49316.625,
      49316.625,
      81856.04,
      50851.742,
      60037.266,
      61454.94,
      64651,
      72569.85,
      66504.88,
      72183.97,
      70002.94,
      63921.19,
      81394.664,
      122599.51,
      63132.664,
      66496.49,
      74247.57,
      63250.105,
      48301.605,
      12398.362,
      84146.125,
      61882.76,
      71663.875,
      72318.19,
      68769.805,
      67444.41,
      61194.895,
      67721.234,
      43536.875,
      56589.55,
      76437,
      67662.516,
      67628.96,
      52898.562,
      88130.72,
      59441.676,
      50566.527,
      83223.38,
      62730.01,
      62906.17,
      62478.35,
      77141.64,
      73442.266,
      68467.82,
      63107.496,
      83005.27,
      66085.45,
      63837.31,
      68207.77,
      79557.555,
      45961.184,
      51615.105,
      82527.125,
      61740.156,
      53578.04,
      61748.543,
      64013.47,
      64894.273,
      32388.416,
      82787.17,
      72200.75,
      64894.273,
      91024.79,
      72225.914,
      60003.715,
      61111.008,
      63182.996,
      120754.016,
      61966.65,
      50700.746,
      686909.56,
      64013.47,
      84196.46,
      79918.266,
      92165.63,
      64885.883,
      112499.625,
      8.602244e+07,
      3.2424102e+08,
      3.2676355e+08,
      3.1856157e+08,
      3.2777626e+08,
      3.2093795e+08,
      3.2520378e+08,
      3.2570778e+08,
      3.2315126e+08,
      3.238554e+08,
      3.2430848e+08,
      3.205971e+08,
      3.2753757e+08,
      3.2393824e+08,
      3.2400752e+08,
      3.2464093e+08,
      3.2409062e+08,
      3.2736048e+08,
      3.2194355e+08,
      3.2257597e+08,
      3.23206e+08,
      3.2406336e+08,
      3.2392973e+08,
      3.3071664e+08,
      3.177073e+08,
      3.2451168e+08,
      3.253326e+08,
      3.2249696e+08,
      3.2490314e+08,
      3.2380954e+08,
      3.2104963e+08,
      3.2739318e+08,
      3.2014925e+08,
      3.2679274e+08,
      3.249633e+08,
      3.249537e+08,
      3.2130406e+08,
      3.258582e+08,
      3.2655798e+08,
      3.21247e+08,
      3.2505296e+08,
      3.2361776e+08,
      3.246307e+08,
      3.2460947e+08,
      3.271783e+08,
      3.222992e+08,
      3.2316195e+08,
      3.2218122e+08,
      3.2917894e+08,
      3.2422746e+08,
      3.2016794e+08,
      3.2363024e+08,
      3.286792e+08,
      3.223361e+08,
      3.2142038e+08,
      3.2328195e+08,
      3.3074224e+08,
      3.226327e+08,
      3.2420173e+08,
      3.203659e+08,
      3.237979e+08,
      3.2554544e+08,
      3.2837165e+08,
      3.215827e+08,
      3.2339488e+08,
      3.21472e+08,
      3.2848054e+08,
      3.2409222e+08,
      3.2352144e+08,
      3.2025062e+08,
      4.0019418e+08,
      2.4784619e+08,
      3.2289002e+08,
      3.2614858e+08,
      3.233871e+08,
      3.2393104e+08,
      3.2270982e+08,
      3.2419216e+08,
      3.2365267e+08,
      3.2445462e+08,
      3.257747e+08,
      3.231187e+08,
      3.2977075e+08,
      3.1743654e+08,
      3.296024e+08,
      3.2215894e+08,
      3.2237862e+08,
      3.2394e+08
    ],
    "outages": [
      {
        "cause": "BOOTING",
        "startTimestampNs": "1400966258979737311",
        "durationNs": "276421040680",
        "didSwitch": false
      },
      {
        "cause": "NO_SCHEDULE",
        "startTimestampNs": "1400966535780690220",
        "durationNs": "9620056390",
        "didSwitch": false
      },
      {
        "cause": "NO_PINGS",
        "startTimestampNs": "1400966545460567945",
        "durationNs": "6040303363",
        "didSwitch": false
      },
      {
        "cause": "NO_DOWNLINK",
        "startTimestampNs": "1400967156780664071",
        "durationNs": "1040055924",
        "didSwitch": true
      },
      {
        "cause": "OBSTRUCTED",
        "startTimestampNs": "1400967174680799011",
        "durationNs": "499972402",
        "didSwitch": true
      },
      {
        "cause": "NO_DOWNLINK",
        "startTimestampNs": "1400967350840710370",
        "durationNs": "879961243",
        "didSwitch": true
      },
      {
        "cause": "NO_DOWNLINK",
        "startTimestampNs": "1400967392540766095",
        "durationNs": "879962424",
        "didSwitch": true
      },
      {
        "cause": "NO_DOWNLINK",
        "startTimestampNs": "1400967764040770283",
        "durationNs": "499995476",
        "didSwitch": true
      },
      {
        "cause": "NO_DOWNLINK",
        "startTimestampNs": "1400967838120840807",
        "durationNs": "719950061",
        "didSwitch": true
      },
      {
        "cause": "NO_DOWNLINK",
        "startTimestampNs": "1400967978360704548",
        "durationNs": "640135585",
        "didSwitch": true
      },
      {
        "cause": "OBSTRUCTED",
        "startTimestampNs": "1400968093860713921",
        "durationNs": "1000014453",
        "didSwitch": true
      }
    ]
  }
}
End time: 1716932962145
