Start time: 1716920996323
[2024-05-28 14:30:23.055035] Connecting to host 35.245.244.238, port 5201
[2024-05-28 14:30:23.056594] Reverse mode, remote host 35.245.244.238 is sending
[2024-05-28 14:30:23.056735] [  5] local 100.127.85.72 port 36439 connected to 35.245.244.238 port 5201
[2024-05-28 14:30:23.056846] [ ID] Interval           Transfer     Bitrate         Jitter    Lost/Total Datagrams
[2024-05-28 14:30:23.056955] [  5]   0.00-0.50   sec  1.47 MBytes  24.6 Mbits/sec  0.325 ms  992863/993963 (1e+02%)  
[2024-05-28 14:30:23.057057] [  5]   0.50-1.00   sec  1.29 MBytes  21.6 Mbits/sec  0.366 ms  -966/0 (0%)  
[2024-05-28 14:30:23.057157] [  5]   1.00-1.50   sec   718 KBytes  11.8 Mbits/sec  0.764 ms  -525/0 (0%)  
[2024-05-28 14:30:23.057255] [  5]   1.50-2.00   sec   756 KBytes  12.4 Mbits/sec  0.926 ms  -553/0 (0%)  
[2024-05-28 14:30:23.057351] [  5]   2.00-2.50   sec  1.27 MBytes  21.3 Mbits/sec  0.485 ms  -951/0 (0%)  
[2024-05-28 14:30:23.057446] [  5]   2.50-3.00   sec  1.27 MBytes  21.3 Mbits/sec  0.811 ms  -953/0 (0%)  
[2024-05-28 14:30:23.057543] [  5]   3.00-3.50   sec  1.23 MBytes  20.6 Mbits/sec  0.562 ms  -919/0 (0%)  
[2024-05-28 14:30:23.057731] [  5]   3.50-4.00   sec  1.15 MBytes  19.4 Mbits/sec  0.497 ms  -865/0 (0%)  
[2024-05-28 14:30:23.057840] [  5]   4.00-4.50   sec  1.13 MBytes  18.9 Mbits/sec  0.458 ms  -844/0 (0%)  
[2024-05-28 14:30:23.057938] [  5]   4.50-5.00   sec  1.11 MBytes  18.6 Mbits/sec  0.389 ms  -829/0 (0%)  
[2024-05-28 14:30:23.058040] [  5]   5.00-5.50   sec  1006 KBytes  16.5 Mbits/sec  0.711 ms  -736/0 (0%)  
[2024-05-28 14:30:23.058139] [  5]   5.50-6.00   sec  1.04 MBytes  17.5 Mbits/sec  0.699 ms  -782/0 (0%)  
[2024-05-28 14:30:23.058238] [  5]   6.00-6.50   sec   794 KBytes  13.0 Mbits/sec  0.426 ms  -581/0 (0%)  
[2024-05-28 14:30:23.058335] [  5]   6.50-7.00   sec  1.31 MBytes  22.0 Mbits/sec  0.969 ms  -982/0 (0%)  
[2024-05-28 14:30:23.058435] [  5]   7.00-7.50   sec  1.37 MBytes  23.0 Mbits/sec  0.521 ms  -1028/0 (0%)  
[2024-05-28 14:30:23.058532] [  5]   7.50-8.00   sec  1.25 MBytes  21.0 Mbits/sec  0.819 ms  -939/0 (0%)  
[2024-05-28 14:30:23.058626] [  5]   8.00-8.50   sec   961 KBytes  15.7 Mbits/sec  0.413 ms  -703/0 (0%)  
[2024-05-28 14:30:23.058722] [  5]   8.50-9.00   sec   833 KBytes  13.6 Mbits/sec  0.850 ms  -609/0 (0%)  
[2024-05-28 14:30:23.058818] [  5]   9.00-9.50   sec   723 KBytes  11.8 Mbits/sec  1.042 ms  -529/0 (0%)  
[2024-05-28 14:30:23.058913] [  5]   9.50-10.00  sec   730 KBytes  12.0 Mbits/sec  0.765 ms  -534/0 (0%)  
[2024-05-28 14:30:23.059007] [  5]  10.00-10.50  sec  1.06 MBytes  17.7 Mbits/sec  0.416 ms  -792/0 (0%)  
[2024-05-28 14:30:23.059102] [  5]  10.50-11.00  sec  1.09 MBytes  18.4 Mbits/sec  0.467 ms  -820/0 (0%)  
[2024-05-28 14:30:23.059198] [  5]  11.00-11.50  sec  1.08 MBytes  18.1 Mbits/sec  0.333 ms  -808/0 (0%)  
[2024-05-28 14:30:23.059293] [  5]  11.50-12.00  sec  1.17 MBytes  19.7 Mbits/sec  0.478 ms  -880/0 (0%)  
[2024-05-28 14:30:23.059388] [  5]  12.00-12.50  sec  1.16 MBytes  19.5 Mbits/sec  0.295 ms  -869/0 (0%)  
[2024-05-28 14:30:23.059482] [  5]  12.50-13.00  sec  1.07 MBytes  17.9 Mbits/sec  0.733 ms  -799/0 (0%)  
[2024-05-28 14:30:23.059577] [  5]  13.00-13.50  sec  1.06 MBytes  17.8 Mbits/sec  0.600 ms  -796/0 (0%)  
[2024-05-28 14:30:23.059671] [  5]  13.50-14.00  sec   874 KBytes  14.3 Mbits/sec  0.977 ms  -639/0 (0%)  
[2024-05-28 14:30:23.059766] [  5]  14.00-14.50  sec   619 KBytes  10.1 Mbits/sec  1.067 ms  -453/0 (0%)  
[2024-05-28 14:30:23.059862] [  5]  14.50-15.00  sec   651 KBytes  10.7 Mbits/sec  2.881 ms  -476/0 (0%)  
[2024-05-28 14:30:23.059956] [  5]  15.00-15.50  sec   771 KBytes  12.6 Mbits/sec  1.195 ms  -564/0 (0%)  
[2024-05-28 14:30:23.060050] [  5]  15.50-16.00  sec  1.13 MBytes  19.0 Mbits/sec  1.754 ms  -850/0 (0%)  
[2024-05-28 14:30:23.060144] [  5]  16.00-16.50  sec  1.17 MBytes  19.7 Mbits/sec  0.444 ms  -880/0 (0%)  
[2024-05-28 14:30:23.060240] [  5]  16.50-17.00  sec  1.01 MBytes  16.9 Mbits/sec  3.806 ms  -755/0 (0%)  
[2024-05-28 14:30:23.060438] [  5]  17.00-17.50  sec  1.15 MBytes  19.2 Mbits/sec  0.713 ms  -858/0 (0%)  
[2024-05-28 14:30:23.060572] [  5]  17.50-18.00  sec  1.05 MBytes  17.6 Mbits/sec  0.452 ms  -786/0 (0%)  
[2024-05-28 14:30:23.060674] [  5]  18.00-18.50  sec  1.22 MBytes  20.4 Mbits/sec  1.399 ms  -912/0 (0%)  
[2024-05-28 14:30:23.060773] [  5]  18.50-19.00  sec  1.45 MBytes  24.4 Mbits/sec  1.136 ms  -1088/0 (0%)  
[2024-05-28 14:30:23.060868] [  5]  19.00-19.50  sec  1.38 MBytes  23.1 Mbits/sec  0.958 ms  -1033/0 (0%)  
[2024-05-28 14:30:23.061051] [  5]  19.50-20.00  sec  1.49 MBytes  24.9 Mbits/sec  0.457 ms  -1113/0 (0%)  
[2024-05-28 14:30:23.061145] [  5]  20.00-20.50  sec  1.39 MBytes  23.3 Mbits/sec  1.273 ms  -1042/0 (0%)  
[2024-05-28 14:30:23.061239] [  5]  20.50-21.00  sec  1.14 MBytes  19.1 Mbits/sec  2.407 ms  -853/0 (0%)  
[2024-05-28 14:30:23.061334] [  5]  21.00-21.50  sec  1.29 MBytes  21.7 Mbits/sec  0.346 ms  -968/0 (0%)  
[2024-05-28 14:30:23.061429] [  5]  21.50-22.00  sec  1.29 MBytes  21.6 Mbits/sec  0.606 ms  -964/0 (0%)  
[2024-05-28 14:30:23.061526] [  5]  22.00-22.50  sec  1.05 MBytes  17.7 Mbits/sec  1.528 ms  -790/0 (0%)  
[2024-05-28 14:30:23.061706] [  5]  22.50-23.00  sec   666 KBytes  10.9 Mbits/sec  1.762 ms  -487/0 (0%)  
[2024-05-28 14:30:23.061803] [  5]  23.00-23.50  sec  1.00 MBytes  16.8 Mbits/sec  1.000 ms  -752/0 (0%)  
[2024-05-28 14:30:23.061876] [  5]  23.50-24.00  sec  1.13 MBytes  19.0 Mbits/sec  1.963 ms  -850/0 (0%)  
[2024-05-28 14:30:23.061948] [  5]  24.00-24.50  sec  1.17 MBytes  19.6 Mbits/sec  0.592 ms  -875/0 (0%)  
[2024-05-28 14:30:48.055098] [  5]  24.50-25.00  sec  1.20 MBytes  20.2 Mbits/sec  0.439 ms  -901/0 (0%)  
[2024-05-28 14:30:48.055650] [  5]  25.00-25.50  sec  1.07 MBytes  18.0 Mbits/sec  0.959 ms  -803/0 (0%)  
[2024-05-28 14:30:48.055794] [  5]  25.50-26.00  sec   975 KBytes  16.0 Mbits/sec  0.867 ms  -713/0 (0%)  
[2024-05-28 14:30:48.055909] [  5]  26.00-26.50  sec  1.21 MBytes  20.3 Mbits/sec  3.217 ms  -905/0 (0%)  
[2024-05-28 14:30:48.056021] [  5]  26.50-27.00  sec   999 KBytes  16.4 Mbits/sec  1.140 ms  -731/0 (0%)  
[2024-05-28 14:30:48.056124] [  5]  27.00-27.50  sec   965 KBytes  15.8 Mbits/sec  1.238 ms  -706/0 (0%)  
[2024-05-28 14:30:48.056223] [  5]  27.50-28.00  sec  1.02 MBytes  17.2 Mbits/sec  0.682 ms  -767/0 (0%)  
[2024-05-28 14:30:48.056323] [  5]  28.00-28.50  sec  1.34 MBytes  22.4 Mbits/sec  0.575 ms  -1002/0 (0%)  
[2024-05-28 14:30:48.056420] [  5]  28.50-29.00  sec  1.32 MBytes  22.2 Mbits/sec  1.782 ms  -989/0 (0%)  
[2024-05-28 14:30:48.056519] [  5]  29.00-29.50  sec  1.22 MBytes  20.5 Mbits/sec  0.442 ms  -914/0 (0%)  
[2024-05-28 14:30:48.056619] [  5]  29.50-30.00  sec  1.23 MBytes  20.6 Mbits/sec  0.576 ms  -918/0 (0%)  
[2024-05-28 14:30:48.056719] [  5]  30.00-30.50  sec  1.22 MBytes  20.5 Mbits/sec  0.532 ms  -914/0 (0%)  
[2024-05-28 14:30:48.056818] [  5]  30.50-31.00  sec  1.18 MBytes  19.8 Mbits/sec  1.207 ms  -884/0 (0%)  
[2024-05-28 14:30:48.056914] [  5]  31.00-31.50  sec  1.24 MBytes  20.8 Mbits/sec  0.769 ms  -928/0 (0%)  
[2024-05-28 14:30:48.057012] [  5]  31.50-32.00  sec  1.20 MBytes  20.2 Mbits/sec  1.440 ms  -902/0 (0%)  
[2024-05-28 14:30:48.057110] [  5]  32.00-32.50  sec  1.34 MBytes  22.6 Mbits/sec  0.540 ms  -1007/0 (0%)  
[2024-05-28 14:30:48.057208] [  5]  32.50-33.00  sec  1.32 MBytes  22.2 Mbits/sec  1.081 ms  -991/0 (0%)  
[2024-05-28 14:30:48.057305] [  5]  33.00-33.50  sec  1.22 MBytes  20.5 Mbits/sec  0.523 ms  -916/0 (0%)  
[2024-05-28 14:30:48.057402] [  5]  33.50-34.00  sec  1.24 MBytes  20.7 Mbits/sec  0.703 ms  -926/0 (0%)  
[2024-05-28 14:30:48.057503] [  5]  34.00-34.50  sec   692 KBytes  11.3 Mbits/sec  2.550 ms  -506/0 (0%)  
[2024-05-28 14:30:48.057598] [  5]  34.50-35.00  sec   654 KBytes  10.7 Mbits/sec  1.082 ms  -478/0 (0%)  
[2024-05-28 14:30:48.057809] [  5]  35.00-35.50  sec   783 KBytes  12.8 Mbits/sec  1.187 ms  4924/5497 (90%)  
[2024-05-28 14:30:48.057915] [  5]  35.50-36.00  sec   772 KBytes  12.7 Mbits/sec  0.637 ms  10651/11216 (95%)  
[2024-05-28 14:30:48.058014] [  5]  36.00-36.50  sec  1.18 MBytes  19.8 Mbits/sec  3.274 ms  21362/22245 (96%)  
[2024-05-28 14:30:48.058153] [  5]  36.50-37.00  sec  1.18 MBytes  19.8 Mbits/sec  0.485 ms  17073/17958 (95%)  
[2024-05-28 14:30:48.058258] [  5]  37.00-37.50  sec  1.20 MBytes  20.2 Mbits/sec  0.705 ms  39660/40560 (98%)  
[2024-05-28 14:30:48.058360] [  5]  37.50-38.00  sec  1016 KBytes  16.6 Mbits/sec  1.189 ms  19703/20446 (96%)  
[2024-05-28 14:30:48.058459] [  5]  38.00-38.50  sec  1.14 MBytes  19.2 Mbits/sec  1.254 ms  21088/21944 (96%)  
[2024-05-28 14:30:48.058559] [  5]  38.50-39.00  sec  1.13 MBytes  19.0 Mbits/sec  1.835 ms  19306/20155 (96%)  
[2024-05-28 14:30:48.058654] [  5]  39.00-39.50  sec   612 KBytes  10.0 Mbits/sec  1.215 ms  10710/11158 (96%)  
[2024-05-28 14:30:48.058757] [  5]  39.50-40.00  sec   648 KBytes  10.6 Mbits/sec  1.898 ms  12866/13340 (96%)  
[2024-05-28 14:30:48.058855] [  5]  40.00-40.50  sec   544 KBytes  8.91 Mbits/sec  1.729 ms  10805/11203 (96%)  
[2024-05-28 14:30:48.058950] [  5]  40.50-41.00  sec   860 KBytes  14.1 Mbits/sec  2.904 ms  17162/17791 (96%)  
[2024-05-28 14:30:48.059046] [  5]  41.00-41.50  sec   906 KBytes  14.8 Mbits/sec  1.158 ms  17289/17952 (96%)  
[2024-05-28 14:30:48.059142] [  5]  41.50-42.00  sec  1.06 MBytes  17.8 Mbits/sec  1.256 ms  21454/22249 (96%)  
[2024-05-28 14:30:48.059238] [  5]  42.00-42.50  sec  1.31 MBytes  22.0 Mbits/sec  0.405 ms  28516/29500 (97%)  
[2024-05-28 14:30:48.059335] [  5]  42.50-43.00  sec  1.21 MBytes  20.3 Mbits/sec  1.135 ms  28069/28975 (97%)  
[2024-05-28 14:30:48.059430] [  5]  43.00-43.50  sec  1.03 MBytes  17.2 Mbits/sec  0.475 ms  14932/15702 (95%)  
[2024-05-28 14:30:48.059529] [  5]  43.50-44.00  sec  1.06 MBytes  17.9 Mbits/sec  2.138 ms  17074/17871 (96%)  
[2024-05-28 14:30:48.059625] [  5]  44.00-44.50  sec   857 KBytes  14.0 Mbits/sec  1.382 ms  14911/15538 (96%)  
[2024-05-28 14:30:48.059723] [  5]  44.50-45.00  sec   900 KBytes  14.7 Mbits/sec  0.912 ms  15008/15666 (96%)  
[2024-05-28 14:30:48.059821] [  5]  45.00-45.50  sec   906 KBytes  14.8 Mbits/sec  0.763 ms  14988/15651 (96%)  
[2024-05-28 14:30:48.059920] [  5]  45.50-46.00  sec   797 KBytes  13.1 Mbits/sec  1.773 ms  15322/15905 (96%)  
[2024-05-28 14:30:48.060016] [  5]  46.00-46.50  sec  1.03 MBytes  17.3 Mbits/sec  0.874 ms  16776/17550 (96%)  
[2024-05-28 14:30:48.060114] [  5]  46.50-47.00  sec  1.09 MBytes  18.2 Mbits/sec  0.525 ms  19269/20083 (96%)  
[2024-05-28 14:30:48.060210] [  5]  47.00-47.50  sec  1.14 MBytes  19.1 Mbits/sec  2.541 ms  21418/22270 (96%)  
[2024-05-28 14:30:48.060304] [  5]  47.50-48.00  sec  1.11 MBytes  18.7 Mbits/sec  1.216 ms  19274/20108 (96%)  
[2024-05-28 14:30:48.060400] [  5]  48.00-48.50  sec  1.06 MBytes  17.8 Mbits/sec  1.240 ms  17106/17902 (96%)  
[2024-05-28 14:30:48.060497] [  5]  48.50-49.00  sec  1.07 MBytes  18.0 Mbits/sec  1.102 ms  17031/17834 (95%)  
[2024-05-28 14:30:48.060595] [  5]  49.00-49.50  sec   809 KBytes  13.3 Mbits/sec  0.818 ms  12796/13388 (96%)  
[2024-05-28 14:31:12.554590] [  5]  49.50-50.00  sec  1.20 MBytes  20.1 Mbits/sec  1.378 ms  21400/22299 (96%)  
[2024-05-28 14:31:12.555047] [  5]  50.00-50.50  sec  1.16 MBytes  19.4 Mbits/sec  0.434 ms  19255/20123 (96%)  
[2024-05-28 14:31:12.555191] [  5]  50.50-51.00  sec  1.05 MBytes  17.6 Mbits/sec  0.949 ms  32687/33471 (98%)  
[2024-05-28 14:31:12.555304] [  5]  51.00-51.50  sec   608 KBytes  9.97 Mbits/sec  1.108 ms  21877/22322 (98%)  
[2024-05-28 14:31:12.555406] [  5]  51.50-52.00  sec   589 KBytes  9.66 Mbits/sec  0.513 ms  12987/13418 (97%)  
[2024-05-28 14:31:12.555509] [  5]  52.00-52.50  sec  1.20 MBytes  20.2 Mbits/sec  0.403 ms  30709/31611 (97%)  
[2024-05-28 14:31:12.555608] [  5]  52.50-53.00  sec  1.21 MBytes  20.3 Mbits/sec  1.180 ms  21024/21929 (96%)  
[2024-05-28 14:31:12.555706] [  5]  53.00-53.50  sec  1.20 MBytes  20.1 Mbits/sec  0.573 ms  21451/22348 (96%)  
[2024-05-28 14:31:12.555804] [  5]  53.50-54.00  sec   973 KBytes  15.9 Mbits/sec  0.854 ms  17166/17878 (96%)  
[2024-05-28 14:31:12.555900] [  5]  54.00-54.50  sec   674 KBytes  11.0 Mbits/sec  1.005 ms  15539/16032 (97%)  
[2024-05-28 14:31:12.556036] [  5]  54.50-55.00  sec   574 KBytes  9.41 Mbits/sec  1.287 ms  10768/11188 (96%)  
[2024-05-28 14:31:12.556137] [  5]  55.00-55.50  sec  1.28 MBytes  21.4 Mbits/sec  0.650 ms  23572/24527 (96%)  
[2024-05-28 14:31:12.556233] [  5]  55.50-56.00  sec  1.19 MBytes  20.0 Mbits/sec  2.300 ms  37014/37907 (98%)  
[2024-05-28 14:31:12.556330] [  5]  56.00-56.50  sec  1.18 MBytes  19.9 Mbits/sec  0.877 ms  42814/43701 (98%)  
[2024-05-28 14:31:12.556427] [  5]  56.50-57.00  sec  1.31 MBytes  22.0 Mbits/sec  1.080 ms  30341/31321 (97%)  
[2024-05-28 14:31:12.556523] [  5]  57.00-57.50  sec  1.24 MBytes  20.9 Mbits/sec  0.973 ms  28557/29488 (97%)  
[2024-05-28 14:31:12.556617] [  5]  57.50-58.00  sec  1.32 MBytes  22.1 Mbits/sec  0.371 ms  20918/21904 (95%)  
[2024-05-28 14:31:12.556712] [  5]  58.00-58.50  sec  1.28 MBytes  21.4 Mbits/sec  1.584 ms  23529/24484 (96%)  
[2024-05-28 14:31:12.556807] [  5]  58.50-59.00  sec  1.16 MBytes  19.4 Mbits/sec  0.966 ms  23726/24593 (96%)  
[2024-05-28 14:31:12.556901] [  5]  59.00-59.50  sec  1.24 MBytes  20.7 Mbits/sec  3.337 ms  28849/29774 (97%)  
[2024-05-28 14:31:12.557000] [  5]  59.50-60.00  sec  1.28 MBytes  21.4 Mbits/sec  0.456 ms  28110/29066 (97%)  
[2024-05-28 14:31:12.557094] [  5]  60.00-60.50  sec   954 KBytes  15.6 Mbits/sec  0.710 ms  23495/24193 (97%)  
[2024-05-28 14:31:12.557189] [  5]  60.50-61.00  sec  1.05 MBytes  17.7 Mbits/sec  0.522 ms  28236/29024 (97%)  
[2024-05-28 14:31:12.557284] [  5]  61.00-61.50  sec   830 KBytes  13.6 Mbits/sec  1.152 ms  17220/17827 (97%)  
[2024-05-28 14:31:12.557379] [  5]  61.50-62.00  sec   890 KBytes  14.6 Mbits/sec  2.209 ms  19417/20068 (97%)  
[2024-05-28 14:31:12.557475] [  5]  62.00-62.50  sec  1005 KBytes  16.5 Mbits/sec  0.810 ms  17168/17903 (96%)  
[2024-05-28 14:31:12.557573] [  5]  62.50-63.00  sec  1004 KBytes  16.4 Mbits/sec  1.962 ms  19328/20062 (96%)  
[2024-05-28 14:31:12.557726] [  5]  63.00-63.50  sec  1021 KBytes  16.7 Mbits/sec  1.619 ms  19336/20083 (96%)  
[2024-05-28 14:31:12.557829] [  5]  63.50-64.00  sec  1.03 MBytes  17.4 Mbits/sec  0.571 ms  19357/20132 (96%)  
[2024-05-28 14:31:12.557928] [  5]  64.00-64.50  sec  1.07 MBytes  17.9 Mbits/sec  0.772 ms  28197/28996 (97%)  
[2024-05-28 14:31:12.558026] [  5]  64.50-65.00  sec  1.19 MBytes  19.9 Mbits/sec  0.438 ms  21470/22358 (96%)  
[2024-05-28 14:31:12.558120] [  5]  65.00-65.50  sec  1.09 MBytes  18.3 Mbits/sec  1.529 ms  21454/22269 (96%)  
[2024-05-28 14:31:12.558215] [  5]  65.50-66.00  sec  1.03 MBytes  17.3 Mbits/sec  2.206 ms  19320/20093 (96%)  
[2024-05-28 14:31:12.558312] [  5]  66.00-66.50  sec   595 KBytes  9.74 Mbits/sec  1.912 ms  15189/15624 (97%)  
[2024-05-28 14:31:12.558405] [  5]  66.50-67.00  sec  1.04 MBytes  17.5 Mbits/sec  0.821 ms  37209/37990 (98%)  
[2024-05-28 14:31:12.558499] [  5]  67.00-67.50  sec   967 KBytes  15.8 Mbits/sec  0.706 ms  17162/17869 (96%)  
[2024-05-28 14:31:12.558595] [  5]  67.50-68.00  sec   666 KBytes  10.9 Mbits/sec  1.773 ms  12846/13333 (96%)  
[2024-05-28 14:31:12.558690] [  5]  68.00-68.50  sec  1.05 MBytes  17.7 Mbits/sec  0.464 ms  17112/17901 (96%)  
[2024-05-28 14:31:12.558785] [  5]  68.50-69.00  sec  1.08 MBytes  18.1 Mbits/sec  0.437 ms  19301/20109 (96%)  
[2024-05-28 14:31:12.558878] [  5]  69.00-69.50  sec  1.07 MBytes  17.9 Mbits/sec  0.996 ms  28523/29323 (97%)  
[2024-05-28 14:31:12.558973] [  5]  69.50-70.00  sec  1.10 MBytes  18.5 Mbits/sec  0.509 ms  36811/37637 (98%)  
[2024-05-28 14:31:12.559067] [  5]  70.00-70.50  sec  1.05 MBytes  17.5 Mbits/sec  2.220 ms  19233/20016 (96%)  
[2024-05-28 14:31:12.559166] [  5]  70.50-71.00  sec  1.01 MBytes  16.9 Mbits/sec  0.495 ms  14938/15692 (95%)  
[2024-05-28 14:31:12.559261] [  5]  71.00-71.50  sec  1.16 MBytes  19.5 Mbits/sec  0.797 ms  23641/24511 (96%)  
[2024-05-28 14:31:12.559355] [  5]  71.50-72.00  sec  1.17 MBytes  19.7 Mbits/sec  1.218 ms  19213/20093 (96%)  
[2024-05-28 14:31:12.559448] [  5]  72.00-72.50  sec  1013 KBytes  16.6 Mbits/sec  1.316 ms  17117/17858 (96%)  
[2024-05-28 14:31:12.559544] [  5]  72.50-73.00  sec   953 KBytes  15.6 Mbits/sec  0.684 ms  14951/15648 (96%)  
[2024-05-28 14:31:12.559656] [  5]  73.00-73.50  sec  1.00 MBytes  16.8 Mbits/sec  1.543 ms  17031/17782 (96%)  
[2024-05-28 14:31:12.559753] [  5]  73.50-74.00  sec   848 KBytes  13.9 Mbits/sec  0.721 ms  12851/13471 (95%)  
[2024-05-28 14:31:36.555118] [  5]  74.00-74.50  sec   841 KBytes  13.8 Mbits/sec  1.364 ms  14973/15588 (96%)  
[2024-05-28 14:31:36.555617] [  5]  74.50-75.00  sec  1.19 MBytes  20.0 Mbits/sec  0.553 ms  21478/22373 (96%)  
[2024-05-28 14:31:36.555762] [  5]  75.00-75.50  sec  1.29 MBytes  21.6 Mbits/sec  3.600 ms  23515/24481 (96%)  
[2024-05-28 14:31:36.555875] [  5]  75.50-76.00  sec  1.32 MBytes  22.2 Mbits/sec  0.891 ms  21412/22403 (96%)  
[2024-05-28 14:31:36.555976] [  5]  76.00-76.50  sec  1.02 MBytes  17.2 Mbits/sec  0.779 ms  23804/24571 (97%)  
[2024-05-28 14:31:36.556079] [  5]  76.50-77.00  sec   570 KBytes  9.34 Mbits/sec  2.522 ms  12880/13297 (97%)  
[2024-05-28 14:31:36.556177] [  5]  77.00-77.50  sec  1.11 MBytes  18.5 Mbits/sec  2.428 ms  30433/31261 (97%)  
[2024-05-28 14:31:36.556275] [  5]  77.50-78.00  sec  1.21 MBytes  20.2 Mbits/sec  0.589 ms  25921/26825 (97%)  
[2024-05-28 14:31:36.556380] [  5]  78.00-78.50  sec   969 KBytes  15.9 Mbits/sec  0.664 ms  21609/22318 (97%)  
[2024-05-28 14:31:36.556484] [  5]  78.50-79.00  sec  1.22 MBytes  20.5 Mbits/sec  1.060 ms  25861/26775 (97%)  
[2024-05-28 14:31:36.556588] [  5]  79.00-79.50  sec  1.12 MBytes  18.8 Mbits/sec  1.617 ms  23697/24537 (97%)  
[2024-05-28 14:31:36.556688] [  5]  79.50-80.00  sec  1.07 MBytes  18.0 Mbits/sec  0.678 ms  21541/22346 (96%)  
[2024-05-28 14:31:36.556787] [  5]  80.00-80.50  sec   540 KBytes  8.85 Mbits/sec  3.723 ms  10729/11124 (96%)  
[2024-05-28 14:31:36.556889] [  5]  80.50-81.00  sec   685 KBytes  11.2 Mbits/sec  0.704 ms  10710/11211 (96%)  
[2024-05-28 14:31:36.556984] [  5]  81.00-81.50  sec   839 KBytes  13.8 Mbits/sec  1.660 ms  17565/18179 (97%)  
[2024-05-28 14:31:36.557083] [  5]  81.50-82.00  sec   993 KBytes  16.3 Mbits/sec  2.917 ms  18977/19703 (96%)  
[2024-05-28 14:31:36.557179] [  5]  82.00-82.50  sec  1.05 MBytes  17.7 Mbits/sec  0.657 ms  30892/31682 (98%)  
[2024-05-28 14:31:36.557275] [  5]  82.50-83.00  sec   934 KBytes  15.3 Mbits/sec  0.520 ms  19024/19707 (97%)  
[2024-05-28 14:31:36.557373] [  5]  83.00-83.50  sec   900 KBytes  14.7 Mbits/sec  0.761 ms  19442/20100 (97%)  
[2024-05-28 14:31:36.557468] [  5]  83.50-84.00  sec   897 KBytes  14.7 Mbits/sec  1.523 ms  28324/28980 (98%)  
[2024-05-28 14:31:36.557564] [  5]  84.00-84.50  sec   857 KBytes  14.0 Mbits/sec  1.508 ms  17227/17854 (96%)  
[2024-05-28 14:31:36.557780] [  5]  84.50-85.00  sec   658 KBytes  10.8 Mbits/sec  1.740 ms  10720/11201 (96%)  
[2024-05-28 14:31:36.557890] [  5]  85.00-85.50  sec   454 KBytes  7.44 Mbits/sec  3.516 ms  11137/11469 (97%)  
[2024-05-28 14:31:36.557990] [  5]  85.50-86.00  sec   371 KBytes  6.07 Mbits/sec  2.473 ms  6096/6367 (96%)  
[2024-05-28 14:31:36.558095] [  5]  86.00-86.50  sec   446 KBytes  7.30 Mbits/sec  1.493 ms  8951/9277 (96%)  
[2024-05-28 14:31:36.558194] [  5]  86.50-87.00  sec   591 KBytes  9.68 Mbits/sec  3.434 ms  12577/13009 (97%)  
[2024-05-28 14:31:36.558291] [  5]  87.00-87.50  sec  1.03 MBytes  17.4 Mbits/sec  0.821 ms  19360/20135 (96%)  
[2024-05-28 14:31:36.558387] [  5]  87.50-88.00  sec   946 KBytes  15.5 Mbits/sec  1.285 ms  19376/20068 (97%)  
[2024-05-28 14:31:36.558482] [  5]  88.00-88.50  sec  1020 KBytes  16.7 Mbits/sec  1.558 ms  21931/22677 (97%)  
[2024-05-28 14:31:36.558578] [  5]  88.50-89.00  sec  1.15 MBytes  19.2 Mbits/sec  0.438 ms  19383/20241 (96%)  
[2024-05-28 14:31:36.558675] [  5]  89.00-89.50  sec  1.05 MBytes  17.7 Mbits/sec  0.540 ms  19275/20063 (96%)  
[2024-05-28 14:31:36.558771] [  5]  89.50-90.00  sec  1.02 MBytes  17.2 Mbits/sec  2.027 ms  21505/22271 (97%)  
[2024-05-28 14:31:36.558869] [  5]  90.00-90.50  sec   983 KBytes  16.1 Mbits/sec  1.146 ms  23853/24572 (97%)  
[2024-05-28 14:31:36.558969] [  5]  90.50-91.00  sec   824 KBytes  13.5 Mbits/sec  0.838 ms  15425/16028 (96%)  
[2024-05-28 14:31:36.559113] [  5]  91.00-91.50  sec   932 KBytes  15.3 Mbits/sec  1.033 ms  23482/24164 (97%)  
[2024-05-28 14:31:36.559215] [  5]  91.50-92.00  sec   865 KBytes  14.2 Mbits/sec  1.707 ms  23902/24535 (97%)  
[2024-05-28 14:31:36.559312] [  5]  92.00-92.50  sec   660 KBytes  10.8 Mbits/sec  2.219 ms  12898/13381 (96%)  
[2024-05-28 14:31:36.559407] [  5]  92.50-93.00  sec   943 KBytes  15.5 Mbits/sec  0.528 ms  15022/15712 (96%)  
[2024-05-28 14:31:36.559506] [  5]  93.00-93.50  sec   949 KBytes  15.5 Mbits/sec  0.675 ms  14928/15622 (96%)  
[2024-05-28 14:31:36.559600] [  5]  93.50-94.00  sec   842 KBytes  13.8 Mbits/sec  0.943 ms  12785/13401 (95%)  
[2024-05-28 14:31:36.559695] [  5]  94.00-94.50  sec   880 KBytes  14.4 Mbits/sec  0.617 ms  14937/15581 (96%)  
[2024-05-28 14:31:36.559790] [  5]  94.50-95.00  sec   943 KBytes  15.5 Mbits/sec  1.677 ms  23820/24510 (97%)  
[2024-05-28 14:31:36.559888] [  5]  95.00-95.50  sec   965 KBytes  15.8 Mbits/sec  1.094 ms  26098/26804 (97%)  
[2024-05-28 14:31:36.559982] [  5]  95.50-96.00  sec   972 KBytes  15.9 Mbits/sec  0.999 ms  17194/17905 (96%)  
[2024-05-28 14:31:36.560079] [  5]  96.00-96.50  sec  1.19 MBytes  20.0 Mbits/sec  2.627 ms  23584/24479 (96%)  
[2024-05-28 14:31:36.560176] [  5]  96.50-97.00  sec   703 KBytes  11.5 Mbits/sec  0.948 ms  15140/15654 (97%)  
[2024-05-28 14:31:36.560271] [  5]  97.00-97.50  sec   693 KBytes  11.4 Mbits/sec  1.135 ms  11073/11580 (96%)  
[2024-05-28 14:31:36.560367] [  5]  97.50-98.00  sec   796 KBytes  13.0 Mbits/sec  1.008 ms  14622/15204 (96%)  
[2024-05-28 14:32:16.356272] [  5]  98.00-98.50  sec  1.02 MBytes  17.1 Mbits/sec  0.717 ms  19345/20107 (96%)  
[2024-05-28 14:32:16.356456] [  5]  98.50-99.00  sec  1.21 MBytes  20.3 Mbits/sec  1.832 ms  30304/31212 (97%)  
[2024-05-28 14:32:16.356489] [  5]  99.00-99.50  sec   879 KBytes  14.4 Mbits/sec  1.365 ms  30646/31289 (98%)  
[2024-05-28 14:32:16.356550] [  5]  99.50-100.00 sec   744 KBytes  12.2 Mbits/sec  1.226 ms  19526/20070 (97%)  
[2024-05-28 14:32:16.356593] [  5] 100.00-100.50 sec   905 KBytes  14.8 Mbits/sec  2.974 ms  21635/22297 (97%)  
[2024-05-28 14:32:16.356636] [  5] 100.50-101.00 sec   978 KBytes  16.0 Mbits/sec  1.081 ms  19407/20122 (96%)  
[2024-05-28 14:32:16.356679] [  5] 101.00-101.50 sec  1.00 MBytes  16.8 Mbits/sec  0.444 ms  21589/22338 (97%)  
[2024-05-28 14:32:16.356736] [  5] 101.50-102.00 sec  1.04 MBytes  17.4 Mbits/sec  1.062 ms  25985/26763 (97%)  
[2024-05-28 14:32:16.356758] [  5] 102.00-102.50 sec   938 KBytes  15.4 Mbits/sec  3.657 ms  23831/24517 (97%)  
[2024-05-28 14:32:16.356780] [  5] 102.50-103.00 sec   942 KBytes  15.4 Mbits/sec  3.172 ms  23867/24556 (97%)  
[2024-05-28 14:32:16.356801] [  5] 103.00-103.50 sec   900 KBytes  14.7 Mbits/sec  2.323 ms  35064/35722 (98%)  
[2024-05-28 14:32:16.356823] [  5] 103.50-104.00 sec   830 KBytes  13.6 Mbits/sec  1.842 ms  44937/45544 (99%)  
[2024-05-28 14:32:16.356844] [  5] 104.00-104.50 sec   727 KBytes  11.9 Mbits/sec  0.558 ms  26289/26821 (98%)  
[2024-05-28 14:32:16.356865] [  5] 104.50-105.00 sec   651 KBytes  10.7 Mbits/sec  1.215 ms  12925/13401 (96%)  
[2024-05-28 14:32:16.356887] [  5] 105.00-105.50 sec   498 KBytes  8.15 Mbits/sec  1.159 ms  10790/11154 (97%)  
[2024-05-28 14:32:16.356908] [  5] 105.50-106.00 sec   781 KBytes  12.8 Mbits/sec  0.596 ms  17298/17869 (97%)  
[2024-05-28 14:32:16.356929] [  5] 106.00-106.50 sec   760 KBytes  12.5 Mbits/sec  0.887 ms  17291/17847 (97%)  
[2024-05-28 14:32:16.356950] [  5] 106.50-107.00 sec  1.01 MBytes  17.0 Mbits/sec  2.328 ms  21514/22272 (97%)  
[2024-05-28 14:32:16.356972] [  5] 107.00-107.50 sec   990 KBytes  16.2 Mbits/sec  0.630 ms  17201/17925 (96%)  
[2024-05-28 14:32:16.356994] [  5] 107.50-108.00 sec   790 KBytes  12.9 Mbits/sec  0.766 ms  15025/15603 (96%)  
[2024-05-28 14:32:16.357015] [  5] 108.00-108.50 sec   973 KBytes  15.9 Mbits/sec  1.459 ms  21576/22288 (97%)  
[2024-05-28 14:32:16.357063] [  5] 108.50-109.00 sec   663 KBytes  10.9 Mbits/sec  0.657 ms  12947/13432 (96%)  
[2024-05-28 14:32:16.357187] [  5] 109.00-109.50 sec   831 KBytes  13.6 Mbits/sec  1.809 ms  21678/22286 (97%)  
[2024-05-28 14:32:16.357244] [  5] 109.50-110.00 sec   837 KBytes  13.7 Mbits/sec  2.987 ms  21693/22305 (97%)  
[2024-05-28 14:32:16.357301] [  5] 110.00-110.50 sec   651 KBytes  10.7 Mbits/sec  0.929 ms  12943/13419 (96%)  
[2024-05-28 14:32:16.357356] [  5] 110.50-111.00 sec   991 KBytes  16.2 Mbits/sec  0.793 ms  32769/33494 (98%)  
[2024-05-28 14:32:16.357411] [  5] 111.00-111.50 sec   928 KBytes  15.2 Mbits/sec  1.457 ms  21617/22296 (97%)  
[2024-05-28 14:32:16.357466] [  5] 111.50-112.00 sec   733 KBytes  12.0 Mbits/sec  1.925 ms  15119/15655 (97%)  
[2024-05-28 14:32:16.357521] [  5] 112.00-112.50 sec   536 KBytes  8.78 Mbits/sec  0.961 ms  13002/13394 (97%)  
[2024-05-28 14:32:16.357575] [  5] 112.50-113.00 sec   710 KBytes  11.6 Mbits/sec  1.374 ms  19544/20063 (97%)  
[2024-05-28 14:32:16.357687] [  5] 113.00-113.50 sec   844 KBytes  13.8 Mbits/sec  0.592 ms  19517/20134 (97%)  
[2024-05-28 14:32:16.357751] [  5] 113.50-114.00 sec   915 KBytes  15.0 Mbits/sec  1.243 ms  21616/22285 (97%)  
[2024-05-28 14:32:16.357809] [  5] 114.00-114.50 sec   587 KBytes  9.61 Mbits/sec  1.477 ms  12962/13391 (97%)  
[2024-05-28 14:32:16.357833] [  5] 114.50-115.00 sec   612 KBytes  10.0 Mbits/sec  1.542 ms  12980/13428 (97%)  
[2024-05-28 14:32:16.357854] [  5] 115.00-115.50 sec  1.02 MBytes  17.1 Mbits/sec  0.907 ms  24484/25249 (97%)  
[2024-05-28 14:32:16.357874] [  5] 115.50-116.00 sec  1.21 MBytes  20.3 Mbits/sec  2.484 ms  25129/26033 (97%)  
[2024-05-28 14:32:16.357897] [  5] 116.00-116.50 sec   975 KBytes  16.0 Mbits/sec  1.044 ms  28332/29045 (98%)  
[2024-05-28 14:32:16.357918] [  5] 116.50-117.00 sec  1.05 MBytes  17.7 Mbits/sec  0.743 ms  30459/31248 (97%)  
[2024-05-28 14:32:16.357938] [  5] 117.00-117.50 sec  1.11 MBytes  18.7 Mbits/sec  0.689 ms  21544/22378 (96%)  
[2024-05-28 14:32:16.357958] [  5] 117.50-118.00 sec  1.04 MBytes  17.4 Mbits/sec  0.704 ms  19265/20044 (96%)  
[2024-05-28 14:32:16.357980] [  5] 118.00-118.50 sec   931 KBytes  15.3 Mbits/sec  1.545 ms  26081/26762 (97%)  
[2024-05-28 14:32:16.357999] [  5] 118.50-119.00 sec  1.12 MBytes  18.8 Mbits/sec  0.818 ms  28193/29034 (97%)  
[2024-05-28 14:32:16.358020] [  5] 119.00-119.50 sec  1.14 MBytes  19.1 Mbits/sec  2.476 ms  28860/29711 (97%)  
[2024-05-28 14:32:16.358041] [  5] 120.00-138.30 sec  0.00 Bytes  0.00 bits/sec  2.129 ms  0/0 (0%)  
[2024-05-28 14:32:16.358061] - - - - - - - - - - - - - - - - - - - - - - - - -
[2024-05-28 14:32:16.358082] [ ID] Interval           Transfer     Bitrate         Jitter    Lost/Total Datagrams
[2024-05-28 14:32:16.358103] [  5]   0.00-138.30 sec  0.00 Bytes  0.00 bits/sec  0.000 ms  0/0 (0%)  sender
[2024-05-28 14:32:16.358123] [SUM]  0.0-138.3 sec  57747 datagrams received out-of-order
[2024-05-28 14:32:16.358143] [  5]   0.00-138.30 sec   237 MBytes  14.4 Mbits/sec  2.129 ms  4409175/4586499 (96%)  receiver
End time: 1716921136376
