Start time: 1716934460123
{
  "id": "0",
  "status": null,
  "apiVersion": "17",
  "dishGetHistory": {
    "current": "3380",
    "popPingDropRate": [
      0,
      0,
      0,
      0,
      0,
      0,
      0,
      0,
      0,
      0,
      0,
      0,
      0,
      0,
      0,
      0,
      0,
      0,
      0,
      0,
      0,
      0,
      0,
      0,
      0,
      0,
      0,
      0,
      0,
      0,
      0,
      0,
      0,
      0,
      0,
      0,
      0,
      0,
      0,
      0,
      0,
      0,
      0,
      0,
      0,
      0,
      0,
      0,
      0,
      0,
      0,
      0,
      0,
      0,
      0,
      0,
      0,
      0,
      0,
      0,
      0,
      0,
      0,
      0,
      0,
      0,
      0,
      0,
      0,
      0,
      0,
      0,
      0,
      0,
      0,
      0,
      0,
      0,
      0,
      0,
      0,
      0,
      0.06666667,
      0.0625,
      0,
      0,
      0,
      0,
      0.0625,
      0.0625,
      0,
      0,
      0,
      0,
      0,
      0,
      0,
      0,
      0,
      0,
      0,
      0,
      0,
      0.06666667,
      0.0625,
      0,
      0,
      0,
      0,
      0,
      0,
      0,
      0,
      0,
      0,
      0,
      0,
      0,
      0.06666667,
      0.071428575,
      0,
      0,
      0.06666667,
      0.06666667,
      0,
      0,
      0,
      0,
      0,
      0,
      0,
      0,
      0,
      0,
      0,
      0,
      0,
      0,
      0,
      0,
      0,
      0,
      0,
      0,
      0,
      0,
      0,
      0,
      0,
      0,
      0,
      0,
      0,
      0,
      0,
      0,
      0,
      0,
      0,
      0,
      0,
      0,
      0,
      0,
      0,
      0,
      0,
      0,
      0,
      0,
      0,
      0,
      0,
      0,
      0,
      0,
      0,
      0,
      0,
      0,
      0,
      0,
      0,
      0,
      0,
      0,
      0,
      0,
      0,
      0,
      0,
      0,
      0.06666667,
      0.06666667,
      0,
      0,
      0,
      0,
      0,
      0,
      0,
      0,
      0,
      0,
      0,
      0,
      0,
      0,
      0,
      0,
      0,
      0,
      0,
      0,
      0,
      0,
      0,
      0,
      0,
      0,
      0,
      0,
      0,
      0,
      0,
      0,
      0,
      0,
      0,
      0,
      0,
      0,
      0,
      0,
      0,
      0,
      0,
      0,
      0,
      0,
      0,
      0,
      0,
      0,
      0,
      0,
      0,
      0,
      0,
      0,
      0,
      0,
      0,
      0,
      0,
      0,
      0,
      0,
      0,
      0,
      0,
      0,
      0,
      0,
      0,
      0,
      0,
      0,
      0,
      0,
      0,
      0,
      0,
      0,
      0,
      0,
      0,
      0,
      0,
      0,
      0,
      0,
      0,
      0,
      0,
      0,
      0,
      0,
      0,
      0,
      0,
      0,
      0,
      0,
      0,
      0,
      0,
      0,
      0,
      0,
      0,
      0,
      0,
      0,
      0,
      0,
      0,
      0,
      0,
      0,
      0.125,
      0.125,
      0,
      0,
      0,
      0,
      0,
      0,
      0,
      0,
      0,
      0,
      0,
      0,
      0,
      0,
      0,
      0,
      0,
      0,
      0,
      0,
      0,
      0,
      0,
      0,
      0,
      0,
      0,
      0,
      0,
      0,
      0,
      0,
      0,
      0,
      0,
      0,
      0,
      0,
      0,
      0,
      0,
      0,
      0,
      0,
      0,
      0,
      0,
      0,
      0,
      0,
      0,
      0,
      0,
      0,
      0,
      0,
      0,
      0,
      0,
      0,
      0,
      0,
      0,
      0,
      0,
      0,
      0,
      0,
      0,
      0,
      0,
      0,
      0,
      0,
      0,
      0,
      0,
      0,
      0,
      0,
      0,
      0,
      0,
      0,
      0,
      0,
      0,
      0,
      0,
      0,
      0,
      0,
      0,
      0,
      0,
      0,
      0,
      0,
      0,
      0,
      0,
      0.06666667,
      0.0625,
      0,
      0,
      0,
      0,
      0,
      0,
      0,
      0,
      0,
      0,
      0,
      0,
      0,
      0,
      0,
      0,
      0,
      0,
      0,
      0,
      0,
      0,
      0,
      0,
      0,
      0,
      0,
      0,
      0,
      0,
      0,
      0,
      0,
      0,
      0,
      0,
      0,
      0,
      0,
      0,
      0,
      0,
      0,
      0,
      0,
      0,
      0,
      0,
      0,
      0,
      0,
      0,
      0,
      0,
      0,
      0,
      0,
      0,
      0,
      0,
      0,
      0,
      0,
      0,
      0,
      0,
      0,
      0,
      0,
      0,
      0,
      0,
      0,
      0,
      0,
      0,
      0,
      0,
      0,
      0,
      0,
      0,
      0,
      0,
      0,
      0,
      0,
      0,
      0,
      0,
      0,
      0,
      0,
      0,
      0,
      0,
      0,
      0,
      0,
      0,
      0,
      0,
      0,
      0,
      0,
      0,
      0.06666667,
      0.05882353,
      0,
      0,
      0,
      0,
      0,
      0,
      0,
      0,
      0,
      0,
      0,
      0,
      0,
      0,
      0,
      0,
      0,
      0,
      0,
      0,
      0,
      0,
      0,
      0,
      0,
      0,
      0,
      0,
      0,
      0,
      0,
      0,
      0,
      0,
      0,
      0,
      0,
      0,
      0,
      0,
      0,
      0,
      0,
      0,
      0,
      0,
      0,
      0,
      0,
      0,
      0,
      0,
      0,
      0,
      0,
      0,
      0.06666667,
      0.0625,
      0,
      0,
      0,
      0,
      0,
      0,
      0,
      0,
      0.05882353,
      0.0625,
      0,
      0,
      0,
      0,
      0,
      0,
      0,
      0,
      0,
      0,
      0,
      0,
      0,
      0,
      0,
      0,
      0,
      0,
      0,
      0,
      0,
      0,
      0,
      0,
      0,
      0,
      0,
      0,
      0,
      0,
      0,
      0,
      0,
      0,
      0,
      0,
      0,
      0,
      0,
      0,
      0,
      0,
      0,
      0,
      0,
      0,
      0,
      0,
      0,
      0,
      0,
      0,
      0,
      0,
      0,
      0,
      0,
      0,
      0,
      0,
      0,
      0,
      0,
      0,
      0,
      0,
      0,
      0,
      0.14285715,
      0.125,
      0,
      0,
      0,
      0,
      0,
      0,
      0,
      0,
      0,
      0,
      0,
      0,
      0.06666667,
      0.06666667,
      0,
      0,
      0,
      0,
      0,
      0,
      0,
      0,
      0,
      0,
      0,
      0,
      0,
      0,
      0,
      0,
      0,
      0,
      0,
      0,
      0,
      0,
      0,
      0,
      0,
      0,
      0,
      0,
      0,
      0,
      0,
      0,
      0,
      0,
      0.0625,
      0.06666667,
      0,
      0,
      0,
      0,
      0,
      0,
      0,
      0,
      0,
      0,
      0,
      0,
      0,
      0,
      0,
      0,
      0,
      0,
      0,
      0,
      0,
      0,
      0,
      0,
      0,
      0,
      0,
      0,
      0,
      0.0625,
      0.05882353,
      0,
      0,
      0,
      0,
      0,
      0,
      0,
      0,
      0,
      0,
      0.125,
      0.1875,
      0.06666667,
      0,
      0,
      0.0625,
      0.06666667,
      0,
      0,
      0.05882353,
      0.0625,
      0.14285715,
      0.13333334,
      0.0625,
      0,
      0,
      0,
      0,
      0,
      0,
      0.0625,
      0.125,
      0.11764706,
      0.125,
      0.0625,
      0.0625,
      0.13333334,
      0.071428575,
      0,
      0,
      0,
      0.0625,
      0.1875,
      0.3125,
      0.4375,
      0.6875,
      0.46666667,
      0.06666667,
      0.0625,
      0,
      0.0625,
      0.125,
      0.1875,
      0.3125,
      0.1875,
      0.13333334,
      0.0625,
      0,
      0.0625,
      0.06666667,
      0,
      0,
      0,
      0.06666667,
      0.13333334,
      0.125,
      0.125,
      0.0625,
      0.11764706,
      0.0625,
      0.13333334,
      0.2,
      0.071428575,
      0.071428575,
      0.06666667,
      0,
      0,
      0.06666667,
      0.1764706,
      0.125,
      0,
      0,
      0.06666667,
      0.0625,
      0,
      0,
      0,
      0.06666667,
      0.125,
      0.0625,
      0,
      0,
      0.13333334,
      0.125,
      0,
      0.0625,
      0.05882353,
      0,
      0,
      0,
      0,
      0,
      0,
      0,
      0,
      0,
      0,
      0,
      0,
      0,
      0,
      0.06666667,
      0.0625,
      0,
      0,
      0,
      0,
      0,
      0,
      0,
      0,
      0,
      0,
      0,
      0,
      0,
      0,
      0,
      0,
      0,
      0,
      0,
      0,
      0.26666668,
      0.23529412,
      0,
      0,
      0,
      0,
      0,
      0,
      0.0625,
      0.06666667,
      0,
      0,
      0,
      0,
      0,
      0,
      0,
      0,
      0,
      0,
      0,
      0,
      0,
      0.071428575,
      0.0625
    ],
    "popPingLatencyMs": [
      33.362312,
      32.488647,
      31.708765,
      31.792124,
      33.376335,
      32.93006,
      30.748356,
      30.623135,
      32.221466,
      31.708134,
      33.111435,
      34.61359,
      34.176315,
      33.401688,
      33.583378,
      31.753748,
      29.694376,
      30.353498,
      30.572563,
      32.442627,
      31.977945,
      30.367353,
      33.30644,
      34.00362,
      31.374601,
      30.750784,
      36.21467,
      35.403687,
      32.235687,
      34.597202,
      33.31806,
      33.29244,
      34.96641,
      33.83631,
      31.32047,
      31.478296,
      32.050198,
      31.98325,
      33.50806,
      34.154133,
      33.631134,
      32.0885,
      32.335175,
      31.944063,
      31.327202,
      33.089752,
      32.153248,
      33.610313,
      34.896,
      32.386864,
      34.19181,
      32.59753,
      32.231354,
      32.208313,
      30.283768,
      30.281565,
      29.2366,
      29.996265,
      30.801765,
      30.736706,
      27.952002,
      27.82269,
      30.645624,
      28.557413,
      26.645353,
      27.884,
      27.810177,
      26.294312,
      25.567932,
      27.003687,
      28.9855,
      33.411877,
      37.53706,
      38.50906,
      38.398064,
      38.675198,
      38.12394,
      37.98147,
      38.634148,
      38.1028,
      38.48527,
      35.956932,
      32.961876,
      30.239065,
      30.037937,
      31.58875,
      34.237133,
      39.113937,
      39.605377,
      39.40541,
      38.934586,
      41.625,
      43.020626,
      41.950703,
      44.865765,
      45.388252,
      42.196495,
      42.325874,
      41.999065,
      39.624935,
      40.985405,
      43.3526,
      35.721188,
      27.757439,
      27.117178,
      27.526117,
      29.196821,
      28.567001,
      28.685186,
      28.793127,
      26.915998,
      26.061426,
      26.01225,
      26.11575,
      25.682438,
      26.095312,
      29.741287,
      35.57177,
      41.15693,
      35.994934,
      31.011202,
      31.771788,
      33.983856,
      34.05033,
      32.466312,
      32.890133,
      31.695938,
      32.386402,
      34.86393,
      34.218468,
      33.627934,
      38.010067,
      37.889267,
      36.698868,
      35.581436,
      34.497128,
      36.818752,
      38.479404,
      36.300064,
      38.932686,
      40.0648,
      35.272266,
      35.112465,
      37.387405,
      37.710186,
      37.564438,
      37.435234,
      36.364815,
      33.17019,
      31.350687,
      32.226437,
      32.030624,
      30.748436,
      32.20144,
      32.639626,
      33.700314,
      31.813751,
      29.364061,
      30.981312,
      33.118534,
      34.8014,
      38.978333,
      42.703728,
      41.783737,
      39.88187,
      39.319748,
      39.355686,
      37.928314,
      35.905872,
      36.29225,
      37.281467,
      39.337666,
      39.22512,
      38.701664,
      39.398933,
      37.724865,
      39.1432,
      37.073498,
      34.127293,
      32.926937,
      30.178253,
      32.001938,
      31.895748,
      30.561563,
      33.200752,
      34.528748,
      32.75033,
      34.225533,
      35.6423,
      34.166874,
      33.05647,
      34.25733,
      33.252,
      32.727814,
      32.634933,
      32.903687,
      34.306187,
      35.847,
      33.99269,
      34.17247,
      33.844875,
      33.06331,
      31.387135,
      31.152185,
      34.026134,
      33.63153,
      33.22481,
      32.602646,
      29.667814,
      28.616056,
      27.890474,
      26.01975,
      26.002802,
      27.08969,
      28.224625,
      30.372059,
      32.02637,
      28.02027,
      27.573565,
      31.664131,
      30.692688,
      28.698252,
      28.6605,
      30.205061,
      29.71465,
      27.121649,
      27.562002,
      27.959751,
      29.709875,
      30.67931,
      29.158688,
      27.523,
      27.7764,
      29.770752,
      31.264498,
      29.551628,
      28.441864,
      31.267502,
      32.94027,
      34.34225,
      36.290253,
      36.3816,
      33.618332,
      33.373463,
      33.002735,
      34.92121,
      38.110603,
      36.259003,
      33.53506,
      34.530125,
      35.057533,
      37.28394,
      37.454002,
      33.466534,
      34.688686,
      34.37944,
      33.860336,
      34.511402,
      35.927,
      36.472866,
      36.455,
      34.5075,
      33.302265,
      33.25225,
      33.576527,
      33.856415,
      33.446762,
      37.430763,
      42.45088,
      42.765686,
      40.94787,
      39.960396,
      40.66733,
      41.17787,
      41.496563,
      41.33994,
      40.33306,
      40.00806,
      38.491802,
      37.455265,
      40.325188,
      44.697876,
      42.886066,
      38.279736,
      40.73967,
      40.143932,
      39.59675,
      42.66213,
      41.717937,
      39.62438,
      42.012188,
      43.030247,
      42.717937,
      44.120735,
      40.016666,
      38.79733,
      39.919437,
      36.69431,
      31.16113,
      32.33287,
      30.96406,
      29.305563,
      31.754332,
      34.298187,
      34.679,
      31.750248,
      31.595,
      32.692314,
      34.768284,
      37.829357,
      32.731663,
      31.796404,
      33.358627,
      32.483997,
      32.76987,
      32.814,
      35.78,
      37.02706,
      34.97306,
      33.75531,
      34.925877,
      35.788136,
      35.564804,
      35.732334,
      36.206123,
      35.333435,
      41.094692,
      43.570557,
      36.84225,
      36.825,
      37.411247,
      35.60825,
      35.644337,
      37.5535,
      36.959312,
      37.68344,
      38.18007,
      39.947376,
      41.439064,
      37.346375,
      36.094997,
      41.234337,
      38.36944,
      33.511063,
      34.855125,
      32.2765,
      32.310123,
      32.969,
      30.483936,
      32.346,
      32.381268,
      30.863373,
      34.050064,
      34.887497,
      34.274292,
      35.074177,
      34.866947,
      35.37647,
      38.961002,
      38.82056,
      35.767567,
      35.275185,
      35.3882,
      35.03493,
      35.670334,
      36.865185,
      37.26344,
      38.170403,
      37.765877,
      36.63856,
      35.5275,
      37.311504,
      36.933666,
      37.498337,
      39.792667,
      40.068314,
      40.170692,
      39.434536,
      38.610733,
      37.11456,
      39.79381,
      39.37627,
      36.811066,
      40.6034,
      40.157665,
      39.85227,
      39.290127,
      34.000874,
      32.427532,
      34.514122,
      34.923,
      33.1995,
      33.17006,
      34.67544,
      35.36713,
      34.7448,
      36.127335,
      34.29775,
      30.790184,
      30.672934,
      30.953465,
      32.604626,
      35.365376,
      34.799587,
      32.09765,
      31.762882,
      30.680735,
      31.291065,
      32.567314,
      34.494396,
      33.199932,
      32.75793,
      33.402065,
      33.94053,
      34.69124,
      33.58253,
      35.839066,
      35.856438,
      31.385649,
      31.390823,
      31.460876,
      32.581875,
      34.33806,
      34.078247,
      33.953312,
      33.001625,
      32.02807,
      32.395927,
      32.580204,
      31.401115,
      31.18944,
      32.371357,
      36.665062,
      38.010174,
      37.94735,
      37.27819,
      38.00033,
      37.483334,
      34.471733,
      35.62507,
      39.957428,
      39.586,
      38.52856,
      38.31306,
      39.089874,
      40.164814,
      41.593124,
      40.667664,
      39.018665,
      40.23153,
      36.840595,
      36.249626,
      37.866814,
      38.074265,
      39.604935,
      37.06533,
      38.918,
      39.976143,
      38.520573,
      38.5854,
      40.263565,
      40.012745,
      37.971733,
      31.22869,
      28.421251,
      30.104626,
      32.4802,
      31.484999,
      31.175264,
      33.9738,
      33.521435,
      32.8415,
      31.46713,
      33.9635,
      32.19644,
      28.418938,
      34.337498,
      34.89825,
      29.139414,
      31.417625,
      33.103752,
      32.950764,
      31.766062,
      29.8102,
      29.540934,
      29.458933,
      29.045734,
      28.881733,
      31.180872,
      31.572124,
      31.349337,
      35.9092,
      35.706184,
      30.775175,
      28.828127,
      28.487867,
      29.669003,
      30.293999,
      30.783882,
      32.13753,
      29.3076,
      28.101734,
      30.299936,
      31.743933,
      31.8006,
      32.45844,
      33.66394,
      34.844646,
      31.364063,
      27.562822,
      31.345413,
      31.91888,
      32.064117,
      30.423649,
      26.376,
      26.686705,
      29.095251,
      30.828999,
      30.2115,
      27.607498,
      30.751375,
      31.98735,
      28.575062,
      27.225998,
      27.221313,
      27.198936,
      26.478127,
      26.530289,
      26.61193,
      29.556688,
      28.8258,
      24.715502,
      24.752686,
      26.002802,
      26.653187,
      25.680767,
      27.8545,
      32.116375,
      30.945532,
      29.151115,
      29.299183,
      31.235804,
      30.676651,
      32.643406,
      33.404003,
      30.226236,
      29.124313,
      29.251562,
      30.474684,
      31.490377,
      30.273436,
      31.098885,
      32.156467,
      32.920002,
      32.61856,
      30.327177,
      32.11188,
      31.91071,
      30.444645,
      31.768198,
      32.306713,
      33.006683,
      31.693998,
      30.863066,
      31.184002,
      30.400497,
      31.026375,
      33.66213,
      34.372883,
      35.33353,
      34.65894,
      33.189064,
      34.034813,
      33.148735,
      33.171402,
      32.834126,
      32.011734,
      32.048664,
      31.907501,
      32.26406,
      34.17307,
      37.9808,
      37.28214,
      35.371998,
      34.33194,
      32.352665,
      31.292776,
      32.143314,
      31.823732,
      30.67975,
      30.402668,
      31.62307,
      30.64359,
      29.366179,
      33.211666,
      33.69553,
      34.086353,
      34.232292,
      33.632175,
      34.490997,
      32.811295,
      32.436314,
      31.416185,
      28.94425,
      30.023941,
      30.49688,
      31.13028,
      32.196434,
      29.997438,
      29.244234,
      28.91125,
      31.415188,
      32.396187,
      28.914764,
      30.240564,
      31.078999,
      27.838295,
      26.350174,
      26.59825,
      26.437624,
      25.92341,
      28.488823,
      27.878553,
      24.941566,
      25.714397,
      26.743132,
      26.306377,
      26.6486,
      27.113062,
      27.00044,
      29.138563,
      29.928886,
      28.19365,
      28.852058,
      28.901352,
      27.546314,
      29.161503,
      33.555626,
      32.53094,
      30.995874,
      30.75773,
      34.87893,
      34.238438,
      31.685934,
      32.995266,
      32.066376,
      32.445812,
      33.452126,
      32.938313,
      31.662235,
      33.86925,
      33.105434,
      29.632812,
      30.61559,
      33.68419,
      32.508198,
      30.322666,
      36.96123,
      34.074787,
      28.470186,
      29.01775,
      26.831884,
      26.787125,
      27.07725,
      28.510178,
      30.812061,
      28.336563,
      26.923563,
      26.820866,
      26.736,
      26.47169,
      29.221998,
      30.837334,
      30.324266,
      30.502188,
      29.280062,
      27.161766,
      25.718124,
      28.99124,
      30.568176,
      36.154064,
      38.95894,
      37.2928,
      38.028313,
      38.018787,
      39.055218,
      37.970802,
      37.107502,
      36.71087,
      36.968937,
      35.361534,
      33.898064,
      39.148865,
      42.140873,
      41.95606,
      41.356,
      40.556736,
      37.03612,
      35.993687,
      37.3368,
      38.442333,
      52.707664,
      52.446598,
      35.879738,
      31.101934,
      33.486126,
      33.251564,
      33.15675,
      31.176287,
      31.789331,
      31.289,
      30.560999,
      31.448286,
      31.367664,
      34.899197,
      34.620533,
      33.8428,
      34.27653,
      33.134815,
      34.41239,
      33.357338,
      32.556,
      33.951733,
      33.980812,
      33.591232,
      34.473587,
      33.854527,
      36.587463,
      35.620335,
      31.817375,
      32.099,
      35.05869,
      38.294067,
      37.488216,
      35.53033,
      36.01144,
      38.726162,
      37.636883,
      34.831375,
      35.26275,
      36.119377,
      35.322186,
      37.024376,
      39.834064,
      37.73313,
      36.060623,
      35.573627,
      32.61644,
      32.982693,
      33.020187,
      33.00907,
      33.10946,
      31.347,
      31.417467,
      31.035873,
      29.810751,
      29.212711,
      30.251934,
      31.659939,
      32.295177,
      31.16806,
      32.77577,
      34.042458,
      32.338333,
      32.394165,
      32.708057,
      31.993502,
      32.135647,
      31.695065,
      31.198565,
      30.878315,
      32.097,
      31.385069,
      29.961926,
      30.337135,
      30.938868,
      34.256668,
      34.01771,
      30.784359,
      31.204123,
      31.970499,
      33.6236,
      33.52764,
      33.957916,
      34.5858,
      36.158752,
      42.807125,
      35.433357,
      27.783333,
      28.147,
      26.237598,
      26.357355,
      24.731998,
      24.540415,
      25.163462,
      24.758785,
      28.261198,
      27.554504,
      26.799068,
      27.219799,
      25.929333,
      27.089876,
      29.012562,
      27.732212,
      25.835428,
      27.601736,
      29.321215,
      30.403801,
      33.202335,
      33.593315,
      33.15186,
      32.027084,
      30.336071,
      31.198713,
      34.033997,
      32.245564,
      31.300335,
      34.09807,
      34.530285,
      33.64343,
      32.231804,
      30.934002,
      31.328428,
      30.352999,
      31.107588,
      34.146065,
      35.271,
      36.05247,
      31.90779,
      31.559797,
      29.034624,
      29.128876,
      30.392536,
      30.880499,
      29.259878,
      29.391668,
      31.044188,
      32.050938,
      32.722935,
      33.674732,
      35.075935,
      36.220123,
      36.96988,
      37.316124,
      37.40688,
      37.023064,
      36.87406,
      35.187,
      36.1918,
      37.678867,
      37.510002,
      39.61607,
      40.437527,
      40.494064,
      43.549397,
      42.16047,
      38.44313,
      39.591286,
      41.034267,
      39.260185,
      38.968372,
      37.689377,
      37.152065,
      39.479267,
      39.32286,
      38.092663,
      39.767433,
      38.557808,
      34.780643,
      36.52693,
      34.556248,
      32.91467,
      33.407402,
      32.94954,
      39.12723,
      36.5565,
      30.430563,
      31.138876,
      33.151066,
      32.185997,
      32.91069,
      37.191532,
      36.4702,
      34.76307,
      38.009624,
      35.99938,
      33.2695,
      34.171253,
      35.28719,
      35.759136,
      35.329,
      34.1836,
      32.976063,
      32.89607,
      33.786068,
      34.669735,
      34.88208,
      31.323145,
      30.844002,
      32.884937
    ],
    "downlinkThroughputBps": [
      19939.72,
      109454.555,
      71546.44,
      26130.514,
      40030.438,
      32656.852,
      31323.062,
      47135.59,
      43796.92,
      36909.875,
      158511.14,
      20401.094,
      134821.7,
      17993.564,
      33151.777,
      19167.969,
      18018.73,
      50398.758,
      31314.674,
      24444.404,
      22875.734,
      21760.049,
      20828.914,
      22707.96,
      19889.389,
      19520.291,
      21139.293,
      48863.64,
      18530.436,
      108917.69,
      21189.623,
      18530.436,
      57847.84,
      28294.775,
      48150.61,
      48284.83,
      21273.51,
      29771.17,
      21994.93,
      41230.008,
      208649.84,
      34091.305,
      51019.516,
      27564.967,
      33042.727,
      18941.477,
      83584.09,
      24469.57,
      20216.545,
      22095.594,
      23773.314,
      21659.387,
      20988.297,
      20392.705,
      45181.043,
      21952.986,
      21223.178,
      857978.44,
      1.2037293e+08,
      1.0662274e+08,
      1.5675035e+08,
      1.0908615e+08,
      1.0743498e+08,
      2.8850922e+07,
      7.894859e+07,
      1.2693671e+08,
      7.912478e+07,
      1.4947582e+08,
      9.2935976e+07,
      4.593699e+07,
      1.01241224e+08,
      1.21771704e+08,
      1.33729016e+08,
      2.1295832e+08,
      1.5422051e+08,
      2.0646214e+08,
      2.1247784e+08,
      2.126381e+08,
      2.2183968e+08,
      2.0103726e+08,
      1.578787e+08,
      1.1970304e+08,
      1.584927e+08,
      1.5779102e+08,
      1.2577672e+08,
      9.817472e+07,
      1.7509286e+08,
      1.24001224e+08,
      1.2815416e+08,
      1.1392132e+08,
      1.5619514e+08,
      1.398547e+08,
      1.023285e+08,
      1.507999e+08,
      1.4697803e+08,
      1.4718243e+08,
      1.05522664e+08,
      1.5106008e+08,
      1.6440307e+08,
      1.133421e+08,
      5.499811e+07,
      1.3124865e+08,
      4.4756596e+07,
      1.3763795e+08,
      1.3442149e+08,
      1.0677898e+08,
      1.4542389e+08,
      6.2880604e+07,
      1.3342562e+08,
      1.7302154e+08,
      1.7563258e+08,
      1.3959557e+08,
      5.8486332e+07,
      8.953905e+07,
      1.2322896e+08,
      1.445162e+08,
      1.20489064e+08,
      1.3228093e+08,
      2.0812867e+08,
      8.318908e+07,
      1.4019714e+08,
      1.8834989e+08,
      1.592613e+08,
      9.802764e+07,
      1.0091254e+08,
      1.1483544e+08,
      1.388807e+08,
      1.4189408e+08,
      1.4096002e+08,
      1.477075e+08,
      2.0528534e+08,
      2.1737037e+08,
      4.8941864e+07,
      9.440553e+07,
      1.210524e+08,
      2.8901154e+07,
      9.607869e+07,
      1.0584865e+08,
      1.3748254e+08,
      7.3571464e+07,
      5.5805884e+07,
      5.88294e+07,
      2.9475874e+07,
      1.928603e+07,
      6.4559776e+07,
      7.330673e+07,
      7.9552376e+07,
      5.6109804e+07,
      3.943492e+07,
      3.676147e+07,
      1.0934457e+08,
      1.2289001e+08,
      1.5052085e+08,
      4.9115812e+07,
      9.354666e+07,
      1.30249064e+08,
      1.2635195e+08,
      1.7165275e+08,
      1.7130952e+08,
      1.8415544e+08,
      1.4334986e+08,
      1.6705477e+08,
      1.4452078e+08,
      1.9626038e+08,
      1.6571589e+08,
      9.879748e+07,
      2.0447342e+08,
      1.0618301e+08,
      1.2801896e+08,
      1.5563157e+08,
      1.6494667e+08,
      1.8117658e+08,
      1.7423752e+08,
      2.2447018e+08,
      2.2879933e+08,
      1.5971475e+08,
      1.3852554e+08,
      8.013808e+07,
      6.346753e+07,
      6.8572104e+07,
      1.4170643e+08,
      1.882602e+08,
      1.5327198e+08,
      9.464411e+07,
      1.6431146e+08,
      1.9472557e+08,
      1.9377845e+08,
      9.3015144e+07,
      1.678374e+08,
      1.6687635e+08,
      1.5311928e+08,
      1.173708e+08,
      8.940647e+07,
      1.3315972e+08,
      1.3721955e+08,
      6.2626704e+07,
      1.24956936e+08,
      8.683528e+07,
      33361.492,
      20157.824,
      21223.178,
      25912.41,
      93071.61,
      941008.9,
      344939.56,
      421695.3,
      428691.44,
      424362.9,
      547356.7,
      482017.8,
      373175.62,
      477982.88,
      414757.94,
      474803.6,
      501747.8,
      582572.06,
      398383.38,
      499071.84,
      358017.4,
      467111.25,
      395866.8,
      393954.2,
      307199.22,
      518751.53,
      666500.06,
      655678.75,
      474157.7,
      462463.97,
      563035,
      633759.3,
      568328.2,
      642785.5,
      546937.25,
      627736.3,
      598057.44,
      537810.44,
      515421.25,
      489039.06,
      470542.2,
      498115.53,
      381211.9,
      340166.44,
      550359.8,
      485339.7,
      350710.94,
      409003.38,
      459142.06,
      349444.25,
      424916.56,
      302174.44,
      391638.94,
      688293.7,
      217709.55,
      254476.81,
      363805.53,
      272453.6,
      256783.67,
      397603.25,
      410202.94,
      318993.6,
      357203.72,
      340518.75,
      399725.56,
      315369.72,
      277017,
      353672.1,
      327868.75,
      198742.9,
      236877.52,
      263838.5,
      160784.45,
      155944.22,
      161648.47,
      158032.98,
      150139.31,
      163074.55,
      167411.45,
      175858.78,
      185589.56,
      183056.2,
      175330.3,
      161396.81,
      284642.25,
      516545.3,
      441291.12,
      605221.3,
      435351.97,
      480885.34,
      395128.6,
      315789.16,
      335007.44,
      509867.97,
      537734.94,
      403383,
      425218.53,
      466985.4,
      483947.2,
      539672.7,
      444738.84,
      632031.25,
      426636.22,
      449713.28,
      427290.53,
      435511.38,
      462187.12,
      388702.94,
      380775.7,
      448815.7,
      444185.2,
      320369.34,
      410605.6,
      396160.4,
      202366.78,
      283174.25,
      351516.22,
      245702.33,
      263997.88,
      224009.39,
      277889.4,
      289105,
      310948.9,
      893118.3,
      263108.7,
      246490.86,
      268838.1,
      211376.14,
      18723.373,
      46095.402,
      60473.477,
      61496.887,
      43545.266,
      481967.47,
      100596.19,
      25501.37,
      34284.242,
      32094.814,
      106719.87,
      31457.28,
      202861.7,
      47185.92,
      41573.94,
      46539.996,
      25677.53,
      31146.902,
      36104.57,
      37631.297,
      26122.125,
      31683.771,
      25635.586,
      30014.44,
      76395.055,
      39409.68,
      27455.914,
      41288.73,
      575022.3,
      27044.873,
      38084.28,
      48419.047,
      50323.258,
      67637.34,
      27086.814,
      20786.97,
      45659.19,
      34695.28,
      22103.982,
      52160.363,
      26801.604,
      54282.684,
      27162.312,
      98364.82,
      46263.17,
      24905.777,
      57134.81,
      37027.316,
      128370.87,
      24033.361,
      19402.85,
      23345.496,
      24117.248,
      62318.97,
      21474.836,
      22380.807,
      39132.855,
      23949.477,
      23882.367,
      25987.908,
      1.3817877e+08,
      2.1583547e+08,
      2.263986e+08,
      2.3050427e+08,
      3.3187555e+08,
      3.379445e+08,
      3.568157e+08,
      2.929019e+08,
      3.6038595e+08,
      3.2535094e+08,
      3.1895862e+08,
      3.0821392e+08,
      3.087e+08,
      3.1426486e+08,
      3.010505e+08,
      3.5847418e+08,
      6.091789e+07,
      2.3382984e+08,
      2.5902186e+08,
      1.428475e+08,
      1.9798262e+08,
      1.9112574e+08,
      3.5782922e+08,
      2.398333e+08,
      2.4187976e+08,
      1.0863725e+08,
      4.129467e+08,
      3.068976e+08,
      5.126501e+08,
      7.7866246e+08,
      4.0571974e+08,
      1.8126859e+08,
      3.0826832e+08,
      2.9743594e+08,
      2.730625e+08,
      2.7089907e+08,
      2.8232026e+08,
      3.858938e+08,
      3.4526816e+08,
      3.5062323e+08,
      3.9749635e+08,
      2.91573e+08,
      3.7048326e+08,
      3.5926387e+08,
      4.014141e+08,
      4.033244e+08,
      3.0260755e+08,
      2.439917e+08,
      1.8742032e+08,
      2.191739e+08,
      2.9301434e+08,
      2.5203974e+08,
      2.6803573e+08,
      2.986125e+08,
      3.1788147e+08,
      2.5973275e+08,
      2.7722387e+08,
      2.9749853e+08,
      3.4453984e+08,
      3.043558e+08,
      2.2922894e+08,
      1.4027069e+08,
      1.7743656e+08,
      2.9418806e+08,
      2.6911846e+08,
      2.368724e+08,
      1.8192037e+08,
      2.5307227e+08,
      2.1482944e+08,
      1.3931171e+08,
      2.7341814e+08,
      2.3081626e+08,
      1.9901627e+08,
      2.360319e+08,
      2.788201e+08,
      3.4053328e+08,
      1.0496014e+08,
      1.7059874e+08,
      2.352679e+08,
      1.5930547e+08,
      1.892862e+08,
      1.6468227e+08,
      1.401706e+08,
      2.0639698e+08,
      2.0446754e+08,
      2.7724333e+08,
      2.4180946e+08,
      7.479828e+07,
      1.9819125e+08,
      2.5503282e+08,
      2.1055942e+08,
      1.12017624e+08,
      1.8529675e+08,
      2.8337024e+08,
      3.0726602e+08,
      2.6549722e+08,
      1.2509449e+08,
      1.8335088e+08,
      2.0881843e+08,
      1.979511e+08,
      1.769423e+08,
      3.0222444e+07,
      9.677092e+07,
      9.0646136e+07,
      1.794701e+08,
      2.615717e+08,
      2.3484642e+08,
      2.7077987e+08,
      1.4025246e+08,
      2.8996278e+08,
      1.1524349e+08,
      1.30779704e+08,
      3.2789843e+08,
      2.2646208e+08,
      2.5264563e+08,
      1.6324554e+08,
      9.504505e+07,
      3.0670054e+08,
      2.5621957e+08,
      2.1136597e+08,
      7.490194e+07,
      221232.77,
      49979.33,
      100839.45,
      43503.32,
      28017.951,
      27892.121,
      34040.973,
      24285.02,
      67503.125,
      23395.828,
      34577.844,
      31096.57,
      25643.975,
      19562.234,
      38587.598,
      74817.99,
      21592.277,
      50407.145,
      22330.475,
      21592.277,
      33093.06,
      118614.914,
      51069.844,
      24637.342,
      39518.73,
      44065.36,
      27892.121,
      24075.305,
      32329.695,
      62310.582,
      27514.635,
      39426.457,
      100235.48,
      28470.936,
      34158.41,
      25375.54,
      22137.537,
      25551.7,
      26440.893,
      83609.26,
      38906.363,
      21592.277,
      27833.4,
      23530.045,
      35794.19,
      35014.05,
      200605.17,
      59701.723,
      32396.805,
      35634.81,
      29553.066,
      22556.967,
      61513.664,
      66840.43,
      20577.256,
      28085.06,
      26583.498,
      36674.996,
      67201.14,
      34871.445,
      52445.58,
      49241.13,
      78274.1,
      26566.72,
      26197.623,
      23622.32,
      23001.562,
      35844.523,
      26105.348,
      34846.277,
      31700.549,
      22573.744,
      36515.61,
      51673.824,
      23177.725,
      71764.54,
      34628.17,
      37513.855,
      30962.352,
      47152.367,
      41087.402,
      61446.555,
      80354.48,
      27413.97,
      26944.209,
      26382.172,
      33713.816,
      34401.68,
      34334.574,
      25543.31,
      27833.4,
      33218.887,
      84087.41,
      36842.766,
      33923.53,
      30677.139,
      23194.502,
      39208.355,
      47127.2,
      28202.5,
      39023.805,
      24410.85,
      34082.914,
      64416.12,
      23580.377,
      36456.89,
      21399.34,
      39057.36,
      22036.873,
      21961.375,
      28068.283,
      25383.928,
      23202.89,
      41028.684,
      23857.201,
      29125.246,
      24998.053,
      37144.758,
      39652.95,
      45399.15,
      42429.58,
      21399.34,
      86184.555,
      178400.53,
      22498.246,
      32933.676,
      34829.5,
      21298.676,
      26004.686,
      21139.293,
      32421.97,
      63082.332,
      38705.04,
      24721.229,
      39032.19,
      211074.16,
      56371.445,
      35945.184,
      30819.746,
      22380.807,
      176957.69,
      142472.12,
      173082.16,
      124814.1,
      31725.715,
      25920.799,
      27070.037,
      37446.746,
      46112.18,
      50994.348,
      25014.828,
      25165.824,
      109647.49,
      174273.33,
      73945.58,
      536711.5,
      37463.523,
      62478.35,
      33990.64,
      24863.834,
      41464.89,
      24209.523,
      31876.71,
      32371.639,
      23353.885,
      31155.291,
      44669.336,
      77980.5,
      23202.89,
      30391.928,
      30123.492,
      20753.416,
      24142.414,
      2.2549509e+08,
      3.0173165e+08,
      3.9155235e+08,
      3.9155235e+08,
      2.790388e+08,
      1.7641424e+08,
      2.5801594e+08,
      1.2177291e+08,
      1.4363272e+08,
      7.973508e+07,
      1.1332153e+08,
      1.6359706e+08,
      1.5867538e+08,
      9.2338216e+07,
      1.5039611e+08,
      1.7797272e+08,
      2.0590034e+08,
      2.3153845e+08,
      2.1445934e+08,
      1.9768771e+08,
      1.5153194e+08,
      1.329314e+08,
      1.7299742e+08,
      1.8508776e+08,
      1.5328912e+08,
      1.2755406e+08,
      2.0636403e+08,
      2.0063701e+08,
      1.8062626e+08,
      1.7917182e+08,
      1.7373418e+08,
      1.2166625e+08,
      1.5319669e+08,
      1.9079594e+08,
      1.9355851e+08,
      1.6263317e+08,
      1.2981668e+08,
      1.2896403e+08,
      1.7343701e+08,
      2.8526112e+08,
      1.4334854e+08,
      2.705141e+08,
      2.0727062e+08,
      2.2012909e+08,
      2.3615176e+08,
      2.1580554e+08,
      2.2442173e+08,
      2.998805e+08,
      1.8939915e+08,
      1.7994754e+08,
      1.8571576e+08,
      2.8188928e+08,
      3.4598358e+08,
      2.7347424e+08,
      78517.37,
      79414.95,
      90529.86,
      49081.746,
      16190.014,
      266178.9,
      64701.332,
      23303.553,
      36322.67,
      49517.953,
      29276.242,
      47555.02,
      93163.88,
      61798.875,
      40701.527,
      73056.39,
      35030.83,
      28789.703,
      55540.973,
      36784.047,
      27212.645,
      26315.062,
      26172.457,
      31851.545,
      27086.814,
      42739.957,
      32623.297,
      23009.951,
      40089.156,
      31893.488,
      33269.22,
      32254.197,
      21592.277,
      38419.824,
      36490.445,
      171152.77,
      131457.88,
      52873.395,
      97651.79,
      35869.688,
      36180.066,
      24872.223,
      24771.559,
      58116.277,
      49215.965,
      63778.586,
      44711.28,
      51464.11,
      279961.4,
      111509.766,
      125971.73,
      64139.297,
      18480.104,
      165901.5,
      63166.22,
      19176.357,
      83852.52,
      123455.14,
      93541.37,
      28345.105,
      39602.617,
      31037.85,
      21785.215,
      43931.14,
      23588.766,
      23295.164,
      26382.172,
      22137.537,
      27221.033,
      45457.867,
      19277.021,
      20644.365,
      48620.37,
      49517.953,
      29267.854,
      82334.19,
      85857.41,
      29913.775,
      37723.57,
      26541.557,
      28730.982,
      27137.146,
      22741.516,
      32522.633,
      24326.963,
      38512.098,
      35794.19,
      23672.652,
      45743.08,
      39258.684,
      30442.258,
      32094.814,
      21088.96,
      32556.188,
      45852.133,
      31306.285,
      26365.395,
      22003.318,
      24889,
      26742.883,
      22179.48,
      25669.14,
      25174.213,
      104270.4,
      23001.562,
      97861.5,
      35064.383,
      31121.736,
      28655.484,
      41976.594,
      37169.92,
      27472.691,
      84473.28,
      64525.17,
      24167.58,
      40223.375,
      24956.11,
      61262.004,
      84800.44,
      50121.934,
      45785.023,
      27590.13,
      20518.535,
      43796.92,
      22305.309,
      26927.432,
      77586.234,
      38243.664,
      84917.875,
      20837.303,
      19922.943,
      21005.074,
      23932.7,
      53821.31,
      48234.496,
      86318.77,
      42345.69,
      50532.973,
      58191.773,
      17112.76,
      90362.086,
      101200.164,
      72351.74,
      40751.86,
      43864.03,
      60305.703,
      34024.195,
      26197.623,
      173358.97,
      464670.16,
      31398.56,
      32900.12,
      22213.033,
      49434.066,
      24519.9,
      24394.072,
      23848.812,
      26449.281,
      28403.826,
      28999.418,
      25308.43,
      27028.096,
      26164.068,
      48460.99,
      15367.93,
      78852.914
    ],
    "uplinkThroughputBps": [
      90865.4,
      99782.49,
      68635.59,
      51950.65,
      70472.695,
      71194.12,
      64877.496,
      116970.75,
      98104.77,
      82040.586,
      154904.03,
      73702.31,
      112893.88,
      48318.383,
      10032.775,
      14688.452,
      14688.452,
      20786.97,
      10032.775,
      16265.511,
      10586.423,
      10536.092,
      17272.145,
      10536.092,
      10586.423,
      14587.789,
      10032.775,
      47546.63,
      39963.33,
      38897.977,
      10032.775,
      14587.789,
      21189.623,
      10032.775,
      14646.51,
      11467.228,
      74071.41,
      25820.135,
      37295.75,
      68249.71,
      134410.67,
      90362.086,
      67058.53,
      93063.22,
      46632.273,
      11567.891,
      14587.789,
      19771.95,
      10032.775,
      14596.178,
      11274.289,
      10032.775,
      66773.32,
      77888.23,
      102684.95,
      77972.11,
      93088.38,
      125325.805,
      492730.06,
      362278.8,
      438841.62,
      413625.47,
      382596.03,
      275926.47,
      314816.06,
      412602.06,
      438338.3,
      429412.84,
      287074.94,
      318507.06,
      389298.53,
      402367.97,
      512132.9,
      424287.4,
      351499.44,
      447012.16,
      335041,
      432197.88,
      410177.75,
      427433.12,
      363772,
      330922.2,
      362312.38,
      391034.97,
      340250.34,
      331803,
      393509.6,
      354989.12,
      331299.7,
      299926.28,
      363595.8,
      332281.16,
      297627.8,
      338186.72,
      340988.53,
      324270.03,
      336081.2,
      355525.97,
      358571.06,
      320956.53,
      365592.3,
      330452.44,
      387637.56,
      393257.94,
      413751.3,
      283727.88,
      413499.66,
      264576.7,
      383954.97,
      445468.62,
      426258.72,
      346860.56,
      583889.06,
      298231.78,
      405345.94,
      396638.56,
      353823.1,
      483183.8,
      428347.5,
      408575.53,
      581884.2,
      423649.88,
      448069.1,
      398618.25,
      388677.75,
      496664.3,
      342171.3,
      502049.8,
      412467.84,
      386748.38,
      460542.97,
      392024.8,
      224965.69,
      523868.56,
      293181.84,
      489089.4,
      391169.2,
      342213.25,
      362211.72,
      472681.28,
      380129.78,
      261598.73,
      377831.28,
      574208.6,
      329278.03,
      312198.8,
      349939.16,
      746728.7,
      272025.78,
      399851.38,
      394096.8,
      372563.25,
      432969.62,
      353588.22,
      375247.6,
      492293.84,
      421712.1,
      408525.22,
      402930,
      437541.4,
      401462,
      377218.94,
      316611.22,
      395631.9,
      354737.47,
      254434.88,
      417341.62,
      309715.78,
      336257.34,
      354930.4,
      346323.7,
      384038.88,
      364879.28,
      375742.53,
      417350.03,
      369853.72,
      367882.4,
      309338.3,
      517828.78,
      401478.78,
      419422,
      452229.84,
      412962.78,
      368662.53,
      387956.34,
      442943.66,
      437382.03,
      357228.88,
      434253.06,
      444235.5,
      528088.06,
      493661.2,
      305018.2,
      443069.5,
      407535.34,
      280766.72,
      410228.1,
      356121.56,
      75396.81,
      75614.914,
      70254.59,
      75371.64,
      260432.72,
      2.1184926e+07,
      9.286944e+06,
      1.1386319e+07,
      1.1232732e+07,
      1.1830538e+07,
      1.5471479e+07,
      1.134352e+07,
      9.758317e+06,
      1.2848873e+07,
      1.0243069e+07,
      1.262972e+07,
      9.262667e+06,
      1.3429708e+07,
      1.0896517e+07,
      1.2292154e+07,
      8.801e+06,
      1.2841248e+07,
      1.0371507e+07,
      9.434693e+06,
      8.332522e+06,
      1.3522319e+07,
      1.8610496e+07,
      1.8554216e+07,
      1.3792054e+07,
      1.270104e+07,
      1.6315163e+07,
      1.756546e+07,
      1.6000037e+07,
      1.7457758e+07,
      1.5846567e+07,
      1.8267478e+07,
      1.6251577e+07,
      1.4965461e+07,
      1.5366143e+07,
      1.2932457e+07,
      1.2704379e+07,
      1.2513538e+07,
      1.1430586e+07,
      1.1587025e+07,
      1.4153318e+07,
      1.123373e+07,
      1.0851185e+07,
      1.5913617e+07,
      1.2633135e+07,
      1.1249409e+07,
      1.0220848e+07,
      1.1162008e+07,
      1.2553158e+07,
      1.0618887e+07,
      5.6039175e+06,
      9.357241e+06,
      9.333148e+06,
      9.164286e+06,
      7.5322905e+06,
      1.3327971e+07,
      9.164655e+06,
      1.3288209e+07,
      1.1155104e+07,
      1.128069e+07,
      1.3631018e+07,
      1.1337363e+07,
      8.801546e+06,
      1.5631315e+07,
      1.0845162e+07,
      3.127877e+06,
      4.0514208e+06,
      7.692337e+06,
      4.7164195e+06,
      4.9751825e+06,
      3.8794375e+06,
      5.2718125e+06,
      3.7071942e+06,
      5.573173e+06,
      4.5725465e+06,
      4.350248e+06,
      4.4685945e+06,
      4.0225052e+06,
      4.3324645e+06,
      3.5605028e+06,
      9.897484e+06,
      1.659931e+07,
      1.446175e+07,
      1.8062182e+07,
      1.5388348e+07,
      1.713702e+07,
      1.3119053e+07,
      1.0462247e+07,
      1.1610085e+07,
      2.1064616e+07,
      1.9394194e+07,
      1.719611e+07,
      1.3759448e+07,
      1.4243806e+07,
      1.70289e+07,
      1.5356748e+07,
      1.6476728e+07,
      1.849782e+07,
      1.6463356e+07,
      1.5953983e+07,
      1.471866e+07,
      1.8182056e+07,
      1.4632593e+07,
      1.685768e+07,
      1.2228334e+07,
      1.6480377e+07,
      1.5449853e+07,
      1.0408836e+07,
      1.4619431e+07,
      1.3461132e+07,
      6.3966995e+06,
      8.624882e+06,
      8.263685e+06,
      7.501999e+06,
      9.944678e+06,
      6.821339e+06,
      8.055295e+06,
      8.921796e+06,
      7.869756e+06,
      8.50937e+06,
      8.1246855e+06,
      7.347439e+06,
      7.7847035e+06,
      175347.08,
      77871.445,
      88885.69,
      133034.94,
      71949.09,
      86687.875,
      83483.43,
      152328.73,
      71017.95,
      67436.02,
      48821.7,
      317030.66,
      79725.33,
      76613.16,
      72167.195,
      75866.57,
      42463.133,
      58401.49,
      79280.734,
      346667.62,
      89682.61,
      66790.09,
      49165.633,
      63417.875,
      55851.35,
      83919.63,
      83114.33,
      87090.53,
      48242.883,
      98666.805,
      75765.91,
      83894.47,
      103062.44,
      93189.05,
      67721.234,
      44543.508,
      61144.562,
      98515.81,
      71286.39,
      73106.72,
      62696.457,
      64558.727,
      72284.63,
      68518.15,
      107172.86,
      84666.22,
      46330.28,
      71630.32,
      63191.383,
      99581.164,
      65565.36,
      63459.82,
      48746.2,
      52823.066,
      48670.703,
      77066.14,
      83617.65,
      77879.836,
      62394.465,
      38008.78,
      78785.805,
      72259.47,
      68870.47,
      54886.664,
      211527.14,
      353462.38,
      87770.01,
      94707.38,
      64239.96,
      95076.484,
      78282.49,
      63753.42,
      68190.99,
      68056.77,
      71034.734,
      62486.742,
      60825.797,
      74516.01,
      64432.9,
      63057.168,
      66228.06,
      71730.984,
      50994.348,
      60179.875,
      81763.766,
      64583.895,
      44828.723,
      75472.305,
      61824.04,
      64936.215,
      97827.945,
      56866.375,
      66471.33,
      86654.32,
      60834.184,
      60825.797,
      96309.61,
      62142.81,
      66169.34,
      66211.28,
      67452.8,
      76042.734,
      83324.05,
      61882.76,
      56363.06,
      72343.35,
      73660.37,
      83164.66,
      68409.1,
      48821.7,
      66102.234,
      60020.492,
      73039.61,
      96141.836,
      69231.18,
      64114.133,
      62092.477,
      84783.664,
      65380.812,
      49014.637,
      44207.965,
      58057.555,
      76940.31,
      81981.87,
      62352.523,
      69289.9,
      76218.89,
      74230.79,
      64265.125,
      142631.5,
      86427.83,
      63979.914,
      83416.32,
      59710.113,
      58242.105,
      83391.15,
      59500.4,
      68937.58,
      71663.875,
      84716.555,
      57537.46,
      78869.695,
      73912.02,
      70741.13,
      64164.46,
      60775.465,
      70925.68,
      71412.22,
      44283.46,
      67201.14,
      87333.8,
      59265.516,
      70925.68,
      83508.59,
      58778.977,
      58342.77,
      70212.65,
      54215.574,
      77770.78,
      65926.07,
      62704.844,
      86897.59,
      54223.96,
      66546.83,
      73752.64,
      69247.96,
      60381.2,
      62277.027,
      96418.664,
      84464.89,
      62067.312,
      71454.164,
      76437,
      48117.055,
      74339.84,
      60255.37,
      61102.62,
      69466.06,
      64130.906,
      77191.97,
      74281.125,
      83743.48,
      46095.402,
      95898.57,
      85404.42,
      77099.695,
      2.781227e+07,
      3.257289e+08,
      3.2399587e+08,
      3.23223e+08,
      3.262776e+08,
      3.217271e+08,
      3.2699843e+08,
      3.2046442e+08,
      3.2976637e+08,
      3.187682e+08,
      3.2752374e+08,
      3.2392576e+08,
      3.203299e+08,
      3.277462e+08,
      3.2243594e+08,
      3.2829856e+08,
      3.192466e+08,
      3.2477184e+08,
      3.2535082e+08,
      3.240584e+08,
      3.2676662e+08,
      3.2000435e+08,
      3.267948e+08,
      3.257715e+08,
      3.2173814e+08,
      3.233019e+08,
      3.2460266e+08,
      3.2236717e+08,
      3.2504835e+08,
      3.246416e+08,
      3.2419514e+08,
      3.2618154e+08,
      3.187152e+08,
      3.2773846e+08,
      3.2084246e+08,
      3.2599187e+08,
      3.2042806e+08,
      3.2724925e+08,
      3.2690832e+08,
      3.2285254e+08,
      3.2188112e+08,
      3.2382218e+08,
      3.2333405e+08,
      3.29035e+08,
      3.2319888e+08,
      3.2042314e+08,
      3.2548058e+08,
      3.23339e+08,
      3.263343e+08,
      3.1969248e+08,
      3.246401e+08,
      3.3137277e+08,
      3.176644e+08,
      2.739698e+08,
      3.569253e+08,
      3.4046704e+08,
      3.2837776e+08,
      3.248937e+08,
      3.2220774e+08,
      3.216015e+08,
      3.2637667e+08,
      3.238378e+08,
      3.225744e+08,
      3.228111e+08,
      3.299943e+08,
      3.212839e+08,
      3.239306e+08,
      3.2599626e+08,
      3.212347e+08,
      3.2374688e+08,
      3.250183e+08,
      3.2468112e+08,
      3.2278694e+08,
      3.2572525e+08,
      3.238531e+08,
      3.2412493e+08,
      3.2299507e+08,
      3.2498883e+08,
      3.2630195e+08,
      3.1972733e+08,
      3.2651226e+08,
      3.277454e+08,
      3.209826e+08,
      3.2029776e+08,
      3.2351254e+08,
      3.2389008e+08,
      3.2788435e+08,
      3.2367635e+08,
      3.2073258e+08,
      3.2669366e+08,
      3.2534544e+08,
      3.2578986e+08,
      3.2155216e+08,
      3.2242304e+08,
      3.2374707e+08,
      3.265033e+08,
      3.1930557e+08,
      3.317439e+08,
      3.2001942e+08,
      3.2919894e+08,
      3.2174595e+08,
      3.192425e+08,
      3.290288e+08,
      3.2277568e+08,
      3.222581e+08,
      3.2394675e+08,
      3.247703e+08,
      3.2531357e+08,
      3.2167517e+08,
      3.2748525e+08,
      3.2560064e+08,
      3.2030835e+08,
      3.259451e+08,
      3.2390157e+08,
      3.2184448e+08,
      3.2434064e+08,
      3.2921008e+08,
      3.2101264e+08,
      3.234389e+08,
      3.253683e+08,
      2.9375312e+08,
      95151.984,
      77426.85,
      100218.7,
      75069.66,
      68769.805,
      103658.03,
      74239.18,
      82711.67,
      85555.414,
      70464.305,
      97937,
      94262.79,
      94145.34,
      84934.66,
      74281.125,
      188475.25,
      70028.1,
      69432.51,
      96301.22,
      83240.16,
      84976.6,
      57755.566,
      62084.086,
      74356.625,
      97400.125,
      83651.195,
      83567.31,
      73291.266,
      46514.832,
      41666.215,
      81017.18,
      67855.45,
      85916.125,
      58359.547,
      63711.477,
      68820.14,
      78685.14,
      91880.42,
      87702.9,
      51120.176,
      43679.48,
      41825.598,
      97978.945,
      67092.086,
      72561.46,
      54458.844,
      51363.445,
      49207.574,
      70548.195,
      76017.56,
      23496.49,
      23496.49,
      68400.71,
      71093.45,
      81663.1,
      103448.31,
      101091.12,
      77829.51,
      69549.945,
      96225.72,
      65045.266,
      81117.836,
      64760.055,
      77728.84,
      70741.13,
      71118.62,
      69029.85,
      71848.43,
      70086.82,
      73853.305,
      118883.35,
      201427.25,
      122154.91,
      138420.42,
      108892.52,
      71915.54,
      84943.05,
      77586.234,
      590910.3,
      72754.4,
      96661.93,
      185119.8,
      59726.89,
      77384.91,
      74725.72,
      117692.17,
      99497.28,
      156380.44,
      55331.258,
      119017.57,
      83080.77,
      94078.24,
      62201.527,
      62503.52,
      66513.27,
      83391.15,
      60179.875,
      81335.945,
      71932.31,
      64684.555,
      54114.91,
      54442.066,
      71160.56,
      80253.81,
      73031.22,
      80656.47,
      69415.734,
      1.32250536e+08,
      3.1845005e+08,
      3.282016e+08,
      3.2158214e+08,
      2.9178486e+08,
      2.8810746e+08,
      3.8717827e+08,
      3.347638e+08,
      3.2455418e+08,
      3.236512e+08,
      3.1969603e+08,
      3.2249622e+08,
      3.290039e+08,
      3.2046858e+08,
      3.2328534e+08,
      3.273959e+08,
      3.209848e+08,
      3.265711e+08,
      3.2392637e+08,
      3.218785e+08,
      3.2888432e+08,
      3.256964e+08,
      3.2113603e+08,
      3.2582144e+08,
      3.1978752e+08,
      3.1925258e+08,
      3.269443e+08,
      3.2670566e+08,
      3.2013875e+08,
      3.2630016e+08,
      3.2368406e+08,
      3.2566038e+08,
      3.3263738e+08,
      3.1633997e+08,
      3.2186685e+08,
      3.2269552e+08,
      3.2889123e+08,
      3.183346e+08,
      3.2780115e+08,
      3.2401885e+08,
      3.2701702e+08,
      3.2100394e+08,
      3.2686205e+08,
      3.2519107e+08,
      3.220653e+08,
      3.2189578e+08,
      3.2396362e+08,
      3.2367658e+08,
      3.2627926e+08,
      3.2129584e+08,
      3.2679376e+08,
      3.2302173e+08,
      3.2351232e+08,
      3.2982432e+08,
      3.2220758e+08,
      3.1936512e+08,
      3.256942e+08,
      3.2441395e+08,
      3.2636064e+08,
      3.2028666e+08,
      3.2616666e+08,
      3.2434838e+08,
      3.2109523e+08,
      3.2729853e+08,
      3.2471e+08,
      3.2047533e+08,
      3.2432323e+08,
      3.245655e+08,
      3.2460502e+08,
      3.240182e+08,
      3.275231e+08,
      3.211475e+08,
      3.2458643e+08,
      3.2292214e+08,
      3.2602586e+08,
      3.2101754e+08,
      3.3090454e+08,
      3.1952432e+08,
      3.2423952e+08,
      3.2745053e+08,
      3.2259546e+08,
      3.229978e+08,
      3.2250317e+08,
      3.2623488e+08,
      3.22488e+08,
      3.2606262e+08,
      3.259243e+08,
      3.248047e+08,
      3.224375e+08,
      3.175207e+08,
      3.2922675e+08,
      3.2218122e+08,
      3.215977e+08,
      3.2744304e+08,
      3.2351808e+08,
      3.2189917e+08,
      3.2507402e+08,
      3.258456e+08,
      3.2399075e+08,
      3.228432e+08,
      3.256934e+08,
      3.2479235e+08,
      3.2282106e+08,
      3.2268982e+08,
      3.2568573e+08,
      3.2323597e+08,
      3.2442816e+08,
      3.2244285e+08,
      3.2555565e+08,
      3.2670304e+08,
      3.2153078e+08,
      3.2736608e+08,
      3.1963517e+08,
      3.2539466e+08,
      3.2309654e+08,
      3.265749e+08,
      3.227674e+08,
      3.2540918e+08,
      3.232886e+08,
      3.2467235e+08,
      1.9434354e+08,
      104228.45,
      88818.58,
      73257.71,
      76135.01,
      69172.46,
      72720.84,
      66748.16,
      125762.01,
      87929.39,
      81386.27,
      81461.77,
      82728.45,
      99094.625,
      71672.266,
      71370.27,
      50541.363,
      69793.22,
      87015.03,
      87837.12,
      51615.105,
      58074.332,
      74230.79,
      102349.41,
      116073.17,
      100998.84,
      73576.484,
      58183.387,
      64223.184,
      74113.35,
      78869.695,
      66488.11,
      40265.32,
      62193.14,
      67863.836,
      94472.5,
      77552.68,
      50583.305,
      85387.64,
      53838.086,
      68341.99
    ],
    "outages": [
      {
        "cause": "BOOTING",
        "startTimestampNs": "1400966258979737311",
        "durationNs": "276421040680",
        "didSwitch": false
      },
      {
        "cause": "NO_SCHEDULE",
        "startTimestampNs": "1400966535780690220",
        "durationNs": "9620056390",
        "didSwitch": false
      },
      {
        "cause": "NO_PINGS",
        "startTimestampNs": "1400966545460567945",
        "durationNs": "6040303363",
        "didSwitch": false
      },
      {
        "cause": "NO_DOWNLINK",
        "startTimestampNs": "1400967156780664071",
        "durationNs": "1040055924",
        "didSwitch": true
      },
      {
        "cause": "OBSTRUCTED",
        "startTimestampNs": "1400967174680799011",
        "durationNs": "499972402",
        "didSwitch": true
      },
      {
        "cause": "NO_DOWNLINK",
        "startTimestampNs": "1400967350840710370",
        "durationNs": "879961243",
        "didSwitch": true
      },
      {
        "cause": "NO_DOWNLINK",
        "startTimestampNs": "1400967392540766095",
        "durationNs": "879962424",
        "didSwitch": true
      },
      {
        "cause": "NO_DOWNLINK",
        "startTimestampNs": "1400967764040770283",
        "durationNs": "499995476",
        "didSwitch": true
      },
      {
        "cause": "NO_DOWNLINK",
        "startTimestampNs": "1400967838120840807",
        "durationNs": "719950061",
        "didSwitch": true
      },
      {
        "cause": "NO_DOWNLINK",
        "startTimestampNs": "1400967978360704548",
        "durationNs": "640135585",
        "didSwitch": true
      },
      {
        "cause": "OBSTRUCTED",
        "startTimestampNs": "1400968093860713921",
        "durationNs": "1000014453",
        "didSwitch": true
      },
      {
        "cause": "NO_PINGS",
        "startTimestampNs": "1400968883800825016",
        "durationNs": "919975022",
        "didSwitch": true
      },
      {
        "cause": "NO_PINGS",
        "startTimestampNs": "1400968971740838555",
        "durationNs": "719940477",
        "didSwitch": true
      },
      {
        "cause": "NO_DOWNLINK",
        "startTimestampNs": "1400969655680843935",
        "durationNs": "379956329",
        "didSwitch": true
      }
    ]
  }
}
End time: 1716934460395
