Start time: 1716937014339
[2024-05-28 18:57:18.654521] Connecting to host 35.245.244.238, port 5202
[2024-05-28 18:57:18.655868] Reverse mode, remote host 35.245.244.238 is sending
[2024-05-28 18:57:18.656018] [  5] local 10.106.41.156 port 43559 connected to 35.245.244.238 port 5202
[2024-05-28 18:57:18.656131] [ ID] Interval           Transfer     Bitrate         Jitter    Lost/Total Datagrams
[2024-05-28 18:57:18.656239] [  5]   0.00-0.50   sec  3.03 MBytes  50.9 Mbits/sec  0.622 ms  13325/15598 (85%)  
[2024-05-28 18:57:18.656341] [  5]   0.50-1.00   sec  4.59 MBytes  77.1 Mbits/sec  0.183 ms  25149/28588 (88%)  
[2024-05-28 18:57:18.656445] [  5]   1.00-1.50   sec  4.30 MBytes  72.0 Mbits/sec  0.771 ms  19655/22872 (86%)  
[2024-05-28 18:57:18.656545] [  5]   1.50-2.00   sec  4.01 MBytes  67.2 Mbits/sec  0.259 ms  19671/22672 (87%)  
[2024-05-28 18:57:18.656645] [  5]   2.00-2.50   sec  4.27 MBytes  71.7 Mbits/sec  0.164 ms  18969/22169 (86%)  
[2024-05-28 18:57:18.656743] [  5]   2.50-3.00   sec  4.64 MBytes  77.8 Mbits/sec  0.775 ms  19376/22849 (85%)  
[2024-05-28 18:57:18.656844] [  5]   3.00-3.50   sec  4.68 MBytes  78.5 Mbits/sec  0.928 ms  17261/20767 (83%)  
[2024-05-28 18:57:18.656943] [  5]   3.50-4.00   sec  0.00 Bytes  0.00 bits/sec  0.928 ms  0/0 (0%)  
[2024-05-28 18:57:18.657040] [  5]   4.00-4.50   sec  2.99 MBytes  50.2 Mbits/sec  0.177 ms  43553/45793 (95%)  
[2024-05-28 18:57:18.657139] [  5]   4.50-5.00   sec  4.40 MBytes  73.7 Mbits/sec  0.383 ms  18739/22031 (85%)  
[2024-05-28 18:57:18.657239] [  5]   5.00-5.50   sec  5.49 MBytes  92.1 Mbits/sec  0.110 ms  17844/21955 (81%)  
[2024-05-28 18:57:18.657337] [  5]   5.50-6.00   sec  4.82 MBytes  80.9 Mbits/sec  0.124 ms  19094/22704 (84%)  
[2024-05-28 18:57:18.657435] [  5]   6.00-6.50   sec  5.01 MBytes  84.1 Mbits/sec  0.257 ms  17667/21420 (82%)  
[2024-05-28 18:57:18.657532] [  5]   6.50-7.00   sec  6.33 MBytes   106 Mbits/sec  0.090 ms  17465/22206 (79%)  
[2024-05-28 18:57:18.657628] [  5]   7.00-7.50   sec  6.12 MBytes   103 Mbits/sec  0.485 ms  16875/21460 (79%)  
[2024-05-28 18:57:18.657726] [  5]   7.50-8.00   sec  5.43 MBytes  91.1 Mbits/sec  0.184 ms  19757/23823 (83%)  
[2024-05-28 18:57:18.657827] [  5]   8.00-8.50   sec  5.26 MBytes  88.3 Mbits/sec  0.117 ms  18715/22657 (83%)  
[2024-05-28 18:57:18.657931] [  5]   8.50-9.00   sec  5.86 MBytes  98.3 Mbits/sec  0.079 ms  17950/22339 (80%)  
[2024-05-28 18:57:18.658028] [  5]   9.00-9.50   sec  6.61 MBytes   111 Mbits/sec  0.097 ms  17247/22196 (78%)  
[2024-05-28 18:57:18.658124] [  5]   9.50-10.00  sec  6.84 MBytes   115 Mbits/sec  0.037 ms  17208/22330 (77%)  
[2024-05-28 18:57:18.658220] [  5]  10.00-10.50  sec  7.09 MBytes   119 Mbits/sec  0.106 ms  16990/22300 (76%)  
[2024-05-28 18:57:18.658318] [  5]  10.50-11.00  sec  8.16 MBytes   137 Mbits/sec  0.094 ms  16055/22163 (72%)  
[2024-05-28 18:57:18.658574] [  5]  11.00-11.50  sec  4.72 MBytes  79.1 Mbits/sec  0.158 ms  11709/15242 (77%)  
[2024-05-28 18:57:18.658696] [  5]  11.50-12.00  sec  8.96 MBytes   150 Mbits/sec  0.088 ms  23283/29994 (78%)  
[2024-05-28 18:57:18.658801] [  5]  12.00-12.50  sec  9.32 MBytes   156 Mbits/sec  0.134 ms  15093/22076 (68%)  
[2024-05-28 18:57:18.658900] [  5]  12.50-13.00  sec  10.1 MBytes   169 Mbits/sec  0.100 ms  14006/21568 (65%)  
[2024-05-28 18:57:18.659001] [  5]  13.00-13.50  sec  8.76 MBytes   147 Mbits/sec  0.164 ms  16397/22957 (71%)  
[2024-05-28 18:57:18.659104] [  5]  13.50-14.00  sec  7.88 MBytes   132 Mbits/sec  0.104 ms  16091/21991 (73%)  
[2024-05-28 18:57:18.659203] [  5]  14.00-14.50  sec  8.50 MBytes   143 Mbits/sec  0.136 ms  16278/22648 (72%)  
[2024-05-28 18:57:18.659301] [  5]  14.50-15.00  sec  8.65 MBytes   145 Mbits/sec  0.128 ms  15576/22052 (71%)  
[2024-05-28 18:57:18.659399] [  5]  15.00-15.50  sec  6.68 MBytes   112 Mbits/sec  0.195 ms  17332/22337 (78%)  
[2024-05-28 18:57:18.659497] [  5]  15.50-16.00  sec  6.19 MBytes   104 Mbits/sec  0.631 ms  16472/21106 (78%)  
[2024-05-28 18:57:18.659596] [  5]  16.00-16.50  sec  8.32 MBytes   139 Mbits/sec  0.107 ms  17516/23745 (74%)  
[2024-05-28 18:57:18.659747] [  5]  16.50-17.00  sec  7.09 MBytes   119 Mbits/sec  0.085 ms  17162/22473 (76%)  
[2024-05-28 18:57:18.659855] [  5]  17.00-17.50  sec  6.09 MBytes   102 Mbits/sec  0.268 ms  17583/22146 (79%)  
[2024-05-28 18:57:18.659959] [  5]  17.50-18.00  sec  5.96 MBytes   100 Mbits/sec  0.365 ms  17928/22394 (80%)  
[2024-05-28 18:57:18.660060] [  5]  18.00-18.50  sec  5.46 MBytes  91.6 Mbits/sec  0.148 ms  17585/21672 (81%)  
[2024-05-28 18:57:18.660159] [  5]  18.50-19.00  sec  4.99 MBytes  83.7 Mbits/sec  0.162 ms  19066/22802 (84%)  
[2024-05-28 18:57:18.660259] [  5]  19.00-19.50  sec  4.24 MBytes  71.1 Mbits/sec  0.151 ms  19105/22278 (86%)  
[2024-05-28 18:57:18.660362] [  5]  19.50-20.00  sec  5.09 MBytes  85.4 Mbits/sec  0.189 ms  18772/22586 (83%)  
[2024-05-28 18:57:18.660463] [  5]  20.00-20.50  sec  6.33 MBytes   106 Mbits/sec  0.099 ms  17356/22097 (79%)  
[2024-05-28 18:57:18.660561] [  5]  20.50-21.00  sec  6.20 MBytes   104 Mbits/sec  0.264 ms  18034/22679 (80%)  
[2024-05-28 18:57:18.660660] [  5]  21.00-21.50  sec  4.91 MBytes  82.5 Mbits/sec  0.110 ms  18507/22188 (83%)  
[2024-05-28 18:57:18.660759] [  5]  21.50-22.00  sec  4.12 MBytes  69.1 Mbits/sec  0.427 ms  18659/21745 (86%)  
[2024-05-28 18:57:18.660856] [  5]  22.00-22.50  sec  4.57 MBytes  76.7 Mbits/sec  0.091 ms  18816/22242 (85%)  
[2024-05-28 18:57:43.154495] [  5]  22.50-23.00  sec  4.62 MBytes  77.5 Mbits/sec  0.200 ms  18923/22382 (85%)  
[2024-05-28 18:57:43.154963] [  5]  23.00-23.50  sec  4.34 MBytes  72.8 Mbits/sec  0.235 ms  19450/22702 (86%)  
[2024-05-28 18:57:43.155102] [  5]  23.50-24.00  sec  4.61 MBytes  77.4 Mbits/sec  0.219 ms  19129/22585 (85%)  
[2024-05-28 18:57:43.155213] [  5]  24.00-24.50  sec  4.48 MBytes  75.1 Mbits/sec  0.386 ms  18959/22313 (85%)  
[2024-05-28 18:57:43.155318] [  5]  24.50-25.00  sec  4.87 MBytes  81.8 Mbits/sec  0.139 ms  18131/21781 (83%)  
[2024-05-28 18:57:43.155420] [  5]  25.00-25.50  sec  4.43 MBytes  74.3 Mbits/sec  0.105 ms  19044/22359 (85%)  
[2024-05-28 18:57:43.155522] [  5]  25.50-26.00  sec  5.03 MBytes  84.3 Mbits/sec  0.134 ms  19007/22771 (83%)  
[2024-05-28 18:57:43.155621] [  5]  26.00-26.50  sec   308 KBytes  5.03 Mbits/sec  1.015 ms  1674/1899 (88%)  
[2024-05-28 18:57:43.155720] [  5]  26.50-27.00  sec  2.86 MBytes  48.0 Mbits/sec  0.140 ms  40193/42335 (95%)  
[2024-05-28 18:57:43.155820] [  5]  27.00-27.50  sec  4.84 MBytes  81.3 Mbits/sec  0.189 ms  19372/23000 (84%)  
[2024-05-28 18:57:43.155919] [  5]  27.50-28.00  sec  4.64 MBytes  77.9 Mbits/sec  0.251 ms  18484/21962 (84%)  
[2024-05-28 18:57:43.156017] [  5]  28.00-28.50  sec  4.09 MBytes  68.7 Mbits/sec  0.378 ms  18744/21810 (86%)  
[2024-05-28 18:57:43.156116] [  5]  28.50-29.00  sec  4.48 MBytes  75.2 Mbits/sec  0.138 ms  19434/22790 (85%)  
[2024-05-28 18:57:43.156216] [  5]  29.00-29.50  sec  3.68 MBytes  61.7 Mbits/sec  0.271 ms  15743/18500 (85%)  
[2024-05-28 18:57:43.156318] [  5]  29.50-30.00  sec  0.00 Bytes  0.00 bits/sec  0.271 ms  0/0 (0%)  
[2024-05-28 18:57:43.156421] [  5]  30.00-30.50  sec  4.10 MBytes  68.8 Mbits/sec  0.132 ms  45538/48608 (94%)  
[2024-05-28 18:57:43.156522] [  5]  30.50-31.00  sec  5.04 MBytes  84.5 Mbits/sec  0.442 ms  18240/22014 (83%)  
[2024-05-28 18:57:43.156624] [  5]  31.00-31.50  sec  4.78 MBytes  80.2 Mbits/sec  0.139 ms  19012/22592 (84%)  
[2024-05-28 18:57:43.156724] [  5]  31.50-32.00  sec  4.27 MBytes  71.6 Mbits/sec  0.349 ms  19297/22496 (86%)  
[2024-05-28 18:57:43.156822] [  5]  32.00-32.50  sec  2.94 MBytes  49.3 Mbits/sec  0.333 ms  14387/16588 (87%)  
[2024-05-28 18:57:43.156920] [  5]  32.50-33.00  sec  1.98 MBytes  33.3 Mbits/sec  0.126 ms  19636/21121 (93%)  
[2024-05-28 18:57:43.157020] [  5]  33.00-33.50  sec  5.37 MBytes  90.1 Mbits/sec  0.154 ms  25275/29298 (86%)  
[2024-05-28 18:57:43.157123] [  5]  33.50-34.00  sec  5.60 MBytes  93.9 Mbits/sec  0.555 ms  17527/21721 (81%)  
[2024-05-28 18:57:43.157224] [  5]  34.00-34.50  sec  5.95 MBytes  99.8 Mbits/sec  0.085 ms  17868/22323 (80%)  
[2024-05-28 18:57:43.157325] [  5]  34.50-35.00  sec  6.05 MBytes   101 Mbits/sec  0.051 ms  16867/21399 (79%)  
[2024-05-28 18:57:43.157454] [  5]  35.00-35.50  sec  2.50 MBytes  42.0 Mbits/sec  0.249 ms  7515/9390 (80%)  
[2024-05-28 18:57:43.157555] [  5]  35.50-36.00  sec  0.00 Bytes  0.00 bits/sec  0.249 ms  0/0 (0%)  
[2024-05-28 18:57:43.157657] [  5]  36.00-36.50  sec  6.02 MBytes   101 Mbits/sec  0.309 ms  53652/58162 (92%)  
[2024-05-28 18:57:43.157756] [  5]  36.50-37.00  sec  5.69 MBytes  95.5 Mbits/sec  0.173 ms  18830/23094 (82%)  
[2024-05-28 18:57:43.157855] [  5]  37.00-37.50  sec  5.81 MBytes  97.5 Mbits/sec  0.106 ms  18180/22532 (81%)  
[2024-05-28 18:57:43.157954] [  5]  37.50-38.00  sec  5.49 MBytes  92.2 Mbits/sec  0.633 ms  17772/21887 (81%)  
[2024-05-28 18:57:43.158051] [  5]  38.00-38.50  sec  5.00 MBytes  83.9 Mbits/sec  0.366 ms  18454/22198 (83%)  
[2024-05-28 18:57:43.158147] [  5]  38.50-39.00  sec  5.67 MBytes  95.1 Mbits/sec  0.091 ms  17896/22142 (81%)  
[2024-05-28 18:57:43.158244] [  5]  39.00-39.50  sec  6.36 MBytes   107 Mbits/sec  0.110 ms  17830/22597 (79%)  
[2024-05-28 18:57:43.158341] [  5]  39.50-40.00  sec  5.75 MBytes  96.5 Mbits/sec  0.146 ms  18293/22599 (81%)  
[2024-05-28 18:57:43.158525] [  5]  40.00-40.50  sec  6.29 MBytes   106 Mbits/sec  0.313 ms  17521/22232 (79%)  
[2024-05-28 18:57:43.158635] [  5]  40.50-41.00  sec  5.38 MBytes  90.3 Mbits/sec  0.193 ms  18015/22045 (82%)  
[2024-05-28 18:57:43.158735] [  5]  41.00-41.50  sec  5.55 MBytes  93.1 Mbits/sec  0.163 ms  18492/22648 (82%)  
[2024-05-28 18:57:43.158838] [  5]  41.50-42.00  sec  4.98 MBytes  83.6 Mbits/sec  0.406 ms  18073/21805 (83%)  
[2024-05-28 18:57:43.158938] [  5]  42.00-42.50  sec  5.27 MBytes  88.4 Mbits/sec  0.091 ms  18728/22673 (83%)  
[2024-05-28 18:57:43.159037] [  5]  42.50-43.00  sec  5.18 MBytes  86.9 Mbits/sec  0.153 ms  17781/21662 (82%)  
[2024-05-28 18:57:43.159138] [  5]  43.00-43.50  sec  5.31 MBytes  89.1 Mbits/sec  0.099 ms  19066/23041 (83%)  
[2024-05-28 18:57:43.159238] [  5]  43.50-44.00  sec  4.94 MBytes  83.0 Mbits/sec  0.151 ms  18499/22202 (83%)  
[2024-05-28 18:57:43.159336] [  5]  44.00-44.50  sec  4.44 MBytes  74.6 Mbits/sec  0.438 ms  18624/21952 (85%)  
[2024-05-28 18:57:43.159432] [  5]  44.50-45.00  sec  5.11 MBytes  85.7 Mbits/sec  0.342 ms  18727/22555 (83%)  
[2024-05-28 18:57:43.159529] [  5]  45.00-45.50  sec  5.51 MBytes  92.5 Mbits/sec  0.177 ms  18319/22448 (82%)  
[2024-05-28 18:57:43.159628] [  5]  45.50-46.00  sec  5.60 MBytes  93.9 Mbits/sec  0.208 ms  18305/22498 (81%)  
[2024-05-28 18:57:43.159724] [  5]  46.00-46.50  sec  5.77 MBytes  96.7 Mbits/sec  0.088 ms  18063/22381 (81%)  
[2024-05-28 18:57:43.159823] [  5]  46.50-47.00  sec  5.32 MBytes  89.3 Mbits/sec  0.400 ms  18327/22315 (82%)  
[2024-05-28 18:58:07.654182] [  5]  47.00-47.50  sec  4.99 MBytes  83.7 Mbits/sec  0.402 ms  18529/22264 (83%)  
[2024-05-28 18:58:07.654336] [  5]  47.50-48.00  sec  5.41 MBytes  90.8 Mbits/sec  0.113 ms  18054/22109 (82%)  
[2024-05-28 18:58:07.654369] [  5]  48.00-48.50  sec  5.51 MBytes  92.5 Mbits/sec  0.105 ms  18430/22559 (82%)  
[2024-05-28 18:58:07.654415] [  5]  48.50-49.00  sec  6.05 MBytes   102 Mbits/sec  0.340 ms  17854/22389 (80%)  
[2024-05-28 18:58:07.654443] [  5]  49.00-49.50  sec  6.28 MBytes   105 Mbits/sec  0.200 ms  17463/22163 (79%)  
[2024-05-28 18:58:07.654467] [  5]  49.50-50.00  sec  6.87 MBytes   115 Mbits/sec  0.072 ms  16847/21995 (77%)  
[2024-05-28 18:58:07.654492] [  5]  50.00-50.50  sec  6.01 MBytes   101 Mbits/sec  0.053 ms  18397/22897 (80%)  
[2024-05-28 18:58:07.654515] [  5]  50.50-51.00  sec  6.46 MBytes   108 Mbits/sec  0.193 ms  17443/22279 (78%)  
[2024-05-28 18:58:07.654539] [  5]  51.00-51.50  sec  6.38 MBytes   107 Mbits/sec  0.067 ms  17193/21970 (78%)  
[2024-05-28 18:58:07.654562] [  5]  51.50-52.00  sec  6.51 MBytes   109 Mbits/sec  0.057 ms  17598/22474 (78%)  
[2024-05-28 18:58:07.654585] [  5]  52.00-52.50  sec  5.89 MBytes  98.8 Mbits/sec  0.175 ms  17920/22330 (80%)  
[2024-05-28 18:58:07.654608] [  5]  52.50-53.00  sec  5.56 MBytes  93.3 Mbits/sec  0.137 ms  18339/22504 (81%)  
[2024-05-28 18:58:07.654643] [  5]  53.00-53.50  sec  5.29 MBytes  88.7 Mbits/sec  0.106 ms  18268/22229 (82%)  
[2024-05-28 18:58:07.654669] [  5]  53.50-54.00  sec  4.95 MBytes  83.0 Mbits/sec  0.237 ms  18544/22249 (83%)  
[2024-05-28 18:58:07.654692] [  5]  54.00-54.50  sec  2.11 MBytes  35.4 Mbits/sec  2.022 ms  8002/9583 (84%)  
[2024-05-28 18:58:07.654714] [  5]  54.50-55.00  sec  5.38 MBytes  90.3 Mbits/sec  0.214 ms  30615/34645 (88%)  
[2024-05-28 18:58:07.654737] [  5]  55.00-55.50  sec  5.01 MBytes  84.0 Mbits/sec  0.138 ms  19262/23013 (84%)  
[2024-05-28 18:58:07.654761] [  5]  55.50-56.00  sec  5.55 MBytes  93.1 Mbits/sec  0.181 ms  18018/22173 (81%)  
[2024-05-28 18:58:07.654783] [  5]  56.00-56.50  sec  6.41 MBytes   108 Mbits/sec  0.125 ms  17100/21901 (78%)  
[2024-05-28 18:58:07.654805] [  5]  56.50-57.00  sec  6.04 MBytes   101 Mbits/sec  0.061 ms  18054/22581 (80%)  
[2024-05-28 18:58:07.654827] [  5]  57.00-57.50  sec  6.48 MBytes   109 Mbits/sec  0.081 ms  17632/22485 (78%)  
[2024-05-28 18:58:07.654850] [  5]  57.50-58.00  sec  6.10 MBytes   102 Mbits/sec  0.127 ms  17728/22298 (80%)  
[2024-05-28 18:58:07.654871] [  5]  58.00-58.50  sec  5.44 MBytes  91.3 Mbits/sec  0.242 ms  18228/22304 (82%)  
[2024-05-28 18:58:07.654894] [  5]  58.50-59.00  sec  5.11 MBytes  85.8 Mbits/sec  0.121 ms  18230/22059 (83%)  
[2024-05-28 18:58:07.654917] [  5]  59.00-59.50  sec  5.15 MBytes  86.4 Mbits/sec  0.484 ms  16755/20612 (81%)  
[2024-05-28 18:58:07.654939] [  5]  59.50-60.00  sec  6.44 MBytes   108 Mbits/sec  0.124 ms  19152/23977 (80%)  
[2024-05-28 18:58:07.654961] [  5]  60.00-60.50  sec  6.52 MBytes   109 Mbits/sec  0.038 ms  17427/22313 (78%)  
[2024-05-28 18:58:07.654984] [  5]  60.50-61.00  sec  7.46 MBytes   125 Mbits/sec  0.246 ms  16574/22162 (75%)  
[2024-05-28 18:58:07.655006] [  5]  61.00-61.50  sec  6.87 MBytes   115 Mbits/sec  0.129 ms  17346/22495 (77%)  
[2024-05-28 18:58:07.655029] [  5]  61.50-62.00  sec  8.74 MBytes   147 Mbits/sec  0.110 ms  14771/21318 (69%)  
[2024-05-28 18:58:07.655051] [  5]  62.00-62.50  sec  9.36 MBytes   157 Mbits/sec  0.128 ms  16249/23257 (70%)  
[2024-05-28 18:58:07.655075] [  5]  62.50-63.00  sec  4.46 MBytes  74.8 Mbits/sec  0.713 ms  10022/13364 (75%)  
[2024-05-28 18:58:07.655097] [  5]  63.00-63.50  sec  0.00 Bytes  0.00 bits/sec  0.713 ms  0/0 (0%)  
[2024-05-28 18:58:07.655119] [  5]  63.50-64.00  sec  5.87 MBytes  98.7 Mbits/sec  0.663 ms  49848/54242 (92%)  
[2024-05-28 18:58:07.655141] [  5]  64.00-64.50  sec  6.07 MBytes   102 Mbits/sec  0.157 ms  17336/21884 (79%)  
[2024-05-28 18:58:07.655163] [  5]  64.50-65.00  sec  5.76 MBytes  96.6 Mbits/sec  0.041 ms  17951/22264 (81%)  
[2024-05-28 18:58:07.655184] [  5]  65.00-65.50  sec  5.74 MBytes  96.3 Mbits/sec  0.093 ms  18199/22500 (81%)  
[2024-05-28 18:58:07.655207] [  5]  65.50-66.00  sec  5.66 MBytes  94.9 Mbits/sec  0.154 ms  18278/22514 (81%)  
[2024-05-28 18:58:07.655229] [  5]  66.00-66.50  sec  6.32 MBytes   106 Mbits/sec  0.066 ms  17327/22062 (79%)  
[2024-05-28 18:58:07.655251] [  5]  66.50-67.00  sec  5.28 MBytes  88.6 Mbits/sec  0.340 ms  18304/22258 (82%)  
[2024-05-28 18:58:07.655273] [  5]  67.00-67.50  sec  6.67 MBytes   112 Mbits/sec  0.062 ms  17498/22494 (78%)  
[2024-05-28 18:58:07.655295] [  5]  67.50-68.00  sec  6.48 MBytes   109 Mbits/sec  0.065 ms  17385/22237 (78%)  
[2024-05-28 18:58:07.655318] [  5]  68.00-68.50  sec  6.27 MBytes   105 Mbits/sec  0.163 ms  17668/22363 (79%)  
[2024-05-28 18:58:07.655340] [  5]  68.50-69.00  sec  6.83 MBytes   115 Mbits/sec  0.056 ms  16927/22041 (77%)  
[2024-05-28 18:58:07.655361] [  5]  69.00-69.50  sec  6.97 MBytes   117 Mbits/sec  0.360 ms  17257/22478 (77%)  
[2024-05-28 18:58:07.655384] [  5]  69.50-70.00  sec  7.32 MBytes   123 Mbits/sec  0.170 ms  17204/22686 (76%)  
[2024-05-28 18:58:07.655406] [  5]  70.00-70.50  sec  7.73 MBytes   130 Mbits/sec  0.361 ms  16111/21899 (74%)  
[2024-05-28 18:58:07.655428] [  5]  70.50-71.00  sec  8.46 MBytes   142 Mbits/sec  0.139 ms  16169/22506 (72%)  
[2024-05-28 18:58:07.655453] [  5]  71.00-71.50  sec  8.64 MBytes   145 Mbits/sec  0.086 ms  15815/22287 (71%)  
[2024-05-28 18:58:32.154494] [  5]  71.50-72.00  sec  8.29 MBytes   139 Mbits/sec  0.129 ms  15995/22207 (72%)  
[2024-05-28 18:58:32.154988] [  5]  72.00-72.50  sec  9.26 MBytes   155 Mbits/sec  0.042 ms  15090/22027 (69%)  
[2024-05-28 18:58:32.155125] [  5]  72.50-73.00  sec  8.43 MBytes   142 Mbits/sec  0.108 ms  16226/22543 (72%)  
[2024-05-28 18:58:32.155234] [  5]  73.00-73.50  sec  10.3 MBytes   173 Mbits/sec  0.056 ms  14846/22556 (66%)  
[2024-05-28 18:58:32.155337] [  5]  73.50-74.00  sec  9.94 MBytes   167 Mbits/sec  0.169 ms  14646/22090 (66%)  
[2024-05-28 18:58:32.155437] [  5]  74.00-74.50  sec  10.1 MBytes   169 Mbits/sec  0.055 ms  15064/22594 (67%)  
[2024-05-28 18:58:32.155538] [  5]  74.50-75.00  sec  11.1 MBytes   186 Mbits/sec  0.023 ms  13904/22228 (63%)  
[2024-05-28 18:58:32.155635] [  5]  75.00-75.50  sec  9.51 MBytes   160 Mbits/sec  0.119 ms  15195/22316 (68%)  
[2024-05-28 18:58:32.155733] [  5]  75.50-76.00  sec  11.2 MBytes   188 Mbits/sec  0.029 ms  14012/22411 (63%)  
[2024-05-28 18:58:32.155830] [  5]  76.00-76.50  sec  10.6 MBytes   179 Mbits/sec  0.115 ms  14245/22218 (64%)  
[2024-05-28 18:58:32.155930] [  5]  76.50-77.00  sec  10.5 MBytes   175 Mbits/sec  0.124 ms  14566/22398 (65%)  
[2024-05-28 18:58:32.156031] [  5]  77.00-77.50  sec  9.34 MBytes   157 Mbits/sec  0.341 ms  15186/22183 (68%)  
[2024-05-28 18:58:32.156128] [  5]  77.50-78.00  sec  10.1 MBytes   169 Mbits/sec  0.068 ms  14953/22500 (66%)  
[2024-05-28 18:58:32.156226] [  5]  78.00-78.50  sec  10.7 MBytes   179 Mbits/sec  0.054 ms  13902/21881 (64%)  
[2024-05-28 18:58:32.156323] [  5]  78.50-79.00  sec  10.0 MBytes   168 Mbits/sec  0.103 ms  15581/23095 (67%)  
[2024-05-28 18:58:32.156419] [  5]  79.00-79.50  sec  9.75 MBytes   163 Mbits/sec  0.068 ms  14740/22040 (67%)  
[2024-05-28 18:58:32.156515] [  5]  79.50-80.00  sec  10.4 MBytes   174 Mbits/sec  0.089 ms  14703/22484 (65%)  
[2024-05-28 18:58:32.156611] [  5]  80.00-80.50  sec  10.0 MBytes   168 Mbits/sec  0.069 ms  13545/21054 (64%)  
[2024-05-28 18:58:32.156708] [  5]  80.50-81.00  sec  10.2 MBytes   171 Mbits/sec  0.132 ms  15633/23259 (67%)  
[2024-05-28 18:58:32.156805] [  5]  81.00-81.50  sec  11.5 MBytes   192 Mbits/sec  0.305 ms  13616/22204 (61%)  
[2024-05-28 18:58:32.156901] [  5]  81.50-82.00  sec  11.4 MBytes   191 Mbits/sec  0.066 ms  13647/22163 (62%)  
[2024-05-28 18:58:32.156997] [  5]  82.00-82.50  sec  11.2 MBytes   187 Mbits/sec  0.109 ms  14061/22415 (63%)  
[2024-05-28 18:58:32.157093] [  5]  82.50-83.00  sec  10.7 MBytes   179 Mbits/sec  0.149 ms  13982/21973 (64%)  
[2024-05-28 18:58:32.157189] [  5]  83.00-83.50  sec  10.9 MBytes   183 Mbits/sec  0.290 ms  14641/22816 (64%)  
[2024-05-28 18:58:32.157283] [  5]  83.50-84.00  sec  11.2 MBytes   187 Mbits/sec  0.033 ms  13738/22100 (62%)  
[2024-05-28 18:58:32.157380] [  5]  84.00-84.50  sec  10.6 MBytes   178 Mbits/sec  0.045 ms  14785/22711 (65%)  
[2024-05-28 18:58:32.157476] [  5]  84.50-85.00  sec  9.42 MBytes   158 Mbits/sec  0.069 ms  14065/21124 (67%)  
[2024-05-28 18:58:32.157574] [  5]  85.00-85.50  sec  9.64 MBytes   162 Mbits/sec  0.141 ms  16009/23232 (69%)  
[2024-05-28 18:58:32.157670] [  5]  85.50-86.00  sec  8.65 MBytes   145 Mbits/sec  0.122 ms  14867/21349 (70%)  
[2024-05-28 18:58:32.157765] [  5]  86.00-86.50  sec  8.80 MBytes   148 Mbits/sec  0.244 ms  16264/22858 (71%)  
[2024-05-28 18:58:32.157860] [  5]  86.50-87.00  sec  7.89 MBytes   132 Mbits/sec  0.126 ms  15487/21399 (72%)  
[2024-05-28 18:58:32.157955] [  5]  87.00-87.50  sec  8.93 MBytes   150 Mbits/sec  0.050 ms  17282/23971 (72%)  
[2024-05-28 18:58:32.158053] [  5]  87.50-88.00  sec  9.80 MBytes   164 Mbits/sec  0.039 ms  15119/22462 (67%)  
[2024-05-28 18:58:32.158149] [  5]  88.00-88.50  sec  8.13 MBytes   136 Mbits/sec  0.154 ms  15246/21334 (71%)  
[2024-05-28 18:58:32.158246] [  5]  88.50-89.00  sec  8.82 MBytes   148 Mbits/sec  0.136 ms  16448/23052 (71%)  
[2024-05-28 18:58:32.158341] [  5]  89.00-89.50  sec  9.25 MBytes   155 Mbits/sec  0.109 ms  15338/22267 (69%)  
[2024-05-28 18:58:32.158538] [  5]  89.50-90.00  sec  8.12 MBytes   136 Mbits/sec  0.292 ms  16525/22603 (73%)  
[2024-05-28 18:58:32.158641] [  5]  90.00-90.50  sec  9.55 MBytes   160 Mbits/sec  0.424 ms  14739/21889 (67%)  
[2024-05-28 18:58:32.158741] [  5]  90.50-91.00  sec  8.81 MBytes   148 Mbits/sec  0.045 ms  15614/22211 (70%)  
[2024-05-28 18:58:32.158837] [  5]  91.00-91.50  sec  9.92 MBytes   166 Mbits/sec  0.194 ms  15298/22728 (67%)  
[2024-05-28 18:58:32.158930] [  5]  91.50-92.00  sec  8.14 MBytes   137 Mbits/sec  0.072 ms  15979/22074 (72%)  
[2024-05-28 18:58:32.159027] [  5]  92.00-92.50  sec  9.27 MBytes   156 Mbits/sec  0.041 ms  15556/22499 (69%)  
[2024-05-28 18:58:32.159123] [  5]  92.50-93.00  sec  8.10 MBytes   136 Mbits/sec  0.120 ms  16614/22680 (73%)  
[2024-05-28 18:58:32.159224] [  5]  93.00-93.50  sec  7.77 MBytes   130 Mbits/sec  0.106 ms  15985/21808 (73%)  
[2024-05-28 18:58:32.159323] [  5]  93.50-94.00  sec  7.63 MBytes   128 Mbits/sec  0.106 ms  16870/22585 (75%)  
[2024-05-28 18:58:32.159420] [  5]  94.00-94.50  sec  7.01 MBytes   118 Mbits/sec  0.249 ms  16418/21669 (76%)  
[2024-05-28 18:58:32.159516] [  5]  94.50-95.00  sec  7.19 MBytes   121 Mbits/sec  0.076 ms  17285/22673 (76%)  
[2024-05-28 18:58:32.159611] [  5]  95.00-95.50  sec  7.21 MBytes   121 Mbits/sec  0.114 ms  16976/22377 (76%)  
[2024-05-28 18:58:32.159706] [  5]  95.50-96.00  sec  7.30 MBytes   123 Mbits/sec  0.080 ms  17267/22738 (76%)  
[2024-05-28 18:58:56.653431] [  5]  96.00-96.50  sec  7.33 MBytes   123 Mbits/sec  0.054 ms  16604/22093 (75%)  
[2024-05-28 18:58:56.653966] [  5]  96.50-97.00  sec  7.19 MBytes   121 Mbits/sec  0.515 ms  16641/22027 (76%)  
[2024-05-28 18:58:56.654115] [  5]  97.00-97.50  sec  6.99 MBytes   117 Mbits/sec  0.117 ms  17166/22403 (77%)  
[2024-05-28 18:58:56.654231] [  5]  97.50-98.00  sec  7.31 MBytes   123 Mbits/sec  0.216 ms  16372/21848 (75%)  
[2024-05-28 18:58:56.654338] [  5]  98.00-98.50  sec  6.83 MBytes   115 Mbits/sec  0.197 ms  17107/22226 (77%)  
[2024-05-28 18:58:56.654645] [  5]  98.50-99.00  sec  7.01 MBytes   118 Mbits/sec  0.098 ms  17937/23189 (77%)  
[2024-05-28 18:58:56.654763] [  5]  99.00-99.50  sec  7.15 MBytes   120 Mbits/sec  0.060 ms  16775/22132 (76%)  
[2024-05-28 18:58:56.654871] [  5]  99.50-100.00 sec  7.73 MBytes   130 Mbits/sec  0.033 ms  16248/22037 (74%)  
[2024-05-28 18:58:56.654977] [  5] 100.00-100.50 sec  7.55 MBytes   127 Mbits/sec  0.080 ms  16812/22465 (75%)  
[2024-05-28 18:58:56.655273] [  5] 100.50-101.00 sec  7.53 MBytes   126 Mbits/sec  0.064 ms  16953/22594 (75%)  
[2024-05-28 18:58:56.655539] [  5] 101.00-101.50 sec  7.22 MBytes   121 Mbits/sec  0.169 ms  16830/22238 (76%)  
[2024-05-28 18:58:56.655731] [  5] 101.50-102.00 sec  8.29 MBytes   139 Mbits/sec  0.069 ms  15776/21983 (72%)  
[2024-05-28 18:58:56.655960] [  5] 102.00-102.50 sec  8.52 MBytes   143 Mbits/sec  0.091 ms  16219/22604 (72%)  
[2024-05-28 18:58:56.656192] [  5] 102.50-103.00 sec  8.94 MBytes   150 Mbits/sec  0.238 ms  15933/22628 (70%)  
[2024-05-28 18:58:56.656422] [  5] 103.00-103.50 sec  8.10 MBytes   136 Mbits/sec  0.098 ms  16262/22331 (73%)  
[2024-05-28 18:58:56.656521] [  5] 103.50-104.00 sec  8.82 MBytes   148 Mbits/sec  0.202 ms  15950/22553 (71%)  
[2024-05-28 18:58:56.656619] [  5] 104.00-104.50 sec  9.44 MBytes   158 Mbits/sec  0.113 ms  14012/21082 (66%)  
[2024-05-28 18:58:56.656718] [  5] 104.50-105.00 sec  9.81 MBytes   165 Mbits/sec  0.033 ms  15768/23119 (68%)  
[2024-05-28 18:58:56.656816] [  5] 105.00-105.50 sec  9.46 MBytes   159 Mbits/sec  0.025 ms  15422/22511 (69%)  
[2024-05-28 18:58:56.656899] [  5] 105.50-106.00 sec  8.96 MBytes   150 Mbits/sec  0.098 ms  15596/22308 (70%)  
[2024-05-28 18:58:56.656955] [  5] 106.00-106.50 sec  8.15 MBytes   137 Mbits/sec  0.335 ms  16216/22320 (73%)  
[2024-05-28 18:58:56.657010] [  5] 106.50-107.00 sec  8.74 MBytes   147 Mbits/sec  0.080 ms  15794/22339 (71%)  
[2024-05-28 18:58:56.657065] [  5] 107.00-107.50 sec  8.80 MBytes   148 Mbits/sec  0.103 ms  15460/22048 (70%)  
[2024-05-28 18:58:56.657178] [  5] 107.50-108.00 sec  9.87 MBytes   166 Mbits/sec  0.331 ms  15235/22625 (67%)  
[2024-05-28 18:58:56.657238] [  5] 108.00-108.50 sec  9.74 MBytes   163 Mbits/sec  0.360 ms  14840/22133 (67%)  
[2024-05-28 18:58:56.657293] [  5] 108.50-109.00 sec  9.66 MBytes   162 Mbits/sec  0.066 ms  15077/22311 (68%)  
[2024-05-28 18:58:56.657348] [  5] 109.00-109.50 sec  8.69 MBytes   146 Mbits/sec  0.090 ms  15733/22242 (71%)  
[2024-05-28 18:58:56.657406] [  5] 109.50-110.00 sec  9.93 MBytes   167 Mbits/sec  0.464 ms  14878/22318 (67%)  
[2024-05-28 18:58:56.657458] [  5] 110.00-110.50 sec  10.0 MBytes   168 Mbits/sec  0.142 ms  14320/21818 (66%)  
[2024-05-28 18:58:56.657563] [  5] 110.50-111.00 sec  11.1 MBytes   186 Mbits/sec  0.087 ms  14073/22373 (63%)  
[2024-05-28 18:58:56.657616] [  5] 111.00-111.50 sec  10.1 MBytes   170 Mbits/sec  0.132 ms  15162/22735 (67%)  
[2024-05-28 18:58:56.657669] [  5] 111.50-112.00 sec  10.5 MBytes   176 Mbits/sec  0.066 ms  14393/22250 (65%)  
[2024-05-28 18:58:56.657788] [  5] 112.00-112.50 sec  10.5 MBytes   175 Mbits/sec  0.056 ms  13786/21622 (64%)  
[2024-05-28 18:58:56.657913] [  5] 112.50-113.00 sec  10.1 MBytes   169 Mbits/sec  0.073 ms  15588/23146 (67%)  
[2024-05-28 18:58:56.658096] [  5] 113.00-113.50 sec  10.0 MBytes   168 Mbits/sec  0.326 ms  14642/22142 (66%)  
[2024-05-28 18:58:56.658149] [  5] 113.50-114.00 sec  10.3 MBytes   173 Mbits/sec  0.077 ms  15162/22865 (66%)  
[2024-05-28 18:58:56.658200] [  5] 114.00-114.50 sec  9.88 MBytes   166 Mbits/sec  0.115 ms  14180/21577 (66%)  
[2024-05-28 18:58:56.658253] [  5] 114.50-115.00 sec  10.3 MBytes   173 Mbits/sec  0.101 ms  14957/22686 (66%)  
[2024-05-28 18:58:56.658305] [  5] 115.00-115.50 sec  10.4 MBytes   175 Mbits/sec  0.304 ms  14722/22520 (65%)  
[2024-05-28 18:58:56.658356] [  5] 115.50-116.00 sec  9.68 MBytes   162 Mbits/sec  0.050 ms  14749/21996 (67%)  
[2024-05-28 18:58:56.658469] [  5] 116.00-116.50 sec  10.4 MBytes   174 Mbits/sec  0.177 ms  14630/22419 (65%)  
[2024-05-28 18:58:56.658609] [  5] 116.50-117.00 sec  9.09 MBytes   152 Mbits/sec  0.033 ms  13546/20351 (67%)  
[2024-05-28 18:58:56.658674] [  5] 117.00-117.50 sec  73.8 KBytes  1.21 Mbits/sec  0.600 ms  56/110 (51%)  
[2024-05-28 18:58:56.658752] [  5] 117.50-118.00 sec  9.84 MBytes   165 Mbits/sec  0.063 ms  39090/46463 (84%)  
[2024-05-28 18:58:56.658859] [  5] 118.00-118.50 sec  10.5 MBytes   175 Mbits/sec  0.048 ms  14586/22420 (65%)  
[2024-05-28 18:58:56.658961] [  5] 118.50-119.00 sec  10.4 MBytes   175 Mbits/sec  0.103 ms  14456/22280 (65%)  
[2024-05-28 18:58:56.659062] [  5] 119.00-119.50 sec  10.7 MBytes   179 Mbits/sec  0.040 ms  14809/22796 (65%)  
[2024-05-28 18:58:56.659163] [  5] 119.50-120.00 sec  9.80 MBytes   164 Mbits/sec  0.262 ms  14200/21542 (66%)  
[2024-05-28 18:58:56.659260] - - - - - - - - - - - - - - - - - - - - - - - - -
[2024-05-28 18:58:56.659376] [ ID] Interval           Transfer     Bitrate         Jitter    Lost/Total Datagrams
[2024-05-28 18:58:56.659477] [  5]   0.00-120.71 sec  7.03 GBytes   500 Mbits/sec  0.000 ms  0/5388982 (0%)  sender
[2024-05-28 18:58:56.659574] [  5]   0.00-120.00 sec  1.64 GBytes   117 Mbits/sec  0.262 ms  4101584/5356849 (77%)  receiver
[2024-05-28 18:58:56.659671] 
[2024-05-28 18:58:56.659770] iperf Done.
End time: 1716937136685
