Start time: 1716940039688
[2024-05-28 19:47:20.623848] nuttcp-r: v8.1.4: socket
[2024-05-28 19:47:20.624384] nuttcp-r: buflen=65536, nstream=1, port=5002 tcp
[2024-05-28 19:47:20.624424] nuttcp-r: interval reporting every 0.50 seconds
[2024-05-28 19:47:20.624455] nuttcp-r: connect to 35.245.244.238 with RTT=84.718 ms af=inet
[2024-05-28 19:47:20.624484] nuttcp-r: send window size = 2097152, receive window size = 6291456
[2024-05-28 19:47:20.624512] nuttcp-r: available send window = 1572864, available receive window = 4718592
[2024-05-28 19:47:20.624539]     0.2500 MB /   0.50 sec =    4.1941 Mbps     0 retrans     13 KB-cwnd
[2024-05-28 19:47:21.123410]     1.4375 MB /   0.50 sec =   24.1187 Mbps     0 retrans     13 KB-cwnd
[2024-05-28 19:47:21.623569]     5.9375 MB /   0.50 sec =   99.6022 Mbps     0 retrans     13 KB-cwnd
[2024-05-28 19:47:22.123639]     6.6875 MB /   0.50 sec =  112.1756 Mbps     0 retrans     13 KB-cwnd
[2024-05-28 19:47:22.623994]     8.8125 MB /   0.50 sec =  147.8516 Mbps     0 retrans     13 KB-cwnd
[2024-05-28 19:47:23.123651]     7.3125 MB /   0.50 sec =  122.7109 Mbps     0 retrans     13 KB-cwnd
[2024-05-28 19:47:23.623551]     8.3125 MB /   0.50 sec =  139.4500 Mbps     0 retrans     13 KB-cwnd
[2024-05-28 19:47:24.123581]     8.0625 MB /   0.50 sec =  135.2606 Mbps     0 retrans     13 KB-cwnd
[2024-05-28 19:47:24.623693]     5.5625 MB /   0.50 sec =   93.3093 Mbps     0 retrans     13 KB-cwnd
[2024-05-28 19:47:25.124569]     5.6875 MB /   0.50 sec =   95.2552 Mbps     0 retrans     13 KB-cwnd
[2024-05-28 19:47:25.623582]     9.0000 MB /   0.50 sec =  151.2903 Mbps     0 retrans     13 KB-cwnd
[2024-05-28 19:47:26.123418]     9.7500 MB /   0.50 sec =  163.6001 Mbps     0 retrans     13 KB-cwnd
[2024-05-28 19:47:26.623599]     8.1250 MB /   0.50 sec =  136.3092 Mbps     0 retrans     13 KB-cwnd
[2024-05-28 19:47:27.123502]     8.8125 MB /   0.50 sec =  147.8445 Mbps     0 retrans     13 KB-cwnd
[2024-05-28 19:47:27.623508]     9.0000 MB /   0.50 sec =  150.9937 Mbps     0 retrans     13 KB-cwnd
[2024-05-28 19:47:28.123577]     9.5000 MB /   0.50 sec =  159.3628 Mbps     0 retrans     13 KB-cwnd
[2024-05-28 19:47:28.623771]     8.4375 MB /   0.50 sec =  141.5122 Mbps     0 retrans     13 KB-cwnd
[2024-05-28 19:47:29.123832]     8.3750 MB /   0.50 sec =  140.5710 Mbps     0 retrans     13 KB-cwnd
[2024-05-28 19:47:29.623867]     9.1875 MB /   0.50 sec =  154.0439 Mbps     0 retrans     13 KB-cwnd
[2024-05-28 19:47:30.123687]     7.5625 MB /   0.50 sec =  126.9221 Mbps     0 retrans     13 KB-cwnd
[2024-05-28 19:47:30.623495]     9.6875 MB /   0.50 sec =  162.5790 Mbps     0 retrans     13 KB-cwnd
[2024-05-28 19:47:31.123564]     8.2500 MB /   0.50 sec =  138.3946 Mbps     0 retrans     13 KB-cwnd
[2024-05-28 19:47:31.623480]     8.6250 MB /   0.50 sec =  144.7211 Mbps     0 retrans     13 KB-cwnd
[2024-05-28 19:47:32.123490]     8.0625 MB /   0.50 sec =  135.2671 Mbps     0 retrans     13 KB-cwnd
[2024-05-28 19:47:32.624832]     5.1875 MB /   0.50 sec =   86.8643 Mbps     0 retrans     13 KB-cwnd
[2024-05-28 19:47:33.123664]     5.0000 MB /   0.50 sec =   84.0239 Mbps     0 retrans     13 KB-cwnd
[2024-05-28 19:47:33.624612]     7.5625 MB /   0.50 sec =  126.6715 Mbps     0 retrans     13 KB-cwnd
[2024-05-28 19:47:34.124484]     4.6250 MB /   0.50 sec =   77.5932 Mbps     0 retrans     13 KB-cwnd
[2024-05-28 19:47:34.623626]     3.8125 MB /   0.50 sec =   64.0721 Mbps     0 retrans     13 KB-cwnd
[2024-05-28 19:47:35.124494]     5.6875 MB /   0.50 sec =   95.2579 Mbps     0 retrans     13 KB-cwnd
[2024-05-28 19:47:35.623645]     5.8750 MB /   0.50 sec =   98.7332 Mbps     0 retrans     13 KB-cwnd
[2024-05-28 19:47:36.123652]     3.4375 MB /   0.50 sec =   57.6705 Mbps     0 retrans     13 KB-cwnd
[2024-05-28 19:47:36.623609]     5.4375 MB /   0.50 sec =   91.2341 Mbps     0 retrans     13 KB-cwnd
[2024-05-28 19:47:37.123437]     6.1875 MB /   0.50 sec =  103.8294 Mbps     0 retrans     13 KB-cwnd
[2024-05-28 19:47:37.623510]     4.5625 MB /   0.50 sec =   76.5431 Mbps     0 retrans     13 KB-cwnd
[2024-05-28 19:47:38.123502]     4.8750 MB /   0.50 sec =   81.7897 Mbps     0 retrans     13 KB-cwnd
[2024-05-28 19:47:38.623566]     4.8125 MB /   0.50 sec =   80.7300 Mbps     0 retrans     13 KB-cwnd
[2024-05-28 19:47:39.123623]     4.4375 MB /   0.50 sec =   74.4429 Mbps     0 retrans     13 KB-cwnd
[2024-05-28 19:47:39.623601]     5.0000 MB /   0.50 sec =   83.8891 Mbps     0 retrans     13 KB-cwnd
[2024-05-28 19:47:40.123683]     2.8750 MB /   0.50 sec =   48.2279 Mbps     0 retrans     13 KB-cwnd
[2024-05-28 19:47:40.623570]     3.8750 MB /   0.50 sec =   65.0230 Mbps     0 retrans     13 KB-cwnd
[2024-05-28 19:47:41.123611]     5.5625 MB /   0.50 sec =   93.3305 Mbps     0 retrans     14 KB-cwnd
[2024-05-28 19:47:41.623480]     5.1875 MB /   0.50 sec =   87.0386 Mbps     0 retrans     18 KB-cwnd
[2024-05-28 19:47:42.123492]     5.1250 MB /   0.50 sec =   85.9825 Mbps     0 retrans     18 KB-cwnd
[2024-05-28 19:47:42.623495]     5.9375 MB /   0.50 sec =   99.6149 Mbps     0 retrans     18 KB-cwnd
[2024-05-28 19:47:43.123633]     5.6250 MB /   0.50 sec =   94.3469 Mbps     0 retrans     18 KB-cwnd
[2024-05-28 19:47:43.623488]     7.1875 MB /   0.50 sec =  120.6183 Mbps     0 retrans     26 KB-cwnd
[2024-05-28 19:47:44.123522]     6.8750 MB /   0.50 sec =  115.3399 Mbps     0 retrans     26 KB-cwnd
[2024-05-28 19:47:44.623491]     6.7500 MB /   0.50 sec =  113.2482 Mbps     0 retrans     26 KB-cwnd
[2024-05-28 19:47:45.123635]     7.1250 MB /   0.50 sec =  119.5386 Mbps     0 retrans     26 KB-cwnd
[2024-05-28 19:47:45.623614]     6.6250 MB /   0.50 sec =  111.1313 Mbps     0 retrans     26 KB-cwnd
[2024-05-28 19:47:46.123502]     8.1250 MB /   0.50 sec =  136.3370 Mbps     0 retrans     26 KB-cwnd
[2024-05-28 19:47:46.623636]     8.0625 MB /   0.50 sec =  135.2639 Mbps     0 retrans     26 KB-cwnd
[2024-05-28 19:47:47.123563]     8.3750 MB /   0.50 sec =  140.4929 Mbps     0 retrans     26 KB-cwnd
[2024-05-28 19:47:47.623405]     8.6250 MB /   0.50 sec =  144.7324 Mbps     0 retrans     26 KB-cwnd
[2024-05-28 19:47:48.123514]     8.6250 MB /   0.50 sec =  144.6928 Mbps     0 retrans     26 KB-cwnd
[2024-05-28 19:47:48.623500]     8.8125 MB /   0.50 sec =  147.8480 Mbps     0 retrans     26 KB-cwnd
[2024-05-28 19:47:49.123502]     8.7500 MB /   0.50 sec =  146.8003 Mbps     0 retrans     26 KB-cwnd
[2024-05-28 19:47:49.623554]     9.9375 MB /   0.50 sec =  166.7059 Mbps     0 retrans     26 KB-cwnd
[2024-05-28 19:47:50.123494]     9.8125 MB /   0.50 sec =  164.6455 Mbps     0 retrans     26 KB-cwnd
[2024-05-28 19:47:50.623629]     9.7500 MB /   0.50 sec =  163.5386 Mbps    15 retrans   3843 KB-cwnd
[2024-05-28 19:47:51.123601]     7.8750 MB /   0.50 sec =  132.1259 Mbps     0 retrans   3843 KB-cwnd
[2024-05-28 19:47:51.623561]     7.6875 MB /   0.50 sec =  128.9872 Mbps     0 retrans   3843 KB-cwnd
[2024-05-28 19:47:52.123594]    11.0000 MB /   0.50 sec =  184.5354 Mbps     0 retrans   3843 KB-cwnd
[2024-05-28 19:47:52.623558]     7.0000 MB /   0.50 sec =  117.4508 Mbps     0 retrans   3843 KB-cwnd
[2024-05-28 19:47:53.123491]    10.5000 MB /   0.50 sec =  176.1632 Mbps     0 retrans   3843 KB-cwnd
[2024-05-28 19:47:53.623660]     7.0625 MB /   0.50 sec =  118.4718 Mbps     0 retrans   3843 KB-cwnd
[2024-05-28 19:47:54.123502]     9.8125 MB /   0.50 sec =  164.6498 Mbps     0 retrans   3843 KB-cwnd
[2024-05-28 19:47:54.623486]    10.4375 MB /   0.50 sec =  175.1290 Mbps     0 retrans   3843 KB-cwnd
[2024-05-28 19:47:55.123505]     8.1875 MB /   0.50 sec =  137.3613 Mbps     0 retrans   3843 KB-cwnd
[2024-05-28 19:47:55.623489]     8.6250 MB /   0.50 sec =  144.7049 Mbps     0 retrans   3843 KB-cwnd
[2024-05-28 19:47:56.123480]     8.0625 MB /   0.50 sec =  135.2674 Mbps     0 retrans   3843 KB-cwnd
[2024-05-28 19:47:56.623502]    10.2500 MB /   0.50 sec =  171.9592 Mbps     0 retrans   3859 KB-cwnd
[2024-05-28 19:47:57.123614]     9.1250 MB /   0.50 sec =  153.0679 Mbps     0 retrans   3859 KB-cwnd
[2024-05-28 19:47:57.623575]     5.6875 MB /   0.50 sec =   95.4258 Mbps     0 retrans   3859 KB-cwnd
[2024-05-28 19:47:58.123492]    11.8750 MB /   0.50 sec =  199.2549 Mbps     0 retrans   3859 KB-cwnd
[2024-05-28 19:47:58.623419]     8.7500 MB /   0.50 sec =  146.8112 Mbps    25 retrans   2575 KB-cwnd
[2024-05-28 19:47:59.123499]     8.8750 MB /   0.50 sec =  148.8883 Mbps     0 retrans   2575 KB-cwnd
[2024-05-28 19:47:59.623411]     2.6875 MB /   0.50 sec =   45.0918 Mbps     0 retrans   2575 KB-cwnd
[2024-05-28 19:48:00.123605]     8.2500 MB /   0.50 sec =  138.4018 Mbps     0 retrans   2575 KB-cwnd
[2024-05-28 19:48:00.623491]     8.9375 MB /   0.50 sec =  149.9467 Mbps     0 retrans   2575 KB-cwnd
[2024-05-28 19:48:01.123517]     9.0625 MB /   0.50 sec =  152.0411 Mbps     0 retrans   2575 KB-cwnd
[2024-05-28 19:48:01.623442]     8.5625 MB /   0.50 sec =  143.6630 Mbps     0 retrans   2575 KB-cwnd
[2024-05-28 19:48:02.123590]     8.0625 MB /   0.50 sec =  135.2376 Mbps     0 retrans   2575 KB-cwnd
[2024-05-28 19:48:02.623798]     9.4375 MB /   0.50 sec =  158.2736 Mbps     0 retrans   2575 KB-cwnd
[2024-05-28 19:48:03.123574]     7.8125 MB /   0.50 sec =  131.1247 Mbps     0 retrans   2575 KB-cwnd
[2024-05-28 19:48:03.623493]     9.0625 MB /   0.50 sec =  152.0691 Mbps     0 retrans   2575 KB-cwnd
[2024-05-28 19:48:04.123424]     8.8750 MB /   0.50 sec =  148.9049 Mbps     0 retrans   2575 KB-cwnd
[2024-05-28 19:48:04.623492]     8.6250 MB /   0.50 sec =  144.6960 Mbps     0 retrans   2575 KB-cwnd
[2024-05-28 19:48:05.123492]     8.5625 MB /   0.50 sec =  143.6523 Mbps     0 retrans   2575 KB-cwnd
[2024-05-28 19:48:05.623507]     8.3750 MB /   0.50 sec =  140.5106 Mbps     0 retrans   2575 KB-cwnd
[2024-05-28 19:48:06.123488]     8.1875 MB /   0.50 sec =  137.3646 Mbps     0 retrans   2575 KB-cwnd
[2024-05-28 19:48:06.623498]     8.0000 MB /   0.50 sec =  134.2167 Mbps     0 retrans   2575 KB-cwnd
[2024-05-28 19:48:07.123617]     7.1875 MB /   0.50 sec =  120.5616 Mbps     0 retrans   2575 KB-cwnd
[2024-05-28 19:48:07.623740]     6.5000 MB /   0.50 sec =  109.0506 Mbps     5 retrans   4927 KB-cwnd
[2024-05-28 19:48:08.123556]    11.8750 MB /   0.50 sec =  199.2474 Mbps     0 retrans   4927 KB-cwnd
[2024-05-28 19:48:08.623486]     9.1250 MB /   0.50 sec =  153.1123 Mbps     0 retrans   4927 KB-cwnd
[2024-05-28 19:48:09.123482]     9.3125 MB /   0.50 sec =  156.2381 Mbps     0 retrans   4927 KB-cwnd
[2024-05-28 19:48:09.623450]     9.0000 MB /   0.50 sec =  150.9928 Mbps     0 retrans   4927 KB-cwnd
[2024-05-28 19:48:10.123490]     2.6875 MB /   0.50 sec =   45.0895 Mbps     0 retrans   4927 KB-cwnd
[2024-05-28 19:48:10.623492]     9.1250 MB /   0.50 sec =  153.0918 Mbps     0 retrans   4927 KB-cwnd
[2024-05-28 19:48:11.123497]     8.9375 MB /   0.50 sec =  149.9455 Mbps     0 retrans   4927 KB-cwnd
[2024-05-28 19:48:11.623480]     8.9375 MB /   0.50 sec =  149.9482 Mbps     0 retrans   4927 KB-cwnd
[2024-05-28 19:48:12.123500]     8.9375 MB /   0.50 sec =  149.9449 Mbps     0 retrans   4927 KB-cwnd
[2024-05-28 19:48:12.623453]     9.5000 MB /   0.50 sec =  159.3887 Mbps     0 retrans   4927 KB-cwnd
[2024-05-28 19:48:13.123487]     9.0000 MB /   0.50 sec =  150.9892 Mbps     0 retrans   4927 KB-cwnd
[2024-05-28 19:48:13.623490]     8.8125 MB /   0.50 sec =  147.8495 Mbps     0 retrans   4927 KB-cwnd
[2024-05-28 19:48:14.123497]     9.4375 MB /   0.50 sec =  158.3353 Mbps     0 retrans   4927 KB-cwnd
[2024-05-28 19:48:14.623673]     9.1250 MB /   0.50 sec =  153.0734 Mbps     0 retrans   4927 KB-cwnd
[2024-05-28 19:48:15.123507]     7.8125 MB /   0.50 sec =  131.0749 Mbps     0 retrans   4927 KB-cwnd
[2024-05-28 19:48:15.623563]     8.7500 MB /   0.50 sec =  146.8021 Mbps    23 retrans   4004 KB-cwnd
[2024-05-28 19:48:16.123624]     7.8750 MB /   0.50 sec =  132.1023 Mbps     0 retrans   4004 KB-cwnd
[2024-05-28 19:48:16.623498]    13.1875 MB /   0.50 sec =  221.2995 Mbps     0 retrans   3856 KB-cwnd
[2024-05-28 19:48:17.123495]     9.3750 MB /   0.50 sec =  157.2873 Mbps     0 retrans   4031 KB-cwnd
[2024-05-28 19:48:17.623480]     9.5000 MB /   0.50 sec =  159.3851 Mbps     0 retrans   4031 KB-cwnd
[2024-05-28 19:48:18.123561]     9.0000 MB /   0.50 sec =  150.9744 Mbps     0 retrans   4179 KB-cwnd
[2024-05-28 19:48:18.623488]     9.5625 MB /   0.50 sec =  160.4536 Mbps     0 retrans   4179 KB-cwnd
[2024-05-28 19:48:19.123586]     8.9375 MB /   0.50 sec =  149.9221 Mbps     0 retrans   4179 KB-cwnd
[2024-05-28 19:48:19.623487]    10.0625 MB /   0.50 sec =  168.8471 Mbps     0 retrans   4179 KB-cwnd
[2024-05-28 19:48:20.123598]     8.5625 MB /   0.50 sec =  143.6291 Mbps     0 retrans   4179 KB-cwnd
[2024-05-28 19:48:20.623482]     3.8125 MB /   0.50 sec =   63.9748 Mbps     0 retrans   4179 KB-cwnd
[2024-05-28 19:48:21.123490]     9.8125 MB /   0.50 sec =  164.6284 Mbps     0 retrans   4179 KB-cwnd
[2024-05-28 19:48:21.623487]    10.7500 MB /   0.50 sec =  180.3515 Mbps     0 retrans   4217 KB-cwnd
[2024-05-28 19:48:22.123485]    11.8750 MB /   0.50 sec =  199.2294 Mbps     0 retrans   4306 KB-cwnd
[2024-05-28 19:48:22.623490]    10.9375 MB /   0.50 sec =  183.5012 Mbps     0 retrans   4306 KB-cwnd
[2024-05-28 19:48:23.123569]    10.0625 MB /   0.50 sec =  168.7931 Mbps    10 retrans   3601 KB-cwnd
[2024-05-28 19:48:23.623585]     7.3750 MB /   0.50 sec =  123.7372 Mbps     0 retrans   3601 KB-cwnd
[2024-05-28 19:48:24.123674]    10.1250 MB /   0.50 sec =  169.8391 Mbps     0 retrans   3568 KB-cwnd
[2024-05-28 19:48:24.623583]    11.5625 MB /   0.50 sec =  194.0102 Mbps     0 retrans   3568 KB-cwnd
[2024-05-28 19:48:25.123763]     7.6250 MB /   0.50 sec =  127.9166 Mbps     0 retrans   3568 KB-cwnd
[2024-05-28 19:48:25.623638]    11.1875 MB /   0.50 sec =  187.6985 Mbps     0 retrans   3568 KB-cwnd
[2024-05-28 19:48:26.123489]     7.6250 MB /   0.50 sec =  127.9478 Mbps     0 retrans   3568 KB-cwnd
[2024-05-28 19:48:26.623550]    10.6875 MB /   0.50 sec =  179.3026 Mbps     0 retrans   3568 KB-cwnd
[2024-05-28 19:48:27.123616]     7.2500 MB /   0.50 sec =  121.6166 Mbps     0 retrans   3568 KB-cwnd
[2024-05-28 19:48:27.623620]     7.2500 MB /   0.50 sec =  121.6380 Mbps     0 retrans   3568 KB-cwnd
[2024-05-28 19:48:28.123621]    10.6250 MB /   0.50 sec =  178.2544 Mbps     0 retrans   3568 KB-cwnd
[2024-05-28 19:48:28.623594]     6.9375 MB /   0.50 sec =  116.4005 Mbps     0 retrans   3568 KB-cwnd
[2024-05-28 19:48:29.123565]    13.0000 MB /   0.50 sec =  218.1104 Mbps     0 retrans   3568 KB-cwnd
[2024-05-28 19:48:29.623676]     9.1875 MB /   0.50 sec =  154.1508 Mbps     0 retrans   3568 KB-cwnd
[2024-05-28 19:48:30.123508]     9.3750 MB /   0.50 sec =  157.2930 Mbps     0 retrans   3568 KB-cwnd
[2024-05-28 19:48:30.623683]     5.2500 MB /   0.50 sec =   88.0584 Mbps     0 retrans   3568 KB-cwnd
[2024-05-28 19:48:31.123564]     6.2500 MB /   0.50 sec =  104.8712 Mbps     6 retrans   4276 KB-cwnd
[2024-05-28 19:48:31.623415]     9.4375 MB /   0.50 sec =  158.3676 Mbps     0 retrans   4276 KB-cwnd
[2024-05-28 19:48:32.123607]     8.2500 MB /   0.50 sec =  138.3805 Mbps     0 retrans   4276 KB-cwnd
[2024-05-28 19:48:32.623491]    10.8750 MB /   0.50 sec =  182.4836 Mbps     0 retrans   4276 KB-cwnd
[2024-05-28 19:48:33.123479]    10.7500 MB /   0.50 sec =  180.3540 Mbps     0 retrans   4276 KB-cwnd
[2024-05-28 19:48:33.623522]    10.8125 MB /   0.50 sec =  181.4007 Mbps     0 retrans   4276 KB-cwnd
[2024-05-28 19:48:34.123505]    10.4375 MB /   0.50 sec =  175.1125 Mbps     0 retrans   4276 KB-cwnd
[2024-05-28 19:48:34.623605]    10.6875 MB /   0.50 sec =  179.2749 Mbps     0 retrans   4276 KB-cwnd
[2024-05-28 19:48:35.123497]    10.6875 MB /   0.50 sec =  179.3399 Mbps     0 retrans   4276 KB-cwnd
[2024-05-28 19:48:35.623645]     9.8750 MB /   0.50 sec =  165.6399 Mbps     0 retrans   4276 KB-cwnd
[2024-05-28 19:48:36.123517]    11.7500 MB /   0.50 sec =  197.1678 Mbps     0 retrans   4276 KB-cwnd
[2024-05-28 19:48:36.623494]    11.0000 MB /   0.50 sec =  184.5571 Mbps     0 retrans   4276 KB-cwnd
[2024-05-28 19:48:37.123612]     9.7500 MB /   0.50 sec =  163.5399 Mbps     0 retrans   4276 KB-cwnd
[2024-05-28 19:48:37.623503]    11.5625 MB /   0.50 sec =  194.0292 Mbps     0 retrans   3742 KB-cwnd
[2024-05-28 19:48:38.123523]    10.6250 MB /   0.50 sec =  178.2519 Mbps     3 retrans   5678 KB-cwnd
[2024-05-28 19:48:38.623579]     9.8125 MB /   0.50 sec =  164.6202 Mbps     0 retrans   5678 KB-cwnd
[2024-05-28 19:48:39.123615]     8.5000 MB /   0.50 sec =  142.5864 Mbps     0 retrans   5678 KB-cwnd
[2024-05-28 19:48:39.623628]     7.5000 MB /   0.50 sec =  125.8279 Mbps     0 retrans   5678 KB-cwnd
[2024-05-28 19:48:40.123572]    13.0625 MB /   0.50 sec =  219.1616 Mbps     0 retrans   5678 KB-cwnd
[2024-05-28 19:48:40.623537]     9.8750 MB /   0.50 sec =  165.6972 Mbps     0 retrans   5678 KB-cwnd
[2024-05-28 19:48:41.123574]     5.5000 MB /   0.50 sec =   92.2721 Mbps     0 retrans   5678 KB-cwnd
[2024-05-28 19:48:41.623445]     7.6875 MB /   0.50 sec =  128.9898 Mbps     0 retrans   5678 KB-cwnd
[2024-05-28 19:48:42.123587]    10.0000 MB /   0.50 sec =  167.7416 Mbps     0 retrans   5678 KB-cwnd
[2024-05-28 19:48:42.623502]    10.2500 MB /   0.50 sec =  171.9902 Mbps     0 retrans   5678 KB-cwnd
[2024-05-28 19:48:43.123458]     9.5000 MB /   0.50 sec =  159.3922 Mbps     0 retrans   5678 KB-cwnd
[2024-05-28 19:48:43.623640]     9.4375 MB /   0.50 sec =  158.3008 Mbps     0 retrans   5678 KB-cwnd
[2024-05-28 19:48:44.123602]    10.8125 MB /   0.50 sec =  181.3993 Mbps     0 retrans   5678 KB-cwnd
[2024-05-28 19:48:44.623560]    10.5000 MB /   0.50 sec =  176.1696 Mbps     0 retrans   5678 KB-cwnd
[2024-05-28 19:48:45.123560]    10.1250 MB /   0.50 sec =  169.8710 Mbps    26 retrans   3961 KB-cwnd
[2024-05-28 19:48:45.623602]    12.0000 MB /   0.50 sec =  201.3504 Mbps     0 retrans   3961 KB-cwnd
[2024-05-28 19:48:46.123502]    10.8750 MB /   0.50 sec =  182.4511 Mbps     0 retrans   3961 KB-cwnd
[2024-05-28 19:48:46.623564]     5.4375 MB /   0.50 sec =   91.2190 Mbps     0 retrans   3961 KB-cwnd
[2024-05-28 19:48:47.123505]    13.3125 MB /   0.50 sec =  223.3485 Mbps     0 retrans   3961 KB-cwnd
[2024-05-28 19:48:47.623640]    12.1250 MB /   0.50 sec =  203.4421 Mbps     0 retrans   3961 KB-cwnd
[2024-05-28 19:48:48.123542]    10.7500 MB /   0.50 sec =  180.3396 Mbps     0 retrans   3961 KB-cwnd
[2024-05-28 19:48:48.623486]    10.7500 MB /   0.50 sec =  180.3717 Mbps     0 retrans   3961 KB-cwnd
[2024-05-28 19:48:49.123510]    11.2500 MB /   0.50 sec =  188.7399 Mbps     0 retrans   3961 KB-cwnd
[2024-05-28 19:48:49.623501]    11.5625 MB /   0.50 sec =  193.9877 Mbps     0 retrans   3961 KB-cwnd
[2024-05-28 19:48:50.123667]    10.7500 MB /   0.50 sec =  180.3053 Mbps     0 retrans   3961 KB-cwnd
[2024-05-28 19:48:50.623575]     7.6875 MB /   0.50 sec =  128.9970 Mbps     0 retrans   3961 KB-cwnd
[2024-05-28 19:48:51.123626]     8.7500 MB /   0.50 sec =  146.7842 Mbps     0 retrans   3961 KB-cwnd
[2024-05-28 19:48:51.623544]     7.6875 MB /   0.50 sec =  129.0022 Mbps     0 retrans   3961 KB-cwnd
[2024-05-28 19:48:52.123681]     5.3750 MB /   0.50 sec =   90.1509 Mbps     0 retrans   3961 KB-cwnd
[2024-05-28 19:48:52.623456]    10.6875 MB /   0.50 sec =  179.3621 Mbps     4 retrans   4596 KB-cwnd
[2024-05-28 19:48:53.123677]     7.3125 MB /   0.50 sec =  122.6478 Mbps     0 retrans   4596 KB-cwnd
[2024-05-28 19:48:53.623511]    13.3750 MB /   0.50 sec =  224.4613 Mbps     0 retrans   4596 KB-cwnd
[2024-05-28 19:48:54.123510]     9.2500 MB /   0.50 sec =  155.1868 Mbps     0 retrans   4596 KB-cwnd
[2024-05-28 19:48:54.623523]    10.1250 MB /   0.50 sec =  169.8625 Mbps     0 retrans   4596 KB-cwnd
[2024-05-28 19:48:55.123483]    11.1875 MB /   0.50 sec =  187.7067 Mbps     0 retrans   4596 KB-cwnd
[2024-05-28 19:48:55.623532]     9.8125 MB /   0.50 sec =  164.6156 Mbps     0 retrans   4596 KB-cwnd
[2024-05-28 19:48:56.123494]    12.0625 MB /   0.50 sec =  202.3861 Mbps     0 retrans   4596 KB-cwnd
[2024-05-28 19:48:56.623506]    11.6875 MB /   0.50 sec =  196.0821 Mbps     0 retrans   4596 KB-cwnd
[2024-05-28 19:48:57.123595]     9.0000 MB /   0.50 sec =  150.9669 Mbps     0 retrans   4596 KB-cwnd
[2024-05-28 19:48:57.623565]     7.6875 MB /   0.50 sec =  128.9890 Mbps     0 retrans   4596 KB-cwnd
[2024-05-28 19:48:58.123537]    11.6250 MB /   0.50 sec =  195.0266 Mbps     0 retrans   4596 KB-cwnd
[2024-05-28 19:48:58.623625]     7.5000 MB /   0.50 sec =  125.8175 Mbps     0 retrans   4596 KB-cwnd
[2024-05-28 19:48:59.123523]    12.2500 MB /   0.50 sec =  205.5641 Mbps    11 retrans   4728 KB-cwnd
[2024-05-28 19:48:59.623548]     8.7500 MB /   0.50 sec =  146.7910 Mbps     0 retrans   4728 KB-cwnd
[2024-05-28 19:49:00.123501]    11.1875 MB /   0.50 sec =  187.7116 Mbps     0 retrans   4728 KB-cwnd
[2024-05-28 19:49:00.623486]    10.5625 MB /   0.50 sec =  177.2086 Mbps     0 retrans   4728 KB-cwnd
[2024-05-28 19:49:01.123496]    10.1875 MB /   0.50 sec =  170.9179 Mbps     0 retrans   4728 KB-cwnd
[2024-05-28 19:49:01.623482]    10.8750 MB /   0.50 sec =  182.4526 Mbps     0 retrans   4728 KB-cwnd
[2024-05-28 19:49:02.123498]     2.4375 MB /   0.50 sec =   40.8936 Mbps     0 retrans   4728 KB-cwnd
[2024-05-28 19:49:02.623479]     6.5625 MB /   0.50 sec =  110.0987 Mbps     0 retrans   4728 KB-cwnd
[2024-05-28 19:49:03.123625]    11.6250 MB /   0.50 sec =  195.0024 Mbps     0 retrans   4693 KB-cwnd
[2024-05-28 19:49:03.623449]    11.6250 MB /   0.50 sec =  195.0769 Mbps     0 retrans   4693 KB-cwnd
[2024-05-28 19:49:04.123516]    10.1875 MB /   0.50 sec =  170.9104 Mbps     0 retrans   4693 KB-cwnd
[2024-05-28 19:49:04.623678]    10.5000 MB /   0.50 sec =  176.1625 Mbps     0 retrans   4693 KB-cwnd
[2024-05-28 19:49:05.123688]     6.5625 MB /   0.50 sec =  110.0835 Mbps     0 retrans   4693 KB-cwnd
[2024-05-28 19:49:05.623524]    14.7500 MB /   0.50 sec =  247.4996 Mbps     0 retrans   4693 KB-cwnd
[2024-05-28 19:49:06.123494]    11.1875 MB /   0.50 sec =  187.6981 Mbps     0 retrans   4693 KB-cwnd
[2024-05-28 19:49:06.623502]    11.8125 MB /   0.50 sec =  198.1821 Mbps    12 retrans   4206 KB-cwnd
[2024-05-28 19:49:07.123625]    10.8125 MB /   0.50 sec =  181.3637 Mbps     0 retrans   4206 KB-cwnd
[2024-05-28 19:49:07.623564]     8.4375 MB /   0.50 sec =  141.5747 Mbps     0 retrans   4206 KB-cwnd
[2024-05-28 19:49:08.123655]     7.5625 MB /   0.50 sec =  126.8574 Mbps     0 retrans   4206 KB-cwnd
[2024-05-28 19:49:08.623604]    10.9375 MB /   0.50 sec =  183.5140 Mbps     0 retrans   4206 KB-cwnd
[2024-05-28 19:49:09.123541]     7.1250 MB /   0.50 sec =  119.5436 Mbps     0 retrans   4206 KB-cwnd
[2024-05-28 19:49:09.623641]    11.1875 MB /   0.50 sec =  187.6775 Mbps     0 retrans   4206 KB-cwnd
[2024-05-28 19:49:10.123783]     9.2500 MB /   0.50 sec =  155.1886 Mbps     0 retrans   4206 KB-cwnd
[2024-05-28 19:49:10.623496]    11.4375 MB /   0.50 sec =  191.9351 Mbps     0 retrans   4206 KB-cwnd
[2024-05-28 19:49:11.123502]     9.1250 MB /   0.50 sec =  153.0906 Mbps     0 retrans   4206 KB-cwnd
[2024-05-28 19:49:11.623490]     9.1250 MB /   0.50 sec =  153.0958 Mbps     0 retrans   4206 KB-cwnd
[2024-05-28 19:49:12.123648]     6.8750 MB /   0.50 sec =  115.3125 Mbps     0 retrans   4206 KB-cwnd
[2024-05-28 19:49:12.623489]     4.0625 MB /   0.50 sec =   68.1731 Mbps     0 retrans   4206 KB-cwnd
[2024-05-28 19:49:13.123557]     9.2500 MB /   0.50 sec =  155.1902 Mbps     0 retrans   4171 KB-cwnd
[2024-05-28 19:49:13.623479]     8.8125 MB /   0.50 sec =  147.8537 Mbps     0 retrans   4171 KB-cwnd
[2024-05-28 19:49:14.123557]     9.4375 MB /   0.50 sec =  158.3103 Mbps     0 retrans   4171 KB-cwnd
[2024-05-28 19:49:14.623568]     9.8125 MB /   0.50 sec =  164.6254 Mbps    17 retrans   4339 KB-cwnd
[2024-05-28 19:49:15.123465]    10.2500 MB /   0.50 sec =  171.9947 Mbps     0 retrans   4362 KB-cwnd
[2024-05-28 19:49:15.623539]    10.6875 MB /   0.50 sec =  179.2954 Mbps     0 retrans   4364 KB-cwnd
[2024-05-28 19:49:16.123508]    11.3750 MB /   0.50 sec =  190.8500 Mbps     0 retrans   4434 KB-cwnd
[2024-05-28 19:49:16.623501]    11.8750 MB /   0.50 sec =  199.2298 Mbps     0 retrans   4435 KB-cwnd
[2024-05-28 19:49:17.123433]    10.6250 MB /   0.50 sec =  178.2675 Mbps     0 retrans   4435 KB-cwnd
[2024-05-28 19:49:17.623605]     5.3750 MB /   0.50 sec =   90.1649 Mbps     0 retrans   4435 KB-cwnd
[2024-05-28 19:49:18.123631]    11.0625 MB /   0.50 sec =  185.5671 Mbps     0 retrans   4548 KB-cwnd
[2024-05-28 19:49:18.623564]     7.6250 MB /   0.50 sec =  127.9442 Mbps     0 retrans   4548 KB-cwnd
[2024-05-28 19:49:19.123545]    10.8125 MB /   0.50 sec =  181.3989 Mbps     0 retrans   4548 KB-cwnd
[2024-05-28 19:49:19.623569]     7.2500 MB /   0.50 sec =  121.6394 Mbps     0 retrans   4548 KB-cwnd
[2024-05-28 19:49:20.123616]    10.1250 MB /   0.50 sec =  169.8489 Mbps     0 retrans   4548 KB-cwnd
[2024-05-28 19:49:20.623521]    10.4375 MB /   0.50 sec =  175.1441 Mbps     0 retrans   4548 KB-cwnd
[2024-05-28 19:49:21.123660]     7.0625 MB /   0.50 sec =  118.4618 Mbps     0 retrans   4548 KB-cwnd
[2024-05-28 19:49:21.623535]    10.5625 MB /   0.50 sec =  177.2466 Mbps     8 retrans   4481 KB-cwnd
[2024-05-28 19:49:22.123508]     8.6875 MB /   0.50 sec =  145.7614 Mbps     0 retrans   4481 KB-cwnd
[2024-05-28 19:49:22.623573]     6.4375 MB /   0.50 sec =  107.9899 Mbps     0 retrans   4481 KB-cwnd
[2024-05-28 19:49:23.123504]     2.9375 MB /   0.50 sec =   49.2887 Mbps     0 retrans   4481 KB-cwnd
[2024-05-28 19:49:23.623499]     9.0625 MB /   0.50 sec =  152.0447 Mbps     0 retrans   4481 KB-cwnd
[2024-05-28 19:49:24.123501]     9.2500 MB /   0.50 sec =  155.1852 Mbps     0 retrans   4481 KB-cwnd
[2024-05-28 19:49:24.623686]     8.3750 MB /   0.50 sec =  140.4926 Mbps     0 retrans   4481 KB-cwnd
[2024-05-28 19:49:25.123692]     7.1875 MB /   0.50 sec =  120.5621 Mbps     0 retrans   4481 KB-cwnd
[2024-05-28 19:49:25.623755]     6.4375 MB /   0.50 sec =  108.0143 Mbps     0 retrans   4481 KB-cwnd
[2024-05-28 19:49:26.123518]     9.6250 MB /   0.50 sec =  161.5149 Mbps     0 retrans   4481 KB-cwnd
[2024-05-28 19:49:26.623563]     6.5625 MB /   0.50 sec =  110.0921 Mbps     0 retrans   4481 KB-cwnd
[2024-05-28 19:49:27.123428]     9.8125 MB /   0.50 sec =  164.6501 Mbps     0 retrans   4497 KB-cwnd
[2024-05-28 19:49:27.623588]     6.3750 MB /   0.50 sec =  106.9346 Mbps     0 retrans   4497 KB-cwnd
[2024-05-28 19:49:28.123609]     9.6875 MB /   0.50 sec =  162.5205 Mbps     0 retrans   4553 KB-cwnd
[2024-05-28 19:49:28.623540]     8.0625 MB /   0.50 sec =  135.2804 Mbps     0 retrans   4553 KB-cwnd
[2024-05-28 19:49:29.123669]     5.7500 MB /   0.50 sec =   96.4503 Mbps     0 retrans   4553 KB-cwnd
[2024-05-28 19:49:29.623554]     7.7500 MB /   0.50 sec =  130.0502 Mbps     0 retrans   4553 KB-cwnd
[2024-05-28 19:49:30.123423]    11.3750 MB /   0.50 sec =  190.8687 Mbps     0 retrans   4572 KB-cwnd
[2024-05-28 19:49:30.623493]     8.1875 MB /   0.50 sec =  137.3563 Mbps    13 retrans   4150 KB-cwnd
[2024-05-28 19:49:31.123619]     8.1250 MB /   0.50 sec =  136.2857 Mbps     0 retrans   4150 KB-cwnd
[2024-05-28 19:49:31.623680]     7.8125 MB /   0.50 sec =  131.0859 Mbps     0 retrans   4150 KB-cwnd
[2024-05-28 19:49:32.123611]     6.8125 MB /   0.50 sec =  114.2811 Mbps     0 retrans   4150 KB-cwnd
[2024-05-28 19:49:32.623430]     9.6250 MB /   0.50 sec =  161.5259 Mbps     0 retrans   4150 KB-cwnd
[2024-05-28 19:49:33.123636]     6.5625 MB /   0.50 sec =  110.0699 Mbps     0 retrans   4150 KB-cwnd
[2024-05-28 19:49:33.623509]     3.3750 MB /   0.50 sec =   56.6349 Mbps     0 retrans   4150 KB-cwnd
[2024-05-28 19:49:34.123651]     5.1250 MB /   0.50 sec =   85.9611 Mbps     0 retrans   4150 KB-cwnd
[2024-05-28 19:49:34.623582]     9.0000 MB /   0.50 sec =  151.0125 Mbps     0 retrans   4150 KB-cwnd
[2024-05-28 19:49:35.123637]     6.2500 MB /   0.50 sec =  104.8484 Mbps     0 retrans   4150 KB-cwnd
[2024-05-28 19:49:35.623621]     9.2500 MB /   0.50 sec =  155.1927 Mbps     0 retrans   4150 KB-cwnd
[2024-05-28 19:49:36.123675]     5.8750 MB /   0.50 sec =   98.5579 Mbps     0 retrans   4150 KB-cwnd
[2024-05-28 19:49:36.623597]     8.3750 MB /   0.50 sec =  140.5322 Mbps     0 retrans   4150 KB-cwnd
[2024-05-28 19:49:37.123499]     8.6250 MB /   0.50 sec =  144.7197 Mbps     0 retrans   4150 KB-cwnd
[2024-05-28 19:49:37.623442]     7.6250 MB /   0.50 sec =  127.9365 Mbps     0 retrans   4150 KB-cwnd
[2024-05-28 19:49:38.123538]     7.6250 MB /   0.50 sec =  127.9130 Mbps     0 retrans   4150 KB-cwnd
[2024-05-28 19:49:38.623705]     5.8750 MB /   0.50 sec =   98.5581 Mbps     0 retrans   4150 KB-cwnd
[2024-05-28 19:49:39.123665]     5.3125 MB /   0.50 sec =   89.1152 Mbps     0 retrans   4150 KB-cwnd
[2024-05-28 19:49:39.623567]     4.8750 MB /   0.50 sec =   81.8041 Mbps     0 retrans   4150 KB-cwnd
End time: 1716940179736
