Start time: 1716995807389
[2024-05-29 11:16:48.367691] nuttcp-r: v8.1.4: socket
[2024-05-29 11:16:48.369039] nuttcp-r: buflen=65536, nstream=1, port=5001 tcp
[2024-05-29 11:16:48.369162] nuttcp-r: interval reporting every 0.50 seconds
[2024-05-29 11:16:48.369252] nuttcp-r: connect to 35.245.244.238 with RTT=60.764 ms af=inet
[2024-05-29 11:16:48.369337] nuttcp-r: send window size = 524288, receive window size = 4194304
[2024-05-29 11:16:48.369414] nuttcp-r: available send window = 393216, available receive window = 3145728
[2024-05-29 11:16:48.369493]     0.2500 MB /   0.50 sec =    4.1934 Mbps     0 retrans     13 KB-cwnd
[2024-05-29 11:16:48.867868]     0.1875 MB /   0.50 sec =    3.1459 Mbps     0 retrans     13 KB-cwnd
[2024-05-29 11:16:49.367328]     0.1250 MB /   0.50 sec =    2.0974 Mbps     0 retrans     13 KB-cwnd
[2024-05-29 11:16:49.867914]     0.2500 MB /   0.50 sec =    4.1934 Mbps     0 retrans     13 KB-cwnd
[2024-05-29 11:16:50.367514]     0.1875 MB /   0.50 sec =    3.1461 Mbps     0 retrans     13 KB-cwnd
[2024-05-29 11:16:50.867450]     0.0625 MB /   0.50 sec =    1.0486 Mbps     0 retrans     13 KB-cwnd
[2024-05-29 11:16:51.368627]     0.1250 MB /   0.50 sec =    2.0926 Mbps     0 retrans     13 KB-cwnd
[2024-05-29 11:16:51.867525]     0.0625 MB /   0.50 sec =    1.0507 Mbps     0 retrans     13 KB-cwnd
[2024-05-29 11:16:52.367514]     0.0625 MB /   0.50 sec =    1.0486 Mbps     0 retrans     13 KB-cwnd
[2024-05-29 11:16:52.867452]     0.0625 MB /   0.50 sec =    1.0487 Mbps     0 retrans     13 KB-cwnd
[2024-05-29 11:16:53.367510]     0.1250 MB /   0.50 sec =    2.0970 Mbps     0 retrans     13 KB-cwnd
[2024-05-29 11:16:53.867646]     0.0625 MB /   0.50 sec =    1.0485 Mbps     0 retrans     13 KB-cwnd
[2024-05-29 11:16:54.367560]     0.1875 MB /   0.50 sec =    3.1457 Mbps     0 retrans     13 KB-cwnd
[2024-05-29 11:16:54.867603]     0.0000 MB /   0.50 sec =    0.0000 Mbps     0 retrans     13 KB-cwnd
[2024-05-29 11:16:55.367530]     0.1250 MB /   0.50 sec =    2.0968 Mbps     0 retrans     13 KB-cwnd
[2024-05-29 11:16:55.868549]     0.0625 MB /   0.50 sec =    1.0465 Mbps     0 retrans     13 KB-cwnd
[2024-05-29 11:16:56.367524]     0.1250 MB /   0.50 sec =    2.1013 Mbps     0 retrans     13 KB-cwnd
[2024-05-29 11:16:56.867448]     0.1250 MB /   0.50 sec =    2.0974 Mbps     0 retrans     13 KB-cwnd
[2024-05-29 11:16:57.367621]     0.0625 MB /   0.50 sec =    1.0483 Mbps     0 retrans     13 KB-cwnd
[2024-05-29 11:16:57.868456]     0.0625 MB /   0.50 sec =    1.0468 Mbps     0 retrans     13 KB-cwnd
[2024-05-29 11:16:58.367483]     0.1250 MB /   0.50 sec =    2.1012 Mbps     0 retrans     13 KB-cwnd
[2024-05-29 11:16:58.868479]     0.1250 MB /   0.50 sec =    2.0930 Mbps     0 retrans     13 KB-cwnd
[2024-05-29 11:16:59.367533]     0.1250 MB /   0.50 sec =    2.1010 Mbps     0 retrans     13 KB-cwnd
[2024-05-29 11:16:59.867460]     0.2500 MB /   0.50 sec =    4.1945 Mbps     0 retrans     13 KB-cwnd
[2024-05-29 11:17:00.367391]     0.3125 MB /   0.50 sec =    5.2434 Mbps     0 retrans     13 KB-cwnd
[2024-05-29 11:17:00.867788]     0.3750 MB /   0.50 sec =    6.2871 Mbps     0 retrans     13 KB-cwnd
[2024-05-29 11:17:01.367631]     0.3750 MB /   0.50 sec =    6.2939 Mbps     0 retrans     13 KB-cwnd
[2024-05-29 11:17:01.867491]     0.5625 MB /   0.50 sec =    9.4390 Mbps     0 retrans     13 KB-cwnd
[2024-05-29 11:17:02.367654]     0.3750 MB /   0.50 sec =    6.2897 Mbps     0 retrans     13 KB-cwnd
[2024-05-29 11:17:02.867428]     0.1875 MB /   0.50 sec =    3.1469 Mbps     0 retrans     13 KB-cwnd
[2024-05-29 11:17:03.368845]     0.0000 MB /   0.50 sec =    0.0000 Mbps     0 retrans     13 KB-cwnd
[2024-05-29 11:17:03.867561]     0.0625 MB /   0.50 sec =    1.0508 Mbps     0 retrans     13 KB-cwnd
[2024-05-29 11:17:04.367352]     0.0000 MB /   0.50 sec =    0.0000 Mbps     0 retrans     13 KB-cwnd
[2024-05-29 11:17:04.867479]     0.1875 MB /   0.50 sec =    3.1455 Mbps     0 retrans     13 KB-cwnd
[2024-05-29 11:17:05.367480]     0.5625 MB /   0.50 sec =    9.4377 Mbps     0 retrans     13 KB-cwnd
[2024-05-29 11:17:05.867535]     0.3750 MB /   0.50 sec =    6.2902 Mbps     0 retrans     13 KB-cwnd
[2024-05-29 11:17:06.367413]     0.2500 MB /   0.50 sec =    4.1953 Mbps     0 retrans     13 KB-cwnd
[2024-05-29 11:17:06.867452]     0.1875 MB /   0.50 sec =    3.1455 Mbps     0 retrans     13 KB-cwnd
[2024-05-29 11:17:07.367439]     0.2500 MB /   0.50 sec =    4.1944 Mbps     0 retrans     13 KB-cwnd
[2024-05-29 11:17:07.867590]     0.3125 MB /   0.50 sec =    5.2415 Mbps     0 retrans     13 KB-cwnd
[2024-05-29 11:17:08.368500]     0.1875 MB /   0.50 sec =    3.1402 Mbps     0 retrans     13 KB-cwnd
[2024-05-29 11:17:08.867569]     0.1250 MB /   0.50 sec =    2.1009 Mbps     0 retrans     13 KB-cwnd
[2024-05-29 11:17:09.368587]     0.0625 MB /   0.50 sec =    1.0466 Mbps     0 retrans     13 KB-cwnd
[2024-05-29 11:17:09.867440]     0.0625 MB /   0.50 sec =    1.0508 Mbps     0 retrans     13 KB-cwnd
[2024-05-29 11:17:10.368848]     0.0625 MB /   0.50 sec =    1.0462 Mbps     0 retrans     13 KB-cwnd
[2024-05-29 11:17:10.868484]     0.1250 MB /   0.50 sec =    2.0977 Mbps     0 retrans     13 KB-cwnd
[2024-05-29 11:17:11.367659]     0.1250 MB /   0.50 sec =    2.1011 Mbps     0 retrans     13 KB-cwnd
[2024-05-29 11:17:11.868131]     0.0625 MB /   0.50 sec =    1.0481 Mbps     0 retrans     13 KB-cwnd
[2024-05-29 11:17:12.367498]     0.0625 MB /   0.50 sec =    1.0492 Mbps     0 retrans     13 KB-cwnd
[2024-05-29 11:17:12.867458]     0.1875 MB /   0.50 sec =    3.1458 Mbps     0 retrans     13 KB-cwnd
[2024-05-29 11:17:13.367513]     0.0625 MB /   0.50 sec =    1.0485 Mbps     0 retrans     13 KB-cwnd
[2024-05-29 11:17:13.867431]     0.1875 MB /   0.50 sec =    3.1461 Mbps     0 retrans     13 KB-cwnd
[2024-05-29 11:17:14.368492]     0.1875 MB /   0.50 sec =    3.1394 Mbps     0 retrans     13 KB-cwnd
[2024-05-29 11:17:14.867504]     0.2500 MB /   0.50 sec =    4.2021 Mbps     0 retrans     13 KB-cwnd
[2024-05-29 11:17:15.368466]     0.2500 MB /   0.50 sec =    4.1868 Mbps     0 retrans     13 KB-cwnd
[2024-05-29 11:17:15.867536]     0.2500 MB /   0.50 sec =    4.2013 Mbps     0 retrans     13 KB-cwnd
[2024-05-29 11:17:16.368734]     0.1875 MB /   0.50 sec =    3.1388 Mbps     0 retrans     13 KB-cwnd
[2024-05-29 11:17:16.867710]     0.1875 MB /   0.50 sec =    3.1531 Mbps     0 retrans     13 KB-cwnd
[2024-05-29 11:17:17.367910]     0.1250 MB /   0.50 sec =    2.0957 Mbps     0 retrans     13 KB-cwnd
[2024-05-29 11:17:17.867429]     0.1250 MB /   0.50 sec =    2.0989 Mbps     0 retrans     13 KB-cwnd
[2024-05-29 11:17:18.367486]     0.1875 MB /   0.50 sec =    3.1456 Mbps     0 retrans     13 KB-cwnd
[2024-05-29 11:17:18.867480]     0.1250 MB /   0.50 sec =    2.0971 Mbps     0 retrans     13 KB-cwnd
[2024-05-29 11:17:19.367695]     0.1250 MB /   0.50 sec =    2.0970 Mbps     0 retrans     13 KB-cwnd
[2024-05-29 11:17:19.867409]     0.3125 MB /   0.50 sec =    5.2438 Mbps     0 retrans     13 KB-cwnd
[2024-05-29 11:17:20.367453]     0.2500 MB /   0.50 sec =    4.1942 Mbps     0 retrans     13 KB-cwnd
[2024-05-29 11:17:20.867422]     0.2500 MB /   0.50 sec =    4.1943 Mbps     0 retrans     13 KB-cwnd
[2024-05-29 11:17:21.367584]     0.2500 MB /   0.50 sec =    4.1927 Mbps     0 retrans     13 KB-cwnd
[2024-05-29 11:17:21.867852]     0.4375 MB /   0.50 sec =    7.3372 Mbps     0 retrans     13 KB-cwnd
[2024-05-29 11:17:22.367505]     0.3750 MB /   0.50 sec =    6.2955 Mbps     0 retrans     13 KB-cwnd
[2024-05-29 11:17:22.867448]     0.3750 MB /   0.50 sec =    6.2923 Mbps     0 retrans     13 KB-cwnd
[2024-05-29 11:17:23.367541]     0.2500 MB /   0.50 sec =    4.1943 Mbps     0 retrans     13 KB-cwnd
[2024-05-29 11:17:23.867408]     0.4375 MB /   0.50 sec =    7.3403 Mbps     0 retrans     13 KB-cwnd
[2024-05-29 11:17:24.368404]     0.4375 MB /   0.50 sec =    7.3260 Mbps     0 retrans     13 KB-cwnd
[2024-05-29 11:17:24.867407]     0.1875 MB /   0.50 sec =    3.1517 Mbps     0 retrans     13 KB-cwnd
[2024-05-29 11:17:25.367527]     0.1875 MB /   0.50 sec =    3.1451 Mbps     0 retrans     13 KB-cwnd
[2024-05-29 11:17:25.867419]     0.2500 MB /   0.50 sec =    4.1952 Mbps     0 retrans     13 KB-cwnd
[2024-05-29 11:17:26.367582]     0.1875 MB /   0.50 sec =    3.1449 Mbps     0 retrans     13 KB-cwnd
[2024-05-29 11:17:26.867435]     0.1250 MB /   0.50 sec =    2.0977 Mbps     0 retrans     13 KB-cwnd
[2024-05-29 11:17:27.367486]     0.1875 MB /   0.50 sec =    3.1456 Mbps     0 retrans     13 KB-cwnd
[2024-05-29 11:17:27.867776]     0.1875 MB /   0.50 sec =    3.1443 Mbps     0 retrans     13 KB-cwnd
[2024-05-29 11:17:28.367807]     0.2500 MB /   0.50 sec =    4.1933 Mbps     0 retrans     13 KB-cwnd
[2024-05-29 11:17:28.867798]     0.1875 MB /   0.50 sec =    3.1478 Mbps     0 retrans     13 KB-cwnd
[2024-05-29 11:17:29.368127]     0.2500 MB /   0.50 sec =    4.1910 Mbps     0 retrans     13 KB-cwnd
[2024-05-29 11:17:29.867655]     0.1250 MB /   0.50 sec =    2.0982 Mbps     0 retrans     13 KB-cwnd
[2024-05-29 11:17:30.367514]     0.1250 MB /   0.50 sec =    2.0975 Mbps     0 retrans     13 KB-cwnd
[2024-05-29 11:17:30.867429]     0.1875 MB /   0.50 sec =    3.1462 Mbps     0 retrans     13 KB-cwnd
[2024-05-29 11:17:31.367502]     0.1875 MB /   0.50 sec =    3.1455 Mbps     0 retrans     13 KB-cwnd
[2024-05-29 11:17:31.867527]     0.1250 MB /   0.50 sec =    2.0969 Mbps     0 retrans     13 KB-cwnd
[2024-05-29 11:17:32.367445]     0.1250 MB /   0.50 sec =    2.0975 Mbps     0 retrans     13 KB-cwnd
[2024-05-29 11:17:32.867458]     0.1250 MB /   0.50 sec =    2.0971 Mbps     0 retrans     13 KB-cwnd
[2024-05-29 11:17:33.367603]     0.2500 MB /   0.50 sec =    4.1946 Mbps     0 retrans     13 KB-cwnd
[2024-05-29 11:17:33.867428]     0.2500 MB /   0.50 sec =    4.1941 Mbps     0 retrans     13 KB-cwnd
[2024-05-29 11:17:34.367475]     0.3750 MB /   0.50 sec =    6.2914 Mbps     0 retrans     13 KB-cwnd
[2024-05-29 11:17:34.867442]     0.3750 MB /   0.50 sec =    6.2915 Mbps     0 retrans     13 KB-cwnd
[2024-05-29 11:17:35.367457]     0.4375 MB /   0.50 sec =    7.3399 Mbps     0 retrans     13 KB-cwnd
[2024-05-29 11:17:35.867742]     0.3750 MB /   0.50 sec =    6.2891 Mbps     0 retrans     13 KB-cwnd
[2024-05-29 11:17:36.367505]     0.3750 MB /   0.50 sec =    6.2936 Mbps     0 retrans     13 KB-cwnd
[2024-05-29 11:17:36.867565]     0.3750 MB /   0.50 sec =    6.2917 Mbps     0 retrans     13 KB-cwnd
[2024-05-29 11:17:37.367543]     0.3750 MB /   0.50 sec =    6.2906 Mbps     0 retrans     13 KB-cwnd
[2024-05-29 11:17:37.867454]     0.3125 MB /   0.50 sec =    5.2436 Mbps     0 retrans     13 KB-cwnd
[2024-05-29 11:17:38.367462]     0.1875 MB /   0.50 sec =    3.1457 Mbps     0 retrans     13 KB-cwnd
[2024-05-29 11:17:38.867367]     0.2500 MB /   0.50 sec =    4.1946 Mbps     0 retrans     13 KB-cwnd
[2024-05-29 11:17:39.367976]     0.2500 MB /   0.50 sec =    4.1899 Mbps     0 retrans     13 KB-cwnd
[2024-05-29 11:17:39.867455]     0.1250 MB /   0.50 sec =    2.0992 Mbps     0 retrans     13 KB-cwnd
[2024-05-29 11:17:40.367566]     0.1875 MB /   0.50 sec =    3.1452 Mbps     0 retrans     13 KB-cwnd
[2024-05-29 11:17:40.867464]     0.0625 MB /   0.50 sec =    1.0488 Mbps     0 retrans     13 KB-cwnd
[2024-05-29 11:17:41.367505]     0.2500 MB /   0.50 sec =    4.1939 Mbps     0 retrans     13 KB-cwnd
[2024-05-29 11:17:41.867451]     0.4375 MB /   0.50 sec =    7.3408 Mbps     0 retrans     13 KB-cwnd
[2024-05-29 11:17:42.368515]     0.3750 MB /   0.50 sec =    6.2787 Mbps     0 retrans     13 KB-cwnd
[2024-05-29 11:17:42.867429]     0.5625 MB /   0.50 sec =    9.4566 Mbps     0 retrans     13 KB-cwnd
[2024-05-29 11:17:43.367533]     0.4375 MB /   0.50 sec =    7.3391 Mbps     0 retrans     13 KB-cwnd
[2024-05-29 11:17:43.867505]     0.5625 MB /   0.50 sec =    9.4369 Mbps     0 retrans     13 KB-cwnd
[2024-05-29 11:17:44.367424]     0.3750 MB /   0.50 sec =    6.2924 Mbps     0 retrans     13 KB-cwnd
[2024-05-29 11:17:44.867505]     0.2500 MB /   0.50 sec =    4.1938 Mbps     0 retrans     13 KB-cwnd
[2024-05-29 11:17:45.367444]     0.0625 MB /   0.50 sec =    1.0487 Mbps     0 retrans     13 KB-cwnd
[2024-05-29 11:17:45.868580]     0.1250 MB /   0.50 sec =    2.0926 Mbps     0 retrans     13 KB-cwnd
[2024-05-29 11:17:46.367671]     0.2500 MB /   0.50 sec =    4.2033 Mbps     0 retrans     13 KB-cwnd
[2024-05-29 11:17:46.867424]     0.2500 MB /   0.50 sec =    4.1944 Mbps     0 retrans     13 KB-cwnd
[2024-05-29 11:17:47.367445]     0.1250 MB /   0.50 sec =    2.0972 Mbps     0 retrans     13 KB-cwnd
[2024-05-29 11:17:47.867656]     0.0625 MB /   0.50 sec =    1.0482 Mbps     0 retrans     13 KB-cwnd
[2024-05-29 11:17:48.368559]     0.0000 MB /   0.50 sec =    0.0000 Mbps     0 retrans     13 KB-cwnd
[2024-05-29 11:17:48.868475]     0.0000 MB /   0.50 sec =    0.0000 Mbps     0 retrans     13 KB-cwnd
[2024-05-29 11:17:49.367452]     0.3125 MB /   0.50 sec =    5.2535 Mbps     0 retrans     13 KB-cwnd
[2024-05-29 11:17:49.867561]     0.6875 MB /   0.50 sec =   11.5344 Mbps     0 retrans     13 KB-cwnd
[2024-05-29 11:17:50.367787]     0.6875 MB /   0.50 sec =   11.5264 Mbps     0 retrans     13 KB-cwnd
[2024-05-29 11:17:50.867514]     0.8750 MB /   0.50 sec =   14.6882 Mbps     0 retrans     13 KB-cwnd
[2024-05-29 11:17:51.367438]     1.0000 MB /   0.50 sec =   16.7793 Mbps     0 retrans     13 KB-cwnd
[2024-05-29 11:17:51.867435]     1.1250 MB /   0.50 sec =   18.8745 Mbps     0 retrans     13 KB-cwnd
[2024-05-29 11:17:52.367453]     1.4375 MB /   0.50 sec =   24.1169 Mbps     0 retrans     13 KB-cwnd
[2024-05-29 11:17:52.867430]     1.6875 MB /   0.50 sec =   28.3122 Mbps     0 retrans     13 KB-cwnd
[2024-05-29 11:17:53.367499]     1.8125 MB /   0.50 sec =   30.4048 Mbps     0 retrans     13 KB-cwnd
[2024-05-29 11:17:53.867428]     1.1875 MB /   0.50 sec =   19.9255 Mbps     0 retrans     13 KB-cwnd
[2024-05-29 11:17:54.367435]     1.0000 MB /   0.50 sec =   16.7772 Mbps     0 retrans     13 KB-cwnd
[2024-05-29 11:17:54.867628]     1.5000 MB /   0.50 sec =   25.1652 Mbps     0 retrans     13 KB-cwnd
[2024-05-29 11:17:55.367525]     2.0625 MB /   0.50 sec =   34.6054 Mbps     0 retrans     13 KB-cwnd
[2024-05-29 11:17:55.867483]     2.0625 MB /   0.50 sec =   34.5975 Mbps     0 retrans     13 KB-cwnd
[2024-05-29 11:17:56.367509]     1.6250 MB /   0.50 sec =   27.2623 Mbps     0 retrans     13 KB-cwnd
[2024-05-29 11:17:56.867468]     1.0625 MB /   0.50 sec =   17.8280 Mbps     0 retrans     13 KB-cwnd
[2024-05-29 11:17:57.367443]     1.3125 MB /   0.50 sec =   22.0201 Mbps     0 retrans     13 KB-cwnd
[2024-05-29 11:17:57.867454]     0.5625 MB /   0.50 sec =    9.4373 Mbps     0 retrans     13 KB-cwnd
[2024-05-29 11:17:58.367453]     0.4375 MB /   0.50 sec =    7.3400 Mbps     0 retrans     13 KB-cwnd
[2024-05-29 11:17:58.867418]     0.8125 MB /   0.50 sec =   13.6318 Mbps     0 retrans     13 KB-cwnd
[2024-05-29 11:17:59.367437]     2.0000 MB /   0.50 sec =   33.5535 Mbps     0 retrans     13 KB-cwnd
[2024-05-29 11:17:59.867469]     1.6250 MB /   0.50 sec =   27.2608 Mbps     0 retrans     13 KB-cwnd
[2024-05-29 11:18:00.368516]     0.5000 MB /   0.50 sec =    8.3723 Mbps     0 retrans     13 KB-cwnd
[2024-05-29 11:18:00.867360]     1.9375 MB /   0.50 sec =   32.5737 Mbps     0 retrans     13 KB-cwnd
[2024-05-29 11:18:01.367847]     2.3750 MB /   0.50 sec =   39.8122 Mbps     0 retrans     13 KB-cwnd
[2024-05-29 11:18:01.867412]     2.8125 MB /   0.50 sec =   47.2240 Mbps     0 retrans     13 KB-cwnd
[2024-05-29 11:18:02.367426]     2.3750 MB /   0.50 sec =   39.8457 Mbps     0 retrans     13 KB-cwnd
[2024-05-29 11:18:02.867410]     1.8750 MB /   0.50 sec =   31.4574 Mbps     0 retrans     13 KB-cwnd
[2024-05-29 11:18:03.367727]     1.4375 MB /   0.50 sec =   24.1133 Mbps     0 retrans     13 KB-cwnd
[2024-05-29 11:18:03.868730]     1.4375 MB /   0.50 sec =   24.0598 Mbps     0 retrans     13 KB-cwnd
[2024-05-29 11:18:04.367561]     1.1250 MB /   0.50 sec =   18.9224 Mbps     0 retrans     13 KB-cwnd
[2024-05-29 11:18:04.867435]     2.3125 MB /   0.50 sec =   38.7967 Mbps     0 retrans     13 KB-cwnd
[2024-05-29 11:18:05.367452]     2.6875 MB /   0.50 sec =   45.0889 Mbps     0 retrans     13 KB-cwnd
[2024-05-29 11:18:05.867402]     2.7500 MB /   0.50 sec =   46.1389 Mbps     0 retrans     13 KB-cwnd
[2024-05-29 11:18:06.367420]     2.3125 MB /   0.50 sec =   38.7969 Mbps     0 retrans     13 KB-cwnd
[2024-05-29 11:18:06.867419]     1.8125 MB /   0.50 sec =   30.4086 Mbps     0 retrans     13 KB-cwnd
[2024-05-29 11:18:07.367414]     1.4375 MB /   0.50 sec =   24.1174 Mbps     0 retrans     13 KB-cwnd
[2024-05-29 11:18:07.867591]     1.4375 MB /   0.50 sec =   24.1167 Mbps     0 retrans     13 KB-cwnd
[2024-05-29 11:18:08.367797]     1.5000 MB /   0.50 sec =   25.1487 Mbps     0 retrans     13 KB-cwnd
[2024-05-29 11:18:08.867454]     1.7500 MB /   0.50 sec =   29.3777 Mbps     0 retrans     13 KB-cwnd
[2024-05-29 11:18:09.367416]     2.4375 MB /   0.50 sec =   40.8986 Mbps     0 retrans     13 KB-cwnd
[2024-05-29 11:18:09.867436]     2.0625 MB /   0.50 sec =   34.6025 Mbps     0 retrans     13 KB-cwnd
[2024-05-29 11:18:10.367463]     2.4375 MB /   0.50 sec =   40.8905 Mbps     0 retrans     13 KB-cwnd
[2024-05-29 11:18:10.867550]     0.9375 MB /   0.50 sec =   15.7278 Mbps     0 retrans     13 KB-cwnd
[2024-05-29 11:18:11.367500]     2.3125 MB /   0.50 sec =   38.7997 Mbps     0 retrans     13 KB-cwnd
[2024-05-29 11:18:11.867412]     2.1875 MB /   0.50 sec =   36.7042 Mbps     0 retrans     13 KB-cwnd
[2024-05-29 11:18:12.367425]     2.0625 MB /   0.50 sec =   34.6026 Mbps     0 retrans     13 KB-cwnd
[2024-05-29 11:18:12.867416]     1.6250 MB /   0.50 sec =   27.2633 Mbps     0 retrans     13 KB-cwnd
[2024-05-29 11:18:13.367445]     1.4375 MB /   0.50 sec =   24.1171 Mbps     0 retrans     13 KB-cwnd
[2024-05-29 11:18:13.867600]     0.9375 MB /   0.50 sec =   15.7284 Mbps     0 retrans     13 KB-cwnd
[2024-05-29 11:18:14.367409]     1.2500 MB /   0.50 sec =   20.9720 Mbps     0 retrans     13 KB-cwnd
[2024-05-29 11:18:14.868393]     1.6250 MB /   0.50 sec =   27.2118 Mbps     0 retrans     13 KB-cwnd
[2024-05-29 11:18:15.367574]     2.1875 MB /   0.50 sec =   36.7703 Mbps     0 retrans     13 KB-cwnd
[2024-05-29 11:18:15.867732]     1.8125 MB /   0.50 sec =   30.3886 Mbps     0 retrans     13 KB-cwnd
[2024-05-29 11:18:16.367466]     1.0000 MB /   0.50 sec =   16.7876 Mbps     0 retrans     13 KB-cwnd
[2024-05-29 11:18:16.867429]     0.6250 MB /   0.50 sec =   10.4858 Mbps     0 retrans     13 KB-cwnd
[2024-05-29 11:18:17.367412]     2.0000 MB /   0.50 sec =   33.5547 Mbps     0 retrans     13 KB-cwnd
[2024-05-29 11:18:17.867410]     2.3125 MB /   0.50 sec =   38.7972 Mbps     0 retrans     13 KB-cwnd
[2024-05-29 11:18:18.368471]     2.0000 MB /   0.50 sec =   33.4878 Mbps     0 retrans     13 KB-cwnd
[2024-05-29 11:18:18.867578]     1.3125 MB /   0.50 sec =   22.0579 Mbps     0 retrans     13 KB-cwnd
[2024-05-29 11:18:19.367448]     2.4375 MB /   0.50 sec =   40.9039 Mbps     0 retrans     13 KB-cwnd
[2024-05-29 11:18:19.867531]     2.1875 MB /   0.50 sec =   36.7024 Mbps     0 retrans     13 KB-cwnd
[2024-05-29 11:18:20.367454]     1.0625 MB /   0.50 sec =   17.8243 Mbps     0 retrans     13 KB-cwnd
[2024-05-29 11:18:20.867437]     0.7500 MB /   0.50 sec =   12.5837 Mbps     0 retrans     13 KB-cwnd
[2024-05-29 11:18:21.367419]     1.2500 MB /   0.50 sec =   20.9714 Mbps     0 retrans     13 KB-cwnd
[2024-05-29 11:18:21.867609]     1.7500 MB /   0.50 sec =   29.3601 Mbps     0 retrans     13 KB-cwnd
[2024-05-29 11:18:22.367456]     1.1875 MB /   0.50 sec =   19.9226 Mbps     0 retrans     13 KB-cwnd
[2024-05-29 11:18:22.867413]     2.0625 MB /   0.50 sec =   34.6041 Mbps     0 retrans     13 KB-cwnd
[2024-05-29 11:18:23.367449]     1.9375 MB /   0.50 sec =   32.5050 Mbps     0 retrans     13 KB-cwnd
[2024-05-29 11:18:23.867430]     2.1250 MB /   0.50 sec =   35.6522 Mbps     0 retrans     13 KB-cwnd
[2024-05-29 11:18:24.367404]     2.2500 MB /   0.50 sec =   37.7490 Mbps     0 retrans     13 KB-cwnd
[2024-05-29 11:18:24.867556]     2.1875 MB /   0.50 sec =   36.6996 Mbps     0 retrans     13 KB-cwnd
[2024-05-29 11:18:25.367568]     1.5000 MB /   0.50 sec =   25.1612 Mbps     0 retrans     13 KB-cwnd
[2024-05-29 11:18:25.867473]     0.5625 MB /   0.50 sec =    9.4380 Mbps     0 retrans     13 KB-cwnd
[2024-05-29 11:18:26.367534]     0.3750 MB /   0.50 sec =    6.2910 Mbps     0 retrans     13 KB-cwnd
[2024-05-29 11:18:26.867417]     0.2500 MB /   0.50 sec =    4.1951 Mbps     0 retrans     13 KB-cwnd
[2024-05-29 11:18:27.367449]     0.5000 MB /   0.50 sec =    8.3882 Mbps     0 retrans     13 KB-cwnd
[2024-05-29 11:18:27.867452]     0.3125 MB /   0.50 sec =    5.2430 Mbps     0 retrans     13 KB-cwnd
[2024-05-29 11:18:28.367601]     0.3125 MB /   0.50 sec =    5.2415 Mbps     0 retrans     13 KB-cwnd
[2024-05-29 11:18:28.867596]     0.6250 MB /   0.50 sec =   10.4857 Mbps     0 retrans     13 KB-cwnd
[2024-05-29 11:18:29.367460]     0.3125 MB /   0.50 sec =    5.2444 Mbps     0 retrans     13 KB-cwnd
[2024-05-29 11:18:29.867450]     0.3125 MB /   0.50 sec =    5.2428 Mbps     0 retrans     13 KB-cwnd
[2024-05-29 11:18:30.367413]     0.2500 MB /   0.50 sec =    4.1944 Mbps     0 retrans     13 KB-cwnd
[2024-05-29 11:18:30.867423]     0.4375 MB /   0.50 sec =    7.3400 Mbps     0 retrans     13 KB-cwnd
[2024-05-29 11:18:31.367429]     0.5000 MB /   0.50 sec =    8.3886 Mbps     0 retrans     13 KB-cwnd
[2024-05-29 11:18:31.867429]     0.5625 MB /   0.50 sec =    9.4371 Mbps     0 retrans     13 KB-cwnd
[2024-05-29 11:18:32.367469]     0.2500 MB /   0.50 sec =    4.1941 Mbps     0 retrans     13 KB-cwnd
[2024-05-29 11:18:32.867482]     0.3750 MB /   0.50 sec =    6.2912 Mbps     0 retrans     13 KB-cwnd
[2024-05-29 11:18:33.367477]     0.3125 MB /   0.50 sec =    5.2428 Mbps     0 retrans     13 KB-cwnd
[2024-05-29 11:18:33.867540]     0.1875 MB /   0.50 sec =    3.1460 Mbps     0 retrans     13 KB-cwnd
[2024-05-29 11:18:34.368471]     0.6250 MB /   0.50 sec =   10.4651 Mbps     0 retrans     13 KB-cwnd
[2024-05-29 11:18:34.867621]     0.9375 MB /   0.50 sec =   15.7526 Mbps     0 retrans     13 KB-cwnd
[2024-05-29 11:18:35.369097]     0.0000 MB /   0.50 sec =    0.0000 Mbps     0 retrans     13 KB-cwnd
[2024-05-29 11:18:35.867720]     0.0000 MB /   0.50 sec =    0.0000 Mbps     0 retrans     13 KB-cwnd
[2024-05-29 11:18:36.367692]     0.0625 MB /   0.50 sec =    1.0486 Mbps     0 retrans     13 KB-cwnd
[2024-05-29 11:18:36.867501]     0.0625 MB /   0.50 sec =    1.0485 Mbps     0 retrans     13 KB-cwnd
[2024-05-29 11:18:37.367490]     0.0000 MB /   0.50 sec =    0.0000 Mbps     0 retrans     13 KB-cwnd
[2024-05-29 11:18:37.867678]     0.0625 MB /   0.50 sec =    1.0482 Mbps     0 retrans     13 KB-cwnd
[2024-05-29 11:18:38.367500]     0.0000 MB /   0.50 sec =    0.0000 Mbps     0 retrans     13 KB-cwnd
[2024-05-29 11:18:38.867574]     0.0625 MB /   0.50 sec =    1.0486 Mbps     0 retrans     13 KB-cwnd
[2024-05-29 11:18:39.367619]     0.0625 MB /   0.50 sec =    1.0485 Mbps     0 retrans     13 KB-cwnd
[2024-05-29 11:18:39.867504]     0.0625 MB /   0.50 sec =    1.0487 Mbps     0 retrans     13 KB-cwnd
[2024-05-29 11:18:40.367538]     0.0625 MB /   0.50 sec =    1.0485 Mbps     0 retrans     13 KB-cwnd
[2024-05-29 11:18:40.867497]     0.0000 MB /   0.50 sec =    0.0000 Mbps     0 retrans     13 KB-cwnd
[2024-05-29 11:18:41.368389]     0.0000 MB /   0.50 sec =    0.0000 Mbps     0 retrans     13 KB-cwnd
[2024-05-29 11:18:41.868399]     0.0625 MB /   0.50 sec =    1.0484 Mbps     0 retrans     13 KB-cwnd
[2024-05-29 11:18:42.367460]     0.0000 MB /   0.50 sec =    0.0000 Mbps     0 retrans     13 KB-cwnd
[2024-05-29 11:18:42.867479]     0.0625 MB /   0.50 sec =    1.0485 Mbps     0 retrans     13 KB-cwnd
[2024-05-29 11:18:43.369061]     0.0625 MB /   0.50 sec =    1.0454 Mbps     0 retrans     13 KB-cwnd
[2024-05-29 11:18:43.867711]     0.0625 MB /   0.50 sec =    1.0517 Mbps     0 retrans     13 KB-cwnd
[2024-05-29 11:18:44.368467]     0.0625 MB /   0.50 sec =    1.0467 Mbps     0 retrans     13 KB-cwnd
[2024-05-29 11:18:44.867429]     0.0000 MB /   0.50 sec =    0.0000 Mbps     0 retrans     13 KB-cwnd
[2024-05-29 11:18:45.367598]     0.0625 MB /   0.50 sec =    1.0484 Mbps     0 retrans     13 KB-cwnd
[2024-05-29 11:18:45.867792]     0.0000 MB /   0.50 sec =    0.0000 Mbps     0 retrans     13 KB-cwnd
[2024-05-29 11:18:46.368541]     0.0000 MB /   0.50 sec =    0.0000 Mbps     0 retrans     13 KB-cwnd
[2024-05-29 11:18:46.867453]     0.0000 MB /   0.50 sec =    0.0000 Mbps     0 retrans     13 KB-cwnd
[2024-05-29 11:18:47.367555]     0.0625 MB /   0.50 sec =    1.0484 Mbps     0 retrans     13 KB-cwnd
[2024-05-29 11:18:47.867629]     0.0000 MB /   0.50 sec =    0.0000 Mbps     0 retrans     13 KB-cwnd
[2024-05-29 11:18:48.367640]     0.0625 MB /   0.50 sec =    1.0488 Mbps     0 retrans     13 KB-cwnd
[2024-05-29 11:18:48.868478]     0.0625 MB /   0.50 sec =    1.0465 Mbps     0 retrans     13 KB-cwnd
[2024-05-29 11:18:49.367508]     0.0625 MB /   0.50 sec =    1.0506 Mbps     0 retrans     13 KB-cwnd
[2024-05-29 11:18:49.868515]     0.1250 MB /   0.50 sec =    2.0930 Mbps     0 retrans     13 KB-cwnd
[2024-05-29 11:18:50.368239]     0.0625 MB /   0.50 sec =    1.0491 Mbps     0 retrans     13 KB-cwnd
[2024-05-29 11:18:50.868475]     0.1250 MB /   0.50 sec =    2.0962 Mbps     0 retrans     13 KB-cwnd
[2024-05-29 11:18:51.367469]     0.1250 MB /   0.50 sec =    2.1013 Mbps     0 retrans     13 KB-cwnd
[2024-05-29 11:18:51.867463]     0.3750 MB /   0.50 sec =    6.2914 Mbps     0 retrans     13 KB-cwnd
[2024-05-29 11:18:52.368487]     0.0625 MB /   0.50 sec =    1.0465 Mbps     0 retrans     13 KB-cwnd
[2024-05-29 11:18:52.867509]     0.0625 MB /   0.50 sec =    1.0505 Mbps     0 retrans     13 KB-cwnd
[2024-05-29 11:18:53.368623]     0.0625 MB /   0.50 sec =    1.0464 Mbps     0 retrans     13 KB-cwnd
[2024-05-29 11:18:53.867564]     0.0000 MB /   0.50 sec =    0.0000 Mbps     0 retrans     13 KB-cwnd
[2024-05-29 11:18:54.367474]     0.0625 MB /   0.50 sec =    1.0487 Mbps     0 retrans     13 KB-cwnd
[2024-05-29 11:18:54.868446]     0.0000 MB /   0.50 sec =    0.0000 Mbps     0 retrans     13 KB-cwnd
[2024-05-29 11:18:55.368576]     0.0625 MB /   0.50 sec =    1.0483 Mbps     0 retrans     13 KB-cwnd
[2024-05-29 11:18:55.867661]     0.0000 MB /   0.50 sec =    0.0000 Mbps     0 retrans     13 KB-cwnd
[2024-05-29 11:18:56.368508]     0.0625 MB /   0.50 sec =    1.0467 Mbps     0 retrans     13 KB-cwnd
[2024-05-29 11:18:56.867483]     0.0000 MB /   0.50 sec =    0.0000 Mbps     0 retrans     13 KB-cwnd
[2024-05-29 11:18:57.368532]     0.0000 MB /   0.50 sec =    0.0000 Mbps     0 retrans     13 KB-cwnd
[2024-05-29 11:18:57.867507]     0.0625 MB /   0.50 sec =    1.0508 Mbps     0 retrans     13 KB-cwnd
[2024-05-29 11:18:58.367475]     0.0000 MB /   0.50 sec =    0.0000 Mbps     0 retrans     13 KB-cwnd
[2024-05-29 11:18:58.867441]     0.0625 MB /   0.50 sec =    1.0485 Mbps     0 retrans     13 KB-cwnd
[2024-05-29 11:18:59.367615]     0.0000 MB /   0.50 sec =    0.0000 Mbps     0 retrans     13 KB-cwnd
[2024-05-29 11:18:59.867485]     0.0625 MB /   0.50 sec =    1.0488 Mbps     0 retrans     13 KB-cwnd
[2024-05-29 11:19:00.367659]     0.2500 MB /   0.50 sec =    4.1941 Mbps     0 retrans     13 KB-cwnd
[2024-05-29 11:19:00.867448]     0.3125 MB /   0.50 sec =    5.2434 Mbps     0 retrans     13 KB-cwnd
[2024-05-29 11:19:01.367488]     0.1875 MB /   0.50 sec =    3.1454 Mbps     0 retrans     13 KB-cwnd
[2024-05-29 11:19:01.867483]     0.0625 MB /   0.50 sec =    1.0486 Mbps     0 retrans     13 KB-cwnd
[2024-05-29 11:19:02.367488]     0.0625 MB /   0.50 sec =    1.0486 Mbps     0 retrans     13 KB-cwnd
[2024-05-29 11:19:02.867482]     0.1250 MB /   0.50 sec =    2.0971 Mbps     0 retrans     13 KB-cwnd
[2024-05-29 11:19:03.368580]     0.0000 MB /   0.50 sec =    0.0000 Mbps     0 retrans     13 KB-cwnd
[2024-05-29 11:19:03.867525]     0.1250 MB /   0.50 sec =    2.1013 Mbps     0 retrans     13 KB-cwnd
[2024-05-29 11:19:04.367443]     0.0625 MB /   0.50 sec =    1.0487 Mbps     0 retrans     13 KB-cwnd
[2024-05-29 11:19:04.867463]     0.1250 MB /   0.50 sec =    2.0971 Mbps     0 retrans     13 KB-cwnd
[2024-05-29 11:19:05.368562]     0.1250 MB /   0.50 sec =    2.0929 Mbps     0 retrans     13 KB-cwnd
[2024-05-29 11:19:05.867749]     0.0625 MB /   0.50 sec =    1.0500 Mbps     0 retrans     13 KB-cwnd
[2024-05-29 11:19:06.367926]     0.0625 MB /   0.50 sec =    1.0484 Mbps     0 retrans     13 KB-cwnd
[2024-05-29 11:19:06.867543]     0.0000 MB /   0.50 sec =    0.0000 Mbps     0 retrans     13 KB-cwnd
[2024-05-29 11:19:07.367533]     0.0000 MB /   0.50 sec =    0.0000 Mbps     0 retrans     13 KB-cwnd
End time: 1716995947483
