Start time: 1717014404012
[2024-05-29 16:27:08.581102] Connecting to host 35.245.244.238, port 5202
[2024-05-29 16:27:08.581614] Reverse mode, remote host 35.245.244.238 is sending
[2024-05-29 16:27:08.581655] [  5] local 10.47.67.187 port 52804 connected to 35.245.244.238 port 5202
[2024-05-29 16:27:08.581686] [ ID] Interval           Transfer     Bitrate         Jitter    Lost/Total Datagrams
[2024-05-29 16:27:08.581722] [  5]   0.00-0.50   sec  6.43 MBytes   108 Mbits/sec  0.024 ms  385250/390063 (99%)  
[2024-05-29 16:27:08.581751] [  5]   0.50-1.00   sec  5.67 MBytes  95.1 Mbits/sec  0.068 ms  -4246/0 (0%)  
[2024-05-29 16:27:08.581780] [  5]   1.00-1.50   sec  7.71 MBytes   129 Mbits/sec  0.096 ms  -5777/0 (0%)  
[2024-05-29 16:27:08.581807] [  5]   1.50-2.00   sec  0.00 Bytes  0.00 bits/sec  0.096 ms  0/0 (0%)  
[2024-05-29 16:27:08.581836] [  5]   2.00-2.50   sec  2.20 MBytes  37.0 Mbits/sec  49.858 ms  -1649/0 (0%)  
[2024-05-29 16:27:08.581863] [  5]   2.50-3.00   sec  8.37 MBytes   140 Mbits/sec  0.047 ms  -6271/0 (0%)  
[2024-05-29 16:27:08.581891] [  5]   3.00-3.50   sec  6.57 MBytes   110 Mbits/sec  0.210 ms  -4921/0 (0%)  
[2024-05-29 16:27:08.581920] [  5]   3.50-4.00   sec  4.55 MBytes  76.3 Mbits/sec  0.021 ms  -3408/0 (0%)  
[2024-05-29 16:27:08.581947] [  5]   4.00-4.50   sec  6.60 MBytes   111 Mbits/sec  0.091 ms  -4945/0 (0%)  
[2024-05-29 16:27:08.581974] [  5]   4.50-5.00   sec  8.55 MBytes   143 Mbits/sec  0.027 ms  -6403/0 (0%)  
[2024-05-29 16:27:08.582001] [  5]   5.00-5.50   sec  6.70 MBytes   112 Mbits/sec  0.051 ms  -5018/0 (0%)  
[2024-05-29 16:27:08.582028] [  5]   5.50-6.00   sec  7.35 MBytes   123 Mbits/sec  0.278 ms  -5505/0 (0%)  
[2024-05-29 16:27:08.582055] [  5]   6.00-6.50   sec  7.33 MBytes   123 Mbits/sec  0.104 ms  -5490/0 (0%)  
[2024-05-29 16:27:08.582082] [  5]   6.50-7.00   sec  6.71 MBytes   112 Mbits/sec  0.122 ms  -5022/0 (0%)  
[2024-05-29 16:27:08.582173] [  5]   7.00-7.50   sec  5.38 MBytes  90.3 Mbits/sec  0.511 ms  -4030/0 (0%)  
[2024-05-29 16:27:08.582208] [  5]   7.50-8.00   sec  4.46 MBytes  74.8 Mbits/sec  0.303 ms  -3338/0 (0%)  
[2024-05-29 16:27:08.582237] [  5]   8.00-8.50   sec  5.61 MBytes  94.1 Mbits/sec  0.123 ms  -4200/0 (0%)  
[2024-05-29 16:27:08.582264] [  5]   8.50-9.00   sec  5.06 MBytes  84.9 Mbits/sec  0.174 ms  11886/15674 (76%)  
[2024-05-29 16:27:08.582292] [  5]   9.00-9.50   sec  5.77 MBytes  96.7 Mbits/sec  0.071 ms  18699/23017 (81%)  
[2024-05-29 16:27:08.582318] [  5]   9.50-10.00  sec  5.93 MBytes  99.6 Mbits/sec  0.109 ms  17717/22162 (80%)  
[2024-05-29 16:27:08.582346] [  5]  10.00-10.50  sec  5.74 MBytes  96.2 Mbits/sec  0.123 ms  17937/22233 (81%)  
[2024-05-29 16:27:08.582373] [  5]  10.50-11.00  sec  6.17 MBytes   104 Mbits/sec  0.139 ms  17419/22042 (79%)  
[2024-05-29 16:27:08.582400] [  5]  11.00-11.50  sec  5.47 MBytes  91.7 Mbits/sec  0.065 ms  18639/22734 (82%)  
[2024-05-29 16:27:08.582428] [  5]  11.50-12.00  sec  3.54 MBytes  59.4 Mbits/sec  0.131 ms  18164/20816 (87%)  
[2024-05-29 16:27:08.582456] [  5]  12.00-12.50  sec  6.05 MBytes   102 Mbits/sec  0.094 ms  18320/22854 (80%)  
[2024-05-29 16:27:08.582483] [  5]  12.50-13.00  sec  5.46 MBytes  91.5 Mbits/sec  0.078 ms  19474/23561 (83%)  
[2024-05-29 16:27:08.582510] [  5]  13.00-13.50  sec  4.22 MBytes  70.7 Mbits/sec  0.160 ms  18581/21739 (85%)  
[2024-05-29 16:27:08.582538] [  5]  13.50-14.00  sec  5.02 MBytes  84.3 Mbits/sec  0.204 ms  18287/22049 (83%)  
[2024-05-29 16:27:08.582564] [  5]  14.00-14.50  sec  4.35 MBytes  73.0 Mbits/sec  0.295 ms  18447/21708 (85%)  
[2024-05-29 16:27:08.582591] [  5]  14.50-15.00  sec  3.91 MBytes  65.5 Mbits/sec  0.277 ms  19083/22008 (87%)  
[2024-05-29 16:27:08.582617] [  5]  15.00-15.50  sec  3.73 MBytes  62.6 Mbits/sec  0.156 ms  21756/24549 (89%)  
[2024-05-29 16:27:08.582644] [  5]  15.50-16.00  sec  3.60 MBytes  60.4 Mbits/sec  0.115 ms  19223/21921 (88%)  
[2024-05-29 16:27:08.582670] [  5]  16.00-16.50  sec  3.21 MBytes  53.9 Mbits/sec  0.533 ms  19375/21782 (89%)  
[2024-05-29 16:27:08.582697] [  5]  16.50-17.00  sec  3.47 MBytes  58.2 Mbits/sec  0.143 ms  19949/22546 (88%)  
[2024-05-29 16:27:08.582742] [  5]  17.00-17.50  sec  3.60 MBytes  60.3 Mbits/sec  0.365 ms  19185/21879 (88%)  
[2024-05-29 16:27:08.582771] [  5]  17.50-18.00  sec  2.24 MBytes  37.5 Mbits/sec  0.237 ms  19789/21463 (92%)  
[2024-05-29 16:27:08.582799] [  5]  18.00-18.50  sec  1.03 MBytes  17.3 Mbits/sec  0.868 ms  21731/22503 (97%)  
[2024-05-29 16:27:08.582826] [  5]  18.50-19.00  sec  2.19 MBytes  36.8 Mbits/sec  0.618 ms  21660/23302 (93%)  
[2024-05-29 16:27:08.582853] [  5]  19.00-19.50  sec  2.68 MBytes  45.0 Mbits/sec  0.173 ms  21079/23087 (91%)  
[2024-05-29 16:27:08.582879] [  5]  19.50-20.00  sec  2.62 MBytes  44.0 Mbits/sec  1.173 ms  20308/22271 (91%)  
[2024-05-29 16:27:08.582906] [  5]  20.00-20.50  sec  1.15 MBytes  19.3 Mbits/sec  0.120 ms  10745/11605 (93%)  
[2024-05-29 16:27:08.582933] [  5]  20.50-21.00  sec  2.48 MBytes  41.7 Mbits/sec  0.077 ms  3019/4880 (62%)  
[2024-05-29 16:27:08.582959] [  5]  21.00-21.50  sec  1.31 MBytes  22.0 Mbits/sec  0.094 ms  22280/23262 (96%)  
[2024-05-29 16:27:08.582985] [  5]  21.50-22.00  sec  7.76 MBytes   130 Mbits/sec  1.573 ms  45312/51125 (89%)  
[2024-05-29 16:27:08.583012] [  5]  22.00-22.50  sec  8.08 MBytes   136 Mbits/sec  0.217 ms  11799/17853 (66%)  
[2024-05-29 16:27:08.583038] [  5]  22.50-23.00  sec  8.87 MBytes   149 Mbits/sec  0.326 ms  16758/23405 (72%)  
[2024-05-29 16:27:33.080955] [  5]  23.00-23.50  sec  8.22 MBytes   138 Mbits/sec  0.033 ms  17577/23733 (74%)  
[2024-05-29 16:27:33.081096] [  5]  23.50-24.00  sec  6.81 MBytes   114 Mbits/sec  0.050 ms  17570/22673 (77%)  
[2024-05-29 16:27:33.081127] [  5]  24.00-24.50  sec  5.20 MBytes  87.2 Mbits/sec  2.986 ms  11234/15128 (74%)  
[2024-05-29 16:27:33.081152] [  5]  24.50-25.00  sec  5.01 MBytes  84.1 Mbits/sec  0.149 ms  25487/29241 (87%)  
[2024-05-29 16:27:33.081174] [  5]  25.00-25.50  sec  8.16 MBytes   137 Mbits/sec  0.041 ms  14923/21031 (71%)  
[2024-05-29 16:27:33.081196] [  5]  25.50-26.00  sec  5.69 MBytes  95.4 Mbits/sec  0.154 ms  16224/20484 (79%)  
[2024-05-29 16:27:33.081217] [  5]  26.00-26.50  sec  6.24 MBytes   105 Mbits/sec  0.938 ms  20779/25449 (82%)  
[2024-05-29 16:27:33.081238] [  5]  26.50-27.00  sec  2.19 MBytes  36.8 Mbits/sec  1.534 ms  14354/15998 (90%)  
[2024-05-29 16:27:33.081259] [  5]  27.00-27.50  sec  6.09 MBytes   102 Mbits/sec  0.043 ms  23347/27906 (84%)  
[2024-05-29 16:27:33.081280] [  5]  27.50-28.00  sec  8.27 MBytes   139 Mbits/sec  0.101 ms  16014/22210 (72%)  
[2024-05-29 16:27:33.081301] [  5]  28.00-28.50  sec  6.81 MBytes   114 Mbits/sec  0.040 ms  16068/21170 (76%)  
[2024-05-29 16:27:33.081323] [  5]  28.50-29.00  sec  7.75 MBytes   130 Mbits/sec  0.213 ms  16565/22368 (74%)  
[2024-05-29 16:27:33.081345] [  5]  29.00-29.50  sec  6.73 MBytes   113 Mbits/sec  0.086 ms  19110/24151 (79%)  
[2024-05-29 16:27:33.081366] [  5]  29.50-30.00  sec  4.76 MBytes  79.9 Mbits/sec  0.893 ms  16290/19855 (82%)  
[2024-05-29 16:27:33.081387] [  5]  30.00-30.50  sec  3.90 MBytes  65.4 Mbits/sec  0.519 ms  21058/23980 (88%)  
[2024-05-29 16:27:33.081408] [  5]  30.50-31.00  sec  1.26 MBytes  21.1 Mbits/sec  0.685 ms  19588/20532 (95%)  
[2024-05-29 16:27:33.081429] [  5]  31.00-31.50  sec  8.22 MBytes   138 Mbits/sec  0.060 ms  17599/23756 (74%)  
[2024-05-29 16:27:33.081450] [  5]  31.50-32.00  sec  7.57 MBytes   127 Mbits/sec  0.304 ms  16838/22510 (75%)  
[2024-05-29 16:27:33.081470] [  5]  32.00-32.50  sec  8.71 MBytes   146 Mbits/sec  0.067 ms  15451/21978 (70%)  
[2024-05-29 16:27:33.081491] [  5]  32.50-33.00  sec  9.65 MBytes   162 Mbits/sec  0.123 ms  15518/22742 (68%)  
[2024-05-29 16:27:33.081513] [  5]  33.00-33.50  sec  9.89 MBytes   166 Mbits/sec  0.050 ms  15851/23259 (68%)  
[2024-05-29 16:27:33.081534] [  5]  33.50-34.00  sec  9.84 MBytes   165 Mbits/sec  0.554 ms  14280/21652 (66%)  
[2024-05-29 16:27:33.081554] [  5]  34.00-34.50  sec  9.89 MBytes   166 Mbits/sec  0.296 ms  15045/22450 (67%)  
[2024-05-29 16:27:33.081575] [  5]  34.50-35.00  sec  11.2 MBytes   189 Mbits/sec  0.111 ms  14251/22675 (63%)  
[2024-05-29 16:27:33.081610] [  5]  35.00-35.50  sec  7.67 MBytes   129 Mbits/sec  0.655 ms  16993/22741 (75%)  
[2024-05-29 16:27:33.081633] [  5]  35.50-36.00  sec  8.20 MBytes   138 Mbits/sec  0.019 ms  15783/21927 (72%)  
[2024-05-29 16:27:33.081655] [  5]  36.00-36.50  sec  8.02 MBytes   135 Mbits/sec  0.329 ms  14508/20516 (71%)  
[2024-05-29 16:27:33.081676] [  5]  36.50-37.00  sec  8.16 MBytes   137 Mbits/sec  0.273 ms  16885/22994 (73%)  
[2024-05-29 16:27:33.081696] [  5]  37.00-37.50  sec  6.29 MBytes   106 Mbits/sec  0.035 ms  18378/23092 (80%)  
[2024-05-29 16:27:33.081717] [  5]  37.50-38.00  sec  9.65 MBytes   162 Mbits/sec  0.074 ms  14721/21948 (67%)  
[2024-05-29 16:27:33.081738] [  5]  38.00-38.50  sec  11.0 MBytes   185 Mbits/sec  0.052 ms  15647/23895 (65%)  
[2024-05-29 16:27:33.081758] [  5]  38.50-39.00  sec  8.04 MBytes   135 Mbits/sec  0.732 ms  13963/19987 (70%)  
[2024-05-29 16:27:33.081779] [  5]  39.00-39.50  sec  6.45 MBytes   108 Mbits/sec  0.683 ms  18272/23101 (79%)  
[2024-05-29 16:27:33.081799] [  5]  39.50-40.00  sec  5.67 MBytes  95.1 Mbits/sec  0.336 ms  9678/13922 (70%)  
[2024-05-29 16:27:33.081819] [  5]  40.00-40.50  sec  5.94 MBytes  99.7 Mbits/sec  0.655 ms  26249/30701 (85%)  
[2024-05-29 16:27:33.081842] [  5]  40.50-41.00  sec  6.98 MBytes   117 Mbits/sec  0.608 ms  16652/21879 (76%)  
[2024-05-29 16:27:33.081863] [  5]  41.00-41.50  sec  4.92 MBytes  82.5 Mbits/sec  0.091 ms  13498/17183 (79%)  
[2024-05-29 16:27:33.081884] [  5]  41.50-42.00  sec  8.95 MBytes   150 Mbits/sec  2.177 ms  20246/26946 (75%)  
[2024-05-29 16:27:33.081904] [  5]  42.00-42.50  sec  5.56 MBytes  93.2 Mbits/sec  0.615 ms  19432/23594 (82%)  
[2024-05-29 16:27:33.081924] [  5]  42.50-43.00  sec  3.90 MBytes  65.4 Mbits/sec  0.587 ms  16270/19188 (85%)  
[2024-05-29 16:27:33.081945] [  5]  43.00-43.50  sec  7.59 MBytes   127 Mbits/sec  0.312 ms  19909/25593 (78%)  
[2024-05-29 16:27:33.081966] [  5]  43.50-44.00  sec  7.03 MBytes   118 Mbits/sec  0.034 ms  17817/23083 (77%)  
[2024-05-29 16:27:33.081986] [  5]  44.00-44.50  sec  6.97 MBytes   117 Mbits/sec  0.808 ms  16571/21789 (76%)  
[2024-05-29 16:27:33.082007] [  5]  44.50-45.00  sec  8.49 MBytes   142 Mbits/sec  0.082 ms  16400/22762 (72%)  
[2024-05-29 16:27:33.082027] [  5]  45.00-45.50  sec  7.39 MBytes   124 Mbits/sec  0.053 ms  15824/21356 (74%)  
[2024-05-29 16:27:33.082048] [  5]  45.50-46.00  sec  6.73 MBytes   113 Mbits/sec  0.115 ms  18272/23309 (78%)  
[2024-05-29 16:27:33.082068] [  5]  46.00-46.50  sec  6.92 MBytes   116 Mbits/sec  0.048 ms  15739/20924 (75%)  
[2024-05-29 16:27:33.082088] [  5]  46.50-47.00  sec  5.14 MBytes  86.2 Mbits/sec  5.118 ms  14621/18468 (79%)  
[2024-05-29 16:27:33.082138] [  5]  47.00-47.50  sec  8.88 MBytes   149 Mbits/sec  0.737 ms  20403/27052 (75%)  
[2024-05-29 16:27:57.581134] [  5]  47.50-48.00  sec  10.0 MBytes   168 Mbits/sec  0.303 ms  15274/22772 (67%)  
[2024-05-29 16:27:57.581627] [  5]  48.00-48.50  sec  9.61 MBytes   161 Mbits/sec  0.496 ms  14535/21735 (67%)  
[2024-05-29 16:27:57.581764] [  5]  48.50-49.00  sec  11.1 MBytes   187 Mbits/sec  0.017 ms  15024/23374 (64%)  
[2024-05-29 16:27:57.581876] [  5]  49.00-49.50  sec  5.28 MBytes  88.5 Mbits/sec  0.112 ms  17551/21504 (82%)  
[2024-05-29 16:27:57.581981] [  5]  49.50-50.00  sec  7.52 MBytes   126 Mbits/sec  0.048 ms  15661/21297 (74%)  
[2024-05-29 16:27:57.582084] [  5]  50.00-50.50  sec  5.80 MBytes  97.3 Mbits/sec  0.023 ms  18169/22513 (81%)  
[2024-05-29 16:27:57.582259] [  5]  50.50-51.00  sec  10.2 MBytes   170 Mbits/sec  0.040 ms  15554/23165 (67%)  
[2024-05-29 16:27:57.582366] [  5]  51.00-51.50  sec  9.13 MBytes   153 Mbits/sec  0.109 ms  15298/22137 (69%)  
[2024-05-29 16:27:57.582466] [  5]  51.50-52.00  sec  9.20 MBytes   154 Mbits/sec  0.548 ms  13592/20480 (66%)  
[2024-05-29 16:27:57.582565] [  5]  52.00-52.50  sec  12.7 MBytes   212 Mbits/sec  0.053 ms  15042/24517 (61%)  
[2024-05-29 16:27:57.582671] [  5]  52.50-53.00  sec  12.3 MBytes   207 Mbits/sec  0.041 ms  12775/21999 (58%)  
[2024-05-29 16:27:57.582807] [  5]  53.00-53.50  sec  13.1 MBytes   219 Mbits/sec  0.096 ms  12440/22226 (56%)  
[2024-05-29 16:27:57.582910] [  5]  53.50-54.00  sec  12.8 MBytes   214 Mbits/sec  0.007 ms  12881/22455 (57%)  
[2024-05-29 16:27:57.583012] [  5]  54.00-54.50  sec  13.2 MBytes   222 Mbits/sec  0.022 ms  12811/22702 (56%)  
[2024-05-29 16:27:57.583112] [  5]  54.50-55.00  sec  13.9 MBytes   232 Mbits/sec  0.028 ms  11983/22362 (54%)  
[2024-05-29 16:27:57.583213] [  5]  55.00-55.50  sec  13.2 MBytes   221 Mbits/sec  0.068 ms  11964/21826 (55%)  
[2024-05-29 16:27:57.583319] [  5]  55.50-56.00  sec  13.0 MBytes   219 Mbits/sec  0.038 ms  12841/22598 (57%)  
[2024-05-29 16:27:57.583417] [  5]  56.00-56.50  sec  10.1 MBytes   169 Mbits/sec  0.289 ms  15263/22793 (67%)  
[2024-05-29 16:27:57.583518] [  5]  56.50-57.00  sec  13.6 MBytes   228 Mbits/sec  0.045 ms  11557/21730 (53%)  
[2024-05-29 16:27:57.583618] [  5]  57.00-57.50  sec  8.00 MBytes   134 Mbits/sec  0.028 ms  13544/19537 (69%)  
[2024-05-29 16:27:57.583719] [  5]  57.50-58.00  sec  13.7 MBytes   229 Mbits/sec  0.067 ms  14658/24896 (59%)  
[2024-05-29 16:27:57.583819] [  5]  58.00-58.50  sec  8.41 MBytes   141 Mbits/sec  1.501 ms  13050/19350 (67%)  
[2024-05-29 16:27:57.583915] [  5]  58.50-59.00  sec  9.28 MBytes   156 Mbits/sec  0.100 ms  17867/24821 (72%)  
[2024-05-29 16:27:57.584016] [  5]  59.00-59.50  sec  10.4 MBytes   175 Mbits/sec  0.095 ms  15404/23223 (66%)  
[2024-05-29 16:27:57.584116] [  5]  59.50-60.00  sec  10.9 MBytes   183 Mbits/sec  0.019 ms  13973/22140 (63%)  
[2024-05-29 16:27:57.584216] [  5]  60.00-60.50  sec  11.4 MBytes   192 Mbits/sec  0.024 ms  13760/22327 (62%)  
[2024-05-29 16:27:57.584316] [  5]  60.50-61.00  sec  11.3 MBytes   190 Mbits/sec  0.026 ms  14296/22768 (63%)  
[2024-05-29 16:27:57.584416] [  5]  61.00-61.50  sec  10.6 MBytes   178 Mbits/sec  0.021 ms  12046/20001 (60%)  
[2024-05-29 16:27:57.584514] [  5]  61.50-62.00  sec  10.6 MBytes   178 Mbits/sec  0.038 ms  15825/23785 (67%)  
[2024-05-29 16:27:57.584612] [  5]  62.00-62.50  sec  11.0 MBytes   184 Mbits/sec  0.071 ms  14593/22803 (64%)  
[2024-05-29 16:27:57.584710] [  5]  62.50-63.00  sec  12.4 MBytes   208 Mbits/sec  0.384 ms  13085/22361 (59%)  
[2024-05-29 16:27:57.584808] [  5]  63.00-63.50  sec  11.8 MBytes   198 Mbits/sec  0.028 ms  13565/22423 (60%)  
[2024-05-29 16:27:57.584907] [  5]  63.50-64.00  sec  9.22 MBytes   155 Mbits/sec  0.081 ms  15306/22213 (69%)  
[2024-05-29 16:27:57.585004] [  5]  64.00-64.50  sec  8.55 MBytes   143 Mbits/sec  0.058 ms  15962/22366 (71%)  
[2024-05-29 16:27:57.585101] [  5]  64.50-65.00  sec  5.39 MBytes  90.5 Mbits/sec  0.274 ms  17835/21875 (82%)  
[2024-05-29 16:27:57.585199] [  5]  65.00-65.50  sec  6.98 MBytes   117 Mbits/sec  0.067 ms  17856/23082 (77%)  
[2024-05-29 16:27:57.585299] [  5]  65.50-66.00  sec  6.45 MBytes   108 Mbits/sec  0.248 ms  16645/21475 (78%)  
[2024-05-29 16:27:57.585395] [  5]  66.00-66.50  sec  5.41 MBytes  90.8 Mbits/sec  0.101 ms  19025/23078 (82%)  
[2024-05-29 16:27:57.585491] [  5]  66.50-67.00  sec  8.18 MBytes   137 Mbits/sec  0.206 ms  15515/21643 (72%)  
[2024-05-29 16:27:57.585588] [  5]  67.00-67.50  sec  7.37 MBytes   124 Mbits/sec  0.116 ms  16916/22433 (75%)  
[2024-05-29 16:27:57.585684] [  5]  67.50-68.00  sec  6.00 MBytes   101 Mbits/sec  0.331 ms  17777/22270 (80%)  
[2024-05-29 16:27:57.585756] [  5]  68.00-68.50  sec  9.83 MBytes   165 Mbits/sec  0.366 ms  14555/21914 (66%)  
[2024-05-29 16:27:57.585829] [  5]  68.50-69.00  sec  6.80 MBytes   114 Mbits/sec  0.212 ms  16285/21379 (76%)  
[2024-05-29 16:27:57.585900] [  5]  69.00-69.50  sec  7.75 MBytes   130 Mbits/sec  0.076 ms  18390/24196 (76%)  
[2024-05-29 16:27:57.585973] [  5]  69.50-70.00  sec  8.41 MBytes   141 Mbits/sec  0.550 ms  15227/21528 (71%)  
[2024-05-29 16:27:57.586045] [  5]  70.00-70.50  sec  8.28 MBytes   139 Mbits/sec  0.088 ms  16250/22455 (72%)  
[2024-05-29 16:27:57.586171] [  5]  70.50-71.00  sec  9.25 MBytes   155 Mbits/sec  0.088 ms  16053/22984 (70%)  
[2024-05-29 16:27:57.586250] [  5]  71.00-71.50  sec  12.5 MBytes   210 Mbits/sec  0.021 ms  12692/22070 (58%)  
[2024-05-29 16:27:57.586347] [  5]  71.50-72.00  sec  10.2 MBytes   171 Mbits/sec  0.060 ms  13785/21418 (64%)  
[2024-05-29 16:28:22.081085] [  5]  72.00-72.50  sec  11.3 MBytes   190 Mbits/sec  0.383 ms  14284/22763 (63%)  
[2024-05-29 16:28:22.081539] [  5]  72.50-73.00  sec  8.36 MBytes   140 Mbits/sec  0.042 ms  13845/20105 (69%)  
[2024-05-29 16:28:22.081674] [  5]  73.00-73.50  sec  12.8 MBytes   214 Mbits/sec  0.962 ms  14722/24275 (61%)  
[2024-05-29 16:28:22.081784] [  5]  73.50-74.00  sec  9.63 MBytes   162 Mbits/sec  0.195 ms  15068/22281 (68%)  
[2024-05-29 16:28:22.081888] [  5]  74.00-74.50  sec  9.10 MBytes   153 Mbits/sec  0.082 ms  16310/23127 (71%)  
[2024-05-29 16:28:22.081991] [  5]  74.50-75.00  sec  9.22 MBytes   155 Mbits/sec  0.084 ms  13527/20436 (66%)  
[2024-05-29 16:28:22.082093] [  5]  75.00-75.50  sec  7.97 MBytes   134 Mbits/sec  0.063 ms  18376/24342 (75%)  
[2024-05-29 16:28:22.082255] [  5]  75.50-76.00  sec  5.99 MBytes   100 Mbits/sec  0.385 ms  17027/21511 (79%)  
[2024-05-29 16:28:22.082356] [  5]  76.00-76.50  sec  3.56 MBytes  59.6 Mbits/sec  0.155 ms  11666/14329 (81%)  
[2024-05-29 16:28:22.082454] [  5]  76.50-77.00  sec  2.83 MBytes  47.5 Mbits/sec  0.247 ms  7027/9147 (77%)  
[2024-05-29 16:28:22.082549] [  5]  77.00-77.50  sec  2.08 MBytes  34.8 Mbits/sec  4.795 ms  22715/24270 (94%)  
[2024-05-29 16:28:22.082647] [  5]  77.50-78.00  sec  6.13 MBytes   103 Mbits/sec  0.196 ms  33473/38064 (88%)  
[2024-05-29 16:28:22.082743] [  5]  78.00-78.50  sec  10.7 MBytes   180 Mbits/sec  0.048 ms  18664/26689 (70%)  
[2024-05-29 16:28:22.082912] [  5]  78.50-79.00  sec  9.27 MBytes   156 Mbits/sec  0.416 ms  12266/19209 (64%)  
[2024-05-29 16:28:22.083009] [  5]  79.00-79.50  sec  8.52 MBytes   143 Mbits/sec  0.730 ms  18142/24527 (74%)  
[2024-05-29 16:28:22.083106] [  5]  79.50-80.00  sec  5.71 MBytes  95.8 Mbits/sec  0.048 ms  19186/23464 (82%)  
[2024-05-29 16:28:22.083252] [  5]  80.00-80.50  sec  7.42 MBytes   124 Mbits/sec  0.098 ms  14509/20064 (72%)  
[2024-05-29 16:28:22.083346] [  5]  80.50-81.00  sec  4.98 MBytes  83.6 Mbits/sec  3.598 ms  15381/19114 (80%)  
[2024-05-29 16:28:22.083440] [  5]  81.00-81.50  sec  3.87 MBytes  64.9 Mbits/sec  0.189 ms  22266/25165 (88%)  
[2024-05-29 16:28:22.083538] [  5]  81.50-82.00  sec  4.36 MBytes  73.1 Mbits/sec  0.074 ms  20302/23567 (86%)  
[2024-05-29 16:28:22.083634] [  5]  82.00-82.50  sec  4.66 MBytes  78.2 Mbits/sec  0.156 ms  18903/22394 (84%)  
[2024-05-29 16:28:22.083729] [  5]  82.50-83.00  sec  3.91 MBytes  65.5 Mbits/sec  0.739 ms  20588/23513 (88%)  
[2024-05-29 16:28:22.083823] [  5]  83.00-83.50  sec  5.99 MBytes   100 Mbits/sec  0.040 ms  16922/21408 (79%)  
[2024-05-29 16:28:22.083937] [  5]  83.50-84.00  sec  7.47 MBytes   125 Mbits/sec  0.522 ms  17334/22927 (76%)  
[2024-05-29 16:28:22.084039] [  5]  84.00-84.50  sec  6.18 MBytes   104 Mbits/sec  0.143 ms  15774/20400 (77%)  
[2024-05-29 16:28:22.084133] [  5]  84.50-85.00  sec  2.90 MBytes  48.6 Mbits/sec  0.277 ms  20021/22190 (90%)  
[2024-05-29 16:28:22.084229] [  5]  85.00-85.50  sec  1.04 MBytes  17.4 Mbits/sec  6.551 ms  18990/19768 (96%)  
[2024-05-29 16:28:22.084322] [  5]  85.50-86.00  sec  1.47 MBytes  24.6 Mbits/sec  0.360 ms  25113/26212 (96%)  
[2024-05-29 16:28:22.084418] [  5]  86.00-86.50  sec  4.32 MBytes  72.4 Mbits/sec  0.874 ms  20135/23369 (86%)  
[2024-05-29 16:28:22.084513] [  5]  86.50-87.00  sec  4.70 MBytes  78.9 Mbits/sec  0.141 ms  18454/21976 (84%)  
[2024-05-29 16:28:22.084609] [  5]  87.00-87.50  sec  2.65 MBytes  44.5 Mbits/sec  0.147 ms  20703/22690 (91%)  
[2024-05-29 16:28:22.084703] [  5]  87.50-88.00  sec  1.69 MBytes  28.4 Mbits/sec  0.883 ms  21499/22765 (94%)  
[2024-05-29 16:28:22.084799] [  5]  88.00-88.50  sec  1.47 MBytes  24.7 Mbits/sec  0.467 ms  18588/19689 (94%)  
[2024-05-29 16:28:22.084936] [  5]  88.50-89.00  sec  3.10 MBytes  51.9 Mbits/sec  0.144 ms  21507/23826 (90%)  
[2024-05-29 16:28:22.085083] [  5]  89.00-89.50  sec  2.77 MBytes  46.4 Mbits/sec  0.578 ms  20527/22600 (91%)  
[2024-05-29 16:28:22.085209] [  5]  89.50-90.00  sec  1.18 MBytes  19.9 Mbits/sec  0.494 ms  12198/13085 (93%)  
[2024-05-29 16:28:22.085455] [  5]  90.00-90.50  sec  1.54 MBytes  25.9 Mbits/sec  0.508 ms  26050/27204 (96%)  
[2024-05-29 16:28:22.085653] [  5]  90.50-91.00  sec  3.61 MBytes  60.6 Mbits/sec  0.191 ms  23975/26679 (90%)  
[2024-05-29 16:28:22.085750] [  5]  91.00-91.50  sec  3.35 MBytes  56.3 Mbits/sec  0.730 ms  20236/22748 (89%)  
[2024-05-29 16:28:22.085845] [  5]  91.50-92.00  sec  1.07 MBytes  17.9 Mbits/sec  0.061 ms  8704/9505 (92%)  
[2024-05-29 16:28:22.085940] [  5]  92.00-92.50  sec  2.68 MBytes  45.1 Mbits/sec  0.581 ms  30378/32389 (94%)  
[2024-05-29 16:28:22.086227] [  5]  92.50-93.00  sec  2.11 MBytes  35.4 Mbits/sec  0.223 ms  20519/22098 (93%)  
[2024-05-29 16:28:22.086328] [  5]  93.00-93.50  sec  3.39 MBytes  56.8 Mbits/sec  0.055 ms  20778/23315 (89%)  
[2024-05-29 16:28:22.086424] [  5]  93.50-94.00  sec  5.25 MBytes  88.1 Mbits/sec  0.168 ms  19990/23923 (84%)  
[2024-05-29 16:28:22.086519] [  5]  94.00-94.50  sec  3.71 MBytes  62.2 Mbits/sec  0.076 ms  19832/22611 (88%)  
[2024-05-29 16:28:22.086613] [  5]  94.50-95.00  sec  5.61 MBytes  94.1 Mbits/sec  0.108 ms  18229/22428 (81%)  
[2024-05-29 16:28:22.086709] [  5]  95.00-95.50  sec  4.44 MBytes  74.4 Mbits/sec  0.165 ms  16087/19411 (83%)  
[2024-05-29 16:28:22.086804] [  5]  95.50-96.00  sec  1.66 MBytes  27.9 Mbits/sec  0.116 ms  10277/11524 (89%)  
[2024-05-29 16:28:22.087187] [  5]  96.00-96.50  sec  3.20 MBytes  53.7 Mbits/sec  2.070 ms  28155/30552 (92%)  
[2024-05-29 16:28:46.119046] [  5]  96.50-97.00  sec  2.97 MBytes  49.8 Mbits/sec  0.226 ms  22720/24941 (91%)  
[2024-05-29 16:28:46.119351] [  5]  97.00-97.50  sec  4.54 MBytes  76.1 Mbits/sec  0.164 ms  21712/25111 (86%)  
[2024-05-29 16:28:46.119447] [  5]  97.50-98.00  sec  7.18 MBytes   120 Mbits/sec  0.164 ms  16206/21582 (75%)  
[2024-05-29 16:28:46.119525] [  5]  98.00-98.50  sec  5.96 MBytes   100 Mbits/sec  0.159 ms  17729/22194 (80%)  
[2024-05-29 16:28:46.119597] [  5]  98.50-99.00  sec  5.29 MBytes  88.8 Mbits/sec  0.096 ms  17373/21336 (81%)  
[2024-05-29 16:28:46.119668] [  5]  99.00-99.50  sec  5.13 MBytes  86.0 Mbits/sec  0.252 ms  20000/23841 (84%)  
[2024-05-29 16:28:46.119776] [  5]  99.50-100.00 sec  4.40 MBytes  73.9 Mbits/sec  0.085 ms  15633/18932 (83%)  
[2024-05-29 16:28:46.119892] [  5] 100.00-100.50 sec  3.86 MBytes  64.8 Mbits/sec  0.411 ms  20588/23481 (88%)  
[2024-05-29 16:28:46.119960] [  5] 100.50-101.00 sec  4.19 MBytes  70.2 Mbits/sec  0.310 ms  21633/24769 (87%)  
[2024-05-29 16:28:46.120031] [  5] 101.00-101.50 sec  2.95 MBytes  49.5 Mbits/sec  0.560 ms  13706/15916 (86%)  
[2024-05-29 16:28:46.120179] [  5] 101.50-102.00 sec  3.14 MBytes  52.7 Mbits/sec  0.363 ms  26138/28490 (92%)  
[2024-05-29 16:28:46.120431] [  5] 102.00-102.50 sec  4.54 MBytes  76.1 Mbits/sec  0.242 ms  17348/20746 (84%)  
[2024-05-29 16:28:46.120634] [  5] 102.50-103.00 sec  3.78 MBytes  63.4 Mbits/sec  0.285 ms  21759/24591 (88%)  
[2024-05-29 16:28:46.120838] [  5] 103.00-103.50 sec  2.63 MBytes  44.1 Mbits/sec  0.219 ms  11999/13970 (86%)  
[2024-05-29 16:28:46.121041] [  5] 103.50-104.00 sec  2.24 MBytes  37.6 Mbits/sec  0.272 ms  15031/16711 (90%)  
[2024-05-29 16:28:46.121246] [  5] 104.00-104.50 sec  4.90 MBytes  82.3 Mbits/sec  0.289 ms  31223/34895 (89%)  
[2024-05-29 16:28:46.121368] [  5] 104.50-105.00 sec  4.71 MBytes  79.1 Mbits/sec  0.762 ms  17905/21436 (84%)  
[2024-05-29 16:28:46.121436] [  5] 105.00-105.50 sec  3.71 MBytes  62.2 Mbits/sec  0.560 ms  19916/22695 (88%)  
[2024-05-29 16:28:46.121504] [  5] 105.50-106.00 sec  1.67 MBytes  28.0 Mbits/sec  0.470 ms  22021/23271 (95%)  
[2024-05-29 16:28:46.121572] [  5] 106.00-106.50 sec  3.91 MBytes  65.6 Mbits/sec  0.080 ms  18154/21082 (86%)  
[2024-05-29 16:28:46.121639] [  5] 106.50-107.00 sec  3.33 MBytes  55.8 Mbits/sec  0.092 ms  21394/23886 (90%)  
[2024-05-29 16:28:46.121708] [  5] 107.00-107.50 sec  3.88 MBytes  65.0 Mbits/sec  0.083 ms  19169/22073 (87%)  
[2024-05-29 16:28:46.121802] [  5] 107.50-108.00 sec  1.98 MBytes  33.2 Mbits/sec  0.157 ms  20341/21821 (93%)  
[2024-05-29 16:28:46.121875] [  5] 108.00-108.50 sec  3.70 MBytes  62.0 Mbits/sec  0.336 ms  15820/18589 (85%)  
[2024-05-29 16:28:46.121945] [  5] 108.50-109.00 sec  2.51 MBytes  42.1 Mbits/sec  0.400 ms  23175/25055 (92%)  
[2024-05-29 16:28:46.122012] [  5] 109.00-109.50 sec  1.60 MBytes  26.8 Mbits/sec  0.217 ms  22738/23936 (95%)  
[2024-05-29 16:28:46.122079] [  5] 109.50-110.00 sec  1.67 MBytes  28.0 Mbits/sec  1.323 ms  11159/12407 (90%)  
[2024-05-29 16:28:46.122214] [  5] 110.00-110.50 sec  1.99 MBytes  33.5 Mbits/sec  2.576 ms  26908/28402 (95%)  
[2024-05-29 16:28:46.122289] [  5] 110.50-111.00 sec  1.94 MBytes  32.5 Mbits/sec  0.687 ms  22095/23548 (94%)  
[2024-05-29 16:28:46.122363] [  5] 111.00-111.50 sec  1.17 MBytes  19.7 Mbits/sec  0.689 ms  21534/22414 (96%)  
[2024-05-29 16:28:46.122432] [  5] 111.50-112.00 sec  2.46 MBytes  41.2 Mbits/sec  0.394 ms  15930/17769 (90%)  
[2024-05-29 16:28:46.122556] [  5] 112.00-112.50 sec  1.65 MBytes  27.8 Mbits/sec  2.087 ms  20344/21583 (94%)  
[2024-05-29 16:28:46.122661] [  5] 112.50-113.00 sec  1.31 MBytes  22.0 Mbits/sec  1.157 ms  25207/26188 (96%)  
[2024-05-29 16:28:46.122751] [  5] 113.00-113.50 sec  3.50 MBytes  58.7 Mbits/sec  1.660 ms  21166/23787 (89%)  
[2024-05-29 16:28:46.122818] [  5] 113.50-114.00 sec  5.08 MBytes  85.3 Mbits/sec  0.422 ms  20889/24697 (85%)  
[2024-05-29 16:28:46.122889] [  5] 114.00-114.50 sec  4.49 MBytes  75.4 Mbits/sec  0.124 ms  19365/22730 (85%)  
[2024-05-29 16:28:46.122957] [  5] 114.50-115.00 sec  3.93 MBytes  66.0 Mbits/sec  0.354 ms  16997/19944 (85%)  
[2024-05-29 16:28:46.123024] [  5] 115.00-115.50 sec  4.20 MBytes  70.5 Mbits/sec  0.841 ms  20388/23534 (87%)  
[2024-05-29 16:28:46.123093] [  5] 115.50-116.00 sec  5.52 MBytes  92.7 Mbits/sec  0.123 ms  18900/23038 (82%)  
[2024-05-29 16:28:46.123162] [  5] 116.00-116.50 sec  5.99 MBytes   101 Mbits/sec  0.361 ms  17079/21568 (79%)  
[2024-05-29 16:28:46.123230] [  5] 116.50-117.00 sec  7.21 MBytes   121 Mbits/sec  0.161 ms  17180/22582 (76%)  
[2024-05-29 16:28:46.123298] [  5] 117.00-117.50 sec  7.85 MBytes   132 Mbits/sec  0.072 ms  14982/20860 (72%)  
[2024-05-29 16:28:46.123366] [  5] 117.50-118.00 sec  11.2 MBytes   188 Mbits/sec  0.012 ms  15314/23728 (65%)  
[2024-05-29 16:28:46.123435] [  5] 118.00-118.50 sec  9.48 MBytes   159 Mbits/sec  0.063 ms  15398/22497 (68%)  
[2024-05-29 16:28:46.123503] [  5] 118.50-119.00 sec  11.1 MBytes   186 Mbits/sec  0.030 ms  14984/23288 (64%)  
[2024-05-29 16:28:46.123572] [  5] 119.00-119.50 sec  10.5 MBytes   176 Mbits/sec  0.099 ms  14104/21960 (64%)  
[2024-05-29 16:28:46.123640] [  5] 119.50-120.00 sec  6.74 MBytes   113 Mbits/sec  0.505 ms  14321/19372 (74%)  
[2024-05-29 16:28:46.123708] - - - - - - - - - - - - - - - - - - - - - - - - -
[2024-05-29 16:28:46.123775] [ ID] Interval           Transfer     Bitrate         Jitter    Lost/Total Datagrams
[2024-05-29 16:28:46.123854] [  5]   0.00-120.70 sec  7.03 GBytes   500 Mbits/sec  0.000 ms  0/5388571 (0%)  sender
[2024-05-29 16:28:46.123925] [SUM]  0.0-120.7 sec  76503 datagrams received out-of-order
[2024-05-29 16:28:46.123993] [  5]   0.00-120.00 sec  1.47 GBytes   105 Mbits/sec  0.505 ms  4232252/5358867 (79%)  receiver
[2024-05-29 16:28:46.124062] 
[2024-05-29 16:28:46.124130] iperf Done.
End time: 1717014526147
