Start time: 1716944474478
[2024-05-28 21:01:38.808587] Connecting to host 35.245.244.238, port 5203
[2024-05-28 21:01:38.809269] Reverse mode, remote host 35.245.244.238 is sending
[2024-05-28 21:01:38.809324] [  5] local 192.168.1.21 port 41473 connected to 35.245.244.238 port 5203
[2024-05-28 21:01:38.809358] [ ID] Interval           Transfer     Bitrate         Jitter    Lost/Total Datagrams
[2024-05-28 21:01:38.809391] [  5]   0.00-0.50   sec  11.5 MBytes   193 Mbits/sec  0.017 ms  59915/68553 (87%)  
[2024-05-28 21:01:38.809423] [  5]   0.50-1.00   sec  19.6 MBytes   329 Mbits/sec  0.023 ms  7397/22103 (33%)  
[2024-05-28 21:01:38.809460] [  5]   1.00-1.50   sec  14.5 MBytes   242 Mbits/sec  0.053 ms  10387/21214 (49%)  
[2024-05-28 21:01:38.809494] [  5]   1.50-2.00   sec  0.00 Bytes  0.00 bits/sec  0.053 ms  0/0 (0%)  
[2024-05-28 21:01:38.809523] [  5]   2.00-2.50   sec  0.00 Bytes  0.00 bits/sec  0.053 ms  0/0 (0%)  
[2024-05-28 21:01:38.809553] [  5]   2.50-3.00   sec   122 KBytes  2.00 Mbits/sec  0.723 ms  68075/68164 (1e+02%)  
[2024-05-28 21:01:38.809583] [  5]   3.00-3.50   sec  1.81 MBytes  30.4 Mbits/sec  0.128 ms  20729/22088 (94%)  
[2024-05-28 21:01:38.809620] [  5]   3.50-4.00   sec  4.43 MBytes  74.3 Mbits/sec  0.054 ms  19409/22726 (85%)  
[2024-05-28 21:01:38.809648] [  5]   4.00-4.50   sec  4.15 MBytes  69.6 Mbits/sec  0.019 ms  19229/22336 (86%)  
[2024-05-28 21:01:38.809676] [  5]   4.50-5.00   sec  4.05 MBytes  67.9 Mbits/sec  0.136 ms  19228/22260 (86%)  
[2024-05-28 21:01:38.809705] [  5]   5.00-5.50   sec  2.57 MBytes  43.2 Mbits/sec  0.015 ms  20101/22029 (91%)  
[2024-05-28 21:01:38.809732] [  5]   5.50-6.00   sec  3.49 MBytes  58.5 Mbits/sec  0.052 ms  19932/22544 (88%)  
[2024-05-28 21:01:38.809761] [  5]   6.00-6.50   sec  4.34 MBytes  72.8 Mbits/sec  0.066 ms  18820/22069 (85%)  
[2024-05-28 21:01:38.809789] [  5]   6.50-7.00   sec  3.71 MBytes  62.2 Mbits/sec  0.064 ms  19924/22702 (88%)  
[2024-05-28 21:01:38.809817] [  5]   7.00-7.50   sec  5.43 MBytes  91.1 Mbits/sec  0.044 ms  18133/22202 (82%)  
[2024-05-28 21:01:38.809844] [  5]   7.50-8.00   sec  5.26 MBytes  88.2 Mbits/sec  0.096 ms  17952/21891 (82%)  
[2024-05-28 21:01:38.809873] [  5]   8.00-8.50   sec  3.45 MBytes  57.8 Mbits/sec  0.188 ms  19339/21920 (88%)  
[2024-05-28 21:01:38.809902] [  5]   8.50-9.00   sec   511 KBytes  8.35 Mbits/sec  0.670 ms  19678/20052 (98%)  
[2024-05-28 21:01:38.809930] [  5]   9.00-9.50   sec  35.5 KBytes   585 Kbits/sec  1.933 ms  24540/24566 (1e+02%)  
[2024-05-28 21:01:38.809959] [  5]   9.50-10.00  sec   149 KBytes  2.44 Mbits/sec  1.006 ms  22230/22339 (1e+02%)  
[2024-05-28 21:01:38.809985] [  5]  10.00-10.50  sec   301 KBytes  4.92 Mbits/sec  0.055 ms  14164/14384 (98%)  
[2024-05-28 21:01:38.810012] [  5]  10.50-11.00  sec  1.58 MBytes  26.5 Mbits/sec  0.270 ms  29311/30493 (96%)  
[2024-05-28 21:01:38.810039] [  5]  11.00-11.50  sec  13.7 MBytes   230 Mbits/sec  0.045 ms  12054/22326 (54%)  
[2024-05-28 21:01:38.810066] [  5]  11.50-12.00  sec  17.1 MBytes   288 Mbits/sec  0.014 ms  9491/22334 (42%)  
[2024-05-28 21:01:38.810093] [  5]  12.00-12.50  sec  18.5 MBytes   311 Mbits/sec  0.015 ms  8530/22409 (38%)  
[2024-05-28 21:01:38.810121] [  5]  12.50-13.00  sec  7.38 MBytes   124 Mbits/sec  0.014 ms  16897/22421 (75%)  
[2024-05-28 21:01:38.810148] [  5]  13.00-13.50  sec  15.5 MBytes   260 Mbits/sec  0.038 ms  10738/22340 (48%)  
[2024-05-28 21:01:38.810178] [  5]  13.50-14.00  sec  10.4 MBytes   175 Mbits/sec  0.125 ms  13751/21560 (64%)  
[2024-05-28 21:01:38.810204] [  5]  14.00-14.50  sec  12.7 MBytes   213 Mbits/sec  0.028 ms  13990/23487 (60%)  
[2024-05-28 21:01:38.810232] [  5]  14.50-15.00  sec  14.9 MBytes   251 Mbits/sec  0.025 ms  11047/22234 (50%)  
[2024-05-28 21:01:38.810260] [  5]  15.00-15.50  sec  16.5 MBytes   277 Mbits/sec  0.099 ms  9109/21457 (42%)  
[2024-05-28 21:01:38.810289] [  5]  15.50-16.00  sec  17.2 MBytes   289 Mbits/sec  0.010 ms  9294/22182 (42%)  
[2024-05-28 21:01:38.810321] [  5]  16.00-16.50  sec  10.7 MBytes   179 Mbits/sec  0.084 ms  14816/22827 (65%)  
[2024-05-28 21:01:38.810379] [  5]  16.50-17.00  sec  9.76 MBytes   164 Mbits/sec  0.018 ms  14537/21844 (67%)  
[2024-05-28 21:01:38.810410] [  5]  17.00-17.50  sec  13.0 MBytes   219 Mbits/sec  0.121 ms  12970/22737 (57%)  
[2024-05-28 21:01:38.810439] [  5]  17.50-18.00  sec  13.2 MBytes   222 Mbits/sec  0.033 ms  13008/22926 (57%)  
[2024-05-28 21:01:38.810464] [  5]  18.00-18.50  sec  17.5 MBytes   293 Mbits/sec  0.057 ms  9174/22245 (41%)  
[2024-05-28 21:01:38.810491] [  5]  18.50-19.00  sec  15.6 MBytes   262 Mbits/sec  0.018 ms  10764/22468 (48%)  
[2024-05-28 21:01:38.810516] [  5]  19.00-19.50  sec  18.7 MBytes   314 Mbits/sec  0.190 ms  8227/22246 (37%)  
[2024-05-28 21:01:38.810543] [  5]  19.50-20.00  sec  23.6 MBytes   396 Mbits/sec  0.021 ms  4400/22060 (20%)  
[2024-05-28 21:01:38.810569] [  5]  20.00-20.50  sec  17.2 MBytes   288 Mbits/sec  0.036 ms  9733/22580 (43%)  
[2024-05-28 21:01:38.810594] [  5]  20.50-21.00  sec  13.2 MBytes   221 Mbits/sec  0.086 ms  11787/21645 (54%)  
[2024-05-28 21:01:38.810620] [  5]  21.00-21.50  sec  11.7 MBytes   197 Mbits/sec  0.067 ms  14030/22807 (62%)  
[2024-05-28 21:01:38.810648] [  5]  21.50-22.00  sec  16.4 MBytes   275 Mbits/sec  0.055 ms  10206/22479 (45%)  
[2024-05-28 21:01:38.810674] [  5]  22.00-22.50  sec  15.5 MBytes   260 Mbits/sec  0.073 ms  10201/21803 (47%)  
[2024-05-28 21:02:03.308652] [  5]  22.50-23.00  sec  12.0 MBytes   202 Mbits/sec  0.019 ms  13087/22091 (59%)  
[2024-05-28 21:02:03.309187] [  5]  23.00-23.50  sec  16.4 MBytes   275 Mbits/sec  0.017 ms  10863/23135 (47%)  
[2024-05-28 21:02:03.309308] [  5]  23.50-24.00  sec  13.9 MBytes   234 Mbits/sec  0.023 ms  11833/22257 (53%)  
[2024-05-28 21:02:03.309399] [  5]  24.00-24.50  sec  20.1 MBytes   337 Mbits/sec  0.059 ms  7313/22373 (33%)  
[2024-05-28 21:02:03.309484] [  5]  24.50-25.00  sec  17.8 MBytes   299 Mbits/sec  0.017 ms  8919/22283 (40%)  
[2024-05-28 21:02:03.309566] [  5]  25.00-25.50  sec  21.5 MBytes   361 Mbits/sec  0.009 ms  6068/22196 (27%)  
[2024-05-28 21:02:03.309647] [  5]  25.50-26.00  sec  12.5 MBytes   210 Mbits/sec  0.018 ms  11873/21249 (56%)  
[2024-05-28 21:02:03.309728] [  5]  26.00-26.50  sec  18.6 MBytes   313 Mbits/sec  0.029 ms  9582/23548 (41%)  
[2024-05-28 21:02:03.309809] [  5]  26.50-27.00  sec  16.2 MBytes   271 Mbits/sec  0.122 ms  10227/22330 (46%)  
[2024-05-28 21:02:03.309891] [  5]  27.00-27.50  sec  12.6 MBytes   211 Mbits/sec  0.266 ms  12926/22340 (58%)  
[2024-05-28 21:02:03.309969] [  5]  27.50-28.00  sec  15.4 MBytes   259 Mbits/sec  0.052 ms  9922/21475 (46%)  
[2024-05-28 21:02:03.310047] [  5]  28.00-28.50  sec  19.7 MBytes   331 Mbits/sec  0.009 ms  8434/23199 (36%)  
[2024-05-28 21:02:03.310128] [  5]  28.50-29.00  sec  19.8 MBytes   331 Mbits/sec  0.016 ms  7526/22323 (34%)  
[2024-05-28 21:02:03.310206] [  5]  29.00-29.50  sec  20.7 MBytes   347 Mbits/sec  0.010 ms  6818/22317 (31%)  
[2024-05-28 21:02:03.310283] [  5]  29.50-30.00  sec  15.8 MBytes   265 Mbits/sec  0.052 ms  10067/21895 (46%)  
[2024-05-28 21:02:03.310367] [  5]  30.00-30.50  sec  16.6 MBytes   279 Mbits/sec  0.021 ms  10228/22668 (45%)  
[2024-05-28 21:02:03.310443] [  5]  30.50-31.00  sec  11.5 MBytes   193 Mbits/sec  0.010 ms  12720/21345 (60%)  
[2024-05-28 21:02:03.310523] [  5]  31.00-31.50  sec  18.7 MBytes   314 Mbits/sec  0.027 ms  8992/23028 (39%)  
[2024-05-28 21:02:03.310597] [  5]  31.50-32.00  sec  12.0 MBytes   201 Mbits/sec  0.061 ms  12368/21348 (58%)  
[2024-05-28 21:02:03.310674] [  5]  32.00-32.50  sec  13.9 MBytes   234 Mbits/sec  0.058 ms  13014/23450 (55%)  
[2024-05-28 21:02:03.310753] [  5]  32.50-33.00  sec  14.8 MBytes   248 Mbits/sec  0.022 ms  10688/21744 (49%)  
[2024-05-28 21:02:03.310828] [  5]  33.00-33.50  sec  15.1 MBytes   254 Mbits/sec  0.051 ms  11527/22856 (50%)  
[2024-05-28 21:02:03.310906] [  5]  33.50-34.00  sec  19.1 MBytes   320 Mbits/sec  0.095 ms  7405/21721 (34%)  
[2024-05-28 21:02:03.310982] [  5]  34.00-34.50  sec  20.4 MBytes   343 Mbits/sec  0.061 ms  7845/23134 (34%)  
[2024-05-28 21:02:03.311061] [  5]  34.50-35.00  sec  16.3 MBytes   274 Mbits/sec  0.075 ms  9905/22142 (45%)  
[2024-05-28 21:02:03.311188] [  5]  35.00-35.50  sec  15.9 MBytes   267 Mbits/sec  0.018 ms  10554/22483 (47%)  
[2024-05-28 21:02:03.311269] [  5]  35.50-36.00  sec  14.4 MBytes   242 Mbits/sec  0.068 ms  10322/21142 (49%)  
[2024-05-28 21:02:03.311443] [  5]  36.00-36.50  sec  15.0 MBytes   252 Mbits/sec  0.009 ms  12250/23502 (52%)  
[2024-05-28 21:02:03.311526] [  5]  36.50-37.00  sec  14.9 MBytes   251 Mbits/sec  0.105 ms  10955/22151 (49%)  
[2024-05-28 21:02:03.311604] [  5]  37.00-37.50  sec  13.0 MBytes   218 Mbits/sec  0.103 ms  12401/22144 (56%)  
[2024-05-28 21:02:03.311680] [  5]  37.50-38.00  sec  12.3 MBytes   206 Mbits/sec  0.011 ms  12653/21868 (58%)  
[2024-05-28 21:02:03.311754] [  5]  38.00-38.50  sec  14.2 MBytes   239 Mbits/sec  0.034 ms  12487/23150 (54%)  
[2024-05-28 21:02:03.311828] [  5]  38.50-39.00  sec  17.6 MBytes   296 Mbits/sec  0.061 ms  8243/21458 (38%)  
[2024-05-28 21:02:03.311902] [  5]  39.00-39.50  sec  12.4 MBytes   208 Mbits/sec  0.022 ms  12144/21452 (57%)  
[2024-05-28 21:02:03.311982] [  5]  39.50-40.00  sec  11.0 MBytes   185 Mbits/sec  0.085 ms  15434/23673 (65%)  
[2024-05-28 21:02:03.312057] [  5]  40.00-40.50  sec  9.96 MBytes   167 Mbits/sec  0.031 ms  14859/22320 (67%)  
[2024-05-28 21:02:03.312131] [  5]  40.50-41.00  sec  5.05 MBytes  84.6 Mbits/sec  0.146 ms  18731/22510 (83%)  
[2024-05-28 21:02:03.312205] [  5]  41.00-41.50  sec  14.0 MBytes   234 Mbits/sec  0.163 ms  11354/21806 (52%)  
[2024-05-28 21:02:03.312282] [  5]  41.50-42.00  sec  13.4 MBytes   225 Mbits/sec  0.014 ms  11965/22022 (54%)  
[2024-05-28 21:02:03.312357] [  5]  42.00-42.50  sec  13.8 MBytes   232 Mbits/sec  0.012 ms  12815/23172 (55%)  
[2024-05-28 21:02:03.312432] [  5]  42.50-43.00  sec  6.17 MBytes   103 Mbits/sec  0.049 ms  8439/13057 (65%)  
[2024-05-28 21:02:03.312506] [  5]  43.00-43.50  sec  2.24 MBytes  37.6 Mbits/sec  0.017 ms  29329/31005 (95%)  
[2024-05-28 21:02:03.312580] [  5]  43.50-44.00  sec  11.3 MBytes   189 Mbits/sec  0.022 ms  13864/22323 (62%)  
[2024-05-28 21:02:03.312657] [  5]  44.00-44.50  sec  11.6 MBytes   195 Mbits/sec  0.053 ms  14371/23057 (62%)  
[2024-05-28 21:02:03.312728] [  5]  44.50-45.00  sec  9.11 MBytes   153 Mbits/sec  0.033 ms  12244/19067 (64%)  
[2024-05-28 21:02:03.312801] [  5]  45.00-45.50  sec  9.74 MBytes   163 Mbits/sec  0.033 ms  18101/25397 (71%)  
[2024-05-28 21:02:03.312875] [  5]  45.50-46.00  sec  14.1 MBytes   237 Mbits/sec  0.030 ms  11796/22389 (53%)  
[2024-05-28 21:02:03.312948] [  5]  46.00-46.50  sec  15.0 MBytes   252 Mbits/sec  0.014 ms  11085/22316 (50%)  
[2024-05-28 21:02:03.313020] [  5]  46.50-47.00  sec  20.8 MBytes   349 Mbits/sec  0.013 ms  6813/22369 (30%)  
[2024-05-28 21:02:27.808552] [  5]  47.00-47.50  sec  15.2 MBytes   255 Mbits/sec  0.011 ms  10889/22279 (49%)  
[2024-05-28 21:02:27.809017] [  5]  47.50-48.00  sec  18.6 MBytes   313 Mbits/sec  0.037 ms  8131/22098 (37%)  
[2024-05-28 21:02:27.809109] [  5]  48.00-48.50  sec  20.3 MBytes   340 Mbits/sec  0.023 ms  7475/22665 (33%)  
[2024-05-28 21:02:27.809177] [  5]  48.50-49.00  sec  21.5 MBytes   360 Mbits/sec  0.082 ms  6237/22313 (28%)  
[2024-05-28 21:02:27.809240] [  5]  49.00-49.50  sec  17.1 MBytes   287 Mbits/sec  0.031 ms  9476/22283 (43%)  
[2024-05-28 21:02:27.809304] [  5]  49.50-50.00  sec  11.8 MBytes   199 Mbits/sec  0.015 ms  13457/22330 (60%)  
[2024-05-28 21:02:27.809365] [  5]  50.00-50.50  sec  18.4 MBytes   309 Mbits/sec  0.067 ms  8521/22317 (38%)  
[2024-05-28 21:02:27.809428] [  5]  50.50-51.00  sec  19.7 MBytes   331 Mbits/sec  0.010 ms  7433/22200 (33%)  
[2024-05-28 21:02:27.809494] [  5]  51.00-51.50  sec  19.8 MBytes   331 Mbits/sec  0.012 ms  7615/22412 (34%)  
[2024-05-28 21:02:27.809562] [  5]  51.50-52.00  sec  21.4 MBytes   359 Mbits/sec  0.011 ms  6292/22327 (28%)  
[2024-05-28 21:02:27.809628] [  5]  52.00-52.50  sec  16.8 MBytes   282 Mbits/sec  0.021 ms  9631/22213 (43%)  
[2024-05-28 21:02:27.809690] [  5]  52.50-53.00  sec  16.8 MBytes   282 Mbits/sec  0.013 ms  9749/22345 (44%)  
[2024-05-28 21:02:27.809793] [  5]  53.00-53.50  sec  17.7 MBytes   297 Mbits/sec  0.124 ms  8942/22216 (40%)  
[2024-05-28 21:02:27.809854] [  5]  53.50-54.00  sec  11.6 MBytes   195 Mbits/sec  0.012 ms  13747/22467 (61%)  
[2024-05-28 21:02:27.809916] [  5]  54.00-54.50  sec  15.1 MBytes   253 Mbits/sec  0.056 ms  10918/22199 (49%)  
[2024-05-28 21:02:27.809977] [  5]  54.50-55.00  sec  18.0 MBytes   302 Mbits/sec  0.060 ms  9017/22493 (40%)  
[2024-05-28 21:02:27.810038] [  5]  55.00-55.50  sec  16.5 MBytes   277 Mbits/sec  0.052 ms  9880/22267 (44%)  
[2024-05-28 21:02:27.810099] [  5]  55.50-56.00  sec  4.34 MBytes  72.9 Mbits/sec  2.215 ms  17852/21106 (85%)  
[2024-05-28 21:02:27.810159] [  5]  56.00-56.50  sec   126 KBytes  2.06 Mbits/sec  1.964 ms  22961/23053 (1e+02%)  
[2024-05-28 21:02:27.810223] [  5]  56.50-57.00  sec  43.8 KBytes   717 Kbits/sec  3.919 ms  22095/22127 (1e+02%)  
[2024-05-28 21:02:27.810301] [  5]  57.00-57.50  sec  1.80 MBytes  30.2 Mbits/sec  0.156 ms  21519/22867 (94%)  
[2024-05-28 21:02:27.810366] [  5]  57.50-58.00  sec  3.07 MBytes  51.4 Mbits/sec  0.152 ms  20085/22381 (90%)  
[2024-05-28 21:02:27.810424] [  5]  58.00-58.50  sec  3.93 MBytes  65.9 Mbits/sec  0.406 ms  19303/22245 (87%)  
[2024-05-28 21:02:27.810480] [  5]  58.50-59.00  sec  12.2 MBytes   204 Mbits/sec  0.023 ms  13487/22590 (60%)  
[2024-05-28 21:02:27.810560] [  5]  59.00-59.50  sec  11.6 MBytes   194 Mbits/sec  0.028 ms  12278/20976 (59%)  
[2024-05-28 21:02:27.810640] [  5]  59.50-60.00  sec  17.2 MBytes   289 Mbits/sec  0.003 ms  10730/23590 (45%)  
[2024-05-28 21:02:27.810719] [  5]  60.00-60.50  sec  15.0 MBytes   252 Mbits/sec  0.024 ms  10830/22095 (49%)  
[2024-05-28 21:02:27.810794] [  5]  60.50-61.00  sec  8.31 MBytes   139 Mbits/sec  0.057 ms  16203/22428 (72%)  
[2024-05-28 21:02:27.810877] [  5]  61.00-61.50  sec  13.0 MBytes   217 Mbits/sec  0.053 ms  12755/22460 (57%)  
[2024-05-28 21:02:27.810959] [  5]  61.50-62.00  sec  9.30 MBytes   156 Mbits/sec  0.040 ms  15419/22385 (69%)  
[2024-05-28 21:02:27.811054] [  5]  62.00-62.50  sec  5.50 MBytes  92.3 Mbits/sec  0.302 ms  18198/22317 (82%)  
[2024-05-28 21:02:27.811149] [  5]  62.50-63.00  sec  5.30 MBytes  88.9 Mbits/sec  0.272 ms  18231/22202 (82%)  
[2024-05-28 21:02:27.811230] [  5]  63.00-63.50  sec  2.55 MBytes  42.8 Mbits/sec  1.965 ms  20080/21990 (91%)  
[2024-05-28 21:02:27.811406] [  5]  63.50-64.00  sec  3.06 MBytes  51.4 Mbits/sec  0.069 ms  20326/22619 (90%)  
[2024-05-28 21:02:27.811489] [  5]  64.00-64.50  sec  2.98 MBytes  49.9 Mbits/sec  0.037 ms  19707/21936 (90%)  
[2024-05-28 21:02:27.811566] [  5]  64.50-65.00  sec  2.83 MBytes  47.5 Mbits/sec  0.076 ms  19974/22094 (90%)  
[2024-05-28 21:02:27.811645] [  5]  65.00-65.50  sec  6.15 MBytes   103 Mbits/sec  0.325 ms  18214/22817 (80%)  
[2024-05-28 21:02:27.811723] [  5]  65.50-66.00  sec  6.09 MBytes   102 Mbits/sec  0.166 ms  17803/22368 (80%)  
[2024-05-28 21:02:27.811802] [  5]  66.00-66.50  sec  1.58 MBytes  26.6 Mbits/sec  0.242 ms  20914/22100 (95%)  
[2024-05-28 21:02:27.811879] [  5]  66.50-67.00  sec  4.57 MBytes  76.6 Mbits/sec  0.077 ms  19350/22770 (85%)  
[2024-05-28 21:02:27.811956] [  5]  67.00-67.50  sec  7.75 MBytes   130 Mbits/sec  0.036 ms  16387/22193 (74%)  
[2024-05-28 21:02:27.812031] [  5]  67.50-68.00  sec  11.0 MBytes   185 Mbits/sec  0.018 ms  14060/22326 (63%)  
[2024-05-28 21:02:27.812108] [  5]  68.00-68.50  sec  3.93 MBytes  66.0 Mbits/sec  0.052 ms  19351/22297 (87%)  
[2024-05-28 21:02:27.812185] [  5]  68.50-69.00  sec  4.73 MBytes  79.3 Mbits/sec  0.482 ms  18652/22194 (84%)  
[2024-05-28 21:02:27.812259] [  5]  69.00-69.50  sec  2.74 MBytes  45.9 Mbits/sec  0.049 ms  20347/22398 (91%)  
[2024-05-28 21:02:27.812333] [  5]  69.50-70.00  sec  1.14 MBytes  19.2 Mbits/sec  0.190 ms  21350/22206 (96%)  
[2024-05-28 21:02:27.812410] [  5]  70.00-70.50  sec  5.98 MBytes   100 Mbits/sec  0.014 ms  17635/22112 (80%)  
[2024-05-28 21:02:27.812486] [  5]  70.50-71.00  sec  3.49 MBytes  58.6 Mbits/sec  0.155 ms  19911/22528 (88%)  
[2024-05-28 21:02:27.812576] [  5]  71.00-71.50  sec  8.73 MBytes   146 Mbits/sec  0.039 ms  15953/22489 (71%)  
[2024-05-28 21:02:52.308440] [  5]  71.50-72.00  sec  11.1 MBytes   187 Mbits/sec  0.017 ms  14058/22391 (63%)  
[2024-05-28 21:02:52.308873] [  5]  72.00-72.50  sec  6.18 MBytes   104 Mbits/sec  0.279 ms  17625/22257 (79%)  
[2024-05-28 21:02:52.308979] [  5]  72.50-73.00  sec  7.08 MBytes   119 Mbits/sec  0.073 ms  16757/22061 (76%)  
[2024-05-28 21:02:52.309064] [  5]  73.00-73.50  sec  8.16 MBytes   137 Mbits/sec  0.030 ms  16556/22669 (73%)  
[2024-05-28 21:02:52.309142] [  5]  73.50-74.00  sec  9.88 MBytes   166 Mbits/sec  0.029 ms  14862/22260 (67%)  
[2024-05-28 21:02:52.309217] [  5]  74.00-74.50  sec  6.32 MBytes   106 Mbits/sec  0.034 ms  17602/22339 (79%)  
[2024-05-28 21:02:52.309291] [  5]  74.50-75.00  sec  9.15 MBytes   154 Mbits/sec  0.053 ms  15499/22354 (69%)  
[2024-05-28 21:02:52.309365] [  5]  75.00-75.50  sec  18.9 MBytes   318 Mbits/sec  0.016 ms  8128/22305 (36%)  
[2024-05-28 21:02:52.309439] [  5]  75.50-76.00  sec  13.1 MBytes   220 Mbits/sec  0.015 ms  12377/22181 (56%)  
[2024-05-28 21:02:52.309512] [  5]  76.00-76.50  sec  20.1 MBytes   336 Mbits/sec  0.031 ms  7478/22498 (33%)  
[2024-05-28 21:02:52.309586] [  5]  76.50-77.00  sec  21.5 MBytes   360 Mbits/sec  0.023 ms  6206/22273 (28%)  
[2024-05-28 21:02:52.309660] [  5]  77.00-77.50  sec  21.5 MBytes   361 Mbits/sec  0.032 ms  6280/22377 (28%)  
[2024-05-28 21:02:52.309733] [  5]  77.50-78.00  sec  20.0 MBytes   336 Mbits/sec  0.038 ms  7243/22259 (33%)  
[2024-05-28 21:02:52.309807] [  5]  78.00-78.50  sec  14.4 MBytes   241 Mbits/sec  0.076 ms  11511/22278 (52%)  
[2024-05-28 21:02:52.309879] [  5]  78.50-79.00  sec  10.7 MBytes   179 Mbits/sec  0.025 ms  14413/22390 (64%)  
[2024-05-28 21:02:52.309953] [  5]  79.00-79.50  sec  16.0 MBytes   268 Mbits/sec  0.024 ms  10356/22309 (46%)  
[2024-05-28 21:02:52.310028] [  5]  79.50-80.00  sec  20.7 MBytes   347 Mbits/sec  0.030 ms  6774/22270 (30%)  
[2024-05-28 21:02:52.310104] [  5]  80.00-80.50  sec  8.79 MBytes   147 Mbits/sec  0.050 ms  15713/22294 (70%)  
[2024-05-28 21:02:52.310178] [  5]  80.50-81.00  sec  12.6 MBytes   212 Mbits/sec  0.030 ms  12930/22396 (58%)  
[2024-05-28 21:02:52.310252] [  5]  81.00-81.50  sec  16.9 MBytes   283 Mbits/sec  0.076 ms  9661/22284 (43%)  
[2024-05-28 21:02:52.310324] [  5]  81.50-82.00  sec  21.1 MBytes   354 Mbits/sec  0.022 ms  6552/22363 (29%)  
[2024-05-28 21:02:52.310397] [  5]  82.00-82.50  sec  23.0 MBytes   385 Mbits/sec  0.040 ms  5198/22398 (23%)  
[2024-05-28 21:02:52.310471] [  5]  82.50-83.00  sec  23.0 MBytes   386 Mbits/sec  0.044 ms  4932/22153 (22%)  
[2024-05-28 21:02:52.310547] [  5]  83.00-83.50  sec  8.52 MBytes   143 Mbits/sec  0.141 ms  15890/22271 (71%)  
[2024-05-28 21:02:52.310620] [  5]  83.50-84.00  sec  16.5 MBytes   277 Mbits/sec  0.053 ms  10136/22492 (45%)  
[2024-05-28 21:02:52.310693] [  5]  84.00-84.50  sec  22.5 MBytes   378 Mbits/sec  0.030 ms  5472/22329 (25%)  
[2024-05-28 21:02:52.310765] [  5]  84.50-85.00  sec  22.6 MBytes   380 Mbits/sec  0.041 ms  5318/22280 (24%)  
[2024-05-28 21:02:52.310838] [  5]  85.00-85.50  sec  23.2 MBytes   389 Mbits/sec  0.020 ms  4987/22332 (22%)  
[2024-05-28 21:02:52.310912] [  5]  85.50-86.00  sec  12.2 MBytes   204 Mbits/sec  0.029 ms  12856/21966 (59%)  
[2024-05-28 21:02:52.310986] [  5]  86.00-86.50  sec  4.21 MBytes  70.7 Mbits/sec  0.009 ms  18904/22060 (86%)  
[2024-05-28 21:02:52.311061] [  5]  86.50-87.00  sec  9.89 MBytes   166 Mbits/sec  0.020 ms  15186/22593 (67%)  
[2024-05-28 21:02:52.311134] [  5]  87.00-87.50  sec  4.99 MBytes  83.8 Mbits/sec  0.249 ms  17988/21728 (83%)  
[2024-05-28 21:02:52.311206] [  5]  87.50-88.00  sec  6.77 MBytes   114 Mbits/sec  0.104 ms  17511/22582 (78%)  
[2024-05-28 21:02:52.311344] [  5]  88.00-88.50  sec  3.38 MBytes  56.6 Mbits/sec  0.201 ms  19437/21965 (88%)  
[2024-05-28 21:02:52.311428] [  5]  88.50-89.00  sec  3.46 MBytes  58.1 Mbits/sec  0.141 ms  20265/22859 (89%)  
[2024-05-28 21:02:52.311505] [  5]  89.00-89.50  sec  1.41 MBytes  23.7 Mbits/sec  0.414 ms  21255/22311 (95%)  
[2024-05-28 21:02:52.311617] [  5]  89.50-90.00  sec  5.60 MBytes  93.9 Mbits/sec  0.073 ms  18607/22801 (82%)  
[2024-05-28 21:02:52.311691] [  5]  90.00-90.50  sec  5.42 MBytes  90.9 Mbits/sec  0.516 ms  17471/21528 (81%)  
[2024-05-28 21:02:52.311765] [  5]  90.50-91.00  sec  7.88 MBytes   132 Mbits/sec  0.055 ms  17236/23139 (74%)  
[2024-05-28 21:02:52.311837] [  5]  91.00-91.50  sec  4.18 MBytes  70.1 Mbits/sec  0.044 ms  18643/21774 (86%)  
[2024-05-28 21:02:52.311910] [  5]  91.50-92.00  sec  6.74 MBytes   113 Mbits/sec  0.039 ms  17826/22871 (78%)  
[2024-05-28 21:02:52.311980] [  5]  92.00-92.50  sec  9.76 MBytes   164 Mbits/sec  0.020 ms  14260/21572 (66%)  
[2024-05-28 21:02:52.312052] [  5]  92.50-93.00  sec  2.15 MBytes  35.9 Mbits/sec  0.197 ms  8997/10606 (85%)  
[2024-05-28 21:02:52.312122] [  5]  93.00-93.50  sec  0.00 Bytes  0.00 bits/sec  0.197 ms  0/0 (0%)  
[2024-05-28 21:02:52.312193] [  5]  93.50-94.00  sec  5.84 MBytes  98.0 Mbits/sec  0.141 ms  52653/57024 (92%)  
[2024-05-28 21:02:52.312263] [  5]  94.00-94.50  sec  11.1 MBytes   187 Mbits/sec  0.037 ms  13901/22243 (62%)  
[2024-05-28 21:02:52.312334] [  5]  94.50-95.00  sec  9.67 MBytes   162 Mbits/sec  0.051 ms  15021/22264 (67%)  
[2024-05-28 21:02:52.312407] [  5]  95.00-95.50  sec  15.7 MBytes   263 Mbits/sec  0.048 ms  10735/22465 (48%)  
[2024-05-28 21:02:52.312477] [  5]  95.50-96.00  sec  14.3 MBytes   240 Mbits/sec  0.051 ms  11628/22347 (52%)  
[2024-05-28 21:03:16.091617] [  5]  96.00-96.50  sec  13.4 MBytes   225 Mbits/sec  0.132 ms  12202/22264 (55%)  
[2024-05-28 21:03:16.092190] [  5]  96.50-97.00  sec  4.12 MBytes  69.1 Mbits/sec  0.087 ms  19289/22375 (86%)  
[2024-05-28 21:03:16.092338] [  5]  97.00-97.50  sec  10.5 MBytes   176 Mbits/sec  0.032 ms  14271/22111 (65%)  
[2024-05-28 21:03:16.092454] [  5]  97.50-98.00  sec  6.55 MBytes   110 Mbits/sec  0.029 ms  17426/22331 (78%)  
[2024-05-28 21:03:16.092583] [  5]  98.00-98.50  sec  3.35 MBytes  56.0 Mbits/sec  0.443 ms  18364/20872 (88%)  
[2024-05-28 21:03:16.092694] [  5]  98.50-99.00  sec  2.27 MBytes  38.3 Mbits/sec  0.048 ms  22281/23984 (93%)  
[2024-05-28 21:03:16.092798] [  5]  99.00-99.50  sec  3.47 MBytes  58.2 Mbits/sec  0.038 ms  19079/21677 (88%)  
[2024-05-28 21:03:16.092899] [  5]  99.50-100.00 sec  6.97 MBytes   117 Mbits/sec  0.103 ms  17708/22926 (77%)  
[2024-05-28 21:03:16.093065] [  5] 100.00-100.50 sec  6.09 MBytes   102 Mbits/sec  0.046 ms  17649/22208 (79%)  
[2024-05-28 21:03:16.093183] [  5] 100.50-101.00 sec  7.23 MBytes   121 Mbits/sec  0.029 ms  16939/22357 (76%)  
[2024-05-28 21:03:16.093333] [  5] 101.00-101.50 sec  15.4 MBytes   259 Mbits/sec  0.026 ms  9823/21368 (46%)  
[2024-05-28 21:03:16.093440] [  5] 101.50-102.00 sec  16.3 MBytes   273 Mbits/sec  0.056 ms  11258/23456 (48%)  
[2024-05-28 21:03:16.093546] [  5] 102.00-102.50 sec  18.6 MBytes   312 Mbits/sec  0.066 ms  8370/22305 (38%)  
[2024-05-28 21:03:16.093645] [  5] 102.50-103.00 sec  18.4 MBytes   308 Mbits/sec  0.016 ms  8562/22323 (38%)  
[2024-05-28 21:03:16.093745] [  5] 103.00-103.50 sec  13.7 MBytes   230 Mbits/sec  0.024 ms  12054/22325 (54%)  
[2024-05-28 21:03:16.093846] [  5] 103.50-104.00 sec  15.0 MBytes   252 Mbits/sec  0.029 ms  11077/22325 (50%)  
[2024-05-28 21:03:16.093952] [  5] 104.00-104.50 sec  11.2 MBytes   187 Mbits/sec  0.046 ms  13936/22305 (62%)  
[2024-05-28 21:03:16.094002] [  5] 104.50-105.00 sec  16.7 MBytes   281 Mbits/sec  0.015 ms  9753/22282 (44%)  
[2024-05-28 21:03:16.094051] [  5] 105.00-105.50 sec  16.9 MBytes   284 Mbits/sec  0.055 ms  9678/22360 (43%)  
[2024-05-28 21:03:16.094103] [  5] 105.50-106.00 sec  19.2 MBytes   322 Mbits/sec  0.038 ms  7953/22337 (36%)  
[2024-05-28 21:03:16.094154] [  5] 106.00-106.50 sec  18.7 MBytes   313 Mbits/sec  0.060 ms  8356/22326 (37%)  
[2024-05-28 21:03:16.094205] [  5] 106.50-107.00 sec  15.5 MBytes   259 Mbits/sec  0.057 ms  10753/22326 (48%)  
[2024-05-28 21:03:16.094259] [  5] 107.00-107.50 sec  18.5 MBytes   311 Mbits/sec  0.017 ms  8454/22317 (38%)  
[2024-05-28 21:03:16.094336] [  5] 107.50-108.00 sec  17.3 MBytes   290 Mbits/sec  0.024 ms  9365/22298 (42%)  
[2024-05-28 21:03:16.094390] [  5] 108.00-108.50 sec  11.8 MBytes   197 Mbits/sec  0.047 ms  13520/22325 (61%)  
[2024-05-28 21:03:16.094441] [  5] 108.50-109.00 sec  11.7 MBytes   196 Mbits/sec  0.038 ms  13564/22321 (61%)  
[2024-05-28 21:03:16.094489] [  5] 109.00-109.50 sec  12.7 MBytes   214 Mbits/sec  0.044 ms  12794/22340 (57%)  
[2024-05-28 21:03:16.094538] [  5] 109.50-110.00 sec  17.7 MBytes   296 Mbits/sec  0.016 ms  9126/22355 (41%)  
[2024-05-28 21:03:16.094588] [  5] 110.00-110.50 sec  17.3 MBytes   291 Mbits/sec  0.062 ms  9283/22270 (42%)  
[2024-05-28 21:03:16.094636] [  5] 110.50-111.00 sec  12.6 MBytes   212 Mbits/sec  0.018 ms  12847/22290 (58%)  
[2024-05-28 21:03:16.094688] [  5] 111.00-111.50 sec  15.2 MBytes   255 Mbits/sec  0.034 ms  10998/22377 (49%)  
[2024-05-28 21:03:16.094735] [  5] 111.50-112.00 sec  14.1 MBytes   237 Mbits/sec  0.050 ms  11703/22282 (53%)  
[2024-05-28 21:03:16.094782] [  5] 112.00-112.50 sec  13.5 MBytes   226 Mbits/sec  0.023 ms  12259/22347 (55%)  
[2024-05-28 21:03:16.094830] [  5] 112.50-113.00 sec  18.2 MBytes   305 Mbits/sec  0.042 ms  8723/22346 (39%)  
[2024-05-28 21:03:16.094877] [  5] 113.00-113.50 sec  19.3 MBytes   324 Mbits/sec  0.043 ms  7834/22315 (35%)  
[2024-05-28 21:03:16.094924] [  5] 113.50-114.00 sec  14.3 MBytes   240 Mbits/sec  0.045 ms  11552/22276 (52%)  
[2024-05-28 21:03:16.094971] [  5] 114.00-114.50 sec  11.4 MBytes   192 Mbits/sec  0.048 ms  13765/22339 (62%)  
[2024-05-28 21:03:16.095018] [  5] 114.50-115.00 sec  11.4 MBytes   191 Mbits/sec  0.055 ms  13837/22351 (62%)  
[2024-05-28 21:03:16.095114] [  5] 115.00-115.50 sec  9.63 MBytes   162 Mbits/sec  0.013 ms  15007/22222 (68%)  
[2024-05-28 21:03:16.095160] [  5] 115.50-116.00 sec  6.54 MBytes   110 Mbits/sec  0.461 ms  15926/20825 (76%)  
[2024-05-28 21:03:16.095208] [  5] 116.00-116.50 sec  13.7 MBytes   230 Mbits/sec  0.109 ms  13406/23674 (57%)  
[2024-05-28 21:03:16.095255] [  5] 116.50-117.00 sec  11.8 MBytes   198 Mbits/sec  0.015 ms  13723/22552 (61%)  
[2024-05-28 21:03:16.095892] [  5] 117.00-117.50 sec  15.7 MBytes   263 Mbits/sec  0.009 ms  10549/22275 (47%)  
[2024-05-28 21:03:16.095992] [  5] 117.50-118.00 sec  6.51 MBytes   109 Mbits/sec  0.066 ms  17409/22287 (78%)  
[2024-05-28 21:03:16.096047] [  5] 118.00-118.50 sec  10.4 MBytes   174 Mbits/sec  0.035 ms  14608/22381 (65%)  
[2024-05-28 21:03:16.096098] [  5] 118.50-119.00 sec  8.03 MBytes   135 Mbits/sec  0.056 ms  16289/22301 (73%)  
[2024-05-28 21:03:16.096147] [  5] 119.00-119.50 sec  11.6 MBytes   195 Mbits/sec  0.051 ms  13690/22403 (61%)  
[2024-05-28 21:03:16.096202] [  5] 119.50-120.00 sec  14.0 MBytes   234 Mbits/sec  0.025 ms  11890/22345 (53%)  
[2024-05-28 21:03:16.096268] - - - - - - - - - - - - - - - - - - - - - - - - -
[2024-05-28 21:03:16.096322] [ ID] Interval           Transfer     Bitrate         Jitter    Lost/Total Datagrams
[2024-05-28 21:03:16.096375] [  5]   0.00-121.11 sec  7.05 GBytes   500 Mbits/sec  0.000 ms  0/5406585 (0%)  sender
[2024-05-28 21:03:16.096424] [SUM]  0.0-121.1 sec  1295 datagrams received out-of-order
[2024-05-28 21:03:16.096474] [  5]   0.00-120.00 sec  2.74 GBytes   196 Mbits/sec  0.025 ms  3299772/5403333 (61%)  receiver
[2024-05-28 21:03:16.096522] 
[2024-05-28 21:03:16.096570] iperf Done.
End time: 1716944596122
