Start time: 1716825204593
[2024-05-27 11:54:24.894537] Connecting to host 35.245.244.238, port 5201
[2024-05-27 11:54:24.896183] Reverse mode, remote host 35.245.244.238 is sending
[2024-05-27 11:54:24.896337] [  5] local 100.123.88.138 port 40264 connected to 35.245.244.238 port 5201
[2024-05-27 11:54:24.896456] [ ID] Interval           Transfer     Bitrate         Jitter    Lost/Total Datagrams
[2024-05-27 11:54:24.896565] [  5]   0.00-0.50   sec  12.6 MBytes   211 Mbits/sec  0.034 ms  1609757/1619177 (99%)  
[2024-05-27 11:54:24.896669] [  5]   0.50-1.00   sec  4.31 MBytes  72.3 Mbits/sec  17.943 ms  5767/8994 (64%)  
[2024-05-27 11:54:24.896771] [  5]   1.00-1.50   sec  7.77 MBytes   130 Mbits/sec  0.010 ms  30165/35987 (84%)  
[2024-05-27 11:54:24.896871] [  5]   1.50-2.00   sec  2.03 MBytes  34.0 Mbits/sec  0.687 ms  4584/6106 (75%)  
[2024-05-27 11:54:24.896970] [  5]   2.00-2.50   sec  7.88 MBytes   133 Mbits/sec  0.028 ms  31630/37533 (84%)  
[2024-05-27 11:54:24.897072] [  5]   2.50-3.00   sec  2.51 MBytes  42.2 Mbits/sec  0.072 ms  14719/16602 (89%)  
[2024-05-27 11:54:24.897172] [  5]   3.00-3.50   sec  4.59 MBytes  76.9 Mbits/sec  0.044 ms  15194/18632 (82%)  
[2024-05-27 11:54:24.897276] [  5]   3.50-4.00   sec   383 KBytes  6.28 Mbits/sec  0.009 ms  1122/1402 (80%)  
[2024-05-27 11:54:24.897375] [  5]   4.00-4.50   sec  7.51 MBytes   126 Mbits/sec  0.083 ms  44482/50104 (89%)  
[2024-05-27 11:54:24.897475] [  5]   4.50-5.00   sec  2.59 MBytes  43.5 Mbits/sec  15.382 ms  4193/6134 (68%)  
[2024-05-27 11:54:24.897575] [  5]   5.00-5.50   sec  5.36 MBytes  90.0 Mbits/sec  0.063 ms  37670/41688 (90%)  
[2024-05-27 11:54:24.897674] [  5]   5.50-6.00   sec  14.9 MBytes   250 Mbits/sec  0.169 ms  11814/22954 (51%)  
[2024-05-27 11:54:24.897777] [  5]   6.00-6.50   sec  2.44 MBytes  40.9 Mbits/sec  0.083 ms  2522/4348 (58%)  
[2024-05-27 11:54:24.897878] [  5]   6.50-7.00   sec  15.8 MBytes   266 Mbits/sec  0.024 ms  27926/39767 (70%)  
[2024-05-27 11:54:24.897978] [  5]   7.00-7.50   sec  2.00 MBytes  33.6 Mbits/sec  10.353 ms  5718/7219 (79%)  
[2024-05-27 11:54:24.898077] [  5]   7.50-8.00   sec  3.34 MBytes  56.1 Mbits/sec  0.018 ms  29815/32319 (92%)  
[2024-05-27 11:54:24.898178] [  5]   8.00-8.50   sec   358 KBytes  5.85 Mbits/sec  0.045 ms  808/1070 (76%)  
[2024-05-27 11:54:24.898278] [  5]   8.50-9.00   sec  10.0 MBytes   169 Mbits/sec  0.024 ms  41418/48932 (85%)  
[2024-05-27 11:54:24.898377] [  5]   9.00-9.50   sec  4.94 MBytes  82.7 Mbits/sec  0.193 ms  3748/7446 (50%)  
[2024-05-27 11:54:24.898479] [  5]   9.50-10.00  sec  7.25 MBytes   122 Mbits/sec  0.061 ms  30871/36302 (85%)  
[2024-05-27 11:54:24.898577] [  5]  10.00-10.50  sec  9.85 MBytes   165 Mbits/sec  0.027 ms  15101/22476 (67%)  
[2024-05-27 11:54:24.898677] [  5]  10.50-11.00  sec  5.84 MBytes  97.8 Mbits/sec  0.008 ms  7412/11783 (63%)  
[2024-05-27 11:54:24.898780] [  5]  11.00-11.50  sec   150 KBytes  2.46 Mbits/sec  0.046 ms  2/112 (1.8%)  
[2024-05-27 11:54:24.898879] [  5]  11.50-12.00  sec  9.60 MBytes   162 Mbits/sec  0.030 ms  45258/52448 (86%)  
[2024-05-27 11:54:24.899063] [  5]  12.00-12.50  sec   461 KBytes  7.55 Mbits/sec  0.060 ms  28/365 (7.7%)  
[2024-05-27 11:54:24.899168] [  5]  12.50-13.00  sec  8.37 MBytes   140 Mbits/sec  0.097 ms  42074/48344 (87%)  
[2024-05-27 11:54:24.899267] [  5]  13.00-13.50  sec  11.3 MBytes   190 Mbits/sec  0.416 ms  13279/21776 (61%)  
[2024-05-27 11:54:24.899367] [  5]  13.50-14.00  sec  11.3 MBytes   189 Mbits/sec  0.245 ms  10891/19351 (56%)  
[2024-05-27 11:54:24.899469] [  5]  14.00-14.50  sec  2.00 MBytes  33.6 Mbits/sec  0.051 ms  23209/24709 (94%)  
[2024-05-27 11:54:24.899572] [  5]  14.50-15.00  sec  11.7 MBytes   197 Mbits/sec  0.040 ms  14519/23309 (62%)  
[2024-05-27 11:54:24.899672] [  5]  15.00-15.50  sec  12.3 MBytes   206 Mbits/sec  0.029 ms  12415/21612 (57%)  
[2024-05-27 11:54:24.899776] [  5]  15.50-16.00  sec  9.14 MBytes   153 Mbits/sec  0.010 ms  12064/18912 (64%)  
[2024-05-27 11:54:24.899875] [  5]  16.00-16.50  sec   398 KBytes  6.52 Mbits/sec  0.015 ms  1436/1727 (83%)  
[2024-05-27 11:54:24.900023] [  5]  16.50-17.00  sec  2.04 MBytes  34.3 Mbits/sec  0.045 ms  44967/46495 (97%)  
[2024-05-27 11:54:24.900131] [  5]  17.00-17.50  sec  8.14 MBytes   137 Mbits/sec  0.685 ms  12636/18733 (67%)  
[2024-05-27 11:54:24.900232] [  5]  17.50-18.00  sec  3.85 MBytes  64.6 Mbits/sec  0.018 ms  23000/25885 (89%)  
[2024-05-27 11:54:24.900330] [  5]  18.00-18.50  sec  2.00 MBytes  33.5 Mbits/sec  0.114 ms  4000/5500 (73%)  
[2024-05-27 11:54:24.900430] [  5]  18.50-19.00  sec  7.83 MBytes   132 Mbits/sec  0.122 ms  32115/37982 (85%)  
[2024-05-27 11:54:24.900531] [  5]  19.00-19.50  sec  2.59 MBytes  43.4 Mbits/sec  0.806 ms  22085/24023 (92%)  
[2024-05-27 11:54:24.900632] [  5]  19.50-20.00  sec  4.56 MBytes  76.5 Mbits/sec  0.017 ms  17206/20622 (83%)  
[2024-05-27 11:54:24.900729] [  5]  20.00-20.50  sec  1.35 MBytes  22.6 Mbits/sec  0.031 ms  6052/7060 (86%)  
[2024-05-27 11:54:24.900830] [  5]  20.50-21.00  sec  2.76 MBytes  46.3 Mbits/sec  0.521 ms  34942/37006 (94%)  
[2024-05-27 11:54:24.900929] [  5]  21.00-21.50  sec   160 KBytes  2.61 Mbits/sec  11.165 ms  4123/4240 (97%)  
[2024-05-27 11:54:24.901028] [  5]  21.50-22.00  sec  0.00 Bytes  0.00 bits/sec  11.165 ms  0/0 (0%)  
[2024-05-27 11:54:24.901126] [  5]  22.00-22.50  sec  4.75 MBytes  79.7 Mbits/sec  0.168 ms  19060/22615 (84%)  
[2024-05-27 11:54:24.901223] [  5]  22.50-23.00  sec  5.47 KBytes  89.5 Kbits/sec  26.680 ms  31/35 (89%)  
[2024-05-27 11:54:50.894475] [  5]  23.00-23.50  sec  4.19 MBytes  70.2 Mbits/sec  0.044 ms  4716/7853 (60%)  
[2024-05-27 11:54:50.894855] [  5]  23.50-24.00  sec  9.74 MBytes   164 Mbits/sec  0.212 ms  91184/98481 (93%)  
[2024-05-27 11:54:50.895068] [  5]  24.00-24.50  sec  3.99 MBytes  66.8 Mbits/sec  0.091 ms  3122/6112 (51%)  
[2024-05-27 11:54:50.895183] [  5]  24.50-25.00  sec  3.51 MBytes  59.0 Mbits/sec  1.535 ms  31848/34478 (92%)  
[2024-05-27 11:54:50.895306] [  5]  25.00-25.50  sec   103 KBytes  1.67 Mbits/sec  0.230 ms  13/88 (15%)  
[2024-05-27 11:54:50.895418] [  5]  25.50-26.00  sec  0.00 Bytes  0.00 bits/sec  0.230 ms  0/0 (0%)  
[2024-05-27 11:54:50.895529] [  5]  26.00-26.50  sec   588 KBytes  9.66 Mbits/sec  0.278 ms  3000/3430 (87%)  
[2024-05-27 11:54:50.895640] [  5]  26.50-27.00  sec  5.01 MBytes  84.0 Mbits/sec  0.065 ms  21955/25707 (85%)  
[2024-05-27 11:54:50.895747] [  5]  27.00-27.50  sec  1.68 MBytes  28.2 Mbits/sec  0.474 ms  5000/6257 (80%)  
[2024-05-27 11:54:50.895854] [  5]  27.50-28.00  sec  4.22 MBytes  70.7 Mbits/sec  0.033 ms  -2490/668 (-3.7e+02%)  
[2024-05-27 11:54:50.895958] [  5]  28.00-28.50  sec  6.70 MBytes   112 Mbits/sec  0.473 ms  24/5044 (0.48%)  
[2024-05-27 11:54:50.896059] [  5]  28.50-29.00  sec  4.88 MBytes  81.8 Mbits/sec  0.175 ms  138951/142603 (97%)  
[2024-05-27 11:54:50.896164] [  5]  29.00-29.50  sec  5.47 KBytes  89.6 Kbits/sec  24.499 ms  0/4 (0%)  
[2024-05-27 11:54:50.896270] [  5]  29.50-30.00  sec   890 KBytes  14.6 Mbits/sec  0.092 ms  11148/11799 (94%)  
[2024-05-27 11:54:50.896374] [  5]  30.00-30.50  sec  0.00 Bytes  0.00 bits/sec  0.092 ms  0/0 (0%)  
[2024-05-27 11:54:50.896481] [  5]  30.50-31.00  sec  49.2 KBytes   808 Kbits/sec  8.307 ms  388/424 (92%)  
[2024-05-27 11:54:50.896587] [  5]  31.00-31.50  sec  0.00 Bytes  0.00 bits/sec  8.307 ms  0/0 (0%)  
[2024-05-27 11:54:50.896698] [  5]  31.50-32.00  sec  0.00 Bytes  0.00 bits/sec  8.307 ms  0/0 (0%)  
[2024-05-27 11:54:50.896804] [  5]  32.00-32.50  sec  0.00 Bytes  0.00 bits/sec  8.307 ms  0/0 (0%)  
[2024-05-27 11:54:50.896904] [  5]  32.50-33.00  sec  0.00 Bytes  0.00 bits/sec  8.307 ms  0/0 (0%)  
[2024-05-27 11:54:50.897006] [  5]  33.00-33.50  sec  2.73 KBytes  44.8 Kbits/sec  408.036 ms  192471/192473 (1e+02%)  
[2024-05-27 11:54:50.897111] [  5]  33.50-34.00  sec  4.10 KBytes  67.3 Kbits/sec  878.257 ms  87/90 (97%)  
[2024-05-27 11:54:50.897216] [  5]  34.00-34.50  sec  1.37 KBytes  22.3 Kbits/sec  1075.585 ms  66/67 (99%)  
[2024-05-27 11:54:50.897317] [  5]  34.50-35.00  sec  0.00 Bytes  0.00 bits/sec  1075.585 ms  0/0 (0%)  
[2024-05-27 11:54:50.897421] [  5]  35.00-35.50  sec  1.37 KBytes  22.4 Kbits/sec  1350.264 ms  -1/0 (0%)  
[2024-05-27 11:54:50.897575] [  5]  35.50-36.00  sec  0.00 Bytes  0.00 bits/sec  1350.264 ms  0/0 (0%)  
[2024-05-27 11:54:50.897683] [  5]  36.00-36.50  sec  0.00 Bytes  0.00 bits/sec  1350.264 ms  0/0 (0%)  
[2024-05-27 11:54:50.897787] [  5]  36.50-37.00  sec  0.00 Bytes  0.00 bits/sec  1350.264 ms  0/0 (0%)  
[2024-05-27 11:54:50.897887] [  5]  37.00-37.50  sec  1.37 KBytes  22.4 Kbits/sec  1554.912 ms  87265/87266 (1e+02%)  
[2024-05-27 11:54:50.897988] [  5]  37.50-38.00  sec  0.00 Bytes  0.00 bits/sec  1554.912 ms  0/0 (0%)  
[2024-05-27 11:54:50.898091] [  5]  38.00-38.50  sec  0.00 Bytes  0.00 bits/sec  1554.912 ms  0/0 (0%)  
[2024-05-27 11:54:50.898194] [  5]  38.50-39.00  sec  0.00 Bytes  0.00 bits/sec  1554.912 ms  0/0 (0%)  
[2024-05-27 11:54:50.898295] [  5]  39.00-39.50  sec  0.00 Bytes  0.00 bits/sec  1554.912 ms  0/0 (0%)  
[2024-05-27 11:54:50.898398] [  5]  39.50-40.00  sec  0.00 Bytes  0.00 bits/sec  1554.912 ms  0/0 (0%)  
[2024-05-27 11:54:50.898504] [  5]  40.00-40.50  sec  0.00 Bytes  0.00 bits/sec  1554.912 ms  0/0 (0%)  
[2024-05-27 11:54:50.898605] [  5]  40.50-41.00  sec  0.00 Bytes  0.00 bits/sec  1554.912 ms  0/0 (0%)  
[2024-05-27 11:54:50.898710] [  5]  41.00-41.50  sec  0.00 Bytes  0.00 bits/sec  1554.912 ms  0/0 (0%)  
[2024-05-27 11:54:50.898814] [  5]  41.50-42.00  sec  0.00 Bytes  0.00 bits/sec  1554.912 ms  0/0 (0%)  
[2024-05-27 11:54:50.898981] [  5]  42.00-42.50  sec  1.37 KBytes  22.4 Kbits/sec  1793.118 ms  46/47 (98%)  
[2024-05-27 11:54:50.899098] [  5]  42.50-43.00  sec  8.20 KBytes   134 Kbits/sec  2247.182 ms  60/66 (91%)  
[2024-05-27 11:54:50.899202] [  5]  43.00-43.50  sec  2.73 KBytes  44.8 Kbits/sec  2341.368 ms  87/89 (98%)  
[2024-05-27 11:54:50.899304] [  5]  43.50-44.00  sec  0.00 Bytes  0.00 bits/sec  2341.368 ms  0/0 (0%)  
[2024-05-27 11:54:50.899404] [  5]  44.00-44.50  sec  0.00 Bytes  0.00 bits/sec  2341.368 ms  0/0 (0%)  
[2024-05-27 11:54:50.899503] [  5]  44.50-45.00  sec  0.00 Bytes  0.00 bits/sec  2341.368 ms  0/0 (0%)  
[2024-05-27 11:54:50.899604] [  5]  45.00-45.50  sec  0.00 Bytes  0.00 bits/sec  2341.368 ms  0/0 (0%)  
[2024-05-27 11:54:50.899703] [  5]  45.50-46.00  sec  0.00 Bytes  0.00 bits/sec  2341.368 ms  0/0 (0%)  
[2024-05-27 11:54:50.899804] [  5]  46.00-46.50  sec  0.00 Bytes  0.00 bits/sec  2341.368 ms  0/0 (0%)  
[2024-05-27 11:54:50.899907] [  5]  46.50-47.00  sec  0.00 Bytes  0.00 bits/sec  2341.368 ms  0/0 (0%)  
[2024-05-27 11:54:50.900007] [  5]  47.00-47.50  sec  0.00 Bytes  0.00 bits/sec  2341.368 ms  0/0 (0%)  
[2024-05-27 11:54:50.900105] [  5]  47.50-48.00  sec  0.00 Bytes  0.00 bits/sec  2341.368 ms  0/0 (0%)  
[2024-05-27 11:54:50.900203] [  5]  48.00-48.50  sec  0.00 Bytes  0.00 bits/sec  2341.368 ms  0/0 (0%)  
[2024-05-27 11:54:50.900303] [  5]  48.50-49.00  sec  0.00 Bytes  0.00 bits/sec  2341.368 ms  0/0 (0%)  
[2024-05-27 11:55:16.895134] [  5]  49.00-49.50  sec  0.00 Bytes  0.00 bits/sec  2341.368 ms  0/0 (0%)  
[2024-05-27 11:55:16.895580] [  5]  49.50-50.00  sec  0.00 Bytes  0.00 bits/sec  2341.368 ms  0/0 (0%)  
[2024-05-27 11:55:16.895713] [  5]  50.00-50.50  sec   197 KBytes  3.23 Mbits/sec  2.043 ms  671854/671998 (1e+02%)  
[2024-05-27 11:55:16.895825] [  5]  50.50-51.00  sec   558 KBytes  9.14 Mbits/sec  0.653 ms  -393/15 (-2.6e+03%)  
[2024-05-27 11:55:16.895928] [  5]  51.00-51.50  sec   767 KBytes  12.6 Mbits/sec  0.651 ms  -474/87 (-5.4e+02%)  
[2024-05-27 11:55:16.896031] [  5]  51.50-52.00  sec   868 KBytes  14.2 Mbits/sec  1.263 ms  14/649 (2.2%)  
[2024-05-27 11:55:16.896135] [  5]  52.00-52.50  sec   712 KBytes  11.7 Mbits/sec  1.308 ms  0/521 (0%)  
[2024-05-27 11:55:16.896236] [  5]  52.50-53.00  sec  1.25 MBytes  21.0 Mbits/sec  0.295 ms  0/937 (0%)  
[2024-05-27 11:55:16.896336] [  5]  53.00-53.50  sec  1.50 MBytes  25.2 Mbits/sec  0.661 ms  0/1125 (0%)  
[2024-05-27 11:55:16.896435] [  5]  53.50-54.00  sec  2.07 MBytes  34.7 Mbits/sec  0.040 ms  0/1549 (0%)  
[2024-05-27 11:55:16.896539] [  5]  54.00-54.50  sec  2.66 MBytes  44.6 Mbits/sec  0.182 ms  0/1989 (0%)  
[2024-05-27 11:55:16.896680] [  5]  54.50-55.00  sec  1.17 MBytes  19.6 Mbits/sec  0.933 ms  0/874 (0%)  
[2024-05-27 11:55:16.896783] [  5]  55.00-55.50  sec  1.23 MBytes  20.7 Mbits/sec  0.712 ms  0/923 (0%)  
[2024-05-27 11:55:16.896885] [  5]  55.50-56.00  sec  2.07 MBytes  34.7 Mbits/sec  0.578 ms  0/1550 (0%)  
[2024-05-27 11:55:16.896990] [  5]  56.00-56.50  sec  1.62 MBytes  27.1 Mbits/sec  0.685 ms  0/1211 (0%)  
[2024-05-27 11:55:16.897093] [  5]  56.50-57.00  sec   837 KBytes  13.7 Mbits/sec  1.355 ms  0/612 (0%)  
[2024-05-27 11:55:16.897191] [  5]  57.00-57.50  sec   443 KBytes  7.26 Mbits/sec  4.140 ms  0/324 (0%)  
[2024-05-27 11:55:16.897288] [  5]  57.50-58.00  sec   304 KBytes  4.97 Mbits/sec  1.006 ms  0/222 (0%)  
[2024-05-27 11:55:16.897386] [  5]  58.00-58.50  sec   703 KBytes  11.5 Mbits/sec  1.418 ms  0/514 (0%)  
[2024-05-27 11:55:16.897483] [  5]  58.50-59.00  sec   666 KBytes  10.9 Mbits/sec  0.379 ms  0/487 (0%)  
[2024-05-27 11:55:16.897583] [  5]  59.00-59.50  sec  1.15 MBytes  19.2 Mbits/sec  0.457 ms  50/908 (5.5%)  
[2024-05-27 11:55:16.897682] [  5]  59.50-60.00  sec  1.19 MBytes  20.0 Mbits/sec  0.362 ms  0/895 (0%)  
[2024-05-27 11:55:16.897780] [  5]  60.00-60.50  sec  1.02 MBytes  17.1 Mbits/sec  0.507 ms  0/764 (0%)  
[2024-05-27 11:55:16.897880] [  5]  60.50-61.00  sec   842 KBytes  13.8 Mbits/sec  0.718 ms  0/616 (0%)  
[2024-05-27 11:55:16.897980] [  5]  61.00-61.50  sec   900 KBytes  14.7 Mbits/sec  0.776 ms  0/658 (0%)  
[2024-05-27 11:55:16.898077] [  5]  61.50-62.00  sec   924 KBytes  15.1 Mbits/sec  0.319 ms  0/676 (0%)  
[2024-05-27 11:55:16.898176] [  5]  62.00-62.50  sec   777 KBytes  12.7 Mbits/sec  0.685 ms  0/568 (0%)  
[2024-05-27 11:55:16.898276] [  5]  62.50-63.00  sec   864 KBytes  14.2 Mbits/sec  1.067 ms  0/632 (0%)  
[2024-05-27 11:55:16.898374] [  5]  63.00-63.50  sec   622 KBytes  10.2 Mbits/sec  0.754 ms  0/455 (0%)  
[2024-05-27 11:55:16.898473] [  5]  63.50-64.00  sec   636 KBytes  10.4 Mbits/sec  0.746 ms  0/465 (0%)  
[2024-05-27 11:55:16.898573] [  5]  64.00-64.50  sec   439 KBytes  7.19 Mbits/sec  0.899 ms  0/321 (0%)  
[2024-05-27 11:55:16.898675] [  5]  64.50-65.00  sec   818 KBytes  13.4 Mbits/sec  1.119 ms  0/598 (0%)  
[2024-05-27 11:55:16.898775] [  5]  65.00-65.50  sec   748 KBytes  12.3 Mbits/sec  0.947 ms  0/547 (0%)  
[2024-05-27 11:55:16.898874] [  5]  65.50-66.00  sec   427 KBytes  6.99 Mbits/sec  1.446 ms  0/312 (0%)  
[2024-05-27 11:55:16.899062] [  5]  66.00-66.50  sec   641 KBytes  10.5 Mbits/sec  1.045 ms  0/469 (0%)  
[2024-05-27 11:55:16.899167] [  5]  66.50-67.00  sec   705 KBytes  11.6 Mbits/sec  1.358 ms  0/516 (0%)  
[2024-05-27 11:55:16.899268] [  5]  67.00-67.50  sec   942 KBytes  15.4 Mbits/sec  0.719 ms  30041/30730 (98%)  
[2024-05-27 11:55:16.899366] [  5]  67.50-68.00  sec   280 KBytes  4.59 Mbits/sec  5.787 ms  8232/8437 (98%)  
[2024-05-27 11:55:16.899466] [  5]  68.00-68.50  sec   577 KBytes  9.45 Mbits/sec  1.328 ms  14808/15230 (97%)  
[2024-05-27 11:55:16.899565] [  5]  68.50-69.00  sec   571 KBytes  9.36 Mbits/sec  1.533 ms  13875/14293 (97%)  
[2024-05-27 11:55:16.899662] [  5]  69.00-69.50  sec   480 KBytes  7.86 Mbits/sec  1.911 ms  13467/13818 (97%)  
[2024-05-27 11:55:16.899761] [  5]  69.50-70.00  sec  75.2 KBytes  1.23 Mbits/sec  5.140 ms  2161/2216 (98%)  
[2024-05-27 11:55:16.899858] [  5]  70.00-70.50  sec   123 KBytes  2.01 Mbits/sec  4.078 ms  6592/6682 (99%)  
[2024-05-27 11:55:16.899956] [  5]  70.50-71.00  sec   191 KBytes  3.14 Mbits/sec  10.365 ms  3463/3603 (96%)  
[2024-05-27 11:55:16.900053] [  5]  71.00-71.50  sec  19.1 KBytes   314 Kbits/sec  27.812 ms  0/14 (0%)  
[2024-05-27 11:55:16.900151] [  5]  71.50-72.00  sec  38.3 KBytes   628 Kbits/sec  19.039 ms  2154/2182 (99%)  
[2024-05-27 11:55:16.900252] [  5]  72.00-72.50  sec  68.4 KBytes  1.12 Mbits/sec  10.169 ms  2169/2219 (98%)  
[2024-05-27 11:55:16.900351] [  5]  72.50-73.00  sec  16.4 KBytes   269 Kbits/sec  23.544 ms  0/12 (0%)  
[2024-05-27 11:55:16.900448] [  5]  73.00-73.50  sec  12.3 KBytes   202 Kbits/sec  42.413 ms  0/9 (0%)  
[2024-05-27 11:55:16.900560] [  5]  73.50-74.00  sec  24.6 KBytes   403 Kbits/sec  30.405 ms  0/18 (0%)  
[2024-05-27 11:55:16.900661] [  5]  74.00-74.50  sec  83.4 KBytes  1.37 Mbits/sec  15.558 ms  2949/3010 (98%)  
[2024-05-27 11:55:16.900759] [  5]  74.50-75.00  sec  42.4 KBytes   694 Kbits/sec  14.782 ms  0/31 (0%)  
[2024-05-27 11:55:41.393138] [  5]  75.00-75.50  sec  27.3 KBytes   447 Kbits/sec  17.512 ms  0/20 (0%)  
[2024-05-27 11:55:41.393525] [  5]  75.50-76.00  sec  32.8 KBytes   539 Kbits/sec  25.993 ms  0/24 (0%)  
[2024-05-27 11:55:41.393673] [  5]  76.00-76.50  sec  20.5 KBytes   335 Kbits/sec  29.005 ms  0/15 (0%)  
[2024-05-27 11:55:41.393784] [  5]  76.50-77.00  sec  4.10 KBytes  67.2 Kbits/sec  37.814 ms  0/3 (0%)  
[2024-05-27 11:55:41.393887] [  5]  77.00-77.50  sec  1.37 KBytes  22.4 Kbits/sec  74.561 ms  0/1 (0%)  
[2024-05-27 11:55:41.393988] [  5]  77.50-78.00  sec  4.10 KBytes  67.2 Kbits/sec  83.226 ms  0/3 (0%)  
[2024-05-27 11:55:41.394087] [  5]  78.00-78.50  sec  2.73 KBytes  44.8 Kbits/sec  107.279 ms  0/2 (0%)  
[2024-05-27 11:55:41.394186] [  5]  78.50-79.00  sec  4.10 KBytes  67.2 Kbits/sec  130.661 ms  0/3 (0%)  
[2024-05-27 11:55:41.394286] [  5]  79.00-79.50  sec  1.37 KBytes  22.3 Kbits/sec  141.686 ms  0/1 (0%)  
[2024-05-27 11:55:41.394389] [  5]  79.50-80.00  sec   186 KBytes  3.05 Mbits/sec  1.024 ms  3901/4037 (97%)  
[2024-05-27 11:55:41.394490] [  5]  80.00-80.50  sec  1.17 MBytes  19.6 Mbits/sec  0.690 ms  16567/17441 (95%)  
[2024-05-27 11:55:41.394591] [  5]  80.50-81.00  sec  1.28 MBytes  21.5 Mbits/sec  0.482 ms  14987/15947 (94%)  
[2024-05-27 11:55:41.394688] [  5]  81.00-81.50  sec  1.56 MBytes  26.2 Mbits/sec  0.784 ms  14207/15376 (92%)  
[2024-05-27 11:55:41.394785] [  5]  81.50-82.00  sec  1.62 MBytes  27.1 Mbits/sec  0.503 ms  12111/13323 (91%)  
[2024-05-27 11:55:41.394987] [  5]  82.00-82.50  sec  1.46 MBytes  24.4 Mbits/sec  0.798 ms  13946/15036 (93%)  
[2024-05-27 11:55:41.395097] [  5]  82.50-83.00  sec  1.32 MBytes  22.2 Mbits/sec  0.871 ms  25472/26464 (96%)  
[2024-05-27 11:55:41.395227] [  5]  83.00-83.50  sec   390 KBytes  6.38 Mbits/sec  2.887 ms  8589/8874 (97%)  
[2024-05-27 11:55:41.395328] [  5]  83.50-84.00  sec   576 KBytes  9.43 Mbits/sec  1.507 ms  8533/8954 (95%)  
[2024-05-27 11:55:41.395428] [  5]  84.00-84.50  sec   365 KBytes  5.98 Mbits/sec  0.977 ms  4219/4486 (94%)  
[2024-05-27 11:55:41.395526] [  5]  84.50-85.00  sec  1.75 MBytes  29.3 Mbits/sec  0.696 ms  14704/16013 (92%)  
[2024-05-27 11:55:41.395625] [  5]  85.00-85.50  sec  1.29 MBytes  21.7 Mbits/sec  1.479 ms  18697/19666 (95%)  
[2024-05-27 11:55:41.395740] [  5]  85.50-86.00  sec   924 KBytes  15.1 Mbits/sec  1.528 ms  24389/25065 (97%)  
[2024-05-27 11:55:41.395838] [  5]  86.00-86.50  sec   960 KBytes  15.7 Mbits/sec  1.716 ms  52269/52971 (99%)  
[2024-05-27 11:55:41.395935] [  5]  86.50-87.00  sec  2.03 MBytes  34.0 Mbits/sec  0.230 ms  48159/49679 (97%)  
[2024-05-27 11:55:41.396033] [  5]  87.00-87.50  sec  1.00 MBytes  16.8 Mbits/sec  0.683 ms  19387/20136 (96%)  
[2024-05-27 11:55:41.396133] [  5]  87.50-88.00  sec   685 KBytes  11.2 Mbits/sec  1.073 ms  12819/13320 (96%)  
[2024-05-27 11:55:41.396232] [  5]  88.00-88.50  sec  1.03 MBytes  17.2 Mbits/sec  1.443 ms  23773/24542 (97%)  
[2024-05-27 11:55:41.396333] [  5]  88.50-89.00  sec  1.36 MBytes  22.8 Mbits/sec  0.665 ms  32472/33489 (97%)  
[2024-05-27 11:55:41.396435] [  5]  89.00-89.50  sec  2.73 MBytes  45.8 Mbits/sec  1.827 ms  73837/75880 (97%)  
[2024-05-27 11:55:41.396533] [  5]  89.50-90.00  sec  2.32 MBytes  39.0 Mbits/sec  0.336 ms  81756/83495 (98%)  
[2024-05-27 11:55:41.396632] [  5]  90.00-90.50  sec  2.12 MBytes  35.6 Mbits/sec  0.887 ms  76988/78579 (98%)  
[2024-05-27 11:55:41.396746] [  5]  90.50-91.00  sec  1.16 MBytes  19.5 Mbits/sec  0.235 ms  29061/29932 (97%)  
[2024-05-27 11:55:41.396844] [  5]  91.00-91.50  sec  3.04 MBytes  51.0 Mbits/sec  0.208 ms  546359/548634 (1e+02%)  
[2024-05-27 11:55:41.397001] [  5]  91.50-92.00  sec  1.99 MBytes  33.4 Mbits/sec  1.524 ms  51003/52492 (97%)  
[2024-05-27 11:55:41.397185] [  5]  92.00-92.50  sec  1.15 MBytes  19.2 Mbits/sec  0.877 ms  14804/15662 (95%)  
[2024-05-27 11:55:41.397285] [  5]  92.50-93.00  sec  1.47 MBytes  24.6 Mbits/sec  0.844 ms  20822/21922 (95%)  
[2024-05-27 11:55:41.397384] [  5]  93.00-93.50  sec   667 KBytes  10.9 Mbits/sec  0.656 ms  7624/8112 (94%)  
[2024-05-27 11:55:41.397486] [  5]  93.50-94.00  sec  1.16 MBytes  19.5 Mbits/sec  1.644 ms  16917/17789 (95%)  
[2024-05-27 11:55:41.397584] [  5]  94.00-94.50  sec   778 KBytes  12.7 Mbits/sec  2.638 ms  8958/9527 (94%)  
[2024-05-27 11:55:41.397682] [  5]  94.50-95.00  sec   288 KBytes  4.73 Mbits/sec  2.949 ms  1988/2199 (90%)  
[2024-05-27 11:55:41.397781] [  5]  95.00-95.50  sec   902 KBytes  14.8 Mbits/sec  2.319 ms  22379/23039 (97%)  
[2024-05-27 11:55:41.397878] [  5]  95.50-96.00  sec  2.23 MBytes  37.4 Mbits/sec  2.321 ms  75528/77198 (98%)  
[2024-05-27 11:55:41.397978] [  5]  96.00-96.50  sec  1.96 MBytes  32.9 Mbits/sec  0.428 ms  27615/29083 (95%)  
[2024-05-27 11:55:41.398077] [  5]  96.50-97.00  sec  1.44 MBytes  24.2 Mbits/sec  0.836 ms  36851/37929 (97%)  
[2024-05-27 11:55:41.398475] [  5]  97.00-97.50  sec   911 KBytes  14.9 Mbits/sec  2.482 ms  13086/13752 (95%)  
[2024-05-27 11:55:41.398573] [  5]  97.50-98.00  sec   592 KBytes  9.70 Mbits/sec  3.022 ms  8114/8547 (95%)  
[2024-05-27 11:55:41.398943] [  5]  98.00-98.50  sec   603 KBytes  9.88 Mbits/sec  0.520 ms  1957/2398 (82%)  
[2024-05-27 11:55:41.399112] [  5]  98.50-99.00  sec   964 KBytes  15.8 Mbits/sec  0.197 ms  14837/15542 (95%)  
[2024-05-27 11:55:41.399212] [  5]  99.00-99.50  sec  1.34 MBytes  22.6 Mbits/sec  0.603 ms  36889/37896 (97%)  
[2024-05-27 11:55:44.618742] [  5]  99.50-100.00 sec  1.87 MBytes  31.4 Mbits/sec  0.605 ms  36540/37941 (96%)  
[2024-05-27 11:55:44.619194] [  5] 100.00-100.50 sec  2.67 MBytes  44.7 Mbits/sec  0.705 ms  20560/22557 (91%)  
[2024-05-27 11:55:44.619367] [  5] 100.50-101.00 sec  1.56 MBytes  26.2 Mbits/sec  0.749 ms  12090/13261 (91%)  
[2024-05-27 11:55:44.619490] [  5] 101.00-101.50 sec  1.38 MBytes  23.1 Mbits/sec  0.736 ms  14028/15059 (93%)  
[2024-05-27 11:55:44.619629] [  5] 101.50-102.00 sec  1.92 MBytes  32.1 Mbits/sec  0.208 ms  18683/20118 (93%)  
[2024-05-27 11:55:44.619768] [  5] 102.00-102.50 sec  1.63 MBytes  27.4 Mbits/sec  0.232 ms  24316/25538 (95%)  
[2024-05-27 11:55:44.619869] [  5] 102.50-103.00 sec  1.94 MBytes  32.5 Mbits/sec  0.685 ms  11932/13384 (89%)  
[2024-05-27 11:55:44.619971] [  5] 103.00-103.23 sec  1.05 MBytes  39.2 Mbits/sec  0.253 ms  8191/8981 (91%)  
[2024-05-27 11:55:44.620070] - - - - - - - - - - - - - - - - - - - - - - - - -
[2024-05-27 11:55:44.620670] [ ID] Interval           Transfer     Bitrate         Jitter    Lost/Total Datagrams
[2024-05-27 11:55:44.620772] [  5]   0.00-103.23 sec  0.00 Bytes  0.00 bits/sec  0.000 ms  0/0 (0%)  sender
[2024-05-27 11:55:44.620872] [SUM]  0.0-103.2 sec  4339 datagrams received out-of-order
[2024-05-27 11:55:44.620972] [  5]   0.00-103.23 sec   397 MBytes  32.2 Mbits/sec  0.253 ms  5414644/5711710 (95%)  receiver
End time: 1716825344645
