Starting to pull status data from dish...
request data from dish at 2024-05-27T14:35:19.759441-04:00
receive json data from dish at 2024-05-27T14:35:20.001233-04:00
Sleeping for 0.1 seconds ...
request data from dish at 2024-05-27T14:35:20.154920-04:00
receive json data from dish at 2024-05-27T14:35:20.368349-04:00
Sleeping for 0.1 seconds ...
request data from dish at 2024-05-27T14:35:20.524564-04:00
receive json data from dish at 2024-05-27T14:35:20.820602-04:00
Sleeping for 0.1 seconds ...
request data from dish at 2024-05-27T14:35:20.972327-04:00
receive json data from dish at 2024-05-27T14:35:21.160737-04:00
Sleeping for 0.1 seconds ...
request data from dish at 2024-05-27T14:35:21.309631-04:00
receive json data from dish at 2024-05-27T14:35:21.495305-04:00
Sleeping for 0.1 seconds ...
request data from dish at 2024-05-27T14:35:21.651450-04:00
receive json data from dish at 2024-05-27T14:35:22.015214-04:00
Sleeping for 0.1 seconds ...
request data from dish at 2024-05-27T14:35:22.169828-04:00
receive json data from dish at 2024-05-27T14:35:22.379934-04:00
Sleeping for 0.1 seconds ...
request data from dish at 2024-05-27T14:35:22.539792-04:00
receive json data from dish at 2024-05-27T14:35:22.785371-04:00
Sleeping for 0.1 seconds ...
request data from dish at 2024-05-27T14:35:22.944524-04:00
receive json data from dish at 2024-05-27T14:35:23.111842-04:00
Sleeping for 0.1 seconds ...
request data from dish at 2024-05-27T14:35:23.274742-04:00
receive json data from dish at 2024-05-27T14:35:23.519610-04:00
Sleeping for 0.1 seconds ...
request data from dish at 2024-05-27T14:35:23.675086-04:00
receive json data from dish at 2024-05-27T14:35:23.965821-04:00
Sleeping for 0.1 seconds ...
request data from dish at 2024-05-27T14:35:24.123105-04:00
receive json data from dish at 2024-05-27T14:35:24.330881-04:00
Sleeping for 0.1 seconds ...
request data from dish at 2024-05-27T14:35:24.490066-04:00
receive json data from dish at 2024-05-27T14:35:24.723695-04:00
Sleeping for 0.1 seconds ...
request data from dish at 2024-05-27T14:35:24.888289-04:00
receive json data from dish at 2024-05-27T14:35:25.071858-04:00
Sleeping for 0.1 seconds ...
request data from dish at 2024-05-27T14:35:25.235291-04:00
receive json data from dish at 2024-05-27T14:35:25.409363-04:00
Sleeping for 0.1 seconds ...
request data from dish at 2024-05-27T14:35:25.556935-04:00
receive json data from dish at 2024-05-27T14:35:25.803119-04:00
Sleeping for 0.1 seconds ...
request data from dish at 2024-05-27T14:35:25.965104-04:00
receive json data from dish at 2024-05-27T14:35:26.139069-04:00
Sleeping for 0.1 seconds ...
request data from dish at 2024-05-27T14:35:26.296716-04:00
receive json data from dish at 2024-05-27T14:35:26.466311-04:00
Sleeping for 0.1 seconds ...
request data from dish at 2024-05-27T14:35:26.615648-04:00
receive json data from dish at 2024-05-27T14:35:26.919638-04:00
Sleeping for 0.1 seconds ...
request data from dish at 2024-05-27T14:35:27.072792-04:00
receive json data from dish at 2024-05-27T14:35:27.254397-04:00
Sleeping for 0.1 seconds ...
request data from dish at 2024-05-27T14:35:27.417954-04:00
receive json data from dish at 2024-05-27T14:35:27.636266-04:00
Sleeping for 0.1 seconds ...
request data from dish at 2024-05-27T14:35:27.798547-04:00
receive json data from dish at 2024-05-27T14:35:28.037425-04:00
Sleeping for 0.1 seconds ...
request data from dish at 2024-05-27T14:35:28.189252-04:00
receive json data from dish at 2024-05-27T14:35:28.376024-04:00
Sleeping for 0.1 seconds ...
request data from dish at 2024-05-27T14:35:28.530333-04:00
receive json data from dish at 2024-05-27T14:35:28.921558-04:00
Sleeping for 0.1 seconds ...
request data from dish at 2024-05-27T14:35:29.080653-04:00
receive json data from dish at 2024-05-27T14:35:29.282509-04:00
Sleeping for 0.1 seconds ...
request data from dish at 2024-05-27T14:35:29.448053-04:00
receive json data from dish at 2024-05-27T14:35:29.665005-04:00
Sleeping for 0.1 seconds ...
request data from dish at 2024-05-27T14:35:29.837719-04:00
receive json data from dish at 2024-05-27T14:35:30.043127-04:00
Sleeping for 0.1 seconds ...
request data from dish at 2024-05-27T14:35:30.231888-04:00
receive json data from dish at 2024-05-27T14:35:30.505243-04:00
Sleeping for 0.1 seconds ...
request data from dish at 2024-05-27T14:35:30.702195-04:00
receive json data from dish at 2024-05-27T14:35:31.005408-04:00
Sleeping for 0.1 seconds ...
request data from dish at 2024-05-27T14:35:31.177129-04:00
receive json data from dish at 2024-05-27T14:35:31.492537-04:00
Sleeping for 0.1 seconds ...
request data from dish at 2024-05-27T14:35:31.642984-04:00
receive json data from dish at 2024-05-27T14:35:32.034490-04:00
Sleeping for 0.1 seconds ...
request data from dish at 2024-05-27T14:35:32.188282-04:00
receive json data from dish at 2024-05-27T14:35:32.431707-04:00
Sleeping for 0.1 seconds ...
request data from dish at 2024-05-27T14:35:32.582732-04:00
receive json data from dish at 2024-05-27T14:35:32.980575-04:00
Sleeping for 0.1 seconds ...
request data from dish at 2024-05-27T14:35:33.135757-04:00
receive json data from dish at 2024-05-27T14:35:33.435007-04:00
Sleeping for 0.1 seconds ...
request data from dish at 2024-05-27T14:35:33.586434-04:00
receive json data from dish at 2024-05-27T14:35:34.111653-04:00
Sleeping for 0.1 seconds ...
request data from dish at 2024-05-27T14:35:34.266637-04:00
receive json data from dish at 2024-05-27T14:35:34.441731-04:00
Sleeping for 0.1 seconds ...
request data from dish at 2024-05-27T14:35:34.594686-04:00
receive json data from dish at 2024-05-27T14:35:34.938178-04:00
Sleeping for 0.1 seconds ...
request data from dish at 2024-05-27T14:35:35.085758-04:00
receive json data from dish at 2024-05-27T14:35:35.312862-04:00
Sleeping for 0.1 seconds ...
request data from dish at 2024-05-27T14:35:35.466743-04:00
receive json data from dish at 2024-05-27T14:35:35.675156-04:00
Sleeping for 0.1 seconds ...
request data from dish at 2024-05-27T14:35:35.823491-04:00
receive json data from dish at 2024-05-27T14:35:36.008224-04:00
Sleeping for 0.1 seconds ...
request data from dish at 2024-05-27T14:35:36.161342-04:00
receive json data from dish at 2024-05-27T14:35:36.379417-04:00
Sleeping for 0.1 seconds ...
request data from dish at 2024-05-27T14:35:36.532990-04:00
receive json data from dish at 2024-05-27T14:35:36.936517-04:00
Sleeping for 0.1 seconds ...
request data from dish at 2024-05-27T14:35:37.099138-04:00
receive json data from dish at 2024-05-27T14:35:37.283222-04:00
Sleeping for 0.1 seconds ...
request data from dish at 2024-05-27T14:35:37.443373-04:00
receive json data from dish at 2024-05-27T14:35:37.657893-04:00
Sleeping for 0.1 seconds ...
request data from dish at 2024-05-27T14:35:37.809466-04:00
receive json data from dish at 2024-05-27T14:35:38.040004-04:00
Sleeping for 0.1 seconds ...
request data from dish at 2024-05-27T14:35:38.191839-04:00
receive json data from dish at 2024-05-27T14:35:38.415987-04:00
Sleeping for 0.1 seconds ...
request data from dish at 2024-05-27T14:35:38.566609-04:00
receive json data from dish at 2024-05-27T14:35:38.774076-04:00
Sleeping for 0.1 seconds ...
request data from dish at 2024-05-27T14:35:38.930119-04:00
receive json data from dish at 2024-05-27T14:35:39.114285-04:00
Sleeping for 0.1 seconds ...
request data from dish at 2024-05-27T14:35:39.267065-04:00
receive json data from dish at 2024-05-27T14:35:39.500494-04:00
Sleeping for 0.1 seconds ...
request data from dish at 2024-05-27T14:35:39.657326-04:00
receive json data from dish at 2024-05-27T14:35:39.938713-04:00
Sleeping for 0.1 seconds ...
request data from dish at 2024-05-27T14:35:40.097360-04:00
receive json data from dish at 2024-05-27T14:35:40.273512-04:00
Sleeping for 0.1 seconds ...
request data from dish at 2024-05-27T14:35:40.431721-04:00
receive json data from dish at 2024-05-27T14:35:40.659046-04:00
Sleeping for 0.1 seconds ...
request data from dish at 2024-05-27T14:35:40.813125-04:00
receive json data from dish at 2024-05-27T14:35:41.067070-04:00
Sleeping for 0.1 seconds ...
request data from dish at 2024-05-27T14:35:41.221669-04:00
receive json data from dish at 2024-05-27T14:35:41.418851-04:00
Sleeping for 0.1 seconds ...
request data from dish at 2024-05-27T14:35:41.578854-04:00
receive json data from dish at 2024-05-27T14:35:41.817273-04:00
Sleeping for 0.1 seconds ...
request data from dish at 2024-05-27T14:35:41.966136-04:00
receive json data from dish at 2024-05-27T14:35:42.162187-04:00
Sleeping for 0.1 seconds ...
request data from dish at 2024-05-27T14:35:42.311638-04:00
receive json data from dish at 2024-05-27T14:35:42.474814-04:00
Sleeping for 0.1 seconds ...
request data from dish at 2024-05-27T14:35:42.634481-04:00
receive json data from dish at 2024-05-27T14:35:42.914431-04:00
Sleeping for 0.1 seconds ...
request data from dish at 2024-05-27T14:35:43.067763-04:00
receive json data from dish at 2024-05-27T14:35:43.250203-04:00
Sleeping for 0.1 seconds ...
request data from dish at 2024-05-27T14:35:43.400848-04:00
receive json data from dish at 2024-05-27T14:35:43.673765-04:00
Sleeping for 0.1 seconds ...
request data from dish at 2024-05-27T14:35:43.826390-04:00
receive json data from dish at 2024-05-27T14:35:44.035691-04:00
Sleeping for 0.1 seconds ...
request data from dish at 2024-05-27T14:35:44.192812-04:00
receive json data from dish at 2024-05-27T14:35:44.417834-04:00
Sleeping for 0.1 seconds ...
request data from dish at 2024-05-27T14:35:44.576219-04:00
receive json data from dish at 2024-05-27T14:35:44.801987-04:00
Sleeping for 0.1 seconds ...
request data from dish at 2024-05-27T14:35:44.960131-04:00
receive json data from dish at 2024-05-27T14:35:45.193953-04:00
Sleeping for 0.1 seconds ...
request data from dish at 2024-05-27T14:35:45.350707-04:00
receive json data from dish at 2024-05-27T14:35:45.558803-04:00
Sleeping for 0.1 seconds ...
request data from dish at 2024-05-27T14:35:45.716083-04:00
receive json data from dish at 2024-05-27T14:35:45.970510-04:00
Sleeping for 0.1 seconds ...
request data from dish at 2024-05-27T14:35:46.120156-04:00
receive json data from dish at 2024-05-27T14:35:46.299014-04:00
Sleeping for 0.1 seconds ...
request data from dish at 2024-05-27T14:35:46.452480-04:00
receive json data from dish at 2024-05-27T14:35:46.711239-04:00
Sleeping for 0.1 seconds ...
request data from dish at 2024-05-27T14:35:46.863829-04:00
receive json data from dish at 2024-05-27T14:35:47.030397-04:00
Sleeping for 0.1 seconds ...
request data from dish at 2024-05-27T14:35:47.184377-04:00
receive json data from dish at 2024-05-27T14:35:47.379827-04:00
Sleeping for 0.1 seconds ...
request data from dish at 2024-05-27T14:35:47.534987-04:00
receive json data from dish at 2024-05-27T14:35:47.773398-04:00
Sleeping for 0.1 seconds ...
request data from dish at 2024-05-27T14:35:47.928066-04:00
receive json data from dish at 2024-05-27T14:35:48.164331-04:00
Sleeping for 0.1 seconds ...
request data from dish at 2024-05-27T14:35:48.315316-04:00
receive json data from dish at 2024-05-27T14:35:48.490172-04:00
Sleeping for 0.1 seconds ...
request data from dish at 2024-05-27T14:35:48.647588-04:00
receive json data from dish at 2024-05-27T14:35:48.910560-04:00
Sleeping for 0.1 seconds ...
request data from dish at 2024-05-27T14:35:49.061726-04:00
receive json data from dish at 2024-05-27T14:35:49.329678-04:00
Sleeping for 0.1 seconds ...
request data from dish at 2024-05-27T14:35:49.487588-04:00
receive json data from dish at 2024-05-27T14:35:49.977663-04:00
Sleeping for 0.1 seconds ...
request data from dish at 2024-05-27T14:35:50.134150-04:00
receive json data from dish at 2024-05-27T14:35:50.408427-04:00
Sleeping for 0.1 seconds ...
request data from dish at 2024-05-27T14:35:50.570395-04:00
receive json data from dish at 2024-05-27T14:35:50.965829-04:00
Sleeping for 0.1 seconds ...
request data from dish at 2024-05-27T14:35:51.121455-04:00
receive json data from dish at 2024-05-27T14:35:51.409849-04:00
Sleeping for 0.1 seconds ...
request data from dish at 2024-05-27T14:35:51.571374-04:00
receive json data from dish at 2024-05-27T14:35:52.069363-04:00
Sleeping for 0.1 seconds ...
request data from dish at 2024-05-27T14:35:52.214581-04:00
receive json data from dish at 2024-05-27T14:35:52.396188-04:00
Sleeping for 0.1 seconds ...
request data from dish at 2024-05-27T14:35:52.552422-04:00
receive json data from dish at 2024-05-27T14:35:52.777836-04:00
Sleeping for 0.1 seconds ...
request data from dish at 2024-05-27T14:35:52.926976-04:00
receive json data from dish at 2024-05-27T14:35:53.094130-04:00
Sleeping for 0.1 seconds ...
request data from dish at 2024-05-27T14:35:53.247572-04:00
receive json data from dish at 2024-05-27T14:35:53.391775-04:00
Sleeping for 0.1 seconds ...
request data from dish at 2024-05-27T14:35:53.542965-04:00
receive json data from dish at 2024-05-27T14:35:53.770095-04:00
Sleeping for 0.1 seconds ...
request data from dish at 2024-05-27T14:35:53.921413-04:00
receive json data from dish at 2024-05-27T14:35:54.154077-04:00
Sleeping for 0.1 seconds ...
request data from dish at 2024-05-27T14:35:54.311275-04:00
receive json data from dish at 2024-05-27T14:35:54.499901-04:00
Sleeping for 0.1 seconds ...
request data from dish at 2024-05-27T14:35:54.647041-04:00
receive json data from dish at 2024-05-27T14:35:54.951619-04:00
Sleeping for 0.1 seconds ...
request data from dish at 2024-05-27T14:35:55.105441-04:00
receive json data from dish at 2024-05-27T14:35:55.435372-04:00
Sleeping for 0.1 seconds ...
request data from dish at 2024-05-27T14:35:55.591414-04:00
receive json data from dish at 2024-05-27T14:35:56.035097-04:00
Sleeping for 0.1 seconds ...
request data from dish at 2024-05-27T14:35:56.196062-04:00
receive json data from dish at 2024-05-27T14:35:56.492619-04:00
Sleeping for 0.1 seconds ...
request data from dish at 2024-05-27T14:35:56.646221-04:00
receive json data from dish at 2024-05-27T14:35:57.080910-04:00
Sleeping for 0.1 seconds ...
request data from dish at 2024-05-27T14:35:57.230423-04:00
receive json data from dish at 2024-05-27T14:35:57.523545-04:00
Sleeping for 0.1 seconds ...
request data from dish at 2024-05-27T14:35:57.681389-04:00
receive json data from dish at 2024-05-27T14:35:58.097107-04:00
Sleeping for 0.1 seconds ...
request data from dish at 2024-05-27T14:35:58.249616-04:00
receive json data from dish at 2024-05-27T14:35:58.433035-04:00
Sleeping for 0.1 seconds ...
request data from dish at 2024-05-27T14:35:58.586124-04:00
receive json data from dish at 2024-05-27T14:35:58.795430-04:00
Sleeping for 0.1 seconds ...
request data from dish at 2024-05-27T14:35:58.948334-04:00
receive json data from dish at 2024-05-27T14:35:59.146633-04:00
Sleeping for 0.1 seconds ...
request data from dish at 2024-05-27T14:35:59.312027-04:00
receive json data from dish at 2024-05-27T14:35:59.516802-04:00
Sleeping for 0.1 seconds ...
request data from dish at 2024-05-27T14:35:59.671341-04:00
receive json data from dish at 2024-05-27T14:35:59.977276-04:00
Sleeping for 0.1 seconds ...
request data from dish at 2024-05-27T14:36:00.136631-04:00
receive json data from dish at 2024-05-27T14:36:00.320848-04:00
Sleeping for 0.1 seconds ...
request data from dish at 2024-05-27T14:36:00.474578-04:00
receive json data from dish at 2024-05-27T14:36:00.698513-04:00
Sleeping for 0.1 seconds ...
request data from dish at 2024-05-27T14:36:00.853973-04:00
receive json data from dish at 2024-05-27T14:36:01.041016-04:00
Sleeping for 0.1 seconds ...
request data from dish at 2024-05-27T14:36:01.208118-04:00
receive json data from dish at 2024-05-27T14:36:01.355555-04:00
Sleeping for 0.1 seconds ...
request data from dish at 2024-05-27T14:36:01.508330-04:00
receive json data from dish at 2024-05-27T14:36:01.793374-04:00
Sleeping for 0.1 seconds ...
request data from dish at 2024-05-27T14:36:01.956139-04:00
receive json data from dish at 2024-05-27T14:36:02.136241-04:00
Sleeping for 0.1 seconds ...
request data from dish at 2024-05-27T14:36:02.285320-04:00
receive json data from dish at 2024-05-27T14:36:02.475747-04:00
Sleeping for 0.1 seconds ...
request data from dish at 2024-05-27T14:36:02.641375-04:00
receive json data from dish at 2024-05-27T14:36:03.001959-04:00
Sleeping for 0.1 seconds ...
request data from dish at 2024-05-27T14:36:03.164462-04:00
receive json data from dish at 2024-05-27T14:36:03.375164-04:00
Sleeping for 0.1 seconds ...
request data from dish at 2024-05-27T14:36:03.538126-04:00
receive json data from dish at 2024-05-27T14:36:03.792935-04:00
Sleeping for 0.1 seconds ...
request data from dish at 2024-05-27T14:36:03.949991-04:00
receive json data from dish at 2024-05-27T14:36:04.160416-04:00
Sleeping for 0.1 seconds ...
request data from dish at 2024-05-27T14:36:04.324064-04:00
receive json data from dish at 2024-05-27T14:36:04.516703-04:00
Sleeping for 0.1 seconds ...
request data from dish at 2024-05-27T14:36:04.680353-04:00
receive json data from dish at 2024-05-27T14:36:04.979165-04:00
Sleeping for 0.1 seconds ...
request data from dish at 2024-05-27T14:36:05.130727-04:00
receive json data from dish at 2024-05-27T14:36:05.313461-04:00
Sleeping for 0.1 seconds ...
request data from dish at 2024-05-27T14:36:05.462252-04:00
receive json data from dish at 2024-05-27T14:36:05.785739-04:00
Sleeping for 0.1 seconds ...
request data from dish at 2024-05-27T14:36:05.942385-04:00
receive json data from dish at 2024-05-27T14:36:06.144732-04:00
Sleeping for 0.1 seconds ...
request data from dish at 2024-05-27T14:36:06.295264-04:00
receive json data from dish at 2024-05-27T14:36:06.476352-04:00
Sleeping for 0.1 seconds ...
request data from dish at 2024-05-27T14:36:06.634282-04:00
receive json data from dish at 2024-05-27T14:36:06.935128-04:00
Sleeping for 0.1 seconds ...
request data from dish at 2024-05-27T14:36:07.091745-04:00
receive json data from dish at 2024-05-27T14:36:07.325633-04:00
Sleeping for 0.1 seconds ...
request data from dish at 2024-05-27T14:36:07.483262-04:00
receive json data from dish at 2024-05-27T14:36:07.696610-04:00
Sleeping for 0.1 seconds ...
request data from dish at 2024-05-27T14:36:07.858245-04:00
receive json data from dish at 2024-05-27T14:36:08.032163-04:00
Sleeping for 0.1 seconds ...
request data from dish at 2024-05-27T14:36:08.185745-04:00
receive json data from dish at 2024-05-27T14:36:08.410385-04:00
Sleeping for 0.1 seconds ...
request data from dish at 2024-05-27T14:36:08.568408-04:00
receive json data from dish at 2024-05-27T14:36:08.922226-04:00
Sleeping for 0.1 seconds ...
request data from dish at 2024-05-27T14:36:09.079898-04:00
receive json data from dish at 2024-05-27T14:36:09.276161-04:00
Sleeping for 0.1 seconds ...
request data from dish at 2024-05-27T14:36:09.443572-04:00
receive json data from dish at 2024-05-27T14:36:09.659283-04:00
Sleeping for 0.1 seconds ...
request data from dish at 2024-05-27T14:36:09.819414-04:00
receive json data from dish at 2024-05-27T14:36:10.098745-04:00
Sleeping for 0.1 seconds ...
request data from dish at 2024-05-27T14:36:10.249077-04:00
receive json data from dish at 2024-05-27T14:36:10.638315-04:00
Sleeping for 0.1 seconds ...
request data from dish at 2024-05-27T14:36:10.799454-04:00
receive json data from dish at 2024-05-27T14:36:11.291157-04:00
Sleeping for 0.1 seconds ...
request data from dish at 2024-05-27T14:36:11.450138-04:00
receive json data from dish at 2024-05-27T14:36:11.912920-04:00
Sleeping for 0.1 seconds ...
request data from dish at 2024-05-27T14:36:12.071620-04:00
receive json data from dish at 2024-05-27T14:36:12.401506-04:00
Sleeping for 0.1 seconds ...
request data from dish at 2024-05-27T14:36:12.552799-04:00
receive json data from dish at 2024-05-27T14:36:13.020113-04:00
Sleeping for 0.1 seconds ...
request data from dish at 2024-05-27T14:36:13.187036-04:00
receive json data from dish at 2024-05-27T14:36:13.423038-04:00
Sleeping for 0.1 seconds ...
request data from dish at 2024-05-27T14:36:13.581821-04:00
receive json data from dish at 2024-05-27T14:36:13.940003-04:00
Sleeping for 0.1 seconds ...
request data from dish at 2024-05-27T14:36:14.099530-04:00
receive json data from dish at 2024-05-27T14:36:14.307919-04:00
Sleeping for 0.1 seconds ...
request data from dish at 2024-05-27T14:36:14.466674-04:00
receive json data from dish at 2024-05-27T14:36:14.676274-04:00
Sleeping for 0.1 seconds ...
request data from dish at 2024-05-27T14:36:14.833336-04:00
receive json data from dish at 2024-05-27T14:36:15.044912-04:00
Sleeping for 0.1 seconds ...
request data from dish at 2024-05-27T14:36:15.203828-04:00
receive json data from dish at 2024-05-27T14:36:15.376540-04:00
Sleeping for 0.1 seconds ...
request data from dish at 2024-05-27T14:36:15.538385-04:00
receive json data from dish at 2024-05-27T14:36:15.802522-04:00
Sleeping for 0.1 seconds ...
request data from dish at 2024-05-27T14:36:15.965042-04:00
receive json data from dish at 2024-05-27T14:36:16.301217-04:00
Sleeping for 0.1 seconds ...
request data from dish at 2024-05-27T14:36:16.457659-04:00
receive json data from dish at 2024-05-27T14:36:16.802860-04:00
Sleeping for 0.1 seconds ...
request data from dish at 2024-05-27T14:36:16.960869-04:00
receive json data from dish at 2024-05-27T14:36:17.378410-04:00
Sleeping for 0.1 seconds ...
request data from dish at 2024-05-27T14:36:17.538336-04:00
receive json data from dish at 2024-05-27T14:36:18.033274-04:00
Sleeping for 0.1 seconds ...
request data from dish at 2024-05-27T14:36:18.186761-04:00
receive json data from dish at 2024-05-27T14:36:18.648223-04:00
Sleeping for 0.1 seconds ...
request data from dish at 2024-05-27T14:36:18.808462-04:00
receive json data from dish at 2024-05-27T14:36:19.134134-04:00
Sleeping for 0.1 seconds ...
request data from dish at 2024-05-27T14:36:19.290089-04:00
receive json data from dish at 2024-05-27T14:36:19.461647-04:00
Sleeping for 0.1 seconds ...
request data from dish at 2024-05-27T14:36:19.617892-04:00
receive json data from dish at 2024-05-27T14:36:19.996889-04:00
Sleeping for 0.1 seconds ...
request data from dish at 2024-05-27T14:36:20.156479-04:00
receive json data from dish at 2024-05-27T14:36:20.364364-04:00
Sleeping for 0.1 seconds ...
request data from dish at 2024-05-27T14:36:20.515055-04:00
receive json data from dish at 2024-05-27T14:36:20.716455-04:00
Sleeping for 0.1 seconds ...
request data from dish at 2024-05-27T14:36:20.880516-04:00
receive json data from dish at 2024-05-27T14:36:21.072403-04:00
Sleeping for 0.1 seconds ...
request data from dish at 2024-05-27T14:36:21.236512-04:00
receive json data from dish at 2024-05-27T14:36:21.416965-04:00
Sleeping for 0.1 seconds ...
request data from dish at 2024-05-27T14:36:21.564410-04:00
receive json data from dish at 2024-05-27T14:36:21.795874-04:00
Sleeping for 0.1 seconds ...
request data from dish at 2024-05-27T14:36:21.951787-04:00
receive json data from dish at 2024-05-27T14:36:22.236370-04:00
Sleeping for 0.1 seconds ...
request data from dish at 2024-05-27T14:36:22.387002-04:00
receive json data from dish at 2024-05-27T14:36:22.852894-04:00
Sleeping for 0.1 seconds ...
request data from dish at 2024-05-27T14:36:23.013802-04:00
receive json data from dish at 2024-05-27T14:36:23.473216-04:00
Sleeping for 0.1 seconds ...
request data from dish at 2024-05-27T14:36:23.633032-04:00
receive json data from dish at 2024-05-27T14:36:24.107284-04:00
Sleeping for 0.1 seconds ...
request data from dish at 2024-05-27T14:36:24.271836-04:00
receive json data from dish at 2024-05-27T14:36:25.012922-04:00
Sleeping for 0.1 seconds ...
request data from dish at 2024-05-27T14:36:25.168520-04:00
receive json data from dish at 2024-05-27T14:36:25.376157-04:00
Sleeping for 0.1 seconds ...
request data from dish at 2024-05-27T14:36:25.538808-04:00
receive json data from dish at 2024-05-27T14:36:25.781208-04:00
Sleeping for 0.1 seconds ...
request data from dish at 2024-05-27T14:36:25.942308-04:00
receive json data from dish at 2024-05-27T14:36:26.184690-04:00
Sleeping for 0.1 seconds ...
request data from dish at 2024-05-27T14:36:26.348021-04:00
receive json data from dish at 2024-05-27T14:36:26.567941-04:00
Sleeping for 0.1 seconds ...
request data from dish at 2024-05-27T14:36:26.727535-04:00
receive json data from dish at 2024-05-27T14:36:26.978688-04:00
Sleeping for 0.1 seconds ...
request data from dish at 2024-05-27T14:36:27.146969-04:00
receive json data from dish at 2024-05-27T14:36:27.316722-04:00
Sleeping for 0.1 seconds ...
request data from dish at 2024-05-27T14:36:27.473750-04:00
receive json data from dish at 2024-05-27T14:36:27.699473-04:00
Sleeping for 0.1 seconds ...
request data from dish at 2024-05-27T14:36:27.857385-04:00
receive json data from dish at 2024-05-27T14:36:28.122981-04:00
Sleeping for 0.1 seconds ...
request data from dish at 2024-05-27T14:36:28.275373-04:00
receive json data from dish at 2024-05-27T14:36:28.619548-04:00
Sleeping for 0.1 seconds ...
request data from dish at 2024-05-27T14:36:28.773006-04:00
receive json data from dish at 2024-05-27T14:36:29.322107-04:00
Sleeping for 0.1 seconds ...
request data from dish at 2024-05-27T14:36:29.490669-04:00
receive json data from dish at 2024-05-27T14:36:30.026936-04:00
Sleeping for 0.1 seconds ...
request data from dish at 2024-05-27T14:36:30.185917-04:00
receive json data from dish at 2024-05-27T14:36:30.636733-04:00
Sleeping for 0.1 seconds ...
request data from dish at 2024-05-27T14:36:30.802453-04:00
receive json data from dish at 2024-05-27T14:36:31.177120-04:00
Sleeping for 0.1 seconds ...
request data from dish at 2024-05-27T14:36:31.338134-04:00
receive json data from dish at 2024-05-27T14:36:31.559909-04:00
Sleeping for 0.1 seconds ...
request data from dish at 2024-05-27T14:36:31.711736-04:00
receive json data from dish at 2024-05-27T14:36:31.994340-04:00
Sleeping for 0.1 seconds ...
request data from dish at 2024-05-27T14:36:32.156169-04:00
receive json data from dish at 2024-05-27T14:36:32.368858-04:00
Sleeping for 0.1 seconds ...
request data from dish at 2024-05-27T14:36:32.520403-04:00
receive json data from dish at 2024-05-27T14:36:32.785654-04:00
Sleeping for 0.1 seconds ...
request data from dish at 2024-05-27T14:36:32.947549-04:00
receive json data from dish at 2024-05-27T14:36:33.132294-04:00
Sleeping for 0.1 seconds ...
request data from dish at 2024-05-27T14:36:33.296436-04:00
receive json data from dish at 2024-05-27T14:36:33.482486-04:00
Sleeping for 0.1 seconds ...
request data from dish at 2024-05-27T14:36:33.637369-04:00
receive json data from dish at 2024-05-27T14:36:33.980442-04:00
Sleeping for 0.1 seconds ...
request data from dish at 2024-05-27T14:36:34.141117-04:00
receive json data from dish at 2024-05-27T14:36:34.536702-04:00
Sleeping for 0.1 seconds ...
request data from dish at 2024-05-27T14:36:34.696135-04:00
receive json data from dish at 2024-05-27T14:36:35.164524-04:00
Sleeping for 0.1 seconds ...
request data from dish at 2024-05-27T14:36:35.330996-04:00
receive json data from dish at 2024-05-27T14:36:35.699253-04:00
Sleeping for 0.1 seconds ...
request data from dish at 2024-05-27T14:36:35.847948-04:00
receive json data from dish at 2024-05-27T14:36:36.269747-04:00
Sleeping for 0.1 seconds ...
request data from dish at 2024-05-27T14:36:36.435141-04:00
receive json data from dish at 2024-05-27T14:36:36.978401-04:00
Sleeping for 0.1 seconds ...
request data from dish at 2024-05-27T14:36:37.144362-04:00
receive json data from dish at 2024-05-27T14:36:37.319760-04:00
Sleeping for 0.1 seconds ...
request data from dish at 2024-05-27T14:36:37.479210-04:00
receive json data from dish at 2024-05-27T14:36:37.781376-04:00
Sleeping for 0.1 seconds ...
request data from dish at 2024-05-27T14:36:37.934746-04:00
receive json data from dish at 2024-05-27T14:36:38.116411-04:00
Sleeping for 0.1 seconds ...
request data from dish at 2024-05-27T14:36:38.289330-04:00
receive json data from dish at 2024-05-27T14:36:38.484791-04:00
Sleeping for 0.1 seconds ...
request data from dish at 2024-05-27T14:36:38.711221-04:00
receive json data from dish at 2024-05-27T14:36:39.003642-04:00
Sleeping for 0.1 seconds ...
request data from dish at 2024-05-27T14:36:39.179147-04:00
receive json data from dish at 2024-05-27T14:36:39.449062-04:00
Sleeping for 0.1 seconds ...
request data from dish at 2024-05-27T14:36:39.639280-04:00
receive json data from dish at 2024-05-27T14:36:40.008988-04:00
Sleeping for 0.1 seconds ...
request data from dish at 2024-05-27T14:36:40.201942-04:00
receive json data from dish at 2024-05-27T14:36:40.598131-04:00
Sleeping for 0.1 seconds ...
request data from dish at 2024-05-27T14:36:40.813429-04:00
receive json data from dish at 2024-05-27T14:36:41.225348-04:00
Sleeping for 0.1 seconds ...
request data from dish at 2024-05-27T14:36:41.387523-04:00
receive json data from dish at 2024-05-27T14:36:41.923374-04:00
Sleeping for 0.1 seconds ...
request data from dish at 2024-05-27T14:36:42.086360-04:00
receive json data from dish at 2024-05-27T14:36:42.504673-04:00
Sleeping for 0.1 seconds ...
request data from dish at 2024-05-27T14:36:42.701282-04:00
receive json data from dish at 2024-05-27T14:36:43.169751-04:00
Sleeping for 0.1 seconds ...
request data from dish at 2024-05-27T14:36:43.331757-04:00
receive json data from dish at 2024-05-27T14:36:43.575313-04:00
Sleeping for 0.1 seconds ...
request data from dish at 2024-05-27T14:36:43.770197-04:00
receive json data from dish at 2024-05-27T14:36:44.047947-04:00
Sleeping for 0.1 seconds ...
request data from dish at 2024-05-27T14:36:44.220044-04:00
receive json data from dish at 2024-05-27T14:36:44.399588-04:00
Sleeping for 0.1 seconds ...
request data from dish at 2024-05-27T14:36:44.564418-04:00
receive json data from dish at 2024-05-27T14:36:44.950234-04:00
Sleeping for 0.1 seconds ...
request data from dish at 2024-05-27T14:36:45.111346-04:00
receive json data from dish at 2024-05-27T14:36:45.386095-04:00
Sleeping for 0.1 seconds ...
request data from dish at 2024-05-27T14:36:45.579691-04:00
receive json data from dish at 2024-05-27T14:36:45.974211-04:00
Sleeping for 0.1 seconds ...
request data from dish at 2024-05-27T14:36:46.167225-04:00
receive json data from dish at 2024-05-27T14:36:46.568307-04:00
Sleeping for 0.1 seconds ...
request data from dish at 2024-05-27T14:36:46.731106-04:00
receive json data from dish at 2024-05-27T14:36:47.163394-04:00
Sleeping for 0.1 seconds ...
request data from dish at 2024-05-27T14:36:47.328158-04:00
receive json data from dish at 2024-05-27T14:36:47.742823-04:00
Sleeping for 0.1 seconds ...
request data from dish at 2024-05-27T14:36:47.918782-04:00
receive json data from dish at 2024-05-27T14:36:48.363567-04:00
Sleeping for 0.1 seconds ...
request data from dish at 2024-05-27T14:36:48.532926-04:00
receive json data from dish at 2024-05-27T14:36:49.063594-04:00
Sleeping for 0.1 seconds ...
request data from dish at 2024-05-27T14:36:49.264765-04:00
receive json data from dish at 2024-05-27T14:36:49.465143-04:00
Sleeping for 0.1 seconds ...
request data from dish at 2024-05-27T14:36:49.659506-04:00
receive json data from dish at 2024-05-27T14:36:50.005292-04:00
Sleeping for 0.1 seconds ...
request data from dish at 2024-05-27T14:36:50.203698-04:00
receive json data from dish at 2024-05-27T14:36:50.466312-04:00
Sleeping for 0.1 seconds ...
request data from dish at 2024-05-27T14:36:50.634431-04:00
receive json data from dish at 2024-05-27T14:36:50.985498-04:00
Sleeping for 0.1 seconds ...
request data from dish at 2024-05-27T14:36:51.185976-04:00
receive json data from dish at 2024-05-27T14:36:51.389407-04:00
Sleeping for 0.1 seconds ...
request data from dish at 2024-05-27T14:36:51.560832-04:00
receive json data from dish at 2024-05-27T14:36:51.806346-04:00
Sleeping for 0.1 seconds ...
request data from dish at 2024-05-27T14:36:51.984751-04:00
receive json data from dish at 2024-05-27T14:36:52.344054-04:00
Sleeping for 0.1 seconds ...
request data from dish at 2024-05-27T14:36:52.536674-04:00
receive json data from dish at 2024-05-27T14:36:53.088915-04:00
Sleeping for 0.1 seconds ...
request data from dish at 2024-05-27T14:36:53.263368-04:00
receive json data from dish at 2024-05-27T14:36:53.704956-04:00
Sleeping for 0.1 seconds ...
request data from dish at 2024-05-27T14:36:53.894610-04:00
receive json data from dish at 2024-05-27T14:36:54.362427-04:00
Sleeping for 0.1 seconds ...
request data from dish at 2024-05-27T14:36:54.554799-04:00
receive json data from dish at 2024-05-27T14:36:55.065451-04:00
Sleeping for 0.1 seconds ...
request data from dish at 2024-05-27T14:36:55.255449-04:00
receive json data from dish at 2024-05-27T14:36:55.467644-04:00
Sleeping for 0.1 seconds ...
request data from dish at 2024-05-27T14:36:55.647136-04:00
receive json data from dish at 2024-05-27T14:36:55.986380-04:00
Sleeping for 0.1 seconds ...
request data from dish at 2024-05-27T14:36:56.160993-04:00
receive json data from dish at 2024-05-27T14:36:56.444981-04:00
Sleeping for 0.1 seconds ...
request data from dish at 2024-05-27T14:36:56.616947-04:00
receive json data from dish at 2024-05-27T14:36:56.929138-04:00
Sleeping for 0.1 seconds ...
request data from dish at 2024-05-27T14:36:57.095290-04:00
receive json data from dish at 2024-05-27T14:36:57.302795-04:00
Sleeping for 0.1 seconds ...
request data from dish at 2024-05-27T14:36:57.501411-04:00
receive json data from dish at 2024-05-27T14:36:57.721637-04:00
Sleeping for 0.1 seconds ...
request data from dish at 2024-05-27T14:36:57.919723-04:00
receive json data from dish at 2024-05-27T14:36:58.146931-04:00
Sleeping for 0.1 seconds ...
request data from dish at 2024-05-27T14:36:58.324676-04:00
receive json data from dish at 2024-05-27T14:36:58.934186-04:00
Sleeping for 0.1 seconds ...
request data from dish at 2024-05-27T14:36:59.162803-04:00
receive json data from dish at 2024-05-27T14:36:59.629063-04:00
Sleeping for 0.1 seconds ...
request data from dish at 2024-05-27T14:36:59.800008-04:00
receive json data from dish at 2024-05-27T14:37:00.248151-04:00
Sleeping for 0.1 seconds ...
request data from dish at 2024-05-27T14:37:00.439457-04:00
receive json data from dish at 2024-05-27T14:37:00.985117-04:00
Sleeping for 0.1 seconds ...
request data from dish at 2024-05-27T14:37:01.184412-04:00
receive json data from dish at 2024-05-27T14:37:01.384445-04:00
Sleeping for 0.1 seconds ...
request data from dish at 2024-05-27T14:37:01.578991-04:00
receive json data from dish at 2024-05-27T14:37:01.956453-04:00
Sleeping for 0.1 seconds ...
request data from dish at 2024-05-27T14:37:02.122373-04:00
receive json data from dish at 2024-05-27T14:37:02.313871-04:00
Sleeping for 0.1 seconds ...
request data from dish at 2024-05-27T14:37:02.463772-04:00
receive json data from dish at 2024-05-27T14:37:02.668936-04:00
Sleeping for 0.1 seconds ...
request data from dish at 2024-05-27T14:37:02.816122-04:00
receive json data from dish at 2024-05-27T14:37:03.036700-04:00
Sleeping for 0.1 seconds ...
request data from dish at 2024-05-27T14:37:03.187203-04:00
receive json data from dish at 2024-05-27T14:37:03.368204-04:00
Sleeping for 0.1 seconds ...
request data from dish at 2024-05-27T14:37:03.528688-04:00
receive json data from dish at 2024-05-27T14:37:03.778942-04:00
Sleeping for 0.1 seconds ...
request data from dish at 2024-05-27T14:37:03.937097-04:00
receive json data from dish at 2024-05-27T14:37:04.226810-04:00
Sleeping for 0.1 seconds ...
request data from dish at 2024-05-27T14:37:04.382721-04:00
receive json data from dish at 2024-05-27T14:37:04.917946-04:00
Sleeping for 0.1 seconds ...
request data from dish at 2024-05-27T14:37:05.089713-04:00
receive json data from dish at 2024-05-27T14:37:05.378924-04:00
Sleeping for 0.1 seconds ...
request data from dish at 2024-05-27T14:37:05.527848-04:00
receive json data from dish at 2024-05-27T14:37:06.037536-04:00
Sleeping for 0.1 seconds ...
request data from dish at 2024-05-27T14:37:06.189618-04:00
receive json data from dish at 2024-05-27T14:37:06.613182-04:00
Sleeping for 0.1 seconds ...
request data from dish at 2024-05-27T14:37:06.780182-04:00
receive json data from dish at 2024-05-27T14:37:07.299744-04:00
Sleeping for 0.1 seconds ...
request data from dish at 2024-05-27T14:37:07.449372-04:00
receive json data from dish at 2024-05-27T14:37:07.680730-04:00
Sleeping for 0.1 seconds ...
request data from dish at 2024-05-27T14:37:07.839967-04:00
receive json data from dish at 2024-05-27T14:37:08.033102-04:00
Sleeping for 0.1 seconds ...
request data from dish at 2024-05-27T14:37:08.184313-04:00
receive json data from dish at 2024-05-27T14:37:08.410961-04:00
Sleeping for 0.1 seconds ...
request data from dish at 2024-05-27T14:37:08.568412-04:00
receive json data from dish at 2024-05-27T14:37:08.794177-04:00
Sleeping for 0.1 seconds ...
request data from dish at 2024-05-27T14:37:08.948440-04:00
receive json data from dish at 2024-05-27T14:37:09.120116-04:00
Sleeping for 0.1 seconds ...
request data from dish at 2024-05-27T14:37:09.274299-04:00
receive json data from dish at 2024-05-27T14:37:09.458727-04:00
Sleeping for 0.1 seconds ...
request data from dish at 2024-05-27T14:37:09.618964-04:00
receive json data from dish at 2024-05-27T14:37:10.033124-04:00
Sleeping for 0.1 seconds ...
request data from dish at 2024-05-27T14:37:10.185662-04:00
receive json data from dish at 2024-05-27T14:37:10.603348-04:00
Sleeping for 0.1 seconds ...
request data from dish at 2024-05-27T14:37:10.765650-04:00
receive json data from dish at 2024-05-27T14:37:11.185294-04:00
Sleeping for 0.1 seconds ...
request data from dish at 2024-05-27T14:37:11.339844-04:00
receive json data from dish at 2024-05-27T14:37:11.649912-04:00
Sleeping for 0.1 seconds ...
request data from dish at 2024-05-27T14:37:11.800148-04:00
receive json data from dish at 2024-05-27T14:37:12.170746-04:00
Sleeping for 0.1 seconds ...
request data from dish at 2024-05-27T14:37:12.319883-04:00
receive json data from dish at 2024-05-27T14:37:12.914577-04:00
Sleeping for 0.1 seconds ...
request data from dish at 2024-05-27T14:37:13.065429-04:00
receive json data from dish at 2024-05-27T14:37:13.290991-04:00
Sleeping for 0.1 seconds ...
request data from dish at 2024-05-27T14:37:13.440624-04:00
receive json data from dish at 2024-05-27T14:37:13.654852-04:00
Sleeping for 0.1 seconds ...
request data from dish at 2024-05-27T14:37:13.818446-04:00
receive json data from dish at 2024-05-27T14:37:14.043246-04:00
Sleeping for 0.1 seconds ...
request data from dish at 2024-05-27T14:37:14.202183-04:00
receive json data from dish at 2024-05-27T14:37:14.369159-04:00
Sleeping for 0.1 seconds ...
request data from dish at 2024-05-27T14:37:14.522556-04:00
receive json data from dish at 2024-05-27T14:37:14.793205-04:00
Sleeping for 0.1 seconds ...
request data from dish at 2024-05-27T14:37:14.938707-04:00
receive json data from dish at 2024-05-27T14:37:15.132042-04:00
Sleeping for 0.1 seconds ...
request data from dish at 2024-05-27T14:37:15.284725-04:00
receive json data from dish at 2024-05-27T14:37:15.452876-04:00
Sleeping for 0.1 seconds ...
request data from dish at 2024-05-27T14:37:15.611121-04:00
receive json data from dish at 2024-05-27T14:37:15.955536-04:00
Sleeping for 0.1 seconds ...
request data from dish at 2024-05-27T14:37:16.102556-04:00
receive json data from dish at 2024-05-27T14:37:16.575818-04:00
Sleeping for 0.1 seconds ...
request data from dish at 2024-05-27T14:37:16.726289-04:00
receive json data from dish at 2024-05-27T14:37:17.116266-04:00
Sleeping for 0.1 seconds ...
request data from dish at 2024-05-27T14:37:17.279333-04:00
receive json data from dish at 2024-05-27T14:37:17.721956-04:00
Sleeping for 0.1 seconds ...
request data from dish at 2024-05-27T14:37:17.882456-04:00
receive json data from dish at 2024-05-27T14:37:18.211271-04:00
Sleeping for 0.1 seconds ...
request data from dish at 2024-05-27T14:37:18.360477-04:00
receive json data from dish at 2024-05-27T14:37:18.923291-04:00
Sleeping for 0.1 seconds ...
request data from dish at 2024-05-27T14:37:19.083249-04:00
receive json data from dish at 2024-05-27T14:37:19.433330-04:00
Sleeping for 0.1 seconds ...
request data from dish at 2024-05-27T14:37:19.586855-04:00
receive json data from dish at 2024-05-27T14:37:19.814633-04:00
Sleeping for 0.1 seconds ...
request data from dish at 2024-05-27T14:37:19.970944-04:00
receive json data from dish at 2024-05-27T14:37:20.129650-04:00
Sleeping for 0.1 seconds ...
request data from dish at 2024-05-27T14:37:20.283377-04:00
receive json data from dish at 2024-05-27T14:37:20.460136-04:00
Sleeping for 0.1 seconds ...
request data from dish at 2024-05-27T14:37:20.623088-04:00
receive json data from dish at 2024-05-27T14:37:20.996679-04:00
Sleeping for 0.1 seconds ...
request data from dish at 2024-05-27T14:37:21.155441-04:00
receive json data from dish at 2024-05-27T14:37:21.370787-04:00
Sleeping for 0.1 seconds ...
request data from dish at 2024-05-27T14:37:21.520070-04:00
receive json data from dish at 2024-05-27T14:37:21.696884-04:00
Sleeping for 0.1 seconds ...
request data from dish at 2024-05-27T14:37:21.851009-04:00
receive json data from dish at 2024-05-27T14:37:22.030826-04:00
Sleeping for 0.1 seconds ...
request data from dish at 2024-05-27T14:37:22.185480-04:00
Received signal, performing cleanup...
