Start time: 1716924209525
[2024-05-28 15:23:53.185884] Connecting to host 35.245.244.238, port 5202
[2024-05-28 15:23:53.186516] Reverse mode, remote host 35.245.244.238 is sending
[2024-05-28 15:23:53.186561] [  5] local 10.45.167.251 port 54356 connected to 35.245.244.238 port 5202
[2024-05-28 15:23:53.186594] [ ID] Interval           Transfer     Bitrate         Jitter    Lost/Total Datagrams
[2024-05-28 15:23:53.186625] [  5]   0.00-0.50   sec  3.83 MBytes  64.3 Mbits/sec  0.129 ms  1341/4210 (32%)  
[2024-05-28 15:23:53.186656] [  5]   0.50-1.00   sec  12.2 MBytes   205 Mbits/sec  0.040 ms  13132/22291 (59%)  
[2024-05-28 15:23:53.186685] [  5]   1.00-1.50   sec  12.1 MBytes   203 Mbits/sec  0.068 ms  10073/19118 (53%)  
[2024-05-28 15:23:53.186714] [  5]   1.50-2.00   sec  13.6 MBytes   228 Mbits/sec  0.045 ms  12106/22294 (54%)  
[2024-05-28 15:23:53.186742] [  5]   2.00-2.50   sec  13.6 MBytes   227 Mbits/sec  0.048 ms  12065/22218 (54%)  
[2024-05-28 15:23:53.186770] [  5]   2.50-3.00   sec  13.5 MBytes   226 Mbits/sec  0.051 ms  12376/22472 (55%)  
[2024-05-28 15:23:53.186797] [  5]   3.00-3.50   sec  13.0 MBytes   218 Mbits/sec  0.250 ms  12429/22151 (56%)  
[2024-05-28 15:23:53.186825] [  5]   3.50-4.00   sec  13.5 MBytes   226 Mbits/sec  0.250 ms  12657/22733 (56%)  
[2024-05-28 15:23:53.186853] [  5]   4.00-4.50   sec  12.8 MBytes   214 Mbits/sec  0.260 ms  12467/22022 (57%)  
[2024-05-28 15:23:53.186881] [  5]   4.50-5.00   sec  13.1 MBytes   220 Mbits/sec  0.392 ms  12266/22084 (56%)  
[2024-05-28 15:23:53.186909] [  5]   5.00-5.50   sec  12.0 MBytes   202 Mbits/sec  0.047 ms  13391/22389 (60%)  
[2024-05-28 15:23:53.186937] [  5]   5.50-6.00   sec  12.4 MBytes   208 Mbits/sec  0.067 ms  13375/22672 (59%)  
[2024-05-28 15:23:53.186965] [  5]   6.00-6.50   sec  12.3 MBytes   206 Mbits/sec  0.163 ms  13134/22349 (59%)  
[2024-05-28 15:23:53.186992] [  5]   6.50-7.00   sec  12.8 MBytes   215 Mbits/sec  0.302 ms  12579/22193 (57%)  
[2024-05-28 15:23:53.187021] [  5]   7.00-7.50   sec  13.1 MBytes   219 Mbits/sec  0.282 ms  12453/22228 (56%)  
[2024-05-28 15:23:53.187049] [  5]   7.50-8.00   sec  12.7 MBytes   214 Mbits/sec  0.347 ms  11944/21484 (56%)  
[2024-05-28 15:23:53.187076] [  5]   8.00-8.50   sec  13.5 MBytes   226 Mbits/sec  0.065 ms  13220/23318 (57%)  
[2024-05-28 15:23:53.187103] [  5]   8.50-9.00   sec  13.7 MBytes   229 Mbits/sec  0.254 ms  11976/22219 (54%)  
[2024-05-28 15:23:53.187131] [  5]   9.00-9.50   sec  13.5 MBytes   227 Mbits/sec  0.275 ms  12120/22255 (54%)  
[2024-05-28 15:23:53.187159] [  5]   9.50-10.00  sec  13.7 MBytes   229 Mbits/sec  0.037 ms  12354/22588 (55%)  
[2024-05-28 15:23:53.187186] [  5]  10.00-10.50  sec  13.9 MBytes   234 Mbits/sec  0.048 ms  11837/22263 (53%)  
[2024-05-28 15:23:53.187214] [  5]  10.50-11.00  sec  13.9 MBytes   233 Mbits/sec  0.072 ms  11792/22175 (53%)  
[2024-05-28 15:23:53.187242] [  5]  11.00-11.50  sec  13.4 MBytes   224 Mbits/sec  0.313 ms  12391/22406 (55%)  
[2024-05-28 15:23:53.187271] [  5]  11.50-12.00  sec  13.3 MBytes   222 Mbits/sec  0.056 ms  12470/22401 (56%)  
[2024-05-28 15:23:53.187298] [  5]  12.00-12.50  sec  13.6 MBytes   228 Mbits/sec  0.035 ms  12072/22260 (54%)  
[2024-05-28 15:23:53.187326] [  5]  12.50-13.00  sec  12.8 MBytes   215 Mbits/sec  0.133 ms  11926/21508 (55%)  
[2024-05-28 15:23:53.187404] [  5]  13.00-13.50  sec  12.7 MBytes   214 Mbits/sec  0.097 ms  12407/21942 (57%)  
[2024-05-28 15:23:53.187437] [  5]  13.50-14.00  sec  14.0 MBytes   235 Mbits/sec  0.071 ms  12809/23295 (55%)  
[2024-05-28 15:23:53.187466] [  5]  14.00-14.50  sec  13.0 MBytes   218 Mbits/sec  0.268 ms  12632/22356 (57%)  
[2024-05-28 15:23:53.187494] [  5]  14.50-15.00  sec  14.0 MBytes   236 Mbits/sec  0.224 ms  11838/22358 (53%)  
[2024-05-28 15:23:53.187522] [  5]  15.00-15.50  sec  14.0 MBytes   234 Mbits/sec  0.047 ms  11853/22316 (53%)  
[2024-05-28 15:23:53.187549] [  5]  15.50-16.00  sec  13.8 MBytes   231 Mbits/sec  0.049 ms  12289/22592 (54%)  
[2024-05-28 15:23:53.187577] [  5]  16.00-16.50  sec  13.1 MBytes   219 Mbits/sec  0.096 ms  12406/22192 (56%)  
[2024-05-28 15:23:53.187631] [  5]  16.50-17.00  sec  14.0 MBytes   235 Mbits/sec  0.093 ms  11912/22389 (53%)  
[2024-05-28 15:23:53.187661] [  5]  17.00-17.50  sec  13.7 MBytes   229 Mbits/sec  0.031 ms  12160/22397 (54%)  
[2024-05-28 15:23:53.187689] [  5]  17.50-18.00  sec  13.7 MBytes   230 Mbits/sec  0.408 ms  11779/22040 (53%)  
[2024-05-28 15:23:53.187716] [  5]  18.00-18.50  sec  13.0 MBytes   217 Mbits/sec  0.223 ms  12655/22357 (57%)  
[2024-05-28 15:23:53.187743] [  5]  18.50-19.00  sec  13.7 MBytes   230 Mbits/sec  0.312 ms  12249/22502 (54%)  
[2024-05-28 15:23:53.187772] [  5]  19.00-19.50  sec  13.6 MBytes   228 Mbits/sec  0.080 ms  12005/22182 (54%)  
[2024-05-28 15:23:53.187799] [  5]  19.50-20.00  sec  13.8 MBytes   231 Mbits/sec  0.070 ms  12270/22594 (54%)  
[2024-05-28 15:23:53.187826] [  5]  20.00-20.50  sec  13.1 MBytes   220 Mbits/sec  0.052 ms  12160/21992 (55%)  
[2024-05-28 15:23:53.187854] [  5]  20.50-21.00  sec  13.5 MBytes   226 Mbits/sec  0.172 ms  12288/22378 (55%)  
[2024-05-28 15:23:53.187881] [  5]  21.00-21.50  sec  13.7 MBytes   230 Mbits/sec  0.081 ms  12163/22453 (54%)  
[2024-05-28 15:23:53.187911] [  5]  21.50-22.00  sec  13.5 MBytes   227 Mbits/sec  0.049 ms  12111/22245 (54%)  
[2024-05-28 15:23:53.187938] [  5]  22.00-22.50  sec  13.9 MBytes   233 Mbits/sec  0.056 ms  11830/22224 (53%)  
[2024-05-28 15:24:17.685932] [  5]  22.50-23.00  sec  13.3 MBytes   224 Mbits/sec  0.058 ms  12117/22104 (55%)  
[2024-05-28 15:24:17.686296] [  5]  23.00-23.50  sec  13.2 MBytes   222 Mbits/sec  0.038 ms  12681/22594 (56%)  
[2024-05-28 15:24:17.686431] [  5]  23.50-24.00  sec  14.0 MBytes   234 Mbits/sec  0.232 ms  12008/22463 (53%)  
[2024-05-28 15:24:17.686542] [  5]  24.00-24.50  sec  12.8 MBytes   214 Mbits/sec  0.046 ms  12519/22083 (57%)  
[2024-05-28 15:24:17.686649] [  5]  24.50-25.00  sec  13.6 MBytes   228 Mbits/sec  0.057 ms  12480/22640 (55%)  
[2024-05-28 15:24:17.686753] [  5]  25.00-25.50  sec  12.8 MBytes   215 Mbits/sec  0.090 ms  12692/22294 (57%)  
[2024-05-28 15:24:17.686855] [  5]  25.50-26.00  sec  13.1 MBytes   220 Mbits/sec  0.153 ms  12051/21881 (55%)  
[2024-05-28 15:24:17.686957] [  5]  26.00-26.50  sec  12.8 MBytes   214 Mbits/sec  0.045 ms  13086/22655 (58%)  
[2024-05-28 15:24:17.687062] [  5]  26.50-27.00  sec  12.5 MBytes   210 Mbits/sec  0.038 ms  12653/22013 (57%)  
[2024-05-28 15:24:17.687165] [  5]  27.00-27.50  sec  14.3 MBytes   239 Mbits/sec  0.222 ms  11882/22561 (53%)  
[2024-05-28 15:24:17.687266] [  5]  27.50-28.00  sec  13.9 MBytes   234 Mbits/sec  0.071 ms  12021/22454 (54%)  
[2024-05-28 15:24:17.687450] [  5]  28.00-28.50  sec  14.0 MBytes   235 Mbits/sec  0.042 ms  11810/22303 (53%)  
[2024-05-28 15:24:17.687561] [  5]  28.50-29.00  sec  13.8 MBytes   231 Mbits/sec  0.086 ms  11746/22053 (53%)  
[2024-05-28 15:24:17.687664] [  5]  29.00-29.50  sec  13.8 MBytes   232 Mbits/sec  0.024 ms  11946/22306 (54%)  
[2024-05-28 15:24:17.687763] [  5]  29.50-30.00  sec  13.4 MBytes   225 Mbits/sec  0.042 ms  12698/22745 (56%)  
[2024-05-28 15:24:17.687864] [  5]  30.00-30.50  sec  13.0 MBytes   219 Mbits/sec  0.215 ms  12153/21919 (55%)  
[2024-05-28 15:24:17.687965] [  5]  30.50-31.00  sec  13.3 MBytes   223 Mbits/sec  0.045 ms  12454/22423 (56%)  
[2024-05-28 15:24:17.688063] [  5]  31.00-31.50  sec  13.3 MBytes   224 Mbits/sec  0.083 ms  12124/22111 (55%)  
[2024-05-28 15:24:17.688165] [  5]  31.50-32.00  sec  13.6 MBytes   228 Mbits/sec  0.159 ms  12473/22632 (55%)  
[2024-05-28 15:24:17.688263] [  5]  32.00-32.50  sec  14.1 MBytes   236 Mbits/sec  0.044 ms  11870/22410 (53%)  
[2024-05-28 15:24:17.688362] [  5]  32.50-33.00  sec  13.1 MBytes   219 Mbits/sec  0.416 ms  12426/22215 (56%)  
[2024-05-28 15:24:17.688460] [  5]  33.00-33.50  sec  14.5 MBytes   243 Mbits/sec  0.046 ms  11369/22214 (51%)  
[2024-05-28 15:24:17.688561] [  5]  33.50-34.00  sec  13.8 MBytes   232 Mbits/sec  0.095 ms  11957/22326 (54%)  
[2024-05-28 15:24:17.688659] [  5]  34.00-34.50  sec  12.9 MBytes   216 Mbits/sec  0.038 ms  12654/22297 (57%)  
[2024-05-28 15:24:17.688785] [  5]  34.50-35.00  sec  13.0 MBytes   218 Mbits/sec  0.111 ms  12747/22468 (57%)  
[2024-05-28 15:24:17.688886] [  5]  35.00-35.50  sec  13.5 MBytes   227 Mbits/sec  0.042 ms  12246/22385 (55%)  
[2024-05-28 15:24:17.688989] [  5]  35.50-36.00  sec  13.4 MBytes   225 Mbits/sec  0.072 ms  12288/22337 (55%)  
[2024-05-28 15:24:17.689091] [  5]  36.00-36.50  sec  12.6 MBytes   212 Mbits/sec  0.051 ms  12759/22220 (57%)  
[2024-05-28 15:24:17.689192] [  5]  36.50-37.00  sec  12.3 MBytes   207 Mbits/sec  0.083 ms  12913/22143 (58%)  
[2024-05-28 15:24:17.689290] [  5]  37.00-37.50  sec  12.1 MBytes   204 Mbits/sec  0.061 ms  13255/22345 (59%)  
[2024-05-28 15:24:17.689390] [  5]  37.50-38.00  sec  12.7 MBytes   212 Mbits/sec  0.123 ms  12968/22452 (58%)  
[2024-05-28 15:24:17.689488] [  5]  38.00-38.50  sec  13.0 MBytes   218 Mbits/sec  0.065 ms  12799/22541 (57%)  
[2024-05-28 15:24:17.689587] [  5]  38.50-39.00  sec  13.0 MBytes   218 Mbits/sec  0.023 ms  12188/21913 (56%)  
[2024-05-28 15:24:17.689686] [  5]  39.00-39.50  sec  13.3 MBytes   223 Mbits/sec  0.073 ms  12486/22450 (56%)  
[2024-05-28 15:24:17.689784] [  5]  39.50-40.00  sec  13.6 MBytes   228 Mbits/sec  0.110 ms  12278/22449 (55%)  
[2024-05-28 15:24:17.689884] [  5]  40.00-40.50  sec  11.9 MBytes   199 Mbits/sec  0.064 ms  12677/21577 (59%)  
[2024-05-28 15:24:17.689983] [  5]  40.50-41.00  sec  13.8 MBytes   231 Mbits/sec  0.063 ms  12700/23002 (55%)  
[2024-05-28 15:24:17.690081] [  5]  41.00-41.50  sec  13.8 MBytes   231 Mbits/sec  0.075 ms  11927/22243 (54%)  
[2024-05-28 15:24:17.690180] [  5]  41.50-42.00  sec  13.3 MBytes   223 Mbits/sec  0.128 ms  12579/22550 (56%)  
[2024-05-28 15:24:17.690281] [  5]  42.00-42.50  sec  14.1 MBytes   236 Mbits/sec  0.074 ms  11807/22333 (53%)  
[2024-05-28 15:24:17.690381] [  5]  42.50-43.00  sec  13.7 MBytes   229 Mbits/sec  0.059 ms  12070/22298 (54%)  
[2024-05-28 15:24:17.690479] [  5]  43.00-43.50  sec  12.9 MBytes   216 Mbits/sec  0.028 ms  12547/22173 (57%)  
[2024-05-28 15:24:17.690577] [  5]  43.50-44.00  sec  13.5 MBytes   227 Mbits/sec  0.071 ms  12336/22465 (55%)  
[2024-05-28 15:24:17.690675] [  5]  44.00-44.50  sec  13.0 MBytes   219 Mbits/sec  0.042 ms  12399/22161 (56%)  
[2024-05-28 15:24:17.690774] [  5]  44.50-45.00  sec  13.6 MBytes   228 Mbits/sec  0.065 ms  11841/21999 (54%)  
[2024-05-28 15:24:17.690874] [  5]  45.00-45.50  sec  12.6 MBytes   212 Mbits/sec  0.058 ms  12935/22391 (58%)  
[2024-05-28 15:24:17.690974] [  5]  45.50-46.00  sec  13.2 MBytes   221 Mbits/sec  0.065 ms  12606/22467 (56%)  
[2024-05-28 15:24:17.691074] [  5]  46.00-46.50  sec  13.0 MBytes   218 Mbits/sec  0.192 ms  12673/22395 (57%)  
[2024-05-28 15:24:17.691178] [  5]  46.50-47.00  sec  13.6 MBytes   228 Mbits/sec  0.356 ms  11898/22072 (54%)  
[2024-05-28 15:24:42.185729] [  5]  47.00-47.50  sec  13.6 MBytes   229 Mbits/sec  0.271 ms  12181/22383 (54%)  
[2024-05-28 15:24:42.185959] [  5]  47.50-48.00  sec  13.6 MBytes   229 Mbits/sec  0.180 ms  12420/22634 (55%)  
[2024-05-28 15:24:42.186013] [  5]  48.00-48.50  sec  13.7 MBytes   230 Mbits/sec  0.051 ms  11876/22153 (54%)  
[2024-05-28 15:24:42.186058] [  5]  48.50-49.00  sec  13.0 MBytes   219 Mbits/sec  0.086 ms  12855/22617 (57%)  
[2024-05-28 15:24:42.186099] [  5]  49.00-49.50  sec  12.6 MBytes   212 Mbits/sec  0.030 ms  12556/22025 (57%)  
[2024-05-28 15:24:42.186141] [  5]  49.50-50.00  sec  14.0 MBytes   235 Mbits/sec  0.284 ms  11890/22360 (53%)  
[2024-05-28 15:24:42.186183] [  5]  50.00-50.50  sec  14.0 MBytes   236 Mbits/sec  0.056 ms  11953/22470 (53%)  
[2024-05-28 15:24:42.186224] [  5]  50.50-51.00  sec  14.1 MBytes   237 Mbits/sec  0.049 ms  11652/22228 (52%)  
[2024-05-28 15:24:42.186264] [  5]  51.00-51.50  sec  13.6 MBytes   228 Mbits/sec  0.029 ms  12021/22215 (54%)  
[2024-05-28 15:24:42.186305] [  5]  51.50-52.00  sec  12.3 MBytes   206 Mbits/sec  0.160 ms  13283/22480 (59%)  
[2024-05-28 15:24:42.186345] [  5]  52.00-52.50  sec  12.4 MBytes   208 Mbits/sec  0.152 ms  12901/22199 (58%)  
[2024-05-28 15:24:42.186385] [  5]  52.50-53.00  sec  13.9 MBytes   233 Mbits/sec  0.101 ms  11973/22367 (54%)  
[2024-05-28 15:24:42.186443] [  5]  53.00-53.50  sec  12.4 MBytes   209 Mbits/sec  0.040 ms  13002/22322 (58%)  
[2024-05-28 15:24:42.186485] [  5]  53.50-54.00  sec  13.5 MBytes   227 Mbits/sec  0.019 ms  12352/22477 (55%)  
[2024-05-28 15:24:42.186524] [  5]  54.00-54.50  sec  13.4 MBytes   225 Mbits/sec  0.161 ms  12117/22157 (55%)  
[2024-05-28 15:24:42.186563] [  5]  54.50-55.00  sec  12.2 MBytes   205 Mbits/sec  0.168 ms  13113/22269 (59%)  
[2024-05-28 15:24:42.186601] [  5]  55.00-55.50  sec  11.1 MBytes   186 Mbits/sec  0.061 ms  13968/22269 (63%)  
[2024-05-28 15:24:42.186640] [  5]  55.50-56.00  sec  12.5 MBytes   209 Mbits/sec  0.092 ms  13168/22514 (58%)  
[2024-05-28 15:24:42.186680] [  5]  56.00-56.50  sec  12.5 MBytes   210 Mbits/sec  0.282 ms  12814/22186 (58%)  
[2024-05-28 15:24:42.186719] [  5]  56.50-57.00  sec  12.4 MBytes   208 Mbits/sec  0.206 ms  13246/22518 (59%)  
[2024-05-28 15:24:42.186758] [  5]  57.00-57.50  sec  13.1 MBytes   220 Mbits/sec  0.069 ms  12207/22044 (55%)  
[2024-05-28 15:24:42.186797] [  5]  57.50-58.00  sec  11.6 MBytes   194 Mbits/sec  0.055 ms  11736/20392 (58%)  
[2024-05-28 15:24:42.186837] [  5]  58.00-58.50  sec  13.5 MBytes   227 Mbits/sec  0.029 ms  14196/24313 (58%)  
[2024-05-28 15:24:42.186876] [  5]  58.50-59.00  sec  13.0 MBytes   219 Mbits/sec  0.093 ms  12686/22442 (57%)  
[2024-05-28 15:24:42.186916] [  5]  59.00-59.50  sec  12.5 MBytes   210 Mbits/sec  0.308 ms  12981/22368 (58%)  
[2024-05-28 15:24:42.186956] [  5]  59.50-60.00  sec  10.9 MBytes   183 Mbits/sec  0.061 ms  12422/20607 (60%)  
[2024-05-28 15:24:42.186995] [  5]  60.00-60.50  sec  10.9 MBytes   182 Mbits/sec  0.034 ms  15974/24101 (66%)  
[2024-05-28 15:24:42.187034] [  5]  60.50-61.00  sec  11.9 MBytes   200 Mbits/sec  0.084 ms  13359/22289 (60%)  
[2024-05-28 15:24:42.187073] [  5]  61.00-61.50  sec  12.6 MBytes   211 Mbits/sec  0.270 ms  12915/22332 (58%)  
[2024-05-28 15:24:42.187112] [  5]  61.50-62.00  sec  11.3 MBytes   190 Mbits/sec  0.071 ms  13462/21961 (61%)  
[2024-05-28 15:24:42.187152] [  5]  62.00-62.50  sec  12.4 MBytes   209 Mbits/sec  0.059 ms  13042/22366 (58%)  
[2024-05-28 15:24:42.187191] [  5]  62.50-63.00  sec  11.4 MBytes   191 Mbits/sec  0.579 ms  13727/22247 (62%)  
[2024-05-28 15:24:42.187230] [  5]  63.00-63.50  sec  11.6 MBytes   195 Mbits/sec  0.026 ms  13426/22143 (61%)  
[2024-05-28 15:24:42.187269] [  5]  63.50-64.00  sec  12.8 MBytes   214 Mbits/sec  0.246 ms  13496/23046 (59%)  
[2024-05-28 15:24:42.187307] [  5]  64.00-64.50  sec  12.5 MBytes   209 Mbits/sec  0.030 ms  12677/22003 (58%)  
[2024-05-28 15:24:42.187384] [  5]  64.50-65.00  sec  13.8 MBytes   231 Mbits/sec  0.124 ms  11980/22296 (54%)  
[2024-05-28 15:24:42.187429] [  5]  65.00-65.50  sec  13.7 MBytes   229 Mbits/sec  0.295 ms  12054/22279 (54%)  
[2024-05-28 15:24:42.187469] [  5]  65.50-66.00  sec  13.1 MBytes   220 Mbits/sec  0.029 ms  12731/22561 (56%)  
[2024-05-28 15:24:42.187507] [  5]  66.00-66.50  sec  13.6 MBytes   228 Mbits/sec  0.028 ms  11998/22160 (54%)  
[2024-05-28 15:24:42.187545] [  5]  66.50-67.00  sec  12.7 MBytes   213 Mbits/sec  0.414 ms  12664/22174 (57%)  
[2024-05-28 15:24:42.187584] [  5]  67.00-67.50  sec  12.9 MBytes   217 Mbits/sec  0.026 ms  12411/22089 (56%)  
[2024-05-28 15:24:42.187621] [  5]  67.50-68.00  sec  13.2 MBytes   222 Mbits/sec  0.276 ms  12793/22684 (56%)  
[2024-05-28 15:24:42.187661] [  5]  68.00-68.50  sec  13.7 MBytes   230 Mbits/sec  0.050 ms  11925/22180 (54%)  
[2024-05-28 15:24:42.187700] [  5]  68.50-69.00  sec  13.0 MBytes   218 Mbits/sec  0.028 ms  12907/22619 (57%)  
[2024-05-28 15:24:42.187740] [  5]  69.00-69.50  sec  13.9 MBytes   234 Mbits/sec  0.071 ms  11897/22325 (53%)  
[2024-05-28 15:24:42.187779] [  5]  69.50-70.00  sec  13.8 MBytes   231 Mbits/sec  0.031 ms  12063/22393 (54%)  
[2024-05-28 15:24:42.187818] [  5]  70.00-70.50  sec  13.2 MBytes   222 Mbits/sec  0.040 ms  12208/22130 (55%)  
[2024-05-28 15:24:42.187856] [  5]  70.50-71.00  sec  13.3 MBytes   223 Mbits/sec  0.107 ms  12474/22421 (56%)  
[2024-05-28 15:24:42.187902] [  5]  71.00-71.50  sec  14.0 MBytes   235 Mbits/sec  0.031 ms  11823/22318 (53%)  
[2024-05-28 15:25:06.685846] [  5]  71.50-72.00  sec  13.0 MBytes   218 Mbits/sec  0.200 ms  12738/22471 (57%)  
[2024-05-28 15:25:06.686286] [  5]  72.00-72.50  sec  13.8 MBytes   231 Mbits/sec  0.032 ms  11845/22163 (53%)  
[2024-05-28 15:25:06.686427] [  5]  72.50-73.00  sec  13.8 MBytes   232 Mbits/sec  0.069 ms  12010/22365 (54%)  
[2024-05-28 15:25:06.686540] [  5]  73.00-73.50  sec  13.0 MBytes   218 Mbits/sec  0.059 ms  12510/22220 (56%)  
[2024-05-28 15:25:06.686647] [  5]  73.50-74.00  sec  13.8 MBytes   231 Mbits/sec  0.052 ms  11847/22153 (53%)  
[2024-05-28 15:25:06.686752] [  5]  74.00-74.50  sec  13.4 MBytes   225 Mbits/sec  0.073 ms  12276/22318 (55%)  
[2024-05-28 15:25:06.686854] [  5]  74.50-75.00  sec  14.0 MBytes   234 Mbits/sec  0.308 ms  12037/22500 (53%)  
[2024-05-28 15:25:06.686956] [  5]  75.00-75.50  sec  13.5 MBytes   227 Mbits/sec  0.296 ms  11849/21979 (54%)  
[2024-05-28 15:25:06.687060] [  5]  75.50-76.00  sec  14.2 MBytes   238 Mbits/sec  0.021 ms  12230/22858 (54%)  
[2024-05-28 15:25:06.687162] [  5]  76.00-76.50  sec  13.8 MBytes   231 Mbits/sec  0.021 ms  11899/22205 (54%)  
[2024-05-28 15:25:06.687262] [  5]  76.50-77.00  sec  12.5 MBytes   210 Mbits/sec  0.051 ms  12790/22180 (58%)  
[2024-05-28 15:25:06.687474] [  5]  77.00-77.50  sec  12.9 MBytes   216 Mbits/sec  0.035 ms  12626/22261 (57%)  
[2024-05-28 15:25:06.687589] [  5]  77.50-78.00  sec  13.2 MBytes   222 Mbits/sec  0.064 ms  12541/22442 (56%)  
[2024-05-28 15:25:06.687697] [  5]  78.00-78.50  sec  12.7 MBytes   213 Mbits/sec  0.135 ms  12885/22409 (57%)  
[2024-05-28 15:25:06.687798] [  5]  78.50-79.00  sec  12.7 MBytes   213 Mbits/sec  0.066 ms  12305/21829 (56%)  
[2024-05-28 15:25:06.687900] [  5]  79.00-79.50  sec  12.9 MBytes   217 Mbits/sec  0.248 ms  12817/22496 (57%)  
[2024-05-28 15:25:06.687997] [  5]  79.50-80.00  sec  13.0 MBytes   218 Mbits/sec  0.085 ms  12755/22495 (57%)  
[2024-05-28 15:25:06.688097] [  5]  80.00-80.50  sec  12.8 MBytes   215 Mbits/sec  0.198 ms  12366/21974 (56%)  
[2024-05-28 15:25:06.688197] [  5]  80.50-81.00  sec  13.6 MBytes   229 Mbits/sec  0.176 ms  12590/22811 (55%)  
[2024-05-28 15:25:06.688293] [  5]  81.00-81.50  sec  13.7 MBytes   230 Mbits/sec  0.036 ms  11944/22220 (54%)  
[2024-05-28 15:25:06.688391] [  5]  81.50-82.00  sec  11.9 MBytes   200 Mbits/sec  0.037 ms  11535/20470 (56%)  
[2024-05-28 15:25:06.688492] [  5]  82.00-82.50  sec  13.9 MBytes   234 Mbits/sec  0.036 ms  13593/24022 (57%)  
[2024-05-28 15:25:06.688590] [  5]  82.50-83.00  sec  12.8 MBytes   215 Mbits/sec  0.259 ms  12473/22072 (57%)  
[2024-05-28 15:25:06.688687] [  5]  83.00-83.50  sec  13.4 MBytes   225 Mbits/sec  0.049 ms  12537/22574 (56%)  
[2024-05-28 15:25:06.688783] [  5]  83.50-84.00  sec  12.4 MBytes   208 Mbits/sec  0.065 ms  13276/22568 (59%)  
[2024-05-28 15:25:06.688880] [  5]  84.00-84.50  sec  13.2 MBytes   222 Mbits/sec  0.190 ms  12296/22207 (55%)  
[2024-05-28 15:25:06.688979] [  5]  84.50-85.00  sec  13.2 MBytes   221 Mbits/sec  0.034 ms  12515/22369 (56%)  
[2024-05-28 15:25:06.689078] [  5]  85.00-85.50  sec  13.1 MBytes   220 Mbits/sec  0.115 ms  12554/22357 (56%)  
[2024-05-28 15:25:06.689177] [  5]  85.50-86.00  sec  13.7 MBytes   230 Mbits/sec  0.324 ms  12144/22427 (54%)  
[2024-05-28 15:25:06.689273] [  5]  86.00-86.50  sec  13.6 MBytes   227 Mbits/sec  0.042 ms  12049/22203 (54%)  
[2024-05-28 15:25:06.689375] [  5]  86.50-87.00  sec  13.3 MBytes   223 Mbits/sec  0.130 ms  12260/22210 (55%)  
[2024-05-28 15:25:06.689473] [  5]  87.00-87.50  sec  13.0 MBytes   218 Mbits/sec  0.092 ms  12254/22009 (56%)  
[2024-05-28 15:25:06.689568] [  5]  87.50-88.00  sec  13.3 MBytes   223 Mbits/sec  0.036 ms  12344/22279 (55%)  
[2024-05-28 15:25:06.689664] [  5]  88.00-88.50  sec  13.4 MBytes   224 Mbits/sec  0.098 ms  12901/22918 (56%)  
[2024-05-28 15:25:06.689761] [  5]  88.50-89.00  sec  13.9 MBytes   234 Mbits/sec  0.025 ms  12012/22457 (53%)  
[2024-05-28 15:25:06.689889] [  5]  89.00-89.50  sec  12.4 MBytes   208 Mbits/sec  0.486 ms  12455/21732 (57%)  
[2024-05-28 15:25:06.689992] [  5]  89.50-90.00  sec  13.2 MBytes   222 Mbits/sec  0.131 ms  12749/22638 (56%)  
[2024-05-28 15:25:06.690093] [  5]  90.00-90.50  sec  12.9 MBytes   216 Mbits/sec  0.065 ms  12553/22209 (57%)  
[2024-05-28 15:25:06.690189] [  5]  90.50-91.00  sec  11.7 MBytes   196 Mbits/sec  0.081 ms  13600/22364 (61%)  
[2024-05-28 15:25:06.690287] [  5]  91.00-91.50  sec  12.0 MBytes   201 Mbits/sec  0.082 ms  13265/22229 (60%)  
[2024-05-28 15:25:06.690386] [  5]  91.50-92.00  sec  12.7 MBytes   213 Mbits/sec  0.158 ms  13144/22648 (58%)  
[2024-05-28 15:25:06.690482] [  5]  92.00-92.50  sec  11.7 MBytes   195 Mbits/sec  0.051 ms  11992/20719 (58%)  
[2024-05-28 15:25:06.690578] [  5]  92.50-93.00  sec  13.0 MBytes   217 Mbits/sec  0.242 ms  13919/23623 (59%)  
[2024-05-28 15:25:06.690674] [  5]  93.00-93.50  sec  11.7 MBytes   196 Mbits/sec  0.072 ms  12667/21403 (59%)  
[2024-05-28 15:25:06.690771] [  5]  93.50-94.00  sec  12.6 MBytes   211 Mbits/sec  0.036 ms  13934/23362 (60%)  
[2024-05-28 15:25:06.690869] [  5]  94.00-94.50  sec  12.0 MBytes   202 Mbits/sec  0.044 ms  13089/22093 (59%)  
[2024-05-28 15:25:06.690966] [  5]  94.50-95.00  sec  13.0 MBytes   218 Mbits/sec  0.094 ms  12770/22500 (57%)  
[2024-05-28 15:25:06.691060] [  5]  95.00-95.50  sec  13.0 MBytes   219 Mbits/sec  0.034 ms  12665/22433 (56%)  
[2024-05-28 15:25:06.691158] [  5]  95.50-96.00  sec  12.7 MBytes   212 Mbits/sec  0.032 ms  12915/22401 (58%)  
[2024-05-28 15:25:31.159961] [  5]  96.00-96.50  sec  12.8 MBytes   216 Mbits/sec  0.106 ms  12430/22053 (56%)  
[2024-05-28 15:25:31.160352] [  5]  96.50-97.00  sec  12.9 MBytes   216 Mbits/sec  0.032 ms  12556/22184 (57%)  
[2024-05-28 15:25:31.160487] [  5]  97.00-97.50  sec  12.3 MBytes   206 Mbits/sec  0.269 ms  13333/22532 (59%)  
[2024-05-28 15:25:31.160599] [  5]  97.50-98.00  sec  12.4 MBytes   207 Mbits/sec  0.030 ms  13171/22421 (59%)  
[2024-05-28 15:25:31.160708] [  5]  98.00-98.50  sec  13.0 MBytes   218 Mbits/sec  0.222 ms  12624/22370 (56%)  
[2024-05-28 15:25:31.160812] [  5]  98.50-99.00  sec  12.9 MBytes   217 Mbits/sec  0.037 ms  12396/22063 (56%)  
[2024-05-28 15:25:31.161016] [  5]  99.00-99.50  sec  12.2 MBytes   204 Mbits/sec  0.122 ms  12607/21714 (58%)  
[2024-05-28 15:25:31.161120] [  5]  99.50-100.00 sec  13.3 MBytes   223 Mbits/sec  0.190 ms  13385/23335 (57%)  
[2024-05-28 15:25:31.161220] [  5] 100.00-100.50 sec  14.0 MBytes   235 Mbits/sec  0.027 ms  11556/22040 (52%)  
[2024-05-28 15:25:31.161326] [  5] 100.50-101.00 sec  13.5 MBytes   226 Mbits/sec  0.059 ms  12270/22370 (55%)  
[2024-05-28 15:25:31.161535] [  5] 101.00-101.50 sec  14.1 MBytes   236 Mbits/sec  0.122 ms  11840/22386 (53%)  
[2024-05-28 15:25:31.161715] [  5] 101.50-102.00 sec  12.6 MBytes   212 Mbits/sec  0.051 ms  12906/22368 (58%)  
[2024-05-28 15:25:31.161894] [  5] 102.00-102.50 sec  13.7 MBytes   230 Mbits/sec  0.281 ms  11910/22173 (54%)  
[2024-05-28 15:25:31.162073] [  5] 102.50-103.00 sec  13.6 MBytes   228 Mbits/sec  0.060 ms  11907/22073 (54%)  
[2024-05-28 15:25:31.162300] [  5] 103.00-103.50 sec  12.8 MBytes   215 Mbits/sec  0.016 ms  12750/22347 (57%)  
[2024-05-28 15:25:31.162454] [  5] 103.50-104.00 sec  13.8 MBytes   232 Mbits/sec  0.261 ms  12174/22514 (54%)  
[2024-05-28 15:25:31.162555] [  5] 104.00-104.50 sec  13.4 MBytes   224 Mbits/sec  0.057 ms  12125/22144 (55%)  
[2024-05-28 15:25:31.162657] [  5] 104.50-105.00 sec  12.8 MBytes   214 Mbits/sec  0.095 ms  13118/22679 (58%)  
[2024-05-28 15:25:31.162757] [  5] 105.00-105.50 sec  12.0 MBytes   201 Mbits/sec  0.155 ms  13157/22144 (59%)  
[2024-05-28 15:25:31.162859] [  5] 105.50-106.00 sec  12.7 MBytes   213 Mbits/sec  0.036 ms  12358/21848 (57%)  
[2024-05-28 15:25:31.162962] [  5] 106.00-106.50 sec  13.3 MBytes   223 Mbits/sec  0.212 ms  12673/22610 (56%)  
[2024-05-28 15:25:31.163062] [  5] 106.50-107.00 sec  12.4 MBytes   208 Mbits/sec  0.041 ms  12802/22090 (58%)  
[2024-05-28 15:25:31.163193] [  5] 107.00-107.50 sec  12.8 MBytes   215 Mbits/sec  0.038 ms  13101/22701 (58%)  
[2024-05-28 15:25:31.163297] [  5] 107.50-108.00 sec  11.7 MBytes   196 Mbits/sec  0.071 ms  13693/22444 (61%)  
[2024-05-28 15:25:31.163467] [  5] 108.00-108.50 sec  13.2 MBytes   222 Mbits/sec  0.090 ms  12238/22153 (55%)  
[2024-05-28 15:25:31.163573] [  5] 108.50-109.00 sec  13.8 MBytes   231 Mbits/sec  0.289 ms  11963/22286 (54%)  
[2024-05-28 15:25:31.163675] [  5] 109.00-109.50 sec  13.3 MBytes   223 Mbits/sec  0.052 ms  12440/22392 (56%)  
[2024-05-28 15:25:31.163902] [  5] 109.50-110.00 sec  12.9 MBytes   216 Mbits/sec  0.265 ms  12731/22394 (57%)  
[2024-05-28 15:25:31.164004] [  5] 110.00-110.50 sec  12.9 MBytes   216 Mbits/sec  0.090 ms  12790/22422 (57%)  
[2024-05-28 15:25:31.164103] [  5] 110.50-111.00 sec  13.1 MBytes   220 Mbits/sec  0.069 ms  11951/21793 (55%)  
[2024-05-28 15:25:31.164445] [  5] 111.00-111.50 sec  12.5 MBytes   210 Mbits/sec  0.100 ms  12112/21475 (56%)  
[2024-05-28 15:25:31.164767] [  5] 111.50-112.00 sec  13.1 MBytes   220 Mbits/sec  0.084 ms  13952/23775 (59%)  
[2024-05-28 15:25:31.165134] [  5] 112.00-112.50 sec  13.0 MBytes   218 Mbits/sec  0.239 ms  12591/22331 (56%)  
[2024-05-28 15:25:31.165272] [  5] 112.50-113.00 sec  12.6 MBytes   212 Mbits/sec  0.020 ms  12886/22347 (58%)  
[2024-05-28 15:25:31.165372] [  5] 113.00-113.50 sec  13.0 MBytes   218 Mbits/sec  0.263 ms  12334/22086 (56%)  
[2024-05-28 15:25:31.165470] [  5] 113.50-114.00 sec  12.3 MBytes   207 Mbits/sec  0.050 ms  13025/22269 (58%)  
[2024-05-28 15:25:31.165567] [  5] 114.00-114.50 sec  13.0 MBytes   218 Mbits/sec  0.500 ms  12393/22119 (56%)  
[2024-05-28 15:25:31.165664] [  5] 114.50-115.00 sec  12.4 MBytes   207 Mbits/sec  0.219 ms  13535/22793 (59%)  
[2024-05-28 15:25:31.165756] [  5] 115.00-115.50 sec  13.2 MBytes   222 Mbits/sec  0.252 ms  12293/22206 (55%)  
[2024-05-28 15:25:31.165823] [  5] 115.50-116.00 sec  13.4 MBytes   225 Mbits/sec  0.066 ms  12411/22459 (55%)  
[2024-05-28 15:25:31.165888] [  5] 116.00-116.50 sec  13.4 MBytes   225 Mbits/sec  0.211 ms  11958/22008 (54%)  
[2024-05-28 15:25:31.165953] [  5] 116.50-117.00 sec  13.1 MBytes   220 Mbits/sec  0.055 ms  12680/22494 (56%)  
[2024-05-28 15:25:31.166017] [  5] 117.00-117.50 sec  13.1 MBytes   219 Mbits/sec  0.070 ms  12225/22010 (56%)  
[2024-05-28 15:25:31.166084] [  5] 117.50-118.00 sec  13.4 MBytes   226 Mbits/sec  0.168 ms  12629/22702 (56%)  
[2024-05-28 15:25:31.166148] [  5] 118.00-118.50 sec  12.9 MBytes   216 Mbits/sec  0.499 ms  12458/22119 (56%)  
[2024-05-28 15:25:31.166212] [  5] 118.50-119.00 sec  13.6 MBytes   228 Mbits/sec  0.253 ms  12035/22209 (54%)  
[2024-05-28 15:25:31.166277] [  5] 119.00-119.50 sec  13.5 MBytes   227 Mbits/sec  0.163 ms  12233/22360 (55%)  
[2024-05-28 15:25:31.166342] [  5] 119.50-120.00 sec  12.9 MBytes   216 Mbits/sec  0.246 ms  13065/22711 (58%)  
[2024-05-28 15:25:31.166408] - - - - - - - - - - - - - - - - - - - - - - - - -
[2024-05-28 15:25:31.166485] [ ID] Interval           Transfer     Bitrate         Jitter    Lost/Total Datagrams
[2024-05-28 15:25:31.166551] [  5]   0.00-120.24 sec  7.00 GBytes   500 Mbits/sec  0.000 ms  0/5367828 (0%)  sender
[2024-05-28 15:25:31.166616] [SUM]  0.0-120.2 sec  170 datagrams received out-of-order
[2024-05-28 15:25:31.166681] [  5]   0.00-120.00 sec  3.06 GBytes   219 Mbits/sec  0.246 ms  2988219/5336117 (56%)  receiver
[2024-05-28 15:25:31.166748] 
[2024-05-28 15:25:31.166813] iperf Done.
End time: 1716924331192
