Start time: 1716846515240
[2024-05-27 17:48:36.074157] nuttcp-r: v8.1.4: socket
[2024-05-27 17:48:36.074668] nuttcp-r: buflen=65536, nstream=1, port=5001 tcp
[2024-05-27 17:48:36.074707] nuttcp-r: interval reporting every 0.50 seconds
[2024-05-27 17:48:36.074735] nuttcp-r: connect to 35.245.244.238 with RTT=48.516 ms af=inet
[2024-05-27 17:48:36.074762] nuttcp-r: send window size = 1048576, receive window size = 4194304
[2024-05-27 17:48:36.074788] nuttcp-r: available send window = 786432, available receive window = 3145728
[2024-05-27 17:48:36.074813]     2.0625 MB /   0.50 sec =   34.5994 Mbps     0 retrans     13 KB-cwnd
[2024-05-27 17:48:36.574332]     9.6250 MB /   0.50 sec =  161.4865 Mbps     0 retrans     13 KB-cwnd
[2024-05-27 17:48:37.074133]     9.4375 MB /   0.50 sec =  158.3302 Mbps     0 retrans     13 KB-cwnd
[2024-05-27 17:48:37.574104]     9.3125 MB /   0.50 sec =  156.2381 Mbps     0 retrans     13 KB-cwnd
[2024-05-27 17:48:38.074332]     8.9375 MB /   0.50 sec =  149.9239 Mbps     0 retrans     13 KB-cwnd
[2024-05-27 17:48:38.574087]     8.0625 MB /   0.50 sec =  135.2936 Mbps     0 retrans     13 KB-cwnd
[2024-05-27 17:48:39.074038]     6.6250 MB /   0.50 sec =  111.1442 Mbps     0 retrans     13 KB-cwnd
[2024-05-27 17:48:39.574303]     6.6250 MB /   0.50 sec =  111.1391 Mbps     0 retrans     13 KB-cwnd
[2024-05-27 17:48:40.074111]     6.0000 MB /   0.50 sec =  100.6711 Mbps     0 retrans     13 KB-cwnd
[2024-05-27 17:48:40.574135]     6.1250 MB /   0.50 sec =  102.7588 Mbps     0 retrans     13 KB-cwnd
[2024-05-27 17:48:41.074118]     4.5000 MB /   0.50 sec =   75.4934 Mbps     0 retrans     13 KB-cwnd
[2024-05-27 17:48:41.574237]     3.8750 MB /   0.50 sec =   65.0148 Mbps     0 retrans     13 KB-cwnd
[2024-05-27 17:48:42.074111]     2.8750 MB /   0.50 sec =   48.2361 Mbps     0 retrans     13 KB-cwnd
[2024-05-27 17:48:42.574098]     2.6250 MB /   0.50 sec =   44.0387 Mbps     0 retrans     13 KB-cwnd
[2024-05-27 17:48:43.074179]     1.6875 MB /   0.50 sec =   28.3071 Mbps     0 retrans     13 KB-cwnd
[2024-05-27 17:48:43.574122]     0.1250 MB /   0.50 sec =    2.0975 Mbps     0 retrans     13 KB-cwnd
[2024-05-27 17:48:44.074092]     1.9375 MB /   0.50 sec =   32.5055 Mbps     0 retrans     13 KB-cwnd
[2024-05-27 17:48:44.574155]     0.7500 MB /   0.50 sec =   12.5824 Mbps     0 retrans     13 KB-cwnd
[2024-05-27 17:48:45.074288]     2.0000 MB /   0.50 sec =   33.5528 Mbps     0 retrans     13 KB-cwnd
[2024-05-27 17:48:45.574185]     2.4375 MB /   0.50 sec =   40.8929 Mbps     0 retrans     13 KB-cwnd
[2024-05-27 17:48:46.074088]     1.8125 MB /   0.50 sec =   30.4139 Mbps     0 retrans     13 KB-cwnd
[2024-05-27 17:48:46.574193]     0.8125 MB /   0.50 sec =   13.6290 Mbps     0 retrans     13 KB-cwnd
[2024-05-27 17:48:47.074084]     1.5625 MB /   0.50 sec =   26.2189 Mbps     0 retrans     13 KB-cwnd
[2024-05-27 17:48:47.574095]     0.9375 MB /   0.50 sec =   15.7282 Mbps     0 retrans     13 KB-cwnd
[2024-05-27 17:48:48.074006]     0.6875 MB /   0.50 sec =   11.5351 Mbps     0 retrans     13 KB-cwnd
[2024-05-27 17:48:48.574188]     0.5000 MB /   0.50 sec =    8.3868 Mbps     0 retrans     13 KB-cwnd
[2024-05-27 17:48:49.074168]     0.4375 MB /   0.50 sec =    7.3402 Mbps     0 retrans     13 KB-cwnd
[2024-05-27 17:48:49.574133]     0.5000 MB /   0.50 sec =    8.3898 Mbps     0 retrans     13 KB-cwnd
[2024-05-27 17:48:50.074074]     0.3125 MB /   0.50 sec =    5.2430 Mbps     0 retrans     13 KB-cwnd
[2024-05-27 17:48:50.574370]     0.3750 MB /   0.50 sec =    6.2903 Mbps     0 retrans     13 KB-cwnd
[2024-05-27 17:48:51.074091]     0.3750 MB /   0.50 sec =    6.2926 Mbps     0 retrans     13 KB-cwnd
[2024-05-27 17:48:51.574012]     0.3125 MB /   0.50 sec =    5.2432 Mbps     0 retrans     13 KB-cwnd
[2024-05-27 17:48:52.074080]     0.2500 MB /   0.50 sec =    4.1941 Mbps     0 retrans     13 KB-cwnd
[2024-05-27 17:48:52.574122]     0.3125 MB /   0.50 sec =    5.2427 Mbps     0 retrans     13 KB-cwnd
[2024-05-27 17:48:53.074118]     0.5625 MB /   0.50 sec =    9.4375 Mbps     0 retrans     13 KB-cwnd
[2024-05-27 17:48:53.574067]     0.8750 MB /   0.50 sec =   14.6802 Mbps     0 retrans     13 KB-cwnd
[2024-05-27 17:48:54.074090]     1.3750 MB /   0.50 sec =   23.0681 Mbps     0 retrans     13 KB-cwnd
[2024-05-27 17:48:54.574079]     1.2500 MB /   0.50 sec =   20.9716 Mbps     0 retrans     13 KB-cwnd
[2024-05-27 17:48:55.074076]     0.8125 MB /   0.50 sec =   13.6315 Mbps     0 retrans     13 KB-cwnd
[2024-05-27 17:48:55.574079]     1.4375 MB /   0.50 sec =   24.1174 Mbps     0 retrans     13 KB-cwnd
[2024-05-27 17:48:56.074075]     2.0000 MB /   0.50 sec =   33.5540 Mbps     0 retrans     13 KB-cwnd
[2024-05-27 17:48:56.574293]     1.8125 MB /   0.50 sec =   30.4085 Mbps     0 retrans     13 KB-cwnd
[2024-05-27 17:48:57.074094]     2.0625 MB /   0.50 sec =   34.6034 Mbps     0 retrans     13 KB-cwnd
[2024-05-27 17:48:57.574083]     2.1875 MB /   0.50 sec =   36.7000 Mbps     0 retrans     13 KB-cwnd
[2024-05-27 17:48:58.074110]     2.4375 MB /   0.50 sec =   40.8943 Mbps     0 retrans     13 KB-cwnd
[2024-05-27 17:48:58.574091]     2.2500 MB /   0.50 sec =   37.7486 Mbps     0 retrans     13 KB-cwnd
[2024-05-27 17:48:59.074024]     2.8750 MB /   0.50 sec =   48.2358 Mbps     0 retrans     13 KB-cwnd
[2024-05-27 17:48:59.574145]     1.8750 MB /   0.50 sec =   31.4553 Mbps     0 retrans     13 KB-cwnd
[2024-05-27 17:49:00.074085]     2.0000 MB /   0.50 sec =   33.5561 Mbps     0 retrans     13 KB-cwnd
[2024-05-27 17:49:00.574104]     2.5625 MB /   0.50 sec =   42.9908 Mbps     0 retrans     13 KB-cwnd
[2024-05-27 17:49:01.074167]     3.0000 MB /   0.50 sec =   50.3299 Mbps     0 retrans     13 KB-cwnd
[2024-05-27 17:49:01.574202]     2.4375 MB /   0.50 sec =   40.8884 Mbps     0 retrans     13 KB-cwnd
[2024-05-27 17:49:02.074182]     2.8750 MB /   0.50 sec =   48.2442 Mbps     0 retrans     13 KB-cwnd
[2024-05-27 17:49:02.574142]     3.2500 MB /   0.50 sec =   54.5196 Mbps     0 retrans     13 KB-cwnd
[2024-05-27 17:49:03.074099]     3.3125 MB /   0.50 sec =   55.5804 Mbps     0 retrans     20 KB-cwnd
[2024-05-27 17:49:03.574175]     3.3750 MB /   0.50 sec =   56.6144 Mbps     0 retrans     20 KB-cwnd
[2024-05-27 17:49:04.074082]     4.1250 MB /   0.50 sec =   69.2171 Mbps     0 retrans     20 KB-cwnd
[2024-05-27 17:49:04.574110]     3.7500 MB /   0.50 sec =   62.9146 Mbps     0 retrans     20 KB-cwnd
[2024-05-27 17:49:05.074166]     3.6250 MB /   0.50 sec =   60.8091 Mbps     0 retrans     20 KB-cwnd
[2024-05-27 17:49:05.574140]     3.1250 MB /   0.50 sec =   52.4330 Mbps     0 retrans     20 KB-cwnd
[2024-05-27 17:49:06.074075]     3.5000 MB /   0.50 sec =   58.7244 Mbps     0 retrans     20 KB-cwnd
[2024-05-27 17:49:06.574094]     2.6875 MB /   0.50 sec =   45.0854 Mbps     0 retrans     26 KB-cwnd
[2024-05-27 17:49:07.074109]     3.8125 MB /   0.50 sec =   63.9654 Mbps     0 retrans     26 KB-cwnd
[2024-05-27 17:49:07.574072]     4.0625 MB /   0.50 sec =   68.1596 Mbps     0 retrans     26 KB-cwnd
[2024-05-27 17:49:08.074080]     4.4375 MB /   0.50 sec =   74.4489 Mbps     0 retrans     26 KB-cwnd
[2024-05-27 17:49:08.574082]     4.6250 MB /   0.50 sec =   77.5943 Mbps     0 retrans     26 KB-cwnd
[2024-05-27 17:49:09.074077]     2.5625 MB /   0.50 sec =   42.9916 Mbps     0 retrans     26 KB-cwnd
[2024-05-27 17:49:09.574069]     3.7500 MB /   0.50 sec =   62.9151 Mbps     0 retrans     26 KB-cwnd
[2024-05-27 17:49:10.074089]     5.1250 MB /   0.50 sec =   85.9817 Mbps     0 retrans     26 KB-cwnd
[2024-05-27 17:49:10.574131]     4.6250 MB /   0.50 sec =   77.5893 Mbps     0 retrans     26 KB-cwnd
[2024-05-27 17:49:11.074088]     5.9375 MB /   0.50 sec =   99.6223 Mbps     0 retrans     26 KB-cwnd
[2024-05-27 17:49:11.574104]     5.5000 MB /   0.50 sec =   92.2728 Mbps     0 retrans     26 KB-cwnd
[2024-05-27 17:49:12.074082]     3.1250 MB /   0.50 sec =   52.4297 Mbps     0 retrans     26 KB-cwnd
[2024-05-27 17:49:12.574098]     3.1875 MB /   0.50 sec =   53.4769 Mbps     0 retrans     26 KB-cwnd
[2024-05-27 17:49:13.074183]     3.4375 MB /   0.50 sec =   57.6675 Mbps     0 retrans     26 KB-cwnd
[2024-05-27 17:49:13.574151]     3.6250 MB /   0.50 sec =   60.8149 Mbps     0 retrans     26 KB-cwnd
[2024-05-27 17:49:14.074071]     3.8750 MB /   0.50 sec =   65.0203 Mbps     0 retrans     26 KB-cwnd
[2024-05-27 17:49:14.574110]     2.9375 MB /   0.50 sec =   49.2818 Mbps     0 retrans     26 KB-cwnd
[2024-05-27 17:49:15.074131]     2.5625 MB /   0.50 sec =   42.9876 Mbps     0 retrans     26 KB-cwnd
[2024-05-27 17:49:15.574109]     3.5000 MB /   0.50 sec =   58.7267 Mbps     0 retrans     26 KB-cwnd
[2024-05-27 17:49:16.074090]     3.6875 MB /   0.50 sec =   61.8652 Mbps     0 retrans     26 KB-cwnd
[2024-05-27 17:49:16.574140]     4.4375 MB /   0.50 sec =   74.4467 Mbps     0 retrans     26 KB-cwnd
[2024-05-27 17:49:17.074076]     4.1250 MB /   0.50 sec =   69.2093 Mbps     0 retrans     26 KB-cwnd
[2024-05-27 17:49:17.574076]     3.5625 MB /   0.50 sec =   59.7685 Mbps     0 retrans     26 KB-cwnd
[2024-05-27 17:49:18.074067]     3.5625 MB /   0.50 sec =   59.7693 Mbps     0 retrans     26 KB-cwnd
[2024-05-27 17:49:18.574002]     3.6875 MB /   0.50 sec =   61.8682 Mbps     0 retrans     26 KB-cwnd
[2024-05-27 17:49:19.074108]     3.8750 MB /   0.50 sec =   65.0069 Mbps     0 retrans     26 KB-cwnd
[2024-05-27 17:49:19.574091]     3.5625 MB /   0.50 sec =   59.7701 Mbps     0 retrans     26 KB-cwnd
[2024-05-27 17:49:20.074248]     3.9375 MB /   0.50 sec =   66.0600 Mbps     0 retrans     26 KB-cwnd
[2024-05-27 17:49:20.574069]     4.4375 MB /   0.50 sec =   74.4505 Mbps     0 retrans     26 KB-cwnd
[2024-05-27 17:49:21.074082]     4.5000 MB /   0.50 sec =   75.4972 Mbps     0 retrans     26 KB-cwnd
[2024-05-27 17:49:21.574106]     3.8125 MB /   0.50 sec =   63.9626 Mbps     0 retrans     26 KB-cwnd
[2024-05-27 17:49:22.074061]     3.4375 MB /   0.50 sec =   57.6727 Mbps     0 retrans     29 KB-cwnd
[2024-05-27 17:49:22.574081]     5.1875 MB /   0.50 sec =   87.0302 Mbps     0 retrans     29 KB-cwnd
[2024-05-27 17:49:23.074096]     5.8125 MB /   0.50 sec =   97.5174 Mbps     0 retrans     29 KB-cwnd
[2024-05-27 17:49:23.574079]     5.8125 MB /   0.50 sec =   97.5172 Mbps     0 retrans     29 KB-cwnd
[2024-05-27 17:49:24.074006]     5.9375 MB /   0.50 sec =   99.6201 Mbps     0 retrans     29 KB-cwnd
[2024-05-27 17:49:24.574089]     4.8750 MB /   0.50 sec =   81.7840 Mbps     0 retrans     29 KB-cwnd
[2024-05-27 17:49:25.074085]     4.0625 MB /   0.50 sec =   68.1583 Mbps     0 retrans     40 KB-cwnd
[2024-05-27 17:49:25.574071]     4.1875 MB /   0.50 sec =   70.2556 Mbps     0 retrans     40 KB-cwnd
[2024-05-27 17:49:26.074075]     5.4375 MB /   0.50 sec =   91.2257 Mbps     0 retrans     40 KB-cwnd
[2024-05-27 17:49:26.574087]     4.2500 MB /   0.50 sec =   71.3023 Mbps     0 retrans     40 KB-cwnd
[2024-05-27 17:49:27.074075]     4.6250 MB /   0.50 sec =   77.5954 Mbps     0 retrans     40 KB-cwnd
[2024-05-27 17:49:27.574246]     6.3125 MB /   0.50 sec =  105.8947 Mbps     0 retrans     41 KB-cwnd
[2024-05-27 17:49:28.074080]     5.4375 MB /   0.50 sec =   91.2352 Mbps     0 retrans     45 KB-cwnd
[2024-05-27 17:49:28.574081]     6.7500 MB /   0.50 sec =  113.2471 Mbps     0 retrans     48 KB-cwnd
[2024-05-27 17:49:29.074064]     4.0625 MB /   0.50 sec =   68.1576 Mbps     0 retrans     48 KB-cwnd
[2024-05-27 17:49:29.574116]     2.5625 MB /   0.50 sec =   42.9882 Mbps     0 retrans     48 KB-cwnd
[2024-05-27 17:49:30.074041]     2.4375 MB /   0.50 sec =   40.8984 Mbps     0 retrans     48 KB-cwnd
[2024-05-27 17:49:30.574114]     2.1875 MB /   0.50 sec =   36.6988 Mbps     0 retrans     48 KB-cwnd
[2024-05-27 17:49:31.074208]     3.3125 MB /   0.50 sec =   55.5746 Mbps     0 retrans     51 KB-cwnd
[2024-05-27 17:49:31.574113]     2.6875 MB /   0.50 sec =   45.0888 Mbps     0 retrans     51 KB-cwnd
[2024-05-27 17:49:32.074019]     3.1250 MB /   0.50 sec =   52.4322 Mbps     0 retrans     51 KB-cwnd
[2024-05-27 17:49:32.574237]     1.8750 MB /   0.50 sec =   31.4483 Mbps     0 retrans     51 KB-cwnd
[2024-05-27 17:49:33.074106]     3.7500 MB /   0.50 sec =   62.9256 Mbps     0 retrans     53 KB-cwnd
[2024-05-27 17:49:33.574184]     4.6250 MB /   0.50 sec =   77.5872 Mbps     0 retrans     53 KB-cwnd
[2024-05-27 17:49:34.074126]     4.9375 MB /   0.50 sec =   82.8489 Mbps     0 retrans     53 KB-cwnd
[2024-05-27 17:49:34.574108]     3.8750 MB /   0.50 sec =   65.0104 Mbps     0 retrans     53 KB-cwnd
[2024-05-27 17:49:35.074121]     4.2500 MB /   0.50 sec =   71.3039 Mbps     0 retrans     53 KB-cwnd
[2024-05-27 17:49:35.574036]     3.3125 MB /   0.50 sec =   55.5760 Mbps     0 retrans     53 KB-cwnd
[2024-05-27 17:49:36.074204]     3.3750 MB /   0.50 sec =   56.6135 Mbps     0 retrans     53 KB-cwnd
[2024-05-27 17:49:36.574099]     3.2500 MB /   0.50 sec =   54.5342 Mbps     0 retrans     53 KB-cwnd
[2024-05-27 17:49:37.074265]     2.8125 MB /   0.50 sec =   47.1841 Mbps     0 retrans    967 KB-cwnd
[2024-05-27 17:49:37.574084]     2.5625 MB /   0.50 sec =   42.9941 Mbps     0 retrans    967 KB-cwnd
[2024-05-27 17:49:38.074115]     2.9375 MB /   0.50 sec =   49.2820 Mbps     0 retrans    967 KB-cwnd
[2024-05-27 17:49:38.574095]     3.6875 MB /   0.50 sec =   61.8676 Mbps     0 retrans    967 KB-cwnd
[2024-05-27 17:49:39.074121]     3.4375 MB /   0.50 sec =   57.6704 Mbps     0 retrans    967 KB-cwnd
[2024-05-27 17:49:39.574159]     2.7500 MB /   0.50 sec =   46.1321 Mbps     0 retrans    967 KB-cwnd
[2024-05-27 17:49:40.074061]     2.9375 MB /   0.50 sec =   49.2900 Mbps     0 retrans    967 KB-cwnd
[2024-05-27 17:49:40.574139]     4.0000 MB /   0.50 sec =   67.1060 Mbps     0 retrans    967 KB-cwnd
[2024-05-27 17:49:41.074081]     3.5625 MB /   0.50 sec =   59.7718 Mbps     0 retrans    967 KB-cwnd
[2024-05-27 17:49:41.574127]     3.2500 MB /   0.50 sec =   54.5240 Mbps     0 retrans    967 KB-cwnd
[2024-05-27 17:49:42.074081]     2.6250 MB /   0.50 sec =   44.0408 Mbps     0 retrans    967 KB-cwnd
[2024-05-27 17:49:42.574141]     2.4375 MB /   0.50 sec =   40.8929 Mbps     0 retrans    967 KB-cwnd
[2024-05-27 17:49:43.074068]     1.4375 MB /   0.50 sec =   24.1184 Mbps     0 retrans    967 KB-cwnd
[2024-05-27 17:49:43.574112]     1.2500 MB /   0.50 sec =   20.9712 Mbps     0 retrans    967 KB-cwnd
[2024-05-27 17:49:44.074200]     1.4375 MB /   0.50 sec =   24.1173 Mbps     0 retrans    967 KB-cwnd
[2024-05-27 17:49:44.574088]     3.1250 MB /   0.50 sec =   52.4293 Mbps     0 retrans    967 KB-cwnd
[2024-05-27 17:49:45.074064]     2.6875 MB /   0.50 sec =   45.0891 Mbps     0 retrans    967 KB-cwnd
[2024-05-27 17:49:45.574100]     3.6250 MB /   0.50 sec =   60.8155 Mbps     0 retrans    967 KB-cwnd
[2024-05-27 17:49:46.074123]     3.4375 MB /   0.50 sec =   57.6718 Mbps     0 retrans    967 KB-cwnd
[2024-05-27 17:49:46.573996]     3.5625 MB /   0.50 sec =   59.7734 Mbps     0 retrans    967 KB-cwnd
[2024-05-27 17:49:47.074037]     3.0625 MB /   0.50 sec =   51.3774 Mbps     0 retrans    967 KB-cwnd
[2024-05-27 17:49:47.574090]     2.3125 MB /   0.50 sec =   38.7965 Mbps     0 retrans    967 KB-cwnd
[2024-05-27 17:49:48.074113]     2.2500 MB /   0.50 sec =   37.7490 Mbps     0 retrans    967 KB-cwnd
[2024-05-27 17:49:48.574172]     2.7500 MB /   0.50 sec =   46.1335 Mbps     0 retrans    967 KB-cwnd
[2024-05-27 17:49:49.074138]     1.0625 MB /   0.50 sec =   17.8268 Mbps     0 retrans    967 KB-cwnd
[2024-05-27 17:49:49.574164]     2.5000 MB /   0.50 sec =   41.9400 Mbps     0 retrans    967 KB-cwnd
[2024-05-27 17:49:50.074201]     3.0000 MB /   0.50 sec =   50.3277 Mbps     0 retrans    967 KB-cwnd
[2024-05-27 17:49:50.574248]     3.3750 MB /   0.50 sec =   56.6307 Mbps     0 retrans    967 KB-cwnd
[2024-05-27 17:49:51.074075]     3.0000 MB /   0.50 sec =   50.3346 Mbps     0 retrans    967 KB-cwnd
[2024-05-27 17:49:51.574116]     2.3750 MB /   0.50 sec =   39.8449 Mbps     0 retrans    967 KB-cwnd
[2024-05-27 17:49:52.074074]     2.5000 MB /   0.50 sec =   41.9439 Mbps     0 retrans    967 KB-cwnd
[2024-05-27 17:49:52.574147]     3.7500 MB /   0.50 sec =   62.9129 Mbps     0 retrans    967 KB-cwnd
[2024-05-27 17:49:53.074005]     3.6250 MB /   0.50 sec =   60.8225 Mbps     0 retrans    967 KB-cwnd
[2024-05-27 17:49:53.574118]     2.8750 MB /   0.50 sec =   48.2309 Mbps     0 retrans    967 KB-cwnd
[2024-05-27 17:49:54.073998]     2.5625 MB /   0.50 sec =   42.9953 Mbps     0 retrans    967 KB-cwnd
[2024-05-27 17:49:54.574144]     2.1250 MB /   0.50 sec =   35.6484 Mbps     0 retrans    967 KB-cwnd
[2024-05-27 17:49:55.074088]     2.3125 MB /   0.50 sec =   38.7982 Mbps     0 retrans    967 KB-cwnd
[2024-05-27 17:49:55.574116]     3.3750 MB /   0.50 sec =   56.6214 Mbps     0 retrans    967 KB-cwnd
[2024-05-27 17:49:56.074068]     3.2500 MB /   0.50 sec =   54.5281 Mbps     0 retrans    967 KB-cwnd
[2024-05-27 17:49:56.574078]     4.0000 MB /   0.50 sec =   67.1086 Mbps     0 retrans    967 KB-cwnd
[2024-05-27 17:49:57.074191]     3.8750 MB /   0.50 sec =   65.0004 Mbps     0 retrans    967 KB-cwnd
[2024-05-27 17:49:57.574174]     3.8125 MB /   0.50 sec =   63.9656 Mbps     0 retrans    967 KB-cwnd
[2024-05-27 17:49:58.074209]     5.0000 MB /   0.50 sec =   83.8819 Mbps     0 retrans    967 KB-cwnd
[2024-05-27 17:49:58.574141]     5.1250 MB /   0.50 sec =   85.9889 Mbps     0 retrans    967 KB-cwnd
[2024-05-27 17:49:59.074197]     4.1250 MB /   0.50 sec =   69.2026 Mbps     0 retrans    967 KB-cwnd
[2024-05-27 17:49:59.574015]     1.5625 MB /   0.50 sec =   26.2201 Mbps     0 retrans    967 KB-cwnd
[2024-05-27 17:50:00.074199]     2.0625 MB /   0.50 sec =   34.5955 Mbps     0 retrans    967 KB-cwnd
[2024-05-27 17:50:00.574082]     2.6250 MB /   0.50 sec =   44.0472 Mbps     0 retrans   1152 KB-cwnd
[2024-05-27 17:50:01.074040]     1.6250 MB /   0.50 sec =   27.2632 Mbps     0 retrans   1152 KB-cwnd
[2024-05-27 17:50:01.574100]     3.1875 MB /   0.50 sec =   53.4756 Mbps     0 retrans   1152 KB-cwnd
[2024-05-27 17:50:02.074152]     2.8125 MB /   0.50 sec =   47.1818 Mbps     0 retrans   1152 KB-cwnd
[2024-05-27 17:50:02.574125]     3.4375 MB /   0.50 sec =   57.6765 Mbps     0 retrans   1152 KB-cwnd
[2024-05-27 17:50:03.074078]     2.4375 MB /   0.50 sec =   40.8950 Mbps     0 retrans   1152 KB-cwnd
[2024-05-27 17:50:03.574128]     3.8125 MB /   0.50 sec =   63.9628 Mbps     0 retrans   1152 KB-cwnd
[2024-05-27 17:50:04.074081]     3.2500 MB /   0.50 sec =   54.5276 Mbps     0 retrans   1152 KB-cwnd
[2024-05-27 17:50:04.574149]     1.6875 MB /   0.50 sec =   28.3108 Mbps     0 retrans   1152 KB-cwnd
[2024-05-27 17:50:05.074074]     3.3125 MB /   0.50 sec =   55.5764 Mbps     0 retrans   1152 KB-cwnd
[2024-05-27 17:50:05.574109]     4.3750 MB /   0.50 sec =   73.3986 Mbps     0 retrans   1152 KB-cwnd
[2024-05-27 17:50:06.074076]     4.1875 MB /   0.50 sec =   70.2557 Mbps     0 retrans   1152 KB-cwnd
[2024-05-27 17:50:06.574117]     4.9375 MB /   0.50 sec =   82.8360 Mbps     0 retrans   1152 KB-cwnd
[2024-05-27 17:50:07.074069]     4.2500 MB /   0.50 sec =   71.3047 Mbps     0 retrans   1152 KB-cwnd
[2024-05-27 17:50:07.574083]     5.8125 MB /   0.50 sec =   97.5174 Mbps     0 retrans   1152 KB-cwnd
[2024-05-27 17:50:08.074201]     5.9375 MB /   0.50 sec =   99.6034 Mbps     0 retrans   1152 KB-cwnd
[2024-05-27 17:50:08.574017]     5.8125 MB /   0.50 sec =   97.5328 Mbps     0 retrans   1152 KB-cwnd
[2024-05-27 17:50:09.074261]     5.9375 MB /   0.50 sec =   99.5972 Mbps     0 retrans   1152 KB-cwnd
[2024-05-27 17:50:09.574059]     6.1875 MB /   0.50 sec =  103.8184 Mbps     0 retrans   1152 KB-cwnd
[2024-05-27 17:50:10.074210]     6.3125 MB /   0.50 sec =  105.9028 Mbps     0 retrans   1152 KB-cwnd
[2024-05-27 17:50:10.574011]     5.5625 MB /   0.50 sec =   93.3345 Mbps     0 retrans   1152 KB-cwnd
[2024-05-27 17:50:11.074144]     4.8750 MB /   0.50 sec =   81.7819 Mbps     0 retrans   1152 KB-cwnd
[2024-05-27 17:50:11.574130]     5.0000 MB /   0.50 sec =   83.8805 Mbps     0 retrans   1152 KB-cwnd
[2024-05-27 17:50:12.074107]     4.6875 MB /   0.50 sec =   78.6512 Mbps     0 retrans   1152 KB-cwnd
[2024-05-27 17:50:12.574149]     5.3750 MB /   0.50 sec =   90.1689 Mbps     0 retrans   1152 KB-cwnd
[2024-05-27 17:50:13.074074]     5.5000 MB /   0.50 sec =   92.2841 Mbps     0 retrans   1152 KB-cwnd
[2024-05-27 17:50:13.574178]     5.5625 MB /   0.50 sec =   93.3128 Mbps     0 retrans   1152 KB-cwnd
[2024-05-27 17:50:14.074067]     5.3750 MB /   0.50 sec =   90.1880 Mbps     0 retrans   1152 KB-cwnd
[2024-05-27 17:50:14.574172]     5.1250 MB /   0.50 sec =   85.9746 Mbps     0 retrans   1152 KB-cwnd
[2024-05-27 17:50:15.074111]     5.9375 MB /   0.50 sec =   99.6201 Mbps     0 retrans   1152 KB-cwnd
[2024-05-27 17:50:15.574121]     5.9375 MB /   0.50 sec =   99.6157 Mbps     0 retrans   1152 KB-cwnd
[2024-05-27 17:50:16.074124]     3.7500 MB /   0.50 sec =   62.9102 Mbps     0 retrans   1212 KB-cwnd
[2024-05-27 17:50:16.574321]     4.7500 MB /   0.50 sec =   79.6977 Mbps     0 retrans   1212 KB-cwnd
[2024-05-27 17:50:17.074003]     6.8125 MB /   0.50 sec =  114.3035 Mbps     0 retrans   1212 KB-cwnd
[2024-05-27 17:50:17.574138]     7.0000 MB /   0.50 sec =  117.4330 Mbps     0 retrans   1212 KB-cwnd
[2024-05-27 17:50:18.074148]     7.2500 MB /   0.50 sec =  121.6197 Mbps     0 retrans   1212 KB-cwnd
[2024-05-27 17:50:18.574071]     8.1250 MB /   0.50 sec =  136.3348 Mbps     0 retrans   1212 KB-cwnd
[2024-05-27 17:50:19.074128]     8.0000 MB /   0.50 sec =  134.2110 Mbps     0 retrans   1212 KB-cwnd
[2024-05-27 17:50:19.574146]     7.2500 MB /   0.50 sec =  121.6248 Mbps     0 retrans   1212 KB-cwnd
[2024-05-27 17:50:20.074148]     6.8125 MB /   0.50 sec =  114.3005 Mbps     0 retrans   1212 KB-cwnd
[2024-05-27 17:50:20.574018]     7.6875 MB /   0.50 sec =  128.9888 Mbps     0 retrans   1212 KB-cwnd
[2024-05-27 17:50:21.074139]     6.3125 MB /   0.50 sec =  105.8973 Mbps     0 retrans   1212 KB-cwnd
[2024-05-27 17:50:21.574085]     5.6875 MB /   0.50 sec =   95.4237 Mbps     0 retrans   1212 KB-cwnd
[2024-05-27 17:50:22.074108]     6.5625 MB /   0.50 sec =  110.1011 Mbps     0 retrans   1212 KB-cwnd
[2024-05-27 17:50:22.574091]     7.5000 MB /   0.50 sec =  125.8256 Mbps     0 retrans   1212 KB-cwnd
[2024-05-27 17:50:23.074017]     6.7500 MB /   0.50 sec =  113.2555 Mbps     0 retrans   1212 KB-cwnd
[2024-05-27 17:50:23.574107]     7.0625 MB /   0.50 sec =  118.4810 Mbps     0 retrans   1212 KB-cwnd
[2024-05-27 17:50:24.074081]     7.5000 MB /   0.50 sec =  125.8316 Mbps     0 retrans   1212 KB-cwnd
[2024-05-27 17:50:24.574062]     6.9375 MB /   0.50 sec =  116.3950 Mbps     0 retrans   1212 KB-cwnd
[2024-05-27 17:50:25.074204]     7.1250 MB /   0.50 sec =  119.5350 Mbps     0 retrans   1212 KB-cwnd
[2024-05-27 17:50:25.574116]     7.0000 MB /   0.50 sec =  117.4386 Mbps     0 retrans   1212 KB-cwnd
[2024-05-27 17:50:26.074061]     8.1250 MB /   0.50 sec =  136.3184 Mbps     0 retrans   1354 KB-cwnd
[2024-05-27 17:50:26.574103]     3.0000 MB /   0.50 sec =   50.3312 Mbps     0 retrans   1354 KB-cwnd
[2024-05-27 17:50:27.074044]     7.7500 MB /   0.50 sec =  130.0226 Mbps     0 retrans   1354 KB-cwnd
[2024-05-27 17:50:27.574195]     6.1875 MB /   0.50 sec =  103.7937 Mbps     0 retrans   1354 KB-cwnd
[2024-05-27 17:50:28.074108]     7.2500 MB /   0.50 sec =  121.6531 Mbps     0 retrans   1354 KB-cwnd
[2024-05-27 17:50:28.574107]     6.8750 MB /   0.50 sec =  115.3429 Mbps     0 retrans   1354 KB-cwnd
[2024-05-27 17:50:29.074087]     9.8750 MB /   0.50 sec =  165.6700 Mbps     0 retrans   1354 KB-cwnd
[2024-05-27 17:50:29.574172]     5.6875 MB /   0.50 sec =   95.4092 Mbps     0 retrans   1354 KB-cwnd
[2024-05-27 17:50:30.074119]     7.3750 MB /   0.50 sec =  123.7483 Mbps     0 retrans   1354 KB-cwnd
[2024-05-27 17:50:30.574193]     7.8750 MB /   0.50 sec =  132.1237 Mbps     0 retrans   1354 KB-cwnd
[2024-05-27 17:50:31.074218]     6.3125 MB /   0.50 sec =  105.8846 Mbps     0 retrans   1354 KB-cwnd
[2024-05-27 17:50:31.574083]     8.6875 MB /   0.50 sec =  145.7806 Mbps     0 retrans   1354 KB-cwnd
[2024-05-27 17:50:32.074110]     8.2500 MB /   0.50 sec =  138.4106 Mbps     0 retrans   1354 KB-cwnd
[2024-05-27 17:50:32.574077]     9.5000 MB /   0.50 sec =  159.3848 Mbps     0 retrans      5 KB-cwnd
[2024-05-27 17:50:33.074179]     8.9375 MB /   0.50 sec =  149.9257 Mbps     0 retrans      5 KB-cwnd
[2024-05-27 17:50:33.574079]     7.9375 MB /   0.50 sec =  133.1889 Mbps     0 retrans      5 KB-cwnd
[2024-05-27 17:50:34.074106]     7.5000 MB /   0.50 sec =  125.8274 Mbps     0 retrans      5 KB-cwnd
[2024-05-27 17:50:34.574137]     9.6875 MB /   0.50 sec =  162.5104 Mbps     0 retrans      5 KB-cwnd
[2024-05-27 17:50:35.074003]    10.1250 MB /   0.50 sec =  169.9019 Mbps     0 retrans      5 KB-cwnd
[2024-05-27 17:50:35.574167]     9.3125 MB /   0.50 sec =  156.2031 Mbps     0 retrans   1604 KB-cwnd
[2024-05-27 17:50:36.074186]    10.5625 MB /   0.50 sec =  177.2381 Mbps     0 retrans   1604 KB-cwnd
[2024-05-27 17:50:36.574078]    11.9375 MB /   0.50 sec =  200.2784 Mbps     0 retrans   1604 KB-cwnd
[2024-05-27 17:50:37.074088]     9.0000 MB /   0.50 sec =  150.9907 Mbps     0 retrans   1604 KB-cwnd
[2024-05-27 17:50:37.574106]    10.9375 MB /   0.50 sec =  183.5037 Mbps     0 retrans   1604 KB-cwnd
[2024-05-27 17:50:38.074008]    13.2500 MB /   0.50 sec =  222.3101 Mbps     0 retrans   1604 KB-cwnd
[2024-05-27 17:50:38.574133]    10.4375 MB /   0.50 sec =  175.0971 Mbps     0 retrans   1604 KB-cwnd
[2024-05-27 17:50:39.074073]     7.9375 MB /   0.50 sec =  133.1753 Mbps     0 retrans   1604 KB-cwnd
[2024-05-27 17:50:39.574039]     8.3125 MB /   0.50 sec =  139.4651 Mbps     0 retrans   1604 KB-cwnd
[2024-05-27 17:50:40.074086]     9.7500 MB /   0.50 sec =  163.5543 Mbps     0 retrans   1604 KB-cwnd
[2024-05-27 17:50:40.574110]    10.5625 MB /   0.50 sec =  177.2221 Mbps     0 retrans   1604 KB-cwnd
[2024-05-27 17:50:41.074060]     9.9375 MB /   0.50 sec =  166.7339 Mbps     0 retrans   1604 KB-cwnd
[2024-05-27 17:50:41.574206]     9.5000 MB /   0.50 sec =  159.3807 Mbps     0 retrans   1625 KB-cwnd
[2024-05-27 17:50:42.074138]    12.6875 MB /   0.50 sec =  212.8511 Mbps     0 retrans   2287 KB-cwnd
[2024-05-27 17:50:42.574090]    11.3125 MB /   0.50 sec =  189.7957 Mbps     0 retrans   2287 KB-cwnd
[2024-05-27 17:50:43.074214]     9.3750 MB /   0.50 sec =  157.2807 Mbps     0 retrans   2287 KB-cwnd
[2024-05-27 17:50:43.574217]     4.0625 MB /   0.50 sec =   68.1480 Mbps     0 retrans   2287 KB-cwnd
[2024-05-27 17:50:44.074141]     8.0625 MB /   0.50 sec =  135.2863 Mbps     0 retrans   2289 KB-cwnd
[2024-05-27 17:50:44.574122]     8.5625 MB /   0.50 sec =  143.6676 Mbps     0 retrans   2289 KB-cwnd
[2024-05-27 17:50:45.074152]    10.8125 MB /   0.50 sec =  181.3902 Mbps     0 retrans   2289 KB-cwnd
[2024-05-27 17:50:45.574093]    10.6250 MB /   0.50 sec =  178.2622 Mbps     0 retrans   2319 KB-cwnd
[2024-05-27 17:50:46.074055]    12.0625 MB /   0.50 sec =  202.3735 Mbps     0 retrans   2322 KB-cwnd
[2024-05-27 17:50:46.574181]    13.0000 MB /   0.50 sec =  218.0872 Mbps     0 retrans   2327 KB-cwnd
[2024-05-27 17:50:47.074131]    12.3125 MB /   0.50 sec =  206.5823 Mbps     0 retrans   2327 KB-cwnd
[2024-05-27 17:50:47.574134]    11.3125 MB /   0.50 sec =  189.7926 Mbps     0 retrans   2327 KB-cwnd
[2024-05-27 17:50:48.074078]    12.3750 MB /   0.50 sec =  207.6226 Mbps     0 retrans   2340 KB-cwnd
[2024-05-27 17:50:48.574141]    12.6875 MB /   0.50 sec =  212.8567 Mbps     0 retrans   2340 KB-cwnd
[2024-05-27 17:50:49.074101]    11.8125 MB /   0.50 sec =  198.1852 Mbps     0 retrans   3429 KB-cwnd
[2024-05-27 17:50:49.574146]    10.8750 MB /   0.50 sec =  182.4457 Mbps     0 retrans   3429 KB-cwnd
[2024-05-27 17:50:50.074138]    11.1875 MB /   0.50 sec =  187.6966 Mbps     0 retrans   3429 KB-cwnd
[2024-05-27 17:50:50.574154]    10.5625 MB /   0.50 sec =  177.2065 Mbps     0 retrans   3429 KB-cwnd
[2024-05-27 17:50:51.074104]    13.1250 MB /   0.50 sec =  220.2071 Mbps     0 retrans   3429 KB-cwnd
[2024-05-27 17:50:51.574182]    10.6875 MB /   0.50 sec =  179.2832 Mbps     0 retrans   3429 KB-cwnd
[2024-05-27 17:50:52.074040]    10.5000 MB /   0.50 sec =  176.1858 Mbps     0 retrans   3429 KB-cwnd
[2024-05-27 17:50:52.574128]    12.7500 MB /   0.50 sec =  213.9018 Mbps     0 retrans   3429 KB-cwnd
[2024-05-27 17:50:53.074169]    12.2500 MB /   0.50 sec =  205.5090 Mbps     0 retrans   3429 KB-cwnd
[2024-05-27 17:50:53.574108]    11.5625 MB /   0.50 sec =  194.0029 Mbps     0 retrans   3429 KB-cwnd
[2024-05-27 17:50:54.074223]    11.6875 MB /   0.50 sec =  196.0484 Mbps     0 retrans   3429 KB-cwnd
[2024-05-27 17:50:54.574064]    11.8125 MB /   0.50 sec =  198.2154 Mbps     0 retrans   3429 KB-cwnd
[2024-05-27 17:50:54.799940] nuttcp-r: 1401.3856 MB in 139.23 real seconds = 10307.15 KB/sec = 84.4362 Mbps
[2024-05-27 17:50:54.800238] nuttcp-r: 141800 I/O calls, msec/call = 1.01, calls/sec = 1018.49
[2024-05-27 17:50:54.800365] nuttcp-r: 0.0user 5.3sys 2:19real 3% 0i+0d 1320maxrss 0+1pf 76216+252csw
[2024-05-27 17:50:54.800476] 
[2024-05-27 17:50:54.800650] nuttcp-t: v8.1.4: socket
[2024-05-27 17:50:54.800760] nuttcp-t: buflen=65536, nstream=1, port=5001 tcp -> 174.224.175.245
[2024-05-27 17:50:54.800863] nuttcp-t: time limit = 120.00 seconds
[2024-05-27 17:50:54.800965] nuttcp-t: accept from 174.224.175.245 with mss=1376, af=inet
[2024-05-27 17:50:54.801066] nuttcp-t: send window size = 450000000, receive window size = 450000000
[2024-05-27 17:50:54.801167] nuttcp-t: available send window = 225000000, available receive window = 225000000
[2024-05-27 17:50:54.801269] nuttcp-t: initial congestion window = 13 KB (10 packets)
[2024-05-27 17:50:54.801371] nuttcp-t: 1401.3856 MB in 120.00 real seconds = 11958.48 KB/sec = 97.9639 Mbps
[2024-05-27 17:50:54.801473] nuttcp-t: retrans = 0 cwnd = 3950 KB
[2024-05-27 17:50:54.801579] nuttcp-t: 22423 I/O calls, msec/call = 5.48, calls/sec = 186.86
[2024-05-27 17:50:54.801679] nuttcp-t: 0.0user 0.4sys 2:00real 0% 0i+0d 94maxrss 0+0pf 8+2csw
End time: 1716846654833
