Start time: 1716840527675
[2024-05-27 16:08:48.748335] nuttcp-r: v8.1.4: socket
[2024-05-27 16:08:48.749180] nuttcp-r: buflen=65536, nstream=1, port=5001 tcp
[2024-05-27 16:08:48.749268] nuttcp-r: interval reporting every 0.50 seconds
[2024-05-27 16:08:48.749338] nuttcp-r: connect to 35.245.244.238 with RTT=52.223 ms af=inet
[2024-05-27 16:08:48.749403] nuttcp-r: send window size = 524288, receive window size = 4194304
[2024-05-27 16:08:48.749466] nuttcp-r: available send window = 393216, available receive window = 3145728
[2024-05-27 16:08:48.749528]     0.8125 MB /   0.50 sec =   13.6296 Mbps     0 retrans     13 KB-cwnd
[2024-05-27 16:08:49.248330]     1.6875 MB /   0.50 sec =   28.3088 Mbps     0 retrans     13 KB-cwnd
[2024-05-27 16:08:49.748471]     0.8125 MB /   0.50 sec =   13.6291 Mbps     0 retrans     13 KB-cwnd
[2024-05-27 16:08:50.248222]     1.6250 MB /   0.50 sec =   27.2721 Mbps     0 retrans     13 KB-cwnd
[2024-05-27 16:08:50.748423]     1.5000 MB /   0.50 sec =   25.1594 Mbps     0 retrans     13 KB-cwnd
[2024-05-27 16:08:51.248281]     1.1875 MB /   0.50 sec =   19.9266 Mbps     0 retrans     13 KB-cwnd
[2024-05-27 16:08:51.748273]     0.7500 MB /   0.50 sec =   12.5831 Mbps     0 retrans     13 KB-cwnd
[2024-05-27 16:08:52.248155]     0.8125 MB /   0.50 sec =   13.6325 Mbps     0 retrans     13 KB-cwnd
[2024-05-27 16:08:52.748360]     1.2500 MB /   0.50 sec =   20.9670 Mbps     0 retrans     13 KB-cwnd
[2024-05-27 16:08:53.248235]     1.1250 MB /   0.50 sec =   18.8774 Mbps     0 retrans     13 KB-cwnd
[2024-05-27 16:08:53.748319]     1.3125 MB /   0.50 sec =   22.0188 Mbps     0 retrans     13 KB-cwnd
[2024-05-27 16:08:54.248271]     1.5000 MB /   0.50 sec =   25.1671 Mbps     0 retrans     13 KB-cwnd
[2024-05-27 16:08:54.748311]     0.7500 MB /   0.50 sec =   12.5815 Mbps     0 retrans     13 KB-cwnd
[2024-05-27 16:08:55.248298]     0.7500 MB /   0.50 sec =   12.5833 Mbps     0 retrans     13 KB-cwnd
[2024-05-27 16:08:55.748276]     0.5000 MB /   0.50 sec =    8.3892 Mbps     0 retrans     13 KB-cwnd
[2024-05-27 16:08:56.248136]     0.7500 MB /   0.50 sec =   12.5838 Mbps     0 retrans     13 KB-cwnd
[2024-05-27 16:08:56.748276]     0.6875 MB /   0.50 sec =   11.5331 Mbps     0 retrans     13 KB-cwnd
[2024-05-27 16:08:57.248230]     0.7500 MB /   0.50 sec =   12.5835 Mbps     0 retrans     13 KB-cwnd
[2024-05-27 16:08:57.748237]     0.6250 MB /   0.50 sec =   10.4848 Mbps     0 retrans     13 KB-cwnd
[2024-05-27 16:08:58.248377]     0.9375 MB /   0.50 sec =   15.7273 Mbps     0 retrans     13 KB-cwnd
[2024-05-27 16:08:58.748282]     0.9375 MB /   0.50 sec =   15.7314 Mbps     0 retrans     13 KB-cwnd
[2024-05-27 16:08:59.248250]     0.9375 MB /   0.50 sec =   15.7288 Mbps     0 retrans     13 KB-cwnd
[2024-05-27 16:08:59.748279]     1.2500 MB /   0.50 sec =   20.9709 Mbps     0 retrans     13 KB-cwnd
[2024-05-27 16:09:00.248302]     1.4375 MB /   0.50 sec =   24.1154 Mbps     0 retrans     13 KB-cwnd
[2024-05-27 16:09:00.748268]     1.6250 MB /   0.50 sec =   27.2654 Mbps     0 retrans     13 KB-cwnd
[2024-05-27 16:09:01.248129]     2.1250 MB /   0.50 sec =   35.6550 Mbps     0 retrans     13 KB-cwnd
[2024-05-27 16:09:01.748246]     2.1875 MB /   0.50 sec =   36.6973 Mbps     0 retrans     13 KB-cwnd
[2024-05-27 16:09:02.248266]     2.2500 MB /   0.50 sec =   37.7475 Mbps     0 retrans     13 KB-cwnd
[2024-05-27 16:09:02.748348]     2.1250 MB /   0.50 sec =   35.6473 Mbps     0 retrans     13 KB-cwnd
[2024-05-27 16:09:03.248237]     2.1875 MB /   0.50 sec =   36.7062 Mbps     0 retrans     13 KB-cwnd
[2024-05-27 16:09:03.748247]     1.2500 MB /   0.50 sec =   20.9711 Mbps     0 retrans     13 KB-cwnd
[2024-05-27 16:09:04.248437]     2.4375 MB /   0.50 sec =   40.8943 Mbps     0 retrans     13 KB-cwnd
[2024-05-27 16:09:04.748234]     2.3125 MB /   0.50 sec =   38.7981 Mbps     0 retrans     13 KB-cwnd
[2024-05-27 16:09:05.248251]     1.1875 MB /   0.50 sec =   19.9225 Mbps     0 retrans     13 KB-cwnd
[2024-05-27 16:09:05.748472]     0.9375 MB /   0.50 sec =   15.7269 Mbps     0 retrans     13 KB-cwnd
[2024-05-27 16:09:06.248217]     1.0625 MB /   0.50 sec =   17.8281 Mbps     0 retrans     13 KB-cwnd
[2024-05-27 16:09:06.748195]     0.6875 MB /   0.50 sec =   11.5339 Mbps     0 retrans     13 KB-cwnd
[2024-05-27 16:09:07.248274]     1.3125 MB /   0.50 sec =   22.0197 Mbps     0 retrans     13 KB-cwnd
[2024-05-27 16:09:07.748296]     0.6875 MB /   0.50 sec =   11.5337 Mbps     0 retrans     13 KB-cwnd
[2024-05-27 16:09:08.248226]     1.0625 MB /   0.50 sec =   17.8279 Mbps     0 retrans     13 KB-cwnd
[2024-05-27 16:09:08.748239]     0.4375 MB /   0.50 sec =    7.3398 Mbps     0 retrans     13 KB-cwnd
[2024-05-27 16:09:09.248241]     1.0625 MB /   0.50 sec =   17.8265 Mbps     0 retrans     13 KB-cwnd
[2024-05-27 16:09:09.748259]     1.0000 MB /   0.50 sec =   16.7767 Mbps     0 retrans     13 KB-cwnd
[2024-05-27 16:09:10.248256]     0.8125 MB /   0.50 sec =   13.6318 Mbps     0 retrans     13 KB-cwnd
[2024-05-27 16:09:10.748299]     0.3750 MB /   0.50 sec =    6.2907 Mbps     0 retrans     13 KB-cwnd
[2024-05-27 16:09:11.248281]     0.3125 MB /   0.50 sec =    5.2434 Mbps     0 retrans     13 KB-cwnd
[2024-05-27 16:09:11.748356]     0.1875 MB /   0.50 sec =    3.1453 Mbps     0 retrans     13 KB-cwnd
[2024-05-27 16:09:12.248696]     0.0625 MB /   0.50 sec =    1.0483 Mbps     0 retrans     13 KB-cwnd
[2024-05-27 16:09:12.748519]     0.0625 MB /   0.50 sec =    1.0486 Mbps     0 retrans     13 KB-cwnd
[2024-05-27 16:09:13.248436]     0.0000 MB /   0.50 sec =    0.0000 Mbps     0 retrans     13 KB-cwnd
[2024-05-27 16:09:13.748391]     0.1250 MB /   0.50 sec =    2.0966 Mbps     0 retrans     13 KB-cwnd
[2024-05-27 16:09:14.248216]     0.0000 MB /   0.50 sec =    0.0000 Mbps     0 retrans     13 KB-cwnd
[2024-05-27 16:09:14.748278]     0.0625 MB /   0.50 sec =    1.0486 Mbps     0 retrans     13 KB-cwnd
[2024-05-27 16:09:15.248326]     0.1250 MB /   0.50 sec =    2.0968 Mbps     0 retrans     13 KB-cwnd
[2024-05-27 16:09:15.748268]     0.1250 MB /   0.50 sec =    2.0975 Mbps     0 retrans     13 KB-cwnd
[2024-05-27 16:09:16.248263]     0.1250 MB /   0.50 sec =    2.0972 Mbps     0 retrans     13 KB-cwnd
[2024-05-27 16:09:16.748419]     0.0625 MB /   0.50 sec =    1.0486 Mbps     0 retrans     13 KB-cwnd
[2024-05-27 16:09:17.248361]     0.1250 MB /   0.50 sec =    2.0967 Mbps     0 retrans     13 KB-cwnd
[2024-05-27 16:09:17.748271]     0.0625 MB /   0.50 sec =    1.0488 Mbps     0 retrans     13 KB-cwnd
[2024-05-27 16:09:18.248305]     0.1875 MB /   0.50 sec =    3.1454 Mbps     0 retrans     13 KB-cwnd
[2024-05-27 16:09:18.748156]     0.1875 MB /   0.50 sec =    3.1463 Mbps     0 retrans     13 KB-cwnd
[2024-05-27 16:09:19.248408]     0.1250 MB /   0.50 sec =    2.0966 Mbps     0 retrans     13 KB-cwnd
[2024-05-27 16:09:19.748255]     0.0000 MB /   0.50 sec =    0.0000 Mbps     0 retrans     13 KB-cwnd
[2024-05-27 16:09:20.248382]     0.0625 MB /   0.50 sec =    1.0485 Mbps     0 retrans     13 KB-cwnd
[2024-05-27 16:09:20.748355]     0.0000 MB /   0.50 sec =    0.0000 Mbps     0 retrans     13 KB-cwnd
[2024-05-27 16:09:21.248240]     0.0625 MB /   0.50 sec =    1.0488 Mbps     0 retrans     13 KB-cwnd
[2024-05-27 16:09:21.748504]     0.0000 MB /   0.50 sec =    0.0000 Mbps     0 retrans     13 KB-cwnd
[2024-05-27 16:09:22.248361]     0.0625 MB /   0.50 sec =    1.0488 Mbps     0 retrans     13 KB-cwnd
[2024-05-27 16:09:22.748345]     0.0000 MB /   0.50 sec =    0.0000 Mbps     0 retrans     13 KB-cwnd
[2024-05-27 16:09:23.248225]     0.0000 MB /   0.50 sec =    0.0000 Mbps     0 retrans     13 KB-cwnd
[2024-05-27 16:09:23.748453]     0.0000 MB /   0.50 sec =    0.0000 Mbps     0 retrans     13 KB-cwnd
[2024-05-27 16:09:24.248314]     0.0625 MB /   0.50 sec =    1.0488 Mbps     0 retrans     13 KB-cwnd
[2024-05-27 16:09:24.748395]     0.0000 MB /   0.50 sec =    0.0000 Mbps     0 retrans     13 KB-cwnd
[2024-05-27 16:09:25.248403]     0.0000 MB /   0.50 sec =    0.0000 Mbps     0 retrans     13 KB-cwnd
[2024-05-27 16:09:25.748537]     0.0625 MB /   0.50 sec =    1.0486 Mbps     0 retrans     13 KB-cwnd
[2024-05-27 16:09:26.248378]     0.0625 MB /   0.50 sec =    1.0486 Mbps     0 retrans     13 KB-cwnd
[2024-05-27 16:09:26.748315]     0.1250 MB /   0.50 sec =    2.0974 Mbps     0 retrans     13 KB-cwnd
[2024-05-27 16:09:27.248675]     0.0000 MB /   0.50 sec =    0.0000 Mbps     0 retrans     13 KB-cwnd
[2024-05-27 16:09:27.748377]     0.1250 MB /   0.50 sec =    2.0982 Mbps     0 retrans     13 KB-cwnd
[2024-05-27 16:09:28.248291]     0.0000 MB /   0.50 sec =    0.0000 Mbps     0 retrans     13 KB-cwnd
[2024-05-27 16:09:28.748366]     0.0000 MB /   0.50 sec =    0.0000 Mbps     0 retrans     13 KB-cwnd
[2024-05-27 16:09:29.248478]     0.0000 MB /   0.50 sec =    0.0000 Mbps     0 retrans     13 KB-cwnd
[2024-05-27 16:09:29.748411]     0.0625 MB /   0.50 sec =    1.0487 Mbps     0 retrans     13 KB-cwnd
[2024-05-27 16:09:30.248346]     0.0000 MB /   0.50 sec =    0.0000 Mbps     0 retrans     13 KB-cwnd
[2024-05-27 16:09:30.748172]     0.0000 MB /   0.50 sec =    0.0000 Mbps     0 retrans     13 KB-cwnd
[2024-05-27 16:09:31.248307]     0.5000 MB /   0.50 sec =    8.3872 Mbps     0 retrans     13 KB-cwnd
[2024-05-27 16:09:31.748292]     0.1875 MB /   0.50 sec =    3.1459 Mbps     0 retrans     13 KB-cwnd
[2024-05-27 16:09:32.248271]     0.0625 MB /   0.50 sec =    1.0487 Mbps     0 retrans     13 KB-cwnd
[2024-05-27 16:09:32.748335]     0.1250 MB /   0.50 sec =    2.0967 Mbps     0 retrans     13 KB-cwnd
[2024-05-27 16:09:33.248563]     0.0625 MB /   0.50 sec =    1.0483 Mbps     0 retrans     13 KB-cwnd
[2024-05-27 16:09:33.748529]     0.0625 MB /   0.50 sec =    1.0486 Mbps     0 retrans     13 KB-cwnd
[2024-05-27 16:09:34.248265]     0.0625 MB /   0.50 sec =    1.0489 Mbps     0 retrans     13 KB-cwnd
[2024-05-27 16:09:34.748343]     0.0625 MB /   0.50 sec =    1.0484 Mbps     0 retrans     13 KB-cwnd
[2024-05-27 16:09:35.248235]     0.1250 MB /   0.50 sec =    2.0975 Mbps     0 retrans     13 KB-cwnd
[2024-05-27 16:09:35.748491]     0.0625 MB /   0.50 sec =    1.0483 Mbps     0 retrans     13 KB-cwnd
[2024-05-27 16:09:36.248251]     0.2500 MB /   0.50 sec =    4.1952 Mbps     0 retrans     13 KB-cwnd
[2024-05-27 16:09:36.748257]     0.3125 MB /   0.50 sec =    5.2428 Mbps     0 retrans     13 KB-cwnd
[2024-05-27 16:09:37.248224]     0.3750 MB /   0.50 sec =    6.2917 Mbps     0 retrans     13 KB-cwnd
[2024-05-27 16:09:37.748262]     0.1875 MB /   0.50 sec =    3.1457 Mbps     0 retrans     13 KB-cwnd
[2024-05-27 16:09:38.248473]     0.2500 MB /   0.50 sec =    4.1929 Mbps     0 retrans     13 KB-cwnd
[2024-05-27 16:09:38.748162]     0.2500 MB /   0.50 sec =    4.1960 Mbps     0 retrans     13 KB-cwnd
[2024-05-27 16:09:39.248264]     0.4375 MB /   0.50 sec =    7.3396 Mbps     0 retrans     13 KB-cwnd
[2024-05-27 16:09:39.748285]     0.2500 MB /   0.50 sec =    4.1942 Mbps     0 retrans     13 KB-cwnd
[2024-05-27 16:09:40.248282]     0.1875 MB /   0.50 sec =    3.1455 Mbps     0 retrans     13 KB-cwnd
[2024-05-27 16:09:40.748417]     0.5000 MB /   0.50 sec =    8.3892 Mbps     0 retrans     13 KB-cwnd
[2024-05-27 16:09:41.248236]     0.5000 MB /   0.50 sec =    8.3887 Mbps     0 retrans     13 KB-cwnd
[2024-05-27 16:09:41.748472]     0.5000 MB /   0.50 sec =    8.3877 Mbps     0 retrans     13 KB-cwnd
[2024-05-27 16:09:42.248303]     0.4375 MB /   0.50 sec =    7.3400 Mbps     0 retrans     13 KB-cwnd
[2024-05-27 16:09:42.748227]     0.3125 MB /   0.50 sec =    5.2433 Mbps     0 retrans     13 KB-cwnd
[2024-05-27 16:09:43.248245]     0.6250 MB /   0.50 sec =   10.4863 Mbps     0 retrans     13 KB-cwnd
[2024-05-27 16:09:43.748252]     0.5000 MB /   0.50 sec =    8.3886 Mbps     0 retrans     13 KB-cwnd
[2024-05-27 16:09:44.248249]     0.4375 MB /   0.50 sec =    7.3401 Mbps     0 retrans     13 KB-cwnd
[2024-05-27 16:09:44.748276]     0.3750 MB /   0.50 sec =    6.2906 Mbps     0 retrans     13 KB-cwnd
[2024-05-27 16:09:45.248322]     0.1875 MB /   0.50 sec =    3.1459 Mbps     0 retrans     13 KB-cwnd
[2024-05-27 16:09:45.748279]     0.2500 MB /   0.50 sec =    4.1945 Mbps     0 retrans     13 KB-cwnd
[2024-05-27 16:09:46.248516]     0.2500 MB /   0.50 sec =    4.1936 Mbps     0 retrans     13 KB-cwnd
[2024-05-27 16:09:46.748376]     0.0000 MB /   0.50 sec =    0.0000 Mbps     0 retrans     13 KB-cwnd
[2024-05-27 16:09:47.248235]     0.0000 MB /   0.50 sec =    0.0000 Mbps     0 retrans     13 KB-cwnd
[2024-05-27 16:09:47.748396]     0.0625 MB /   0.50 sec =    1.0485 Mbps     0 retrans     13 KB-cwnd
[2024-05-27 16:09:48.248372]     0.0000 MB /   0.50 sec =    0.0000 Mbps     0 retrans     13 KB-cwnd
[2024-05-27 16:09:48.748308]     0.1875 MB /   0.50 sec =    3.1460 Mbps     0 retrans     13 KB-cwnd
[2024-05-27 16:09:49.248234]     0.0625 MB /   0.50 sec =    1.0487 Mbps     0 retrans     13 KB-cwnd
[2024-05-27 16:09:49.748482]     0.0625 MB /   0.50 sec =    1.0482 Mbps     0 retrans     13 KB-cwnd
[2024-05-27 16:09:50.248327]     0.4375 MB /   0.50 sec =    7.3418 Mbps     0 retrans     13 KB-cwnd
[2024-05-27 16:09:50.748237]     0.5000 MB /   0.50 sec =    8.3899 Mbps     0 retrans     13 KB-cwnd
[2024-05-27 16:09:51.248330]     0.5625 MB /   0.50 sec =    9.4359 Mbps     0 retrans     13 KB-cwnd
[2024-05-27 16:09:51.748291]     0.6875 MB /   0.50 sec =   11.5356 Mbps     0 retrans     13 KB-cwnd
[2024-05-27 16:09:52.248239]     0.8125 MB /   0.50 sec =   13.6314 Mbps     0 retrans     13 KB-cwnd
[2024-05-27 16:09:52.748402]     0.8750 MB /   0.50 sec =   14.6803 Mbps     0 retrans     13 KB-cwnd
[2024-05-27 16:09:53.248243]     1.0625 MB /   0.50 sec =   17.8258 Mbps     0 retrans     13 KB-cwnd
[2024-05-27 16:09:53.748303]     1.1875 MB /   0.50 sec =   19.9215 Mbps     0 retrans     13 KB-cwnd
[2024-05-27 16:09:54.248247]     1.5625 MB /   0.50 sec =   26.2168 Mbps     0 retrans     13 KB-cwnd
[2024-05-27 16:09:54.748289]     1.8750 MB /   0.50 sec =   31.4566 Mbps     0 retrans     13 KB-cwnd
[2024-05-27 16:09:55.248284]     2.4375 MB /   0.50 sec =   40.8932 Mbps     0 retrans     13 KB-cwnd
[2024-05-27 16:09:55.748262]     3.0000 MB /   0.50 sec =   50.3335 Mbps     0 retrans     13 KB-cwnd
[2024-05-27 16:09:56.248286]     2.8750 MB /   0.50 sec =   48.2319 Mbps     0 retrans     13 KB-cwnd
[2024-05-27 16:09:56.748263]     4.0000 MB /   0.50 sec =   67.1125 Mbps     0 retrans     13 KB-cwnd
[2024-05-27 16:09:57.248253]     4.3125 MB /   0.50 sec =   72.3533 Mbps     0 retrans     13 KB-cwnd
[2024-05-27 16:09:57.748300]     4.4375 MB /   0.50 sec =   74.4407 Mbps     0 retrans     13 KB-cwnd
[2024-05-27 16:09:58.248417]     5.1250 MB /   0.50 sec =   85.9920 Mbps     0 retrans     13 KB-cwnd
[2024-05-27 16:09:58.748231]     5.6250 MB /   0.50 sec =   94.3726 Mbps     0 retrans     13 KB-cwnd
[2024-05-27 16:09:59.248192]     5.5000 MB /   0.50 sec =   92.2763 Mbps     0 retrans     13 KB-cwnd
[2024-05-27 16:09:59.748256]     5.8750 MB /   0.50 sec =   98.5628 Mbps     0 retrans     13 KB-cwnd
[2024-05-27 16:10:00.248268]     6.0000 MB /   0.50 sec =  100.6597 Mbps     0 retrans     13 KB-cwnd
[2024-05-27 16:10:00.748249]     5.8125 MB /   0.50 sec =   97.5209 Mbps     0 retrans     13 KB-cwnd
[2024-05-27 16:10:01.248248]     5.9375 MB /   0.50 sec =   99.6161 Mbps     0 retrans     13 KB-cwnd
[2024-05-27 16:10:01.748251]     6.0625 MB /   0.50 sec =  101.7111 Mbps     0 retrans     13 KB-cwnd
[2024-05-27 16:10:02.248242]     5.9375 MB /   0.50 sec =   99.6151 Mbps     0 retrans     17 KB-cwnd
[2024-05-27 16:10:02.748266]     5.8125 MB /   0.50 sec =   97.5168 Mbps     0 retrans     17 KB-cwnd
[2024-05-27 16:10:03.248201]     6.0625 MB /   0.50 sec =  101.7127 Mbps     0 retrans     17 KB-cwnd
[2024-05-27 16:10:03.748215]     6.1875 MB /   0.50 sec =  103.8111 Mbps     0 retrans     17 KB-cwnd
[2024-05-27 16:10:04.248222]     6.3125 MB /   0.50 sec =  105.9051 Mbps     0 retrans     17 KB-cwnd
[2024-05-27 16:10:04.748357]     6.3750 MB /   0.50 sec =  106.9545 Mbps     0 retrans     26 KB-cwnd
[2024-05-27 16:10:05.248274]     5.4375 MB /   0.50 sec =   91.2166 Mbps     0 retrans     26 KB-cwnd
[2024-05-27 16:10:05.748134]     6.0625 MB /   0.50 sec =  101.7292 Mbps     0 retrans     26 KB-cwnd
[2024-05-27 16:10:06.248270]     6.0625 MB /   0.50 sec =  101.6950 Mbps     0 retrans     26 KB-cwnd
[2024-05-27 16:10:06.748266]     5.0625 MB /   0.50 sec =   84.9357 Mbps     0 retrans     26 KB-cwnd
[2024-05-27 16:10:07.248250]     6.5000 MB /   0.50 sec =  109.0613 Mbps     0 retrans     26 KB-cwnd
[2024-05-27 16:10:07.748301]     5.8125 MB /   0.50 sec =   97.5041 Mbps     0 retrans     26 KB-cwnd
[2024-05-27 16:10:08.248278]     5.6875 MB /   0.50 sec =   95.4229 Mbps     0 retrans     26 KB-cwnd
[2024-05-27 16:10:08.748267]     5.9375 MB /   0.50 sec =   99.6207 Mbps     0 retrans     26 KB-cwnd
[2024-05-27 16:10:09.248274]     4.9375 MB /   0.50 sec =   82.8334 Mbps     0 retrans     26 KB-cwnd
[2024-05-27 16:10:09.748252]     4.3125 MB /   0.50 sec =   72.3572 Mbps     0 retrans     26 KB-cwnd
[2024-05-27 16:10:10.248227]     6.6250 MB /   0.50 sec =  111.1515 Mbps     0 retrans     26 KB-cwnd
[2024-05-27 16:10:10.748281]     7.1250 MB /   0.50 sec =  119.5248 Mbps     0 retrans     26 KB-cwnd
[2024-05-27 16:10:11.248177]     5.4375 MB /   0.50 sec =   91.2387 Mbps     0 retrans     26 KB-cwnd
[2024-05-27 16:10:11.748294]     7.8750 MB /   0.50 sec =  132.0992 Mbps     0 retrans     26 KB-cwnd
[2024-05-27 16:10:12.248206]     8.5625 MB /   0.50 sec =  143.6768 Mbps     0 retrans     26 KB-cwnd
[2024-05-27 16:10:12.748437]     8.3125 MB /   0.50 sec =  139.4525 Mbps     0 retrans     26 KB-cwnd
[2024-05-27 16:10:13.248222]     8.0625 MB /   0.50 sec =  135.2712 Mbps     0 retrans     26 KB-cwnd
[2024-05-27 16:10:13.748244]     8.4375 MB /   0.50 sec =  141.5558 Mbps     0 retrans     26 KB-cwnd
[2024-05-27 16:10:14.248220]     8.9375 MB /   0.50 sec =  149.9494 Mbps     0 retrans     30 KB-cwnd
[2024-05-27 16:10:14.748239]     7.0625 MB /   0.50 sec =  118.4912 Mbps     0 retrans     30 KB-cwnd
[2024-05-27 16:10:15.248221]     5.8125 MB /   0.50 sec =   97.5158 Mbps     0 retrans     30 KB-cwnd
[2024-05-27 16:10:15.748267]     6.0000 MB /   0.50 sec =  100.6631 Mbps     0 retrans     30 KB-cwnd
[2024-05-27 16:10:16.248210]     5.6250 MB /   0.50 sec =   94.3728 Mbps     0 retrans     34 KB-cwnd
[2024-05-27 16:10:16.748381]     4.3125 MB /   0.50 sec =   72.3507 Mbps     0 retrans     34 KB-cwnd
[2024-05-27 16:10:17.248236]     4.3750 MB /   0.50 sec =   73.4011 Mbps     0 retrans     34 KB-cwnd
[2024-05-27 16:10:17.748131]     3.0000 MB /   0.50 sec =   50.3353 Mbps     0 retrans     34 KB-cwnd
[2024-05-27 16:10:18.248221]     3.8125 MB /   0.50 sec =   63.9576 Mbps     0 retrans     37 KB-cwnd
[2024-05-27 16:10:18.748279]     3.3125 MB /   0.50 sec =   55.5694 Mbps     0 retrans     37 KB-cwnd
[2024-05-27 16:10:19.248235]     4.0625 MB /   0.50 sec =   68.1647 Mbps     0 retrans     37 KB-cwnd
[2024-05-27 16:10:19.748285]     0.5625 MB /   0.50 sec =    9.4368 Mbps     0 retrans     37 KB-cwnd
[2024-05-27 16:10:20.248249]     0.1250 MB /   0.50 sec =    2.0972 Mbps     0 retrans     37 KB-cwnd
[2024-05-27 16:10:20.748260]     0.3750 MB /   0.50 sec =    6.2909 Mbps     0 retrans     37 KB-cwnd
[2024-05-27 16:10:21.248473]     0.1250 MB /   0.50 sec =    2.0971 Mbps     0 retrans     37 KB-cwnd
[2024-05-27 16:10:21.748300]     0.4375 MB /   0.50 sec =    7.3399 Mbps     0 retrans     37 KB-cwnd
[2024-05-27 16:10:22.248451]     1.2500 MB /   0.50 sec =   20.9704 Mbps     0 retrans     37 KB-cwnd
[2024-05-27 16:10:22.748246]     0.0625 MB /   0.50 sec =    1.0487 Mbps     0 retrans     37 KB-cwnd
[2024-05-27 16:10:23.248272]     5.0625 MB /   0.50 sec =   84.9319 Mbps     0 retrans     45 KB-cwnd
[2024-05-27 16:10:23.748256]     2.0000 MB /   0.50 sec =   33.5573 Mbps     0 retrans     45 KB-cwnd
[2024-05-27 16:10:24.248304]     3.9375 MB /   0.50 sec =   66.0501 Mbps     0 retrans     45 KB-cwnd
[2024-05-27 16:10:24.748332]     5.6250 MB /   0.50 sec =   94.3700 Mbps     0 retrans     45 KB-cwnd
[2024-05-27 16:10:25.248221]     5.6250 MB /   0.50 sec =   94.3868 Mbps     0 retrans     52 KB-cwnd
[2024-05-27 16:10:25.748240]     5.8750 MB /   0.50 sec =   98.5685 Mbps     0 retrans     52 KB-cwnd
[2024-05-27 16:10:26.248255]     6.7500 MB /   0.50 sec =  113.2417 Mbps     0 retrans     52 KB-cwnd
[2024-05-27 16:10:26.748347]     8.0625 MB /   0.50 sec =  135.2436 Mbps     0 retrans     52 KB-cwnd
[2024-05-27 16:10:27.248253]     8.7500 MB /   0.50 sec =  146.8224 Mbps     0 retrans     52 KB-cwnd
[2024-05-27 16:10:27.748405]     9.2500 MB /   0.50 sec =  155.1927 Mbps     0 retrans     52 KB-cwnd
[2024-05-27 16:10:28.248229]    10.8125 MB /   0.50 sec =  181.4026 Mbps     1 retrans   1440 KB-cwnd
[2024-05-27 16:10:28.748168]    11.5625 MB /   0.50 sec =  193.9901 Mbps     0 retrans   1440 KB-cwnd
[2024-05-27 16:10:29.248311]    11.5000 MB /   0.50 sec =  192.9098 Mbps     0 retrans   1440 KB-cwnd
[2024-05-27 16:10:29.748250]    12.3750 MB /   0.50 sec =  207.6430 Mbps     0 retrans   1440 KB-cwnd
[2024-05-27 16:10:30.248233]    11.5625 MB /   0.50 sec =  193.9916 Mbps     0 retrans   1440 KB-cwnd
[2024-05-27 16:10:30.748250]    11.6875 MB /   0.50 sec =  196.0814 Mbps     0 retrans   1453 KB-cwnd
[2024-05-27 16:10:31.248249]    12.1250 MB /   0.50 sec =  203.4225 Mbps     0 retrans   1453 KB-cwnd
[2024-05-27 16:10:31.748321]    11.8750 MB /   0.50 sec =  199.2012 Mbps     0 retrans   1453 KB-cwnd
[2024-05-27 16:10:32.248208]    12.1250 MB /   0.50 sec =  203.4559 Mbps     0 retrans   1453 KB-cwnd
[2024-05-27 16:10:32.748250]    12.3125 MB /   0.50 sec =  206.5649 Mbps     0 retrans   1453 KB-cwnd
[2024-05-27 16:10:33.248253]    12.2500 MB /   0.50 sec =  205.5230 Mbps     0 retrans   1453 KB-cwnd
[2024-05-27 16:10:33.748223]    11.1875 MB /   0.50 sec =  187.6951 Mbps     0 retrans   1453 KB-cwnd
[2024-05-27 16:10:34.248140]    11.9375 MB /   0.50 sec =  200.2916 Mbps     0 retrans   2093 KB-cwnd
[2024-05-27 16:10:34.748312]    11.6250 MB /   0.50 sec =  194.9993 Mbps     0 retrans   2101 KB-cwnd
[2024-05-27 16:10:35.248328]    10.3750 MB /   0.50 sec =  174.0601 Mbps     0 retrans   2101 KB-cwnd
[2024-05-27 16:10:35.748240]     9.2500 MB /   0.50 sec =  155.2113 Mbps     0 retrans   2101 KB-cwnd
[2024-05-27 16:10:36.248221]     6.3750 MB /   0.50 sec =  106.9556 Mbps     0 retrans   2101 KB-cwnd
[2024-05-27 16:10:36.748289]     4.6875 MB /   0.50 sec =   78.6328 Mbps     0 retrans   2101 KB-cwnd
[2024-05-27 16:10:37.248240]     3.2500 MB /   0.50 sec =   54.5324 Mbps     0 retrans   2101 KB-cwnd
[2024-05-27 16:10:37.748331]     3.0000 MB /   0.50 sec =   50.3328 Mbps     0 retrans   2101 KB-cwnd
[2024-05-27 16:10:38.248227]     1.1875 MB /   0.50 sec =   19.9235 Mbps     0 retrans   2101 KB-cwnd
[2024-05-27 16:10:38.748312]     0.3750 MB /   0.50 sec =    6.2904 Mbps     0 retrans   2101 KB-cwnd
[2024-05-27 16:10:39.248374]     0.0000 MB /   0.50 sec =    0.0000 Mbps     0 retrans   2101 KB-cwnd
[2024-05-27 16:10:39.748217]     0.1250 MB /   0.50 sec =    2.0976 Mbps     0 retrans   2101 KB-cwnd
[2024-05-27 16:10:40.248264]     0.0625 MB /   0.50 sec =    1.0486 Mbps     0 retrans   2101 KB-cwnd
[2024-05-27 16:10:40.748245]     0.1875 MB /   0.50 sec =    3.1459 Mbps     0 retrans   2101 KB-cwnd
[2024-05-27 16:10:41.248297]     0.0000 MB /   0.50 sec =    0.0000 Mbps     0 retrans   2101 KB-cwnd
[2024-05-27 16:10:41.748178]     0.0000 MB /   0.50 sec =    0.0000 Mbps     0 retrans   2101 KB-cwnd
[2024-05-27 16:10:42.248142]     0.8750 MB /   0.50 sec =   14.6808 Mbps     0 retrans   2101 KB-cwnd
[2024-05-27 16:10:42.748418]     0.8125 MB /   0.50 sec =   13.6275 Mbps     0 retrans   2101 KB-cwnd
[2024-05-27 16:10:43.248382]     1.0000 MB /   0.50 sec =   16.7811 Mbps     0 retrans   2101 KB-cwnd
[2024-05-27 16:10:43.748236]     1.8750 MB /   0.50 sec =   31.4568 Mbps     0 retrans   2101 KB-cwnd
[2024-05-27 16:10:44.248212]     0.9375 MB /   0.50 sec =   15.7290 Mbps     0 retrans   2101 KB-cwnd
[2024-05-27 16:10:44.748366]     1.2500 MB /   0.50 sec =   20.9672 Mbps     0 retrans   2101 KB-cwnd
[2024-05-27 16:10:45.248124]     1.5000 MB /   0.50 sec =   25.1725 Mbps     0 retrans   2101 KB-cwnd
[2024-05-27 16:10:45.748280]     1.1250 MB /   0.50 sec =   18.8722 Mbps     0 retrans   2101 KB-cwnd
[2024-05-27 16:10:46.248194]     1.3750 MB /   0.50 sec =   23.0699 Mbps     0 retrans   2101 KB-cwnd
[2024-05-27 16:10:46.748239]     1.2500 MB /   0.50 sec =   20.9708 Mbps     0 retrans   2101 KB-cwnd
[2024-05-27 16:10:47.248305]     0.8750 MB /   0.50 sec =   14.6783 Mbps     0 retrans   2101 KB-cwnd
[2024-05-27 16:10:47.748254]     0.1875 MB /   0.50 sec =    3.1461 Mbps     0 retrans   2101 KB-cwnd
[2024-05-27 16:10:48.248338]     0.5000 MB /   0.50 sec =    8.3876 Mbps     0 retrans   2101 KB-cwnd
[2024-05-27 16:10:48.748287]     0.6875 MB /   0.50 sec =   11.5357 Mbps     0 retrans   2101 KB-cwnd
[2024-05-27 16:10:49.248129]     0.2500 MB /   0.50 sec =    4.1947 Mbps     0 retrans   2101 KB-cwnd
[2024-05-27 16:10:49.748289]     0.0000 MB /   0.50 sec =    0.0000 Mbps     0 retrans   2101 KB-cwnd
[2024-05-27 16:10:50.248266]     0.0625 MB /   0.50 sec =    1.0486 Mbps     0 retrans   2101 KB-cwnd
[2024-05-27 16:10:50.748246]     0.1250 MB /   0.50 sec =    2.0972 Mbps     0 retrans   2101 KB-cwnd
[2024-05-27 16:10:51.248235]     0.2500 MB /   0.50 sec =    4.1944 Mbps     0 retrans   2101 KB-cwnd
[2024-05-27 16:10:51.748186]     0.1250 MB /   0.50 sec =    2.0972 Mbps     0 retrans   2101 KB-cwnd
[2024-05-27 16:10:52.248345]     0.1250 MB /   0.50 sec =    2.0967 Mbps     0 retrans   2101 KB-cwnd
[2024-05-27 16:10:52.748276]     0.0625 MB /   0.50 sec =    1.0487 Mbps     0 retrans   2101 KB-cwnd
[2024-05-27 16:10:53.248221]     0.0625 MB /   0.50 sec =    1.0486 Mbps     0 retrans   2101 KB-cwnd
[2024-05-27 16:10:53.748352]     0.0000 MB /   0.50 sec =    0.0000 Mbps     0 retrans   2101 KB-cwnd
[2024-05-27 16:10:54.248211]     0.0000 MB /   0.50 sec =    0.0000 Mbps     0 retrans   2101 KB-cwnd
[2024-05-27 16:10:54.748398]     0.0000 MB /   0.50 sec =    0.0000 Mbps     0 retrans   2101 KB-cwnd
[2024-05-27 16:10:55.248242]     0.3125 MB /   0.50 sec =    5.2437 Mbps     0 retrans   2101 KB-cwnd
[2024-05-27 16:10:55.748219]     0.3125 MB /   0.50 sec =    5.2429 Mbps     0 retrans   2101 KB-cwnd
[2024-05-27 16:10:56.248368]     0.7500 MB /   0.50 sec =   12.5826 Mbps     0 retrans   2101 KB-cwnd
[2024-05-27 16:10:56.748233]     0.8125 MB /   0.50 sec =   13.6319 Mbps     0 retrans   2101 KB-cwnd
[2024-05-27 16:10:57.248145]     0.8750 MB /   0.50 sec =   14.6805 Mbps     0 retrans   2101 KB-cwnd
[2024-05-27 16:10:57.748272]     0.9375 MB /   0.50 sec =   15.7273 Mbps     0 retrans   2101 KB-cwnd
[2024-05-27 16:10:58.248224]     1.0000 MB /   0.50 sec =   16.7776 Mbps     0 retrans   2101 KB-cwnd
[2024-05-27 16:10:58.748291]     1.3125 MB /   0.50 sec =   22.0180 Mbps     0 retrans   2101 KB-cwnd
[2024-05-27 16:10:59.248269]     1.5000 MB /   0.50 sec =   25.1674 Mbps     0 retrans   2101 KB-cwnd
[2024-05-27 16:10:59.748286]     1.8125 MB /   0.50 sec =   30.4065 Mbps     0 retrans   2101 KB-cwnd
[2024-05-27 16:11:00.248351]     1.4375 MB /   0.50 sec =   24.1204 Mbps     0 retrans   2101 KB-cwnd
[2024-05-27 16:11:00.748256]     0.2500 MB /   0.50 sec =    4.1942 Mbps     0 retrans   2101 KB-cwnd
[2024-05-27 16:11:01.248289]     0.2500 MB /   0.50 sec =    4.1941 Mbps     0 retrans   2101 KB-cwnd
[2024-05-27 16:11:01.748277]     0.3125 MB /   0.50 sec =    5.2431 Mbps     0 retrans   2101 KB-cwnd
[2024-05-27 16:11:02.248303]     0.6250 MB /   0.50 sec =   10.4863 Mbps     0 retrans   2101 KB-cwnd
[2024-05-27 16:11:02.748188]     1.1250 MB /   0.50 sec =   18.8747 Mbps     0 retrans   2101 KB-cwnd
[2024-05-27 16:11:03.248210]     1.0625 MB /   0.50 sec =   17.8256 Mbps     0 retrans   2101 KB-cwnd
[2024-05-27 16:11:03.748296]     0.1250 MB /   0.50 sec =    2.0969 Mbps     0 retrans   2101 KB-cwnd
[2024-05-27 16:11:04.248317]     0.0625 MB /   0.50 sec =    1.0485 Mbps     0 retrans   2101 KB-cwnd
[2024-05-27 16:11:04.748269]     0.1250 MB /   0.50 sec =    2.0974 Mbps     0 retrans   2101 KB-cwnd
[2024-05-27 16:11:05.248286]     0.1875 MB /   0.50 sec =    3.1454 Mbps     0 retrans   2101 KB-cwnd
[2024-05-27 16:11:05.748258]     0.3125 MB /   0.50 sec =    5.2434 Mbps     0 retrans   2101 KB-cwnd
[2024-05-27 16:11:06.248254]     0.2500 MB /   0.50 sec =    4.1943 Mbps     0 retrans   2101 KB-cwnd
[2024-05-27 16:11:06.748217]     0.4375 MB /   0.50 sec =    7.3404 Mbps     0 retrans   2101 KB-cwnd
[2024-05-27 16:11:07.248243]     0.6875 MB /   0.50 sec =   11.5348 Mbps     0 retrans   2101 KB-cwnd
End time: 1716840667735
