Start time: 1716910454355
[2024-05-28 11:34:37.701692] Connecting to host 35.245.244.238, port 5203
[2024-05-28 11:34:37.702135] Reverse mode, remote host 35.245.244.238 is sending
[2024-05-28 11:34:37.702181] [  5] local 192.168.1.21 port 35014 connected to 35.245.244.238 port 5203
[2024-05-28 11:34:37.702216] [ ID] Interval           Transfer     Bitrate         Jitter    Lost/Total Datagrams
[2024-05-28 11:34:37.702252] [  5]   0.00-0.50   sec  3.24 MBytes  54.3 Mbits/sec  0.037 ms  13178/15603 (84%)  
[2024-05-28 11:34:37.702283] [  5]   0.50-1.00   sec  18.3 MBytes   307 Mbits/sec  0.062 ms  14591/28299 (52%)  
[2024-05-28 11:34:37.702313] [  5]   1.00-1.50   sec  14.2 MBytes   239 Mbits/sec  0.053 ms  11528/22189 (52%)  
[2024-05-28 11:34:37.702345] [  5]   1.50-2.00   sec  16.4 MBytes   275 Mbits/sec  0.022 ms  10068/22344 (45%)  
[2024-05-28 11:34:37.702375] [  5]   2.00-2.50   sec  13.3 MBytes   223 Mbits/sec  0.056 ms  12410/22385 (55%)  
[2024-05-28 11:34:37.702406] [  5]   2.50-3.00   sec  10.1 MBytes   170 Mbits/sec  0.025 ms  14746/22340 (66%)  
[2024-05-28 11:34:37.702434] [  5]   3.00-3.50   sec  15.2 MBytes   255 Mbits/sec  0.032 ms  10802/22200 (49%)  
[2024-05-28 11:34:37.702464] [  5]   3.50-4.00   sec  14.7 MBytes   247 Mbits/sec  0.017 ms  11351/22363 (51%)  
[2024-05-28 11:34:37.702492] [  5]   4.00-4.50   sec  10.7 MBytes   179 Mbits/sec  0.068 ms  14381/22388 (64%)  
[2024-05-28 11:34:37.702521] [  5]   4.50-5.00   sec  16.0 MBytes   269 Mbits/sec  0.044 ms  10377/22369 (46%)  
[2024-05-28 11:34:37.702552] [  5]   5.00-5.50   sec  14.1 MBytes   236 Mbits/sec  0.011 ms  11619/22165 (52%)  
[2024-05-28 11:34:37.702581] [  5]   5.50-6.00   sec  14.6 MBytes   245 Mbits/sec  0.023 ms  11433/22363 (51%)  
[2024-05-28 11:34:37.702609] [  5]   6.00-6.50   sec  16.1 MBytes   271 Mbits/sec  0.015 ms  10314/22407 (46%)  
[2024-05-28 11:34:37.702639] [  5]   6.50-7.00   sec  18.0 MBytes   302 Mbits/sec  0.052 ms  8842/22302 (40%)  
[2024-05-28 11:34:37.702669] [  5]   7.00-7.50   sec  12.6 MBytes   211 Mbits/sec  0.052 ms  12786/22188 (58%)  
[2024-05-28 11:34:37.702697] [  5]   7.50-8.00   sec  12.8 MBytes   215 Mbits/sec  0.039 ms  12747/22349 (57%)  
[2024-05-28 11:34:37.702727] [  5]   8.00-8.50   sec  16.1 MBytes   270 Mbits/sec  0.050 ms  10329/22364 (46%)  
[2024-05-28 11:34:37.702755] [  5]   8.50-9.00   sec  13.6 MBytes   229 Mbits/sec  0.015 ms  12161/22369 (54%)  
[2024-05-28 11:34:37.702784] [  5]   9.00-9.50   sec  15.7 MBytes   263 Mbits/sec  0.030 ms  10446/22184 (47%)  
[2024-05-28 11:34:37.702812] [  5]   9.50-10.00  sec  17.4 MBytes   293 Mbits/sec  0.026 ms  9337/22401 (42%)  
[2024-05-28 11:34:37.702842] [  5]  10.00-10.50  sec  10.1 MBytes   170 Mbits/sec  0.027 ms  14776/22348 (66%)  
[2024-05-28 11:34:37.702871] [  5]  10.50-11.00  sec  11.7 MBytes   196 Mbits/sec  0.026 ms  13371/22109 (60%)  
[2024-05-28 11:34:37.702899] [  5]  11.00-11.50  sec  14.1 MBytes   236 Mbits/sec  0.014 ms  11873/22426 (53%)  
[2024-05-28 11:34:37.702927] [  5]  11.50-12.00  sec  11.0 MBytes   185 Mbits/sec  0.481 ms  14112/22360 (63%)  
[2024-05-28 11:34:37.702955] [  5]  12.00-12.50  sec  10.4 MBytes   175 Mbits/sec  0.020 ms  14532/22344 (65%)  
[2024-05-28 11:34:37.702983] [  5]  12.50-13.00  sec  9.33 MBytes   156 Mbits/sec  0.023 ms  15406/22391 (69%)  
[2024-05-28 11:34:37.703015] [  5]  13.00-13.50  sec  14.9 MBytes   251 Mbits/sec  0.013 ms  11150/22334 (50%)  
[2024-05-28 11:34:37.703046] [  5]  13.50-14.00  sec  14.7 MBytes   246 Mbits/sec  0.071 ms  11275/22266 (51%)  
[2024-05-28 11:34:37.703075] [  5]  14.00-14.50  sec  18.1 MBytes   304 Mbits/sec  0.027 ms  8755/22338 (39%)  
[2024-05-28 11:34:37.703099] [  5]  14.50-15.00  sec  12.9 MBytes   216 Mbits/sec  0.034 ms  12666/22295 (57%)  
[2024-05-28 11:34:37.703122] [  5]  15.00-15.50  sec  18.6 MBytes   313 Mbits/sec  0.015 ms  8465/22422 (38%)  
[2024-05-28 11:34:37.703145] [  5]  15.50-16.00  sec  14.7 MBytes   247 Mbits/sec  0.074 ms  11245/22274 (50%)  
[2024-05-28 11:34:37.703168] [  5]  16.00-16.50  sec  13.3 MBytes   224 Mbits/sec  0.042 ms  12302/22290 (55%)  
[2024-05-28 11:34:37.703212] [  5]  16.50-17.00  sec  15.0 MBytes   251 Mbits/sec  0.047 ms  11060/22286 (50%)  
[2024-05-28 11:34:37.703237] [  5]  17.00-17.50  sec  15.1 MBytes   254 Mbits/sec  0.040 ms  11073/22418 (49%)  
[2024-05-28 11:34:37.703260] [  5]  17.50-18.00  sec  14.6 MBytes   244 Mbits/sec  0.040 ms  11330/22241 (51%)  
[2024-05-28 11:34:37.703283] [  5]  18.00-18.50  sec  10.9 MBytes   182 Mbits/sec  0.043 ms  14257/22400 (64%)  
[2024-05-28 11:34:37.703307] [  5]  18.50-19.00  sec  5.78 MBytes  96.9 Mbits/sec  0.056 ms  17905/22231 (81%)  
[2024-05-28 11:34:37.703330] [  5]  19.00-19.50  sec  16.5 MBytes   277 Mbits/sec  0.096 ms  9979/22333 (45%)  
[2024-05-28 11:34:37.703356] [  5]  19.50-20.00  sec  13.7 MBytes   230 Mbits/sec  0.037 ms  12131/22409 (54%)  
[2024-05-28 11:34:37.703379] [  5]  20.00-20.50  sec  6.26 MBytes   105 Mbits/sec  0.010 ms  4492/9179 (49%)  
[2024-05-28 11:34:37.703402] [  5]  20.50-21.00  sec  3.94 MBytes  66.2 Mbits/sec  0.040 ms  32084/35038 (92%)  
[2024-05-28 11:34:37.703424] [  5]  21.00-21.50  sec  18.6 MBytes   312 Mbits/sec  0.038 ms  8651/22562 (38%)  
[2024-05-28 11:34:37.703490] [  5]  21.50-22.00  sec  18.3 MBytes   308 Mbits/sec  0.023 ms  8416/22156 (38%)  
[2024-05-28 11:34:37.703516] [  5]  22.00-22.50  sec  17.9 MBytes   300 Mbits/sec  0.011 ms  9113/22506 (40%)  
[2024-05-28 11:35:02.201782] [  5]  22.50-23.00  sec  18.2 MBytes   305 Mbits/sec  0.016 ms  8503/22130 (38%)  
[2024-05-28 11:35:02.201948] [  5]  23.00-23.50  sec  13.4 MBytes   224 Mbits/sec  0.034 ms  12459/22463 (55%)  
[2024-05-28 11:35:02.201989] [  5]  23.50-24.00  sec  14.4 MBytes   241 Mbits/sec  0.013 ms  11417/22188 (51%)  
[2024-05-28 11:35:02.202022] [  5]  24.00-24.50  sec  17.8 MBytes   298 Mbits/sec  0.020 ms  9146/22452 (41%)  
[2024-05-28 11:35:02.202055] [  5]  24.50-25.00  sec  2.15 MBytes  36.1 Mbits/sec  0.132 ms  20501/22112 (93%)  
[2024-05-28 11:35:02.202086] [  5]  25.00-25.50  sec  9.83 MBytes   165 Mbits/sec  0.030 ms  15086/22452 (67%)  
[2024-05-28 11:35:02.202115] [  5]  25.50-26.00  sec  17.4 MBytes   292 Mbits/sec  0.043 ms  9275/22293 (42%)  
[2024-05-28 11:35:02.202144] [  5]  26.00-26.50  sec  18.3 MBytes   307 Mbits/sec  0.043 ms  8724/22445 (39%)  
[2024-05-28 11:35:02.202173] [  5]  26.50-27.00  sec  14.0 MBytes   235 Mbits/sec  0.051 ms  11942/22441 (53%)  
[2024-05-28 11:35:02.202203] [  5]  27.00-27.50  sec  11.9 MBytes   200 Mbits/sec  0.054 ms  13258/22167 (60%)  
[2024-05-28 11:35:02.202232] [  5]  27.50-28.00  sec  16.7 MBytes   280 Mbits/sec  0.028 ms  9996/22513 (44%)  
[2024-05-28 11:35:02.202262] [  5]  28.00-28.50  sec  11.4 MBytes   191 Mbits/sec  0.024 ms  13500/22030 (61%)  
[2024-05-28 11:35:02.202290] [  5]  28.50-29.00  sec  10.3 MBytes   172 Mbits/sec  0.038 ms  14786/22474 (66%)  
[2024-05-28 11:35:02.202319] [  5]  29.00-29.50  sec  11.4 MBytes   191 Mbits/sec  0.094 ms  13860/22384 (62%)  
[2024-05-28 11:35:02.202349] [  5]  29.50-30.00  sec  11.1 MBytes   187 Mbits/sec  0.031 ms  13897/22248 (62%)  
[2024-05-28 11:35:02.202377] [  5]  30.00-30.50  sec  15.2 MBytes   254 Mbits/sec  0.089 ms  11082/22430 (49%)  
[2024-05-28 11:35:02.202406] [  5]  30.50-31.00  sec  18.6 MBytes   312 Mbits/sec  0.075 ms  8417/22348 (38%)  
[2024-05-28 11:35:02.202436] [  5]  31.00-31.50  sec  14.0 MBytes   235 Mbits/sec  0.121 ms  11644/22131 (53%)  
[2024-05-28 11:35:02.202464] [  5]  31.50-32.00  sec  11.8 MBytes   198 Mbits/sec  0.086 ms  13640/22489 (61%)  
[2024-05-28 11:35:02.202493] [  5]  32.00-32.50  sec  18.0 MBytes   302 Mbits/sec  0.038 ms  8860/22318 (40%)  
[2024-05-28 11:35:02.202522] [  5]  32.50-33.00  sec  15.1 MBytes   253 Mbits/sec  0.060 ms  11024/22328 (49%)  
[2024-05-28 11:35:02.202553] [  5]  33.00-33.50  sec  17.6 MBytes   295 Mbits/sec  0.051 ms  9156/22305 (41%)  
[2024-05-28 11:35:02.202582] [  5]  33.50-34.00  sec  15.0 MBytes   251 Mbits/sec  0.037 ms  11133/22346 (50%)  
[2024-05-28 11:35:02.202610] [  5]  34.00-34.50  sec  16.8 MBytes   282 Mbits/sec  0.048 ms  9710/22313 (44%)  
[2024-05-28 11:35:02.202640] [  5]  34.50-35.00  sec  14.4 MBytes   242 Mbits/sec  0.021 ms  11553/22364 (52%)  
[2024-05-28 11:35:02.202693] [  5]  35.00-35.50  sec  16.8 MBytes   281 Mbits/sec  0.030 ms  9715/22265 (44%)  
[2024-05-28 11:35:02.202724] [  5]  35.50-36.00  sec  14.7 MBytes   246 Mbits/sec  0.051 ms  11231/22223 (51%)  
[2024-05-28 11:35:02.202757] [  5]  36.00-36.50  sec  14.2 MBytes   238 Mbits/sec  0.035 ms  11727/22340 (52%)  
[2024-05-28 11:35:02.202786] [  5]  36.50-37.00  sec  11.9 MBytes   200 Mbits/sec  0.017 ms  13395/22342 (60%)  
[2024-05-28 11:35:02.202815] [  5]  37.00-37.50  sec  15.5 MBytes   259 Mbits/sec  0.056 ms  10822/22403 (48%)  
[2024-05-28 11:35:02.202843] [  5]  37.50-38.00  sec  16.7 MBytes   280 Mbits/sec  0.023 ms  9736/22218 (44%)  
[2024-05-28 11:35:02.202871] [  5]  38.00-38.50  sec  13.9 MBytes   232 Mbits/sec  0.027 ms  11951/22325 (54%)  
[2024-05-28 11:35:02.202899] [  5]  38.50-39.00  sec  18.3 MBytes   308 Mbits/sec  0.016 ms  8689/22422 (39%)  
[2024-05-28 11:35:02.202926] [  5]  39.00-39.50  sec  15.7 MBytes   263 Mbits/sec  0.055 ms  10416/22161 (47%)  
[2024-05-28 11:35:02.202954] [  5]  39.50-40.00  sec  12.2 MBytes   204 Mbits/sec  0.046 ms  13256/22368 (59%)  
[2024-05-28 11:35:02.202981] [  5]  40.00-40.50  sec  9.64 MBytes   162 Mbits/sec  0.058 ms  15086/22306 (68%)  
[2024-05-28 11:35:02.203009] [  5]  40.50-41.00  sec  10.1 MBytes   170 Mbits/sec  0.014 ms  14771/22373 (66%)  
[2024-05-28 11:35:02.203037] [  5]  41.00-41.50  sec  15.6 MBytes   262 Mbits/sec  0.020 ms  10591/22307 (47%)  
[2024-05-28 11:35:02.203065] [  5]  41.50-42.00  sec  12.6 MBytes   211 Mbits/sec  0.332 ms  13043/22453 (58%)  
[2024-05-28 11:35:02.203093] [  5]  42.00-42.50  sec  4.50 MBytes  75.5 Mbits/sec  0.027 ms  18811/22181 (85%)  
[2024-05-28 11:35:02.203121] [  5]  42.50-43.00  sec  11.4 MBytes   191 Mbits/sec  0.044 ms  13900/22420 (62%)  
[2024-05-28 11:35:02.203149] [  5]  43.00-43.50  sec  10.9 MBytes   183 Mbits/sec  0.015 ms  14257/22413 (64%)  
[2024-05-28 11:35:02.203178] [  5]  43.50-44.00  sec  11.7 MBytes   197 Mbits/sec  0.028 ms  13439/22212 (61%)  
[2024-05-28 11:35:02.203205] [  5]  44.00-44.50  sec  17.3 MBytes   291 Mbits/sec  0.049 ms  9169/22141 (41%)  
[2024-05-28 11:35:02.203235] [  5]  44.50-45.00  sec  11.4 MBytes   191 Mbits/sec  0.017 ms  13587/22120 (61%)  
[2024-05-28 11:35:02.203263] [  5]  45.00-45.50  sec  6.81 MBytes   114 Mbits/sec  0.022 ms  17412/22516 (77%)  
[2024-05-28 11:35:02.203293] [  5]  45.50-46.00  sec  12.4 MBytes   209 Mbits/sec  0.029 ms  12240/21553 (57%)  
[2024-05-28 11:35:02.203321] [  5]  46.00-46.50  sec  15.1 MBytes   254 Mbits/sec  0.022 ms  11109/22436 (50%)  
[2024-05-28 11:35:02.203350] [  5]  46.50-47.00  sec  14.8 MBytes   249 Mbits/sec  0.029 ms  11259/22361 (50%)  
[2024-05-28 11:35:26.701804] [  5]  47.00-47.50  sec  13.7 MBytes   229 Mbits/sec  0.018 ms  12983/23228 (56%)  
[2024-05-28 11:35:26.701997] [  5]  47.50-48.00  sec  13.8 MBytes   232 Mbits/sec  0.044 ms  11958/22302 (54%)  
[2024-05-28 11:35:26.702030] [  5]  48.00-48.50  sec  15.7 MBytes   264 Mbits/sec  0.027 ms  10422/22198 (47%)  
[2024-05-28 11:35:26.702054] [  5]  48.50-49.00  sec  14.3 MBytes   240 Mbits/sec  0.246 ms  11012/21720 (51%)  
[2024-05-28 11:35:26.702076] [  5]  49.00-49.50  sec  12.1 MBytes   203 Mbits/sec  0.025 ms  13916/22979 (61%)  
[2024-05-28 11:35:26.702098] [  5]  49.50-50.00  sec  11.6 MBytes   195 Mbits/sec  0.038 ms  13665/22390 (61%)  
[2024-05-28 11:35:26.702120] [  5]  50.00-50.50  sec  14.2 MBytes   238 Mbits/sec  0.035 ms  11575/22207 (52%)  
[2024-05-28 11:35:26.702141] [  5]  50.50-51.00  sec  15.9 MBytes   268 Mbits/sec  0.050 ms  10066/22008 (46%)  
[2024-05-28 11:35:26.702162] [  5]  51.00-51.50  sec  13.4 MBytes   225 Mbits/sec  0.044 ms  12663/22707 (56%)  
[2024-05-28 11:35:26.702184] [  5]  51.50-52.00  sec  9.63 MBytes   161 Mbits/sec  0.058 ms  14429/21640 (67%)  
[2024-05-28 11:35:26.702205] [  5]  52.00-52.50  sec  4.75 MBytes  79.6 Mbits/sec  0.015 ms  18899/22457 (84%)  
[2024-05-28 11:35:26.702226] [  5]  52.50-53.00  sec  9.10 MBytes   153 Mbits/sec  0.050 ms  16007/22819 (70%)  
[2024-05-28 11:35:26.702263] [  5]  53.00-53.50  sec  10.1 MBytes   170 Mbits/sec  0.042 ms  14769/22368 (66%)  
[2024-05-28 11:35:26.702284] [  5]  53.50-54.00  sec  3.11 MBytes  52.1 Mbits/sec  0.111 ms  19423/21749 (89%)  
[2024-05-28 11:35:26.702308] [  5]  54.00-54.50  sec  2.54 MBytes  42.6 Mbits/sec  0.025 ms  20886/22788 (92%)  
[2024-05-28 11:35:26.702329] [  5]  54.50-55.00  sec  4.59 MBytes  77.0 Mbits/sec  0.029 ms  18929/22366 (85%)  
[2024-05-28 11:35:26.702350] [  5]  55.00-55.50  sec  4.74 MBytes  79.6 Mbits/sec  0.027 ms  18797/22349 (84%)  
[2024-05-28 11:35:26.702372] [  5]  55.50-56.00  sec  2.90 MBytes  48.6 Mbits/sec  0.107 ms  19836/22007 (90%)  
[2024-05-28 11:35:26.702393] [  5]  56.00-56.50  sec  6.28 MBytes   105 Mbits/sec  0.056 ms  17794/22496 (79%)  
[2024-05-28 11:35:26.702414] [  5]  56.50-57.00  sec  2.58 MBytes  43.3 Mbits/sec  0.356 ms  20179/22113 (91%)  
[2024-05-28 11:35:26.702435] [  5]  57.00-57.50  sec  1.56 MBytes  26.2 Mbits/sec  0.148 ms  21099/22268 (95%)  
[2024-05-28 11:35:26.702456] [  5]  57.50-58.00  sec  1.94 MBytes  32.5 Mbits/sec  0.218 ms  21367/22817 (94%)  
[2024-05-28 11:35:26.702476] [  5]  58.00-58.50  sec  1.83 MBytes  30.7 Mbits/sec  0.262 ms  20749/22118 (94%)  
[2024-05-28 11:35:26.702497] [  5]  58.50-59.00  sec  2.05 MBytes  34.4 Mbits/sec  0.156 ms  20902/22438 (93%)  
[2024-05-28 11:35:26.702518] [  5]  59.00-59.50  sec  1.67 MBytes  28.1 Mbits/sec  0.602 ms  19827/21080 (94%)  
[2024-05-28 11:35:26.702538] [  5]  59.50-60.00  sec  2.06 MBytes  34.5 Mbits/sec  0.118 ms  21879/23420 (93%)  
[2024-05-28 11:35:26.702559] [  5]  60.00-60.50  sec  2.03 MBytes  34.1 Mbits/sec  0.121 ms  20639/22160 (93%)  
[2024-05-28 11:35:26.702579] [  5]  60.50-61.00  sec  2.08 MBytes  34.9 Mbits/sec  0.053 ms  21153/22710 (93%)  
[2024-05-28 11:35:26.702600] [  5]  61.00-61.50  sec  4.89 MBytes  82.0 Mbits/sec  0.315 ms  18258/21921 (83%)  
[2024-05-28 11:35:26.702620] [  5]  61.50-62.00  sec  2.87 MBytes  48.1 Mbits/sec  0.436 ms  20432/22579 (90%)  
[2024-05-28 11:35:26.702640] [  5]  62.00-62.50  sec  4.06 MBytes  68.1 Mbits/sec  0.176 ms  18796/21836 (86%)  
[2024-05-28 11:35:26.702661] [  5]  62.50-63.00  sec  3.93 MBytes  66.0 Mbits/sec  0.050 ms  19937/22883 (87%)  
[2024-05-28 11:35:26.702681] [  5]  63.00-63.50  sec  3.12 MBytes  52.3 Mbits/sec  0.507 ms  19680/22015 (89%)  
[2024-05-28 11:35:26.702701] [  5]  63.50-64.00  sec  2.40 MBytes  40.3 Mbits/sec  0.243 ms  20576/22376 (92%)  
[2024-05-28 11:35:26.702722] [  5]  64.00-64.50  sec  2.26 MBytes  37.8 Mbits/sec  0.215 ms  20810/22499 (92%)  
[2024-05-28 11:35:26.702742] [  5]  64.50-65.00  sec  3.02 MBytes  50.6 Mbits/sec  0.110 ms  19940/22201 (90%)  
[2024-05-28 11:35:26.702762] [  5]  65.00-65.50  sec  2.19 MBytes  36.7 Mbits/sec  0.155 ms  20870/22507 (93%)  
[2024-05-28 11:35:26.702782] [  5]  65.50-66.00  sec  2.36 MBytes  39.5 Mbits/sec  0.121 ms  20456/22220 (92%)  
[2024-05-28 11:35:26.702802] [  5]  66.00-66.50  sec  9.60 MBytes   161 Mbits/sec  0.032 ms  15344/22535 (68%)  
[2024-05-28 11:35:26.702823] [  5]  66.50-67.00  sec  24.5 MBytes   412 Mbits/sec  0.033 ms  3931/22314 (18%)  
[2024-05-28 11:35:26.702843] [  5]  67.00-67.50  sec  20.1 MBytes   337 Mbits/sec  0.032 ms  7287/22329 (33%)  
[2024-05-28 11:35:26.702863] [  5]  67.50-68.00  sec  20.4 MBytes   343 Mbits/sec  0.014 ms  7040/22349 (32%)  
[2024-05-28 11:35:26.702883] [  5]  68.00-68.50  sec  19.3 MBytes   324 Mbits/sec  0.095 ms  7822/22302 (35%)  
[2024-05-28 11:35:26.702903] [  5]  68.50-69.00  sec  24.8 MBytes   416 Mbits/sec  0.009 ms  3693/22287 (17%)  
[2024-05-28 11:35:26.702923] [  5]  69.00-69.50  sec  22.4 MBytes   376 Mbits/sec  0.035 ms  5469/22276 (25%)  
[2024-05-28 11:35:26.702944] [  5]  69.50-70.00  sec  22.4 MBytes   377 Mbits/sec  0.016 ms  5592/22405 (25%)  
[2024-05-28 11:35:26.702964] [  5]  70.00-70.50  sec  21.6 MBytes   362 Mbits/sec  0.013 ms  6133/22318 (27%)  
[2024-05-28 11:35:26.702983] [  5]  70.50-71.00  sec  19.9 MBytes   333 Mbits/sec  0.018 ms  7446/22321 (33%)  
[2024-05-28 11:35:26.703008] [  5]  71.00-71.50  sec  22.0 MBytes   369 Mbits/sec  0.031 ms  5867/22322 (26%)  
[2024-05-28 11:35:51.202143] [  5]  71.50-72.00  sec  15.1 MBytes   253 Mbits/sec  0.043 ms  10755/22061 (49%)  
[2024-05-28 11:35:51.202589] [  5]  72.00-72.50  sec  18.2 MBytes   305 Mbits/sec  0.033 ms  8725/22341 (39%)  
[2024-05-28 11:35:51.202698] [  5]  72.50-73.00  sec  24.7 MBytes   414 Mbits/sec  0.057 ms  3866/22368 (17%)  
[2024-05-28 11:35:51.202782] [  5]  73.00-73.50  sec  20.7 MBytes   348 Mbits/sec  0.046 ms  6794/22320 (30%)  
[2024-05-28 11:35:51.202859] [  5]  73.50-74.00  sec  24.5 MBytes   411 Mbits/sec  0.066 ms  3983/22322 (18%)  
[2024-05-28 11:35:51.202946] [  5]  74.00-74.50  sec  23.2 MBytes   389 Mbits/sec  0.036 ms  4957/22327 (22%)  
[2024-05-28 11:35:51.203021] [  5]  74.50-75.00  sec  21.7 MBytes   364 Mbits/sec  0.103 ms  5924/22183 (27%)  
[2024-05-28 11:35:51.203147] [  5]  75.00-75.50  sec  22.7 MBytes   382 Mbits/sec  0.050 ms  5400/22434 (24%)  
[2024-05-28 11:35:51.203220] [  5]  75.50-76.00  sec  22.4 MBytes   375 Mbits/sec  0.054 ms  5561/22306 (25%)  
[2024-05-28 11:35:51.203296] [  5]  76.00-76.50  sec  22.2 MBytes   373 Mbits/sec  0.038 ms  5720/22358 (26%)  
[2024-05-28 11:35:51.203378] [  5]  76.50-77.00  sec  20.4 MBytes   342 Mbits/sec  0.040 ms  7044/22317 (32%)  
[2024-05-28 11:35:51.203536] [  5]  77.00-77.50  sec  20.4 MBytes   343 Mbits/sec  0.019 ms  6998/22302 (31%)  
[2024-05-28 11:35:51.203618] [  5]  77.50-78.00  sec  23.8 MBytes   400 Mbits/sec  0.053 ms  4493/22350 (20%)  
[2024-05-28 11:35:51.203696] [  5]  78.00-78.50  sec  23.0 MBytes   385 Mbits/sec  0.025 ms  5117/22326 (23%)  
[2024-05-28 11:35:51.203782] [  5]  78.50-79.00  sec  17.4 MBytes   293 Mbits/sec  0.009 ms  9237/22300 (41%)  
[2024-05-28 11:35:51.203856] [  5]  79.00-79.50  sec  17.0 MBytes   285 Mbits/sec  0.031 ms  9524/22251 (43%)  
[2024-05-28 11:35:51.203931] [  5]  79.50-80.00  sec  13.6 MBytes   229 Mbits/sec  0.014 ms  12218/22420 (54%)  
[2024-05-28 11:35:51.204006] [  5]  80.00-80.50  sec  19.9 MBytes   334 Mbits/sec  0.058 ms  7370/22298 (33%)  
[2024-05-28 11:35:51.204079] [  5]  80.50-81.00  sec  23.7 MBytes   397 Mbits/sec  0.031 ms  4417/22163 (20%)  
[2024-05-28 11:35:51.204152] [  5]  81.00-81.50  sec  19.5 MBytes   327 Mbits/sec  0.038 ms  7874/22482 (35%)  
[2024-05-28 11:35:51.204223] [  5]  81.50-82.00  sec  21.7 MBytes   363 Mbits/sec  0.016 ms  6123/22340 (27%)  
[2024-05-28 11:35:51.204296] [  5]  82.00-82.50  sec  24.8 MBytes   416 Mbits/sec  0.012 ms  3719/22274 (17%)  
[2024-05-28 11:35:51.204368] [  5]  82.50-83.00  sec  24.8 MBytes   416 Mbits/sec  0.042 ms  3754/22338 (17%)  
[2024-05-28 11:35:51.204441] [  5]  83.00-83.50  sec  23.9 MBytes   401 Mbits/sec  0.046 ms  4430/22332 (20%)  
[2024-05-28 11:35:51.204537] [  5]  83.50-84.00  sec  21.8 MBytes   366 Mbits/sec  0.035 ms  5990/22325 (27%)  
[2024-05-28 11:35:51.204611] [  5]  84.00-84.50  sec  24.5 MBytes   410 Mbits/sec  0.023 ms  3944/22264 (18%)  
[2024-05-28 11:35:51.204688] [  5]  84.50-85.00  sec  22.5 MBytes   377 Mbits/sec  0.092 ms  5550/22379 (25%)  
[2024-05-28 11:35:51.204764] [  5]  85.00-85.50  sec  20.2 MBytes   339 Mbits/sec  0.039 ms  7192/22322 (32%)  
[2024-05-28 11:35:51.204841] [  5]  85.50-86.00  sec  22.9 MBytes   383 Mbits/sec  0.040 ms  5202/22319 (23%)  
[2024-05-28 11:35:51.204914] [  5]  86.00-86.50  sec  23.0 MBytes   386 Mbits/sec  0.023 ms  5048/22296 (23%)  
[2024-05-28 11:35:51.204991] [  5]  86.50-87.00  sec  13.8 MBytes   232 Mbits/sec  0.047 ms  12060/22404 (54%)  
[2024-05-28 11:35:51.205063] [  5]  87.00-87.50  sec  9.71 MBytes   163 Mbits/sec  0.057 ms  15004/22276 (67%)  
[2024-05-28 11:35:51.205134] [  5]  87.50-88.00  sec  9.43 MBytes   158 Mbits/sec  0.020 ms  15305/22371 (68%)  
[2024-05-28 11:35:51.205206] [  5]  88.00-88.50  sec  16.8 MBytes   282 Mbits/sec  0.035 ms  9806/22411 (44%)  
[2024-05-28 11:35:51.205280] [  5]  88.50-89.00  sec  17.6 MBytes   295 Mbits/sec  0.028 ms  9080/22249 (41%)  
[2024-05-28 11:35:51.205355] [  5]  89.00-89.50  sec  18.7 MBytes   314 Mbits/sec  0.043 ms  8330/22331 (37%)  
[2024-05-28 11:35:51.205449] [  5]  89.50-90.00  sec  16.1 MBytes   270 Mbits/sec  0.046 ms  10236/22294 (46%)  
[2024-05-28 11:35:51.205526] [  5]  90.00-90.50  sec  15.8 MBytes   265 Mbits/sec  0.051 ms  10537/22384 (47%)  
[2024-05-28 11:35:51.205599] [  5]  90.50-91.00  sec  16.1 MBytes   269 Mbits/sec  0.072 ms  10274/22296 (46%)  
[2024-05-28 11:35:51.205671] [  5]  91.00-91.50  sec  16.1 MBytes   271 Mbits/sec  0.053 ms  10176/22266 (46%)  
[2024-05-28 11:35:51.205744] [  5]  91.50-92.00  sec  13.5 MBytes   227 Mbits/sec  0.058 ms  12139/22284 (54%)  
[2024-05-28 11:35:51.205817] [  5]  92.00-92.50  sec  11.1 MBytes   186 Mbits/sec  0.016 ms  14093/22395 (63%)  
[2024-05-28 11:35:51.205918] [  5]  92.50-93.00  sec  10.3 MBytes   173 Mbits/sec  0.032 ms  14602/22315 (65%)  
[2024-05-28 11:35:51.205990] [  5]  93.00-93.50  sec  17.6 MBytes   295 Mbits/sec  0.014 ms  9139/22321 (41%)  
[2024-05-28 11:35:51.206063] [  5]  93.50-94.00  sec  16.6 MBytes   278 Mbits/sec  0.019 ms  9930/22351 (44%)  
[2024-05-28 11:35:51.206134] [  5]  94.00-94.50  sec  17.0 MBytes   286 Mbits/sec  0.036 ms  9565/22312 (43%)  
[2024-05-28 11:35:51.206207] [  5]  94.50-95.00  sec  18.7 MBytes   314 Mbits/sec  0.054 ms  8273/22271 (37%)  
[2024-05-28 11:35:51.206281] [  5]  95.00-95.50  sec  14.0 MBytes   235 Mbits/sec  0.056 ms  11968/22454 (53%)  
[2024-05-28 11:35:51.206353] [  5]  95.50-96.00  sec  12.5 MBytes   210 Mbits/sec  0.032 ms  12804/22185 (58%)  
[2024-05-28 11:36:15.163055] [  5]  96.00-96.50  sec  19.0 MBytes   318 Mbits/sec  0.068 ms  8175/22373 (37%)  
[2024-05-28 11:36:15.163654] [  5]  96.50-97.00  sec  19.7 MBytes   330 Mbits/sec  0.030 ms  7598/22330 (34%)  
[2024-05-28 11:36:15.163772] [  5]  97.00-97.50  sec  13.2 MBytes   222 Mbits/sec  0.086 ms  12395/22307 (56%)  
[2024-05-28 11:36:15.163885] [  5]  97.50-98.00  sec  12.2 MBytes   205 Mbits/sec  0.098 ms  13232/22366 (59%)  
[2024-05-28 11:36:15.163978] [  5]  98.00-98.50  sec  18.5 MBytes   310 Mbits/sec  0.030 ms  8465/22289 (38%)  
[2024-05-28 11:36:15.164167] [  5]  98.50-99.00  sec  19.8 MBytes   332 Mbits/sec  0.029 ms  7526/22325 (34%)  
[2024-05-28 11:36:15.164295] [  5]  99.00-99.50  sec  17.7 MBytes   297 Mbits/sec  0.031 ms  9052/22299 (41%)  
[2024-05-28 11:36:15.164500] [  5]  99.50-100.00 sec  14.6 MBytes   244 Mbits/sec  0.015 ms  11446/22357 (51%)  
[2024-05-28 11:36:15.164599] [  5] 100.00-100.50 sec  17.6 MBytes   296 Mbits/sec  0.038 ms  9139/22351 (41%)  
[2024-05-28 11:36:15.164693] [  5] 100.50-101.00 sec  17.4 MBytes   291 Mbits/sec  0.094 ms  9197/22211 (41%)  
[2024-05-28 11:36:15.164784] [  5] 101.00-101.50 sec  14.8 MBytes   248 Mbits/sec  0.042 ms  11251/22343 (50%)  
[2024-05-28 11:36:15.164875] [  5] 101.50-102.00 sec  10.1 MBytes   169 Mbits/sec  0.234 ms  14576/22112 (66%)  
[2024-05-28 11:36:15.164978] [  5] 102.00-102.50 sec  11.4 MBytes   191 Mbits/sec  0.048 ms  13865/22370 (62%)  
[2024-05-28 11:36:15.165069] [  5] 102.50-103.00 sec  16.1 MBytes   270 Mbits/sec  0.074 ms  10366/22400 (46%)  
[2024-05-28 11:36:15.165255] [  5] 103.00-103.50 sec  18.0 MBytes   303 Mbits/sec  0.019 ms  8828/22337 (40%)  
[2024-05-28 11:36:15.165364] [  5] 103.50-104.00 sec  16.8 MBytes   282 Mbits/sec  0.023 ms  9718/22301 (44%)  
[2024-05-28 11:36:15.165454] [  5] 104.00-104.50 sec  12.6 MBytes   211 Mbits/sec  0.052 ms  12938/22354 (58%)  
[2024-05-28 11:36:15.165568] [  5] 104.50-105.00 sec  15.7 MBytes   264 Mbits/sec  0.010 ms  10537/22313 (47%)  
[2024-05-28 11:36:15.165660] [  5] 105.00-105.50 sec  15.1 MBytes   254 Mbits/sec  0.011 ms  10959/22279 (49%)  
[2024-05-28 11:36:15.165755] [  5] 105.50-106.00 sec  19.2 MBytes   322 Mbits/sec  0.020 ms  7989/22364 (36%)  
[2024-05-28 11:36:15.165851] [  5] 106.00-106.50 sec  15.9 MBytes   267 Mbits/sec  0.023 ms  10365/22273 (47%)  
[2024-05-28 11:36:15.165943] [  5] 106.50-107.00 sec  11.3 MBytes   190 Mbits/sec  0.013 ms  13890/22359 (62%)  
[2024-05-28 11:36:15.166034] [  5] 107.00-107.50 sec  12.3 MBytes   207 Mbits/sec  0.012 ms  13089/22331 (59%)  
[2024-05-28 11:36:15.166149] [  5] 107.50-108.00 sec  12.9 MBytes   216 Mbits/sec  0.029 ms  12637/22298 (57%)  
[2024-05-28 11:36:15.166245] [  5] 108.00-108.50 sec  14.6 MBytes   245 Mbits/sec  0.031 ms  11388/22326 (51%)  
[2024-05-28 11:36:15.166334] [  5] 108.50-109.00 sec  14.4 MBytes   241 Mbits/sec  0.041 ms  11585/22354 (52%)  
[2024-05-28 11:36:15.166426] [  5] 109.00-109.50 sec  18.7 MBytes   313 Mbits/sec  0.008 ms  8276/22260 (37%)  
[2024-05-28 11:36:15.166512] [  5] 109.50-110.00 sec  17.4 MBytes   291 Mbits/sec  0.025 ms  9265/22266 (42%)  
[2024-05-28 11:36:15.166600] [  5] 110.00-110.50 sec  7.98 MBytes   134 Mbits/sec  0.020 ms  10904/16880 (65%)  
[2024-05-28 11:36:15.166692] [  5] 110.50-111.00 sec  0.00 Bytes  0.00 bits/sec  0.020 ms  0/0 (0%)  
[2024-05-28 11:36:15.166778] [  5] 111.00-111.50 sec  27.5 MBytes   463 Mbits/sec  0.116 ms  29563/50152 (59%)  
[2024-05-28 11:36:15.166872] [  5] 111.50-112.00 sec  17.9 MBytes   300 Mbits/sec  0.020 ms  8970/22353 (40%)  
[2024-05-28 11:36:15.166965] [  5] 112.00-112.50 sec  15.5 MBytes   259 Mbits/sec  0.053 ms  7361/18938 (39%)  
[2024-05-28 11:36:15.167052] [  5] 112.50-113.00 sec  9.73 MBytes   163 Mbits/sec  0.028 ms  4607/11895 (39%)  
[2024-05-28 11:36:15.167141] [  5] 113.00-113.50 sec  13.9 MBytes   234 Mbits/sec  0.023 ms  25690/36116 (71%)  
[2024-05-28 11:36:15.167230] [  5] 113.50-114.00 sec  16.4 MBytes   275 Mbits/sec  0.018 ms  10062/22338 (45%)  
[2024-05-28 11:36:15.167742] [  5] 114.00-114.50 sec  18.5 MBytes   311 Mbits/sec  0.070 ms  8377/22266 (38%)  
[2024-05-28 11:36:15.167951] [  5] 114.50-115.00 sec  17.8 MBytes   299 Mbits/sec  0.021 ms  8829/22178 (40%)  
[2024-05-28 11:36:15.167995] [  5] 115.00-115.50 sec  14.8 MBytes   249 Mbits/sec  0.013 ms  11400/22517 (51%)  
[2024-05-28 11:36:15.168037] [  5] 115.50-116.00 sec  12.6 MBytes   212 Mbits/sec  0.018 ms  12862/22320 (58%)  
[2024-05-28 11:36:15.168077] [  5] 116.00-116.50 sec  12.0 MBytes   201 Mbits/sec  0.091 ms  13256/22232 (60%)  
[2024-05-28 11:36:15.168118] [  5] 116.50-117.00 sec  10.0 MBytes   168 Mbits/sec  0.344 ms  14956/22463 (67%)  
[2024-05-28 11:36:15.168157] [  5] 117.00-117.50 sec  9.28 MBytes   156 Mbits/sec  0.024 ms  15454/22402 (69%)  
[2024-05-28 11:36:15.168196] [  5] 117.50-118.00 sec  17.7 MBytes   297 Mbits/sec  0.078 ms  9137/22391 (41%)  
[2024-05-28 11:36:15.168233] [  5] 118.00-118.50 sec  17.0 MBytes   285 Mbits/sec  0.048 ms  9588/22318 (43%)  
[2024-05-28 11:36:15.168272] [  5] 118.50-119.00 sec  15.1 MBytes   253 Mbits/sec  0.029 ms  10906/22209 (49%)  
[2024-05-28 11:36:15.168309] [  5] 119.00-119.50 sec  16.6 MBytes   278 Mbits/sec  0.020 ms  10006/22402 (45%)  
[2024-05-28 11:36:15.168347] [  5] 119.50-120.00 sec  18.8 MBytes   316 Mbits/sec  0.037 ms  8104/22217 (36%)  
[2024-05-28 11:36:15.168387] - - - - - - - - - - - - - - - - - - - - - - - - -
[2024-05-28 11:36:15.168424] [ ID] Interval           Transfer     Bitrate         Jitter    Lost/Total Datagrams
[2024-05-28 11:36:15.168481] [  5]   0.00-120.05 sec  6.99 GBytes   500 Mbits/sec  0.000 ms  0/5359349 (0%)  sender
[2024-05-28 11:36:15.168520] [SUM]  0.0-120.1 sec  274 datagrams received out-of-order
[2024-05-28 11:36:15.168557] [  5]   0.00-120.00 sec  3.31 GBytes   237 Mbits/sec  0.037 ms  2815277/5356271 (53%)  receiver
[2024-05-28 11:36:15.168595] 
[2024-05-28 11:36:15.168632] iperf Done.
End time: 1716910575184
