Start time: 1716910859746
[2024-05-28 11:41:00.829882] nuttcp-r: v8.1.4: socket
[2024-05-28 11:41:00.830221] nuttcp-r: buflen=65536, nstream=1, port=5002 tcp
[2024-05-28 11:41:00.830243] nuttcp-r: interval reporting every 0.50 seconds
[2024-05-28 11:41:00.830263] nuttcp-r: connect to 35.245.244.238 with RTT=79.527 ms af=inet
[2024-05-28 11:41:00.830282] nuttcp-r: send window size = 2097152, receive window size = 6291456
[2024-05-28 11:41:00.830300] nuttcp-r: available send window = 1572864, available receive window = 4718592
[2024-05-28 11:41:00.830348]     0.3125 MB /   0.50 sec =    5.2427 Mbps     0 retrans     13 KB-cwnd
[2024-05-28 11:41:01.329809]     1.7500 MB /   0.50 sec =   29.3591 Mbps     0 retrans     13 KB-cwnd
[2024-05-28 11:41:01.830213]     6.0000 MB /   0.50 sec =  100.6573 Mbps     0 retrans     13 KB-cwnd
[2024-05-28 11:41:02.330009]     2.9375 MB /   0.50 sec =   49.2847 Mbps     0 retrans     13 KB-cwnd
[2024-05-28 11:41:02.830759]     7.1875 MB /   0.50 sec =  120.4675 Mbps     0 retrans     13 KB-cwnd
[2024-05-28 11:41:03.329785]     7.7500 MB /   0.50 sec =  130.1512 Mbps     0 retrans     13 KB-cwnd
[2024-05-28 11:41:03.830060]     3.8125 MB /   0.50 sec =   63.9442 Mbps     0 retrans     13 KB-cwnd
[2024-05-28 11:41:04.331220]     4.3125 MB /   0.50 sec =   72.3316 Mbps     0 retrans     13 KB-cwnd
[2024-05-28 11:41:04.830249]     8.7500 MB /   0.50 sec =  146.8697 Mbps     0 retrans     13 KB-cwnd
[2024-05-28 11:41:05.329882]     6.5000 MB /   0.50 sec =  109.0676 Mbps     0 retrans     13 KB-cwnd
[2024-05-28 11:41:05.830983]     1.5000 MB /   0.50 sec =   25.1119 Mbps     0 retrans     13 KB-cwnd
[2024-05-28 11:41:06.329802]     5.4375 MB /   0.50 sec =   91.4212 Mbps     0 retrans     13 KB-cwnd
[2024-05-28 11:41:06.830075]     7.3750 MB /   0.50 sec =  123.6847 Mbps     0 retrans     13 KB-cwnd
[2024-05-28 11:41:07.330091]     5.4375 MB /   0.50 sec =   91.2254 Mbps     0 retrans     13 KB-cwnd
[2024-05-28 11:41:07.829877]     8.2500 MB /   0.50 sec =  138.4605 Mbps     0 retrans     13 KB-cwnd
[2024-05-28 11:41:08.330032]     4.0625 MB /   0.50 sec =   68.1384 Mbps     0 retrans     13 KB-cwnd
[2024-05-28 11:41:08.829990]     7.1875 MB /   0.50 sec =  120.5903 Mbps     0 retrans     13 KB-cwnd
[2024-05-28 11:41:09.329879]     6.6875 MB /   0.50 sec =  112.2201 Mbps     0 retrans     13 KB-cwnd
[2024-05-28 11:41:09.829867]     7.0000 MB /   0.50 sec =  117.4454 Mbps     0 retrans     13 KB-cwnd
[2024-05-28 11:41:10.329909]     6.3125 MB /   0.50 sec =  105.8939 Mbps     0 retrans     13 KB-cwnd
[2024-05-28 11:41:10.829936]     4.5625 MB /   0.50 sec =   76.5450 Mbps     0 retrans     13 KB-cwnd
[2024-05-28 11:41:11.329856]     3.2500 MB /   0.50 sec =   54.5341 Mbps     0 retrans     13 KB-cwnd
[2024-05-28 11:41:11.829978]     7.1250 MB /   0.50 sec =  119.5348 Mbps     0 retrans     13 KB-cwnd
[2024-05-28 11:41:12.329873]     8.3750 MB /   0.50 sec =  140.5095 Mbps     0 retrans     13 KB-cwnd
[2024-05-28 11:41:12.829857]     8.9375 MB /   0.50 sec =  149.9464 Mbps     0 retrans     13 KB-cwnd
[2024-05-28 11:41:13.329862]     8.3750 MB /   0.50 sec =  140.5064 Mbps     0 retrans     13 KB-cwnd
[2024-05-28 11:41:13.829876]     8.6875 MB /   0.50 sec =  145.7535 Mbps     0 retrans     13 KB-cwnd
[2024-05-28 11:41:14.329846]     8.3125 MB /   0.50 sec =  139.4659 Mbps     0 retrans     13 KB-cwnd
[2024-05-28 11:41:14.829912]     8.5000 MB /   0.50 sec =  142.5835 Mbps     0 retrans     13 KB-cwnd
[2024-05-28 11:41:15.329839]     9.1250 MB /   0.50 sec =  153.1157 Mbps     0 retrans     13 KB-cwnd
[2024-05-28 11:41:15.829870]     8.3125 MB /   0.50 sec =  139.4575 Mbps     0 retrans     13 KB-cwnd
[2024-05-28 11:41:16.329859]     8.5625 MB /   0.50 sec =  143.6572 Mbps     0 retrans     13 KB-cwnd
[2024-05-28 11:41:16.829858]     8.5625 MB /   0.50 sec =  143.6549 Mbps     0 retrans     13 KB-cwnd
[2024-05-28 11:41:17.329834]     7.8750 MB /   0.50 sec =  132.1214 Mbps     0 retrans     13 KB-cwnd
[2024-05-28 11:41:17.830909]     6.0625 MB /   0.50 sec =  101.5048 Mbps     0 retrans     13 KB-cwnd
[2024-05-28 11:41:18.330099]     6.5625 MB /   0.50 sec =  110.2787 Mbps     0 retrans     13 KB-cwnd
[2024-05-28 11:41:18.830135]     7.4375 MB /   0.50 sec =  124.7978 Mbps     0 retrans     13 KB-cwnd
[2024-05-28 11:41:19.329879]    10.5625 MB /   0.50 sec =  177.2583 Mbps     0 retrans     13 KB-cwnd
[2024-05-28 11:41:19.829851]     9.3125 MB /   0.50 sec =  156.2375 Mbps     0 retrans     13 KB-cwnd
[2024-05-28 11:41:20.329832]     9.1875 MB /   0.50 sec =  154.1453 Mbps     0 retrans     13 KB-cwnd
[2024-05-28 11:41:20.829863]     9.4375 MB /   0.50 sec =  158.3309 Mbps     0 retrans     14 KB-cwnd
[2024-05-28 11:41:21.329850]     9.2500 MB /   0.50 sec =  155.1883 Mbps     0 retrans     14 KB-cwnd
[2024-05-28 11:41:21.829821]     3.0000 MB /   0.50 sec =   50.3354 Mbps     0 retrans     14 KB-cwnd
[2024-05-28 11:41:22.330179]     8.5000 MB /   0.50 sec =  142.5017 Mbps     0 retrans     24 KB-cwnd
[2024-05-28 11:41:22.829795]     8.2500 MB /   0.50 sec =  138.5076 Mbps     0 retrans     26 KB-cwnd
[2024-05-28 11:41:23.329872]     8.5000 MB /   0.50 sec =  142.5998 Mbps     0 retrans     26 KB-cwnd
[2024-05-28 11:41:23.829982]     8.3125 MB /   0.50 sec =  139.4589 Mbps     0 retrans     26 KB-cwnd
[2024-05-28 11:41:24.329854]     8.9375 MB /   0.50 sec =  149.9512 Mbps     0 retrans     26 KB-cwnd
[2024-05-28 11:41:24.829830]     8.3750 MB /   0.50 sec =  140.5114 Mbps     0 retrans     26 KB-cwnd
[2024-05-28 11:41:25.329903]     7.7500 MB /   0.50 sec =  130.0133 Mbps     0 retrans     26 KB-cwnd
[2024-05-28 11:41:25.829877]     8.3125 MB /   0.50 sec =  139.4681 Mbps     0 retrans     26 KB-cwnd
[2024-05-28 11:41:26.330296]     4.5625 MB /   0.50 sec =   76.4807 Mbps     0 retrans     26 KB-cwnd
[2024-05-28 11:41:26.830009]     9.3750 MB /   0.50 sec =  157.3805 Mbps     0 retrans     26 KB-cwnd
[2024-05-28 11:41:27.329984]     6.1250 MB /   0.50 sec =  102.7496 Mbps     0 retrans     26 KB-cwnd
[2024-05-28 11:41:27.829844]    10.5000 MB /   0.50 sec =  176.2267 Mbps     0 retrans     26 KB-cwnd
[2024-05-28 11:41:28.329842]     7.8750 MB /   0.50 sec =  132.1214 Mbps     0 retrans     26 KB-cwnd
[2024-05-28 11:41:28.830281]     7.5625 MB /   0.50 sec =  126.7775 Mbps     0 retrans     26 KB-cwnd
[2024-05-28 11:41:29.329997]     7.5625 MB /   0.50 sec =  126.9803 Mbps     0 retrans     26 KB-cwnd
[2024-05-28 11:41:29.830186]     6.9375 MB /   0.50 sec =  116.3126 Mbps    28 retrans   3668 KB-cwnd
[2024-05-28 11:41:30.330013]     3.2500 MB /   0.50 sec =   54.5462 Mbps     0 retrans   3668 KB-cwnd
[2024-05-28 11:41:30.830011]     7.3125 MB /   0.50 sec =  122.6856 Mbps     0 retrans   3668 KB-cwnd
[2024-05-28 11:41:31.329820]     7.5625 MB /   0.50 sec =  126.9153 Mbps     0 retrans   3668 KB-cwnd
[2024-05-28 11:41:31.829984]     5.1875 MB /   0.50 sec =   87.0099 Mbps     0 retrans   3668 KB-cwnd
[2024-05-28 11:41:32.329981]     3.6250 MB /   0.50 sec =   60.8298 Mbps     0 retrans   3668 KB-cwnd
[2024-05-28 11:41:32.830019]     3.3750 MB /   0.50 sec =   56.6083 Mbps     0 retrans   3668 KB-cwnd
[2024-05-28 11:41:33.330263]     6.1875 MB /   0.50 sec =  103.7598 Mbps     0 retrans   3668 KB-cwnd
[2024-05-28 11:41:33.830649]     6.2500 MB /   0.50 sec =  104.8477 Mbps     0 retrans   3668 KB-cwnd
[2024-05-28 11:41:34.330801]     4.8750 MB /   0.50 sec =   81.7105 Mbps     0 retrans   3668 KB-cwnd
[2024-05-28 11:41:34.829881]     7.5625 MB /   0.50 sec =  127.1016 Mbps     0 retrans   3668 KB-cwnd
[2024-05-28 11:41:35.329862]     6.0000 MB /   0.50 sec =  100.6663 Mbps     0 retrans   3668 KB-cwnd
[2024-05-28 11:41:35.829791]     6.7500 MB /   0.50 sec =  113.2498 Mbps     0 retrans   3668 KB-cwnd
[2024-05-28 11:41:36.330200]     7.0625 MB /   0.50 sec =  118.4088 Mbps     0 retrans   3668 KB-cwnd
[2024-05-28 11:41:36.830795]     5.6875 MB /   0.50 sec =   95.3070 Mbps     0 retrans   3668 KB-cwnd
[2024-05-28 11:41:37.330058]     7.3750 MB /   0.50 sec =  123.9519 Mbps     0 retrans   3668 KB-cwnd
[2024-05-28 11:41:37.831188]     4.7500 MB /   0.50 sec =   79.4938 Mbps     0 retrans   3668 KB-cwnd
[2024-05-28 11:41:38.330005]     7.2500 MB /   0.50 sec =  121.9186 Mbps     0 retrans   3668 KB-cwnd
[2024-05-28 11:41:38.829991]     5.2500 MB /   0.50 sec =   88.0788 Mbps     0 retrans   3668 KB-cwnd
[2024-05-28 11:41:39.329998]     7.2500 MB /   0.50 sec =  121.6355 Mbps     0 retrans   3668 KB-cwnd
[2024-05-28 11:41:39.829836]     7.1250 MB /   0.50 sec =  119.5695 Mbps     0 retrans   3668 KB-cwnd
[2024-05-28 11:41:40.329888]     7.2500 MB /   0.50 sec =  121.6236 Mbps     0 retrans   3668 KB-cwnd
[2024-05-28 11:41:40.829849]     7.3750 MB /   0.50 sec =  123.7414 Mbps     0 retrans   3668 KB-cwnd
[2024-05-28 11:41:41.329781]     6.9375 MB /   0.50 sec =  116.3971 Mbps     5 retrans   4085 KB-cwnd
[2024-05-28 11:41:41.829843]     7.1875 MB /   0.50 sec =  120.5829 Mbps     0 retrans   4085 KB-cwnd
[2024-05-28 11:41:42.330999]     3.9375 MB /   0.50 sec =   65.9187 Mbps     0 retrans   4085 KB-cwnd
[2024-05-28 11:41:42.830171]     5.6250 MB /   0.50 sec =   94.5486 Mbps     0 retrans   4085 KB-cwnd
[2024-05-28 11:41:43.330004]     7.3125 MB /   0.50 sec =  122.6844 Mbps     0 retrans   4085 KB-cwnd
[2024-05-28 11:41:43.829868]     8.1250 MB /   0.50 sec =  136.3446 Mbps     0 retrans   4085 KB-cwnd
[2024-05-28 11:41:44.329838]     7.5625 MB /   0.50 sec =  126.8840 Mbps     0 retrans   4085 KB-cwnd
[2024-05-28 11:41:44.829888]     7.5625 MB /   0.50 sec =  126.8688 Mbps     0 retrans   4085 KB-cwnd
[2024-05-28 11:41:45.329860]     7.6875 MB /   0.50 sec =  128.9813 Mbps     0 retrans   4085 KB-cwnd
[2024-05-28 11:41:45.830120]     8.0000 MB /   0.50 sec =  134.1592 Mbps     0 retrans   4085 KB-cwnd
[2024-05-28 11:41:46.330153]     7.5625 MB /   0.50 sec =  126.8559 Mbps     0 retrans   4085 KB-cwnd
[2024-05-28 11:41:46.829917]     8.1250 MB /   0.50 sec =  136.3872 Mbps     0 retrans   4085 KB-cwnd
[2024-05-28 11:41:47.329887]     9.2500 MB /   0.50 sec =  155.1871 Mbps     0 retrans   4085 KB-cwnd
[2024-05-28 11:41:47.829836]     8.7500 MB /   0.50 sec =  146.8177 Mbps     0 retrans   4085 KB-cwnd
[2024-05-28 11:41:48.329981]     7.3750 MB /   0.50 sec =  123.7023 Mbps     0 retrans   4085 KB-cwnd
[2024-05-28 11:41:48.829895]     6.5625 MB /   0.50 sec =  110.1194 Mbps     0 retrans   4085 KB-cwnd
[2024-05-28 11:41:49.330060]    10.1250 MB /   0.50 sec =  169.8646 Mbps     0 retrans   4085 KB-cwnd
[2024-05-28 11:41:49.830159]     6.9375 MB /   0.50 sec =  116.3666 Mbps     0 retrans   4085 KB-cwnd
[2024-05-28 11:41:50.329963]    10.0625 MB /   0.50 sec =  168.8386 Mbps     0 retrans   4085 KB-cwnd
[2024-05-28 11:41:50.830023]     7.0625 MB /   0.50 sec =  118.4775 Mbps     9 retrans   3003 KB-cwnd
[2024-05-28 11:41:51.329920]    10.8750 MB /   0.50 sec =  182.4847 Mbps     0 retrans   3003 KB-cwnd
[2024-05-28 11:41:51.829851]     8.6250 MB /   0.50 sec =  144.7182 Mbps     0 retrans   3003 KB-cwnd
[2024-05-28 11:41:52.330001]     8.7500 MB /   0.50 sec =  146.8024 Mbps     0 retrans   3003 KB-cwnd
[2024-05-28 11:41:52.829925]     4.8750 MB /   0.50 sec =   81.7825 Mbps     0 retrans   3003 KB-cwnd
[2024-05-28 11:41:53.329987]     5.1875 MB /   0.50 sec =   87.0248 Mbps     0 retrans   3003 KB-cwnd
[2024-05-28 11:41:53.830274]     8.0625 MB /   0.50 sec =  135.1811 Mbps     0 retrans   3003 KB-cwnd
[2024-05-28 11:41:54.329828]     8.7500 MB /   0.50 sec =  146.9185 Mbps     0 retrans   3003 KB-cwnd
[2024-05-28 11:41:54.829863]     8.8750 MB /   0.50 sec =  148.8936 Mbps     0 retrans   3003 KB-cwnd
[2024-05-28 11:41:55.329910]     9.3125 MB /   0.50 sec =  156.2219 Mbps     0 retrans   3003 KB-cwnd
[2024-05-28 11:41:55.830028]     5.3750 MB /   0.50 sec =   90.1593 Mbps     0 retrans   3003 KB-cwnd
[2024-05-28 11:41:56.330855]     8.2500 MB /   0.50 sec =  138.1862 Mbps     0 retrans   3003 KB-cwnd
[2024-05-28 11:41:56.830470]    10.2500 MB /   0.50 sec =  172.1007 Mbps     0 retrans   3003 KB-cwnd
[2024-05-28 11:41:57.330014]     6.3750 MB /   0.50 sec =  107.0500 Mbps     0 retrans   3003 KB-cwnd
[2024-05-28 11:41:57.829988]    10.0000 MB /   0.50 sec =  167.7859 Mbps     0 retrans   3003 KB-cwnd
[2024-05-28 11:41:58.330011]     7.1875 MB /   0.50 sec =  120.5764 Mbps     0 retrans   3003 KB-cwnd
[2024-05-28 11:41:58.829808]    10.9375 MB /   0.50 sec =  183.5573 Mbps     0 retrans   3003 KB-cwnd
[2024-05-28 11:41:59.329858]     9.0000 MB /   0.50 sec =  150.9871 Mbps    26 retrans   3143 KB-cwnd
[2024-05-28 11:41:59.829947]     9.5000 MB /   0.50 sec =  159.3679 Mbps     0 retrans   3143 KB-cwnd
[2024-05-28 11:42:00.329864]     9.1250 MB /   0.50 sec =  153.1215 Mbps     0 retrans   3143 KB-cwnd
[2024-05-28 11:42:00.829854]     9.5000 MB /   0.50 sec =  159.3759 Mbps     0 retrans   3143 KB-cwnd
[2024-05-28 11:42:01.329846]     9.0625 MB /   0.50 sec =  152.0402 Mbps     0 retrans   3143 KB-cwnd
[2024-05-28 11:42:01.830024]     6.0625 MB /   0.50 sec =  101.6826 Mbps     0 retrans   3143 KB-cwnd
[2024-05-28 11:42:02.329847]    10.1875 MB /   0.50 sec =  170.9661 Mbps     0 retrans   3143 KB-cwnd
[2024-05-28 11:42:02.830039]     7.6875 MB /   0.50 sec =  128.9351 Mbps     0 retrans   3143 KB-cwnd
[2024-05-28 11:42:03.330043]     6.6875 MB /   0.50 sec =  112.1988 Mbps     0 retrans   3143 KB-cwnd
[2024-05-28 11:42:03.829904]     7.1875 MB /   0.50 sec =  120.6159 Mbps     0 retrans   3143 KB-cwnd
[2024-05-28 11:42:04.329897]     7.7500 MB /   0.50 sec =  130.0185 Mbps     0 retrans   3143 KB-cwnd
[2024-05-28 11:42:04.829976]     8.6875 MB /   0.50 sec =  145.7713 Mbps     0 retrans   3143 KB-cwnd
[2024-05-28 11:42:05.329938]     9.0625 MB /   0.50 sec =  152.0235 Mbps     0 retrans   3143 KB-cwnd
[2024-05-28 11:42:05.829844]     9.5000 MB /   0.50 sec =  159.3989 Mbps     0 retrans   3143 KB-cwnd
[2024-05-28 11:42:06.329869]     9.1875 MB /   0.50 sec =  154.1397 Mbps     0 retrans   3143 KB-cwnd
[2024-05-28 11:42:06.829853]     9.3750 MB /   0.50 sec =  157.2855 Mbps     0 retrans   3143 KB-cwnd
[2024-05-28 11:42:07.329835]     9.2500 MB /   0.50 sec =  155.1930 Mbps    16 retrans   3819 KB-cwnd
[2024-05-28 11:42:07.829857]     9.7500 MB /   0.50 sec =  163.5746 Mbps     0 retrans   3819 KB-cwnd
[2024-05-28 11:42:08.329832]     8.7500 MB /   0.50 sec =  146.8074 Mbps     0 retrans   3819 KB-cwnd
[2024-05-28 11:42:08.830020]     8.5625 MB /   0.50 sec =  143.6523 Mbps     0 retrans   3819 KB-cwnd
[2024-05-28 11:42:09.331071]     7.1250 MB /   0.50 sec =  119.2546 Mbps     0 retrans   3819 KB-cwnd
[2024-05-28 11:42:09.830013]     6.8125 MB /   0.50 sec =  114.5337 Mbps     0 retrans   3819 KB-cwnd
[2024-05-28 11:42:10.330074]     9.8125 MB /   0.50 sec =  164.6162 Mbps     0 retrans   3819 KB-cwnd
[2024-05-28 11:42:10.829848]     9.7500 MB /   0.50 sec =  163.6328 Mbps     0 retrans   3819 KB-cwnd
[2024-05-28 11:42:11.329892]     8.3750 MB /   0.50 sec =  140.4949 Mbps     0 retrans   3819 KB-cwnd
[2024-05-28 11:42:11.829919]     8.1250 MB /   0.50 sec =  136.3097 Mbps     0 retrans   3819 KB-cwnd
[2024-05-28 11:42:12.329956]     6.1875 MB /   0.50 sec =  103.8038 Mbps     0 retrans   3819 KB-cwnd
[2024-05-28 11:42:12.829963]     8.4375 MB /   0.50 sec =  141.5575 Mbps     0 retrans   3819 KB-cwnd
[2024-05-28 11:42:13.329896]     6.6875 MB /   0.50 sec =  112.2064 Mbps     0 retrans   3819 KB-cwnd
[2024-05-28 11:42:13.829898]     5.4375 MB /   0.50 sec =   91.2341 Mbps     0 retrans   3819 KB-cwnd
[2024-05-28 11:42:14.329919]     9.1250 MB /   0.50 sec =  153.0869 Mbps     0 retrans   3819 KB-cwnd
[2024-05-28 11:42:14.829883]     9.6875 MB /   0.50 sec =  162.5426 Mbps     0 retrans   3819 KB-cwnd
[2024-05-28 11:42:15.329857]     9.3750 MB /   0.50 sec =  157.2672 Mbps     0 retrans   3819 KB-cwnd
[2024-05-28 11:42:15.829807]    10.3125 MB /   0.50 sec =  173.0386 Mbps    20 retrans   3808 KB-cwnd
[2024-05-28 11:42:16.330066]     9.9375 MB /   0.50 sec =  166.7159 Mbps     0 retrans   3808 KB-cwnd
[2024-05-28 11:42:16.829811]    10.3125 MB /   0.50 sec =  173.0157 Mbps     0 retrans   3808 KB-cwnd
[2024-05-28 11:42:17.329906]    10.2500 MB /   0.50 sec =  171.9462 Mbps     0 retrans   3808 KB-cwnd
[2024-05-28 11:42:17.829852]    10.3125 MB /   0.50 sec =  173.0348 Mbps     0 retrans   3808 KB-cwnd
[2024-05-28 11:42:18.329867]    10.6250 MB /   0.50 sec =  178.2554 Mbps     0 retrans   3808 KB-cwnd
[2024-05-28 11:42:18.829997]    10.1250 MB /   0.50 sec =  169.8520 Mbps     0 retrans   3808 KB-cwnd
[2024-05-28 11:42:19.329877]     9.8750 MB /   0.50 sec =  165.6926 Mbps     0 retrans   3808 KB-cwnd
[2024-05-28 11:42:19.829855]     9.8125 MB /   0.50 sec =  164.6287 Mbps     0 retrans   3808 KB-cwnd
[2024-05-28 11:42:20.329838]    10.6250 MB /   0.50 sec =  178.2590 Mbps     0 retrans   3808 KB-cwnd
[2024-05-28 11:42:20.829864]    10.7500 MB /   0.50 sec =  180.3504 Mbps     0 retrans   3808 KB-cwnd
[2024-05-28 11:42:21.329845]    10.5000 MB /   0.50 sec =  176.1636 Mbps     0 retrans   3808 KB-cwnd
[2024-05-28 11:42:21.830188]     5.6875 MB /   0.50 sec =   95.3966 Mbps     0 retrans   3808 KB-cwnd
[2024-05-28 11:42:22.329847]    11.6875 MB /   0.50 sec =  196.1167 Mbps     0 retrans   3808 KB-cwnd
[2024-05-28 11:42:22.829985]    10.3750 MB /   0.50 sec =  174.0772 Mbps    11 retrans   3730 KB-cwnd
[2024-05-28 11:42:23.329888]    10.2500 MB /   0.50 sec =  171.9630 Mbps     0 retrans   3730 KB-cwnd
[2024-05-28 11:42:23.829967]    10.9375 MB /   0.50 sec =  183.4736 Mbps     0 retrans   3730 KB-cwnd
[2024-05-28 11:42:24.329923]     3.8125 MB /   0.50 sec =   63.9739 Mbps     0 retrans   3730 KB-cwnd
[2024-05-28 11:42:24.829887]    11.2500 MB /   0.50 sec =  188.7422 Mbps     0 retrans   3730 KB-cwnd
[2024-05-28 11:42:25.329842]    11.3750 MB /   0.50 sec =  190.8450 Mbps     0 retrans   3730 KB-cwnd
[2024-05-28 11:42:25.829894]    10.6875 MB /   0.50 sec =  179.3018 Mbps     0 retrans   3730 KB-cwnd
[2024-05-28 11:42:26.329875]    10.2500 MB /   0.50 sec =  171.9675 Mbps     0 retrans   3730 KB-cwnd
[2024-05-28 11:42:26.829837]    10.6250 MB /   0.50 sec =  178.2604 Mbps     0 retrans   3730 KB-cwnd
[2024-05-28 11:42:27.329897]    11.2500 MB /   0.50 sec =  188.7399 Mbps     0 retrans   3730 KB-cwnd
[2024-05-28 11:42:27.829889]    11.1875 MB /   0.50 sec =  187.6947 Mbps     0 retrans   3730 KB-cwnd
[2024-05-28 11:42:28.329842]    12.1875 MB /   0.50 sec =  204.4776 Mbps     0 retrans   3730 KB-cwnd
[2024-05-28 11:42:28.829974]    11.0625 MB /   0.50 sec =  185.5627 Mbps     0 retrans   3730 KB-cwnd
[2024-05-28 11:42:29.330046]     5.5625 MB /   0.50 sec =   93.3151 Mbps     0 retrans   3730 KB-cwnd
[2024-05-28 11:42:29.829958]    11.8125 MB /   0.50 sec =  198.2043 Mbps    14 retrans   4029 KB-cwnd
[2024-05-28 11:42:30.330009]     6.7500 MB /   0.50 sec =  113.2383 Mbps     0 retrans   4029 KB-cwnd
[2024-05-28 11:42:30.829971]    10.5000 MB /   0.50 sec =  176.1618 Mbps     0 retrans   4099 KB-cwnd
[2024-05-28 11:42:31.330187]     6.8750 MB /   0.50 sec =  115.3399 Mbps     0 retrans   4099 KB-cwnd
[2024-05-28 11:42:31.830026]     6.6250 MB /   0.50 sec =  111.1504 Mbps     0 retrans   4099 KB-cwnd
[2024-05-28 11:42:32.329959]     6.2500 MB /   0.50 sec =  104.8628 Mbps     0 retrans   4099 KB-cwnd
[2024-05-28 11:42:32.829942]     7.9375 MB /   0.50 sec =  133.1745 Mbps     0 retrans   4101 KB-cwnd
[2024-05-28 11:42:33.330053]     5.2500 MB /   0.50 sec =   88.0677 Mbps     0 retrans   4101 KB-cwnd
[2024-05-28 11:42:33.829843]    10.9375 MB /   0.50 sec =  183.5551 Mbps     0 retrans   4101 KB-cwnd
[2024-05-28 11:42:34.329857]     6.3125 MB /   0.50 sec =  105.9064 Mbps     0 retrans   4101 KB-cwnd
[2024-05-28 11:42:34.829911]     4.3125 MB /   0.50 sec =   72.3480 Mbps     0 retrans   4101 KB-cwnd
[2024-05-28 11:42:35.329870]     6.6250 MB /   0.50 sec =  111.1428 Mbps     0 retrans   4101 KB-cwnd
[2024-05-28 11:42:35.829887]     5.6250 MB /   0.50 sec =   94.3728 Mbps     0 retrans   4101 KB-cwnd
[2024-05-28 11:42:36.330042]     4.9375 MB /   0.50 sec =   82.8224 Mbps     0 retrans   4101 KB-cwnd
[2024-05-28 11:42:36.830064]     7.0625 MB /   0.50 sec =  118.5019 Mbps     0 retrans   4101 KB-cwnd
[2024-05-28 11:42:37.330035]     4.2500 MB /   0.50 sec =   71.2962 Mbps     0 retrans   4101 KB-cwnd
[2024-05-28 11:42:37.830002]     6.6250 MB /   0.50 sec =  111.1522 Mbps     0 retrans   4101 KB-cwnd
[2024-05-28 11:42:38.329871]    10.1875 MB /   0.50 sec =  170.9569 Mbps     0 retrans   4101 KB-cwnd
[2024-05-28 11:42:38.829886]     9.3750 MB /   0.50 sec =  157.2836 Mbps     0 retrans   4101 KB-cwnd
[2024-05-28 11:42:39.329855]     8.9375 MB /   0.50 sec =  149.9476 Mbps     0 retrans   4101 KB-cwnd
[2024-05-28 11:42:39.829940]     9.1875 MB /   0.50 sec =  154.1283 Mbps     4 retrans   4255 KB-cwnd
[2024-05-28 11:42:40.329886]     8.8750 MB /   0.50 sec =  148.9091 Mbps     0 retrans   4255 KB-cwnd
[2024-05-28 11:42:40.829924]    10.6250 MB /   0.50 sec =  178.2636 Mbps     0 retrans   4255 KB-cwnd
[2024-05-28 11:42:41.329962]    10.8125 MB /   0.50 sec =  181.3721 Mbps     0 retrans   4255 KB-cwnd
[2024-05-28 11:42:41.830004]    10.8125 MB /   0.50 sec =  181.3870 Mbps     0 retrans   4255 KB-cwnd
[2024-05-28 11:42:42.329980]     7.5000 MB /   0.50 sec =  125.8329 Mbps     0 retrans   4255 KB-cwnd
[2024-05-28 11:42:42.829893]    12.8750 MB /   0.50 sec =  216.0490 Mbps     0 retrans   4255 KB-cwnd
[2024-05-28 11:42:43.330059]    11.6250 MB /   0.50 sec =  195.0160 Mbps     0 retrans   4255 KB-cwnd
[2024-05-28 11:42:43.829961]    11.5000 MB /   0.50 sec =  192.9353 Mbps     0 retrans   4255 KB-cwnd
[2024-05-28 11:42:44.329900]    11.6250 MB /   0.50 sec =  195.0550 Mbps     0 retrans   4255 KB-cwnd
[2024-05-28 11:42:44.829911]     5.7500 MB /   0.50 sec =   96.4647 Mbps     0 retrans   4255 KB-cwnd
[2024-05-28 11:42:45.329784]     8.4375 MB /   0.50 sec =  141.5773 Mbps     0 retrans   4255 KB-cwnd
[2024-05-28 11:42:45.829904]    11.6875 MB /   0.50 sec =  196.0712 Mbps     0 retrans   4255 KB-cwnd
[2024-05-28 11:42:46.329799]    10.5000 MB /   0.50 sec =  176.1692 Mbps     0 retrans   4255 KB-cwnd
[2024-05-28 11:42:46.829945]     9.8125 MB /   0.50 sec =  164.5991 Mbps     4 retrans   4922 KB-cwnd
[2024-05-28 11:42:47.329897]    13.4375 MB /   0.50 sec =  225.4668 Mbps     0 retrans   4922 KB-cwnd
[2024-05-28 11:42:47.829982]     9.5000 MB /   0.50 sec =  159.3533 Mbps     0 retrans   5094 KB-cwnd
[2024-05-28 11:42:48.329788]    12.6250 MB /   0.50 sec =  211.8696 Mbps     0 retrans   5094 KB-cwnd
[2024-05-28 11:42:48.829886]    11.0000 MB /   0.50 sec =  184.5390 Mbps     0 retrans   5094 KB-cwnd
[2024-05-28 11:42:49.329856]    10.8750 MB /   0.50 sec =  182.4511 Mbps     0 retrans   5094 KB-cwnd
[2024-05-28 11:42:49.829998]    10.8125 MB /   0.50 sec =  181.4007 Mbps     0 retrans   5094 KB-cwnd
[2024-05-28 11:42:50.329775]    10.8125 MB /   0.50 sec =  181.4193 Mbps     0 retrans   5094 KB-cwnd
[2024-05-28 11:42:50.829783]    10.4375 MB /   0.50 sec =  175.1090 Mbps     0 retrans   5094 KB-cwnd
[2024-05-28 11:42:51.329978]     8.0000 MB /   0.50 sec =  134.1909 Mbps     0 retrans   5094 KB-cwnd
[2024-05-28 11:42:51.829876]    13.3125 MB /   0.50 sec =  223.3784 Mbps     0 retrans   5094 KB-cwnd
[2024-05-28 11:42:52.329902]    10.5625 MB /   0.50 sec =  177.1934 Mbps     0 retrans   5094 KB-cwnd
[2024-05-28 11:42:52.829863]    11.3125 MB /   0.50 sec =  189.8086 Mbps     0 retrans   5094 KB-cwnd
[2024-05-28 11:42:53.329858]    10.6875 MB /   0.50 sec =  179.3047 Mbps    34 retrans   4529 KB-cwnd
[2024-05-28 11:42:53.829856]    11.1250 MB /   0.50 sec =  186.6484 Mbps     0 retrans   4529 KB-cwnd
[2024-05-28 11:42:54.329901]    10.6250 MB /   0.50 sec =  178.2554 Mbps     0 retrans   4290 KB-cwnd
[2024-05-28 11:42:54.829952]     7.6250 MB /   0.50 sec =  127.9043 Mbps     0 retrans   4290 KB-cwnd
[2024-05-28 11:42:55.329919]     5.9375 MB /   0.50 sec =   99.6327 Mbps     0 retrans   4290 KB-cwnd
[2024-05-28 11:42:55.829890]     8.6250 MB /   0.50 sec =  144.7020 Mbps     0 retrans   4290 KB-cwnd
[2024-05-28 11:42:56.330011]    10.2500 MB /   0.50 sec =  171.9678 Mbps     0 retrans   4290 KB-cwnd
[2024-05-28 11:42:56.829887]     9.9375 MB /   0.50 sec =  166.7229 Mbps     0 retrans   4290 KB-cwnd
[2024-05-28 11:42:57.329914]     9.6250 MB /   0.50 sec =  161.4671 Mbps     0 retrans   4290 KB-cwnd
[2024-05-28 11:42:57.829894]     8.9375 MB /   0.50 sec =  149.9548 Mbps     0 retrans   4290 KB-cwnd
[2024-05-28 11:42:58.329956]     9.4375 MB /   0.50 sec =  158.3179 Mbps     0 retrans   4290 KB-cwnd
[2024-05-28 11:42:58.829869]    10.9375 MB /   0.50 sec =  183.5294 Mbps     0 retrans   4308 KB-cwnd
[2024-05-28 11:42:59.329943]     5.9375 MB /   0.50 sec =   99.5994 Mbps     0 retrans   4308 KB-cwnd
[2024-05-28 11:42:59.829967]     4.0625 MB /   0.50 sec =   68.1573 Mbps     0 retrans   4308 KB-cwnd
[2024-05-28 11:43:00.329975]     7.5625 MB /   0.50 sec =  126.8739 Mbps     0 retrans   4308 KB-cwnd
[2024-05-28 11:43:00.829875]    12.0000 MB /   0.50 sec =  201.3588 Mbps     6 retrans   4575 KB-cwnd
[2024-05-28 11:43:01.329986]     8.2500 MB /   0.50 sec =  138.3882 Mbps     0 retrans   4575 KB-cwnd
[2024-05-28 11:43:01.829858]     5.6250 MB /   0.50 sec =   94.3851 Mbps     0 retrans   4575 KB-cwnd
[2024-05-28 11:43:02.329983]     5.4375 MB /   0.50 sec =   91.2139 Mbps     0 retrans   4575 KB-cwnd
[2024-05-28 11:43:02.829977]    11.0625 MB /   0.50 sec =  185.5968 Mbps     0 retrans   4575 KB-cwnd
[2024-05-28 11:43:03.329844]     7.0000 MB /   0.50 sec =  117.4567 Mbps     0 retrans   4575 KB-cwnd
[2024-05-28 11:43:03.830139]     5.0625 MB /   0.50 sec =   84.9229 Mbps     0 retrans   4575 KB-cwnd
[2024-05-28 11:43:04.330033]     9.6250 MB /   0.50 sec =  161.4752 Mbps     0 retrans   4575 KB-cwnd
[2024-05-28 11:43:04.829837]    13.5000 MB /   0.50 sec =  226.5486 Mbps     0 retrans   4575 KB-cwnd
[2024-05-28 11:43:05.329908]     9.5000 MB /   0.50 sec =  159.3800 Mbps     0 retrans   4575 KB-cwnd
[2024-05-28 11:43:05.829873]     1.6875 MB /   0.50 sec =   28.3117 Mbps     0 retrans   4575 KB-cwnd
[2024-05-28 11:43:06.329828]     8.0000 MB /   0.50 sec =  134.2150 Mbps     0 retrans   4575 KB-cwnd
[2024-05-28 11:43:06.829952]     9.5000 MB /   0.50 sec =  159.3660 Mbps     0 retrans   4575 KB-cwnd
[2024-05-28 11:43:07.329890]     9.2500 MB /   0.50 sec =  155.2057 Mbps     0 retrans   4575 KB-cwnd
[2024-05-28 11:43:07.829815]    10.0625 MB /   0.50 sec =  168.8238 Mbps     0 retrans   4575 KB-cwnd
[2024-05-28 11:43:08.329989]     9.7500 MB /   0.50 sec =  163.5471 Mbps     0 retrans   4575 KB-cwnd
[2024-05-28 11:43:08.829902]     9.5625 MB /   0.50 sec =  160.4475 Mbps     0 retrans   4575 KB-cwnd
[2024-05-28 11:43:09.329893]    10.3750 MB /   0.50 sec =  174.0803 Mbps     6 retrans   4949 KB-cwnd
[2024-05-28 11:43:09.829955]     8.4375 MB /   0.50 sec =  141.5354 Mbps     0 retrans   4949 KB-cwnd
[2024-05-28 11:43:10.329778]    11.7500 MB /   0.50 sec =  197.1765 Mbps     0 retrans   4949 KB-cwnd
[2024-05-28 11:43:10.830025]     7.8750 MB /   0.50 sec =  132.0804 Mbps     0 retrans   4949 KB-cwnd
[2024-05-28 11:43:11.330040]     7.1875 MB /   0.50 sec =  120.5829 Mbps     0 retrans   4949 KB-cwnd
[2024-05-28 11:43:11.829786]    12.4375 MB /   0.50 sec =  208.7330 Mbps     0 retrans   4949 KB-cwnd
[2024-05-28 11:43:12.329916]     9.5625 MB /   0.50 sec =  160.4158 Mbps     0 retrans   4949 KB-cwnd
[2024-05-28 11:43:12.829888]     9.0000 MB /   0.50 sec =  151.0004 Mbps     0 retrans   4949 KB-cwnd
[2024-05-28 11:43:13.329829]     5.3125 MB /   0.50 sec =   89.1272 Mbps     0 retrans   4949 KB-cwnd
[2024-05-28 11:43:13.830158]     6.2500 MB /   0.50 sec =  104.8350 Mbps     0 retrans   4949 KB-cwnd
[2024-05-28 11:43:14.329860]    10.7500 MB /   0.50 sec =  180.4002 Mbps     0 retrans   4949 KB-cwnd
[2024-05-28 11:43:14.830019]     2.3750 MB /   0.50 sec =   39.8366 Mbps     0 retrans   4949 KB-cwnd
[2024-05-28 11:43:15.330067]     5.9375 MB /   0.50 sec =   99.6219 Mbps     0 retrans   4949 KB-cwnd
[2024-05-28 11:43:15.829982]     4.5625 MB /   0.50 sec =   76.5425 Mbps     0 retrans   4949 KB-cwnd
[2024-05-28 11:43:16.329969]     5.1250 MB /   0.50 sec =   85.9887 Mbps     0 retrans   4949 KB-cwnd
[2024-05-28 11:43:16.830152]     3.0625 MB /   0.50 sec =   51.3766 Mbps     0 retrans   4949 KB-cwnd
[2024-05-28 11:43:17.329793]     3.1250 MB /   0.50 sec =   52.4422 Mbps     0 retrans   4949 KB-cwnd
[2024-05-28 11:43:17.830019]     3.1250 MB /   0.50 sec =   52.4142 Mbps     0 retrans   4949 KB-cwnd
[2024-05-28 11:43:18.330017]     4.6875 MB /   0.50 sec =   78.6415 Mbps     0 retrans   4949 KB-cwnd
[2024-05-28 11:43:18.829926]     3.0625 MB /   0.50 sec =   51.3864 Mbps     0 retrans   4949 KB-cwnd
[2024-05-28 11:43:19.329974]     2.6250 MB /   0.50 sec =   44.0382 Mbps     0 retrans   4949 KB-cwnd
End time: 1716910999786
