Start time: 1716922996023
[2024-05-28 15:03:17.209687] nuttcp-r: v8.1.4: socket
[2024-05-28 15:03:17.210513] nuttcp-r: buflen=65536, nstream=1, port=5001 tcp
[2024-05-28 15:03:17.210570] nuttcp-r: interval reporting every 0.50 seconds
[2024-05-28 15:03:17.210603] nuttcp-r: connect to 35.245.244.238 with RTT=129.197 ms af=inet
[2024-05-28 15:03:17.210634] nuttcp-r: send window size = 524288, receive window size = 4194304
[2024-05-28 15:03:17.210661] nuttcp-r: available send window = 393216, available receive window = 3145728
[2024-05-28 15:03:17.210690]     0.0000 MB /   0.50 sec =    0.0000 Mbps     0 retrans      0 KB-cwnd
[2024-05-28 15:03:17.709528]     0.0000 MB /   0.50 sec =    0.0000 Mbps     0 retrans      0 KB-cwnd
[2024-05-28 15:03:18.209485]     0.0000 MB /   0.50 sec =    0.0000 Mbps     0 retrans      0 KB-cwnd
[2024-05-28 15:03:18.710267]     0.0000 MB /   0.50 sec =    0.0000 Mbps     0 retrans      0 KB-cwnd
[2024-05-28 15:03:19.209396]     0.0000 MB /   0.50 sec =    0.0000 Mbps     0 retrans      0 KB-cwnd
[2024-05-28 15:03:19.710393]     0.0000 MB /   0.50 sec =    0.0000 Mbps     0 retrans      0 KB-cwnd
[2024-05-28 15:03:20.210141]     0.0000 MB /   0.50 sec =    0.0000 Mbps     0 retrans      0 KB-cwnd
[2024-05-28 15:03:20.710102]     0.0000 MB /   0.50 sec =    0.0000 Mbps     0 retrans      0 KB-cwnd
[2024-05-28 15:03:21.209102]     0.0000 MB /   0.50 sec =    0.0000 Mbps     0 retrans      0 KB-cwnd
[2024-05-28 15:03:21.709089]     0.0000 MB /   0.50 sec =    0.0000 Mbps     0 retrans      0 KB-cwnd
[2024-05-28 15:03:22.210072]     0.0000 MB /   0.50 sec =    0.0000 Mbps     0 retrans      0 KB-cwnd
[2024-05-28 15:03:22.709248]     0.0000 MB /   0.50 sec =    0.0000 Mbps     0 retrans      0 KB-cwnd
[2024-05-28 15:03:23.209224]     0.0000 MB /   0.50 sec =    0.0000 Mbps     0 retrans      0 KB-cwnd
[2024-05-28 15:03:23.709108]     0.0000 MB /   0.50 sec =    0.0000 Mbps     0 retrans      0 KB-cwnd
[2024-05-28 15:03:24.210177]     0.0000 MB /   0.50 sec =    0.0000 Mbps     0 retrans      0 KB-cwnd
[2024-05-28 15:03:24.709360]     0.0000 MB /   0.50 sec =    0.0000 Mbps     0 retrans      0 KB-cwnd
[2024-05-28 15:03:25.209144]     0.0000 MB /   0.50 sec =    0.0000 Mbps     0 retrans      0 KB-cwnd
[2024-05-28 15:03:25.709138]     0.0000 MB /   0.50 sec =    0.0000 Mbps     0 retrans      0 KB-cwnd
[2024-05-28 15:03:26.210054]     0.0000 MB /   0.50 sec =    0.0000 Mbps     0 retrans      0 KB-cwnd
[2024-05-28 15:03:26.709141]     0.0000 MB /   0.50 sec =    0.0000 Mbps     0 retrans      0 KB-cwnd
[2024-05-28 15:03:27.210011]     0.0000 MB /   0.50 sec =    0.0000 Mbps     0 retrans      0 KB-cwnd
[2024-05-28 15:03:27.710206]     0.0000 MB /   0.50 sec =    0.0000 Mbps     0 retrans      0 KB-cwnd
[2024-05-28 15:03:28.209100]     0.0000 MB /   0.50 sec =    0.0000 Mbps     0 retrans      0 KB-cwnd
[2024-05-28 15:03:28.709171]     0.0000 MB /   0.50 sec =    0.0000 Mbps     0 retrans      0 KB-cwnd
[2024-05-28 15:03:29.210047]     0.0000 MB /   0.50 sec =    0.0000 Mbps     0 retrans      0 KB-cwnd
[2024-05-28 15:03:29.709134]     0.0000 MB /   0.50 sec =    0.0000 Mbps     0 retrans      0 KB-cwnd
[2024-05-28 15:03:30.209563]     0.0000 MB /   0.50 sec =    0.0000 Mbps     0 retrans      0 KB-cwnd
[2024-05-28 15:03:30.709167]     0.0000 MB /   0.50 sec =    0.0000 Mbps     0 retrans      0 KB-cwnd
[2024-05-28 15:03:31.210016]     0.0000 MB /   0.50 sec =    0.0000 Mbps     0 retrans      0 KB-cwnd
[2024-05-28 15:03:31.712184] nuttcp-r: v8.1.4: Error: not receiving data from server
End time: 1716923011737
