Start time: 1716840849848
{
  "id": "0",
  "status": null,
  "apiVersion": "17",
  "dishGetHistory": {
    "current": "5130",
    "popPingDropRate": [
      0,
      0,
      0,
      0,
      0,
      0,
      0,
      0,
      0,
      0,
      0,
      0,
      0,
      0,
      0,
      0,
      0,
      0,
      0,
      0,
      0.13333334,
      0.13333334,
      0,
      0,
      0,
      0,
      0,
      0,
      0,
      0,
      0,
      0,
      0,
      0.125,
      0.125,
      0.0625,
      0,
      0,
      0,
      0,
      0,
      0,
      0,
      0,
      0,
      0,
      0,
      0,
      0,
      0,
      0,
      0,
      0,
      0,
      0,
      0,
      0,
      0,
      0,
      0,
      0,
      0,
      0,
      0.0625,
      0.0625,
      0,
      0,
      0,
      0,
      0,
      0,
      0,
      0,
      0,
      0,
      0,
      0,
      0,
      0.0625,
      0.0625,
      0,
      0,
      0,
      0,
      0.06666667,
      0.0625,
      0,
      0,
      0,
      0,
      0,
      0,
      0,
      0,
      0,
      0,
      0,
      0,
      0,
      0,
      0,
      0,
      0,
      0,
      0,
      0,
      0,
      0,
      0,
      0,
      0,
      0,
      0,
      0,
      0,
      0,
      0,
      0,
      0,
      0,
      0,
      0,
      0.0625,
      0.06666667,
      0,
      0,
      0,
      0,
      0,
      0,
      0,
      0,
      0,
      0,
      0,
      0,
      0,
      0,
      0,
      0,
      0,
      0,
      0,
      0,
      0.0625,
      0.11764706,
      0.05882353,
      0,
      0,
      0,
      0,
      0,
      0,
      0,
      0,
      0,
      0,
      0,
      0,
      0,
      0,
      0,
      0,
      0,
      0,
      0,
      0,
      0,
      0,
      0,
      0,
      0,
      0,
      0,
      0,
      0,
      0,
      0,
      0,
      0,
      0,
      0,
      0,
      0,
      0,
      0,
      0,
      0,
      0,
      0,
      0,
      0,
      0,
      0,
      0,
      0,
      0,
      0,
      0,
      0,
      0,
      0,
      0,
      0,
      0,
      0,
      0,
      0,
      0.33333334,
      0.53333336,
      0.3125,
      0,
      0,
      0,
      0.06666667,
      0,
      0,
      0,
      0,
      0,
      0,
      0,
      0,
      0,
      0,
      0,
      0,
      0,
      0,
      0,
      0,
      0,
      0,
      0,
      0,
      0,
      0,
      0,
      0,
      0,
      0,
      0,
      0,
      0,
      0,
      0,
      0,
      0,
      0,
      0,
      0,
      0,
      0,
      0,
      0,
      0,
      0,
      0,
      0,
      0,
      0,
      0,
      0,
      0,
      0,
      0,
      0,
      0.06666667,
      0.125,
      0,
      0,
      0,
      0,
      0,
      0,
      0,
      0,
      0,
      0,
      0,
      0,
      0,
      0,
      0,
      0,
      0,
      0,
      0,
      0,
      0,
      0,
      0,
      0,
      0,
      0,
      0,
      0,
      0,
      0,
      0,
      0,
      0,
      0,
      0,
      0,
      0,
      0,
      0,
      0,
      0,
      0,
      0,
      0,
      0,
      0,
      0,
      0,
      0,
      0,
      0.06666667,
      0,
      0,
      0,
      0,
      0,
      0,
      0,
      0,
      0,
      0,
      0,
      0,
      0,
      0.06666667,
      0.06666667,
      0.06666667,
      0,
      0,
      0,
      0,
      0,
      0,
      0,
      0,
      0,
      0,
      0,
      0,
      0,
      0,
      0,
      0,
      0,
      0,
      0,
      0,
      0,
      0,
      0,
      0,
      0,
      0,
      0,
      0,
      0.13333334,
      0.13333334,
      0,
      0,
      0,
      0,
      0,
      0,
      0,
      0,
      0.3125,
      0.29411766,
      0.05882353,
      0,
      0,
      0.06666667,
      0,
      0,
      0,
      0,
      0,
      0,
      0,
      0,
      0,
      0,
      0,
      0,
      0,
      0,
      0,
      0,
      0,
      0,
      0,
      0,
      0.06666667,
      0.0625,
      0,
      0,
      0,
      0,
      0,
      0,
      0,
      0,
      0,
      0,
      0,
      0,
      0,
      0,
      0,
      0,
      0,
      0,
      0,
      0,
      0,
      0,
      0,
      0,
      0,
      0,
      0,
      0,
      0,
      0,
      0,
      0,
      0,
      0,
      0,
      0,
      0,
      0,
      0,
      0,
      0,
      0,
      0,
      0,
      0,
      0,
      0,
      0,
      0,
      0,
      0,
      0,
      0,
      0,
      0,
      0,
      0,
      0,
      0,
      0,
      0,
      0,
      0.26666668,
      0.26666668,
      0,
      0,
      0.06666667,
      0.06666667,
      0,
      0,
      0,
      0,
      0,
      0,
      0,
      0,
      0,
      0,
      0,
      0,
      0,
      0,
      0,
      0,
      0,
      0,
      0,
      0,
      0,
      0,
      0,
      0,
      0,
      0,
      0,
      0,
      0,
      0,
      0,
      0,
      0,
      0,
      0,
      0,
      0,
      0.4,
      0.375,
      0,
      0,
      0,
      0,
      0,
      0.071428575,
      0,
      0,
      0.125,
      0.125,
      0,
      0,
      0,
      0,
      0,
      0,
      0,
      0,
      0,
      0,
      0.06666667,
      0.06666667,
      0,
      0,
      0,
      0,
      0,
      0,
      0,
      0,
      0,
      0.11764706,
      0.125,
      0.0625,
      0,
      0,
      0,
      0,
      0,
      0,
      0,
      0,
      0,
      0,
      0,
      0,
      0,
      0,
      0,
      0.0625,
      0.125,
      0.071428575,
      0,
      0,
      0.05882353,
      0.05882353,
      0.0625,
      0,
      0,
      0,
      0,
      0,
      0,
      0,
      0,
      0,
      0,
      0,
      0,
      0,
      0,
      0,
      0,
      0,
      0,
      0,
      0,
      0,
      0,
      0,
      0.125,
      0.25,
      0.0625,
      0,
      0,
      0,
      0,
      0,
      0,
      0,
      0,
      0,
      0,
      0,
      0.05882353,
      0.05882353,
      0,
      0,
      0,
      0,
      0,
      0,
      0.125,
      0.11764706,
      0,
      0,
      0,
      0,
      0,
      0,
      0,
      0,
      0,
      0,
      0,
      0,
      0,
      0,
      0,
      0,
      0,
      0,
      0,
      0,
      0.0625,
      0.06666667,
      0.0625,
      0,
      0,
      0,
      0,
      0,
      0,
      0,
      0,
      0,
      0,
      0,
      0,
      0,
      0,
      0,
      0,
      0,
      0,
      0,
      0,
      0,
      0,
      0,
      0,
      0,
      0,
      0,
      0,
      0,
      0,
      0,
      0,
      0,
      0.0625,
      0.0625,
      0.071428575,
      0.14285715,
      0.0625,
      0,
      0,
      0,
      0.071428575,
      0.071428575,
      0,
      0,
      0,
      0,
      0,
      0,
      0,
      0,
      0,
      0,
      0,
      0,
      0,
      0,
      0,
      0,
      0,
      0,
      0,
      0,
      0,
      0,
      0,
      0,
      0,
      0,
      0,
      0,
      0,
      0,
      0.06666667,
      0.06666667,
      0,
      0,
      0,
      0,
      0,
      0,
      0,
      0,
      0,
      0,
      0,
      0,
      0,
      0,
      0,
      0,
      0,
      0,
      0,
      0,
      0,
      0,
      0,
      0.071428575,
      0.11764706,
      0.05882353,
      0,
      0,
      0,
      0,
      0,
      0,
      0,
      0,
      0,
      0,
      0,
      0,
      0,
      0,
      0,
      0,
      0,
      0,
      0,
      0,
      0,
      0,
      0,
      0,
      0,
      0,
      0,
      0,
      0,
      0,
      0,
      0,
      0,
      0,
      0,
      0,
      0,
      0,
      0,
      0,
      0,
      0,
      0,
      0,
      0,
      0,
      0,
      0,
      0,
      0,
      0,
      0,
      0,
      0,
      0,
      0,
      0,
      0,
      0,
      0,
      0,
      0,
      0,
      0,
      0,
      0.0625,
      0.0625,
      0,
      0,
      0,
      0,
      0,
      0,
      0,
      0,
      0,
      0,
      0,
      0,
      0,
      0,
      0,
      0,
      0,
      0,
      0,
      0,
      0,
      0,
      0,
      0,
      0,
      0.0625,
      0.0625,
      0,
      0.0625,
      0.06666667,
      0.06666667,
      0.05882353,
      0,
      0,
      0,
      0,
      0,
      0.06666667,
      0.06666667,
      0,
      0,
      0,
      0,
      0,
      0,
      0,
      0,
      0,
      0,
      0,
      0.0625,
      0.0625,
      0,
      0,
      0,
      0,
      0,
      0,
      0,
      0,
      0,
      0,
      0,
      0,
      0,
      0,
      0,
      0,
      0,
      0,
      0,
      0,
      0,
      0,
      0,
      0,
      0,
      0,
      0,
      0,
      0,
      0,
      0,
      0,
      0,
      0,
      0,
      0,
      0,
      0,
      0,
      0,
      0,
      0,
      0,
      0
    ],
    "popPingLatencyMs": [
      36.477074,
      37.988594,
      43.48119,
      41.94247,
      38.8475,
      40.614136,
      40.425877,
      39.143875,
      40.20125,
      38.65231,
      36.247997,
      40.04725,
      41.551937,
      40.624565,
      39.195538,
      38.459312,
      40.171814,
      39.44969,
      54.93908,
      51.95029,
      33.662937,
      34.936356,
      36.364876,
      36.373314,
      36.810875,
      36.23994,
      34.723495,
      32.723705,
      34.081562,
      34.790627,
      33.662827,
      33.038,
      30.86507,
      26.574932,
      25.1885,
      27.063873,
      28.671686,
      28.296562,
      28.099201,
      26.934063,
      26.160234,
      25.256,
      26.113811,
      26.210878,
      25.671236,
      26.314236,
      27.220354,
      30.767878,
      33.93044,
      35.214787,
      33.9294,
      34.20788,
      35.2488,
      34.15507,
      34.217136,
      34.57175,
      34.850624,
      35.527378,
      34.889175,
      36.077564,
      35.70019,
      33.893875,
      38.50313,
      37.804688,
      32.965065,
      32.260624,
      32.712875,
      32.757355,
      33.56935,
      33.66644,
      32.924767,
      33.071,
      32.5065,
      32.391125,
      35.025185,
      36.209,
      36.847,
      39.42425,
      38.60156,
      35.247623,
      34.149,
      32.875565,
      33.544468,
      35.862602,
      36.251186,
      34.45013,
      34.6808,
      34.97647,
      34.769814,
      35.15644,
      36.61341,
      35.829254,
      33.77475,
      30.183002,
      26.796688,
      25.252943,
      25.465647,
      25.188936,
      25.230064,
      26.485125,
      26.314312,
      25.848118,
      26.818003,
      26.247528,
      24.991001,
      26.945938,
      27.671312,
      27.834866,
      31.4816,
      32.017876,
      32.125,
      32.295876,
      32.63333,
      36.9832,
      38.594337,
      35.950314,
      34.040943,
      33.508312,
      35.06875,
      36.371807,
      35.141533,
      33.759136,
      33.168266,
      28.135185,
      24.449312,
      25.958128,
      27.805534,
      28.959251,
      29.37994,
      29.025349,
      30.647877,
      29.73607,
      31.415123,
      30.865564,
      27.322378,
      29.202332,
      29.1102,
      38.899185,
      43.644466,
      39.945797,
      39.294632,
      38.521465,
      40.576252,
      37.6654,
      34.607597,
      33.715355,
      31.367435,
      34.16594,
      36.667336,
      32.477936,
      33.181248,
      33.990932,
      33.592197,
      29.817375,
      26.633127,
      26.75357,
      25.9908,
      24.859375,
      27.112627,
      26.871626,
      24.657188,
      26.97941,
      28.440413,
      26.563766,
      25.904001,
      27.123312,
      27.052603,
      32.011715,
      32.9978,
      28.53806,
      27.972824,
      30.191177,
      33.3115,
      33.9748,
      30.655811,
      28.707062,
      31.221624,
      32.322563,
      32.241062,
      31.6345,
      30.82725,
      29.990118,
      33.839813,
      36.778816,
      30.213648,
      27.061438,
      29.471565,
      28.595533,
      29.533997,
      29.288254,
      27.009434,
      26.317251,
      26.673883,
      28.471,
      28.769566,
      27.066662,
      28.120535,
      44.0208,
      49.126064,
      41.184067,
      41.836803,
      42.40427,
      36.909252,
      42.115063,
      41.914253,
      40.00165,
      40.18027,
      55.777428,
      42.315662,
      28.035814,
      25.640503,
      28.455334,
      32.829643,
      34.6024,
      33.177395,
      29.819334,
      29.85447,
      30.221563,
      29.753374,
      31.073465,
      31.626562,
      31.75994,
      31.136467,
      29.858353,
      30.252062,
      31.526064,
      32.240623,
      36.776936,
      36.508263,
      31.426191,
      30.722128,
      30.073187,
      30.35544,
      30.180937,
      32.278122,
      33.044437,
      33.467564,
      32.26294,
      30.927197,
      32.443733,
      32.476933,
      33.416286,
      33.767532,
      33.155003,
      33.869602,
      31.245314,
      30.936867,
      32.5154,
      31.34,
      31.580929,
      31.400333,
      31.546501,
      32.065372,
      30.6574,
      29.991333,
      30.893599,
      32.5876,
      36.31113,
      36.073868,
      33.986664,
      33.991665,
      32.339375,
      31.619133,
      33.594933,
      32.92173,
      30.486668,
      40.652065,
      39.502666,
      27.849747,
      27.799187,
      26.933533,
      27.254467,
      32.155537,
      30.935932,
      24.286146,
      27.761404,
      27.614187,
      25.10019,
      26.156504,
      29.526312,
      30.763498,
      28.372295,
      30.102133,
      32.4134,
      32.49625,
      31.276438,
      30.611128,
      31.293798,
      33.5788,
      33.04065,
      32.239532,
      31.571877,
      31.774597,
      32.3885,
      31.719465,
      31.147469,
      36.20425,
      39.100666,
      33.010315,
      33.36312,
      34.6256,
      31.132063,
      31.09573,
      30.2712,
      32.205334,
      32.413002,
      30.930311,
      31.5572,
      32.560944,
      34.159943,
      32.126587,
      29.373474,
      29.45212,
      30.162529,
      32.037884,
      33.765053,
      34.0265,
      32.00614,
      30.41227,
      31.996752,
      31.691765,
      31.12175,
      31.284822,
      30.89559,
      29.984188,
      27.171316,
      27.82553,
      30.16888,
      30.647188,
      29.59806,
      29.975624,
      29.992668,
      35.332203,
      38.36873,
      32.994335,
      29.681934,
      29.497564,
      29.103535,
      29.32907,
      28.704437,
      30.939875,
      32.656116,
      31.382187,
      31.244068,
      31.47127,
      30.734734,
      31.374132,
      32.38569,
      29.021187,
      25.644176,
      25.699589,
      25.742186,
      26.188498,
      26.8305,
      26.072437,
      26.48025,
      26.644293,
      27.675587,
      29.595312,
      29.088564,
      29.417812,
      30.614815,
      32.37354,
      32.017616,
      32.141197,
      33.560875,
      32.91162,
      34.024628,
      35.445377,
      34.148293,
      33.379356,
      33.46881,
      32.489998,
      43.68275,
      40.186497,
      32.193584,
      31.841747,
      33.257534,
      31.17175,
      27.407763,
      32.748188,
      30.876228,
      29.249058,
      30.290234,
      28.54543,
      29.444134,
      28.29847,
      27.001062,
      27.058884,
      27.930374,
      29.819069,
      29.245937,
      30.873688,
      34.20775,
      35.937332,
      35.965267,
      34.8866,
      35.9128,
      37.329205,
      35.832333,
      33.507442,
      34.28353,
      36.702934,
      40.371464,
      43.755867,
      39.3802,
      36.79053,
      39.693623,
      38.405624,
      35.149734,
      36.460686,
      38.024876,
      35.92044,
      35.81844,
      34.699436,
      36.06994,
      36.762127,
      36.365623,
      38.205566,
      40.1936,
      38.40375,
      39.81946,
      47.000534,
      43.470123,
      36.19487,
      35.92238,
      38.773537,
      41.13526,
      41.660126,
      42.95894,
      40.035603,
      38.866665,
      41.25425,
      40.091877,
      38.107185,
      37.76719,
      38.059998,
      39.196312,
      37.130627,
      34.16744,
      33.434185,
      32.387375,
      32.293865,
      33.895935,
      32.36794,
      31.754438,
      33.563625,
      32.973248,
      30.787811,
      30.018295,
      30.138647,
      31.19131,
      34.800266,
      36.963737,
      31.40113,
      29.508938,
      29.531246,
      28.999687,
      29.237396,
      31.1745,
      31.67706,
      31.406178,
      30.929472,
      52.780544,
      48.353355,
      38.855064,
      39.047935,
      40.97093,
      39.00654,
      34.58433,
      34.312176,
      35.670883,
      35.98053,
      34.512238,
      33.251877,
      32.856064,
      32.887764,
      33.273937,
      35.429375,
      33.711468,
      31.955435,
      31.296412,
      32.15888,
      32.396496,
      30.30594,
      30.937504,
      30.016876,
      28.439825,
      28.995378,
      31.576588,
      31.387623,
      29.978127,
      33.319763,
      32.366768,
      30.721666,
      30.945646,
      28.620068,
      33.104317,
      35.555126,
      36.553623,
      37.375534,
      36.945534,
      35.875374,
      36.59547,
      35.961815,
      35.961815,
      44.929398,
      41.586178,
      35.020187,
      34.121353,
      34.506184,
      35.712734,
      38.407215,
      35.528736,
      31.055372,
      45.48193,
      53.445427,
      44.531,
      43.905563,
      44.646194,
      43.037735,
      43.159374,
      43.473686,
      42.952873,
      41.102875,
      41.6155,
      41.964733,
      37.343998,
      32.058933,
      31.376644,
      32.906685,
      31.323933,
      29.339436,
      33.1802,
      33.22425,
      31.83881,
      32.454235,
      31.398117,
      30.263058,
      40.45807,
      42.620262,
      34.540813,
      40.8924,
      45.317398,
      41.1042,
      40.050335,
      42.347866,
      42.33993,
      41.028812,
      42.4486,
      41.750748,
      41.385864,
      41.521,
      39.89788,
      40.428688,
      41.069798,
      41.347687,
      39.779716,
      35.920845,
      33.8818,
      34.425686,
      33.25963,
      32.098125,
      32.108376,
      34.761402,
      34.5892,
      34.815186,
      34.98425,
      32.26569,
      31.496874,
      34.420177,
      34.083878,
      34.16113,
      33.373882,
      29.337234,
      28.52947,
      27.907412,
      27.094,
      29.69431,
      28.9374,
      27.241402,
      26.8175,
      26.67247,
      29.09053,
      30.535936,
      29.120686,
      28.181,
      35.57694,
      42.251915,
      33.505352,
      28.532751,
      25.701561,
      24.435625,
      28.234734,
      30.613375,
      27.223812,
      25.813063,
      28.165764,
      27.747002,
      25.470709,
      28.014297,
      28.295177,
      31.458874,
      34.81244,
      31.548685,
      30.184132,
      31.500689,
      33.15019,
      33.310814,
      31.071213,
      28.232933,
      30.99165,
      31.990875,
      30.703186,
      31.873535,
      31.287403,
      32.00133,
      37.28227,
      38.24793,
      32.697533,
      30.771929,
      30.944798,
      29.498436,
      28.04131,
      27.755749,
      28.099293,
      33.58988,
      36.74094,
      33.671814,
      33.747307,
      38.84559,
      39.13775,
      35.168335,
      26.988667,
      27.751928,
      27.756266,
      27.452665,
      29.273932,
      29.24525,
      28.824114,
      29.015436,
      28.337812,
      27.806627,
      27.96994,
      27.489311,
      27.165188,
      28.395332,
      30.2708,
      34.467003,
      30.962133,
      28.946064,
      31.850248,
      32.07181,
      33.1077,
      33.807278,
      29.186117,
      31.50494,
      34.60353,
      31.265999,
      31.122997,
      29.570372,
      28.805399,
      31.6602,
      30.355375,
      29.879412,
      31.500563,
      31.319126,
      30.997198,
      30.387064,
      27.4045,
      25.944286,
      28.613998,
      38.466816,
      51.598564,
      59.8386,
      58.634846,
      60.384304,
      50.50767,
      39.020752,
      32.02544,
      30.558874,
      30.554117,
      30.998497,
      31.187643,
      31.5842,
      32.53056,
      33.38038,
      31.93206,
      30.45435,
      31.061068,
      33.462135,
      33.16925,
      32.205997,
      30.516937,
      29.405,
      28.570131,
      26.2605,
      27.04741,
      28.604185,
      26.982063,
      26.845589,
      28.823412,
      28.800442,
      29.281796,
      29.783602,
      29.432877,
      29.229527,
      33.732563,
      39.054287,
      39.0362,
      40.422855,
      41.448605,
      40.95567,
      38.746593,
      38.61207,
      41.356136,
      42.532932,
      39.554604,
      37.18533,
      39.257202,
      40.076466,
      41.338,
      46.98426,
      49.791183,
      49.683796,
      49.24122,
      46.400803,
      43.09144,
      43.48188,
      51.222874,
      52.027252,
      47.33514,
      53.480072,
      49.53074,
      40.635315,
      43.783478,
      45.29765,
      44.03688,
      40.01494,
      38.345287,
      39.033604,
      38.928204,
      39.237663,
      38.51325,
      38.759644,
      40.453377,
      41.518333,
      40.63875,
      38.598137,
      38.90533,
      40.251564,
      41.515007,
      39.803436,
      32.28294,
      25.825058,
      26.995314,
      29.649065,
      28.8335,
      27.814314,
      27.431732,
      27.634733,
      29.639,
      28.533371,
      26.257935,
      26.106468,
      29.064312,
      29.037403,
      30.405748,
      30.296377,
      25.295624,
      25.725826,
      26.12059,
      26.31106,
      27.233995,
      27.48375,
      27.598753,
      28.531336,
      30.977665,
      29.668402,
      26.316202,
      27.665401,
      30.014471,
      30.683998,
      30.797688,
      30.24333,
      31.703707,
      31.62,
      32.379436,
      32.607468,
      30.24618,
      29.803314,
      29.987,
      32.472534,
      32.081497,
      29.418669,
      30.475466,
      30.219332,
      33.220436,
      35.081253,
      32.01075,
      32.009335,
      31.938063,
      32.31876,
      32.844376,
      33.126873,
      33.49025,
      34.3856,
      33.690132,
      34.316624,
      36.626587,
      35.96237,
      33.663998,
      36.31147,
      37.18533,
      31.893599,
      32.250473,
      33.826355,
      31.017874,
      30.011732,
      33.23056,
      33.95135,
      32.901054,
      34.381435,
      33.90244,
      32.442562,
      34.015812,
      34.045334,
      34.370667,
      35.546734,
      33.700253,
      33.147137,
      32.953358,
      30.645435,
      33.445065,
      36.869762,
      34.932377,
      30.680866,
      29.164,
      30.390314,
      31.1715,
      31.476501,
      33.099735,
      35.15893,
      34.21025,
      31.735561,
      34.46607,
      34.722,
      32.644802,
      32.491997,
      34.3738,
      34.08379,
      32.73267,
      32.387062,
      33.774204,
      36.54864,
      35.803814,
      61.51687,
      70.467,
      45.7334,
      39.332397,
      39.241528,
      37.116238,
      36.222687,
      39.515,
      40.84493,
      36.635868,
      35.940502,
      36.86525,
      37.425354,
      36.092716,
      37.25433,
      37.71493,
      43.903255,
      44.220623,
      39.506474,
      43.554752,
      43.129,
      42.9294,
      43.090935,
      39.91969,
      40.51731,
      44.07294,
      44.50756,
      42.274532,
      45.04333,
      44.26787,
      42.583134,
      41.250267,
      39.262867,
      40.278667,
      40.454662,
      39.156998,
      37.865936,
      39.938534,
      40.585434,
      41.31494,
      38.43912,
      34.503376,
      33.760136,
      35.409798
    ],
    "downlinkThroughputBps": [
      29645.34,
      71865.2,
      42278.586,
      43679.48,
      44946.16,
      69315.07,
      37706.793,
      59248.74,
      41297.117,
      27296.531,
      21432.893,
      25266.486,
      20023.607,
      23689.43,
      559033.6,
      19360.908,
      82334.19,
      19721.617,
      11047.797,
      150852.34,
      45315.26,
      41842.375,
      55071.21,
      58074.332,
      32732.348,
      24905.777,
      37169.92,
      20308.82,
      28647.096,
      38067.504,
      42647.684,
      27699.184,
      54274.293,
      30316.43,
      44879.055,
      33613.152,
      42890.953,
      55566.14,
      26130.514,
      28747.76,
      27036.484,
      24117.248,
      28395.438,
      19864.225,
      22649.242,
      21432.893,
      21441.281,
      17993.564,
      26558.332,
      23295.164,
      20057.162,
      19956.498,
      18631.098,
      22573.744,
      19293.799,
      65322.09,
      21231.566,
      20308.82,
      24486.348,
      28949.086,
      40802.188,
      57008.98,
      36565.94,
      18756.928,
      66597.16,
      19201.523,
      22892.512,
      44761.613,
      77191.97,
      21256.732,
      64818.773,
      27221.033,
      23169.336,
      25367.15,
      17431.527,
      18018.73,
      32807.848,
      30995.906,
      36658.22,
      42865.785,
      21911.045,
      31197.232,
      18966.643,
      20333.986,
      32388.416,
      75589.75,
      67696.07,
      64164.46,
      30165.434,
      69155.69,
      86394.27,
      33126.613,
      30584.865,
      30769.414,
      21390.951,
      34183.58,
      23370.662,
      57151.586,
      68434.266,
      111241.33,
      108171.1,
      39401.293,
      28957.475,
      21625.832,
      36196.844,
      24721.229,
      18404.605,
      18824.037,
      23471.324,
      33604.76,
      38419.824,
      30987.518,
      47303.36,
      35022.438,
      27388.805,
      109186.125,
      42354.082,
      31130.125,
      28227.666,
      21827.158,
      24712.84,
      61882.76,
      20627.588,
      17288.922,
      17070.816,
      34762.39,
      31675.385,
      74616.67,
      45868.91,
      25140.658,
      90831.84,
      70363.64,
      67721.234,
      92434.07,
      43419.434,
      106476.6,
      64349.01,
      24469.57,
      80799.07,
      61941.48,
      38897.977,
      37404.805,
      338631.3,
      70296.53,
      86033.56,
      57084.477,
      67175.98,
      70816.625,
      79448.51,
      29645.34,
      424706.84,
      45684.36,
      49375.348,
      31876.71,
      34896.61,
      37119.59,
      35131.492,
      75430.36,
      26919.043,
      22330.475,
      97794.39,
      32019.316,
      56706.99,
      28621.93,
      19998.441,
      23043.506,
      19016.975,
      21365.785,
      68769.805,
      34594.62,
      24167.58,
      24536.678,
      20409.482,
      41490.055,
      19344.13,
      20552.09,
      36305.895,
      24343.74,
      29964.107,
      27145.535,
      22338.863,
      33529.266,
      19788.727,
      19906.166,
      18756.928,
      42622.516,
      88835.36,
      82569.07,
      47479.52,
      17288.922,
      118967.24,
      40365.98,
      32740.736,
      27523.023,
      23563.6,
      23999.807,
      20929.576,
      18312.332,
      28579.988,
      18631.098,
      19948.11,
      19352.52,
      23186.113,
      21567.111,
      66924.31,
      108078.83,
      42312.14,
      11257.512,
      43033.56,
      35643.195,
      88952.8,
      32640.074,
      83290.49,
      51162.12,
      19595.79,
      21567.111,
      21877.49,
      58611.203,
      26960.986,
      31901.877,
      26868.71,
      20560.479,
      32833.01,
      27179.09,
      20157.824,
      38369.492,
      25702.695,
      30861.69,
      32019.316,
      23379.05,
      21449.67,
      21441.281,
      32078.037,
      34015.805,
      42362.47,
      22473.08,
      22548.578,
      25711.084,
      31474.057,
      19855.836,
      45399.15,
      19461.57,
      28319.941,
      18211.668,
      40441.48,
      19964.887,
      20057.162,
      60834.184,
      56111.4,
      15904.801,
      74390.17,
      22699.574,
      22842.18,
      26969.375,
      23588.766,
      22456.303,
      20686.307,
      20526.924,
      31339.84,
      17456.693,
      20896.023,
      19579.012,
      21214.79,
      19444.793,
      31960.596,
      55675.19,
      37086.035,
      28454.158,
      66446.164,
      43956.305,
      59315.848,
      32791.07,
      48335.16,
      38201.723,
      20191.379,
      32841.4,
      87392.516,
      57344.523,
      43687.87,
      38872.81,
      75614.914,
      40743.47,
      18111.004,
      24217.912,
      22850.568,
      22053.65,
      20677.918,
      19964.887,
      26868.71,
      18563.99,
      34040.973,
      19503.514,
      24243.076,
      31893.488,
      17892.9,
      64198.016,
      23420.994,
      37572.574,
      35391.54,
      19495.125,
      36339.45,
      24469.57,
      40273.707,
      76495.72,
      31247.564,
      20099.105,
      20954.742,
      68929.195,
      46380.613,
      63216.55,
      26138.902,
      24779.947,
      22338.863,
      316409.9,
      1.2181334e+08,
      2.0024976e+08,
      1.12388296e+08,
      4.371042e+07,
      1.2125755e+08,
      1.2441241e+08,
      1.30184776e+08,
      1.3950827e+08,
      1.6111718e+08,
      1.6782717e+08,
      1.9747253e+08,
      1.2265077e+08,
      1.445628e+08,
      1.8426914e+08,
      2.1596274e+08,
      2.1495306e+08,
      2.3304051e+08,
      2.0921232e+08,
      9.547277e+07,
      2.1586238e+08,
      2.1161653e+08,
      2.4218315e+08,
      1.9345394e+08,
      2.2533109e+08,
      2.2062331e+08,
      2.5600794e+08,
      2.1730509e+08,
      1.6320442e+08,
      1.757851e+08,
      2.1110957e+08,
      1.8037131e+08,
      2.034806e+08,
      1.660809e+08,
      1.6521165e+08,
      1.901036e+08,
      2.216255e+08,
      2.1611125e+08,
      1.8634304e+08,
      1.9893339e+08,
      2.3523482e+08,
      2.191245e+08,
      2.2990445e+08,
      2.4743365e+08,
      2.1213082e+08,
      1.03114216e+08,
      2.0545776e+08,
      2.1189912e+08,
      1.3229918e+08,
      5.208048e+07,
      9.774306e+07,
      1.0111044e+08,
      8.692131e+07,
      9.977327e+07,
      9.892683e+07,
      1.2014259e+08,
      1.3457621e+08,
      1.31663784e+08,
      1.5421267e+08,
      1.3051161e+08,
      1.1475691e+07,
      2.238912e+08,
      2.2405214e+08,
      1.8675664e+08,
      4.7083812e+07,
      1.23651416e+08,
      1.23651416e+08,
      2.3068667e+08,
      7.012525e+07,
      9.181252e+07,
      1.4221626e+08,
      1.7264158e+08,
      1.8101019e+08,
      2.1031251e+08,
      2.1034283e+08,
      2.2122518e+08,
      1.7666864e+08,
      1.9648053e+08,
      2.2289438e+08,
      1.0138468e+08,
      7.5682504e+07,
      1.0472482e+08,
      4.7053588e+07,
      2.1647298e+07,
      4.9319225e+06,
      4.4625465e+06,
      7.400757e+06,
      1.1374927e+07,
      1.8799492e+07,
      1.5897234e+07,
      7.0347875e+06,
      1.0777247e+07,
      1.809171e+07,
      1.8275178e+07,
      2.3355386e+07,
      3.0990454e+07,
      5.220484e+07,
      7.4057256e+07,
      1.0257379e+08,
      1.1235351e+08,
      9.236061e+07,
      1.46525e+08,
      1.7354302e+08,
      1.4244843e+08,
      1.920027e+08,
      1.8531106e+08,
      1.796507e+08,
      1.5073878e+08,
      1.839512e+08,
      3.8371524e+07,
      1.137028e+07,
      4.5774504e+07,
      5.0396476e+07,
      4.4352516e+07,
      7.4331035e+06,
      4.1292796e+07,
      6.229169e+07,
      6.954678e+07,
      7.88716e+07,
      9.093451e+07,
      6.240226e+07,
      9.348792e+07,
      3.7668356e+07,
      1.0792395e+08,
      8.301942e+07,
      8.188459e+07,
      8.68769e+07,
      1.4588374e+08,
      1.4501019e+08,
      1.6011285e+08,
      1.4310389e+08,
      1.1943723e+08,
      9.724819e+07,
      9.273422e+07,
      1.1377204e+08,
      8.247847e+07,
      5.6256588e+07,
      8.867661e+07,
      7.147243e+07,
      9.023312e+07,
      1.31819496e+08,
      24209.523,
      20610.81,
      24024.973,
      56128.176,
      38143,
      521226.16,
      593057.8,
      469158.06,
      155130.53,
      428934.7,
      381379.7,
      350954.2,
      406855.88,
      427970,
      541929.25,
      488426.7,
      467488.75,
      365869.12,
      468185,
      492990.1,
      381757.16,
      604709.56,
      389315.3,
      381220.28,
      455191.03,
      457908.94,
      416225.94,
      539882.44,
      462581.4,
      446651.44,
      464686.94,
      406990.1,
      307056.6,
      365885.9,
      472219.9,
      404708.4,
      527760.9,
      384693.2,
      333312.94,
      503341.66,
      387411.1,
      322609.1,
      464233.97,
      349830.12,
      503635.25,
      467027.38,
      504398.62,
      642097.6,
      660821,
      4.0645322e+06,
      635453.8,
      119386.67,
      249594.64,
      280859,
      329269.66,
      256641.08,
      149292.06,
      581347.3,
      201477.6,
      266380.25,
      259736.47,
      275112.78,
      98574.53,
      134318.39,
      96846.48,
      78106.33,
      46892.32,
      70942.46,
      106149.445,
      50021.27,
      40584.086,
      45382.37,
      44946.16,
      87803.56,
      671248,
      567766.1,
      532156.5,
      526787.8,
      521419.1,
      504155.34,
      566306.56,
      582303.6,
      552087.9,
      376480.72,
      418113.38,
      302300.28,
      444092.9,
      331467.47,
      242866.98,
      326056.8,
      331375.2,
      297862.7,
      306217.75,
      326123.9,
      271287.6,
      321392.75,
      413877.16,
      314363.1,
      208658.23,
      311351.56,
      303214.62,
      326660.78,
      358109.7,
      379660,
      450929.62,
      463478.97,
      365206.44,
      362337.53,
      381622.94,
      374668.78,
      537592.3,
      537592.3,
      462933.72,
      476120.62,
      394977.6,
      424841.06,
      446819.22,
      412534.97,
      299741.75,
      392620.4,
      355190.44,
      372965.9,
      317861.12,
      339797.34,
      381388.06,
      444193.56,
      69533.17,
      41196.453,
      95160.37,
      22405.973,
      29813.113,
      22464.691,
      24033.361,
      61907.926,
      77284.24,
      177561.67,
      32950.453,
      41095.79,
      26315.062,
      22548.578,
      63283.66,
      49945.773,
      43805.312,
      33034.34,
      35433.48,
      40575.695,
      85370.87,
      87526.734,
      24410.85,
      69583.5,
      49434.066,
      62637.734,
      68643.98,
      103263.766,
      52831.453,
      397854.9,
      500179.12,
      94363.45,
      29360.129,
      32967.23,
      45952.793,
      24838.668,
      26189.234,
      25232.934,
      58116.277,
      46858.766,
      71412.22,
      30148.656,
      24092.082,
      18421.383,
      16785.605,
      91393.88,
      37765.51,
      31767.658,
      27699.184,
      65254.98,
      39552.285,
      33822.867,
      25786.58,
      19386.072,
      35492.2,
      44191.188,
      48200.94,
      67947.73,
      28856.81,
      22984.785,
      102886.27,
      30492.59,
      30828.135,
      34460.402,
      24553.455,
      23119.004,
      22976.396,
      31323.062,
      46883.93,
      33780.926,
      38268.83,
      23647.486,
      29452.402,
      31868.322,
      83701.53,
      91519.71,
      58409.88,
      30450.646,
      31927.043,
      34946.94,
      30274.486,
      29947.33,
      22548.578,
      30870.078,
      53745.812,
      45852.133,
      18555.602,
      64097.355,
      25467.814,
      60968.402,
      86218.11,
      56765.71,
      25711.084,
      20057.162,
      16559.111,
      24024.973,
      23261.61,
      31381.783,
      32044.482,
      46632.273,
      25182.602,
      22087.205,
      27657.24,
      18077.451,
      17641.242,
      23253.22,
      35777.414,
      28294.775,
      24645.73,
      21030.24,
      34854.668,
      30408.703,
      46665.83,
      22741.516,
      20753.416,
      17800.627,
      22640.854,
      72888.62,
      32547.799,
      28487.713,
      31406.95,
      31633.441,
      27036.484,
      19352.52,
      19167.969,
      21449.67,
      18555.602,
      33898.363,
      23060.283,
      47185.92,
      18849.203,
      31289.508,
      32732.348,
      22338.863,
      18027.12,
      20451.426,
      24285.02,
      20594.033,
      37899.73,
      22691.186,
      30115.104,
      18438.16,
      66613.94,
      23999.807,
      33940.31,
      32229.031,
      44015.027,
      58149.832,
      58074.332,
      37178.312,
      56287.56,
      24402.46,
      15955.133,
      20182.99,
      91335.164,
      74507.62,
      28563.21,
      26734.494,
      24159.191,
      21692.94,
      27346.861,
      20149.436,
      30198.988,
      27229.422,
      44132.465,
      96578.05,
      45155.875,
      22263.365,
      26700.94,
      36280.73,
      32505.855,
      30425.48,
      27304.92,
      26709.328,
      28017.951,
      57898.17,
      62771.953,
      81713.43,
      713610.5,
      104572.39,
      68056.77,
      110947.73,
      29930.553,
      19771.95,
      24536.678,
      63677.92,
      25509.758,
      43310.383,
      38486.934,
      18723.373,
      19478.348,
      34636.562,
      30534.533,
      24427.627,
      30568.088,
      2.401744e+07,
      2.7150112e+08,
      2.5384549e+08,
      1.1781886e+08,
      3.6900136e+07,
      1.2928325e+08,
      1.0376052e+08,
      2.0163851e+08,
      3.0505814e+08,
      3.771669e+08,
      6.108284e+08,
      2.6054362e+08,
      3.586433e+08,
      2.9854426e+08,
      3.031018e+08,
      2.9065728e+08,
      3.1619872e+08,
      3.3888422e+08,
      3.5146762e+08,
      2.8076906e+08,
      2.3529274e+08,
      1.8868e+08,
      2.0909856e+08,
      4.0509808e+08,
      3.9334966e+08,
      4.1602963e+08,
      1.9052986e+08,
      3.373237e+08,
      3.0934432e+08,
      4.206262e+08,
      4.1654675e+08,
      4.1198672e+08,
      4.137745e+08,
      3.637104e+08,
      3.8939875e+08,
      3.8647587e+08,
      2.9471213e+08,
      2.535689e+08,
      2.674795e+08,
      2.6525146e+08,
      2.5645613e+08,
      2.1006944e+08,
      1.5435061e+08,
      2.9880586e+08,
      2.5816181e+08,
      2.761546e+08,
      3.0215958e+08,
      2.5024971e+08,
      2.4254469e+08,
      3.0658752e+08,
      2.7566387e+08,
      2.1406942e+08,
      1.5783149e+08,
      1.9049862e+08,
      2.4358533e+08,
      2.210485e+08,
      1.5325082e+08,
      1.9805411e+08,
      1.4707522e+08,
      2.0565451e+08,
      1.6887006e+08,
      1.3512477e+08,
      1.5517902e+08,
      1.4572646e+08,
      8.2992536e+07,
      2.281764e+08,
      2.24272e+08,
      1.1496815e+08,
      2.1453924e+07,
      2.2313564e+07,
      4.5813224e+07,
      4.8433372e+07,
      2.0898178e+07,
      1.3630146e+07,
      1.355636e+07,
      2.2694204e+07,
      1.2549894e+07,
      8.723901e+06,
      2.2620636e+07,
      7.301768e+07,
      1.5704837e+08,
      6.059328e+07,
      6.415902e+07,
      1.596997e+08,
      2.7656298e+08,
      2.6674517e+08,
      2.4121696e+08,
      1.6643258e+08,
      1.934876e+08,
      1.9971142e+08,
      2.0501256e+08,
      1.8419435e+08,
      2.1947546e+08,
      2.309694e+08,
      1.8450002e+08,
      1.9044234e+08,
      2.3595117e+08,
      1.8930928e+08,
      2.9141744e+08,
      2.045863e+08,
      1.853093e+08,
      3.0944963e+08,
      2.3976923e+08,
      3.6926874e+08,
      1.8357616e+08,
      3.4998618e+08,
      3.2350477e+08,
      3.2362922e+08,
      2.7526134e+08,
      2.6331574e+08,
      2.2379461e+08,
      2.21527e+08,
      1.8526651e+08,
      2.3837616e+08,
      3.152178e+08,
      3.5174314e+08,
      3.2793997e+08,
      3.1220336e+08,
      3.2649648e+08,
      2.990472e+08,
      2.1514582e+08,
      135803.17,
      36784.047,
      27564.967,
      19595.79
    ],
    "uplinkThroughputBps": [
      87417.69,
      1.5085443e+08,
      4.0912243e+08,
      4.2146653e+08,
      4.0445606e+08,
      3.8716432e+08,
      4.1044848e+08,
      4.0401875e+08,
      4.0158506e+08,
      4.11785e+08,
      4.06849e+08,
      3.8751165e+08,
      3.912383e+08,
      4.006877e+08,
      3.9647917e+08,
      3.966561e+08,
      4.1149946e+08,
      4.11383e+08,
      4.1243152e+08,
      3.7646195e+08,
      4.6266454e+08,
      3.3387248e+08,
      4.3209565e+08,
      3.596742e+08,
      3.935054e+08,
      4.168797e+08,
      4.0690477e+08,
      4.02359e+08,
      3.8645843e+08,
      4.209986e+08,
      3.929624e+08,
      4.0546208e+08,
      3.8850397e+08,
      4.0333264e+08,
      3.8058442e+08,
      3.9625066e+08,
      3.9719843e+08,
      3.9526502e+08,
      4.037984e+08,
      4.0983805e+08,
      4.1318163e+08,
      3.9737626e+08,
      4.0971958e+08,
      4.083935e+08,
      4.1426768e+08,
      4.057419e+08,
      4.1504e+08,
      3.817059e+08,
      4.1295533e+08,
      4.1332205e+08,
      4.0643254e+08,
      4.023046e+08,
      3.879738e+08,
      3.9290893e+08,
      4.0155626e+08,
      4.0228464e+08,
      4.0423325e+08,
      4.0344483e+08,
      4.1712365e+08,
      3.9730678e+08,
      4.0288054e+08,
      3.9851974e+08,
      3.9938205e+08,
      3.9418678e+08,
      4.0356982e+08,
      3.974519e+08,
      3.8868128e+08,
      3.8479232e+08,
      4.0592208e+08,
      4.0293923e+08,
      4.0082934e+08,
      3.385995e+08,
      2.4817674e+08,
      3.486289e+08,
      3.9504253e+08,
      4.0445398e+08,
      4.0528826e+08,
      3.881347e+08,
      3.8255616e+08,
      3.9933994e+08,
      3.97167e+08,
      3.8935773e+08,
      4.1679968e+08,
      3.897812e+08,
      4.049955e+08,
      4.2534442e+08,
      4.1315194e+08,
      4.145531e+08,
      3.842919e+08,
      3.9602566e+08,
      3.9798163e+08,
      4.086905e+08,
      4.1858848e+08,
      3.9315814e+08,
      3.992915e+08,
      4.25194e+08,
      4.0633715e+08,
      3.8714778e+08,
      4.038999e+08,
      4.0417613e+08,
      4.0300416e+08,
      4.06925e+08,
      3.9930006e+08,
      4.0471203e+08,
      4.1088096e+08,
      4.2926768e+08,
      4.0891872e+08,
      3.9523622e+08,
      4.2433766e+08,
      4.0811197e+08,
      3.96499e+08,
      4.0995232e+08,
      3.9716765e+08,
      4.0476774e+08,
      4.0581818e+08,
      3.997725e+08,
      3.9872944e+08,
      4.0456394e+08,
      4.0189056e+08,
      3.990116e+08,
      4.1530778e+08,
      2.3797638e+08,
      57185.14,
      67326.97,
      73282.88,
      70967.625,
      70405.586,
      86419.44,
      93876.914,
      75220.65,
      61740.156,
      72771.17,
      85295.37,
      72083.305,
      78148.27,
      56614.715,
      70070.04,
      90370.48,
      81721.82,
      94027.91,
      81143.01,
      67066.92,
      75900.125,
      77997.27,
      71999.42,
      67243.08,
      81310.78,
      83634.42,
      74574.73,
      93667.195,
      88516.59,
      76512.49,
      74817.99,
      86285.22,
      89112.18,
      75380.03,
      83902.86,
      69071.8,
      95193.92,
      39250.297,
      19134.414,
      95328.14,
      103867.74,
      82065.75,
      82015.42,
      69096.96,
      74415.34,
      86109.06,
      80690.02,
      77175.195,
      73593.26,
      67855.45,
      73844.914,
      95344.92,
      62159.586,
      74381.79,
      80924.9,
      79188.46,
      71772.93,
      88910.86,
      67964.5,
      76151.78,
      85815.46,
      70858.57,
      71630.32,
      71412.22,
      67285.02,
      70682.414,
      96603.21,
      73744.25,
      44040.19,
      98180.266,
      64349.01,
      78030.83,
      85144.375,
      88382.375,
      65749.91,
      72318.19,
      94933.875,
      82594.234,
      72997.664,
      65053.656,
      73299.66,
      84741.72,
      58183.387,
      66127.4,
      67821.9,
      66681.05,
      78274.1,
      71605.16,
      70036.484,
      71076.67,
      95823.07,
      82996.89,
      66035.125,
      79960.21,
      78131.49,
      58820.918,
      93189.05,
      70271.37,
      66773.32,
      73039.61,
      76512.49,
      75287.76,
      81814.09,
      87853.89,
      79096.19,
      66429.39,
      86914.37,
      71202.51,
      82837.51,
      68518.15,
      70179.09,
      97391.74,
      104832.44,
      83307.266,
      84439.73,
      67469.57,
      170615.89,
      77561.07,
      98071.22,
      77024.195,
      75841.41,
      14034.142,
      10032.775,
      13774.095,
      11467.228,
      10032.775,
      34854.668,
      10032.775,
      10032.775,
      14587.789,
      10032.775,
      15141.4375,
      23697.818,
      10032.775,
      10032.775,
      14596.178,
      17658.02,
      10032.775,
      14587.789,
      10586.423,
      10032.775,
      18035.508,
      10032.775,
      9210.691,
      14587.789,
      10032.775,
      18211.668,
      15695.086,
      10032.775,
      11291.066,
      15846.08,
      14587.789,
      19746.783,
      14587.789,
      13002.343,
      10032.775,
      22766.682,
      10032.775,
      10032.775,
      14646.51,
      10032.775,
      14587.789,
      17188.258,
      10032.775,
      10032.775,
      14596.178,
      28210.889,
      10032.775,
      14587.789,
      10586.423,
      15015.608,
      19142.803,
      9210.691,
      10032.775,
      14587.789,
      10032.775,
      18220.057,
      15149.826,
      19906.166,
      10032.775,
      14034.142,
      14596.178,
      9210.691,
      43830.477,
      94715.77,
      77477.18,
      107969.77,
      72058.14,
      77066.14,
      90521.47,
      71261.23,
      194246.61,
      377185.38,
      429958.1,
      340778.8,
      358000.62,
      417417.12,
      364719.9,
      398827.97,
      388283.5,
      419321.34,
      453236.5,
      470198.25,
      346407.56,
      373880.25,
      400186.94,
      442331.3,
      440049.6,
      420336.38,
      378049.4,
      338371.28,
      445921.62,
      415588.4,
      526469.06,
      340879.47,
      379425.12,
      399054.47,
      477622.2,
      460274.53,
      340392.94,
      432164.3,
      470936.44,
      402057.6,
      426032.25,
      450862.5,
      428674.66,
      437952.44,
      509373.06,
      491312.38,
      455383.97,
      447221.84,
      507670.16,
      475357.25,
      496270.06,
      521830.12,
      503341.66,
      495758.34,
      432759.9,
      467161.6,
      355316.28,
      262051.72,
      647164.3,
      397234.16,
      363746.8,
      408500.03,
      424245.47,
      440703.9,
      456055.06,
      447112.8,
      367563.62,
      287997.7,
      501965.9,
      935438.9,
      484031.06,
      439479.2,
      310588.22,
      602444.7,
      602444.7,
      3.5837392e+06,
      1.3035812e+06,
      402586.06,
      498434.3,
      480415.6,
      648431,
      523994.4,
      466238.84,
      482059.75,
      434487.94,
      499650.66,
      461063.06,
      369115.53,
      329017.97,
      366590.56,
      410647.53,
      301469.78,
      258033.58,
      296881.22,
      407594.06,
      216342.2,
      195077.08,
      255953.2,
      293567.72,
      300932.94,
      372605.2,
      308549.78,
      315168.4,
      248395.08,
      288266.12,
      313272.56,
      364669.56,
      377864.84,
      376732.38,
      364032.03,
      397687.12,
      350903.88,
      428901.12,
      407904.44,
      871727.4,
      360005.5,
      409229.84,
      328397.22,
      452783.5,
      314119.8,
      322768.47,
      324202.94,
      291629.97,
      385934.7,
      342020.3,
      363277.06,
      343756.78,
      318507.06,
      369786.62,
      418432.16,
      413357.06,
      354158.66,
      367303.6,
      535822.3,
      351298.12,
      439588.22,
      375734.16,
      421099.72,
      390129,
      347783.3,
      347875.56,
      315478.78,
      435763.03,
      300949.7,
      327776.47,
      347774.9,
      399222.25,
      374182.25,
      445636.4,
      64718.11,
      77737.23,
      85161.15,
      56061.066,
      72351.74,
      1.4877993e+07,
      1.2795723e+07,
      1.1168727e+07,
      3.8180665e+06,
      8.063147e+06,
      9.7685e+06,
      9.403789e+06,
      9.767922e+06,
      1.2705688e+07,
      1.4072418e+07,
      1.345344e+07,
      1.2962119e+07,
      9.897593e+06,
      1.3263429e+07,
      1.3976503e+07,
      1.1241196e+07,
      1.4823123e+07,
      9.848679e+06,
      9.368716e+06,
      1.3432401e+07,
      1.1759998e+07,
      1.1777941e+07,
      1.6541395e+07,
      1.2013175e+07,
      1.2419636e+07,
      1.3680293e+07,
      9.903096e+06,
      8.2439045e+06,
      8.654124e+06,
      1.234835e+07,
      1.1139744e+07,
      1.331101e+07,
      7.7381635e+06,
      9.485268e+06,
      1.3110312e+07,
      1.0338565e+07,
      7.861384e+06,
      1.3229724e+07,
      1.0044427e+07,
      1.435826e+07,
      1.4303919e+07,
      1.5780322e+07,
      1.6671503e+07,
      1.3077169e+07,
      1.752543e+07,
      1.8537834e+07,
      4.6678075e+06,
      3.1774452e+06,
      5.525937e+06,
      6.226931e+06,
      3.5537668e+06,
      3.3251602e+06,
      8.672671e+06,
      3.155098e+06,
      9.322176e+06,
      7.2427075e+06,
      9.627614e+06,
      1.7519608e+06,
      1.1097206e+06,
      846821.56,
      892732.44,
      674452.5,
      1.0415715e+06,
      670325.25,
      632752.7,
      696833.25,
      757508.06,
      681540.9,
      2.6873828e+06,
      2.2784348e+07,
      1.9105876e+07,
      1.6824938e+07,
      1.7352322e+07,
      1.8452606e+07,
      1.7899376e+07,
      1.739512e+07,
      1.7390164e+07,
      1.9253534e+07,
      1.2991613e+07,
      1.5423672e+07,
      1.2069194e+07,
      1.6374479e+07,
      9.443056e+06,
      9.874558e+06,
      1.1342623e+07,
      1.0433012e+07,
      8.897503e+06,
      8.761515e+06,
      7.1188245e+06,
      9.669607e+06,
      1.0481457e+07,
      1.1717141e+07,
      1.0054468e+07,
      5.9150675e+06,
      9.721591e+06,
      9.755414e+06,
      1.0342382e+07,
      1.3087386e+07,
      1.3204558e+07,
      1.6467551e+07,
      1.5974829e+07,
      1.1654159e+07,
      1.1657649e+07,
      1.106907e+07,
      1.3335278e+07,
      1.5447739e+07,
      1.5447739e+07,
      1.5428194e+07,
      1.595509e+07,
      1.282442e+07,
      1.5451824e+07,
      1.720058e+07,
      1.3513041e+07,
      9.339633e+06,
      1.1703895e+07,
      1.2380956e+07,
      1.1347698e+07,
      1.0273008e+07,
      9.459414e+06,
      1.1684953e+07,
      1.4643725e+07,
      417417.12,
      69793.22,
      70640.47,
      79272.34,
      77443.63,
      88659.195,
      80790.69,
      91117.06,
      85345.695,
      41112.566,
      82023.81,
      64164.46,
      79381.4,
      80144.76,
      63736.645,
      70766.3,
      91511.33,
      65783.46,
      92106.914,
      66228.06,
      78383.16,
      70690.8,
      91771.375,
      72402.08,
      91402.27,
      70548.195,
      72653.734,
      53687.09,
      106115.89,
      50532.973,
      69197.625,
      56883.152,
      76218.89,
      77460.41,
      72083.305,
      76428.61,
      74767.664,
      68543.31,
      91981.086,
      81294,
      101980.305,
      68593.65,
      75069.66,
      81579.21,
      80388.03,
      45852.133,
      101929.98,
      70095.21,
      79045.85,
      76889.984,
      98280.93,
      87719.67,
      84565.555,
      93079.99,
      85026.93,
      103918.08,
      79414.95,
      108171.1,
      102592.68,
      84674.61,
      64114.133,
      108624.086,
      77527.516,
      92677.34,
      80337.695,
      96208.945,
      84624.28,
      80136.375,
      99304.34,
      93130.33,
      76344.72,
      94631.89,
      71093.45,
      112013.086,
      71789.71,
      78206.99,
      87795.17,
      72897,
      101384.72,
      87669.34,
      89061.85,
      76931.92,
      75791.07,
      83869.305,
      90563.414,
      81520.49,
      72662.125,
      67410.85,
      102483.625,
      124101.07,
      90269.81,
      71311.555,
      70732.74,
      73710.695,
      71965.87,
      99648.27,
      49962.55,
      97484.016,
      76839.65,
      70791.46,
      77292.63,
      65842.19,
      64088.965,
      100302.586,
      66714.6,
      77846.28,
      71823.26,
      72628.57,
      90991.234,
      72930.555,
      63266.883,
      66236.445,
      84397.78,
      101971.92,
      98759.08,
      80882.96,
      93725.914,
      69398.95,
      100914.95,
      14520.681,
      10955.522,
      14319.354,
      10032.775,
      15309.21,
      14587.789,
      20224.934,
      10032.775,
      14034.142,
      18220.057,
      258402.69,
      14587.789,
      9764.34,
      10032.775,
      18589.156,
      10032.775,
      10032.775,
      14587.789,
      10032.775,
      18220.057,
      24385.684,
      9210.691,
      10032.775,
      14596.178,
      14596.178,
      10586.423,
      14587.789,
      11467.228,
      10032.775,
      34569.453,
      9210.691,
      9210.691,
      14587.789,
      10032.775,
      14596.178,
      16064.185,
      10032.775,
      11291.066,
      15846.08,
      18211.668,
      20375.93,
      14587.789,
      9764.34,
      10032.775,
      18589.156,
      10032.775,
      11643.388,
      13765.706,
      10032.775,
      20552.09,
      14587.789,
      19218.3,
      10032.775,
      14587.789,
      14596.178,
      10586.423,
      14034.142,
      13002.343,
      10032.775,
      167201.73,
      431325.44,
      60356.035,
      72519.516,
      74817.99,
      85714.8,
      67721.234,
      96678.71,
      72720.84,
      96678.71,
      78399.93,
      89649.055,
      75598.13,
      101904.81,
      73148.664,
      86008.4,
      92836.73,
      84473.28,
      76084.67,
      59995.324,
      71160.56,
      82258.69,
      89984.6,
      74406.95,
      63669.535,
      76671.875,
      36222.008,
      64533.562,
      78861.305,
      61790.49,
      80329.31,
      60171.484,
      60767.08,
      71387.055,
      72049.76,
      103146.32,
      70296.53,
      102382.96,
      82686.51,
      92601.84,
      97559.51,
      30970.74,
      68291.66,
      56950.258,
      60758.688,
      67738.01,
      76873.2,
      65213.04,
      63342.38,
      58200.164,
      66588.77,
      62058.92,
      66421,
      72787.95,
      77242.305,
      61262.004,
      61790.49,
      61303.945,
      61404.61,
      65850.57,
      70791.46,
      68115.5,
      60960.016,
      67452.8,
      54693.723,
      84825.6,
      64072.188,
      57898.17,
      71336.72,
      66899.15,
      80572.58,
      69768.055,
      62142.81,
      62033.758,
      57638.125,
      75690.41,
      69726.11,
      64005.08,
      84347.45,
      61454.94,
      67670.9,
      78483.82,
      77510.734,
      69373.79,
      62193.14,
      78307.66,
      81042.34,
      65020.1,
      73165.44,
      82166.414,
      97584.68,
      68442.66,
      88994.74,
      78769.03,
      63174.605,
      72687.29,
      84364.234,
      55415.145,
      85857.41,
      81000.4,
      82736.84,
      65045.266,
      45332.04,
      57914.95,
      78274.1,
      71345.11,
      55784.242,
      71579.99,
      77426.85,
      61882.76,
      78165.05,
      70841.8,
      60783.855,
      59911.438,
      54651.78,
      36473.668,
      50558.14,
      70346.87,
      78064.38,
      40877.688,
      84003.52,
      46145.734,
      58351.156,
      76470.55,
      59156.465,
      77544.29,
      68551.7,
      56748.934,
      81713.43,
      58325.992,
      76176.95,
      55926.848,
      83659.586,
      70296.53,
      57101.254,
      70799.85,
      60683.19,
      61966.65,
      73912.02,
      70900.516,
      76311.164,
      79549.17
    ],
    "outages": [
      {
        "cause": "BOOTING",
        "startTimestampNs": "1400870898638265443",
        "durationNs": "44282467437",
        "didSwitch": false
      },
      {
        "cause": "NO_SCHEDULE",
        "startTimestampNs": "1400870943220659331",
        "durationNs": "11699937280",
        "didSwitch": false
      },
      {
        "cause": "NO_DOWNLINK",
        "startTimestampNs": "1400870955020621147",
        "durationNs": "1900104074",
        "didSwitch": false
      },
      {
        "cause": "NO_PINGS",
        "startTimestampNs": "1400870957460671766",
        "durationNs": "1920137469",
        "didSwitch": false
      },
      {
        "cause": "NO_DOWNLINK",
        "startTimestampNs": "1400871324280752397",
        "durationNs": "719932373",
        "didSwitch": true
      },
      {
        "cause": "NO_DOWNLINK",
        "startTimestampNs": "1400871382520776965",
        "durationNs": "499993640",
        "didSwitch": true
      },
      {
        "cause": "NO_PINGS",
        "startTimestampNs": "1400871450060776486",
        "durationNs": "719983941",
        "didSwitch": true
      },
      {
        "cause": "NO_DOWNLINK",
        "startTimestampNs": "1400871563900772453",
        "durationNs": "980031429",
        "didSwitch": true
      },
      {
        "cause": "NO_DOWNLINK",
        "startTimestampNs": "1400871646000724318",
        "durationNs": "840016140",
        "didSwitch": true
      },
      {
        "cause": "NO_DOWNLINK",
        "startTimestampNs": "1400871757060750431",
        "durationNs": "600054296",
        "didSwitch": true
      },
      {
        "cause": "NO_DOWNLINK",
        "startTimestampNs": "1400871870020727666",
        "durationNs": "860088950",
        "didSwitch": true
      },
      {
        "cause": "NO_DOWNLINK",
        "startTimestampNs": "1400871924540789580",
        "durationNs": "679943873",
        "didSwitch": true
      },
      {
        "cause": "NO_DOWNLINK",
        "startTimestampNs": "1400871995380770149",
        "durationNs": "479966964",
        "didSwitch": true
      },
      {
        "cause": "NO_DOWNLINK",
        "startTimestampNs": "1400872050920704787",
        "durationNs": "820117175",
        "didSwitch": true
      },
      {
        "cause": "NO_DOWNLINK",
        "startTimestampNs": "1400872063200690120",
        "durationNs": "1180065274",
        "didSwitch": true
      },
      {
        "cause": "NO_DOWNLINK",
        "startTimestampNs": "1400872076500711902",
        "durationNs": "1060045643",
        "didSwitch": true
      },
      {
        "cause": "NO_DOWNLINK",
        "startTimestampNs": "1400872235620802767",
        "durationNs": "520031097",
        "didSwitch": true
      },
      {
        "cause": "NO_DOWNLINK",
        "startTimestampNs": "1400872249900726892",
        "durationNs": "860056579",
        "didSwitch": true
      },
      {
        "cause": "NO_DOWNLINK",
        "startTimestampNs": "1400872535640900675",
        "durationNs": "659854538",
        "didSwitch": true
      },
      {
        "cause": "NO_DOWNLINK",
        "startTimestampNs": "1400872538980828742",
        "durationNs": "780044628",
        "didSwitch": true
      },
      {
        "cause": "NO_DOWNLINK",
        "startTimestampNs": "1400872766400767128",
        "durationNs": "659999786",
        "didSwitch": true
      },
      {
        "cause": "NO_DOWNLINK",
        "startTimestampNs": "1400872797920687781",
        "durationNs": "880002626",
        "didSwitch": true
      },
      {
        "cause": "NO_DOWNLINK",
        "startTimestampNs": "1400872823700737237",
        "durationNs": "480161139",
        "didSwitch": true
      },
      {
        "cause": "NO_DOWNLINK",
        "startTimestampNs": "1400872868380747509",
        "durationNs": "899971234",
        "didSwitch": true
      },
      {
        "cause": "OBSTRUCTED",
        "startTimestampNs": "1400872877420692279",
        "durationNs": "560061318",
        "didSwitch": true
      },
      {
        "cause": "NO_DOWNLINK",
        "startTimestampNs": "1400873029420678343",
        "durationNs": "500079176",
        "didSwitch": true
      },
      {
        "cause": "NO_DOWNLINK",
        "startTimestampNs": "1400873236460756375",
        "durationNs": "660014514",
        "didSwitch": true
      },
      {
        "cause": "NO_DOWNLINK",
        "startTimestampNs": "1400873283460788556",
        "durationNs": "780026093",
        "didSwitch": true
      },
      {
        "cause": "NO_DOWNLINK",
        "startTimestampNs": "1400873494500724204",
        "durationNs": "880071694",
        "didSwitch": true
      },
      {
        "cause": "NO_DOWNLINK",
        "startTimestampNs": "1400873612220680617",
        "durationNs": "500014699",
        "didSwitch": true
      },
      {
        "cause": "NO_DOWNLINK",
        "startTimestampNs": "1400873671040766594",
        "durationNs": "819949973",
        "didSwitch": true
      },
      {
        "cause": "NO_DOWNLINK",
        "startTimestampNs": "1400873859800735532",
        "durationNs": "540060563",
        "didSwitch": true
      },
      {
        "cause": "NO_DOWNLINK",
        "startTimestampNs": "1400873982380770506",
        "durationNs": "520001288",
        "didSwitch": true
      },
      {
        "cause": "NO_DOWNLINK",
        "startTimestampNs": "1400874527760675774",
        "durationNs": "780134057",
        "didSwitch": true
      },
      {
        "cause": "NO_PINGS",
        "startTimestampNs": "1400874587500744403",
        "durationNs": "880099456",
        "didSwitch": true
      },
      {
        "cause": "NO_PINGS",
        "startTimestampNs": "1400874600720701633",
        "durationNs": "1280061188",
        "didSwitch": true
      },
      {
        "cause": "NO_DOWNLINK",
        "startTimestampNs": "1400874625600749235",
        "durationNs": "600001404",
        "didSwitch": true
      },
      {
        "cause": "NO_DOWNLINK",
        "startTimestampNs": "1400874742000740869",
        "durationNs": "779970511",
        "didSwitch": true
      },
      {
        "cause": "NO_DOWNLINK",
        "startTimestampNs": "1400874897000783254",
        "durationNs": "460005952",
        "didSwitch": true
      },
      {
        "cause": "NO_PINGS",
        "startTimestampNs": "1400875081320735371",
        "durationNs": "799986012",
        "didSwitch": true
      },
      {
        "cause": "NO_DOWNLINK",
        "startTimestampNs": "1400875160700774010",
        "durationNs": "680107940",
        "didSwitch": true
      },
      {
        "cause": "NO_DOWNLINK",
        "startTimestampNs": "1400875456060772972",
        "durationNs": "520028198",
        "didSwitch": true
      },
      {
        "cause": "NO_DOWNLINK",
        "startTimestampNs": "1400875644840824447",
        "durationNs": "859986175",
        "didSwitch": true
      },
      {
        "cause": "NO_DOWNLINK",
        "startTimestampNs": "1400875703760705741",
        "durationNs": "500032630",
        "didSwitch": true
      },
      {
        "cause": "NO_DOWNLINK",
        "startTimestampNs": "1400875810340761053",
        "durationNs": "820035936",
        "didSwitch": true
      },
      {
        "cause": "NO_DOWNLINK",
        "startTimestampNs": "1400875900120650450",
        "durationNs": "840131642",
        "didSwitch": true
      },
      {
        "cause": "NO_DOWNLINK",
        "startTimestampNs": "1400875942900712664",
        "durationNs": "1100039456",
        "didSwitch": true
      },
      {
        "cause": "NO_DOWNLINK",
        "startTimestampNs": "1400875953400749356",
        "durationNs": "540083336",
        "didSwitch": true
      },
      {
        "cause": "NO_DOWNLINK",
        "startTimestampNs": "1400875976740812129",
        "durationNs": "479955128",
        "didSwitch": true
      },
      {
        "cause": "NO_DOWNLINK",
        "startTimestampNs": "1400876025600752868",
        "durationNs": "600008998",
        "didSwitch": true
      },
      {
        "cause": "NO_DOWNLINK",
        "startTimestampNs": "1400876066760724220",
        "durationNs": "520024426",
        "didSwitch": true
      }
    ]
  }
}
End time: 1716840850179
