Start time: 1717002151213
[2024-05-29 13:02:55.272917] Connecting to host 35.245.244.238, port 5203
[2024-05-29 13:02:55.273721] Reverse mode, remote host 35.245.244.238 is sending
[2024-05-29 13:02:55.273779] [  5] local 192.168.1.21 port 50608 connected to 35.245.244.238 port 5203
[2024-05-29 13:02:55.273814] [ ID] Interval           Transfer     Bitrate         Jitter    Lost/Total Datagrams
[2024-05-29 13:02:55.273853] [  5]   0.00-0.50   sec  12.7 MBytes   214 Mbits/sec  0.020 ms  24930/34472 (72%)  
[2024-05-29 13:02:55.273883] [  5]   0.50-1.00   sec  14.9 MBytes   249 Mbits/sec  0.062 ms  11386/22512 (51%)  
[2024-05-29 13:02:55.273914] [  5]   1.00-1.50   sec  18.3 MBytes   306 Mbits/sec  0.046 ms  8514/22196 (38%)  
[2024-05-29 13:02:55.273945] [  5]   1.50-2.00   sec  16.9 MBytes   284 Mbits/sec  0.027 ms  9704/22380 (43%)  
[2024-05-29 13:02:55.273976] [  5]   2.00-2.50   sec  17.8 MBytes   299 Mbits/sec  0.050 ms  9039/22389 (40%)  
[2024-05-29 13:02:55.274005] [  5]   2.50-3.00   sec  18.9 MBytes   318 Mbits/sec  0.091 ms  8149/22340 (36%)  
[2024-05-29 13:02:55.274035] [  5]   3.00-3.50   sec  4.83 MBytes  81.1 Mbits/sec  0.362 ms  18682/22303 (84%)  
[2024-05-29 13:02:55.274065] [  5]   3.50-4.00   sec  8.33 MBytes   140 Mbits/sec  0.035 ms  16007/22248 (72%)  
[2024-05-29 13:02:55.274094] [  5]   4.00-4.50   sec  15.7 MBytes   263 Mbits/sec  0.014 ms  10594/22327 (47%)  
[2024-05-29 13:02:55.274127] [  5]   4.50-5.00   sec  18.7 MBytes   314 Mbits/sec  0.010 ms  8397/22426 (37%)  
[2024-05-29 13:02:55.274157] [  5]   5.00-5.50   sec  16.0 MBytes   268 Mbits/sec  0.043 ms  10303/22288 (46%)  
[2024-05-29 13:02:55.274189] [  5]   5.50-6.00   sec  5.33 MBytes  89.5 Mbits/sec  0.604 ms  18169/22162 (82%)  
[2024-05-29 13:02:55.274221] [  5]   6.00-6.50   sec  14.7 MBytes   246 Mbits/sec  0.031 ms  11418/22396 (51%)  
[2024-05-29 13:02:55.274254] [  5]   6.50-7.00   sec  16.8 MBytes   281 Mbits/sec  0.097 ms  9673/22233 (44%)  
[2024-05-29 13:02:55.274285] [  5]   7.00-7.50   sec  14.9 MBytes   249 Mbits/sec  0.022 ms  11199/22336 (50%)  
[2024-05-29 13:02:55.274317] [  5]   7.50-8.00   sec  15.9 MBytes   267 Mbits/sec  0.048 ms  10490/22432 (47%)  
[2024-05-29 13:02:55.274350] [  5]   8.00-8.50   sec  14.6 MBytes   245 Mbits/sec  0.214 ms  11367/22309 (51%)  
[2024-05-29 13:02:55.274379] [  5]   8.50-9.00   sec  13.0 MBytes   218 Mbits/sec  0.027 ms  12446/22184 (56%)  
[2024-05-29 13:02:55.274408] [  5]   9.00-9.50   sec  15.3 MBytes   257 Mbits/sec  0.020 ms  10978/22448 (49%)  
[2024-05-29 13:02:55.274437] [  5]   9.50-10.00  sec  13.8 MBytes   231 Mbits/sec  0.025 ms  12026/22341 (54%)  
[2024-05-29 13:02:55.274466] [  5]  10.00-10.50  sec  17.9 MBytes   300 Mbits/sec  0.038 ms  8067/21452 (38%)  
[2024-05-29 13:02:55.274496] [  5]  10.50-11.00  sec  12.7 MBytes   213 Mbits/sec  0.067 ms  13606/23107 (59%)  
[2024-05-29 13:02:55.274524] [  5]  11.00-11.50  sec  16.7 MBytes   281 Mbits/sec  0.025 ms  9775/22302 (44%)  
[2024-05-29 13:02:55.274555] [  5]  11.50-12.00  sec  19.3 MBytes   323 Mbits/sec  0.011 ms  7862/22287 (35%)  
[2024-05-29 13:02:55.274585] [  5]  12.00-12.50  sec  6.07 MBytes   102 Mbits/sec  0.033 ms  1622/6172 (26%)  
[2024-05-29 13:02:55.274614] [  5]  12.50-13.00  sec  0.00 Bytes  0.00 bits/sec  0.033 ms  0/0 (0%)  
[2024-05-29 13:02:55.274642] [  5]  13.00-13.50  sec  8.30 MBytes   139 Mbits/sec  0.012 ms  54791/61005 (90%)  
[2024-05-29 13:02:55.274670] [  5]  13.50-14.00  sec  20.8 MBytes   350 Mbits/sec  0.070 ms  6463/22071 (29%)  
[2024-05-29 13:02:55.274697] [  5]  14.00-14.50  sec  21.0 MBytes   352 Mbits/sec  0.057 ms  6831/22527 (30%)  
[2024-05-29 13:02:55.274723] [  5]  14.50-15.00  sec  20.9 MBytes   350 Mbits/sec  0.064 ms  6664/22304 (30%)  
[2024-05-29 13:02:55.274751] [  5]  15.00-15.50  sec  18.0 MBytes   302 Mbits/sec  0.044 ms  8793/22270 (39%)  
[2024-05-29 13:02:55.274777] [  5]  15.50-16.00  sec  20.9 MBytes   351 Mbits/sec  0.031 ms  6700/22375 (30%)  
[2024-05-29 13:02:55.274803] [  5]  16.00-16.50  sec  16.1 MBytes   271 Mbits/sec  0.055 ms  10251/22330 (46%)  
[2024-05-29 13:02:55.274873] [  5]  16.50-17.00  sec  20.9 MBytes   351 Mbits/sec  0.014 ms  6650/22325 (30%)  
[2024-05-29 13:02:55.274903] [  5]  17.00-17.50  sec  20.9 MBytes   351 Mbits/sec  0.013 ms  6651/22327 (30%)  
[2024-05-29 13:02:55.274928] [  5]  17.50-18.00  sec  21.0 MBytes   352 Mbits/sec  0.041 ms  6550/22272 (29%)  
[2024-05-29 13:02:55.274954] [  5]  18.00-18.50  sec  19.5 MBytes   328 Mbits/sec  0.022 ms  7768/22403 (35%)  
[2024-05-29 13:02:55.274978] [  5]  18.50-19.00  sec  20.8 MBytes   349 Mbits/sec  0.054 ms  6702/22283 (30%)  
[2024-05-29 13:02:55.275003] [  5]  19.00-19.50  sec  20.8 MBytes   350 Mbits/sec  0.029 ms  6704/22310 (30%)  
[2024-05-29 13:02:55.275033] [  5]  19.50-20.00  sec  20.9 MBytes   351 Mbits/sec  0.066 ms  6625/22302 (30%)  
[2024-05-29 13:02:55.275057] [  5]  20.00-20.50  sec  20.6 MBytes   346 Mbits/sec  0.008 ms  6946/22405 (31%)  
[2024-05-29 13:02:55.275081] [  5]  20.50-21.00  sec  20.6 MBytes   345 Mbits/sec  0.041 ms  6900/22295 (31%)  
[2024-05-29 13:02:55.275106] [  5]  21.00-21.50  sec  18.9 MBytes   318 Mbits/sec  0.056 ms  8121/22313 (36%)  
[2024-05-29 13:02:55.275131] [  5]  21.50-22.00  sec  20.7 MBytes   348 Mbits/sec  0.021 ms  6758/22299 (30%)  
[2024-05-29 13:02:55.275157] [  5]  22.00-22.50  sec  15.6 MBytes   261 Mbits/sec  0.015 ms  10696/22368 (48%)  
[2024-05-29 13:02:55.275183] [  5]  22.50-23.00  sec  15.4 MBytes   259 Mbits/sec  0.030 ms  10717/22271 (48%)  
[2024-05-29 13:03:19.772778] [  5]  23.00-23.50  sec  20.8 MBytes   349 Mbits/sec  0.059 ms  6753/22348 (30%)  
[2024-05-29 13:03:19.773140] [  5]  23.50-24.00  sec  20.6 MBytes   345 Mbits/sec  0.026 ms  6875/22294 (31%)  
[2024-05-29 13:03:19.773247] [  5]  24.00-24.50  sec  21.0 MBytes   352 Mbits/sec  0.054 ms  6631/22350 (30%)  
[2024-05-29 13:03:19.773338] [  5]  24.50-25.00  sec  21.0 MBytes   352 Mbits/sec  0.049 ms  6628/22322 (30%)  
[2024-05-29 13:03:19.773419] [  5]  25.00-25.50  sec  18.5 MBytes   311 Mbits/sec  0.049 ms  7894/21786 (36%)  
[2024-05-29 13:03:19.773497] [  5]  25.50-26.00  sec  11.1 MBytes   186 Mbits/sec  0.040 ms  14534/22828 (64%)  
[2024-05-29 13:03:19.773574] [  5]  26.00-26.50  sec  12.0 MBytes   202 Mbits/sec  0.041 ms  13312/22312 (60%)  
[2024-05-29 13:03:19.773654] [  5]  26.50-27.00  sec  17.4 MBytes   292 Mbits/sec  0.019 ms  9295/22336 (42%)  
[2024-05-29 13:03:19.773729] [  5]  27.00-27.50  sec  15.8 MBytes   266 Mbits/sec  0.083 ms  10453/22309 (47%)  
[2024-05-29 13:03:19.773805] [  5]  27.50-28.00  sec  18.3 MBytes   308 Mbits/sec  0.044 ms  8588/22316 (38%)  
[2024-05-29 13:03:19.773882] [  5]  28.00-28.50  sec  18.3 MBytes   307 Mbits/sec  0.038 ms  8606/22302 (39%)  
[2024-05-29 13:03:19.773956] [  5]  28.50-29.00  sec  19.1 MBytes   320 Mbits/sec  0.059 ms  8050/22320 (36%)  
[2024-05-29 13:03:19.774030] [  5]  29.00-29.50  sec  16.8 MBytes   281 Mbits/sec  0.055 ms  9770/22324 (44%)  
[2024-05-29 13:03:19.774105] [  5]  29.50-30.00  sec  16.5 MBytes   277 Mbits/sec  0.030 ms  9931/22319 (44%)  
[2024-05-29 13:03:19.774179] [  5]  30.00-30.50  sec  12.8 MBytes   214 Mbits/sec  0.009 ms  12765/22328 (57%)  
[2024-05-29 13:03:19.774259] [  5]  30.50-31.00  sec  15.7 MBytes   263 Mbits/sec  0.033 ms  10587/22311 (47%)  
[2024-05-29 13:03:19.774334] [  5]  31.00-31.50  sec  15.1 MBytes   254 Mbits/sec  0.020 ms  11014/22360 (49%)  
[2024-05-29 13:03:19.774409] [  5]  31.50-32.00  sec  17.8 MBytes   299 Mbits/sec  0.061 ms  8962/22305 (40%)  
[2024-05-29 13:03:19.774483] [  5]  32.00-32.50  sec  17.7 MBytes   296 Mbits/sec  0.023 ms  9084/22315 (41%)  
[2024-05-29 13:03:19.774558] [  5]  32.50-33.00  sec  18.2 MBytes   305 Mbits/sec  0.053 ms  8726/22327 (39%)  
[2024-05-29 13:03:19.774631] [  5]  33.00-33.50  sec  19.3 MBytes   325 Mbits/sec  0.034 ms  7802/22294 (35%)  
[2024-05-29 13:03:19.774708] [  5]  33.50-34.00  sec  18.3 MBytes   306 Mbits/sec  0.025 ms  8675/22344 (39%)  
[2024-05-29 13:03:19.774782] [  5]  34.00-34.50  sec  14.3 MBytes   240 Mbits/sec  0.046 ms  11545/22257 (52%)  
[2024-05-29 13:03:19.774856] [  5]  34.50-35.00  sec  17.5 MBytes   294 Mbits/sec  0.127 ms  9220/22345 (41%)  
[2024-05-29 13:03:19.774966] [  5]  35.00-35.50  sec  18.2 MBytes   306 Mbits/sec  0.022 ms  8655/22323 (39%)  
[2024-05-29 13:03:19.775051] [  5]  35.50-36.00  sec  18.0 MBytes   303 Mbits/sec  0.012 ms  8839/22344 (40%)  
[2024-05-29 13:03:19.775127] [  5]  36.00-36.50  sec  20.7 MBytes   347 Mbits/sec  0.012 ms  6872/22379 (31%)  
[2024-05-29 13:03:19.775203] [  5]  36.50-37.00  sec  16.6 MBytes   278 Mbits/sec  0.043 ms  9881/22290 (44%)  
[2024-05-29 13:03:19.775277] [  5]  37.00-37.50  sec  18.9 MBytes   318 Mbits/sec  0.034 ms  8047/22231 (36%)  
[2024-05-29 13:03:19.775352] [  5]  37.50-38.00  sec  20.1 MBytes   338 Mbits/sec  0.044 ms  7123/22210 (32%)  
[2024-05-29 13:03:19.775428] [  5]  38.00-38.50  sec  14.2 MBytes   237 Mbits/sec  0.066 ms  11830/22433 (53%)  
[2024-05-29 13:03:19.775585] [  5]  38.50-39.00  sec  14.1 MBytes   237 Mbits/sec  0.044 ms  11803/22382 (53%)  
[2024-05-29 13:03:19.775664] [  5]  39.00-39.50  sec  15.6 MBytes   263 Mbits/sec  0.047 ms  10575/22295 (47%)  
[2024-05-29 13:03:19.775738] [  5]  39.50-40.00  sec  18.1 MBytes   304 Mbits/sec  0.117 ms  8729/22302 (39%)  
[2024-05-29 13:03:19.775815] [  5]  40.00-40.50  sec  18.2 MBytes   305 Mbits/sec  0.033 ms  8184/21797 (38%)  
[2024-05-29 13:03:19.775888] [  5]  40.50-41.00  sec  12.9 MBytes   216 Mbits/sec  0.103 ms  13270/22905 (58%)  
[2024-05-29 13:03:19.775963] [  5]  41.00-41.50  sec  20.9 MBytes   351 Mbits/sec  0.074 ms  6661/22333 (30%)  
[2024-05-29 13:03:19.776037] [  5]  41.50-42.00  sec  20.5 MBytes   344 Mbits/sec  0.018 ms  6890/22256 (31%)  
[2024-05-29 13:03:19.776114] [  5]  42.00-42.50  sec  20.5 MBytes   343 Mbits/sec  0.029 ms  7058/22380 (32%)  
[2024-05-29 13:03:19.776189] [  5]  42.50-43.00  sec  14.8 MBytes   248 Mbits/sec  0.024 ms  11251/22317 (50%)  
[2024-05-29 13:03:19.776262] [  5]  43.00-43.50  sec  20.8 MBytes   349 Mbits/sec  0.043 ms  6713/22280 (30%)  
[2024-05-29 13:03:19.776336] [  5]  43.50-44.00  sec  19.8 MBytes   333 Mbits/sec  0.018 ms  7372/22235 (33%)  
[2024-05-29 13:03:19.776411] [  5]  44.00-44.50  sec  20.5 MBytes   345 Mbits/sec  0.017 ms  7097/22484 (32%)  
[2024-05-29 13:03:19.776487] [  5]  44.50-45.00  sec  20.8 MBytes   350 Mbits/sec  0.040 ms  6690/22303 (30%)  
[2024-05-29 13:03:19.776561] [  5]  45.00-45.50  sec  20.7 MBytes   347 Mbits/sec  0.031 ms  6794/22300 (30%)  
[2024-05-29 13:03:19.776635] [  5]  45.50-46.00  sec  20.7 MBytes   347 Mbits/sec  0.066 ms  6846/22336 (31%)  
[2024-05-29 13:03:19.776708] [  5]  46.00-46.50  sec  15.6 MBytes   262 Mbits/sec  0.042 ms  10655/22329 (48%)  
[2024-05-29 13:03:19.776779] [  5]  46.50-47.00  sec  15.9 MBytes   267 Mbits/sec  0.016 ms  10402/22313 (47%)  
[2024-05-29 13:03:19.776853] [  5]  47.00-47.50  sec  19.9 MBytes   333 Mbits/sec  0.039 ms  7459/22333 (33%)  
[2024-05-29 13:03:44.272883] [  5]  47.50-48.00  sec  19.3 MBytes   324 Mbits/sec  0.054 ms  7839/22310 (35%)  
[2024-05-29 13:03:44.273316] [  5]  48.00-48.50  sec  18.3 MBytes   306 Mbits/sec  0.017 ms  8673/22342 (39%)  
[2024-05-29 13:03:44.273425] [  5]  48.50-49.00  sec  19.1 MBytes   321 Mbits/sec  0.027 ms  7840/22148 (35%)  
[2024-05-29 13:03:44.273516] [  5]  49.00-49.50  sec  19.9 MBytes   334 Mbits/sec  0.098 ms  7508/22409 (34%)  
[2024-05-29 13:03:44.273599] [  5]  49.50-50.00  sec  19.2 MBytes   322 Mbits/sec  0.035 ms  8032/22396 (36%)  
[2024-05-29 13:03:44.273677] [  5]  50.00-50.50  sec  18.8 MBytes   315 Mbits/sec  0.069 ms  8234/22308 (37%)  
[2024-05-29 13:03:44.273753] [  5]  50.50-51.00  sec  17.3 MBytes   290 Mbits/sec  0.032 ms  9345/22313 (42%)  
[2024-05-29 13:03:44.273830] [  5]  51.00-51.50  sec  17.2 MBytes   289 Mbits/sec  0.028 ms  9366/22270 (42%)  
[2024-05-29 13:03:44.273906] [  5]  51.50-52.00  sec  17.9 MBytes   301 Mbits/sec  0.016 ms  8952/22382 (40%)  
[2024-05-29 13:03:44.273983] [  5]  52.00-52.50  sec  12.9 MBytes   217 Mbits/sec  0.056 ms  12637/22327 (57%)  
[2024-05-29 13:03:44.274128] [  5]  52.50-53.00  sec  17.7 MBytes   298 Mbits/sec  0.023 ms  9058/22340 (41%)  
[2024-05-29 13:03:44.274190] [  5]  53.00-53.50  sec  17.1 MBytes   286 Mbits/sec  0.034 ms  9540/22314 (43%)  
[2024-05-29 13:03:44.274221] [  5]  53.50-54.00  sec  16.5 MBytes   276 Mbits/sec  0.034 ms  9905/22228 (45%)  
[2024-05-29 13:03:44.274251] [  5]  54.00-54.50  sec  16.1 MBytes   271 Mbits/sec  0.012 ms  10322/22401 (46%)  
[2024-05-29 13:03:44.274279] [  5]  54.50-55.00  sec  11.3 MBytes   189 Mbits/sec  0.031 ms  13724/22153 (62%)  
[2024-05-29 13:03:44.274305] [  5]  55.00-55.50  sec  14.0 MBytes   235 Mbits/sec  0.044 ms  11348/21818 (52%)  
[2024-05-29 13:03:44.274331] [  5]  55.50-56.00  sec  11.8 MBytes   199 Mbits/sec  0.060 ms  14097/22960 (61%)  
[2024-05-29 13:03:44.274359] [  5]  56.00-56.50  sec  13.9 MBytes   234 Mbits/sec  0.073 ms  11839/22269 (53%)  
[2024-05-29 13:03:44.274386] [  5]  56.50-57.00  sec  16.6 MBytes   278 Mbits/sec  0.148 ms  9971/22396 (45%)  
[2024-05-29 13:03:44.274413] [  5]  57.00-57.50  sec  13.7 MBytes   230 Mbits/sec  0.053 ms  11899/22179 (54%)  
[2024-05-29 13:03:44.274439] [  5]  57.50-58.00  sec  8.99 MBytes   151 Mbits/sec  0.246 ms  15685/22421 (70%)  
[2024-05-29 13:03:44.274466] [  5]  58.00-58.50  sec  10.9 MBytes   182 Mbits/sec  0.057 ms  14209/22345 (64%)  
[2024-05-29 13:03:44.274492] [  5]  58.50-59.00  sec  12.6 MBytes   211 Mbits/sec  0.015 ms  12928/22333 (58%)  
[2024-05-29 13:03:44.274518] [  5]  59.00-59.50  sec  14.1 MBytes   237 Mbits/sec  0.042 ms  11588/22169 (52%)  
[2024-05-29 13:03:44.274547] [  5]  59.50-60.00  sec  16.3 MBytes   274 Mbits/sec  0.038 ms  10235/22445 (46%)  
[2024-05-29 13:03:44.274573] [  5]  60.00-60.50  sec  15.5 MBytes   260 Mbits/sec  0.078 ms  10732/22326 (48%)  
[2024-05-29 13:03:44.274599] [  5]  60.50-61.00  sec  18.0 MBytes   301 Mbits/sec  0.023 ms  8722/22171 (39%)  
[2024-05-29 13:03:44.274626] [  5]  61.00-61.50  sec  12.7 MBytes   213 Mbits/sec  0.013 ms  12833/22362 (57%)  
[2024-05-29 13:03:44.274652] [  5]  61.50-62.00  sec  17.6 MBytes   295 Mbits/sec  0.014 ms  9317/22463 (41%)  
[2024-05-29 13:03:44.274679] [  5]  62.00-62.50  sec  18.3 MBytes   306 Mbits/sec  0.041 ms  8613/22295 (39%)  
[2024-05-29 13:03:44.274706] [  5]  62.50-63.00  sec  14.8 MBytes   248 Mbits/sec  0.099 ms  11281/22338 (51%)  
[2024-05-29 13:03:44.274732] [  5]  63.00-63.50  sec  15.8 MBytes   265 Mbits/sec  0.023 ms  10303/22155 (47%)  
[2024-05-29 13:03:44.274758] [  5]  63.50-64.00  sec  13.2 MBytes   222 Mbits/sec  0.081 ms  12563/22471 (56%)  
[2024-05-29 13:03:44.274784] [  5]  64.00-64.50  sec  12.6 MBytes   212 Mbits/sec  0.149 ms  12846/22298 (58%)  
[2024-05-29 13:03:44.274809] [  5]  64.50-65.00  sec  16.8 MBytes   282 Mbits/sec  0.019 ms  9595/22196 (43%)  
[2024-05-29 13:03:44.274834] [  5]  65.00-65.50  sec  17.0 MBytes   286 Mbits/sec  0.031 ms  9595/22342 (43%)  
[2024-05-29 13:03:44.274860] [  5]  65.50-66.00  sec  16.0 MBytes   269 Mbits/sec  0.051 ms  10413/22430 (46%)  
[2024-05-29 13:03:44.274884] [  5]  66.00-66.50  sec  18.1 MBytes   304 Mbits/sec  0.144 ms  8734/22293 (39%)  
[2024-05-29 13:03:44.274910] [  5]  66.50-67.00  sec  16.1 MBytes   270 Mbits/sec  0.012 ms  10165/22222 (46%)  
[2024-05-29 13:03:44.274933] [  5]  67.00-67.50  sec  17.5 MBytes   294 Mbits/sec  0.021 ms  9236/22349 (41%)  
[2024-05-29 13:03:44.274957] [  5]  67.50-68.00  sec  15.3 MBytes   256 Mbits/sec  0.063 ms  10972/22394 (49%)  
[2024-05-29 13:03:44.274981] [  5]  68.00-68.50  sec  18.7 MBytes   313 Mbits/sec  0.086 ms  8371/22342 (37%)  
[2024-05-29 13:03:44.275006] [  5]  68.50-69.00  sec  18.6 MBytes   312 Mbits/sec  0.013 ms  8248/22192 (37%)  
[2024-05-29 13:03:44.275034] [  5]  69.00-69.50  sec  16.0 MBytes   268 Mbits/sec  0.032 ms  10358/22316 (46%)  
[2024-05-29 13:03:44.275058] [  5]  69.50-70.00  sec  12.2 MBytes   205 Mbits/sec  0.067 ms  13261/22434 (59%)  
[2024-05-29 13:03:44.275083] [  5]  70.00-70.50  sec  9.90 MBytes   166 Mbits/sec  0.018 ms  14623/22036 (66%)  
[2024-05-29 13:03:44.275107] [  5]  70.50-71.00  sec  6.06 MBytes   102 Mbits/sec  0.094 ms  18093/22634 (80%)  
[2024-05-29 13:03:44.275131] [  5]  71.00-71.50  sec  9.24 MBytes   155 Mbits/sec  0.049 ms  15450/22367 (69%)  
[2024-05-29 13:03:44.275161] [  5]  71.50-72.00  sec  14.7 MBytes   246 Mbits/sec  0.043 ms  11354/22328 (51%)  
[2024-05-29 13:04:08.773438] [  5]  72.00-72.50  sec  10.5 MBytes   176 Mbits/sec  0.053 ms  14427/22292 (65%)  
[2024-05-29 13:04:08.774002] [  5]  72.50-73.00  sec  11.9 MBytes   199 Mbits/sec  0.043 ms  13406/22298 (60%)  
[2024-05-29 13:04:08.774121] [  5]  73.00-73.50  sec  13.4 MBytes   225 Mbits/sec  0.031 ms  12347/22370 (55%)  
[2024-05-29 13:04:08.774219] [  5]  73.50-74.00  sec  12.4 MBytes   208 Mbits/sec  0.044 ms  13039/22328 (58%)  
[2024-05-29 13:04:08.774303] [  5]  74.00-74.50  sec  10.2 MBytes   171 Mbits/sec  0.051 ms  14688/22303 (66%)  
[2024-05-29 13:04:08.774381] [  5]  74.50-75.00  sec  9.43 MBytes   158 Mbits/sec  0.040 ms  15253/22317 (68%)  
[2024-05-29 13:04:08.774462] [  5]  75.00-75.50  sec  10.0 MBytes   168 Mbits/sec  0.071 ms  14796/22286 (66%)  
[2024-05-29 13:04:08.774541] [  5]  75.50-76.00  sec  8.47 MBytes   142 Mbits/sec  0.023 ms  16021/22365 (72%)  
[2024-05-29 13:04:08.774628] [  5]  76.00-76.50  sec  12.9 MBytes   216 Mbits/sec  0.022 ms  12682/22320 (57%)  
[2024-05-29 13:04:08.774712] [  5]  76.50-77.00  sec  13.2 MBytes   222 Mbits/sec  0.057 ms  12422/22320 (56%)  
[2024-05-29 13:04:08.774796] [  5]  77.00-77.50  sec  13.2 MBytes   222 Mbits/sec  0.011 ms  12423/22339 (56%)  
[2024-05-29 13:04:08.774874] [  5]  77.50-78.00  sec  12.5 MBytes   209 Mbits/sec  0.018 ms  12971/22316 (58%)  
[2024-05-29 13:04:08.774954] [  5]  78.00-78.50  sec  10.9 MBytes   183 Mbits/sec  0.015 ms  14152/22316 (63%)  
[2024-05-29 13:04:08.775032] [  5]  78.50-79.00  sec  11.8 MBytes   198 Mbits/sec  0.093 ms  13472/22327 (60%)  
[2024-05-29 13:04:08.775110] [  5]  79.00-79.50  sec  13.1 MBytes   220 Mbits/sec  0.104 ms  12581/22386 (56%)  
[2024-05-29 13:04:08.775185] [  5]  79.50-80.00  sec  11.6 MBytes   195 Mbits/sec  0.117 ms  13517/22234 (61%)  
[2024-05-29 13:04:08.775261] [  5]  80.00-80.50  sec  13.7 MBytes   230 Mbits/sec  0.048 ms  12066/22332 (54%)  
[2024-05-29 13:04:08.775347] [  5]  80.50-81.00  sec  13.6 MBytes   228 Mbits/sec  0.044 ms  12161/22334 (54%)  
[2024-05-29 13:04:08.775428] [  5]  81.00-81.50  sec  8.41 MBytes   141 Mbits/sec  0.032 ms  16059/22356 (72%)  
[2024-05-29 13:04:08.775680] [  5]  81.50-82.00  sec  8.02 MBytes   135 Mbits/sec  0.097 ms  16235/22242 (73%)  
[2024-05-29 13:04:08.775773] [  5]  82.00-82.50  sec  11.7 MBytes   196 Mbits/sec  0.068 ms  13589/22349 (61%)  
[2024-05-29 13:04:08.775851] [  5]  82.50-83.00  sec  9.07 MBytes   152 Mbits/sec  0.081 ms  15341/22132 (69%)  
[2024-05-29 13:04:08.775930] [  5]  83.00-83.50  sec  3.53 MBytes  59.3 Mbits/sec  0.033 ms  19865/22512 (88%)  
[2024-05-29 13:04:08.776008] [  5]  83.50-84.00  sec  10.5 MBytes   176 Mbits/sec  0.021 ms  14449/22306 (65%)  
[2024-05-29 13:04:08.776082] [  5]  84.00-84.50  sec  11.4 MBytes   192 Mbits/sec  0.050 ms  13793/22353 (62%)  
[2024-05-29 13:04:08.776157] [  5]  84.50-85.00  sec  13.0 MBytes   219 Mbits/sec  0.044 ms  12548/22320 (56%)  
[2024-05-29 13:04:08.776232] [  5]  85.00-85.50  sec  12.6 MBytes   211 Mbits/sec  0.065 ms  12520/21938 (57%)  
[2024-05-29 13:04:08.776308] [  5]  85.50-86.00  sec  21.9 MBytes   367 Mbits/sec  0.008 ms  6806/23199 (29%)  
[2024-05-29 13:04:08.776387] [  5]  86.00-86.50  sec  28.0 MBytes   470 Mbits/sec  0.039 ms  823/21803 (3.8%)  
[2024-05-29 13:04:08.776462] [  5]  86.50-87.00  sec  28.3 MBytes   476 Mbits/sec  0.014 ms  2185/23410 (9.3%)  
[2024-05-29 13:04:08.776538] [  5]  87.00-87.50  sec  28.9 MBytes   484 Mbits/sec  0.045 ms  804/22435 (3.6%)  
[2024-05-29 13:04:08.776613] [  5]  87.50-88.00  sec  28.7 MBytes   481 Mbits/sec  0.065 ms  788/22275 (3.5%)  
[2024-05-29 13:04:08.776693] [  5]  88.00-88.50  sec  28.7 MBytes   482 Mbits/sec  0.009 ms  886/22407 (4%)  
[2024-05-29 13:04:08.776769] [  5]  88.50-89.00  sec  28.2 MBytes   474 Mbits/sec  0.031 ms  1076/22215 (4.8%)  
[2024-05-29 13:04:08.776845] [  5]  89.00-89.50  sec  28.7 MBytes   482 Mbits/sec  0.008 ms  829/22330 (3.7%)  
[2024-05-29 13:04:08.776963] [  5]  89.50-90.00  sec  28.4 MBytes   477 Mbits/sec  0.062 ms  764/22066 (3.5%)  
[2024-05-29 13:04:08.777042] [  5]  90.00-90.50  sec  25.7 MBytes   430 Mbits/sec  0.099 ms  2130/21364 (10%)  
[2024-05-29 13:04:08.777117] [  5]  90.50-91.00  sec  28.3 MBytes   476 Mbits/sec  0.015 ms  1726/22946 (7.5%)  
[2024-05-29 13:04:08.777191] [  5]  91.00-91.50  sec  29.6 MBytes   496 Mbits/sec  0.023 ms  744/22903 (3.2%)  
[2024-05-29 13:04:08.777267] [  5]  91.50-92.00  sec  28.7 MBytes   481 Mbits/sec  0.081 ms  871/22358 (3.9%)  
[2024-05-29 13:04:08.777340] [  5]  92.00-92.50  sec  28.8 MBytes   484 Mbits/sec  0.047 ms  660/22261 (3%)  
[2024-05-29 13:04:08.777415] [  5]  92.50-93.00  sec  28.5 MBytes   479 Mbits/sec  0.008 ms  1023/22403 (4.6%)  
[2024-05-29 13:04:08.777489] [  5]  93.00-93.50  sec  28.4 MBytes   476 Mbits/sec  0.075 ms  849/22105 (3.8%)  
[2024-05-29 13:04:08.777563] [  5]  93.50-94.00  sec  28.9 MBytes   485 Mbits/sec  0.027 ms  810/22441 (3.6%)  
[2024-05-29 13:04:08.777636] [  5]  94.00-94.50  sec  6.49 MBytes   109 Mbits/sec  0.010 ms  144/5006 (2.9%)  
[2024-05-29 13:04:08.777712] [  5]  94.50-95.00  sec  0.00 Bytes  0.00 bits/sec  0.010 ms  0/0 (0%)  
[2024-05-29 13:04:08.777787] [  5]  95.00-95.50  sec  11.2 MBytes   189 Mbits/sec  0.058 ms  52238/60634 (86%)  
[2024-05-29 13:04:08.777861] [  5]  95.50-96.00  sec  20.9 MBytes   351 Mbits/sec  0.061 ms  6810/22481 (30%)  
[2024-05-29 13:04:08.777933] [  5]  96.00-96.50  sec  21.1 MBytes   354 Mbits/sec  0.021 ms  6421/22222 (29%)  
[2024-05-29 13:04:32.094587] [  5]  96.50-97.00  sec  23.8 MBytes   399 Mbits/sec  0.012 ms  4651/22464 (21%)  
[2024-05-29 13:04:32.095049] [  5]  97.00-97.50  sec  20.7 MBytes   347 Mbits/sec  0.047 ms  6794/22299 (30%)  
[2024-05-29 13:04:32.095341] [  5]  97.50-98.00  sec  19.8 MBytes   332 Mbits/sec  0.073 ms  7175/22012 (33%)  
[2024-05-29 13:04:32.095537] [  5]  98.00-98.50  sec  21.1 MBytes   355 Mbits/sec  0.008 ms  6659/22487 (30%)  
[2024-05-29 13:04:32.096092] [  5]  98.50-99.00  sec  21.0 MBytes   353 Mbits/sec  0.044 ms  6698/22438 (30%)  
[2024-05-29 13:04:32.096423] [  5]  99.00-99.50  sec  20.9 MBytes   351 Mbits/sec  0.035 ms  6673/22325 (30%)  
[2024-05-29 13:04:32.096603] [  5]  99.50-100.00 sec  20.3 MBytes   341 Mbits/sec  0.026 ms  6998/22224 (31%)  
[2024-05-29 13:04:32.096980] [  5] 100.00-100.50 sec  17.1 MBytes   286 Mbits/sec  0.010 ms  6993/19802 (35%)  
[2024-05-29 13:04:32.097056] [  5] 100.50-101.00 sec  21.0 MBytes   354 Mbits/sec  0.036 ms  9568/25308 (38%)  
[2024-05-29 13:04:32.097131] [  5] 101.00-101.50 sec  20.3 MBytes   341 Mbits/sec  0.047 ms  6635/21856 (30%)  
[2024-05-29 13:04:32.097201] [  5] 101.50-102.00 sec  26.1 MBytes   437 Mbits/sec  0.023 ms  2931/22451 (13%)  
[2024-05-29 13:04:32.097273] [  5] 102.00-102.50 sec  24.7 MBytes   415 Mbits/sec  0.078 ms  3686/22206 (17%)  
[2024-05-29 13:04:32.097352] [  5] 102.50-103.00 sec  30.6 MBytes   513 Mbits/sec  0.026 ms  748/23639 (3.2%)  
[2024-05-29 13:04:32.097424] [  5] 103.00-103.50 sec  28.7 MBytes   481 Mbits/sec  0.073 ms  789/22269 (3.5%)  
[2024-05-29 13:04:32.097500] [  5] 103.50-104.00 sec  28.8 MBytes   483 Mbits/sec  0.020 ms  722/22293 (3.2%)  
[2024-05-29 13:04:32.097574] [  5] 104.00-104.50 sec  28.8 MBytes   484 Mbits/sec  0.028 ms  808/22409 (3.6%)  
[2024-05-29 13:04:32.097648] [  5] 104.50-105.00 sec  27.8 MBytes   467 Mbits/sec  0.033 ms  801/21642 (3.7%)  
[2024-05-29 13:04:32.097720] [  5] 105.00-105.50 sec  27.2 MBytes   456 Mbits/sec  0.029 ms  1575/21925 (7.2%)  
[2024-05-29 13:04:32.097793] [  5] 105.50-106.00 sec  29.0 MBytes   486 Mbits/sec  0.020 ms  1233/22949 (5.4%)  
[2024-05-29 13:04:32.097865] [  5] 106.00-106.50 sec  24.6 MBytes   413 Mbits/sec  0.052 ms  2959/21415 (14%)  
[2024-05-29 13:04:32.097937] [  5] 106.50-107.00 sec  27.7 MBytes   464 Mbits/sec  0.031 ms  1700/22417 (7.6%)  
[2024-05-29 13:04:32.098059] [  5] 107.00-107.50 sec  27.3 MBytes   458 Mbits/sec  0.070 ms  2412/22874 (11%)  
[2024-05-29 13:04:32.098134] [  5] 107.50-108.00 sec  29.6 MBytes   496 Mbits/sec  0.009 ms  792/22956 (3.5%)  
[2024-05-29 13:04:32.098232] [  5] 108.00-108.50 sec  28.6 MBytes   480 Mbits/sec  0.018 ms  990/22398 (4.4%)  
[2024-05-29 13:04:32.098401] [  5] 108.50-109.00 sec  28.8 MBytes   483 Mbits/sec  0.051 ms  753/22313 (3.4%)  
[2024-05-29 13:04:32.098598] [  5] 109.00-109.50 sec  28.3 MBytes   475 Mbits/sec  0.017 ms  884/22104 (4%)  
[2024-05-29 13:04:32.098713] [  5] 109.50-110.00 sec  29.0 MBytes   486 Mbits/sec  0.006 ms  690/22384 (3.1%)  
[2024-05-29 13:04:32.098785] [  5] 110.00-110.50 sec  22.1 MBytes   371 Mbits/sec  0.096 ms  4419/20971 (21%)  
[2024-05-29 13:04:32.098875] [  5] 110.50-111.00 sec  17.9 MBytes   301 Mbits/sec  0.014 ms  9109/22545 (40%)  
[2024-05-29 13:04:32.099735] [  5] 111.00-111.50 sec  23.2 MBytes   389 Mbits/sec  0.030 ms  4974/22352 (22%)  
[2024-05-29 13:04:32.099980] [  5] 111.50-112.00 sec  24.4 MBytes   410 Mbits/sec  0.071 ms  4013/22310 (18%)  
[2024-05-29 13:04:32.100060] [  5] 112.00-112.50 sec  29.3 MBytes   492 Mbits/sec  0.019 ms  1156/23103 (5%)  
[2024-05-29 13:04:32.100258] [  5] 112.50-113.00 sec  29.3 MBytes   492 Mbits/sec  0.037 ms  842/22802 (3.7%)  
[2024-05-29 13:04:32.100437] [  5] 113.00-113.50 sec  28.5 MBytes   478 Mbits/sec  0.032 ms  900/22228 (4%)  
[2024-05-29 13:04:32.100648] [  5] 113.50-114.00 sec  27.7 MBytes   465 Mbits/sec  0.025 ms  825/21588 (3.8%)  
[2024-05-29 13:04:32.100881] [  5] 114.00-114.50 sec  22.5 MBytes   377 Mbits/sec  0.014 ms  5112/21951 (23%)  
[2024-05-29 13:04:32.101187] [  5] 114.50-115.00 sec  26.6 MBytes   447 Mbits/sec  0.034 ms  2311/22264 (10%)  
[2024-05-29 13:04:32.101385] [  5] 115.00-115.50 sec  25.7 MBytes   431 Mbits/sec  0.025 ms  2699/21947 (12%)  
[2024-05-29 13:04:32.101452] [  5] 115.50-116.00 sec  11.2 MBytes   189 Mbits/sec  0.046 ms  14315/22741 (63%)  
[2024-05-29 13:04:32.101742] [  5] 116.00-116.50 sec  16.5 MBytes   277 Mbits/sec  0.012 ms  9913/22295 (44%)  
[2024-05-29 13:04:32.101809] [  5] 116.50-117.00 sec  16.5 MBytes   278 Mbits/sec  0.040 ms  9961/22352 (45%)  
[2024-05-29 13:04:32.101942] [  5] 117.00-117.50 sec  16.5 MBytes   276 Mbits/sec  0.041 ms  10036/22366 (45%)  
[2024-05-29 13:04:32.102006] [  5] 117.50-118.00 sec  14.5 MBytes   243 Mbits/sec  0.027 ms  11396/22246 (51%)  
[2024-05-29 13:04:32.102103] [  5] 118.00-118.50 sec  3.11 MBytes  52.3 Mbits/sec  0.051 ms  20023/22356 (90%)  
[2024-05-29 13:04:32.102167] [  5] 118.50-119.00 sec  10.2 MBytes   171 Mbits/sec  0.030 ms  14206/21836 (65%)  
[2024-05-29 13:04:32.102233] [  5] 119.00-119.50 sec  0.00 Bytes  0.00 bits/sec  0.030 ms  0/0 (0%)  
[2024-05-29 13:04:32.102300] [  5] 119.50-120.00 sec  6.88 MBytes   116 Mbits/sec  0.018 ms  39937/45093 (89%)  
[2024-05-29 13:04:32.102364] - - - - - - - - - - - - - - - - - - - - - - - - -
[2024-05-29 13:04:32.102431] [ ID] Interval           Transfer     Bitrate         Jitter    Lost/Total Datagrams
[2024-05-29 13:04:32.102496] [  5]   0.00-120.37 sec  7.01 GBytes   500 Mbits/sec  0.000 ms  0/5373496 (0%)  sender
[2024-05-29 13:04:32.102559] [SUM]  0.0-120.4 sec  83 datagrams received out-of-order
[2024-05-29 13:04:32.102626] [  5]   0.00-120.00 sec  4.16 GBytes   298 Mbits/sec  0.018 ms  2180206/5369329 (41%)  receiver
[2024-05-29 13:04:32.102696] 
[2024-05-29 13:04:32.102771] iperf Done.
End time: 1717002272118
