Start time: 1716931654847
[2024-05-28 17:27:35.835055] nuttcp-r: v8.1.4: socket
[2024-05-28 17:27:35.835536] nuttcp-r: buflen=65536, nstream=1, port=5002 tcp
[2024-05-28 17:27:35.835577] nuttcp-r: interval reporting every 0.50 seconds
[2024-05-28 17:27:35.835611] nuttcp-r: connect to 35.245.244.238 with RTT=84.429 ms af=inet
[2024-05-28 17:27:35.835640] nuttcp-r: send window size = 2097152, receive window size = 6291456
[2024-05-28 17:27:35.835667] nuttcp-r: available send window = 1572864, available receive window = 4718592
[2024-05-28 17:27:35.835696]     0.3125 MB /   0.50 sec =    5.2425 Mbps     0 retrans     13 KB-cwnd
[2024-05-28 17:27:36.336421]     1.2500 MB /   0.50 sec =   20.9253 Mbps     0 retrans     13 KB-cwnd
[2024-05-28 17:27:36.835224]     5.6250 MB /   0.50 sec =   94.5848 Mbps     0 retrans     13 KB-cwnd
[2024-05-28 17:27:37.335720]     4.0625 MB /   0.50 sec =   68.0545 Mbps     0 retrans     13 KB-cwnd
[2024-05-28 17:27:37.836196]     4.5625 MB /   0.50 sec =   76.5229 Mbps     0 retrans     13 KB-cwnd
[2024-05-28 17:27:38.335212]     9.4375 MB /   0.50 sec =  158.5331 Mbps     0 retrans     13 KB-cwnd
[2024-05-28 17:27:38.834906]     6.0000 MB /   0.50 sec =  100.7231 Mbps     0 retrans     13 KB-cwnd
[2024-05-28 17:27:39.334935]     4.3125 MB /   0.50 sec =   72.3489 Mbps     0 retrans     13 KB-cwnd
[2024-05-28 17:27:39.834906]     5.4375 MB /   0.50 sec =   91.2212 Mbps     0 retrans     13 KB-cwnd
[2024-05-28 17:27:40.335070]     7.8750 MB /   0.50 sec =  132.0997 Mbps     0 retrans     13 KB-cwnd
[2024-05-28 17:27:40.835076]     5.6250 MB /   0.50 sec =   94.3681 Mbps     0 retrans     13 KB-cwnd
[2024-05-28 17:27:41.336094]     7.0000 MB /   0.50 sec =  117.2700 Mbps     0 retrans     13 KB-cwnd
[2024-05-28 17:27:41.836285]     2.1250 MB /   0.50 sec =   35.6265 Mbps     0 retrans     13 KB-cwnd
[2024-05-28 17:27:42.335058]     5.0000 MB /   0.50 sec =   84.0695 Mbps     0 retrans     13 KB-cwnd
[2024-05-28 17:27:42.834899]     9.9375 MB /   0.50 sec =  166.7676 Mbps     0 retrans     13 KB-cwnd
[2024-05-28 17:27:43.334896]     6.3125 MB /   0.50 sec =  105.9070 Mbps     0 retrans     13 KB-cwnd
[2024-05-28 17:27:43.834996]     3.9375 MB /   0.50 sec =   66.0524 Mbps     0 retrans     13 KB-cwnd
[2024-05-28 17:27:44.334905]     2.5625 MB /   0.50 sec =   42.9964 Mbps     0 retrans     13 KB-cwnd
[2024-05-28 17:27:44.834937]     6.9375 MB /   0.50 sec =  116.3866 Mbps     0 retrans     13 KB-cwnd
[2024-05-28 17:27:45.334934]     6.7500 MB /   0.50 sec =  113.2557 Mbps     0 retrans     13 KB-cwnd
[2024-05-28 17:27:45.834946]     6.0000 MB /   0.50 sec =  100.6512 Mbps     0 retrans     13 KB-cwnd
[2024-05-28 17:27:46.334972]     6.2500 MB /   0.50 sec =  104.8521 Mbps     0 retrans     13 KB-cwnd
[2024-05-28 17:27:46.835042]     4.9375 MB /   0.50 sec =   82.8305 Mbps     0 retrans     13 KB-cwnd
[2024-05-28 17:27:47.334926]     0.1875 MB /   0.50 sec =    3.1464 Mbps     0 retrans     13 KB-cwnd
[2024-05-28 17:27:47.834905]     5.3750 MB /   0.50 sec =   90.1783 Mbps     0 retrans     13 KB-cwnd
[2024-05-28 17:27:48.334907]     5.7500 MB /   0.50 sec =   96.4692 Mbps     0 retrans     13 KB-cwnd
[2024-05-28 17:27:48.835005]     5.9375 MB /   0.50 sec =   99.6024 Mbps     0 retrans     13 KB-cwnd
[2024-05-28 17:27:49.334901]     5.6250 MB /   0.50 sec =   94.3839 Mbps     0 retrans     13 KB-cwnd
[2024-05-28 17:27:49.834948]     5.4375 MB /   0.50 sec =   91.2216 Mbps     0 retrans     13 KB-cwnd
[2024-05-28 17:27:50.335083]     2.1875 MB /   0.50 sec =   36.6916 Mbps     0 retrans     13 KB-cwnd
[2024-05-28 17:27:50.835074]     4.8750 MB /   0.50 sec =   81.7891 Mbps     0 retrans     13 KB-cwnd
[2024-05-28 17:27:51.335069]     5.1875 MB /   0.50 sec =   87.0356 Mbps     0 retrans     13 KB-cwnd
[2024-05-28 17:27:51.835216]     3.8750 MB /   0.50 sec =   65.0014 Mbps     0 retrans     13 KB-cwnd
[2024-05-28 17:27:52.334891]     7.0625 MB /   0.50 sec =  118.5370 Mbps     0 retrans     13 KB-cwnd
[2024-05-28 17:27:52.835069]     5.0000 MB /   0.50 sec =   83.8856 Mbps     0 retrans     13 KB-cwnd
[2024-05-28 17:27:53.335293]     4.3125 MB /   0.50 sec =   72.2990 Mbps     0 retrans     13 KB-cwnd
[2024-05-28 17:27:53.834930]     4.6875 MB /   0.50 sec =   78.6942 Mbps     0 retrans     13 KB-cwnd
[2024-05-28 17:27:54.334912]     4.6875 MB /   0.50 sec =   78.6493 Mbps     0 retrans     13 KB-cwnd
[2024-05-28 17:27:54.835920]     4.4375 MB /   0.50 sec =   74.3049 Mbps     0 retrans     13 KB-cwnd
[2024-05-28 17:27:55.335089]     5.0625 MB /   0.50 sec =   85.0974 Mbps     0 retrans     13 KB-cwnd
[2024-05-28 17:27:55.834917]     4.6250 MB /   0.50 sec =   77.5979 Mbps     0 retrans     13 KB-cwnd
[2024-05-28 17:27:56.334964]     5.0625 MB /   0.50 sec =   84.9233 Mbps     0 retrans     13 KB-cwnd
[2024-05-28 17:27:56.834959]     4.8750 MB /   0.50 sec =   81.7901 Mbps     0 retrans     13 KB-cwnd
[2024-05-28 17:27:57.335313]     4.0625 MB /   0.50 sec =   68.1403 Mbps     0 retrans     13 KB-cwnd
[2024-05-28 17:27:57.834942]     2.1875 MB /   0.50 sec =   36.7107 Mbps     0 retrans     13 KB-cwnd
[2024-05-28 17:27:58.334899]     5.0625 MB /   0.50 sec =   84.9409 Mbps     0 retrans     13 KB-cwnd
[2024-05-28 17:27:58.834910]     5.8750 MB /   0.50 sec =   98.5652 Mbps     0 retrans     13 KB-cwnd
[2024-05-28 17:27:59.334839]     4.5000 MB /   0.50 sec =   75.5011 Mbps     0 retrans     14 KB-cwnd
[2024-05-28 17:27:59.835677]     4.5625 MB /   0.50 sec =   76.4340 Mbps     0 retrans     14 KB-cwnd
[2024-05-28 17:28:00.334954]     7.5000 MB /   0.50 sec =  125.9962 Mbps     0 retrans     14 KB-cwnd
[2024-05-28 17:28:00.834924]     5.6250 MB /   0.50 sec =   94.3790 Mbps     0 retrans     24 KB-cwnd
[2024-05-28 17:28:01.334965]     5.8750 MB /   0.50 sec =   98.5557 Mbps     0 retrans     24 KB-cwnd
[2024-05-28 17:28:01.834937]     5.5625 MB /   0.50 sec =   93.3315 Mbps     0 retrans     26 KB-cwnd
[2024-05-28 17:28:02.334939]     5.5000 MB /   0.50 sec =   92.2727 Mbps     0 retrans     26 KB-cwnd
[2024-05-28 17:28:02.834907]     5.0625 MB /   0.50 sec =   84.9404 Mbps     0 retrans     26 KB-cwnd
[2024-05-28 17:28:03.335048]     4.3125 MB /   0.50 sec =   72.3341 Mbps     0 retrans     26 KB-cwnd
[2024-05-28 17:28:03.835179]     1.6875 MB /   0.50 sec =   28.3151 Mbps     0 retrans     26 KB-cwnd
[2024-05-28 17:28:04.336276]     1.5625 MB /   0.50 sec =   26.1491 Mbps     0 retrans     26 KB-cwnd
[2024-05-28 17:28:04.835016]     9.4375 MB /   0.50 sec =  158.7213 Mbps     0 retrans     26 KB-cwnd
[2024-05-28 17:28:05.334900]     6.4375 MB /   0.50 sec =  108.0219 Mbps     0 retrans     26 KB-cwnd
[2024-05-28 17:28:05.834860]     6.1250 MB /   0.50 sec =  102.7604 Mbps     0 retrans     26 KB-cwnd
[2024-05-28 17:28:06.335044]     7.0625 MB /   0.50 sec =  118.4588 Mbps     0 retrans     26 KB-cwnd
[2024-05-28 17:28:06.835049]     4.3750 MB /   0.50 sec =   73.4016 Mbps     0 retrans     26 KB-cwnd
[2024-05-28 17:28:07.335040]     4.6875 MB /   0.50 sec =   78.6456 Mbps     0 retrans     26 KB-cwnd
[2024-05-28 17:28:07.834979]     2.5625 MB /   0.50 sec =   42.9941 Mbps     0 retrans     26 KB-cwnd
[2024-05-28 17:28:08.334965]     1.2500 MB /   0.50 sec =   20.9730 Mbps     0 retrans     26 KB-cwnd
[2024-05-28 17:28:08.835014]     5.6875 MB /   0.50 sec =   95.4111 Mbps     0 retrans     26 KB-cwnd
[2024-05-28 17:28:09.335062]     2.9375 MB /   0.50 sec =   49.2790 Mbps     0 retrans     26 KB-cwnd
[2024-05-28 17:28:09.835015]     6.5000 MB /   0.50 sec =  109.0595 Mbps     0 retrans     26 KB-cwnd
[2024-05-28 17:28:10.335065]     4.6875 MB /   0.50 sec =   78.6391 Mbps     0 retrans     26 KB-cwnd
[2024-05-28 17:28:10.835012]     6.9375 MB /   0.50 sec =  116.3987 Mbps     0 retrans     26 KB-cwnd
[2024-05-28 17:28:11.334888]     5.8750 MB /   0.50 sec =   98.5797 Mbps     0 retrans     26 KB-cwnd
[2024-05-28 17:28:11.835000]     3.6875 MB /   0.50 sec =   61.8578 Mbps     0 retrans     26 KB-cwnd
[2024-05-28 17:28:12.335049]     3.4375 MB /   0.50 sec =   57.6690 Mbps     0 retrans     26 KB-cwnd
[2024-05-28 17:28:12.835022]     2.2500 MB /   0.50 sec =   37.7500 Mbps     0 retrans     26 KB-cwnd
[2024-05-28 17:28:13.335064]     3.8750 MB /   0.50 sec =   65.0044 Mbps     0 retrans     26 KB-cwnd
[2024-05-28 17:28:13.834887]     2.0000 MB /   0.50 sec =   33.5627 Mbps     0 retrans     26 KB-cwnd
[2024-05-28 17:28:14.334952]     0.8125 MB /   0.50 sec =   13.6306 Mbps     0 retrans     26 KB-cwnd
[2024-05-28 17:28:14.834896]     5.0000 MB /   0.50 sec =   83.8970 Mbps     0 retrans     26 KB-cwnd
[2024-05-28 17:28:15.334911]     5.9375 MB /   0.50 sec =   99.6135 Mbps     0 retrans     26 KB-cwnd
[2024-05-28 17:28:15.834920]     4.7500 MB /   0.50 sec =   79.6913 Mbps     0 retrans     26 KB-cwnd
[2024-05-28 17:28:16.335062]     1.1250 MB /   0.50 sec =   18.8738 Mbps     0 retrans     26 KB-cwnd
[2024-05-28 17:28:16.834979]     1.3750 MB /   0.50 sec =   23.0665 Mbps     0 retrans     26 KB-cwnd
[2024-05-28 17:28:17.335058]     1.5000 MB /   0.50 sec =   25.1632 Mbps     0 retrans     26 KB-cwnd
[2024-05-28 17:28:17.834982]     2.6875 MB /   0.50 sec =   45.0928 Mbps     0 retrans     26 KB-cwnd
[2024-05-28 17:28:18.335071]     2.0625 MB /   0.50 sec =   34.5991 Mbps     0 retrans     26 KB-cwnd
[2024-05-28 17:28:18.835060]     2.7500 MB /   0.50 sec =   46.1385 Mbps     0 retrans     26 KB-cwnd
[2024-05-28 17:28:19.334838]     2.1250 MB /   0.50 sec =   35.6618 Mbps     0 retrans     26 KB-cwnd
[2024-05-28 17:28:19.835011]     2.6875 MB /   0.50 sec =   45.0790 Mbps     0 retrans     26 KB-cwnd
[2024-05-28 17:28:20.334999]     2.6875 MB /   0.50 sec =   45.0884 Mbps     0 retrans     26 KB-cwnd
[2024-05-28 17:28:20.835223]     1.6250 MB /   0.50 sec =   27.2611 Mbps     0 retrans     26 KB-cwnd
[2024-05-28 17:28:21.334844]     4.0625 MB /   0.50 sec =   68.1773 Mbps    30 retrans   2548 KB-cwnd
[2024-05-28 17:28:21.834909]     3.4375 MB /   0.50 sec =   57.6685 Mbps     0 retrans   2548 KB-cwnd
[2024-05-28 17:28:22.334926]     3.3125 MB /   0.50 sec =   55.5745 Mbps     0 retrans   2548 KB-cwnd
[2024-05-28 17:28:22.834963]     2.8125 MB /   0.50 sec =   47.1813 Mbps     0 retrans   2548 KB-cwnd
[2024-05-28 17:28:23.334897]     3.6875 MB /   0.50 sec =   61.8727 Mbps     0 retrans   2548 KB-cwnd
[2024-05-28 17:28:23.834914]     3.8125 MB /   0.50 sec =   63.9626 Mbps     0 retrans   2548 KB-cwnd
[2024-05-28 17:28:24.334922]     3.6250 MB /   0.50 sec =   60.8166 Mbps     0 retrans   2548 KB-cwnd
[2024-05-28 17:28:24.835075]     1.8125 MB /   0.50 sec =   30.4009 Mbps     0 retrans   2548 KB-cwnd
[2024-05-28 17:28:25.334931]     5.0000 MB /   0.50 sec =   83.9067 Mbps     0 retrans   2548 KB-cwnd
[2024-05-28 17:28:25.835103]     4.1875 MB /   0.50 sec =   70.2476 Mbps     0 retrans   2548 KB-cwnd
[2024-05-28 17:28:26.334914]     3.7500 MB /   0.50 sec =   62.9215 Mbps     0 retrans   2548 KB-cwnd
[2024-05-28 17:28:26.834918]     0.3750 MB /   0.50 sec =    6.2919 Mbps     0 retrans   2548 KB-cwnd
[2024-05-28 17:28:27.334967]     3.6250 MB /   0.50 sec =   60.8130 Mbps     0 retrans   2548 KB-cwnd
[2024-05-28 17:28:27.834966]     3.5625 MB /   0.50 sec =   59.7635 Mbps     0 retrans   2548 KB-cwnd
[2024-05-28 17:28:28.335028]     2.3750 MB /   0.50 sec =   39.8413 Mbps     0 retrans   2548 KB-cwnd
[2024-05-28 17:28:28.834923]     4.8125 MB /   0.50 sec =   80.7576 Mbps     0 retrans   2548 KB-cwnd
[2024-05-28 17:28:29.334991]     2.6875 MB /   0.50 sec =   45.0815 Mbps     0 retrans   2548 KB-cwnd
[2024-05-28 17:28:29.834963]     3.3750 MB /   0.50 sec =   56.6268 Mbps     0 retrans   2548 KB-cwnd
[2024-05-28 17:28:30.334909]     4.2500 MB /   0.50 sec =   71.3112 Mbps     0 retrans   2548 KB-cwnd
[2024-05-28 17:28:30.835033]     3.0625 MB /   0.50 sec =   51.3692 Mbps     0 retrans   2548 KB-cwnd
[2024-05-28 17:28:31.335121]     3.0625 MB /   0.50 sec =   51.3726 Mbps     0 retrans   2548 KB-cwnd
[2024-05-28 17:28:31.835006]     2.9375 MB /   0.50 sec =   49.2921 Mbps     0 retrans   2548 KB-cwnd
[2024-05-28 17:28:32.334898]     2.5000 MB /   0.50 sec =   41.9475 Mbps     0 retrans   2548 KB-cwnd
[2024-05-28 17:28:32.835040]     2.0625 MB /   0.50 sec =   34.5986 Mbps     0 retrans   2548 KB-cwnd
[2024-05-28 17:28:33.334964]     1.4375 MB /   0.50 sec =   24.1186 Mbps     0 retrans   2548 KB-cwnd
[2024-05-28 17:28:33.834973]     3.1250 MB /   0.50 sec =   52.4293 Mbps     0 retrans   2548 KB-cwnd
[2024-05-28 17:28:34.334927]     2.6875 MB /   0.50 sec =   45.0930 Mbps     0 retrans   2548 KB-cwnd
[2024-05-28 17:28:34.834970]     2.2500 MB /   0.50 sec =   37.7448 Mbps     0 retrans   2548 KB-cwnd
[2024-05-28 17:28:35.335026]     3.1250 MB /   0.50 sec =   52.4257 Mbps     0 retrans   2548 KB-cwnd
[2024-05-28 17:28:35.835080]     3.5000 MB /   0.50 sec =   58.7306 Mbps     0 retrans   2548 KB-cwnd
[2024-05-28 17:28:36.334933]     3.3125 MB /   0.50 sec =   55.5735 Mbps     0 retrans   2548 KB-cwnd
[2024-05-28 17:28:36.835004]     2.5625 MB /   0.50 sec =   42.9870 Mbps     0 retrans   2548 KB-cwnd
[2024-05-28 17:28:37.334913]     1.8125 MB /   0.50 sec =   30.4130 Mbps     0 retrans   2548 KB-cwnd
[2024-05-28 17:28:37.834833]     3.4375 MB /   0.50 sec =   57.6749 Mbps     0 retrans   2548 KB-cwnd
[2024-05-28 17:28:38.334959]     3.7500 MB /   0.50 sec =   62.9095 Mbps     0 retrans   2548 KB-cwnd
[2024-05-28 17:28:38.834939]     4.1250 MB /   0.50 sec =   69.2050 Mbps     0 retrans   2548 KB-cwnd
[2024-05-28 17:28:39.334871]     4.3125 MB /   0.50 sec =   72.3565 Mbps     0 retrans   2548 KB-cwnd
[2024-05-28 17:28:39.834999]     3.0625 MB /   0.50 sec =   51.3718 Mbps     0 retrans   2548 KB-cwnd
[2024-05-28 17:28:40.334992]     2.6875 MB /   0.50 sec =   45.0879 Mbps     0 retrans   2548 KB-cwnd
[2024-05-28 17:28:40.835031]     0.8125 MB /   0.50 sec =   13.6311 Mbps     0 retrans   2548 KB-cwnd
[2024-05-28 17:28:41.334985]     1.3750 MB /   0.50 sec =   23.0717 Mbps     0 retrans   2548 KB-cwnd
[2024-05-28 17:28:41.835084]     0.7500 MB /   0.50 sec =   12.5808 Mbps     0 retrans   2548 KB-cwnd
[2024-05-28 17:28:42.334870]     3.1875 MB /   0.50 sec =   53.4922 Mbps     0 retrans   2548 KB-cwnd
[2024-05-28 17:28:42.834904]     5.0625 MB /   0.50 sec =   84.9304 Mbps     0 retrans   2548 KB-cwnd
[2024-05-28 17:28:43.334883]     1.7500 MB /   0.50 sec =   29.3587 Mbps     0 retrans   2548 KB-cwnd
[2024-05-28 17:28:43.835011]     4.8125 MB /   0.50 sec =   80.7320 Mbps     0 retrans   2548 KB-cwnd
[2024-05-28 17:28:44.334974]     6.5000 MB /   0.50 sec =  109.0556 Mbps    13 retrans   3383 KB-cwnd
[2024-05-28 17:28:44.834900]     6.1250 MB /   0.50 sec =  102.7728 Mbps     0 retrans   3383 KB-cwnd
[2024-05-28 17:28:45.334985]     2.3750 MB /   0.50 sec =   39.8398 Mbps     0 retrans   3383 KB-cwnd
[2024-05-28 17:28:45.835023]     2.5000 MB /   0.50 sec =   41.9419 Mbps     0 retrans   3383 KB-cwnd
[2024-05-28 17:28:46.335209]     3.0625 MB /   0.50 sec =   51.3749 Mbps     0 retrans   3383 KB-cwnd
[2024-05-28 17:28:46.835242]     4.0000 MB /   0.50 sec =   67.1145 Mbps     0 retrans   3383 KB-cwnd
[2024-05-28 17:28:47.335049]     4.7500 MB /   0.50 sec =   79.6911 Mbps     0 retrans   3383 KB-cwnd
[2024-05-28 17:28:47.835082]     1.9375 MB /   0.50 sec =   32.5077 Mbps     0 retrans   3383 KB-cwnd
[2024-05-28 17:28:48.335153]     2.6875 MB /   0.50 sec =   45.0884 Mbps     0 retrans   3383 KB-cwnd
[2024-05-28 17:28:48.834925]     1.3750 MB /   0.50 sec =   23.0701 Mbps     0 retrans   3383 KB-cwnd
[2024-05-28 17:28:49.334904]     3.3750 MB /   0.50 sec =   56.6239 Mbps     0 retrans   3383 KB-cwnd
[2024-05-28 17:28:49.835072]     3.8125 MB /   0.50 sec =   63.9478 Mbps     0 retrans   3383 KB-cwnd
[2024-05-28 17:28:50.335040]     4.3125 MB /   0.50 sec =   72.3753 Mbps     0 retrans   3383 KB-cwnd
[2024-05-28 17:28:50.834923]     4.6875 MB /   0.50 sec =   78.6432 Mbps     0 retrans   3383 KB-cwnd
[2024-05-28 17:28:51.335025]     4.8750 MB /   0.50 sec =   81.7754 Mbps     0 retrans   3383 KB-cwnd
[2024-05-28 17:28:51.834928]     6.5000 MB /   0.50 sec =  109.0696 Mbps     0 retrans   3383 KB-cwnd
[2024-05-28 17:28:52.334963]     6.5625 MB /   0.50 sec =  110.0926 Mbps     0 retrans   3383 KB-cwnd
[2024-05-28 17:28:52.834921]     8.0000 MB /   0.50 sec =  134.2252 Mbps     0 retrans   3383 KB-cwnd
[2024-05-28 17:28:53.334920]     8.5000 MB /   0.50 sec =  142.6075 Mbps     0 retrans   3383 KB-cwnd
[2024-05-28 17:28:53.834909]     9.0625 MB /   0.50 sec =  152.0456 Mbps     0 retrans   3383 KB-cwnd
[2024-05-28 17:28:54.334930]     9.0000 MB /   0.50 sec =  150.9952 Mbps     0 retrans   3383 KB-cwnd
[2024-05-28 17:28:54.834906]     8.3125 MB /   0.50 sec =  139.4620 Mbps     0 retrans   3383 KB-cwnd
[2024-05-28 17:28:55.334946]     8.5000 MB /   0.50 sec =  142.6035 Mbps     0 retrans   3383 KB-cwnd
[2024-05-28 17:28:55.834959]     6.4375 MB /   0.50 sec =  107.9925 Mbps     0 retrans   3383 KB-cwnd
[2024-05-28 17:28:56.335011]     5.5000 MB /   0.50 sec =   92.2686 Mbps     0 retrans   3383 KB-cwnd
[2024-05-28 17:28:56.834978]     4.9375 MB /   0.50 sec =   82.8402 Mbps     0 retrans   3383 KB-cwnd
[2024-05-28 17:28:57.335122]     4.1250 MB /   0.50 sec =   69.2034 Mbps     0 retrans   3383 KB-cwnd
[2024-05-28 17:28:57.834967]     2.8750 MB /   0.50 sec =   48.2371 Mbps   918 retrans   1692 KB-cwnd
[2024-05-28 17:28:58.334941]     4.5000 MB /   0.50 sec =   75.5026 Mbps     0 retrans   1692 KB-cwnd
[2024-05-28 17:28:58.834948]     3.3125 MB /   0.50 sec =   55.5713 Mbps     0 retrans   1692 KB-cwnd
[2024-05-28 17:28:59.334961]     6.9375 MB /   0.50 sec =  116.3987 Mbps     0 retrans   1692 KB-cwnd
[2024-05-28 17:28:59.835005]     3.5625 MB /   0.50 sec =   59.7629 Mbps     0 retrans   1692 KB-cwnd
[2024-05-28 17:29:00.335022]     3.3125 MB /   0.50 sec =   55.5716 Mbps     0 retrans   1692 KB-cwnd
[2024-05-28 17:29:00.834859]     3.3125 MB /   0.50 sec =   55.5889 Mbps     0 retrans   1692 KB-cwnd
[2024-05-28 17:29:01.335015]     2.3750 MB /   0.50 sec =   39.8374 Mbps     0 retrans   1692 KB-cwnd
[2024-05-28 17:29:01.835059]     0.6250 MB /   0.50 sec =   10.4848 Mbps     0 retrans   1692 KB-cwnd
[2024-05-28 17:29:02.334989]     0.0000 MB /   0.50 sec =    0.0000 Mbps     0 retrans   1692 KB-cwnd
[2024-05-28 17:29:02.835136]     0.0000 MB /   0.50 sec =    0.0000 Mbps     0 retrans   1692 KB-cwnd
[2024-05-28 17:29:03.334967]     2.8125 MB /   0.50 sec =   47.1934 Mbps     0 retrans   1692 KB-cwnd
[2024-05-28 17:29:03.835042]     0.8750 MB /   0.50 sec =   14.6776 Mbps     0 retrans   1692 KB-cwnd
[2024-05-28 17:29:04.334904]     0.3750 MB /   0.50 sec =    6.2924 Mbps     0 retrans   1692 KB-cwnd
[2024-05-28 17:29:04.834904]     0.8750 MB /   0.50 sec =   14.6799 Mbps     0 retrans   1692 KB-cwnd
[2024-05-28 17:29:05.335128]     1.2500 MB /   0.50 sec =   20.9652 Mbps     0 retrans   1692 KB-cwnd
[2024-05-28 17:29:05.835020]     0.0000 MB /   0.50 sec =    0.0000 Mbps     0 retrans   1692 KB-cwnd
[2024-05-28 17:29:06.335083]     0.0000 MB /   0.50 sec =    0.0000 Mbps     0 retrans   1692 KB-cwnd
[2024-05-28 17:29:06.835108]     0.0000 MB /   0.50 sec =    0.0000 Mbps     0 retrans   1692 KB-cwnd
[2024-05-28 17:29:07.335316]     0.0000 MB /   0.50 sec =    0.0000 Mbps     0 retrans   1692 KB-cwnd
[2024-05-28 17:29:07.834915]     1.0625 MB /   0.50 sec =   17.8317 Mbps     0 retrans   1692 KB-cwnd
[2024-05-28 17:29:08.334926]     0.2500 MB /   0.50 sec =    4.1943 Mbps     0 retrans   1692 KB-cwnd
[2024-05-28 17:29:08.834915]     1.2500 MB /   0.50 sec =   20.9718 Mbps     0 retrans   1692 KB-cwnd
[2024-05-28 17:29:09.334940]     1.3125 MB /   0.50 sec =   22.0191 Mbps     0 retrans   1692 KB-cwnd
[2024-05-28 17:29:09.834876]     1.5000 MB /   0.50 sec =   25.1670 Mbps     0 retrans   1692 KB-cwnd
[2024-05-28 17:29:10.334946]     1.5000 MB /   0.50 sec =   25.1646 Mbps     0 retrans   1692 KB-cwnd
[2024-05-28 17:29:10.835067]     1.3750 MB /   0.50 sec =   23.0637 Mbps     0 retrans   1692 KB-cwnd
[2024-05-28 17:29:11.335098]     0.0000 MB /   0.50 sec =    0.0000 Mbps     0 retrans   1692 KB-cwnd
[2024-05-28 17:29:11.834933]     1.0000 MB /   0.50 sec =   16.7795 Mbps     0 retrans   1692 KB-cwnd
[2024-05-28 17:29:12.334908]     2.0625 MB /   0.50 sec =   34.6045 Mbps     0 retrans   1692 KB-cwnd
[2024-05-28 17:29:12.834922]     2.0625 MB /   0.50 sec =   34.6026 Mbps     0 retrans   1692 KB-cwnd
[2024-05-28 17:29:13.335000]     2.3125 MB /   0.50 sec =   38.7921 Mbps     0 retrans   1692 KB-cwnd
[2024-05-28 17:29:13.834932]     2.3750 MB /   0.50 sec =   39.8504 Mbps     0 retrans   1692 KB-cwnd
[2024-05-28 17:29:14.334996]     1.6875 MB /   0.50 sec =   28.3103 Mbps     0 retrans   1692 KB-cwnd
[2024-05-28 17:29:14.835065]     0.5625 MB /   0.50 sec =    9.4355 Mbps     0 retrans   1692 KB-cwnd
[2024-05-28 17:29:15.334885]     2.0000 MB /   0.50 sec =   33.5618 Mbps     0 retrans   1692 KB-cwnd
[2024-05-28 17:29:15.835054]     1.3750 MB /   0.50 sec =   23.0643 Mbps     0 retrans   1692 KB-cwnd
[2024-05-28 17:29:16.334978]     3.8125 MB /   0.50 sec =   63.9683 Mbps     0 retrans   1692 KB-cwnd
[2024-05-28 17:29:16.835047]     0.8750 MB /   0.50 sec =   14.6790 Mbps     0 retrans   1692 KB-cwnd
[2024-05-28 17:29:17.334930]     3.3125 MB /   0.50 sec =   55.5861 Mbps     0 retrans   1692 KB-cwnd
[2024-05-28 17:29:17.835111]     3.0000 MB /   0.50 sec =   50.3319 Mbps     0 retrans   1692 KB-cwnd
[2024-05-28 17:29:18.334971]     3.3750 MB /   0.50 sec =   56.6191 Mbps     0 retrans   1692 KB-cwnd
[2024-05-28 17:29:18.834876]     3.3125 MB /   0.50 sec =   55.5779 Mbps     0 retrans   1692 KB-cwnd
[2024-05-28 17:29:19.334980]     3.7500 MB /   0.50 sec =   62.9103 Mbps     0 retrans   1692 KB-cwnd
[2024-05-28 17:29:19.834967]     4.1875 MB /   0.50 sec =   70.2521 Mbps     0 retrans   1692 KB-cwnd
[2024-05-28 17:29:20.335127]     1.1250 MB /   0.50 sec =   18.8704 Mbps     0 retrans   1692 KB-cwnd
[2024-05-28 17:29:20.834904]     4.8750 MB /   0.50 sec =   81.8161 Mbps     0 retrans   1692 KB-cwnd
[2024-05-28 17:29:21.335018]     2.1250 MB /   0.50 sec =   35.6452 Mbps     0 retrans   1692 KB-cwnd
[2024-05-28 17:29:21.835058]     4.3750 MB /   0.50 sec =   73.3942 Mbps     0 retrans   1692 KB-cwnd
[2024-05-28 17:29:22.334904]     1.4375 MB /   0.50 sec =   24.1218 Mbps     0 retrans   1692 KB-cwnd
[2024-05-28 17:29:22.834955]     0.5000 MB /   0.50 sec =    8.3881 Mbps     0 retrans   1692 KB-cwnd
[2024-05-28 17:29:23.335202]     0.8125 MB /   0.50 sec =   13.6293 Mbps     0 retrans   1692 KB-cwnd
[2024-05-28 17:29:23.835006]     0.0000 MB /   0.50 sec =    0.0000 Mbps     0 retrans   1692 KB-cwnd
[2024-05-28 17:29:24.335093]     0.0000 MB /   0.50 sec =    0.0000 Mbps     0 retrans   1692 KB-cwnd
[2024-05-28 17:29:24.835056]     0.0000 MB /   0.50 sec =    0.0000 Mbps     0 retrans   1692 KB-cwnd
[2024-05-28 17:29:25.335038]     0.0625 MB /   0.50 sec =    1.0485 Mbps     0 retrans   1692 KB-cwnd
[2024-05-28 17:29:25.835018]     2.3750 MB /   0.50 sec =   39.8468 Mbps     0 retrans   1692 KB-cwnd
[2024-05-28 17:29:26.335027]     4.5625 MB /   0.50 sec =   76.5615 Mbps     0 retrans   1692 KB-cwnd
[2024-05-28 17:29:26.834975]     4.9375 MB /   0.50 sec =   82.8307 Mbps     0 retrans   1692 KB-cwnd
[2024-05-28 17:29:27.334898]     5.5625 MB /   0.50 sec =   93.3315 Mbps     0 retrans   1692 KB-cwnd
[2024-05-28 17:29:27.834906]     3.5000 MB /   0.50 sec =   58.7161 Mbps     0 retrans   1692 KB-cwnd
[2024-05-28 17:29:28.334983]     4.5625 MB /   0.50 sec =   76.5416 Mbps     0 retrans   1692 KB-cwnd
[2024-05-28 17:29:28.834937]     6.2500 MB /   0.50 sec =  104.8693 Mbps     0 retrans   1695 KB-cwnd
[2024-05-28 17:29:29.334994]     3.8750 MB /   0.50 sec =   65.0008 Mbps     0 retrans   1695 KB-cwnd
[2024-05-28 17:29:29.834972]     3.1250 MB /   0.50 sec =   52.4321 Mbps     0 retrans   1695 KB-cwnd
[2024-05-28 17:29:30.334925]     3.8750 MB /   0.50 sec =   65.0138 Mbps   658 retrans   2360 KB-cwnd
[2024-05-28 17:29:30.835000]     7.6250 MB /   0.50 sec =  127.9189 Mbps     0 retrans   2360 KB-cwnd
[2024-05-28 17:29:31.334848]     5.8125 MB /   0.50 sec =   97.5357 Mbps     0 retrans   2360 KB-cwnd
[2024-05-28 17:29:31.834909]     5.7500 MB /   0.50 sec =   96.4644 Mbps     0 retrans   2360 KB-cwnd
[2024-05-28 17:29:32.335101]     3.3750 MB /   0.50 sec =   56.6077 Mbps     0 retrans   2360 KB-cwnd
[2024-05-28 17:29:32.834855]     7.3750 MB /   0.50 sec =  123.7693 Mbps     0 retrans   2360 KB-cwnd
[2024-05-28 17:29:33.335061]     4.1875 MB /   0.50 sec =   70.2376 Mbps     0 retrans   2360 KB-cwnd
[2024-05-28 17:29:33.834977]     3.6875 MB /   0.50 sec =   61.8707 Mbps     0 retrans   2360 KB-cwnd
[2024-05-28 17:29:34.335172]     4.6875 MB /   0.50 sec =   78.6179 Mbps     0 retrans   2360 KB-cwnd
[2024-05-28 17:29:34.834993]     4.1875 MB /   0.50 sec =   70.2760 Mbps     0 retrans   2360 KB-cwnd
[2024-05-28 17:29:35.335006]     1.3750 MB /   0.50 sec =   23.0689 Mbps     0 retrans   2360 KB-cwnd
[2024-05-28 17:29:35.835106]     1.3125 MB /   0.50 sec =   22.0172 Mbps     0 retrans   2360 KB-cwnd
[2024-05-28 17:29:36.335017]     1.6875 MB /   0.50 sec =   28.3173 Mbps     0 retrans   2360 KB-cwnd
[2024-05-28 17:29:36.835103]     0.0000 MB /   0.50 sec =    0.0000 Mbps     0 retrans   2360 KB-cwnd
[2024-05-28 17:29:37.335381]     1.8125 MB /   0.50 sec =   30.4078 Mbps     0 retrans   2360 KB-cwnd
[2024-05-28 17:29:37.834995]     0.0000 MB /   0.50 sec =    0.0000 Mbps     0 retrans   2360 KB-cwnd
[2024-05-28 17:29:38.335145]     0.0000 MB /   0.50 sec =    0.0000 Mbps     0 retrans   2360 KB-cwnd
[2024-05-28 17:29:38.835082]     0.0000 MB /   0.50 sec =    0.0000 Mbps     0 retrans   2360 KB-cwnd
[2024-05-28 17:29:39.335107]     0.0000 MB /   0.50 sec =    0.0000 Mbps     0 retrans   2360 KB-cwnd
[2024-05-28 17:29:39.835147]     0.0000 MB /   0.50 sec =    0.0000 Mbps     0 retrans   2360 KB-cwnd
[2024-05-28 17:29:40.334977]     2.0625 MB /   0.50 sec =   34.6147 Mbps     0 retrans   2360 KB-cwnd
[2024-05-28 17:29:40.834978]     1.4375 MB /   0.50 sec =   24.1171 Mbps     0 retrans   2360 KB-cwnd
[2024-05-28 17:29:41.334897]     0.1250 MB /   0.50 sec =    2.0972 Mbps     0 retrans   2360 KB-cwnd
[2024-05-28 17:29:41.835201]     4.0625 MB /   0.50 sec =   68.1508 Mbps     0 retrans   2360 KB-cwnd
[2024-05-28 17:29:42.334931]     3.0625 MB /   0.50 sec =   51.3850 Mbps     0 retrans   2360 KB-cwnd
[2024-05-28 17:29:42.834989]     3.8125 MB /   0.50 sec =   63.9544 Mbps     0 retrans   2360 KB-cwnd
[2024-05-28 17:29:43.334982]     3.3125 MB /   0.50 sec =   55.5786 Mbps     0 retrans   2360 KB-cwnd
[2024-05-28 17:29:43.834910]     3.1875 MB /   0.50 sec =   53.4772 Mbps     0 retrans   2360 KB-cwnd
[2024-05-28 17:29:44.334955]     4.2500 MB /   0.50 sec =   71.3052 Mbps     0 retrans   2360 KB-cwnd
[2024-05-28 17:29:44.834913]     4.8750 MB /   0.50 sec =   81.7919 Mbps     0 retrans   2360 KB-cwnd
[2024-05-28 17:29:45.334940]     5.3125 MB /   0.50 sec =   89.1277 Mbps     0 retrans   2360 KB-cwnd
[2024-05-28 17:29:45.834912]     5.6875 MB /   0.50 sec =   95.4221 Mbps     0 retrans   2360 KB-cwnd
[2024-05-28 17:29:46.334940]     7.1250 MB /   0.50 sec =  119.5362 Mbps     0 retrans   2360 KB-cwnd
[2024-05-28 17:29:46.834978]     7.6875 MB /   0.50 sec =  128.9589 Mbps     0 retrans   2360 KB-cwnd
[2024-05-28 17:29:47.334957]     8.3125 MB /   0.50 sec =  139.4790 Mbps     0 retrans   2360 KB-cwnd
[2024-05-28 17:29:47.835042]     8.0625 MB /   0.50 sec =  135.2644 Mbps     0 retrans   2360 KB-cwnd
[2024-05-28 17:29:48.334965]     7.8125 MB /   0.50 sec =  131.0699 Mbps     0 retrans   2360 KB-cwnd
[2024-05-28 17:29:48.834884]     8.3750 MB /   0.50 sec =  140.5148 Mbps    62 retrans   3410 KB-cwnd
[2024-05-28 17:29:49.334922]     8.9375 MB /   0.50 sec =  149.9434 Mbps     0 retrans   3410 KB-cwnd
[2024-05-28 17:29:49.834842]     8.8125 MB /   0.50 sec =  147.8584 Mbps     0 retrans   3410 KB-cwnd
[2024-05-28 17:29:50.335019]     9.0625 MB /   0.50 sec =  152.0171 Mbps     0 retrans   3410 KB-cwnd
[2024-05-28 17:29:50.834938]     9.6875 MB /   0.50 sec =  162.5546 Mbps     0 retrans   3410 KB-cwnd
[2024-05-28 17:29:51.334856]     9.4375 MB /   0.50 sec =  158.3353 Mbps     0 retrans   3410 KB-cwnd
[2024-05-28 17:29:51.835012]    10.0625 MB /   0.50 sec =  168.8035 Mbps     0 retrans   3410 KB-cwnd
[2024-05-28 17:29:52.334900]     9.7500 MB /   0.50 sec =  163.5805 Mbps     0 retrans   3410 KB-cwnd
[2024-05-28 17:29:52.835062]     6.4375 MB /   0.50 sec =  107.9832 Mbps     0 retrans   3410 KB-cwnd
[2024-05-28 17:29:53.334857]    13.5000 MB /   0.50 sec =  226.5563 Mbps     0 retrans   3410 KB-cwnd
[2024-05-28 17:29:53.835224]     9.9375 MB /   0.50 sec =  166.6183 Mbps     0 retrans   3410 KB-cwnd
[2024-05-28 17:29:54.335007]     8.0000 MB /   0.50 sec =  134.2720 Mbps     0 retrans   3410 KB-cwnd
[2024-05-28 17:29:54.835033]     6.8750 MB /   0.50 sec =  115.3397 Mbps     0 retrans   3410 KB-cwnd
End time: 1716931794929
