Start time: 1716837934522
[2024-05-27 15:25:35.320348] nuttcp-r: v8.1.4: socket
[2024-05-27 15:25:35.320922] nuttcp-r: buflen=65536, nstream=1, port=5003 tcp
[2024-05-27 15:25:35.320974] nuttcp-r: interval reporting every 0.50 seconds
[2024-05-27 15:25:35.321007] nuttcp-r: connect to 35.245.244.238 with RTT=46.510 ms af=inet
[2024-05-27 15:25:35.321036] nuttcp-r: send window size = 1048576, receive window size = 1048576
[2024-05-27 15:25:35.321066] nuttcp-r: available send window = 786432, available receive window = 786432
[2024-05-27 15:25:35.321093]     1.2500 MB /   0.50 sec =   20.8429 Mbps     0 retrans     13 KB-cwnd
[2024-05-27 15:25:35.817846]     8.7500 MB /   0.50 sec =  147.6894 Mbps     0 retrans     13 KB-cwnd
[2024-05-27 15:25:36.317093]     8.4375 MB /   0.50 sec =  141.5725 Mbps     0 retrans     13 KB-cwnd
[2024-05-27 15:25:36.817302]     6.8750 MB /   0.50 sec =  115.3221 Mbps     0 retrans     13 KB-cwnd
[2024-05-27 15:25:37.317801]     8.1875 MB /   0.50 sec =  137.2454 Mbps     0 retrans     13 KB-cwnd
[2024-05-27 15:25:37.819459]     5.9375 MB /   0.50 sec =   99.3736 Mbps     0 retrans     13 KB-cwnd
[2024-05-27 15:25:38.317861]     2.0000 MB /   0.50 sec =   33.6311 Mbps     0 retrans     13 KB-cwnd
[2024-05-27 15:25:38.817247]     6.2500 MB /   0.50 sec =  104.9752 Mbps     0 retrans     13 KB-cwnd
[2024-05-27 15:25:39.317531]     8.1250 MB /   0.50 sec =  136.2666 Mbps     0 retrans     13 KB-cwnd
[2024-05-27 15:25:39.817271]     8.5000 MB /   0.50 sec =  142.6514 Mbps     0 retrans     13 KB-cwnd
[2024-05-27 15:25:40.317837]     7.3125 MB /   0.50 sec =  122.5694 Mbps     0 retrans     13 KB-cwnd
[2024-05-27 15:25:40.817194]     8.2500 MB /   0.50 sec =  138.5539 Mbps     0 retrans     13 KB-cwnd
[2024-05-27 15:25:41.318092]     8.3125 MB /   0.50 sec =  139.4570 Mbps     0 retrans     13 KB-cwnd
[2024-05-27 15:25:41.817628]     5.7500 MB /   0.50 sec =   96.4431 Mbps     0 retrans     13 KB-cwnd
[2024-05-27 15:25:42.317089]     8.4375 MB /   0.50 sec =  141.6017 Mbps     0 retrans     13 KB-cwnd
[2024-05-27 15:25:42.817248]     4.3750 MB /   0.50 sec =   73.3921 Mbps     0 retrans     13 KB-cwnd
[2024-05-27 15:25:43.319311]     4.6875 MB /   0.50 sec =   78.3986 Mbps     0 retrans     13 KB-cwnd
[2024-05-27 15:25:43.818789]     4.0625 MB /   0.50 sec =   68.2829 Mbps     0 retrans     13 KB-cwnd
[2024-05-27 15:25:44.317173]     5.1875 MB /   0.50 sec =   87.1509 Mbps     0 retrans     15 KB-cwnd
[2024-05-27 15:25:44.817231]     6.0625 MB /   0.50 sec =  101.7080 Mbps     0 retrans     15 KB-cwnd
[2024-05-27 15:25:45.317273]     6.1875 MB /   0.50 sec =  103.7978 Mbps     0 retrans     15 KB-cwnd
[2024-05-27 15:25:45.817230]     6.5000 MB /   0.50 sec =  109.0589 Mbps     0 retrans     19 KB-cwnd
[2024-05-27 15:25:46.317955]     7.0000 MB /   0.50 sec =  117.3776 Mbps     0 retrans     19 KB-cwnd
[2024-05-27 15:25:46.818213]     7.1250 MB /   0.50 sec =  119.4937 Mbps     0 retrans     23 KB-cwnd
[2024-05-27 15:25:47.317274]     8.3125 MB /   0.50 sec =  139.5862 Mbps     0 retrans     23 KB-cwnd
[2024-05-27 15:25:47.817702]     7.8125 MB /   0.50 sec =  131.0786 Mbps     0 retrans     27 KB-cwnd
[2024-05-27 15:25:48.317667]     7.9375 MB /   0.50 sec =  133.0481 Mbps     0 retrans     27 KB-cwnd
[2024-05-27 15:25:48.817236]     6.2500 MB /   0.50 sec =  104.9500 Mbps     0 retrans     27 KB-cwnd
[2024-05-27 15:25:49.317767]     8.0625 MB /   0.50 sec =  135.2671 Mbps     0 retrans     27 KB-cwnd
[2024-05-27 15:25:49.817276]     9.2500 MB /   0.50 sec =  155.1843 Mbps     0 retrans     27 KB-cwnd
[2024-05-27 15:25:50.319003]     5.1250 MB /   0.50 sec =   85.6975 Mbps     0 retrans     27 KB-cwnd
[2024-05-27 15:25:50.818449]     8.1250 MB /   0.50 sec =  136.4606 Mbps     0 retrans     27 KB-cwnd
[2024-05-27 15:25:51.317225]    11.2500 MB /   0.50 sec =  189.1811 Mbps     0 retrans     27 KB-cwnd
[2024-05-27 15:25:51.818167]    11.2500 MB /   0.50 sec =  188.5887 Mbps     0 retrans     28 KB-cwnd
[2024-05-27 15:25:52.317408]    10.1875 MB /   0.50 sec =  171.0027 Mbps     0 retrans     30 KB-cwnd
[2024-05-27 15:25:52.817992]     5.8750 MB /   0.50 sec =   98.4964 Mbps     0 retrans     30 KB-cwnd
[2024-05-27 15:25:53.317357]     9.6250 MB /   0.50 sec =  161.6301 Mbps     0 retrans     31 KB-cwnd
[2024-05-27 15:25:53.817858]     9.2500 MB /   0.50 sec =  155.0358 Mbps     0 retrans     31 KB-cwnd
[2024-05-27 15:25:54.317593]    11.6875 MB /   0.50 sec =  196.1783 Mbps     0 retrans     33 KB-cwnd
[2024-05-27 15:25:54.817254]    12.1875 MB /   0.50 sec =  204.5934 Mbps     0 retrans     34 KB-cwnd
[2024-05-27 15:25:55.317291]     9.5625 MB /   0.50 sec =  160.4257 Mbps     0 retrans     34 KB-cwnd
[2024-05-27 15:25:55.817683]     0.4375 MB /   0.50 sec =    7.3331 Mbps     0 retrans     34 KB-cwnd
[2024-05-27 15:25:56.317712]     7.8750 MB /   0.50 sec =  132.1325 Mbps     0 retrans     39 KB-cwnd
[2024-05-27 15:25:56.819107]     4.9375 MB /   0.50 sec =   82.7060 Mbps     0 retrans     39 KB-cwnd
[2024-05-27 15:25:57.317244]     2.7500 MB /   0.50 sec =   46.2524 Mbps     0 retrans     39 KB-cwnd
[2024-05-27 15:25:57.817187]     4.1250 MB /   0.50 sec =   69.2103 Mbps     0 retrans     41 KB-cwnd
[2024-05-27 15:25:58.317372]     4.9375 MB /   0.50 sec =   82.8095 Mbps     0 retrans     41 KB-cwnd
[2024-05-27 15:25:58.817814]     8.2500 MB /   0.50 sec =  138.4472 Mbps     0 retrans     41 KB-cwnd
[2024-05-27 15:25:59.317773]     7.8750 MB /   0.50 sec =  132.1222 Mbps     0 retrans     55 KB-cwnd
[2024-05-27 15:25:59.817250]     8.5625 MB /   0.50 sec =  143.6575 Mbps     0 retrans     55 KB-cwnd
[2024-05-27 15:26:00.317682]     8.8750 MB /   0.50 sec =  148.7904 Mbps     0 retrans     56 KB-cwnd
[2024-05-27 15:26:00.817279]     8.3750 MB /   0.50 sec =  140.6085 Mbps     0 retrans     57 KB-cwnd
[2024-05-27 15:26:01.317302]     7.1875 MB /   0.50 sec =  120.5858 Mbps     0 retrans     57 KB-cwnd
[2024-05-27 15:26:01.817182]     7.7500 MB /   0.50 sec =  130.0286 Mbps     0 retrans     57 KB-cwnd
[2024-05-27 15:26:02.317372]     5.3750 MB /   0.50 sec =   90.1727 Mbps     0 retrans     59 KB-cwnd
[2024-05-27 15:26:02.817529]     2.1875 MB /   0.50 sec =   36.6779 Mbps     0 retrans     59 KB-cwnd
[2024-05-27 15:26:03.318597]     0.1875 MB /   0.50 sec =    3.1398 Mbps     0 retrans     59 KB-cwnd
[2024-05-27 15:26:03.817299]     3.7500 MB /   0.50 sec =   63.0731 Mbps     0 retrans     59 KB-cwnd
[2024-05-27 15:26:04.317915]     1.2500 MB /   0.50 sec =   20.9597 Mbps     0 retrans     59 KB-cwnd
[2024-05-27 15:26:04.818996]     2.9375 MB /   0.50 sec =   49.1506 Mbps     0 retrans     59 KB-cwnd
[2024-05-27 15:26:05.317501]     3.0625 MB /   0.50 sec =   51.5441 Mbps     0 retrans     68 KB-cwnd
[2024-05-27 15:26:05.817240]     2.4375 MB /   0.50 sec =   40.8977 Mbps     0 retrans     68 KB-cwnd
[2024-05-27 15:26:06.317378]     2.6875 MB /   0.50 sec =   45.0789 Mbps     0 retrans     68 KB-cwnd
[2024-05-27 15:26:06.817688]     2.1875 MB /   0.50 sec =   36.6749 Mbps     0 retrans     68 KB-cwnd
[2024-05-27 15:26:07.317265]     2.6875 MB /   0.50 sec =   45.1277 Mbps     0 retrans     68 KB-cwnd
[2024-05-27 15:26:07.817626]     2.6250 MB /   0.50 sec =   44.0435 Mbps  1356 retrans   1471 KB-cwnd
[2024-05-27 15:26:08.317701]     3.1875 MB /   0.50 sec =   53.4307 Mbps     0 retrans   1471 KB-cwnd
[2024-05-27 15:26:08.817582]     2.1875 MB /   0.50 sec =   36.7323 Mbps     0 retrans   1471 KB-cwnd
[2024-05-27 15:26:09.317485]     1.8750 MB /   0.50 sec =   31.4409 Mbps     0 retrans   1471 KB-cwnd
[2024-05-27 15:26:09.817705]     4.2500 MB /   0.50 sec =   71.3383 Mbps     0 retrans   1471 KB-cwnd
[2024-05-27 15:26:10.317245]     3.1875 MB /   0.50 sec =   53.4773 Mbps     0 retrans   1471 KB-cwnd
[2024-05-27 15:26:10.817298]     0.6250 MB /   0.50 sec =   10.4848 Mbps     0 retrans   1471 KB-cwnd
[2024-05-27 15:26:11.317250]     2.1875 MB /   0.50 sec =   36.7039 Mbps     0 retrans   1471 KB-cwnd
[2024-05-27 15:26:11.817233]     3.3750 MB /   0.50 sec =   56.6225 Mbps     0 retrans   1471 KB-cwnd
[2024-05-27 15:26:12.317740]     6.0000 MB /   0.50 sec =  100.6659 Mbps     0 retrans   1471 KB-cwnd
[2024-05-27 15:26:12.817777]     5.8125 MB /   0.50 sec =   97.4102 Mbps     0 retrans   1471 KB-cwnd
[2024-05-27 15:26:13.317227]     5.9375 MB /   0.50 sec =   99.7214 Mbps     0 retrans   1471 KB-cwnd
[2024-05-27 15:26:13.817759]     6.0000 MB /   0.50 sec =  100.5613 Mbps     0 retrans   1501 KB-cwnd
[2024-05-27 15:26:14.318713]     3.0625 MB /   0.50 sec =   51.2927 Mbps     0 retrans   1501 KB-cwnd
[2024-05-27 15:26:14.817228]     5.7500 MB /   0.50 sec =   96.7342 Mbps     0 retrans   1501 KB-cwnd
[2024-05-27 15:26:15.317269]     5.4375 MB /   0.50 sec =   91.2241 Mbps     0 retrans   1501 KB-cwnd
[2024-05-27 15:26:15.817541]     2.8750 MB /   0.50 sec =   48.2319 Mbps     0 retrans   1501 KB-cwnd
[2024-05-27 15:26:16.317809]     6.0000 MB /   0.50 sec =  100.6679 Mbps     0 retrans   1501 KB-cwnd
[2024-05-27 15:26:16.817816]     6.5625 MB /   0.50 sec =  110.1038 Mbps     0 retrans   1501 KB-cwnd
[2024-05-27 15:26:17.317317]     7.1250 MB /   0.50 sec =  119.5305 Mbps     0 retrans   1501 KB-cwnd
[2024-05-27 15:26:17.817262]     7.0000 MB /   0.50 sec =  117.4429 Mbps     0 retrans   1501 KB-cwnd
[2024-05-27 15:26:18.317263]     7.3750 MB /   0.50 sec =  123.7382 Mbps     0 retrans   1501 KB-cwnd
[2024-05-27 15:26:18.817178]     8.5625 MB /   0.50 sec =  143.6595 Mbps     0 retrans   1501 KB-cwnd
[2024-05-27 15:26:19.317611]     9.0000 MB /   0.50 sec =  150.8673 Mbps     0 retrans   1501 KB-cwnd
[2024-05-27 15:26:19.817240]     8.6875 MB /   0.50 sec =  145.8641 Mbps     0 retrans   1548 KB-cwnd
[2024-05-27 15:26:20.317259]     9.5625 MB /   0.50 sec =  160.4379 Mbps     0 retrans   1548 KB-cwnd
[2024-05-27 15:26:20.817334]     9.0625 MB /   0.50 sec =  151.9955 Mbps  1202 retrans   2596 KB-cwnd
[2024-05-27 15:26:21.317761]     6.4375 MB /   0.50 sec =  108.0364 Mbps     0 retrans   2596 KB-cwnd
[2024-05-27 15:26:21.817609]     8.4375 MB /   0.50 sec =  141.5532 Mbps     0 retrans   2596 KB-cwnd
[2024-05-27 15:26:22.317368]     8.3750 MB /   0.50 sec =  140.4788 Mbps     0 retrans   2596 KB-cwnd
[2024-05-27 15:26:22.817269]     9.7500 MB /   0.50 sec =  163.6112 Mbps     0 retrans   2596 KB-cwnd
[2024-05-27 15:26:23.317306]     9.1875 MB /   0.50 sec =  154.1302 Mbps     0 retrans   2596 KB-cwnd
[2024-05-27 15:26:23.817332]     8.6250 MB /   0.50 sec =  144.7061 Mbps     0 retrans   2596 KB-cwnd
[2024-05-27 15:26:24.317662]     8.6250 MB /   0.50 sec =  144.7206 Mbps     0 retrans   2596 KB-cwnd
[2024-05-27 15:26:24.817696]     9.0000 MB /   0.50 sec =  150.9919 Mbps     0 retrans   2596 KB-cwnd
[2024-05-27 15:26:25.318058]    10.9375 MB /   0.50 sec =  183.4898 Mbps     0 retrans   2596 KB-cwnd
[2024-05-27 15:26:25.817233]     6.6875 MB /   0.50 sec =  112.2044 Mbps     0 retrans   2596 KB-cwnd
[2024-05-27 15:26:26.317710]    10.1250 MB /   0.50 sec =  169.7257 Mbps     0 retrans   2596 KB-cwnd
[2024-05-27 15:26:26.817325]     4.4375 MB /   0.50 sec =   74.5128 Mbps     0 retrans   2596 KB-cwnd
[2024-05-27 15:26:27.317779]     4.9375 MB /   0.50 sec =   82.8309 Mbps     0 retrans   2596 KB-cwnd
[2024-05-27 15:26:27.817616]    10.0000 MB /   0.50 sec =  167.6551 Mbps     0 retrans   2596 KB-cwnd
[2024-05-27 15:26:28.318515]     7.8125 MB /   0.50 sec =  131.0406 Mbps     0 retrans   2596 KB-cwnd
[2024-05-27 15:26:28.817684]     1.1875 MB /   0.50 sec =   19.9266 Mbps     0 retrans   2596 KB-cwnd
[2024-05-27 15:26:29.317258]     2.6250 MB /   0.50 sec =   44.0759 Mbps     0 retrans   2596 KB-cwnd
[2024-05-27 15:26:29.817149]     2.1875 MB /   0.50 sec =   36.7041 Mbps     0 retrans   2596 KB-cwnd
[2024-05-27 15:26:30.317314]     1.4375 MB /   0.50 sec =   24.1147 Mbps     0 retrans   2596 KB-cwnd
[2024-05-27 15:26:30.817606]     3.0000 MB /   0.50 sec =   50.3304 Mbps     0 retrans   2596 KB-cwnd
[2024-05-27 15:26:31.317693]     3.3125 MB /   0.50 sec =   55.5262 Mbps     0 retrans   2596 KB-cwnd
[2024-05-27 15:26:31.818558]     1.1875 MB /   0.50 sec =   19.8922 Mbps     0 retrans   2596 KB-cwnd
[2024-05-27 15:26:32.318348]     2.0000 MB /   0.50 sec =   33.6037 Mbps     0 retrans   2596 KB-cwnd
[2024-05-27 15:26:32.817244]     3.8750 MB /   0.50 sec =   65.0764 Mbps  5645 retrans   1138 KB-cwnd
[2024-05-27 15:26:33.317204]     2.7500 MB /   0.50 sec =   46.1386 Mbps     0 retrans   1138 KB-cwnd
[2024-05-27 15:26:33.817892]     4.9375 MB /   0.50 sec =   82.7892 Mbps     0 retrans   1138 KB-cwnd
[2024-05-27 15:26:34.317689]     4.8125 MB /   0.50 sec =   80.7113 Mbps     0 retrans   1138 KB-cwnd
[2024-05-27 15:26:34.817703]     0.7500 MB /   0.50 sec =   12.5931 Mbps     0 retrans   1138 KB-cwnd
[2024-05-27 15:26:35.319194]     3.1250 MB /   0.50 sec =   52.2388 Mbps     0 retrans   1138 KB-cwnd
[2024-05-27 15:26:35.817355]     3.3750 MB /   0.50 sec =   56.8272 Mbps     0 retrans   1138 KB-cwnd
[2024-05-27 15:26:36.317737]     5.6875 MB /   0.50 sec =   95.4275 Mbps     0 retrans   1138 KB-cwnd
[2024-05-27 15:26:36.817257]     5.8125 MB /   0.50 sec =   97.5254 Mbps     0 retrans   1138 KB-cwnd
[2024-05-27 15:26:37.317184]     6.0625 MB /   0.50 sec =  101.7153 Mbps     0 retrans   1138 KB-cwnd
[2024-05-27 15:26:37.817228]     4.4375 MB /   0.50 sec =   74.4446 Mbps     0 retrans   1138 KB-cwnd
[2024-05-27 15:26:38.317602]     4.8750 MB /   0.50 sec =   81.7337 Mbps     0 retrans   1138 KB-cwnd
[2024-05-27 15:26:38.817231]     5.6875 MB /   0.50 sec =   95.4777 Mbps     0 retrans   1138 KB-cwnd
[2024-05-27 15:26:39.317262]     7.0000 MB /   0.50 sec =  117.4469 Mbps     0 retrans   1138 KB-cwnd
[2024-05-27 15:26:39.818539]     3.3750 MB /   0.50 sec =   56.4887 Mbps     0 retrans   1138 KB-cwnd
[2024-05-27 15:26:40.317357]     6.5000 MB /   0.50 sec =  109.3105 Mbps     0 retrans   1138 KB-cwnd
[2024-05-27 15:26:40.817415]     8.8125 MB /   0.50 sec =  147.8061 Mbps     0 retrans   1138 KB-cwnd
[2024-05-27 15:26:41.317309]     3.9375 MB /   0.50 sec =   66.0750 Mbps     0 retrans   1138 KB-cwnd
[2024-05-27 15:26:41.817781]     1.6875 MB /   0.50 sec =   28.3122 Mbps     0 retrans   1138 KB-cwnd
[2024-05-27 15:26:42.318462]     0.1250 MB /   0.50 sec =    2.0937 Mbps     0 retrans   1138 KB-cwnd
[2024-05-27 15:26:42.817369]     2.3750 MB /   0.50 sec =   39.8998 Mbps     0 retrans   1138 KB-cwnd
[2024-05-27 15:26:43.317543]     3.2500 MB /   0.50 sec =   54.5219 Mbps     0 retrans   1138 KB-cwnd
[2024-05-27 15:26:43.817252]     0.9375 MB /   0.50 sec =   15.7363 Mbps     0 retrans   1138 KB-cwnd
[2024-05-27 15:26:44.317577]     3.7500 MB /   0.50 sec =   62.9158 Mbps     0 retrans   1138 KB-cwnd
[2024-05-27 15:26:44.817368]     4.1875 MB /   0.50 sec =   70.2384 Mbps     0 retrans   1138 KB-cwnd
[2024-05-27 15:26:45.317327]     1.6875 MB /   0.50 sec =   28.3145 Mbps     0 retrans   1138 KB-cwnd
[2024-05-27 15:26:45.817251]     0.3750 MB /   0.50 sec =    6.2920 Mbps     0 retrans   1138 KB-cwnd
[2024-05-27 15:26:46.318613]     0.0625 MB /   0.50 sec =    1.0459 Mbps     0 retrans   1138 KB-cwnd
[2024-05-27 15:26:46.817977]     1.3750 MB /   0.50 sec =   23.0983 Mbps     0 retrans   1138 KB-cwnd
[2024-05-27 15:26:47.317273]     2.7500 MB /   0.50 sec =   46.1935 Mbps     0 retrans   1138 KB-cwnd
[2024-05-27 15:26:47.817271]     4.6250 MB /   0.50 sec =   77.5952 Mbps     0 retrans   1138 KB-cwnd
[2024-05-27 15:26:48.317356]     4.5625 MB /   0.50 sec =   76.5459 Mbps     0 retrans   1138 KB-cwnd
[2024-05-27 15:26:48.817319]     5.5000 MB /   0.50 sec =   92.2572 Mbps     0 retrans   1138 KB-cwnd
[2024-05-27 15:26:49.317161]     6.6250 MB /   0.50 sec =  111.1831 Mbps     0 retrans   1138 KB-cwnd
[2024-05-27 15:26:49.817720]     8.8750 MB /   0.50 sec =  148.7446 Mbps     0 retrans   1138 KB-cwnd
[2024-05-27 15:26:50.317459]     4.4375 MB /   0.50 sec =   74.4912 Mbps  1310 retrans   2477 KB-cwnd
[2024-05-27 15:26:50.817315]     6.5625 MB /   0.50 sec =  110.1353 Mbps     0 retrans   2477 KB-cwnd
[2024-05-27 15:26:51.317270]     5.2500 MB /   0.50 sec =   88.0832 Mbps     0 retrans   2477 KB-cwnd
[2024-05-27 15:26:51.819393]     6.0000 MB /   0.50 sec =  100.3342 Mbps     0 retrans   2477 KB-cwnd
[2024-05-27 15:26:52.318316]     7.1875 MB /   0.50 sec =  120.8703 Mbps     0 retrans   2477 KB-cwnd
[2024-05-27 15:26:52.817170]     8.3750 MB /   0.50 sec =  140.6560 Mbps     0 retrans   2477 KB-cwnd
[2024-05-27 15:26:53.317177]     3.8750 MB /   0.50 sec =   65.0116 Mbps     0 retrans   2477 KB-cwnd
[2024-05-27 15:26:53.818137]     3.4375 MB /   0.50 sec =   57.6188 Mbps     0 retrans   2477 KB-cwnd
[2024-05-27 15:26:54.317981]     3.4375 MB /   0.50 sec =   57.6724 Mbps     0 retrans   2477 KB-cwnd
[2024-05-27 15:26:54.818212]     6.5000 MB /   0.50 sec =  109.1357 Mbps     0 retrans   2477 KB-cwnd
[2024-05-27 15:26:55.317211]     7.5000 MB /   0.50 sec =  125.8430 Mbps     0 retrans   2477 KB-cwnd
[2024-05-27 15:26:55.818139]     7.6875 MB /   0.50 sec =  128.8548 Mbps     0 retrans   2477 KB-cwnd
[2024-05-27 15:26:56.317358]     8.4375 MB /   0.50 sec =  141.6771 Mbps     0 retrans   2477 KB-cwnd
[2024-05-27 15:26:56.819206]     5.1250 MB /   0.50 sec =   85.6673 Mbps     0 retrans   2477 KB-cwnd
[2024-05-27 15:26:57.317262]     1.1875 MB /   0.50 sec =   19.9973 Mbps     0 retrans   2477 KB-cwnd
[2024-05-27 15:26:57.817318]     0.0000 MB /   0.50 sec =    0.0000 Mbps     0 retrans   2477 KB-cwnd
[2024-05-27 15:26:58.317458]     0.0000 MB /   0.50 sec =    0.0000 Mbps     0 retrans   2477 KB-cwnd
[2024-05-27 15:26:58.817881]     0.0000 MB /   0.50 sec =    0.0000 Mbps     0 retrans   2477 KB-cwnd
[2024-05-27 15:26:59.318987]     0.0000 MB /   0.50 sec =    0.0000 Mbps     0 retrans   2477 KB-cwnd
[2024-05-27 15:26:59.817324]     0.0000 MB /   0.50 sec =    0.0000 Mbps     0 retrans   2477 KB-cwnd
[2024-05-27 15:27:00.317222]     0.2500 MB /   0.50 sec =    4.1940 Mbps     0 retrans   2477 KB-cwnd
[2024-05-27 15:27:00.817241]     2.8750 MB /   0.50 sec =   48.2336 Mbps     0 retrans   2477 KB-cwnd
[2024-05-27 15:27:01.317175]     3.3750 MB /   0.50 sec =   56.6273 Mbps     0 retrans   2477 KB-cwnd
[2024-05-27 15:27:01.819157]     3.9375 MB /   0.50 sec =   65.8105 Mbps     0 retrans   2477 KB-cwnd
[2024-05-27 15:27:02.317249]     4.3125 MB /   0.50 sec =   72.6241 Mbps     0 retrans   2477 KB-cwnd
[2024-05-27 15:27:02.817196]     4.2500 MB /   0.50 sec =   71.3040 Mbps     0 retrans   2477 KB-cwnd
[2024-05-27 15:27:03.317238]     4.6875 MB /   0.50 sec =   78.6405 Mbps     0 retrans   2477 KB-cwnd
[2024-05-27 15:27:03.817322]     5.0625 MB /   0.50 sec =   84.9306 Mbps     0 retrans   2477 KB-cwnd
[2024-05-27 15:27:04.317897]     5.3750 MB /   0.50 sec =   90.1622 Mbps     0 retrans   2477 KB-cwnd
[2024-05-27 15:27:04.817809]     5.7500 MB /   0.50 sec =   96.4802 Mbps     0 retrans   2477 KB-cwnd
[2024-05-27 15:27:05.317784]     5.9375 MB /   0.50 sec =   99.6185 Mbps     0 retrans   2477 KB-cwnd
[2024-05-27 15:27:05.818316]     5.9375 MB /   0.50 sec =   99.5594 Mbps     0 retrans   2477 KB-cwnd
[2024-05-27 15:27:06.318888]     4.5000 MB /   0.50 sec =   75.4320 Mbps     0 retrans   2477 KB-cwnd
[2024-05-27 15:27:06.818180]     4.0625 MB /   0.50 sec =   68.1870 Mbps  3357 retrans   1056 KB-cwnd
[2024-05-27 15:27:07.317286]     6.0625 MB /   0.50 sec =  101.8145 Mbps     0 retrans   1056 KB-cwnd
[2024-05-27 15:27:07.817287]     6.3750 MB /   0.50 sec =  106.9569 Mbps     0 retrans   1056 KB-cwnd
[2024-05-27 15:27:08.317285]     9.1250 MB /   0.50 sec =  153.0998 Mbps     0 retrans   1064 KB-cwnd
[2024-05-27 15:27:08.818380]     8.2500 MB /   0.50 sec =  138.2644 Mbps     0 retrans   1064 KB-cwnd
[2024-05-27 15:27:09.317253]     6.8750 MB /   0.50 sec =  115.4597 Mbps     0 retrans   1064 KB-cwnd
[2024-05-27 15:27:09.817256]     9.1250 MB /   0.50 sec =  153.0991 Mbps     0 retrans   1064 KB-cwnd
[2024-05-27 15:27:10.317818]     8.6250 MB /   0.50 sec =  144.6873 Mbps     0 retrans   1064 KB-cwnd
[2024-05-27 15:27:10.817271]     8.6875 MB /   0.50 sec =  145.7602 Mbps     0 retrans   1064 KB-cwnd
[2024-05-27 15:27:11.317311]     8.1250 MB /   0.50 sec =  136.3081 Mbps     0 retrans   1064 KB-cwnd
[2024-05-27 15:27:11.817795]     5.1250 MB /   0.50 sec =   85.9774 Mbps     0 retrans   1064 KB-cwnd
[2024-05-27 15:27:12.317335]     6.3750 MB /   0.50 sec =  106.9714 Mbps     0 retrans   1064 KB-cwnd
[2024-05-27 15:27:12.817271]     8.3750 MB /   0.50 sec =  140.4828 Mbps     0 retrans   1064 KB-cwnd
[2024-05-27 15:27:13.317600]    11.0000 MB /   0.50 sec =  184.5915 Mbps     0 retrans   1064 KB-cwnd
[2024-05-27 15:27:13.817254]    11.5625 MB /   0.50 sec =  193.9780 Mbps     0 retrans   1047 KB-cwnd
[2024-05-27 15:27:14.317321]    12.1250 MB /   0.50 sec =  203.4290 Mbps     0 retrans   1047 KB-cwnd
[2024-05-27 15:27:14.817237]    13.1875 MB /   0.50 sec =  221.2526 Mbps     0 retrans   1047 KB-cwnd
[2024-05-27 15:27:15.317732]    17.3750 MB /   0.50 sec =  291.4948 Mbps  6318 retrans   1801 KB-cwnd
[2024-05-27 15:27:15.817911]    16.4375 MB /   0.50 sec =  275.7380 Mbps     0 retrans   1801 KB-cwnd
[2024-05-27 15:27:16.318034]     9.3750 MB /   0.50 sec =  157.1519 Mbps     0 retrans   1801 KB-cwnd
[2024-05-27 15:27:16.817260]    14.8750 MB /   0.50 sec =  249.8034 Mbps     0 retrans   1801 KB-cwnd
[2024-05-27 15:27:17.317276]    15.2500 MB /   0.50 sec =  255.8474 Mbps     0 retrans   1801 KB-cwnd
[2024-05-27 15:27:17.817653]    10.8750 MB /   0.50 sec =  182.3366 Mbps     0 retrans   1801 KB-cwnd
[2024-05-27 15:27:18.317445]    10.9375 MB /   0.50 sec =  183.5687 Mbps     0 retrans   1801 KB-cwnd
[2024-05-27 15:27:18.817308]    12.0625 MB /   0.50 sec =  202.3918 Mbps     0 retrans   1801 KB-cwnd
[2024-05-27 15:27:19.317245]    15.3125 MB /   0.50 sec =  256.9787 Mbps     0 retrans   1801 KB-cwnd
[2024-05-27 15:27:19.819176]    15.4375 MB /   0.50 sec =  258.3076 Mbps     0 retrans   1801 KB-cwnd
[2024-05-27 15:27:20.318013]     9.9375 MB /   0.50 sec =  166.9058 Mbps  5682 retrans   2145 KB-cwnd
[2024-05-27 15:27:20.817769]    14.3750 MB /   0.50 sec =  241.5416 Mbps     0 retrans   2145 KB-cwnd
[2024-05-27 15:27:21.317225]    16.3750 MB /   0.50 sec =  274.7126 Mbps     0 retrans   2145 KB-cwnd
[2024-05-27 15:27:21.817575]    16.0000 MB /   0.50 sec =  268.3190 Mbps     0 retrans   2145 KB-cwnd
[2024-05-27 15:27:22.317325]    12.6250 MB /   0.50 sec =  211.9141 Mbps     0 retrans   2145 KB-cwnd
[2024-05-27 15:27:22.817251]    15.6875 MB /   0.50 sec =  263.1984 Mbps     0 retrans   2145 KB-cwnd
[2024-05-27 15:27:23.317261]    14.3125 MB /   0.50 sec =  240.1143 Mbps     0 retrans   2145 KB-cwnd
[2024-05-27 15:27:23.817259]    16.5000 MB /   0.50 sec =  276.7864 Mbps     0 retrans   2145 KB-cwnd
[2024-05-27 15:27:24.317703]    15.5625 MB /   0.50 sec =  261.1304 Mbps     0 retrans   2145 KB-cwnd
[2024-05-27 15:27:24.817901]    15.8125 MB /   0.50 sec =  264.9755 Mbps  1459 retrans   3239 KB-cwnd
[2024-05-27 15:27:25.317175]    16.5625 MB /   0.50 sec =  278.2126 Mbps     0 retrans   3239 KB-cwnd
[2024-05-27 15:27:25.817252]    16.8125 MB /   0.50 sec =  282.0596 Mbps     0 retrans   3273 KB-cwnd
[2024-05-27 15:27:26.317348]     6.3750 MB /   0.50 sec =  106.9396 Mbps     0 retrans   3273 KB-cwnd
[2024-05-27 15:27:26.818302]    11.0625 MB /   0.50 sec =  185.4296 Mbps     0 retrans   3509 KB-cwnd
[2024-05-27 15:27:27.317336]     0.0000 MB /   0.50 sec =    0.0000 Mbps     0 retrans   3509 KB-cwnd
[2024-05-27 15:27:27.817267]     0.0625 MB /   0.50 sec =    1.0487 Mbps     0 retrans   3509 KB-cwnd
[2024-05-27 15:27:28.318085]     0.5000 MB /   0.50 sec =    8.3871 Mbps     0 retrans   3509 KB-cwnd
[2024-05-27 15:27:28.817303]     2.8750 MB /   0.50 sec =   48.2404 Mbps     0 retrans   3509 KB-cwnd
[2024-05-27 15:27:29.317251]     0.8125 MB /   0.50 sec =   13.6323 Mbps     0 retrans   3509 KB-cwnd
[2024-05-27 15:27:29.817690]     0.0625 MB /   0.50 sec =    1.0477 Mbps     0 retrans   3509 KB-cwnd
[2024-05-27 15:27:30.318722]     0.0625 MB /   0.50 sec =    1.0466 Mbps     0 retrans   3509 KB-cwnd
[2024-05-27 15:27:30.817291]     1.1250 MB /   0.50 sec =   18.9256 Mbps     0 retrans   3509 KB-cwnd
[2024-05-27 15:27:31.317133]     3.0000 MB /   0.50 sec =   50.3400 Mbps     0 retrans   3564 KB-cwnd
[2024-05-27 15:27:31.817323]     4.0000 MB /   0.50 sec =   67.0961 Mbps     0 retrans   3564 KB-cwnd
[2024-05-27 15:27:32.317646]     5.6875 MB /   0.50 sec =   95.3506 Mbps     0 retrans   3564 KB-cwnd
[2024-05-27 15:27:32.817253]     0.0625 MB /   0.50 sec =    1.0495 Mbps     0 retrans   3564 KB-cwnd
[2024-05-27 15:27:33.317275]     1.1250 MB /   0.50 sec =   18.8748 Mbps     0 retrans   3564 KB-cwnd
[2024-05-27 15:27:33.820421]     2.0625 MB /   0.50 sec =   34.5461 Mbps     0 retrans   3564 KB-cwnd
[2024-05-27 15:27:34.317253]     4.9375 MB /   0.50 sec =   82.9734 Mbps     0 retrans   3564 KB-cwnd
[2024-05-27 15:27:34.818657]     0.5000 MB /   0.50 sec =    8.3660 Mbps     0 retrans   3564 KB-cwnd
[2024-05-27 15:27:35.317267]     0.8750 MB /   0.50 sec =   14.7191 Mbps     0 retrans   3564 KB-cwnd
[2024-05-27 15:27:35.817353]     0.2500 MB /   0.50 sec =    4.1944 Mbps     0 retrans   3564 KB-cwnd
[2024-05-27 15:27:36.317373]     0.0000 MB /   0.50 sec =    0.0000 Mbps     0 retrans   3564 KB-cwnd
[2024-05-27 15:27:36.817338]     0.4375 MB /   0.50 sec =    7.3391 Mbps     0 retrans   3564 KB-cwnd
[2024-05-27 15:27:37.317264]     1.2500 MB /   0.50 sec =   20.9736 Mbps     0 retrans   3564 KB-cwnd
[2024-05-27 15:27:37.817225]     0.3125 MB /   0.50 sec =    5.2433 Mbps     0 retrans   3564 KB-cwnd
[2024-05-27 15:27:38.317322]     0.2500 MB /   0.50 sec =    4.1938 Mbps     0 retrans   3564 KB-cwnd
[2024-05-27 15:27:38.817265]     0.3750 MB /   0.50 sec =    6.2920 Mbps     0 retrans   3564 KB-cwnd
[2024-05-27 15:27:39.317716]     3.3750 MB /   0.50 sec =   56.6200 Mbps     0 retrans   3564 KB-cwnd
[2024-05-27 15:27:39.817186]     2.9375 MB /   0.50 sec =   49.2873 Mbps     0 retrans   3564 KB-cwnd
[2024-05-27 15:27:40.317315]     2.0625 MB /   0.50 sec =   34.6029 Mbps     0 retrans   3564 KB-cwnd
[2024-05-27 15:27:40.817560]     2.8750 MB /   0.50 sec =   48.2334 Mbps     0 retrans   3564 KB-cwnd
[2024-05-27 15:27:41.317564]     2.6875 MB /   0.50 sec =   45.0889 Mbps     0 retrans   3564 KB-cwnd
[2024-05-27 15:27:41.817603]     2.3750 MB /   0.50 sec =   39.8168 Mbps     0 retrans   3564 KB-cwnd
[2024-05-27 15:27:42.317972]     4.0625 MB /   0.50 sec =   68.1091 Mbps     0 retrans   3564 KB-cwnd
[2024-05-27 15:27:42.817904]     4.7500 MB /   0.50 sec =   79.7854 Mbps     0 retrans   3564 KB-cwnd
[2024-05-27 15:27:43.317343]     5.2500 MB /   0.50 sec =   88.0940 Mbps     0 retrans   3564 KB-cwnd
[2024-05-27 15:27:43.817836]     5.8750 MB /   0.50 sec =   98.5671 Mbps     0 retrans   3564 KB-cwnd
[2024-05-27 15:27:44.317250]     7.1875 MB /   0.50 sec =  120.5961 Mbps     0 retrans   3564 KB-cwnd
[2024-05-27 15:27:44.817147]     8.1250 MB /   0.50 sec =  136.3206 Mbps     0 retrans   3564 KB-cwnd
[2024-05-27 15:27:45.319964]     2.1875 MB /   0.50 sec =   36.5488 Mbps     0 retrans   3564 KB-cwnd
[2024-05-27 15:27:45.819468]     0.0000 MB /   0.50 sec =    0.0000 Mbps     0 retrans   3564 KB-cwnd
[2024-05-27 15:27:46.317496]     0.0000 MB /   0.50 sec =    0.0000 Mbps     0 retrans   3564 KB-cwnd
[2024-05-27 15:27:46.817244]     3.4375 MB /   0.50 sec =   57.6959 Mbps     0 retrans   3564 KB-cwnd
[2024-05-27 15:27:47.317109]     3.2500 MB /   0.50 sec =   54.5306 Mbps    15 retrans   3426 KB-cwnd
[2024-05-27 15:27:47.817244]     6.8750 MB /   0.50 sec =  115.3371 Mbps     0 retrans   3426 KB-cwnd
[2024-05-27 15:27:48.317365]     7.8125 MB /   0.50 sec =  131.0421 Mbps     0 retrans   3426 KB-cwnd
[2024-05-27 15:27:48.817746]     8.9375 MB /   0.50 sec =  149.9620 Mbps     0 retrans   3426 KB-cwnd
[2024-05-27 15:27:49.317273]     6.4375 MB /   0.50 sec =  108.0122 Mbps     0 retrans   3426 KB-cwnd
[2024-05-27 15:27:49.817729]     0.3750 MB /   0.50 sec =    6.2919 Mbps     0 retrans   3426 KB-cwnd
[2024-05-27 15:27:50.317765]     5.0000 MB /   0.50 sec =   83.8636 Mbps     0 retrans   3426 KB-cwnd
[2024-05-27 15:27:50.817252]     4.8750 MB /   0.50 sec =   81.8081 Mbps     0 retrans   3426 KB-cwnd
[2024-05-27 15:27:51.317273]     6.0625 MB /   0.50 sec =  101.7078 Mbps     0 retrans   3426 KB-cwnd
[2024-05-27 15:27:51.817451]     2.7500 MB /   0.50 sec =   46.1289 Mbps     0 retrans   3426 KB-cwnd
[2024-05-27 15:27:52.317437]     7.1250 MB /   0.50 sec =  119.5346 Mbps     0 retrans   3426 KB-cwnd
[2024-05-27 15:27:52.817344]     8.6875 MB /   0.50 sec =  145.7868 Mbps     0 retrans   3426 KB-cwnd
[2024-05-27 15:27:53.317725]     9.6875 MB /   0.50 sec =  162.3844 Mbps     0 retrans   3426 KB-cwnd
[2024-05-27 15:27:53.817301]     5.3125 MB /   0.50 sec =   89.2009 Mbps     0 retrans   3426 KB-cwnd
[2024-05-27 15:27:54.317305]     3.3125 MB /   0.50 sec =   55.5793 Mbps     0 retrans   3426 KB-cwnd
End time: 1716838074595
