Start time: 1716834669425
[2024-05-27 14:31:10.268513] nuttcp-r: v8.1.4: socket
[2024-05-27 14:31:10.269196] nuttcp-r: buflen=65536, nstream=1, port=5001 tcp
[2024-05-27 14:31:10.269252] nuttcp-r: interval reporting every 0.50 seconds
[2024-05-27 14:31:10.269303] nuttcp-r: connect to 35.245.244.238 with RTT=59.984 ms af=inet
[2024-05-27 14:31:10.269342] nuttcp-r: send window size = 1048576, receive window size = 4194304
[2024-05-27 14:31:10.269379] nuttcp-r: available send window = 786432, available receive window = 3145728
[2024-05-27 14:31:10.269417]     0.5000 MB /   0.50 sec =    8.3877 Mbps     0 retrans     13 KB-cwnd
[2024-05-27 14:31:10.768877]     2.3125 MB /   0.50 sec =   38.7749 Mbps     0 retrans     13 KB-cwnd
[2024-05-27 14:31:11.268451]     4.4375 MB /   0.50 sec =   74.4911 Mbps     0 retrans     13 KB-cwnd
[2024-05-27 14:31:11.768554]     6.5000 MB /   0.50 sec =  109.0403 Mbps     0 retrans     13 KB-cwnd
[2024-05-27 14:31:12.268454]     6.2500 MB /   0.50 sec =  104.8693 Mbps     0 retrans     13 KB-cwnd
[2024-05-27 14:31:12.768378]     5.2500 MB /   0.50 sec =   88.0836 Mbps     0 retrans     13 KB-cwnd
[2024-05-27 14:31:13.268482]     5.3750 MB /   0.50 sec =   90.1723 Mbps     0 retrans     13 KB-cwnd
[2024-05-27 14:31:13.768477]     2.8125 MB /   0.50 sec =   47.1853 Mbps     0 retrans     13 KB-cwnd
[2024-05-27 14:31:14.268465]     7.6250 MB /   0.50 sec =  127.9352 Mbps     0 retrans     13 KB-cwnd
[2024-05-27 14:31:14.768822]     3.8125 MB /   0.50 sec =   63.9192 Mbps     0 retrans     13 KB-cwnd
[2024-05-27 14:31:15.268408]     2.6875 MB /   0.50 sec =   45.1181 Mbps     0 retrans     13 KB-cwnd
[2024-05-27 14:31:15.768391]     3.3750 MB /   0.50 sec =   56.6246 Mbps     0 retrans     13 KB-cwnd
[2024-05-27 14:31:16.268457]     1.1250 MB /   0.50 sec =   18.8733 Mbps     0 retrans     13 KB-cwnd
[2024-05-27 14:31:16.768580]     2.8750 MB /   0.50 sec =   48.2285 Mbps     0 retrans     13 KB-cwnd
[2024-05-27 14:31:17.268509]     4.6875 MB /   0.50 sec =   78.6552 Mbps     0 retrans     13 KB-cwnd
[2024-05-27 14:31:17.768476]     3.8125 MB /   0.50 sec =   63.9629 Mbps     0 retrans     13 KB-cwnd
[2024-05-27 14:31:18.268404]     3.9375 MB /   0.50 sec =   66.0623 Mbps     0 retrans     13 KB-cwnd
[2024-05-27 14:31:18.768383]     3.8125 MB /   0.50 sec =   63.9638 Mbps     0 retrans     13 KB-cwnd
[2024-05-27 14:31:19.268532]     3.0625 MB /   0.50 sec =   51.3779 Mbps     0 retrans     13 KB-cwnd
[2024-05-27 14:31:19.768622]     4.1875 MB /   0.50 sec =   70.2393 Mbps     0 retrans     13 KB-cwnd
[2024-05-27 14:31:20.268634]     3.0625 MB /   0.50 sec =   51.3789 Mbps     0 retrans     13 KB-cwnd
[2024-05-27 14:31:20.768489]     4.6250 MB /   0.50 sec =   77.6131 Mbps     0 retrans     13 KB-cwnd
[2024-05-27 14:31:21.268362]     5.0625 MB /   0.50 sec =   84.9433 Mbps     0 retrans     13 KB-cwnd
[2024-05-27 14:31:21.768471]     4.3750 MB /   0.50 sec =   73.3928 Mbps     0 retrans     13 KB-cwnd
[2024-05-27 14:31:22.268362]     4.5625 MB /   0.50 sec =   76.5517 Mbps     0 retrans     13 KB-cwnd
[2024-05-27 14:31:22.768914]     5.3750 MB /   0.50 sec =   90.0928 Mbps     0 retrans     13 KB-cwnd
[2024-05-27 14:31:23.268365]     6.0000 MB /   0.50 sec =  100.7586 Mbps     0 retrans     13 KB-cwnd
[2024-05-27 14:31:23.768464]     5.3125 MB /   0.50 sec =   89.1241 Mbps     0 retrans     13 KB-cwnd
[2024-05-27 14:31:24.268463]     5.4375 MB /   0.50 sec =   91.2268 Mbps     0 retrans     13 KB-cwnd
[2024-05-27 14:31:24.768388]     4.6875 MB /   0.50 sec =   78.6457 Mbps     0 retrans     13 KB-cwnd
[2024-05-27 14:31:25.268474]     6.0000 MB /   0.50 sec =  100.6571 Mbps     0 retrans     13 KB-cwnd
[2024-05-27 14:31:25.768795]     6.5625 MB /   0.50 sec =  110.0340 Mbps     0 retrans     13 KB-cwnd
[2024-05-27 14:31:26.268586]     6.0625 MB /   0.50 sec =  101.7729 Mbps     0 retrans     13 KB-cwnd
[2024-05-27 14:31:26.768486]     6.1250 MB /   0.50 sec =  102.7586 Mbps     0 retrans     13 KB-cwnd
[2024-05-27 14:31:27.268511]     6.3125 MB /   0.50 sec =  105.9030 Mbps     0 retrans     13 KB-cwnd
[2024-05-27 14:31:27.768456]     5.9375 MB /   0.50 sec =   99.6215 Mbps     0 retrans     13 KB-cwnd
[2024-05-27 14:31:28.268406]     6.0000 MB /   0.50 sec =  100.6635 Mbps     0 retrans     13 KB-cwnd
[2024-05-27 14:31:28.768497]     6.2500 MB /   0.50 sec =  104.8538 Mbps     0 retrans     13 KB-cwnd
[2024-05-27 14:31:29.268484]     6.3125 MB /   0.50 sec =  105.9062 Mbps     0 retrans     16 KB-cwnd
[2024-05-27 14:31:29.768344]     6.5000 MB /   0.50 sec =  109.0643 Mbps     0 retrans     16 KB-cwnd
[2024-05-27 14:31:30.268487]     6.8125 MB /   0.50 sec =  114.2818 Mbps     0 retrans     16 KB-cwnd
[2024-05-27 14:31:30.768635]     6.4375 MB /   0.50 sec =  108.0042 Mbps     0 retrans     16 KB-cwnd
[2024-05-27 14:31:31.268554]     6.3750 MB /   0.50 sec =  106.9372 Mbps     0 retrans     16 KB-cwnd
[2024-05-27 14:31:31.768388]     4.8125 MB /   0.50 sec =   80.7578 Mbps     0 retrans     26 KB-cwnd
[2024-05-27 14:31:32.268494]     3.5625 MB /   0.50 sec =   59.7655 Mbps     0 retrans     26 KB-cwnd
[2024-05-27 14:31:32.768485]     5.9375 MB /   0.50 sec =   99.6191 Mbps     0 retrans     26 KB-cwnd
[2024-05-27 14:31:33.268553]     3.4375 MB /   0.50 sec =   57.6638 Mbps     0 retrans     26 KB-cwnd
[2024-05-27 14:31:33.768512]     4.8125 MB /   0.50 sec =   80.7460 Mbps     0 retrans     26 KB-cwnd
[2024-05-27 14:31:34.268375]     3.8750 MB /   0.50 sec =   65.0178 Mbps     0 retrans     26 KB-cwnd
[2024-05-27 14:31:34.768556]     9.8125 MB /   0.50 sec =  164.6093 Mbps     0 retrans     26 KB-cwnd
[2024-05-27 14:31:35.268548]     6.3750 MB /   0.50 sec =  106.9518 Mbps     0 retrans     26 KB-cwnd
[2024-05-27 14:31:35.768525]     5.7500 MB /   0.50 sec =   96.4757 Mbps     0 retrans     26 KB-cwnd
[2024-05-27 14:31:36.268480]     6.0625 MB /   0.50 sec =  101.7123 Mbps     0 retrans     26 KB-cwnd
[2024-05-27 14:31:36.768683]     5.3750 MB /   0.50 sec =   90.1763 Mbps     0 retrans     26 KB-cwnd
[2024-05-27 14:31:37.268503]     6.6250 MB /   0.50 sec =  111.1288 Mbps     0 retrans     26 KB-cwnd
[2024-05-27 14:31:37.768593]     6.6250 MB /   0.50 sec =  111.1317 Mbps     0 retrans     26 KB-cwnd
[2024-05-27 14:31:38.268514]     3.9375 MB /   0.50 sec =   66.0832 Mbps     0 retrans     26 KB-cwnd
[2024-05-27 14:31:38.768511]     6.0000 MB /   0.50 sec =  100.6627 Mbps     0 retrans     26 KB-cwnd
[2024-05-27 14:31:39.268482]     5.9375 MB /   0.50 sec =   99.6167 Mbps     0 retrans     26 KB-cwnd
[2024-05-27 14:31:39.768491]     7.0000 MB /   0.50 sec =  117.4400 Mbps     0 retrans     26 KB-cwnd
[2024-05-27 14:31:40.268543]     5.6875 MB /   0.50 sec =   95.4111 Mbps     0 retrans     26 KB-cwnd
[2024-05-27 14:31:40.768519]     5.3125 MB /   0.50 sec =   89.1361 Mbps     0 retrans     26 KB-cwnd
[2024-05-27 14:31:41.268388]     4.3750 MB /   0.50 sec =   73.4060 Mbps     0 retrans     26 KB-cwnd
[2024-05-27 14:31:41.768519]     6.9375 MB /   0.50 sec =  116.3843 Mbps     0 retrans     26 KB-cwnd
[2024-05-27 14:31:42.268476]     3.6250 MB /   0.50 sec =   60.8157 Mbps     0 retrans     26 KB-cwnd
[2024-05-27 14:31:42.768871]     4.0625 MB /   0.50 sec =   68.1119 Mbps     0 retrans     32 KB-cwnd
[2024-05-27 14:31:43.268857]     4.9375 MB /   0.50 sec =   82.8852 Mbps     0 retrans     32 KB-cwnd
[2024-05-27 14:31:43.768541]     3.9375 MB /   0.50 sec =   66.0664 Mbps     0 retrans     32 KB-cwnd
[2024-05-27 14:31:44.268422]     7.0000 MB /   0.50 sec =  117.4471 Mbps     0 retrans     32 KB-cwnd
[2024-05-27 14:31:44.768357]     5.8125 MB /   0.50 sec =   97.5224 Mbps     0 retrans     32 KB-cwnd
[2024-05-27 14:31:45.268640]     6.4375 MB /   0.50 sec =  107.9902 Mbps     0 retrans     32 KB-cwnd
[2024-05-27 14:31:45.768555]     4.5000 MB /   0.50 sec =   75.4905 Mbps     0 retrans     36 KB-cwnd
[2024-05-27 14:31:46.268844]     4.9375 MB /   0.50 sec =   82.7925 Mbps     0 retrans     36 KB-cwnd
[2024-05-27 14:31:46.768625]     4.6875 MB /   0.50 sec =   78.6789 Mbps     0 retrans     36 KB-cwnd
[2024-05-27 14:31:47.268451]     8.6250 MB /   0.50 sec =  144.7411 Mbps     0 retrans     36 KB-cwnd
[2024-05-27 14:31:47.768516]     4.8750 MB /   0.50 sec =   81.7778 Mbps     0 retrans     36 KB-cwnd
[2024-05-27 14:31:48.268465]     6.0625 MB /   0.50 sec =  101.7237 Mbps     0 retrans     37 KB-cwnd
[2024-05-27 14:31:48.768435]     5.7500 MB /   0.50 sec =   96.4721 Mbps     0 retrans     37 KB-cwnd
[2024-05-27 14:31:49.268586]     5.6875 MB /   0.50 sec =   95.3985 Mbps     0 retrans     37 KB-cwnd
[2024-05-27 14:31:49.768576]     3.3750 MB /   0.50 sec =   56.6342 Mbps     0 retrans     40 KB-cwnd
[2024-05-27 14:31:50.268507]     5.7500 MB /   0.50 sec =   96.4603 Mbps  4577 retrans   1738 KB-cwnd
[2024-05-27 14:31:50.768678]     6.3125 MB /   0.50 sec =  105.8822 Mbps     0 retrans   1738 KB-cwnd
[2024-05-27 14:31:51.268609]     4.8125 MB /   0.50 sec =   80.7478 Mbps     0 retrans   1738 KB-cwnd
[2024-05-27 14:31:51.768449]     7.6250 MB /   0.50 sec =  127.9577 Mbps     0 retrans   1738 KB-cwnd
[2024-05-27 14:31:52.268610]     5.7500 MB /   0.50 sec =   96.4449 Mbps     0 retrans   1738 KB-cwnd
[2024-05-27 14:31:52.769362]     5.0000 MB /   0.50 sec =   83.7588 Mbps     0 retrans   1738 KB-cwnd
[2024-05-27 14:31:53.268441]     6.8125 MB /   0.50 sec =  114.4984 Mbps     0 retrans   1738 KB-cwnd
[2024-05-27 14:31:53.768608]     4.8750 MB /   0.50 sec =   81.7690 Mbps     0 retrans   1738 KB-cwnd
[2024-05-27 14:31:54.268501]     4.2500 MB /   0.50 sec =   71.3116 Mbps     0 retrans   1738 KB-cwnd
[2024-05-27 14:31:54.768443]     4.1250 MB /   0.50 sec =   69.2142 Mbps     0 retrans   1738 KB-cwnd
[2024-05-27 14:31:55.268419]     3.0625 MB /   0.50 sec =   51.3773 Mbps     0 retrans   1738 KB-cwnd
[2024-05-27 14:31:55.769788]     7.8750 MB /   0.50 sec =  131.8848 Mbps     0 retrans   1738 KB-cwnd
[2024-05-27 14:31:56.268996]     4.3125 MB /   0.50 sec =   72.4111 Mbps     0 retrans   1738 KB-cwnd
[2024-05-27 14:31:56.768489]     4.2500 MB /   0.50 sec =   71.3730 Mbps     0 retrans   1738 KB-cwnd
[2024-05-27 14:31:57.268604]     6.5000 MB /   0.50 sec =  109.0316 Mbps     0 retrans   1738 KB-cwnd
[2024-05-27 14:31:57.768701]     5.2500 MB /   0.50 sec =   88.0698 Mbps     0 retrans   1738 KB-cwnd
[2024-05-27 14:31:58.268445]     4.5000 MB /   0.50 sec =   75.5241 Mbps     0 retrans   1738 KB-cwnd
[2024-05-27 14:31:58.769420]     5.3125 MB /   0.50 sec =   88.9630 Mbps     0 retrans   1738 KB-cwnd
[2024-05-27 14:31:59.268482]     6.3125 MB /   0.50 sec =  106.1010 Mbps     0 retrans   1738 KB-cwnd
[2024-05-27 14:31:59.768767]     4.0625 MB /   0.50 sec =   68.1448 Mbps     0 retrans   1738 KB-cwnd
[2024-05-27 14:32:00.268609]     4.1875 MB /   0.50 sec =   70.2518 Mbps     0 retrans   1738 KB-cwnd
[2024-05-27 14:32:00.768797]     5.5000 MB /   0.50 sec =   92.2557 Mbps     0 retrans   1738 KB-cwnd
[2024-05-27 14:32:01.269823]     1.5000 MB /   0.50 sec =   25.1122 Mbps     0 retrans   1738 KB-cwnd
[2024-05-27 14:32:01.768581]     1.0625 MB /   0.50 sec =   17.8684 Mbps     0 retrans   1738 KB-cwnd
[2024-05-27 14:32:02.268540]     5.4375 MB /   0.50 sec =   91.2372 Mbps     0 retrans   1749 KB-cwnd
[2024-05-27 14:32:02.768812]     1.6250 MB /   0.50 sec =   27.2544 Mbps     0 retrans   1749 KB-cwnd
[2024-05-27 14:32:03.268946]     4.4375 MB /   0.50 sec =   74.4702 Mbps     0 retrans   1749 KB-cwnd
[2024-05-27 14:32:03.768476]     3.5625 MB /   0.50 sec =   59.7750 Mbps     0 retrans   1749 KB-cwnd
[2024-05-27 14:32:04.268454]     1.8125 MB /   0.50 sec =   30.4085 Mbps     0 retrans   1749 KB-cwnd
[2024-05-27 14:32:04.768478]     3.7500 MB /   0.50 sec =   62.9146 Mbps     0 retrans   1749 KB-cwnd
[2024-05-27 14:32:05.268463]     4.0000 MB /   0.50 sec =   67.1091 Mbps     0 retrans   1749 KB-cwnd
[2024-05-27 14:32:05.768436]     5.6250 MB /   0.50 sec =   94.3745 Mbps  3197 retrans   2021 KB-cwnd
[2024-05-27 14:32:06.268483]     3.0625 MB /   0.50 sec =   51.3793 Mbps     0 retrans   2021 KB-cwnd
[2024-05-27 14:32:06.768521]     3.5625 MB /   0.50 sec =   59.7629 Mbps     0 retrans   2021 KB-cwnd
[2024-05-27 14:32:07.268458]     3.1875 MB /   0.50 sec =   53.4836 Mbps     0 retrans   2021 KB-cwnd
[2024-05-27 14:32:07.768589]     3.8750 MB /   0.50 sec =   65.0116 Mbps     0 retrans   2021 KB-cwnd
[2024-05-27 14:32:08.268511]     4.8125 MB /   0.50 sec =   80.7303 Mbps     0 retrans   2021 KB-cwnd
[2024-05-27 14:32:08.768468]     3.1250 MB /   0.50 sec =   52.4329 Mbps     0 retrans   2021 KB-cwnd
[2024-05-27 14:32:09.268359]     3.6250 MB /   0.50 sec =   60.8224 Mbps     0 retrans   2021 KB-cwnd
[2024-05-27 14:32:09.768852]     5.1875 MB /   0.50 sec =   86.9641 Mbps     0 retrans   2021 KB-cwnd
[2024-05-27 14:32:10.268544]     3.8125 MB /   0.50 sec =   63.9988 Mbps     0 retrans   2021 KB-cwnd
[2024-05-27 14:32:10.768463]     5.7500 MB /   0.50 sec =   96.4811 Mbps     0 retrans   2021 KB-cwnd
[2024-05-27 14:32:11.268544]     4.6875 MB /   0.50 sec =   78.6478 Mbps     0 retrans   2021 KB-cwnd
[2024-05-27 14:32:11.768454]     4.6250 MB /   0.50 sec =   77.5935 Mbps     0 retrans   2021 KB-cwnd
[2024-05-27 14:32:12.269411]     4.8125 MB /   0.50 sec =   80.5880 Mbps     0 retrans   2021 KB-cwnd
[2024-05-27 14:32:12.768715]     5.4375 MB /   0.50 sec =   91.3785 Mbps     0 retrans   2021 KB-cwnd
[2024-05-27 14:32:13.268652]     4.8750 MB /   0.50 sec =   81.7807 Mbps     0 retrans   2021 KB-cwnd
[2024-05-27 14:32:13.768458]     5.8125 MB /   0.50 sec =   97.5457 Mbps     0 retrans   2021 KB-cwnd
[2024-05-27 14:32:14.268428]     4.9375 MB /   0.50 sec =   82.8416 Mbps     0 retrans   2021 KB-cwnd
[2024-05-27 14:32:14.768455]     6.0000 MB /   0.50 sec =  100.6583 Mbps     0 retrans   2021 KB-cwnd
[2024-05-27 14:32:15.268501]     5.2500 MB /   0.50 sec =   88.0735 Mbps     0 retrans   2021 KB-cwnd
[2024-05-27 14:32:15.768496]     3.8125 MB /   0.50 sec =   63.9628 Mbps     0 retrans   2021 KB-cwnd
[2024-05-27 14:32:16.268464]     6.3125 MB /   0.50 sec =  105.9172 Mbps     0 retrans   2021 KB-cwnd
[2024-05-27 14:32:16.768421]     5.0000 MB /   0.50 sec =   83.8881 Mbps     0 retrans   2021 KB-cwnd
[2024-05-27 14:32:17.268431]     5.6875 MB /   0.50 sec =   95.4216 Mbps     0 retrans   2021 KB-cwnd
[2024-05-27 14:32:17.769413]     2.1250 MB /   0.50 sec =   35.5844 Mbps     0 retrans   2021 KB-cwnd
[2024-05-27 14:32:18.268442]     8.1250 MB /   0.50 sec =  136.5700 Mbps     0 retrans   2021 KB-cwnd
[2024-05-27 14:32:18.768590]     3.3750 MB /   0.50 sec =   56.6085 Mbps     0 retrans   2021 KB-cwnd
[2024-05-27 14:32:19.268574]     7.1875 MB /   0.50 sec =  120.6176 Mbps     0 retrans   2021 KB-cwnd
[2024-05-27 14:32:19.768459]     5.3750 MB /   0.50 sec =   90.1757 Mbps     0 retrans   2021 KB-cwnd
[2024-05-27 14:32:20.268424]     5.1875 MB /   0.50 sec =   87.0339 Mbps  6293 retrans   1792 KB-cwnd
[2024-05-27 14:32:20.769403]     3.5625 MB /   0.50 sec =   59.6564 Mbps     0 retrans   1792 KB-cwnd
[2024-05-27 14:32:21.268443]     6.0625 MB /   0.50 sec =  101.9032 Mbps     0 retrans   1792 KB-cwnd
[2024-05-27 14:32:21.768433]     4.0000 MB /   0.50 sec =   67.1094 Mbps     0 retrans   1768 KB-cwnd
[2024-05-27 14:32:22.268446]     3.7500 MB /   0.50 sec =   62.9147 Mbps     0 retrans   1768 KB-cwnd
[2024-05-27 14:32:22.768425]     5.3125 MB /   0.50 sec =   89.1291 Mbps     0 retrans   1768 KB-cwnd
[2024-05-27 14:32:23.268454]     5.3750 MB /   0.50 sec =   90.1761 Mbps     0 retrans   1768 KB-cwnd
[2024-05-27 14:32:23.768433]     4.3125 MB /   0.50 sec =   72.3525 Mbps     0 retrans   1768 KB-cwnd
[2024-05-27 14:32:24.268434]     4.8125 MB /   0.50 sec =   80.7394 Mbps     0 retrans   1768 KB-cwnd
[2024-05-27 14:32:24.768508]     5.8125 MB /   0.50 sec =   97.5066 Mbps     0 retrans   1768 KB-cwnd
[2024-05-27 14:32:25.268442]     1.8125 MB /   0.50 sec =   30.4125 Mbps     0 retrans   1768 KB-cwnd
[2024-05-27 14:32:25.768429]     6.0625 MB /   0.50 sec =  101.7119 Mbps     0 retrans   1768 KB-cwnd
[2024-05-27 14:32:26.268464]     3.0000 MB /   0.50 sec =   50.3297 Mbps     0 retrans   1768 KB-cwnd
[2024-05-27 14:32:26.768560]     7.5000 MB /   0.50 sec =  125.8364 Mbps     0 retrans   1768 KB-cwnd
[2024-05-27 14:32:27.268769]     4.9375 MB /   0.50 sec =   82.7804 Mbps     0 retrans   1768 KB-cwnd
[2024-05-27 14:32:27.768428]     4.4375 MB /   0.50 sec =   74.4997 Mbps     0 retrans   1768 KB-cwnd
[2024-05-27 14:32:28.268570]     4.6875 MB /   0.50 sec =   78.6262 Mbps     0 retrans   1768 KB-cwnd
[2024-05-27 14:32:28.768473]     4.6875 MB /   0.50 sec =   78.6552 Mbps     0 retrans   1768 KB-cwnd
[2024-05-27 14:32:29.268613]     4.1250 MB /   0.50 sec =   69.2092 Mbps     0 retrans   1768 KB-cwnd
[2024-05-27 14:32:29.768431]     6.6250 MB /   0.50 sec =  111.1499 Mbps     0 retrans   1768 KB-cwnd
[2024-05-27 14:32:30.268856]     6.1250 MB /   0.50 sec =  102.6832 Mbps     0 retrans   1768 KB-cwnd
[2024-05-27 14:32:30.768495]     4.4375 MB /   0.50 sec =   74.4967 Mbps     0 retrans   1768 KB-cwnd
[2024-05-27 14:32:31.268434]     4.7500 MB /   0.50 sec =   79.6943 Mbps     0 retrans   1768 KB-cwnd
[2024-05-27 14:32:31.768525]     4.6875 MB /   0.50 sec =   78.6487 Mbps     1 retrans   1768 KB-cwnd
[2024-05-27 14:32:32.268431]     6.1875 MB /   0.50 sec =  103.8088 Mbps     0 retrans   1768 KB-cwnd
[2024-05-27 14:32:32.769404]     3.8750 MB /   0.50 sec =   64.8898 Mbps     0 retrans   1768 KB-cwnd
[2024-05-27 14:32:33.268435]     5.8125 MB /   0.50 sec =   97.7016 Mbps     1 retrans   1768 KB-cwnd
[2024-05-27 14:32:33.768440]     3.8750 MB /   0.50 sec =   65.0113 Mbps     1 retrans   1768 KB-cwnd
[2024-05-27 14:32:34.268406]     3.0625 MB /   0.50 sec =   51.3811 Mbps     0 retrans   1768 KB-cwnd
[2024-05-27 14:32:34.768519]     4.7500 MB /   0.50 sec =   79.6800 Mbps     0 retrans   1768 KB-cwnd
[2024-05-27 14:32:35.268448]     4.6250 MB /   0.50 sec =   77.6047 Mbps  5458 retrans   1830 KB-cwnd
[2024-05-27 14:32:35.768453]     4.1250 MB /   0.50 sec =   69.2041 Mbps     0 retrans   1830 KB-cwnd
[2024-05-27 14:32:36.268590]     5.0625 MB /   0.50 sec =   84.9144 Mbps     0 retrans   1830 KB-cwnd
[2024-05-27 14:32:36.769473]     3.6250 MB /   0.50 sec =   60.7147 Mbps     0 retrans   1857 KB-cwnd
[2024-05-27 14:32:37.268440]     5.1250 MB /   0.50 sec =   86.1519 Mbps     0 retrans   1857 KB-cwnd
[2024-05-27 14:32:37.768882]     4.6250 MB /   0.50 sec =   77.5893 Mbps     0 retrans   1857 KB-cwnd
[2024-05-27 14:32:38.268768]     5.5625 MB /   0.50 sec =   93.2688 Mbps     0 retrans   1904 KB-cwnd
[2024-05-27 14:32:38.768862]     4.4375 MB /   0.50 sec =   74.4374 Mbps     0 retrans   1904 KB-cwnd
[2024-05-27 14:32:39.268507]     6.3750 MB /   0.50 sec =  107.0292 Mbps     0 retrans   1904 KB-cwnd
[2024-05-27 14:32:39.768437]     5.8125 MB /   0.50 sec =   97.5287 Mbps     0 retrans   1859 KB-cwnd
[2024-05-27 14:32:40.268578]     5.7500 MB /   0.50 sec =   96.4676 Mbps     0 retrans   1859 KB-cwnd
[2024-05-27 14:32:40.768449]     5.2500 MB /   0.50 sec =   88.0811 Mbps     0 retrans   1859 KB-cwnd
[2024-05-27 14:32:41.268461]     5.8125 MB /   0.50 sec =   97.5180 Mbps     0 retrans   1859 KB-cwnd
[2024-05-27 14:32:41.768446]     5.8125 MB /   0.50 sec =   97.5187 Mbps     0 retrans   1859 KB-cwnd
[2024-05-27 14:32:42.268435]     2.5625 MB /   0.50 sec =   42.9914 Mbps     0 retrans   1859 KB-cwnd
[2024-05-27 14:32:42.768528]     5.1875 MB /   0.50 sec =   87.0170 Mbps     0 retrans   1859 KB-cwnd
[2024-05-27 14:32:43.268414]     5.0000 MB /   0.50 sec =   83.9008 Mbps     0 retrans   1859 KB-cwnd
[2024-05-27 14:32:43.768781]     6.0625 MB /   0.50 sec =  101.6430 Mbps     0 retrans   1859 KB-cwnd
[2024-05-27 14:32:44.268426]     5.7500 MB /   0.50 sec =   96.5339 Mbps     0 retrans   1859 KB-cwnd
[2024-05-27 14:32:44.768457]     6.0000 MB /   0.50 sec =  100.6625 Mbps     0 retrans   1859 KB-cwnd
[2024-05-27 14:32:45.268441]     5.6875 MB /   0.50 sec =   95.4219 Mbps     0 retrans   1859 KB-cwnd
[2024-05-27 14:32:45.768421]     6.3750 MB /   0.50 sec =  106.9548 Mbps     0 retrans   1859 KB-cwnd
[2024-05-27 14:32:46.268444]     6.3750 MB /   0.50 sec =  106.9539 Mbps     0 retrans   1859 KB-cwnd
[2024-05-27 14:32:46.769399]     5.9375 MB /   0.50 sec =   99.4298 Mbps     0 retrans   1859 KB-cwnd
[2024-05-27 14:32:47.268430]     8.0625 MB /   0.50 sec =  135.5197 Mbps     0 retrans   1859 KB-cwnd
[2024-05-27 14:32:47.769383]     6.1250 MB /   0.50 sec =  102.5697 Mbps     0 retrans   1859 KB-cwnd
[2024-05-27 14:32:48.268608]     6.5000 MB /   0.50 sec =  109.2234 Mbps  1720 retrans   2598 KB-cwnd
[2024-05-27 14:32:48.768399]     7.7500 MB /   0.50 sec =  130.0619 Mbps     0 retrans   2598 KB-cwnd
[2024-05-27 14:32:49.268492]     7.7500 MB /   0.50 sec =  130.0073 Mbps     0 retrans   2598 KB-cwnd
[2024-05-27 14:32:49.768592]     6.2500 MB /   0.50 sec =  104.8425 Mbps     0 retrans   2598 KB-cwnd
[2024-05-27 14:32:50.268637]     7.4375 MB /   0.50 sec =  124.7943 Mbps     0 retrans   2598 KB-cwnd
[2024-05-27 14:32:50.768602]     5.1250 MB /   0.50 sec =   85.9913 Mbps     0 retrans   2598 KB-cwnd
[2024-05-27 14:32:51.268546]     6.8750 MB /   0.50 sec =  115.3279 Mbps     0 retrans   2598 KB-cwnd
[2024-05-27 14:32:51.768522]     6.1875 MB /   0.50 sec =  103.8144 Mbps     0 retrans   2598 KB-cwnd
[2024-05-27 14:32:52.268593]     4.0625 MB /   0.50 sec =   68.1482 Mbps     0 retrans   2598 KB-cwnd
[2024-05-27 14:32:52.768607]     6.5000 MB /   0.50 sec =  109.0489 Mbps     0 retrans   2598 KB-cwnd
[2024-05-27 14:32:53.268561]     6.9375 MB /   0.50 sec =  116.4052 Mbps     0 retrans   2598 KB-cwnd
[2024-05-27 14:32:53.769396]     4.6875 MB /   0.50 sec =   78.5126 Mbps     0 retrans   2598 KB-cwnd
[2024-05-27 14:32:54.268522]     6.7500 MB /   0.50 sec =  113.4352 Mbps     0 retrans   2598 KB-cwnd
[2024-05-27 14:32:54.768452]     7.3125 MB /   0.50 sec =  122.7050 Mbps     0 retrans   2598 KB-cwnd
[2024-05-27 14:32:55.268421]     2.6250 MB /   0.50 sec =   44.0405 Mbps     0 retrans   2598 KB-cwnd
[2024-05-27 14:32:55.768483]     5.8750 MB /   0.50 sec =   98.5551 Mbps     0 retrans   2598 KB-cwnd
[2024-05-27 14:32:56.268436]     5.3750 MB /   0.50 sec =   90.1871 Mbps     0 retrans   2598 KB-cwnd
[2024-05-27 14:32:56.768444]     4.9375 MB /   0.50 sec =   82.8375 Mbps     0 retrans   2598 KB-cwnd
[2024-05-27 14:32:57.268420]     5.0000 MB /   0.50 sec =   83.8869 Mbps     0 retrans   2598 KB-cwnd
[2024-05-27 14:32:57.768583]     4.6250 MB /   0.50 sec =   77.5925 Mbps     0 retrans   2598 KB-cwnd
[2024-05-27 14:32:58.268445]     4.8750 MB /   0.50 sec =   81.7897 Mbps     0 retrans   2598 KB-cwnd
[2024-05-27 14:32:58.768436]     5.5625 MB /   0.50 sec =   93.3240 Mbps     0 retrans   2598 KB-cwnd
[2024-05-27 14:32:59.268501]     5.7500 MB /   0.50 sec =   96.4588 Mbps     0 retrans   2598 KB-cwnd
[2024-05-27 14:32:59.768415]     5.8750 MB /   0.50 sec =   98.5807 Mbps     0 retrans   2598 KB-cwnd
[2024-05-27 14:33:00.268445]     4.6875 MB /   0.50 sec =   78.6377 Mbps  3574 retrans   1370 KB-cwnd
[2024-05-27 14:33:00.768611]     5.6250 MB /   0.50 sec =   94.3339 Mbps     0 retrans   1370 KB-cwnd
[2024-05-27 14:33:01.268746]     6.5625 MB /   0.50 sec =  110.0815 Mbps     0 retrans   1370 KB-cwnd
[2024-05-27 14:33:01.768514]     3.5000 MB /   0.50 sec =   58.7532 Mbps     0 retrans   1370 KB-cwnd
[2024-05-27 14:33:02.268597]     7.0000 MB /   0.50 sec =  117.4152 Mbps     0 retrans   1370 KB-cwnd
[2024-05-27 14:33:02.768430]     6.8750 MB /   0.50 sec =  115.3731 Mbps     0 retrans   1370 KB-cwnd
[2024-05-27 14:33:03.268582]     5.9375 MB /   0.50 sec =   99.6131 Mbps     0 retrans   1370 KB-cwnd
[2024-05-27 14:33:03.769404]     5.3750 MB /   0.50 sec =   90.0126 Mbps     0 retrans   1370 KB-cwnd
[2024-05-27 14:33:04.268958]     5.0000 MB /   0.50 sec =   83.9638 Mbps     0 retrans   1370 KB-cwnd
[2024-05-27 14:33:04.768420]     6.3125 MB /   0.50 sec =  106.0052 Mbps     0 retrans   1378 KB-cwnd
[2024-05-27 14:33:05.268598]     4.9375 MB /   0.50 sec =   82.8166 Mbps     0 retrans   1378 KB-cwnd
[2024-05-27 14:33:05.768479]     2.3125 MB /   0.50 sec =   38.8031 Mbps     0 retrans   1378 KB-cwnd
[2024-05-27 14:33:06.269503]     4.6250 MB /   0.50 sec =   77.4452 Mbps     0 retrans   1378 KB-cwnd
[2024-05-27 14:33:06.768430]     3.7500 MB /   0.50 sec =   63.0413 Mbps     0 retrans   1378 KB-cwnd
[2024-05-27 14:33:07.268626]     6.6875 MB /   0.50 sec =  112.1656 Mbps     0 retrans   1378 KB-cwnd
[2024-05-27 14:33:07.768461]     6.5000 MB /   0.50 sec =  109.0827 Mbps     0 retrans   1378 KB-cwnd
[2024-05-27 14:33:08.268443]     5.6250 MB /   0.50 sec =   94.3722 Mbps     0 retrans   1378 KB-cwnd
[2024-05-27 14:33:08.768516]     5.9375 MB /   0.50 sec =   99.6022 Mbps     0 retrans   1378 KB-cwnd
[2024-05-27 14:33:09.268967]     5.4375 MB /   0.50 sec =   91.1716 Mbps     0 retrans   1378 KB-cwnd
[2024-05-27 14:33:09.768459]     5.8125 MB /   0.50 sec =   97.5892 Mbps     0 retrans   1378 KB-cwnd
[2024-05-27 14:33:10.268417]     5.7500 MB /   0.50 sec =   96.4698 Mbps     0 retrans   1378 KB-cwnd
[2024-05-27 14:33:10.768458]     5.8125 MB /   0.50 sec =   97.5160 Mbps     0 retrans   1378 KB-cwnd
[2024-05-27 14:33:11.268449]     4.6250 MB /   0.50 sec =   77.5934 Mbps     0 retrans   1378 KB-cwnd
[2024-05-27 14:33:11.768465]     7.0000 MB /   0.50 sec =  117.4431 Mbps     0 retrans   1378 KB-cwnd
[2024-05-27 14:33:12.268419]     5.6875 MB /   0.50 sec =   95.4219 Mbps     0 retrans   1378 KB-cwnd
[2024-05-27 14:33:12.768432]     5.9375 MB /   0.50 sec =   99.6151 Mbps  1946 retrans   2018 KB-cwnd
[2024-05-27 14:33:13.268465]     5.1875 MB /   0.50 sec =   87.0273 Mbps     0 retrans   2018 KB-cwnd
[2024-05-27 14:33:13.768572]     5.6250 MB /   0.50 sec =   94.3558 Mbps     0 retrans   2018 KB-cwnd
[2024-05-27 14:33:14.268501]     8.7500 MB /   0.50 sec =  146.8233 Mbps     0 retrans   2018 KB-cwnd
[2024-05-27 14:33:14.768561]     5.9375 MB /   0.50 sec =   99.6012 Mbps     0 retrans   2018 KB-cwnd
[2024-05-27 14:33:15.268993]     4.3750 MB /   0.50 sec =   73.3403 Mbps     0 retrans   2018 KB-cwnd
[2024-05-27 14:33:15.768424]     8.5625 MB /   0.50 sec =  143.8007 Mbps     0 retrans   2018 KB-cwnd
[2024-05-27 14:33:16.268671]     5.1250 MB /   0.50 sec =   85.9528 Mbps     0 retrans   2018 KB-cwnd
[2024-05-27 14:33:16.768739]     5.6250 MB /   0.50 sec =   94.3679 Mbps     0 retrans   2018 KB-cwnd
[2024-05-27 14:33:17.268582]     8.5000 MB /   0.50 sec =  142.6357 Mbps     0 retrans   2018 KB-cwnd
[2024-05-27 14:33:17.768419]     6.9375 MB /   0.50 sec =  116.4145 Mbps     0 retrans   2018 KB-cwnd
[2024-05-27 14:33:18.268531]     6.5000 MB /   0.50 sec =  109.0379 Mbps     0 retrans   2018 KB-cwnd
[2024-05-27 14:33:18.768431]     6.9375 MB /   0.50 sec =  116.4066 Mbps     0 retrans   2018 KB-cwnd
[2024-05-27 14:33:19.268455]     7.1250 MB /   0.50 sec =  119.5324 Mbps     0 retrans   2018 KB-cwnd
[2024-05-27 14:33:19.768444]     6.4375 MB /   0.50 sec =  108.0064 Mbps     0 retrans   2018 KB-cwnd
[2024-05-27 14:33:20.268430]     6.3750 MB /   0.50 sec =  106.9552 Mbps     0 retrans   2018 KB-cwnd
[2024-05-27 14:33:20.768477]     6.7500 MB /   0.50 sec =  113.2444 Mbps     0 retrans   2018 KB-cwnd
[2024-05-27 14:33:21.268395]     6.7500 MB /   0.50 sec =  113.2512 Mbps     0 retrans   2018 KB-cwnd
[2024-05-27 14:33:21.768862]     6.6875 MB /   0.50 sec =  112.1039 Mbps     0 retrans   2018 KB-cwnd
[2024-05-27 14:33:22.268860]     5.3750 MB /   0.50 sec =   90.1799 Mbps     0 retrans   2018 KB-cwnd
[2024-05-27 14:33:22.768486]     5.5000 MB /   0.50 sec =   92.3410 Mbps     0 retrans   2018 KB-cwnd
[2024-05-27 14:33:23.268576]     4.1875 MB /   0.50 sec =   70.2435 Mbps     0 retrans   2018 KB-cwnd
[2024-05-27 14:33:23.769443]     6.5000 MB /   0.50 sec =  108.8640 Mbps  5102 retrans   1693 KB-cwnd
[2024-05-27 14:33:24.268427]     7.2500 MB /   0.50 sec =  121.8739 Mbps     0 retrans   1693 KB-cwnd
[2024-05-27 14:33:24.768576]     6.0625 MB /   0.50 sec =  101.7104 Mbps     0 retrans   1693 KB-cwnd
[2024-05-27 14:33:25.268481]     4.0625 MB /   0.50 sec =   68.1540 Mbps     0 retrans   1693 KB-cwnd
[2024-05-27 14:33:25.769464]     5.1250 MB /   0.50 sec =   85.8185 Mbps     0 retrans   1693 KB-cwnd
[2024-05-27 14:33:26.268498]     7.4375 MB /   0.50 sec =  125.0186 Mbps     0 retrans   1146 KB-cwnd
[2024-05-27 14:33:26.768480]     6.3125 MB /   0.50 sec =  105.9113 Mbps     0 retrans   1146 KB-cwnd
[2024-05-27 14:33:27.268465]     6.8750 MB /   0.50 sec =  115.3436 Mbps     0 retrans   1146 KB-cwnd
[2024-05-27 14:33:27.768458]     5.4375 MB /   0.50 sec =   91.2243 Mbps     3 retrans   1139 KB-cwnd
[2024-05-27 14:33:28.268506]     7.6875 MB /   0.50 sec =  128.9625 Mbps     0 retrans   1139 KB-cwnd
[2024-05-27 14:33:28.768436]     7.1250 MB /   0.50 sec =  119.5534 Mbps     3 retrans   1138 KB-cwnd
[2024-05-27 14:33:29.268475]     6.8750 MB /   0.50 sec =  115.3424 Mbps     5 retrans   1138 KB-cwnd
End time: 1716834809488
