Start time: 1717015396519
[2024-05-29 16:43:40.323680] Connecting to host 35.245.244.238, port 5202
[2024-05-29 16:43:40.324282] Reverse mode, remote host 35.245.244.238 is sending
[2024-05-29 16:43:40.324325] [  5] local 10.47.67.187 port 40024 connected to 35.245.244.238 port 5202
[2024-05-29 16:43:40.324353] [ ID] Interval           Transfer     Bitrate         Jitter    Lost/Total Datagrams
[2024-05-29 16:43:40.324379] [  5]   0.00-0.50   sec  6.75 MBytes   113 Mbits/sec  0.223 ms  6022/11080 (54%)  
[2024-05-29 16:43:40.324403] [  5]   0.50-1.00   sec  9.81 MBytes   164 Mbits/sec  0.936 ms  22070/29415 (75%)  
[2024-05-29 16:43:40.324426] [  5]   1.00-1.50   sec  16.2 MBytes   271 Mbits/sec  0.115 ms  4832/16939 (29%)  
[2024-05-29 16:43:40.324450] [  5]   1.50-2.00   sec  16.4 MBytes   275 Mbits/sec  0.071 ms  4405/16689 (26%)  
[2024-05-29 16:43:40.324474] [  5]   2.00-2.50   sec  12.7 MBytes   214 Mbits/sec  0.098 ms  10783/20319 (53%)  
[2024-05-29 16:43:40.324497] [  5]   2.50-3.00   sec  7.21 MBytes   121 Mbits/sec  0.217 ms  17601/23002 (77%)  
[2024-05-29 16:43:40.324523] [  5]   3.00-3.50   sec  6.59 MBytes   110 Mbits/sec  0.202 ms  16682/21615 (77%)  
[2024-05-29 16:43:40.324547] [  5]   3.50-4.00   sec  4.82 MBytes  80.9 Mbits/sec  0.608 ms  16324/19935 (82%)  
[2024-05-29 16:43:40.324570] [  5]   4.00-4.50   sec  2.86 MBytes  47.9 Mbits/sec  0.130 ms  13617/15758 (86%)  
[2024-05-29 16:43:40.324594] [  5]   4.50-5.00   sec   971 KBytes  15.9 Mbits/sec  0.941 ms  21840/22550 (97%)  
[2024-05-29 16:43:40.324617] [  5]   5.00-5.50   sec  1.15 MBytes  19.4 Mbits/sec  1.208 ms  30972/31834 (97%)  
[2024-05-29 16:43:40.324640] [  5]   5.50-6.00   sec  3.60 MBytes  60.4 Mbits/sec  0.110 ms  18946/21643 (88%)  
[2024-05-29 16:43:40.324665] [  5]   6.00-6.50   sec  5.99 MBytes   101 Mbits/sec  0.219 ms  18063/22551 (80%)  
[2024-05-29 16:43:40.324687] [  5]   6.50-7.00   sec  1.31 MBytes  22.0 Mbits/sec  7.453 ms  10129/11112 (91%)  
[2024-05-29 16:43:40.324711] [  5]   7.00-7.50   sec  1.25 MBytes  20.9 Mbits/sec  0.948 ms  20669/21603 (96%)  
[2024-05-29 16:43:40.324734] [  5]   7.50-8.00   sec   492 KBytes  8.07 Mbits/sec  11.159 ms  26333/26693 (99%)  
[2024-05-29 16:43:40.324757] [  5]   8.00-8.50   sec   792 KBytes  12.9 Mbits/sec  0.185 ms  17329/17908 (97%)  
[2024-05-29 16:43:40.324780] [  5]   8.50-9.00   sec  3.73 MBytes  62.7 Mbits/sec  1.285 ms  28580/31375 (91%)  
[2024-05-29 16:43:40.324804] [  5]   9.00-9.50   sec   796 KBytes  13.0 Mbits/sec  0.675 ms  3931/4513 (87%)  
[2024-05-29 16:43:40.324826] [  5]   9.50-10.00  sec  1.11 MBytes  18.6 Mbits/sec  0.071 ms  23188/24020 (97%)  
[2024-05-29 16:43:40.324849] [  5]  10.00-10.50  sec  4.43 MBytes  74.4 Mbits/sec  0.059 ms  38253/41574 (92%)  
[2024-05-29 16:43:40.324871] [  5]  10.50-11.00  sec  4.66 MBytes  78.2 Mbits/sec  0.038 ms  18344/21833 (84%)  
[2024-05-29 16:43:40.324893] [  5]  11.00-11.50  sec  6.25 MBytes   105 Mbits/sec  0.072 ms  17771/22451 (79%)  
[2024-05-29 16:43:40.324915] [  5]  11.50-12.00  sec  2.74 MBytes  46.0 Mbits/sec  5.843 ms  7766/9821 (79%)  
[2024-05-29 16:43:40.324938] [  5]  12.00-12.50  sec   737 KBytes  12.1 Mbits/sec  0.057 ms  7273/7812 (93%)  
[2024-05-29 16:43:40.324961] [  5]  12.50-13.00  sec  3.85 MBytes  64.6 Mbits/sec  0.119 ms  43950/46832 (94%)  
[2024-05-29 16:43:40.324984] [  5]  13.00-13.50  sec  3.22 MBytes  54.0 Mbits/sec  0.385 ms  18032/20441 (88%)  
[2024-05-29 16:43:40.325006] [  5]  13.50-14.00  sec  7.15 MBytes   120 Mbits/sec  0.335 ms  21615/26969 (80%)  
[2024-05-29 16:43:40.325029] [  5]  14.00-14.50  sec  5.32 MBytes  89.2 Mbits/sec  0.128 ms  19047/23028 (83%)  
[2024-05-29 16:43:40.325053] [  5]  14.50-15.00  sec  6.16 MBytes   103 Mbits/sec  0.137 ms  16915/21528 (79%)  
[2024-05-29 16:43:40.325075] [  5]  15.00-15.50  sec  8.23 MBytes   138 Mbits/sec  0.473 ms  16589/22756 (73%)  
[2024-05-29 16:43:40.325098] [  5]  15.50-16.00  sec  6.90 MBytes   116 Mbits/sec  1.644 ms  15322/20493 (75%)  
[2024-05-29 16:43:40.325122] [  5]  16.00-16.50  sec  3.80 MBytes  63.8 Mbits/sec  0.085 ms  20411/23260 (88%)  
[2024-05-29 16:43:40.325165] [  5]  16.50-17.00  sec  8.01 MBytes   134 Mbits/sec  0.020 ms  16474/22470 (73%)  
[2024-05-29 16:43:40.325191] [  5]  17.00-17.50  sec  7.29 MBytes   122 Mbits/sec  0.402 ms  16640/22103 (75%)  
[2024-05-29 16:43:40.325215] [  5]  17.50-18.00  sec  7.40 MBytes   124 Mbits/sec  0.042 ms  17488/23031 (76%)  
[2024-05-29 16:43:40.325238] [  5]  18.00-18.50  sec  7.30 MBytes   122 Mbits/sec  0.090 ms  17328/22795 (76%)  
[2024-05-29 16:43:40.325260] [  5]  18.50-19.00  sec  5.51 MBytes  92.5 Mbits/sec  0.380 ms  14101/18229 (77%)  
[2024-05-29 16:43:40.325282] [  5]  19.00-19.50  sec  6.76 MBytes   113 Mbits/sec  0.040 ms  18866/23930 (79%)  
[2024-05-29 16:43:40.325304] [  5]  19.50-20.00  sec  8.44 MBytes   141 Mbits/sec  0.737 ms  17282/23600 (73%)  
[2024-05-29 16:43:40.325327] [  5]  20.00-20.50  sec  4.67 MBytes  78.3 Mbits/sec  0.073 ms  14729/18225 (81%)  
[2024-05-29 16:43:40.325349] [  5]  20.50-21.00  sec  6.51 MBytes   109 Mbits/sec  0.255 ms  21556/26435 (82%)  
[2024-05-29 16:43:40.325371] [  5]  21.00-21.50  sec  6.51 MBytes   109 Mbits/sec  0.022 ms  15398/20275 (76%)  
[2024-05-29 16:43:40.325393] [  5]  21.50-22.00  sec  4.52 MBytes  75.8 Mbits/sec  0.314 ms  20072/23458 (86%)  
[2024-05-29 16:43:40.325416] [  5]  22.00-22.50  sec  4.40 MBytes  73.7 Mbits/sec  0.104 ms  20661/23953 (86%)  
[2024-05-29 16:44:04.823613] [  5]  22.50-23.00  sec  7.19 MBytes   121 Mbits/sec  0.127 ms  16642/22028 (76%)  
[2024-05-29 16:44:04.824002] [  5]  23.00-23.50  sec  1.42 MBytes  23.8 Mbits/sec  0.131 ms  10861/11924 (91%)  
[2024-05-29 16:44:04.824130] [  5]  23.50-24.00  sec  3.58 MBytes  60.1 Mbits/sec  0.241 ms  29337/32020 (92%)  
[2024-05-29 16:44:04.824238] [  5]  24.00-24.50  sec  2.28 MBytes  38.3 Mbits/sec  0.152 ms  21634/23344 (93%)  
[2024-05-29 16:44:04.824340] [  5]  24.50-25.00  sec  1.54 MBytes  25.8 Mbits/sec  0.084 ms  17860/19012 (94%)  
[2024-05-29 16:44:04.824439] [  5]  25.00-25.50  sec  2.25 MBytes  37.7 Mbits/sec  1.868 ms  17288/18970 (91%)  
[2024-05-29 16:44:04.824539] [  5]  25.50-26.00  sec  2.29 MBytes  38.4 Mbits/sec  0.122 ms  27531/29245 (94%)  
[2024-05-29 16:44:04.824637] [  5]  26.00-26.50  sec  2.67 MBytes  44.8 Mbits/sec  0.163 ms  18359/20360 (90%)  
[2024-05-29 16:44:04.824737] [  5]  26.50-27.00  sec  2.58 MBytes  43.2 Mbits/sec  0.479 ms  20016/21945 (91%)  
[2024-05-29 16:44:04.824834] [  5]  27.00-27.50  sec  2.09 MBytes  35.1 Mbits/sec  0.551 ms  20728/22295 (93%)  
[2024-05-29 16:44:04.824932] [  5]  27.50-28.00  sec  1.78 MBytes  29.8 Mbits/sec  1.237 ms  21256/22588 (94%)  
[2024-05-29 16:44:04.825032] [  5]  28.00-28.50  sec  1.59 MBytes  26.6 Mbits/sec  0.549 ms  23267/24455 (95%)  
[2024-05-29 16:44:04.825130] [  5]  28.50-29.00  sec  1.01 MBytes  17.0 Mbits/sec  1.018 ms  21755/22515 (97%)  
[2024-05-29 16:44:04.825227] [  5]  29.00-29.50  sec  1.13 MBytes  19.0 Mbits/sec  1.633 ms  16768/17618 (95%)  
[2024-05-29 16:44:04.825323] [  5]  29.50-30.00  sec  1.18 MBytes  19.8 Mbits/sec  0.891 ms  21099/21985 (96%)  
[2024-05-29 16:44:04.825420] [  5]  30.00-30.50  sec   611 KBytes  10.0 Mbits/sec  4.766 ms  20529/20976 (98%)  
[2024-05-29 16:44:04.825517] [  5]  30.50-31.00  sec   444 KBytes  7.28 Mbits/sec  0.651 ms  28284/28609 (99%)  
[2024-05-29 16:44:04.825613] [  5]  31.00-31.50  sec   678 KBytes  11.1 Mbits/sec  5.845 ms  21063/21559 (98%)  
[2024-05-29 16:44:04.825712] [  5]  31.50-32.00  sec   252 KBytes  4.12 Mbits/sec  8.561 ms  11968/12152 (98%)  
[2024-05-29 16:44:04.825810] [  5]  32.00-32.50  sec   171 KBytes  2.80 Mbits/sec  3.660 ms  31562/31687 (1e+02%)  
[2024-05-29 16:44:04.825909] [  5]  32.50-33.00  sec   440 KBytes  7.21 Mbits/sec  0.527 ms  23698/24020 (99%)  
[2024-05-29 16:44:04.826007] [  5]  33.00-33.50  sec   416 KBytes  6.81 Mbits/sec  1.351 ms  10637/10941 (97%)  
[2024-05-29 16:44:04.826216] [  5]  33.50-34.00  sec   906 KBytes  14.9 Mbits/sec  1.891 ms  32770/33433 (98%)  
[2024-05-29 16:44:04.826322] [  5]  34.00-34.50  sec   589 KBytes  9.65 Mbits/sec  0.141 ms  9485/9916 (96%)  
[2024-05-29 16:44:04.826423] [  5]  34.50-35.00  sec  11.3 MBytes   190 Mbits/sec  0.032 ms  25232/33707 (75%)  
[2024-05-29 16:44:04.826562] [  5]  35.00-35.50  sec  14.1 MBytes   237 Mbits/sec  0.180 ms  12708/23304 (55%)  
[2024-05-29 16:44:04.826662] [  5]  35.50-36.00  sec  7.24 MBytes   121 Mbits/sec  0.038 ms  4625/10046 (46%)  
[2024-05-29 16:44:04.826763] [  5]  36.00-36.50  sec  11.6 MBytes   195 Mbits/sec  0.598 ms  22553/31243 (72%)  
[2024-05-29 16:44:04.826860] [  5]  36.50-37.00  sec  10.8 MBytes   181 Mbits/sec  0.081 ms  14533/22624 (64%)  
[2024-05-29 16:44:04.826961] [  5]  37.00-37.50  sec  6.46 MBytes   108 Mbits/sec  0.282 ms  16515/21350 (77%)  
[2024-05-29 16:44:04.827061] [  5]  37.50-38.01  sec  3.16 MBytes  51.6 Mbits/sec  1.380 ms  10348/12714 (81%)  
[2024-05-29 16:44:04.827161] [  5]  38.01-38.50  sec  11.5 MBytes   198 Mbits/sec  0.092 ms  27060/35674 (76%)  
[2024-05-29 16:44:04.827264] [  5]  38.50-39.00  sec  7.71 MBytes   129 Mbits/sec  0.040 ms  13580/19356 (70%)  
[2024-05-29 16:44:04.827361] [  5]  39.00-39.51  sec  4.65 MBytes  76.9 Mbits/sec  1.102 ms  8762/12245 (72%)  
[2024-05-29 16:44:04.827457] [  5]  39.51-40.00  sec  9.71 MBytes   165 Mbits/sec  0.075 ms  28341/35610 (80%)  
[2024-05-29 16:44:04.827554] [  5]  40.00-40.50  sec  7.81 MBytes   131 Mbits/sec  0.177 ms  11575/17426 (66%)  
[2024-05-29 16:44:04.827651] [  5]  40.50-41.00  sec  4.24 MBytes  71.1 Mbits/sec  0.316 ms  19922/23094 (86%)  
[2024-05-29 16:44:04.827750] [  5]  41.00-41.50  sec  2.78 MBytes  46.6 Mbits/sec  0.085 ms  19260/21342 (90%)  
[2024-05-29 16:44:04.827848] [  5]  41.50-42.00  sec  17.6 MBytes   295 Mbits/sec  0.085 ms  28453/41605 (68%)  
[2024-05-29 16:44:04.827947] [  5]  42.00-42.50  sec  22.5 MBytes   378 Mbits/sec  0.069 ms  10406/27271 (38%)  
[2024-05-29 16:44:04.828044] [  5]  42.50-43.00  sec  21.1 MBytes   353 Mbits/sec  0.251 ms  10471/26246 (40%)  
[2024-05-29 16:44:04.828143] [  5]  43.00-43.50  sec  19.2 MBytes   322 Mbits/sec  0.131 ms  8146/22511 (36%)  
[2024-05-29 16:44:04.828240] [  5]  43.50-44.00  sec  18.0 MBytes   302 Mbits/sec  0.104 ms  6047/19523 (31%)  
[2024-05-29 16:44:04.828338] [  5]  44.00-44.50  sec  17.3 MBytes   291 Mbits/sec  0.079 ms  11974/24942 (48%)  
[2024-05-29 16:44:04.828438] [  5]  44.50-45.00  sec  13.5 MBytes   226 Mbits/sec  0.040 ms  11379/21474 (53%)  
[2024-05-29 16:44:04.828544] [  5]  45.00-45.50  sec  16.7 MBytes   280 Mbits/sec  0.008 ms  10847/23330 (46%)  
[2024-05-29 16:44:04.828644] [  5]  45.50-46.00  sec  18.3 MBytes   307 Mbits/sec  0.079 ms  5288/19020 (28%)  
[2024-05-29 16:44:04.828743] [  5]  46.00-46.50  sec  11.5 MBytes   193 Mbits/sec  0.236 ms  15734/24355 (65%)  
[2024-05-29 16:44:04.828838] [  5]  46.50-47.00  sec  7.09 MBytes   119 Mbits/sec  1.395 ms  5719/11026 (52%)  
[2024-05-29 16:44:29.323295] [  5]  47.00-47.50  sec  2.49 MBytes  41.8 Mbits/sec  0.054 ms  -365/1503 (-24%)  
[2024-05-29 16:44:29.323490] [  5]  47.50-48.00  sec  3.15 MBytes  52.8 Mbits/sec  0.012 ms  8081/10439 (77%)  
[2024-05-29 16:44:29.323524] [  5]  48.00-48.50  sec  11.7 MBytes   196 Mbits/sec  0.009 ms  51588/60353 (85%)  
[2024-05-29 16:44:29.323549] [  5]  48.50-49.00  sec  9.56 MBytes   160 Mbits/sec  0.027 ms  4214/11377 (37%)  
[2024-05-29 16:44:29.323574] [  5]  49.00-49.50  sec  14.6 MBytes   244 Mbits/sec  0.195 ms  6509/17407 (37%)  
[2024-05-29 16:44:29.323598] [  5]  49.50-50.00  sec  15.0 MBytes   252 Mbits/sec  0.265 ms  10994/22231 (49%)  
[2024-05-29 16:44:29.323621] [  5]  50.00-50.50  sec  11.7 MBytes   196 Mbits/sec  0.059 ms  13284/22032 (60%)  
[2024-05-29 16:44:29.323644] [  5]  50.50-51.00  sec  13.5 MBytes   226 Mbits/sec  0.055 ms  12555/22631 (55%)  
[2024-05-29 16:44:29.323667] [  5]  51.00-51.50  sec  9.94 MBytes   167 Mbits/sec  0.039 ms  8414/15857 (53%)  
[2024-05-29 16:44:29.323689] [  5]  51.50-52.00  sec  9.97 MBytes   167 Mbits/sec  0.123 ms  21327/28793 (74%)  
[2024-05-29 16:44:29.323714] [  5]  52.00-52.50  sec  8.73 MBytes   146 Mbits/sec  0.057 ms  13955/20493 (68%)  
[2024-05-29 16:44:29.323736] [  5]  52.50-53.00  sec  10.6 MBytes   178 Mbits/sec  0.086 ms  16315/24283 (67%)  
[2024-05-29 16:44:29.323775] [  5]  53.00-53.50  sec  5.99 MBytes   101 Mbits/sec  1.306 ms  14325/18814 (76%)  
[2024-05-29 16:44:29.323800] [  5]  53.50-54.00  sec  5.96 MBytes   100 Mbits/sec  0.102 ms  17792/22258 (80%)  
[2024-05-29 16:44:29.323822] [  5]  54.00-54.50  sec  8.77 MBytes   147 Mbits/sec  0.014 ms  16804/23372 (72%)  
[2024-05-29 16:44:29.323845] [  5]  54.50-55.00  sec  8.15 MBytes   137 Mbits/sec  0.392 ms  16202/22304 (73%)  
[2024-05-29 16:44:29.323868] [  5]  55.00-55.50  sec  6.78 MBytes   114 Mbits/sec  1.848 ms  19031/24110 (79%)  
[2024-05-29 16:44:29.323890] [  5]  55.50-56.00  sec  5.18 MBytes  86.9 Mbits/sec  0.343 ms  17441/21321 (82%)  
[2024-05-29 16:44:29.323913] [  5]  56.00-56.50  sec  6.67 MBytes   112 Mbits/sec  0.596 ms  18775/23770 (79%)  
[2024-05-29 16:44:29.323935] [  5]  56.50-57.00  sec  8.20 MBytes   137 Mbits/sec  0.135 ms  13580/19718 (69%)  
[2024-05-29 16:44:29.323957] [  5]  57.00-57.50  sec  4.42 MBytes  74.2 Mbits/sec  0.056 ms  21425/24739 (87%)  
[2024-05-29 16:44:29.323980] [  5]  57.50-58.00  sec  1.93 MBytes  32.4 Mbits/sec  0.576 ms  9982/11427 (87%)  
[2024-05-29 16:44:29.324002] [  5]  58.00-58.50  sec  3.89 MBytes  65.3 Mbits/sec  0.050 ms  25137/28050 (90%)  
[2024-05-29 16:44:29.324024] [  5]  58.50-59.00  sec  5.33 MBytes  89.5 Mbits/sec  0.346 ms  23351/27345 (85%)  
[2024-05-29 16:44:29.324047] [  5]  59.00-59.50  sec  5.13 MBytes  86.1 Mbits/sec  0.346 ms  17599/21442 (82%)  
[2024-05-29 16:44:29.324071] [  5]  59.50-60.00  sec  4.29 MBytes  71.9 Mbits/sec  0.362 ms  19502/22713 (86%)  
[2024-05-29 16:44:29.324094] [  5]  60.00-60.50  sec  4.65 MBytes  78.0 Mbits/sec  0.174 ms  17846/21326 (84%)  
[2024-05-29 16:44:29.324116] [  5]  60.50-61.00  sec  5.43 MBytes  91.1 Mbits/sec  0.048 ms  20059/24126 (83%)  
[2024-05-29 16:44:29.324139] [  5]  61.00-61.50  sec  4.15 MBytes  69.6 Mbits/sec  2.240 ms  15096/18203 (83%)  
[2024-05-29 16:44:29.324161] [  5]  61.50-62.00  sec  2.79 MBytes  46.9 Mbits/sec  0.934 ms  13061/15154 (86%)  
[2024-05-29 16:44:29.324183] [  5]  62.00-62.50  sec  1.74 MBytes  29.2 Mbits/sec  0.079 ms  4884/6185 (79%)  
[2024-05-29 16:44:29.324205] [  5]  62.50-63.00  sec  2.38 MBytes  40.0 Mbits/sec  1.899 ms  24110/25896 (93%)  
[2024-05-29 16:44:29.324229] [  5]  63.00-63.50  sec  2.44 MBytes  40.9 Mbits/sec  0.838 ms  14416/16240 (89%)  
[2024-05-29 16:44:29.324250] [  5]  63.50-64.00  sec  2.31 MBytes  38.8 Mbits/sec  0.263 ms  22191/23922 (93%)  
[2024-05-29 16:44:29.324272] [  5]  64.00-64.50  sec  2.29 MBytes  38.5 Mbits/sec  0.431 ms  18117/19834 (91%)  
[2024-05-29 16:44:29.324294] [  5]  64.50-65.00  sec  1.99 MBytes  33.4 Mbits/sec  0.171 ms  18663/20153 (93%)  
[2024-05-29 16:44:29.324315] [  5]  65.00-65.50  sec  2.60 MBytes  43.6 Mbits/sec  0.455 ms  25982/27926 (93%)  
[2024-05-29 16:44:29.324337] [  5]  65.50-66.00  sec  2.46 MBytes  41.3 Mbits/sec  0.871 ms  20451/22296 (92%)  
[2024-05-29 16:44:29.324359] [  5]  66.00-66.50  sec  2.98 MBytes  50.0 Mbits/sec  0.129 ms  25385/27617 (92%)  
[2024-05-29 16:44:29.324380] [  5]  66.50-67.00  sec  3.38 MBytes  56.8 Mbits/sec  0.173 ms  26099/28633 (91%)  
[2024-05-29 16:44:29.324401] [  5]  67.00-67.50  sec  2.95 MBytes  49.6 Mbits/sec  0.040 ms  20156/22368 (90%)  
[2024-05-29 16:44:29.324422] [  5]  67.50-68.00  sec  3.24 MBytes  54.4 Mbits/sec  0.739 ms  19522/21951 (89%)  
[2024-05-29 16:44:29.324444] [  5]  68.00-68.50  sec  3.67 MBytes  61.6 Mbits/sec  0.304 ms  24711/27462 (90%)  
[2024-05-29 16:44:29.324465] [  5]  68.50-69.00  sec  3.32 MBytes  55.7 Mbits/sec  0.248 ms  18152/20639 (88%)  
[2024-05-29 16:44:29.324486] [  5]  69.00-69.50  sec  3.18 MBytes  53.3 Mbits/sec  0.417 ms  17665/20046 (88%)  
[2024-05-29 16:44:29.324507] [  5]  69.50-70.00  sec  3.11 MBytes  52.2 Mbits/sec  0.324 ms  18687/21017 (89%)  
[2024-05-29 16:44:29.324529] [  5]  70.00-70.50  sec  3.33 MBytes  55.9 Mbits/sec  0.153 ms  20657/23153 (89%)  
[2024-05-29 16:44:29.324550] [  5]  70.50-71.00  sec  2.95 MBytes  49.5 Mbits/sec  0.177 ms  20565/22777 (90%)  
[2024-05-29 16:44:29.324576] [  5]  71.00-71.50  sec  3.54 MBytes  59.4 Mbits/sec  0.125 ms  21182/23832 (89%)  
[2024-05-29 16:44:53.823468] [  5]  71.50-72.00  sec  3.03 MBytes  50.9 Mbits/sec  0.337 ms  19281/21554 (89%)  
[2024-05-29 16:44:53.823881] [  5]  72.00-72.50  sec  2.51 MBytes  42.1 Mbits/sec  0.436 ms  13154/15035 (87%)  
[2024-05-29 16:44:53.824016] [  5]  72.50-73.00  sec  2.56 MBytes  43.0 Mbits/sec  0.615 ms  18191/20111 (90%)  
[2024-05-29 16:44:53.824125] [  5]  73.00-73.50  sec  2.99 MBytes  50.1 Mbits/sec  0.057 ms  24512/26749 (92%)  
[2024-05-29 16:44:53.824229] [  5]  73.50-74.00  sec  2.17 MBytes  36.5 Mbits/sec  0.060 ms  13476/15103 (89%)  
[2024-05-29 16:44:53.824329] [  5]  74.00-74.50  sec  2.72 MBytes  45.6 Mbits/sec  0.309 ms  22392/24428 (92%)  
[2024-05-29 16:44:53.824432] [  5]  74.50-75.00  sec  3.15 MBytes  52.9 Mbits/sec  0.577 ms  26882/29245 (92%)  
[2024-05-29 16:44:53.824532] [  5]  75.00-75.50  sec  2.93 MBytes  49.2 Mbits/sec  0.193 ms  19085/21282 (90%)  
[2024-05-29 16:44:53.824633] [  5]  75.50-76.00  sec  2.74 MBytes  45.9 Mbits/sec  0.403 ms  20472/22522 (91%)  
[2024-05-29 16:44:53.824736] [  5]  76.00-76.50  sec  2.63 MBytes  44.1 Mbits/sec  0.396 ms  16558/18527 (89%)  
[2024-05-29 16:44:53.824835] [  5]  76.50-77.00  sec  2.11 MBytes  35.4 Mbits/sec  1.427 ms  16221/17803 (91%)  
[2024-05-29 16:44:53.824933] [  5]  77.00-77.50  sec  2.55 MBytes  42.7 Mbits/sec  0.142 ms  19306/21214 (91%)  
[2024-05-29 16:44:53.825033] [  5]  77.50-78.00  sec  1.98 MBytes  33.2 Mbits/sec  0.268 ms  16928/18411 (92%)  
[2024-05-29 16:44:53.825184] [  5]  78.00-78.50  sec  1.96 MBytes  32.9 Mbits/sec  0.799 ms  15446/16916 (91%)  
[2024-05-29 16:44:53.825288] [  5]  78.50-79.00  sec  1.93 MBytes  32.4 Mbits/sec  0.761 ms  16737/18183 (92%)  
[2024-05-29 16:44:53.825386] [  5]  79.00-79.50  sec  3.85 MBytes  64.6 Mbits/sec  1.997 ms  37309/40194 (93%)  
[2024-05-29 16:44:53.825486] [  5]  79.50-80.00  sec  4.30 MBytes  72.1 Mbits/sec  0.553 ms  35821/39038 (92%)  
[2024-05-29 16:44:53.825588] [  5]  80.00-80.50  sec  4.19 MBytes  70.3 Mbits/sec  0.488 ms  20574/23712 (87%)  
[2024-05-29 16:44:53.825686] [  5]  80.50-81.00  sec  4.84 MBytes  81.2 Mbits/sec  0.148 ms  19733/23356 (84%)  
[2024-05-29 16:44:53.825784] [  5]  81.00-81.50  sec  4.85 MBytes  81.4 Mbits/sec  0.049 ms  20316/23949 (85%)  
[2024-05-29 16:44:53.825883] [  5]  81.50-82.00  sec  4.30 MBytes  72.2 Mbits/sec  0.108 ms  18290/21514 (85%)  
[2024-05-29 16:44:53.825984] [  5]  82.00-82.50  sec  4.81 MBytes  80.7 Mbits/sec  0.029 ms  18697/22298 (84%)  
[2024-05-29 16:44:53.826082] [  5]  82.50-83.00  sec  5.54 MBytes  93.0 Mbits/sec  0.077 ms  22373/26523 (84%)  
[2024-05-29 16:44:53.826298] [  5]  83.00-83.50  sec  5.69 MBytes  95.4 Mbits/sec  0.075 ms  18286/22546 (81%)  
[2024-05-29 16:44:53.826412] [  5]  83.50-84.00  sec  5.04 MBytes  84.5 Mbits/sec  0.326 ms  18060/21834 (83%)  
[2024-05-29 16:44:53.826522] [  5]  84.00-84.50  sec  5.53 MBytes  92.8 Mbits/sec  0.931 ms  19143/23287 (82%)  
[2024-05-29 16:44:53.826652] [  5]  84.50-85.00  sec  5.25 MBytes  88.0 Mbits/sec  0.101 ms  16927/20858 (81%)  
[2024-05-29 16:44:53.826755] [  5]  85.00-85.50  sec  5.74 MBytes  96.4 Mbits/sec  0.242 ms  19880/24182 (82%)  
[2024-05-29 16:44:53.826973] [  5]  85.50-86.00  sec  5.95 MBytes  99.9 Mbits/sec  0.067 ms  18366/22826 (80%)  
[2024-05-29 16:44:53.827101] [  5]  86.00-86.50  sec  5.06 MBytes  84.9 Mbits/sec  0.178 ms  15465/19256 (80%)  
[2024-05-29 16:44:53.827248] [  5]  86.50-87.00  sec  5.04 MBytes  84.5 Mbits/sec  0.071 ms  19342/23114 (84%)  
[2024-05-29 16:44:53.827349] [  5]  87.00-87.50  sec  4.74 MBytes  79.5 Mbits/sec  0.669 ms  18276/21827 (84%)  
[2024-05-29 16:44:53.827457] [  5]  87.50-88.00  sec  5.88 MBytes  98.6 Mbits/sec  0.357 ms  22974/27378 (84%)  
[2024-05-29 16:44:53.827558] [  5]  88.00-88.50  sec  6.56 MBytes   110 Mbits/sec  1.100 ms  20319/25230 (81%)  
[2024-05-29 16:44:53.827660] [  5]  88.50-89.00  sec  7.11 MBytes   119 Mbits/sec  0.428 ms  16592/21918 (76%)  
[2024-05-29 16:44:53.827796] [  5]  89.00-89.50  sec  7.74 MBytes   130 Mbits/sec  0.048 ms  17322/23122 (75%)  
[2024-05-29 16:44:53.827901] [  5]  89.50-90.00  sec  6.57 MBytes   110 Mbits/sec  0.230 ms  15879/20799 (76%)  
[2024-05-29 16:44:53.828005] [  5]  90.00-90.50  sec  6.90 MBytes   116 Mbits/sec  0.521 ms  19153/24319 (79%)  
[2024-05-29 16:44:53.828275] [  5]  90.50-91.00  sec  8.40 MBytes   141 Mbits/sec  0.223 ms  15992/22287 (72%)  
[2024-05-29 16:44:53.828394] [  5]  91.00-91.50  sec  7.73 MBytes   130 Mbits/sec  0.064 ms  16015/21802 (73%)  
[2024-05-29 16:44:53.828553] [  5]  91.50-92.00  sec  6.92 MBytes   116 Mbits/sec  0.057 ms  16720/21906 (76%)  
[2024-05-29 16:44:53.828652] [  5]  92.00-92.50  sec  7.64 MBytes   128 Mbits/sec  0.203 ms  16358/22080 (74%)  
[2024-05-29 16:44:53.828752] [  5]  92.50-93.00  sec  9.65 MBytes   162 Mbits/sec  0.014 ms  17734/24963 (71%)  
[2024-05-29 16:44:53.828854] [  5]  93.00-93.50  sec  8.53 MBytes   143 Mbits/sec  0.057 ms  16480/22868 (72%)  
[2024-05-29 16:44:53.828954] [  5]  93.50-94.00  sec  7.65 MBytes   128 Mbits/sec  0.024 ms  13842/19571 (71%)  
[2024-05-29 16:44:53.829053] [  5]  94.00-94.50  sec  8.57 MBytes   144 Mbits/sec  0.583 ms  18873/25291 (75%)  
[2024-05-29 16:44:53.829152] [  5]  94.50-95.00  sec  9.32 MBytes   156 Mbits/sec  0.043 ms  14153/21130 (67%)  
[2024-05-29 16:44:53.829251] [  5]  95.00-95.50  sec  10.2 MBytes   171 Mbits/sec  0.054 ms  16184/23834 (68%)  
[2024-05-29 16:44:53.829351] [  5]  95.50-96.00  sec  8.38 MBytes   141 Mbits/sec  0.038 ms  17004/23278 (73%)  
[2024-05-29 16:45:20.183121] [  5]  96.00-96.50  sec  8.96 MBytes   150 Mbits/sec  0.643 ms  12408/19121 (65%)  
[2024-05-29 16:45:20.183414] [  5]  96.50-97.00  sec  9.73 MBytes   163 Mbits/sec  0.053 ms  17378/24668 (70%)  
[2024-05-29 16:45:20.183494] [  5]  97.00-97.50  sec  10.5 MBytes   176 Mbits/sec  0.047 ms  15224/23065 (66%)  
[2024-05-29 16:45:20.183575] [  5]  97.50-98.00  sec  10.8 MBytes   182 Mbits/sec  0.032 ms  15562/23670 (66%)  
[2024-05-29 16:45:20.183649] [  5]  98.00-98.50  sec  13.3 MBytes   223 Mbits/sec  0.518 ms  13909/23850 (58%)  
[2024-05-29 16:45:20.183747] [  5]  98.50-99.00  sec  12.5 MBytes   210 Mbits/sec  0.045 ms  11851/21224 (56%)  
[2024-05-29 16:45:20.183819] [  5]  99.00-99.50  sec  12.1 MBytes   202 Mbits/sec  0.012 ms  15458/24497 (63%)  
[2024-05-29 16:45:20.183935] [  5]  99.50-100.00 sec  13.9 MBytes   234 Mbits/sec  0.037 ms  10563/21007 (50%)  
[2024-05-29 16:45:20.184007] [  5] 100.00-100.50 sec  12.0 MBytes   201 Mbits/sec  0.032 ms  13076/22037 (59%)  
[2024-05-29 16:45:20.184081] [  5] 100.50-101.00 sec  12.5 MBytes   210 Mbits/sec  0.012 ms  13042/22403 (58%)  
[2024-05-29 16:45:20.184202] [  5] 101.00-101.50 sec  9.56 MBytes   160 Mbits/sec  0.011 ms  11245/18404 (61%)  
[2024-05-29 16:45:20.184293] [  5] 101.50-102.00 sec  11.0 MBytes   185 Mbits/sec  0.268 ms  16747/25019 (67%)  
[2024-05-29 16:45:20.184406] [  5] 102.00-102.50 sec  11.4 MBytes   191 Mbits/sec  0.760 ms  12406/20953 (59%)  
[2024-05-29 16:45:20.184519] [  5] 102.50-103.00 sec  9.70 MBytes   163 Mbits/sec  0.437 ms  14427/21694 (67%)  
[2024-05-29 16:45:20.184670] [  5] 103.00-103.50 sec  10.6 MBytes   177 Mbits/sec  0.014 ms  14722/22638 (65%)  
[2024-05-29 16:45:20.184740] [  5] 103.50-104.00 sec  9.60 MBytes   161 Mbits/sec  0.023 ms  14225/21415 (66%)  
[2024-05-29 16:45:20.184810] [  5] 104.00-104.50 sec  10.1 MBytes   169 Mbits/sec  0.471 ms  14851/22385 (66%)  
[2024-05-29 16:45:20.184881] [  5] 104.50-105.00 sec  9.70 MBytes   163 Mbits/sec  0.037 ms  13777/21045 (65%)  
[2024-05-29 16:45:20.184951] [  5] 105.00-105.50 sec  8.98 MBytes   151 Mbits/sec  0.028 ms  14709/21432 (69%)  
[2024-05-29 16:45:20.185027] [  5] 105.50-106.00 sec  9.70 MBytes   163 Mbits/sec  0.111 ms  17518/24781 (71%)  
[2024-05-29 16:45:20.185100] [  5] 106.00-106.50 sec  9.14 MBytes   153 Mbits/sec  0.096 ms  15023/21870 (69%)  
[2024-05-29 16:45:20.185138] [  5] 106.50-107.00 sec  9.55 MBytes   160 Mbits/sec  0.042 ms  16086/23240 (69%)  
[2024-05-29 16:45:20.185170] [  5] 107.00-107.50 sec  9.35 MBytes   157 Mbits/sec  0.064 ms  12640/19646 (64%)  
[2024-05-29 16:45:20.185219] [  5] 107.50-108.00 sec  8.28 MBytes   139 Mbits/sec  0.043 ms  16082/22281 (72%)  
[2024-05-29 16:45:20.185252] [  5] 108.00-108.50 sec  7.19 MBytes   121 Mbits/sec  1.005 ms  15696/21082 (74%)  
[2024-05-29 16:45:20.185313] [  5] 108.50-109.00 sec  8.41 MBytes   141 Mbits/sec  0.346 ms  15922/22222 (72%)  
[2024-05-29 16:45:20.185370] [  5] 109.00-109.50 sec  7.70 MBytes   129 Mbits/sec  0.038 ms  15588/21357 (73%)  
[2024-05-29 16:45:20.185401] [  5] 109.50-110.00 sec  6.69 MBytes   112 Mbits/sec  0.275 ms  17012/22020 (77%)  
[2024-05-29 16:45:20.185433] [  5] 110.00-110.50 sec  7.35 MBytes   123 Mbits/sec  0.206 ms  17870/23377 (76%)  
[2024-05-29 16:45:20.185482] [  5] 110.50-111.00 sec  8.10 MBytes   136 Mbits/sec  0.037 ms  16916/22982 (74%)  
[2024-05-29 16:45:20.185513] [  5] 111.00-111.50 sec  8.00 MBytes   134 Mbits/sec  0.137 ms  16350/22341 (73%)  
[2024-05-29 16:45:20.185544] [  5] 111.50-112.00 sec  6.99 MBytes   117 Mbits/sec  1.189 ms  15215/20449 (74%)  
[2024-05-29 16:45:20.185626] [  5] 112.00-112.50 sec  6.81 MBytes   114 Mbits/sec  0.561 ms  16200/21301 (76%)  
[2024-05-29 16:45:20.185768] [  5] 112.50-113.00 sec  5.43 MBytes  91.1 Mbits/sec  0.074 ms  14899/18965 (79%)  
[2024-05-29 16:45:20.185893] [  5] 113.00-113.50 sec  5.08 MBytes  85.3 Mbits/sec  0.481 ms  17250/21058 (82%)  
[2024-05-29 16:45:20.185963] [  5] 113.50-114.00 sec  4.64 MBytes  77.9 Mbits/sec  0.124 ms  15218/18695 (81%)  
[2024-05-29 16:45:20.186034] [  5] 114.00-114.50 sec  3.76 MBytes  63.1 Mbits/sec  0.440 ms  15263/18082 (84%)  
[2024-05-29 16:45:20.186170] [  5] 114.50-115.00 sec  3.10 MBytes  51.9 Mbits/sec  0.358 ms  14696/17015 (86%)  
[2024-05-29 16:45:20.186252] [  5] 115.00-115.50 sec  3.34 MBytes  56.0 Mbits/sec  0.230 ms  17625/20127 (88%)  
[2024-05-29 16:45:20.186323] [  5] 115.50-116.00 sec  2.77 MBytes  46.5 Mbits/sec  0.586 ms  18046/20123 (90%)  
[2024-05-29 16:45:20.186395] [  5] 116.00-116.50 sec  2.72 MBytes  45.7 Mbits/sec  0.197 ms  15895/17934 (89%)  
[2024-05-29 16:45:20.186467] [  5] 116.50-117.00 sec  2.49 MBytes  41.9 Mbits/sec  2.207 ms  18555/20423 (91%)  
[2024-05-29 16:45:20.186537] [  5] 117.00-117.50 sec  2.22 MBytes  37.2 Mbits/sec  0.698 ms  15348/17010 (90%)  
[2024-05-29 16:45:20.186609] [  5] 117.50-118.00 sec  2.30 MBytes  38.5 Mbits/sec  0.455 ms  18539/20258 (92%)  
[2024-05-29 16:45:20.186679] [  5] 118.00-118.50 sec  1.84 MBytes  30.9 Mbits/sec  0.609 ms  16542/17923 (92%)  
[2024-05-29 16:45:20.186750] [  5] 118.50-119.00 sec  1.76 MBytes  29.5 Mbits/sec  0.801 ms  16225/17540 (93%)  
[2024-05-29 16:45:20.186821] [  5] 119.00-119.50 sec  1.41 MBytes  23.6 Mbits/sec  0.125 ms  12432/13487 (92%)  
[2024-05-29 16:45:20.186891] [  5] 119.50-120.00 sec  1.12 MBytes  18.8 Mbits/sec  1.090 ms  10368/11205 (93%)  
[2024-05-29 16:45:20.186961] - - - - - - - - - - - - - - - - - - - - - - - - -
[2024-05-29 16:45:20.187044] [ ID] Interval           Transfer     Bitrate         Jitter    Lost/Total Datagrams
[2024-05-29 16:45:20.187118] [  5]   0.00-120.22 sec  7.00 GBytes   500 Mbits/sec  0.000 ms  0/5367117 (0%)  sender
[2024-05-29 16:45:20.187188] [SUM]  0.0-120.2 sec  697 datagrams received out-of-order
[2024-05-29 16:45:20.187259] [  5]   0.00-120.00 sec  1.44 GBytes   103 Mbits/sec  1.090 ms  4177240/5280523 (79%)  receiver
[2024-05-29 16:45:20.187328] 
[2024-05-29 16:45:20.187399] iperf Done.
End time: 1717015520216
