Start time: 1716823584061
{
  "id": "0",
  "status": null,
  "apiVersion": "17",
  "dishGetHistory": {
    "current": "2098",
    "popPingDropRate": [
      0,
      0,
      0,
      0,
      0,
      0,
      0,
      0,
      0,
      0,
      0,
      0,
      0,
      0,
      0,
      0,
      0,
      0,
      0,
      0,
      0,
      0,
      0,
      0,
      0,
      0,
      0,
      0,
      0,
      0,
      0.125,
      0.11764706,
      0,
      0,
      0,
      0,
      0,
      0,
      0,
      0,
      0,
      0,
      0,
      0,
      0,
      0.06666667,
      0.0625,
      0,
      0,
      0,
      0,
      0,
      0,
      0,
      0,
      0,
      0,
      0,
      0,
      0,
      0,
      0,
      0,
      0,
      0,
      0,
      0,
      0,
      0,
      0,
      0,
      0,
      0,
      0,
      0,
      0,
      0,
      0,
      0,
      0,
      0,
      0,
      0,
      0,
      0,
      0,
      0.2,
      0.53333336,
      0.3529412,
      0,
      0,
      0,
      0,
      0,
      0,
      0,
      0,
      0,
      0,
      0,
      0,
      0,
      0,
      0,
      0,
      0,
      0,
      0,
      0,
      0,
      0,
      0,
      0,
      0,
      0,
      0,
      0,
      0,
      0,
      0,
      0,
      0,
      0,
      0,
      0,
      0,
      0,
      0,
      0,
      0,
      0,
      0,
      0,
      0,
      0,
      0,
      0,
      0,
      0,
      0,
      0,
      0,
      0,
      0,
      0,
      0,
      0.2,
      0.1764706,
      0,
      0,
      0,
      0.125,
      0.13333334,
      0,
      0,
      0,
      0,
      0,
      0,
      0,
      0,
      0,
      0,
      0,
      0,
      0,
      0,
      0,
      0,
      0,
      0,
      0,
      0,
      0,
      0,
      0,
      0,
      0,
      0.125,
      0.46666667,
      0.5,
      0.0625,
      0,
      0,
      0,
      0,
      0,
      0,
      0,
      0,
      0,
      0,
      0,
      0,
      0,
      0,
      0,
      0,
      0,
      0,
      0,
      0,
      0,
      0,
      0,
      0,
      0,
      0,
      0,
      0,
      0,
      0,
      0,
      0,
      0,
      0,
      0,
      0,
      0,
      0,
      0,
      0.1875,
      0.1875,
      0.0625,
      0.29411766,
      0.23529412,
      0,
      0.0625,
      0.071428575,
      0,
      0,
      0,
      0,
      0,
      0,
      0,
      0,
      0,
      0,
      0,
      0,
      0,
      0,
      0,
      0,
      0,
      0,
      0,
      0,
      0,
      0,
      0,
      0,
      0,
      0,
      0,
      0,
      0,
      0,
      0,
      0,
      0,
      0,
      0,
      0,
      0,
      0,
      0,
      0,
      0,
      0,
      0,
      0,
      0,
      0,
      0,
      0,
      0,
      0,
      0,
      0,
      0,
      0,
      0,
      0,
      0,
      0,
      0,
      0,
      0,
      0,
      0,
      0,
      0.06666667,
      0.06666667,
      0,
      0,
      0,
      0,
      0,
      0,
      0,
      0.06666667,
      0.06666667,
      0,
      0.06666667,
      0.06666667,
      0.125,
      0.5625,
      0.4117647,
      0.05882353,
      0.125,
      0.06666667,
      0,
      0,
      0,
      0.06666667,
      0.1875,
      0.125,
      0,
      0,
      0,
      0,
      0,
      0,
      0,
      0,
      0,
      0,
      0,
      0,
      0,
      0,
      0,
      0,
      0,
      0,
      0,
      0,
      0,
      0,
      0,
      0,
      0,
      0,
      0,
      0,
      0,
      0,
      0,
      0,
      0,
      0,
      0,
      0,
      0,
      0,
      0,
      0,
      0,
      0,
      0,
      0,
      0,
      0,
      0,
      0,
      0,
      0,
      0,
      0,
      0,
      0,
      0,
      0,
      0,
      0,
      0,
      0,
      0,
      0,
      0,
      0,
      0,
      0,
      0,
      0,
      0,
      0,
      0,
      0,
      0,
      0,
      0,
      0,
      0,
      0,
      0,
      0,
      0,
      0,
      0,
      0,
      0.05882353,
      0.0625,
      0,
      0,
      0,
      0,
      0,
      0,
      0,
      0,
      0,
      0,
      0,
      0,
      0,
      0,
      0,
      0,
      0,
      0,
      0,
      0,
      0,
      0,
      0,
      0,
      0,
      0,
      0,
      0,
      0,
      0,
      0,
      0,
      0,
      0,
      0,
      0,
      0,
      0,
      0,
      0,
      0,
      0,
      0,
      0.3125,
      0.8125,
      1,
      1,
      0.8125,
      0.4,
      0,
      0,
      0,
      0,
      0,
      0,
      0,
      0,
      0,
      0,
      0,
      0,
      0,
      0,
      0,
      0,
      0,
      0,
      0,
      0,
      0,
      0.1875,
      0.3125,
      0.0625,
      0,
      0,
      0,
      0,
      0,
      0,
      0,
      0,
      0,
      0,
      0,
      0,
      0,
      0,
      0,
      0,
      0,
      0.06666667,
      0.0625,
      0.05882353,
      0.06666667,
      0,
      0,
      0,
      0,
      0,
      0.3125,
      0.625,
      0.3529412,
      0.05882353,
      0.0625,
      0.05882353,
      0,
      0,
      0,
      0,
      0,
      0,
      0,
      0,
      0,
      0,
      0,
      0,
      0,
      0,
      0,
      0,
      0,
      0,
      0,
      0,
      0,
      0,
      0,
      0,
      0,
      0,
      0,
      0,
      0,
      0,
      0,
      0.0625,
      0.06666667,
      0,
      0,
      0.06666667,
      0.0625,
      0,
      0,
      0,
      0.1875,
      0.3125,
      0.6,
      0.625,
      0.11764706,
      0,
      0,
      0,
      0.13333334,
      0.125,
      0,
      0,
      0,
      0,
      0,
      0,
      0,
      0.0625,
      0.125,
      0.11111111,
      0.0625,
      0,
      0.06666667,
      0.13333334,
      0.06666667,
      0,
      0,
      0,
      0,
      0,
      0,
      0,
      0,
      0,
      0,
      0,
      0.0625,
      0.06666667,
      0,
      0.0625,
      0.06666667,
      0,
      0,
      0,
      0,
      0,
      0,
      0,
      0,
      0,
      0,
      0,
      0.0625,
      0.06666667,
      0,
      0,
      0,
      0,
      0,
      0,
      0,
      0,
      0,
      0,
      0,
      0,
      0,
      0.06666667,
      0.071428575,
      0,
      0,
      0,
      0,
      0,
      0,
      0,
      0,
      0,
      0,
      0.25,
      0.75,
      0.625,
      0.125,
      0,
      0,
      0,
      0,
      0.1875,
      0.1764706,
      0,
      0,
      0,
      0,
      0,
      0,
      0,
      0,
      0,
      0,
      0,
      0,
      0,
      0,
      0,
      0,
      0,
      0,
      0,
      0,
      0,
      0,
      0,
      0.0625,
      0.0625,
      0.2,
      0.1875,
      0,
      0,
      0.125,
      0.3125,
      0.3529412,
      0.1764706,
      0,
      0,
      0,
      0,
      0,
      0,
      0,
      0,
      0,
      0,
      0,
      0,
      0,
      0,
      0,
      0,
      0,
      0,
      0,
      0,
      0,
      0,
      0,
      0,
      0,
      0,
      0,
      0,
      0,
      0,
      0,
      0,
      0,
      0,
      0,
      0,
      0,
      0,
      0,
      0,
      0,
      0,
      0.125,
      0.125,
      0,
      0,
      0,
      0,
      0,
      0,
      0,
      0,
      0,
      0,
      0,
      0,
      0,
      0,
      0,
      0,
      0,
      0,
      0,
      0,
      0,
      0,
      0,
      0,
      0,
      0,
      0,
      0,
      0,
      0,
      0,
      0,
      0.0625,
      0.375,
      0.375,
      0,
      0.0625,
      0.0625,
      0,
      0,
      0,
      0,
      0,
      0,
      0,
      0,
      0,
      0,
      0,
      0,
      0,
      0,
      0,
      0,
      0,
      0,
      0.071428575,
      0.0625,
      0,
      0,
      0,
      0,
      0,
      0,
      0,
      0,
      0,
      0,
      0,
      0,
      0,
      0,
      0.06666667,
      0.0625,
      0,
      0,
      0,
      0,
      0,
      0,
      0.06666667,
      0.06666667,
      0,
      0,
      0,
      0,
      0,
      0,
      0,
      0,
      0,
      0,
      0,
      0,
      0,
      0,
      0,
      0,
      0,
      0,
      0,
      0,
      0,
      0,
      0,
      0,
      0,
      0,
      0,
      0,
      0,
      0,
      0,
      0,
      0,
      0,
      0,
      0,
      0,
      0,
      0,
      0,
      0,
      0,
      0,
      0,
      0,
      0,
      0,
      0,
      0,
      0,
      0,
      0.4375,
      0.4375,
      0,
      0,
      0,
      0,
      0,
      0,
      0.125,
      0.125,
      0,
      0,
      0,
      0.2,
      0.25,
      0.11764706,
      0,
      0,
      0,
      0,
      0,
      0,
      0,
      0,
      0,
      0,
      0,
      0,
      0,
      0,
      0,
      0,
      0,
      0,
      0,
      0,
      0,
      0,
      0,
      0,
      0,
      0,
      0,
      0,
      0,
      0,
      0,
      0,
      0,
      0,
      0
    ],
    "popPingLatencyMs": [
      25.046251,
      24.92507,
      27.643936,
      30.579313,
      30.556824,
      30.374315,
      29.114687,
      27.544125,
      28.292,
      30.632626,
      31.093561,
      28.223797,
      26.903288,
      27.701313,
      29.565687,
      31.545498,
      35.797623,
      39.092064,
      38.50281,
      38.746998,
      37.063335,
      38.26825,
      39.853664,
      41.0036,
      40.373005,
      37.034668,
      34.630997,
      41.59467,
      42.995426,
      43.445534,
      44.345936,
      41.756824,
      37.651825,
      31.680883,
      34.031124,
      34.2526,
      32.890537,
      32.518467,
      32.47727,
      32.81943,
      36.050533,
      36.165497,
      37.361134,
      37.980858,
      36.161396,
      36.515606,
      33.528625,
      32.08527,
      33.769535,
      31.886736,
      30.957285,
      32.17186,
      30.99536,
      30.100998,
      32.395435,
      34.381733,
      32.88853,
      32.060265,
      31.5332,
      33.601,
      33.85307,
      29.507265,
      28.240623,
      25.8634,
      27.299927,
      30.790998,
      29.781939,
      27.269335,
      25.242733,
      25.809685,
      27.5665,
      27.589624,
      26.408064,
      27.354563,
      28.205467,
      28.914532,
      39.43494,
      39.534943,
      32.234627,
      32.47,
      32.69175,
      32.95788,
      34.254128,
      33.7065,
      33.616135,
      44.445873,
      38.721,
      36.591885,
      31.12325,
      31.03656,
      30.116188,
      31.317472,
      31.29447,
      30.734587,
      29.443733,
      29.334534,
      28.075933,
      27.639265,
      28.209814,
      27.548374,
      25.571062,
      26.64206,
      27.382687,
      28.032997,
      28.759314,
      30.861881,
      30.03825,
      29.788534,
      28.412937,
      25.807373,
      27.114813,
      27.234375,
      26.307531,
      26.296467,
      27.184135,
      26.942436,
      28.0736,
      29.450266,
      31.606373,
      28.764704,
      27.874332,
      27.881733,
      29.852125,
      27.939873,
      28.342937,
      31.378468,
      28.878563,
      26.773266,
      26.217564,
      25.974312,
      26.824469,
      26.266502,
      28.558136,
      30.862316,
      28.835293,
      27.486498,
      30.712626,
      30.211185,
      24.217882,
      23.267,
      23.410126,
      23.232252,
      24.812597,
      24.675001,
      41.990585,
      45.23923,
      32.342243,
      32.74856,
      29.783188,
      31.4536,
      41.315643,
      34.921375,
      27.011177,
      24.428938,
      25.554188,
      25.860294,
      26.304237,
      25.461061,
      24.524374,
      26.554121,
      26.819876,
      26.384468,
      27.681686,
      27.769001,
      26.174812,
      25.543823,
      30.872498,
      31.297338,
      27.873535,
      27.07881,
      26.055372,
      24.388311,
      24.684187,
      27.677689,
      27.762814,
      27.423822,
      27.166824,
      28.35141,
      32.46733,
      29.390268,
      24.945938,
      28.110373,
      32.44588,
      32.701065,
      29.027706,
      28.622564,
      27.56625,
      26.861938,
      27.079124,
      28.18647,
      29.592312,
      28.702875,
      26.53153,
      28.476707,
      29.289816,
      30.279667,
      32.40744,
      30.813375,
      31.044498,
      31.61818,
      31.398378,
      30.956596,
      33.02333,
      33.1556,
      33.798065,
      33.629936,
      32.788197,
      34.03769,
      31.660126,
      31.68281,
      30.989246,
      33.898125,
      34.507687,
      29.363413,
      27.59031,
      27.213938,
      27.151127,
      27.422266,
      27.036467,
      36.396496,
      47.494,
      64.275665,
      74.571,
      68.05406,
      35.039764,
      34.889565,
      36.81029,
      34.28493,
      29.81882,
      27.706625,
      25.360935,
      25.971132,
      26.937935,
      26.918877,
      28.438377,
      28.649866,
      27.467934,
      27.630062,
      26.263937,
      30.428688,
      30.756933,
      34.857376,
      37.90335,
      35.406822,
      33.860687,
      29.915,
      31.409689,
      30.798689,
      27.05944,
      29.286314,
      31.573235,
      32.486187,
      28.827799,
      28.372133,
      32.2924,
      32.610935,
      28.961733,
      28.575314,
      27.774498,
      27.251497,
      26.961185,
      28.911823,
      28.339117,
      27.857056,
      27.477352,
      28.050497,
      28.980473,
      26.41322,
      27.196629,
      27.04313,
      26.0135,
      28.386997,
      28.746626,
      27.993126,
      29.4736,
      30.955599,
      31.108189,
      30.418331,
      32.075134,
      31.877932,
      28.929934,
      28.212067,
      27.705435,
      27.04512,
      27.64512,
      30.145563,
      28.370354,
      27.550003,
      24.044996,
      25.482,
      28.419874,
      28.280937,
      25.061281,
      25.219875,
      30.11394,
      31.137003,
      30.297749,
      32.38027,
      28.632133,
      28.046,
      26.868599,
      33.093212,
      38.156803,
      38.08333,
      37.93053,
      45.35792,
      45.35792,
      59.65467,
      50.385826,
      40.7565,
      40.92013,
      39.56765,
      38.205822,
      41.405003,
      39.84275,
      40.705734,
      38.193428,
      32.137333,
      31.324465,
      32.1435,
      32.6802,
      32.033535,
      32.314564,
      32.926117,
      33.547684,
      32.451206,
      33.2965,
      34.929874,
      33.44731,
      35.95,
      35.339066,
      34.2536,
      31.139875,
      27.1092,
      29.00143,
      32.610424,
      30.908752,
      31.048296,
      29.725586,
      28.203249,
      27.83494,
      26.424688,
      27.295732,
      26.427132,
      25.335867,
      26.879427,
      26.884874,
      28.325354,
      28.933764,
      28.336824,
      28.703127,
      28.265125,
      26.235867,
      28.02125,
      27.688251,
      28.129,
      29.185625,
      27.715937,
      26.531534,
      27.663563,
      29.233,
      34.557125,
      38.230373,
      34.75019,
      34.36035,
      34.927437,
      32.744312,
      32.294937,
      33.967316,
      35.16036,
      34.53129,
      34.453354,
      34.268127,
      35.80969,
      37.176624,
      42.74044,
      41.996998,
      40.53463,
      37.52444,
      39.000004,
      41.112312,
      41.255398,
      39.28507,
      40.265934,
      40.509666,
      37.461926,
      39.051334,
      39.927265,
      40.00173,
      40.536377,
      41.224667,
      35.9542,
      33.07856,
      32.727314,
      31.627687,
      32.3335,
      31.735374,
      29.54519,
      32.155373,
      36.218376,
      33.5384,
      31.4055,
      32.5968,
      32.63093,
      31.950813,
      33.47075,
      34.533497,
      30.86225,
      30.146875,
      29.8684,
      33.841263,
      34.693333,
      30.93181,
      31.493874,
      29.784063,
      31.13631,
      33.378185,
      31.991999,
      29.491068,
      30.751621,
      31.480122,
      35.297997,
      38.7264,
      33.427876,
      32.923473,
      33.23106,
      31.78044,
      30.473562,
      33.675877,
      33.590187,
      38.514565,
      39.27881,
      32.34844,
      30.801,
      32.16173,
      40.789173,
      43.212532,
      47.410625,
      36.821663,
      33.802376,
      35.80713,
      35.679604,
      34.974533,
      33.844532,
      34.340763,
      35.555412,
      35.901115,
      35.901115,
      35.901115,
      35.901115,
      35.901115,
      47.447556,
      42.98818,
      32.94975,
      29.881187,
      29.664877,
      30.009602,
      29.503752,
      29.344748,
      30.175869,
      30.101624,
      31.925875,
      29.6075,
      28.998531,
      28.797136,
      29.811937,
      36.011436,
      46.641853,
      47.558205,
      44.416878,
      44.34953,
      45.16981,
      42.721127,
      42.944878,
      43.894913,
      34.81743,
      29.727116,
      31.165403,
      32.501465,
      32.294064,
      35.012074,
      33.117065,
      31.818335,
      30.804869,
      30.74253,
      32.3196,
      32.230797,
      30.1685,
      29.2188,
      31.382801,
      34.891933,
      32.67069,
      29.742874,
      32.115467,
      31.505135,
      31.997135,
      34.74793,
      35.176746,
      28.55918,
      25.325062,
      26.4646,
      26.382063,
      26.227936,
      51.152496,
      41.937798,
      31.801,
      31.276669,
      29.218246,
      27.297768,
      28.361767,
      34.148533,
      32.617,
      33.028374,
      28.59231,
      27.768188,
      27.912064,
      28.40081,
      27.874687,
      26.10159,
      26.684,
      28.181705,
      28.537628,
      26.969313,
      27.664059,
      28.134,
      30.777376,
      30.164936,
      29.39947,
      27.03331,
      27.76181,
      27.749353,
      26.552649,
      26.646868,
      26.237604,
      26.477814,
      27.850687,
      29.486938,
      28.612186,
      26.392502,
      28.637936,
      32.450005,
      29.761534,
      27.755466,
      28.430668,
      29.88427,
      30.06493,
      29.89714,
      28.482798,
      29.12654,
      31.663614,
      31.663614,
      37.933,
      33.69,
      28.522436,
      28.696625,
      27.332666,
      30.273495,
      35.398,
      32.62213,
      27.10675,
      28.625689,
      27.817944,
      29.942438,
      29.509798,
      27.058252,
      27.860003,
      28.210127,
      28.233624,
      27.874401,
      28.089865,
      32.775425,
      35.161858,
      37.99871,
      34.7212,
      34.322197,
      32.704876,
      33.046337,
      34.400803,
      35.327065,
      38.057873,
      35.568687,
      34.594067,
      34.525574,
      34.776714,
      33.256603,
      32.680866,
      29.69125,
      27.2914,
      25.68657,
      25.158436,
      24.469648,
      24.860939,
      28.385117,
      28.168125,
      29.018875,
      26.741528,
      27.078056,
      27.111177,
      26.12553,
      25.71165,
      26.859934,
      31.083336,
      34.532803,
      34.862198,
      35.210373,
      34.755253,
      35.575314,
      35.603504,
      35.60394,
      35.565998,
      35.949123,
      34.95907,
      32.912533,
      33.21969,
      34.225597,
      35.03773,
      35.618,
      30.374376,
      25.96025,
      25.168648,
      26.0825,
      28.1815,
      29.01743,
      27.914125,
      28.998188,
      30.688126,
      27.716309,
      26.304749,
      26.304749,
      26.304749,
      26.304749,
      928.37964,
      704.5372,
      31.433187,
      28.031874,
      43.341537,
      45.390358,
      31.255823,
      30.989687,
      32.831688,
      35.522934,
      34.59006,
      32.911312,
      29.026802,
      31.427797,
      35.06994,
      38.782127,
      36.227932,
      32.967308,
      29.720062,
      29.025293,
      31.954998,
      34.386066,
      33.2725,
      35.806625,
      35.170876,
      32.81988,
      29.895939,
      31.056068,
      27.66031,
      26.187626,
      39.70931,
      46.266384,
      40.271305,
      42.106438,
      41.09613,
      38.39657,
      38.523,
      47.096004,
      39.94043,
      30.362118,
      30.088436,
      31.21575,
      32.60563,
      32.335667,
      33.401268,
      35.419064,
      36.85669,
      35.361465,
      35.539265,
      33.864998,
      34.600185,
      35.180996,
      37.17506,
      35.636063,
      35.508133,
      33.854504,
      34.201565,
      36.38527,
      37.214,
      35.337532,
      38.22294,
      37.27894,
      32.9076,
      31.643867,
      30.0582,
      30.2988,
      33.496853,
      33.71775,
      33.931435,
      33.563873,
      31.016268,
      30.413126,
      34.51019,
      38.526558,
      39.39113,
      38.558403,
      34.801933,
      32.93625,
      31.905748,
      31.495937,
      30.518599,
      30.202356,
      30.639599,
      31.499125,
      31.667646,
      29.803,
      31.149248,
      32.482372,
      29.721748,
      28.948353,
      38.466373,
      41.213127,
      32.536884,
      29.711002,
      32.15769,
      32.66119,
      33.33613,
      35.06975,
      35.570877,
      32.886753,
      30.928497,
      33.83847,
      34.687626,
      34.892395,
      34.962135,
      42.530373,
      43.3716,
      32.11347,
      29.702732,
      30.0695,
      29.557873,
      26.426565,
      26.443941,
      26.759115,
      26.178001,
      26.403313,
      25.999062,
      40.133595,
      36.84225,
      32.486687,
      31.4114,
      29.7896,
      27.182,
      26.918375,
      30.598686,
      34.185574,
      33.355427,
      31.95581,
      30.948936,
      30.942123,
      30.841753,
      29.238468,
      28.27525,
      30.183062,
      29.375814,
      29.45173,
      31.998629,
      31.3815,
      31.64643,
      32.937847,
      34.81027,
      33.42259,
      32.51875,
      34.849125,
      36.893063,
      37.59387,
      36.944332,
      39.853004,
      40.10786,
      40.451756,
      37.4108,
      32.061855,
      34.100685,
      30.634466,
      30.261335,
      33.19407,
      35.55733,
      36.282124,
      32.99767,
      33.682266,
      35.48053,
      33.579624,
      33.6202,
      33.769466,
      32.90393,
      31.943811,
      33.71763,
      36.26994,
      34.56429,
      33.324665,
      35.684624,
      35.447876,
      32.351868,
      33.57331,
      36.7346,
      36.9334,
      36.495934,
      37.923378,
      40.949562,
      39.42013,
      38.397003,
      38.68069,
      35.899376,
      36.23975,
      38.33993,
      38.53793,
      40.9996,
      42.88786,
      44.31607,
      42.154533,
      38.618313,
      38.02731,
      38.43133,
      43.50653,
      47.02007,
      41.17419,
      35.280533,
      33.4376,
      32.829124,
      32.678375,
      32.721603,
      30.185078,
      29.128431,
      30.89475,
      31.071249,
      30.88967,
      33.336266,
      34.832996,
      33.944057,
      33.25725,
      32.4736,
      32.919876,
      33.00556,
      33.00006,
      30.507812,
      29.915466,
      30.8325,
      86.98444,
      64.42268,
      39.74894,
      40.814198,
      39.355206,
      39.03237,
      44.362312,
      45.884804,
      40.021854,
      36.2736,
      34.856873,
      34.19594,
      35.165936,
      42.816418,
      39.983334,
      33.26959,
      34.339314,
      34.467937,
      32.72525,
      31.48933,
      34.480564,
      36.923126,
      38.789265,
      38.994072,
      36.10406,
      30.173374,
      32.013626,
      30.864935,
      31.187733,
      31.863533,
      30.684,
      30.150314,
      29.056,
      27.993057,
      27.775942,
      29.430498,
      31.575941,
      29.395874,
      28.059372,
      29.591625,
      28.420624,
      28.732136,
      27.967125,
      25.715883,
      26.050293,
      27.953749,
      26.529,
      26.83475,
      27.609,
      26.767176,
      26.325178,
      25.49253
    ],
    "downlinkThroughputBps": [
      472194.75,
      457380.47,
      582010,
      596849.44,
      779578.5,
      508056.03,
      541904.06,
      604625.7,
      0,
      1.3534096e+06,
      515379.3,
      587169,
      451550.38,
      561835.44,
      844229.5,
      644639.4,
      384315.7,
      390112.22,
      465282.53,
      415647.12,
      460333.25,
      474400.94,
      484349.84,
      465299.3,
      318498.66,
      370969.4,
      397108.3,
      597101.1,
      235468.22,
      355484.03,
      342188.1,
      188030.64,
      397645.2,
      388946.2,
      438019.56,
      307803.2,
      337775.7,
      412040.03,
      393518,
      517023.47,
      648296.8,
      595884.75,
      400363.1,
      186747.19,
      556718.4,
      572589.6,
      424035.75,
      426309.06,
      682144.8,
      388803.6,
      412711.12,
      431946.22,
      353093.28,
      397443.84,
      426871.1,
      378275.88,
      405555.66,
      419220.7,
      441769.25,
      475315.3,
      418365.03,
      423524.03,
      651861.94,
      722762.44,
      677078.1,
      405773.75,
      485448.75,
      758917.4,
      694509.6,
      667439.6,
      733667.6,
      629405.6,
      592554.5,
      505120.03,
      555451.7,
      688855.7,
      105386.086,
      202878.48,
      386740,
      463999.06,
      413298.3,
      466758.94,
      347682.62,
      342020.3,
      263477.78,
      0,
      157672.28,
      584862.1,
      511654.75,
      421133.28,
      361498.7,
      224143.61,
      253453.4,
      376413.62,
      365986.6,
      346885.72,
      297636.2,
      326971.16,
      401160,
      377638.34,
      320042.2,
      376740.78,
      338899.75,
      337607.9,
      246834.8,
      307484.44,
      291168.6,
      33101.445,
      20468.203,
      29326.574,
      21927.822,
      19402.85,
      36180.066,
      26986.152,
      29569.844,
      28328.33,
      24486.348,
      30844.912,
      26315.062,
      62277.027,
      27296.531,
      42580.574,
      26340.229,
      47437.58,
      25367.15,
      42899.34,
      443103.06,
      84456.51,
      25677.53,
      27153.924,
      35173.434,
      33185.332,
      25333.596,
      36482.055,
      46187.676,
      43813.7,
      34795.945,
      38168.168,
      37631.297,
      24830.28,
      25291.652,
      26357.006,
      20191.379,
      22598.91,
      15619.588,
      41506.832,
      0,
      204564.6,
      45088.77,
      71932.31,
      50851.742,
      28588.377,
      22355.64,
      24830.28,
      21600.666,
      19193.135,
      20669.53,
      27606.908,
      44870.664,
      21198.012,
      24477.959,
      22003.318,
      24670.896,
      23387.44,
      23538.434,
      19864.225,
      21994.93,
      41951.43,
      21105.738,
      30593.254,
      31658.607,
      29569.844,
      21063.795,
      26751.271,
      21097.35,
      46523.22,
      49534.73,
      536.8709,
      150441.3,
      259283.48,
      21474.836,
      31012.684,
      26516.39,
      18723.373,
      98322.875,
      22137.537,
      19688.062,
      40231.766,
      458697.47,
      29704.06,
      22070.428,
      21248.344,
      21701.328,
      22682.797,
      49803.164,
      51589.938,
      176513.1,
      28361.883,
      28613.541,
      29636.951,
      30391.928,
      34921.773,
      19520.291,
      21458.059,
      19008.586,
      27002.93,
      19117.637,
      24679.285,
      50843.35,
      79867.94,
      29150.412,
      23328.719,
      22900.9,
      20837.303,
      19746.783,
      33453.77,
      34116.47,
      283358.78,
      96393.49,
      18899.533,
      25081.938,
      18144.559,
      108531.81,
      193021.88,
      36146.51,
      24511.512,
      23521.656,
      52613.348,
      65464.695,
      92257.914,
      24536.678,
      118380.04,
      189481.88,
      70187.484,
      17112.76,
      22607.299,
      22531.8,
      26013.074,
      28605.152,
      80606.13,
      30190.6,
      27204.256,
      20501.758,
      31650.219,
      21223.178,
      21105.738,
      64030.246,
      58577.65,
      26709.328,
      26172.457,
      448631.16,
      25132.27,
      28672.262,
      20107.494,
      19386.072,
      30215.766,
      65120.766,
      27866.955,
      38352.715,
      26172.457,
      27195.867,
      33160.168,
      29133.635,
      25627.197,
      27682.406,
      25786.58,
      29871.834,
      32447.137,
      19738.395,
      56715.38,
      19151.191,
      24998.053,
      21567.111,
      27464.303,
      25996.297,
      33655.094,
      20333.986,
      24779.947,
      28689.04,
      43125.832,
      26449.281,
      21751.66,
      61077.453,
      25769.805,
      50281.316,
      126894.48,
      42236.64,
      25937.576,
      19285.41,
      18530.436,
      44811.945,
      54509.176,
      97525.95,
      74314.68,
      341777.06,
      371489.5,
      25585.254,
      11618.222,
      26801.604,
      75967.234,
      22473.08,
      23353.885,
      73165.44,
      22154.314,
      21424.504,
      35752.246,
      35752.246,
      0,
      174541.77,
      27162.312,
      30257.709,
      23941.088,
      84993.375,
      23379.05,
      76571.21,
      21198.012,
      65087.21,
      27179.09,
      21776.826,
      21005.074,
      20594.033,
      44560.285,
      20753.416,
      29955.719,
      32421.97,
      22842.18,
      36708.547,
      33730.594,
      25107.104,
      95764.35,
      26222.79,
      30123.492,
      29804.725,
      24410.85,
      17993.564,
      22204.645,
      22531.8,
      39787.168,
      22221.422,
      44015.027,
      22397.584,
      23748.148,
      23555.21,
      36297.508,
      34183.58,
      35643.195,
      18547.213,
      26206.012,
      22766.682,
      19671.285,
      39460.01,
      22053.65,
      19126.025,
      22405.973,
      19587.4,
      23479.713,
      24889,
      25459.426,
      37782.29,
      66630.71,
      28798.092,
      50281.316,
      19469.959,
      20308.82,
      21390.951,
      20308.82,
      21994.93,
      34225.52,
      19897.777,
      23093.838,
      19285.41,
      26927.432,
      3.8565382e+08,
      5.395219e+08,
      5.0172195e+08,
      5.2783242e+08,
      3.9100157e+08,
      4.5534022e+08,
      4.5934454e+08,
      5.080621e+08,
      5.1212093e+08,
      4.574637e+08,
      5.0444915e+08,
      4.6213347e+08,
      4.3281014e+08,
      4.5092915e+08,
      4.3238435e+08,
      5.0658963e+08,
      5.131106e+08,
      4.442831e+08,
      4.781551e+08,
      2.3111989e+08,
      4.1227885e+08,
      3.72442e+08,
      3.3076618e+08,
      2.9605584e+08,
      3.4407024e+08,
      3.2537258e+08,
      4.1734003e+08,
      3.7687805e+08,
      3.5415475e+08,
      3.432365e+08,
      3.3590288e+08,
      3.7390496e+08,
      4.4040205e+08,
      4.006889e+08,
      2.9215888e+08,
      2.9842605e+08,
      3.539432e+08,
      3.5520646e+08,
      3.4070406e+08,
      3.8035456e+08,
      3.1455123e+08,
      3.95919e+08,
      3.491214e+08,
      3.9789645e+08,
      2.8472608e+08,
      3.138456e+08,
      3.8743123e+08,
      3.4383427e+08,
      3.512295e+08,
      2.3116501e+08,
      2.725116e+08,
      2.88385e+08,
      2.8636976e+08,
      2.9838112e+08,
      2.734399e+08,
      2.4213024e+08,
      3.6596938e+08,
      6.3182656e+08,
      2.9742064e+08,
      2.8495085e+08,
      2.5768643e+08,
      2.3952282e+08,
      2.749279e+08,
      2.6581782e+08,
      3.1341712e+08,
      0,
      1.04155354e+09,
      5.3336544e+08,
      5.4133306e+08,
      5.057243e+08,
      5.2435898e+08,
      4.2590045e+08,
      5.0429475e+08,
      5.097693e+08,
      2.0717123e+08,
      0,
      0,
      0,
      0,
      3.8956326e+08,
      3.2448653e+08,
      0,
      3.5370915e+08,
      7.074539e+08,
      3.9408573e+08,
      3.6505814e+08,
      4.514286e+08,
      3.348528e+08,
      3.5334186e+08,
      4.0178147e+08,
      3.7537856e+08,
      4.1987168e+08,
      3.9521824e+08,
      3.2106298e+08,
      2.2373829e+08,
      2.5033514e+08,
      2.8319258e+08,
      2.5391654e+08,
      2.2878109e+08,
      1.9194413e+08,
      2.237005e+08,
      9.5575016e+07,
      2.2998246e+08,
      5.292065e+08,
      4.3009853e+08,
      4.9719018e+08,
      5.2913776e+08,
      4.9122342e+08,
      4.496332e+08,
      1.3546256e+08,
      2.6971e+08,
      3.048035e+08,
      2.353e+08,
      2.4710438e+08,
      3.1734992e+08,
      2.814196e+08,
      3.215629e+08,
      3.279576e+08,
      3.140909e+08,
      3.1321034e+08,
      9.185805e+07,
      30190.6,
      18220.057,
      58007.223,
      37245.418,
      33202.11,
      45659.19,
      25451.037,
      27674.018,
      23655.875,
      7088.3735,
      68459.43,
      178476.03,
      17683.186,
      36993.76,
      26155.68,
      20627.588,
      85807.07,
      29032.973,
      33336.33,
      25274.875,
      20711.473,
      20954.742,
      19193.135,
      27028.096,
      27766.293,
      26558.332,
      21936.209,
      19612.566,
      23748.148,
      26784.826,
      21885.879,
      26373.783,
      18530.436,
      24972.887,
      36960.207,
      22129.148,
      21047.018,
      25560.088,
      20812.137,
      38839.254,
      25593.643,
      38126.223,
      28026.34,
      48066.723,
      25652.363,
      25643.975,
      160406.97,
      47714.402,
      22531.8,
      29687.283,
      27850.178,
      90370.48,
      20283.654,
      21801.992,
      36129.734,
      18144.559,
      15770.583,
      0,
      161296.16,
      198382.19,
      81671.484,
      21424.504,
      20988.297,
      55549.363,
      118757.52,
      16450.06,
      31230.787,
      27187.479,
      41087.402,
      64273.516,
      20375.93,
      21776.826,
      21801.992,
      23689.43,
      24998.053,
      44333.793,
      56337.89,
      18538.824,
      26071.793,
      34015.805,
      39871.055,
      41473.277,
      21281.898,
      20661.14,
      28185.723,
      19864.225,
      31046.238,
      19671.285,
      22481.469,
      19881,
      19579.012,
      22095.594,
      78945.19,
      67721.234,
      32078.037,
      62503.52,
      32950.453,
      28185.723,
      31146.902,
      72787.95,
      23395.828,
      20057.162,
      21005.074,
      24134.025,
      25241.322,
      74499.23,
      56505.664,
      56178.508,
      59760.445,
      63434.652,
      19159.58,
      29653.729,
      19386.072,
      18530.436,
      76722.21,
      23605.543,
      41045.457,
      21198.012,
      20929.576,
      20057.162,
      19889.389,
      36347.84,
      33873.2,
      34812.723,
      39585.84,
      60473.477,
      19688.062,
      20157.824,
      17993.564,
      38302.383,
      26214.4,
      64684.555,
      34561.066,
      42672.848,
      23521.656,
      0,
      0,
      0,
      225536.11,
      61413,
      28001.174,
      25526.533,
      21650.998,
      25937.576,
      26373.783,
      26944.209,
      25568.477,
      25467.814,
      29301.408,
      30853.3,
      21625.832,
      31021.072,
      26180.846,
      29301.408,
      44786.777,
      20082.328,
      35257.32,
      27195.867,
      26357.006,
      67377.3,
      23739.76,
      21642.61,
      19864.225,
      25719.473,
      33378.27,
      79020.69,
      76579.6,
      412199.4,
      22028.484,
      15074.328,
      122649.836,
      35651.586,
      68476.21,
      29603.398,
      37572.574,
      14789.116,
      60179.875,
      43931.14,
      42471.523,
      20367.541,
      18530.436,
      18094.227,
      31742.492,
      127238.41,
      97140.08,
      29209.133,
      22338.863,
      37656.46,
      21390.951,
      27002.93,
      19780.338,
      20661.14,
      26038.238,
      23941.088,
      32673.629,
      21609.055,
      78215.38,
      29846.668,
      22011.707,
      26080.182,
      20468.203,
      19134.414,
      30618.42,
      20661.14,
      23613.932,
      21340.62,
      19671.285,
      20854.08,
      23764.926,
      40441.48,
      42656.07,
      18530.436,
      19503.514,
      45298.484,
      26055.016,
      29544.678,
      35802.58,
      25560.088,
      21944.598,
      32078.037,
      31868.322,
      62453.188,
      654219.1,
      444311,
      44468.01,
      29100.082,
      67159.195,
      29125.246,
      23177.725,
      21994.93,
      19864.225,
      21642.61,
      44937.773,
      21835.547,
      38025.56,
      38025.56,
      20468.203,
      19864.225,
      23555.21,
      22666.02,
      23538.434,
      50893.684,
      18748.54,
      30182.21,
      25031.605,
      33336.33,
      29192.355,
      719407,
      7.751074e+06,
      1.1908258e+07,
      2.161058e+07,
      4.390081e+07,
      6.861589e+07,
      1.0017473e+08,
      2.1501194e+07,
      2.2932952e+07,
      3.711051e+07,
      2.7897314e+07,
      3.8647224e+07,
      6.6337876e+07,
      6.668435e+07,
      6.639585e+07,
      3.8476256e+07,
      4.814715e+07,
      4.413168e+07,
      5.1429004e+07,
      6.975195e+07,
      8.284339e+07,
      6.981612e+07,
      7.3448664e+07,
      5.6919524e+07,
      1.0134764e+07,
      3.4365384e+07,
      6.5161356e+07,
      6.019887e+07,
      8.257321e+07,
      8.15275e+07,
      8.795913e+07,
      1.23855944e+08,
      1.4664318e+08,
      1.7781346e+08,
      1.9636683e+08,
      2.4848014e+08,
      2.7823242e+08,
      2.715355e+08,
      2.4674522e+08,
      2.6072712e+08,
      1.99468e+08,
      3.6419344e+07,
      2.0848384e+08,
      1.787151e+08,
      1.473618e+08,
      1.9834518e+08,
      1.7189122e+08,
      1.9815933e+08,
      1.8505446e+08,
      2.1927613e+08,
      1.8969715e+08,
      1.0095626e+08,
      1.3939707e+08,
      1.6038589e+08,
      7.660313e+07,
      1.4364661e+08,
      1.9010851e+06,
      1.2239242e+08,
      1.634044e+08,
      1.8945571e+08,
      2.2706174e+08,
      2.170058e+08,
      2.0813416e+08,
      0,
      4.0070435e+08,
      2.2008907e+08,
      1.8645253e+08,
      2.2299189e+08,
      1.6057403e+08,
      2.2196963e+08,
      1.6779365e+08,
      7.049497e+07,
      1.3183548e+08,
      1.1324567e+08,
      1.4136514e+08,
      1.5714939e+08,
      1.1992656e+08,
      1.4907163e+08,
      1.4502232e+08,
      6.0676816e+07,
      1.0673247e+08,
      1.0623197e+08,
      1.3921034e+08,
      1.6264987e+08,
      1.6436277e+08,
      1.4759891e+08,
      1.3725104e+08,
      1.6597536e+08,
      1.8484016e+08,
      2.0435894e+08,
      2.1839624e+08,
      1.9619074e+08,
      1.9873651e+08,
      1.7806816e+08,
      2.159598e+08,
      2.0971376e+08,
      2.1387696e+08,
      2.0338187e+08,
      2.1779082e+08,
      2.1450198e+08,
      2.0973554e+08,
      7.6288984e+07,
      1.1906735e+08,
      1.27256e+08,
      6.6600572e+07,
      1.3516102e+08,
      1.468719e+08,
      4.108165e+07,
      1.5276234e+07,
      6.6653304e+07,
      6.1649852e+07,
      7.966783e+07,
      1.0771599e+08,
      8.186783e+07,
      1.0696404e+08,
      1.0195639e+08,
      1.4351389e+08,
      2.0244626e+08,
      2.2398901e+08,
      2.5370157e+08,
      1.8279102e+08,
      1.1830135e+07,
      1.0983262e+08,
      1.567938e+08,
      1.9189246e+08,
      2.1801469e+08,
      2.0118699e+08,
      3.077385e+08,
      1.8912795e+08,
      1.9894448e+08,
      2.160521e+08,
      1.6235749e+08,
      2.0235467e+08,
      2.0965174e+08,
      1.9947437e+08,
      1.9914222e+08,
      2.0584914e+08,
      1.4783925e+08,
      1.9569366e+08,
      1.3786915e+08,
      5.954191e+07,
      29427.236,
      34040.973,
      24385.684,
      20526.924,
      56824.43,
      435846.9,
      458907.2,
      495095.66,
      510673.28,
      583318.6,
      532383,
      521813.38,
      507728.88,
      550057.8,
      499860.38,
      474979.75,
      611068.1,
      521268.1,
      494256.78
    ],
    "uplinkThroughputBps": [
      1.3148338e+07,
      1.2764861e+07,
      1.694831e+07,
      1.7593638e+07,
      2.2472352e+07,
      1.5159716e+07,
      1.5839672e+07,
      1.7425866e+07,
      0,
      3.6789096e+07,
      1.4694576e+07,
      1.6959862e+07,
      1.3169704e+07,
      1.6755624e+07,
      2.4356398e+07,
      1.8250976e+07,
      1.1278903e+07,
      1.2374254e+07,
      1.5173272e+07,
      1.5107749e+07,
      1.6981714e+07,
      1.8837844e+07,
      1.7895116e+07,
      1.3792834e+07,
      1.4736645e+07,
      1.3585787e+07,
      1.6424089e+07,
      1.933538e+07,
      1.0508476e+07,
      1.07031e+07,
      1.309934e+07,
      5.9179365e+06,
      1.2716173e+07,
      1.38344e+07,
      1.7475862e+07,
      1.0636923e+07,
      1.2897795e+07,
      1.4547616e+07,
      1.382753e+07,
      1.8736544e+07,
      2.4112634e+07,
      2.1405664e+07,
      1.2534199e+07,
      7.0991195e+06,
      1.8935344e+07,
      2.2524586e+07,
      1.3766503e+07,
      1.4537726e+07,
      1.1473586e+07,
      1.2997846e+07,
      1.3692054e+07,
      1.368067e+07,
      1.2389664e+07,
      1.5356505e+07,
      1.5291937e+07,
      1.2147753e+07,
      1.4682354e+07,
      1.4135618e+07,
      1.5872773e+07,
      1.4791188e+07,
      1.4181722e+07,
      1.7470224e+07,
      2.2667672e+07,
      2.6930074e+07,
      2.4490634e+07,
      1.6118048e+07,
      1.86844e+07,
      2.5749872e+07,
      2.5431768e+07,
      2.2753982e+07,
      2.486583e+07,
      2.240858e+07,
      2.3652426e+07,
      1.889289e+07,
      2.2369372e+07,
      2.4980596e+07,
      1.8407542e+06,
      5.481217e+06,
      1.4587018e+07,
      1.4574242e+07,
      1.536694e+07,
      1.5740619e+07,
      1.1384515e+07,
      1.3560638e+07,
      8.567696e+06,
      125711.68,
      713644.06,
      1.3408955e+07,
      1.5903576e+07,
      1.242357e+07,
      1.2071542e+07,
      6.479537e+06,
      6.697909e+06,
      1.0482899e+07,
      1.0944659e+07,
      9.605921e+06,
      1.0327962e+07,
      9.780756e+06,
      1.2862261e+07,
      1.1941544e+07,
      9.728e+06,
      1.2149338e+07,
      1.0374267e+07,
      1.1165095e+07,
      7.362933e+06,
      1.097006e+07,
      7.7217135e+06,
      77108.086,
      87031.805,
      100587.8,
      91544.88,
      97450.46,
      102039.03,
      119940.32,
      97811.17,
      100847.84,
      71538.05,
      66102.234,
      97249.13,
      102525.57,
      95000.984,
      103288.93,
      87434.46,
      71143.78,
      74180.46,
      94623.5,
      92702.51,
      110746.41,
      84741.72,
      73693.92,
      84439.73,
      94002.74,
      106183,
      107944.61,
      49115.3,
      66018.34,
      93818.195,
      90370.48,
      83298.875,
      90018.16,
      85572.19,
      64273.516,
      80220.26,
      69726.11,
      97274.3,
      100445.195,
      0,
      170741.73,
      79498.836,
      84792.05,
      101116.28,
      97022.64,
      96544.49,
      74255.96,
      75556.195,
      81109.45,
      90865.4,
      96343.164,
      74197.234,
      47823.453,
      86436.22,
      85387.64,
      94061.46,
      104102.625,
      97039.414,
      78517.37,
      51908.707,
      91519.71,
      91217.73,
      98331.266,
      80882.96,
      70833.41,
      65380.812,
      86343.945,
      92668.95,
      112130.52,
      68694.31,
      80161.54,
      56606.33,
      115368.52,
      106333.99,
      83181.44,
      83391.15,
      57638.125,
      71647.1,
      80606.13,
      108447.92,
      145324.25,
      49090.133,
      79381.4,
      89858.766,
      26927.432,
      16030.63,
      14587.789,
      15242.101,
      17121.148,
      77611.4,
      28563.21,
      11307.844,
      14596.178,
      10032.775,
      10032.775,
      19159.58,
      10032.775,
      10032.775,
      17859.346,
      10955.522,
      17951.621,
      14596.178,
      10032.775,
      10032.775,
      25635.586,
      15200.157,
      10586.423,
      14587.789,
      10032.775,
      16064.185,
      224328.16,
      14067.695,
      12901.679,
      14587.789,
      10032.775,
      24620.564,
      52680.457,
      10586.423,
      10846.47,
      14596.178,
      17389.584,
      10586.423,
      14587.789,
      10032.775,
      23790.092,
      87434.46,
      11634.999,
      10032.775,
      14042.53,
      10754.195,
      17943.232,
      24201.135,
      11509.17,
      10032.775,
      14587.789,
      14587.789,
      10586.423,
      14092.861,
      10032.775,
      55666.8,
      38285.605,
      9210.691,
      10032.775,
      19201.523,
      10032.775,
      15527.313,
      15695.086,
      10586.423,
      10032.775,
      30903.633,
      18211.668,
      9764.34,
      14596.178,
      10032.775,
      10032.775,
      21315.453,
      10032.775,
      10032.775,
      14596.178,
      10032.775,
      18211.668,
      14319.354,
      10586.423,
      10032.775,
      26080.182,
      14646.51,
      10586.423,
      14042.53,
      10754.195,
      10032.775,
      23320.33,
      9210.691,
      15242.101,
      15384.707,
      10032.775,
      17565.746,
      14587.789,
      10586.423,
      20040.385,
      14587.789,
      18270.389,
      9764.34,
      14587.789,
      10032.775,
      10854.858,
      29183.967,
      10586.423,
      10854.858,
      24679.285,
      10032.775,
      18765.316,
      76738.984,
      40584.086,
      95714.016,
      101359.55,
      96057.95,
      115334.97,
      89204.46,
      86746.59,
      142824.44,
      0,
      201091.72,
      85622.52,
      111224.555,
      72058.14,
      61538.83,
      77653.34,
      122213.63,
      91880.42,
      80782.3,
      74289.516,
      69633.836,
      91528.1,
      107491.625,
      107558.734,
      107164.47,
      97962.164,
      49358.57,
      105167.98,
      112466.07,
      124050.734,
      60213.43,
      50021.27,
      78357.984,
      90320.14,
      142933.48,
      96997.48,
      83214.99,
      10032.775,
      47873.785,
      107013.47,
      120460.414,
      186420.03,
      152504.89,
      93960.8,
      119537.664,
      134343.56,
      130317.02,
      91419.05,
      93658.805,
      90571.8,
      65246.594,
      99136.57,
      92257.914,
      127901.11,
      93667.195,
      55406.754,
      78634.81,
      53770.977,
      87342.19,
      124805.71,
      59265.516,
      61295.56,
      77879.836,
      87350.58,
      123941.68,
      95848.234,
      90034.93,
      55222.207,
      83449.875,
      101787.37,
      85597.36,
      87073.75,
      101317.61,
      89615.5,
      68249.71,
      52395.246,
      67654.125,
      67620.57,
      62662.902,
      80010.55,
      61723.38,
      72762.79,
      54861.496,
      65548.586,
      74742.5,
      57998.836,
      77829.51,
      63753.42,
      78248.94,
      85689.63,
      63870.86,
      79129.74,
      68643.98,
      82820.73,
      65632.47,
      82812.336,
      83575.7,
      61647.88,
      75698.8,
      73056.39,
      81906.37,
      64458.062,
      79683.39,
      62629.348,
      70615.305,
      81277.23,
      60850.96,
      56337.89,
      68971.13,
      387461.4,
      88952.8,
      69197.625,
      58502.152,
      78114.72,
      73207.38,
      60557.36,
      65431.14,
      73786.195,
      61790.49,
      67838.67,
      68014.836,
      73442.266,
      71655.49,
      63099.11,
      60750.3,
      69096.96,
      76462.164,
      57445.188,
      64374.18,
      91670.71,
      58435.043,
      93071.61,
      69105.35,
      57512.297,
      72318.19,
      75707.19,
      70153.93,
      50071.6,
      56799.266,
      0,
      114227.67,
      280850.6,
      92266.3,
      105746.79,
      80597.74,
      60901.293,
      61387.832,
      19939.72,
      71143.78,
      91435.83,
      117063.02,
      86989.87,
      104362.67,
      64424.508,
      73937.19,
      0,
      58242.105,
      259509.98,
      126349.21,
      69466.06,
      80203.484,
      61580.77,
      56874.76,
      67452.8,
      82476.8,
      60607.69,
      64541.95,
      68090.33,
      53192.164,
      53930.36,
      61329.113,
      65238.203,
      65993.18,
      66446.164,
      88952.8,
      69315.07,
      50885.297,
      66144.17,
      38453.38,
      88181.05,
      51103.4,
      71261.23,
      59659.78,
      62637.734,
      77586.234,
      62134.418,
      64214.793,
      74021.08,
      73769.42,
      90202.7,
      72376.91,
      70715.97,
      65414.363,
      57688.457,
      81671.484,
      82552.29,
      92115.305,
      79851.16,
      87325.41,
      4.9675745e+06,
      3.3875907e+08,
      3.2216634e+08,
      3.264375e+08,
      3.2270723e+08,
      3.081598e+08,
      4.020703e+08,
      6.58164e+08,
      3.2579357e+08,
      3.1142422e+08,
      3.1324746e+08,
      3.246176e+08,
      3.1784432e+08,
      3.3876787e+08,
      3.1266083e+08,
      3.1061603e+08,
      3.18278e+08,
      3.2619843e+08,
      3.1222947e+08,
      3.3221203e+08,
      3.233138e+08,
      3.2949744e+08,
      3.2054416e+08,
      3.2579235e+08,
      3.164789e+08,
      3.0916938e+08,
      3.289609e+08,
      3.1748813e+08,
      3.2028157e+08,
      3.1634166e+08,
      3.3076435e+08,
      3.222343e+08,
      3.072056e+08,
      3.2279267e+08,
      3.2946083e+08,
      3.2574787e+08,
      3.2891318e+08,
      3.2710742e+08,
      3.2334317e+08,
      3.1770253e+08,
      3.1677117e+08,
      3.20388e+08,
      3.2090563e+08,
      3.2882762e+08,
      3.2583885e+08,
      3.2506403e+08,
      3.1563014e+08,
      3.322186e+08,
      3.209677e+08,
      3.2643987e+08,
      3.1399888e+08,
      3.288398e+08,
      3.3299757e+08,
      3.112457e+08,
      4.3603952e+08,
      6.5697395e+08,
      3.2558707e+08,
      3.1928765e+08,
      3.209882e+08,
      3.392976e+08,
      3.253999e+08,
      3.2143853e+08,
      3.2029757e+08,
      3.356127e+08,
      3.23552e+08,
      3.16149e+08,
      3.2916362e+08,
      3.2417968e+08,
      3.2896582e+08,
      3.0664118e+08,
      3.100625e+08,
      3.1795578e+08,
      3.336564e+08,
      3.1700368e+08,
      3.1278317e+08,
      3.314834e+08,
      3.265685e+08,
      3.092859e+08,
      3.1693907e+08,
      3.200087e+08,
      3.2467936e+08,
      3.15189e+08,
      3.2285027e+08,
      3.3365e+08,
      3.1459197e+08,
      3.2994384e+08,
      3.2498218e+08,
      3.2561302e+08,
      3.3298947e+08,
      3.2740486e+08,
      3.2820448e+08,
      3.252165e+08,
      3.1372394e+08,
      3.0937805e+08,
      3.222768e+08,
      3.3477846e+08,
      3.3526957e+08,
      3.224341e+08,
      3.291108e+08,
      3.3063258e+08,
      3.1764227e+08,
      3.1458573e+08,
      3.2922157e+08,
      3.1456493e+08,
      3.2559456e+08,
      3.23089e+08,
      3.2372083e+08,
      3.1240154e+08,
      3.2422333e+08,
      3.0146874e+08,
      3.0582922e+08,
      3.1909043e+08,
      3.1928694e+08,
      3.2064064e+08,
      3.2460755e+08,
      2.329146e+08,
      2.5589275e+08,
      3.1850835e+08,
      3.3123504e+08,
      3.163121e+08,
      3.2458483e+08,
      104689.83,
      95940.51,
      80337.695,
      84305.51,
      82426.46,
      121970.36,
      86822.09,
      87115.695,
      101141.445,
      106090.73,
      94866.766,
      111803.37,
      87333.8,
      72846.67,
      78685.14,
      55415.145,
      94816.44,
      92148.86,
      93314.875,
      96066.336,
      82954.945,
      84909.49,
      55054.434,
      95923.734,
      117071.414,
      70850.18,
      77275.86,
      77015.81,
      60020.492,
      125946.56,
      93230.99,
      72142.03,
      80304.14,
      50759.47,
      91586.82,
      79440.12,
      96443.83,
      86830.484,
      76663.49,
      81134.62,
      103389.59,
      94959.04,
      87342.19,
      116635.2,
      77049.37,
      35357.984,
      70556.58,
      88432.7,
      94296.34,
      106912.81,
      74037.85,
      70413.98,
      77242.305,
      126332.44,
      127699.78,
      101493.766,
      86285.22,
      57688.457,
      155927.45,
      106963.14,
      93121.94,
      102332.63,
      68769.805,
      78433.484,
      89841.99,
      91200.945,
      124335.945,
      102198.414,
      75338.086,
      88181.05,
      64659.39,
      123882.96,
      124419.836,
      96334.77,
      59634.613,
      85605.74,
      70086.82,
      108439.54,
      111459.44,
      110318.586,
      70137.15,
      96376.72,
      77921.78,
      113070.05,
      123497.086,
      98532.586,
      95839.84,
      75740.74,
      75338.086,
      132229.62,
      116777.81,
      101963.53,
      91167.39,
      72578.234,
      88013.27,
      115351.75,
      86553.66,
      84506.836,
      59802.387,
      77418.46,
      78936.805,
      103020.49,
      111132.28,
      107281.91,
      79574.336,
      68778.195,
      27388.805,
      49794.777,
      118245.82,
      111652.375,
      111652.375,
      102852.73,
      92568.29,
      116115.11,
      97676.95,
      124302.39,
      80077.65,
      88785.02,
      42991.617,
      116215.77,
      120460.414,
      90823.46,
      94254.4,
      279021.88,
      245895.27,
      338941.72,
      495531.84,
      716059.94,
      754538.5,
      262848.66,
      463822.9,
      917302.7,
      437382.03,
      640419.9,
      765032.7,
      617854.56,
      670711.1,
      452691.22,
      667322.1,
      518810.25,
      592017.6,
      729406.25,
      741469.06,
      602847.3,
      627140.75,
      537399.4,
      264417.3,
      519707.8,
      510807.5,
      745772.44,
      519615.53,
      474476.44,
      535184.8,
      591229.06,
      702805.94,
      817528.56,
      663153,
      766014.1,
      843952.7,
      839389.3,
      749245.3,
      776189.5,
      558236.7,
      686381.06,
      758472.75,
      741804.6,
      530235.5,
      835715.06,
      751669.6,
      807495.8,
      737350.25,
      866853.56,
      803771.25,
      377042.75,
      787052.75,
      639589.44,
      418633.47,
      795726.56,
      169516.98,
      726763.8,
      763900.2,
      639765.56,
      873698.7,
      768413.25,
      722619.9,
      0,
      1.3031954e+06,
      656089.8,
      595373.06,
      865578.5,
      952736.1,
      775627.5,
      569334.8,
      308507.84,
      634237.5,
      531250.56,
      765603.06,
      786591.4,
      598418.1,
      731646,
      729741.8,
      320419.66,
      749329.2,
      637609.7,
      814995.2,
      804786.25,
      1.2179e+06,
      585558.4,
      590071.44,
      720438.8,
      753959.7,
      828240.8,
      812109.5,
      682975.3,
      608115.4,
      648347.1,
      867684.06,
      855067.56,
      835471.8,
      805784.5,
      850973.94,
      860016.9,
      781046.5,
      524027.97,
      645151.06,
      777061.94,
      545326.6,
      713157.5,
      705985.25,
      319169.75,
      305806.72,
      888211,
      555636.25,
      512611.06,
      539345.56,
      240291.67,
      635890.06,
      697504.4,
      752567.2,
      752818.9,
      840882.44,
      738096.8,
      492436.47,
      282335.38,
      760360.2,
      792085.94,
      735991.3,
      839951.3,
      685877.75,
      1.2238811e+06,
      666693,
      707017.06,
      817897.7,
      579258.56,
      676776.1,
      764932,
      592856.5,
      624364.06,
      715405.6,
      610640.3,
      666718.2,
      522216,
      375960.62,
      93977.58,
      106518.55,
      117088.19,
      105193.14,
      989662.8,
      1.3276289e+07,
      1.1911857e+07,
      1.4000578e+07,
      1.4248487e+07,
      1.5715168e+07,
      1.4430763e+07,
      1.460986e+07,
      1.4285548e+07,
      1.4904552e+07,
      1.3909478e+07,
      1.2702039e+07,
      1.6526506e+07,
      1.389588e+07,
      1.2645843e+07
    ],
    "outages": [
      {
        "cause": "BOOTING",
        "startTimestampNs": "1400856664946424875",
        "durationNs": "425194235686",
        "didSwitch": false
      },
      {
        "cause": "NO_SCHEDULE",
        "startTimestampNs": "1400857090760666925",
        "durationNs": "42380015284",
        "didSwitch": false
      },
      {
        "cause": "NO_PINGS",
        "startTimestampNs": "1400857133820646220",
        "durationNs": "7319993313",
        "didSwitch": false
      },
      {
        "cause": "NO_DOWNLINK",
        "startTimestampNs": "1400857141200677673",
        "durationNs": "3939972021",
        "didSwitch": false
      },
      {
        "cause": "NO_DOWNLINK",
        "startTimestampNs": "1400857145360646414",
        "durationNs": "779967232",
        "didSwitch": false
      },
      {
        "cause": "NO_DOWNLINK",
        "startTimestampNs": "1400857147120816343",
        "durationNs": "999812764",
        "didSwitch": false
      },
      {
        "cause": "NO_PINGS",
        "startTimestampNs": "1400857148640657343",
        "durationNs": "9080037244",
        "didSwitch": false
      },
      {
        "cause": "NO_DOWNLINK",
        "startTimestampNs": "1400857234880923481",
        "durationNs": "1239707320",
        "didSwitch": true
      },
      {
        "cause": "NO_DOWNLINK",
        "startTimestampNs": "1400857236520610588",
        "durationNs": "1620038064",
        "didSwitch": true
      },
      {
        "cause": "NO_DOWNLINK",
        "startTimestampNs": "1400857238540661381",
        "durationNs": "3599986915",
        "didSwitch": true
      },
      {
        "cause": "NO_PINGS",
        "startTimestampNs": "1400857243080637652",
        "durationNs": "2340099827",
        "didSwitch": true
      },
      {
        "cause": "NO_DOWNLINK",
        "startTimestampNs": "1400857247560731397",
        "durationNs": "579923311",
        "didSwitch": true
      },
      {
        "cause": "NO_DOWNLINK",
        "startTimestampNs": "1400857248920795366",
        "durationNs": "1199958943",
        "didSwitch": true
      },
      {
        "cause": "NO_PINGS",
        "startTimestampNs": "1400857251140662016",
        "durationNs": "24080078263",
        "didSwitch": true
      },
      {
        "cause": "NO_DOWNLINK",
        "startTimestampNs": "1400857282740862419",
        "durationNs": "2399762584",
        "didSwitch": true
      },
      {
        "cause": "NO_DOWNLINK",
        "startTimestampNs": "1400857285300612973",
        "durationNs": "5160144488",
        "didSwitch": true
      },
      {
        "cause": "NO_DOWNLINK",
        "startTimestampNs": "1400857291980750444",
        "durationNs": "1159834302",
        "didSwitch": true
      },
      {
        "cause": "NO_PINGS",
        "startTimestampNs": "1400857293300633742",
        "durationNs": "6819981563",
        "didSwitch": true
      },
      {
        "cause": "NO_SCHEDULE",
        "startTimestampNs": "1400857300760640369",
        "durationNs": "4500101356",
        "didSwitch": true
      },
      {
        "cause": "NO_DOWNLINK",
        "startTimestampNs": "1400857311080832386",
        "durationNs": "1059755530",
        "didSwitch": true
      },
      {
        "cause": "NO_DOWNLINK",
        "startTimestampNs": "1400857312300592519",
        "durationNs": "1839986347",
        "didSwitch": true
      },
      {
        "cause": "NO_PINGS",
        "startTimestampNs": "1400857314220617625",
        "durationNs": "2919966032",
        "didSwitch": true
      },
      {
        "cause": "NO_SCHEDULE",
        "startTimestampNs": "1400857317920619973",
        "durationNs": "2219967995",
        "didSwitch": true
      },
      {
        "cause": "NO_DOWNLINK",
        "startTimestampNs": "1400857320980580767",
        "durationNs": "1159974729",
        "didSwitch": true
      },
      {
        "cause": "NO_DOWNLINK",
        "startTimestampNs": "1400857322980600390",
        "durationNs": "4180025594",
        "didSwitch": true
      },
      {
        "cause": "NO_DOWNLINK",
        "startTimestampNs": "1400857327780785922",
        "durationNs": "3359768526",
        "didSwitch": true
      },
      {
        "cause": "NO_DOWNLINK",
        "startTimestampNs": "1400857331480768759",
        "durationNs": "2659832635",
        "didSwitch": true
      },
      {
        "cause": "NO_PINGS",
        "startTimestampNs": "1400857334200615086",
        "durationNs": "16120105989",
        "didSwitch": true
      },
      {
        "cause": "NO_PINGS",
        "startTimestampNs": "1400857351580899673",
        "durationNs": "5559748026",
        "didSwitch": true
      },
      {
        "cause": "NO_DOWNLINK",
        "startTimestampNs": "1400857358040561656",
        "durationNs": "7160035756",
        "didSwitch": true
      },
      {
        "cause": "NO_PINGS",
        "startTimestampNs": "1400857366040671410",
        "durationNs": "3700155778",
        "didSwitch": true
      },
      {
        "cause": "NO_DOWNLINK",
        "startTimestampNs": "1400857425680806132",
        "durationNs": "639995708",
        "didSwitch": true
      },
      {
        "cause": "NO_DOWNLINK",
        "startTimestampNs": "1400857441580935276",
        "durationNs": "1959786943",
        "didSwitch": true
      },
      {
        "cause": "NO_DOWNLINK",
        "startTimestampNs": "1400857450620768012",
        "durationNs": "1219952600",
        "didSwitch": false
      },
      {
        "cause": "NO_DOWNLINK",
        "startTimestampNs": "1400857532440780039",
        "durationNs": "780024009",
        "didSwitch": true
      },
      {
        "cause": "NO_DOWNLINK",
        "startTimestampNs": "1400857534380930227",
        "durationNs": "2759684615",
        "didSwitch": true
      },
      {
        "cause": "NO_SCHEDULE",
        "startTimestampNs": "1400857537600610798",
        "durationNs": "7680273479",
        "didSwitch": true
      },
      {
        "cause": "NO_DOWNLINK",
        "startTimestampNs": "1400857548660825095",
        "durationNs": "1440026126",
        "didSwitch": true
      },
      {
        "cause": "NO_DOWNLINK",
        "startTimestampNs": "1400857642740856023",
        "durationNs": "879887000",
        "didSwitch": true
      },
      {
        "cause": "NO_DOWNLINK",
        "startTimestampNs": "1400857710280847756",
        "durationNs": "919905738",
        "didSwitch": true
      },
      {
        "cause": "NO_DOWNLINK",
        "startTimestampNs": "1400857749540766020",
        "durationNs": "1180006627",
        "didSwitch": true
      },
      {
        "cause": "NO_DOWNLINK",
        "startTimestampNs": "1400857788640778331",
        "durationNs": "1080083695",
        "didSwitch": true
      },
      {
        "cause": "NO_DOWNLINK",
        "startTimestampNs": "1400857847140736859",
        "durationNs": "459964469",
        "didSwitch": true
      },
      {
        "cause": "NO_DOWNLINK",
        "startTimestampNs": "1400857865820745928",
        "durationNs": "1019968022",
        "didSwitch": true
      },
      {
        "cause": "NO_DOWNLINK",
        "startTimestampNs": "1400857910100725119",
        "durationNs": "1080180944",
        "didSwitch": true
      },
      {
        "cause": "NO_DOWNLINK",
        "startTimestampNs": "1400858050460704793",
        "durationNs": "3679873199",
        "didSwitch": true
      },
      {
        "cause": "NO_SCHEDULE",
        "startTimestampNs": "1400858054600760850",
        "durationNs": "580157151",
        "didSwitch": true
      },
      {
        "cause": "NO_PINGS",
        "startTimestampNs": "1400858077700736578",
        "durationNs": "759965220",
        "didSwitch": true
      },
      {
        "cause": "NO_DOWNLINK",
        "startTimestampNs": "1400858106480959349",
        "durationNs": "1619800748",
        "didSwitch": true
      },
      {
        "cause": "NO_DOWNLINK",
        "startTimestampNs": "1400858153980794092",
        "durationNs": "1659988167",
        "didSwitch": true
      },
      {
        "cause": "NO_DOWNLINK",
        "startTimestampNs": "1400858160880926082",
        "durationNs": "439820576",
        "didSwitch": true
      },
      {
        "cause": "OBSTRUCTED",
        "startTimestampNs": "1400858231680789865",
        "durationNs": "2459821713",
        "didSwitch": true
      },
      {
        "cause": "NO_SCHEDULE",
        "startTimestampNs": "1400858234740778904",
        "durationNs": "560023692",
        "didSwitch": true
      },
      {
        "cause": "NO_DOWNLINK",
        "startTimestampNs": "1400858272300733758",
        "durationNs": "580150376",
        "didSwitch": true
      },
      {
        "cause": "NO_DOWNLINK",
        "startTimestampNs": "1400858351220772045",
        "durationNs": "1019969961",
        "didSwitch": true
      },
      {
        "cause": "NO_DOWNLINK",
        "startTimestampNs": "1400858451260757533",
        "durationNs": "1180015916",
        "didSwitch": true
      },
      {
        "cause": "NO_DOWNLINK",
        "startTimestampNs": "1400858464860731355",
        "durationNs": "720176205",
        "didSwitch": true
      },
      {
        "cause": "OBSTRUCTED",
        "startTimestampNs": "1400858588980735118",
        "durationNs": "1139918737",
        "didSwitch": true
      },
      {
        "cause": "NO_DOWNLINK",
        "startTimestampNs": "1400858648380934016",
        "durationNs": "639862837",
        "didSwitch": true
      },
      {
        "cause": "NO_DOWNLINK",
        "startTimestampNs": "1400858681200764378",
        "durationNs": "1080114365",
        "didSwitch": true
      },
      {
        "cause": "NO_DOWNLINK",
        "startTimestampNs": "1400858723420753992",
        "durationNs": "700123301",
        "didSwitch": true
      },
      {
        "cause": "NO_DOWNLINK",
        "startTimestampNs": "1400858726120868413",
        "durationNs": "659890891",
        "didSwitch": true
      },
      {
        "cause": "NO_DOWNLINK",
        "startTimestampNs": "1400858801420752976",
        "durationNs": "720064885",
        "didSwitch": true
      }
    ]
  }
}
End time: 1716823584363
