Start time: 1716822726347
{
  "id": "0",
  "status": null,
  "apiVersion": "17",
  "dishGetHistory": {
    "current": "1240",
    "popPingDropRate": [
      0,
      0,
      0,
      0,
      0,
      0,
      0,
      0,
      0,
      0,
      0,
      0,
      0,
      0,
      0,
      0.05882353,
      0.0625,
      0.06666667,
      0,
      0,
      0,
      0,
      0,
      0,
      0,
      0,
      0,
      0,
      0,
      0,
      0,
      0,
      0,
      0,
      0,
      0,
      0,
      0,
      0.0625,
      0.06666667,
      0.2,
      0.1875,
      0,
      0,
      0,
      0,
      0,
      0.06666667,
      0.0625,
      0,
      0,
      0,
      0,
      0,
      0,
      0,
      0,
      0,
      0,
      0,
      0,
      0,
      0,
      0,
      0,
      0,
      0,
      0,
      0.0625,
      0.0625,
      0,
      0,
      0,
      0,
      0,
      0,
      0,
      0.06666667,
      0.06666667,
      0,
      0,
      0,
      0,
      0,
      0,
      0,
      0,
      0.06666667,
      0.05882353,
      0,
      0,
      0,
      0,
      0,
      0,
      0,
      0,
      0,
      0,
      0,
      0,
      0.06666667,
      0.05882353,
      0.0625,
      0.06666667,
      0,
      0,
      0,
      0.375,
      0.375,
      0,
      0,
      0,
      0,
      0,
      0,
      0,
      0,
      0,
      0,
      0,
      0,
      0.05882353,
      0.0625,
      0,
      0,
      0,
      0,
      0,
      0,
      0,
      0,
      0,
      0,
      0,
      0,
      0,
      0,
      0,
      0,
      0,
      0,
      0,
      0,
      0,
      0,
      0,
      0.26666668,
      0.375,
      0.125,
      0.06666667,
      0.071428575,
      0.125,
      0.11764706,
      0,
      0,
      0,
      0,
      0,
      0,
      0,
      0,
      0,
      0,
      0,
      0,
      0,
      0,
      0,
      0,
      0,
      0,
      0,
      0,
      0,
      0,
      0,
      0,
      0,
      0,
      0,
      0,
      0,
      0,
      0,
      0,
      0.2857143,
      0.4,
      0.125,
      0,
      0,
      0,
      0,
      0,
      0,
      0,
      0,
      0.0625,
      0.06666667,
      0,
      0,
      0,
      0,
      0,
      0,
      0,
      0,
      0,
      0,
      0,
      0,
      0,
      0,
      0,
      0,
      0,
      0,
      0,
      0,
      0,
      0,
      0,
      0,
      0,
      0,
      0,
      0,
      0,
      0,
      0,
      0,
      0,
      0,
      0,
      0,
      0,
      0,
      0,
      0,
      0,
      0,
      0,
      0,
      0,
      0,
      0.1875,
      0.1875,
      0,
      0,
      0,
      0,
      0,
      0,
      0,
      0,
      0.06666667,
      0.06666667,
      0.06666667,
      0.0625,
      0,
      0,
      0,
      0,
      0.2,
      0.4375,
      0.1875,
      0,
      0,
      0,
      0,
      0,
      0,
      0.06666667,
      0.0625,
      0,
      0,
      0,
      0,
      0,
      0,
      0,
      0,
      0,
      0,
      0,
      0,
      0,
      0,
      0,
      0,
      0,
      0,
      0,
      0,
      0,
      0,
      0,
      0,
      0,
      0,
      0,
      0,
      0.06666667,
      0.06666667,
      0,
      0.06666667,
      0.06666667,
      0.125,
      0.5625,
      0.4117647,
      0.05882353,
      0.125,
      0.06666667,
      0,
      0,
      0,
      0.06666667,
      0.1875,
      0.125,
      0,
      0,
      0,
      0,
      0,
      0,
      0,
      0,
      0,
      0,
      0,
      0,
      0,
      0,
      0,
      0,
      0,
      0,
      0,
      0,
      0,
      1,
      1,
      1,
      1,
      1,
      1,
      1,
      1,
      1,
      1,
      1,
      1,
      1,
      1,
      1,
      1,
      1,
      1,
      1,
      1,
      1,
      1,
      1,
      1,
      1,
      1,
      1,
      1,
      1,
      1,
      1,
      1,
      1,
      1,
      1,
      1,
      1,
      1,
      1,
      1,
      1,
      1,
      1,
      1,
      1,
      1,
      1,
      1,
      1,
      1,
      1,
      1,
      1,
      1,
      1,
      1,
      1,
      1,
      1,
      1,
      1,
      1,
      1,
      1,
      1,
      1,
      1,
      1,
      1,
      1,
      1,
      1,
      1,
      1,
      1,
      1,
      1,
      1,
      1,
      1,
      1,
      1,
      1,
      1,
      1,
      1,
      1,
      1,
      1,
      1,
      1,
      1,
      1,
      1,
      1,
      1,
      1,
      1,
      1,
      1,
      1,
      1,
      1,
      1,
      1,
      1,
      1,
      1,
      1,
      1,
      1,
      1,
      1,
      1,
      1,
      0.8125,
      0.33333334,
      0.0625,
      0,
      0,
      0.06666667,
      0.0625,
      0.13333334,
      0.25,
      0.23529412,
      0.1875,
      0.13333334,
      0.13333334,
      0.13333334,
      0.125,
      0.11764706,
      0,
      0,
      0,
      0,
      0,
      0,
      0.25,
      0.23529412,
      0,
      0,
      0,
      0,
      0.06666667,
      0.06666667,
      0,
      0,
      0,
      0,
      0,
      0,
      0,
      0,
      0,
      0,
      0,
      0,
      0.4117647,
      0.47058824,
      0.06666667,
      0.13333334,
      0.1875,
      0.4375,
      0.4375,
      0.13333334,
      0.13333334,
      0.3125,
      0.3529412,
      0.1875,
      0.06666667,
      0.06666667,
      0.0625,
      0.125,
      0.13333334,
      0,
      0,
      0,
      0,
      0,
      0,
      0,
      0,
      0,
      0,
      0,
      0,
      0,
      0,
      0.125,
      0.1875,
      0.3125,
      0.3529412,
      0.4375,
      0.8125,
      1,
      1,
      1,
      1,
      1,
      1,
      1,
      1,
      1,
      0.7222222,
      0.375,
      0.5625,
      0.8333333,
      1,
      1,
      1,
      1,
      1,
      1,
      1,
      1,
      1,
      1,
      1,
      0.8235294,
      0.8235294,
      1,
      1,
      1,
      1,
      1,
      1,
      1,
      1,
      1,
      1,
      1,
      1,
      0.64705884,
      0.25,
      0.13333334,
      0.33333334,
      0.26666668,
      0.13333334,
      0.1875,
      0.13333334,
      0.1875,
      0.6875,
      1,
      1,
      1,
      1,
      1,
      1,
      0.7777778,
      0.4,
      0.7058824,
      1,
      1,
      1,
      1,
      1,
      1,
      1,
      1,
      1,
      1,
      1,
      0.88235295,
      0.4,
      0.13333334,
      0.13333334,
      0.16666667,
      0.35714287,
      0.375,
      0.7647059,
      1,
      1,
      1,
      1,
      1,
      1,
      1,
      1,
      1,
      1,
      1,
      1,
      1,
      1,
      1,
      1,
      1,
      1,
      1,
      1,
      1,
      1,
      1,
      1,
      1,
      1,
      1,
      1,
      1,
      1,
      1,
      1,
      1,
      1,
      1,
      1,
      1,
      1,
      0.6875,
      0.5625,
      0.84210527,
      1,
      1,
      1,
      1,
      1,
      1,
      1,
      1,
      1,
      1,
      1,
      1,
      1,
      1,
      1,
      0.7777778,
      0.3125,
      0,
      0,
      0,
      0,
      0,
      0,
      0,
      0,
      0,
      0.06666667,
      0.071428575,
      0,
      0,
      0,
      0,
      0,
      0,
      0,
      0,
      0,
      0,
      0,
      0,
      0,
      0,
      0,
      0,
      0,
      0,
      0,
      0,
      0,
      0,
      0,
      0.06666667,
      0.06666667,
      0,
      0,
      0,
      0,
      0,
      0,
      0,
      0,
      0,
      0,
      0,
      0,
      0,
      0,
      0,
      0,
      0,
      0,
      0,
      0.2,
      0.2,
      0,
      0,
      0,
      0,
      0,
      0,
      0,
      0,
      0,
      0,
      0,
      0,
      0.06666667,
      0.071428575,
      0.33333334,
      0.75,
      0.625,
      0.25,
      0.125,
      0,
      0,
      0,
      0.06666667,
      0.0625,
      0.11764706,
      0.0625,
      0,
      0,
      0,
      0.06666667,
      0.071428575,
      0,
      0,
      0,
      0,
      0,
      0,
      0,
      0,
      0,
      0,
      0,
      0,
      0,
      0,
      0,
      0,
      0,
      0,
      0,
      0,
      0,
      0,
      0,
      0,
      0,
      0,
      0,
      0,
      0,
      0,
      0,
      0,
      0,
      0,
      0,
      0,
      0,
      0,
      0,
      0,
      0,
      0,
      0,
      0,
      0,
      0,
      0,
      0,
      0,
      0,
      0,
      0,
      0,
      0,
      0,
      0,
      0,
      0,
      0,
      0,
      0,
      0,
      0,
      0,
      0,
      0,
      0,
      0,
      0,
      0,
      0,
      0,
      0,
      0,
      0.1875,
      0.2,
      0.4,
      0.88235295,
      1,
      1,
      1,
      1,
      1,
      1,
      1,
      1,
      0.88235295,
      0.5294118,
      0.0625,
      0,
      0.33333334,
      0.73333335,
      0.4,
      0.06666667,
      0.06666667,
      0,
      0,
      0,
      0,
      0,
      0,
      0,
      0,
      0,
      0,
      0,
      0,
      0,
      0,
      0,
      0,
      0,
      0,
      0,
      0,
      0.0625,
      0.0625,
      0.05882353,
      0.0625,
      0.06666667,
      0.0625,
      0.11764706,
      0.05882353,
      0.06666667,
      0.0625,
      0,
      0,
      0,
      0,
      0,
      0,
      0.071428575,
      0.13333334,
      0.0625,
      0,
      0,
      0,
      0,
      0,
      0,
      0,
      0,
      0,
      0
    ],
    "popPingLatencyMs": [
      34.096733,
      33.528603,
      32.090813,
      29.179626,
      30.997,
      28.419876,
      27.161312,
      28.066936,
      31.37153,
      32.938667,
      30.527668,
      29.233252,
      28.848824,
      28.762468,
      35.373867,
      38.609425,
      33.865196,
      36.20694,
      31.772469,
      32.69081,
      33.460266,
      35.925133,
      35.126137,
      32.477,
      33.222065,
      35.356865,
      32.97925,
      32.638134,
      30.721931,
      28.996002,
      27.307785,
      32.127537,
      34.518932,
      33.555374,
      37.906376,
      38.84641,
      39.72953,
      41.202076,
      40.512215,
      82.76035,
      70.35332,
      28.312122,
      27.8935,
      25.014374,
      25.809135,
      30.405355,
      31.596867,
      32.326313,
      29.229177,
      27.935438,
      26.790188,
      26.143883,
      25.964468,
      27.049599,
      27.544197,
      26.583055,
      30.581062,
      31.057352,
      29.28594,
      26.533825,
      27.368189,
      28.809002,
      27.568686,
      26.092733,
      29.1685,
      30.247799,
      26.60493,
      25.571665,
      26.559626,
      27.503374,
      27.433125,
      29.647411,
      29.712173,
      28.762997,
      28.662128,
      31.83613,
      28.536999,
      28.652466,
      28.05675,
      25.777813,
      27.430187,
      31.64127,
      31.179499,
      31.165876,
      28.341398,
      26.198498,
      25.861332,
      29.371815,
      30.261332,
      27.91781,
      28.515135,
      33.752136,
      37.455784,
      34.702,
      34.040062,
      33.96969,
      36.471752,
      37.930122,
      35.701336,
      32.888866,
      34.107872,
      34.273003,
      32.253067,
      32.411438,
      34.72181,
      34.499752,
      35.88694,
      37.335594,
      32.841125,
      29.690123,
      28.841589,
      27.811354,
      29.888186,
      32.33765,
      30.816435,
      29.541374,
      30.887938,
      29.007814,
      32.09473,
      31.46447,
      28.276823,
      35.038803,
      37.786373,
      35.000313,
      34.258373,
      31.648691,
      30.282064,
      30.027866,
      30.35331,
      31.5805,
      30.937813,
      30.971064,
      31.095882,
      30.598177,
      34.174603,
      33.549732,
      37.55967,
      36.217438,
      27.400589,
      25.236116,
      24.048998,
      25.641768,
      29.001,
      30.682562,
      31.366499,
      30.413294,
      61.767097,
      56.023308,
      35.625214,
      40.984074,
      36.889732,
      32.165066,
      29.076864,
      29.656399,
      30.575933,
      29.967688,
      27.5665,
      29.577188,
      29.922373,
      26.888937,
      26.841528,
      29.001999,
      29.77581,
      29.392126,
      28.337868,
      26.826466,
      31.316338,
      32.6146,
      32.9314,
      32.298134,
      30.485437,
      30.405205,
      31.441399,
      33.745003,
      32.1065,
      31.046057,
      30.635588,
      30.17975,
      29.968626,
      30.038187,
      31.279001,
      39.05669,
      44.730938,
      36.455135,
      32.947136,
      38.583557,
      36.19669,
      31.044127,
      29.785267,
      30.309935,
      31.858822,
      33.111355,
      33.79188,
      33.066498,
      30.934202,
      32.724686,
      34.4976,
      34.15153,
      35.2022,
      34.38025,
      35.043,
      31.155464,
      31.600466,
      33.331497,
      32.56147,
      31.969,
      34.00206,
      34.744823,
      32.34438,
      31.970438,
      34.597,
      35.198437,
      35.480267,
      34.520603,
      33.313614,
      33.855854,
      34.598587,
      37.222412,
      36.95375,
      34.783535,
      34.632504,
      34.143528,
      36.314747,
      34.982735,
      32.902374,
      34.391647,
      38.84313,
      38.69444,
      35.0335,
      35.8456,
      34.219185,
      32.638584,
      32.35781,
      33.13744,
      35.610752,
      33.909176,
      32.804882,
      31.991354,
      32.770187,
      32.59554,
      32.006065,
      35.527,
      42.755936,
      42.463383,
      33.551212,
      28.643127,
      27.493563,
      29.850603,
      29.258934,
      27.852749,
      26.329685,
      27.59847,
      31.9466,
      33.999428,
      35.73053,
      35.64,
      36.388264,
      35.5845,
      33.786995,
      36.48725,
      35.06107,
      33.212143,
      43.685112,
      37.885662,
      28.920588,
      26.139,
      25.46706,
      25.634626,
      27.656176,
      28.998877,
      29.605574,
      35.534267,
      35.88894,
      29.93853,
      28.579763,
      29.454126,
      29.55713,
      28.174562,
      26.993,
      27.032248,
      27.552135,
      26.65025,
      27.732882,
      29.412,
      32.399624,
      31.602135,
      28.649374,
      30.027624,
      28.740467,
      27.593815,
      27.15241,
      25.77,
      24.62506,
      25.579645,
      25.93135,
      26.436811,
      25.568377,
      28.330666,
      28.632133,
      28.046,
      26.868599,
      33.093212,
      38.156803,
      38.08333,
      37.93053,
      45.35792,
      45.35792,
      59.65467,
      50.385826,
      40.7565,
      40.92013,
      39.56765,
      38.205822,
      41.405003,
      39.84275,
      40.705734,
      38.193428,
      32.137333,
      31.324465,
      32.1435,
      32.6802,
      32.033535,
      32.314564,
      32.926117,
      33.547684,
      32.451206,
      33.2965,
      34.929874,
      33.44731,
      35.95,
      35.339066,
      34.2536,
      31.139875,
      27.1092,
      29.00143,
      32.610424,
      30.908752,
      31.048296,
      29.725586,
      28.203249,
      -1,
      -1,
      -1,
      -1,
      -1,
      -1,
      -1,
      -1,
      -1,
      -1,
      -1,
      -1,
      -1,
      -1,
      -1,
      -1,
      -1,
      -1,
      -1,
      -1,
      -1,
      -1,
      -1,
      -1,
      -1,
      -1,
      -1,
      -1,
      -1,
      -1,
      -1,
      -1,
      -1,
      -1,
      -1,
      -1,
      -1,
      -1,
      -1,
      -1,
      -1,
      -1,
      -1,
      -1,
      -1,
      -1,
      -1,
      -1,
      -1,
      -1,
      -1,
      -1,
      -1,
      -1,
      -1,
      -1,
      -1,
      -1,
      -1,
      -1,
      -1,
      -1,
      -1,
      -1,
      -1,
      -1,
      -1,
      -1,
      -1,
      -1,
      -1,
      -1,
      -1,
      -1,
      -1,
      -1,
      -1,
      -1,
      -1,
      -1,
      -1,
      -1,
      -1,
      -1,
      -1,
      -1,
      -1,
      -1,
      -1,
      -1,
      -1,
      -1,
      -1,
      -1,
      -1,
      -1,
      -1,
      -1,
      -1,
      -1,
      -1,
      -1,
      -1,
      -1,
      -1,
      -1,
      -1,
      -1,
      -1,
      -1,
      -1,
      -1,
      -1,
      29.769999,
      26.853298,
      25.940802,
      27.249132,
      27.898144,
      25.964,
      26.578268,
      27.141142,
      27.367416,
      28.99414,
      30.33115,
      29.035572,
      28.351692,
      48.771614,
      46.245853,
      30.6855,
      203.94482,
      167.91571,
      30.318733,
      30.988132,
      31.124733,
      31.9388,
      33.29025,
      33.882458,
      33.638622,
      30.925749,
      28.522686,
      29.430664,
      32.978,
      31.335934,
      29.517866,
      30.019066,
      30.158562,
      30.885601,
      26.340563,
      25.097876,
      25.151936,
      25.912249,
      26.444939,
      27.595142,
      28.781143,
      30.836199,
      30.36193,
      39.986443,
      39.100388,
      30.88369,
      29.053846,
      29.625498,
      31.483446,
      31.65077,
      29.850233,
      28.31109,
      31.682909,
      33.520157,
      32.096,
      30.695534,
      29.703133,
      32.538857,
      33.511845,
      33.817753,
      33.02365,
      30.754498,
      30.498938,
      33.1216,
      35.46479,
      32.3614,
      33.6114,
      32.70375,
      31.995754,
      30.695,
      29.584002,
      32.354134,
      33.94807,
      33.559288,
      32.88469,
      28.241306,
      27.486748,
      24.9989,
      24.9989,
      24.9989,
      24.9989,
      24.9989,
      24.9989,
      24.9989,
      24.9989,
      24.9989,
      24.9989,
      24.9989,
      29.2468,
      33.300667,
      33.774403,
      33.774403,
      33.774403,
      33.774403,
      33.774403,
      33.774403,
      33.774403,
      33.774403,
      33.774403,
      33.774403,
      33.774403,
      33.774403,
      33.774403,
      31.453665,
      31.453665,
      31.453665,
      31.453665,
      31.453665,
      31.453665,
      31.453665,
      31.453665,
      31.453665,
      31.453665,
      31.453665,
      31.453665,
      31.453665,
      31.453665,
      31.453665,
      193.13483,
      142.96532,
      58.161087,
      43.828815,
      24.839214,
      25.886152,
      26.380783,
      25.925268,
      25.925268,
      25.925268,
      25.925268,
      25.925268,
      25.925268,
      25.925268,
      25.925268,
      28.4375,
      40.03511,
      40.03511,
      40.03511,
      40.03511,
      40.03511,
      40.03511,
      40.03511,
      40.03511,
      40.03511,
      40.03511,
      40.03511,
      40.03511,
      40.03511,
      40.03511,
      91.4869,
      75.06807,
      33.66323,
      34.544544,
      33.4297,
      34.972202,
      34.972202,
      34.972202,
      34.972202,
      34.972202,
      34.972202,
      34.972202,
      34.972202,
      34.972202,
      34.972202,
      34.972202,
      34.972202,
      34.972202,
      34.972202,
      34.972202,
      34.972202,
      34.972202,
      34.972202,
      34.972202,
      34.972202,
      34.972202,
      34.972202,
      34.972202,
      34.972202,
      34.972202,
      34.972202,
      34.972202,
      34.972202,
      34.972202,
      34.972202,
      34.972202,
      34.972202,
      34.972202,
      34.972202,
      34.972202,
      34.972202,
      34.972202,
      34.972202,
      34.972202,
      34.972202,
      27.5705,
      26.252285,
      26.252285,
      26.252285,
      26.252285,
      26.252285,
      26.252285,
      26.252285,
      26.252285,
      26.252285,
      26.252285,
      26.252285,
      26.252285,
      26.252285,
      26.252285,
      26.252285,
      26.252285,
      26.252285,
      26.252285,
      323.75076,
      210.39601,
      33.152134,
      34.32707,
      31.8915,
      31.822123,
      32.424267,
      32.935932,
      33.502335,
      31.0618,
      33.452133,
      39.029076,
      43.14828,
      44.486423,
      40.751213,
      39.01194,
      40.601997,
      42.596855,
      43.84314,
      45.530575,
      43.633785,
      39.866856,
      40.414642,
      41.949215,
      39.612263,
      39.038,
      41.7485,
      44.294735,
      42.570328,
      40.513863,
      43.7782,
      41.58647,
      38.314816,
      39.5558,
      39.911137,
      41.523926,
      42.40128,
      43.72747,
      43.818287,
      39.103283,
      38.18293,
      41.769665,
      40.03454,
      35.052734,
      34.750538,
      34.4445,
      35.327534,
      36.748867,
      36.258533,
      34.393,
      33.391,
      33.31793,
      33.867264,
      35.0006,
      37.124268,
      35.895428,
      38.575462,
      56.638836,
      53.65179,
      43.684635,
      43.79707,
      39.736732,
      41.398533,
      42.5765,
      40.903996,
      42.17264,
      42.24953,
      41.618267,
      42.143215,
      42.522526,
      40.2262,
      41.094,
      41.947304,
      41.947304,
      63.712006,
      55.979,
      37.827854,
      177.28906,
      421.5419,
      276.7245,
      201.59398,
      30.726,
      422.97128,
      341.13312,
      34.649185,
      35.411434,
      39.79893,
      38.427574,
      30.245,
      31.118734,
      31.692873,
      29.119875,
      26.551188,
      25.057268,
      26.321463,
      26.12625,
      29.565874,
      30.336735,
      27.534336,
      27.735123,
      29.757189,
      33.19907,
      34.276196,
      31.681059,
      30.908386,
      32.266876,
      34.363,
      33.667576,
      31.043428,
      32.248188,
      34.007065,
      32.984375,
      32.385468,
      33.30867,
      31.726688,
      30.9798,
      32.423134,
      31.96581,
      31.796936,
      31.943064,
      28.736269,
      29.48475,
      29.564686,
      30.730686,
      32.490665,
      30.733002,
      30.02525,
      32.432995,
      33.5114,
      35.091,
      34.74813,
      36.618,
      37.334286,
      33.48187,
      32.103134,
      32.357624,
      31.210442,
      31.590267,
      35.770935,
      36.100403,
      34.13157,
      33.25093,
      31.997335,
      30.879866,
      31.18581,
      33.55093,
      32.4036,
      28.192875,
      27.651186,
      29.349333,
      29.759602,
      31.312265,
      31.043335,
      31.208132,
      31.97436,
      30.235355,
      31.771667,
      32.243134,
      31.490732,
      29.124866,
      29.654198,
      32.850285,
      35.836067,
      35.080467,
      68.75977,
      77.53675,
      77.53675,
      77.53675,
      77.53675,
      77.53675,
      77.53675,
      77.53675,
      77.53675,
      77.53675,
      77.53675,
      77.53675,
      60.211246,
      44.160496,
      26.713001,
      30.441284,
      50.286,
      31.895874,
      30.580935,
      29.079569,
      33.692398,
      37.18666,
      34.467438,
      33.31307,
      34.350266,
      35.478,
      32.432564,
      30.55494,
      30.51594,
      30.527441,
      30.61744,
      31.88031,
      32.094738,
      31.684732,
      31.856176,
      33.57775,
      32.728218,
      32.794064,
      33.58537,
      36.63787,
      36.966537,
      33.11107,
      30.243938,
      28.787603,
      30.5082,
      27.555601,
      28.494562,
      28.370464,
      28.923534,
      30.185467,
      31.528414,
      30.4975,
      29.174,
      29.1395,
      31.723751,
      34.326866,
      36.74821,
      32.58414,
      32.108868,
      31.319063,
      29.570126,
      30.948624,
      32.479378,
      33.494873,
      32.316437,
      30.037704,
      31.531128,
      32.30881,
      32.5495,
      31.368313,
      30.276001
    ],
    "downlinkThroughputBps": [
      1.7587045e+08,
      1.2180787e+08,
      2.0379118e+08,
      2.0615522e+08,
      1.780847e+08,
      2.2853816e+08,
      1.8841245e+08,
      1.9681714e+08,
      2.193844e+08,
      2.0466878e+08,
      2.1431613e+08,
      2.3531045e+08,
      8.9770856e+07,
      2.3063368e+08,
      1.1556615e+08,
      2.1322835e+08,
      1.2714161e+08,
      1.818293e+08,
      1.1024272e+08,
      1.4372598e+08,
      1.516437e+08,
      1.3825853e+08,
      1.7230515e+08,
      1.6989546e+08,
      1.7072646e+08,
      1.6835248e+08,
      6.627074e+07,
      27749.516,
      41129.344,
      74641.836,
      31910.266,
      41137.734,
      485884.94,
      542541.6,
      402577.7,
      491253.66,
      528289.4,
      486346.3,
      0,
      506713.88,
      990291.94,
      454335.4,
      365122.56,
      385548.8,
      300538.66,
      240518.17,
      325368.94,
      589417.1,
      442692,
      506126.66,
      386781.94,
      462094.88,
      473847.3,
      509993.8,
      422559.34,
      484693.78,
      403601.1,
      454670.94,
      427626.06,
      0,
      520177.6,
      477060.12,
      407292.1,
      326685.94,
      326685.94,
      252564.2,
      202794.6,
      214991.64,
      234235.1,
      465962,
      385490.1,
      190681.45,
      213699.78,
      475676.03,
      431417.72,
      409288.56,
      267386.88,
      384709.94,
      293928.44,
      307476.03,
      280515.06,
      266480.9,
      219009.78,
      153251.48,
      299985,
      233991.83,
      181160.38,
      244251.1,
      417391.97,
      245828.16,
      193047.03,
      457858.62,
      414112.03,
      441316.28,
      285841.8,
      264308.25,
      220821.72,
      205529.28,
      257177.94,
      24050.139,
      26155.68,
      21768.438,
      36263.953,
      33353.105,
      28194.111,
      35383.15,
      5402.2637,
      5402.2637,
      33957.086,
      24654.12,
      29947.33,
      28806.48,
      73727.48,
      0,
      142983.83,
      29670.506,
      25501.37,
      78517.37,
      25174.213,
      25174.213,
      28563.21,
      29318.186,
      34988.883,
      27187.479,
      30626.809,
      25308.43,
      31063.016,
      40399.535,
      26206.012,
      28907.143,
      368184.4,
      25585.254,
      28127.002,
      24033.361,
      41230.008,
      30249.32,
      36708.547,
      26398.95,
      34611.4,
      62562.24,
      100461.97,
      22498.246,
      27732.738,
      17876.123,
      25484.592,
      20115.883,
      0,
      222969.2,
      35458.645,
      82401.3,
      43008.395,
      35039.215,
      62025.367,
      21994.93,
      19134.414,
      21466.447,
      22364.03,
      30148.656,
      55457.086,
      31264.342,
      87568.68,
      21030.24,
      24494.736,
      26105.348,
      27481.08,
      29896.998,
      19453.182,
      40458.258,
      0,
      53896.805,
      26809.99,
      19931.332,
      19335.742,
      44971.33,
      23781.703,
      25039.994,
      22741.516,
      29343.352,
      23580.377,
      59668.168,
      19352.52,
      19352.52,
      33889.977,
      39829.11,
      9311.3545,
      48217.72,
      201494.36,
      45130.71,
      34737.227,
      21365.785,
      27917.287,
      62243.473,
      23202.89,
      204128.39,
      23756.537,
      25937.576,
      28865.2,
      26088.57,
      19579.012,
      17481.86,
      49660.56,
      18631.098,
      20099.105,
      35190.21,
      101938.37,
      29083.305,
      22028.484,
      30115.104,
      26273.121,
      61748.543,
      28722.594,
      21298.676,
      29653.729,
      27372.027,
      42245.03,
      1.5618665e+06,
      425277.25,
      26902.266,
      0,
      84758.49,
      21860.713,
      24821.89,
      30022.828,
      44308.63,
      19260.244,
      19176.357,
      18555.602,
      27346.861,
      80186.7,
      42320.527,
      33327.94,
      30089.938,
      21088.96,
      21332.23,
      23605.543,
      20535.312,
      36540.777,
      33311.164,
      61136.176,
      149812.16,
      34066.137,
      20057.162,
      34963.72,
      15753.806,
      18211.668,
      171362.48,
      930942.56,
      36389.78,
      23764.926,
      23051.895,
      37169.92,
      36750.492,
      140475.62,
      21424.504,
      19771.95,
      20132.66,
      73651.98,
      78391.54,
      22271.754,
      18530.436,
      19595.79,
      11626.61,
      68274.88,
      170750.11,
      35508.977,
      28999.418,
      24578.621,
      27044.873,
      78206.99,
      89103.8,
      30802.969,
      33462.156,
      72888.62,
      43746.59,
      30081.549,
      20174.602,
      37656.46,
      28068.283,
      22431.139,
      22976.396,
      20761.805,
      29041.361,
      32950.453,
      42345.69,
      18723.373,
      34435.234,
      35911.63,
      22447.914,
      19654.508,
      162160.19,
      45365.594,
      22707.96,
      57604.57,
      25811.746,
      22808.625,
      23571.988,
      22900.9,
      40634.418,
      26801.604,
      75967.234,
      22473.08,
      23353.885,
      73165.44,
      22154.314,
      21424.504,
      35752.246,
      35752.246,
      0,
      174541.77,
      27162.312,
      30257.709,
      23941.088,
      84993.375,
      23379.05,
      76571.21,
      21198.012,
      65087.21,
      27179.09,
      21776.826,
      21005.074,
      20594.033,
      44560.285,
      20753.416,
      29955.719,
      32421.97,
      22842.18,
      36708.547,
      33730.594,
      25107.104,
      95764.35,
      26222.79,
      30123.492,
      29804.725,
      24410.85,
      17993.564,
      22204.645,
      22531.8,
      39787.168,
      22221.422,
      44015.027,
      0,
      0,
      0,
      0,
      0,
      0,
      0,
      0,
      0,
      0,
      0,
      0,
      0,
      0,
      0,
      0,
      0,
      0,
      0,
      0,
      0,
      0,
      0,
      0,
      0,
      0,
      0,
      0,
      0,
      0,
      0,
      0,
      0,
      0,
      0,
      0,
      0,
      0,
      0,
      0,
      0,
      0,
      0,
      0,
      0,
      0,
      0,
      0,
      11903.435,
      36985.37,
      536.8709,
      10334.765,
      0,
      0,
      11903.435,
      536.8709,
      536.8709,
      536.8709,
      536.8709,
      536.8709,
      536.8709,
      245442.28,
      422920.06,
      536.8709,
      222583.33,
      536.8709,
      0,
      0,
      0,
      0,
      0,
      0,
      0,
      0,
      0,
      0,
      0,
      0,
      0,
      0,
      0,
      0,
      0,
      0,
      0,
      0,
      0,
      0,
      0,
      0,
      0,
      0,
      0,
      0,
      0,
      0,
      0,
      0,
      0,
      0,
      0,
      0,
      0,
      0,
      0,
      0,
      0,
      0,
      0,
      0,
      0,
      0,
      0,
      19738.395,
      18102.615,
      3758.0964,
      3758.0964,
      14092.861,
      14092.861,
      3758.0964,
      14629.732,
      3221.2256,
      3221.2256,
      3221.2256,
      15661.531,
      6123.684,
      98926.85,
      9688.842,
      1610.6128,
      0,
      699131.75,
      314388.25,
      452808.66,
      452808.66,
      4949.279,
      4949.279,
      60540.582,
      46674.215,
      48368.715,
      41934.652,
      43218.11,
      14235.468,
      14235.468,
      6761.2183,
      6761.2183,
      9923.724,
      9093.251,
      8405.385,
      8405.385,
      16273.899,
      16164.848,
      19956.498,
      18329.11,
      11819.549,
      11819.549,
      2264.924,
      6123.684,
      6123.684,
      10821.305,
      21390.951,
      21390.951,
      61874.37,
      43721.426,
      10317.988,
      29175.578,
      29175.578,
      30157.045,
      12700.353,
      4294.9673,
      39015.414,
      4949.279,
      8615.101,
      18622.709,
      9672.065,
      8128.561,
      9487.516,
      10838.081,
      11307.844,
      6819.9385,
      8925.479,
      9462.35,
      12188.647,
      9160.36,
      5486.1494,
      5486.1494,
      4949.279,
      6509.5596,
      6509.5596,
      4412.4077,
      3221.2256,
      2785.0178,
      0,
      0,
      0,
      0,
      0,
      0,
      0,
      0,
      0,
      0,
      2684.3545,
      13673.431,
      1610.6128,
      0,
      0,
      0,
      0,
      0,
      0,
      0,
      0,
      0,
      0,
      0,
      0,
      6064.9634,
      704.64307,
      0,
      0,
      0,
      0,
      0,
      0,
      0,
      0,
      0,
      0,
      0,
      0,
      0,
      0,
      0,
      52202.31,
      15988.687,
      32623.297,
      38126.223,
      12725.519,
      24410.85,
      0,
      0,
      0,
      0,
      0,
      0,
      0,
      0,
      31130.125,
      0,
      0,
      0,
      0,
      0,
      0,
      0,
      0,
      0,
      0,
      0,
      0,
      0,
      65280.15,
      65280.15,
      31012.684,
      31012.684,
      7163.871,
      3338.666,
      0,
      0,
      0,
      0,
      0,
      0,
      0,
      0,
      0,
      0,
      0,
      0,
      0,
      0,
      0,
      0,
      0,
      0,
      0,
      0,
      0,
      0,
      0,
      0,
      0,
      0,
      0,
      0,
      0,
      0,
      0,
      0,
      0,
      0,
      0,
      0,
      0,
      0,
      0,
      13757.317,
      1610.6128,
      0,
      0,
      0,
      0,
      0,
      0,
      0,
      0,
      0,
      0,
      0,
      0,
      0,
      0,
      0,
      0,
      0,
      0,
      411327,
      4294.9673,
      4294.9673,
      6945.7676,
      4294.9673,
      4831.8384,
      4294.9673,
      50264.54,
      4294.9673,
      5427.429,
      6945.7676,
      4294.9673,
      3758.0964,
      4294.9673,
      4831.8384,
      4294.9673,
      3758.0964,
      4932.5015,
      4294.9673,
      4294.9673,
      4294.9673,
      127020.305,
      27179.09,
      41934.652,
      260583.72,
      32346.473,
      375734.16,
      6610.223,
      246239.2,
      5486.1494,
      47957.67,
      39694.895,
      4949.279,
      31557.943,
      14084.473,
      8346.665,
      5486.1494,
      4949.279,
      5486.1494,
      5486.1494,
      9630.122,
      9143.583,
      23681.041,
      5486.1494,
      6660.5547,
      27137.146,
      5486.1494,
      12389.974,
      6123.684,
      6660.5547,
      10460.594,
      12230.591,
      6023.0205,
      41397.78,
      6023.0205,
      6517.948,
      41951.43,
      22842.18,
      8095.007,
      6123.684,
      9059.696,
      30089.938,
      7298.089,
      32170.312,
      40575.695,
      21550.334,
      25056.771,
      12020.875,
      52026.15,
      13044.285,
      15820.915,
      17280.533,
      0,
      67377.3,
      15535.702,
      18874.367,
      28546.434,
      0,
      74474.06,
      64978.156,
      46347.06,
      59466.844,
      162269.23,
      211048.98,
      68425.875,
      17381.195,
      15795.749,
      245048.02,
      99992.21,
      0,
      40793.8,
      46162.51,
      273686.72,
      101619.59,
      32547.799,
      27539.8,
      23915.922,
      90135.59,
      24519.9,
      51011.125,
      36448.5,
      327524.8,
      35777.414,
      64449.676,
      108020.1,
      27120.37,
      19805.504,
      57176.754,
      31666.996,
      18723.373,
      54635.004,
      68501.375,
      26440.893,
      55389.98,
      20292.043,
      22179.48,
      26533.168,
      31985.762,
      20275.266,
      20392.705,
      14805.894,
      26122.125,
      11995.709,
      5.0733536e+07,
      1.6575784e+08,
      1.5108667e+08,
      1.5609446e+08,
      1.4313074e+08,
      1.4752302e+08,
      1.6502938e+08,
      1.563964e+08,
      2.3350584e+08,
      2.3690602e+08,
      1.9463643e+08,
      2.4400776e+08,
      2.3715514e+08,
      2.3338472e+08,
      2.9173802e+08,
      2.5264776e+08,
      1.9494835e+08,
      1.8548416e+08,
      2.3887323e+08,
      2.6499954e+08,
      2.3342328e+08,
      2.392118e+08,
      1.8882901e+08,
      1.2806577e+08,
      2.4089678e+08,
      2.0437494e+08,
      1.9080765e+08,
      2.0765168e+08,
      2.5998309e+08,
      2.2281574e+08,
      2.8508458e+08,
      2.6216597e+08,
      1.9898846e+08,
      2.822257e+08,
      2.0633029e+08,
      2.0542963e+08,
      2.674043e+08,
      1.5850619e+08,
      2.5458368e+08,
      8.788146e+07,
      1.383877e+06,
      7.4801555e+06,
      0,
      0,
      0,
      0,
      0,
      0,
      0,
      0,
      0,
      0,
      84062.24,
      74834.77,
      13572.768,
      7843.3486,
      536.8709,
      8229.225,
      63258.492,
      3.471195e+07,
      2.7196374e+08,
      2.622102e+08,
      3.0561862e+08,
      3.1233683e+08,
      3.235407e+08,
      3.235407e+08,
      2.5575949e+08,
      1.5288822e+08,
      2.4875717e+08,
      1.8157062e+08,
      1.910724e+08,
      8.167087e+07,
      1.7272834e+08,
      1.5720154e+08,
      1.7512546e+08,
      1.4742774e+08,
      1.4681002e+08,
      2.0449987e+08,
      2.0719755e+08,
      1.8251086e+08,
      1.2998316e+08,
      1.0318163e+08,
      1.0318163e+08,
      1.2166758e+08,
      1.4732918e+08,
      8.07203e+07,
      6.985566e+07,
      9.831227e+07,
      3.6202664e+07,
      3.6202664e+07,
      9.700509e+07,
      1.2925199e+08,
      1.2925199e+08,
      1.4365082e+08,
      1.6806062e+08,
      1.3435898e+08,
      1.1641053e+08,
      5.293083e+07,
      1.1380153e+08,
      1.3007443e+08,
      1.2173414e+08,
      1.3640883e+08,
      1.4963238e+08,
      1.5251075e+08,
      1.8445994e+08,
      1.630688e+08,
      1.7732195e+08,
      2.0920067e+08,
      1.3194492e+08,
      1.4333725e+08,
      1.7922294e+08
    ],
    "uplinkThroughputBps": [
      593208.8,
      717486,
      809391.6,
      714709.4,
      625404.25,
      822679.2,
      643699.8,
      730085.75,
      797504.94,
      765108.2,
      892354.94,
      887070.1,
      425008.8,
      870091.56,
      480021.3,
      843105.44,
      569376.75,
      675207.44,
      451617.5,
      750277.1,
      689996.56,
      584157.5,
      760175.7,
      718182.3,
      613358.25,
      681532.44,
      257010.17,
      126869.305,
      103414.76,
      80186.7,
      81671.484,
      676390.25,
      1.5116364e+07,
      1.6260327e+07,
      1.1866214e+07,
      1.4760007e+07,
      1.582703e+07,
      1.4502284e+07,
      0,
      1.226849e+07,
      2.5785634e+07,
      1.1578989e+07,
      1.062054e+07,
      1.0612201e+07,
      7.611546e+06,
      6.3579945e+06,
      9.227133e+06,
      1.6864148e+07,
      1.2348232e+07,
      1.4119663e+07,
      1.0953366e+07,
      1.2574666e+07,
      1.354001e+07,
      1.4020241e+07,
      1.1544092e+07,
      1.2747966e+07,
      1.1716067e+07,
      1.2298849e+07,
      1.2323159e+07,
      0,
      1.3658348e+07,
      1.3245016e+07,
      1.046509e+07,
      9.886788e+06,
      9.886788e+06,
      6.5227465e+06,
      5.5453145e+06,
      5.4599605e+06,
      6.585594e+06,
      1.1912184e+07,
      9.854886e+06,
      4.7556195e+06,
      6.0418195e+06,
      1.3593295e+07,
      1.2443493e+07,
      1.2169664e+07,
      8.909968e+06,
      1.3820425e+07,
      9.983014e+06,
      1.1532256e+07,
      9.565916e+06,
      8.404689e+06,
      7.316292e+06,
      5.073774e+06,
      1.1598165e+07,
      7.742635e+06,
      5.62556e+06,
      6.5706625e+06,
      1.1415537e+07,
      6.3514095e+06,
      6.8556485e+06,
      1.4347741e+07,
      1.7301394e+07,
      1.4387142e+07,
      7.675962e+06,
      7.7764325e+06,
      7.144938e+06,
      6.3299765e+06,
      7.3407535e+06,
      117507.62,
      124814.1,
      97198.805,
      114512.89,
      93222.6,
      126298.88,
      103968.41,
      93700.75,
      93700.75,
      130979.73,
      81226.89,
      61865.984,
      81923.15,
      50004.492,
      0,
      183450.47,
      98087.99,
      74440.51,
      79423.34,
      67771.56,
      67771.56,
      92786.39,
      113279.766,
      101057.56,
      65968.016,
      84766.88,
      105436.414,
      150055.42,
      126005.28,
      106233.33,
      68920.805,
      59760.445,
      77032.586,
      132103.8,
      135383.75,
      87191.195,
      62167.973,
      66337.11,
      90504.695,
      105386.086,
      144376.33,
      122540.79,
      77024.195,
      69583.5,
      92929,
      127808.83,
      129184.56,
      0,
      127297.125,
      96544.49,
      95311.37,
      129595.6,
      88902.47,
      102231.97,
      70548.195,
      90731.19,
      50306.48,
      115687.29,
      140937,
      76839.65,
      54844.72,
      67847.06,
      79096.19,
      95177.15,
      120787.57,
      79767.27,
      53166.996,
      93449.09,
      96720.65,
      0,
      209966.86,
      79490.45,
      47404.023,
      90269.81,
      46774.88,
      124889.59,
      90370.48,
      85429.586,
      80975.234,
      51606.715,
      78920.02,
      92937.39,
      92937.39,
      85622.52,
      76269.23,
      86427.83,
      71496.11,
      42790.29,
      137589.95,
      96880.03,
      72225.914,
      82795.56,
      51304.727,
      133420.81,
      150902.67,
      90118.81,
      46120.566,
      75740.74,
      54316.24,
      112449.29,
      96905.2,
      90915.734,
      75455.53,
      87023.42,
      57101.254,
      121869.695,
      110142.42,
      98658.42,
      73937.19,
      88181.05,
      67243.08,
      94178.9,
      119277.62,
      97450.46,
      83533.76,
      99103.016,
      217399.17,
      165129.75,
      112357.016,
      0,
      169005.28,
      84322.29,
      70405.586,
      128580.586,
      140475.62,
      87275.08,
      54442.066,
      78534.15,
      82871.055,
      83466.65,
      96284.445,
      109924.32,
      64642.613,
      84255.18,
      63501.76,
      108372.43,
      127959.83,
      83592.48,
      86864.04,
      65775.08,
      123740.36,
      115368.52,
      119193.734,
      98599.695,
      79507.23,
      85656.08,
      97911.836,
      137766.11,
      126986.75,
      91913.98,
      84464.89,
      66630.71,
      83701.53,
      194984.8,
      119780.94,
      78483.82,
      55163.484,
      80815.85,
      66144.17,
      110301.805,
      92106.914,
      77401.69,
      56052.68,
      69843.55,
      140962.17,
      75824.625,
      84104.19,
      88306.875,
      66160.95,
      69281.516,
      64122.52,
      86058.73,
      100008.984,
      98683.586,
      93096.77,
      64239.96,
      95437.195,
      91091.89,
      96712.26,
      91964.31,
      69231.18,
      54366.57,
      51287.95,
      106921.195,
      34493.957,
      93675.586,
      65129.152,
      72712.45,
      18312.332,
      77812.73,
      133571.81,
      131315.27,
      92299.85,
      67318.58,
      58435.043,
      83164.66,
      92492.79,
      114747.766,
      96032.78,
      76738.984,
      40584.086,
      95714.016,
      101359.55,
      96057.95,
      115334.97,
      89204.46,
      86746.59,
      142824.44,
      0,
      201091.72,
      85622.52,
      111224.555,
      72058.14,
      61538.83,
      77653.34,
      122213.63,
      91880.42,
      80782.3,
      74289.516,
      69633.836,
      91528.1,
      107491.625,
      107558.734,
      107164.47,
      97962.164,
      49358.57,
      105167.98,
      112466.07,
      124050.734,
      60213.43,
      50021.27,
      78357.984,
      90320.14,
      142933.48,
      96997.48,
      83214.99,
      10032.775,
      47873.785,
      107013.47,
      120460.414,
      186420.03,
      12876.514,
      8220.836,
      13639.877,
      14008.976,
      100763.96,
      103708.36,
      118027.71,
      120586.24,
      85177.92,
      109404.23,
      108380.81,
      109001.57,
      0,
      105075.7,
      94136.96,
      95957.29,
      55339.65,
      72888.62,
      110939.34,
      79943.44,
      48939.14,
      80161.54,
      0,
      106476.6,
      84649.445,
      0,
      93977.58,
      91268.055,
      88239.766,
      111962.75,
      117876.72,
      78248.94,
      88113.94,
      102567.51,
      102567.51,
      89623.89,
      86352.33,
      0,
      102659.78,
      83357.6,
      113053.27,
      82644.56,
      125057.37,
      86327.164,
      88004.88,
      84339.06,
      102945,
      91536.49,
      81579.21,
      102877.89,
      99765.72,
      95126.81,
      112625.45,
      125300.64,
      83223.38,
      81470.164,
      80681.63,
      110855.45,
      110855.45,
      107374.18,
      87786.78,
      78995.52,
      91905.586,
      71965.87,
      83315.66,
      8220.836,
      87149.25,
      116828.14,
      78374.766,
      115343.36,
      0,
      109790.1,
      112549.95,
      109790.1,
      106518.55,
      88197.83,
      195874,
      120435.24,
      112742.89,
      95361.695,
      83315.66,
      91779.76,
      112960.99,
      101426.66,
      91427.44,
      0,
      76982.26,
      106342.38,
      84339.06,
      77225.52,
      80362.87,
      91830.09,
      80060.875,
      97584.68,
      57722.01,
      91712.65,
      90085.26,
      85790.3,
      76168.56,
      116710.7,
      83424.7,
      83424.7,
      105755.18,
      80899.734,
      84364.234,
      83441.484,
      77275.86,
      42018.54,
      12230.591,
      8128.561,
      8220.836,
      12775.85,
      13505.659,
      8220.836,
      14378.074,
      8220.836,
      8220.836,
      17330.863,
      17330.863,
      11324.621,
      95336.53,
      105302.195,
      17414.75,
      17414.75,
      87484.79,
      78399.93,
      18362.662,
      15292.433,
      9210.691,
      0,
      11416.8955,
      11727.274,
      80396.42,
      80396.42,
      98046.05,
      98046.05,
      79809.22,
      102248.74,
      94170.516,
      104077.46,
      108766.69,
      117172.08,
      117172.08,
      103322.484,
      103322.484,
      105293.805,
      104798.88,
      92257.914,
      92257.914,
      107902.664,
      126709.92,
      106795.37,
      91511.33,
      118094.82,
      118094.82,
      104656.27,
      95495.914,
      95495.914,
      117608.28,
      115561.46,
      115561.46,
      111711.09,
      92073.36,
      97542.734,
      91192.555,
      91192.555,
      116618.43,
      121659.984,
      115678.91,
      112851.945,
      120225.53,
      86838.87,
      114781.32,
      108506.64,
      85043.71,
      112994.55,
      105176.37,
      86469.77,
      110494.74,
      80773.91,
      108582.14,
      80513.86,
      114923.93,
      113757.914,
      113757.914,
      102601.06,
      116257.72,
      116257.72,
      107869.11,
      87132.47,
      103666.414,
      80077.65,
      111442.66,
      45566.918,
      9210.691,
      13765.706,
      9210.691,
      23236.443,
      13220.446,
      10955.522,
      8388.608,
      15183.381,
      25014.828,
      13765.706,
      17934.844,
      12826.182,
      13379.83,
      24469.57,
      12826.182,
      13748.929,
      17993.564,
      12826.182,
      13765.706,
      14319.354,
      9210.691,
      9210.691,
      13212.058,
      15745.417,
      9193.914,
      13270.778,
      9210.691,
      34284.242,
      19948.11,
      16752.05,
      15728.64,
      20224.934,
      11685.331,
      19738.395,
      13841.203,
      10812.916,
      10108.272,
      0,
      0,
      23605.543,
      14638.121,
      10108.272,
      9210.691,
      19478.348,
      9210.691,
      10015.998,
      13212.058,
      10015.998,
      13765.706,
      15300.821,
      10015.998,
      10963.911,
      10963.911,
      40743.47,
      96267.664,
      120368.13,
      72636.95,
      107198.02,
      113145.55,
      0,
      104463.336,
      83030.445,
      115284.64,
      115183.98,
      94329.9,
      105243.48,
      117264.35,
      92954.164,
      92954.164,
      108011.72,
      108011.72,
      91049.95,
      90546.63,
      94430.56,
      171865.8,
      87870.67,
      94136.96,
      0,
      84716.555,
      108775.08,
      85882.57,
      111459.44,
      77292.63,
      77292.63,
      110226.31,
      108758.305,
      216300.25,
      107541.95,
      118623.305,
      106216.555,
      83986.74,
      107617.45,
      104119.41,
      83995.13,
      129855.65,
      106577.266,
      84339.06,
      97651.79,
      0,
      92786.39,
      71227.67,
      98423.54,
      72880.23,
      120368.13,
      114806.49,
      89632.27,
      106216.555,
      79263.95,
      121987.14,
      85714.8,
      112222.8,
      80648.08,
      97903.445,
      93365.21,
      103364.43,
      96485.766,
      97517.57,
      88483.04,
      92484.41,
      110838.68,
      76587.99,
      119504.11,
      76487.33,
      113799.86,
      114621.94,
      0,
      122154.91,
      105998.45,
      0,
      100881.4,
      109983.04,
      0,
      137589.95,
      112365.41,
      103993.57,
      101158.23,
      116366.77,
      100520.69,
      118673.64,
      86260.055,
      111434.266,
      107961.38,
      122096.19,
      106912.81,
      111828.53,
      87660.95,
      110788.34,
      109077.07,
      120015.81,
      106308.83,
      123119.6,
      123421.586,
      122456.9,
      170355.84,
      126399.55,
      143940.12,
      81839.26,
      106887.64,
      97878.28,
      20065.55,
      48955.918,
      13379.83,
      11660.165,
      20854.08,
      13379.83,
      20518.535,
      19805.504,
      16642.998,
      17934.844,
      22103.982,
      13379.83,
      10896.802,
      15426.65,
      19360.908,
      27229.422,
      18488.492,
      13379.83,
      27053.262,
      21382.562,
      12985.565,
      8388.608,
      14663.287,
      9210.691,
      18471.715,
      13765.706,
      12079.596,
      9210.691,
      13774.095,
      14327.742,
      9210.691,
      13824.426,
      9210.691,
      8388.608,
      19193.135,
      9210.691,
      9210.691,
      13765.706,
      9210.691,
      16542.336,
      13824.426,
      12079.596,
      9210.691,
      13774.095,
      15753.806,
      9110.028,
      17146.314,
      9210.691,
      12079.596,
      17272.145,
      9210.691,
      12079.596,
      28697.428,
      42479.91,
      68803.36,
      94875.16,
      26180.846,
      13069.451,
      9210.691,
      10032.775,
      114504.5,
      16357.785,
      0,
      10032.775,
      27413.97,
      142740.55,
      67821.9,
      12423.528,
      10821.305,
      34997.273,
      38352.715,
      12247.368,
      27070.037,
      14646.51,
      85144.375,
      12289.311,
      97106.52,
      35634.81,
      11400.118,
      49593.45,
      17951.621,
      10032.775,
      14092.861,
      22171.092,
      18270.389,
      15703.475,
      10032.775,
      10032.775,
      77007.42,
      124746.99,
      108036.88,
      94640.27,
      119151.79,
      81168.17,
      144728.66,
      110268.25,
      376564.62,
      709542,
      734825.3,
      689392.56,
      718417.2,
      750721.7,
      738977.6,
      591967.3,
      878287.25,
      793520.4,
      693603.7,
      895433.56,
      831889.9,
      651308.3,
      1.3852864e+06,
      685399.6,
      604726.4,
      543833.44,
      734187.75,
      809618.1,
      651786.44,
      601639.4,
      555166.44,
      711848.9,
      699324.7,
      530210.4,
      614356.5,
      580424.56,
      691699.44,
      574351.2,
      761425.56,
      711211.4,
      551676.8,
      834674.9,
      651702.56,
      504792.88,
      726243.75,
      480574.97,
      692236.3,
      282914.2,
      164601.27,
      272327.78,
      80388.03,
      124344.336,
      91905.586,
      122062.63,
      91838.48,
      112533.18,
      106292.055,
      100420.02,
      116484.21,
      78408.32,
      56564.383,
      57361.3,
      99413.39,
      100134.81,
      88634.03,
      90454.36,
      142807.66,
      356331.28,
      755192.8,
      607503,
      803460.9,
      816689.7,
      861375.8,
      861375.8,
      708384.4,
      489248.78,
      702260.7,
      512552.34,
      639144.8,
      412878.9,
      840286.9,
      797353.94,
      720052.94,
      650469.44,
      455702.75,
      830153.44,
      747005.56,
      576934.9,
      491320.78,
      407292.1,
      407292.1,
      615681.9,
      597361.2,
      415965.9,
      609507.9,
      723911.7,
      521209.38,
      521209.38,
      603174.5,
      766358.06,
      766358.06,
      669796.8,
      745051,
      625303.6,
      729926.3,
      318641.28,
      627837,
      722997.4,
      681255.6,
      703628.06,
      701346.4,
      674611.9,
      708006.9,
      715967.7,
      618970.2,
      794443.1,
      512887.88,
      576817.44,
      648472.94
    ],
    "outages": [
      {
        "cause": "BOOTING",
        "startTimestampNs": "1400856664946424875",
        "durationNs": "425194235686",
        "didSwitch": false
      },
      {
        "cause": "NO_SCHEDULE",
        "startTimestampNs": "1400857090760666925",
        "durationNs": "42380015284",
        "didSwitch": false
      },
      {
        "cause": "NO_PINGS",
        "startTimestampNs": "1400857133820646220",
        "durationNs": "7319993313",
        "didSwitch": false
      },
      {
        "cause": "NO_DOWNLINK",
        "startTimestampNs": "1400857141200677673",
        "durationNs": "3939972021",
        "didSwitch": false
      },
      {
        "cause": "NO_DOWNLINK",
        "startTimestampNs": "1400857145360646414",
        "durationNs": "779967232",
        "didSwitch": false
      },
      {
        "cause": "NO_DOWNLINK",
        "startTimestampNs": "1400857147120816343",
        "durationNs": "999812764",
        "didSwitch": false
      },
      {
        "cause": "NO_PINGS",
        "startTimestampNs": "1400857148640657343",
        "durationNs": "9080037244",
        "didSwitch": false
      },
      {
        "cause": "NO_DOWNLINK",
        "startTimestampNs": "1400857234880923481",
        "durationNs": "1239707320",
        "didSwitch": true
      },
      {
        "cause": "NO_DOWNLINK",
        "startTimestampNs": "1400857236520610588",
        "durationNs": "1620038064",
        "didSwitch": true
      },
      {
        "cause": "NO_DOWNLINK",
        "startTimestampNs": "1400857238540661381",
        "durationNs": "3599986915",
        "didSwitch": true
      },
      {
        "cause": "NO_PINGS",
        "startTimestampNs": "1400857243080637652",
        "durationNs": "2340099827",
        "didSwitch": true
      },
      {
        "cause": "NO_DOWNLINK",
        "startTimestampNs": "1400857247560731397",
        "durationNs": "579923311",
        "didSwitch": true
      },
      {
        "cause": "NO_DOWNLINK",
        "startTimestampNs": "1400857248920795366",
        "durationNs": "1199958943",
        "didSwitch": true
      },
      {
        "cause": "NO_PINGS",
        "startTimestampNs": "1400857251140662016",
        "durationNs": "24080078263",
        "didSwitch": true
      },
      {
        "cause": "NO_DOWNLINK",
        "startTimestampNs": "1400857282740862419",
        "durationNs": "2399762584",
        "didSwitch": true
      },
      {
        "cause": "NO_DOWNLINK",
        "startTimestampNs": "1400857285300612973",
        "durationNs": "5160144488",
        "didSwitch": true
      },
      {
        "cause": "NO_DOWNLINK",
        "startTimestampNs": "1400857291980750444",
        "durationNs": "1159834302",
        "didSwitch": true
      },
      {
        "cause": "NO_PINGS",
        "startTimestampNs": "1400857293300633742",
        "durationNs": "6819981563",
        "didSwitch": true
      },
      {
        "cause": "NO_SCHEDULE",
        "startTimestampNs": "1400857300760640369",
        "durationNs": "4500101356",
        "didSwitch": true
      },
      {
        "cause": "NO_DOWNLINK",
        "startTimestampNs": "1400857311080832386",
        "durationNs": "1059755530",
        "didSwitch": true
      },
      {
        "cause": "NO_DOWNLINK",
        "startTimestampNs": "1400857312300592519",
        "durationNs": "1839986347",
        "didSwitch": true
      },
      {
        "cause": "NO_PINGS",
        "startTimestampNs": "1400857314220617625",
        "durationNs": "2919966032",
        "didSwitch": true
      },
      {
        "cause": "NO_SCHEDULE",
        "startTimestampNs": "1400857317920619973",
        "durationNs": "2219967995",
        "didSwitch": true
      },
      {
        "cause": "NO_DOWNLINK",
        "startTimestampNs": "1400857320980580767",
        "durationNs": "1159974729",
        "didSwitch": true
      },
      {
        "cause": "NO_DOWNLINK",
        "startTimestampNs": "1400857322980600390",
        "durationNs": "4180025594",
        "didSwitch": true
      },
      {
        "cause": "NO_DOWNLINK",
        "startTimestampNs": "1400857327780785922",
        "durationNs": "3359768526",
        "didSwitch": true
      },
      {
        "cause": "NO_DOWNLINK",
        "startTimestampNs": "1400857331480768759",
        "durationNs": "2659832635",
        "didSwitch": true
      },
      {
        "cause": "NO_PINGS",
        "startTimestampNs": "1400857334200615086",
        "durationNs": "16120105989",
        "didSwitch": true
      },
      {
        "cause": "NO_PINGS",
        "startTimestampNs": "1400857351580899673",
        "durationNs": "5559748026",
        "didSwitch": true
      },
      {
        "cause": "NO_DOWNLINK",
        "startTimestampNs": "1400857358040561656",
        "durationNs": "7160035756",
        "didSwitch": true
      },
      {
        "cause": "NO_PINGS",
        "startTimestampNs": "1400857366040671410",
        "durationNs": "3700155778",
        "didSwitch": true
      },
      {
        "cause": "NO_DOWNLINK",
        "startTimestampNs": "1400857425680806132",
        "durationNs": "639995708",
        "didSwitch": true
      },
      {
        "cause": "NO_DOWNLINK",
        "startTimestampNs": "1400857441580935276",
        "durationNs": "1959786943",
        "didSwitch": true
      },
      {
        "cause": "NO_DOWNLINK",
        "startTimestampNs": "1400857450620768012",
        "durationNs": "1219952600",
        "didSwitch": false
      },
      {
        "cause": "NO_DOWNLINK",
        "startTimestampNs": "1400857532440780039",
        "durationNs": "780024009",
        "didSwitch": true
      },
      {
        "cause": "NO_DOWNLINK",
        "startTimestampNs": "1400857534380930227",
        "durationNs": "2759684615",
        "didSwitch": true
      },
      {
        "cause": "NO_SCHEDULE",
        "startTimestampNs": "1400857537600610798",
        "durationNs": "7680273479",
        "didSwitch": true
      },
      {
        "cause": "NO_DOWNLINK",
        "startTimestampNs": "1400857548660825095",
        "durationNs": "1440026126",
        "didSwitch": true
      },
      {
        "cause": "NO_DOWNLINK",
        "startTimestampNs": "1400857642740856023",
        "durationNs": "879887000",
        "didSwitch": true
      },
      {
        "cause": "NO_DOWNLINK",
        "startTimestampNs": "1400857710280847756",
        "durationNs": "919905738",
        "didSwitch": true
      },
      {
        "cause": "NO_DOWNLINK",
        "startTimestampNs": "1400857749540766020",
        "durationNs": "1180006627",
        "didSwitch": true
      },
      {
        "cause": "NO_DOWNLINK",
        "startTimestampNs": "1400857788640778331",
        "durationNs": "1080083695",
        "didSwitch": true
      },
      {
        "cause": "NO_DOWNLINK",
        "startTimestampNs": "1400857847140736859",
        "durationNs": "459964469",
        "didSwitch": true
      },
      {
        "cause": "NO_DOWNLINK",
        "startTimestampNs": "1400857865820745928",
        "durationNs": "1019968022",
        "didSwitch": true
      },
      {
        "cause": "NO_DOWNLINK",
        "startTimestampNs": "1400857910100725119",
        "durationNs": "1080180944",
        "didSwitch": true
      }
    ]
  }
}
End time: 1716822726564
