Starting to pull status data from dish...
request data from dish at 2024-05-28T20:30:25.475574-04:00
receive json data from dish at 2024-05-28T20:30:25.873348-04:00
Sleeping for 0.1 seconds ...
request data from dish at 2024-05-28T20:30:26.035869-04:00
receive json data from dish at 2024-05-28T20:30:26.229478-04:00
Sleeping for 0.1 seconds ...
request data from dish at 2024-05-28T20:30:26.386946-04:00
receive json data from dish at 2024-05-28T20:30:26.588111-04:00
Sleeping for 0.1 seconds ...
request data from dish at 2024-05-28T20:30:26.738191-04:00
receive json data from dish at 2024-05-28T20:30:26.921551-04:00
Sleeping for 0.1 seconds ...
request data from dish at 2024-05-28T20:30:27.074068-04:00
receive json data from dish at 2024-05-28T20:30:27.371276-04:00
Sleeping for 0.1 seconds ...
request data from dish at 2024-05-28T20:30:27.523120-04:00
receive json data from dish at 2024-05-28T20:30:27.773316-04:00
Sleeping for 0.1 seconds ...
request data from dish at 2024-05-28T20:30:27.918633-04:00
receive json data from dish at 2024-05-28T20:30:28.125457-04:00
Sleeping for 0.1 seconds ...
request data from dish at 2024-05-28T20:30:28.275553-04:00
receive json data from dish at 2024-05-28T20:30:28.520897-04:00
Sleeping for 0.1 seconds ...
request data from dish at 2024-05-28T20:30:28.678246-04:00
receive json data from dish at 2024-05-28T20:30:28.872533-04:00
Sleeping for 0.1 seconds ...
request data from dish at 2024-05-28T20:30:29.030703-04:00
receive json data from dish at 2024-05-28T20:30:29.188823-04:00
Sleeping for 0.1 seconds ...
request data from dish at 2024-05-28T20:30:29.349452-04:00
receive json data from dish at 2024-05-28T20:30:29.573000-04:00
Sleeping for 0.1 seconds ...
request data from dish at 2024-05-28T20:30:29.727271-04:00
receive json data from dish at 2024-05-28T20:30:29.925059-04:00
Sleeping for 0.1 seconds ...
request data from dish at 2024-05-28T20:30:30.077652-04:00
receive json data from dish at 2024-05-28T20:30:30.394879-04:00
Sleeping for 0.1 seconds ...
request data from dish at 2024-05-28T20:30:30.556698-04:00
receive json data from dish at 2024-05-28T20:30:30.767129-04:00
Sleeping for 0.1 seconds ...
request data from dish at 2024-05-28T20:30:30.917555-04:00
receive json data from dish at 2024-05-28T20:30:31.199336-04:00
Sleeping for 0.1 seconds ...
request data from dish at 2024-05-28T20:30:31.357414-04:00
receive json data from dish at 2024-05-28T20:30:31.543936-04:00
Sleeping for 0.1 seconds ...
request data from dish at 2024-05-28T20:30:31.701870-04:00
receive json data from dish at 2024-05-28T20:30:31.885312-04:00
Sleeping for 0.1 seconds ...
request data from dish at 2024-05-28T20:30:32.035941-04:00
receive json data from dish at 2024-05-28T20:30:32.184768-04:00
Sleeping for 0.1 seconds ...
request data from dish at 2024-05-28T20:30:32.340144-04:00
receive json data from dish at 2024-05-28T20:30:32.559193-04:00
Sleeping for 0.1 seconds ...
request data from dish at 2024-05-28T20:30:32.711888-04:00
receive json data from dish at 2024-05-28T20:30:32.913121-04:00
Sleeping for 0.1 seconds ...
request data from dish at 2024-05-28T20:30:33.074880-04:00
receive json data from dish at 2024-05-28T20:30:33.258935-04:00
Sleeping for 0.1 seconds ...
request data from dish at 2024-05-28T20:30:33.413390-04:00
receive json data from dish at 2024-05-28T20:30:33.582317-04:00
Sleeping for 0.1 seconds ...
request data from dish at 2024-05-28T20:30:33.743531-04:00
receive json data from dish at 2024-05-28T20:30:33.972700-04:00
Sleeping for 0.1 seconds ...
request data from dish at 2024-05-28T20:30:34.130354-04:00
receive json data from dish at 2024-05-28T20:30:34.372591-04:00
Sleeping for 0.1 seconds ...
request data from dish at 2024-05-28T20:30:34.538460-04:00
receive json data from dish at 2024-05-28T20:30:34.831134-04:00
Sleeping for 0.1 seconds ...
request data from dish at 2024-05-28T20:30:34.988443-04:00
receive json data from dish at 2024-05-28T20:30:35.219405-04:00
Sleeping for 0.1 seconds ...
request data from dish at 2024-05-28T20:30:35.370579-04:00
receive json data from dish at 2024-05-28T20:30:35.556499-04:00
Sleeping for 0.1 seconds ...
request data from dish at 2024-05-28T20:30:35.706920-04:00
Received signal, performing cleanup...
