Start time: 1716920204205
[2024-05-28 14:17:09.974583] Connecting to host 35.245.244.238, port 5201
[2024-05-28 14:17:09.975347] Reverse mode, remote host 35.245.244.238 is sending
[2024-05-28 14:17:09.975421] [  5] local 100.127.37.191 port 49129 connected to 35.245.244.238 port 5201
[2024-05-28 14:17:09.975474] [ ID] Interval           Transfer     Bitrate         Jitter    Lost/Total Datagrams
[2024-05-28 14:17:09.975529] [  5]   0.00-0.50   sec   896 KBytes  14.7 Mbits/sec  0.446 ms  580/1235 (47%)  
[2024-05-28 14:17:09.975578] [  5]   0.50-1.00   sec   197 KBytes  3.22 Mbits/sec  0.859 ms  0/144 (0%)  
[2024-05-28 14:17:09.975628] [  5]   1.00-1.50   sec  27.3 KBytes   447 Kbits/sec  17.918 ms  0/20 (0%)  
[2024-05-28 14:17:09.975675] [  5]   1.50-2.00   sec  1.37 KBytes  22.4 Kbits/sec  47.472 ms  78/79 (99%)  
[2024-05-28 14:17:09.975728] [  5]   2.00-2.50   sec  1.37 KBytes  22.4 Kbits/sec  74.517 ms  81/82 (99%)  
[2024-05-28 14:17:09.975775] [  5]   2.50-3.00   sec  2.73 KBytes  44.9 Kbits/sec  96.482 ms  80/82 (98%)  
[2024-05-28 14:17:09.975821] [  5]   3.00-3.50   sec  2.73 KBytes  44.8 Kbits/sec  112.098 ms  80/82 (98%)  
[2024-05-28 14:17:09.975869] [  5]   3.50-4.00   sec  2.73 KBytes  44.7 Kbits/sec  116.998 ms  75/77 (97%)  
[2024-05-28 14:17:09.975921] [  5]   4.00-4.50   sec  0.00 Bytes  0.00 bits/sec  116.998 ms  0/0 (0%)  
[2024-05-28 14:17:09.975966] [  5]   4.50-5.00   sec  0.00 Bytes  0.00 bits/sec  116.998 ms  0/0 (0%)  
[2024-05-28 14:17:09.976010] [  5]   5.00-5.50   sec  31.4 KBytes   515 Kbits/sec  55.129 ms  1305/1328 (98%)  
[2024-05-28 14:17:09.976056] [  5]   5.50-6.00   sec  19.1 KBytes   314 Kbits/sec  32.420 ms  221/235 (94%)  
[2024-05-28 14:17:09.976101] [  5]   6.00-6.50   sec  21.9 KBytes   358 Kbits/sec  276.486 ms  62969/62985 (1e+02%)  
[2024-05-28 14:17:09.976146] [  5]   6.50-7.00   sec  26.0 KBytes   426 Kbits/sec  197.896 ms  117/136 (86%)  
[2024-05-28 14:17:09.976189] [  5]   7.00-7.50   sec  43.8 KBytes   717 Kbits/sec  361.325 ms  104/136 (76%)  
[2024-05-28 14:17:09.976234] [  5]   7.50-8.00   sec  43.8 KBytes   717 Kbits/sec  51.702 ms  -32/0 (0%)  
[2024-05-28 14:17:09.976279] [  5]   8.00-8.50   sec  53.3 KBytes   875 Kbits/sec  252.859 ms  231/270 (86%)  
[2024-05-28 14:17:09.976325] [  5]   8.50-9.00   sec  64.3 KBytes  1.05 Mbits/sec  126.099 ms  80/127 (63%)  
[2024-05-28 14:17:09.976371] [  5]   9.00-9.50   sec   217 KBytes  3.56 Mbits/sec  23.845 ms  27/186 (15%)  
[2024-05-28 14:17:09.976417] [  5]   9.50-10.00  sec   511 KBytes  8.38 Mbits/sec  1.867 ms  -247/127 (-1.9e+02%)  
[2024-05-28 14:17:09.976463] [  5]  10.00-10.50  sec   457 KBytes  7.48 Mbits/sec  1.501 ms  -334/0 (0%)  
[2024-05-28 14:17:09.976507] [  5]  10.50-11.00  sec   319 KBytes  5.22 Mbits/sec  1.767 ms  -233/0 (0%)  
[2024-05-28 14:17:09.976554] [  5]  11.00-11.50  sec   284 KBytes  4.66 Mbits/sec  3.249 ms  -208/0 (0%)  
[2024-05-28 14:17:09.976602] [  5]  11.50-12.00  sec   144 KBytes  2.35 Mbits/sec  6.016 ms  -105/0 (0%)  
[2024-05-28 14:17:09.976648] [  5]  12.00-12.50  sec   129 KBytes  2.11 Mbits/sec  4.261 ms  -94/0 (0%)  
[2024-05-28 14:17:09.976695] [  5]  12.50-13.00  sec   193 KBytes  3.16 Mbits/sec  3.945 ms  -141/0 (0%)  
[2024-05-28 14:17:09.976741] [  5]  13.00-13.50  sec   103 KBytes  1.68 Mbits/sec  4.927 ms  -75/0 (0%)  
[2024-05-28 14:17:09.976785] [  5]  13.50-14.00  sec   146 KBytes  2.40 Mbits/sec  3.918 ms  -107/0 (0%)  
[2024-05-28 14:17:09.976830] [  5]  14.00-14.50  sec   130 KBytes  2.13 Mbits/sec  6.707 ms  -95/0 (0%)  
[2024-05-28 14:17:09.976875] [  5]  14.50-15.00  sec   217 KBytes  3.56 Mbits/sec  2.206 ms  -159/0 (0%)  
[2024-05-28 14:17:09.976922] [  5]  15.00-15.50  sec   164 KBytes  2.69 Mbits/sec  4.423 ms  -120/0 (0%)  
[2024-05-28 14:17:09.976968] [  5]  15.50-16.00  sec   205 KBytes  3.36 Mbits/sec  2.615 ms  -150/0 (0%)  
[2024-05-28 14:17:09.977013] [  5]  16.00-16.50  sec   280 KBytes  4.59 Mbits/sec  2.214 ms  -205/0 (0%)  
[2024-05-28 14:17:09.977057] [  5]  16.50-17.00  sec   412 KBytes  6.74 Mbits/sec  0.847 ms  -301/0 (0%)  
[2024-05-28 14:17:09.977102] [  5]  17.00-17.50  sec   429 KBytes  7.03 Mbits/sec  1.924 ms  -314/0 (0%)  
[2024-05-28 14:17:09.977175] [  5]  17.50-18.00  sec   466 KBytes  7.64 Mbits/sec  0.976 ms  -341/0 (0%)  
[2024-05-28 14:17:09.977222] [  5]  18.00-18.50  sec   926 KBytes  15.2 Mbits/sec  0.583 ms  -677/0 (0%)  
[2024-05-28 14:17:09.977267] [  5]  18.50-19.00  sec  1.12 MBytes  18.7 Mbits/sec  0.273 ms  -836/0 (0%)  
[2024-05-28 14:17:09.977312] [  5]  19.00-19.50  sec  1.51 MBytes  25.3 Mbits/sec  0.261 ms  -1131/0 (0%)  
[2024-05-28 14:17:09.977355] [  5]  19.50-20.00  sec  1.82 MBytes  30.5 Mbits/sec  0.168 ms  -1361/0 (0%)  
[2024-05-28 14:17:09.977398] [  5]  20.00-20.50  sec  1.67 MBytes  28.0 Mbits/sec  16.051 ms  -1252/0 (0%)  
[2024-05-28 14:17:09.977440] [  5]  20.50-21.00  sec  1.67 MBytes  28.0 Mbits/sec  0.850 ms  1399/2649 (53%)  
[2024-05-28 14:17:09.977484] [  5]  21.00-21.50  sec  1.27 MBytes  21.3 Mbits/sec  0.661 ms  2259/3210 (70%)  
[2024-05-28 14:17:09.977527] [  5]  21.50-22.00  sec  1.11 MBytes  18.6 Mbits/sec  0.458 ms  2033/2863 (71%)  
[2024-05-28 14:17:09.977571] [  5]  22.00-22.50  sec  1.33 MBytes  22.4 Mbits/sec  0.529 ms  1521/2519 (60%)  
[2024-05-28 14:17:09.977718] [  5]  22.50-23.00  sec  1.05 MBytes  17.6 Mbits/sec  0.422 ms  0/787 (0%)  
[2024-05-28 14:17:09.977781] [  5]  23.00-23.50  sec   726 KBytes  11.9 Mbits/sec  2.149 ms  0/531 (0%)  
[2024-05-28 14:17:09.977830] [  5]  23.50-24.00  sec  1.01 MBytes  16.9 Mbits/sec  0.339 ms  0/753 (0%)  
[2024-05-28 14:17:36.474748] [  5]  24.00-24.50  sec   611 KBytes  10.0 Mbits/sec  1.627 ms  0/447 (0%)  
[2024-05-28 14:17:36.475229] [  5]  24.50-25.00  sec   638 KBytes  10.5 Mbits/sec  1.764 ms  0/467 (0%)  
[2024-05-28 14:17:36.475380] [  5]  25.00-25.50  sec   413 KBytes  6.77 Mbits/sec  1.272 ms  0/302 (0%)  
[2024-05-28 14:17:36.475499] [  5]  25.50-26.00  sec   417 KBytes  6.83 Mbits/sec  0.956 ms  0/305 (0%)  
[2024-05-28 14:17:36.475609] [  5]  26.00-26.50  sec   435 KBytes  7.12 Mbits/sec  1.748 ms  0/318 (0%)  
[2024-05-28 14:17:36.475724] [  5]  26.50-27.00  sec   457 KBytes  7.48 Mbits/sec  1.400 ms  0/334 (0%)  
[2024-05-28 14:17:36.475832] [  5]  27.00-27.50  sec   319 KBytes  5.22 Mbits/sec  4.882 ms  0/233 (0%)  
[2024-05-28 14:17:36.475937] [  5]  27.50-28.00  sec   123 KBytes  2.02 Mbits/sec  4.611 ms  0/90 (0%)  
[2024-05-28 14:17:36.476044] [  5]  28.00-28.50  sec   144 KBytes  2.35 Mbits/sec  4.572 ms  0/105 (0%)  
[2024-05-28 14:17:36.476149] [  5]  28.50-29.00  sec   109 KBytes  1.79 Mbits/sec  7.004 ms  0/80 (0%)  
[2024-05-28 14:17:36.476253] [  5]  29.00-29.50  sec  99.8 KBytes  1.64 Mbits/sec  11.464 ms  0/73 (0%)  
[2024-05-28 14:17:36.476358] [  5]  29.50-30.00  sec  58.8 KBytes   963 Kbits/sec  10.752 ms  0/43 (0%)  
[2024-05-28 14:17:36.476463] [  5]  30.00-30.50  sec  98.4 KBytes  1.61 Mbits/sec  5.975 ms  0/72 (0%)  
[2024-05-28 14:17:36.476566] [  5]  30.50-31.00  sec  67.0 KBytes  1.10 Mbits/sec  14.437 ms  0/49 (0%)  
[2024-05-28 14:17:36.476670] [  5]  31.00-31.50  sec   107 KBytes  1.75 Mbits/sec  5.501 ms  0/78 (0%)  
[2024-05-28 14:17:36.476776] [  5]  31.50-32.00  sec   122 KBytes  1.99 Mbits/sec  7.762 ms  0/89 (0%)  
[2024-05-28 14:17:36.476883] [  5]  32.00-32.50  sec  93.0 KBytes  1.52 Mbits/sec  5.705 ms  0/68 (0%)  
[2024-05-28 14:17:36.476986] [  5]  32.50-33.00  sec   167 KBytes  2.73 Mbits/sec  5.387 ms  0/122 (0%)  
[2024-05-28 14:17:36.477094] [  5]  33.00-33.50  sec   108 KBytes  1.77 Mbits/sec  7.384 ms  0/79 (0%)  
[2024-05-28 14:17:36.477197] [  5]  33.50-34.00  sec  91.6 KBytes  1.50 Mbits/sec  6.486 ms  0/67 (0%)  
[2024-05-28 14:17:36.477298] [  5]  34.00-34.50  sec   138 KBytes  2.26 Mbits/sec  3.866 ms  0/101 (0%)  
[2024-05-28 14:17:36.477401] [  5]  34.50-35.00  sec   196 KBytes  3.20 Mbits/sec  5.061 ms  0/143 (0%)  
[2024-05-28 14:17:36.477506] [  5]  35.00-35.50  sec   167 KBytes  2.73 Mbits/sec  4.858 ms  0/122 (0%)  
[2024-05-28 14:17:36.477608] [  5]  35.50-36.00  sec   171 KBytes  2.80 Mbits/sec  3.583 ms  0/125 (0%)  
[2024-05-28 14:17:36.477821] [  5]  36.00-36.50  sec   178 KBytes  2.91 Mbits/sec  3.075 ms  0/130 (0%)  
[2024-05-28 14:17:36.477974] [  5]  36.50-37.00  sec   152 KBytes  2.49 Mbits/sec  4.992 ms  0/111 (0%)  
[2024-05-28 14:17:36.478086] [  5]  37.00-37.50  sec   134 KBytes  2.20 Mbits/sec  5.245 ms  0/98 (0%)  
[2024-05-28 14:17:36.478194] [  5]  37.50-38.00  sec  98.4 KBytes  1.61 Mbits/sec  10.125 ms  0/72 (0%)  
[2024-05-28 14:17:36.478296] [  5]  38.00-38.50  sec  60.2 KBytes   984 Kbits/sec  14.101 ms  0/44 (0%)  
[2024-05-28 14:17:36.478396] [  5]  38.50-39.00  sec  4.10 KBytes  67.3 Kbits/sec  29.077 ms  0/3 (0%)  
[2024-05-28 14:17:36.478498] [  5]  39.00-39.50  sec  1.37 KBytes  22.4 Kbits/sec  59.102 ms  0/1 (0%)  
[2024-05-28 14:17:36.478600] [  5]  39.50-40.00  sec  6.84 KBytes   112 Kbits/sec  77.595 ms  0/5 (0%)  
[2024-05-28 14:17:36.478706] [  5]  40.00-40.50  sec  27.3 KBytes   449 Kbits/sec  31.545 ms  0/20 (0%)  
[2024-05-28 14:17:36.478812] [  5]  40.50-41.00  sec  4.10 KBytes  67.2 Kbits/sec  47.881 ms  0/3 (0%)  
[2024-05-28 14:17:36.478910] [  5]  41.00-41.50  sec  16.4 KBytes   269 Kbits/sec  46.033 ms  0/12 (0%)  
[2024-05-28 14:17:36.479010] [  5]  41.50-42.00  sec  8.20 KBytes   134 Kbits/sec  55.895 ms  0/6 (0%)  
[2024-05-28 14:17:36.479113] [  5]  42.00-42.50  sec  16.4 KBytes   269 Kbits/sec  48.356 ms  0/12 (0%)  
[2024-05-28 14:17:36.479213] [  5]  42.50-43.00  sec  2.73 KBytes  44.8 Kbits/sec  46.356 ms  0/2 (0%)  
[2024-05-28 14:17:36.479315] [  5]  43.00-43.50  sec  5.47 KBytes  89.7 Kbits/sec  87.728 ms  0/4 (0%)  
[2024-05-28 14:17:36.479415] [  5]  43.50-44.00  sec  15.0 KBytes   246 Kbits/sec  58.246 ms  0/11 (0%)  
[2024-05-28 14:17:36.479519] [  5]  44.00-44.50  sec  30.1 KBytes   493 Kbits/sec  29.832 ms  0/22 (0%)  
[2024-05-28 14:17:36.479621] [  5]  44.50-45.00  sec  43.8 KBytes   717 Kbits/sec  12.666 ms  0/32 (0%)  
[2024-05-28 14:17:36.479721] [  5]  45.00-45.50  sec  46.5 KBytes   760 Kbits/sec  23.862 ms  0/34 (0%)  
[2024-05-28 14:17:36.479823] [  5]  45.50-46.00  sec  23.2 KBytes   382 Kbits/sec  24.170 ms  0/17 (0%)  
[2024-05-28 14:17:36.479927] [  5]  46.00-46.50  sec  27.3 KBytes   448 Kbits/sec  25.868 ms  0/20 (0%)  
[2024-05-28 14:17:36.480027] [  5]  46.50-47.00  sec  86.1 KBytes  1.41 Mbits/sec  8.479 ms  0/63 (0%)  
[2024-05-28 14:17:36.480126] [  5]  47.00-47.50  sec   119 KBytes  1.95 Mbits/sec  5.972 ms  0/87 (0%)  
[2024-05-28 14:17:36.480229] [  5]  47.50-48.00  sec   115 KBytes  1.88 Mbits/sec  6.595 ms  0/84 (0%)  
[2024-05-28 14:17:36.480329] [  5]  48.00-48.50  sec   154 KBytes  2.53 Mbits/sec  4.194 ms  0/113 (0%)  
[2024-05-28 14:17:36.480429] [  5]  48.50-49.00  sec   156 KBytes  2.55 Mbits/sec  2.979 ms  0/114 (0%)  
[2024-05-28 14:17:36.480529] [  5]  49.00-49.50  sec   193 KBytes  3.16 Mbits/sec  3.341 ms  0/141 (0%)  
[2024-05-28 14:17:36.480630] [  5]  49.50-50.00  sec   190 KBytes  3.11 Mbits/sec  3.744 ms  0/139 (0%)  
[2024-05-28 14:17:36.480730] [  5]  50.00-50.50  sec   164 KBytes  2.69 Mbits/sec  3.850 ms  0/120 (0%)  
[2024-05-28 14:18:01.474722] [  5]  50.50-51.00  sec   180 KBytes  2.96 Mbits/sec  4.025 ms  0/132 (0%)  
[2024-05-28 14:18:01.475157] [  5]  51.00-51.50  sec   194 KBytes  3.18 Mbits/sec  3.173 ms  0/142 (0%)  
[2024-05-28 14:18:01.475295] [  5]  51.50-52.00  sec   167 KBytes  2.73 Mbits/sec  3.524 ms  0/122 (0%)  
[2024-05-28 14:18:01.475409] [  5]  52.00-52.50  sec  62.9 KBytes  1.03 Mbits/sec  15.317 ms  18744/18790 (1e+02%)  
[2024-05-28 14:18:01.475521] [  5]  52.50-53.00  sec  64.3 KBytes  1.05 Mbits/sec  11.098 ms  10672/10719 (1e+02%)  
[2024-05-28 14:18:01.475625] [  5]  53.00-53.50  sec  83.4 KBytes  1.37 Mbits/sec  9.355 ms  16011/16072 (1e+02%)  
[2024-05-28 14:18:01.475729] [  5]  53.50-54.00  sec  73.8 KBytes  1.21 Mbits/sec  12.591 ms  14234/14288 (1e+02%)  
[2024-05-28 14:18:01.475831] [  5]  54.00-54.50  sec  73.8 KBytes  1.21 Mbits/sec  11.718 ms  16017/16071 (1e+02%)  
[2024-05-28 14:18:01.475932] [  5]  54.50-55.00  sec  76.6 KBytes  1.25 Mbits/sec  12.767 ms  16018/16074 (1e+02%)  
[2024-05-28 14:18:01.476032] [  5]  55.00-55.50  sec  72.5 KBytes  1.19 Mbits/sec  11.020 ms  8873/8926 (99%)  
[2024-05-28 14:18:01.476177] [  5]  55.50-56.00  sec  71.1 KBytes  1.17 Mbits/sec  10.584 ms  10663/10715 (1e+02%)  
[2024-05-28 14:18:01.476283] [  5]  56.00-56.50  sec   104 KBytes  1.70 Mbits/sec  9.179 ms  9296/9372 (99%)  
[2024-05-28 14:18:01.476387] [  5]  56.50-57.00  sec   101 KBytes  1.66 Mbits/sec  6.528 ms  10206/10280 (99%)  
[2024-05-28 14:18:01.476489] [  5]  57.00-57.50  sec   153 KBytes  2.51 Mbits/sec  11.615 ms  3490/3602 (97%)  
[2024-05-28 14:18:01.476588] [  5]  57.50-58.00  sec  88.9 KBytes  1.46 Mbits/sec  8.056 ms  1718/1783 (96%)  
[2024-05-28 14:18:01.476689] [  5]  58.00-58.50  sec  95.7 KBytes  1.56 Mbits/sec  9.764 ms  1736/1806 (96%)  
[2024-05-28 14:18:01.476788] [  5]  58.50-59.00  sec  72.5 KBytes  1.19 Mbits/sec  8.861 ms  1716/1769 (97%)  
[2024-05-28 14:18:01.476887] [  5]  59.00-59.50  sec  67.0 KBytes  1.10 Mbits/sec  10.401 ms  1714/1763 (97%)  
[2024-05-28 14:18:01.476987] [  5]  59.50-60.00  sec  58.8 KBytes   963 Kbits/sec  10.492 ms  3512/3555 (99%)  
[2024-05-28 14:18:01.477091] [  5]  60.00-60.50  sec  58.8 KBytes   963 Kbits/sec  13.171 ms  5305/5348 (99%)  
[2024-05-28 14:18:01.477193] [  5]  60.50-61.00  sec  46.5 KBytes   762 Kbits/sec  14.777 ms  1754/1788 (98%)  
[2024-05-28 14:18:01.477293] [  5]  61.00-61.50  sec  71.1 KBytes  1.16 Mbits/sec  8.391 ms  1734/1786 (97%)  
[2024-05-28 14:18:01.477392] [  5]  61.50-62.00  sec  72.5 KBytes  1.19 Mbits/sec  11.199 ms  3521/3574 (99%)  
[2024-05-28 14:18:01.477492] [  5]  62.00-62.50  sec  72.5 KBytes  1.19 Mbits/sec  9.007 ms  1756/1809 (97%)  
[2024-05-28 14:18:01.477595] [  5]  62.50-63.00  sec  35.5 KBytes   583 Kbits/sec  16.849 ms  1743/1769 (99%)  
[2024-05-28 14:18:01.477790] [  5]  63.00-63.50  sec  58.8 KBytes   963 Kbits/sec  12.567 ms  1762/1805 (98%)  
[2024-05-28 14:18:01.477902] [  5]  63.50-64.00  sec  45.1 KBytes   739 Kbits/sec  17.064 ms  3502/3535 (99%)  
[2024-05-28 14:18:01.478005] [  5]  64.00-64.50  sec  73.8 KBytes  1.21 Mbits/sec  10.148 ms  3531/3585 (98%)  
[2024-05-28 14:18:01.478105] [  5]  64.50-65.00  sec  69.7 KBytes  1.14 Mbits/sec  9.113 ms  1738/1789 (97%)  
[2024-05-28 14:18:01.478205] [  5]  65.00-65.50  sec  68.4 KBytes  1.12 Mbits/sec  11.123 ms  3528/3578 (99%)  
[2024-05-28 14:18:01.478305] [  5]  65.50-66.00  sec  49.2 KBytes   806 Kbits/sec  16.019 ms  2133/2169 (98%)  
[2024-05-28 14:18:01.478406] [  5]  66.00-66.50  sec  83.4 KBytes  1.37 Mbits/sec  8.225 ms  6690/6751 (99%)  
[2024-05-28 14:18:01.478507] [  5]  66.50-67.00  sec  84.8 KBytes  1.39 Mbits/sec  11.103 ms  5647/5709 (99%)  
[2024-05-28 14:18:01.478607] [  5]  67.00-67.50  sec  69.7 KBytes  1.14 Mbits/sec  7.878 ms  3172/3223 (98%)  
[2024-05-28 14:18:01.478708] [  5]  67.50-68.00  sec  42.4 KBytes   694 Kbits/sec  15.529 ms  1771/1802 (98%)  
[2024-05-28 14:18:01.478812] [  5]  68.00-68.50  sec  24.6 KBytes   403 Kbits/sec  23.248 ms  1757/1775 (99%)  
[2024-05-28 14:18:01.478912] [  5]  68.50-69.00  sec  30.1 KBytes   492 Kbits/sec  20.259 ms  1753/1775 (99%)  
[2024-05-28 14:18:01.479015] [  5]  69.00-69.50  sec  26.0 KBytes   426 Kbits/sec  20.505 ms  1766/1785 (99%)  
[2024-05-28 14:18:01.479115] [  5]  69.50-70.00  sec  41.0 KBytes   672 Kbits/sec  14.909 ms  1776/1806 (98%)  
[2024-05-28 14:18:01.479216] [  5]  70.00-70.50  sec  41.0 KBytes   672 Kbits/sec  18.841 ms  3517/3547 (99%)  
[2024-05-28 14:18:01.479315] [  5]  70.50-71.00  sec  42.4 KBytes   694 Kbits/sec  14.551 ms  1767/1798 (98%)  
[2024-05-28 14:18:01.479415] [  5]  71.00-71.50  sec  45.1 KBytes   739 Kbits/sec  16.391 ms  1757/1790 (98%)  
[2024-05-28 14:18:01.479524] [  5]  71.50-72.00  sec  19.1 KBytes   313 Kbits/sec  25.910 ms  1759/1773 (99%)  
[2024-05-28 14:18:01.479653] [  5]  72.00-72.50  sec  17.8 KBytes   291 Kbits/sec  33.063 ms  0/13 (0%)  
[2024-05-28 14:18:01.479752] [  5]  72.50-73.00  sec  23.2 KBytes   382 Kbits/sec  31.557 ms  1752/1769 (99%)  
[2024-05-28 14:18:01.479851] [  5]  73.00-73.50  sec  27.3 KBytes   448 Kbits/sec  24.025 ms  1763/1783 (99%)  
[2024-05-28 14:18:01.479952] [  5]  73.50-74.00  sec  28.7 KBytes   470 Kbits/sec  26.976 ms  2128/2149 (99%)  
[2024-05-28 14:18:01.480065] [  5]  74.00-74.50  sec  52.0 KBytes   851 Kbits/sec  12.376 ms  4961/4999 (99%)  
[2024-05-28 14:18:01.480167] [  5]  74.50-75.00  sec   107 KBytes  1.75 Mbits/sec  10.112 ms  9300/9378 (99%)  
[2024-05-28 14:18:01.480269] [  5]  75.00-75.50  sec  52.0 KBytes   851 Kbits/sec  18.955 ms  8519/8557 (1e+02%)  
[2024-05-28 14:18:25.974730] [  5]  75.50-76.00  sec  67.0 KBytes  1.10 Mbits/sec  13.150 ms  5228/5277 (99%)  
[2024-05-28 14:18:25.975217] [  5]  76.00-76.50  sec  62.9 KBytes  1.03 Mbits/sec  8.905 ms  3534/3580 (99%)  
[2024-05-28 14:18:25.975371] [  5]  76.50-77.00  sec   144 KBytes  2.35 Mbits/sec  5.277 ms  7035/7140 (99%)  
[2024-05-28 14:18:25.975500] [  5]  77.00-77.50  sec   141 KBytes  2.31 Mbits/sec  7.451 ms  14183/14286 (99%)  
[2024-05-28 14:18:25.975611] [  5]  77.50-78.00  sec   187 KBytes  3.07 Mbits/sec  5.687 ms  17716/17853 (99%)  
[2024-05-28 14:18:25.975715] [  5]  78.00-78.50  sec   148 KBytes  2.42 Mbits/sec  6.223 ms  10594/10702 (99%)  
[2024-05-28 14:18:25.975817] [  5]  78.50-79.00  sec   115 KBytes  1.88 Mbits/sec  7.592 ms  5294/5378 (98%)  
[2024-05-28 14:18:25.975920] [  5]  79.00-79.50  sec   253 KBytes  4.14 Mbits/sec  5.727 ms  33734/33919 (99%)  
[2024-05-28 14:18:25.976022] [  5]  79.50-80.00  sec   165 KBytes  2.71 Mbits/sec  9.736 ms  14598/14719 (99%)  
[2024-05-28 14:18:25.976125] [  5]  80.00-80.50  sec   167 KBytes  2.73 Mbits/sec  2.752 ms  8836/8958 (99%)  
[2024-05-28 14:18:25.976229] [  5]  80.50-81.00  sec   201 KBytes  3.29 Mbits/sec  5.241 ms  8774/8921 (98%)  
[2024-05-28 14:18:25.976337] [  5]  81.00-81.50  sec   174 KBytes  2.84 Mbits/sec  4.304 ms  5238/5365 (98%)  
[2024-05-28 14:18:25.976442] [  5]  81.50-82.00  sec   126 KBytes  2.06 Mbits/sec  6.486 ms  5250/5342 (98%)  
[2024-05-28 14:18:25.976548] [  5]  82.00-82.50  sec   183 KBytes  3.00 Mbits/sec  2.522 ms  8800/8934 (99%)  
[2024-05-28 14:18:25.976653] [  5]  82.50-83.00  sec   200 KBytes  3.27 Mbits/sec  4.162 ms  10574/10720 (99%)  
[2024-05-28 14:18:25.976759] [  5]  83.00-83.50  sec   273 KBytes  4.48 Mbits/sec  3.204 ms  12290/12490 (98%)  
[2024-05-28 14:18:25.976860] [  5]  83.50-84.00  sec   209 KBytes  3.43 Mbits/sec  4.834 ms  14147/14300 (99%)  
[2024-05-28 14:18:25.976961] [  5]  84.00-84.50  sec   211 KBytes  3.45 Mbits/sec  3.619 ms  14124/14278 (99%)  
[2024-05-28 14:18:25.977067] [  5]  84.50-85.00  sec   101 KBytes  1.66 Mbits/sec  8.195 ms  8843/8917 (99%)  
[2024-05-28 14:18:25.977168] [  5]  85.00-85.50  sec   105 KBytes  1.72 Mbits/sec  9.185 ms  8844/8921 (99%)  
[2024-05-28 14:18:25.977271] [  5]  85.50-86.00  sec  68.4 KBytes  1.12 Mbits/sec  14.918 ms  8876/8926 (99%)  
[2024-05-28 14:18:25.977374] [  5]  86.00-86.50  sec  76.6 KBytes  1.25 Mbits/sec  8.458 ms  8865/8921 (99%)  
[2024-05-28 14:18:25.977480] [  5]  86.50-87.00  sec   127 KBytes  2.08 Mbits/sec  10.134 ms  24914/25007 (1e+02%)  
[2024-05-28 14:18:25.977583] [  5]  87.00-87.50  sec   193 KBytes  3.16 Mbits/sec  5.366 ms  21304/21445 (99%)  
[2024-05-28 14:18:25.977830] [  5]  87.50-88.00  sec   134 KBytes  2.20 Mbits/sec  10.041 ms  28018/28116 (1e+02%)  
[2024-05-28 14:18:25.977950] [  5]  88.00-88.50  sec   124 KBytes  2.04 Mbits/sec  9.170 ms  19905/19996 (1e+02%)  
[2024-05-28 14:18:25.978062] [  5]  88.50-89.00  sec   213 KBytes  3.50 Mbits/sec  5.729 ms  29858/30014 (99%)  
[2024-05-28 14:18:25.978165] [  5]  89.00-89.50  sec   123 KBytes  2.02 Mbits/sec  14.721 ms  15800/15890 (99%)  
[2024-05-28 14:18:25.978266] [  5]  89.50-90.00  sec  82.0 KBytes  1.34 Mbits/sec  10.964 ms  5483/5543 (99%)  
[2024-05-28 14:18:25.978370] [  5]  90.00-90.50  sec   191 KBytes  3.14 Mbits/sec  4.066 ms  24864/25004 (99%)  
[2024-05-28 14:18:25.978473] [  5]  90.50-91.00  sec   204 KBytes  3.34 Mbits/sec  8.127 ms  19477/19626 (99%)  
[2024-05-28 14:18:25.978575] [  5]  91.00-91.50  sec   120 KBytes  1.97 Mbits/sec  7.949 ms  10637/10725 (99%)  
[2024-05-28 14:18:25.978690] [  5]  91.50-92.00  sec   115 KBytes  1.88 Mbits/sec  7.930 ms  8842/8926 (99%)  
[2024-05-28 14:18:25.978831] [  5]  92.00-92.50  sec   148 KBytes  2.42 Mbits/sec  6.455 ms  8811/8919 (99%)  
[2024-05-28 14:18:25.978938] [  5]  92.50-93.00  sec  98.4 KBytes  1.61 Mbits/sec  9.666 ms  5301/5373 (99%)  
[2024-05-28 14:18:25.979041] [  5]  93.00-93.50  sec  62.9 KBytes  1.03 Mbits/sec  11.200 ms  3519/3565 (99%)  
[2024-05-28 14:18:25.979144] [  5]  93.50-94.00  sec  83.4 KBytes  1.37 Mbits/sec  9.265 ms  3496/3557 (98%)  
[2024-05-28 14:18:25.979248] [  5]  94.00-94.50  sec   153 KBytes  2.51 Mbits/sec  3.545 ms  3505/3617 (97%)  
[2024-05-28 14:18:25.979349] [  5]  94.50-95.00  sec   178 KBytes  2.91 Mbits/sec  4.392 ms  10554/10684 (99%)  
[2024-05-28 14:18:25.979449] [  5]  95.00-95.50  sec   228 KBytes  3.74 Mbits/sec  5.048 ms  14114/14281 (99%)  
[2024-05-28 14:18:25.979551] [  5]  95.50-96.00  sec   294 KBytes  4.82 Mbits/sec  1.827 ms  12304/12519 (98%)  
[2024-05-28 14:18:25.979654] [  5]  96.00-96.50  sec   361 KBytes  5.91 Mbits/sec  3.908 ms  12217/12481 (98%)  
[2024-05-28 14:18:25.979757] [  5]  96.50-97.00  sec   503 KBytes  8.24 Mbits/sec  1.094 ms  8593/8961 (96%)  
[2024-05-28 14:18:25.979858] [  5]  97.00-97.50  sec   496 KBytes  8.11 Mbits/sec  1.323 ms  5456/5819 (94%)  
[2024-05-28 14:18:25.979957] [  5]  97.50-98.00  sec   239 KBytes  3.93 Mbits/sec  3.116 ms  0/175 (0%)  
[2024-05-28 14:18:25.980058] [  5]  98.00-98.50  sec   335 KBytes  5.49 Mbits/sec  1.313 ms  0/245 (0%)  
[2024-05-28 14:18:25.980157] [  5]  98.50-99.00  sec   570 KBytes  9.34 Mbits/sec  1.286 ms  0/417 (0%)  
[2024-05-28 14:18:25.980259] [  5]  99.00-99.50  sec   699 KBytes  11.4 Mbits/sec  6.162 ms  33704/34215 (99%)  
[2024-05-28 14:18:25.980360] [  5]  99.50-100.00 sec   741 KBytes  12.1 Mbits/sec  1.149 ms  10177/10719 (95%)  
[2024-05-28 14:19:04.228648] [  5] 100.00-100.50 sec   640 KBytes  10.5 Mbits/sec  0.862 ms  6691/7159 (93%)  
[2024-05-28 14:19:04.228964] [  5] 100.50-101.00 sec   591 KBytes  9.68 Mbits/sec  1.182 ms  6764/7196 (94%)  
[2024-05-28 14:19:04.229108] [  5] 101.00-101.50 sec   509 KBytes  8.33 Mbits/sec  1.385 ms  6705/7077 (95%)  
[2024-05-28 14:19:04.229182] [  5] 101.50-102.00 sec   589 KBytes  9.65 Mbits/sec  1.669 ms  6700/7131 (94%)  
[2024-05-28 14:19:04.229251] [  5] 102.00-102.50 sec   438 KBytes  7.17 Mbits/sec  1.798 ms  5107/5427 (94%)  
[2024-05-28 14:19:04.229316] [  5] 102.50-103.00 sec   268 KBytes  4.39 Mbits/sec  4.791 ms  3332/3528 (94%)  
[2024-05-28 14:19:04.229382] [  5] 103.00-103.50 sec   141 KBytes  2.31 Mbits/sec  8.838 ms  1716/1819 (94%)  
[2024-05-28 14:19:04.229445] [  5] 103.50-104.00 sec   111 KBytes  1.81 Mbits/sec  9.634 ms  1670/1751 (95%)  
[2024-05-28 14:19:04.229489] [  5] 104.00-104.50 sec   163 KBytes  2.67 Mbits/sec  3.455 ms  1663/1782 (93%)  
[2024-05-28 14:19:04.229534] [  5] 104.50-105.00 sec   176 KBytes  2.89 Mbits/sec  2.948 ms  1689/1818 (93%)  
[2024-05-28 14:19:04.229578] [  5] 105.00-105.50 sec   138 KBytes  2.26 Mbits/sec  5.542 ms  1686/1787 (94%)  
[2024-05-28 14:19:04.229666] [  5] 105.50-106.00 sec   138 KBytes  2.26 Mbits/sec  3.536 ms  1684/1785 (94%)  
[2024-05-28 14:19:04.229716] [  5] 106.00-106.50 sec   142 KBytes  2.33 Mbits/sec  2.772 ms  1684/1788 (94%)  
[2024-05-28 14:19:04.229762] [  5] 106.50-107.00 sec   135 KBytes  2.22 Mbits/sec  3.083 ms  1668/1767 (94%)  
[2024-05-28 14:19:04.229807] [  5] 107.00-107.50 sec   141 KBytes  2.31 Mbits/sec  4.419 ms  1667/1770 (94%)  
[2024-05-28 14:19:04.229887] [  5] 107.50-108.00 sec   118 KBytes  1.93 Mbits/sec  5.774 ms  1698/1784 (95%)  
[2024-05-28 14:19:04.229911] [  5] 108.00-108.50 sec   131 KBytes  2.15 Mbits/sec  5.742 ms  1686/1782 (95%)  
[2024-05-28 14:19:04.229935] [  5] 108.50-109.00 sec   146 KBytes  2.40 Mbits/sec  5.455 ms  1682/1789 (94%)  
[2024-05-28 14:19:04.229970] [  5] 109.00-109.50 sec   153 KBytes  2.51 Mbits/sec  3.158 ms  1701/1813 (94%)  
[2024-05-28 14:19:04.230047] [  5] 109.50-110.00 sec   185 KBytes  3.03 Mbits/sec  1.285 ms  3380/3515 (96%)  
[2024-05-28 14:19:04.230095] [  5] 110.00-110.50 sec   267 KBytes  4.37 Mbits/sec  2.052 ms  3420/3615 (95%)  
[2024-05-28 14:19:04.230133] [  5] 110.50-111.00 sec   246 KBytes  4.03 Mbits/sec  4.626 ms  5130/5310 (97%)  
[2024-05-28 14:19:04.230156] [  5] 111.00-111.50 sec   247 KBytes  4.06 Mbits/sec  3.402 ms  3456/3637 (95%)  
[2024-05-28 14:19:04.230179] [  5] 111.50-112.00 sec   189 KBytes  3.09 Mbits/sec  6.405 ms  3394/3532 (96%)  
[2024-05-28 14:19:04.230203] [  5] 112.00-112.50 sec   185 KBytes  3.02 Mbits/sec  3.090 ms  3441/3576 (96%)  
[2024-05-28 14:19:04.230226] [  5] 112.50-113.00 sec   135 KBytes  2.22 Mbits/sec  7.717 ms  1696/1795 (94%)  
[2024-05-28 14:19:04.230248] [  5] 113.00-113.50 sec  54.7 KBytes   896 Kbits/sec  13.953 ms  1703/1743 (98%)  
[2024-05-28 14:19:04.230270] [  5] 113.50-114.00 sec  24.6 KBytes   403 Kbits/sec  22.934 ms  0/18 (0%)  
[2024-05-28 14:19:04.230293] [  5] 114.00-114.50 sec  69.7 KBytes  1.14 Mbits/sec  9.351 ms  0/51 (0%)  
[2024-05-28 14:19:04.230315] [  5] 114.50-115.00 sec   112 KBytes  1.84 Mbits/sec  6.853 ms  1705/1787 (95%)  
[2024-05-28 14:19:04.230360] [  5] 115.00-115.50 sec   150 KBytes  2.47 Mbits/sec  4.410 ms  3426/3536 (97%)  
[2024-05-28 14:19:04.230381] [  5] 115.50-116.00 sec   101 KBytes  1.66 Mbits/sec  8.028 ms  3482/3556 (98%)  
[2024-05-28 14:19:04.230403] [  5] 116.00-116.50 sec   109 KBytes  1.79 Mbits/sec  7.444 ms  3490/3570 (98%)  
[2024-05-28 14:19:04.230424] [  5] 116.50-117.00 sec   123 KBytes  2.02 Mbits/sec  4.557 ms  1719/1809 (95%)  
[2024-05-28 14:19:04.230445] [  5] 117.00-117.50 sec   252 KBytes  4.12 Mbits/sec  2.030 ms  3409/3593 (95%)  
[2024-05-28 14:19:04.230466] [  5] 117.50-118.00 sec   130 KBytes  2.13 Mbits/sec  7.040 ms  1680/1775 (95%)  
[2024-05-28 14:19:04.230488] [  5] 118.00-118.50 sec   107 KBytes  1.75 Mbits/sec  6.031 ms  1729/1807 (96%)  
[2024-05-28 14:19:04.230509] [  5] 118.50-119.00 sec   133 KBytes  2.17 Mbits/sec  4.261 ms  1679/1776 (95%)  
[2024-05-28 14:19:04.230530] [  5] 119.00-119.50 sec   107 KBytes  1.75 Mbits/sec  8.883 ms  1715/1793 (96%)  
[2024-05-28 14:19:04.230551] [  5] 120.00-138.75 sec  0.00 Bytes  0.00 bits/sec  9.228 ms  0/0 (0%)  
[2024-05-28 14:19:04.230573] - - - - - - - - - - - - - - - - - - - - - - - - -
[2024-05-28 14:19:04.230595] [ ID] Interval           Transfer     Bitrate         Jitter    Lost/Total Datagrams
[2024-05-28 14:19:04.230617] [  5]   0.00-138.75 sec  0.00 Bytes  0.00 bits/sec  0.000 ms  0/0 (0%)  sender
[2024-05-28 14:19:04.230638] [SUM]  0.0-138.8 sec  9433 datagrams received out-of-order
[2024-05-28 14:19:04.230660] [  5]   0.00-138.75 sec  49.5 MBytes  2.99 Mbits/sec  9.228 ms  987681/1024753 (96%)  receiver
End time: 1716920344240
