Start time: 1716824410695
[2024-05-27 11:40:34.408683] Connecting to host 35.245.244.238, port 5202
[2024-05-27 11:40:34.409874] Reverse mode, remote host 35.245.244.238 is sending
[2024-05-27 11:40:34.410007] [  5] local 10.152.82.7 port 41180 connected to 35.245.244.238 port 5202
[2024-05-27 11:40:34.410118] [ ID] Interval           Transfer     Bitrate         Jitter    Lost/Total Datagrams
[2024-05-27 11:40:34.410221] [  5]   0.00-0.50   sec  4.79 MBytes  80.3 Mbits/sec  0.065 ms  13395/16980 (79%)  
[2024-05-27 11:40:34.410321] [  5]   0.50-1.00   sec  5.93 MBytes  99.6 Mbits/sec  0.183 ms  21430/25875 (83%)  
[2024-05-27 11:40:34.410422] [  5]   1.00-1.50   sec  5.76 MBytes  96.5 Mbits/sec  1.343 ms  16352/20663 (79%)  
[2024-05-27 11:40:34.410520] [  5]   1.50-2.00   sec  2.03 MBytes  34.0 Mbits/sec  0.025 ms  5353/6872 (78%)  
[2024-05-27 11:40:34.410618] [  5]   2.00-2.50   sec  5.96 MBytes   100 Mbits/sec  0.212 ms  28186/32649 (86%)  
[2024-05-27 11:40:34.410715] [  5]   2.50-3.00   sec  2.19 MBytes  36.7 Mbits/sec  0.579 ms  12660/14297 (89%)  
[2024-05-27 11:40:34.410812] [  5]   3.00-3.50   sec  4.13 MBytes  69.4 Mbits/sec  0.549 ms  27506/30603 (90%)  
[2024-05-27 11:40:34.410908] [  5]   3.50-4.00   sec   957 KBytes  15.7 Mbits/sec  0.901 ms  7071/7771 (91%)  
[2024-05-27 11:40:34.411003] [  5]   4.00-4.50   sec  1.60 MBytes  26.9 Mbits/sec  0.082 ms  26577/27778 (96%)  
[2024-05-27 11:40:34.411099] [  5]   4.50-5.00   sec  1.59 MBytes  26.7 Mbits/sec  4.367 ms  29712/30904 (96%)  
[2024-05-27 11:40:34.411195] [  5]   5.00-5.50   sec  2.48 MBytes  41.7 Mbits/sec  8.430 ms  9105/10966 (83%)  
[2024-05-27 11:40:34.411292] [  5]   5.50-6.00   sec  6.19 MBytes   104 Mbits/sec  0.463 ms  30370/35005 (87%)  
[2024-05-27 11:40:34.411388] [  5]   6.00-6.50   sec  6.51 MBytes   109 Mbits/sec  0.209 ms  17778/22652 (78%)  
[2024-05-27 11:40:34.411509] [  5]   6.50-7.00   sec  7.60 MBytes   128 Mbits/sec  0.117 ms  16347/22040 (74%)  
[2024-05-27 11:40:34.411603] [  5]   7.00-7.50   sec  7.63 MBytes   128 Mbits/sec  0.171 ms  16525/22242 (74%)  
[2024-05-27 11:40:34.411699] [  5]   7.50-8.00   sec  7.66 MBytes   129 Mbits/sec  0.497 ms  16267/22007 (74%)  
[2024-05-27 11:40:34.411798] [  5]   8.00-8.50   sec  7.26 MBytes   122 Mbits/sec  0.072 ms  17433/22870 (76%)  
[2024-05-27 11:40:34.411894] [  5]   8.50-9.00   sec  9.24 MBytes   155 Mbits/sec  0.028 ms  15503/22422 (69%)  
[2024-05-27 11:40:34.411989] [  5]   9.00-9.50   sec  10.5 MBytes   177 Mbits/sec  0.155 ms  14241/22128 (64%)  
[2024-05-27 11:40:34.412085] [  5]   9.50-10.00  sec  6.69 MBytes   112 Mbits/sec  0.112 ms  16781/21792 (77%)  
[2024-05-27 11:40:34.412260] [  5]  10.00-10.50  sec  9.90 MBytes   166 Mbits/sec  0.150 ms  15250/22668 (67%)  
[2024-05-27 11:40:34.412364] [  5]  10.50-11.00  sec  7.81 MBytes   131 Mbits/sec  0.358 ms  14998/20848 (72%)  
[2024-05-27 11:40:34.412460] [  5]  11.00-11.50  sec  9.16 MBytes   154 Mbits/sec  0.147 ms  17239/24102 (72%)  
[2024-05-27 11:40:34.412556] [  5]  11.50-12.00  sec  7.58 MBytes   127 Mbits/sec  0.123 ms  16207/21884 (74%)  
[2024-05-27 11:40:34.412653] [  5]  12.00-12.50  sec  8.63 MBytes   145 Mbits/sec  0.325 ms  15807/22270 (71%)  
[2024-05-27 11:40:34.412747] [  5]  12.50-13.00  sec  7.79 MBytes   131 Mbits/sec  0.312 ms  16447/22283 (74%)  
[2024-05-27 11:40:34.412842] [  5]  13.00-13.50  sec  7.39 MBytes   124 Mbits/sec  0.089 ms  16742/22278 (75%)  
[2024-05-27 11:40:34.412938] [  5]  13.50-14.00  sec  7.95 MBytes   133 Mbits/sec  0.032 ms  16342/22299 (73%)  
[2024-05-27 11:40:34.413032] [  5]  14.00-14.50  sec  9.38 MBytes   157 Mbits/sec  0.057 ms  15410/22439 (69%)  
[2024-05-27 11:40:34.413128] [  5]  14.50-15.00  sec  8.17 MBytes   137 Mbits/sec  0.032 ms  16444/22565 (73%)  
[2024-05-27 11:40:34.413224] [  5]  15.00-15.50  sec  9.14 MBytes   153 Mbits/sec  0.063 ms  15756/22601 (70%)  
[2024-05-27 11:40:34.413320] [  5]  15.50-16.00  sec  8.52 MBytes   143 Mbits/sec  0.272 ms  15812/22190 (71%)  
[2024-05-27 11:40:34.413416] [  5]  16.00-16.50  sec  7.35 MBytes   123 Mbits/sec  0.082 ms  16529/22031 (75%)  
[2024-05-27 11:40:34.413546] [  5]  16.50-17.00  sec  8.26 MBytes   139 Mbits/sec  0.150 ms  15244/21431 (71%)  
[2024-05-27 11:40:34.413648] [  5]  17.00-17.50  sec  8.27 MBytes   139 Mbits/sec  0.106 ms  16882/23074 (73%)  
[2024-05-27 11:40:34.413745] [  5]  17.50-18.00  sec  10.7 MBytes   179 Mbits/sec  0.105 ms  14857/22852 (65%)  
[2024-05-27 11:40:34.413841] [  5]  18.00-18.50  sec  11.3 MBytes   189 Mbits/sec  0.274 ms  13586/22034 (62%)  
[2024-05-27 11:40:34.413937] [  5]  18.50-19.00  sec  11.1 MBytes   187 Mbits/sec  0.031 ms  14156/22488 (63%)  
[2024-05-27 11:40:34.414034] [  5]  19.00-19.50  sec  11.2 MBytes   188 Mbits/sec  0.617 ms  13285/21689 (61%)  
[2024-05-27 11:40:34.414131] [  5]  19.50-20.00  sec  10.7 MBytes   179 Mbits/sec  0.097 ms  14515/22499 (65%)  
[2024-05-27 11:40:34.414224] [  5]  20.00-20.50  sec  10.5 MBytes   177 Mbits/sec  0.097 ms  14499/22393 (65%)  
[2024-05-27 11:40:34.414320] [  5]  20.50-21.00  sec  13.5 MBytes   227 Mbits/sec  0.093 ms  12284/22406 (55%)  
[2024-05-27 11:40:34.414414] [  5]  21.00-21.50  sec  11.4 MBytes   190 Mbits/sec  0.024 ms  13749/22252 (62%)  
[2024-05-27 11:40:34.414509] [  5]  21.50-22.00  sec  9.79 MBytes   164 Mbits/sec  0.402 ms  14933/22268 (67%)  
[2024-05-27 11:40:34.414605] [  5]  22.00-22.50  sec  11.1 MBytes   186 Mbits/sec  0.060 ms  14338/22653 (63%)  
[2024-05-27 11:40:58.908533] [  5]  22.50-23.00  sec  12.1 MBytes   203 Mbits/sec  0.065 ms  12915/21975 (59%)  
[2024-05-27 11:40:58.908883] [  5]  23.00-23.50  sec  11.3 MBytes   189 Mbits/sec  0.111 ms  13875/22313 (62%)  
[2024-05-27 11:40:58.909010] [  5]  23.50-24.00  sec  9.76 MBytes   164 Mbits/sec  0.526 ms  14991/22302 (67%)  
[2024-05-27 11:40:58.909119] [  5]  24.00-24.50  sec  9.20 MBytes   154 Mbits/sec  0.143 ms  15276/22169 (69%)  
[2024-05-27 11:40:58.909223] [  5]  24.50-25.00  sec  11.3 MBytes   189 Mbits/sec  0.039 ms  13537/21980 (62%)  
[2024-05-27 11:40:58.909324] [  5]  25.00-25.50  sec  10.4 MBytes   174 Mbits/sec  0.184 ms  14990/22768 (66%)  
[2024-05-27 11:40:58.909426] [  5]  25.50-26.00  sec  10.8 MBytes   181 Mbits/sec  0.115 ms  14389/22472 (64%)  
[2024-05-27 11:40:58.909526] [  5]  26.00-26.50  sec  10.6 MBytes   178 Mbits/sec  0.282 ms  14354/22311 (64%)  
[2024-05-27 11:40:58.909625] [  5]  26.50-27.00  sec  9.43 MBytes   158 Mbits/sec  0.119 ms  14046/21111 (67%)  
[2024-05-27 11:40:58.909721] [  5]  27.00-27.50  sec  11.1 MBytes   186 Mbits/sec  0.102 ms  15142/23432 (65%)  
[2024-05-27 11:40:58.909817] [  5]  27.50-28.00  sec  13.5 MBytes   226 Mbits/sec  0.078 ms  12593/22682 (56%)  
[2024-05-27 11:40:58.909911] [  5]  28.00-28.50  sec  12.6 MBytes   211 Mbits/sec  0.052 ms  13163/22569 (58%)  
[2024-05-27 11:40:58.910008] [  5]  28.50-29.00  sec  11.8 MBytes   198 Mbits/sec  0.044 ms  12936/21761 (59%)  
[2024-05-27 11:40:58.910104] [  5]  29.00-29.50  sec  12.6 MBytes   212 Mbits/sec  0.144 ms  12645/22093 (57%)  
[2024-05-27 11:40:58.910199] [  5]  29.50-30.00  sec  13.2 MBytes   221 Mbits/sec  0.075 ms  12922/22806 (57%)  
[2024-05-27 11:40:58.910293] [  5]  30.00-30.50  sec  12.2 MBytes   205 Mbits/sec  0.055 ms  13127/22266 (59%)  
[2024-05-27 11:40:58.910391] [  5]  30.50-31.00  sec  10.8 MBytes   182 Mbits/sec  0.025 ms  14287/22399 (64%)  
[2024-05-27 11:40:58.910486] [  5]  31.00-31.50  sec  10.9 MBytes   182 Mbits/sec  0.063 ms  14165/22304 (64%)  
[2024-05-27 11:40:58.910581] [  5]  31.50-32.00  sec  12.4 MBytes   208 Mbits/sec  0.030 ms  13141/22441 (59%)  
[2024-05-27 11:40:58.910674] [  5]  32.00-32.50  sec  12.8 MBytes   215 Mbits/sec  0.088 ms  12733/22311 (57%)  
[2024-05-27 11:40:58.910769] [  5]  32.50-33.00  sec  13.0 MBytes   218 Mbits/sec  0.394 ms  12443/22172 (56%)  
[2024-05-27 11:40:58.910867] [  5]  33.00-33.50  sec  12.2 MBytes   205 Mbits/sec  0.185 ms  13078/22247 (59%)  
[2024-05-27 11:40:58.910961] [  5]  33.50-34.00  sec  13.1 MBytes   219 Mbits/sec  0.238 ms  12296/22080 (56%)  
[2024-05-27 11:40:58.911055] [  5]  34.00-34.50  sec  13.7 MBytes   230 Mbits/sec  0.228 ms  12309/22601 (54%)  
[2024-05-27 11:40:58.911149] [  5]  34.50-35.00  sec  12.1 MBytes   202 Mbits/sec  0.073 ms  12925/21955 (59%)  
[2024-05-27 11:40:58.911283] [  5]  35.00-35.50  sec  11.4 MBytes   191 Mbits/sec  0.195 ms  12769/21288 (60%)  
[2024-05-27 11:40:58.911381] [  5]  35.50-36.00  sec  13.8 MBytes   231 Mbits/sec  0.117 ms  13438/23754 (57%)  
[2024-05-27 11:40:58.911476] [  5]  36.00-36.50  sec  12.1 MBytes   203 Mbits/sec  0.250 ms  13311/22386 (59%)  
[2024-05-27 11:40:58.911571] [  5]  36.50-37.00  sec  11.6 MBytes   194 Mbits/sec  0.098 ms  13626/22291 (61%)  
[2024-05-27 11:40:58.911667] [  5]  37.00-37.50  sec  12.1 MBytes   202 Mbits/sec  0.088 ms  12336/21366 (58%)  
[2024-05-27 11:40:58.911761] [  5]  37.50-38.00  sec  11.5 MBytes   192 Mbits/sec  0.368 ms  14700/23292 (63%)  
[2024-05-27 11:40:58.911856] [  5]  38.00-38.50  sec  13.0 MBytes   217 Mbits/sec  0.056 ms  12475/22179 (56%)  
[2024-05-27 11:40:58.911950] [  5]  38.50-39.00  sec  12.0 MBytes   201 Mbits/sec  0.046 ms  13100/22079 (59%)  
[2024-05-27 11:40:58.912046] [  5]  39.00-39.50  sec  11.3 MBytes   189 Mbits/sec  0.062 ms  13224/21680 (61%)  
[2024-05-27 11:40:58.912203] [  5]  39.50-40.00  sec  12.4 MBytes   209 Mbits/sec  0.079 ms  14177/23491 (60%)  
[2024-05-27 11:40:58.912306] [  5]  40.00-40.50  sec  11.4 MBytes   192 Mbits/sec  0.091 ms  12807/21363 (60%)  
[2024-05-27 11:40:58.912404] [  5]  40.50-41.00  sec  13.0 MBytes   218 Mbits/sec  0.555 ms  13261/23012 (58%)  
[2024-05-27 11:40:58.912498] [  5]  41.00-41.50  sec  11.5 MBytes   194 Mbits/sec  0.153 ms  13471/22115 (61%)  
[2024-05-27 11:40:58.912593] [  5]  41.50-42.00  sec  12.6 MBytes   211 Mbits/sec  0.103 ms  13164/22578 (58%)  
[2024-05-27 11:40:58.912686] [  5]  42.00-42.50  sec  12.8 MBytes   214 Mbits/sec  0.351 ms  12733/22291 (57%)  
[2024-05-27 11:40:58.912780] [  5]  42.50-43.00  sec  12.3 MBytes   207 Mbits/sec  0.027 ms  13282/22527 (59%)  
[2024-05-27 11:40:58.912874] [  5]  43.00-43.50  sec  11.6 MBytes   195 Mbits/sec  0.017 ms  13449/22163 (61%)  
[2024-05-27 11:40:58.912968] [  5]  43.50-44.00  sec  11.4 MBytes   191 Mbits/sec  0.023 ms  12227/20734 (59%)  
[2024-05-27 11:40:58.913063] [  5]  44.00-44.50  sec  12.4 MBytes   207 Mbits/sec  0.048 ms  14979/24232 (62%)  
[2024-05-27 11:40:58.913159] [  5]  44.50-45.00  sec  9.25 MBytes   155 Mbits/sec  1.514 ms  12441/19372 (64%)  
[2024-05-27 11:40:58.913252] [  5]  45.00-45.50  sec  11.6 MBytes   194 Mbits/sec  0.065 ms  16302/24967 (65%)  
[2024-05-27 11:40:58.913346] [  5]  45.50-46.00  sec  11.8 MBytes   198 Mbits/sec  0.034 ms  13663/22482 (61%)  
[2024-05-27 11:40:58.913441] [  5]  46.00-46.50  sec  12.0 MBytes   202 Mbits/sec  0.037 ms  13152/22155 (59%)  
[2024-05-27 11:40:58.913533] [  5]  46.50-47.00  sec  11.3 MBytes   190 Mbits/sec  0.020 ms  13510/21979 (61%)  
[2024-05-27 11:41:23.408539] [  5]  47.00-47.50  sec  12.3 MBytes   206 Mbits/sec  0.192 ms  13480/22664 (59%)  
[2024-05-27 11:41:23.408995] [  5]  47.50-48.00  sec  12.1 MBytes   203 Mbits/sec  0.081 ms  13031/22112 (59%)  
[2024-05-27 11:41:23.409133] [  5]  48.00-48.50  sec  13.0 MBytes   218 Mbits/sec  0.027 ms  12813/22547 (57%)  
[2024-05-27 11:41:23.409244] [  5]  48.50-49.00  sec  11.7 MBytes   197 Mbits/sec  0.147 ms  12584/21371 (59%)  
[2024-05-27 11:41:23.409347] [  5]  49.00-49.50  sec  8.72 MBytes   146 Mbits/sec  0.064 ms  16846/23376 (72%)  
[2024-05-27 11:41:23.409447] [  5]  49.50-50.00  sec  12.6 MBytes   211 Mbits/sec  0.087 ms  12985/22422 (58%)  
[2024-05-27 11:41:23.409547] [  5]  50.00-50.50  sec  10.7 MBytes   179 Mbits/sec  0.145 ms  14101/22103 (64%)  
[2024-05-27 11:41:23.409644] [  5]  50.50-51.00  sec  8.21 MBytes   138 Mbits/sec  0.096 ms  16033/22181 (72%)  
[2024-05-27 11:41:23.409740] [  5]  51.00-51.50  sec  10.3 MBytes   173 Mbits/sec  0.147 ms  13044/20769 (63%)  
[2024-05-27 11:41:23.409837] [  5]  51.50-52.00  sec  12.5 MBytes   210 Mbits/sec  0.156 ms  14509/23890 (61%)  
[2024-05-27 11:41:23.409934] [  5]  52.00-52.50  sec  11.4 MBytes   191 Mbits/sec  0.174 ms  13883/22405 (62%)  
[2024-05-27 11:41:23.410032] [  5]  52.50-53.00  sec  11.2 MBytes   189 Mbits/sec  0.082 ms  14426/22849 (63%)  
[2024-05-27 11:41:23.410162] [  5]  53.00-53.50  sec  11.9 MBytes   200 Mbits/sec  0.080 ms  12851/21766 (59%)  
[2024-05-27 11:41:23.410262] [  5]  53.50-54.00  sec  12.1 MBytes   204 Mbits/sec  0.111 ms  13360/22459 (59%)  
[2024-05-27 11:41:23.410359] [  5]  54.00-54.50  sec  10.9 MBytes   183 Mbits/sec  0.111 ms  13987/22158 (63%)  
[2024-05-27 11:41:23.410456] [  5]  54.50-55.00  sec  11.9 MBytes   200 Mbits/sec  0.034 ms  13077/21989 (59%)  
[2024-05-27 11:41:23.410558] [  5]  55.00-55.50  sec  12.4 MBytes   207 Mbits/sec  0.056 ms  13449/22707 (59%)  
[2024-05-27 11:41:23.410656] [  5]  55.50-56.00  sec  12.1 MBytes   203 Mbits/sec  0.246 ms  13262/22346 (59%)  
[2024-05-27 11:41:23.410751] [  5]  56.00-56.50  sec  12.7 MBytes   213 Mbits/sec  0.256 ms  12520/22019 (57%)  
[2024-05-27 11:41:23.410848] [  5]  56.50-57.00  sec  12.6 MBytes   211 Mbits/sec  0.168 ms  13480/22918 (59%)  
[2024-05-27 11:41:23.410949] [  5]  57.00-57.50  sec  11.3 MBytes   190 Mbits/sec  0.084 ms  11452/19938 (57%)  
[2024-05-27 11:41:23.411046] [  5]  57.50-58.00  sec  11.3 MBytes   190 Mbits/sec  0.097 ms  15865/24324 (65%)  
[2024-05-27 11:41:23.411143] [  5]  58.00-58.50  sec  11.1 MBytes   186 Mbits/sec  0.180 ms  13966/22270 (63%)  
[2024-05-27 11:41:23.411244] [  5]  58.50-59.00  sec  12.2 MBytes   204 Mbits/sec  0.011 ms  13868/22987 (60%)  
[2024-05-27 11:41:23.411340] [  5]  59.00-59.50  sec  12.6 MBytes   212 Mbits/sec  0.102 ms  12272/21725 (56%)  
[2024-05-27 11:41:23.411437] [  5]  59.50-60.00  sec  13.2 MBytes   222 Mbits/sec  0.045 ms  12131/22050 (55%)  
[2024-05-27 11:41:23.411534] [  5]  60.00-60.50  sec  12.5 MBytes   209 Mbits/sec  0.066 ms  13700/23026 (59%)  
[2024-05-27 11:41:23.411632] [  5]  60.50-61.00  sec  12.9 MBytes   217 Mbits/sec  0.081 ms  12130/21828 (56%)  
[2024-05-27 11:41:23.411727] [  5]  61.00-61.50  sec  13.4 MBytes   225 Mbits/sec  0.022 ms  12413/22479 (55%)  
[2024-05-27 11:41:23.411827] [  5]  61.50-62.00  sec  11.5 MBytes   192 Mbits/sec  0.124 ms  13650/22233 (61%)  
[2024-05-27 11:41:23.411925] [  5]  62.00-62.50  sec  9.74 MBytes   163 Mbits/sec  0.064 ms  15004/22297 (67%)  
[2024-05-27 11:41:23.412023] [  5]  62.50-63.00  sec  9.37 MBytes   157 Mbits/sec  0.135 ms  15402/22420 (69%)  
[2024-05-27 11:41:23.412121] [  5]  63.00-63.50  sec  8.83 MBytes   148 Mbits/sec  0.092 ms  15739/22356 (70%)  
[2024-05-27 11:41:23.412302] [  5]  63.50-64.00  sec  6.82 MBytes   114 Mbits/sec  0.209 ms  16790/21899 (77%)  
[2024-05-27 11:41:23.412404] [  5]  64.00-64.50  sec  6.03 MBytes   101 Mbits/sec  2.337 ms  16397/20915 (78%)  
[2024-05-27 11:41:23.412501] [  5]  64.50-65.00  sec  6.67 MBytes   112 Mbits/sec  0.306 ms  19028/24023 (79%)  
[2024-05-27 11:41:23.412597] [  5]  65.00-65.50  sec  5.73 MBytes  96.2 Mbits/sec  0.099 ms  18069/22362 (81%)  
[2024-05-27 11:41:23.412693] [  5]  65.50-66.00  sec  5.29 MBytes  88.7 Mbits/sec  0.200 ms  17924/21885 (82%)  
[2024-05-27 11:41:23.412788] [  5]  66.00-66.50  sec  5.84 MBytes  98.0 Mbits/sec  0.387 ms  18812/23186 (81%)  
[2024-05-27 11:41:23.412887] [  5]  66.50-67.00  sec  4.47 MBytes  74.9 Mbits/sec  0.113 ms  16130/19475 (83%)  
[2024-05-27 11:41:23.412985] [  5]  67.00-67.50  sec  5.46 MBytes  91.5 Mbits/sec  0.333 ms  20161/24247 (83%)  
[2024-05-27 11:41:23.413080] [  5]  67.50-68.00  sec  4.27 MBytes  71.7 Mbits/sec  0.218 ms  19010/22209 (86%)  
[2024-05-27 11:41:23.413177] [  5]  68.00-68.50  sec  4.26 MBytes  71.4 Mbits/sec  0.475 ms  19755/22944 (86%)  
[2024-05-27 11:41:23.413272] [  5]  68.50-69.00  sec  4.89 MBytes  82.0 Mbits/sec  0.680 ms  18715/22374 (84%)  
[2024-05-27 11:41:23.413370] [  5]  69.00-69.50  sec  4.18 MBytes  70.1 Mbits/sec  0.092 ms  18910/22042 (86%)  
[2024-05-27 11:41:23.413466] [  5]  69.50-70.00  sec  5.31 MBytes  89.0 Mbits/sec  0.204 ms  17911/21885 (82%)  
[2024-05-27 11:41:23.413560] [  5]  70.00-70.50  sec  5.21 MBytes  87.4 Mbits/sec  0.169 ms  18801/22704 (83%)  
[2024-05-27 11:41:23.413657] [  5]  70.50-71.00  sec  4.94 MBytes  82.9 Mbits/sec  0.091 ms  19158/22858 (84%)  
[2024-05-27 11:41:23.413766] [  5]  71.00-71.50  sec  4.70 MBytes  78.8 Mbits/sec  0.056 ms  18208/21726 (84%)  
[2024-05-27 11:41:47.908857] [  5]  71.50-72.00  sec  5.28 MBytes  88.7 Mbits/sec  0.783 ms  18156/22113 (82%)  
[2024-05-27 11:41:47.909232] [  5]  72.00-72.50  sec  4.86 MBytes  81.6 Mbits/sec  0.609 ms  19492/23135 (84%)  
[2024-05-27 11:41:47.909360] [  5]  72.50-73.00  sec  4.64 MBytes  77.8 Mbits/sec  0.340 ms  18662/22135 (84%)  
[2024-05-27 11:41:47.909468] [  5]  73.00-73.50  sec   299 KBytes  4.90 Mbits/sec  0.349 ms  590/809 (73%)  
[2024-05-27 11:41:47.909569] [  5]  73.50-74.00  sec  4.38 MBytes  73.6 Mbits/sec  0.166 ms  39827/43110 (92%)  
[2024-05-27 11:41:47.909671] [  5]  74.00-74.50  sec  3.34 MBytes  56.1 Mbits/sec  0.132 ms  20784/23288 (89%)  
[2024-05-27 11:41:47.909769] [  5]  74.50-75.00  sec  3.37 MBytes  56.6 Mbits/sec  0.435 ms  16608/19135 (87%)  
[2024-05-27 11:41:47.909869] [  5]  75.00-75.50  sec  4.21 MBytes  70.7 Mbits/sec  0.207 ms  22184/25338 (88%)  
[2024-05-27 11:41:47.909967] [  5]  75.50-76.00  sec  3.74 MBytes  62.8 Mbits/sec  0.187 ms  18862/21665 (87%)  
[2024-05-27 11:41:47.910066] [  5]  76.00-76.50  sec  3.98 MBytes  66.7 Mbits/sec  0.315 ms  18440/21418 (86%)  
[2024-05-27 11:41:47.910162] [  5]  76.50-77.00  sec  4.18 MBytes  70.2 Mbits/sec  0.373 ms  20611/23745 (87%)  
[2024-05-27 11:41:47.910260] [  5]  77.00-77.50  sec  4.21 MBytes  70.6 Mbits/sec  0.230 ms  18810/21961 (86%)  
[2024-05-27 11:41:47.910356] [  5]  77.50-78.00  sec  4.59 MBytes  77.0 Mbits/sec  0.115 ms  18383/21819 (84%)  
[2024-05-27 11:41:47.910452] [  5]  78.00-78.50  sec  4.49 MBytes  75.4 Mbits/sec  0.381 ms  19084/22449 (85%)  
[2024-05-27 11:41:47.910549] [  5]  78.50-79.00  sec  4.34 MBytes  72.8 Mbits/sec  0.072 ms  19975/23223 (86%)  
[2024-05-27 11:41:47.910647] [  5]  79.00-79.50  sec  4.56 MBytes  76.5 Mbits/sec  0.030 ms  18578/21994 (84%)  
[2024-05-27 11:41:47.910743] [  5]  79.50-80.00  sec  4.66 MBytes  78.3 Mbits/sec  0.400 ms  18745/22239 (84%)  
[2024-05-27 11:41:47.910843] [  5]  80.00-80.50  sec  4.20 MBytes  70.4 Mbits/sec  0.606 ms  18049/21194 (85%)  
[2024-05-27 11:41:47.910939] [  5]  80.50-81.00  sec  1.32 MBytes  22.2 Mbits/sec  0.103 ms  8348/9340 (89%)  
[2024-05-27 11:41:47.911034] [  5]  81.00-81.50  sec   778 KBytes  12.7 Mbits/sec  1.037 ms  7286/7855 (93%)  
[2024-05-27 11:41:47.911131] [  5]  81.50-82.00  sec   347 KBytes  5.69 Mbits/sec  2.426 ms  34294/34548 (99%)  
[2024-05-27 11:41:47.911230] [  5]  82.00-82.50  sec   257 KBytes  4.21 Mbits/sec  1.880 ms  889/1077 (83%)  
[2024-05-27 11:41:47.911327] [  5]  82.50-83.00  sec   122 KBytes  1.99 Mbits/sec  4.713 ms  33964/34053 (1e+02%)  
[2024-05-27 11:41:47.911422] [  5]  83.00-83.50  sec   137 KBytes  2.24 Mbits/sec  12.404 ms  39526/39626 (1e+02%)  
[2024-05-27 11:41:47.911518] [  5]  83.50-84.00  sec   228 KBytes  3.74 Mbits/sec  14.073 ms  27179/27346 (99%)  
[2024-05-27 11:41:47.911614] [  5]  84.00-84.50  sec   113 KBytes  1.86 Mbits/sec  7.557 ms  552/635 (87%)  
[2024-05-27 11:41:47.911710] [  5]  84.50-85.00  sec   103 KBytes  1.68 Mbits/sec  3.571 ms  1386/1461 (95%)  
[2024-05-27 11:41:47.911805] [  5]  85.00-85.50  sec  58.8 KBytes   963 Kbits/sec  69.717 ms  62365/62408 (1e+02%)  
[2024-05-27 11:41:47.911907] [  5]  85.50-86.00  sec  94.3 KBytes  1.55 Mbits/sec  12.320 ms  14040/14109 (1e+02%)  
[2024-05-27 11:41:47.912003] [  5]  86.00-86.50  sec  42.4 KBytes   695 Kbits/sec  41.733 ms  22612/22643 (1e+02%)  
[2024-05-27 11:41:47.912099] [  5]  86.50-87.00  sec  16.4 KBytes   269 Kbits/sec  40.620 ms  434/446 (97%)  
[2024-05-27 11:41:47.912273] [  5]  87.00-87.50  sec  10.9 KBytes   179 Kbits/sec  45.200 ms  1145/1153 (99%)  
[2024-05-27 11:41:47.912376] [  5]  87.50-88.00  sec  1.33 MBytes  22.3 Mbits/sec  0.103 ms  60264/61260 (98%)  
[2024-05-27 11:41:47.912474] [  5]  88.00-88.50  sec  4.44 MBytes  74.4 Mbits/sec  0.099 ms  33830/37153 (91%)  
[2024-05-27 11:41:47.912574] [  5]  88.50-89.00  sec  4.06 MBytes  68.1 Mbits/sec  0.735 ms  14356/17396 (83%)  
[2024-05-27 11:41:47.912705] [  5]  89.00-89.50  sec  3.99 MBytes  66.9 Mbits/sec  0.310 ms  21556/24541 (88%)  
[2024-05-27 11:41:47.912806] [  5]  89.50-90.00  sec  4.21 MBytes  70.7 Mbits/sec  0.310 ms  19436/22591 (86%)  
[2024-05-27 11:41:47.912903] [  5]  90.00-90.50  sec  4.19 MBytes  70.2 Mbits/sec  2.707 ms  18508/21643 (86%)  
[2024-05-27 11:41:47.912997] [  5]  90.50-91.00  sec  3.48 MBytes  58.4 Mbits/sec  0.107 ms  14306/16913 (85%)  
[2024-05-27 11:41:47.913094] [  5]  91.00-91.50  sec   621 KBytes  10.2 Mbits/sec  20.672 ms  3688/4142 (89%)  
[2024-05-27 11:41:47.913195] [  5]  91.50-92.00  sec  1.89 MBytes  31.6 Mbits/sec  0.322 ms  31695/33107 (96%)  
[2024-05-27 11:41:47.913290] [  5]  92.00-92.50  sec  1.70 MBytes  28.5 Mbits/sec  1.130 ms  25240/26512 (95%)  
[2024-05-27 11:41:47.913384] [  5]  92.50-93.00  sec  2.91 MBytes  48.8 Mbits/sec  0.325 ms  31082/33259 (93%)  
[2024-05-27 11:41:47.913479] [  5]  93.00-93.50  sec  1.16 MBytes  19.5 Mbits/sec  0.410 ms  6411/7282 (88%)  
[2024-05-27 11:41:47.913575] [  5]  93.50-94.00  sec  1.96 MBytes  32.9 Mbits/sec  3.730 ms  30712/32182 (95%)  
[2024-05-27 11:41:47.913670] [  5]  94.00-94.50  sec  1.54 MBytes  25.8 Mbits/sec  1.809 ms  26006/27157 (96%)  
[2024-05-27 11:41:47.913764] [  5]  94.50-95.00  sec  1.22 MBytes  20.5 Mbits/sec  0.253 ms  25174/26089 (96%)  
[2024-05-27 11:41:47.913859] [  5]  95.00-95.50  sec  1.00 MBytes  16.8 Mbits/sec  0.798 ms  6663/7412 (90%)  
[2024-05-27 11:41:47.913953] [  5]  95.50-96.00  sec  2.27 MBytes  38.1 Mbits/sec  0.460 ms  34126/35827 (95%)  
[2024-05-27 11:42:12.170224] [  5]  96.00-96.50  sec   779 KBytes  12.8 Mbits/sec  0.416 ms  6014/6584 (91%)  
[2024-05-27 11:42:12.170624] [  5]  96.50-97.00  sec  2.79 MBytes  46.8 Mbits/sec  0.109 ms  27831/29918 (93%)  
[2024-05-27 11:42:12.170752] [  5]  97.00-97.50  sec  1.37 MBytes  22.9 Mbits/sec  0.265 ms  20107/21130 (95%)  
[2024-05-27 11:42:12.170860] [  5]  97.50-98.00  sec  2.36 MBytes  39.6 Mbits/sec  0.559 ms  28140/29907 (94%)  
[2024-05-27 11:42:12.170961] [  5]  98.00-98.50  sec   915 KBytes  15.0 Mbits/sec  0.204 ms  7004/7673 (91%)  
[2024-05-27 11:42:12.171059] [  5]  98.50-99.00  sec  2.92 MBytes  49.0 Mbits/sec  0.135 ms  30050/32236 (93%)  
[2024-05-27 11:42:12.171162] [  5]  99.00-99.50  sec  1.64 MBytes  27.6 Mbits/sec  0.461 ms  23006/24238 (95%)  
[2024-05-27 11:42:12.171257] [  5]  99.50-100.00 sec  2.64 MBytes  44.2 Mbits/sec  1.175 ms  19938/21913 (91%)  
[2024-05-27 11:42:12.171353] [  5] 100.00-100.50 sec  2.40 MBytes  40.3 Mbits/sec  0.850 ms  27485/29284 (94%)  
[2024-05-27 11:42:12.171472] [  5] 100.50-101.00 sec  2.71 MBytes  45.4 Mbits/sec  0.273 ms  17453/19481 (90%)  
[2024-05-27 11:42:12.171589] [  5] 101.00-101.50 sec  1.33 MBytes  22.2 Mbits/sec  0.585 ms  21950/22943 (96%)  
[2024-05-27 11:42:12.171701] [  5] 101.50-102.00 sec  2.22 MBytes  37.3 Mbits/sec  0.623 ms  19283/20948 (92%)  
[2024-05-27 11:42:12.171796] [  5] 102.00-102.50 sec  1.73 MBytes  29.1 Mbits/sec  0.307 ms  24042/25340 (95%)  
[2024-05-27 11:42:12.171891] [  5] 102.50-103.00 sec  2.11 MBytes  35.3 Mbits/sec  0.422 ms  19373/20950 (92%)  
[2024-05-27 11:42:12.171988] [  5] 103.00-103.50 sec  1.90 MBytes  31.9 Mbits/sec  0.723 ms  22408/23832 (94%)  
[2024-05-27 11:42:12.172089] [  5] 103.50-104.00 sec  1.66 MBytes  27.9 Mbits/sec  0.148 ms  10825/12070 (90%)  
[2024-05-27 11:42:12.172216] [  5] 104.00-104.50 sec  2.16 MBytes  36.2 Mbits/sec  0.647 ms  15434/17051 (91%)  
[2024-05-27 11:42:12.172295] [  5] 104.50-105.00 sec  2.86 MBytes  48.0 Mbits/sec  0.971 ms  29008/31151 (93%)  
[2024-05-27 11:42:12.172370] [  5] 105.00-105.50 sec  3.18 MBytes  53.3 Mbits/sec  0.677 ms  22473/24853 (90%)  
[2024-05-27 11:42:12.172442] [  5] 105.50-106.00 sec  2.99 MBytes  50.2 Mbits/sec  1.943 ms  21747/23989 (91%)  
[2024-05-27 11:42:12.172513] [  5] 106.00-106.50 sec   804 KBytes  13.2 Mbits/sec  0.208 ms  7931/8519 (93%)  
[2024-05-27 11:42:12.172583] [  5] 106.50-107.00 sec  3.12 MBytes  52.3 Mbits/sec  0.596 ms  22036/24370 (90%)  
[2024-05-27 11:42:12.172655] [  5] 107.00-107.50 sec  2.38 MBytes  39.9 Mbits/sec  0.665 ms  23435/25217 (93%)  
[2024-05-27 11:42:12.172806] [  5] 107.50-108.00 sec  3.27 MBytes  54.8 Mbits/sec  0.522 ms  21528/23975 (90%)  
[2024-05-27 11:42:12.172878] [  5] 108.00-108.50 sec  2.96 MBytes  49.6 Mbits/sec  0.045 ms  23859/26074 (92%)  
[2024-05-27 11:42:12.173014] [  5] 108.50-109.00 sec  3.30 MBytes  55.3 Mbits/sec  1.215 ms  23211/25679 (90%)  
[2024-05-27 11:42:12.173143] [  5] 109.00-109.50 sec  2.13 MBytes  35.7 Mbits/sec  0.186 ms  23133/24727 (94%)  
[2024-05-27 11:42:12.173280] [  5] 109.50-110.00 sec  4.83 MBytes  81.1 Mbits/sec  0.153 ms  16210/19829 (82%)  
[2024-05-27 11:42:12.173361] [  5] 110.00-110.50 sec  6.79 MBytes   114 Mbits/sec  0.323 ms  17198/22287 (77%)  
[2024-05-27 11:42:12.173431] [  5] 110.50-111.00 sec  7.19 MBytes   121 Mbits/sec  0.214 ms  19525/24910 (78%)  
[2024-05-27 11:42:12.173501] [  5] 111.00-111.50 sec  7.74 MBytes   130 Mbits/sec  0.084 ms  15855/21652 (73%)  
[2024-05-27 11:42:12.173574] [  5] 111.50-112.00 sec  9.29 MBytes   156 Mbits/sec  0.837 ms  15576/22534 (69%)  
[2024-05-27 11:42:12.173643] [  5] 112.00-112.50 sec  9.52 MBytes   160 Mbits/sec  0.091 ms  15406/22539 (68%)  
[2024-05-27 11:42:12.173712] [  5] 112.50-113.00 sec  10.2 MBytes   172 Mbits/sec  0.042 ms  15079/22737 (66%)  
[2024-05-27 11:42:12.173785] [  5] 113.00-113.50 sec  9.59 MBytes   161 Mbits/sec  0.081 ms  14802/21987 (67%)  
[2024-05-27 11:42:12.173856] [  5] 113.50-114.00 sec  10.4 MBytes   174 Mbits/sec  0.051 ms  14229/21988 (65%)  
[2024-05-27 11:42:12.173926] [  5] 114.00-114.50 sec  10.3 MBytes   173 Mbits/sec  0.074 ms  15107/22808 (66%)  
[2024-05-27 11:42:12.173995] [  5] 114.50-115.00 sec  10.7 MBytes   180 Mbits/sec  0.042 ms  14260/22290 (64%)  
[2024-05-27 11:42:12.174065] [  5] 115.00-115.50 sec  9.57 MBytes   161 Mbits/sec  0.092 ms  15009/22176 (68%)  
[2024-05-27 11:42:12.174137] [  5] 115.50-116.00 sec  11.0 MBytes   185 Mbits/sec  0.067 ms  14336/22579 (63%)  
[2024-05-27 11:42:12.174208] [  5] 116.00-116.50 sec  12.8 MBytes   215 Mbits/sec  0.038 ms  12567/22171 (57%)  
[2024-05-27 11:42:12.174278] [  5] 116.50-117.00 sec  12.9 MBytes   216 Mbits/sec  0.093 ms  12401/22030 (56%)  
[2024-05-27 11:42:12.174347] [  5] 117.00-117.50 sec  12.1 MBytes   203 Mbits/sec  0.037 ms  13379/22423 (60%)  
[2024-05-27 11:42:12.174417] [  5] 117.50-118.00 sec  12.1 MBytes   203 Mbits/sec  0.232 ms  13114/22173 (59%)  
[2024-05-27 11:42:12.174487] [  5] 118.00-118.50 sec  12.9 MBytes   217 Mbits/sec  0.024 ms  13000/22668 (57%)  
[2024-05-27 11:42:12.174557] [  5] 118.50-119.00 sec  13.5 MBytes   226 Mbits/sec  0.134 ms  12014/22106 (54%)  
[2024-05-27 11:42:12.174626] [  5] 119.00-119.50 sec  12.6 MBytes   212 Mbits/sec  0.050 ms  13250/22708 (58%)  
[2024-05-27 11:42:12.174696] [  5] 119.50-120.00 sec  9.69 MBytes   163 Mbits/sec  0.082 ms  10543/17803 (59%)  
[2024-05-27 11:42:12.174767] - - - - - - - - - - - - - - - - - - - - - - - - -
[2024-05-27 11:42:12.174847] [ ID] Interval           Transfer     Bitrate         Jitter    Lost/Total Datagrams
[2024-05-27 11:42:12.174922] [  5]   0.00-120.42 sec  7.01 GBytes   500 Mbits/sec  0.000 ms  0/5375952 (0%)  sender
[2024-05-27 11:42:12.174994] [SUM]  0.0-120.4 sec  469 datagrams received out-of-order
[2024-05-27 11:42:12.175066] [  5]   0.00-120.00 sec  1.74 GBytes   125 Mbits/sec  0.082 ms  4009347/5344413 (75%)  receiver
[2024-05-27 11:42:12.175134] 
[2024-05-27 11:42:12.175204] iperf Done.
End time: 1716824532197
