Start time: 1716943447469
[2024-05-28 20:44:08.482649] nuttcp-r: v8.1.4: socket
[2024-05-28 20:44:08.483766] nuttcp-r: buflen=65536, nstream=1, port=5002 tcp
[2024-05-28 20:44:08.483859] nuttcp-r: interval reporting every 0.50 seconds
[2024-05-28 20:44:08.483930] nuttcp-r: connect to 35.245.244.238 with RTT=73.020 ms af=inet
[2024-05-28 20:44:08.483996] nuttcp-r: send window size = 2097152, receive window size = 6291456
[2024-05-28 20:44:08.484056] nuttcp-r: available send window = 1572864, available receive window = 4718592
[2024-05-28 20:44:08.484116]     0.3125 MB /   0.50 sec =    5.2422 Mbps     0 retrans     13 KB-cwnd
[2024-05-28 20:44:08.982650]     2.0625 MB /   0.50 sec =   34.6029 Mbps     0 retrans     13 KB-cwnd
[2024-05-28 20:44:09.482688]     5.5625 MB /   0.50 sec =   93.3033 Mbps     0 retrans     13 KB-cwnd
[2024-05-28 20:44:09.983664]     2.4375 MB /   0.50 sec =   40.8189 Mbps     0 retrans     13 KB-cwnd
[2024-05-28 20:44:10.483523]     5.0000 MB /   0.50 sec =   83.8993 Mbps     0 retrans     13 KB-cwnd
[2024-05-28 20:44:10.982412]     8.1250 MB /   0.50 sec =  136.5788 Mbps     0 retrans     13 KB-cwnd
[2024-05-28 20:44:11.482357]     6.1875 MB /   0.50 sec =  103.7874 Mbps     0 retrans     13 KB-cwnd
[2024-05-28 20:44:11.982364]     5.0000 MB /   0.50 sec =   83.9000 Mbps     0 retrans     13 KB-cwnd
[2024-05-28 20:44:12.482308]     2.5000 MB /   0.50 sec =   41.9396 Mbps     0 retrans     13 KB-cwnd
[2024-05-28 20:44:12.982466]     4.3125 MB /   0.50 sec =   72.3431 Mbps     0 retrans     13 KB-cwnd
[2024-05-28 20:44:13.482300]     4.2500 MB /   0.50 sec =   71.3166 Mbps     0 retrans     13 KB-cwnd
[2024-05-28 20:44:13.982227]     3.7500 MB /   0.50 sec =   62.9180 Mbps     0 retrans     13 KB-cwnd
[2024-05-28 20:44:14.482342]     0.9375 MB /   0.50 sec =   15.7254 Mbps     0 retrans     13 KB-cwnd
[2024-05-28 20:44:14.982871]     4.3750 MB /   0.50 sec =   73.3968 Mbps     0 retrans     13 KB-cwnd
[2024-05-28 20:44:15.482410]     3.6875 MB /   0.50 sec =   61.8566 Mbps     0 retrans     13 KB-cwnd
[2024-05-28 20:44:15.982261]     5.6250 MB /   0.50 sec =   94.4041 Mbps     0 retrans     13 KB-cwnd
[2024-05-28 20:44:16.482172]     2.5000 MB /   0.50 sec =   41.9456 Mbps     0 retrans     13 KB-cwnd
[2024-05-28 20:44:16.982321]     1.3750 MB /   0.50 sec =   23.0677 Mbps     0 retrans     13 KB-cwnd
[2024-05-28 20:44:17.482370]     3.0625 MB /   0.50 sec =   51.3678 Mbps     0 retrans     13 KB-cwnd
[2024-05-28 20:44:17.982352]     2.1875 MB /   0.50 sec =   36.7021 Mbps     0 retrans     13 KB-cwnd
[2024-05-28 20:44:18.482492]     2.0625 MB /   0.50 sec =   34.5923 Mbps     0 retrans     13 KB-cwnd
[2024-05-28 20:44:18.982298]     3.1875 MB /   0.50 sec =   53.4976 Mbps     0 retrans     13 KB-cwnd
[2024-05-28 20:44:19.482389]     2.1250 MB /   0.50 sec =   35.6440 Mbps     0 retrans     13 KB-cwnd
[2024-05-28 20:44:19.983141]     4.1250 MB /   0.50 sec =   69.1007 Mbps     0 retrans     13 KB-cwnd
[2024-05-28 20:44:20.482173]     3.3750 MB /   0.50 sec =   56.7312 Mbps     0 retrans     13 KB-cwnd
[2024-05-28 20:44:20.983326]     2.0000 MB /   0.50 sec =   33.4802 Mbps     0 retrans     13 KB-cwnd
[2024-05-28 20:44:21.483186]     2.9375 MB /   0.50 sec =   49.2952 Mbps     0 retrans     13 KB-cwnd
[2024-05-28 20:44:21.982308]     3.3750 MB /   0.50 sec =   56.7278 Mbps     0 retrans     13 KB-cwnd
[2024-05-28 20:44:22.482245]     3.5000 MB /   0.50 sec =   58.7312 Mbps     0 retrans     13 KB-cwnd
[2024-05-28 20:44:22.983388]     2.6875 MB /   0.50 sec =   44.9946 Mbps     0 retrans     13 KB-cwnd
[2024-05-28 20:44:23.482248]     3.0625 MB /   0.50 sec =   51.4882 Mbps     0 retrans     13 KB-cwnd
[2024-05-28 20:44:23.982619]     1.1250 MB /   0.50 sec =   18.8595 Mbps     0 retrans     13 KB-cwnd
[2024-05-28 20:44:24.482281]     4.4375 MB /   0.50 sec =   74.4943 Mbps     0 retrans     13 KB-cwnd
[2024-05-28 20:44:24.982417]     1.9375 MB /   0.50 sec =   32.4950 Mbps     0 retrans     13 KB-cwnd
[2024-05-28 20:44:25.482161]     3.6875 MB /   0.50 sec =   61.8936 Mbps     0 retrans     13 KB-cwnd
[2024-05-28 20:44:25.982404]     1.8750 MB /   0.50 sec =   31.4438 Mbps     0 retrans     13 KB-cwnd
[2024-05-28 20:44:26.482166]     3.8750 MB /   0.50 sec =   65.0395 Mbps     0 retrans     13 KB-cwnd
[2024-05-28 20:44:26.982181]     2.7500 MB /   0.50 sec =   46.1367 Mbps     0 retrans     13 KB-cwnd
[2024-05-28 20:44:27.483176]     2.1875 MB /   0.50 sec =   36.6281 Mbps     0 retrans     13 KB-cwnd
[2024-05-28 20:44:27.982231]     2.8750 MB /   0.50 sec =   48.3251 Mbps     0 retrans     13 KB-cwnd
[2024-05-28 20:44:28.482452]     1.6250 MB /   0.50 sec =   27.2580 Mbps     0 retrans     13 KB-cwnd
[2024-05-28 20:44:28.982172]     4.0000 MB /   0.50 sec =   67.1277 Mbps     0 retrans     13 KB-cwnd
[2024-05-28 20:44:29.482161]     0.6250 MB /   0.50 sec =   10.4856 Mbps     0 retrans     13 KB-cwnd
[2024-05-28 20:44:29.982366]     3.1250 MB /   0.50 sec =   52.4305 Mbps     0 retrans     13 KB-cwnd
[2024-05-28 20:44:30.482236]     2.6875 MB /   0.50 sec =   45.0869 Mbps     0 retrans     13 KB-cwnd
[2024-05-28 20:44:30.982255]     2.6250 MB /   0.50 sec =   44.0412 Mbps     0 retrans     13 KB-cwnd
[2024-05-28 20:44:31.483386]     1.6250 MB /   0.50 sec =   27.2022 Mbps     0 retrans     13 KB-cwnd
[2024-05-28 20:44:31.982320]     3.3750 MB /   0.50 sec =   56.7271 Mbps     0 retrans     13 KB-cwnd
[2024-05-28 20:44:32.482735]     2.3125 MB /   0.50 sec =   38.7754 Mbps     0 retrans     13 KB-cwnd
[2024-05-28 20:44:32.982385]     3.6250 MB /   0.50 sec =   60.8604 Mbps     0 retrans     13 KB-cwnd
[2024-05-28 20:44:33.482169]     4.3750 MB /   0.50 sec =   73.4203 Mbps     0 retrans     13 KB-cwnd
[2024-05-28 20:44:33.982494]     2.4375 MB /   0.50 sec =   40.8739 Mbps     0 retrans     13 KB-cwnd
[2024-05-28 20:44:34.482181]     3.5625 MB /   0.50 sec =   59.7989 Mbps     0 retrans     13 KB-cwnd
[2024-05-28 20:44:34.982175]     3.1875 MB /   0.50 sec =   53.4773 Mbps     0 retrans     13 KB-cwnd
[2024-05-28 20:44:35.482547]     3.2500 MB /   0.50 sec =   54.5073 Mbps     0 retrans     13 KB-cwnd
[2024-05-28 20:44:35.982660]     2.7500 MB /   0.50 sec =   46.1113 Mbps     0 retrans     13 KB-cwnd
[2024-05-28 20:44:36.482289]     4.0000 MB /   0.50 sec =   67.1619 Mbps     0 retrans     13 KB-cwnd
[2024-05-28 20:44:36.982174]     3.1875 MB /   0.50 sec =   53.4841 Mbps     0 retrans     13 KB-cwnd
[2024-05-28 20:44:37.483207]     2.1250 MB /   0.50 sec =   35.5807 Mbps     0 retrans     13 KB-cwnd
[2024-05-28 20:44:37.982375]     4.3750 MB /   0.50 sec =   73.5365 Mbps     0 retrans     13 KB-cwnd
[2024-05-28 20:44:38.482373]     3.7500 MB /   0.50 sec =   62.9215 Mbps     0 retrans     13 KB-cwnd
[2024-05-28 20:44:38.982259]     3.5000 MB /   0.50 sec =   58.7194 Mbps     0 retrans     13 KB-cwnd
[2024-05-28 20:44:39.482288]     2.6250 MB /   0.50 sec =   44.0398 Mbps     0 retrans     13 KB-cwnd
[2024-05-28 20:44:39.982415]     1.8125 MB /   0.50 sec =   30.4102 Mbps     0 retrans     13 KB-cwnd
[2024-05-28 20:44:40.482602]     2.8125 MB /   0.50 sec =   47.1617 Mbps     0 retrans     13 KB-cwnd
[2024-05-28 20:44:40.982249]     2.0625 MB /   0.50 sec =   34.6203 Mbps     0 retrans     13 KB-cwnd
[2024-05-28 20:44:41.482319]     2.8750 MB /   0.50 sec =   48.2280 Mbps     0 retrans     13 KB-cwnd
[2024-05-28 20:44:41.982414]     2.5625 MB /   0.50 sec =   42.9743 Mbps     0 retrans     13 KB-cwnd
[2024-05-28 20:44:42.483247]     2.6875 MB /   0.50 sec =   45.0204 Mbps     0 retrans     13 KB-cwnd
[2024-05-28 20:44:42.982175]     2.8750 MB /   0.50 sec =   48.3346 Mbps     0 retrans     13 KB-cwnd
[2024-05-28 20:44:43.482753]     2.7500 MB /   0.50 sec =   46.1053 Mbps     0 retrans     13 KB-cwnd
[2024-05-28 20:44:43.982797]     3.5625 MB /   0.50 sec =   59.7430 Mbps     0 retrans     13 KB-cwnd
[2024-05-28 20:44:44.482140]     3.5625 MB /   0.50 sec =   59.8336 Mbps     0 retrans     13 KB-cwnd
[2024-05-28 20:44:44.982698]     1.6250 MB /   0.50 sec =   27.2567 Mbps     0 retrans     13 KB-cwnd
[2024-05-28 20:44:45.482180]     5.1875 MB /   0.50 sec =   87.0550 Mbps     0 retrans     13 KB-cwnd
[2024-05-28 20:44:45.982378]     3.0000 MB /   0.50 sec =   50.3312 Mbps     0 retrans     13 KB-cwnd
[2024-05-28 20:44:46.482262]     2.9375 MB /   0.50 sec =   49.2779 Mbps     0 retrans     13 KB-cwnd
[2024-05-28 20:44:46.982235]     3.0625 MB /   0.50 sec =   51.3858 Mbps     0 retrans     13 KB-cwnd
[2024-05-28 20:44:47.482445]     4.0625 MB /   0.50 sec =   68.1617 Mbps     0 retrans     13 KB-cwnd
[2024-05-28 20:44:47.982280]     3.6875 MB /   0.50 sec =   61.8618 Mbps     0 retrans     13 KB-cwnd
[2024-05-28 20:44:48.482293]     3.6250 MB /   0.50 sec =   60.8112 Mbps     0 retrans     13 KB-cwnd
[2024-05-28 20:44:48.982178]     3.0625 MB /   0.50 sec =   51.3857 Mbps     0 retrans     13 KB-cwnd
[2024-05-28 20:44:49.482245]     3.1875 MB /   0.50 sec =   53.4778 Mbps     0 retrans     21 KB-cwnd
[2024-05-28 20:44:49.982797]     2.3125 MB /   0.50 sec =   38.7568 Mbps     0 retrans     21 KB-cwnd
[2024-05-28 20:44:50.482292]     1.6875 MB /   0.50 sec =   28.3376 Mbps     0 retrans     21 KB-cwnd
[2024-05-28 20:44:50.982174]     2.8125 MB /   0.50 sec =   47.1914 Mbps     0 retrans     21 KB-cwnd
[2024-05-28 20:44:51.482172]     2.4375 MB /   0.50 sec =   40.8950 Mbps     0 retrans     21 KB-cwnd
[2024-05-28 20:44:51.982175]     2.7500 MB /   0.50 sec =   46.1369 Mbps     0 retrans     21 KB-cwnd
[2024-05-28 20:44:52.482377]     2.5625 MB /   0.50 sec =   42.9812 Mbps     0 retrans     21 KB-cwnd
[2024-05-28 20:44:52.982269]     3.5625 MB /   0.50 sec =   59.7804 Mbps     0 retrans     21 KB-cwnd
[2024-05-28 20:44:53.482160]     3.3750 MB /   0.50 sec =   56.6263 Mbps     0 retrans     26 KB-cwnd
[2024-05-28 20:44:53.982315]     3.1250 MB /   0.50 sec =   52.4288 Mbps     0 retrans     26 KB-cwnd
[2024-05-28 20:44:54.482473]     2.6250 MB /   0.50 sec =   44.0353 Mbps     0 retrans     26 KB-cwnd
[2024-05-28 20:44:54.982174]     3.5625 MB /   0.50 sec =   59.7750 Mbps     0 retrans     26 KB-cwnd
[2024-05-28 20:44:55.482240]     3.1250 MB /   0.50 sec =   52.4286 Mbps     0 retrans     26 KB-cwnd
[2024-05-28 20:44:55.982246]     3.0000 MB /   0.50 sec =   50.3311 Mbps     0 retrans     26 KB-cwnd
[2024-05-28 20:44:56.482305]     4.1875 MB /   0.50 sec =   70.2521 Mbps     0 retrans     26 KB-cwnd
[2024-05-28 20:44:56.982249]     3.5000 MB /   0.50 sec =   58.7235 Mbps     0 retrans     26 KB-cwnd
[2024-05-28 20:44:57.482344]     3.3750 MB /   0.50 sec =   56.6165 Mbps     0 retrans     26 KB-cwnd
[2024-05-28 20:44:57.982280]     3.8125 MB /   0.50 sec =   63.9689 Mbps     0 retrans     26 KB-cwnd
[2024-05-28 20:44:58.482158]     3.6250 MB /   0.50 sec =   60.8192 Mbps     0 retrans     26 KB-cwnd
[2024-05-28 20:44:58.982165]     3.9375 MB /   0.50 sec =   66.0606 Mbps     0 retrans     26 KB-cwnd
[2024-05-28 20:44:59.482296]     3.7500 MB /   0.50 sec =   62.9050 Mbps     0 retrans     26 KB-cwnd
[2024-05-28 20:44:59.982261]     4.1250 MB /   0.50 sec =   69.2156 Mbps     0 retrans     26 KB-cwnd
[2024-05-28 20:45:00.482389]     2.2500 MB /   0.50 sec =   37.7345 Mbps     0 retrans     26 KB-cwnd
[2024-05-28 20:45:00.982228]     2.7500 MB /   0.50 sec =   46.1544 Mbps     0 retrans     26 KB-cwnd
[2024-05-28 20:45:01.482177]     3.9375 MB /   0.50 sec =   66.0615 Mbps     0 retrans     26 KB-cwnd
[2024-05-28 20:45:01.982616]     4.0000 MB /   0.50 sec =   67.1102 Mbps     0 retrans     26 KB-cwnd
[2024-05-28 20:45:02.482282]     3.5625 MB /   0.50 sec =   59.7674 Mbps     0 retrans     26 KB-cwnd
[2024-05-28 20:45:02.982150]     3.8750 MB /   0.50 sec =   65.0125 Mbps     0 retrans     26 KB-cwnd
[2024-05-28 20:45:03.482177]     3.9375 MB /   0.50 sec =   66.0591 Mbps     0 retrans     26 KB-cwnd
[2024-05-28 20:45:03.982156]     3.8750 MB /   0.50 sec =   65.0126 Mbps     0 retrans     26 KB-cwnd
[2024-05-28 20:45:04.482165]     4.1250 MB /   0.50 sec =   69.2059 Mbps     0 retrans     26 KB-cwnd
[2024-05-28 20:45:04.982134]     3.8750 MB /   0.50 sec =   65.0102 Mbps     0 retrans     26 KB-cwnd
[2024-05-28 20:45:05.482249]     3.7500 MB /   0.50 sec =   62.9156 Mbps     0 retrans     26 KB-cwnd
[2024-05-28 20:45:05.982181]     3.5625 MB /   0.50 sec =   59.7691 Mbps     0 retrans     26 KB-cwnd
[2024-05-28 20:45:06.482318]     3.6875 MB /   0.50 sec =   61.8657 Mbps     0 retrans     26 KB-cwnd
[2024-05-28 20:45:06.982260]     3.5625 MB /   0.50 sec =   59.7630 Mbps     0 retrans     26 KB-cwnd
[2024-05-28 20:45:07.482493]     3.4375 MB /   0.50 sec =   57.6397 Mbps     0 retrans     26 KB-cwnd
[2024-05-28 20:45:07.982176]     4.3125 MB /   0.50 sec =   72.3972 Mbps     0 retrans     26 KB-cwnd
[2024-05-28 20:45:08.482286]     3.6250 MB /   0.50 sec =   60.8118 Mbps     0 retrans     26 KB-cwnd
[2024-05-28 20:45:08.982158]     4.2500 MB /   0.50 sec =   71.3117 Mbps     0 retrans     26 KB-cwnd
[2024-05-28 20:45:09.482177]     4.0625 MB /   0.50 sec =   68.1570 Mbps     0 retrans     26 KB-cwnd
[2024-05-28 20:45:09.982404]     3.7500 MB /   0.50 sec =   62.9073 Mbps     0 retrans     26 KB-cwnd
[2024-05-28 20:45:10.482317]     4.1875 MB /   0.50 sec =   70.2605 Mbps     0 retrans     26 KB-cwnd
[2024-05-28 20:45:10.982127]     2.5000 MB /   0.50 sec =   41.9454 Mbps     0 retrans     26 KB-cwnd
[2024-05-28 20:45:11.483245]     2.0000 MB /   0.50 sec =   33.4851 Mbps     0 retrans     26 KB-cwnd
[2024-05-28 20:45:11.982230]     3.9375 MB /   0.50 sec =   66.1960 Mbps     0 retrans     26 KB-cwnd
[2024-05-28 20:45:12.482266]     4.1250 MB /   0.50 sec =   69.1979 Mbps    88 retrans   1308 KB-cwnd
[2024-05-28 20:45:12.982155]     4.0000 MB /   0.50 sec =   67.1165 Mbps     0 retrans   1308 KB-cwnd
[2024-05-28 20:45:13.483488]     4.0000 MB /   0.50 sec =   66.9380 Mbps     0 retrans   1308 KB-cwnd
[2024-05-28 20:45:13.982165]     3.9375 MB /   0.50 sec =   66.2292 Mbps     0 retrans   1308 KB-cwnd
[2024-05-28 20:45:14.482289]     3.1875 MB /   0.50 sec =   53.4721 Mbps     0 retrans   1308 KB-cwnd
[2024-05-28 20:45:14.982164]     3.6250 MB /   0.50 sec =   60.8240 Mbps     0 retrans   1308 KB-cwnd
[2024-05-28 20:45:15.482348]     3.5625 MB /   0.50 sec =   59.7651 Mbps     0 retrans   1334 KB-cwnd
[2024-05-28 20:45:15.982613]     3.5000 MB /   0.50 sec =   58.6728 Mbps     0 retrans   1334 KB-cwnd
[2024-05-28 20:45:16.482442]     3.3125 MB /   0.50 sec =   55.6217 Mbps     0 retrans   1334 KB-cwnd
[2024-05-28 20:45:16.982171]     3.3125 MB /   0.50 sec =   55.5753 Mbps     0 retrans   1337 KB-cwnd
[2024-05-28 20:45:17.482300]     3.4375 MB /   0.50 sec =   57.6751 Mbps     0 retrans   1337 KB-cwnd
[2024-05-28 20:45:17.982245]     3.5625 MB /   0.50 sec =   59.7632 Mbps     0 retrans   1454 KB-cwnd
[2024-05-28 20:45:18.482232]     3.9375 MB /   0.50 sec =   66.0619 Mbps     0 retrans   1454 KB-cwnd
[2024-05-28 20:45:18.982414]     3.5625 MB /   0.50 sec =   59.7631 Mbps     0 retrans   1454 KB-cwnd
[2024-05-28 20:45:19.482223]     4.0000 MB /   0.50 sec =   67.1157 Mbps     0 retrans   1454 KB-cwnd
[2024-05-28 20:45:19.982177]     4.0000 MB /   0.50 sec =   67.1093 Mbps     0 retrans   1454 KB-cwnd
[2024-05-28 20:45:20.482291]     3.5000 MB /   0.50 sec =   58.7188 Mbps     0 retrans   1482 KB-cwnd
[2024-05-28 20:45:20.982170]     2.7500 MB /   0.50 sec =   46.1389 Mbps     0 retrans   1482 KB-cwnd
[2024-05-28 20:45:21.483320]     2.0625 MB /   0.50 sec =   34.5277 Mbps     0 retrans   1482 KB-cwnd
[2024-05-28 20:45:21.982303]     2.1250 MB /   0.50 sec =   35.7265 Mbps     0 retrans   1482 KB-cwnd
[2024-05-28 20:45:22.482243]     4.3750 MB /   0.50 sec =   73.4033 Mbps     0 retrans   1482 KB-cwnd
[2024-05-28 20:45:22.982168]     4.0625 MB /   0.50 sec =   68.1562 Mbps     0 retrans   1482 KB-cwnd
[2024-05-28 20:45:23.482223]     3.5625 MB /   0.50 sec =   59.7716 Mbps     0 retrans   1482 KB-cwnd
[2024-05-28 20:45:23.982159]     2.9375 MB /   0.50 sec =   49.2836 Mbps     0 retrans   1485 KB-cwnd
[2024-05-28 20:45:24.482287]     2.4375 MB /   0.50 sec =   40.8896 Mbps     0 retrans   1485 KB-cwnd
[2024-05-28 20:45:24.982274]     2.2500 MB /   0.50 sec =   37.7481 Mbps     0 retrans   1485 KB-cwnd
[2024-05-28 20:45:25.482254]     2.5000 MB /   0.50 sec =   41.9482 Mbps     0 retrans   1485 KB-cwnd
[2024-05-28 20:45:25.982396]     2.6250 MB /   0.50 sec =   44.0357 Mbps     0 retrans   1485 KB-cwnd
[2024-05-28 20:45:26.482284]     2.6875 MB /   0.50 sec =   45.0868 Mbps     0 retrans   1485 KB-cwnd
[2024-05-28 20:45:26.982241]     2.5000 MB /   0.50 sec =   41.9491 Mbps     0 retrans   1485 KB-cwnd
[2024-05-28 20:45:27.482258]     2.3125 MB /   0.50 sec =   38.7976 Mbps     0 retrans   1485 KB-cwnd
[2024-05-28 20:45:27.982322]     2.8125 MB /   0.50 sec =   47.1829 Mbps     0 retrans   1485 KB-cwnd
[2024-05-28 20:45:28.482266]     2.8750 MB /   0.50 sec =   48.2335 Mbps     0 retrans   1485 KB-cwnd
[2024-05-28 20:45:28.982236]     3.0000 MB /   0.50 sec =   50.3352 Mbps     0 retrans   1485 KB-cwnd
[2024-05-28 20:45:29.482159]     2.7500 MB /   0.50 sec =   46.1382 Mbps     0 retrans   1485 KB-cwnd
[2024-05-28 20:45:29.982390]     2.5625 MB /   0.50 sec =   42.9907 Mbps     0 retrans   1485 KB-cwnd
[2024-05-28 20:45:30.482179]     2.6875 MB /   0.50 sec =   45.0890 Mbps     0 retrans   1485 KB-cwnd
[2024-05-28 20:45:30.982329]     2.8125 MB /   0.50 sec =   47.1783 Mbps     0 retrans   1485 KB-cwnd
[2024-05-28 20:45:31.482583]     2.1250 MB /   0.50 sec =   35.6321 Mbps     0 retrans   1485 KB-cwnd
[2024-05-28 20:45:31.982124]     2.7500 MB /   0.50 sec =   46.1717 Mbps     0 retrans   1485 KB-cwnd
[2024-05-28 20:45:32.482271]     2.6250 MB /   0.50 sec =   44.0349 Mbps     0 retrans   1485 KB-cwnd
[2024-05-28 20:45:32.983286]     0.5000 MB /   0.50 sec =    8.3718 Mbps     0 retrans   1485 KB-cwnd
[2024-05-28 20:45:33.482223]     3.1875 MB /   0.50 sec =   53.5900 Mbps     0 retrans   1485 KB-cwnd
[2024-05-28 20:45:33.982368]     3.4375 MB /   0.50 sec =   57.6718 Mbps     0 retrans   1485 KB-cwnd
[2024-05-28 20:45:34.482270]     3.8125 MB /   0.50 sec =   63.9558 Mbps     0 retrans   1485 KB-cwnd
[2024-05-28 20:45:34.982174]     3.9375 MB /   0.50 sec =   66.0680 Mbps    31 retrans   1512 KB-cwnd
[2024-05-28 20:45:35.482181]     4.0625 MB /   0.50 sec =   68.1574 Mbps     0 retrans   1512 KB-cwnd
[2024-05-28 20:45:35.982346]     3.0625 MB /   0.50 sec =   51.3693 Mbps     0 retrans   1512 KB-cwnd
[2024-05-28 20:45:36.482409]     1.1875 MB /   0.50 sec =   19.9170 Mbps     0 retrans   1512 KB-cwnd
[2024-05-28 20:45:36.982313]     3.5625 MB /   0.50 sec =   59.7992 Mbps     0 retrans   1512 KB-cwnd
[2024-05-28 20:45:37.482178]     4.1250 MB /   0.50 sec =   69.2062 Mbps     0 retrans   1512 KB-cwnd
[2024-05-28 20:45:37.982173]     4.0000 MB /   0.50 sec =   67.1094 Mbps     0 retrans   1512 KB-cwnd
[2024-05-28 20:45:38.482173]     3.5000 MB /   0.50 sec =   58.7197 Mbps     0 retrans   1512 KB-cwnd
[2024-05-28 20:45:38.982157]     2.3750 MB /   0.50 sec =   39.8462 Mbps     0 retrans   1512 KB-cwnd
[2024-05-28 20:45:39.482091]     2.1250 MB /   0.50 sec =   35.6531 Mbps     0 retrans   1512 KB-cwnd
[2024-05-28 20:45:39.982261]     2.6250 MB /   0.50 sec =   44.0398 Mbps     0 retrans   1512 KB-cwnd
[2024-05-28 20:45:40.482707]     2.1875 MB /   0.50 sec =   36.6616 Mbps     0 retrans   1512 KB-cwnd
[2024-05-28 20:45:40.982375]     4.8125 MB /   0.50 sec =   80.8221 Mbps     0 retrans   1512 KB-cwnd
[2024-05-28 20:45:41.482225]     4.2500 MB /   0.50 sec =   71.3009 Mbps     0 retrans   1512 KB-cwnd
[2024-05-28 20:45:41.982489]     4.0000 MB /   0.50 sec =   67.1008 Mbps     0 retrans   1512 KB-cwnd
[2024-05-28 20:45:42.482420]     2.3750 MB /   0.50 sec =   39.8346 Mbps     0 retrans   1512 KB-cwnd
[2024-05-28 20:45:42.982881]     0.6875 MB /   0.50 sec =   11.5299 Mbps     0 retrans   1512 KB-cwnd
[2024-05-28 20:45:43.482816]     6.1250 MB /   0.50 sec =  102.7884 Mbps     0 retrans   1512 KB-cwnd
[2024-05-28 20:45:43.982240]     3.5000 MB /   0.50 sec =   58.7479 Mbps     0 retrans   1512 KB-cwnd
[2024-05-28 20:45:44.482257]     1.8125 MB /   0.50 sec =   30.4131 Mbps     0 retrans   1512 KB-cwnd
[2024-05-28 20:45:44.982242]     3.5625 MB /   0.50 sec =   59.7637 Mbps     0 retrans   1512 KB-cwnd
[2024-05-28 20:45:45.482261]     3.4375 MB /   0.50 sec =   57.6725 Mbps     0 retrans   1512 KB-cwnd
[2024-05-28 20:45:45.982561]     3.1875 MB /   0.50 sec =   53.4807 Mbps     0 retrans   1512 KB-cwnd
[2024-05-28 20:45:46.482237]     3.5000 MB /   0.50 sec =   58.7165 Mbps     0 retrans   1512 KB-cwnd
[2024-05-28 20:45:46.982169]     3.3125 MB /   0.50 sec =   55.5758 Mbps     0 retrans   1512 KB-cwnd
[2024-05-28 20:45:47.482182]     3.8125 MB /   0.50 sec =   63.9625 Mbps     0 retrans   1512 KB-cwnd
[2024-05-28 20:45:47.982425]     3.8750 MB /   0.50 sec =   65.0115 Mbps     0 retrans   1512 KB-cwnd
[2024-05-28 20:45:48.482293]     3.8750 MB /   0.50 sec =   65.0048 Mbps     0 retrans   1512 KB-cwnd
[2024-05-28 20:45:48.982318]     3.5625 MB /   0.50 sec =   59.7670 Mbps     0 retrans   1512 KB-cwnd
[2024-05-28 20:45:49.482290]     3.4375 MB /   0.50 sec =   57.6740 Mbps     0 retrans   1512 KB-cwnd
[2024-05-28 20:45:49.982518]     3.2500 MB /   0.50 sec =   54.5303 Mbps     0 retrans   1512 KB-cwnd
[2024-05-28 20:45:50.482491]     1.8750 MB /   0.50 sec =   31.4556 Mbps     0 retrans   1512 KB-cwnd
[2024-05-28 20:45:50.982379]     1.5000 MB /   0.50 sec =   25.1610 Mbps     0 retrans   1512 KB-cwnd
[2024-05-28 20:45:51.482387]     1.8125 MB /   0.50 sec =   30.4093 Mbps     0 retrans   1512 KB-cwnd
[2024-05-28 20:45:51.982092]     5.8750 MB /   0.50 sec =   98.5975 Mbps     0 retrans   1512 KB-cwnd
[2024-05-28 20:45:52.482276]     4.4375 MB /   0.50 sec =   74.4434 Mbps     0 retrans   1512 KB-cwnd
[2024-05-28 20:45:52.982180]     5.0625 MB /   0.50 sec =   84.9316 Mbps     0 retrans   1512 KB-cwnd
[2024-05-28 20:45:53.483268]     4.6875 MB /   0.50 sec =   78.4826 Mbps     0 retrans   1512 KB-cwnd
[2024-05-28 20:45:53.982331]     1.9375 MB /   0.50 sec =   32.5670 Mbps     0 retrans   1512 KB-cwnd
[2024-05-28 20:45:54.483375]     4.6250 MB /   0.50 sec =   77.4343 Mbps     0 retrans   1512 KB-cwnd
[2024-05-28 20:45:54.982180]     6.3750 MB /   0.50 sec =  107.1979 Mbps     0 retrans   1512 KB-cwnd
[2024-05-28 20:45:55.482489]     5.5000 MB /   0.50 sec =   92.2738 Mbps     0 retrans   2061 KB-cwnd
[2024-05-28 20:45:55.982253]     5.3750 MB /   0.50 sec =   90.1747 Mbps     0 retrans   2061 KB-cwnd
[2024-05-28 20:45:56.482180]     5.2500 MB /   0.50 sec =   88.0850 Mbps     0 retrans   2061 KB-cwnd
[2024-05-28 20:45:56.982283]     5.5625 MB /   0.50 sec =   93.3214 Mbps     0 retrans   2061 KB-cwnd
[2024-05-28 20:45:57.482469]     3.9375 MB /   0.50 sec =   66.0289 Mbps     0 retrans   2061 KB-cwnd
[2024-05-28 20:45:57.982294]     6.7500 MB /   0.50 sec =  113.3006 Mbps     0 retrans   2061 KB-cwnd
[2024-05-28 20:45:58.482325]     4.0625 MB /   0.50 sec =   68.1444 Mbps     0 retrans   2061 KB-cwnd
[2024-05-28 20:45:58.982455]     3.4375 MB /   0.50 sec =   57.6559 Mbps     0 retrans   2061 KB-cwnd
[2024-05-28 20:45:59.482267]     6.5625 MB /   0.50 sec =  110.1426 Mbps     0 retrans   2061 KB-cwnd
[2024-05-28 20:45:59.982280]     5.5625 MB /   0.50 sec =   93.3313 Mbps     0 retrans   2061 KB-cwnd
[2024-05-28 20:46:00.482175]     5.8750 MB /   0.50 sec =   98.5665 Mbps     0 retrans   2061 KB-cwnd
[2024-05-28 20:46:00.982318]     5.7500 MB /   0.50 sec =   96.4667 Mbps     0 retrans   2061 KB-cwnd
[2024-05-28 20:46:01.482266]     5.9375 MB /   0.50 sec =   99.6169 Mbps     0 retrans   2061 KB-cwnd
[2024-05-28 20:46:01.982388]     5.6250 MB /   0.50 sec =   94.3488 Mbps     0 retrans   2061 KB-cwnd
[2024-05-28 20:46:02.482336]     6.3750 MB /   0.50 sec =  106.9610 Mbps     0 retrans   2061 KB-cwnd
[2024-05-28 20:46:02.982572]     6.0000 MB /   0.50 sec =  100.6448 Mbps     0 retrans   2061 KB-cwnd
[2024-05-28 20:46:03.482270]     3.0000 MB /   0.50 sec =   50.3501 Mbps     0 retrans   2061 KB-cwnd
[2024-05-28 20:46:03.982333]     6.5000 MB /   0.50 sec =  109.0565 Mbps     0 retrans   2061 KB-cwnd
[2024-05-28 20:46:04.482701]     6.6250 MB /   0.50 sec =  111.0347 Mbps     0 retrans   2061 KB-cwnd
[2024-05-28 20:46:04.982361]     6.5000 MB /   0.50 sec =  109.1672 Mbps     0 retrans   2061 KB-cwnd
[2024-05-28 20:46:05.482397]     7.0625 MB /   0.50 sec =  118.4654 Mbps     0 retrans   2061 KB-cwnd
[2024-05-28 20:46:05.982339]     5.1875 MB /   0.50 sec =   87.0322 Mbps     0 retrans   2061 KB-cwnd
[2024-05-28 20:46:06.482397]     5.2500 MB /   0.50 sec =   88.0703 Mbps     0 retrans   2061 KB-cwnd
[2024-05-28 20:46:06.982349]     7.3750 MB /   0.50 sec =  123.7391 Mbps     0 retrans   2061 KB-cwnd
[2024-05-28 20:46:07.482359]     4.6875 MB /   0.50 sec =   78.6434 Mbps     0 retrans   2061 KB-cwnd
[2024-05-28 20:46:07.982509]     9.3750 MB /   0.50 sec =  157.3084 Mbps     0 retrans   1695 KB-cwnd
[2024-05-28 20:46:08.482285]     6.0625 MB /   0.50 sec =  101.7031 Mbps     0 retrans   1695 KB-cwnd
[2024-05-28 20:46:08.982347]     6.5000 MB /   0.50 sec =  109.0486 Mbps     0 retrans   1695 KB-cwnd
[2024-05-28 20:46:09.482237]     6.1250 MB /   0.50 sec =  102.7765 Mbps     0 retrans   1695 KB-cwnd
[2024-05-28 20:46:09.982129]     6.4375 MB /   0.50 sec =  108.0098 Mbps     0 retrans   1695 KB-cwnd
[2024-05-28 20:46:10.482290]     7.1875 MB /   0.50 sec =  120.5638 Mbps     0 retrans   1695 KB-cwnd
[2024-05-28 20:46:10.982357]     7.0625 MB /   0.50 sec =  118.4870 Mbps     0 retrans   1695 KB-cwnd
[2024-05-28 20:46:11.482260]     7.7500 MB /   0.50 sec =  130.0393 Mbps     0 retrans   1695 KB-cwnd
[2024-05-28 20:46:11.982363]     7.6875 MB /   0.50 sec =  128.9764 Mbps     0 retrans   1695 KB-cwnd
[2024-05-28 20:46:12.482284]     7.3125 MB /   0.50 sec =  122.6807 Mbps     0 retrans   1695 KB-cwnd
[2024-05-28 20:46:12.982117]     7.5000 MB /   0.50 sec =  125.8409 Mbps     0 retrans   1695 KB-cwnd
[2024-05-28 20:46:13.482292]     5.5625 MB /   0.50 sec =   93.3089 Mbps     0 retrans   1695 KB-cwnd
[2024-05-28 20:46:13.982090]     3.8750 MB /   0.50 sec =   65.0225 Mbps     0 retrans   1695 KB-cwnd
[2024-05-28 20:46:14.482430]     5.0625 MB /   0.50 sec =   84.8954 Mbps     0 retrans   1695 KB-cwnd
[2024-05-28 20:46:14.982179]     8.2500 MB /   0.50 sec =  138.4677 Mbps     0 retrans   1695 KB-cwnd
[2024-05-28 20:46:15.482398]     5.7500 MB /   0.50 sec =   96.4532 Mbps     0 retrans   1695 KB-cwnd
[2024-05-28 20:46:15.982332]     4.3125 MB /   0.50 sec =   72.3516 Mbps     0 retrans   1695 KB-cwnd
[2024-05-28 20:46:16.482170]     7.6875 MB /   0.50 sec =  128.9877 Mbps     0 retrans   1695 KB-cwnd
[2024-05-28 20:46:16.982327]     4.9375 MB /   0.50 sec =   82.8304 Mbps     0 retrans   1695 KB-cwnd
[2024-05-28 20:46:17.482438]     8.0625 MB /   0.50 sec =  135.2871 Mbps     0 retrans   1695 KB-cwnd
[2024-05-28 20:46:17.982344]     6.6875 MB /   0.50 sec =  112.1947 Mbps     0 retrans   1695 KB-cwnd
[2024-05-28 20:46:18.482172]     7.1875 MB /   0.50 sec =  120.5894 Mbps    16 retrans   2271 KB-cwnd
[2024-05-28 20:46:18.982295]     6.9375 MB /   0.50 sec =  116.3912 Mbps     0 retrans   2271 KB-cwnd
[2024-05-28 20:46:19.482258]     7.0625 MB /   0.50 sec =  118.4886 Mbps     0 retrans   2271 KB-cwnd
[2024-05-28 20:46:19.982415]     7.1875 MB /   0.50 sec =  120.5694 Mbps     0 retrans   2271 KB-cwnd
[2024-05-28 20:46:20.482322]     7.5000 MB /   0.50 sec =  125.8251 Mbps     0 retrans   2271 KB-cwnd
[2024-05-28 20:46:20.982344]     5.5625 MB /   0.50 sec =   93.3236 Mbps     0 retrans   2271 KB-cwnd
[2024-05-28 20:46:21.482168]     8.6875 MB /   0.50 sec =  145.7795 Mbps     0 retrans   2271 KB-cwnd
[2024-05-28 20:46:21.982329]     7.3750 MB /   0.50 sec =  123.7307 Mbps     0 retrans   2271 KB-cwnd
[2024-05-28 20:46:22.482169]     7.4375 MB /   0.50 sec =  124.7868 Mbps     0 retrans   2271 KB-cwnd
[2024-05-28 20:46:22.982470]     5.0625 MB /   0.50 sec =   84.8919 Mbps     0 retrans   2271 KB-cwnd
[2024-05-28 20:46:23.482263]     8.9375 MB /   0.50 sec =  150.0031 Mbps     0 retrans   2271 KB-cwnd
[2024-05-28 20:46:23.982390]     4.9375 MB /   0.50 sec =   82.8302 Mbps     0 retrans   2271 KB-cwnd
[2024-05-28 20:46:24.482294]     4.8750 MB /   0.50 sec =   81.8023 Mbps     0 retrans   2271 KB-cwnd
[2024-05-28 20:46:24.982177]     7.3125 MB /   0.50 sec =  122.6841 Mbps     0 retrans   2271 KB-cwnd
[2024-05-28 20:46:25.482284]     7.8750 MB /   0.50 sec =  132.1166 Mbps     0 retrans   2271 KB-cwnd
[2024-05-28 20:46:25.982313]     7.8750 MB /   0.50 sec =  132.1203 Mbps     0 retrans   2252 KB-cwnd
[2024-05-28 20:46:26.482445]     8.1250 MB /   0.50 sec =  136.3154 Mbps     0 retrans   2252 KB-cwnd
[2024-05-28 20:46:26.982182]     7.8750 MB /   0.50 sec =  132.1232 Mbps     0 retrans   2252 KB-cwnd
[2024-05-28 20:46:27.482284]     7.4375 MB /   0.50 sec =  124.7795 Mbps     0 retrans   2252 KB-cwnd
End time: 1716943587526
