Start time: 1716996148278
[2024-05-29 11:22:52.489309] Connecting to host 35.245.244.238, port 5202
[2024-05-29 11:22:52.489894] Reverse mode, remote host 35.245.244.238 is sending
[2024-05-29 11:22:52.489942] [  5] local 10.47.67.187 port 33663 connected to 35.245.244.238 port 5202
[2024-05-29 11:22:52.489980] [ ID] Interval           Transfer     Bitrate         Jitter    Lost/Total Datagrams
[2024-05-29 11:22:52.490015] [  5]   0.00-0.50   sec  2.06 MBytes  34.5 Mbits/sec  0.589 ms  2365/3906 (61%)  
[2024-05-29 11:22:52.490049] [  5]   0.50-1.00   sec  2.16 MBytes  36.3 Mbits/sec  0.437 ms  2932/4551 (64%)  
[2024-05-29 11:22:52.490082] [  5]   1.00-1.50   sec  2.05 MBytes  34.4 Mbits/sec  0.356 ms  20708/22242 (93%)  
[2024-05-29 11:22:52.490174] [  5]   1.50-2.00   sec  2.00 MBytes  33.5 Mbits/sec  0.493 ms  22117/23613 (94%)  
[2024-05-29 11:22:52.490210] [  5]   2.00-2.50   sec  1.96 MBytes  32.8 Mbits/sec  0.370 ms  18326/19791 (93%)  
[2024-05-29 11:22:52.490242] [  5]   2.50-3.00   sec  1.62 MBytes  27.3 Mbits/sec  0.814 ms  16940/18157 (93%)  
[2024-05-29 11:22:52.490275] [  5]   3.00-3.50   sec  1.97 MBytes  33.1 Mbits/sec  0.626 ms  19806/21285 (93%)  
[2024-05-29 11:22:52.490308] [  5]   3.50-4.00   sec  2.10 MBytes  35.2 Mbits/sec  0.571 ms  23576/25146 (94%)  
[2024-05-29 11:22:52.490340] [  5]   4.00-4.50   sec  1.95 MBytes  32.8 Mbits/sec  0.680 ms  23490/24954 (94%)  
[2024-05-29 11:22:52.490371] [  5]   4.50-5.00   sec   937 KBytes  15.3 Mbits/sec  8.338 ms  9790/10475 (93%)  
[2024-05-29 11:22:52.490403] [  5]   5.00-5.50   sec  1.53 MBytes  25.7 Mbits/sec  0.522 ms  17483/18632 (94%)  
[2024-05-29 11:22:52.490435] [  5]   5.50-6.00   sec  1.49 MBytes  25.1 Mbits/sec  0.505 ms  15747/16866 (93%)  
[2024-05-29 11:22:52.490467] [  5]   6.00-6.50   sec  1.44 MBytes  24.1 Mbits/sec  0.383 ms  14559/15637 (93%)  
[2024-05-29 11:22:52.490500] [  5]   6.50-7.00   sec  1.73 MBytes  29.0 Mbits/sec  0.213 ms  7966/9260 (86%)  
[2024-05-29 11:22:52.490532] [  5]   7.00-7.50   sec  2.14 MBytes  36.0 Mbits/sec  0.321 ms  52328/53934 (97%)  
[2024-05-29 11:22:52.490564] [  5]   7.50-8.00   sec  2.53 MBytes  42.5 Mbits/sec  1.761 ms  36217/38114 (95%)  
[2024-05-29 11:22:52.490595] [  5]   8.00-8.50   sec  2.41 MBytes  40.4 Mbits/sec  0.264 ms  25163/26967 (93%)  
[2024-05-29 11:22:52.490625] [  5]   8.50-9.00   sec  2.16 MBytes  36.2 Mbits/sec  0.610 ms  19534/21149 (92%)  
[2024-05-29 11:22:52.490656] [  5]   9.00-9.50   sec  2.12 MBytes  35.6 Mbits/sec  0.278 ms  15378/16967 (91%)  
[2024-05-29 11:22:52.490687] [  5]   9.50-10.00  sec  3.08 MBytes  51.7 Mbits/sec  0.547 ms  28849/31156 (93%)  
[2024-05-29 11:22:52.490718] [  5]  10.00-10.50  sec  3.50 MBytes  58.7 Mbits/sec  0.099 ms  33866/36486 (93%)  
[2024-05-29 11:22:52.490750] [  5]  10.50-11.00  sec  2.72 MBytes  45.6 Mbits/sec  0.230 ms  13908/15943 (87%)  
[2024-05-29 11:22:52.490782] [  5]  11.00-11.50  sec  2.95 MBytes  49.6 Mbits/sec  0.301 ms  15618/17830 (88%)  
[2024-05-29 11:22:52.490813] [  5]  11.50-12.00  sec  3.51 MBytes  58.8 Mbits/sec  0.131 ms  26328/28955 (91%)  
[2024-05-29 11:22:52.490844] [  5]  12.00-12.50  sec  2.85 MBytes  47.9 Mbits/sec  0.121 ms  18295/20432 (90%)  
[2024-05-29 11:22:52.490874] [  5]  12.50-13.00  sec  1.63 MBytes  27.3 Mbits/sec  0.231 ms  10763/11983 (90%)  
[2024-05-29 11:22:52.490905] [  5]  13.00-13.50  sec  2.01 MBytes  33.8 Mbits/sec  0.265 ms  14084/15591 (90%)  
[2024-05-29 11:22:52.490936] [  5]  13.50-14.00  sec  1.55 MBytes  26.0 Mbits/sec  0.760 ms  11056/12216 (91%)  
[2024-05-29 11:22:52.490968] [  5]  14.00-14.50  sec  1.68 MBytes  28.2 Mbits/sec  0.505 ms  16480/17740 (93%)  
[2024-05-29 11:22:52.491000] [  5]  14.50-15.00  sec  1.29 MBytes  21.6 Mbits/sec  0.593 ms  14203/15166 (94%)  
[2024-05-29 11:22:52.491030] [  5]  15.00-15.50  sec  1.87 MBytes  31.4 Mbits/sec  0.451 ms  21418/22819 (94%)  
[2024-05-29 11:22:52.491063] [  5]  15.50-16.00  sec  1.96 MBytes  32.8 Mbits/sec  1.460 ms  26930/28396 (95%)  
[2024-05-29 11:22:52.491093] [  5]  16.00-16.50  sec  2.05 MBytes  34.4 Mbits/sec  0.902 ms  31062/32600 (95%)  
[2024-05-29 11:22:52.491140] [  5]  16.50-17.00  sec  2.38 MBytes  39.9 Mbits/sec  0.246 ms  26871/28652 (94%)  
[2024-05-29 11:22:52.491173] [  5]  17.00-17.50  sec  2.60 MBytes  43.6 Mbits/sec  0.180 ms  26354/28299 (93%)  
[2024-05-29 11:22:52.491205] [  5]  17.50-18.00  sec  2.36 MBytes  39.6 Mbits/sec  0.910 ms  21463/23232 (92%)  
[2024-05-29 11:22:52.491236] [  5]  18.00-18.50  sec  2.62 MBytes  43.9 Mbits/sec  0.448 ms  21164/23124 (92%)  
[2024-05-29 11:22:52.491267] [  5]  18.50-19.00  sec  2.34 MBytes  39.3 Mbits/sec  0.360 ms  18105/19859 (91%)  
[2024-05-29 11:22:52.491297] [  5]  19.00-19.50  sec  2.76 MBytes  46.3 Mbits/sec  0.773 ms  21954/24022 (91%)  
[2024-05-29 11:22:52.491328] [  5]  19.50-20.00  sec  2.52 MBytes  42.3 Mbits/sec  0.186 ms  22318/24209 (92%)  
[2024-05-29 11:22:52.491358] [  5]  20.00-20.50  sec  2.94 MBytes  49.4 Mbits/sec  0.446 ms  20899/23103 (90%)  
[2024-05-29 11:22:52.491389] [  5]  20.50-21.00  sec  2.89 MBytes  48.6 Mbits/sec  0.259 ms  22611/24779 (91%)  
[2024-05-29 11:22:52.491420] [  5]  21.00-21.50  sec  2.91 MBytes  48.8 Mbits/sec  0.043 ms  20064/22242 (90%)  
[2024-05-29 11:22:52.491468] [  5]  21.50-22.00  sec  2.58 MBytes  43.3 Mbits/sec  1.226 ms  19167/21102 (91%)  
[2024-05-29 11:22:52.491499] [  5]  22.00-22.50  sec  2.24 MBytes  37.5 Mbits/sec  0.781 ms  17098/18772 (91%)  
[2024-05-29 11:23:16.989126] [  5]  22.50-23.00  sec  2.81 MBytes  47.1 Mbits/sec  0.100 ms  20202/22304 (91%)  
[2024-05-29 11:23:16.989455] [  5]  23.00-23.50  sec  3.04 MBytes  51.0 Mbits/sec  0.114 ms  25922/28197 (92%)  
[2024-05-29 11:23:16.989504] [  5]  23.50-24.00  sec  3.17 MBytes  53.2 Mbits/sec  1.570 ms  22468/24845 (90%)  
[2024-05-29 11:23:16.989543] [  5]  24.00-24.50  sec  2.59 MBytes  43.5 Mbits/sec  0.315 ms  19292/21235 (91%)  
[2024-05-29 11:23:16.989580] [  5]  24.50-25.00  sec  3.21 MBytes  53.8 Mbits/sec  0.133 ms  19612/22013 (89%)  
[2024-05-29 11:23:16.989615] [  5]  25.00-25.50  sec  3.27 MBytes  54.9 Mbits/sec  0.297 ms  24141/26590 (91%)  
[2024-05-29 11:23:16.989651] [  5]  25.50-26.00  sec  3.10 MBytes  52.0 Mbits/sec  0.301 ms  18546/20865 (89%)  
[2024-05-29 11:23:16.989687] [  5]  26.00-26.50  sec  3.33 MBytes  55.8 Mbits/sec  0.126 ms  20337/22829 (89%)  
[2024-05-29 11:23:16.989721] [  5]  26.50-27.00  sec  3.30 MBytes  55.3 Mbits/sec  0.219 ms  21264/23734 (90%)  
[2024-05-29 11:23:16.989755] [  5]  27.00-27.50  sec  3.10 MBytes  52.0 Mbits/sec  0.704 ms  17846/20166 (88%)  
[2024-05-29 11:23:16.989790] [  5]  27.50-28.00  sec  3.36 MBytes  56.4 Mbits/sec  0.796 ms  19022/21540 (88%)  
[2024-05-29 11:23:16.989826] [  5]  28.00-28.50  sec  3.37 MBytes  56.6 Mbits/sec  0.864 ms  22598/25124 (90%)  
[2024-05-29 11:23:16.989862] [  5]  28.50-29.00  sec  3.45 MBytes  57.8 Mbits/sec  0.322 ms  19786/22368 (88%)  
[2024-05-29 11:23:16.989896] [  5]  29.00-29.50  sec  3.20 MBytes  53.7 Mbits/sec  0.269 ms  18666/21062 (89%)  
[2024-05-29 11:23:16.989932] [  5]  29.50-30.00  sec  3.07 MBytes  51.5 Mbits/sec  0.342 ms  19393/21691 (89%)  
[2024-05-29 11:23:16.989968] [  5]  30.00-30.50  sec  3.42 MBytes  57.4 Mbits/sec  0.079 ms  22282/24843 (90%)  
[2024-05-29 11:23:16.990006] [  5]  30.50-31.00  sec  3.47 MBytes  58.2 Mbits/sec  0.351 ms  19801/22401 (88%)  
[2024-05-29 11:23:16.990043] [  5]  31.00-31.50  sec  3.52 MBytes  59.1 Mbits/sec  0.204 ms  20764/23402 (89%)  
[2024-05-29 11:23:16.990077] [  5]  31.50-32.00  sec  3.79 MBytes  63.5 Mbits/sec  0.106 ms  22117/24952 (89%)  
[2024-05-29 11:23:16.990140] [  5]  32.00-32.50  sec  4.63 MBytes  77.6 Mbits/sec  0.160 ms  24392/27858 (88%)  
[2024-05-29 11:23:16.990178] [  5]  32.50-33.00  sec  4.56 MBytes  76.5 Mbits/sec  0.073 ms  18992/22408 (85%)  
[2024-05-29 11:23:16.990213] [  5]  33.00-33.50  sec  4.88 MBytes  82.0 Mbits/sec  0.238 ms  23881/27539 (87%)  
[2024-05-29 11:23:16.990247] [  5]  33.50-34.00  sec  5.05 MBytes  84.6 Mbits/sec  0.223 ms  15858/19637 (81%)  
[2024-05-29 11:23:16.990281] [  5]  34.00-34.50  sec  5.86 MBytes  98.3 Mbits/sec  0.106 ms  19643/24029 (82%)  
[2024-05-29 11:23:16.990314] [  5]  34.50-35.00  sec  7.10 MBytes   119 Mbits/sec  0.084 ms  21342/26657 (80%)  
[2024-05-29 11:23:16.990364] [  5]  35.00-35.50  sec  6.88 MBytes   115 Mbits/sec  0.118 ms  16384/21535 (76%)  
[2024-05-29 11:23:16.990399] [  5]  35.50-36.00  sec  6.69 MBytes   112 Mbits/sec  0.250 ms  17374/22383 (78%)  
[2024-05-29 11:23:16.990433] [  5]  36.00-36.50  sec  6.81 MBytes   114 Mbits/sec  0.082 ms  18164/23265 (78%)  
[2024-05-29 11:23:16.990468] [  5]  36.50-37.00  sec  6.77 MBytes   114 Mbits/sec  0.253 ms  16483/21551 (76%)  
[2024-05-29 11:23:16.990502] [  5]  37.00-37.50  sec  6.31 MBytes   106 Mbits/sec  0.127 ms  16488/21213 (78%)  
[2024-05-29 11:23:16.990536] [  5]  37.50-38.00  sec  6.05 MBytes   102 Mbits/sec  0.105 ms  18905/23440 (81%)  
[2024-05-29 11:23:16.990570] [  5]  38.00-38.50  sec  6.14 MBytes   103 Mbits/sec  0.090 ms  16069/20665 (78%)  
[2024-05-29 11:23:16.990604] [  5]  38.50-39.00  sec  6.67 MBytes   112 Mbits/sec  0.080 ms  20359/25357 (80%)  
[2024-05-29 11:23:16.990637] [  5]  39.00-39.50  sec  6.77 MBytes   114 Mbits/sec  0.168 ms  15423/20497 (75%)  
[2024-05-29 11:23:16.990669] [  5]  39.50-40.00  sec  6.54 MBytes   110 Mbits/sec  0.273 ms  18357/23252 (79%)  
[2024-05-29 11:23:16.990702] [  5]  40.00-40.50  sec  5.82 MBytes  97.7 Mbits/sec  0.207 ms  14065/18427 (76%)  
[2024-05-29 11:23:16.990737] [  5]  40.50-41.00  sec  6.11 MBytes   103 Mbits/sec  0.085 ms  19638/24218 (81%)  
[2024-05-29 11:23:16.990769] [  5]  41.00-41.50  sec  5.86 MBytes  98.4 Mbits/sec  0.297 ms  18143/22535 (81%)  
[2024-05-29 11:23:16.990801] [  5]  41.50-42.00  sec  6.00 MBytes   101 Mbits/sec  0.376 ms  16341/20835 (78%)  
[2024-05-29 11:23:16.990835] [  5]  42.00-42.50  sec  5.18 MBytes  86.9 Mbits/sec  0.261 ms  15955/19833 (80%)  
[2024-05-29 11:23:16.990867] [  5]  42.50-43.00  sec  5.07 MBytes  85.0 Mbits/sec  0.189 ms  17482/21278 (82%)  
[2024-05-29 11:23:16.990901] [  5]  43.00-43.50  sec  4.63 MBytes  77.8 Mbits/sec  0.256 ms  18018/21489 (84%)  
[2024-05-29 11:23:16.990934] [  5]  43.50-44.00  sec  4.94 MBytes  82.8 Mbits/sec  0.988 ms  19367/23064 (84%)  
[2024-05-29 11:23:16.990966] [  5]  44.00-44.50  sec  4.47 MBytes  75.0 Mbits/sec  0.087 ms  16274/19622 (83%)  
[2024-05-29 11:23:16.991000] [  5]  44.50-45.00  sec  5.15 MBytes  86.4 Mbits/sec  0.156 ms  21813/25669 (85%)  
[2024-05-29 11:23:16.991033] [  5]  45.00-45.50  sec  5.21 MBytes  87.4 Mbits/sec  0.090 ms  18420/22323 (83%)  
[2024-05-29 11:23:16.991067] [  5]  45.50-46.00  sec  5.94 MBytes  99.6 Mbits/sec  0.168 ms  22378/26824 (83%)  
[2024-05-29 11:23:16.991101] [  5]  46.00-46.50  sec  6.07 MBytes   102 Mbits/sec  0.064 ms  18511/23057 (80%)  
[2024-05-29 11:23:16.991133] [  5]  46.50-47.00  sec  9.11 MBytes   153 Mbits/sec  0.141 ms  20679/27502 (75%)  
[2024-05-29 11:23:41.489271] [  5]  47.00-47.50  sec  7.47 MBytes   125 Mbits/sec  0.062 ms  14826/20421 (73%)  
[2024-05-29 11:23:41.489800] [  5]  47.50-48.00  sec  8.22 MBytes   138 Mbits/sec  0.074 ms  15952/22105 (72%)  
[2024-05-29 11:23:41.489968] [  5]  48.00-48.50  sec  7.39 MBytes   124 Mbits/sec  0.084 ms  15758/21290 (74%)  
[2024-05-29 11:23:41.490088] [  5]  48.50-49.00  sec  9.80 MBytes   164 Mbits/sec  0.033 ms  19599/26941 (73%)  
[2024-05-29 11:23:41.490317] [  5]  49.00-49.50  sec  8.95 MBytes   150 Mbits/sec  0.121 ms  14794/21499 (69%)  
[2024-05-29 11:23:41.490434] [  5]  49.50-50.00  sec  7.81 MBytes   131 Mbits/sec  0.138 ms  14054/19906 (71%)  
[2024-05-29 11:23:41.490545] [  5]  50.00-50.50  sec  7.58 MBytes   127 Mbits/sec  0.103 ms  14691/20367 (72%)  
[2024-05-29 11:23:41.490657] [  5]  50.50-51.00  sec  7.05 MBytes   118 Mbits/sec  0.049 ms  17043/22326 (76%)  
[2024-05-29 11:23:41.490768] [  5]  51.00-51.50  sec  7.72 MBytes   130 Mbits/sec  0.348 ms  18494/24279 (76%)  
[2024-05-29 11:23:41.490874] [  5]  51.50-52.00  sec  8.16 MBytes   137 Mbits/sec  0.074 ms  17322/23437 (74%)  
[2024-05-29 11:23:41.490981] [  5]  52.00-52.50  sec  7.06 MBytes   118 Mbits/sec  0.070 ms  13497/18783 (72%)  
[2024-05-29 11:23:41.491090] [  5]  52.50-53.00  sec  6.53 MBytes   110 Mbits/sec  0.064 ms  16453/21345 (77%)  
[2024-05-29 11:23:41.491240] [  5]  53.00-53.50  sec  6.48 MBytes   109 Mbits/sec  0.302 ms  16823/21673 (78%)  
[2024-05-29 11:23:41.491354] [  5]  53.50-54.00  sec  5.60 MBytes  94.0 Mbits/sec  0.145 ms  15251/19449 (78%)  
[2024-05-29 11:23:41.491461] [  5]  54.00-54.50  sec  5.53 MBytes  92.9 Mbits/sec  0.108 ms  18583/22728 (82%)  
[2024-05-29 11:23:41.491565] [  5]  54.50-55.00  sec  4.96 MBytes  83.3 Mbits/sec  0.174 ms  13639/17356 (79%)  
[2024-05-29 11:23:41.491669] [  5]  55.00-55.50  sec  5.34 MBytes  89.6 Mbits/sec  0.117 ms  21986/25988 (85%)  
[2024-05-29 11:23:41.491772] [  5]  55.50-56.00  sec  5.27 MBytes  88.5 Mbits/sec  0.070 ms  17922/21871 (82%)  
[2024-05-29 11:23:41.491875] [  5]  56.00-56.50  sec  6.02 MBytes   101 Mbits/sec  0.125 ms  20934/25446 (82%)  
[2024-05-29 11:23:41.491982] [  5]  56.50-57.00  sec  6.53 MBytes   110 Mbits/sec  0.119 ms  19486/24380 (80%)  
[2024-05-29 11:23:41.492087] [  5]  57.00-57.50  sec  5.83 MBytes  97.8 Mbits/sec  0.080 ms  15459/19824 (78%)  
[2024-05-29 11:23:41.492190] [  5]  57.50-58.00  sec  5.75 MBytes  96.4 Mbits/sec  0.142 ms  18720/23027 (81%)  
[2024-05-29 11:23:41.492292] [  5]  58.00-58.50  sec  6.95 MBytes   117 Mbits/sec  0.043 ms  19361/24569 (79%)  
[2024-05-29 11:23:41.492397] [  5]  58.50-59.00  sec  7.11 MBytes   119 Mbits/sec  0.075 ms  19182/24509 (78%)  
[2024-05-29 11:23:41.492500] [  5]  59.00-59.50  sec  5.66 MBytes  95.0 Mbits/sec  0.253 ms  11720/15962 (73%)  
[2024-05-29 11:23:41.492606] [  5]  59.50-60.00  sec  7.28 MBytes   122 Mbits/sec  0.135 ms  21654/27105 (80%)  
[2024-05-29 11:23:41.492713] [  5]  60.00-60.50  sec  7.31 MBytes   123 Mbits/sec  0.128 ms  18362/23839 (77%)  
[2024-05-29 11:23:41.492815] [  5]  60.50-61.00  sec  8.87 MBytes   149 Mbits/sec  0.165 ms  18715/25359 (74%)  
[2024-05-29 11:23:41.492918] [  5]  61.00-61.50  sec  8.50 MBytes   143 Mbits/sec  0.103 ms  13146/19512 (67%)  
[2024-05-29 11:23:41.493019] [  5]  61.50-62.00  sec  9.26 MBytes   155 Mbits/sec  0.469 ms  19358/26297 (74%)  
[2024-05-29 11:23:41.493123] [  5]  62.00-62.50  sec  10.6 MBytes   178 Mbits/sec  0.245 ms  15145/23083 (66%)  
[2024-05-29 11:23:41.493230] [  5]  62.50-63.00  sec  8.13 MBytes   136 Mbits/sec  0.048 ms  15358/21446 (72%)  
[2024-05-29 11:23:41.493334] [  5]  63.00-63.50  sec  8.65 MBytes   145 Mbits/sec  0.079 ms  13290/19769 (67%)  
[2024-05-29 11:23:41.493436] [  5]  63.50-64.00  sec  9.23 MBytes   155 Mbits/sec  0.034 ms  17777/24690 (72%)  
[2024-05-29 11:23:41.493537] [  5]  64.00-64.50  sec  9.93 MBytes   167 Mbits/sec  0.472 ms  15981/23417 (68%)  
[2024-05-29 11:23:41.493638] [  5]  64.50-65.00  sec  9.54 MBytes   160 Mbits/sec  0.120 ms  14336/21479 (67%)  
[2024-05-29 11:23:41.493742] [  5]  65.00-65.50  sec  8.86 MBytes   149 Mbits/sec  0.058 ms  13508/20147 (67%)  
[2024-05-29 11:23:41.493845] [  5]  65.50-66.00  sec  8.67 MBytes   145 Mbits/sec  0.111 ms  17589/24082 (73%)  
[2024-05-29 11:23:41.493949] [  5]  66.00-66.50  sec  9.89 MBytes   166 Mbits/sec  0.420 ms  15229/22638 (67%)  
[2024-05-29 11:23:41.494053] [  5]  66.50-67.00  sec  9.44 MBytes   158 Mbits/sec  0.128 ms  16464/23532 (70%)  
[2024-05-29 11:23:41.494299] [  5]  67.00-67.50  sec  9.77 MBytes   164 Mbits/sec  0.091 ms  16163/23478 (69%)  
[2024-05-29 11:23:41.494415] [  5]  67.50-68.00  sec  10.3 MBytes   172 Mbits/sec  0.051 ms  15470/23148 (67%)  
[2024-05-29 11:23:41.494520] [  5]  68.00-68.50  sec  10.9 MBytes   183 Mbits/sec  0.184 ms  16033/24215 (66%)  
[2024-05-29 11:23:41.494629] [  5]  68.50-69.00  sec  9.88 MBytes   166 Mbits/sec  0.053 ms  15224/22627 (67%)  
[2024-05-29 11:23:41.494733] [  5]  69.00-69.50  sec  10.2 MBytes   171 Mbits/sec  0.136 ms  13942/21569 (65%)  
[2024-05-29 11:23:41.494837] [  5]  69.50-70.00  sec  8.47 MBytes   142 Mbits/sec  0.103 ms  12706/19051 (67%)  
[2024-05-29 11:23:41.494942] [  5]  70.00-70.50  sec  9.08 MBytes   152 Mbits/sec  0.160 ms  15044/21843 (69%)  
[2024-05-29 11:23:41.495049] [  5]  70.50-71.00  sec  9.60 MBytes   161 Mbits/sec  0.063 ms  13933/21125 (66%)  
[2024-05-29 11:23:41.495170] [  5]  71.00-71.50  sec  9.68 MBytes   162 Mbits/sec  0.039 ms  16323/23574 (69%)  
[2024-05-29 11:24:05.989242] [  5]  71.50-72.00  sec  9.24 MBytes   155 Mbits/sec  0.159 ms  16051/22975 (70%)  
[2024-05-29 11:24:05.989584] [  5]  72.00-72.50  sec  9.52 MBytes   160 Mbits/sec  0.088 ms  14714/21844 (67%)  
[2024-05-29 11:24:05.989718] [  5]  72.50-73.00  sec  8.78 MBytes   147 Mbits/sec  0.106 ms  14847/21421 (69%)  
[2024-05-29 11:24:05.989832] [  5]  73.00-73.50  sec  7.73 MBytes   130 Mbits/sec  0.069 ms  11270/17060 (66%)  
[2024-05-29 11:24:05.989943] [  5]  73.50-74.00  sec  7.74 MBytes   130 Mbits/sec  0.145 ms  17852/23650 (75%)  
[2024-05-29 11:24:05.990049] [  5]  74.00-74.50  sec  8.66 MBytes   145 Mbits/sec  0.314 ms  16541/23025 (72%)  
[2024-05-29 11:24:05.990218] [  5]  74.50-75.00  sec  9.26 MBytes   155 Mbits/sec  0.086 ms  18008/24946 (72%)  
[2024-05-29 11:24:05.990331] [  5]  75.00-75.50  sec  9.31 MBytes   156 Mbits/sec  0.087 ms  16607/23582 (70%)  
[2024-05-29 11:24:05.990435] [  5]  75.50-76.00  sec  9.12 MBytes   153 Mbits/sec  0.068 ms  16489/23322 (71%)  
[2024-05-29 11:24:05.990538] [  5]  76.00-76.50  sec  10.1 MBytes   170 Mbits/sec  0.190 ms  15181/22763 (67%)  
[2024-05-29 11:24:05.990641] [  5]  76.50-77.00  sec  9.00 MBytes   151 Mbits/sec  0.046 ms  14624/21368 (68%)  
[2024-05-29 11:24:05.990741] [  5]  77.00-77.50  sec  8.31 MBytes   139 Mbits/sec  0.091 ms  12467/18690 (67%)  
[2024-05-29 11:24:05.990843] [  5]  77.50-78.00  sec  8.13 MBytes   136 Mbits/sec  0.052 ms  15249/21337 (71%)  
[2024-05-29 11:24:05.990946] [  5]  78.00-78.50  sec  8.41 MBytes   141 Mbits/sec  0.062 ms  16639/22939 (73%)  
[2024-05-29 11:24:05.991048] [  5]  78.50-79.00  sec  7.85 MBytes   132 Mbits/sec  0.571 ms  15689/21565 (73%)  
[2024-05-29 11:24:05.991150] [  5]  79.00-79.50  sec  7.97 MBytes   134 Mbits/sec  0.173 ms  15909/21878 (73%)  
[2024-05-29 11:24:05.991251] [  5]  79.50-80.00  sec  7.92 MBytes   133 Mbits/sec  0.102 ms  15932/21867 (73%)  
[2024-05-29 11:24:05.991358] [  5]  80.00-80.50  sec  6.59 MBytes   111 Mbits/sec  0.220 ms  14350/19283 (74%)  
[2024-05-29 11:24:05.991460] [  5]  80.50-81.00  sec  6.79 MBytes   114 Mbits/sec  0.141 ms  18039/23127 (78%)  
[2024-05-29 11:24:05.991559] [  5]  81.00-81.50  sec  5.97 MBytes   100 Mbits/sec  0.045 ms  15343/19815 (77%)  
[2024-05-29 11:24:05.991659] [  5]  81.50-82.00  sec  5.73 MBytes  96.1 Mbits/sec  0.152 ms  17444/21735 (80%)  
[2024-05-29 11:24:05.991759] [  5]  82.00-82.50  sec  5.81 MBytes  97.5 Mbits/sec  0.059 ms  17318/21672 (80%)  
[2024-05-29 11:24:05.991860] [  5]  82.50-83.00  sec  5.72 MBytes  96.0 Mbits/sec  0.090 ms  17939/22226 (81%)  
[2024-05-29 11:24:05.991961] [  5]  83.00-83.50  sec  6.36 MBytes   107 Mbits/sec  0.184 ms  20105/24866 (81%)  
[2024-05-29 11:24:05.992062] [  5]  83.50-84.00  sec  6.05 MBytes   102 Mbits/sec  0.105 ms  17472/22004 (79%)  
[2024-05-29 11:24:05.992164] [  5]  84.00-84.50  sec  7.06 MBytes   119 Mbits/sec  0.122 ms  19316/24606 (79%)  
[2024-05-29 11:24:05.992271] [  5]  84.50-85.00  sec  6.87 MBytes   115 Mbits/sec  0.088 ms  16815/21964 (77%)  
[2024-05-29 11:24:05.992371] [  5]  85.00-85.50  sec  7.75 MBytes   130 Mbits/sec  0.086 ms  19191/24997 (77%)  
[2024-05-29 11:24:05.992471] [  5]  85.50-86.00  sec  7.37 MBytes   124 Mbits/sec  0.351 ms  15785/21303 (74%)  
[2024-05-29 11:24:05.992570] [  5]  86.00-86.50  sec  7.61 MBytes   128 Mbits/sec  0.154 ms  17058/22759 (75%)  
[2024-05-29 11:24:05.992670] [  5]  86.50-87.00  sec  6.49 MBytes   109 Mbits/sec  0.077 ms  14070/18933 (74%)  
[2024-05-29 11:24:05.992770] [  5]  87.00-87.50  sec  5.53 MBytes  92.9 Mbits/sec  0.356 ms  17837/21982 (81%)  
[2024-05-29 11:24:05.992870] [  5]  87.50-88.00  sec  6.56 MBytes   110 Mbits/sec  0.156 ms  17440/22354 (78%)  
[2024-05-29 11:24:05.992971] [  5]  88.00-88.50  sec  7.32 MBytes   123 Mbits/sec  0.737 ms  19285/24770 (78%)  
[2024-05-29 11:24:05.993071] [  5]  88.50-89.00  sec  6.70 MBytes   112 Mbits/sec  0.261 ms  16769/21784 (77%)  
[2024-05-29 11:24:05.993199] [  5]  89.00-89.50  sec  7.31 MBytes   123 Mbits/sec  0.178 ms  18453/23928 (77%)  
[2024-05-29 11:24:05.993304] [  5]  89.50-90.00  sec  8.04 MBytes   135 Mbits/sec  0.101 ms  16476/22498 (73%)  
[2024-05-29 11:24:05.993404] [  5]  90.00-90.50  sec  6.83 MBytes   115 Mbits/sec  0.111 ms  15398/20517 (75%)  
[2024-05-29 11:24:05.993506] [  5]  90.50-91.00  sec  6.05 MBytes   101 Mbits/sec  0.086 ms  15053/19581 (77%)  
[2024-05-29 11:24:05.993605] [  5]  91.00-91.50  sec  4.96 MBytes  83.3 Mbits/sec  0.316 ms  14266/17982 (79%)  
[2024-05-29 11:24:05.993705] [  5]  91.50-92.00  sec  4.73 MBytes  79.4 Mbits/sec  0.200 ms  17374/20917 (83%)  
[2024-05-29 11:24:05.993806] [  5]  92.00-92.50  sec  5.30 MBytes  89.0 Mbits/sec  1.333 ms  20728/24700 (84%)  
[2024-05-29 11:24:05.993905] [  5]  92.50-93.00  sec  5.07 MBytes  85.0 Mbits/sec  0.247 ms  17159/20955 (82%)  
[2024-05-29 11:24:05.994005] [  5]  93.00-93.50  sec  4.76 MBytes  79.8 Mbits/sec  0.243 ms  17647/21209 (83%)  
[2024-05-29 11:24:05.994154] [  5]  93.50-94.00  sec  5.26 MBytes  88.2 Mbits/sec  0.040 ms  20845/24781 (84%)  
[2024-05-29 11:24:05.994265] [  5]  94.00-94.50  sec  5.36 MBytes  90.0 Mbits/sec  0.091 ms  19283/23300 (83%)  
[2024-05-29 11:24:05.994371] [  5]  94.50-95.00  sec  2.77 MBytes  46.5 Mbits/sec  0.138 ms  7685/9761 (79%)  
[2024-05-29 11:24:05.994474] [  5]  95.00-95.50  sec  4.72 MBytes  79.2 Mbits/sec  0.223 ms  17868/21404 (83%)  
[2024-05-29 11:24:05.994574] [  5]  95.50-96.00  sec  4.17 MBytes  69.9 Mbits/sec  0.032 ms  25327/28447 (89%)  
[2024-05-29 11:24:30.489838] [  5]  96.00-96.50  sec  5.00 MBytes  83.9 Mbits/sec  0.272 ms  24033/27778 (87%)  
[2024-05-29 11:24:30.494920] [  5]  96.50-97.00  sec  4.78 MBytes  80.3 Mbits/sec  0.039 ms  17069/20652 (83%)  
[2024-05-29 11:24:30.495093] [  5]  97.00-97.50  sec  4.43 MBytes  74.3 Mbits/sec  0.171 ms  19343/22662 (85%)  
[2024-05-29 11:24:30.495212] [  5]  97.50-98.00  sec  4.14 MBytes  69.4 Mbits/sec  0.104 ms  17419/20518 (85%)  
[2024-05-29 11:24:30.495386] [  5]  98.00-98.50  sec  5.42 MBytes  91.0 Mbits/sec  0.138 ms  22606/26667 (85%)  
[2024-05-29 11:24:30.495494] [  5]  98.50-99.00  sec  5.30 MBytes  88.9 Mbits/sec  0.134 ms  18891/22857 (83%)  
[2024-05-29 11:24:30.495605] [  5]  99.00-99.50  sec  5.41 MBytes  90.7 Mbits/sec  0.142 ms  18545/22595 (82%)  
[2024-05-29 11:24:30.495788] [  5]  99.50-100.00 sec  6.13 MBytes   103 Mbits/sec  0.109 ms  19699/24294 (81%)  
[2024-05-29 11:24:30.495998] [  5] 100.00-100.50 sec  5.91 MBytes  99.2 Mbits/sec  0.053 ms  17000/21427 (79%)  
[2024-05-29 11:24:30.496209] [  5] 100.50-101.00 sec  5.97 MBytes   100 Mbits/sec  0.121 ms  21062/25536 (82%)  
[2024-05-29 11:24:30.496422] [  5] 101.00-101.50 sec  5.71 MBytes  95.9 Mbits/sec  0.128 ms  15778/20058 (79%)  
[2024-05-29 11:24:30.496566] [  5] 101.50-102.00 sec  5.15 MBytes  86.4 Mbits/sec  0.113 ms  15266/19124 (80%)  
[2024-05-29 11:24:30.496669] [  5] 102.00-102.50 sec  2.36 MBytes  39.6 Mbits/sec  2.565 ms  7704/9470 (81%)  
[2024-05-29 11:24:30.496770] [  5] 102.50-103.00 sec  4.39 MBytes  73.7 Mbits/sec  0.354 ms  18044/21335 (85%)  
[2024-05-29 11:24:30.496875] [  5] 103.00-103.50 sec  4.09 MBytes  68.7 Mbits/sec  2.863 ms  28626/31693 (90%)  
[2024-05-29 11:24:30.496976] [  5] 103.50-104.00 sec  4.01 MBytes  67.4 Mbits/sec  0.386 ms  19106/22113 (86%)  
[2024-05-29 11:24:30.497078] [  5] 104.00-104.50 sec  5.03 MBytes  84.5 Mbits/sec  0.057 ms  22815/26586 (86%)  
[2024-05-29 11:24:30.497180] [  5] 104.50-105.00 sec  6.30 MBytes   106 Mbits/sec  0.071 ms  22088/26809 (82%)  
[2024-05-29 11:24:30.497283] [  5] 105.00-105.50 sec  5.12 MBytes  85.9 Mbits/sec  0.086 ms  14202/18036 (79%)  
[2024-05-29 11:24:30.497386] [  5] 105.50-106.00 sec  5.29 MBytes  88.7 Mbits/sec  0.313 ms  19514/23473 (83%)  
[2024-05-29 11:24:30.497487] [  5] 106.00-106.50 sec  6.77 MBytes   114 Mbits/sec  0.101 ms  23852/28924 (82%)  
[2024-05-29 11:24:30.497592] [  5] 106.50-107.00 sec  6.69 MBytes   112 Mbits/sec  0.291 ms  14281/19288 (74%)  
[2024-05-29 11:24:30.497694] [  5] 107.00-107.50 sec  6.95 MBytes   117 Mbits/sec  0.112 ms  17786/22988 (77%)  
[2024-05-29 11:24:30.497841] [  5] 107.50-108.00 sec  6.75 MBytes   113 Mbits/sec  0.459 ms  17272/22329 (77%)  
[2024-05-29 11:24:30.497947] [  5] 108.00-108.50 sec  6.01 MBytes   101 Mbits/sec  0.147 ms  16389/20891 (78%)  
[2024-05-29 11:24:30.498051] [  5] 108.50-109.00 sec  5.96 MBytes  99.9 Mbits/sec  0.112 ms  16851/21313 (79%)  
[2024-05-29 11:24:30.498227] [  5] 109.00-109.50 sec  6.28 MBytes   105 Mbits/sec  0.128 ms  18763/23463 (80%)  
[2024-05-29 11:24:30.498337] [  5] 109.50-110.00 sec  5.37 MBytes  90.0 Mbits/sec  0.372 ms  17192/21211 (81%)  
[2024-05-29 11:24:30.498505] [  5] 110.00-110.50 sec  4.30 MBytes  72.1 Mbits/sec  0.116 ms  11295/14513 (78%)  
[2024-05-29 11:24:30.498607] [  5] 110.50-111.00 sec  5.77 MBytes  96.8 Mbits/sec  0.766 ms  27066/31387 (86%)  
[2024-05-29 11:24:30.498710] [  5] 111.00-111.50 sec  5.71 MBytes  95.7 Mbits/sec  0.087 ms  15738/20012 (79%)  
[2024-05-29 11:24:30.498870] [  5] 111.50-112.00 sec  5.06 MBytes  84.9 Mbits/sec  0.110 ms  16500/20291 (81%)  
[2024-05-29 11:24:30.499075] [  5] 112.00-112.50 sec  4.39 MBytes  73.6 Mbits/sec  0.130 ms  14718/18003 (82%)  
[2024-05-29 11:24:30.499176] [  5] 112.50-113.00 sec  4.27 MBytes  71.7 Mbits/sec  0.064 ms  18570/21771 (85%)  
[2024-05-29 11:24:30.499277] [  5] 113.00-113.50 sec  4.13 MBytes  69.4 Mbits/sec  0.040 ms  18760/21857 (86%)  
[2024-05-29 11:24:30.499381] [  5] 113.50-114.00 sec  3.54 MBytes  59.4 Mbits/sec  0.567 ms  16748/19400 (86%)  
[2024-05-29 11:24:30.499484] [  5] 114.00-114.50 sec  3.67 MBytes  61.5 Mbits/sec  0.179 ms  17977/20724 (87%)  
[2024-05-29 11:24:30.500088] [  5] 114.50-115.00 sec  3.72 MBytes  62.4 Mbits/sec  0.557 ms  19509/22294 (88%)  
[2024-05-29 11:24:30.500192] [  5] 115.00-115.50 sec  3.64 MBytes  61.1 Mbits/sec  0.586 ms  18570/21299 (87%)  
[2024-05-29 11:24:30.500296] [  5] 115.50-116.00 sec  3.71 MBytes  62.3 Mbits/sec  0.299 ms  21341/24121 (88%)  
[2024-05-29 11:24:30.500398] [  5] 116.00-116.50 sec  3.48 MBytes  58.3 Mbits/sec  0.313 ms  18814/21418 (88%)  
[2024-05-29 11:24:30.500503] [  5] 116.50-117.00 sec  3.88 MBytes  65.1 Mbits/sec  1.098 ms  20231/23139 (87%)  
[2024-05-29 11:24:30.500610] [  5] 117.00-117.50 sec  4.50 MBytes  75.5 Mbits/sec  0.404 ms  23939/27311 (88%)  
[2024-05-29 11:24:30.500713] [  5] 117.50-118.00 sec  4.93 MBytes  82.7 Mbits/sec  0.253 ms  21311/25003 (85%)  
[2024-05-29 11:24:30.500815] [  5] 118.00-118.50 sec  5.35 MBytes  89.8 Mbits/sec  0.132 ms  22337/26347 (85%)  
[2024-05-29 11:24:30.500921] [  5] 118.50-119.00 sec  5.21 MBytes  87.3 Mbits/sec  0.820 ms  17832/21731 (82%)  
[2024-05-29 11:24:30.501024] [  5] 119.00-119.50 sec  5.28 MBytes  88.6 Mbits/sec  0.137 ms  17199/21157 (81%)  
[2024-05-29 11:24:30.501127] [  5] 119.50-120.00 sec  5.70 MBytes  95.6 Mbits/sec  0.345 ms  19537/23803 (82%)  
[2024-05-29 11:24:30.501228] - - - - - - - - - - - - - - - - - - - - - - - - -
[2024-05-29 11:24:30.501350] [ ID] Interval           Transfer     Bitrate         Jitter    Lost/Total Datagrams
[2024-05-29 11:24:30.501454] [  5]   0.00-120.66 sec  7.02 GBytes   500 Mbits/sec  0.000 ms  0/5386533 (0%)  sender
[2024-05-29 11:24:30.501557] [SUM]  0.0-120.7 sec  416 datagrams received out-of-order
[2024-05-29 11:24:30.501658] [  5]   0.00-120.00 sec  1.28 GBytes  91.8 Mbits/sec  0.345 ms  4375304/5359046 (82%)  receiver
[2024-05-29 11:24:30.501760] 
[2024-05-29 11:24:30.501863] iperf Done.
End time: 1716996270537
