Start time: 1716848461055
[2024-05-27 18:21:01.801071] nuttcp-r: v8.1.4: socket
[2024-05-27 18:21:01.801501] nuttcp-r: buflen=65536, nstream=1, port=5003 tcp
[2024-05-27 18:21:01.801580] nuttcp-r: interval reporting every 0.50 seconds
[2024-05-27 18:21:01.801611] nuttcp-r: connect to 35.245.244.238 with RTT=39.561 ms af=inet
[2024-05-27 18:21:01.801639] nuttcp-r: send window size = 1048576, receive window size = 1048576
[2024-05-27 18:21:01.801666] nuttcp-r: available send window = 786432, available receive window = 786432
[2024-05-27 18:21:01.801692]     2.6250 MB /   0.50 sec =   44.0349 Mbps     0 retrans     13 KB-cwnd
[2024-05-27 18:21:02.301801]    10.5625 MB /   0.50 sec =  177.0596 Mbps     0 retrans     13 KB-cwnd
[2024-05-27 18:21:02.801658]    10.1875 MB /   0.50 sec =  171.0619 Mbps     0 retrans     13 KB-cwnd
[2024-05-27 18:21:03.301028]     9.6875 MB /   0.50 sec =  162.5270 Mbps     0 retrans     13 KB-cwnd
[2024-05-27 18:21:03.801370]     8.1250 MB /   0.50 sec =  136.3168 Mbps     0 retrans     13 KB-cwnd
[2024-05-27 18:21:04.301557]     8.5625 MB /   0.50 sec =  143.6405 Mbps     0 retrans     13 KB-cwnd
[2024-05-27 18:21:04.801069]     8.6250 MB /   0.50 sec =  144.7081 Mbps     0 retrans     13 KB-cwnd
[2024-05-27 18:21:05.301615]     8.9375 MB /   0.50 sec =  149.9413 Mbps     0 retrans     13 KB-cwnd
[2024-05-27 18:21:05.802097]     8.0000 MB /   0.50 sec =  134.0060 Mbps     0 retrans     13 KB-cwnd
[2024-05-27 18:21:06.300880]     8.6875 MB /   0.50 sec =  146.0090 Mbps     0 retrans     13 KB-cwnd
[2024-05-27 18:21:06.800907]     7.8125 MB /   0.50 sec =  131.0662 Mbps     0 retrans     15 KB-cwnd
[2024-05-27 18:21:07.300993]     9.4375 MB /   0.50 sec =  158.3337 Mbps     0 retrans     15 KB-cwnd
[2024-05-27 18:21:07.800906]     5.6250 MB /   0.50 sec =   94.3732 Mbps     0 retrans     15 KB-cwnd
[2024-05-27 18:21:08.302003]     4.1250 MB /   0.50 sec =   69.2009 Mbps     0 retrans     15 KB-cwnd
[2024-05-27 18:21:08.801643]     4.3125 MB /   0.50 sec =   72.3528 Mbps     0 retrans     17 KB-cwnd
[2024-05-27 18:21:09.300915]     2.5000 MB /   0.50 sec =   41.9451 Mbps     0 retrans     17 KB-cwnd
[2024-05-27 18:21:09.801601]     3.3750 MB /   0.50 sec =   56.6214 Mbps     0 retrans     17 KB-cwnd
[2024-05-27 18:21:10.301679]     3.1875 MB /   0.50 sec =   53.4309 Mbps     0 retrans     17 KB-cwnd
[2024-05-27 18:21:10.800954]     2.8125 MB /   0.50 sec =   47.2287 Mbps     0 retrans     22 KB-cwnd
[2024-05-27 18:21:11.301095]     2.6250 MB /   0.50 sec =   44.0282 Mbps     0 retrans     22 KB-cwnd
[2024-05-27 18:21:11.802950]     1.8750 MB /   0.50 sec =   31.3505 Mbps     0 retrans     22 KB-cwnd
[2024-05-27 18:21:12.302015]     3.8125 MB /   0.50 sec =   64.1384 Mbps     0 retrans     22 KB-cwnd
[2024-05-27 18:21:12.800935]     1.7500 MB /   0.50 sec =   29.3879 Mbps     0 retrans     24 KB-cwnd
[2024-05-27 18:21:13.300931]     2.6250 MB /   0.50 sec =   44.0413 Mbps     0 retrans     24 KB-cwnd
[2024-05-27 18:21:13.801030]     3.4375 MB /   0.50 sec =   57.6667 Mbps     0 retrans     24 KB-cwnd
[2024-05-27 18:21:14.301007]     2.0000 MB /   0.50 sec =   33.5550 Mbps     0 retrans     24 KB-cwnd
[2024-05-27 18:21:14.801014]     4.1875 MB /   0.50 sec =   70.2556 Mbps     0 retrans     27 KB-cwnd
[2024-05-27 18:21:15.301570]     4.2500 MB /   0.50 sec =   71.2363 Mbps     0 retrans     27 KB-cwnd
[2024-05-27 18:21:15.801194]     4.6250 MB /   0.50 sec =   77.6485 Mbps     0 retrans     27 KB-cwnd
[2024-05-27 18:21:16.301019]     5.3125 MB /   0.50 sec =   89.1493 Mbps     0 retrans     27 KB-cwnd
[2024-05-27 18:21:16.800998]     5.1250 MB /   0.50 sec =   85.9910 Mbps     0 retrans     27 KB-cwnd
[2024-05-27 18:21:17.301032]     2.3125 MB /   0.50 sec =   38.7931 Mbps     0 retrans     27 KB-cwnd
[2024-05-27 18:21:17.800927]     6.8125 MB /   0.50 sec =  114.3023 Mbps     0 retrans     27 KB-cwnd
[2024-05-27 18:21:18.301018]     6.0000 MB /   0.50 sec =  100.6615 Mbps     0 retrans     27 KB-cwnd
[2024-05-27 18:21:18.801043]     6.6875 MB /   0.50 sec =  112.1913 Mbps     0 retrans     27 KB-cwnd
[2024-05-27 18:21:19.301682]     6.0000 MB /   0.50 sec =  100.6558 Mbps     0 retrans     28 KB-cwnd
[2024-05-27 18:21:19.800983]     6.1250 MB /   0.50 sec =  102.7771 Mbps     0 retrans     28 KB-cwnd
[2024-05-27 18:21:20.301713]     5.3750 MB /   0.50 sec =   90.1737 Mbps     0 retrans     31 KB-cwnd
[2024-05-27 18:21:20.801601]     7.8125 MB /   0.50 sec =  131.0654 Mbps     0 retrans     31 KB-cwnd
[2024-05-27 18:21:21.301038]     7.1875 MB /   0.50 sec =  120.5911 Mbps     0 retrans     33 KB-cwnd
[2024-05-27 18:21:21.801014]     9.3750 MB /   0.50 sec =  157.2770 Mbps     0 retrans     34 KB-cwnd
[2024-05-27 18:21:22.301422]    10.3750 MB /   0.50 sec =  174.0748 Mbps     0 retrans     38 KB-cwnd
[2024-05-27 18:21:22.800984]    10.0625 MB /   0.50 sec =  168.8207 Mbps     0 retrans     38 KB-cwnd
[2024-05-27 18:21:23.301188]    10.8125 MB /   0.50 sec =  181.3949 Mbps     0 retrans     41 KB-cwnd
[2024-05-27 18:21:23.801751]     8.6875 MB /   0.50 sec =  145.7608 Mbps     0 retrans     50 KB-cwnd
[2024-05-27 18:21:24.301072]     8.1875 MB /   0.50 sec =  137.3522 Mbps     0 retrans     52 KB-cwnd
[2024-05-27 18:21:24.801057]     3.5000 MB /   0.50 sec =   58.7170 Mbps     0 retrans     52 KB-cwnd
[2024-05-27 18:21:25.301624]     1.1875 MB /   0.50 sec =   19.9241 Mbps     0 retrans     52 KB-cwnd
[2024-05-27 18:21:25.801002]     5.5625 MB /   0.50 sec =   93.3272 Mbps     0 retrans     53 KB-cwnd
[2024-05-27 18:21:26.300963]     7.2500 MB /   0.50 sec =  121.6385 Mbps     0 retrans     53 KB-cwnd
[2024-05-27 18:21:26.803415]     4.9375 MB /   0.50 sec =   82.5473 Mbps     0 retrans     53 KB-cwnd
[2024-05-27 18:21:27.300982]     7.1250 MB /   0.50 sec =  119.9611 Mbps     0 retrans     56 KB-cwnd
[2024-05-27 18:21:27.803952]     8.1875 MB /   0.50 sec =  136.8685 Mbps     0 retrans     61 KB-cwnd
[2024-05-27 18:21:28.301660]     3.8125 MB /   0.50 sec =   64.1267 Mbps     0 retrans     61 KB-cwnd
[2024-05-27 18:21:28.800979]     8.0000 MB /   0.50 sec =  134.3575 Mbps     0 retrans     64 KB-cwnd
[2024-05-27 18:21:29.301136]     7.7500 MB /   0.50 sec =  130.0117 Mbps     0 retrans     64 KB-cwnd
[2024-05-27 18:21:29.800972]     9.9375 MB /   0.50 sec =  166.7403 Mbps     0 retrans     67 KB-cwnd
[2024-05-27 18:21:30.301102]     4.5625 MB /   0.50 sec =   76.5271 Mbps     0 retrans     77 KB-cwnd
[2024-05-27 18:21:30.801038]     5.5625 MB /   0.50 sec =   93.3410 Mbps     0 retrans     77 KB-cwnd
[2024-05-27 18:21:31.301900]     6.9375 MB /   0.50 sec =  116.3012 Mbps     0 retrans     77 KB-cwnd
[2024-05-27 18:21:31.800907]     8.5625 MB /   0.50 sec =  143.7852 Mbps     0 retrans     77 KB-cwnd
[2024-05-27 18:21:32.301663]     7.7500 MB /   0.50 sec =  129.8728 Mbps     0 retrans     77 KB-cwnd
[2024-05-27 18:21:32.802178]     5.6875 MB /   0.50 sec =   95.3118 Mbps     0 retrans     77 KB-cwnd
[2024-05-27 18:21:33.302030]     4.4375 MB /   0.50 sec =   74.4717 Mbps     0 retrans     88 KB-cwnd
[2024-05-27 18:21:33.801618]     7.4375 MB /   0.50 sec =  125.0191 Mbps     0 retrans     88 KB-cwnd
[2024-05-27 18:21:34.301534]     6.3125 MB /   0.50 sec =  105.8452 Mbps     0 retrans     93 KB-cwnd
[2024-05-27 18:21:34.800996]     6.4375 MB /   0.50 sec =  108.0656 Mbps     0 retrans     93 KB-cwnd
[2024-05-27 18:21:35.302020]     5.0625 MB /   0.50 sec =   84.8574 Mbps     0 retrans    110 KB-cwnd
[2024-05-27 18:21:35.801043]     1.6875 MB /   0.50 sec =   28.3365 Mbps  1882 retrans    893 KB-cwnd
[2024-05-27 18:21:36.301029]     7.7500 MB /   0.50 sec =  130.0265 Mbps     0 retrans    893 KB-cwnd
[2024-05-27 18:21:36.801042]     5.7500 MB /   0.50 sec =   96.4673 Mbps     0 retrans    893 KB-cwnd
[2024-05-27 18:21:37.301550]     6.3125 MB /   0.50 sec =  105.9106 Mbps     0 retrans    893 KB-cwnd
[2024-05-27 18:21:37.801985]     8.4375 MB /   0.50 sec =  141.4240 Mbps     0 retrans    893 KB-cwnd
[2024-05-27 18:21:38.301608]     9.8125 MB /   0.50 sec =  164.6169 Mbps     0 retrans    893 KB-cwnd
[2024-05-27 18:21:38.801863]    10.4375 MB /   0.50 sec =  175.1280 Mbps     0 retrans    893 KB-cwnd
[2024-05-27 18:21:39.303596]    10.7500 MB /   0.50 sec =  179.6362 Mbps     0 retrans    893 KB-cwnd
[2024-05-27 18:21:39.802330]     3.4375 MB /   0.50 sec =   57.8152 Mbps     0 retrans    893 KB-cwnd
[2024-05-27 18:21:40.301612]     4.0000 MB /   0.50 sec =   67.2621 Mbps     0 retrans    893 KB-cwnd
[2024-05-27 18:21:40.801740]     3.8750 MB /   0.50 sec =   64.9753 Mbps     0 retrans    893 KB-cwnd
[2024-05-27 18:21:41.301049]     6.0000 MB /   0.50 sec =  100.7336 Mbps     0 retrans    893 KB-cwnd
[2024-05-27 18:21:41.801052]     4.5625 MB /   0.50 sec =   76.5419 Mbps     0 retrans    893 KB-cwnd
[2024-05-27 18:21:42.301415]     7.3125 MB /   0.50 sec =  122.6037 Mbps     0 retrans    897 KB-cwnd
[2024-05-27 18:21:42.801039]     9.3750 MB /   0.50 sec =  157.3931 Mbps     0 retrans    897 KB-cwnd
[2024-05-27 18:21:43.300938]     5.6875 MB /   0.50 sec =   95.4263 Mbps     0 retrans    897 KB-cwnd
[2024-05-27 18:21:43.801015]     7.7500 MB /   0.50 sec =  130.0206 Mbps     0 retrans    899 KB-cwnd
[2024-05-27 18:21:44.301052]     8.9375 MB /   0.50 sec =  149.9509 Mbps     0 retrans    899 KB-cwnd
[2024-05-27 18:21:44.801142]     7.5625 MB /   0.50 sec =  126.8467 Mbps     0 retrans    899 KB-cwnd
[2024-05-27 18:21:45.301562]     7.9375 MB /   0.50 sec =  133.1977 Mbps     0 retrans    899 KB-cwnd
[2024-05-27 18:21:45.801013]     8.9375 MB /   0.50 sec =  149.9485 Mbps   582 retrans   3038 KB-cwnd
[2024-05-27 18:21:46.301018]    10.1250 MB /   0.50 sec =  169.8639 Mbps     0 retrans   3038 KB-cwnd
[2024-05-27 18:21:46.801044]    11.3750 MB /   0.50 sec =  190.8416 Mbps     0 retrans   3038 KB-cwnd
[2024-05-27 18:21:47.301128]    10.7500 MB /   0.50 sec =  180.3352 Mbps     0 retrans   3038 KB-cwnd
[2024-05-27 18:21:47.801157]    11.6875 MB /   0.50 sec =  196.0716 Mbps     0 retrans   3038 KB-cwnd
[2024-05-27 18:21:48.300986]     9.5000 MB /   0.50 sec =  159.4148 Mbps     0 retrans   3038 KB-cwnd
[2024-05-27 18:21:48.801071]    12.1875 MB /   0.50 sec =  204.4609 Mbps     0 retrans   3038 KB-cwnd
[2024-05-27 18:21:49.301162]    11.1250 MB /   0.50 sec =  186.6644 Mbps     0 retrans   3038 KB-cwnd
[2024-05-27 18:21:49.800965]     9.6250 MB /   0.50 sec =  161.4765 Mbps     0 retrans   3038 KB-cwnd
[2024-05-27 18:21:50.301572]    10.1875 MB /   0.50 sec =  170.7407 Mbps     0 retrans   3038 KB-cwnd
[2024-05-27 18:21:50.801608]    10.6250 MB /   0.50 sec =  178.2743 Mbps     0 retrans   3038 KB-cwnd
[2024-05-27 18:21:51.301892]     7.5000 MB /   0.50 sec =  125.8334 Mbps     0 retrans   3038 KB-cwnd
[2024-05-27 18:21:51.801038]     4.4375 MB /   0.50 sec =   74.5167 Mbps     0 retrans   3038 KB-cwnd
[2024-05-27 18:21:52.301963]     9.9375 MB /   0.50 sec =  166.7216 Mbps     0 retrans   3038 KB-cwnd
[2024-05-27 18:21:52.800995]     8.9375 MB /   0.50 sec =  149.9449 Mbps  6902 retrans   1773 KB-cwnd
[2024-05-27 18:21:53.302213]     9.3750 MB /   0.50 sec =  157.2597 Mbps     0 retrans   1773 KB-cwnd
[2024-05-27 18:21:53.800963]    11.1250 MB /   0.50 sec =  186.6861 Mbps     0 retrans   1773 KB-cwnd
[2024-05-27 18:21:54.301672]     8.8125 MB /   0.50 sec =  147.8117 Mbps     0 retrans   1872 KB-cwnd
[2024-05-27 18:21:54.801016]     6.9375 MB /   0.50 sec =  116.4148 Mbps     0 retrans   1872 KB-cwnd
[2024-05-27 18:21:55.301574]     6.1250 MB /   0.50 sec =  102.7528 Mbps     0 retrans   1872 KB-cwnd
[2024-05-27 18:21:55.802441]     8.1250 MB /   0.50 sec =  136.1899 Mbps     0 retrans   1872 KB-cwnd
[2024-05-27 18:21:56.301590]    10.3125 MB /   0.50 sec =  173.1754 Mbps     0 retrans   2092 KB-cwnd
[2024-05-27 18:21:56.801719]     3.5000 MB /   0.50 sec =   58.6625 Mbps     0 retrans   2092 KB-cwnd
[2024-05-27 18:21:57.301014]     1.9375 MB /   0.50 sec =   32.5402 Mbps     0 retrans   2092 KB-cwnd
[2024-05-27 18:21:57.800970]     6.8125 MB /   0.50 sec =  114.3005 Mbps     0 retrans   2092 KB-cwnd
[2024-05-27 18:21:58.301126]     6.8125 MB /   0.50 sec =  114.2822 Mbps     0 retrans   2101 KB-cwnd
[2024-05-27 18:21:58.801078]     7.8750 MB /   0.50 sec =  132.1137 Mbps     0 retrans   2101 KB-cwnd
[2024-05-27 18:21:59.301038]     7.8750 MB /   0.50 sec =  132.1330 Mbps     0 retrans   2101 KB-cwnd
[2024-05-27 18:21:59.801031]     8.5000 MB /   0.50 sec =  142.6095 Mbps     0 retrans   2101 KB-cwnd
[2024-05-27 18:22:00.301329]     5.8750 MB /   0.50 sec =   98.5644 Mbps     0 retrans   2156 KB-cwnd
[2024-05-27 18:22:00.801439]     5.5625 MB /   0.50 sec =   93.2485 Mbps     0 retrans   2156 KB-cwnd
[2024-05-27 18:22:01.301959]     7.1875 MB /   0.50 sec =  120.5790 Mbps     0 retrans   2249 KB-cwnd
[2024-05-27 18:22:01.801087]    10.0000 MB /   0.50 sec =  167.9028 Mbps     0 retrans   2249 KB-cwnd
[2024-05-27 18:22:02.301642]     7.3750 MB /   0.50 sec =  123.7458 Mbps     0 retrans   2308 KB-cwnd
[2024-05-27 18:22:02.801516]     8.8125 MB /   0.50 sec =  147.7213 Mbps  2266 retrans   2266 KB-cwnd
[2024-05-27 18:22:03.301082]     8.6250 MB /   0.50 sec =  144.8150 Mbps     0 retrans   2266 KB-cwnd
[2024-05-27 18:22:03.801101]     7.5000 MB /   0.50 sec =  125.8304 Mbps     0 retrans   2266 KB-cwnd
[2024-05-27 18:22:04.301060]     8.4375 MB /   0.50 sec =  141.5725 Mbps     0 retrans   2266 KB-cwnd
[2024-05-27 18:22:04.801032]    10.0000 MB /   0.50 sec =  167.7430 Mbps     0 retrans   2266 KB-cwnd
[2024-05-27 18:22:05.301278]    10.6875 MB /   0.50 sec =  179.3338 Mbps     0 retrans   1289 KB-cwnd
[2024-05-27 18:22:05.801587]     7.4375 MB /   0.50 sec =  124.7638 Mbps     1 retrans   1289 KB-cwnd
[2024-05-27 18:22:06.300999]     9.2500 MB /   0.50 sec =  155.2088 Mbps     0 retrans   1289 KB-cwnd
[2024-05-27 18:22:06.801088]    11.3125 MB /   0.50 sec =  189.7831 Mbps     1 retrans   1288 KB-cwnd
[2024-05-27 18:22:07.301001]    10.1250 MB /   0.50 sec =  169.8812 Mbps     0 retrans   1288 KB-cwnd
[2024-05-27 18:22:07.801160]    11.3125 MB /   0.50 sec =  189.7691 Mbps     0 retrans   1288 KB-cwnd
[2024-05-27 18:22:08.301828]    10.6875 MB /   0.50 sec =  179.1764 Mbps     0 retrans   1288 KB-cwnd
[2024-05-27 18:22:08.800991]    10.8750 MB /   0.50 sec =  182.6020 Mbps     0 retrans   1288 KB-cwnd
[2024-05-27 18:22:09.302437]     8.5625 MB /   0.50 sec =  143.5209 Mbps     0 retrans   1288 KB-cwnd
[2024-05-27 18:22:09.802777]    10.4375 MB /   0.50 sec =  174.9498 Mbps     9 retrans   3030 KB-cwnd
[2024-05-27 18:22:10.300916]     8.6875 MB /   0.50 sec =  146.0354 Mbps     0 retrans   3030 KB-cwnd
[2024-05-27 18:22:10.801165]     9.3125 MB /   0.50 sec =  156.2056 Mbps     0 retrans   3030 KB-cwnd
[2024-05-27 18:22:11.300999]     8.5625 MB /   0.50 sec =  143.6765 Mbps     0 retrans   3030 KB-cwnd
[2024-05-27 18:22:11.801050]     5.8125 MB /   0.50 sec =   97.4973 Mbps     0 retrans   3030 KB-cwnd
[2024-05-27 18:22:12.301120]     2.6250 MB /   0.50 sec =   44.0400 Mbps     0 retrans   3030 KB-cwnd
[2024-05-27 18:22:12.801044]     8.1250 MB /   0.50 sec =  136.3345 Mbps     0 retrans   3030 KB-cwnd
[2024-05-27 18:22:13.301096]    10.0625 MB /   0.50 sec =  168.8207 Mbps     0 retrans   3030 KB-cwnd
[2024-05-27 18:22:13.801033]    10.1250 MB /   0.50 sec =  169.8744 Mbps     0 retrans   3030 KB-cwnd
[2024-05-27 18:22:14.301379]     7.6875 MB /   0.50 sec =  128.9772 Mbps     0 retrans   2860 KB-cwnd
[2024-05-27 18:22:14.800950]     1.6250 MB /   0.50 sec =   27.2643 Mbps     0 retrans   2860 KB-cwnd
[2024-05-27 18:22:15.301820]     7.3125 MB /   0.50 sec =  122.6790 Mbps     0 retrans   2860 KB-cwnd
[2024-05-27 18:22:15.801417]     8.1250 MB /   0.50 sec =  136.2037 Mbps     0 retrans   2860 KB-cwnd
[2024-05-27 18:22:16.300987]     3.0625 MB /   0.50 sec =   51.4221 Mbps     0 retrans   2860 KB-cwnd
[2024-05-27 18:22:16.801049]     3.6875 MB /   0.50 sec =   61.8633 Mbps     0 retrans   2860 KB-cwnd
[2024-05-27 18:22:17.301004]     9.6250 MB /   0.50 sec =  161.4868 Mbps     0 retrans   2860 KB-cwnd
[2024-05-27 18:22:17.800991]     7.1250 MB /   0.50 sec =  119.5393 Mbps     0 retrans   2860 KB-cwnd
[2024-05-27 18:22:18.302045]     7.5000 MB /   0.50 sec =  125.7288 Mbps     0 retrans   2860 KB-cwnd
[2024-05-27 18:22:18.802295]     7.3125 MB /   0.50 sec =  122.6137 Mbps     0 retrans   2860 KB-cwnd
[2024-05-27 18:22:19.300908]     7.1875 MB /   0.50 sec =  120.7601 Mbps     0 retrans   2860 KB-cwnd
[2024-05-27 18:22:19.800993]     1.4375 MB /   0.50 sec =   24.1156 Mbps     0 retrans   2860 KB-cwnd
[2024-05-27 18:22:20.302466]     4.0000 MB /   0.50 sec =   66.9282 Mbps  1218 retrans   3049 KB-cwnd
[2024-05-27 18:22:20.801674]     9.3125 MB /   0.50 sec =  156.5698 Mbps     0 retrans   3049 KB-cwnd
[2024-05-27 18:22:21.301559]     9.0625 MB /   0.50 sec =  152.1293 Mbps     0 retrans   3049 KB-cwnd
[2024-05-27 18:22:21.801736]     7.2500 MB /   0.50 sec =  121.5135 Mbps     0 retrans   3049 KB-cwnd
[2024-05-27 18:22:22.301337]     6.3750 MB /   0.50 sec =  107.0505 Mbps     0 retrans   3049 KB-cwnd
[2024-05-27 18:22:22.800978]     4.0625 MB /   0.50 sec =   68.1666 Mbps     0 retrans   3049 KB-cwnd
[2024-05-27 18:22:23.301052]     3.6250 MB /   0.50 sec =   60.8178 Mbps     0 retrans   3049 KB-cwnd
[2024-05-27 18:22:23.801638]     5.8125 MB /   0.50 sec =   97.5137 Mbps     0 retrans   3049 KB-cwnd
[2024-05-27 18:22:24.301725]     0.1875 MB /   0.50 sec =    3.1422 Mbps     0 retrans   3049 KB-cwnd
[2024-05-27 18:22:24.801182]     4.2500 MB /   0.50 sec =   71.3698 Mbps     0 retrans   3049 KB-cwnd
[2024-05-27 18:22:25.301590]     2.2500 MB /   0.50 sec =   37.7506 Mbps     0 retrans   3049 KB-cwnd
[2024-05-27 18:22:25.801617]     7.5000 MB /   0.50 sec =  125.8457 Mbps     0 retrans   3049 KB-cwnd
[2024-05-27 18:22:26.301568]     8.5625 MB /   0.50 sec =  143.6543 Mbps     0 retrans   3049 KB-cwnd
[2024-05-27 18:22:26.801147]     1.2500 MB /   0.50 sec =   20.9692 Mbps     0 retrans   3049 KB-cwnd
[2024-05-27 18:22:27.301067]     1.2500 MB /   0.50 sec =   20.9731 Mbps     0 retrans   3049 KB-cwnd
[2024-05-27 18:22:27.801118]     1.6875 MB /   0.50 sec =   28.3093 Mbps     0 retrans   3049 KB-cwnd
[2024-05-27 18:22:28.301601]     7.0625 MB /   0.50 sec =  118.5040 Mbps     0 retrans   3049 KB-cwnd
[2024-05-27 18:22:28.801327]     5.9375 MB /   0.50 sec =   99.5980 Mbps     0 retrans   3049 KB-cwnd
[2024-05-27 18:22:29.301992]     7.0625 MB /   0.50 sec =  118.3930 Mbps     0 retrans   3049 KB-cwnd
[2024-05-27 18:22:29.802038]     7.8750 MB /   0.50 sec =  132.1272 Mbps     0 retrans   3049 KB-cwnd
[2024-05-27 18:22:30.301067]     6.2500 MB /   0.50 sec =  104.9518 Mbps     0 retrans   3049 KB-cwnd
[2024-05-27 18:22:30.801774]     9.3125 MB /   0.50 sec =  156.2450 Mbps     0 retrans   3049 KB-cwnd
[2024-05-27 18:22:31.300971]     5.5625 MB /   0.50 sec =   93.3259 Mbps     0 retrans   3049 KB-cwnd
[2024-05-27 18:22:31.801025]     4.0625 MB /   0.50 sec =   68.1549 Mbps     0 retrans   3049 KB-cwnd
[2024-05-27 18:22:32.301045]     5.0000 MB /   0.50 sec =   83.8921 Mbps     0 retrans   3049 KB-cwnd
[2024-05-27 18:22:32.801559]     7.1250 MB /   0.50 sec =  119.4318 Mbps     0 retrans   3049 KB-cwnd
[2024-05-27 18:22:33.301395]     5.4375 MB /   0.50 sec =   91.2292 Mbps     6 retrans   2959 KB-cwnd
[2024-05-27 18:22:33.803168]     8.7500 MB /   0.50 sec =  146.4471 Mbps     0 retrans   2959 KB-cwnd
[2024-05-27 18:22:34.301184]     6.1250 MB /   0.50 sec =  103.0436 Mbps     0 retrans   2959 KB-cwnd
[2024-05-27 18:22:34.801069]     7.8750 MB /   0.50 sec =  132.1626 Mbps     0 retrans   2959 KB-cwnd
[2024-05-27 18:22:35.301094]     7.8750 MB /   0.50 sec =  132.1325 Mbps     0 retrans   2959 KB-cwnd
[2024-05-27 18:22:35.801702]     7.0625 MB /   0.50 sec =  118.4263 Mbps     0 retrans   2959 KB-cwnd
[2024-05-27 18:22:36.302844]     3.3125 MB /   0.50 sec =   55.4131 Mbps     0 retrans   2959 KB-cwnd
[2024-05-27 18:22:36.801108]     9.4375 MB /   0.50 sec =  158.8659 Mbps     0 retrans   2959 KB-cwnd
[2024-05-27 18:22:37.301426]    11.3125 MB /   0.50 sec =  189.8033 Mbps     0 retrans   2959 KB-cwnd
[2024-05-27 18:22:37.801418]     9.1875 MB /   0.50 sec =  154.0322 Mbps     0 retrans   2959 KB-cwnd
[2024-05-27 18:22:38.300986]    11.1250 MB /   0.50 sec =  186.7956 Mbps     0 retrans   2959 KB-cwnd
[2024-05-27 18:22:38.801038]     6.8125 MB /   0.50 sec =  114.2934 Mbps     0 retrans   2959 KB-cwnd
[2024-05-27 18:22:39.301085]     4.6250 MB /   0.50 sec =   77.5848 Mbps     0 retrans   2959 KB-cwnd
[2024-05-27 18:22:39.801028]     0.1250 MB /   0.50 sec =    2.0974 Mbps     0 retrans   2959 KB-cwnd
[2024-05-27 18:22:40.301091]     7.3125 MB /   0.50 sec =  122.6746 Mbps     0 retrans   2959 KB-cwnd
[2024-05-27 18:22:40.801255]     1.3125 MB /   0.50 sec =   22.0233 Mbps     0 retrans   2959 KB-cwnd
[2024-05-27 18:22:41.300898]     8.3750 MB /   0.50 sec =  140.5106 Mbps     0 retrans   2959 KB-cwnd
[2024-05-27 18:22:41.801672]     6.6250 MB /   0.50 sec =  110.9990 Mbps     0 retrans   2959 KB-cwnd
[2024-05-27 18:22:42.301015]     4.4375 MB /   0.50 sec =   74.5424 Mbps     0 retrans   2959 KB-cwnd
[2024-05-27 18:22:42.801129]     7.8125 MB /   0.50 sec =  131.0479 Mbps     0 retrans   2959 KB-cwnd
[2024-05-27 18:22:43.300897]     6.4375 MB /   0.50 sec =  108.0331 Mbps     0 retrans   2959 KB-cwnd
[2024-05-27 18:22:43.802803]     6.9375 MB /   0.50 sec =  116.0989 Mbps  3402 retrans   2175 KB-cwnd
[2024-05-27 18:22:44.300909]     5.5625 MB /   0.50 sec =   93.5592 Mbps     0 retrans   2175 KB-cwnd
[2024-05-27 18:22:44.801063]     6.7500 MB /   0.50 sec =  113.2365 Mbps     0 retrans   2175 KB-cwnd
[2024-05-27 18:22:45.301073]     7.5625 MB /   0.50 sec =  126.8772 Mbps     0 retrans   2175 KB-cwnd
[2024-05-27 18:22:45.801136]     9.4375 MB /   0.50 sec =  158.3103 Mbps     0 retrans   2175 KB-cwnd
[2024-05-27 18:22:46.301987]     7.5000 MB /   0.50 sec =  125.7263 Mbps     0 retrans   2175 KB-cwnd
[2024-05-27 18:22:46.801598]    10.0625 MB /   0.50 sec =  168.8197 Mbps     0 retrans   2175 KB-cwnd
[2024-05-27 18:22:47.300877]     8.7500 MB /   0.50 sec =  146.9597 Mbps     0 retrans   2175 KB-cwnd
[2024-05-27 18:22:47.801029]     9.5000 MB /   0.50 sec =  159.3721 Mbps     0 retrans   2175 KB-cwnd
[2024-05-27 18:22:48.300964]     9.2500 MB /   0.50 sec =  155.1914 Mbps     0 retrans   2175 KB-cwnd
[2024-05-27 18:22:48.801524]     8.6250 MB /   0.50 sec =  144.5748 Mbps     0 retrans   2175 KB-cwnd
[2024-05-27 18:22:49.300938]     6.3125 MB /   0.50 sec =  106.0014 Mbps     0 retrans   2175 KB-cwnd
[2024-05-27 18:22:49.801993]     9.4375 MB /   0.50 sec =  158.1828 Mbps     0 retrans   2175 KB-cwnd
[2024-05-27 18:22:50.301691]     8.6250 MB /   0.50 sec =  144.6439 Mbps     0 retrans   2164 KB-cwnd
[2024-05-27 18:22:50.803013]     8.4375 MB /   0.50 sec =  141.3243 Mbps     0 retrans   2164 KB-cwnd
[2024-05-27 18:22:51.301382]     9.7500 MB /   0.50 sec =  164.0112 Mbps     0 retrans   2164 KB-cwnd
[2024-05-27 18:22:51.802406]    11.1875 MB /   0.50 sec =  187.5803 Mbps     0 retrans   2164 KB-cwnd
[2024-05-27 18:22:52.301634]     9.5000 MB /   0.50 sec =  159.5300 Mbps  5844 retrans   2244 KB-cwnd
[2024-05-27 18:22:52.801002]    11.1250 MB /   0.50 sec =  186.6626 Mbps     0 retrans   2244 KB-cwnd
[2024-05-27 18:22:53.301676]    11.9375 MB /   0.50 sec =  200.1567 Mbps     0 retrans   2244 KB-cwnd
[2024-05-27 18:22:53.801663]    11.8125 MB /   0.50 sec =  198.2903 Mbps     0 retrans   2244 KB-cwnd
[2024-05-27 18:22:54.301207]     9.7500 MB /   0.50 sec =  163.5396 Mbps     0 retrans   2244 KB-cwnd
[2024-05-27 18:22:54.801080]    10.9375 MB /   0.50 sec =  183.5437 Mbps     0 retrans   2244 KB-cwnd
[2024-05-27 18:22:55.301964]    10.6250 MB /   0.50 sec =  178.0489 Mbps     0 retrans   2244 KB-cwnd
[2024-05-27 18:22:55.801275]     9.1875 MB /   0.50 sec =  154.3222 Mbps     0 retrans   2252 KB-cwnd
[2024-05-27 18:22:56.301535]    11.6250 MB /   0.50 sec =  195.0398 Mbps     0 retrans   2252 KB-cwnd
[2024-05-27 18:22:56.802825]     7.5000 MB /   0.50 sec =  125.4918 Mbps     0 retrans   2255 KB-cwnd
[2024-05-27 18:22:57.301390]    13.5625 MB /   0.50 sec =  228.1561 Mbps     0 retrans   2255 KB-cwnd
[2024-05-27 18:22:57.801091]     5.9375 MB /   0.50 sec =   99.6095 Mbps     0 retrans   2255 KB-cwnd
[2024-05-27 18:22:58.301075]     2.1875 MB /   0.50 sec =   36.6962 Mbps     0 retrans   2255 KB-cwnd
[2024-05-27 18:22:58.801017]     8.8125 MB /   0.50 sec =  147.8696 Mbps     0 retrans   2255 KB-cwnd
[2024-05-27 18:22:59.301554]     8.1875 MB /   0.50 sec =  137.3646 Mbps  4872 retrans   2244 KB-cwnd
[2024-05-27 18:22:59.801668]     7.6250 MB /   0.50 sec =  127.8923 Mbps     0 retrans   2244 KB-cwnd
[2024-05-27 18:23:00.300969]    10.9375 MB /   0.50 sec =  183.5515 Mbps     0 retrans   2244 KB-cwnd
[2024-05-27 18:23:00.801097]    11.3750 MB /   0.50 sec =  190.8301 Mbps     0 retrans   2244 KB-cwnd
[2024-05-27 18:23:01.300983]     9.5625 MB /   0.50 sec =  160.4517 Mbps     0 retrans   2244 KB-cwnd
[2024-05-27 18:23:01.801550]    10.5000 MB /   0.50 sec =  176.1460 Mbps     0 retrans   2244 KB-cwnd
[2024-05-27 18:23:02.301982]    11.4375 MB /   0.50 sec =  191.8522 Mbps     0 retrans   2244 KB-cwnd
[2024-05-27 18:23:02.801014]     5.6875 MB /   0.50 sec =   95.4389 Mbps     0 retrans   2213 KB-cwnd
[2024-05-27 18:23:03.301584]     7.1250 MB /   0.50 sec =  119.4247 Mbps     0 retrans   2213 KB-cwnd
[2024-05-27 18:23:03.801654]     7.1875 MB /   0.50 sec =  120.5891 Mbps     0 retrans   2213 KB-cwnd
[2024-05-27 18:23:04.300968]     8.3125 MB /   0.50 sec =  139.6010 Mbps     0 retrans   2213 KB-cwnd
[2024-05-27 18:23:04.801899]    12.8125 MB /   0.50 sec =  214.7871 Mbps     0 retrans   2213 KB-cwnd
[2024-05-27 18:23:05.301549]    13.1875 MB /   0.50 sec =  221.2075 Mbps     0 retrans   2213 KB-cwnd
[2024-05-27 18:23:05.801035]     8.4375 MB /   0.50 sec =  141.6785 Mbps     0 retrans   2213 KB-cwnd
[2024-05-27 18:23:06.300902]    11.1250 MB /   0.50 sec =  186.6659 Mbps     0 retrans   2213 KB-cwnd
[2024-05-27 18:23:06.802188]    10.0000 MB /   0.50 sec =  167.5681 Mbps    11 retrans   3027 KB-cwnd
[2024-05-27 18:23:07.301069]    11.5000 MB /   0.50 sec =  193.1578 Mbps     0 retrans   3027 KB-cwnd
[2024-05-27 18:23:07.800961]    13.8125 MB /   0.50 sec =  231.7515 Mbps     0 retrans   3027 KB-cwnd
[2024-05-27 18:23:08.301061]    12.0625 MB /   0.50 sec =  202.3614 Mbps     0 retrans   3027 KB-cwnd
[2024-05-27 18:23:08.801574]    12.8125 MB /   0.50 sec =  214.7759 Mbps     0 retrans   3027 KB-cwnd
[2024-05-27 18:23:09.301543]     9.5000 MB /   0.50 sec =  159.3839 Mbps     0 retrans   3027 KB-cwnd
[2024-05-27 18:23:09.800924]     8.5625 MB /   0.50 sec =  143.7849 Mbps     0 retrans   3027 KB-cwnd
[2024-05-27 18:23:10.301709]     2.0625 MB /   0.50 sec =   34.6025 Mbps     0 retrans   3027 KB-cwnd
[2024-05-27 18:23:10.801585]     7.9375 MB /   0.50 sec =  133.0592 Mbps     0 retrans   3027 KB-cwnd
[2024-05-27 18:23:11.301017]     9.0000 MB /   0.50 sec =  151.1183 Mbps     0 retrans   3027 KB-cwnd
[2024-05-27 18:23:11.800934]     8.2500 MB /   0.50 sec =  138.4195 Mbps     0 retrans   3027 KB-cwnd
[2024-05-27 18:23:12.301750]     4.6250 MB /   0.50 sec =   77.4984 Mbps     0 retrans   3027 KB-cwnd
[2024-05-27 18:23:12.801035]     7.0000 MB /   0.50 sec =  117.5769 Mbps     0 retrans   3027 KB-cwnd
[2024-05-27 18:23:13.301306]     9.1875 MB /   0.50 sec =  154.1330 Mbps     0 retrans   3027 KB-cwnd
[2024-05-27 18:23:13.801082]     9.3125 MB /   0.50 sec =  156.2375 Mbps     0 retrans   2989 KB-cwnd
[2024-05-27 18:23:14.301586]     9.2500 MB /   0.50 sec =  155.1815 Mbps     0 retrans   2989 KB-cwnd
[2024-05-27 18:23:14.801353]    11.4375 MB /   0.50 sec =  191.9247 Mbps  1778 retrans   2736 KB-cwnd
[2024-05-27 18:23:15.303522]     8.9375 MB /   0.50 sec =  149.3793 Mbps     0 retrans   2736 KB-cwnd
[2024-05-27 18:23:15.800917]    10.4375 MB /   0.50 sec =  175.7784 Mbps     0 retrans   2736 KB-cwnd
[2024-05-27 18:23:16.301018]     9.3750 MB /   0.50 sec =  157.2766 Mbps     0 retrans   2736 KB-cwnd
[2024-05-27 18:23:16.801725]    11.3125 MB /   0.50 sec =  189.7847 Mbps     0 retrans   2736 KB-cwnd
[2024-05-27 18:23:17.301813]    10.6875 MB /   0.50 sec =  179.1685 Mbps     0 retrans   2736 KB-cwnd
[2024-05-27 18:23:17.801065]    10.3750 MB /   0.50 sec =  174.2037 Mbps     0 retrans   2736 KB-cwnd
[2024-05-27 18:23:18.301057]    10.9375 MB /   0.50 sec =  183.4997 Mbps     0 retrans   2736 KB-cwnd
[2024-05-27 18:23:18.801632]    11.6250 MB /   0.50 sec =  195.0398 Mbps     0 retrans   2736 KB-cwnd
[2024-05-27 18:23:19.301084]    12.6875 MB /   0.50 sec =  212.8396 Mbps     0 retrans   2736 KB-cwnd
[2024-05-27 18:23:19.801043]    11.8750 MB /   0.50 sec =  199.2458 Mbps     0 retrans   2736 KB-cwnd
[2024-05-27 18:23:20.301759]     7.8125 MB /   0.50 sec =  131.0762 Mbps     0 retrans   2615 KB-cwnd
[2024-05-27 18:23:20.801056]    12.3750 MB /   0.50 sec =  207.6073 Mbps     0 retrans   2615 KB-cwnd
[2024-05-27 18:23:20.874506] nuttcp-r: 2110.2544 MB in 139.57 real seconds = 15482.19 KB/sec = 126.8301 Mbps
[2024-05-27 18:23:20.874855] nuttcp-r: 164627 I/O calls, msec/call = 0.87, calls/sec = 1179.50
[2024-05-27 18:23:20.874968] nuttcp-r: 0.0user 12.6sys 2:19real 9% 0i+0d 1292maxrss 0+1pf 126421+222csw
[2024-05-27 18:23:20.875059] 
[2024-05-27 18:23:20.875146] nuttcp-t: v8.1.4: socket
[2024-05-27 18:23:20.875227] nuttcp-t: buflen=65536, nstream=1, port=5003 tcp -> 98.97.16.43
[2024-05-27 18:23:20.875311] nuttcp-t: time limit = 120.00 seconds
[2024-05-27 18:23:20.875392] nuttcp-t: accept from 98.97.16.43 with mss=1408, af=inet
[2024-05-27 18:23:20.875470] nuttcp-t: send window size = 450000000, receive window size = 450000000
[2024-05-27 18:23:20.875548] nuttcp-t: available send window = 225000000, available receive window = 225000000
[2024-05-27 18:23:20.875627] nuttcp-t: initial congestion window = 13 KB (10 packets)
[2024-05-27 18:23:20.875714] nuttcp-t: 2110.2544 MB in 120.00 real seconds = 18007.49 KB/sec = 147.5174 Mbps
[2024-05-27 18:23:20.875795] nuttcp-t: retrans = 32844 cwnd = 3198 KB
[2024-05-27 18:23:20.875874] nuttcp-t: 33765 I/O calls, msec/call = 3.64, calls/sec = 281.37
[2024-05-27 18:23:20.875953] nuttcp-t: 0.0user 0.6sys 2:00real 0% 0i+0d 94maxrss 0+0pf 13+7csw
End time: 1716848600905
