Start time: 1717012011866
;; connection timed out; no servers could be reached
End time: 1717012029944

Start time: 1717012029957
;; connection timed out; no servers could be reached
End time: 1717012048029

Start time: 1717012048046
;; connection timed out; no servers could be reached
End time: 1717012066137

Start time: 1717012066149
;; connection timed out; no servers could be reached
End time: 1717012084226

Start time: 1717012084237
Server:		8.8.4.4
Address:	8.8.4.4#53
Non-authoritative answer:
Name:	instagram.com
Address: 31.13.71.174
Name:	instagram.com
Address: 2a03:2880:f212:e5:face:b00c:0:4420
End time: 1717012099071

