Start time: 1716919532264
[2024-05-28 14:05:57.408658] Connecting to host 35.245.244.238, port 5202
[2024-05-28 14:05:57.409464] Reverse mode, remote host 35.245.244.238 is sending
[2024-05-28 14:05:57.409532] [  5] local 10.1.160.77 port 55602 connected to 35.245.244.238 port 5202
[2024-05-28 14:05:57.409582] [ ID] Interval           Transfer     Bitrate         Jitter    Lost/Total Datagrams
[2024-05-28 14:05:57.409630] [  5]   0.00-0.50   sec  1.41 MBytes  23.6 Mbits/sec  0.164 ms  1698/2751 (62%)  
[2024-05-28 14:05:57.409676] [  5]   0.50-1.00   sec  1.42 MBytes  23.8 Mbits/sec  0.512 ms  0/1063 (0%)  
[2024-05-28 14:05:57.409721] [  5]   1.00-1.50   sec  1.36 MBytes  22.9 Mbits/sec  1.053 ms  12095/13117 (92%)  
[2024-05-28 14:05:57.409764] [  5]   1.50-2.00   sec  1.29 MBytes  21.6 Mbits/sec  0.891 ms  27245/28209 (97%)  
[2024-05-28 14:05:57.409809] [  5]   2.00-2.50   sec   737 KBytes  12.1 Mbits/sec  1.452 ms  13666/14205 (96%)  
[2024-05-28 14:05:57.409852] [  5]   2.50-3.00   sec   273 KBytes  4.48 Mbits/sec  6.945 ms  9063/9263 (98%)  
[2024-05-28 14:05:57.409899] [  5]   3.00-3.50   sec   278 KBytes  4.55 Mbits/sec  5.187 ms  18438/18641 (99%)  
[2024-05-28 14:05:57.410033] [  5]   3.50-4.00   sec   221 KBytes  3.63 Mbits/sec  6.191 ms  22589/22751 (99%)  
[2024-05-28 14:05:57.410076] [  5]   4.00-4.50   sec   223 KBytes  3.65 Mbits/sec  6.107 ms  23373/23536 (99%)  
[2024-05-28 14:05:57.410121] [  5]   4.50-5.00   sec   186 KBytes  3.05 Mbits/sec  2.622 ms  22723/22859 (99%)  
[2024-05-28 14:05:57.410165] [  5]   5.00-5.50   sec   197 KBytes  3.23 Mbits/sec  6.377 ms  22630/22774 (99%)  
[2024-05-28 14:05:57.410210] [  5]   5.50-6.00   sec   194 KBytes  3.18 Mbits/sec  8.434 ms  24860/25002 (99%)  
[2024-05-28 14:05:57.410252] [  5]   6.00-6.50   sec   403 KBytes  6.61 Mbits/sec  2.134 ms  18643/18938 (98%)  
[2024-05-28 14:05:57.410295] [  5]   6.50-7.00   sec   786 KBytes  12.9 Mbits/sec  0.746 ms  21310/21885 (97%)  
[2024-05-28 14:05:57.410338] [  5]   7.00-7.50   sec   644 KBytes  10.5 Mbits/sec  7.840 ms  20358/20829 (98%)  
[2024-05-28 14:05:57.410381] [  5]   7.50-8.00   sec   593 KBytes  9.72 Mbits/sec  1.347 ms  27739/28173 (98%)  
[2024-05-28 14:05:57.410427] [  5]   8.00-8.50   sec   349 KBytes  5.70 Mbits/sec  1.425 ms  18277/18532 (99%)  
[2024-05-28 14:05:57.410469] [  5]   8.50-9.00   sec   595 KBytes  9.76 Mbits/sec  1.011 ms  21392/21827 (98%)  
[2024-05-28 14:05:57.410512] [  5]   9.00-9.50   sec   395 KBytes  6.47 Mbits/sec  2.571 ms  22504/22793 (99%)  
[2024-05-28 14:05:57.410554] [  5]   9.50-10.00  sec   424 KBytes  6.94 Mbits/sec  1.023 ms  18995/19305 (98%)  
[2024-05-28 14:05:57.410597] [  5]  10.00-10.50  sec   589 KBytes  9.65 Mbits/sec  1.047 ms  74047/74478 (99%)  
[2024-05-28 14:05:57.410640] [  5]  10.50-11.00  sec   565 KBytes  9.25 Mbits/sec  1.463 ms  9293/9706 (96%)  
[2024-05-28 14:05:57.410682] [  5]  11.00-11.50  sec   647 KBytes  10.6 Mbits/sec  1.866 ms  10320/10793 (96%)  
[2024-05-28 14:05:57.410725] [  5]  11.50-12.00  sec   584 KBytes  9.57 Mbits/sec  1.236 ms  6599/7026 (94%)  
[2024-05-28 14:05:57.410767] [  5]  12.00-12.50  sec   571 KBytes  9.36 Mbits/sec  6.857 ms  10222/10640 (96%)  
[2024-05-28 14:05:57.410810] [  5]  12.50-13.00  sec   830 KBytes  13.6 Mbits/sec  2.805 ms  25780/26387 (98%)  
[2024-05-28 14:05:57.410851] [  5]  13.00-13.50  sec   688 KBytes  11.3 Mbits/sec  2.026 ms  28822/29325 (98%)  
[2024-05-28 14:05:57.410896] [  5]  13.50-14.00  sec   721 KBytes  11.8 Mbits/sec  3.147 ms  27737/28264 (98%)  
[2024-05-28 14:05:57.410939] [  5]  14.00-14.50  sec   439 KBytes  7.19 Mbits/sec  2.408 ms  12672/12993 (98%)  
[2024-05-28 14:05:57.411056] [  5]  14.50-15.00  sec   498 KBytes  8.15 Mbits/sec  3.156 ms  19835/20199 (98%)  
[2024-05-28 14:05:57.411100] [  5]  15.00-15.50  sec   837 KBytes  13.7 Mbits/sec  1.417 ms  25467/26079 (98%)  
[2024-05-28 14:05:57.411142] [  5]  15.50-16.00  sec   645 KBytes  10.6 Mbits/sec  2.388 ms  19189/19661 (98%)  
[2024-05-28 14:05:57.411184] [  5]  16.00-16.50  sec   304 KBytes  4.97 Mbits/sec  4.596 ms  21169/21391 (99%)  
[2024-05-28 14:05:57.411459] [  5]  16.50-17.00  sec   364 KBytes  5.96 Mbits/sec  5.191 ms  19461/19727 (99%)  
[2024-05-28 14:05:57.411595] [  5]  17.00-17.50  sec   320 KBytes  5.24 Mbits/sec  3.590 ms  20746/20980 (99%)  
[2024-05-28 14:05:57.411694] [  5]  17.50-18.00  sec   153 KBytes  2.51 Mbits/sec  6.193 ms  19270/19382 (99%)  
[2024-05-28 14:05:57.411899] [  5]  18.00-18.50  sec   144 KBytes  2.35 Mbits/sec  13.787 ms  26759/26864 (1e+02%)  
[2024-05-28 14:05:57.412009] [  5]  18.50-19.00  sec  64.3 KBytes  1.05 Mbits/sec  19.042 ms  20886/20933 (1e+02%)  
[2024-05-28 14:05:57.412053] [  5]  19.00-19.50  sec  35.5 KBytes   582 Kbits/sec  26.188 ms  22594/22620 (1e+02%)  
[2024-05-28 14:05:57.412095] [  5]  19.50-20.00  sec  32.8 KBytes   537 Kbits/sec  28.791 ms  19667/19691 (1e+02%)  
[2024-05-28 14:05:57.412138] [  5]  20.00-20.50  sec  36.9 KBytes   605 Kbits/sec  22.906 ms  23495/23522 (1e+02%)  
[2024-05-28 14:05:57.412359] [  5]  20.50-21.00  sec  68.4 KBytes  1.12 Mbits/sec  9.956 ms  24955/25005 (1e+02%)  
[2024-05-28 14:05:57.412403] [  5]  21.00-21.50  sec  61.5 KBytes  1.01 Mbits/sec  23.806 ms  19550/19595 (1e+02%)  
[2024-05-28 14:05:57.412446] [  5]  21.50-22.00  sec  42.4 KBytes   694 Kbits/sec  25.947 ms  23963/23994 (1e+02%)  
[2024-05-28 14:05:57.412489] [  5]  22.00-22.50  sec  93.0 KBytes  1.52 Mbits/sec  7.621 ms  22860/22928 (1e+02%)  
[2024-05-28 14:06:21.908830] [  5]  22.50-23.00  sec   366 KBytes  6.00 Mbits/sec  1.058 ms  20782/21050 (99%)  
[2024-05-28 14:06:21.909065] [  5]  23.00-23.50  sec   524 KBytes  8.58 Mbits/sec  2.436 ms  20024/20407 (98%)  
[2024-05-28 14:06:21.909115] [  5]  23.50-24.00  sec   536 KBytes  8.78 Mbits/sec  1.591 ms  28363/28755 (99%)  
[2024-05-28 14:06:21.909151] [  5]  24.00-24.50  sec   436 KBytes  7.14 Mbits/sec  3.618 ms  20225/20544 (98%)  
[2024-05-28 14:06:21.909184] [  5]  24.50-25.00  sec   649 KBytes  10.6 Mbits/sec  4.808 ms  31659/32134 (99%)  
[2024-05-28 14:06:21.909216] [  5]  25.00-25.50  sec   489 KBytes  8.02 Mbits/sec  4.163 ms  10064/10422 (97%)  
[2024-05-28 14:06:21.909250] [  5]  25.50-26.00  sec   417 KBytes  6.83 Mbits/sec  3.140 ms  21562/21867 (99%)  
[2024-05-28 14:06:21.909281] [  5]  26.00-26.50  sec   391 KBytes  6.41 Mbits/sec  3.624 ms  26410/26696 (99%)  
[2024-05-28 14:06:21.909312] [  5]  26.50-27.00  sec   198 KBytes  3.25 Mbits/sec  9.787 ms  20147/20292 (99%)  
[2024-05-28 14:06:21.909343] [  5]  27.00-27.50  sec   156 KBytes  2.55 Mbits/sec  4.596 ms  19347/19461 (99%)  
[2024-05-28 14:06:21.909376] [  5]  27.50-28.00  sec   115 KBytes  1.88 Mbits/sec  11.084 ms  18975/19059 (1e+02%)  
[2024-05-28 14:06:21.909407] [  5]  28.00-28.50  sec   108 KBytes  1.77 Mbits/sec  6.767 ms  23991/24070 (1e+02%)  
[2024-05-28 14:06:21.909438] [  5]  28.50-29.00  sec  80.7 KBytes  1.32 Mbits/sec  8.147 ms  22712/22771 (1e+02%)  
[2024-05-28 14:06:21.909468] [  5]  29.00-29.50  sec   231 KBytes  3.78 Mbits/sec  8.393 ms  25419/25588 (99%)  
[2024-05-28 14:06:21.909499] [  5]  29.50-30.00  sec  99.8 KBytes  1.64 Mbits/sec  8.896 ms  20065/20138 (1e+02%)  
[2024-05-28 14:06:21.909530] [  5]  30.00-30.50  sec  38.3 KBytes   626 Kbits/sec  19.978 ms  14271/14299 (1e+02%)  
[2024-05-28 14:06:21.909561] [  5]  30.50-31.00  sec  36.9 KBytes   606 Kbits/sec  23.308 ms  28738/28765 (1e+02%)  
[2024-05-28 14:06:21.909592] [  5]  31.00-31.50  sec  42.4 KBytes   695 Kbits/sec  22.494 ms  22066/22097 (1e+02%)  
[2024-05-28 14:06:21.909623] [  5]  31.50-32.00  sec  19.1 KBytes   314 Kbits/sec  36.603 ms  20178/20192 (1e+02%)  
[2024-05-28 14:06:21.909655] [  5]  32.00-32.50  sec  10.9 KBytes   179 Kbits/sec  64.498 ms  25691/25699 (1e+02%)  
[2024-05-28 14:06:21.909686] [  5]  32.50-33.00  sec  4.10 KBytes  67.0 Kbits/sec  85.341 ms  9727/9730 (1e+02%)  
[2024-05-28 14:06:21.909716] [  5]  33.00-33.50  sec  1.37 KBytes  22.4 Kbits/sec  80.101 ms  0/1 (0%)  
[2024-05-28 14:06:21.909747] [  5]  33.50-34.00  sec  30.1 KBytes   493 Kbits/sec  47.056 ms  53795/53817 (1e+02%)  
[2024-05-28 14:06:21.909778] [  5]  34.00-34.50  sec  9.57 KBytes   157 Kbits/sec  46.093 ms  18230/18237 (1e+02%)  
[2024-05-28 14:06:21.909826] [  5]  34.50-35.00  sec  1.37 KBytes  22.4 Kbits/sec  46.192 ms  4283/4284 (1e+02%)  
[2024-05-28 14:06:21.909862] [  5]  35.00-35.50  sec  1.37 KBytes  22.4 Kbits/sec  76.982 ms  0/1 (0%)  
[2024-05-28 14:06:21.909894] [  5]  35.50-36.00  sec  0.00 Bytes  0.00 bits/sec  76.982 ms  0/0 (0%)  
[2024-05-28 14:06:21.909926] [  5]  36.00-36.50  sec  8.20 KBytes   135 Kbits/sec  118.519 ms  16640/16646 (1e+02%)  
[2024-05-28 14:06:21.909957] [  5]  36.50-37.00  sec  5.47 KBytes  89.4 Kbits/sec  118.509 ms  2/6 (33%)  
[2024-05-28 14:06:21.909986] [  5]  37.00-37.50  sec  20.5 KBytes   337 Kbits/sec  58.889 ms  4/19 (21%)  
[2024-05-28 14:06:21.910017] [  5]  37.50-38.00  sec  0.00 Bytes  0.00 bits/sec  58.889 ms  0/0 (0%)  
[2024-05-28 14:06:21.910047] [  5]  38.00-38.50  sec  2.73 KBytes  44.8 Kbits/sec  91.201 ms  2/4 (50%)  
[2024-05-28 14:06:21.910077] [  5]  38.50-39.00  sec  2.73 KBytes  44.8 Kbits/sec  125.045 ms  72215/72217 (1e+02%)  
[2024-05-28 14:06:21.910108] [  5]  39.00-39.50  sec  6.84 KBytes   112 Kbits/sec  215.586 ms  100439/100444 (1e+02%)  
[2024-05-28 14:06:21.910138] [  5]  39.50-40.00  sec  4.10 KBytes  67.1 Kbits/sec  218.411 ms  18350/18353 (1e+02%)  
[2024-05-28 14:06:21.910169] [  5]  40.00-40.50  sec  1.37 KBytes  22.4 Kbits/sec  238.581 ms  3795/3796 (1e+02%)  
[2024-05-28 14:06:21.910199] [  5]  40.50-41.00  sec  0.00 Bytes  0.00 bits/sec  238.581 ms  0/0 (0%)  
[2024-05-28 14:06:21.910230] [  5]  41.00-41.50  sec  1.37 KBytes  22.5 Kbits/sec  284.482 ms  5426/5427 (1e+02%)  
[2024-05-28 14:06:21.910259] [  5]  41.50-42.00  sec  0.00 Bytes  0.00 bits/sec  284.482 ms  0/0 (0%)  
[2024-05-28 14:06:21.910289] [  5]  42.00-42.50  sec  0.00 Bytes  0.00 bits/sec  284.482 ms  0/0 (0%)  
[2024-05-28 14:06:21.910319] [  5]  42.50-43.00  sec  0.00 Bytes  0.00 bits/sec  284.482 ms  0/0 (0%)  
[2024-05-28 14:06:21.910349] [  5]  43.00-43.50  sec  0.00 Bytes  0.00 bits/sec  284.482 ms  0/0 (0%)  
[2024-05-28 14:06:21.910379] [  5]  43.50-44.00  sec  75.2 KBytes  1.23 Mbits/sec  46.723 ms  289067/289122 (1e+02%)  
[2024-05-28 14:06:21.910409] [  5]  44.00-44.50  sec   245 KBytes  4.01 Mbits/sec  4.651 ms  808/987 (82%)  
[2024-05-28 14:06:21.910441] [  5]  44.50-45.00  sec   237 KBytes  3.88 Mbits/sec  1.204 ms  701/874 (80%)  
[2024-05-28 14:06:21.910471] [  5]  45.00-45.50  sec   206 KBytes  3.38 Mbits/sec  4.934 ms  683/834 (82%)  
[2024-05-28 14:06:21.910500] [  5]  45.50-46.00  sec   180 KBytes  2.96 Mbits/sec  2.755 ms  637/769 (83%)  
[2024-05-28 14:06:21.910529] [  5]  46.00-46.50  sec   165 KBytes  2.71 Mbits/sec  13.457 ms  28057/28178 (1e+02%)  
[2024-05-28 14:06:21.910559] [  5]  46.50-47.00  sec  95.7 KBytes  1.57 Mbits/sec  13.392 ms  21439/21509 (1e+02%)  
[2024-05-28 14:06:45.909919] [  5]  47.00-47.50  sec   119 KBytes  1.95 Mbits/sec  7.471 ms  26766/26853 (1e+02%)  
[2024-05-28 14:06:45.910359] [  5]  47.50-48.00  sec  53.3 KBytes   874 Kbits/sec  24.892 ms  16482/16521 (1e+02%)  
[2024-05-28 14:06:45.910495] [  5]  48.00-48.50  sec   115 KBytes  1.88 Mbits/sec  6.736 ms  27059/27143 (1e+02%)  
[2024-05-28 14:06:45.910607] [  5]  48.50-49.00  sec   101 KBytes  1.65 Mbits/sec  15.583 ms  17495/17569 (1e+02%)  
[2024-05-28 14:06:45.910709] [  5]  49.00-49.50  sec  91.6 KBytes  1.50 Mbits/sec  14.253 ms  30043/30110 (1e+02%)  
[2024-05-28 14:06:45.910810] [  5]  49.50-50.00  sec  27.3 KBytes   447 Kbits/sec  33.304 ms  10451/10471 (1e+02%)  
[2024-05-28 14:06:45.910914] [  5]  50.00-50.50  sec  94.3 KBytes  1.55 Mbits/sec  12.326 ms  33806/33875 (1e+02%)  
[2024-05-28 14:06:45.911013] [  5]  50.50-51.00  sec  97.1 KBytes  1.59 Mbits/sec  6.341 ms  12865/12936 (99%)  
[2024-05-28 14:06:45.911111] [  5]  51.00-51.50  sec   115 KBytes  1.89 Mbits/sec  8.367 ms  28588/28672 (1e+02%)  
[2024-05-28 14:06:45.911208] [  5]  51.50-52.00  sec  42.4 KBytes   694 Kbits/sec  21.976 ms  10893/10924 (1e+02%)  
[2024-05-28 14:06:45.911305] [  5]  52.00-52.50  sec  46.5 KBytes   761 Kbits/sec  28.645 ms  21474/21508 (1e+02%)  
[2024-05-28 14:06:45.911544] [  5]  52.50-53.00  sec  52.0 KBytes   851 Kbits/sec  27.486 ms  33594/33632 (1e+02%)  
[2024-05-28 14:06:45.911653] [  5]  53.00-53.50  sec  21.9 KBytes   358 Kbits/sec  55.488 ms  28126/28142 (1e+02%)  
[2024-05-28 14:06:45.911755] [  5]  53.50-54.00  sec  17.8 KBytes   291 Kbits/sec  61.811 ms  18172/18185 (1e+02%)  
[2024-05-28 14:06:45.911855] [  5]  54.00-54.50  sec  26.0 KBytes   426 Kbits/sec  45.023 ms  18450/18469 (1e+02%)  
[2024-05-28 14:06:45.911954] [  5]  54.50-55.00  sec  30.1 KBytes   493 Kbits/sec  43.110 ms  35419/35441 (1e+02%)  
[2024-05-28 14:06:45.912053] [  5]  55.00-55.50  sec  19.1 KBytes   313 Kbits/sec  33.608 ms  3460/3474 (1e+02%)  
[2024-05-28 14:06:45.912149] [  5]  55.50-56.00  sec  5.47 KBytes  89.8 Kbits/sec  49.361 ms  8130/8134 (1e+02%)  
[2024-05-28 14:06:45.912244] [  5]  56.00-56.50  sec  17.8 KBytes   291 Kbits/sec  41.102 ms  43833/43846 (1e+02%)  
[2024-05-28 14:06:45.912341] [  5]  56.50-57.00  sec  17.8 KBytes   292 Kbits/sec  49.467 ms  16842/16855 (1e+02%)  
[2024-05-28 14:06:45.912440] [  5]  57.00-57.50  sec  10.9 KBytes   179 Kbits/sec  63.206 ms  17837/17845 (1e+02%)  
[2024-05-28 14:06:45.912537] [  5]  57.50-58.00  sec  6.84 KBytes   112 Kbits/sec  71.082 ms  9207/9212 (1e+02%)  
[2024-05-28 14:06:45.912633] [  5]  58.00-58.50  sec  9.57 KBytes   157 Kbits/sec  81.176 ms  34604/34611 (1e+02%)  
[2024-05-28 14:06:45.912730] [  5]  58.50-59.00  sec  5.47 KBytes  89.6 Kbits/sec  113.156 ms  15444/15448 (1e+02%)  
[2024-05-28 14:06:45.912827] [  5]  59.00-59.50  sec  0.00 Bytes  0.00 bits/sec  113.156 ms  0/0 (0%)  
[2024-05-28 14:06:45.912924] [  5]  59.50-60.00  sec  6.84 KBytes   112 Kbits/sec  144.563 ms  28732/28737 (1e+02%)  
[2024-05-28 14:06:45.913024] [  5]  60.00-60.50  sec  0.00 Bytes  0.00 bits/sec  144.563 ms  0/0 (0%)  
[2024-05-28 14:06:45.913120] [  5]  60.50-61.00  sec  0.00 Bytes  0.00 bits/sec  144.563 ms  0/0 (0%)  
[2024-05-28 14:06:45.913219] [  5]  61.00-61.50  sec  0.00 Bytes  0.00 bits/sec  144.563 ms  0/0 (0%)  
[2024-05-28 14:06:45.913316] [  5]  61.50-62.00  sec  0.00 Bytes  0.00 bits/sec  144.563 ms  0/0 (0%)  
[2024-05-28 14:06:45.913413] [  5]  62.00-62.50  sec  1.37 KBytes  22.4 Kbits/sec  287.263 ms  1/2 (50%)  
[2024-05-28 14:06:45.913511] [  5]  62.50-63.00  sec  0.00 Bytes  0.00 bits/sec  287.263 ms  0/0 (0%)  
[2024-05-28 14:06:45.913609] [  5]  63.00-63.50  sec  0.00 Bytes  0.00 bits/sec  287.263 ms  0/0 (0%)  
[2024-05-28 14:06:45.913707] [  5]  63.50-64.00  sec  0.00 Bytes  0.00 bits/sec  287.263 ms  0/0 (0%)  
[2024-05-28 14:06:45.913804] [  5]  64.00-64.50  sec  5.47 KBytes  89.5 Kbits/sec  341.939 ms  26150/26154 (1e+02%)  
[2024-05-28 14:06:45.913900] [  5]  64.50-65.00  sec  20.5 KBytes   336 Kbits/sec  263.959 ms  222649/222664 (1e+02%)  
[2024-05-28 14:06:45.914001] [  5]  65.00-65.50  sec  35.5 KBytes   583 Kbits/sec  75.679 ms  23251/23277 (1e+02%)  
[2024-05-28 14:06:45.914100] [  5]  65.50-66.00  sec  38.3 KBytes   626 Kbits/sec  27.136 ms  24887/24915 (1e+02%)  
[2024-05-28 14:06:45.914198] [  5]  66.00-66.50  sec  30.1 KBytes   494 Kbits/sec  37.189 ms  26816/26838 (1e+02%)  
[2024-05-28 14:06:45.914297] [  5]  66.50-67.00  sec  72.5 KBytes  1.19 Mbits/sec  7.482 ms  3770/3823 (99%)  
[2024-05-28 14:06:45.914393] [  5]  67.00-67.50  sec  45.1 KBytes   739 Kbits/sec  36.367 ms  36746/36779 (1e+02%)  
[2024-05-28 14:06:45.914493] [  5]  67.50-68.00  sec  20.5 KBytes   335 Kbits/sec  35.720 ms  2015/2030 (99%)  
[2024-05-28 14:06:45.914590] [  5]  68.00-68.50  sec  15.0 KBytes   247 Kbits/sec  51.556 ms  31071/31082 (1e+02%)  
[2024-05-28 14:06:45.914688] [  5]  68.50-69.00  sec  23.2 KBytes   381 Kbits/sec  35.721 ms  19848/19865 (1e+02%)  
[2024-05-28 14:06:45.914786] [  5]  69.00-69.50  sec  20.5 KBytes   336 Kbits/sec  40.049 ms  22165/22180 (1e+02%)  
[2024-05-28 14:06:45.914881] [  5]  69.50-70.00  sec  16.4 KBytes   269 Kbits/sec  37.972 ms  20908/20920 (1e+02%)  
[2024-05-28 14:06:45.914977] [  5]  70.00-70.50  sec  16.4 KBytes   269 Kbits/sec  56.932 ms  32091/32103 (1e+02%)  
[2024-05-28 14:06:45.915073] [  5]  70.50-71.00  sec  5.47 KBytes  89.5 Kbits/sec  58.771 ms  5/9 (56%)  
[2024-05-28 14:07:09.408984] [  5]  71.00-71.50  sec  9.57 KBytes   157 Kbits/sec  89.233 ms  33099/33106 (1e+02%)  
[2024-05-28 14:07:09.409476] [  5]  71.50-72.00  sec  8.20 KBytes   135 Kbits/sec  90.445 ms  27442/27448 (1e+02%)  
[2024-05-28 14:07:09.409612] [  5]  72.00-72.50  sec  17.8 KBytes   291 Kbits/sec  71.165 ms  18745/18758 (1e+02%)  
[2024-05-28 14:07:09.409723] [  5]  72.50-73.00  sec  4.10 KBytes  67.1 Kbits/sec  64.038 ms  3446/3449 (1e+02%)  
[2024-05-28 14:07:09.409829] [  5]  73.00-73.50  sec  8.20 KBytes   135 Kbits/sec  137.864 ms  53890/53896 (1e+02%)  
[2024-05-28 14:07:09.409928] [  5]  73.50-74.00  sec  30.1 KBytes   493 Kbits/sec  47.432 ms  9556/9578 (1e+02%)  
[2024-05-28 14:07:09.410030] [  5]  74.00-74.50  sec  10.9 KBytes   179 Kbits/sec  58.203 ms  20353/20361 (1e+02%)  
[2024-05-28 14:07:09.410128] [  5]  74.50-75.00  sec  6.84 KBytes   112 Kbits/sec  75.001 ms  23814/23819 (1e+02%)  
[2024-05-28 14:07:09.410226] [  5]  75.00-75.50  sec  12.3 KBytes   202 Kbits/sec  86.155 ms  40592/40601 (1e+02%)  
[2024-05-28 14:07:09.410323] [  5]  75.50-76.00  sec  6.84 KBytes   112 Kbits/sec  91.386 ms  6533/6538 (1e+02%)  
[2024-05-28 14:07:09.410422] [  5]  76.00-76.50  sec  32.8 KBytes   538 Kbits/sec  43.625 ms  31278/31302 (1e+02%)  
[2024-05-28 14:07:09.410522] [  5]  76.50-77.00  sec  12.3 KBytes   201 Kbits/sec  56.678 ms  29828/29837 (1e+02%)  
[2024-05-28 14:07:09.410624] [  5]  77.00-77.50  sec  32.8 KBytes   538 Kbits/sec  32.654 ms  5889/5913 (1e+02%)  
[2024-05-28 14:07:09.410726] [  5]  77.50-78.00  sec  19.1 KBytes   314 Kbits/sec  43.354 ms  25419/25433 (1e+02%)  
[2024-05-28 14:07:09.410828] [  5]  78.00-78.50  sec  26.0 KBytes   426 Kbits/sec  37.674 ms  21939/21958 (1e+02%)  
[2024-05-28 14:07:09.410924] [  5]  78.50-79.00  sec  46.5 KBytes   762 Kbits/sec  19.576 ms  21672/21706 (1e+02%)  
[2024-05-28 14:07:09.411022] [  5]  79.00-79.50  sec  84.8 KBytes  1.39 Mbits/sec  17.519 ms  55720/55782 (1e+02%)  
[2024-05-28 14:07:09.411120] [  5]  79.50-80.00  sec  83.4 KBytes  1.37 Mbits/sec  7.529 ms  4137/4198 (99%)  
[2024-05-28 14:07:09.411218] [  5]  80.00-80.50  sec  69.7 KBytes  1.14 Mbits/sec  6.280 ms  4392/4443 (99%)  
[2024-05-28 14:07:09.411317] [  5]  80.50-81.00  sec  65.6 KBytes  1.08 Mbits/sec  11.406 ms  29627/29675 (1e+02%)  
[2024-05-28 14:07:09.411573] [  5]  81.00-81.50  sec  93.0 KBytes  1.52 Mbits/sec  6.065 ms  14444/14512 (1e+02%)  
[2024-05-28 14:07:09.411685] [  5]  81.50-82.00  sec  77.9 KBytes  1.28 Mbits/sec  10.281 ms  25613/25670 (1e+02%)  
[2024-05-28 14:07:09.411787] [  5]  82.00-82.50  sec  90.2 KBytes  1.48 Mbits/sec  10.834 ms  23251/23317 (1e+02%)  
[2024-05-28 14:07:09.411898] [  5]  82.50-83.00  sec  84.8 KBytes  1.39 Mbits/sec  12.126 ms  18735/18797 (1e+02%)  
[2024-05-28 14:07:09.411996] [  5]  83.00-83.50  sec   111 KBytes  1.81 Mbits/sec  11.351 ms  30809/30890 (1e+02%)  
[2024-05-28 14:07:09.412095] [  5]  83.50-84.00  sec  94.3 KBytes  1.55 Mbits/sec  6.696 ms  13775/13844 (1e+02%)  
[2024-05-28 14:07:09.412194] [  5]  84.00-84.50  sec  99.8 KBytes  1.64 Mbits/sec  9.555 ms  25661/25734 (1e+02%)  
[2024-05-28 14:07:09.412293] [  5]  84.50-85.00  sec   104 KBytes  1.70 Mbits/sec  9.225 ms  25817/25893 (1e+02%)  
[2024-05-28 14:07:09.412391] [  5]  85.00-85.50  sec   104 KBytes  1.70 Mbits/sec  7.924 ms  19864/19940 (1e+02%)  
[2024-05-28 14:07:09.412488] [  5]  85.50-86.00  sec  67.0 KBytes  1.10 Mbits/sec  13.492 ms  20178/20227 (1e+02%)  
[2024-05-28 14:07:09.412585] [  5]  86.00-86.50  sec   101 KBytes  1.66 Mbits/sec  9.027 ms  22288/22362 (1e+02%)  
[2024-05-28 14:07:09.412685] [  5]  86.50-87.00  sec  68.4 KBytes  1.12 Mbits/sec  13.407 ms  20275/20325 (1e+02%)  
[2024-05-28 14:07:09.412784] [  5]  87.00-87.50  sec   115 KBytes  1.88 Mbits/sec  7.631 ms  27157/27241 (1e+02%)  
[2024-05-28 14:07:09.412881] [  5]  87.50-88.00  sec  82.0 KBytes  1.34 Mbits/sec  10.677 ms  20009/20069 (1e+02%)  
[2024-05-28 14:07:09.412978] [  5]  88.00-88.50  sec  82.0 KBytes  1.34 Mbits/sec  12.359 ms  22125/22185 (1e+02%)  
[2024-05-28 14:07:09.413106] [  5]  88.50-89.00  sec  82.0 KBytes  1.34 Mbits/sec  11.077 ms  18904/18964 (1e+02%)  
[2024-05-28 14:07:09.413206] [  5]  89.00-89.50  sec  80.7 KBytes  1.32 Mbits/sec  8.653 ms  23101/23160 (1e+02%)  
[2024-05-28 14:07:09.413303] [  5]  89.50-90.00  sec   101 KBytes  1.66 Mbits/sec  10.812 ms  28714/28788 (1e+02%)  
[2024-05-28 14:07:09.413401] [  5]  90.00-90.50  sec  98.4 KBytes  1.61 Mbits/sec  11.276 ms  22983/23055 (1e+02%)  
[2024-05-28 14:07:09.413501] [  5]  90.50-91.00  sec  88.9 KBytes  1.46 Mbits/sec  10.448 ms  15458/15523 (1e+02%)  
[2024-05-28 14:07:09.413598] [  5]  91.00-91.50  sec  45.1 KBytes   739 Kbits/sec  22.731 ms  21493/21526 (1e+02%)  
[2024-05-28 14:07:09.413697] [  5]  91.50-92.00  sec  62.9 KBytes  1.03 Mbits/sec  11.658 ms  22804/22850 (1e+02%)  
[2024-05-28 14:07:09.413792] [  5]  92.00-92.50  sec  56.1 KBytes   918 Kbits/sec  17.301 ms  22936/22977 (1e+02%)  
[2024-05-28 14:07:09.413890] [  5]  92.50-93.00  sec  90.2 KBytes  1.48 Mbits/sec  10.464 ms  29344/29410 (1e+02%)  
[2024-05-28 14:07:09.413987] [  5]  93.00-93.50  sec  65.6 KBytes  1.08 Mbits/sec  8.666 ms  14149/14197 (1e+02%)  
[2024-05-28 14:07:09.414084] [  5]  93.50-94.00  sec  72.5 KBytes  1.19 Mbits/sec  12.057 ms  24376/24429 (1e+02%)  
[2024-05-28 14:07:09.414182] [  5]  94.00-94.50  sec  95.7 KBytes  1.57 Mbits/sec  7.346 ms  22143/22213 (1e+02%)  
[2024-05-28 14:07:32.909105] [  5]  94.50-95.00  sec  90.2 KBytes  1.48 Mbits/sec  11.052 ms  22258/22324 (1e+02%)  
[2024-05-28 14:07:32.909645] [  5]  95.00-95.50  sec  67.0 KBytes  1.10 Mbits/sec  15.239 ms  19115/19164 (1e+02%)  
[2024-05-28 14:07:32.909797] [  5]  95.50-96.00  sec  72.5 KBytes  1.19 Mbits/sec  11.985 ms  26744/26797 (1e+02%)  
[2024-05-28 14:07:32.909912] [  5]  96.00-96.50  sec  73.8 KBytes  1.21 Mbits/sec  9.391 ms  19838/19892 (1e+02%)  
[2024-05-28 14:07:32.910017] [  5]  96.50-97.00  sec   103 KBytes  1.68 Mbits/sec  10.972 ms  22529/22604 (1e+02%)  
[2024-05-28 14:07:32.910121] [  5]  97.00-97.50  sec  75.2 KBytes  1.23 Mbits/sec  12.607 ms  24415/24470 (1e+02%)  
[2024-05-28 14:07:32.910221] [  5]  97.50-98.00  sec  73.8 KBytes  1.21 Mbits/sec  16.779 ms  23682/23736 (1e+02%)  
[2024-05-28 14:07:32.910322] [  5]  98.00-98.50  sec  95.7 KBytes  1.57 Mbits/sec  12.413 ms  24866/24936 (1e+02%)  
[2024-05-28 14:07:32.910421] [  5]  98.50-99.00  sec  79.3 KBytes  1.30 Mbits/sec  8.850 ms  17856/17914 (1e+02%)  
[2024-05-28 14:07:32.910519] [  5]  99.00-99.50  sec  90.2 KBytes  1.48 Mbits/sec  5.578 ms  19462/19528 (1e+02%)  
[2024-05-28 14:07:32.910617] [  5]  99.50-100.00 sec   118 KBytes  1.93 Mbits/sec  5.452 ms  24730/24816 (1e+02%)  
[2024-05-28 14:07:32.910715] [  5] 100.00-100.50 sec  84.8 KBytes  1.39 Mbits/sec  12.683 ms  22582/22644 (1e+02%)  
[2024-05-28 14:07:32.910812] [  5] 100.50-101.00 sec  67.0 KBytes  1.10 Mbits/sec  15.036 ms  23741/23790 (1e+02%)  
[2024-05-28 14:07:32.910913] [  5] 101.00-101.50 sec  58.8 KBytes   961 Kbits/sec  13.275 ms  17184/17227 (1e+02%)  
[2024-05-28 14:07:32.911012] [  5] 101.50-102.00 sec  45.1 KBytes   740 Kbits/sec  23.164 ms  25160/25193 (1e+02%)  
[2024-05-28 14:07:32.911110] [  5] 102.00-102.50 sec  32.8 KBytes   538 Kbits/sec  20.786 ms  19371/19395 (1e+02%)  
[2024-05-28 14:07:32.911212] [  5] 102.50-103.00 sec  43.8 KBytes   717 Kbits/sec  23.307 ms  23002/23034 (1e+02%)  
[2024-05-28 14:07:32.911312] [  5] 103.00-103.50 sec  61.5 KBytes  1.01 Mbits/sec  15.689 ms  24797/24842 (1e+02%)  
[2024-05-28 14:07:32.911508] [  5] 103.50-104.00 sec  71.1 KBytes  1.16 Mbits/sec  13.820 ms  21952/22004 (1e+02%)  
[2024-05-28 14:07:32.911615] [  5] 104.00-104.50 sec  64.3 KBytes  1.05 Mbits/sec  20.533 ms  24150/24197 (1e+02%)  
[2024-05-28 14:07:32.911715] [  5] 104.50-105.00 sec  52.0 KBytes   851 Kbits/sec  12.821 ms  20114/20152 (1e+02%)  
[2024-05-28 14:07:32.911814] [  5] 105.00-105.50 sec  61.5 KBytes  1.01 Mbits/sec  17.676 ms  20423/20468 (1e+02%)  
[2024-05-28 14:07:32.911913] [  5] 105.50-106.00 sec  21.9 KBytes   358 Kbits/sec  39.634 ms  23263/23279 (1e+02%)  
[2024-05-28 14:07:32.912057] [  5] 106.00-106.50 sec  57.4 KBytes   939 Kbits/sec  16.177 ms  21923/21965 (1e+02%)  
[2024-05-28 14:07:32.912160] [  5] 106.50-107.00 sec  39.6 KBytes   651 Kbits/sec  21.404 ms  20138/20167 (1e+02%)  
[2024-05-28 14:07:32.912261] [  5] 107.00-107.50 sec  62.9 KBytes  1.03 Mbits/sec  14.092 ms  24708/24754 (1e+02%)  
[2024-05-28 14:07:32.912361] [  5] 107.50-108.00 sec  50.6 KBytes   829 Kbits/sec  11.672 ms  17076/17113 (1e+02%)  
[2024-05-28 14:07:32.912464] [  5] 108.00-108.50 sec  34.2 KBytes   559 Kbits/sec  27.880 ms  27793/27818 (1e+02%)  
[2024-05-28 14:07:32.912564] [  5] 108.50-109.00 sec  41.0 KBytes   673 Kbits/sec  25.995 ms  23230/23260 (1e+02%)  
[2024-05-28 14:07:32.912662] [  5] 109.00-109.50 sec  60.2 KBytes   986 Kbits/sec  11.497 ms  20107/20151 (1e+02%)  
[2024-05-28 14:07:32.912768] [  5] 109.50-110.00 sec  52.0 KBytes   851 Kbits/sec  16.327 ms  21768/21806 (1e+02%)  
[2024-05-28 14:07:32.912870] [  5] 110.00-110.50 sec  26.0 KBytes   425 Kbits/sec  28.329 ms  11874/11893 (1e+02%)  
[2024-05-28 14:07:32.912968] [  5] 110.50-111.00 sec  60.2 KBytes   986 Kbits/sec  22.569 ms  43492/43536 (1e+02%)  
[2024-05-28 14:07:32.913068] [  5] 111.00-111.50 sec  28.7 KBytes   470 Kbits/sec  33.122 ms  10911/10932 (1e+02%)  
[2024-05-28 14:07:32.913168] [  5] 111.50-112.00 sec  24.6 KBytes   402 Kbits/sec  35.408 ms  22277/22295 (1e+02%)  
[2024-05-28 14:07:32.913267] [  5] 112.00-112.50 sec  5.47 KBytes  89.8 Kbits/sec  63.110 ms  15949/15953 (1e+02%)  
[2024-05-28 14:07:32.913367] [  5] 112.50-113.00 sec  10.9 KBytes   179 Kbits/sec  66.919 ms  22188/22196 (1e+02%)  
[2024-05-28 14:07:32.913465] [  5] 113.00-113.50 sec  42.4 KBytes   695 Kbits/sec  23.383 ms  32110/32141 (1e+02%)  
[2024-05-28 14:07:32.913563] [  5] 113.50-114.00 sec  27.3 KBytes   448 Kbits/sec  31.174 ms  19389/19409 (1e+02%)  
[2024-05-28 14:07:32.913663] [  5] 114.00-114.50 sec  31.4 KBytes   516 Kbits/sec  32.339 ms  24081/24104 (1e+02%)  
[2024-05-28 14:07:32.913764] [  5] 114.50-115.00 sec  15.0 KBytes   246 Kbits/sec  50.042 ms  19245/19256 (1e+02%)  
[2024-05-28 14:07:32.913863] [  5] 115.00-115.50 sec  12.3 KBytes   202 Kbits/sec  48.329 ms  12947/12956 (1e+02%)  
[2024-05-28 14:07:32.913961] [  5] 115.50-116.00 sec  38.3 KBytes   629 Kbits/sec  31.030 ms  41409/41437 (1e+02%)  
[2024-05-28 14:07:32.914061] [  5] 116.00-116.50 sec  39.6 KBytes   650 Kbits/sec  20.407 ms  20845/20874 (1e+02%)  
[2024-05-28 14:07:32.914159] [  5] 116.50-117.00 sec  28.7 KBytes   469 Kbits/sec  24.912 ms  11943/11964 (1e+02%)  
[2024-05-28 14:07:32.914257] [  5] 117.00-117.50 sec  17.8 KBytes   292 Kbits/sec  53.288 ms  33955/33968 (1e+02%)  
[2024-05-28 14:07:32.914354] [  5] 117.50-118.00 sec  35.5 KBytes   582 Kbits/sec  43.365 ms  25829/25855 (1e+02%)  
[2024-05-28 14:07:38.085879] [  5] 118.00-118.50 sec  82.0 KBytes  1.34 Mbits/sec  10.013 ms  13856/13916 (1e+02%)  
[2024-05-28 14:07:38.086293] [  5] 118.50-119.00 sec  36.9 KBytes   603 Kbits/sec  19.824 ms  20031/20058 (1e+02%)  
[2024-05-28 14:07:38.086395] [  5] 119.00-119.50 sec  20.5 KBytes   336 Kbits/sec  30.496 ms  18241/18256 (1e+02%)  
[2024-05-28 14:07:38.086504] [  5] 119.50-120.00 sec  42.4 KBytes   696 Kbits/sec  19.431 ms  20914/20945 (1e+02%)  
[2024-05-28 14:07:38.086551] - - - - - - - - - - - - - - - - - - - - - - - - -
[2024-05-28 14:07:38.086597] [ ID] Interval           Transfer     Bitrate         Jitter    Lost/Total Datagrams
[2024-05-28 14:07:38.086643] [  5]   0.00-121.27 sec  7.06 GBytes   500 Mbits/sec  0.000 ms  0/5413766 (0%)  sender
[2024-05-28 14:07:38.086687] [SUM]  0.0-121.3 sec  30 datagrams received out-of-order
[2024-05-28 14:07:38.086801] [  5]   0.00-120.00 sec  33.9 MBytes  2.37 Mbits/sec  19.431 ms  5241330/5266734 (1e+02%)  receiver
[2024-05-28 14:07:38.086946] 
[2024-05-28 14:07:38.087090] iperf Done.
End time: 1716919658107
