Start time: 1716935310144
[2024-05-28 18:28:30.978653] nuttcp-r: v8.1.4: socket
[2024-05-28 18:28:30.979130] nuttcp-r: buflen=65536, nstream=1, port=5001 tcp
[2024-05-28 18:28:30.979163] nuttcp-r: interval reporting every 0.50 seconds
[2024-05-28 18:28:30.979187] nuttcp-r: connect to 35.245.244.238 with RTT=49.101 ms af=inet
[2024-05-28 18:28:30.979211] nuttcp-r: send window size = 1048576, receive window size = 4194304
[2024-05-28 18:28:30.979232] nuttcp-r: available send window = 786432, available receive window = 3145728
[2024-05-28 18:28:30.979255]     0.4375 MB /   0.50 sec =    7.3396 Mbps     0 retrans     13 KB-cwnd
[2024-05-28 18:28:31.479390]     1.5000 MB /   0.50 sec =   25.1482 Mbps     0 retrans     13 KB-cwnd
[2024-05-28 18:28:31.978814]     0.3750 MB /   0.50 sec =    6.2958 Mbps     0 retrans     13 KB-cwnd
[2024-05-28 18:28:32.479144]     0.7500 MB /   0.50 sec =   12.5824 Mbps     0 retrans     13 KB-cwnd
[2024-05-28 18:28:32.978814]     1.6250 MB /   0.50 sec =   27.2637 Mbps     0 retrans     13 KB-cwnd
[2024-05-28 18:28:33.479265]     2.3750 MB /   0.50 sec =   39.8141 Mbps     0 retrans     13 KB-cwnd
[2024-05-28 18:28:33.978912]     1.5000 MB /   0.50 sec =   25.1747 Mbps     0 retrans     13 KB-cwnd
[2024-05-28 18:28:34.479263]     1.0000 MB /   0.50 sec =   16.7732 Mbps     0 retrans     13 KB-cwnd
[2024-05-28 18:28:34.978704]     1.1250 MB /   0.50 sec =   18.8869 Mbps     0 retrans     13 KB-cwnd
[2024-05-28 18:28:35.478712]     0.9375 MB /   0.50 sec =   15.7287 Mbps     0 retrans     13 KB-cwnd
[2024-05-28 18:28:35.978835]     1.4375 MB /   0.50 sec =   24.1186 Mbps     0 retrans     13 KB-cwnd
[2024-05-28 18:28:36.478823]     1.5000 MB /   0.50 sec =   25.1597 Mbps     0 retrans     13 KB-cwnd
[2024-05-28 18:28:36.978683]     0.8750 MB /   0.50 sec =   14.6830 Mbps     0 retrans     13 KB-cwnd
[2024-05-28 18:28:37.478836]     0.5000 MB /   0.50 sec =    8.3885 Mbps     0 retrans     13 KB-cwnd
[2024-05-28 18:28:37.978805]     0.8125 MB /   0.50 sec =   13.6319 Mbps     0 retrans     13 KB-cwnd
[2024-05-28 18:28:38.479097]     0.6875 MB /   0.50 sec =   11.5257 Mbps     0 retrans     13 KB-cwnd
[2024-05-28 18:28:38.978721]     0.8125 MB /   0.50 sec =   13.6409 Mbps     0 retrans     13 KB-cwnd
[2024-05-28 18:28:39.478709]     0.8750 MB /   0.50 sec =   14.6805 Mbps     0 retrans     13 KB-cwnd
[2024-05-28 18:28:39.978680]     1.1875 MB /   0.50 sec =   19.9231 Mbps     0 retrans     13 KB-cwnd
[2024-05-28 18:28:40.478721]     1.8750 MB /   0.50 sec =   31.4571 Mbps     0 retrans     13 KB-cwnd
[2024-05-28 18:28:40.978899]     1.4375 MB /   0.50 sec =   24.1086 Mbps     0 retrans     13 KB-cwnd
[2024-05-28 18:28:41.478712]     0.5625 MB /   0.50 sec =    9.4406 Mbps     0 retrans     13 KB-cwnd
[2024-05-28 18:28:41.983577]     0.3750 MB /   0.50 sec =    6.2384 Mbps     0 retrans     13 KB-cwnd
[2024-05-28 18:28:42.479234]     0.2500 MB /   0.50 sec =    4.2262 Mbps     0 retrans     13 KB-cwnd
[2024-05-28 18:28:42.978683]     0.6875 MB /   0.50 sec =   11.5452 Mbps     0 retrans     13 KB-cwnd
[2024-05-28 18:28:43.478832]     0.8125 MB /   0.50 sec =   13.6316 Mbps     0 retrans     13 KB-cwnd
[2024-05-28 18:28:43.979117]     1.0625 MB /   0.50 sec =   17.8109 Mbps     0 retrans     13 KB-cwnd
[2024-05-28 18:28:44.478694]     1.5000 MB /   0.50 sec =   25.1865 Mbps     0 retrans     13 KB-cwnd
[2024-05-28 18:28:44.978697]     0.7500 MB /   0.50 sec =   12.5829 Mbps     0 retrans     13 KB-cwnd
[2024-05-28 18:28:45.478715]     0.6875 MB /   0.50 sec =   11.5342 Mbps     0 retrans     13 KB-cwnd
[2024-05-28 18:28:45.978919]     0.6875 MB /   0.50 sec =   11.5302 Mbps     0 retrans     13 KB-cwnd
[2024-05-28 18:28:46.479701]     0.7500 MB /   0.50 sec =   12.5639 Mbps     0 retrans     13 KB-cwnd
[2024-05-28 18:28:46.978892]     0.5000 MB /   0.50 sec =    8.4018 Mbps     0 retrans     13 KB-cwnd
[2024-05-28 18:28:47.478930]     0.1875 MB /   0.50 sec =    3.1454 Mbps     0 retrans     13 KB-cwnd
[2024-05-28 18:28:47.978804]     0.5000 MB /   0.50 sec =    8.3924 Mbps     0 retrans     13 KB-cwnd
[2024-05-28 18:28:48.478777]     0.3750 MB /   0.50 sec =    6.2904 Mbps     0 retrans     13 KB-cwnd
[2024-05-28 18:28:48.978898]     0.4375 MB /   0.50 sec =    7.3379 Mbps     0 retrans     13 KB-cwnd
[2024-05-28 18:28:49.480155]     0.6875 MB /   0.50 sec =   11.5081 Mbps     0 retrans     13 KB-cwnd
[2024-05-28 18:28:49.978863]     1.2500 MB /   0.50 sec =   21.0283 Mbps     0 retrans     13 KB-cwnd
[2024-05-28 18:28:50.478869]     1.0625 MB /   0.50 sec =   17.8209 Mbps     0 retrans     13 KB-cwnd
[2024-05-28 18:28:50.978759]     0.5625 MB /   0.50 sec =    9.4388 Mbps     0 retrans     13 KB-cwnd
[2024-05-28 18:28:51.478718]     1.5000 MB /   0.50 sec =   25.1691 Mbps     0 retrans     13 KB-cwnd
[2024-05-28 18:28:51.978759]     1.6250 MB /   0.50 sec =   27.2594 Mbps     0 retrans     13 KB-cwnd
[2024-05-28 18:28:52.478702]     1.7500 MB /   0.50 sec =   29.3638 Mbps     0 retrans     13 KB-cwnd
[2024-05-28 18:28:52.979184]     1.8750 MB /   0.50 sec =   31.4275 Mbps     0 retrans     13 KB-cwnd
[2024-05-28 18:28:53.478704]     0.6875 MB /   0.50 sec =   11.5454 Mbps     0 retrans     13 KB-cwnd
[2024-05-28 18:28:53.978693]     1.1875 MB /   0.50 sec =   19.9227 Mbps     0 retrans     13 KB-cwnd
[2024-05-28 18:28:54.478842]     1.5000 MB /   0.50 sec =   25.1673 Mbps     0 retrans     13 KB-cwnd
[2024-05-28 18:28:54.978692]     1.6250 MB /   0.50 sec =   27.2616 Mbps     0 retrans     13 KB-cwnd
[2024-05-28 18:28:55.479714]     2.3750 MB /   0.50 sec =   39.7672 Mbps     0 retrans     13 KB-cwnd
[2024-05-28 18:28:55.978732]     1.6250 MB /   0.50 sec =   27.3151 Mbps     0 retrans     13 KB-cwnd
[2024-05-28 18:28:56.478854]     1.5625 MB /   0.50 sec =   26.2161 Mbps     0 retrans     13 KB-cwnd
[2024-05-28 18:28:56.978686]     2.5625 MB /   0.50 sec =   42.9918 Mbps     0 retrans     13 KB-cwnd
[2024-05-28 18:28:57.478703]     1.6250 MB /   0.50 sec =   27.2629 Mbps     0 retrans     13 KB-cwnd
[2024-05-28 18:28:57.978774]     1.2500 MB /   0.50 sec =   20.9730 Mbps     0 retrans     13 KB-cwnd
[2024-05-28 18:28:58.478721]     1.2500 MB /   0.50 sec =   20.9696 Mbps     0 retrans     13 KB-cwnd
[2024-05-28 18:28:58.978687]     3.2500 MB /   0.50 sec =   54.5266 Mbps     0 retrans     13 KB-cwnd
[2024-05-28 18:28:59.478698]     2.0625 MB /   0.50 sec =   34.6033 Mbps     0 retrans     13 KB-cwnd
[2024-05-28 18:28:59.978629]     2.5000 MB /   0.50 sec =   41.9449 Mbps     0 retrans     13 KB-cwnd
[2024-05-28 18:29:00.478726]     1.9375 MB /   0.50 sec =   32.5031 Mbps     0 retrans     13 KB-cwnd
[2024-05-28 18:29:00.978755]     2.7500 MB /   0.50 sec =   46.1334 Mbps     0 retrans     13 KB-cwnd
[2024-05-28 18:29:01.478855]     2.6875 MB /   0.50 sec =   45.0837 Mbps     0 retrans     13 KB-cwnd
[2024-05-28 18:29:01.978695]     1.3750 MB /   0.50 sec =   23.0742 Mbps     0 retrans     13 KB-cwnd
[2024-05-28 18:29:02.478954]     0.5000 MB /   0.50 sec =    8.3872 Mbps     0 retrans     13 KB-cwnd
[2024-05-28 18:29:02.978686]     1.3750 MB /   0.50 sec =   23.0727 Mbps     0 retrans     13 KB-cwnd
[2024-05-28 18:29:03.478712]     1.5625 MB /   0.50 sec =   26.2140 Mbps     0 retrans     13 KB-cwnd
[2024-05-28 18:29:03.979233]     0.9375 MB /   0.50 sec =   15.7248 Mbps     0 retrans     13 KB-cwnd
[2024-05-28 18:29:04.479024]     0.5625 MB /   0.50 sec =    9.4335 Mbps     0 retrans     13 KB-cwnd
[2024-05-28 18:29:04.978747]     0.1875 MB /   0.50 sec =    3.1476 Mbps     0 retrans     13 KB-cwnd
[2024-05-28 18:29:05.478715]     0.4375 MB /   0.50 sec =    7.3400 Mbps     0 retrans     13 KB-cwnd
[2024-05-28 18:29:05.979115]     0.3125 MB /   0.50 sec =    5.2391 Mbps     0 retrans     13 KB-cwnd
[2024-05-28 18:29:06.478892]     0.1875 MB /   0.50 sec =    3.1473 Mbps     0 retrans     13 KB-cwnd
[2024-05-28 18:29:06.978977]     0.1250 MB /   0.50 sec =    2.0977 Mbps     0 retrans     13 KB-cwnd
[2024-05-28 18:29:07.478694]     0.2500 MB /   0.50 sec =    4.1944 Mbps     0 retrans     13 KB-cwnd
[2024-05-28 18:29:07.978699]     0.3125 MB /   0.50 sec =    5.2429 Mbps     0 retrans     13 KB-cwnd
[2024-05-28 18:29:08.478694]     0.4375 MB /   0.50 sec =    7.3401 Mbps     0 retrans     13 KB-cwnd
[2024-05-28 18:29:08.978728]     0.6250 MB /   0.50 sec =   10.4849 Mbps     0 retrans     13 KB-cwnd
[2024-05-28 18:29:09.478700]     0.5625 MB /   0.50 sec =    9.4379 Mbps     0 retrans     13 KB-cwnd
[2024-05-28 18:29:09.979600]     0.3750 MB /   0.50 sec =    6.2860 Mbps     0 retrans     13 KB-cwnd
[2024-05-28 18:29:10.479630]     0.5625 MB /   0.50 sec =    9.4286 Mbps     0 retrans     13 KB-cwnd
[2024-05-28 18:29:10.978787]     0.6875 MB /   0.50 sec =   11.5554 Mbps     0 retrans     13 KB-cwnd
[2024-05-28 18:29:11.479207]     0.5000 MB /   0.50 sec =    8.3803 Mbps     0 retrans     13 KB-cwnd
[2024-05-28 18:29:11.978752]     0.1875 MB /   0.50 sec =    3.1487 Mbps     0 retrans     13 KB-cwnd
[2024-05-28 18:29:12.478726]     0.3125 MB /   0.50 sec =    5.2429 Mbps     0 retrans     13 KB-cwnd
[2024-05-28 18:29:12.978822]     0.1875 MB /   0.50 sec =    3.1451 Mbps     0 retrans     13 KB-cwnd
[2024-05-28 18:29:13.478716]     0.3750 MB /   0.50 sec =    6.2928 Mbps     0 retrans     13 KB-cwnd
[2024-05-28 18:29:13.978706]     0.2500 MB /   0.50 sec =    4.1942 Mbps     0 retrans     13 KB-cwnd
[2024-05-28 18:29:14.478694]     0.7500 MB /   0.50 sec =   12.5833 Mbps     0 retrans     13 KB-cwnd
[2024-05-28 18:29:14.978701]     1.1250 MB /   0.50 sec =   18.8740 Mbps     0 retrans     13 KB-cwnd
[2024-05-28 18:29:15.478786]     1.1875 MB /   0.50 sec =   19.9228 Mbps     0 retrans     13 KB-cwnd
[2024-05-28 18:29:15.979303]     1.3750 MB /   0.50 sec =   23.0558 Mbps     0 retrans     13 KB-cwnd
[2024-05-28 18:29:16.478723]     1.7500 MB /   0.50 sec =   29.3761 Mbps     0 retrans     13 KB-cwnd
[2024-05-28 18:29:16.978684]     1.9375 MB /   0.50 sec =   32.5083 Mbps     0 retrans     13 KB-cwnd
[2024-05-28 18:29:17.478700]     1.7500 MB /   0.50 sec =   29.3592 Mbps     0 retrans     13 KB-cwnd
[2024-05-28 18:29:17.978730]     2.4375 MB /   0.50 sec =   40.8923 Mbps     0 retrans     13 KB-cwnd
[2024-05-28 18:29:18.478697]     2.6875 MB /   0.50 sec =   45.0911 Mbps     0 retrans     13 KB-cwnd
[2024-05-28 18:29:18.978797]     3.1250 MB /   0.50 sec =   52.4214 Mbps     0 retrans     13 KB-cwnd
[2024-05-28 18:29:19.478699]     1.3125 MB /   0.50 sec =   22.0231 Mbps     0 retrans     13 KB-cwnd
[2024-05-28 18:29:19.979081]     0.9375 MB /   0.50 sec =   15.7233 Mbps     0 retrans     13 KB-cwnd
[2024-05-28 18:29:20.478693]     0.6250 MB /   0.50 sec =   10.4894 Mbps     0 retrans     13 KB-cwnd
[2024-05-28 18:29:20.978692]     1.9375 MB /   0.50 sec =   32.5056 Mbps     0 retrans     13 KB-cwnd
[2024-05-28 18:29:21.478724]     1.2500 MB /   0.50 sec =   20.9719 Mbps     0 retrans     13 KB-cwnd
[2024-05-28 18:29:21.978716]     0.8125 MB /   0.50 sec =   13.6310 Mbps     0 retrans     13 KB-cwnd
[2024-05-28 18:29:22.478701]     1.5000 MB /   0.50 sec =   25.1662 Mbps     0 retrans     13 KB-cwnd
[2024-05-28 18:29:22.979539]     1.9375 MB /   0.50 sec =   32.4770 Mbps     0 retrans     13 KB-cwnd
[2024-05-28 18:29:23.479044]     1.2500 MB /   0.50 sec =   20.9761 Mbps     0 retrans     13 KB-cwnd
[2024-05-28 18:29:23.978686]     2.0000 MB /   0.50 sec =   33.5776 Mbps     0 retrans     13 KB-cwnd
[2024-05-28 18:29:24.478733]     0.3750 MB /   0.50 sec =    6.2913 Mbps     0 retrans     13 KB-cwnd
[2024-05-28 18:29:24.978733]     1.1875 MB /   0.50 sec =   19.9221 Mbps     0 retrans     13 KB-cwnd
[2024-05-28 18:29:25.478864]     1.4375 MB /   0.50 sec =   24.1119 Mbps     0 retrans     13 KB-cwnd
[2024-05-28 18:29:25.978817]     0.7500 MB /   0.50 sec =   12.5872 Mbps     0 retrans     13 KB-cwnd
[2024-05-28 18:29:26.478812]     0.8125 MB /   0.50 sec =   13.6282 Mbps     0 retrans     13 KB-cwnd
[2024-05-28 18:29:26.978686]     0.6250 MB /   0.50 sec =   10.4877 Mbps     0 retrans     13 KB-cwnd
[2024-05-28 18:29:27.478710]     1.5625 MB /   0.50 sec =   26.2137 Mbps     0 retrans     13 KB-cwnd
[2024-05-28 18:29:27.979423]     0.5000 MB /   0.50 sec =    8.3775 Mbps     0 retrans     13 KB-cwnd
[2024-05-28 18:29:28.478748]     0.4375 MB /   0.50 sec =    7.3498 Mbps     0 retrans     13 KB-cwnd
[2024-05-28 18:29:28.978761]     0.7500 MB /   0.50 sec =   12.5835 Mbps     0 retrans     13 KB-cwnd
[2024-05-28 18:29:29.478753]     1.1875 MB /   0.50 sec =   19.9197 Mbps     0 retrans     13 KB-cwnd
[2024-05-28 18:29:29.978784]     0.8125 MB /   0.50 sec =   13.6311 Mbps     0 retrans     13 KB-cwnd
[2024-05-28 18:29:30.478707]     0.3125 MB /   0.50 sec =    5.2436 Mbps     0 retrans     13 KB-cwnd
[2024-05-28 18:29:30.978627]     1.4375 MB /   0.50 sec =   24.1189 Mbps     0 retrans     13 KB-cwnd
[2024-05-28 18:29:31.478923]     1.2500 MB /   0.50 sec =   20.9636 Mbps     0 retrans     13 KB-cwnd
[2024-05-28 18:29:31.979898]     0.2500 MB /   0.50 sec =    4.1855 Mbps     0 retrans     13 KB-cwnd
[2024-05-28 18:29:32.478813]     2.0000 MB /   0.50 sec =   33.6317 Mbps     0 retrans     13 KB-cwnd
[2024-05-28 18:29:32.978839]     0.4375 MB /   0.50 sec =    7.3411 Mbps     0 retrans     13 KB-cwnd
[2024-05-28 18:29:33.478720]     2.1250 MB /   0.50 sec =   35.6506 Mbps     0 retrans     13 KB-cwnd
[2024-05-28 18:29:33.978650]     1.0000 MB /   0.50 sec =   16.7771 Mbps     0 retrans     13 KB-cwnd
[2024-05-28 18:29:34.480487]     1.1875 MB /   0.50 sec =   19.8640 Mbps     0 retrans     13 KB-cwnd
[2024-05-28 18:29:34.978853]     0.3750 MB /   0.50 sec =    6.3085 Mbps     0 retrans     13 KB-cwnd
[2024-05-28 18:29:35.478797]     0.0625 MB /   0.50 sec =    1.0489 Mbps     0 retrans     13 KB-cwnd
[2024-05-28 18:29:35.978749]     0.1250 MB /   0.50 sec =    2.0969 Mbps     0 retrans     13 KB-cwnd
[2024-05-28 18:29:36.480046]     0.1875 MB /   0.50 sec =    3.1378 Mbps     0 retrans     13 KB-cwnd
[2024-05-28 18:29:36.979018]     0.2500 MB /   0.50 sec =    4.2040 Mbps     0 retrans     13 KB-cwnd
[2024-05-28 18:29:37.478723]     0.1875 MB /   0.50 sec =    3.1466 Mbps     0 retrans     13 KB-cwnd
[2024-05-28 18:29:37.979530]     0.8125 MB /   0.50 sec =   13.6093 Mbps     0 retrans     18 KB-cwnd
[2024-05-28 18:29:38.478933]     0.6875 MB /   0.50 sec =   11.5480 Mbps     0 retrans     18 KB-cwnd
[2024-05-28 18:29:38.980294]     0.6875 MB /   0.50 sec =   11.5317 Mbps     0 retrans     18 KB-cwnd
[2024-05-28 18:29:39.478696]     0.6250 MB /   0.50 sec =   10.4933 Mbps     0 retrans     18 KB-cwnd
[2024-05-28 18:29:39.979599]     0.0625 MB /   0.50 sec =    1.0475 Mbps     0 retrans     18 KB-cwnd
[2024-05-28 18:29:40.480136]     0.2500 MB /   0.50 sec =    4.1873 Mbps     0 retrans     18 KB-cwnd
[2024-05-28 18:29:40.978720]     0.1250 MB /   0.50 sec =    2.1028 Mbps     0 retrans     18 KB-cwnd
[2024-05-28 18:29:41.478887]     0.1875 MB /   0.50 sec =    3.1451 Mbps     0 retrans     18 KB-cwnd
[2024-05-28 18:29:41.978704]     0.3750 MB /   0.50 sec =    6.2925 Mbps     0 retrans     18 KB-cwnd
[2024-05-28 18:29:42.478705]     0.5625 MB /   0.50 sec =    9.4379 Mbps     0 retrans     18 KB-cwnd
[2024-05-28 18:29:42.978877]     0.3125 MB /   0.50 sec =    5.2412 Mbps     0 retrans     18 KB-cwnd
[2024-05-28 18:29:43.478720]     0.2500 MB /   0.50 sec =    4.1956 Mbps     0 retrans     18 KB-cwnd
[2024-05-28 18:29:43.978891]     0.1250 MB /   0.50 sec =    2.0971 Mbps     0 retrans     18 KB-cwnd
[2024-05-28 18:29:44.479139]     0.3125 MB /   0.50 sec =    5.2389 Mbps     0 retrans     18 KB-cwnd
[2024-05-28 18:29:44.979221]     0.9375 MB /   0.50 sec =   15.7382 Mbps     0 retrans     18 KB-cwnd
[2024-05-28 18:29:45.479017]     1.5625 MB /   0.50 sec =   26.2023 Mbps     0 retrans     18 KB-cwnd
[2024-05-28 18:29:45.980031]     0.3125 MB /   0.50 sec =    5.2327 Mbps     0 retrans     18 KB-cwnd
[2024-05-28 18:29:46.479826]     0.3750 MB /   0.50 sec =    6.2942 Mbps     0 retrans     18 KB-cwnd
[2024-05-28 18:29:46.979468]     0.5625 MB /   0.50 sec =    9.4469 Mbps     0 retrans     18 KB-cwnd
[2024-05-28 18:29:47.479156]     0.4375 MB /   0.50 sec =    7.3420 Mbps     0 retrans     18 KB-cwnd
[2024-05-28 18:29:47.979107]     0.3125 MB /   0.50 sec =    5.2435 Mbps     0 retrans     18 KB-cwnd
[2024-05-28 18:29:48.478835]     0.2500 MB /   0.50 sec =    4.1965 Mbps     0 retrans     18 KB-cwnd
[2024-05-28 18:29:48.979398]     0.1250 MB /   0.50 sec =    2.0949 Mbps     0 retrans     18 KB-cwnd
[2024-05-28 18:29:49.479356]     0.4375 MB /   0.50 sec =    7.3420 Mbps     0 retrans     18 KB-cwnd
[2024-05-28 18:29:49.979699]     0.1250 MB /   0.50 sec =    2.0954 Mbps     0 retrans     18 KB-cwnd
[2024-05-28 18:29:50.478959]     0.1250 MB /   0.50 sec =    2.1009 Mbps     0 retrans     18 KB-cwnd
[2024-05-28 18:29:50.978821]     0.0625 MB /   0.50 sec =    1.0485 Mbps     0 retrans     18 KB-cwnd
[2024-05-28 18:29:51.478790]     0.1250 MB /   0.50 sec =    2.0973 Mbps     0 retrans     18 KB-cwnd
[2024-05-28 18:29:51.979379]     0.2500 MB /   0.50 sec =    4.1896 Mbps     0 retrans     18 KB-cwnd
[2024-05-28 18:29:52.478701]     0.3125 MB /   0.50 sec =    5.2491 Mbps     0 retrans     18 KB-cwnd
[2024-05-28 18:29:52.989380]     1.1250 MB /   0.51 sec =   18.4966 Mbps     0 retrans     18 KB-cwnd
[2024-05-28 18:29:53.478750]     1.5625 MB /   0.49 sec =   26.7608 Mbps     0 retrans     18 KB-cwnd
[2024-05-28 18:29:53.978704]     0.7500 MB /   0.50 sec =   12.5829 Mbps     0 retrans     18 KB-cwnd
[2024-05-28 18:29:54.478728]     0.5625 MB /   0.50 sec =    9.4370 Mbps     0 retrans     18 KB-cwnd
[2024-05-28 18:29:54.978684]     0.5000 MB /   0.50 sec =    8.3890 Mbps     0 retrans     18 KB-cwnd
[2024-05-28 18:29:55.479043]     0.3750 MB /   0.50 sec =    6.2894 Mbps     0 retrans     18 KB-cwnd
[2024-05-28 18:29:55.978957]     0.5000 MB /   0.50 sec =    8.3911 Mbps     0 retrans     18 KB-cwnd
[2024-05-28 18:29:56.479783]     0.2500 MB /   0.50 sec =    4.1859 Mbps     0 retrans     18 KB-cwnd
[2024-05-28 18:29:56.978990]     0.5000 MB /   0.50 sec =    8.4021 Mbps     0 retrans     18 KB-cwnd
[2024-05-28 18:29:57.478696]     0.8750 MB /   0.50 sec =   14.6863 Mbps     0 retrans     18 KB-cwnd
[2024-05-28 18:29:57.979078]     0.3125 MB /   0.50 sec =    5.2391 Mbps     0 retrans     18 KB-cwnd
[2024-05-28 18:29:58.478863]     0.9375 MB /   0.50 sec =   15.7356 Mbps     0 retrans     18 KB-cwnd
[2024-05-28 18:29:58.979247]     2.2500 MB /   0.50 sec =   37.7522 Mbps     0 retrans     18 KB-cwnd
[2024-05-28 18:29:59.480166]     0.4375 MB /   0.50 sec =    7.3210 Mbps     0 retrans     18 KB-cwnd
[2024-05-28 18:29:59.978729]     0.1875 MB /   0.50 sec =    3.1546 Mbps     0 retrans     18 KB-cwnd
[2024-05-28 18:30:00.478714]     0.2500 MB /   0.50 sec =    4.1942 Mbps     0 retrans     18 KB-cwnd
[2024-05-28 18:30:00.978742]     0.1875 MB /   0.50 sec =    3.1456 Mbps     0 retrans     18 KB-cwnd
[2024-05-28 18:30:01.478739]     0.4375 MB /   0.50 sec =    7.3404 Mbps     0 retrans     18 KB-cwnd
[2024-05-28 18:30:01.979154]     0.3750 MB /   0.50 sec =    6.2861 Mbps     0 retrans     18 KB-cwnd
[2024-05-28 18:30:02.478692]     0.3125 MB /   0.50 sec =    5.2473 Mbps     0 retrans     18 KB-cwnd
[2024-05-28 18:30:02.978805]     0.5000 MB /   0.50 sec =    8.3890 Mbps     0 retrans     18 KB-cwnd
[2024-05-28 18:30:03.478763]     2.1250 MB /   0.50 sec =   35.6484 Mbps     0 retrans     18 KB-cwnd
[2024-05-28 18:30:03.979171]     0.3750 MB /   0.50 sec =    6.2886 Mbps     0 retrans     18 KB-cwnd
[2024-05-28 18:30:04.478691]     0.3750 MB /   0.50 sec =    6.2946 Mbps     0 retrans     18 KB-cwnd
[2024-05-28 18:30:04.978736]     0.1250 MB /   0.50 sec =    2.0971 Mbps     0 retrans     18 KB-cwnd
[2024-05-28 18:30:05.479027]     0.0625 MB /   0.50 sec =    1.0481 Mbps     0 retrans     18 KB-cwnd
[2024-05-28 18:30:05.978687]     0.1875 MB /   0.50 sec =    3.1473 Mbps     0 retrans     18 KB-cwnd
[2024-05-28 18:30:06.478883]     0.1875 MB /   0.50 sec =    3.1447 Mbps     0 retrans     18 KB-cwnd
[2024-05-28 18:30:06.978969]     0.0625 MB /   0.50 sec =    1.0485 Mbps     0 retrans     18 KB-cwnd
[2024-05-28 18:30:07.478798]     0.3750 MB /   0.50 sec =    6.2925 Mbps     0 retrans     18 KB-cwnd
[2024-05-28 18:30:07.978725]     0.5000 MB /   0.50 sec =    8.3901 Mbps     0 retrans     18 KB-cwnd
[2024-05-28 18:30:08.478831]     0.7500 MB /   0.50 sec =   12.5812 Mbps     0 retrans     26 KB-cwnd
[2024-05-28 18:30:08.978748]     1.7500 MB /   0.50 sec =   29.3636 Mbps     0 retrans     26 KB-cwnd
[2024-05-28 18:30:09.478768]     1.3125 MB /   0.50 sec =   22.0180 Mbps     0 retrans     26 KB-cwnd
[2024-05-28 18:30:09.978811]     1.5625 MB /   0.50 sec =   26.2181 Mbps     0 retrans     26 KB-cwnd
[2024-05-28 18:30:10.478699]     0.7500 MB /   0.50 sec =   12.5829 Mbps     0 retrans     26 KB-cwnd
[2024-05-28 18:30:10.978722]     1.3750 MB /   0.50 sec =   23.0678 Mbps     0 retrans     26 KB-cwnd
[2024-05-28 18:30:11.478690]     1.3750 MB /   0.50 sec =   23.0695 Mbps     0 retrans     26 KB-cwnd
[2024-05-28 18:30:11.978697]     0.6250 MB /   0.50 sec =   10.4858 Mbps     0 retrans     26 KB-cwnd
[2024-05-28 18:30:12.478718]     1.8125 MB /   0.50 sec =   30.4089 Mbps     0 retrans     26 KB-cwnd
[2024-05-28 18:30:12.978624]     2.9375 MB /   0.50 sec =   49.2844 Mbps     0 retrans     26 KB-cwnd
[2024-05-28 18:30:13.479039]     2.7500 MB /   0.50 sec =   46.1051 Mbps     0 retrans     26 KB-cwnd
[2024-05-28 18:30:13.978807]     2.3750 MB /   0.50 sec =   39.8724 Mbps     0 retrans     26 KB-cwnd
[2024-05-28 18:30:14.478704]     2.0000 MB /   0.50 sec =   33.5548 Mbps     0 retrans     26 KB-cwnd
[2024-05-28 18:30:14.978705]     3.0000 MB /   0.50 sec =   50.3310 Mbps     0 retrans     26 KB-cwnd
[2024-05-28 18:30:15.478786]     2.5000 MB /   0.50 sec =   41.9362 Mbps     0 retrans     26 KB-cwnd
[2024-05-28 18:30:15.978700]     1.8125 MB /   0.50 sec =   30.4132 Mbps     0 retrans     26 KB-cwnd
[2024-05-28 18:30:16.478706]     1.0625 MB /   0.50 sec =   17.8261 Mbps     0 retrans     26 KB-cwnd
[2024-05-28 18:30:16.978726]     1.1250 MB /   0.50 sec =   18.8736 Mbps     0 retrans     26 KB-cwnd
[2024-05-28 18:30:17.478832]     0.3125 MB /   0.50 sec =    5.2431 Mbps     0 retrans     26 KB-cwnd
[2024-05-28 18:30:17.978702]     0.3125 MB /   0.50 sec =    5.2429 Mbps     0 retrans     26 KB-cwnd
[2024-05-28 18:30:18.478761]     0.6250 MB /   0.50 sec =   10.4845 Mbps     0 retrans     26 KB-cwnd
[2024-05-28 18:30:18.978712]     0.6250 MB /   0.50 sec =   10.4869 Mbps     0 retrans     26 KB-cwnd
[2024-05-28 18:30:19.478768]     1.8125 MB /   0.50 sec =   30.4065 Mbps     0 retrans     26 KB-cwnd
[2024-05-28 18:30:19.980039]     2.6875 MB /   0.50 sec =   45.0073 Mbps     0 retrans     26 KB-cwnd
[2024-05-28 18:30:20.479145]     3.1875 MB /   0.50 sec =   53.5352 Mbps     0 retrans     26 KB-cwnd
[2024-05-28 18:30:20.978712]     2.8125 MB /   0.50 sec =   47.2241 Mbps     0 retrans     26 KB-cwnd
[2024-05-28 18:30:21.478845]     2.0625 MB /   0.50 sec =   34.5950 Mbps     0 retrans     26 KB-cwnd
[2024-05-28 18:30:21.978687]     2.0000 MB /   0.50 sec =   33.5626 Mbps     0 retrans     26 KB-cwnd
[2024-05-28 18:30:22.478789]     1.6875 MB /   0.50 sec =   28.3072 Mbps     0 retrans     26 KB-cwnd
[2024-05-28 18:30:22.978700]     1.2500 MB /   0.50 sec =   20.9747 Mbps     0 retrans     26 KB-cwnd
[2024-05-28 18:30:23.478703]     0.6875 MB /   0.50 sec =   11.5342 Mbps     0 retrans     26 KB-cwnd
[2024-05-28 18:30:23.978936]     1.0625 MB /   0.50 sec =   17.8211 Mbps     0 retrans     26 KB-cwnd
[2024-05-28 18:30:24.478736]     1.3125 MB /   0.50 sec =   22.0257 Mbps     0 retrans     26 KB-cwnd
[2024-05-28 18:30:24.978933]     2.4375 MB /   0.50 sec =   40.8957 Mbps     0 retrans     26 KB-cwnd
[2024-05-28 18:30:25.478886]     3.1875 MB /   0.50 sec =   53.4766 Mbps     0 retrans     26 KB-cwnd
[2024-05-28 18:30:25.978698]     1.6875 MB /   0.50 sec =   28.3091 Mbps     0 retrans     26 KB-cwnd
[2024-05-28 18:30:26.478747]     2.3750 MB /   0.50 sec =   39.8477 Mbps     0 retrans     26 KB-cwnd
[2024-05-28 18:30:26.978716]     1.6875 MB /   0.50 sec =   28.3126 Mbps     0 retrans     26 KB-cwnd
[2024-05-28 18:30:27.478698]     1.7500 MB /   0.50 sec =   29.3605 Mbps     0 retrans     26 KB-cwnd
[2024-05-28 18:30:27.978756]     2.0625 MB /   0.50 sec =   34.5988 Mbps     0 retrans     26 KB-cwnd
[2024-05-28 18:30:28.478720]     3.8125 MB /   0.50 sec =   63.9699 Mbps     0 retrans     26 KB-cwnd
[2024-05-28 18:30:28.978749]     2.6250 MB /   0.50 sec =   44.0356 Mbps     0 retrans     26 KB-cwnd
[2024-05-28 18:30:29.478642]     0.7500 MB /   0.50 sec =   12.5849 Mbps     0 retrans     26 KB-cwnd
[2024-05-28 18:30:29.979155]     1.1875 MB /   0.50 sec =   19.9056 Mbps     0 retrans     26 KB-cwnd
[2024-05-28 18:30:30.478703]     0.8125 MB /   0.50 sec =   13.6426 Mbps     0 retrans     26 KB-cwnd
[2024-05-28 18:30:30.978722]     1.3750 MB /   0.50 sec =   23.0689 Mbps     0 retrans     26 KB-cwnd
[2024-05-28 18:30:31.479701]     1.0000 MB /   0.50 sec =   16.7449 Mbps     0 retrans     26 KB-cwnd
[2024-05-28 18:30:31.978698]     0.3750 MB /   0.50 sec =    6.3036 Mbps     0 retrans     26 KB-cwnd
[2024-05-28 18:30:32.478971]     0.6250 MB /   0.50 sec =   10.4832 Mbps     0 retrans     26 KB-cwnd
[2024-05-28 18:30:32.978838]     1.6250 MB /   0.50 sec =   27.2682 Mbps     0 retrans     26 KB-cwnd
[2024-05-28 18:30:33.479207]     1.5625 MB /   0.50 sec =   26.1902 Mbps     0 retrans     26 KB-cwnd
[2024-05-28 18:30:33.978697]     1.0000 MB /   0.50 sec =   16.7935 Mbps     0 retrans     26 KB-cwnd
[2024-05-28 18:30:34.478754]     1.0625 MB /   0.50 sec =   17.8257 Mbps     0 retrans     26 KB-cwnd
[2024-05-28 18:30:34.978780]     0.7500 MB /   0.50 sec =   12.5813 Mbps     0 retrans     26 KB-cwnd
[2024-05-28 18:30:35.478722]     0.3125 MB /   0.50 sec =    5.2436 Mbps     0 retrans     26 KB-cwnd
[2024-05-28 18:30:35.978718]     0.3125 MB /   0.50 sec =    5.2429 Mbps     0 retrans     26 KB-cwnd
[2024-05-28 18:30:36.478719]     0.2500 MB /   0.50 sec =    4.1943 Mbps     0 retrans     26 KB-cwnd
[2024-05-28 18:30:36.978727]     0.3125 MB /   0.50 sec =    5.2429 Mbps     0 retrans     26 KB-cwnd
[2024-05-28 18:30:37.478915]     0.5625 MB /   0.50 sec =    9.4344 Mbps     0 retrans     26 KB-cwnd
[2024-05-28 18:30:37.978707]     0.8750 MB /   0.50 sec =   14.6844 Mbps     0 retrans     26 KB-cwnd
[2024-05-28 18:30:38.478715]     0.8125 MB /   0.50 sec =   13.6315 Mbps     0 retrans     26 KB-cwnd
[2024-05-28 18:30:38.978784]     1.8125 MB /   0.50 sec =   30.4044 Mbps     0 retrans     26 KB-cwnd
[2024-05-28 18:30:39.478690]     1.6875 MB /   0.50 sec =   28.3151 Mbps     0 retrans     26 KB-cwnd
[2024-05-28 18:30:39.978719]     1.3125 MB /   0.50 sec =   22.0205 Mbps     0 retrans     26 KB-cwnd
[2024-05-28 18:30:40.478724]     1.7500 MB /   0.50 sec =   29.3594 Mbps     0 retrans     26 KB-cwnd
[2024-05-28 18:30:40.979065]     2.0625 MB /   0.50 sec =   34.5914 Mbps     0 retrans     26 KB-cwnd
[2024-05-28 18:30:41.478732]     2.5625 MB /   0.50 sec =   43.0061 Mbps     0 retrans     26 KB-cwnd
[2024-05-28 18:30:41.978713]     2.0625 MB /   0.50 sec =   34.6036 Mbps     0 retrans     26 KB-cwnd
[2024-05-28 18:30:42.478726]     0.1250 MB /   0.50 sec =    2.0971 Mbps     0 retrans     26 KB-cwnd
[2024-05-28 18:30:42.978741]     0.1250 MB /   0.50 sec =    2.0971 Mbps     0 retrans     26 KB-cwnd
[2024-05-28 18:30:43.478739]     0.5625 MB /   0.50 sec =    9.4374 Mbps     0 retrans     26 KB-cwnd
[2024-05-28 18:30:43.978699]     0.5625 MB /   0.50 sec =    9.4374 Mbps     0 retrans     26 KB-cwnd
[2024-05-28 18:30:44.478708]     0.3750 MB /   0.50 sec =    6.2915 Mbps     0 retrans     26 KB-cwnd
[2024-05-28 18:30:44.978896]     0.6250 MB /   0.50 sec =   10.4863 Mbps     0 retrans     26 KB-cwnd
[2024-05-28 18:30:45.478712]     0.3750 MB /   0.50 sec =    6.2912 Mbps     0 retrans     26 KB-cwnd
[2024-05-28 18:30:45.978761]     0.0625 MB /   0.50 sec =    1.0485 Mbps     0 retrans     26 KB-cwnd
[2024-05-28 18:30:46.478770]     0.3750 MB /   0.50 sec =    6.2913 Mbps     0 retrans     26 KB-cwnd
[2024-05-28 18:30:46.978917]     0.1250 MB /   0.50 sec =    2.0967 Mbps     0 retrans     26 KB-cwnd
[2024-05-28 18:30:47.478750]     0.1250 MB /   0.50 sec =    2.0978 Mbps     0 retrans     26 KB-cwnd
[2024-05-28 18:30:47.978726]     2.1875 MB /   0.50 sec =   36.6999 Mbps     0 retrans     26 KB-cwnd
[2024-05-28 18:30:48.478724]     2.6875 MB /   0.50 sec =   45.0893 Mbps     0 retrans     26 KB-cwnd
[2024-05-28 18:30:48.988605]     2.8750 MB /   0.51 sec =   47.3150 Mbps     0 retrans     26 KB-cwnd
[2024-05-28 18:30:49.479381]     3.3750 MB /   0.49 sec =   57.6868 Mbps     0 retrans     26 KB-cwnd
[2024-05-28 18:30:49.978696]     4.0000 MB /   0.50 sec =   67.1773 Mbps     0 retrans     26 KB-cwnd
End time: 1716935450217
