Start time: 1716939158117
[2024-05-28 19:32:39.127380] nuttcp-r: v8.1.4: socket
[2024-05-28 19:32:39.128304] nuttcp-r: buflen=65536, nstream=1, port=5002 tcp
[2024-05-28 19:32:39.128408] nuttcp-r: interval reporting every 0.50 seconds
[2024-05-28 19:32:39.128493] nuttcp-r: connect to 35.245.244.238 with RTT=97.377 ms af=inet
[2024-05-28 19:32:39.128573] nuttcp-r: send window size = 2097152, receive window size = 6291456
[2024-05-28 19:32:39.128653] nuttcp-r: available send window = 1572864, available receive window = 4718592
[2024-05-28 19:32:39.128730]     0.0625 MB /   0.50 sec =    1.0485 Mbps     0 retrans     13 KB-cwnd
[2024-05-28 19:32:39.627187]     0.5625 MB /   0.50 sec =    9.4354 Mbps     0 retrans     13 KB-cwnd
[2024-05-28 19:32:40.127531]     1.6250 MB /   0.50 sec =   27.2457 Mbps     0 retrans     13 KB-cwnd
[2024-05-28 19:32:40.627037]     1.3750 MB /   0.50 sec =   23.0874 Mbps     0 retrans     13 KB-cwnd
[2024-05-28 19:32:41.127158]     1.0625 MB /   0.50 sec =   17.8243 Mbps     0 retrans     13 KB-cwnd
[2024-05-28 19:32:41.628380]     1.1250 MB /   0.50 sec =   18.8277 Mbps     0 retrans     13 KB-cwnd
[2024-05-28 19:32:42.126999]     1.0000 MB /   0.50 sec =   16.8189 Mbps     0 retrans     13 KB-cwnd
[2024-05-28 19:32:42.627999]     0.9375 MB /   0.50 sec =   15.7159 Mbps     0 retrans     13 KB-cwnd
[2024-05-28 19:32:43.127217]     1.5000 MB /   0.50 sec =   25.1765 Mbps     0 retrans     13 KB-cwnd
[2024-05-28 19:32:43.628241]     1.4375 MB /   0.50 sec =   24.0792 Mbps     0 retrans     13 KB-cwnd
[2024-05-28 19:32:44.127120]     0.9375 MB /   0.50 sec =   15.7620 Mbps     0 retrans     13 KB-cwnd
[2024-05-28 19:32:44.626970]     0.5625 MB /   0.50 sec =    9.4362 Mbps     0 retrans     13 KB-cwnd
[2024-05-28 19:32:45.127003]     1.0625 MB /   0.50 sec =   17.8253 Mbps     0 retrans     13 KB-cwnd
[2024-05-28 19:32:45.627027]     2.6250 MB /   0.50 sec =   44.0433 Mbps     0 retrans     13 KB-cwnd
[2024-05-28 19:32:46.127062]     1.5000 MB /   0.50 sec =   25.1641 Mbps     0 retrans     13 KB-cwnd
[2024-05-28 19:32:46.627180]     0.5625 MB /   0.50 sec =    9.4356 Mbps     0 retrans     13 KB-cwnd
[2024-05-28 19:32:47.127029]     2.3750 MB /   0.50 sec =   39.8552 Mbps     0 retrans     13 KB-cwnd
[2024-05-28 19:32:47.627135]     1.4375 MB /   0.50 sec =   24.1143 Mbps     0 retrans     13 KB-cwnd
[2024-05-28 19:32:48.127221]     1.0000 MB /   0.50 sec =   16.7737 Mbps     0 retrans     13 KB-cwnd
[2024-05-28 19:32:48.627122]     1.1250 MB /   0.50 sec =   18.8770 Mbps     0 retrans     13 KB-cwnd
[2024-05-28 19:32:49.127032]     2.3125 MB /   0.50 sec =   38.8072 Mbps     0 retrans     13 KB-cwnd
[2024-05-28 19:32:49.627024]     2.5000 MB /   0.50 sec =   41.9406 Mbps     0 retrans     13 KB-cwnd
[2024-05-28 19:32:50.127004]     2.9375 MB /   0.50 sec =   49.2833 Mbps     0 retrans     13 KB-cwnd
[2024-05-28 19:32:50.627017]     3.5000 MB /   0.50 sec =   58.7199 Mbps     0 retrans     13 KB-cwnd
[2024-05-28 19:32:51.126917]     3.6875 MB /   0.50 sec =   61.8699 Mbps     0 retrans     13 KB-cwnd
[2024-05-28 19:32:51.627014]     4.4375 MB /   0.50 sec =   74.4428 Mbps     0 retrans     13 KB-cwnd
[2024-05-28 19:32:52.126997]     4.6875 MB /   0.50 sec =   78.6459 Mbps     0 retrans     13 KB-cwnd
[2024-05-28 19:32:52.627010]     5.1875 MB /   0.50 sec =   87.0309 Mbps     0 retrans     13 KB-cwnd
[2024-05-28 19:32:53.127082]     5.2500 MB /   0.50 sec =   88.0721 Mbps     0 retrans     13 KB-cwnd
[2024-05-28 19:32:53.627024]     5.1875 MB /   0.50 sec =   87.0388 Mbps     0 retrans     13 KB-cwnd
[2024-05-28 19:32:54.127150]     2.3125 MB /   0.50 sec =   38.7882 Mbps     0 retrans     13 KB-cwnd
[2024-05-28 19:32:54.627077]     5.2500 MB /   0.50 sec =   88.0913 Mbps     0 retrans     13 KB-cwnd
[2024-05-28 19:32:55.127043]     4.0000 MB /   0.50 sec =   67.1145 Mbps     0 retrans     13 KB-cwnd
[2024-05-28 19:32:55.627080]     3.8125 MB /   0.50 sec =   63.9589 Mbps     0 retrans     13 KB-cwnd
[2024-05-28 19:32:56.127013]     5.6250 MB /   0.50 sec =   94.3747 Mbps     0 retrans     13 KB-cwnd
[2024-05-28 19:32:56.627153]     5.0625 MB /   0.50 sec =   84.9212 Mbps     0 retrans     13 KB-cwnd
[2024-05-28 19:32:57.127139]     3.3750 MB /   0.50 sec =   56.6248 Mbps     0 retrans     13 KB-cwnd
[2024-05-28 19:32:57.626938]     4.7500 MB /   0.50 sec =   79.7123 Mbps     0 retrans     13 KB-cwnd
[2024-05-28 19:32:58.127157]     3.4375 MB /   0.50 sec =   57.6663 Mbps     0 retrans     13 KB-cwnd
[2024-05-28 19:32:58.627069]     4.8750 MB /   0.50 sec =   81.7822 Mbps     0 retrans     13 KB-cwnd
[2024-05-28 19:32:59.127006]     4.8750 MB /   0.50 sec =   81.7927 Mbps     0 retrans     13 KB-cwnd
[2024-05-28 19:32:59.627042]     2.9375 MB /   0.50 sec =   49.2855 Mbps     0 retrans     13 KB-cwnd
[2024-05-28 19:33:00.126918]     3.5625 MB /   0.50 sec =   59.7743 Mbps     0 retrans     13 KB-cwnd
[2024-05-28 19:33:00.627023]     4.3125 MB /   0.50 sec =   72.3461 Mbps     0 retrans     13 KB-cwnd
[2024-05-28 19:33:01.127043]     4.1875 MB /   0.50 sec =   70.2523 Mbps     0 retrans     13 KB-cwnd
[2024-05-28 19:33:01.627051]     4.0625 MB /   0.50 sec =   68.1531 Mbps     0 retrans     13 KB-cwnd
[2024-05-28 19:33:02.126992]     4.2500 MB /   0.50 sec =   71.3120 Mbps     0 retrans     13 KB-cwnd
[2024-05-28 19:33:02.627000]     4.1875 MB /   0.50 sec =   70.2539 Mbps     0 retrans     13 KB-cwnd
[2024-05-28 19:33:03.126962]     3.7500 MB /   0.50 sec =   62.9124 Mbps     0 retrans     13 KB-cwnd
[2024-05-28 19:33:03.627016]     4.8750 MB /   0.50 sec =   81.7912 Mbps     0 retrans     13 KB-cwnd
[2024-05-28 19:33:04.127172]     4.6250 MB /   0.50 sec =   77.5892 Mbps     0 retrans     13 KB-cwnd
[2024-05-28 19:33:04.627015]     4.7500 MB /   0.50 sec =   79.6974 Mbps     0 retrans     13 KB-cwnd
[2024-05-28 19:33:05.127061]     4.1250 MB /   0.50 sec =   69.1980 Mbps     0 retrans     13 KB-cwnd
[2024-05-28 19:33:05.627087]     1.4375 MB /   0.50 sec =   24.1169 Mbps     0 retrans     13 KB-cwnd
[2024-05-28 19:33:06.127002]     6.6250 MB /   0.50 sec =  111.1635 Mbps     0 retrans     13 KB-cwnd
[2024-05-28 19:33:06.627152]     2.0625 MB /   0.50 sec =   34.5953 Mbps     0 retrans     13 KB-cwnd
[2024-05-28 19:33:07.127061]     3.3125 MB /   0.50 sec =   55.5824 Mbps     0 retrans     13 KB-cwnd
[2024-05-28 19:33:07.627102]     7.3750 MB /   0.50 sec =  123.7236 Mbps     0 retrans     13 KB-cwnd
[2024-05-28 19:33:08.127012]     4.8125 MB /   0.50 sec =   80.7520 Mbps     0 retrans     13 KB-cwnd
[2024-05-28 19:33:08.627136]     4.8750 MB /   0.50 sec =   81.7866 Mbps     0 retrans     13 KB-cwnd
[2024-05-28 19:33:09.127001]     5.3750 MB /   0.50 sec =   90.1811 Mbps     0 retrans     13 KB-cwnd
[2024-05-28 19:33:09.626942]     4.8750 MB /   0.50 sec =   81.7920 Mbps     0 retrans     13 KB-cwnd
[2024-05-28 19:33:10.127019]     1.1875 MB /   0.50 sec =   19.9215 Mbps     0 retrans     13 KB-cwnd
[2024-05-28 19:33:10.627025]     2.8125 MB /   0.50 sec =   47.1876 Mbps     0 retrans     13 KB-cwnd
[2024-05-28 19:33:11.127164]     3.6250 MB /   0.50 sec =   60.8005 Mbps     0 retrans     13 KB-cwnd
[2024-05-28 19:33:11.627034]     6.3125 MB /   0.50 sec =  105.9339 Mbps     0 retrans     13 KB-cwnd
[2024-05-28 19:33:12.127119]     2.3125 MB /   0.50 sec =   38.7914 Mbps     0 retrans     13 KB-cwnd
[2024-05-28 19:33:12.627007]     2.0625 MB /   0.50 sec =   34.6087 Mbps     0 retrans     13 KB-cwnd
[2024-05-28 19:33:13.127019]     3.0625 MB /   0.50 sec =   51.3731 Mbps     0 retrans     13 KB-cwnd
[2024-05-28 19:33:13.627055]     3.0000 MB /   0.50 sec =   50.3359 Mbps     0 retrans     13 KB-cwnd
[2024-05-28 19:33:14.127093]     3.3750 MB /   0.50 sec =   56.6227 Mbps     0 retrans     13 KB-cwnd
[2024-05-28 19:33:14.627017]     2.2500 MB /   0.50 sec =   37.7507 Mbps     0 retrans     13 KB-cwnd
[2024-05-28 19:33:15.126930]     4.1250 MB /   0.50 sec =   69.2086 Mbps     0 retrans     13 KB-cwnd
[2024-05-28 19:33:15.627013]     2.5625 MB /   0.50 sec =   42.9903 Mbps     0 retrans     13 KB-cwnd
[2024-05-28 19:33:16.126948]     2.0000 MB /   0.50 sec =   33.5551 Mbps     0 retrans     13 KB-cwnd
[2024-05-28 19:33:16.627022]     4.6250 MB /   0.50 sec =   77.5923 Mbps     0 retrans     13 KB-cwnd
[2024-05-28 19:33:17.126990]     4.4375 MB /   0.50 sec =   74.4499 Mbps     0 retrans     13 KB-cwnd
[2024-05-28 19:33:17.627012]     4.5000 MB /   0.50 sec =   75.4972 Mbps     0 retrans     13 KB-cwnd
[2024-05-28 19:33:18.126933]     4.6875 MB /   0.50 sec =   78.6482 Mbps     0 retrans     13 KB-cwnd
[2024-05-28 19:33:18.626998]     5.1250 MB /   0.50 sec =   85.9782 Mbps     0 retrans     13 KB-cwnd
[2024-05-28 19:33:19.127004]     5.0000 MB /   0.50 sec =   83.8856 Mbps     0 retrans     13 KB-cwnd
[2024-05-28 19:33:19.627307]     2.1250 MB /   0.50 sec =   35.6401 Mbps     0 retrans     13 KB-cwnd
[2024-05-28 19:33:20.127062]     0.0000 MB /   0.50 sec =    0.0000 Mbps     0 retrans     13 KB-cwnd
[2024-05-28 19:33:20.627135]     1.9375 MB /   0.50 sec =   32.5033 Mbps     0 retrans     13 KB-cwnd
[2024-05-28 19:33:21.127005]     2.9375 MB /   0.50 sec =   49.2938 Mbps     0 retrans     13 KB-cwnd
[2024-05-28 19:33:21.626936]     1.9375 MB /   0.50 sec =   32.5071 Mbps     0 retrans     13 KB-cwnd
[2024-05-28 19:33:22.127128]     2.0000 MB /   0.50 sec =   33.5469 Mbps     0 retrans     13 KB-cwnd
[2024-05-28 19:33:22.627094]     1.0625 MB /   0.50 sec =   17.8273 Mbps     0 retrans     13 KB-cwnd
[2024-05-28 19:33:23.127038]     2.2500 MB /   0.50 sec =   37.7518 Mbps     0 retrans     13 KB-cwnd
[2024-05-28 19:33:23.627083]     0.9375 MB /   0.50 sec =   15.7269 Mbps     0 retrans     13 KB-cwnd
[2024-05-28 19:33:24.127129]     0.0000 MB /   0.50 sec =    0.0000 Mbps     0 retrans     13 KB-cwnd
[2024-05-28 19:33:24.627272]     1.9375 MB /   0.50 sec =   32.5072 Mbps     0 retrans     13 KB-cwnd
[2024-05-28 19:33:25.127105]     2.8750 MB /   0.50 sec =   48.2376 Mbps     0 retrans     13 KB-cwnd
[2024-05-28 19:33:25.627011]     2.6250 MB /   0.50 sec =   44.0435 Mbps     0 retrans     13 KB-cwnd
[2024-05-28 19:33:26.127079]     1.5000 MB /   0.50 sec =   25.1623 Mbps     0 retrans     13 KB-cwnd
[2024-05-28 19:33:26.627013]     2.5000 MB /   0.50 sec =   41.9459 Mbps     0 retrans     13 KB-cwnd
[2024-05-28 19:33:27.126943]     0.9375 MB /   0.50 sec =   15.7304 Mbps     0 retrans     13 KB-cwnd
[2024-05-28 19:33:27.627041]     1.1875 MB /   0.50 sec =   19.9214 Mbps     0 retrans     13 KB-cwnd
[2024-05-28 19:33:28.127105]     1.1250 MB /   0.50 sec =   18.8732 Mbps     0 retrans     13 KB-cwnd
[2024-05-28 19:33:28.627122]     3.0625 MB /   0.50 sec =   51.3852 Mbps     0 retrans     13 KB-cwnd
[2024-05-28 19:33:29.127172]     0.6250 MB /   0.50 sec =   10.4831 Mbps     0 retrans     13 KB-cwnd
[2024-05-28 19:33:29.627017]     3.7500 MB /   0.50 sec =   62.9305 Mbps     0 retrans     13 KB-cwnd
[2024-05-28 19:33:30.127022]     2.3125 MB /   0.50 sec =   38.7962 Mbps     0 retrans     13 KB-cwnd
[2024-05-28 19:33:30.627004]     1.3125 MB /   0.50 sec =   22.0210 Mbps     0 retrans     13 KB-cwnd
[2024-05-28 19:33:31.126992]     0.6250 MB /   0.50 sec =   10.4850 Mbps     0 retrans     13 KB-cwnd
[2024-05-28 19:33:31.627147]     0.6875 MB /   0.50 sec =   11.5332 Mbps     0 retrans     13 KB-cwnd
[2024-05-28 19:33:32.127090]     1.0000 MB /   0.50 sec =   16.7775 Mbps     0 retrans     13 KB-cwnd
[2024-05-28 19:33:32.626970]     2.0000 MB /   0.50 sec =   33.5604 Mbps     0 retrans     13 KB-cwnd
[2024-05-28 19:33:33.126973]     1.8750 MB /   0.50 sec =   31.4552 Mbps     0 retrans     13 KB-cwnd
[2024-05-28 19:33:33.627031]     1.7500 MB /   0.50 sec =   29.3599 Mbps     0 retrans     13 KB-cwnd
[2024-05-28 19:33:34.127025]     1.5000 MB /   0.50 sec =   25.1668 Mbps     0 retrans     13 KB-cwnd
[2024-05-28 19:33:34.627017]     1.5625 MB /   0.50 sec =   26.2150 Mbps     0 retrans     13 KB-cwnd
[2024-05-28 19:33:35.127015]     1.1250 MB /   0.50 sec =   18.8742 Mbps     0 retrans     13 KB-cwnd
[2024-05-28 19:33:35.627209]     1.0625 MB /   0.50 sec =   17.8239 Mbps     0 retrans     13 KB-cwnd
[2024-05-28 19:33:36.126944]     1.7500 MB /   0.50 sec =   29.3645 Mbps     0 retrans     13 KB-cwnd
[2024-05-28 19:33:36.627036]     1.7500 MB /   0.50 sec =   29.3586 Mbps     0 retrans     13 KB-cwnd
[2024-05-28 19:33:37.127020]     2.1250 MB /   0.50 sec =   35.6519 Mbps     0 retrans     13 KB-cwnd
[2024-05-28 19:33:37.627020]     1.7500 MB /   0.50 sec =   29.3601 Mbps     0 retrans     13 KB-cwnd
[2024-05-28 19:33:38.127048]     1.5000 MB /   0.50 sec =   25.1653 Mbps     0 retrans     13 KB-cwnd
[2024-05-28 19:33:38.627005]     1.7500 MB /   0.50 sec =   29.3609 Mbps     0 retrans     13 KB-cwnd
[2024-05-28 19:33:39.126935]     2.1250 MB /   0.50 sec =   35.6528 Mbps     0 retrans     13 KB-cwnd
[2024-05-28 19:33:39.627255]     2.0000 MB /   0.50 sec =   33.5512 Mbps     0 retrans     13 KB-cwnd
[2024-05-28 19:33:40.126944]     1.9375 MB /   0.50 sec =   32.5097 Mbps     0 retrans     13 KB-cwnd
[2024-05-28 19:33:40.627042]     1.3750 MB /   0.50 sec =   23.0670 Mbps     0 retrans     13 KB-cwnd
[2024-05-28 19:33:41.127024]     1.4375 MB /   0.50 sec =   24.1176 Mbps     0 retrans     13 KB-cwnd
[2024-05-28 19:33:41.626998]     1.6875 MB /   0.50 sec =   28.3117 Mbps     0 retrans     13 KB-cwnd
[2024-05-28 19:33:42.126926]     1.2500 MB /   0.50 sec =   20.9726 Mbps     0 retrans     13 KB-cwnd
[2024-05-28 19:33:42.627055]     1.4375 MB /   0.50 sec =   24.1151 Mbps     0 retrans     13 KB-cwnd
[2024-05-28 19:33:43.127117]     1.5625 MB /   0.50 sec =   26.2164 Mbps     0 retrans     13 KB-cwnd
[2024-05-28 19:33:43.627044]     1.1875 MB /   0.50 sec =   19.9217 Mbps     0 retrans     13 KB-cwnd
[2024-05-28 19:33:44.127045]     1.8125 MB /   0.50 sec =   30.4088 Mbps     0 retrans     13 KB-cwnd
[2024-05-28 19:33:44.626966]     1.8750 MB /   0.50 sec =   31.4589 Mbps     0 retrans     13 KB-cwnd
[2024-05-28 19:33:45.127219]     1.7500 MB /   0.50 sec =   29.3581 Mbps     0 retrans     13 KB-cwnd
[2024-05-28 19:33:45.627022]     1.9375 MB /   0.50 sec =   32.5069 Mbps     0 retrans     13 KB-cwnd
[2024-05-28 19:33:46.127097]     2.0625 MB /   0.50 sec =   34.5977 Mbps     0 retrans     13 KB-cwnd
[2024-05-28 19:33:46.627020]     2.1250 MB /   0.50 sec =   35.6572 Mbps     0 retrans     13 KB-cwnd
[2024-05-28 19:33:47.127186]     2.3750 MB /   0.50 sec =   39.8340 Mbps     0 retrans     13 KB-cwnd
[2024-05-28 19:33:47.627036]     1.0625 MB /   0.50 sec =   17.8307 Mbps     0 retrans     13 KB-cwnd
[2024-05-28 19:33:48.127202]     2.1875 MB /   0.50 sec =   36.6892 Mbps     0 retrans     13 KB-cwnd
[2024-05-28 19:33:48.627073]     1.6250 MB /   0.50 sec =   27.2686 Mbps     0 retrans     13 KB-cwnd
[2024-05-28 19:33:49.127083]     4.3125 MB /   0.50 sec =   72.3491 Mbps     0 retrans     13 KB-cwnd
[2024-05-28 19:33:49.627166]     3.8750 MB /   0.50 sec =   65.0206 Mbps     0 retrans     13 KB-cwnd
[2024-05-28 19:33:50.126945]     4.0625 MB /   0.50 sec =   68.1591 Mbps     0 retrans     13 KB-cwnd
[2024-05-28 19:33:50.627035]     3.9375 MB /   0.50 sec =   66.0587 Mbps     0 retrans     13 KB-cwnd
[2024-05-28 19:33:51.126946]     1.5625 MB /   0.50 sec =   26.2153 Mbps     0 retrans     13 KB-cwnd
[2024-05-28 19:33:51.627182]     1.5000 MB /   0.50 sec =   25.1589 Mbps     0 retrans     13 KB-cwnd
[2024-05-28 19:33:52.127129]     0.1875 MB /   0.50 sec =    3.1459 Mbps     0 retrans     13 KB-cwnd
[2024-05-28 19:33:52.627069]     2.6250 MB /   0.50 sec =   44.0439 Mbps     0 retrans     13 KB-cwnd
[2024-05-28 19:33:53.127176]     5.1250 MB /   0.50 sec =   85.9672 Mbps     0 retrans     13 KB-cwnd
[2024-05-28 19:33:53.627127]     2.8125 MB /   0.50 sec =   47.1902 Mbps     0 retrans     13 KB-cwnd
[2024-05-28 19:33:54.127012]     5.9375 MB /   0.50 sec =   99.6333 Mbps     0 retrans     13 KB-cwnd
[2024-05-28 19:33:54.627083]     2.2500 MB /   0.50 sec =   37.7465 Mbps     0 retrans     13 KB-cwnd
[2024-05-28 19:33:55.127223]     0.0000 MB /   0.50 sec =    0.0000 Mbps     0 retrans     13 KB-cwnd
[2024-05-28 19:33:55.627097]     4.2500 MB /   0.50 sec =   71.3097 Mbps     0 retrans     13 KB-cwnd
[2024-05-28 19:33:56.127291]     0.0000 MB /   0.50 sec =    0.0000 Mbps     0 retrans     13 KB-cwnd
[2024-05-28 19:33:56.627118]     3.5000 MB /   0.50 sec =   58.7251 Mbps    50 retrans   1811 KB-cwnd
[2024-05-28 19:33:57.127202]     2.8125 MB /   0.50 sec =   47.1798 Mbps     0 retrans   1811 KB-cwnd
[2024-05-28 19:33:57.627124]     0.0000 MB /   0.50 sec =    0.0000 Mbps     0 retrans   1811 KB-cwnd
[2024-05-28 19:33:58.126995]     5.1875 MB /   0.50 sec =   87.0490 Mbps     0 retrans   1811 KB-cwnd
[2024-05-28 19:33:58.627025]     4.6250 MB /   0.50 sec =   77.5914 Mbps     0 retrans   1811 KB-cwnd
[2024-05-28 19:33:59.127100]     4.1875 MB /   0.50 sec =   70.2400 Mbps     0 retrans   1811 KB-cwnd
[2024-05-28 19:33:59.627271]     3.5000 MB /   0.50 sec =   58.7079 Mbps     0 retrans   1811 KB-cwnd
[2024-05-28 19:34:00.127217]     2.2500 MB /   0.50 sec =   37.7586 Mbps     0 retrans   1811 KB-cwnd
[2024-05-28 19:34:00.627006]     5.1250 MB /   0.50 sec =   85.9961 Mbps     0 retrans   1811 KB-cwnd
[2024-05-28 19:34:01.127004]     5.0625 MB /   0.50 sec =   84.9353 Mbps     0 retrans   1811 KB-cwnd
[2024-05-28 19:34:01.626995]     5.4375 MB /   0.50 sec =   91.2263 Mbps     0 retrans   1811 KB-cwnd
[2024-05-28 19:34:02.126938]     5.1250 MB /   0.50 sec =   85.9872 Mbps     0 retrans   1811 KB-cwnd
[2024-05-28 19:34:02.627146]     1.6875 MB /   0.50 sec =   28.3040 Mbps     0 retrans   1811 KB-cwnd
[2024-05-28 19:34:03.127153]     7.3750 MB /   0.50 sec =  123.7260 Mbps     0 retrans   1811 KB-cwnd
[2024-05-28 19:34:03.627230]     2.9375 MB /   0.50 sec =   49.2893 Mbps     0 retrans   1811 KB-cwnd
[2024-05-28 19:34:04.127040]     4.0625 MB /   0.50 sec =   68.1585 Mbps     0 retrans   1811 KB-cwnd
[2024-05-28 19:34:04.627133]     6.2500 MB /   0.50 sec =  104.8473 Mbps     0 retrans   1811 KB-cwnd
[2024-05-28 19:34:05.126986]     4.9375 MB /   0.50 sec =   82.8524 Mbps     0 retrans   1811 KB-cwnd
[2024-05-28 19:34:05.627149]     4.0625 MB /   0.50 sec =   68.1482 Mbps     0 retrans   1811 KB-cwnd
[2024-05-28 19:34:06.127124]     5.8125 MB /   0.50 sec =   97.5137 Mbps     0 retrans   1811 KB-cwnd
[2024-05-28 19:34:06.627153]     1.7500 MB /   0.50 sec =   29.3615 Mbps     0 retrans   1811 KB-cwnd
[2024-05-28 19:34:07.127175]     6.5625 MB /   0.50 sec =  110.0895 Mbps     0 retrans   1811 KB-cwnd
[2024-05-28 19:34:07.627179]     3.8750 MB /   0.50 sec =   65.0117 Mbps     0 retrans   1811 KB-cwnd
[2024-05-28 19:34:08.127170]     5.3125 MB /   0.50 sec =   89.1282 Mbps     0 retrans   1811 KB-cwnd
[2024-05-28 19:34:08.626998]     8.6250 MB /   0.50 sec =  144.7429 Mbps     0 retrans   1811 KB-cwnd
[2024-05-28 19:34:09.127078]     5.4375 MB /   0.50 sec =   91.2203 Mbps     0 retrans   1811 KB-cwnd
[2024-05-28 19:34:09.627081]     5.8750 MB /   0.50 sec =   98.5596 Mbps     0 retrans   1811 KB-cwnd
[2024-05-28 19:34:10.127233]     5.5625 MB /   0.50 sec =   93.3119 Mbps     0 retrans   1811 KB-cwnd
[2024-05-28 19:34:10.627046]     5.9375 MB /   0.50 sec =   99.6346 Mbps     0 retrans   1811 KB-cwnd
[2024-05-28 19:34:11.127008]     5.6250 MB /   0.50 sec =   94.3767 Mbps     0 retrans   1811 KB-cwnd
[2024-05-28 19:34:11.627003]     5.6250 MB /   0.50 sec =   94.3720 Mbps    26 retrans   2311 KB-cwnd
[2024-05-28 19:34:12.127222]     0.7500 MB /   0.50 sec =   12.5782 Mbps     0 retrans   2311 KB-cwnd
[2024-05-28 19:34:12.627003]    10.6250 MB /   0.50 sec =  178.3250 Mbps     0 retrans   2311 KB-cwnd
[2024-05-28 19:34:13.126946]     6.0000 MB /   0.50 sec =  100.6665 Mbps     0 retrans   2311 KB-cwnd
[2024-05-28 19:34:13.627037]     6.3125 MB /   0.50 sec =  105.8975 Mbps     0 retrans   2311 KB-cwnd
[2024-05-28 19:34:14.127015]     5.6875 MB /   0.50 sec =   95.4240 Mbps     0 retrans   2311 KB-cwnd
[2024-05-28 19:34:14.626999]     6.0625 MB /   0.50 sec =  101.7163 Mbps     0 retrans   2311 KB-cwnd
[2024-05-28 19:34:15.127121]     2.4375 MB /   0.50 sec =   40.8833 Mbps     0 retrans   2311 KB-cwnd
[2024-05-28 19:34:15.627217]     4.8750 MB /   0.50 sec =   81.7966 Mbps     0 retrans   2311 KB-cwnd
[2024-05-28 19:34:16.127098]     6.8750 MB /   0.50 sec =  115.3417 Mbps     0 retrans   2311 KB-cwnd
[2024-05-28 19:34:16.627111]     2.1875 MB /   0.50 sec =   36.7007 Mbps     0 retrans   2311 KB-cwnd
[2024-05-28 19:34:17.127149]     5.7500 MB /   0.50 sec =   96.4582 Mbps     0 retrans   2311 KB-cwnd
[2024-05-28 19:34:17.627094]     6.1250 MB /   0.50 sec =  102.7740 Mbps     0 retrans   2322 KB-cwnd
[2024-05-28 19:34:18.127132]     7.9375 MB /   0.50 sec =  133.1558 Mbps     0 retrans   2322 KB-cwnd
[2024-05-28 19:34:18.627114]     3.6250 MB /   0.50 sec =   60.8192 Mbps     0 retrans   2322 KB-cwnd
[2024-05-28 19:34:19.127155]     5.3125 MB /   0.50 sec =   89.1225 Mbps     0 retrans   2322 KB-cwnd
[2024-05-28 19:34:19.627080]     2.6875 MB /   0.50 sec =   45.0954 Mbps     0 retrans   2322 KB-cwnd
[2024-05-28 19:34:20.127160]     2.8125 MB /   0.50 sec =   47.1793 Mbps     0 retrans   2322 KB-cwnd
[2024-05-28 19:34:20.627232]     3.9375 MB /   0.50 sec =   66.0553 Mbps     0 retrans   2322 KB-cwnd
[2024-05-28 19:34:21.127151]     5.6250 MB /   0.50 sec =   94.3783 Mbps     0 retrans   2322 KB-cwnd
[2024-05-28 19:34:21.627013]     5.6875 MB /   0.50 sec =   95.4445 Mbps     0 retrans   2322 KB-cwnd
[2024-05-28 19:34:22.127005]     4.3750 MB /   0.50 sec =   73.4013 Mbps     0 retrans   2322 KB-cwnd
[2024-05-28 19:34:22.627097]     4.1875 MB /   0.50 sec =   70.2431 Mbps     0 retrans   2322 KB-cwnd
[2024-05-28 19:34:23.127156]     4.6875 MB /   0.50 sec =   78.6558 Mbps     0 retrans   2322 KB-cwnd
[2024-05-28 19:34:23.627054]     4.1875 MB /   0.50 sec =   70.2487 Mbps     0 retrans   2322 KB-cwnd
[2024-05-28 19:34:24.127058]     3.0625 MB /   0.50 sec =   51.3819 Mbps     0 retrans   2322 KB-cwnd
[2024-05-28 19:34:24.627079]     1.6875 MB /   0.50 sec =   28.3102 Mbps     0 retrans   2322 KB-cwnd
[2024-05-28 19:34:25.127063]     0.3125 MB /   0.50 sec =    5.2426 Mbps     0 retrans   2322 KB-cwnd
[2024-05-28 19:34:25.627044]     4.1250 MB /   0.50 sec =   69.2138 Mbps     0 retrans   2322 KB-cwnd
[2024-05-28 19:34:26.127198]     1.2500 MB /   0.50 sec =   20.9660 Mbps     0 retrans   2322 KB-cwnd
[2024-05-28 19:34:26.627107]     3.1250 MB /   0.50 sec =   52.4382 Mbps     0 retrans   2322 KB-cwnd
[2024-05-28 19:34:27.127138]     3.0000 MB /   0.50 sec =   50.3264 Mbps     0 retrans   2322 KB-cwnd
[2024-05-28 19:34:27.627016]     4.0000 MB /   0.50 sec =   67.1246 Mbps    30 retrans   1811 KB-cwnd
[2024-05-28 19:34:28.127126]     1.2500 MB /   0.50 sec =   20.9670 Mbps     0 retrans   1811 KB-cwnd
[2024-05-28 19:34:28.627090]     2.3750 MB /   0.50 sec =   39.8512 Mbps     0 retrans   1811 KB-cwnd
[2024-05-28 19:34:29.127191]     3.1875 MB /   0.50 sec =   53.4673 Mbps     0 retrans   1811 KB-cwnd
[2024-05-28 19:34:29.627169]     4.5625 MB /   0.50 sec =   76.5621 Mbps     0 retrans   1811 KB-cwnd
[2024-05-28 19:34:30.127145]     3.9375 MB /   0.50 sec =   66.0641 Mbps     0 retrans   1811 KB-cwnd
[2024-05-28 19:34:30.626950]     3.5000 MB /   0.50 sec =   58.7227 Mbps     0 retrans   1811 KB-cwnd
[2024-05-28 19:34:31.127180]     2.8125 MB /   0.50 sec =   47.1702 Mbps     0 retrans   1811 KB-cwnd
[2024-05-28 19:34:31.627102]     4.9375 MB /   0.50 sec =   82.8456 Mbps     0 retrans   1811 KB-cwnd
[2024-05-28 19:34:32.127168]     2.8125 MB /   0.50 sec =   47.1822 Mbps     0 retrans   1811 KB-cwnd
[2024-05-28 19:34:32.627022]     4.3125 MB /   0.50 sec =   72.3700 Mbps     0 retrans   1811 KB-cwnd
[2024-05-28 19:34:33.127049]     2.8125 MB /   0.50 sec =   47.1810 Mbps     0 retrans   1811 KB-cwnd
[2024-05-28 19:34:33.627174]     3.1875 MB /   0.50 sec =   53.4706 Mbps     0 retrans   1811 KB-cwnd
[2024-05-28 19:34:34.127099]     5.0000 MB /   0.50 sec =   83.8911 Mbps     0 retrans   1811 KB-cwnd
[2024-05-28 19:34:34.627106]     2.6875 MB /   0.50 sec =   45.0924 Mbps     0 retrans   1811 KB-cwnd
[2024-05-28 19:34:35.127064]     1.8750 MB /   0.50 sec =   31.4561 Mbps     0 retrans   1811 KB-cwnd
[2024-05-28 19:34:35.627029]     2.5625 MB /   0.50 sec =   42.9960 Mbps     0 retrans   1811 KB-cwnd
[2024-05-28 19:34:36.127118]     2.3750 MB /   0.50 sec =   39.8395 Mbps     0 retrans   1811 KB-cwnd
[2024-05-28 19:34:36.627076]     1.7500 MB /   0.50 sec =   29.3635 Mbps     0 retrans   1811 KB-cwnd
[2024-05-28 19:34:37.127120]     1.8750 MB /   0.50 sec =   31.4533 Mbps     0 retrans   1811 KB-cwnd
[2024-05-28 19:34:37.627149]     3.0000 MB /   0.50 sec =   50.3332 Mbps     0 retrans   1811 KB-cwnd
[2024-05-28 19:34:38.127310]     2.4375 MB /   0.50 sec =   40.8935 Mbps     0 retrans   1811 KB-cwnd
[2024-05-28 19:34:38.627013]     2.6250 MB /   0.50 sec =   44.0495 Mbps     0 retrans   1811 KB-cwnd
[2024-05-28 19:34:39.127042]     2.5625 MB /   0.50 sec =   42.9898 Mbps     0 retrans   1811 KB-cwnd
[2024-05-28 19:34:39.627236]     1.3125 MB /   0.50 sec =   22.0196 Mbps     0 retrans   1811 KB-cwnd
[2024-05-28 19:34:40.126960]     3.1875 MB /   0.50 sec =   53.4836 Mbps     0 retrans   1811 KB-cwnd
[2024-05-28 19:34:40.626960]     3.8125 MB /   0.50 sec =   63.9620 Mbps     0 retrans   1811 KB-cwnd
[2024-05-28 19:34:41.127011]     4.2500 MB /   0.50 sec =   71.2995 Mbps     0 retrans   1811 KB-cwnd
[2024-05-28 19:34:41.627011]     4.6250 MB /   0.50 sec =   77.5959 Mbps     0 retrans   1811 KB-cwnd
[2024-05-28 19:34:42.127009]     4.6250 MB /   0.50 sec =   77.5966 Mbps     0 retrans   1811 KB-cwnd
[2024-05-28 19:34:42.627159]     5.1875 MB /   0.50 sec =   87.0252 Mbps     0 retrans   1811 KB-cwnd
[2024-05-28 19:34:43.127112]     4.5625 MB /   0.50 sec =   76.5359 Mbps     0 retrans   1811 KB-cwnd
[2024-05-28 19:34:43.627130]     4.0000 MB /   0.50 sec =   67.1077 Mbps     0 retrans   1811 KB-cwnd
[2024-05-28 19:34:44.127256]     5.3125 MB /   0.50 sec =   89.1266 Mbps     0 retrans   1811 KB-cwnd
[2024-05-28 19:34:44.627130]     3.6250 MB /   0.50 sec =   60.8180 Mbps     0 retrans   1811 KB-cwnd
[2024-05-28 19:34:45.127094]     5.8125 MB /   0.50 sec =   97.5217 Mbps     0 retrans   1811 KB-cwnd
[2024-05-28 19:34:45.627005]     2.1250 MB /   0.50 sec =   35.6583 Mbps     0 retrans   1811 KB-cwnd
[2024-05-28 19:34:46.126979]     5.3125 MB /   0.50 sec =   89.1281 Mbps     0 retrans   1811 KB-cwnd
[2024-05-28 19:34:46.627027]     5.5000 MB /   0.50 sec =   92.2727 Mbps     0 retrans   1811 KB-cwnd
[2024-05-28 19:34:47.127023]     5.4375 MB /   0.50 sec =   91.2263 Mbps     0 retrans   1811 KB-cwnd
[2024-05-28 19:34:47.627062]     6.1875 MB /   0.50 sec =  103.8042 Mbps    31 retrans   2481 KB-cwnd
[2024-05-28 19:34:48.127002]     6.1875 MB /   0.50 sec =  103.8161 Mbps     0 retrans   2481 KB-cwnd
[2024-05-28 19:34:48.626997]     6.3750 MB /   0.50 sec =  106.9550 Mbps     0 retrans   2481 KB-cwnd
[2024-05-28 19:34:49.127018]     6.8125 MB /   0.50 sec =  114.2936 Mbps     0 retrans   2481 KB-cwnd
[2024-05-28 19:34:49.627021]     7.1875 MB /   0.50 sec =  120.5848 Mbps     0 retrans   2481 KB-cwnd
[2024-05-28 19:34:50.127191]     6.8125 MB /   0.50 sec =  114.2795 Mbps     0 retrans   2481 KB-cwnd
[2024-05-28 19:34:50.627055]     2.8125 MB /   0.50 sec =   47.1900 Mbps     0 retrans   2481 KB-cwnd
[2024-05-28 19:34:51.127041]     7.6250 MB /   0.50 sec =  127.9291 Mbps     0 retrans   2481 KB-cwnd
[2024-05-28 19:34:51.627030]     8.0625 MB /   0.50 sec =  135.2660 Mbps     0 retrans   2481 KB-cwnd
[2024-05-28 19:34:52.127010]     7.3125 MB /   0.50 sec =  122.6888 Mbps     0 retrans   2481 KB-cwnd
[2024-05-28 19:34:52.627054]     7.4375 MB /   0.50 sec =  124.7818 Mbps     0 retrans   2481 KB-cwnd
[2024-05-28 19:34:53.127003]     7.6250 MB /   0.50 sec =  127.9260 Mbps     0 retrans   2481 KB-cwnd
[2024-05-28 19:34:53.627074]     7.2500 MB /   0.50 sec =  121.6178 Mbps     0 retrans   2481 KB-cwnd
[2024-05-28 19:34:54.127022]     6.6875 MB /   0.50 sec =  112.2082 Mbps     0 retrans   2481 KB-cwnd
[2024-05-28 19:34:54.627040]     8.0000 MB /   0.50 sec =  134.2204 Mbps     0 retrans   2481 KB-cwnd
[2024-05-28 19:34:55.126999]     8.0625 MB /   0.50 sec =  135.2690 Mbps     0 retrans   2481 KB-cwnd
[2024-05-28 19:34:55.627109]     7.0625 MB /   0.50 sec =  118.4704 Mbps     0 retrans   2481 KB-cwnd
[2024-05-28 19:34:56.127035]     3.1875 MB /   0.50 sec =   53.4879 Mbps     0 retrans   2489 KB-cwnd
[2024-05-28 19:34:56.627056]     8.6875 MB /   0.50 sec =  145.7331 Mbps     0 retrans   2489 KB-cwnd
[2024-05-28 19:34:57.127004]     8.1875 MB /   0.50 sec =  137.3769 Mbps     0 retrans   2489 KB-cwnd
[2024-05-28 19:34:57.627122]     6.6875 MB /   0.50 sec =  112.1739 Mbps    59 retrans   1480 KB-cwnd
[2024-05-28 19:34:58.126954]    11.3125 MB /   0.50 sec =  189.8374 Mbps     0 retrans   1509 KB-cwnd
End time: 1716939298184
