Start time: 1716919197084
[2024-05-28 13:59:58.422639] nuttcp-r: v8.1.4: socket
[2024-05-28 13:59:58.423321] nuttcp-r: buflen=65536, nstream=1, port=5002 tcp
[2024-05-28 13:59:58.423493] nuttcp-r: interval reporting every 0.50 seconds
[2024-05-28 13:59:58.423576] nuttcp-r: connect to 35.245.244.238 with RTT=85.800 ms af=inet
[2024-05-28 13:59:58.423631] nuttcp-r: send window size = 2097152, receive window size = 6291456
[2024-05-28 13:59:58.423683] nuttcp-r: available send window = 1572864, available receive window = 4718592
[2024-05-28 13:59:58.423735]     0.2500 MB /   0.50 sec =    4.1938 Mbps     0 retrans     13 KB-cwnd
[2024-05-28 13:59:58.923276]     2.3750 MB /   0.50 sec =   39.8196 Mbps     0 retrans     13 KB-cwnd
[2024-05-28 13:59:59.422509]     3.0625 MB /   0.50 sec =   51.4182 Mbps     0 retrans     13 KB-cwnd
[2024-05-28 13:59:59.923038]     3.2500 MB /   0.50 sec =   54.4930 Mbps     0 retrans     13 KB-cwnd
[2024-05-28 14:00:00.422788]     3.2500 MB /   0.50 sec =   54.5322 Mbps     0 retrans     13 KB-cwnd
[2024-05-28 14:00:00.922972]     3.3125 MB /   0.50 sec =   55.5633 Mbps     0 retrans     13 KB-cwnd
[2024-05-28 14:00:01.422736]     3.1875 MB /   0.50 sec =   53.5117 Mbps     0 retrans     13 KB-cwnd
[2024-05-28 14:00:01.922820]     3.3125 MB /   0.50 sec =   55.5464 Mbps     0 retrans     13 KB-cwnd
[2024-05-28 14:00:02.422767]     3.2500 MB /   0.50 sec =   54.5402 Mbps     0 retrans     13 KB-cwnd
[2024-05-28 14:00:02.922591]     3.3750 MB /   0.50 sec =   56.6367 Mbps     0 retrans     13 KB-cwnd
[2024-05-28 14:00:03.422670]     3.3125 MB /   0.50 sec =   55.5700 Mbps     0 retrans     13 KB-cwnd
[2024-05-28 14:00:03.922575]     3.2500 MB /   0.50 sec =   54.5309 Mbps     0 retrans     13 KB-cwnd
[2024-05-28 14:00:04.422752]     3.2500 MB /   0.50 sec =   54.5289 Mbps     0 retrans     13 KB-cwnd
[2024-05-28 14:00:04.922578]     3.5000 MB /   0.50 sec =   58.7167 Mbps     0 retrans     13 KB-cwnd
[2024-05-28 14:00:05.422581]     3.3750 MB /   0.50 sec =   56.6231 Mbps     0 retrans     13 KB-cwnd
[2024-05-28 14:00:05.922667]     3.3750 MB /   0.50 sec =   56.6231 Mbps     0 retrans     13 KB-cwnd
[2024-05-28 14:00:06.422693]     3.1875 MB /   0.50 sec =   53.4787 Mbps     0 retrans     13 KB-cwnd
[2024-05-28 14:00:06.922899]     3.1875 MB /   0.50 sec =   53.4435 Mbps     0 retrans     13 KB-cwnd
[2024-05-28 14:00:07.422582]     3.1250 MB /   0.50 sec =   52.4608 Mbps     0 retrans     13 KB-cwnd
[2024-05-28 14:00:07.922631]     2.8125 MB /   0.50 sec =   47.1811 Mbps     0 retrans     13 KB-cwnd
[2024-05-28 14:00:08.422641]     3.0625 MB /   0.50 sec =   51.3811 Mbps     0 retrans     13 KB-cwnd
[2024-05-28 14:00:08.922626]     1.1250 MB /   0.50 sec =   18.8738 Mbps     0 retrans     13 KB-cwnd
[2024-05-28 14:00:09.422604]     2.8750 MB /   0.50 sec =   48.2387 Mbps     0 retrans     13 KB-cwnd
[2024-05-28 14:00:09.922619]     2.6875 MB /   0.50 sec =   45.0856 Mbps     0 retrans     13 KB-cwnd
[2024-05-28 14:00:10.422592]     2.7500 MB /   0.50 sec =   46.1414 Mbps     0 retrans     13 KB-cwnd
[2024-05-28 14:00:10.922740]     2.6875 MB /   0.50 sec =   45.0888 Mbps     0 retrans     13 KB-cwnd
[2024-05-28 14:00:11.422983]     2.4375 MB /   0.50 sec =   40.8643 Mbps     0 retrans     13 KB-cwnd
[2024-05-28 14:00:11.922656]     2.3750 MB /   0.50 sec =   39.8700 Mbps     0 retrans     13 KB-cwnd
[2024-05-28 14:00:12.422609]     2.0000 MB /   0.50 sec =   33.5579 Mbps     0 retrans     13 KB-cwnd
[2024-05-28 14:00:12.922574]     1.6250 MB /   0.50 sec =   27.2638 Mbps     0 retrans     13 KB-cwnd
[2024-05-28 14:00:13.422709]     1.4375 MB /   0.50 sec =   24.1172 Mbps     0 retrans     13 KB-cwnd
[2024-05-28 14:00:13.922628]     1.4375 MB /   0.50 sec =   24.1151 Mbps     0 retrans     13 KB-cwnd
[2024-05-28 14:00:14.422594]     1.4375 MB /   0.50 sec =   24.1195 Mbps     0 retrans     13 KB-cwnd
[2024-05-28 14:00:14.922614]     1.5625 MB /   0.50 sec =   26.2138 Mbps     0 retrans     13 KB-cwnd
[2024-05-28 14:00:15.422592]     1.6875 MB /   0.50 sec =   28.3121 Mbps     0 retrans     13 KB-cwnd
[2024-05-28 14:00:15.922623]     1.4375 MB /   0.50 sec =   24.1151 Mbps     0 retrans     13 KB-cwnd
[2024-05-28 14:00:16.422724]     0.6875 MB /   0.50 sec =   11.5338 Mbps     0 retrans     13 KB-cwnd
[2024-05-28 14:00:16.922625]     0.9375 MB /   0.50 sec =   15.7309 Mbps     0 retrans     13 KB-cwnd
[2024-05-28 14:00:17.422578]     1.0625 MB /   0.50 sec =   17.8259 Mbps     0 retrans     13 KB-cwnd
[2024-05-28 14:00:17.922641]     1.3125 MB /   0.50 sec =   22.0172 Mbps     0 retrans     13 KB-cwnd
[2024-05-28 14:00:18.422804]     1.2500 MB /   0.50 sec =   20.9743 Mbps     0 retrans     13 KB-cwnd
[2024-05-28 14:00:18.923870]     1.3750 MB /   0.50 sec =   23.0111 Mbps     0 retrans     13 KB-cwnd
[2024-05-28 14:00:19.422585]     0.2500 MB /   0.50 sec =    4.2048 Mbps     0 retrans     13 KB-cwnd
[2024-05-28 14:00:19.922581]     1.7500 MB /   0.50 sec =   29.3599 Mbps     0 retrans     13 KB-cwnd
[2024-05-28 14:00:20.422587]     1.8750 MB /   0.50 sec =   31.4572 Mbps     0 retrans     13 KB-cwnd
[2024-05-28 14:00:20.922645]     2.1250 MB /   0.50 sec =   35.6478 Mbps     0 retrans     13 KB-cwnd
[2024-05-28 14:00:21.422604]     2.2500 MB /   0.50 sec =   37.7527 Mbps     0 retrans     13 KB-cwnd
[2024-05-28 14:00:21.922596]     2.5000 MB /   0.50 sec =   41.9423 Mbps     0 retrans     13 KB-cwnd
[2024-05-28 14:00:22.422607]     2.6250 MB /   0.50 sec =   44.0405 Mbps     0 retrans     13 KB-cwnd
[2024-05-28 14:00:22.922774]     2.7500 MB /   0.50 sec =   46.1396 Mbps     0 retrans     13 KB-cwnd
[2024-05-28 14:00:23.422572]     2.3125 MB /   0.50 sec =   38.7967 Mbps     0 retrans     13 KB-cwnd
[2024-05-28 14:00:23.922579]     2.4375 MB /   0.50 sec =   40.8940 Mbps     0 retrans     13 KB-cwnd
[2024-05-28 14:00:24.422597]     2.0625 MB /   0.50 sec =   34.6029 Mbps     0 retrans     13 KB-cwnd
[2024-05-28 14:00:24.923565]     1.7500 MB /   0.50 sec =   29.3030 Mbps     0 retrans     13 KB-cwnd
[2024-05-28 14:00:25.422631]     1.7500 MB /   0.50 sec =   29.4147 Mbps     0 retrans     13 KB-cwnd
[2024-05-28 14:00:25.922616]     1.4375 MB /   0.50 sec =   24.1177 Mbps     0 retrans     13 KB-cwnd
[2024-05-28 14:00:26.422774]     1.0000 MB /   0.50 sec =   16.7781 Mbps     0 retrans     13 KB-cwnd
[2024-05-28 14:00:26.922598]     1.3750 MB /   0.50 sec =   23.0692 Mbps     0 retrans     13 KB-cwnd
[2024-05-28 14:00:27.422584]     1.1875 MB /   0.50 sec =   19.9231 Mbps     0 retrans     13 KB-cwnd
[2024-05-28 14:00:27.923445]     0.5625 MB /   0.50 sec =    9.4291 Mbps     0 retrans     13 KB-cwnd
[2024-05-28 14:00:28.436759]     0.5000 MB /   0.51 sec =    8.1710 Mbps     0 retrans     13 KB-cwnd
[2024-05-28 14:00:28.922642]     0.3125 MB /   0.49 sec =    5.3907 Mbps     0 retrans     13 KB-cwnd
[2024-05-28 14:00:29.422593]     0.3750 MB /   0.50 sec =    6.2918 Mbps     0 retrans     13 KB-cwnd
[2024-05-28 14:00:29.922663]     0.3125 MB /   0.50 sec =    5.2423 Mbps     0 retrans     13 KB-cwnd
[2024-05-28 14:00:30.423744]     0.2500 MB /   0.50 sec =    4.1855 Mbps     0 retrans     13 KB-cwnd
[2024-05-28 14:00:30.923625]     0.0000 MB /   0.50 sec =    0.0000 Mbps     0 retrans     13 KB-cwnd
[2024-05-28 14:00:31.422605]     0.0000 MB /   0.50 sec =    0.0000 Mbps     0 retrans     13 KB-cwnd
[2024-05-28 14:00:31.922633]     0.1250 MB /   0.50 sec =    2.0972 Mbps     0 retrans     13 KB-cwnd
[2024-05-28 14:00:32.422784]     0.2500 MB /   0.50 sec =    4.1930 Mbps     0 retrans     13 KB-cwnd
[2024-05-28 14:00:32.922962]     0.0000 MB /   0.50 sec =    0.0000 Mbps     0 retrans     13 KB-cwnd
[2024-05-28 14:00:33.423560]     0.0000 MB /   0.50 sec =    0.0000 Mbps     0 retrans     13 KB-cwnd
[2024-05-28 14:00:33.922799]     0.0000 MB /   0.50 sec =    0.0000 Mbps     0 retrans     13 KB-cwnd
[2024-05-28 14:00:34.422840]     0.5000 MB /   0.50 sec =    8.3883 Mbps     0 retrans     13 KB-cwnd
[2024-05-28 14:00:34.923554]     0.0000 MB /   0.50 sec =    0.0000 Mbps     0 retrans     13 KB-cwnd
[2024-05-28 14:00:35.423766]     0.4375 MB /   0.50 sec =    7.3375 Mbps     0 retrans     13 KB-cwnd
[2024-05-28 14:00:35.923579]     0.6250 MB /   0.50 sec =   10.4889 Mbps     0 retrans     13 KB-cwnd
[2024-05-28 14:00:36.422769]     0.6250 MB /   0.50 sec =   10.5029 Mbps     0 retrans     13 KB-cwnd
[2024-05-28 14:00:36.922636]     0.2500 MB /   0.50 sec =    4.1953 Mbps     0 retrans     13 KB-cwnd
[2024-05-28 14:00:37.422859]     0.1875 MB /   0.50 sec =    3.1447 Mbps     0 retrans     13 KB-cwnd
[2024-05-28 14:00:37.923557]     0.0000 MB /   0.50 sec =    0.0000 Mbps     0 retrans     13 KB-cwnd
[2024-05-28 14:00:38.422790]     0.3750 MB /   0.50 sec =    6.3031 Mbps     0 retrans     13 KB-cwnd
[2024-05-28 14:00:38.923626]     0.0000 MB /   0.50 sec =    0.0000 Mbps     0 retrans     13 KB-cwnd
[2024-05-28 14:00:39.422608]     0.2500 MB /   0.50 sec =    4.2027 Mbps     0 retrans     13 KB-cwnd
[2024-05-28 14:00:39.922852]     0.0000 MB /   0.50 sec =    0.0000 Mbps     0 retrans     13 KB-cwnd
[2024-05-28 14:00:40.422657]     0.2500 MB /   0.50 sec =    4.1958 Mbps     0 retrans     13 KB-cwnd
[2024-05-28 14:00:40.922811]     0.0625 MB /   0.50 sec =    1.0483 Mbps     0 retrans     13 KB-cwnd
[2024-05-28 14:00:41.422625]     0.1875 MB /   0.50 sec =    3.1468 Mbps     0 retrans     13 KB-cwnd
[2024-05-28 14:00:41.922593]     0.1875 MB /   0.50 sec =    3.1458 Mbps     0 retrans     13 KB-cwnd
[2024-05-28 14:00:42.423675]     0.0625 MB /   0.50 sec =    1.0464 Mbps     0 retrans     13 KB-cwnd
[2024-05-28 14:00:42.922725]     0.1250 MB /   0.50 sec =    2.1011 Mbps     0 retrans     13 KB-cwnd
[2024-05-28 14:00:43.422622]     0.1875 MB /   0.50 sec =    3.1464 Mbps     0 retrans     13 KB-cwnd
[2024-05-28 14:00:43.922548]     0.1250 MB /   0.50 sec =    2.0972 Mbps     0 retrans     13 KB-cwnd
[2024-05-28 14:00:44.423101]     0.1250 MB /   0.50 sec =    2.0952 Mbps     0 retrans     13 KB-cwnd
[2024-05-28 14:00:44.922596]     0.1250 MB /   0.50 sec =    2.0991 Mbps     0 retrans     13 KB-cwnd
[2024-05-28 14:00:45.422649]     0.1875 MB /   0.50 sec =    3.1454 Mbps     0 retrans     13 KB-cwnd
[2024-05-28 14:00:45.922622]     0.1875 MB /   0.50 sec =    3.1459 Mbps     0 retrans     13 KB-cwnd
[2024-05-28 14:00:46.422630]     0.1875 MB /   0.50 sec =    3.1458 Mbps     0 retrans     13 KB-cwnd
[2024-05-28 14:00:46.922595]     0.1875 MB /   0.50 sec =    3.1457 Mbps     0 retrans     13 KB-cwnd
[2024-05-28 14:00:47.422642]     0.1875 MB /   0.50 sec =    3.1457 Mbps     0 retrans     13 KB-cwnd
[2024-05-28 14:00:47.922608]     0.1875 MB /   0.50 sec =    3.1458 Mbps     0 retrans     13 KB-cwnd
[2024-05-28 14:00:48.423027]     0.1875 MB /   0.50 sec =    3.1443 Mbps     0 retrans     13 KB-cwnd
[2024-05-28 14:00:48.922996]     0.2500 MB /   0.50 sec =    4.1930 Mbps     0 retrans     13 KB-cwnd
[2024-05-28 14:00:49.422638]     0.2500 MB /   0.50 sec =    4.1972 Mbps     0 retrans     13 KB-cwnd
[2024-05-28 14:00:49.922582]     0.1875 MB /   0.50 sec =    3.1460 Mbps     0 retrans     13 KB-cwnd
[2024-05-28 14:00:50.422603]     0.2500 MB /   0.50 sec =    4.1943 Mbps     0 retrans     13 KB-cwnd
[2024-05-28 14:00:50.922580]     0.2500 MB /   0.50 sec =    4.1943 Mbps     0 retrans     13 KB-cwnd
[2024-05-28 14:00:51.422637]     0.3125 MB /   0.50 sec =    5.2428 Mbps     0 retrans     13 KB-cwnd
[2024-05-28 14:00:51.922583]     0.2500 MB /   0.50 sec =    4.1944 Mbps     0 retrans     13 KB-cwnd
[2024-05-28 14:00:52.422615]     0.3125 MB /   0.50 sec =    5.2427 Mbps     0 retrans     13 KB-cwnd
[2024-05-28 14:00:52.922586]     0.2500 MB /   0.50 sec =    4.1944 Mbps     0 retrans     13 KB-cwnd
[2024-05-28 14:00:53.422639]     0.3750 MB /   0.50 sec =    6.2913 Mbps     0 retrans     13 KB-cwnd
[2024-05-28 14:00:53.922752]     0.3125 MB /   0.50 sec =    5.2425 Mbps     0 retrans     13 KB-cwnd
[2024-05-28 14:00:54.422633]     0.1875 MB /   0.50 sec =    3.1459 Mbps     0 retrans     13 KB-cwnd
[2024-05-28 14:00:54.922717]     0.2500 MB /   0.50 sec =    4.1945 Mbps     0 retrans     13 KB-cwnd
[2024-05-28 14:00:55.423025]     0.2500 MB /   0.50 sec =    4.1907 Mbps     0 retrans     13 KB-cwnd
[2024-05-28 14:00:55.922749]     0.1875 MB /   0.50 sec =    3.1477 Mbps     0 retrans     13 KB-cwnd
[2024-05-28 14:00:56.422619]     0.1875 MB /   0.50 sec =    3.1464 Mbps     0 retrans     13 KB-cwnd
[2024-05-28 14:00:56.922533]     0.1875 MB /   0.50 sec =    3.1458 Mbps     0 retrans     13 KB-cwnd
[2024-05-28 14:00:57.423225]     0.2500 MB /   0.50 sec =    4.1905 Mbps     0 retrans     13 KB-cwnd
[2024-05-28 14:00:57.922643]     0.1875 MB /   0.50 sec =    3.1482 Mbps     0 retrans     13 KB-cwnd
[2024-05-28 14:00:58.422615]     0.1875 MB /   0.50 sec =    3.1459 Mbps     0 retrans     13 KB-cwnd
[2024-05-28 14:00:58.922586]     0.2500 MB /   0.50 sec =    4.1945 Mbps     0 retrans     13 KB-cwnd
[2024-05-28 14:00:59.422631]     0.2500 MB /   0.50 sec =    4.1942 Mbps     0 retrans     13 KB-cwnd
[2024-05-28 14:00:59.922575]     0.2500 MB /   0.50 sec =    4.1944 Mbps     0 retrans     13 KB-cwnd
[2024-05-28 14:01:00.422693]     0.2500 MB /   0.50 sec =    4.1936 Mbps     0 retrans     13 KB-cwnd
[2024-05-28 14:01:00.922611]     0.3125 MB /   0.50 sec =    5.2436 Mbps     0 retrans     13 KB-cwnd
[2024-05-28 14:01:01.422619]     0.2500 MB /   0.50 sec =    4.1943 Mbps     0 retrans     13 KB-cwnd
[2024-05-28 14:01:01.922622]     0.2500 MB /   0.50 sec =    4.1943 Mbps     0 retrans     13 KB-cwnd
[2024-05-28 14:01:02.422641]     0.3125 MB /   0.50 sec =    5.2428 Mbps     0 retrans     13 KB-cwnd
[2024-05-28 14:01:02.922585]     0.2500 MB /   0.50 sec =    4.1945 Mbps     0 retrans     13 KB-cwnd
[2024-05-28 14:01:03.422616]     0.3125 MB /   0.50 sec =    5.2429 Mbps     0 retrans     13 KB-cwnd
[2024-05-28 14:01:03.922578]     0.3125 MB /   0.50 sec =    5.2430 Mbps     0 retrans     13 KB-cwnd
[2024-05-28 14:01:04.422755]     0.3125 MB /   0.50 sec =    5.2431 Mbps     0 retrans     13 KB-cwnd
[2024-05-28 14:01:04.922775]     0.2500 MB /   0.50 sec =    4.1940 Mbps     0 retrans     13 KB-cwnd
[2024-05-28 14:01:05.422571]     0.3125 MB /   0.50 sec =    5.2431 Mbps     0 retrans     13 KB-cwnd
[2024-05-28 14:01:05.922569]     0.3750 MB /   0.50 sec =    6.2914 Mbps     0 retrans     13 KB-cwnd
[2024-05-28 14:01:06.422665]     0.3125 MB /   0.50 sec =    5.2423 Mbps     0 retrans     13 KB-cwnd
[2024-05-28 14:01:06.922592]     0.3125 MB /   0.50 sec =    5.2434 Mbps     0 retrans     13 KB-cwnd
[2024-05-28 14:01:07.422622]     0.2500 MB /   0.50 sec =    4.1943 Mbps     0 retrans     13 KB-cwnd
[2024-05-28 14:01:07.922588]     0.2500 MB /   0.50 sec =    4.1944 Mbps     0 retrans     13 KB-cwnd
[2024-05-28 14:01:08.422794]     0.2500 MB /   0.50 sec =    4.1941 Mbps     0 retrans     13 KB-cwnd
[2024-05-28 14:01:08.922599]     0.2500 MB /   0.50 sec =    4.1944 Mbps     0 retrans     13 KB-cwnd
[2024-05-28 14:01:09.422656]     0.1875 MB /   0.50 sec =    3.1456 Mbps     0 retrans     13 KB-cwnd
[2024-05-28 14:01:09.922596]     0.1250 MB /   0.50 sec =    2.0972 Mbps     0 retrans     13 KB-cwnd
[2024-05-28 14:01:10.422750]     0.1875 MB /   0.50 sec =    3.1454 Mbps     0 retrans     13 KB-cwnd
[2024-05-28 14:01:10.922605]     0.1875 MB /   0.50 sec =    3.1461 Mbps     0 retrans     13 KB-cwnd
[2024-05-28 14:01:11.422757]     0.1875 MB /   0.50 sec =    3.1459 Mbps     0 retrans     13 KB-cwnd
[2024-05-28 14:01:11.922595]     0.1875 MB /   0.50 sec =    3.1456 Mbps     0 retrans     13 KB-cwnd
[2024-05-28 14:01:12.422662]     0.2500 MB /   0.50 sec =    4.1940 Mbps     0 retrans     13 KB-cwnd
[2024-05-28 14:01:12.922591]     0.1875 MB /   0.50 sec =    3.1459 Mbps     0 retrans     13 KB-cwnd
[2024-05-28 14:01:13.422636]     0.1875 MB /   0.50 sec =    3.1457 Mbps     0 retrans     13 KB-cwnd
[2024-05-28 14:01:13.922585]     0.2500 MB /   0.50 sec =    4.1944 Mbps     0 retrans     13 KB-cwnd
[2024-05-28 14:01:14.422671]     0.2500 MB /   0.50 sec =    4.1937 Mbps     0 retrans     13 KB-cwnd
[2024-05-28 14:01:14.922620]     0.1250 MB /   0.50 sec =    2.0974 Mbps     0 retrans     13 KB-cwnd
[2024-05-28 14:01:15.422807]     0.1875 MB /   0.50 sec =    3.1458 Mbps     0 retrans     13 KB-cwnd
[2024-05-28 14:01:15.922690]     0.2500 MB /   0.50 sec =    4.1945 Mbps     0 retrans     13 KB-cwnd
[2024-05-28 14:01:16.423064]     0.3125 MB /   0.50 sec =    5.2382 Mbps     0 retrans     13 KB-cwnd
[2024-05-28 14:01:16.928272]     0.2500 MB /   0.50 sec =    4.1552 Mbps     0 retrans     13 KB-cwnd
[2024-05-28 14:01:17.422646]     0.2500 MB /   0.49 sec =    4.2376 Mbps     0 retrans     13 KB-cwnd
[2024-05-28 14:01:17.922610]     0.3750 MB /   0.50 sec =    6.2916 Mbps     0 retrans     13 KB-cwnd
[2024-05-28 14:01:18.422615]     0.3125 MB /   0.50 sec =    5.2429 Mbps     0 retrans     13 KB-cwnd
[2024-05-28 14:01:18.922580]     0.3125 MB /   0.50 sec =    5.2430 Mbps     0 retrans     13 KB-cwnd
[2024-05-28 14:01:19.422614]     0.2500 MB /   0.50 sec =    4.1943 Mbps     0 retrans     13 KB-cwnd
[2024-05-28 14:01:19.922601]     0.5000 MB /   0.50 sec =    8.3887 Mbps     0 retrans     13 KB-cwnd
[2024-05-28 14:01:20.422602]     0.2500 MB /   0.50 sec =    4.1942 Mbps     0 retrans     13 KB-cwnd
[2024-05-28 14:01:20.922686]     0.1875 MB /   0.50 sec =    3.1453 Mbps     0 retrans     13 KB-cwnd
[2024-05-28 14:01:21.422902]     0.0000 MB /   0.50 sec =    0.0000 Mbps     0 retrans     13 KB-cwnd
[2024-05-28 14:01:21.922590]     0.2500 MB /   0.50 sec =    4.1950 Mbps     0 retrans     13 KB-cwnd
[2024-05-28 14:01:22.422637]     0.2500 MB /   0.50 sec =    4.1941 Mbps     0 retrans     13 KB-cwnd
[2024-05-28 14:01:22.922614]     0.2500 MB /   0.50 sec =    4.1944 Mbps     0 retrans     13 KB-cwnd
[2024-05-28 14:01:23.422651]     0.2500 MB /   0.50 sec =    4.1943 Mbps     0 retrans     13 KB-cwnd
[2024-05-28 14:01:23.922587]     0.3125 MB /   0.50 sec =    5.2430 Mbps     0 retrans     13 KB-cwnd
[2024-05-28 14:01:24.422683]     0.2500 MB /   0.50 sec =    4.1938 Mbps     0 retrans     13 KB-cwnd
[2024-05-28 14:01:24.922602]     0.1875 MB /   0.50 sec =    3.1460 Mbps     0 retrans     13 KB-cwnd
[2024-05-28 14:01:25.422613]     0.1875 MB /   0.50 sec =    3.1458 Mbps     0 retrans     13 KB-cwnd
[2024-05-28 14:01:25.922640]     0.1875 MB /   0.50 sec =    3.1456 Mbps     0 retrans     13 KB-cwnd
[2024-05-28 14:01:26.422658]     0.1875 MB /   0.50 sec =    3.1457 Mbps     0 retrans     13 KB-cwnd
[2024-05-28 14:01:26.922772]     0.1875 MB /   0.50 sec =    3.1461 Mbps     0 retrans     13 KB-cwnd
[2024-05-28 14:01:27.422642]     0.1875 MB /   0.50 sec =    3.1454 Mbps     0 retrans     13 KB-cwnd
[2024-05-28 14:01:27.922595]     0.2500 MB /   0.50 sec =    4.1944 Mbps     0 retrans     13 KB-cwnd
[2024-05-28 14:01:28.423889]     0.1250 MB /   0.50 sec =    2.0921 Mbps     0 retrans     13 KB-cwnd
[2024-05-28 14:01:28.922671]     0.1250 MB /   0.50 sec =    2.1023 Mbps     0 retrans     13 KB-cwnd
[2024-05-28 14:01:29.422598]     0.2500 MB /   0.50 sec =    4.1944 Mbps     0 retrans     13 KB-cwnd
[2024-05-28 14:01:29.922598]     0.1875 MB /   0.50 sec =    3.1457 Mbps     0 retrans     13 KB-cwnd
[2024-05-28 14:01:30.422670]     0.2500 MB /   0.50 sec =    4.1940 Mbps     0 retrans     13 KB-cwnd
[2024-05-28 14:01:30.922596]     0.3125 MB /   0.50 sec =    5.2433 Mbps     0 retrans     13 KB-cwnd
[2024-05-28 14:01:31.422607]     0.2500 MB /   0.50 sec =    4.1943 Mbps     0 retrans     13 KB-cwnd
[2024-05-28 14:01:31.922603]     0.3125 MB /   0.50 sec =    5.2428 Mbps     0 retrans     13 KB-cwnd
[2024-05-28 14:01:32.422737]     0.2500 MB /   0.50 sec =    4.1944 Mbps     0 retrans     13 KB-cwnd
[2024-05-28 14:01:32.922936]     0.2500 MB /   0.50 sec =    4.1914 Mbps     0 retrans     13 KB-cwnd
[2024-05-28 14:01:33.422610]     0.2500 MB /   0.50 sec =    4.1971 Mbps     0 retrans     13 KB-cwnd
[2024-05-28 14:01:33.922633]     0.1875 MB /   0.50 sec =    3.1456 Mbps     0 retrans     13 KB-cwnd
[2024-05-28 14:01:34.423766]     0.2500 MB /   0.50 sec =    4.1851 Mbps     0 retrans     13 KB-cwnd
[2024-05-28 14:01:34.922587]     0.2500 MB /   0.50 sec =    4.2037 Mbps     0 retrans     13 KB-cwnd
[2024-05-28 14:01:35.422643]     0.2500 MB /   0.50 sec =    4.1942 Mbps     0 retrans     13 KB-cwnd
[2024-05-28 14:01:35.922597]     0.2500 MB /   0.50 sec =    4.1944 Mbps     0 retrans     13 KB-cwnd
[2024-05-28 14:01:36.422716]     0.1250 MB /   0.50 sec =    2.0968 Mbps     0 retrans     13 KB-cwnd
[2024-05-28 14:01:36.922799]     0.1250 MB /   0.50 sec =    2.0974 Mbps     0 retrans     13 KB-cwnd
[2024-05-28 14:01:37.422671]     0.0625 MB /   0.50 sec =    1.0486 Mbps     0 retrans     13 KB-cwnd
[2024-05-28 14:01:37.922770]     0.0000 MB /   0.50 sec =    0.0000 Mbps     0 retrans     13 KB-cwnd
[2024-05-28 14:01:38.422641]     0.2500 MB /   0.50 sec =    4.1945 Mbps     0 retrans     13 KB-cwnd
[2024-05-28 14:01:38.922627]     0.1250 MB /   0.50 sec =    2.0972 Mbps     0 retrans     13 KB-cwnd
[2024-05-28 14:01:39.422595]     0.1250 MB /   0.50 sec =    2.0972 Mbps     0 retrans     13 KB-cwnd
[2024-05-28 14:01:39.922641]     0.1875 MB /   0.50 sec =    3.1456 Mbps     0 retrans     13 KB-cwnd
[2024-05-28 14:01:40.422673]     0.0625 MB /   0.50 sec =    1.0486 Mbps     0 retrans     13 KB-cwnd
[2024-05-28 14:01:40.922665]     0.1875 MB /   0.50 sec =    3.1456 Mbps     0 retrans     13 KB-cwnd
[2024-05-28 14:01:41.422693]     0.1875 MB /   0.50 sec =    3.1457 Mbps     0 retrans     13 KB-cwnd
[2024-05-28 14:01:41.922601]     0.1875 MB /   0.50 sec =    3.1461 Mbps     0 retrans     13 KB-cwnd
[2024-05-28 14:01:42.422701]     0.1875 MB /   0.50 sec =    3.1456 Mbps     0 retrans     13 KB-cwnd
[2024-05-28 14:01:42.922977]     0.2500 MB /   0.50 sec =    4.1913 Mbps     0 retrans     13 KB-cwnd
[2024-05-28 14:01:43.422823]     0.2500 MB /   0.50 sec =    4.1974 Mbps     0 retrans     13 KB-cwnd
[2024-05-28 14:01:43.922630]     0.1875 MB /   0.50 sec =    3.1455 Mbps     0 retrans     13 KB-cwnd
[2024-05-28 14:01:44.422677]     0.2500 MB /   0.50 sec =    4.1941 Mbps     0 retrans     13 KB-cwnd
[2024-05-28 14:01:44.922622]     0.1875 MB /   0.50 sec =    3.1460 Mbps     0 retrans     13 KB-cwnd
[2024-05-28 14:01:45.422794]     0.2500 MB /   0.50 sec =    4.1943 Mbps     0 retrans     13 KB-cwnd
[2024-05-28 14:01:45.922600]     0.2500 MB /   0.50 sec =    4.1944 Mbps     0 retrans     13 KB-cwnd
[2024-05-28 14:01:46.422639]     0.2500 MB /   0.50 sec =    4.1942 Mbps     0 retrans     13 KB-cwnd
[2024-05-28 14:01:46.922579]     0.2500 MB /   0.50 sec =    4.1944 Mbps     0 retrans     13 KB-cwnd
[2024-05-28 14:01:47.422649]     0.1875 MB /   0.50 sec =    3.1456 Mbps     0 retrans     13 KB-cwnd
[2024-05-28 14:01:47.922610]     0.2500 MB /   0.50 sec =    4.1943 Mbps     0 retrans     13 KB-cwnd
[2024-05-28 14:01:48.422599]     0.3125 MB /   0.50 sec =    5.2430 Mbps     0 retrans     13 KB-cwnd
[2024-05-28 14:01:48.922606]     0.2500 MB /   0.50 sec =    4.1943 Mbps     0 retrans     13 KB-cwnd
[2024-05-28 14:01:49.422632]     0.2500 MB /   0.50 sec =    4.1942 Mbps     0 retrans     13 KB-cwnd
[2024-05-28 14:01:49.922756]     0.0625 MB /   0.50 sec =    1.0483 Mbps     0 retrans     13 KB-cwnd
[2024-05-28 14:01:50.422610]     0.1250 MB /   0.50 sec =    2.0977 Mbps     0 retrans     13 KB-cwnd
[2024-05-28 14:01:50.922627]     0.1875 MB /   0.50 sec =    3.1457 Mbps     0 retrans     13 KB-cwnd
[2024-05-28 14:01:51.422804]     0.0625 MB /   0.50 sec =    1.0483 Mbps     0 retrans     13 KB-cwnd
[2024-05-28 14:01:51.922833]     0.0000 MB /   0.50 sec =    0.0000 Mbps     0 retrans     13 KB-cwnd
[2024-05-28 14:01:52.422673]     0.3750 MB /   0.50 sec =    6.2933 Mbps     0 retrans     13 KB-cwnd
[2024-05-28 14:01:52.922647]     0.0625 MB /   0.50 sec =    1.0485 Mbps     0 retrans     13 KB-cwnd
[2024-05-28 14:01:53.422773]     0.1250 MB /   0.50 sec =    2.0975 Mbps     0 retrans     13 KB-cwnd
[2024-05-28 14:01:53.922729]     0.1875 MB /   0.50 sec =    3.1455 Mbps     0 retrans     13 KB-cwnd
[2024-05-28 14:01:54.422615]     0.1875 MB /   0.50 sec =    3.1457 Mbps     0 retrans     13 KB-cwnd
[2024-05-28 14:01:54.922616]     0.2500 MB /   0.50 sec =    4.1944 Mbps     0 retrans     13 KB-cwnd
[2024-05-28 14:01:55.422638]     0.1875 MB /   0.50 sec =    3.1457 Mbps     0 retrans     13 KB-cwnd
[2024-05-28 14:01:55.922587]     0.2500 MB /   0.50 sec =    4.1943 Mbps     0 retrans     13 KB-cwnd
[2024-05-28 14:01:56.422718]     0.2500 MB /   0.50 sec =    4.1936 Mbps     0 retrans     13 KB-cwnd
[2024-05-28 14:01:56.922750]     0.1875 MB /   0.50 sec =    3.1463 Mbps     0 retrans     13 KB-cwnd
[2024-05-28 14:01:57.422814]     0.0000 MB /   0.50 sec =    0.0000 Mbps     0 retrans     13 KB-cwnd
[2024-05-28 14:01:57.922611]     0.2500 MB /   0.50 sec =    4.1957 Mbps     0 retrans     13 KB-cwnd
[2024-05-28 14:01:58.422825]     0.1875 MB /   0.50 sec =    3.1448 Mbps     0 retrans     13 KB-cwnd
[2024-05-28 14:01:58.922753]     0.3125 MB /   0.50 sec =    5.2443 Mbps     0 retrans     13 KB-cwnd
[2024-05-28 14:01:59.423060]     0.3125 MB /   0.50 sec =    5.2386 Mbps     0 retrans     13 KB-cwnd
[2024-05-28 14:01:59.922605]     0.3750 MB /   0.50 sec =    6.2969 Mbps     0 retrans     13 KB-cwnd
[2024-05-28 14:02:00.422602]     0.3750 MB /   0.50 sec =    6.2915 Mbps     0 retrans     13 KB-cwnd
[2024-05-28 14:02:00.922610]     0.4375 MB /   0.50 sec =    7.3400 Mbps     0 retrans     13 KB-cwnd
[2024-05-28 14:02:01.422610]     0.4375 MB /   0.50 sec =    7.3400 Mbps     0 retrans     13 KB-cwnd
[2024-05-28 14:02:01.922617]     0.5000 MB /   0.50 sec =    8.3887 Mbps     0 retrans     13 KB-cwnd
[2024-05-28 14:02:02.422511]     0.2500 MB /   0.50 sec =    4.1946 Mbps     0 retrans     13 KB-cwnd
[2024-05-28 14:02:02.922582]     0.1875 MB /   0.50 sec =    3.1455 Mbps     0 retrans     13 KB-cwnd
[2024-05-28 14:02:03.422666]     0.3125 MB /   0.50 sec =    5.2423 Mbps     0 retrans     13 KB-cwnd
[2024-05-28 14:02:03.923601]     0.3125 MB /   0.50 sec =    5.2334 Mbps     0 retrans     13 KB-cwnd
[2024-05-28 14:02:04.422802]     0.1875 MB /   0.50 sec =    3.1517 Mbps     0 retrans     13 KB-cwnd
[2024-05-28 14:02:04.923003]     0.1875 MB /   0.50 sec =    3.1433 Mbps     0 retrans     13 KB-cwnd
[2024-05-28 14:02:05.422859]     0.1875 MB /   0.50 sec =    3.1478 Mbps     0 retrans     13 KB-cwnd
[2024-05-28 14:02:05.922588]     0.1875 MB /   0.50 sec =    3.1462 Mbps     0 retrans     13 KB-cwnd
[2024-05-28 14:02:06.423828]     0.1250 MB /   0.50 sec =    2.0923 Mbps     0 retrans     13 KB-cwnd
[2024-05-28 14:02:06.922630]     0.1875 MB /   0.50 sec =    3.1530 Mbps     0 retrans     13 KB-cwnd
[2024-05-28 14:02:07.422511]     0.1250 MB /   0.50 sec =    2.0973 Mbps     0 retrans     13 KB-cwnd
[2024-05-28 14:02:07.922743]     0.3125 MB /   0.50 sec =    5.2407 Mbps     0 retrans     13 KB-cwnd
[2024-05-28 14:02:08.422717]     0.2500 MB /   0.50 sec =    4.1952 Mbps     0 retrans     13 KB-cwnd
[2024-05-28 14:02:08.922524]     0.3125 MB /   0.50 sec =    5.2439 Mbps     0 retrans     13 KB-cwnd
[2024-05-28 14:02:09.423078]     0.3750 MB /   0.50 sec =    6.2856 Mbps     0 retrans     13 KB-cwnd
[2024-05-28 14:02:09.922701]     0.3750 MB /   0.50 sec =    6.2975 Mbps     0 retrans     13 KB-cwnd
[2024-05-28 14:02:10.423670]     0.1250 MB /   0.50 sec =    2.0927 Mbps     0 retrans     13 KB-cwnd
[2024-05-28 14:02:10.922592]     0.3750 MB /   0.50 sec =    6.3045 Mbps     0 retrans     13 KB-cwnd
[2024-05-28 14:02:11.422641]     0.4375 MB /   0.50 sec =    7.3396 Mbps     0 retrans     13 KB-cwnd
[2024-05-28 14:02:11.922971]     0.1875 MB /   0.50 sec =    3.1448 Mbps     0 retrans     13 KB-cwnd
[2024-05-28 14:02:12.424250]     0.0625 MB /   0.50 sec =    1.0460 Mbps     0 retrans     13 KB-cwnd
[2024-05-28 14:02:12.922614]     0.2500 MB /   0.50 sec =    4.2060 Mbps     0 retrans     13 KB-cwnd
[2024-05-28 14:02:13.422604]     0.4375 MB /   0.50 sec =    7.3402 Mbps     0 retrans     13 KB-cwnd
[2024-05-28 14:02:13.922578]     0.5000 MB /   0.50 sec =    8.3886 Mbps     0 retrans     13 KB-cwnd
[2024-05-28 14:02:14.422599]     0.5625 MB /   0.50 sec =    9.4372 Mbps     0 retrans     13 KB-cwnd
[2024-05-28 14:02:14.922598]     0.1250 MB /   0.50 sec =    2.0971 Mbps     0 retrans     13 KB-cwnd
[2024-05-28 14:02:15.422701]     0.1250 MB /   0.50 sec =    2.0968 Mbps     0 retrans     13 KB-cwnd
[2024-05-28 14:02:15.922838]     0.0000 MB /   0.50 sec =    0.0000 Mbps     0 retrans     13 KB-cwnd
[2024-05-28 14:02:16.422762]     0.3750 MB /   0.50 sec =    6.2922 Mbps     0 retrans     13 KB-cwnd
[2024-05-28 14:02:16.923235]     0.0000 MB /   0.50 sec =    0.0000 Mbps     0 retrans     13 KB-cwnd
End time: 1716919337172
