Start time: 1716845535264
{
  "id": "0",
  "status": null,
  "apiVersion": "17",
  "dishGetHistory": {
    "current": "2376",
    "popPingDropRate": [
      0.0625,
      0.0625,
      0,
      0.06666667,
      0.0625,
      0,
      0,
      0,
      0,
      0,
      0,
      0,
      0,
      0,
      0,
      0,
      0,
      0,
      0,
      0,
      0.125,
      0.13333334,
      0,
      0,
      0,
      0,
      0,
      0,
      0,
      0,
      0,
      0,
      0,
      0,
      0.06666667,
      0.06666667,
      0,
      0,
      0,
      0,
      0,
      0,
      0,
      0,
      0,
      0,
      0,
      0,
      0,
      0.06666667,
      0.05882353,
      0,
      0,
      0,
      0,
      0,
      0,
      0.0625,
      0.05882353,
      0,
      0,
      0,
      0,
      0,
      0,
      0,
      0,
      0.0625,
      0.0625,
      0,
      0,
      0,
      0,
      0,
      0,
      0,
      0,
      0,
      0,
      0,
      0,
      0,
      0,
      0,
      0,
      0,
      0,
      0,
      0,
      0,
      0,
      0,
      0,
      0,
      0,
      0,
      0.25,
      0.1875,
      0,
      0,
      0,
      0,
      0,
      0,
      0,
      0,
      0,
      0,
      0,
      0.0625,
      0.0625,
      0,
      0,
      0,
      0,
      0,
      0,
      0,
      0,
      0,
      0,
      0,
      0,
      0,
      0.25,
      0.78571427,
      0.46666667,
      0,
      0,
      0,
      0,
      0,
      0,
      0,
      0,
      0,
      0,
      0,
      0,
      0.06666667,
      0.06666667,
      0,
      0,
      0,
      0,
      0,
      0,
      0,
      0,
      0,
      0,
      0,
      0,
      0,
      0,
      0,
      0,
      0,
      0,
      0,
      0,
      0,
      0,
      0,
      0,
      0,
      0,
      0,
      0,
      0,
      0,
      0,
      0,
      0,
      0,
      0,
      0,
      0,
      0,
      0,
      0,
      0,
      0,
      0,
      0,
      0,
      0,
      0,
      0,
      0,
      0,
      0,
      0,
      0,
      0,
      0,
      0,
      0,
      0,
      0,
      0,
      0,
      0,
      0,
      0,
      0,
      0,
      0,
      0,
      0,
      0,
      0,
      0,
      0,
      0,
      0.05882353,
      0.05882353,
      0,
      0.26666668,
      0.25,
      0,
      0,
      0,
      0,
      0,
      0,
      0,
      0,
      0,
      0.0625,
      0.0625,
      0.06666667,
      0.06666667,
      0,
      0,
      0,
      0,
      0,
      0,
      0,
      0.06666667,
      0.06666667,
      0,
      0,
      0,
      0,
      0,
      0,
      0,
      0,
      0,
      0,
      0,
      0,
      0,
      0,
      0,
      0,
      0,
      0,
      0,
      0,
      0,
      0,
      0,
      0,
      0,
      0,
      0,
      0,
      0,
      0,
      0,
      0,
      0,
      0,
      0.0625,
      0.06666667,
      0,
      0,
      0,
      0,
      0,
      0,
      0,
      0,
      0,
      0,
      0,
      0,
      0,
      0,
      0,
      0,
      0.06666667,
      0.06666667,
      0,
      0,
      0,
      0,
      0,
      0,
      0,
      0,
      0.071428575,
      0.071428575,
      0,
      0,
      0,
      0,
      0,
      0,
      0,
      0,
      0,
      0,
      0,
      0,
      0,
      0.06666667,
      0.0625,
      0,
      0,
      0,
      0,
      0,
      0,
      0,
      0,
      0,
      0,
      0,
      0,
      0,
      0,
      0,
      0,
      0,
      0,
      0.0625,
      0.06666667,
      0,
      0,
      0,
      0,
      0,
      0,
      0,
      0,
      0,
      0,
      0,
      0,
      0,
      0,
      0,
      0,
      0,
      0,
      0,
      0,
      0,
      0,
      0,
      0,
      0,
      0,
      0,
      0,
      0,
      0,
      0,
      0,
      0,
      0,
      0,
      0,
      0,
      0,
      0,
      0,
      0,
      0,
      0,
      0,
      0,
      0,
      0,
      0,
      0,
      0,
      0,
      0,
      0,
      0,
      0,
      0,
      0,
      0.0625,
      0.05882353,
      0,
      0,
      0,
      0,
      0,
      0,
      0,
      0,
      0,
      0,
      0,
      0,
      0,
      0,
      0,
      0,
      0,
      0,
      0,
      0,
      0,
      0,
      0,
      0,
      0,
      0.06666667,
      0.14285715,
      0.06666667,
      0,
      0.071428575,
      0.06666667,
      0,
      0,
      0,
      0,
      0,
      0,
      0,
      0,
      0.0625,
      0.1764706,
      0.11764706,
      0,
      0,
      0,
      0,
      0,
      0,
      0,
      0.071428575,
      0.06666667,
      0,
      0,
      0,
      0.06666667,
      0.071428575,
      0,
      0,
      0,
      0,
      0,
      0,
      0,
      0,
      0,
      0,
      0,
      0,
      0,
      0,
      0,
      0,
      0,
      0,
      0,
      0,
      0,
      0,
      0,
      0,
      0,
      0,
      0,
      0,
      0,
      0,
      0,
      0,
      0,
      0,
      0,
      0,
      0,
      0,
      0,
      0,
      0,
      0,
      0,
      0,
      0,
      0,
      0.0625,
      0.0625,
      0,
      0,
      0,
      0,
      0,
      0,
      0,
      0,
      0,
      0,
      0,
      0,
      0,
      0,
      0,
      0,
      0,
      0,
      0,
      0,
      0,
      0,
      0,
      0,
      0,
      0,
      0,
      0,
      0,
      0,
      0,
      0,
      0,
      0,
      0,
      0,
      0,
      0,
      0,
      0,
      0,
      0,
      0,
      0,
      0,
      0,
      0,
      0,
      0,
      0,
      0,
      0,
      0,
      0,
      0,
      0,
      0,
      0,
      0,
      0,
      0,
      0,
      0,
      0,
      0,
      0,
      0,
      0,
      0,
      0,
      0.071428575,
      0.4,
      0,
      0,
      0,
      0,
      0,
      0,
      0,
      0,
      0,
      0,
      0,
      0,
      0,
      0,
      0,
      0,
      0,
      0,
      0,
      0,
      0,
      0,
      0,
      0,
      0,
      0,
      0,
      0,
      0,
      0,
      0,
      0,
      0,
      0,
      0,
      0,
      0,
      0,
      0,
      0,
      0,
      0,
      0,
      0,
      0,
      0,
      0,
      0,
      0,
      0,
      0,
      0,
      0,
      0,
      0,
      0,
      0,
      0,
      0,
      0,
      0,
      0.13333334,
      0.125,
      0.0625,
      0,
      0,
      0,
      0,
      0,
      0,
      0,
      0,
      0,
      0.06666667,
      0.125,
      0.0625,
      0.13333334,
      0.13333334,
      0.0625,
      0,
      0,
      0,
      0.06666667,
      0.2,
      0.1875,
      0,
      0,
      0,
      0,
      0,
      0,
      0,
      0,
      0,
      0,
      0,
      0,
      0,
      0,
      0,
      0,
      0,
      0,
      0,
      0,
      0.0625,
      0.0625,
      0.05882353,
      0.05882353,
      0,
      0,
      0.0625,
      0.125,
      0.06666667,
      0,
      0,
      0,
      0,
      0,
      0,
      0,
      0,
      0,
      0,
      0,
      0,
      0,
      0,
      0,
      0,
      0,
      0,
      0,
      0,
      0,
      0,
      0,
      0,
      0,
      0,
      0,
      0,
      0,
      0,
      0,
      0.13333334,
      0.125,
      0,
      0,
      0,
      0,
      0,
      0,
      0,
      0,
      0,
      0,
      0,
      0,
      0,
      0,
      0,
      0,
      0,
      0,
      0,
      0,
      0,
      0,
      0,
      0,
      0,
      0,
      0,
      0,
      0,
      0,
      0,
      0,
      0,
      0,
      0,
      0,
      0,
      0,
      0.0625,
      0.0625,
      0.0625,
      0.125,
      0.11764706,
      0,
      0,
      0,
      0.071428575,
      0.06666667,
      0,
      0,
      0,
      0,
      0,
      0,
      0,
      0,
      0,
      0,
      0,
      0,
      0,
      0,
      0,
      0,
      0,
      0,
      0,
      0,
      0,
      0,
      0,
      0,
      0,
      0,
      0,
      0,
      0,
      0,
      0,
      0,
      0,
      0,
      0,
      0,
      0,
      0,
      0,
      0,
      0,
      0,
      0,
      0,
      0,
      0,
      0,
      0,
      0,
      0,
      0,
      0,
      0,
      0,
      0,
      0,
      0,
      0,
      0,
      0,
      0,
      0,
      0,
      0,
      0,
      0,
      0,
      0,
      0,
      0,
      0,
      0,
      0,
      0,
      0,
      0,
      0,
      0,
      0,
      0,
      0,
      0,
      0,
      0,
      0,
      0,
      0,
      0,
      0,
      0,
      0,
      0,
      0,
      0,
      0,
      0,
      0,
      0,
      0,
      0,
      0,
      0,
      0,
      0.0625,
      0.06666667,
      0,
      0,
      0,
      0,
      0,
      0,
      0,
      0,
      0,
      0,
      0,
      0,
      0,
      0,
      0.05882353,
      0.05882353,
      0,
      0,
      0,
      0,
      0,
      0,
      0.05882353,
      0.05882353
    ],
    "popPingLatencyMs": [
      26.778252,
      36.11427,
      41.405663,
      36.630436,
      35.907997,
      36.752472,
      39.493374,
      41.283394,
      38.709255,
      36.900867,
      36.939503,
      36.756565,
      39.119,
      37.44819,
      34.763237,
      37.90688,
      38.827652,
      37.092003,
      35.4602,
      35.656498,
      37.50436,
      39.2806,
      38.77319,
      37.373417,
      35.89013,
      35.528374,
      37.589813,
      35.093002,
      36.144623,
      36.25225,
      35.095936,
      33.335377,
      31.124144,
      29.457355,
      28.33625,
      28.308062,
      28.841187,
      29.238802,
      28.527561,
      27.533125,
      27.326504,
      27.89047,
      28.388502,
      31.190002,
      34.478664,
      35.318535,
      30.8406,
      32.153866,
      37.80075,
      36.580177,
      37.5728,
      36.4308,
      36.59106,
      38.844666,
      37.497135,
      34.847412,
      31.821375,
      33.07412,
      35.40294,
      37.216877,
      37.74419,
      38.502804,
      37.377464,
      31.432598,
      26.805532,
      26.8752,
      30.311499,
      33.125225,
      30.339823,
      31.238186,
      35.22044,
      36.40506,
      32.601124,
      32.12806,
      34.138588,
      34.174763,
      32.858944,
      33.208733,
      36.5396,
      34.569122,
      31.825188,
      34.444374,
      37.511875,
      36.473568,
      34.6565,
      36.145233,
      36.86806,
      35.974438,
      36.337124,
      36.510002,
      33.663567,
      33.14287,
      38.36325,
      40.940872,
      81.35934,
      82.535774,
      53.530186,
      66.2584,
      57.734398,
      46.306877,
      53.90562,
      65.69027,
      63.823574,
      62.734394,
      57.449398,
      48.884533,
      63.0544,
      54.983437,
      35.69953,
      33.80787,
      32.65767,
      32.515465,
      35.72493,
      34.213066,
      33.276314,
      35.591133,
      36.20054,
      36.141136,
      34.96431,
      31.90406,
      31.54725,
      32.41582,
      32.456875,
      32.456875,
      58.55257,
      54.402866,
      49.196503,
      47.76169,
      46.87567,
      45.69064,
      47.495197,
      46.25969,
      44.376617,
      44.815876,
      43.42562,
      42.844536,
      46.977787,
      46.094734,
      40.243465,
      35.726734,
      36.60667,
      37.89488,
      37.116802,
      36.12976,
      37.28919,
      37.244736,
      36.785126,
      35.38637,
      34.517063,
      33.88994,
      34.002876,
      34.426,
      37.73894,
      41.444183,
      39.237247,
      35.16775,
      33.915565,
      32.723534,
      33.45425,
      35.062378,
      34.7085,
      34.142876,
      33.73044,
      32.928265,
      34.84163,
      36.68925,
      34.92575,
      37.157436,
      39.494503,
      39.090935,
      42.883465,
      41.70413,
      39.326252,
      39.49206,
      39.927055,
      39.243065,
      38.1118,
      41.266937,
      40.386127,
      39.757797,
      40.55607,
      38.1562,
      37.47919,
      35.371624,
      31.881067,
      29.958067,
      29.803564,
      33.77844,
      32.052002,
      26.905563,
      29.08394,
      31.441565,
      28.570066,
      27.276688,
      28.748602,
      29.333399,
      31.592312,
      33.873627,
      31.364376,
      29.74865,
      30.952,
      30.843065,
      30.427877,
      31.889702,
      31.676498,
      32.11432,
      31.485685,
      31.938066,
      32.174187,
      32.537125,
      33.119812,
      30.633867,
      32.908928,
      33.962185,
      33.67194,
      34.020687,
      50.62345,
      55.978767,
      52.153408,
      39.945606,
      38.949177,
      39.784645,
      42.716335,
      43.286797,
      41.358536,
      42.183624,
      43.979004,
      43.359863,
      40.289288,
      40.497997,
      41.440006,
      39.994354,
      40.387066,
      39.06457,
      38.740063,
      36.644375,
      35.42931,
      37.13325,
      36.485863,
      33.989067,
      34.165688,
      35.810863,
      37.259563,
      36.9775,
      35.746136,
      33.5598,
      31.603125,
      30.567188,
      29.258,
      30.614187,
      30.91207,
      31.24073,
      34.294376,
      32.78194,
      30.263,
      30.82144,
      33.271313,
      34.11756,
      32.681934,
      30.739004,
      28.666061,
      29.777878,
      31.775002,
      32.106186,
      32.04456,
      32.541874,
      32.81153,
      34.336266,
      34.429817,
      33.56307,
      33.179398,
      33.975624,
      33.80725,
      30.809189,
      30.7998,
      30.304285,
      28.065786,
      28.16606,
      29.922941,
      31.16053,
      30.341564,
      28.682465,
      27.6578,
      28.603622,
      30.214735,
      31.665934,
      31.670374,
      33.85706,
      32.27473,
      29.437798,
      29.42193,
      29.068571,
      29.308332,
      32.877285,
      34.254665,
      32.69166,
      30.368788,
      28.259401,
      27.6238,
      28.996313,
      29.49767,
      29.991787,
      52.679382,
      55.232693,
      34.0424,
      31.04975,
      30.572062,
      32.84422,
      33.853,
      32.257736,
      35.870464,
      34.835438,
      32.83556,
      31.984875,
      30.468061,
      32.284626,
      33.083065,
      37.220074,
      40.859314,
      44.107002,
      44.3805,
      44.106007,
      44.882668,
      44.92087,
      44.57178,
      44.678,
      42.56344,
      42.41553,
      45.535187,
      44.102753,
      43.52975,
      44.380333,
      44.746605,
      36.83657,
      33.37093,
      37.444145,
      36.339466,
      34.603798,
      33.156467,
      34.156693,
      34.896732,
      33.87906,
      33.69982,
      32.924812,
      31.933401,
      32.825333,
      32.656406,
      33.82841,
      35.631668,
      35.548687,
      34.97814,
      36.672066,
      35.526268,
      34.557,
      34.0602,
      33.9572,
      33.863873,
      35.82041,
      36.46494,
      34.434437,
      33.556133,
      32.970867,
      35.970802,
      38.43967,
      37.007294,
      35.584187,
      34.326267,
      33.682198,
      31.468466,
      31.541203,
      33.48694,
      33.748627,
      32.625687,
      33.0435,
      35.680187,
      36.44769,
      36.79756,
      34.645123,
      34.810314,
      34.30519,
      32.579628,
      32.70194,
      33.81973,
      35.154533,
      35.124596,
      32.832664,
      30.57,
      29.530937,
      29.926136,
      30.483,
      32.266876,
      32.0202,
      32.61347,
      32.84925,
      31.143473,
      30.534996,
      30.872334,
      30.795065,
      30.199875,
      30.31867,
      30.7828,
      33.38653,
      34.336407,
      33.882,
      32.9177,
      31.49294,
      30.525936,
      33.811665,
      38.070667,
      41.196396,
      41.854134,
      38.695,
      37.784,
      36.670002,
      33.99287,
      35.405003,
      38.77107,
      38.020134,
      35.832,
      36.227375,
      35.5706,
      33.92965,
      39.62325,
      41.25713,
      41.04225,
      42.464283,
      39.531826,
      39.813786,
      38.857212,
      38.296562,
      36.96935,
      37.95505,
      38.01913,
      37.953133,
      40.19731,
      39.08506,
      38.2533,
      40.15925,
      71.89567,
      68.081406,
      34.47869,
      34.224625,
      34.02333,
      34.210064,
      34.388462,
      32.685764,
      31.57253,
      31.349287,
      32.487713,
      34.61738,
      36.425404,
      34.759933,
      34.4516,
      38.593853,
      41.904003,
      40.96825,
      42.17825,
      43.34893,
      42.087402,
      42.187748,
      43.173874,
      42.530643,
      39.92212,
      42.71741,
      45.988434,
      42.034935,
      39.98388,
      38.085884,
      35.867813,
      33.31875,
      34.388313,
      33.381935,
      30.211874,
      30.594187,
      28.8705,
      28.901312,
      29.700998,
      31.532562,
      31.71959,
      29.905884,
      32.025063,
      34.347866,
      38.833538,
      42.73825,
      41.132942,
      39.368862,
      38.740402,
      39.538307,
      41.265,
      41.334663,
      39.91525,
      38.444412,
      38.480175,
      38.25862,
      37.483204,
      37.290623,
      37.818188,
      38.72247,
      37.06487,
      35.61725,
      33.85127,
      34.908802,
      35.78919,
      33.373436,
      34.291935,
      35.851063,
      35.944874,
      35.763187,
      34.50644,
      33.577312,
      36.759686,
      38.095066,
      34.781815,
      32.36019,
      29.796064,
      30.639565,
      32.018715,
      30.791065,
      31.619314,
      32.8288,
      30.528625,
      29.054996,
      29.333931,
      30.175686,
      28.713295,
      28.684063,
      29.715876,
      31.087376,
      30.344187,
      32.178753,
      32.515,
      28.701399,
      30.429562,
      30.966,
      29.379688,
      29.62219,
      31.128468,
      31.719332,
      32.532375,
      32.56919,
      35.90027,
      38.0012,
      36.44633,
      31.132265,
      31.921314,
      33.369247,
      33.592705,
      33.6525,
      31.887236,
      31.958374,
      29.750402,
      29.0732,
      32.717064,
      33.1755,
      32.727665,
      35.612854,
      37.22727,
      38.3858,
      40.557262,
      43.28474,
      42.775436,
      40.737995,
      41.850193,
      43.57567,
      43.654247,
      42.77688,
      43.569534,
      43.403202,
      42.166004,
      44.89437,
      46.138813,
      44.939198,
      47.511154,
      46.916153,
      44.738,
      40.745857,
      29.285666,
      30.397532,
      30.080214,
      29.423145,
      29.329927,
      29.213133,
      28.80494,
      28.663868,
      28.593801,
      29.5114,
      30.376627,
      30.527805,
      26.840626,
      22.824528,
      22.474669,
      23.233646,
      25.743687,
      25.259733,
      22.782686,
      23.299,
      23.65947,
      24.015188,
      24.013063,
      24.757826,
      23.655237,
      22.385311,
      26.912933,
      32.568798,
      37.269,
      33.73193,
      29.219866,
      30.236235,
      28.553503,
      27.740732,
      29.843811,
      29.946001,
      29.415144,
      29.595812,
      29.08012,
      29.712,
      32.49964,
      32.863068,
      30.486334,
      32.2508,
      32.088062,
      30.186865,
      29.777199,
      30.301332,
      30.73543,
      30.1954,
      29.525251,
      30.137175,
      31.088501,
      30.166702,
      30.931812,
      30.932814,
      32.605938,
      32.97294,
      32.07419,
      31.498188,
      36.509926,
      38.32513,
      33.210503,
      33.101,
      34.034824,
      33.992065,
      35.2064,
      38.463,
      38.434563,
      36.74433,
      33.573334,
      41.942074,
      42.003716,
      35.62086,
      34.303356,
      31.355429,
      32.043064,
      32.215374,
      31.04106,
      30.54353,
      33.28533,
      33.16975,
      36.71546,
      39.010185,
      37.763123,
      37.90294,
      36.344875,
      35.017,
      33.72106,
      33.85987,
      34.496662,
      34.474663,
      36.868793,
      34.0584,
      32.08094,
      33.058624,
      33.09867,
      35.681248,
      39.418182,
      36.318176,
      34.043,
      32.078438,
      27.748875,
      29.187601,
      32.547398,
      33.090504,
      28.47975,
      28.609375,
      29.854376,
      34.047535,
      33.17836,
      29.538357,
      30.799263,
      30.67756,
      28.586533,
      28.853876,
      30.284815,
      30.164501,
      30.360312,
      31.495134,
      32.393936,
      31.993,
      29.85125,
      31.566315,
      31.912437,
      33.371414,
      33.299065,
      32.75156,
      34.228935,
      32.897766,
      32.255646,
      32.541534,
      33.337116,
      32.563,
      30.612251,
      30.851799,
      31.021936,
      29.599264,
      31.046356,
      32.316498,
      29.415598,
      30.058535,
      31.776133,
      31.164305,
      30.184568,
      30.6735,
      34.828587,
      38.45112,
      36.26637,
      36.261402,
      35.9862,
      37.496185,
      39.335064,
      38.7314,
      38.4415,
      38.234943,
      38.620876,
      39.341877,
      39.3345,
      37.962135,
      37.6932,
      38.836937,
      38.593292,
      38.11806,
      39.916252,
      41.000004,
      37.95187,
      37.684,
      38.755375,
      39.0564,
      38.734,
      37.0904,
      37.495354,
      37.567932,
      36.191765,
      36.27531,
      39.986565,
      38.84094,
      37.060734,
      37.660336,
      40.3344,
      38.742268,
      37.920933,
      39.185066,
      37.96747,
      40.47413,
      41.197433,
      38.427265,
      37.836563,
      39.015312,
      38.20947,
      36.17857,
      33.487713,
      31.005932,
      30.059198,
      30.056313,
      30.601313,
      30.741377,
      28.943874,
      28.59531,
      29.481436,
      30.061867,
      31.989624,
      32.655125,
      31.514378,
      30.107058,
      32.73969,
      36.527626,
      38.305874,
      40.012066,
      38.347202,
      37.90025,
      38.142174,
      37.925755,
      38.914745,
      38.79531,
      37.907375,
      37.549435,
      35.7176,
      36.085136,
      36.97766,
      35.73373,
      32.956627,
      31.601118,
      31.698313,
      32.098763,
      32.715065,
      31.02925,
      28.170765,
      30.2408,
      31.90792,
      30.042215,
      30.970562,
      30.257414,
      29.752588,
      31.39781,
      32.858135,
      35.381264,
      38.4524,
      38.850872,
      36.31369,
      35.690933,
      36.499004,
      36.709938,
      35.68918,
      34.684708,
      34.244686,
      33.490936,
      35.00369,
      34.98567,
      34.669468,
      34.402267,
      33.283,
      32.504505,
      31.745733,
      31.468998,
      30.647068,
      31.318998,
      33.844173,
      34.839935,
      32.6868,
      31.079271,
      30.941689,
      32.049812,
      33.897057,
      32.26269,
      34.077816,
      35.782665,
      33.39887,
      32.495533,
      31.349003,
      31.542439,
      31.64981,
      29.392,
      29.842335,
      30.177061,
      29.496143,
      30.804333,
      30.902313,
      29.538603,
      30.637938,
      36.934002,
      39.33606,
      37.181355,
      35.50488,
      35.724495,
      38.03012,
      36.861504,
      35.435688,
      37.940186,
      39.1428,
      39.714333,
      38.432068,
      38.015438,
      39.115314,
      40.115932,
      40.393394,
      37.858,
      31.958067,
      30.838001,
      31.7522,
      30.480001,
      29.215332,
      29.355474,
      32.185,
      31.734001,
      28.57618,
      30.104177,
      28.319235,
      26.680815,
      29.443626,
      30.216825,
      29.696884,
      27.026411,
      26.22747,
      27.238562,
      26.455374,
      25.182875,
      26.216501,
      26.322313,
      27.423689,
      30.378437,
      29.871132,
      27.546803
    ],
    "downlinkThroughputBps": [
      617191.8,
      524204.12,
      51128.566,
      380406.6,
      443807.7,
      470944.84,
      446030.7,
      453320.38,
      370248,
      387562.1,
      398140.12,
      423490.5,
      426460.06,
      434697.66,
      433271.6,
      430377.53,
      439026.2,
      271958.66,
      272680.1,
      310655.3,
      382587.62,
      400379.88,
      405748.6,
      279567.12,
      272629.75,
      223657.06,
      272705.25,
      371606.94,
      419673.66,
      414749.56,
      425814.12,
      396135.25,
      327164.1,
      341105.97,
      242934.1,
      236986.56,
      247447.16,
      339528.9,
      264920.62,
      342389.44,
      298827.38,
      209882.97,
      254753.64,
      310739.22,
      346936.06,
      275221.84,
      332264.38,
      93365.21,
      405505.3,
      29536.29,
      35022.438,
      22783.459,
      33051.117,
      27489.469,
      89011.516,
      36876.32,
      64919.438,
      29569.844,
      26969.375,
      21944.598,
      174927.64,
      24662.508,
      33537.656,
      29293.02,
      55482.254,
      51413.777,
      140710.52,
      376078.06,
      510430.03,
      78844.52,
      75866.57,
      60196.652,
      46363.836,
      42068.867,
      27237.81,
      32656.852,
      31557.943,
      37102.812,
      30660.361,
      35735.47,
      26004.686,
      22515.023,
      96670.32,
      8.3549865e+06,
      7.8389025e+06,
      4.81163e+06,
      9.414627e+06,
      7.522308e+06,
      47957.67,
      19922.943,
      20115.883,
      18530.436,
      21063.795,
      26432.504,
      15158.215,
      32363.25,
      19604.178,
      68081.945,
      36976.984,
      30198.988,
      41682.992,
      95143.59,
      26348.617,
      45785.023,
      31230.787,
      52319.75,
      32279.363,
      22020.096,
      22020.096,
      19998.441,
      29628.562,
      18631.098,
      20669.53,
      18262,
      19637.73,
      28001.174,
      21776.826,
      22263.365,
      26801.604,
      23639.098,
      86931.15,
      22145.926,
      14453.571,
      0,
      109504.89,
      95210.7,
      70556.58,
      28772.926,
      21164.457,
      34074.527,
      61756.934,
      63711.477,
      27766.293,
      26524.78,
      19595.79,
      24956.11,
      17934.844,
      21231.566,
      50012.883,
      31541.166,
      39963.33,
      31440.502,
      31188.844,
      35072.77,
      22246.588,
      85186.31,
      50616.86,
      21516.78,
      24578.621,
      19461.57,
      19688.062,
      22699.574,
      27254.588,
      408986.6,
      21231.566,
      26960.986,
      31415.338,
      21332.23,
      23429.383,
      36641.44,
      59349.402,
      69969.38,
      28277.998,
      44426.066,
      24805.113,
      26105.348,
      44224.742,
      22439.527,
      39409.68,
      17993.564,
      27321.695,
      19360.908,
      22666.02,
      36951.816,
      22800.236,
      25241.322,
      27070.037,
      20988.297,
      34150.023,
      18572.379,
      22942.844,
      24385.684,
      20501.758,
      20543.701,
      20082.328,
      42572.188,
      37035.703,
      30660.361,
      20451.426,
      19419.627,
      27976.008,
      64164.46,
      24545.066,
      39292.24,
      23236.443,
      33680.26,
      35357.984,
      31247.564,
      1.5837356e+06,
      2.0999538e+06,
      333757.53,
      341198.25,
      285707.6,
      316787.4,
      583033.44,
      319060.72,
      755176.06,
      319832.47,
      143185.16,
      87820.336,
      160381.8,
      302828.75,
      219362.1,
      46313.504,
      158863.45,
      51925.484,
      1.0366558e+06,
      194984.8,
      159769.42,
      139854.88,
      82871.055,
      70900.516,
      22565.355,
      23580.377,
      22020.096,
      23890.756,
      23395.828,
      60481.863,
      28437.38,
      26726.105,
      30400.314,
      28085.06,
      21357.396,
      20216.545,
      21483.225,
      66882.375,
      27682.406,
      24352.129,
      24285.02,
      22833.791,
      20736.639,
      25727.861,
      27699.184,
      32044.482,
      30995.906,
      50985.96,
      28168.945,
      43880.81,
      36104.57,
      27279.754,
      64164.46,
      58065.945,
      22347.252,
      26482.836,
      33520.88,
      50197.43,
      51229.23,
      32363.25,
      19604.178,
      23119.004,
      22263.365,
      28085.06,
      23177.725,
      65498.25,
      157269.62,
      3.677567e+08,
      3.6365674e+08,
      3.895858e+08,
      4.4173155e+08,
      4.6518074e+08,
      3.6095286e+08,
      4.6160272e+08,
      2.906734e+08,
      3.8506214e+08,
      3.522322e+08,
      3.1032362e+08,
      3.171684e+08,
      3.463508e+08,
      3.7433466e+08,
      3.643528e+08,
      3.4370163e+08,
      3.3446134e+08,
      2.5810602e+08,
      2.9339834e+08,
      3.8516275e+08,
      4.4077117e+08,
      3.5057574e+08,
      2.3111315e+08,
      1.7391456e+08,
      2.2000195e+08,
      1.2668884e+08,
      1.1066341e+08,
      1.0496502e+08,
      1.9012043e+08,
      2.5161536e+08,
      1.3458915e+08,
      1.04842504e+08,
      1.1240699e+08,
      1.9869923e+08,
      1.23635064e+08,
      1.9966776e+08,
      1.1083351e+08,
      7.968512e+07,
      1.3605784e+08,
      3.0476154e+08,
      4.1254112e+08,
      2.1525782e+08,
      1.7744586e+08,
      3.5621315e+08,
      2.4846598e+08,
      3.1748147e+08,
      3.5281085e+08,
      2.7790794e+08,
      3.128922e+08,
      3.2483917e+08,
      2.9616934e+08,
      2.892537e+08,
      2.5215736e+08,
      3.5401034e+08,
      3.8000384e+08,
      3.7879046e+08,
      2.8801757e+08,
      2.9820688e+08,
      3.0083702e+08,
      3.161934e+08,
      2.8835613e+08,
      3.519827e+08,
      3.4948944e+08,
      2.897294e+08,
      2.987793e+08,
      3.2994547e+08,
      3.2418845e+08,
      1.7943427e+08,
      8.156704e+07,
      9.745519e+07,
      9.608982e+07,
      1.2717717e+08,
      6.804473e+07,
      1.8789405e+08,
      1.9177378e+08,
      1.9777221e+08,
      1.0556436e+08,
      2.1265365e+08,
      2.0195571e+08,
      1.9593533e+08,
      1.9651334e+08,
      1.37274e+08,
      1.1852983e+08,
      4.4339683e+08,
      0,
      4.675149e+08,
      3.77007e+08,
      3.6297072e+08,
      4.0333872e+08,
      4.6163907e+08,
      4.400018e+08,
      4.2833155e+08,
      2.9369923e+08,
      3.9572416e+08,
      4.209842e+08,
      4.635624e+08,
      3.3283696e+08,
      3.0883984e+08,
      2.3892707e+08,
      2.0074734e+08,
      2.8484874e+08,
      2.946009e+08,
      2.3291467e+08,
      9.1390696e+07,
      2.2065986e+08,
      1.6395942e+08,
      2.1058088e+08,
      9.5819256e+07,
      1.759832e+08,
      2.8686605e+08,
      2.6278082e+08,
      3.6577814e+08,
      2.9414333e+08,
      2.2644718e+08,
      2.3236957e+08,
      2.367487e+08,
      3.899654e+08,
      2.8735344e+08,
      3.0422954e+08,
      2.7104672e+08,
      7.607106e+07,
      115074.92,
      39208.355,
      60507.03,
      52806.29,
      27791.459,
      36012.293,
      19805.504,
      37035.703,
      30123.492,
      39275.46,
      25618.809,
      25803.357,
      33755.758,
      20988.297,
      21432.893,
      56572.773,
      29293.02,
      37153.145,
      48091.89,
      25820.135,
      79893.1,
      19243.467,
      90336.92,
      16215.18,
      20719.861,
      34200.355,
      27288.143,
      28177.334,
      18891.145,
      30442.258,
      24268.242,
      23211.28,
      86134.23,
      21298.676,
      22590.521,
      53057.945,
      32589.742,
      20845.691,
      23697.818,
      58661.535,
      28428.992,
      17691.574,
      25534.922,
      22011.707,
      100831.07,
      67100.48,
      21256.732,
      25006.441,
      22917.678,
      44065.36,
      61941.48,
      60918.07,
      21567.111,
      76990.64,
      77460.41,
      123606.14,
      68274.88,
      21189.623,
      24041.75,
      67670.9,
      87543.516,
      37371.25,
      27070.037,
      21575.5,
      24159.191,
      24167.58,
      62167.973,
      37765.51,
      66915.93,
      71194.12,
      18698.207,
      23798.48,
      25341.984,
      37346.082,
      75094.82,
      58988.69,
      23924.31,
      37362.86,
      22775.07,
      27749.516,
      76126.62,
      43570.43,
      23496.49,
      19696.451,
      19688.062,
      22431.139,
      20887.635,
      24972.887,
      35282.484,
      26633.83,
      26432.504,
      22456.303,
      24016.584,
      20526.924,
      32572.965,
      20854.08,
      40399.535,
      27221.033,
      21449.67,
      35014.05,
      30047.994,
      29309.797,
      26809.99,
      20057.162,
      33889.977,
      57453.58,
      25123.88,
      22246.588,
      32354.861,
      23949.477,
      26038.238,
      19964.887,
      92752.836,
      34418.457,
      89850.38,
      94371.84,
      34619.785,
      32799.457,
      93885.3,
      30148.656,
      65775.08,
      61538.83,
      65691.19,
      53024.39,
      69600.28,
      21164.457,
      36112.957,
      38059.113,
      28127.002,
      46246.395,
      20619.2,
      25425.871,
      33504.1,
      32203.865,
      26466.059,
      64323.848,
      29251.076,
      30081.549,
      36112.957,
      43813.7,
      26415.727,
      33344.72,
      26239.566,
      37513.855,
      20501.758,
      36012.293,
      24226.3,
      48159,
      24947.72,
      32136.758,
      32111.592,
      27070.037,
      26096.959,
      24234.69,
      24477.959,
      24310.186,
      25761.416,
      28747.76,
      85228.26,
      52915.34,
      39787.168,
      20191.379,
      42412.8,
      17909.678,
      33462.156,
      86360.72,
      35903.242,
      27497.857,
      34770.78,
      30601.643,
      20250.1,
      31381.783,
      50130.32,
      556567.4,
      32363.25,
      18748.54,
      19964.887,
      25107.104,
      29158.8,
      31390.172,
      63627.59,
      22632.465,
      33546.043,
      39711.67,
      30131.88,
      21332.23,
      65624.08,
      38075.89,
      31214.01,
      74063.02,
      427391.2,
      25350.373,
      30584.865,
      25341.984,
      46288.34,
      85236.65,
      37731.957,
      35223.766,
      42966.45,
      40038.824,
      23085.45,
      28135.39,
      29200.744,
      33101.445,
      27992.785,
      25694.307,
      24553.455,
      23060.283,
      18975.031,
      27900.51,
      22481.469,
      47009.758,
      39720.06,
      75598.13,
      60884.516,
      29955.719,
      42337.305,
      24628.953,
      24897.389,
      45390.758,
      34544.29,
      24998.053,
      19050.53,
      17070.816,
      21005.074,
      55859.742,
      24486.348,
      35357.984,
      55784.242,
      47244.64,
      24142.414,
      26524.78,
      27061.648,
      20854.08,
      22347.252,
      21223.178,
      19771.95,
      22942.844,
      22280.143,
      24729.617,
      23228.055,
      27313.309,
      58116.277,
      29016.195,
      22531.8,
      30937.186,
      30341.596,
      21701.328,
      17674.797,
      74683.77,
      368687.72,
      29586.621,
      69113.74,
      19100.861,
      21315.453,
      94673.83,
      21877.49,
      31021.072,
      23018.34,
      18740.15,
      20308.82,
      20745.027,
      32254.197,
      63896.027,
      23454.549,
      26835.156,
      18731.762,
      19906.166,
      32749.125,
      41196.453,
      20443.037,
      30014.44,
      48326.77,
      26734.494,
      23949.477,
      36222.008,
      106023.62,
      19553.846,
      23379.05,
      51212.453,
      18748.54,
      23093.838,
      16944.988,
      18706.596,
      55582.918,
      58426.656,
      37287.363,
      38184.945,
      29972.496,
      21961.375,
      18941.477,
      20141.047,
      22397.584,
      1.2356588e+06,
      1.1698417e+07,
      1.7268864e+07,
      2.3766328e+07,
      3.0164906e+07,
      4.39632e+07,
      6.6266916e+07,
      3.1349016e+07,
      7.290056e+07,
      1.0015315e+08,
      4.729612e+07,
      8.85466e+07,
      1.0875577e+08,
      1.0224619e+08,
      6.2536268e+07,
      1.0763551e+08,
      1.1639958e+08,
      1.0817601e+08,
      1.3736869e+08,
      1.4209349e+08,
      1.5006306e+08,
      1.1814532e+08,
      1.2299265e+08,
      1.4107477e+08,
      1.5768746e+08,
      1.3455739e+08,
      1.039758e+08,
      1.3672661e+08,
      1.04463896e+08,
      9.069931e+07,
      1.3169616e+08,
      1.4704405e+08,
      1.560032e+08,
      9.67739e+07,
      1.0973781e+08,
      1.5869278e+08,
      1.5552485e+08,
      1.4441077e+08,
      1.3153953e+08,
      1.4131091e+08,
      1.5715333e+08,
      1.0837143e+08,
      1.5682827e+08,
      1.5736163e+08,
      1.6694494e+08,
      2.1796982e+08,
      2.863792e+08,
      3.0608307e+08,
      2.7338864e+08,
      3.1755277e+08,
      3.0743645e+08,
      2.9105485e+08,
      3.074209e+08,
      2.360537e+08,
      3.3643984e+08,
      3.2125795e+08,
      3.1347334e+08,
      2.766023e+08,
      2.4160763e+08,
      1.7125093e+08,
      2.5646029e+08,
      2.149446e+08,
      2.243234e+08,
      2.0871992e+08,
      2.0491573e+08,
      1.9511971e+08,
      2.594266e+08,
      2.1170242e+08,
      1.8858918e+08,
      1.2313146e+08,
      1.68641e+08,
      1.8092384e+08,
      1.747694e+08,
      1.7329296e+08,
      1.5834227e+08,
      1.5119376e+08,
      1.8346742e+08,
      1.898555e+08,
      2.013275e+08,
      1.5921654e+08,
      1.22609464e+08,
      4.6818296e+07,
      4.5407116e+07,
      5.1258396e+07,
      5.8697012e+07,
      9.0247544e+07,
      1.4165162e+08,
      1.9049603e+08,
      1.6823758e+08,
      1.5376997e+08,
      2.2182184e+08,
      2.0919757e+08,
      1.426095e+08,
      1.4437925e+08,
      1.8692054e+08,
      2.0377614e+08,
      2.3856306e+08,
      2.1278594e+08,
      1.9587757e+08,
      1.5873086e+08,
      1.5001019e+08,
      9.281061e+07,
      2.047383e+08,
      1.4794883e+08,
      2.307338e+08,
      2.0529141e+08,
      2.3054155e+08,
      2.1394557e+08,
      2.6032029e+08,
      2.1938557e+08,
      2.9431152e+08,
      2.755657e+08,
      1.4121926e+08,
      2.0927555e+08,
      1.8266123e+08,
      2.1428571e+08,
      2.3680614e+08,
      2.5241248e+08,
      1.72202e+08,
      1.0398015e+08,
      1.4139331e+08,
      1.4949094e+08,
      1.592126e+08,
      1.0334351e+08,
      6.010987e+07,
      7.240423e+07,
      1.0891362e+08,
      1.3272117e+08,
      1.343243e+08,
      1.04412e+08,
      1.6123416e+08,
      6.069345e+07,
      5.0976004e+07,
      7.3898696e+07,
      1.0035688e+08,
      1.2335942e+08,
      1.30735896e+08,
      1.5616595e+08,
      1.849663e+08,
      2.0730272e+08,
      1.1910002e+08,
      24729.617,
      57352.914,
      49291.46,
      22607.299,
      36641.44,
      989042.06,
      518407.6,
      466322.72,
      702109.7,
      570668.6,
      603040.25,
      589006.1,
      574829.4,
      652742.75,
      433380.66,
      485121.6,
      559604.06,
      489324.28,
      642886.1,
      592101.5,
      502402.12,
      488913.25,
      500237.88,
      556802.25,
      534102.7,
      702042.6,
      480868.56,
      466062.66,
      324169.38,
      395917.12,
      528733.94,
      363612.6,
      333413.62,
      301117.47,
      359955.16,
      343119.22,
      379886.5,
      237028.5,
      302509.97,
      783059.75,
      289960.62,
      243747.78,
      219605.38,
      284457.7,
      230250.52,
      175925.89,
      160700.56,
      263788.16,
      269291.1,
      237271.78,
      229185.16,
      296176.6,
      337154.94,
      510866.22,
      487856.28,
      405236.88,
      403290.72,
      514917.94,
      351373.62,
      408416.16,
      388627.44,
      461851.6,
      306301.62,
      342263.6,
      318750.3,
      316955.16,
      413239.6,
      345971.38,
      597352.75,
      505271.03,
      631049.8,
      644312.2,
      679410.1,
      626419.3,
      618282.4,
      559243.3,
      463302.8,
      325779.97,
      392360.38,
      488133.1
    ],
    "uplinkThroughputBps": [
      2.0869104e+07,
      1.8675776e+07,
      1.1415554e+06,
      1.251176e+07,
      1.392451e+07,
      1.5363257e+07,
      1.3849424e+07,
      1.6639844e+07,
      1.3601834e+07,
      1.3074073e+07,
      1.5141135e+07,
      1.3745657e+07,
      1.6719695e+07,
      1.5287097e+07,
      1.4137422e+07,
      1.3956085e+07,
      1.4540704e+07,
      9.995723e+06,
      1.0162723e+07,
      1.1370037e+07,
      1.3182597e+07,
      1.3691592e+07,
      1.2114098e+07,
      8.546901e+06,
      1.0132524e+07,
      7.6281385e+06,
      8.700866e+06,
      1.498905e+07,
      1.3406707e+07,
      1.4545628e+07,
      1.5791697e+07,
      1.3009171e+07,
      1.0761846e+07,
      1.1397442e+07,
      7.958868e+06,
      6.460671e+06,
      9.311036e+06,
      1.1760258e+07,
      8.289891e+06,
      1.1320779e+07,
      8.816763e+06,
      4.972809e+06,
      8.776615e+06,
      8.836878e+06,
      9.733822e+06,
      8.70969e+06,
      1.0114421e+07,
      2.1152965e+06,
      74734.11,
      91754.59,
      71269.62,
      105151.2,
      98046.05,
      75547.805,
      70153.93,
      62847.45,
      55759.08,
      77955.336,
      106845.7,
      92199.19,
      141356.44,
      65758.3,
      69717.72,
      98918.47,
      87929.39,
      122800.836,
      66320.336,
      66051.9,
      48603.594,
      83584.09,
      81889.59,
      91091.89,
      78089.555,
      68828.53,
      58586.04,
      93566.53,
      74994.16,
      93734.305,
      61865.984,
      66882.375,
      59215.184,
      91477.77,
      95311.37,
      452104.03,
      129134.234,
      158804.73,
      168359.36,
      258872.44,
      105151.2,
      71512.88,
      67989.664,
      41825.598,
      90638.91,
      78626.42,
      88961.19,
      79020.69,
      71487.72,
      81403.055,
      55188.652,
      75430.36,
      83214.99,
      13228.835,
      15158.215,
      10032.775,
      10032.775,
      30073.16,
      13564.379,
      10032.775,
      14109.639,
      10032.775,
      11081.352,
      16768.828,
      10032.775,
      9210.691,
      15174.992,
      14772.339,
      15980.298,
      14629.732,
      10032.775,
      10032.775,
      25811.746,
      12742.296,
      10032.775,
      14076.084,
      10854.858,
      25417.482,
      17792.238,
      10032.775,
      10032.775,
      15183.381,
      10955.522,
      13807.648,
      14629.732,
      10032.775,
      10032.775,
      18807.26,
      14629.732,
      16785.605,
      23999.807,
      10032.775,
      17297.31,
      26726.105,
      10032.775,
      10032.775,
      14629.732,
      15267.267,
      15510.536,
      14629.732,
      10032.775,
      10032.775,
      14076.084,
      24335.352,
      10032.775,
      14076.084,
      10032.775,
      13656.654,
      18404.605,
      10032.775,
      10032.775,
      34175.188,
      10032.775,
      13254.001,
      15183.381,
      10955.522,
      10032.775,
      17699.963,
      15737.028,
      10032.775,
      23932.7,
      14629.732,
      11098.128,
      15619.588,
      9210.691,
      10032.775,
      15183.381,
      14445.183,
      17045.652,
      14629.732,
      10754.195,
      10032.775,
      26340.229,
      15183.381,
      9210.691,
      14076.084,
      10032.775,
      27304.92,
      16785.605,
      10032.775,
      10032.775,
      15183.381,
      11098.128,
      13564.379,
      13866.369,
      10032.775,
      10032.775,
      20241.71,
      24368.906,
      10032.775,
      658212.1,
      1.02063356e+06,
      190102.64,
      119495.72,
      206066.16,
      131399.16,
      321334.03,
      794778.7,
      4.4503745e+06,
      166740.36,
      75925.29,
      46414.168,
      235686.33,
      2.1778755e+06,
      6.977468e+06,
      41062.234,
      40818.965,
      33336.33,
      365382.6,
      48788.145,
      645755.06,
      105453.19,
      17725.129,
      19117.637,
      15686.697,
      9714.008,
      10032.775,
      17699.963,
      15183.381,
      10032.775,
      25014.828,
      10032.775,
      10032.775,
      17792.238,
      10032.775,
      9210.691,
      15183.381,
      13656.654,
      17045.652,
      14629.732,
      10032.775,
      10032.775,
      14076.084,
      14629.732,
      10586.423,
      13816.037,
      10032.775,
      37690.016,
      19109.25,
      10032.775,
      10032.775,
      15183.381,
      10032.775,
      14076.084,
      14420.018,
      10032.775,
      10821.305,
      18765.316,
      22976.396,
      11140.071,
      14797.505,
      66714.6,
      90177.54,
      80111.2,
      86629.16,
      81663.1,
      191151.2,
      67645.734,
      83944.8,
      71152.17,
      62671.29,
      70799.85,
      72032.98,
      75044.484,
      58284.047,
      120972.12,
      62503.52,
      61958.258,
      87249.914,
      79431.73,
      58057.555,
      63971.523,
      77762.4,
      74029.47,
      57344.523,
      72603.4,
      55499.03,
      88214.6,
      93264.55,
      61488.496,
      84573.945,
      65439.53,
      68115.5,
      69055.02,
      80539.02,
      59986.938,
      57696.848,
      66521.664,
      93818.195,
      84045.46,
      52286.195,
      63065.555,
      71647.1,
      82803.95,
      62771.953,
      86796.93,
      65691.19,
      95604.97,
      58133.055,
      81839.26,
      60993.57,
      74104.96,
      58980.305,
      124117.84,
      72989.28,
      61345.89,
      68392.32,
      92132.08,
      67645.734,
      74432.12,
      60540.582,
      79414.95,
      81235.28,
      65783.46,
      65187.87,
      165666.62,
      241675.8,
      254409.7,
      500288.2,
      272218.72,
      362463.38,
      358889.8,
      442960.44,
      82023.81,
      81646.32,
      68602.04,
      54492.4,
      68006.445,
      92929,
      84146.125,
      67947.73,
      74784.44,
      67226.305,
      78324.43,
      67771.56,
      57185.14,
      60515.418,
      95193.92,
      71655.49,
      76814.484,
      70321.7,
      0,
      23781.703,
      71991.03,
      68761.42,
      70799.85,
      83491.81,
      64307.07,
      86981.48,
      76420.22,
      76101.45,
      63946.36,
      59089.355,
      93314.875,
      72662.125,
      71101.84,
      598233.56,
      80354.48,
      85924.516,
      69390.56,
      77561.07,
      108020.1,
      72435.63,
      66999.81,
      65204.65,
      77359.74,
      40022.047,
      81059.12,
      64684.555,
      68878.86,
      75128.375,
      61614.324,
      82258.69,
      86838.87,
      64416.12,
      75413.586,
      61362.668,
      76428.61,
      44996.492,
      84020.3,
      83676.37,
      93172.266,
      9.310508e+07,
      3.355129e+08,
      3.1577085e+08,
      3.2426618e+08,
      3.3876902e+08,
      3.2828826e+08,
      3.2834835e+08,
      3.2073427e+08,
      3.1541386e+08,
      3.2329405e+08,
      3.1640106e+08,
      3.3189248e+08,
      3.2203373e+08,
      3.083061e+08,
      3.018694e+08,
      3.2214026e+08,
      3.262738e+08,
      3.104434e+08,
      3.210287e+08,
      3.115139e+08,
      3.194041e+08,
      3.3613693e+08,
      3.1386877e+08,
      3.2442256e+08,
      3.1605875e+08,
      3.1689235e+08,
      3.2123222e+08,
      3.3140006e+08,
      3.114147e+08,
      3.214893e+08,
      3.155512e+08,
      3.1893184e+08,
      3.1416982e+08,
      3.2974915e+08,
      3.3180307e+08,
      3.3621498e+08,
      3.238819e+08,
      3.2278883e+08,
      3.1843917e+08,
      3.338032e+08,
      3.0888403e+08,
      3.1069354e+08,
      3.1866662e+08,
      3.1622774e+08,
      3.2143594e+08,
      3.223173e+08,
      3.1766717e+08,
      3.2731725e+08,
      3.1289232e+08,
      3.2745936e+08,
      3.208231e+08,
      3.2192477e+08,
      3.0960835e+08,
      3.2109952e+08,
      3.2099494e+08,
      3.3266032e+08,
      3.2156067e+08,
      3.1752486e+08,
      3.202106e+08,
      3.1977206e+08,
      3.2112403e+08,
      3.0305792e+08,
      3.2873648e+08,
      3.070502e+08,
      3.10376e+08,
      3.318688e+08,
      3.2020352e+08,
      3.1198013e+08,
      3.2149488e+08,
      3.0741763e+08,
      3.266765e+08,
      3.1725542e+08,
      3.239389e+08,
      3.1594234e+08,
      3.1625773e+08,
      3.2982938e+08,
      3.386832e+08,
      3.1570218e+08,
      3.314632e+08,
      3.2711994e+08,
      3.299935e+08,
      3.3291043e+08,
      3.125575e+08,
      3.1462422e+08,
      3.1968742e+08,
      3.185667e+08,
      3.1652003e+08,
      3.218414e+08,
      3.2229702e+08,
      3.328996e+08,
      3.2282384e+08,
      3.3312477e+08,
      3.0800573e+08,
      3.2551325e+08,
      3.2571155e+08,
      3.205248e+08,
      3.1929587e+08,
      3.300001e+08,
      3.18374e+08,
      3.2201994e+08,
      3.2390736e+08,
      3.203178e+08,
      3.342901e+08,
      3.3455194e+08,
      3.2893664e+08,
      3.160599e+08,
      3.1881245e+08,
      3.2736413e+08,
      3.3184544e+08,
      3.2491085e+08,
      3.1675722e+08,
      3.2492842e+08,
      2.6546272e+08,
      2.288549e+08,
      3.0719165e+08,
      3.064004e+08,
      3.2754246e+08,
      3.0314838e+08,
      3.220651e+08,
      2.6075949e+08,
      1.9133995e+08,
      93457.484,
      83777.03,
      98708.75,
      68249.71,
      95151.984,
      99765.72,
      109915.93,
      76772.54,
      238764.95,
      79649.836,
      94908.71,
      103154.71,
      73450.65,
      99119.79,
      79414.95,
      87157.64,
      70581.75,
      48083.5,
      83072.38,
      92568.29,
      105386.086,
      60909.684,
      38965.086,
      67117.25,
      84120.96,
      92643.79,
      78852.914,
      75539.414,
      74247.57,
      66060.29,
      98759.08,
      66337.11,
      98968.8,
      45382.37,
      73853.305,
      48519.707,
      67662.516,
      91460.99,
      71512.88,
      57864.617,
      84674.61,
      49543.117,
      64718.11,
      89833.6,
      92207.58,
      69566.73,
      50130.32,
      66806.875,
      67226.305,
      76495.72,
      74876.72,
      69239.57,
      46707.77,
      52680.457,
      80631.3,
      74365.01,
      89489.67,
      50398.758,
      55582.918,
      49392.125,
      68149.055,
      60154.707,
      69776.44,
      59198.406,
      54148.465,
      82250.305,
      80706.8,
      72309.805,
      61144.562,
      55993.957,
      55230.594,
      86637.55,
      85144.375,
      64189.63,
      53460.598,
      60507.03,
      48662.316,
      97567.9,
      84758.49,
      63988.3,
      57621.348,
      54895.05,
      49643.78,
      80933.29,
      91670.71,
      58913.195,
      73802.98,
      64936.215,
      403886.3,
      104018.74,
      58913.195,
      60943.24,
      61631.1,
      54651.78,
      71160.56,
      81537.27,
      85437.97,
      75212.26,
      59131.297,
      48242.883,
      83198.21,
      96745.81,
      87795.17,
      82510.35,
      63560.484,
      24645.73,
      9210.691,
      14034.142,
      10032.775,
      10032.775,
      16970.154,
      10032.775,
      10032.775,
      14034.142,
      13656.654,
      16022.241,
      14092.861,
      10032.775,
      9764.34,
      16164.848,
      13564.379,
      10032.775,
      24628.953,
      11114.905,
      17658.02,
      16684.941,
      10032.775,
      9210.691,
      14587.789,
      11978.933,
      14763.95,
      14118.027,
      10032.775,
      10586.423,
      19302.188,
      13564.379,
      19839.059,
      14034.142,
      9210.691,
      11114.905,
      16684.941,
      10032.775,
      10032.775,
      578688.1,
      17330.863,
      15980.298,
      14587.789,
      11643.388,
      90060.09,
      83726.695,
      102122.914,
      132229.62,
      98381.59,
      69541.56,
      106770.2,
      76529.27,
      72452.41,
      103297.32,
      80161.54,
      77997.27,
      66211.28,
      55490.64,
      54987.324,
      62184.75,
      80882.96,
      73710.695,
      83877.69,
      57277.414,
      87459.625,
      109110.625,
      243680.67,
      194917.7,
      220377.12,
      267479.16,
      296143.03,
      333287.78,
      267110.06,
      339252.1,
      434655.72,
      427827.4,
      361062.47,
      311628.4,
      347263.22,
      377982.28,
      401126.47,
      387151.03,
      426283.9,
      427189.88,
      425067.53,
      385011.94,
      431828.75,
      458848.47,
      467522.28,
      380054.28,
      551886.5,
      388979.75,
      369501.4,
      530151.6,
      487671.72,
      400748.97,
      480080.03,
      439344.97,
      649672.5,
      425394.7,
      433850.4,
      508165.1,
      443883.2,
      405094.28,
      390212.88,
      479283.12,
      424975.28,
      436039.84,
      413407.38,
      502871.88,
      494810.44,
      512812.38,
      470080.8,
      521855.3,
      466045.9,
      462648.5,
      526032.8,
      424748.78,
      505178.75,
      499910.72,
      511310.8,
      448102.66,
      452347.3,
      385825.62,
      420772.56,
      384760.28,
      416486,
      396756,
      389248.2,
      418541.22,
      449545.5,
      436736.1,
      421376.56,
      342540.4,
      429681.28,
      411813.53,
      450686.34,
      414749.56,
      769931.6,
      694543.2,
      528012.56,
      609247.8,
      473302.03,
      456617.1,
      666877.56,
      501353.53,
      433061.88,
      268066.34,
      271589.56,
      303868.94,
      450074,
      449352.56,
      409515.06,
      740848.3,
      516151.06,
      490372.84,
      392083.53,
      412795,
      422559.34,
      450107.53,
      446735.3,
      467505.5,
      516973.12,
      398106.56,
      570249.2,
      290682.03,
      503937.25,
      499088.62,
      519875.6,
      438246.06,
      513038.88,
      418197.28,
      481170.56,
      411251.5,
      561290.1,
      491857.66,
      371959.28,
      479450.88,
      421384.94,
      477655.72,
      508098,
      473402.72,
      367874,
      355031.06,
      405580.8,
      399843,
      406201.56,
      389147.53,
      240904.05,
      360315.88,
      346835.38,
      381455.16,
      374022.88,
      341231.78,
      414179.12,
      228254.03,
      338446.78,
      286605.2,
      396823.1,
      396529.5,
      428590.75,
      437373.62,
      458923.97,
      493040.44,
      347833.62,
      75421.98,
      79146.516,
      88231.38,
      67964.5,
      954162.2,
      3.5594424e+07,
      1.3517269e+07,
      1.3414693e+07,
      1.8646894e+07,
      1.6910092e+07,
      1.7287806e+07,
      1.730043e+07,
      1.6746925e+07,
      1.9058582e+07,
      1.2325608e+07,
      1.3522109e+07,
      1.5642044e+07,
      1.4768262e+07,
      1.7878514e+07,
      1.7732846e+07,
      1.3929091e+07,
      1.465005e+07,
      1.4387797e+07,
      1.6195307e+07,
      1.5903828e+07,
      1.9236764e+07,
      1.4019528e+07,
      1.2055319e+07,
      8.912812e+06,
      1.0995418e+07,
      1.3776275e+07,
      8.95728e+06,
      7.8620885e+06,
      8.2677785e+06,
      8.1051235e+06,
      9.03568e+06,
      9.990362e+06,
      5.9928385e+06,
      7.221845e+06,
      1.0124437e+07,
      7.2783255e+06,
      7.178954e+06,
      6.438198e+06,
      8.395487e+06,
      5.3912075e+06,
      4.7050445e+06,
      4.735403e+06,
      8.526609e+06,
      8.790137e+06,
      7.4148835e+06,
      7.2109145e+06,
      9.101212e+06,
      8.06209e+06,
      1.3045535e+07,
      1.5458468e+07,
      1.1921554e+07,
      1.2688063e+07,
      1.5643076e+07,
      1.1311551e+07,
      1.5225919e+07,
      1.2779247e+07,
      1.4302518e+07,
      1.0041734e+07,
      9.858485e+06,
      1.1138285e+07,
      1.0318332e+07,
      1.6149178e+07,
      1.0192385e+07,
      2.090072e+07,
      1.7083752e+07,
      2.294354e+07,
      2.1790702e+07,
      2.2725788e+07,
      2.1101098e+07,
      2.0633274e+07,
      1.9196986e+07,
      1.5438948e+07,
      1.1917628e+07,
      1.4779192e+07,
      1.7864674e+07
    ],
    "outages": [
      {
        "cause": "BOOTING",
        "startTimestampNs": "1400878338205950005",
        "durationNs": "48494843104",
        "didSwitch": false
      },
      {
        "cause": "NO_SCHEDULE",
        "startTimestampNs": "1400878387140730015",
        "durationNs": "11559976437",
        "didSwitch": false
      },
      {
        "cause": "NO_PINGS",
        "startTimestampNs": "1400878399600641908",
        "durationNs": "14040140128",
        "didSwitch": false
      },
      {
        "cause": "NO_PINGS",
        "startTimestampNs": "1400878448980890571",
        "durationNs": "3359892931",
        "didSwitch": false
      },
      {
        "cause": "NO_PINGS",
        "startTimestampNs": "1400878740120727599",
        "durationNs": "880000099",
        "didSwitch": true
      },
      {
        "cause": "NO_PINGS",
        "startTimestampNs": "1400878754860773553",
        "durationNs": "1319948364",
        "didSwitch": true
      },
      {
        "cause": "NO_PINGS",
        "startTimestampNs": "1400878921120717804",
        "durationNs": "940044786",
        "didSwitch": true
      },
      {
        "cause": "NO_PINGS",
        "startTimestampNs": "1400878950020695059",
        "durationNs": "1800094762",
        "didSwitch": true
      },
      {
        "cause": "NO_DOWNLINK",
        "startTimestampNs": "1400879913460752834",
        "durationNs": "399996962",
        "didSwitch": true
      },
      {
        "cause": "NO_DOWNLINK",
        "startTimestampNs": "1400880271600797136",
        "durationNs": "919999021",
        "didSwitch": true
      },
      {
        "cause": "NO_DOWNLINK",
        "startTimestampNs": "1400880300060756684",
        "durationNs": "1760032252",
        "didSwitch": true
      },
      {
        "cause": "NO_PINGS",
        "startTimestampNs": "1400880393960699660",
        "durationNs": "700075799",
        "didSwitch": true
      },
      {
        "cause": "NO_PINGS",
        "startTimestampNs": "1400880479860761384",
        "durationNs": "399880177",
        "didSwitch": true
      },
      {
        "cause": "NO_DOWNLINK",
        "startTimestampNs": "1400880615820734379",
        "durationNs": "540020628",
        "didSwitch": true
      },
      {
        "cause": "NO_DOWNLINK",
        "startTimestampNs": "1400880751320793905",
        "durationNs": "800023402",
        "didSwitch": true
      }
    ]
  }
}
End time: 1716845535895
