Start time: 1716998190133
[2024-05-29 11:56:31.144329] nuttcp-r: v8.1.4: socket
[2024-05-29 11:56:31.144785] nuttcp-r: buflen=65536, nstream=1, port=5001 tcp
[2024-05-29 11:56:31.144809] nuttcp-r: interval reporting every 0.50 seconds
[2024-05-29 11:56:31.144828] nuttcp-r: connect to 35.245.244.238 with RTT=60.537 ms af=inet
[2024-05-29 11:56:31.144848] nuttcp-r: send window size = 1048576, receive window size = 4194304
[2024-05-29 11:56:31.144868] nuttcp-r: available send window = 786432, available receive window = 3145728
[2024-05-29 11:56:31.144888]     1.4375 MB /   0.50 sec =   24.1097 Mbps     0 retrans     13 KB-cwnd
[2024-05-29 11:56:31.643931]    11.5000 MB /   0.50 sec =  192.9804 Mbps     0 retrans     13 KB-cwnd
[2024-05-29 11:56:32.143891]     6.5000 MB /   0.50 sec =  109.0475 Mbps     0 retrans     13 KB-cwnd
[2024-05-29 11:56:32.643911]     8.0625 MB /   0.50 sec =  135.2763 Mbps     0 retrans     13 KB-cwnd
[2024-05-29 11:56:33.143868]     8.7500 MB /   0.50 sec =  146.7974 Mbps     0 retrans     13 KB-cwnd
[2024-05-29 11:56:33.643895]     6.7500 MB /   0.50 sec =  113.1670 Mbps     0 retrans     13 KB-cwnd
[2024-05-29 11:56:34.143575]     5.8750 MB /   0.50 sec =   98.6318 Mbps     0 retrans     13 KB-cwnd
[2024-05-29 11:56:34.643593]     8.8750 MB /   0.50 sec =  148.8862 Mbps     0 retrans     13 KB-cwnd
[2024-05-29 11:56:35.143611]     8.7500 MB /   0.50 sec =  146.8238 Mbps     0 retrans     13 KB-cwnd
[2024-05-29 11:56:35.643586]     7.3125 MB /   0.50 sec =  122.6736 Mbps     0 retrans     13 KB-cwnd
[2024-05-29 11:56:36.143699]     5.8125 MB /   0.50 sec =   97.5174 Mbps     0 retrans     13 KB-cwnd
[2024-05-29 11:56:36.643686]     9.2500 MB /   0.50 sec =  155.1892 Mbps     0 retrans     13 KB-cwnd
[2024-05-29 11:56:37.143499]     7.1875 MB /   0.50 sec =  120.5913 Mbps     0 retrans     13 KB-cwnd
[2024-05-29 11:56:37.643846]     6.9375 MB /   0.50 sec =  116.3168 Mbps     0 retrans     13 KB-cwnd
[2024-05-29 11:56:38.143568]     6.5000 MB /   0.50 sec =  109.1130 Mbps     0 retrans     13 KB-cwnd
[2024-05-29 11:56:38.643685]     6.5625 MB /   0.50 sec =  110.1106 Mbps     0 retrans     13 KB-cwnd
[2024-05-29 11:56:39.143540]     7.0000 MB /   0.50 sec =  117.4328 Mbps     0 retrans     13 KB-cwnd
[2024-05-29 11:56:39.643862]     6.5000 MB /   0.50 sec =  109.0493 Mbps     0 retrans     13 KB-cwnd
[2024-05-29 11:56:40.144284]     4.5000 MB /   0.50 sec =   75.3940 Mbps     0 retrans     16 KB-cwnd
[2024-05-29 11:56:40.643517]     5.2500 MB /   0.50 sec =   88.2078 Mbps     0 retrans     16 KB-cwnd
[2024-05-29 11:56:41.143674]     4.8750 MB /   0.50 sec =   81.7685 Mbps     0 retrans     16 KB-cwnd
[2024-05-29 11:56:41.643583]     4.4375 MB /   0.50 sec =   74.4578 Mbps     0 retrans     16 KB-cwnd
[2024-05-29 11:56:42.143477]     2.5000 MB /   0.50 sec =   41.9497 Mbps     0 retrans     16 KB-cwnd
[2024-05-29 11:56:42.643727]     3.6875 MB /   0.50 sec =   61.8636 Mbps     0 retrans     16 KB-cwnd
[2024-05-29 11:56:43.143547]     5.6875 MB /   0.50 sec =   95.4187 Mbps     0 retrans     16 KB-cwnd
[2024-05-29 11:56:43.643578]     7.1250 MB /   0.50 sec =  119.5286 Mbps     0 retrans     16 KB-cwnd
[2024-05-29 11:56:44.143821]     6.5625 MB /   0.50 sec =  110.0787 Mbps     0 retrans     16 KB-cwnd
[2024-05-29 11:56:44.643876]     6.3750 MB /   0.50 sec =  106.9167 Mbps     0 retrans     24 KB-cwnd
[2024-05-29 11:56:45.143507]     5.9375 MB /   0.50 sec =   99.6747 Mbps     0 retrans     24 KB-cwnd
[2024-05-29 11:56:45.643567]     7.0625 MB /   0.50 sec =  118.4960 Mbps     0 retrans     24 KB-cwnd
[2024-05-29 11:56:46.143674]     6.3125 MB /   0.50 sec =  105.9079 Mbps     0 retrans     24 KB-cwnd
[2024-05-29 11:56:46.643954]     4.5000 MB /   0.50 sec =   75.4341 Mbps     0 retrans     24 KB-cwnd
[2024-05-29 11:56:47.143542]     3.9375 MB /   0.50 sec =   66.1148 Mbps     0 retrans     26 KB-cwnd
[2024-05-29 11:56:47.643682]     2.5625 MB /   0.50 sec =   42.9903 Mbps     0 retrans     26 KB-cwnd
[2024-05-29 11:56:48.143634]     1.3125 MB /   0.50 sec =   22.0170 Mbps     0 retrans     26 KB-cwnd
[2024-05-29 11:56:48.643553]     4.0625 MB /   0.50 sec =   68.1682 Mbps     0 retrans     26 KB-cwnd
[2024-05-29 11:56:49.143452]     3.1875 MB /   0.50 sec =   53.4802 Mbps     0 retrans     26 KB-cwnd
[2024-05-29 11:56:49.643838]     2.6250 MB /   0.50 sec =   44.0124 Mbps     0 retrans     26 KB-cwnd
[2024-05-29 11:56:50.143549]     2.6250 MB /   0.50 sec =   44.0645 Mbps     0 retrans     26 KB-cwnd
[2024-05-29 11:56:50.643546]     4.4375 MB /   0.50 sec =   74.4508 Mbps     0 retrans     26 KB-cwnd
[2024-05-29 11:56:51.143544]     4.5000 MB /   0.50 sec =   75.4990 Mbps     0 retrans     26 KB-cwnd
[2024-05-29 11:56:51.643844]     4.8125 MB /   0.50 sec =   80.7363 Mbps     0 retrans     26 KB-cwnd
[2024-05-29 11:56:52.143909]     4.8125 MB /   0.50 sec =   80.6850 Mbps     0 retrans     26 KB-cwnd
[2024-05-29 11:56:52.643541]     4.9375 MB /   0.50 sec =   82.8972 Mbps     0 retrans     26 KB-cwnd
[2024-05-29 11:56:53.143565]     4.5625 MB /   0.50 sec =   76.5464 Mbps     0 retrans     26 KB-cwnd
[2024-05-29 11:56:53.643561]     4.6250 MB /   0.50 sec =   77.5890 Mbps     0 retrans     26 KB-cwnd
[2024-05-29 11:56:54.143482]     5.1250 MB /   0.50 sec =   85.9887 Mbps     0 retrans     26 KB-cwnd
[2024-05-29 11:56:54.643542]     5.5000 MB /   0.50 sec =   92.2754 Mbps     0 retrans     26 KB-cwnd
[2024-05-29 11:56:55.143566]     5.5625 MB /   0.50 sec =   93.3201 Mbps     0 retrans     29 KB-cwnd
[2024-05-29 11:56:55.643860]     5.9375 MB /   0.50 sec =   99.5534 Mbps     0 retrans     29 KB-cwnd
[2024-05-29 11:56:56.143665]     5.6250 MB /   0.50 sec =   94.4330 Mbps     0 retrans     29 KB-cwnd
[2024-05-29 11:56:56.643519]     6.3750 MB /   0.50 sec =  106.9550 Mbps     0 retrans     29 KB-cwnd
[2024-05-29 11:56:57.143623]     5.1875 MB /   0.50 sec =   87.0369 Mbps     0 retrans     29 KB-cwnd
[2024-05-29 11:56:57.643547]     5.5000 MB /   0.50 sec =   92.2688 Mbps     0 retrans     29 KB-cwnd
[2024-05-29 11:56:58.144188]     5.3125 MB /   0.50 sec =   89.0721 Mbps     0 retrans     29 KB-cwnd
[2024-05-29 11:56:58.643936]     5.5000 MB /   0.50 sec =   92.2644 Mbps     0 retrans     29 KB-cwnd
[2024-05-29 11:56:59.143517]     4.3125 MB /   0.50 sec =   72.4075 Mbps     0 retrans     29 KB-cwnd
[2024-05-29 11:56:59.643556]     3.0000 MB /   0.50 sec =   50.3299 Mbps     0 retrans     29 KB-cwnd
[2024-05-29 11:57:00.143514]     4.7500 MB /   0.50 sec =   79.6945 Mbps     0 retrans     29 KB-cwnd
[2024-05-29 11:57:00.643531]     3.6250 MB /   0.50 sec =   60.8156 Mbps     0 retrans     29 KB-cwnd
[2024-05-29 11:57:01.143568]     4.2500 MB /   0.50 sec =   71.2965 Mbps     0 retrans     37 KB-cwnd
[2024-05-29 11:57:01.643643]     5.3125 MB /   0.50 sec =   89.1275 Mbps     0 retrans     37 KB-cwnd
[2024-05-29 11:57:02.143580]     5.1875 MB /   0.50 sec =   87.0475 Mbps     0 retrans     37 KB-cwnd
[2024-05-29 11:57:02.643663]     5.1875 MB /   0.50 sec =   87.0283 Mbps     0 retrans     37 KB-cwnd
[2024-05-29 11:57:03.143701]     4.9375 MB /   0.50 sec =   82.8387 Mbps     0 retrans     37 KB-cwnd
[2024-05-29 11:57:03.643534]     5.7500 MB /   0.50 sec =   96.4659 Mbps     0 retrans     37 KB-cwnd
[2024-05-29 11:57:04.143544]     5.8750 MB /   0.50 sec =   98.5665 Mbps     0 retrans     37 KB-cwnd
[2024-05-29 11:57:04.643532]     6.2500 MB /   0.50 sec =  104.8586 Mbps     0 retrans     37 KB-cwnd
[2024-05-29 11:57:05.143569]     5.1875 MB /   0.50 sec =   87.0240 Mbps     0 retrans     37 KB-cwnd
[2024-05-29 11:57:05.643522]     5.4375 MB /   0.50 sec =   91.2336 Mbps     0 retrans     37 KB-cwnd
[2024-05-29 11:57:06.143518]     5.4375 MB /   0.50 sec =   91.2267 Mbps     0 retrans     37 KB-cwnd
[2024-05-29 11:57:06.643839]     5.1875 MB /   0.50 sec =   86.9885 Mbps     0 retrans     45 KB-cwnd
[2024-05-29 11:57:07.143537]     5.2500 MB /   0.50 sec =   88.1206 Mbps     0 retrans     45 KB-cwnd
[2024-05-29 11:57:07.643540]     5.8750 MB /   0.50 sec =   98.5687 Mbps     0 retrans     45 KB-cwnd
[2024-05-29 11:57:08.143716]     4.5625 MB /   0.50 sec =   76.5457 Mbps     0 retrans     45 KB-cwnd
[2024-05-29 11:57:08.643539]     6.0625 MB /   0.50 sec =  101.7125 Mbps     0 retrans     45 KB-cwnd
[2024-05-29 11:57:09.143513]     4.1250 MB /   0.50 sec =   69.2052 Mbps     0 retrans   2717 KB-cwnd
[2024-05-29 11:57:09.643534]     4.7500 MB /   0.50 sec =   79.6924 Mbps     0 retrans   2717 KB-cwnd
[2024-05-29 11:57:10.143505]     5.9375 MB /   0.50 sec =   99.6197 Mbps     0 retrans   2717 KB-cwnd
[2024-05-29 11:57:10.643511]     4.5625 MB /   0.50 sec =   76.5439 Mbps     0 retrans   2717 KB-cwnd
[2024-05-29 11:57:11.143576]     5.4375 MB /   0.50 sec =   91.2168 Mbps     0 retrans   2717 KB-cwnd
[2024-05-29 11:57:11.643537]     1.6875 MB /   0.50 sec =   28.3142 Mbps     0 retrans   2717 KB-cwnd
[2024-05-29 11:57:12.143549]     4.2500 MB /   0.50 sec =   71.3002 Mbps     0 retrans   2717 KB-cwnd
[2024-05-29 11:57:12.643554]     5.1875 MB /   0.50 sec =   87.0335 Mbps     0 retrans   2717 KB-cwnd
[2024-05-29 11:57:13.143542]     5.8125 MB /   0.50 sec =   97.5162 Mbps     0 retrans   2717 KB-cwnd
[2024-05-29 11:57:13.643515]     5.3750 MB /   0.50 sec =   90.1817 Mbps     0 retrans   2717 KB-cwnd
[2024-05-29 11:57:14.143579]     4.9375 MB /   0.50 sec =   82.8264 Mbps     0 retrans   2717 KB-cwnd
[2024-05-29 11:57:14.643470]     4.6875 MB /   0.50 sec =   78.6556 Mbps     0 retrans   2717 KB-cwnd
[2024-05-29 11:57:15.143594]     5.0000 MB /   0.50 sec =   83.8752 Mbps     0 retrans   2717 KB-cwnd
[2024-05-29 11:57:15.643533]     4.6875 MB /   0.50 sec =   78.6504 Mbps     0 retrans   2717 KB-cwnd
[2024-05-29 11:57:16.143589]     4.7500 MB /   0.50 sec =   79.6829 Mbps     0 retrans   2717 KB-cwnd
[2024-05-29 11:57:16.643525]     4.7500 MB /   0.50 sec =   79.7018 Mbps     0 retrans   2717 KB-cwnd
[2024-05-29 11:57:17.143515]     4.3750 MB /   0.50 sec =   73.4003 Mbps     0 retrans   2717 KB-cwnd
[2024-05-29 11:57:17.643523]     4.3125 MB /   0.50 sec =   72.3509 Mbps     0 retrans   2717 KB-cwnd
[2024-05-29 11:57:18.143625]     3.0000 MB /   0.50 sec =   50.3317 Mbps     0 retrans   2717 KB-cwnd
[2024-05-29 11:57:18.643535]     3.1875 MB /   0.50 sec =   53.4772 Mbps     0 retrans   2717 KB-cwnd
[2024-05-29 11:57:19.143546]     2.3125 MB /   0.50 sec =   38.7964 Mbps     0 retrans   2717 KB-cwnd
[2024-05-29 11:57:19.643559]     4.3125 MB /   0.50 sec =   72.3530 Mbps     0 retrans   2717 KB-cwnd
[2024-05-29 11:57:20.143520]     3.8125 MB /   0.50 sec =   63.9642 Mbps     0 retrans   2717 KB-cwnd
[2024-05-29 11:57:20.643521]     4.1875 MB /   0.50 sec =   70.2549 Mbps     0 retrans   2717 KB-cwnd
[2024-05-29 11:57:21.143629]     2.8750 MB /   0.50 sec =   48.2358 Mbps     0 retrans   2717 KB-cwnd
[2024-05-29 11:57:21.643592]     2.4375 MB /   0.50 sec =   40.8909 Mbps     0 retrans   2717 KB-cwnd
[2024-05-29 11:57:22.143505]     0.6250 MB /   0.50 sec =   10.4857 Mbps     0 retrans   2717 KB-cwnd
[2024-05-29 11:57:22.643573]     2.1250 MB /   0.50 sec =   35.6527 Mbps     0 retrans   2717 KB-cwnd
[2024-05-29 11:57:23.143712]     4.1250 MB /   0.50 sec =   69.2005 Mbps     0 retrans   2717 KB-cwnd
[2024-05-29 11:57:23.643531]     5.3750 MB /   0.50 sec =   90.1860 Mbps     0 retrans   2717 KB-cwnd
[2024-05-29 11:57:24.143576]     5.7500 MB /   0.50 sec =   96.4592 Mbps     0 retrans   2717 KB-cwnd
[2024-05-29 11:57:24.643524]     6.4375 MB /   0.50 sec =  108.0156 Mbps     0 retrans   2717 KB-cwnd
[2024-05-29 11:57:25.143690]     5.9375 MB /   0.50 sec =   99.6177 Mbps     0 retrans   2717 KB-cwnd
[2024-05-29 11:57:25.643465]     4.5000 MB /   0.50 sec =   75.4978 Mbps     0 retrans   1763 KB-cwnd
[2024-05-29 11:57:26.143529]     4.4375 MB /   0.50 sec =   74.4456 Mbps     0 retrans   1763 KB-cwnd
[2024-05-29 11:57:26.643519]     6.1875 MB /   0.50 sec =  103.8099 Mbps     0 retrans   1763 KB-cwnd
[2024-05-29 11:57:27.143664]     4.0625 MB /   0.50 sec =   68.1573 Mbps     0 retrans   1763 KB-cwnd
[2024-05-29 11:57:27.643656]     4.7500 MB /   0.50 sec =   79.6931 Mbps     0 retrans   1763 KB-cwnd
[2024-05-29 11:57:28.143870]     5.4375 MB /   0.50 sec =   91.1989 Mbps     0 retrans   1763 KB-cwnd
[2024-05-29 11:57:28.643522]     7.2500 MB /   0.50 sec =  121.6701 Mbps     0 retrans   1763 KB-cwnd
[2024-05-29 11:57:29.143516]     4.3125 MB /   0.50 sec =   72.3520 Mbps     0 retrans   1763 KB-cwnd
[2024-05-29 11:57:29.643565]     2.5000 MB /   0.50 sec =   41.9388 Mbps     0 retrans   1763 KB-cwnd
[2024-05-29 11:57:30.143790]     1.0000 MB /   0.50 sec =   16.7776 Mbps     0 retrans   1763 KB-cwnd
[2024-05-29 11:57:30.643951]     2.6250 MB /   0.50 sec =   44.0086 Mbps     0 retrans   1763 KB-cwnd
[2024-05-29 11:57:31.143740]     2.2500 MB /   0.50 sec =   37.7771 Mbps     0 retrans   1763 KB-cwnd
[2024-05-29 11:57:31.643637]     2.3750 MB /   0.50 sec =   39.8413 Mbps     0 retrans   1763 KB-cwnd
[2024-05-29 11:57:32.143603]     3.0000 MB /   0.50 sec =   50.3312 Mbps     0 retrans   1763 KB-cwnd
[2024-05-29 11:57:32.643561]     3.2500 MB /   0.50 sec =   54.5334 Mbps     0 retrans   1763 KB-cwnd
[2024-05-29 11:57:33.143577]     3.2500 MB /   0.50 sec =   54.5215 Mbps     0 retrans   1763 KB-cwnd
[2024-05-29 11:57:33.644734]     2.8750 MB /   0.50 sec =   48.1305 Mbps     0 retrans   1763 KB-cwnd
[2024-05-29 11:57:34.144464]     1.8750 MB /   0.50 sec =   31.4969 Mbps     0 retrans   1763 KB-cwnd
[2024-05-29 11:57:34.643876]     3.0000 MB /   0.50 sec =   50.3486 Mbps     0 retrans   1763 KB-cwnd
[2024-05-29 11:57:35.143500]     3.5000 MB /   0.50 sec =   58.7621 Mbps     0 retrans   1763 KB-cwnd
[2024-05-29 11:57:35.643494]     3.8125 MB /   0.50 sec =   63.9592 Mbps     0 retrans   1763 KB-cwnd
[2024-05-29 11:57:36.144258]     3.2500 MB /   0.50 sec =   54.4745 Mbps     0 retrans   1763 KB-cwnd
[2024-05-29 11:57:36.643538]     3.7500 MB /   0.50 sec =   62.9745 Mbps     0 retrans   1763 KB-cwnd
[2024-05-29 11:57:37.143561]     3.2500 MB /   0.50 sec =   54.5256 Mbps     0 retrans   1763 KB-cwnd
[2024-05-29 11:57:37.643551]     2.2500 MB /   0.50 sec =   37.7488 Mbps     0 retrans   1763 KB-cwnd
[2024-05-29 11:57:38.143523]     3.1875 MB /   0.50 sec =   53.4777 Mbps     0 retrans   1763 KB-cwnd
[2024-05-29 11:57:38.643589]     4.1250 MB /   0.50 sec =   69.2039 Mbps     0 retrans   1763 KB-cwnd
[2024-05-29 11:57:39.143627]     4.8125 MB /   0.50 sec =   80.7323 Mbps     0 retrans   1763 KB-cwnd
[2024-05-29 11:57:39.643568]     4.6875 MB /   0.50 sec =   78.6534 Mbps     0 retrans   1763 KB-cwnd
[2024-05-29 11:57:40.143545]     4.5000 MB /   0.50 sec =   75.4972 Mbps     0 retrans   1763 KB-cwnd
[2024-05-29 11:57:40.643561]     4.7500 MB /   0.50 sec =   79.6907 Mbps     0 retrans   1763 KB-cwnd
[2024-05-29 11:57:41.143552]     4.3125 MB /   0.50 sec =   72.3538 Mbps     0 retrans   1763 KB-cwnd
[2024-05-29 11:57:41.643583]     3.4375 MB /   0.50 sec =   57.6716 Mbps     0 retrans   1763 KB-cwnd
[2024-05-29 11:57:42.143536]     3.7500 MB /   0.50 sec =   62.9147 Mbps     0 retrans   1763 KB-cwnd
[2024-05-29 11:57:42.643595]     3.6250 MB /   0.50 sec =   60.8152 Mbps     0 retrans   1763 KB-cwnd
[2024-05-29 11:57:43.143641]     4.7500 MB /   0.50 sec =   79.6821 Mbps     0 retrans   1763 KB-cwnd
[2024-05-29 11:57:43.643684]     4.5625 MB /   0.50 sec =   76.5565 Mbps     0 retrans   1763 KB-cwnd
[2024-05-29 11:57:44.143597]     4.5625 MB /   0.50 sec =   76.5385 Mbps     0 retrans   1709 KB-cwnd
[2024-05-29 11:57:44.643545]     5.5625 MB /   0.50 sec =   93.3345 Mbps     0 retrans   1709 KB-cwnd
[2024-05-29 11:57:45.143556]     5.5625 MB /   0.50 sec =   93.3235 Mbps     0 retrans   1709 KB-cwnd
[2024-05-29 11:57:45.643631]     5.5625 MB /   0.50 sec =   93.3087 Mbps     0 retrans   1709 KB-cwnd
[2024-05-29 11:57:46.143623]     6.1875 MB /   0.50 sec =  103.8190 Mbps     0 retrans   1709 KB-cwnd
[2024-05-29 11:57:46.643536]     6.1875 MB /   0.50 sec =  103.8155 Mbps     0 retrans   1709 KB-cwnd
[2024-05-29 11:57:47.143575]     6.1875 MB /   0.50 sec =  103.8069 Mbps     0 retrans   1709 KB-cwnd
[2024-05-29 11:57:47.643548]     6.5625 MB /   0.50 sec =  110.1018 Mbps     0 retrans   1709 KB-cwnd
[2024-05-29 11:57:48.143582]     4.6875 MB /   0.50 sec =   78.6408 Mbps     0 retrans   1709 KB-cwnd
[2024-05-29 11:57:48.643583]     5.2500 MB /   0.50 sec =   88.0795 Mbps     0 retrans   1709 KB-cwnd
[2024-05-29 11:57:49.143568]     6.2500 MB /   0.50 sec =  104.8618 Mbps     0 retrans   1709 KB-cwnd
[2024-05-29 11:57:49.643682]     6.3125 MB /   0.50 sec =  105.9070 Mbps     0 retrans   1709 KB-cwnd
[2024-05-29 11:57:50.143544]     6.6875 MB /   0.50 sec =  112.1916 Mbps     0 retrans   1709 KB-cwnd
[2024-05-29 11:57:50.643524]     5.9375 MB /   0.50 sec =   99.6185 Mbps     0 retrans   1709 KB-cwnd
[2024-05-29 11:57:51.144024]     6.4375 MB /   0.50 sec =  107.9032 Mbps     0 retrans   1709 KB-cwnd
[2024-05-29 11:57:51.643587]     6.5000 MB /   0.50 sec =  109.1512 Mbps     0 retrans   1709 KB-cwnd
[2024-05-29 11:57:52.143612]     5.9375 MB /   0.50 sec =   99.6111 Mbps     0 retrans   1709 KB-cwnd
[2024-05-29 11:57:52.644100]     6.6875 MB /   0.50 sec =  112.1028 Mbps     0 retrans   1709 KB-cwnd
[2024-05-29 11:57:53.143552]     5.9375 MB /   0.50 sec =   99.7057 Mbps     0 retrans   1709 KB-cwnd
[2024-05-29 11:57:53.644710]     2.7500 MB /   0.50 sec =   46.0369 Mbps     0 retrans   1709 KB-cwnd
[2024-05-29 11:57:54.143666]     5.4375 MB /   0.50 sec =   91.4225 Mbps     0 retrans   1709 KB-cwnd
[2024-05-29 11:57:54.643985]     6.0000 MB /   0.50 sec =  100.5826 Mbps     0 retrans   1709 KB-cwnd
[2024-05-29 11:57:55.144358]     5.8750 MB /   0.50 sec =   98.5726 Mbps     0 retrans   1709 KB-cwnd
[2024-05-29 11:57:55.643505]     6.2500 MB /   0.50 sec =  104.9401 Mbps     0 retrans   1709 KB-cwnd
[2024-05-29 11:57:56.143579]     6.4375 MB /   0.50 sec =  108.0035 Mbps     0 retrans   1932 KB-cwnd
[2024-05-29 11:57:56.643583]     6.1875 MB /   0.50 sec =  103.8013 Mbps     0 retrans   1932 KB-cwnd
[2024-05-29 11:57:57.143577]     6.1250 MB /   0.50 sec =  102.7635 Mbps     0 retrans   1932 KB-cwnd
[2024-05-29 11:57:57.643526]     6.6250 MB /   0.50 sec =  111.1502 Mbps     0 retrans   1932 KB-cwnd
[2024-05-29 11:57:58.143778]     6.3750 MB /   0.50 sec =  106.9473 Mbps     0 retrans   1932 KB-cwnd
[2024-05-29 11:57:58.643602]     6.7500 MB /   0.50 sec =  113.2476 Mbps     0 retrans   1932 KB-cwnd
[2024-05-29 11:57:59.143562]     7.0000 MB /   0.50 sec =  117.4485 Mbps     0 retrans   1932 KB-cwnd
[2024-05-29 11:57:59.643532]     6.6875 MB /   0.50 sec =  112.1992 Mbps     0 retrans   1932 KB-cwnd
[2024-05-29 11:58:00.143567]     6.7500 MB /   0.50 sec =  113.2335 Mbps     0 retrans   1932 KB-cwnd
[2024-05-29 11:58:00.643560]     7.0625 MB /   0.50 sec =  118.4993 Mbps     0 retrans   1932 KB-cwnd
[2024-05-29 11:58:01.143766]     7.2500 MB /   0.50 sec =  121.6336 Mbps     0 retrans   1932 KB-cwnd
[2024-05-29 11:58:01.643592]     7.5000 MB /   0.50 sec =  125.8284 Mbps     0 retrans   1932 KB-cwnd
[2024-05-29 11:58:02.143520]     7.4375 MB /   0.50 sec =  124.7763 Mbps     0 retrans   1932 KB-cwnd
[2024-05-29 11:58:02.643993]     7.6875 MB /   0.50 sec =  128.8756 Mbps     0 retrans   1943 KB-cwnd
[2024-05-29 11:58:03.143552]     6.7500 MB /   0.50 sec =  113.3398 Mbps     0 retrans   1943 KB-cwnd
[2024-05-29 11:58:03.643585]     8.4375 MB /   0.50 sec =  141.5569 Mbps     0 retrans   1943 KB-cwnd
[2024-05-29 11:58:04.143793]     7.6875 MB /   0.50 sec =  128.9826 Mbps     0 retrans   1943 KB-cwnd
[2024-05-29 11:58:04.643561]     8.0000 MB /   0.50 sec =  134.2107 Mbps     0 retrans   1943 KB-cwnd
[2024-05-29 11:58:05.143579]     7.8750 MB /   0.50 sec =  132.1195 Mbps     0 retrans   1943 KB-cwnd
[2024-05-29 11:58:05.643480]     7.6875 MB /   0.50 sec =  128.9792 Mbps     0 retrans   1943 KB-cwnd
[2024-05-29 11:58:06.143788]     6.0625 MB /   0.50 sec =  101.6757 Mbps     0 retrans   1886 KB-cwnd
[2024-05-29 11:58:06.643553]     8.9375 MB /   0.50 sec =  149.9965 Mbps     0 retrans   1886 KB-cwnd
[2024-05-29 11:58:07.143586]     8.3125 MB /   0.50 sec =  139.4573 Mbps     0 retrans   1886 KB-cwnd
[2024-05-29 11:58:07.643583]     8.5625 MB /   0.50 sec =  143.6489 Mbps     0 retrans   1886 KB-cwnd
[2024-05-29 11:58:08.143761]     9.2500 MB /   0.50 sec =  155.1796 Mbps     0 retrans   1886 KB-cwnd
[2024-05-29 11:58:08.643552]     9.1250 MB /   0.50 sec =  153.1126 Mbps     0 retrans   1886 KB-cwnd
[2024-05-29 11:58:09.143569]     9.3125 MB /   0.50 sec =  156.2366 Mbps     0 retrans   1886 KB-cwnd
[2024-05-29 11:58:09.643551]     9.1250 MB /   0.50 sec =  153.0927 Mbps     0 retrans   1886 KB-cwnd
[2024-05-29 11:58:10.143549]     9.4375 MB /   0.50 sec =  158.3328 Mbps     0 retrans   1886 KB-cwnd
[2024-05-29 11:58:10.643660]     9.2500 MB /   0.50 sec =  155.1911 Mbps     0 retrans   1932 KB-cwnd
[2024-05-29 11:58:11.143957]     8.8750 MB /   0.50 sec =  148.7782 Mbps     0 retrans   1932 KB-cwnd
[2024-05-29 11:58:11.643563]     9.5000 MB /   0.50 sec =  159.5108 Mbps     0 retrans   1932 KB-cwnd
[2024-05-29 11:58:12.143818]     8.9375 MB /   0.50 sec =  149.9536 Mbps     0 retrans   1932 KB-cwnd
[2024-05-29 11:58:12.644908]     6.6250 MB /   0.50 sec =  110.8548 Mbps     0 retrans   1932 KB-cwnd
[2024-05-29 11:58:13.143446]     9.2500 MB /   0.50 sec =  155.6050 Mbps     0 retrans   1932 KB-cwnd
[2024-05-29 11:58:13.643815]     6.5625 MB /   0.50 sec =  110.0512 Mbps     0 retrans   1932 KB-cwnd
[2024-05-29 11:58:14.143491]     4.4375 MB /   0.50 sec =   74.4820 Mbps     0 retrans   1932 KB-cwnd
[2024-05-29 11:58:14.643593]     7.4375 MB /   0.50 sec =  124.7703 Mbps     0 retrans   1994 KB-cwnd
[2024-05-29 11:58:15.143567]     7.9375 MB /   0.50 sec =  133.1721 Mbps     0 retrans   1994 KB-cwnd
[2024-05-29 11:58:15.644326]     6.0000 MB /   0.50 sec =  100.5700 Mbps     0 retrans   1994 KB-cwnd
[2024-05-29 11:58:16.143668]     9.8750 MB /   0.50 sec =  165.8312 Mbps     0 retrans   1994 KB-cwnd
[2024-05-29 11:58:16.644985]     8.3750 MB /   0.50 sec =  140.1199 Mbps     0 retrans   1994 KB-cwnd
[2024-05-29 11:58:17.143582]     9.6250 MB /   0.50 sec =  161.9247 Mbps     0 retrans   1994 KB-cwnd
[2024-05-29 11:58:17.643709]     6.9375 MB /   0.50 sec =  116.3945 Mbps     0 retrans   1994 KB-cwnd
[2024-05-29 11:58:18.143576]     6.7500 MB /   0.50 sec =  113.2430 Mbps     0 retrans   1994 KB-cwnd
[2024-05-29 11:58:18.643657]     6.1250 MB /   0.50 sec =  102.7504 Mbps     0 retrans   1994 KB-cwnd
[2024-05-29 11:58:19.143598]     6.8750 MB /   0.50 sec =  115.3505 Mbps     0 retrans   1994 KB-cwnd
[2024-05-29 11:58:19.643565]     6.9375 MB /   0.50 sec =  116.4026 Mbps     0 retrans   1994 KB-cwnd
[2024-05-29 11:58:20.143638]     7.1250 MB /   0.50 sec =  119.5154 Mbps     0 retrans   1994 KB-cwnd
[2024-05-29 11:58:20.643570]     5.1250 MB /   0.50 sec =   85.9963 Mbps     0 retrans   1994 KB-cwnd
[2024-05-29 11:58:21.143455]     6.0625 MB /   0.50 sec =  101.7178 Mbps     0 retrans   1994 KB-cwnd
[2024-05-29 11:58:21.643641]     6.5625 MB /   0.50 sec =  110.0820 Mbps     0 retrans   1994 KB-cwnd
[2024-05-29 11:58:22.143444]     6.1875 MB /   0.50 sec =  103.8277 Mbps     0 retrans   1994 KB-cwnd
[2024-05-29 11:58:22.643785]     6.3125 MB /   0.50 sec =  105.8977 Mbps     0 retrans   1994 KB-cwnd
[2024-05-29 11:58:23.143536]     6.0000 MB /   0.50 sec =  100.6665 Mbps     0 retrans   1994 KB-cwnd
[2024-05-29 11:58:23.643545]     6.5625 MB /   0.50 sec =  110.0987 Mbps     0 retrans   1994 KB-cwnd
[2024-05-29 11:58:24.143546]     5.7500 MB /   0.50 sec =   96.4700 Mbps     0 retrans   1994 KB-cwnd
[2024-05-29 11:58:24.643570]     5.3750 MB /   0.50 sec =   90.1752 Mbps     0 retrans   2365 KB-cwnd
[2024-05-29 11:58:25.143591]     5.0625 MB /   0.50 sec =   84.9321 Mbps     0 retrans   2365 KB-cwnd
[2024-05-29 11:58:25.643514]     5.5625 MB /   0.50 sec =   93.3289 Mbps     0 retrans   2365 KB-cwnd
[2024-05-29 11:58:26.144017]     5.1250 MB /   0.50 sec =   85.9090 Mbps     0 retrans   2365 KB-cwnd
[2024-05-29 11:58:26.643628]     4.8125 MB /   0.50 sec =   80.8087 Mbps     0 retrans   2365 KB-cwnd
[2024-05-29 11:58:27.144147]     1.6875 MB /   0.50 sec =   28.3075 Mbps     0 retrans   2365 KB-cwnd
[2024-05-29 11:58:27.643741]     5.0000 MB /   0.50 sec =   83.8950 Mbps     0 retrans   2365 KB-cwnd
[2024-05-29 11:58:28.144083]     5.0000 MB /   0.50 sec =   83.8153 Mbps     0 retrans   2365 KB-cwnd
[2024-05-29 11:58:28.644024]     4.6875 MB /   0.50 sec =   78.6462 Mbps     0 retrans   2365 KB-cwnd
[2024-05-29 11:58:29.143563]     4.3125 MB /   0.50 sec =   72.4124 Mbps     0 retrans   2365 KB-cwnd
[2024-05-29 11:58:29.643719]     3.9375 MB /   0.50 sec =   66.0612 Mbps     0 retrans   2365 KB-cwnd
[2024-05-29 11:58:30.143565]     4.0000 MB /   0.50 sec =   67.1085 Mbps     0 retrans   2365 KB-cwnd
[2024-05-29 11:58:30.643598]     2.6875 MB /   0.50 sec =   45.0876 Mbps     0 retrans   2365 KB-cwnd
[2024-05-29 11:58:31.144632]     1.8125 MB /   0.50 sec =   30.3456 Mbps     0 retrans   2365 KB-cwnd
[2024-05-29 11:58:31.643583]     2.7500 MB /   0.50 sec =   46.2339 Mbps     0 retrans   2365 KB-cwnd
[2024-05-29 11:58:32.143643]     3.8750 MB /   0.50 sec =   65.0005 Mbps     0 retrans   2365 KB-cwnd
[2024-05-29 11:58:32.643547]     3.5625 MB /   0.50 sec =   59.7808 Mbps     0 retrans   2365 KB-cwnd
[2024-05-29 11:58:33.143518]     3.5000 MB /   0.50 sec =   58.7206 Mbps     0 retrans   2365 KB-cwnd
[2024-05-29 11:58:33.643551]     3.6875 MB /   0.50 sec =   61.8645 Mbps     0 retrans   2365 KB-cwnd
[2024-05-29 11:58:34.143660]     4.2500 MB /   0.50 sec =   71.3049 Mbps     0 retrans   2365 KB-cwnd
[2024-05-29 11:58:34.643536]     4.0625 MB /   0.50 sec =   68.1570 Mbps     0 retrans   2365 KB-cwnd
[2024-05-29 11:58:35.143512]     3.5625 MB /   0.50 sec =   59.7716 Mbps     0 retrans   2365 KB-cwnd
[2024-05-29 11:58:35.643547]     4.1250 MB /   0.50 sec =   69.2002 Mbps     0 retrans   2365 KB-cwnd
[2024-05-29 11:58:36.143691]     3.3125 MB /   0.50 sec =   55.5763 Mbps     0 retrans   2365 KB-cwnd
[2024-05-29 11:58:36.643563]     4.2500 MB /   0.50 sec =   71.3023 Mbps     0 retrans   2365 KB-cwnd
[2024-05-29 11:58:37.143583]     4.0000 MB /   0.50 sec =   67.1059 Mbps     0 retrans   2365 KB-cwnd
[2024-05-29 11:58:37.643682]     2.7500 MB /   0.50 sec =   46.1421 Mbps     0 retrans   2365 KB-cwnd
[2024-05-29 11:58:38.144008]     4.8125 MB /   0.50 sec =   80.6645 Mbps     0 retrans   2365 KB-cwnd
[2024-05-29 11:58:38.643545]     4.1250 MB /   0.50 sec =   69.2691 Mbps     0 retrans   2365 KB-cwnd
[2024-05-29 11:58:39.143585]     4.4375 MB /   0.50 sec =   74.4461 Mbps     0 retrans   2365 KB-cwnd
[2024-05-29 11:58:39.643549]     5.0625 MB /   0.50 sec =   84.9353 Mbps     0 retrans   2365 KB-cwnd
[2024-05-29 11:58:40.144742]     2.8750 MB /   0.50 sec =   48.1253 Mbps     0 retrans   2365 KB-cwnd
[2024-05-29 11:58:40.643568]     4.3125 MB /   0.50 sec =   72.5164 Mbps     0 retrans   2365 KB-cwnd
[2024-05-29 11:58:41.143742]     5.1875 MB /   0.50 sec =   87.0365 Mbps     0 retrans   2365 KB-cwnd
[2024-05-29 11:58:41.644120]     4.3125 MB /   0.50 sec =   72.2809 Mbps     0 retrans   2365 KB-cwnd
[2024-05-29 11:58:42.143725]     4.2500 MB /   0.50 sec =   71.3693 Mbps     0 retrans   2397 KB-cwnd
[2024-05-29 11:58:42.643592]     4.7500 MB /   0.50 sec =   79.6903 Mbps     0 retrans   2397 KB-cwnd
[2024-05-29 11:58:43.143537]     4.1250 MB /   0.50 sec =   69.2095 Mbps     0 retrans   2397 KB-cwnd
[2024-05-29 11:58:43.643582]     4.5000 MB /   0.50 sec =   75.4945 Mbps     0 retrans   2397 KB-cwnd
[2024-05-29 11:58:44.143544]     4.8750 MB /   0.50 sec =   81.7896 Mbps     0 retrans   2397 KB-cwnd
[2024-05-29 11:58:44.643659]     4.3125 MB /   0.50 sec =   72.3571 Mbps     0 retrans   2397 KB-cwnd
[2024-05-29 11:58:45.143633]     3.5000 MB /   0.50 sec =   58.7097 Mbps     0 retrans   2397 KB-cwnd
[2024-05-29 11:58:45.643600]     4.0625 MB /   0.50 sec =   68.1603 Mbps     0 retrans   2397 KB-cwnd
[2024-05-29 11:58:46.143622]     5.5000 MB /   0.50 sec =   92.2787 Mbps     0 retrans   2397 KB-cwnd
[2024-05-29 11:58:46.643553]     4.5625 MB /   0.50 sec =   76.5480 Mbps     0 retrans   2397 KB-cwnd
[2024-05-29 11:58:47.143584]     4.3750 MB /   0.50 sec =   73.3987 Mbps     0 retrans   2397 KB-cwnd
[2024-05-29 11:58:47.643462]     5.5625 MB /   0.50 sec =   93.3315 Mbps     0 retrans   2397 KB-cwnd
[2024-05-29 11:58:48.143612]     6.1250 MB /   0.50 sec =  102.7526 Mbps     0 retrans   2397 KB-cwnd
[2024-05-29 11:58:48.643744]     6.5000 MB /   0.50 sec =  109.0482 Mbps     0 retrans   2397 KB-cwnd
[2024-05-29 11:58:49.143541]     6.5000 MB /   0.50 sec =  109.0582 Mbps     0 retrans   2397 KB-cwnd
[2024-05-29 11:58:49.643484]     6.2500 MB /   0.50 sec =  104.8622 Mbps     0 retrans   2397 KB-cwnd
[2024-05-29 11:58:50.143984]     5.9375 MB /   0.50 sec =   99.6054 Mbps     0 retrans   2397 KB-cwnd
End time: 1716998330194
