Start time: 1716848880946
[2024-05-27 18:28:25.594014] Connecting to host 35.245.244.238, port 5202
[2024-05-27 18:28:25.594995] Reverse mode, remote host 35.245.244.238 is sending
[2024-05-27 18:28:25.595075] [  5] local 10.96.167.85 port 48474 connected to 35.245.244.238 port 5202
[2024-05-27 18:28:25.595139] [ ID] Interval           Transfer     Bitrate         Jitter    Lost/Total Datagrams
[2024-05-27 18:28:25.595213] [  5]   0.00-0.50   sec  4.88 MBytes  81.8 Mbits/sec  0.070 ms  15430/19084 (81%)  
[2024-05-27 18:28:25.595273] [  5]   0.50-1.00   sec  1.44 MBytes  24.1 Mbits/sec  0.181 ms  2777/3855 (72%)  
[2024-05-27 18:28:25.595331] [  5]   1.00-1.50   sec  2.28 MBytes  38.2 Mbits/sec  0.113 ms  37008/38714 (96%)  
[2024-05-27 18:28:25.595389] [  5]   1.50-2.00   sec  4.51 MBytes  75.7 Mbits/sec  0.159 ms  18524/21905 (85%)  
[2024-05-27 18:28:25.595448] [  5]   2.00-2.50   sec  5.58 MBytes  93.6 Mbits/sec  0.181 ms  18156/22336 (81%)  
[2024-05-27 18:28:25.595505] [  5]   2.50-3.00   sec  5.59 MBytes  93.7 Mbits/sec  0.089 ms  17096/21280 (80%)  
[2024-05-27 18:28:25.595560] [  5]   3.00-3.50   sec  7.38 MBytes   124 Mbits/sec  0.085 ms  16944/22468 (75%)  
[2024-05-27 18:28:25.595615] [  5]   3.50-4.00   sec  7.95 MBytes   133 Mbits/sec  0.085 ms  17270/23222 (74%)  
[2024-05-27 18:28:25.595671] [  5]   4.00-4.50   sec  6.51 MBytes   109 Mbits/sec  0.151 ms  17604/22483 (78%)  
[2024-05-27 18:28:25.595726] [  5]   4.50-5.00   sec  6.40 MBytes   107 Mbits/sec  0.098 ms  16122/20919 (77%)  
[2024-05-27 18:28:25.595781] [  5]   5.00-5.50   sec  7.01 MBytes   118 Mbits/sec  0.117 ms  18735/23985 (78%)  
[2024-05-27 18:28:25.595836] [  5]   5.50-6.00   sec  5.63 MBytes  94.5 Mbits/sec  0.115 ms  18118/22336 (81%)  
[2024-05-27 18:28:25.595896] [  5]   6.00-6.50   sec  5.58 MBytes  93.7 Mbits/sec  0.104 ms  17907/22089 (81%)  
[2024-05-27 18:28:25.595952] [  5]   6.50-7.00   sec  5.06 MBytes  84.9 Mbits/sec  0.231 ms  18366/22158 (83%)  
[2024-05-27 18:28:25.596007] [  5]   7.00-7.50   sec  4.31 MBytes  72.4 Mbits/sec  0.112 ms  19617/22848 (86%)  
[2024-05-27 18:28:25.596064] [  5]   7.50-8.00   sec  4.01 MBytes  67.2 Mbits/sec  0.118 ms  19077/22077 (86%)  
[2024-05-27 18:28:25.596123] [  5]   8.00-8.50   sec  3.67 MBytes  61.5 Mbits/sec  0.113 ms  19507/22254 (88%)  
[2024-05-27 18:28:25.596177] [  5]   8.50-9.00   sec  3.48 MBytes  58.3 Mbits/sec  0.448 ms  19800/22403 (88%)  
[2024-05-27 18:28:25.596234] [  5]   9.00-9.50   sec  3.16 MBytes  53.0 Mbits/sec  2.686 ms  17241/19609 (88%)  
[2024-05-27 18:28:25.596289] [  5]   9.50-10.00  sec  1.96 MBytes  32.9 Mbits/sec  2.309 ms  12877/14345 (90%)  
[2024-05-27 18:28:25.596345] [  5]  10.00-10.50  sec  2.44 MBytes  40.9 Mbits/sec  0.069 ms  3215/5043 (64%)  
[2024-05-27 18:28:25.596402] [  5]  10.50-11.00  sec  2.03 MBytes  34.1 Mbits/sec  0.205 ms  2725/4246 (64%)  
[2024-05-27 18:28:25.596459] [  5]  11.00-11.50  sec  1.48 MBytes  24.9 Mbits/sec  0.595 ms  31330/32442 (97%)  
[2024-05-27 18:28:25.596514] [  5]  11.50-12.00  sec  1.26 MBytes  21.2 Mbits/sec  0.496 ms  7668/8615 (89%)  
[2024-05-27 18:28:25.596577] [  5]  12.00-12.50  sec  1.08 MBytes  18.2 Mbits/sec  0.809 ms  9271/10082 (92%)  
[2024-05-27 18:28:25.596631] [  5]  12.50-13.00  sec  1.15 MBytes  19.2 Mbits/sec  6.159 ms  11650/12508 (93%)  
[2024-05-27 18:28:25.596886] [  5]  13.00-13.50  sec   844 KBytes  13.8 Mbits/sec  4.130 ms  19084/19701 (97%)  
[2024-05-27 18:28:25.597000] [  5]  13.50-14.00  sec   513 KBytes  8.40 Mbits/sec  1.789 ms  28189/28564 (99%)  
[2024-05-27 18:28:25.597107] [  5]  14.00-14.50  sec  1.54 MBytes  25.8 Mbits/sec  1.244 ms  57708/58861 (98%)  
[2024-05-27 18:28:25.597210] [  5]  14.50-15.00  sec  3.12 MBytes  52.3 Mbits/sec  0.350 ms  49901/52241 (96%)  
[2024-05-27 18:28:25.597312] [  5]  15.00-15.50  sec  2.87 MBytes  48.3 Mbits/sec  0.299 ms  21756/23909 (91%)  
[2024-05-27 18:28:25.597414] [  5]  15.50-16.00  sec   357 KBytes  5.85 Mbits/sec  1.020 ms  9693/9954 (97%)  
[2024-05-27 18:28:25.597515] [  5]  16.00-16.50  sec  1.08 MBytes  18.2 Mbits/sec  0.365 ms  1416/2227 (64%)  
[2024-05-27 18:28:25.597658] [  5]  16.50-17.00  sec  1.31 MBytes  22.0 Mbits/sec  0.809 ms  1709/2689 (64%)  
[2024-05-27 18:28:25.597768] [  5]  17.00-17.50  sec  1.87 MBytes  31.3 Mbits/sec  0.179 ms  2459/3856 (64%)  
[2024-05-27 18:28:25.597873] [  5]  17.50-18.00  sec   213 KBytes  3.50 Mbits/sec  8.384 ms  -35/121 (-29%)  
[2024-05-27 18:28:25.597976] [  5]  18.00-18.50  sec  1.09 MBytes  18.3 Mbits/sec  10.709 ms  30038/30854 (97%)  
[2024-05-27 18:28:25.598080] [  5]  18.50-19.00  sec  1.67 MBytes  27.9 Mbits/sec  4.289 ms  30777/32027 (96%)  
[2024-05-27 18:28:25.598184] [  5]  19.00-19.50  sec  2.52 MBytes  42.4 Mbits/sec  0.287 ms  93546/95437 (98%)  
[2024-05-27 18:28:25.598286] [  5]  19.50-20.00  sec  2.76 MBytes  46.4 Mbits/sec  0.143 ms  20194/22263 (91%)  
[2024-05-27 18:28:25.598390] [  5]  20.00-20.50  sec  1.08 MBytes  18.1 Mbits/sec  1.857 ms  9716/10525 (92%)  
[2024-05-27 18:28:25.598491] [  5]  20.50-21.00  sec  88.9 KBytes  1.46 Mbits/sec  0.968 ms  24819/24884 (1e+02%)  
[2024-05-27 18:28:25.598594] [  5]  21.00-21.50  sec  1.04 MBytes  17.4 Mbits/sec  0.790 ms  1408/2186 (64%)  
[2024-05-27 18:28:25.598694] [  5]  21.50-22.00  sec  1.05 MBytes  17.6 Mbits/sec  1.942 ms  1363/2150 (63%)  
[2024-05-27 18:28:25.598798] [  5]  22.00-22.50  sec   793 KBytes  13.0 Mbits/sec  1.178 ms  1030/1610 (64%)  
[2024-05-27 18:28:25.598913] [  5]  22.50-23.00  sec   633 KBytes  10.4 Mbits/sec  0.998 ms  843/1306 (65%)  
[2024-05-27 18:28:50.094341] [  5]  23.00-23.50  sec   567 KBytes  9.30 Mbits/sec  1.633 ms  1810/2225 (81%)  
[2024-05-27 18:28:50.094696] [  5]  23.50-24.00  sec   677 KBytes  11.1 Mbits/sec  1.764 ms  44495/44990 (99%)  
[2024-05-27 18:28:50.094817] [  5]  24.00-24.50  sec   398 KBytes  6.52 Mbits/sec  7.881 ms  25341/25632 (99%)  
[2024-05-27 18:28:50.094913] [  5]  24.50-25.00  sec   472 KBytes  7.73 Mbits/sec  1.790 ms  18873/19218 (98%)  
[2024-05-27 18:28:50.095003] [  5]  25.00-25.50  sec   796 KBytes  13.0 Mbits/sec  1.067 ms  26213/26795 (98%)  
[2024-05-27 18:28:50.095089] [  5]  25.50-26.00  sec   852 KBytes  14.0 Mbits/sec  1.036 ms  20675/21298 (97%)  
[2024-05-27 18:28:50.095178] [  5]  26.00-26.50  sec  2.22 MBytes  37.2 Mbits/sec  0.721 ms  33051/34711 (95%)  
[2024-05-27 18:28:50.095264] [  5]  26.50-27.00  sec  2.51 MBytes  42.0 Mbits/sec  0.476 ms  69550/71427 (97%)  
[2024-05-27 18:28:50.095348] [  5]  27.00-27.50  sec   793 KBytes  13.0 Mbits/sec  0.603 ms  7777/8357 (93%)  
[2024-05-27 18:28:50.095433] [  5]  27.50-28.00  sec  1.71 MBytes  28.8 Mbits/sec  0.176 ms  24697/25981 (95%)  
[2024-05-27 18:28:50.095521] [  5]  28.00-28.50  sec   502 KBytes  8.22 Mbits/sec  0.375 ms  5379/5746 (94%)  
[2024-05-27 18:28:50.095607] [  5]  28.50-29.00  sec  4.21 MBytes  70.6 Mbits/sec  0.124 ms  71534/74688 (96%)  
[2024-05-27 18:28:50.095694] [  5]  29.00-29.50  sec  1.36 MBytes  22.8 Mbits/sec  12.131 ms  4938/5957 (83%)  
[2024-05-27 18:28:50.095782] [  5]  29.50-30.00  sec  5.51 MBytes  92.4 Mbits/sec  0.144 ms  31721/35846 (88%)  
[2024-05-27 18:28:50.095871] [  5]  30.00-30.50  sec  5.70 MBytes  95.7 Mbits/sec  0.044 ms  20360/24631 (83%)  
[2024-05-27 18:28:50.095957] [  5]  30.50-31.00  sec  5.66 MBytes  94.9 Mbits/sec  0.108 ms  18171/22407 (81%)  
[2024-05-27 18:28:50.096043] [  5]  31.00-31.50  sec  6.97 MBytes   117 Mbits/sec  0.388 ms  16962/22180 (76%)  
[2024-05-27 18:28:50.096129] [  5]  31.50-32.00  sec  9.03 MBytes   152 Mbits/sec  0.058 ms  15994/22760 (70%)  
[2024-05-27 18:28:50.096217] [  5]  32.00-32.50  sec  8.80 MBytes   148 Mbits/sec  0.050 ms  14968/21559 (69%)  
[2024-05-27 18:28:50.096303] [  5]  32.50-33.00  sec  9.14 MBytes   153 Mbits/sec  0.118 ms  15929/22771 (70%)  
[2024-05-27 18:28:50.096390] [  5]  33.00-33.50  sec  8.75 MBytes   147 Mbits/sec  0.059 ms  15697/22250 (71%)  
[2024-05-27 18:28:50.096477] [  5]  33.50-34.00  sec  8.68 MBytes   146 Mbits/sec  0.309 ms  15959/22460 (71%)  
[2024-05-27 18:28:50.096569] [  5]  34.00-34.50  sec  7.96 MBytes   134 Mbits/sec  1.657 ms  14957/20920 (71%)  
[2024-05-27 18:28:50.096721] [  5]  34.50-35.00  sec  6.91 MBytes   116 Mbits/sec  0.050 ms  18346/23519 (78%)  
[2024-05-27 18:28:50.096848] [  5]  35.00-35.50  sec  6.36 MBytes   107 Mbits/sec  0.093 ms  17633/22397 (79%)  
[2024-05-27 18:28:50.096941] [  5]  35.50-36.00  sec  6.58 MBytes   110 Mbits/sec  0.732 ms  16520/21446 (77%)  
[2024-05-27 18:28:50.097029] [  5]  36.00-36.50  sec  7.13 MBytes   120 Mbits/sec  0.379 ms  17676/23018 (77%)  
[2024-05-27 18:28:50.097116] [  5]  36.50-37.00  sec  3.90 MBytes  65.5 Mbits/sec  0.369 ms  17363/20287 (86%)  
[2024-05-27 18:28:50.097232] [  5]  37.00-37.50  sec   182 KBytes  2.98 Mbits/sec  0.297 ms  1502/1635 (92%)  
[2024-05-27 18:28:50.097317] [  5]  37.50-38.00  sec  5.46 MBytes  91.6 Mbits/sec  0.506 ms  40985/45071 (91%)  
[2024-05-27 18:28:50.097401] [  5]  38.00-38.50  sec  2.17 MBytes  36.4 Mbits/sec  0.409 ms  20937/22561 (93%)  
[2024-05-27 18:28:50.097486] [  5]  38.50-39.00  sec  1.33 MBytes  22.3 Mbits/sec  0.124 ms  7000/7994 (88%)  
[2024-05-27 18:28:50.097569] [  5]  39.00-39.50  sec  1.57 MBytes  26.3 Mbits/sec  0.728 ms  1924/3097 (62%)  
[2024-05-27 18:28:50.097654] [  5]  39.50-40.00  sec   781 KBytes  12.8 Mbits/sec  1.105 ms  2745/3316 (83%)  
[2024-05-27 18:28:50.097738] [  5]  40.00-40.50  sec  1.03 MBytes  17.4 Mbits/sec  0.306 ms  92821/93596 (99%)  
[2024-05-27 18:28:50.097822] [  5]  40.50-41.00  sec   469 KBytes  7.68 Mbits/sec  1.904 ms  -105/238 (-44%)  
[2024-05-27 18:28:50.097908] [  5]  41.00-41.50  sec   803 KBytes  13.1 Mbits/sec  8.272 ms  261/848 (31%)  
[2024-05-27 18:28:50.097993] [  5]  41.50-42.00  sec  1.04 MBytes  17.5 Mbits/sec  0.379 ms  794/1573 (50%)  
[2024-05-27 18:28:50.098078] [  5]  42.00-42.50  sec   736 KBytes  12.0 Mbits/sec  0.205 ms  59462/60000 (99%)  
[2024-05-27 18:28:50.098164] [  5]  42.50-43.00  sec  3.54 MBytes  59.4 Mbits/sec  0.108 ms  4633/7287 (64%)  
[2024-05-27 18:28:50.098248] [  5]  43.00-43.50  sec   783 KBytes  12.8 Mbits/sec  0.234 ms  956/1529 (63%)  
[2024-05-27 18:28:50.098332] [  5]  43.50-44.00  sec  3.13 MBytes  52.5 Mbits/sec  0.162 ms  63270/65612 (96%)  
[2024-05-27 18:28:50.098416] [  5]  44.00-44.50  sec  3.31 MBytes  55.6 Mbits/sec  0.176 ms  20284/22764 (89%)  
[2024-05-27 18:28:50.098501] [  5]  44.50-45.00  sec  1.84 MBytes  30.8 Mbits/sec  1.268 ms  14082/15459 (91%)  
[2024-05-27 18:28:50.098586] [  5]  45.00-45.50  sec   920 KBytes  15.1 Mbits/sec  3.593 ms  943/1616 (58%)  
[2024-05-27 18:28:50.098671] [  5]  45.50-46.00  sec  1.19 MBytes  20.0 Mbits/sec  0.080 ms  1833/2728 (67%)  
[2024-05-27 18:28:50.098758] [  5]  46.00-46.50  sec   606 KBytes  9.92 Mbits/sec  0.328 ms  642/1085 (59%)  
[2024-05-27 18:28:50.098845] [  5]  46.50-47.00  sec  1.23 MBytes  20.6 Mbits/sec  0.487 ms  36232/37153 (98%)  
[2024-05-27 18:28:50.098930] [  5]  47.00-47.50  sec   219 KBytes  3.58 Mbits/sec  1.317 ms  2431/2591 (94%)  
[2024-05-27 18:29:14.593984] [  5]  47.50-48.00  sec  2.74 MBytes  45.9 Mbits/sec  0.443 ms  89901/91952 (98%)  
[2024-05-27 18:29:14.594463] [  5]  48.00-48.50  sec  1.14 MBytes  19.2 Mbits/sec  1.251 ms  2367/3222 (73%)  
[2024-05-27 18:29:14.594608] [  5]  48.50-49.00  sec  1.91 MBytes  32.0 Mbits/sec  0.291 ms  2489/3917 (64%)  
[2024-05-27 18:29:14.594726] [  5]  49.00-49.50  sec  2.35 MBytes  39.5 Mbits/sec  0.219 ms  3068/4830 (64%)  
[2024-05-27 18:29:14.594834] [  5]  49.50-50.00  sec  2.12 MBytes  35.6 Mbits/sec  0.380 ms  50398/51987 (97%)  
[2024-05-27 18:29:14.594940] [  5]  50.00-50.50  sec  2.26 MBytes  37.9 Mbits/sec  0.429 ms  19724/21418 (92%)  
[2024-05-27 18:29:14.595042] [  5]  50.50-51.00  sec  2.22 MBytes  37.2 Mbits/sec  6.411 ms  19846/21506 (92%)  
[2024-05-27 18:29:14.595144] [  5]  51.00-51.50  sec  2.19 MBytes  36.7 Mbits/sec  0.269 ms  29151/30789 (95%)  
[2024-05-27 18:29:14.595248] [  5]  51.50-52.00  sec  5.38 MBytes  90.2 Mbits/sec  0.127 ms  40497/44526 (91%)  
[2024-05-27 18:29:14.595352] [  5]  52.00-52.50  sec  4.66 MBytes  78.1 Mbits/sec  0.124 ms  18799/22287 (84%)  
[2024-05-27 18:29:14.595456] [  5]  52.50-53.00  sec  2.83 MBytes  47.4 Mbits/sec  0.063 ms  8875/10992 (81%)  
[2024-05-27 18:29:14.595616] [  5]  53.00-53.50  sec  2.66 MBytes  44.6 Mbits/sec  5.618 ms  3434/5427 (63%)  
[2024-05-27 18:29:14.595724] [  5]  53.50-54.00  sec  1.62 MBytes  27.1 Mbits/sec  0.611 ms  2136/3347 (64%)  
[2024-05-27 18:29:14.595824] [  5]  54.00-54.50  sec  1.54 MBytes  25.9 Mbits/sec  6.988 ms  32363/33517 (97%)  
[2024-05-27 18:29:14.595925] [  5]  54.50-55.00  sec   133 KBytes  2.17 Mbits/sec  0.948 ms  -97/0 (0%)  
[2024-05-27 18:29:14.596026] [  5]  55.00-55.50  sec   998 KBytes  16.4 Mbits/sec  0.308 ms  83185/83915 (99%)  
[2024-05-27 18:29:14.596129] [  5]  55.50-56.00  sec  5.21 MBytes  87.5 Mbits/sec  0.061 ms  15429/19333 (80%)  
[2024-05-27 18:29:14.596232] [  5]  56.00-56.50  sec  6.21 MBytes   104 Mbits/sec  0.129 ms  17162/21811 (79%)  
[2024-05-27 18:29:14.596334] [  5]  56.50-57.00  sec  6.64 MBytes   111 Mbits/sec  0.163 ms  15827/20799 (76%)  
[2024-05-27 18:29:14.596436] [  5]  57.00-57.50  sec  6.53 MBytes   109 Mbits/sec  0.094 ms  17618/22507 (78%)  
[2024-05-27 18:29:14.596539] [  5]  57.50-58.00  sec  6.22 MBytes   104 Mbits/sec  0.166 ms  19553/24208 (81%)  
[2024-05-27 18:29:14.596640] [  5]  58.00-58.50  sec  5.62 MBytes  94.2 Mbits/sec  0.201 ms  17604/21811 (81%)  
[2024-05-27 18:29:14.596828] [  5]  58.50-59.00  sec  5.71 MBytes  95.9 Mbits/sec  0.133 ms  17941/22221 (81%)  
[2024-05-27 18:29:14.596938] [  5]  59.00-59.50  sec  5.45 MBytes  91.4 Mbits/sec  0.242 ms  17704/21783 (81%)  
[2024-05-27 18:29:14.597041] [  5]  59.50-60.00  sec  4.22 MBytes  70.8 Mbits/sec  0.235 ms  19784/22945 (86%)  
[2024-05-27 18:29:14.597143] [  5]  60.00-60.50  sec  5.10 MBytes  85.5 Mbits/sec  0.616 ms  18512/22329 (83%)  
[2024-05-27 18:29:14.597246] [  5]  60.50-61.00  sec  5.39 MBytes  90.4 Mbits/sec  0.136 ms  16882/20919 (81%)  
[2024-05-27 18:29:14.597348] [  5]  61.00-61.50  sec  7.89 MBytes   132 Mbits/sec  0.060 ms  18199/24110 (75%)  
[2024-05-27 18:29:14.597449] [  5]  61.50-62.00  sec  8.61 MBytes   145 Mbits/sec  0.118 ms  15684/22135 (71%)  
[2024-05-27 18:29:14.597550] [  5]  62.00-62.50  sec  9.71 MBytes   163 Mbits/sec  0.066 ms  14866/22136 (67%)  
[2024-05-27 18:29:14.597651] [  5]  62.50-63.00  sec  8.32 MBytes   140 Mbits/sec  0.125 ms  16456/22685 (73%)  
[2024-05-27 18:29:14.597751] [  5]  63.00-63.50  sec  5.38 MBytes  90.3 Mbits/sec  0.068 ms  15504/19536 (79%)  
[2024-05-27 18:29:14.597851] [  5]  63.50-64.00  sec  7.63 MBytes   128 Mbits/sec  0.078 ms  19308/25026 (77%)  
[2024-05-27 18:29:14.597956] [  5]  64.00-64.50  sec  6.93 MBytes   116 Mbits/sec  0.162 ms  15991/21182 (75%)  
[2024-05-27 18:29:14.598056] [  5]  64.50-65.00  sec  6.64 MBytes   111 Mbits/sec  0.178 ms  18298/23273 (79%)  
[2024-05-27 18:29:14.598156] [  5]  65.00-65.50  sec  4.63 MBytes  77.7 Mbits/sec  0.082 ms  18750/22218 (84%)  
[2024-05-27 18:29:14.598256] [  5]  65.50-66.00  sec  1.15 MBytes  19.2 Mbits/sec  8.604 ms  3554/4413 (81%)  
[2024-05-27 18:29:14.598356] [  5]  66.00-66.50  sec  2.76 MBytes  46.3 Mbits/sec  0.276 ms  3785/5854 (65%)  
[2024-05-27 18:29:14.598457] [  5]  66.50-67.00  sec  2.12 MBytes  35.6 Mbits/sec  0.079 ms  35075/36665 (96%)  
[2024-05-27 18:29:14.598557] [  5]  67.00-67.50  sec  3.23 MBytes  54.2 Mbits/sec  0.343 ms  13411/15831 (85%)  
[2024-05-27 18:29:14.598658] [  5]  67.50-68.00  sec  3.17 MBytes  53.2 Mbits/sec  0.131 ms  32910/35285 (93%)  
[2024-05-27 18:29:14.598758] [  5]  68.00-68.50  sec  2.86 MBytes  48.0 Mbits/sec  0.169 ms  19205/21350 (90%)  
[2024-05-27 18:29:14.598859] [  5]  68.50-69.00  sec  1.60 MBytes  26.9 Mbits/sec  0.123 ms  9563/10763 (89%)  
[2024-05-27 18:29:14.598960] [  5]  69.00-69.50  sec  1.03 MBytes  17.2 Mbits/sec  7.184 ms  7469/8239 (91%)  
[2024-05-27 18:29:14.599059] [  5]  69.50-70.00  sec  1.95 MBytes  32.7 Mbits/sec  0.305 ms  21036/22497 (94%)  
[2024-05-27 18:29:14.599160] [  5]  70.00-70.50  sec  3.89 MBytes  65.3 Mbits/sec  0.566 ms  59138/62051 (95%)  
[2024-05-27 18:29:14.599259] [  5]  70.50-71.00  sec  4.80 MBytes  80.6 Mbits/sec  0.148 ms  18861/22458 (84%)  
[2024-05-27 18:29:14.599361] [  5]  71.00-71.50  sec  5.23 MBytes  87.8 Mbits/sec  0.092 ms  18574/22492 (83%)  
[2024-05-27 18:29:14.599475] [  5]  71.50-72.00  sec  5.54 MBytes  92.9 Mbits/sec  0.112 ms  18057/22204 (81%)  
[2024-05-27 18:29:39.093897] [  5]  72.00-72.50  sec  5.96 MBytes   100 Mbits/sec  0.180 ms  17893/22358 (80%)  
[2024-05-27 18:29:39.094320] [  5]  72.50-73.00  sec  5.81 MBytes  97.5 Mbits/sec  0.129 ms  18547/22899 (81%)  
[2024-05-27 18:29:39.094458] [  5]  73.00-73.50  sec  6.45 MBytes   108 Mbits/sec  0.109 ms  16622/21456 (77%)  
[2024-05-27 18:29:39.094573] [  5]  73.50-74.00  sec  6.62 MBytes   111 Mbits/sec  0.123 ms  18090/23047 (78%)  
[2024-05-27 18:29:39.094731] [  5]  74.00-74.50  sec  6.43 MBytes   108 Mbits/sec  0.430 ms  16963/21776 (78%)  
[2024-05-27 18:29:39.094943] [  5]  74.50-75.00  sec  6.49 MBytes   109 Mbits/sec  0.079 ms  18247/23110 (79%)  
[2024-05-27 18:29:39.095178] [  5]  75.00-75.50  sec  7.02 MBytes   118 Mbits/sec  0.339 ms  16524/21785 (76%)  
[2024-05-27 18:29:39.095416] [  5]  75.50-76.00  sec  7.76 MBytes   130 Mbits/sec  0.048 ms  16487/22296 (74%)  
[2024-05-27 18:29:39.095520] [  5]  76.00-76.50  sec  7.10 MBytes   119 Mbits/sec  0.109 ms  17097/22415 (76%)  
[2024-05-27 18:29:39.095620] [  5]  76.50-77.00  sec  3.02 MBytes  50.5 Mbits/sec  0.203 ms  9622/11883 (81%)  
[2024-05-27 18:29:39.095720] [  5]  77.00-77.50  sec  0.00 Bytes  0.00 bits/sec  0.203 ms  0/0 (0%)  
[2024-05-27 18:29:39.095823] [  5]  77.50-78.00  sec  8.02 MBytes   135 Mbits/sec  0.211 ms  49123/55129 (89%)  
[2024-05-27 18:29:39.095923] [  5]  78.00-78.50  sec  7.00 MBytes   117 Mbits/sec  0.167 ms  16935/22175 (76%)  
[2024-05-27 18:29:39.096023] [  5]  78.50-79.00  sec  6.03 MBytes   101 Mbits/sec  0.145 ms  16306/20821 (78%)  
[2024-05-27 18:29:39.096123] [  5]  79.00-79.50  sec  5.60 MBytes  94.0 Mbits/sec  0.137 ms  19916/24113 (83%)  
[2024-05-27 18:29:39.096221] [  5]  79.50-80.00  sec  4.80 MBytes  80.6 Mbits/sec  0.174 ms  18701/22297 (84%)  
[2024-05-27 18:29:39.096320] [  5]  80.00-80.50  sec  5.05 MBytes  84.8 Mbits/sec  0.184 ms  18082/21867 (83%)  
[2024-05-27 18:29:39.096421] [  5]  80.50-81.00  sec  4.68 MBytes  78.5 Mbits/sec  0.156 ms  18626/22131 (84%)  
[2024-05-27 18:29:39.096521] [  5]  81.00-81.50  sec  4.40 MBytes  73.8 Mbits/sec  0.369 ms  19166/22459 (85%)  
[2024-05-27 18:29:39.096623] [  5]  81.50-82.00  sec  2.52 MBytes  42.3 Mbits/sec  0.244 ms  12215/14102 (87%)  
[2024-05-27 18:29:39.096793] [  5]  82.00-82.50  sec  2.59 MBytes  43.5 Mbits/sec  0.342 ms  3735/5676 (66%)  
[2024-05-27 18:29:39.096900] [  5]  82.50-83.00  sec  1.28 MBytes  21.5 Mbits/sec  0.535 ms  2102/3061 (69%)  
[2024-05-27 18:29:39.097001] [  5]  83.00-83.50  sec  3.54 MBytes  59.4 Mbits/sec  0.369 ms  63711/66361 (96%)  
[2024-05-27 18:29:39.097104] [  5]  83.50-84.00  sec  2.01 MBytes  33.7 Mbits/sec  0.934 ms  8357/9860 (85%)  
[2024-05-27 18:29:39.097204] [  5]  84.00-84.50  sec  3.30 MBytes  55.3 Mbits/sec  0.915 ms  4437/6905 (64%)  
[2024-05-27 18:29:39.097306] [  5]  84.50-85.00  sec  3.05 MBytes  51.2 Mbits/sec  2.771 ms  35737/38022 (94%)  
[2024-05-27 18:29:39.097406] [  5]  85.00-85.50  sec   652 KBytes  10.7 Mbits/sec  0.205 ms  1563/2040 (77%)  
[2024-05-27 18:29:39.097505] [  5]  85.50-86.00  sec  1.76 MBytes  29.5 Mbits/sec  0.180 ms  22810/24126 (95%)  
[2024-05-27 18:29:39.097604] [  5]  86.00-86.50  sec   554 KBytes  9.07 Mbits/sec  0.838 ms  5765/6170 (93%)  
[2024-05-27 18:29:39.097704] [  5]  86.50-87.00  sec  2.70 MBytes  45.3 Mbits/sec  0.106 ms  6340/8362 (76%)  
[2024-05-27 18:29:39.097805] [  5]  87.00-87.50  sec  1.30 MBytes  21.8 Mbits/sec  4.076 ms  14555/15529 (94%)  
[2024-05-27 18:29:39.098042] [  5]  87.50-88.00  sec   119 KBytes  1.95 Mbits/sec  2.686 ms  111603/111690 (1e+02%)  
[2024-05-27 18:29:39.098141] [  5]  88.00-88.50  sec  2.23 MBytes  37.4 Mbits/sec  0.508 ms  2881/4552 (63%)  
[2024-05-27 18:29:39.098554] [  5]  88.50-89.00  sec  2.84 MBytes  47.7 Mbits/sec  0.415 ms  3685/5814 (63%)  
[2024-05-27 18:29:39.098901] [  5]  89.00-89.50  sec  2.60 MBytes  43.6 Mbits/sec  0.645 ms  12560/14506 (87%)  
[2024-05-27 18:29:39.099039] [  5]  89.50-90.00  sec  2.66 MBytes  44.5 Mbits/sec  1.173 ms  18868/20857 (90%)  
[2024-05-27 18:29:39.099144] [  5]  90.00-90.50  sec   163 KBytes  2.66 Mbits/sec  0.989 ms  884/1003 (88%)  
[2024-05-27 18:29:39.099299] [  5]  90.50-91.00  sec  1.02 MBytes  17.2 Mbits/sec  0.138 ms  76272/77039 (99%)  
[2024-05-27 18:29:39.099409] [  5]  91.00-91.50  sec  1.22 MBytes  20.4 Mbits/sec  0.099 ms  2210/3121 (71%)  
[2024-05-27 18:29:39.099511] [  5]  91.50-92.00  sec  4.73 MBytes  79.4 Mbits/sec  0.202 ms  25731/29275 (88%)  
[2024-05-27 18:29:39.099613] [  5]  92.00-92.50  sec  5.78 MBytes  97.0 Mbits/sec  0.158 ms  17589/21919 (80%)  
[2024-05-27 18:29:39.099716] [  5]  92.50-93.00  sec  5.31 MBytes  89.1 Mbits/sec  0.124 ms  18591/22569 (82%)  
[2024-05-27 18:29:39.099815] [  5]  93.00-93.50  sec  5.69 MBytes  95.5 Mbits/sec  0.092 ms  19233/23497 (82%)  
[2024-05-27 18:29:39.099916] [  5]  93.50-94.00  sec  5.46 MBytes  91.7 Mbits/sec  0.339 ms  18087/22180 (82%)  
[2024-05-27 18:29:39.100017] [  5]  94.00-94.50  sec  5.04 MBytes  84.6 Mbits/sec  0.159 ms  18649/22424 (83%)  
[2024-05-27 18:29:39.100116] [  5]  94.50-95.00  sec  5.35 MBytes  89.5 Mbits/sec  0.131 ms  16089/20096 (80%)  
[2024-05-27 18:29:39.100215] [  5]  95.00-95.50  sec  5.37 MBytes  90.3 Mbits/sec  0.384 ms  20377/24397 (84%)  
[2024-05-27 18:29:39.100314] [  5]  95.50-96.00  sec  5.10 MBytes  85.5 Mbits/sec  0.212 ms  18766/22583 (83%)  
[2024-05-27 18:29:39.100415] [  5]  96.00-96.50  sec  5.29 MBytes  88.8 Mbits/sec  0.155 ms  17763/21727 (82%)  
[2024-05-27 18:30:04.101780] [  5]  96.50-97.00  sec  5.21 MBytes  87.4 Mbits/sec  0.279 ms  19028/22930 (83%)  
[2024-05-27 18:30:04.102330] [  5]  97.00-97.50  sec  5.20 MBytes  87.3 Mbits/sec  0.076 ms  18502/22398 (83%)  
[2024-05-27 18:30:04.102478] [  5]  97.50-98.00  sec  5.25 MBytes  88.1 Mbits/sec  0.358 ms  18032/21964 (82%)  
[2024-05-27 18:30:04.102594] [  5]  98.00-98.50  sec  5.75 MBytes  96.4 Mbits/sec  0.083 ms  18033/22338 (81%)  
[2024-05-27 18:30:04.102705] [  5]  98.50-99.00  sec  4.97 MBytes  83.4 Mbits/sec  0.274 ms  18845/22566 (84%)  
[2024-05-27 18:30:04.102812] [  5]  99.00-99.50  sec  4.67 MBytes  78.4 Mbits/sec  0.123 ms  17909/21409 (84%)  
[2024-05-27 18:30:04.102922] [  5]  99.50-100.00 sec  6.76 MBytes   113 Mbits/sec  0.196 ms  18036/23098 (78%)  
[2024-05-27 18:30:04.103036] [  5] 100.00-100.50 sec  7.48 MBytes   126 Mbits/sec  0.074 ms  16668/22273 (75%)  
[2024-05-27 18:30:04.103137] [  5] 100.50-101.00 sec  7.29 MBytes   122 Mbits/sec  0.054 ms  15582/21044 (74%)  
[2024-05-27 18:30:04.103257] [  5] 101.00-101.50 sec  6.73 MBytes   113 Mbits/sec  0.195 ms  16487/21527 (77%)  
[2024-05-27 18:30:04.103405] [  5] 101.50-102.00 sec  7.80 MBytes   131 Mbits/sec  0.343 ms  18092/23932 (76%)  
[2024-05-27 18:30:04.103555] [  5] 102.00-102.50 sec  7.42 MBytes   124 Mbits/sec  0.315 ms  16910/22467 (75%)  
[2024-05-27 18:30:04.103706] [  5] 102.50-103.00 sec  4.35 MBytes  73.0 Mbits/sec  0.714 ms  19357/22615 (86%)  
[2024-05-27 18:30:04.103838] [  5] 103.00-103.50 sec  4.52 MBytes  75.9 Mbits/sec  0.074 ms  18607/21996 (85%)  
[2024-05-27 18:30:04.103943] [  5] 103.50-104.00 sec  5.02 MBytes  84.3 Mbits/sec  0.402 ms  18679/22442 (83%)  
[2024-05-27 18:30:04.104051] [  5] 104.00-104.50 sec  4.36 MBytes  73.2 Mbits/sec  0.439 ms  19236/22501 (85%)  
[2024-05-27 18:30:04.104155] [  5] 104.50-105.00 sec  4.81 MBytes  80.7 Mbits/sec  0.110 ms  18614/22218 (84%)  
[2024-05-27 18:30:04.104259] [  5] 105.00-105.50 sec  4.40 MBytes  73.8 Mbits/sec  0.135 ms  19068/22362 (85%)  
[2024-05-27 18:30:04.104360] [  5] 105.50-106.00 sec  4.82 MBytes  80.9 Mbits/sec  0.332 ms  18800/22413 (84%)  
[2024-05-27 18:30:04.104462] [  5] 106.00-106.50 sec  3.66 MBytes  61.4 Mbits/sec  0.306 ms  19288/22031 (88%)  
[2024-05-27 18:30:04.104565] [  5] 106.50-107.00 sec  3.55 MBytes  59.6 Mbits/sec  0.312 ms  19885/22545 (88%)  
[2024-05-27 18:30:04.104767] [  5] 107.00-107.50 sec   812 KBytes  13.3 Mbits/sec  0.438 ms  4524/5118 (88%)  
[2024-05-27 18:30:04.104889] [  5] 107.50-108.00 sec  2.71 MBytes  45.5 Mbits/sec  0.727 ms  32576/34605 (94%)  
[2024-05-27 18:30:04.105040] [  5] 108.00-108.50 sec  2.58 MBytes  43.2 Mbits/sec  0.161 ms  3384/5313 (64%)  
[2024-05-27 18:30:04.105150] [  5] 108.50-109.00 sec  2.31 MBytes  38.8 Mbits/sec  0.312 ms  3055/4786 (64%)  
[2024-05-27 18:30:04.105253] [  5] 109.00-109.50 sec   984 KBytes  16.1 Mbits/sec  23.446 ms  29913/30633 (98%)  
[2024-05-27 18:30:04.105358] [  5] 109.50-110.00 sec  1.43 MBytes  23.9 Mbits/sec  0.216 ms  28952/30021 (96%)  
[2024-05-27 18:30:04.105458] [  5] 110.00-110.50 sec   716 KBytes  11.7 Mbits/sec  3.762 ms  866/1390 (62%)  
[2024-05-27 18:30:04.105558] [  5] 110.50-111.00 sec   368 KBytes  6.03 Mbits/sec  0.206 ms  83430/83699 (1e+02%)  
[2024-05-27 18:30:04.105694] [  5] 111.00-111.50 sec  2.54 MBytes  42.6 Mbits/sec  0.337 ms  3360/5264 (64%)  
[2024-05-27 18:30:04.105884] [  5] 111.50-112.00 sec  2.77 MBytes  46.4 Mbits/sec  0.168 ms  3624/5696 (64%)  
[2024-05-27 18:30:04.105988] [  5] 112.00-112.50 sec   500 KBytes  8.20 Mbits/sec  1.074 ms  387/753 (51%)  
[2024-05-27 18:30:04.106092] [  5] 112.50-113.00 sec   917 KBytes  15.0 Mbits/sec  1.695 ms  3822/4493 (85%)  
[2024-05-27 18:30:04.106194] [  5] 113.00-113.50 sec  1.05 MBytes  17.6 Mbits/sec  1.000 ms  6704/7492 (89%)  
[2024-05-27 18:30:04.106294] [  5] 113.50-114.00 sec  3.10 MBytes  52.1 Mbits/sec  0.392 ms  90817/93142 (98%)  
[2024-05-27 18:30:04.106397] [  5] 114.00-114.50 sec  3.40 MBytes  57.0 Mbits/sec  0.265 ms  19622/22165 (89%)  
[2024-05-27 18:30:04.106494] [  5] 114.50-115.00 sec  3.59 MBytes  60.3 Mbits/sec  0.565 ms  19860/22550 (88%)  
[2024-05-27 18:30:04.106585] [  5] 115.00-115.50 sec  1.22 MBytes  20.5 Mbits/sec  0.238 ms  4369/5283 (83%)  
[2024-05-27 18:30:04.106675] [  5] 115.50-116.00 sec  1.55 MBytes  26.0 Mbits/sec  0.382 ms  3104/4264 (73%)  
[2024-05-27 18:30:04.106792] [  5] 116.00-116.50 sec  3.26 MBytes  54.7 Mbits/sec  0.277 ms  55056/57499 (96%)  
[2024-05-27 18:30:04.106879] [  5] 116.50-117.00 sec  1.90 MBytes  31.8 Mbits/sec  0.633 ms  8152/9573 (85%)  
[2024-05-27 18:30:04.106970] [  5] 117.00-117.50 sec   746 KBytes  12.2 Mbits/sec  5.239 ms  1123/1669 (67%)  
[2024-05-27 18:30:04.107054] [  5] 117.50-118.00 sec  1.90 MBytes  31.8 Mbits/sec  0.210 ms  2502/3923 (64%)  
[2024-05-27 18:30:04.107141] [  5] 118.00-118.50 sec  1.84 MBytes  30.8 Mbits/sec  0.196 ms  2355/3732 (63%)  
[2024-05-27 18:30:04.107228] [  5] 118.50-119.00 sec  1.27 MBytes  21.3 Mbits/sec  0.775 ms  29802/30754 (97%)  
[2024-05-27 18:30:04.107313] [  5] 119.00-119.50 sec   874 KBytes  14.3 Mbits/sec  0.935 ms  1997/2636 (76%)  
[2024-05-27 18:30:04.107400] [  5] 119.50-120.00 sec  1.20 MBytes  20.1 Mbits/sec  0.353 ms  34775/35672 (97%)  
[2024-05-27 18:30:04.107486] - - - - - - - - - - - - - - - - - - - - - - - - -
[2024-05-27 18:30:04.107573] [ ID] Interval           Transfer     Bitrate         Jitter    Lost/Total Datagrams
[2024-05-27 18:30:04.107675] [  5]   0.00-120.74 sec  7.03 GBytes   500 Mbits/sec  0.000 ms  0/5389971 (0%)  sender
[2024-05-27 18:30:04.107764] [SUM]  0.0-120.7 sec  2110 datagrams received out-of-order
[2024-05-27 18:30:04.107855] [  5]   0.00-120.00 sec   851 MBytes  59.5 Mbits/sec  0.353 ms  4645617/5283275 (88%)  receiver
[2024-05-27 18:30:04.107942] 
[2024-05-27 18:30:04.108029] iperf Done.
End time: 1716849004137
