Start time: 1716998190986
[2024-05-29 11:56:31.770215] nuttcp-r: v8.1.4: socket
[2024-05-29 11:56:31.770819] nuttcp-r: buflen=65536, nstream=1, port=5003 tcp
[2024-05-29 11:56:31.770885] nuttcp-r: interval reporting every 0.50 seconds
[2024-05-29 11:56:31.770929] nuttcp-r: connect to 35.245.244.238 with RTT=44.324 ms af=inet
[2024-05-29 11:56:31.770969] nuttcp-r: send window size = 1048576, receive window size = 1048576
[2024-05-29 11:56:31.771007] nuttcp-r: available send window = 786432, available receive window = 786432
[2024-05-29 11:56:31.771042]     2.8125 MB /   0.50 sec =   47.1786 Mbps     0 retrans     13 KB-cwnd
[2024-05-29 11:56:32.269975]     8.6875 MB /   0.50 sec =  145.7620 Mbps     0 retrans     13 KB-cwnd
[2024-05-29 11:56:32.770892]     7.4375 MB /   0.50 sec =  124.6768 Mbps     0 retrans     13 KB-cwnd
[2024-05-29 11:56:33.270167]     6.5000 MB /   0.50 sec =  109.1272 Mbps     0 retrans     13 KB-cwnd
[2024-05-29 11:56:33.770692]     6.8125 MB /   0.50 sec =  114.3010 Mbps     0 retrans     13 KB-cwnd
[2024-05-29 11:56:34.270016]     6.2500 MB /   0.50 sec =  104.8649 Mbps     0 retrans     13 KB-cwnd
[2024-05-29 11:56:34.770698]     6.4375 MB /   0.50 sec =  108.0031 Mbps     0 retrans     13 KB-cwnd
[2024-05-29 11:56:35.270624]     7.9375 MB /   0.50 sec =  133.1593 Mbps     0 retrans     13 KB-cwnd
[2024-05-29 11:56:35.771234]     8.6250 MB /   0.50 sec =  144.5494 Mbps     0 retrans     13 KB-cwnd
[2024-05-29 11:56:36.270013]     8.8750 MB /   0.50 sec =  149.0633 Mbps     0 retrans     13 KB-cwnd
[2024-05-29 11:56:36.770085]     9.1250 MB /   0.50 sec =  153.0961 Mbps     0 retrans     13 KB-cwnd
[2024-05-29 11:56:37.270715]     9.6875 MB /   0.50 sec =  162.5231 Mbps     0 retrans     13 KB-cwnd
[2024-05-29 11:56:37.771891]     5.6250 MB /   0.50 sec =   94.2365 Mbps     0 retrans     13 KB-cwnd
[2024-05-29 11:56:38.272031]     0.6250 MB /   0.50 sec =   10.4631 Mbps     0 retrans     13 KB-cwnd
[2024-05-29 11:56:38.770453]     0.0000 MB /   0.50 sec =    0.0000 Mbps     0 retrans     13 KB-cwnd
[2024-05-29 11:56:39.270602]     0.6875 MB /   0.50 sec =   11.5233 Mbps     0 retrans     13 KB-cwnd
[2024-05-29 11:56:39.770085]     2.1875 MB /   0.50 sec =   36.7378 Mbps     0 retrans     13 KB-cwnd
[2024-05-29 11:56:40.270074]     2.8125 MB /   0.50 sec =   47.1861 Mbps     0 retrans     13 KB-cwnd
[2024-05-29 11:56:40.770004]     3.8125 MB /   0.50 sec =   63.9668 Mbps     0 retrans     13 KB-cwnd
[2024-05-29 11:56:41.270083]     4.8125 MB /   0.50 sec =   80.7352 Mbps     0 retrans     15 KB-cwnd
[2024-05-29 11:56:41.769985]     3.3125 MB /   0.50 sec =   55.5769 Mbps     0 retrans     15 KB-cwnd
[2024-05-29 11:56:42.270097]     6.0625 MB /   0.50 sec =  101.7102 Mbps     0 retrans     15 KB-cwnd
[2024-05-29 11:56:42.770138]     5.5625 MB /   0.50 sec =   93.3145 Mbps     0 retrans     15 KB-cwnd
[2024-05-29 11:56:43.270112]     6.1250 MB /   0.50 sec =  102.7487 Mbps     0 retrans     24 KB-cwnd
[2024-05-29 11:56:43.771345]     5.9375 MB /   0.50 sec =   99.5180 Mbps     0 retrans     24 KB-cwnd
[2024-05-29 11:56:44.270609]     7.6875 MB /   0.50 sec =  129.0092 Mbps     0 retrans     27 KB-cwnd
[2024-05-29 11:56:44.770136]     9.0000 MB /   0.50 sec =  151.1240 Mbps     0 retrans     27 KB-cwnd
[2024-05-29 11:56:45.270157]    11.0625 MB /   0.50 sec =  185.6009 Mbps     0 retrans     27 KB-cwnd
[2024-05-29 11:56:45.770025]    12.4375 MB /   0.50 sec =  208.6850 Mbps     0 retrans     27 KB-cwnd
[2024-05-29 11:56:46.270051]    11.0625 MB /   0.50 sec =  185.5913 Mbps     0 retrans     27 KB-cwnd
[2024-05-29 11:56:46.771125]    12.0000 MB /   0.50 sec =  201.3149 Mbps     0 retrans     27 KB-cwnd
[2024-05-29 11:56:47.270551]    11.8750 MB /   0.50 sec =  199.2195 Mbps     0 retrans     27 KB-cwnd
[2024-05-29 11:56:47.770751]     8.7500 MB /   0.50 sec =  146.7689 Mbps     0 retrans     27 KB-cwnd
[2024-05-29 11:56:48.270699]    12.1875 MB /   0.50 sec =  204.5316 Mbps     0 retrans     27 KB-cwnd
[2024-05-29 11:56:48.770061]    11.1875 MB /   0.50 sec =  187.7000 Mbps     0 retrans     30 KB-cwnd
[2024-05-29 11:56:49.270648]    12.2500 MB /   0.50 sec =  205.3205 Mbps     0 retrans     35 KB-cwnd
[2024-05-29 11:56:49.770947]    11.0625 MB /   0.50 sec =  185.6128 Mbps     0 retrans     35 KB-cwnd
[2024-05-29 11:56:50.270226]    12.2500 MB /   0.50 sec =  205.6863 Mbps     0 retrans     41 KB-cwnd
[2024-05-29 11:56:50.770217]    11.5625 MB /   0.50 sec =  193.9676 Mbps     0 retrans     52 KB-cwnd
[2024-05-29 11:56:51.270614]    10.9375 MB /   0.50 sec =  183.5199 Mbps     0 retrans     52 KB-cwnd
[2024-05-29 11:56:51.770097]    11.0625 MB /   0.50 sec =  185.6091 Mbps     0 retrans     52 KB-cwnd
[2024-05-29 11:56:52.270035]     6.5000 MB /   0.50 sec =  109.0560 Mbps     0 retrans     52 KB-cwnd
[2024-05-29 11:56:52.769989]     8.1250 MB /   0.50 sec =  136.3135 Mbps     0 retrans     52 KB-cwnd
[2024-05-29 11:56:53.270550]     8.4375 MB /   0.50 sec =  141.5133 Mbps     0 retrans     52 KB-cwnd
[2024-05-29 11:56:53.770913]     9.2500 MB /   0.50 sec =  155.1163 Mbps     0 retrans     52 KB-cwnd
[2024-05-29 11:56:54.270151]    11.1250 MB /   0.50 sec =  186.7754 Mbps     0 retrans     55 KB-cwnd
[2024-05-29 11:56:54.769997]    10.9375 MB /   0.50 sec =  183.5136 Mbps     0 retrans     55 KB-cwnd
[2024-05-29 11:56:55.270133]    10.1250 MB /   0.50 sec =  169.8466 Mbps     0 retrans     63 KB-cwnd
[2024-05-29 11:56:55.770048]     7.2500 MB /   0.50 sec =  121.6553 Mbps     0 retrans     63 KB-cwnd
[2024-05-29 11:56:56.270492]    11.8125 MB /   0.50 sec =  198.0074 Mbps     0 retrans     66 KB-cwnd
[2024-05-29 11:56:56.770972]     9.5000 MB /   0.50 sec =  159.5243 Mbps     0 retrans     79 KB-cwnd
[2024-05-29 11:56:57.270056]    12.0000 MB /   0.50 sec =  201.3242 Mbps  1956 retrans   2114 KB-cwnd
[2024-05-29 11:56:57.770030]     3.7500 MB /   0.50 sec =   62.9161 Mbps     0 retrans   2114 KB-cwnd
[2024-05-29 11:56:58.270127]     8.1250 MB /   0.50 sec =  136.2928 Mbps     0 retrans   2114 KB-cwnd
[2024-05-29 11:56:58.770126]     9.1875 MB /   0.50 sec =  154.1508 Mbps     0 retrans   2114 KB-cwnd
[2024-05-29 11:56:59.270247]     8.8125 MB /   0.50 sec =  147.8262 Mbps     0 retrans   2114 KB-cwnd
[2024-05-29 11:56:59.770179]     8.6250 MB /   0.50 sec =  144.7148 Mbps     0 retrans   2114 KB-cwnd
[2024-05-29 11:57:00.271649]     7.7500 MB /   0.50 sec =  129.6643 Mbps     0 retrans   2114 KB-cwnd
[2024-05-29 11:57:00.770093]    11.4375 MB /   0.50 sec =  192.4436 Mbps     0 retrans   2114 KB-cwnd
[2024-05-29 11:57:01.270102]     6.8750 MB /   0.50 sec =  115.3443 Mbps     0 retrans   2131 KB-cwnd
[2024-05-29 11:57:01.771521]     6.0000 MB /   0.50 sec =  100.5537 Mbps     0 retrans   2131 KB-cwnd
[2024-05-29 11:57:02.270520]     9.2500 MB /   0.50 sec =  155.3577 Mbps     0 retrans   2131 KB-cwnd
[2024-05-29 11:57:02.770481]     9.2500 MB /   0.50 sec =  155.1914 Mbps     0 retrans   2131 KB-cwnd
[2024-05-29 11:57:03.270079]     8.7500 MB /   0.50 sec =  146.8027 Mbps     0 retrans   2131 KB-cwnd
[2024-05-29 11:57:03.770200]     8.5000 MB /   0.50 sec =  142.6135 Mbps     0 retrans   2131 KB-cwnd
[2024-05-29 11:57:04.269954]     9.4375 MB /   0.50 sec =  158.3369 Mbps     0 retrans   2131 KB-cwnd
[2024-05-29 11:57:04.770449]    10.6250 MB /   0.50 sec =  178.2483 Mbps     0 retrans   2131 KB-cwnd
[2024-05-29 11:57:05.271827]     8.8750 MB /   0.50 sec =  148.5460 Mbps     0 retrans   2131 KB-cwnd
[2024-05-29 11:57:05.770054]    11.8125 MB /   0.50 sec =  198.6453 Mbps     5 retrans   3140 KB-cwnd
[2024-05-29 11:57:06.272491]    10.7500 MB /   0.50 sec =  179.6995 Mbps     0 retrans   3140 KB-cwnd
[2024-05-29 11:57:06.770131]     8.9375 MB /   0.50 sec =  150.4884 Mbps     0 retrans   3140 KB-cwnd
[2024-05-29 11:57:07.270095]     5.0000 MB /   0.50 sec =   83.8965 Mbps     0 retrans   3140 KB-cwnd
[2024-05-29 11:57:07.770640]     9.3750 MB /   0.50 sec =  157.2675 Mbps     0 retrans   3162 KB-cwnd
[2024-05-29 11:57:08.270608]     8.9375 MB /   0.50 sec =  149.9425 Mbps     0 retrans   3162 KB-cwnd
[2024-05-29 11:57:08.770992]     9.1250 MB /   0.50 sec =  153.1028 Mbps     0 retrans   3162 KB-cwnd
[2024-05-29 11:57:09.270066]     8.2500 MB /   0.50 sec =  138.4051 Mbps     0 retrans   3162 KB-cwnd
[2024-05-29 11:57:09.770111]     6.8125 MB /   0.50 sec =  114.2927 Mbps     0 retrans   3162 KB-cwnd
[2024-05-29 11:57:10.270304]     7.6250 MB /   0.50 sec =  127.9002 Mbps     0 retrans   3162 KB-cwnd
[2024-05-29 11:57:10.770201]     8.1875 MB /   0.50 sec =  137.4055 Mbps     0 retrans   3162 KB-cwnd
[2024-05-29 11:57:11.271092]     8.2500 MB /   0.50 sec =  138.4048 Mbps     0 retrans   3162 KB-cwnd
[2024-05-29 11:57:11.770876]     9.0000 MB /   0.50 sec =  150.8926 Mbps     0 retrans   3162 KB-cwnd
[2024-05-29 11:57:12.270099]     7.3750 MB /   0.50 sec =  123.8174 Mbps     0 retrans   3162 KB-cwnd
[2024-05-29 11:57:12.770154]     5.6875 MB /   0.50 sec =   95.4176 Mbps     0 retrans   3162 KB-cwnd
[2024-05-29 11:57:13.270122]    10.2500 MB /   0.50 sec =  171.9706 Mbps     0 retrans   3162 KB-cwnd
[2024-05-29 11:57:13.770583]    11.5625 MB /   0.50 sec =  193.8028 Mbps   184 retrans   2593 KB-cwnd
[2024-05-29 11:57:14.270813]    12.5625 MB /   0.50 sec =  210.9287 Mbps     0 retrans   2593 KB-cwnd
[2024-05-29 11:57:14.770647]    10.8750 MB /   0.50 sec =  182.4767 Mbps     0 retrans   2593 KB-cwnd
[2024-05-29 11:57:15.271204]    10.3750 MB /   0.50 sec =  173.8734 Mbps     2 retrans   1409 KB-cwnd
[2024-05-29 11:57:15.770139]     8.5000 MB /   0.50 sec =  142.7585 Mbps     0 retrans   1409 KB-cwnd
[2024-05-29 11:57:16.270569]     5.7500 MB /   0.50 sec =   96.3903 Mbps     0 retrans   1409 KB-cwnd
[2024-05-29 11:57:16.771854]     4.3125 MB /   0.50 sec =   72.1738 Mbps     0 retrans   1409 KB-cwnd
[2024-05-29 11:57:17.270151]    10.6250 MB /   0.50 sec =  178.8456 Mbps    20 retrans   1243 KB-cwnd
[2024-05-29 11:57:17.771095]     9.4375 MB /   0.50 sec =  158.1917 Mbps    78 retrans   1243 KB-cwnd
[2024-05-29 11:57:18.271286]     7.8125 MB /   0.50 sec =  130.9050 Mbps    20 retrans   1243 KB-cwnd
[2024-05-29 11:57:18.770225]     4.1250 MB /   0.50 sec =   69.3451 Mbps     0 retrans   1243 KB-cwnd
[2024-05-29 11:57:19.270634]     8.9375 MB /   0.50 sec =  149.9791 Mbps     0 retrans   1243 KB-cwnd
[2024-05-29 11:57:19.770771]     8.8750 MB /   0.50 sec =  148.8415 Mbps    37 retrans   1243 KB-cwnd
[2024-05-29 11:57:20.270659]     9.1250 MB /   0.50 sec =  153.1500 Mbps     0 retrans   1243 KB-cwnd
[2024-05-29 11:57:20.770136]     8.9375 MB /   0.50 sec =  149.9467 Mbps     0 retrans   1243 KB-cwnd
[2024-05-29 11:57:21.272377]     8.4375 MB /   0.50 sec =  141.0747 Mbps    18 retrans   1243 KB-cwnd
[2024-05-29 11:57:21.770496]     2.5000 MB /   0.50 sec =   42.0867 Mbps     0 retrans   1243 KB-cwnd
[2024-05-29 11:57:22.270186]     4.6875 MB /   0.50 sec =   78.6306 Mbps     0 retrans   1243 KB-cwnd
[2024-05-29 11:57:22.770138]     3.6250 MB /   0.50 sec =   60.8229 Mbps   667 retrans   2461 KB-cwnd
[2024-05-29 11:57:23.270286]     7.3125 MB /   0.50 sec =  122.6579 Mbps     0 retrans   2461 KB-cwnd
[2024-05-29 11:57:23.770191]     6.6250 MB /   0.50 sec =  111.1793 Mbps     0 retrans   2461 KB-cwnd
[2024-05-29 11:57:24.270713]     8.5000 MB /   0.50 sec =  142.5815 Mbps     0 retrans   2461 KB-cwnd
[2024-05-29 11:57:24.770152]     8.4375 MB /   0.50 sec =  141.5830 Mbps     0 retrans   2461 KB-cwnd
[2024-05-29 11:57:25.270059]     3.9375 MB /   0.50 sec =   66.0619 Mbps     0 retrans   2461 KB-cwnd
[2024-05-29 11:57:25.770131]     9.3750 MB /   0.50 sec =  157.2766 Mbps     0 retrans   2461 KB-cwnd
[2024-05-29 11:57:26.272403]     8.8750 MB /   0.50 sec =  148.4069 Mbps     0 retrans   2461 KB-cwnd
[2024-05-29 11:57:26.770142]     9.0625 MB /   0.50 sec =  152.5485 Mbps     0 retrans   2461 KB-cwnd
[2024-05-29 11:57:27.271066]     5.5625 MB /   0.50 sec =   93.1560 Mbps     0 retrans   2461 KB-cwnd
[2024-05-29 11:57:27.770185]     0.0625 MB /   0.50 sec =    1.0504 Mbps     0 retrans   2461 KB-cwnd
[2024-05-29 11:57:28.270053]     4.8125 MB /   0.50 sec =   80.7546 Mbps     0 retrans   2461 KB-cwnd
[2024-05-29 11:57:28.770115]     5.9375 MB /   0.50 sec =   99.6026 Mbps     0 retrans   2461 KB-cwnd
[2024-05-29 11:57:29.270074]     8.4375 MB /   0.50 sec =  141.5691 Mbps     0 retrans   2461 KB-cwnd
[2024-05-29 11:57:29.770112]    10.7500 MB /   0.50 sec =  180.3453 Mbps     0 retrans   2461 KB-cwnd
[2024-05-29 11:57:30.270390]     7.4375 MB /   0.50 sec =  124.7698 Mbps     0 retrans   2461 KB-cwnd
[2024-05-29 11:57:30.771006]    11.3125 MB /   0.50 sec =  189.8006 Mbps     0 retrans   2461 KB-cwnd
[2024-05-29 11:57:31.270513]    13.1875 MB /   0.50 sec =  221.1085 Mbps     0 retrans   2367 KB-cwnd
[2024-05-29 11:57:31.771237]    12.5625 MB /   0.50 sec =  210.7511 Mbps  1270 retrans   3616 KB-cwnd
[2024-05-29 11:57:32.269976]    16.1875 MB /   0.50 sec =  271.8122 Mbps     0 retrans   3616 KB-cwnd
[2024-05-29 11:57:32.770995]    16.0625 MB /   0.50 sec =  269.4458 Mbps     0 retrans   3616 KB-cwnd
[2024-05-29 11:57:33.270041]    18.3125 MB /   0.50 sec =  307.2561 Mbps     0 retrans   3616 KB-cwnd
[2024-05-29 11:57:33.770291]    15.6250 MB /   0.50 sec =  262.0554 Mbps     0 retrans   3616 KB-cwnd
[2024-05-29 11:57:34.270116]    14.9375 MB /   0.50 sec =  250.6397 Mbps     0 retrans   3616 KB-cwnd
[2024-05-29 11:57:34.771008]    18.0625 MB /   0.50 sec =  302.8465 Mbps     0 retrans   3616 KB-cwnd
[2024-05-29 11:57:35.271033]    16.0000 MB /   0.50 sec =  268.4317 Mbps     0 retrans   3616 KB-cwnd
[2024-05-29 11:57:35.770147]    11.6875 MB /   0.50 sec =  196.1936 Mbps     0 retrans   3616 KB-cwnd
[2024-05-29 11:57:36.271055]    13.3125 MB /   0.50 sec =  223.2065 Mbps     0 retrans   3250 KB-cwnd
[2024-05-29 11:57:36.771356]    14.6875 MB /   0.50 sec =  246.3001 Mbps  1018 retrans   2508 KB-cwnd
[2024-05-29 11:57:37.270217]    13.7500 MB /   0.50 sec =  230.9509 Mbps     0 retrans   2508 KB-cwnd
[2024-05-29 11:57:37.769986]     9.1875 MB /   0.50 sec =  154.1863 Mbps     0 retrans   2508 KB-cwnd
[2024-05-29 11:57:38.270196]     6.7500 MB /   0.50 sec =  113.2138 Mbps     0 retrans   2508 KB-cwnd
[2024-05-29 11:57:38.770310]     8.7500 MB /   0.50 sec =  146.8426 Mbps     0 retrans   2508 KB-cwnd
[2024-05-29 11:57:39.270104]     9.6250 MB /   0.50 sec =  161.4691 Mbps     0 retrans   2508 KB-cwnd
[2024-05-29 11:57:39.770231]     5.6875 MB /   0.50 sec =   95.3996 Mbps     0 retrans   2508 KB-cwnd
[2024-05-29 11:57:40.271080]    12.0000 MB /   0.50 sec =  201.3669 Mbps     0 retrans   2508 KB-cwnd
[2024-05-29 11:57:40.770066]    12.1250 MB /   0.50 sec =  203.4327 Mbps     0 retrans   2508 KB-cwnd
[2024-05-29 11:57:41.270439]    11.7500 MB /   0.50 sec =  197.1362 Mbps     0 retrans   2508 KB-cwnd
[2024-05-29 11:57:41.771374]    13.6875 MB /   0.50 sec =  229.4110 Mbps     0 retrans   2508 KB-cwnd
[2024-05-29 11:57:42.270299]    12.6875 MB /   0.50 sec =  212.9977 Mbps     0 retrans   2519 KB-cwnd
[2024-05-29 11:57:42.770638]     6.6875 MB /   0.50 sec =  112.2318 Mbps     0 retrans   2519 KB-cwnd
[2024-05-29 11:57:43.270164]    12.3750 MB /   0.50 sec =  207.6118 Mbps  2394 retrans   3104 KB-cwnd
[2024-05-29 11:57:43.770671]    16.8125 MB /   0.50 sec =  282.0410 Mbps     0 retrans   3192 KB-cwnd
[2024-05-29 11:57:44.270638]    16.2500 MB /   0.50 sec =  272.3868 Mbps     0 retrans   3192 KB-cwnd
[2024-05-29 11:57:44.770023]    15.5000 MB /   0.50 sec =  260.3358 Mbps     0 retrans   3338 KB-cwnd
[2024-05-29 11:57:45.270434]    12.8125 MB /   0.50 sec =  214.9237 Mbps     0 retrans   3338 KB-cwnd
[2024-05-29 11:57:45.770017]    15.4375 MB /   0.50 sec =  259.0309 Mbps     0 retrans   3344 KB-cwnd
[2024-05-29 11:57:46.270804]    17.0000 MB /   0.50 sec =  285.1420 Mbps     0 retrans   3371 KB-cwnd
[2024-05-29 11:57:46.770647]    15.8750 MB /   0.50 sec =  266.3873 Mbps     0 retrans   3418 KB-cwnd
[2024-05-29 11:57:47.270021]    14.2500 MB /   0.50 sec =  239.0806 Mbps     0 retrans   3632 KB-cwnd
[2024-05-29 11:57:47.769988]    17.0000 MB /   0.50 sec =  285.2298 Mbps    17 retrans   3269 KB-cwnd
[2024-05-29 11:57:48.270175]    13.1875 MB /   0.50 sec =  221.2234 Mbps     0 retrans   3269 KB-cwnd
[2024-05-29 11:57:48.770183]     4.2500 MB /   0.50 sec =   71.3002 Mbps     0 retrans   3269 KB-cwnd
[2024-05-29 11:57:49.270797]     5.0625 MB /   0.50 sec =   84.8351 Mbps     0 retrans   3269 KB-cwnd
[2024-05-29 11:57:49.770107]    10.0625 MB /   0.50 sec =  169.0425 Mbps     0 retrans   3269 KB-cwnd
[2024-05-29 11:57:50.270945]    10.0625 MB /   0.50 sec =  168.6689 Mbps     0 retrans   3269 KB-cwnd
[2024-05-29 11:57:50.770561]     7.9375 MB /   0.50 sec =  133.1662 Mbps     0 retrans   3269 KB-cwnd
[2024-05-29 11:57:51.269987]     5.0625 MB /   0.50 sec =   85.0153 Mbps     0 retrans   3250 KB-cwnd
[2024-05-29 11:57:51.770020]     8.3750 MB /   0.50 sec =  140.5072 Mbps     0 retrans   3250 KB-cwnd
[2024-05-29 11:57:52.270147]    11.1250 MB /   0.50 sec =  186.6260 Mbps     0 retrans   3250 KB-cwnd
[2024-05-29 11:57:52.770135]    11.1250 MB /   0.50 sec =  186.6521 Mbps     0 retrans   3250 KB-cwnd
[2024-05-29 11:57:53.270502]    11.7500 MB /   0.50 sec =  196.9712 Mbps     0 retrans   3250 KB-cwnd
[2024-05-29 11:57:53.770174]    11.1875 MB /   0.50 sec =  187.8435 Mbps     0 retrans   3250 KB-cwnd
[2024-05-29 11:57:54.270145]    12.1250 MB /   0.50 sec =  203.4246 Mbps     0 retrans   3250 KB-cwnd
[2024-05-29 11:57:54.770558]    11.9375 MB /   0.50 sec =  200.2864 Mbps     0 retrans   3280 KB-cwnd
[2024-05-29 11:57:55.273250]    12.8125 MB /   0.50 sec =  214.9529 Mbps   193 retrans   3181 KB-cwnd
[2024-05-29 11:57:55.769995]    16.8125 MB /   0.50 sec =  282.0918 Mbps     0 retrans   3181 KB-cwnd
[2024-05-29 11:57:56.270110]    13.6250 MB /   0.50 sec =  228.5690 Mbps     0 retrans   3181 KB-cwnd
[2024-05-29 11:57:56.770368]    14.5000 MB /   0.50 sec =  243.2769 Mbps     0 retrans   3181 KB-cwnd
[2024-05-29 11:57:57.270007]    10.5000 MB /   0.50 sec =  176.1689 Mbps     0 retrans   3181 KB-cwnd
[2024-05-29 11:57:57.770799]     7.8750 MB /   0.50 sec =  131.9259 Mbps     0 retrans   3181 KB-cwnd
[2024-05-29 11:57:58.271164]    12.5625 MB /   0.50 sec =  210.8608 Mbps     0 retrans   3181 KB-cwnd
[2024-05-29 11:57:58.769981]    11.5625 MB /   0.50 sec =  194.1897 Mbps     0 retrans   3181 KB-cwnd
[2024-05-29 11:57:59.270143]    12.1875 MB /   0.50 sec =  204.4404 Mbps     0 retrans   3181 KB-cwnd
[2024-05-29 11:57:59.770624]    11.5000 MB /   0.50 sec =  192.7506 Mbps     0 retrans   3181 KB-cwnd
[2024-05-29 11:58:00.270741]    13.0625 MB /   0.50 sec =  219.3761 Mbps     0 retrans   3181 KB-cwnd
[2024-05-29 11:58:00.770589]    12.6250 MB /   0.50 sec =  211.6371 Mbps    10 retrans   3379 KB-cwnd
[2024-05-29 11:58:01.270693]    10.6875 MB /   0.50 sec =  179.2757 Mbps     0 retrans   3379 KB-cwnd
[2024-05-29 11:58:01.770147]    15.1250 MB /   0.50 sec =  254.0089 Mbps     0 retrans   3404 KB-cwnd
[2024-05-29 11:58:02.271049]    16.1875 MB /   0.50 sec =  271.3516 Mbps     0 retrans   3404 KB-cwnd
[2024-05-29 11:58:02.770116]    16.4375 MB /   0.50 sec =  276.0101 Mbps     0 retrans   3613 KB-cwnd
[2024-05-29 11:58:03.270101]    15.6250 MB /   0.50 sec =  262.1398 Mbps     0 retrans   3711 KB-cwnd
[2024-05-29 11:58:03.770029]    14.1250 MB /   0.50 sec =  236.9971 Mbps     0 retrans   3711 KB-cwnd
[2024-05-29 11:58:04.270431]    16.3125 MB /   0.50 sec =  273.6510 Mbps     0 retrans   3712 KB-cwnd
[2024-05-29 11:58:04.771024]    14.6250 MB /   0.50 sec =  244.9548 Mbps     0 retrans   3712 KB-cwnd
[2024-05-29 11:58:05.269993]    15.8750 MB /   0.50 sec =  266.8191 Mbps     0 retrans   3712 KB-cwnd
[2024-05-29 11:58:05.771058]    14.9375 MB /   0.50 sec =  250.3683 Mbps  1581 retrans   3476 KB-cwnd
[2024-05-29 11:58:06.270169]    15.5625 MB /   0.50 sec =  261.3149 Mbps     0 retrans   3476 KB-cwnd
[2024-05-29 11:58:06.770041]    16.9375 MB /   0.50 sec =  284.1954 Mbps     0 retrans   3587 KB-cwnd
[2024-05-29 11:58:07.270052]    14.5000 MB /   0.50 sec =  243.2726 Mbps     0 retrans   3588 KB-cwnd
[2024-05-29 11:58:07.770665]    15.6250 MB /   0.50 sec =  262.1194 Mbps     0 retrans   3588 KB-cwnd
[2024-05-29 11:58:08.270588]     9.5625 MB /   0.50 sec =  160.2930 Mbps     0 retrans   3539 KB-cwnd
[2024-05-29 11:58:08.770108]    12.8750 MB /   0.50 sec =  216.1956 Mbps     0 retrans   3539 KB-cwnd
[2024-05-29 11:58:09.270115]    15.5000 MB /   0.50 sec =  260.0515 Mbps     0 retrans   3539 KB-cwnd
[2024-05-29 11:58:09.770026]    12.0625 MB /   0.50 sec =  202.3837 Mbps     0 retrans   3539 KB-cwnd
[2024-05-29 11:58:10.270590]     4.5000 MB /   0.50 sec =   75.4272 Mbps     0 retrans   3539 KB-cwnd
[2024-05-29 11:58:10.769982]    10.2500 MB /   0.50 sec =  172.1365 Mbps     0 retrans   3539 KB-cwnd
[2024-05-29 11:58:11.270690]    12.8750 MB /   0.50 sec =  215.7706 Mbps   800 retrans   3302 KB-cwnd
[2024-05-29 11:58:11.770576]    14.8125 MB /   0.50 sec =  248.5259 Mbps     0 retrans   3302 KB-cwnd
[2024-05-29 11:58:12.270751]    15.9375 MB /   0.50 sec =  267.6004 Mbps     0 retrans   3302 KB-cwnd
[2024-05-29 11:58:12.770122]     8.7500 MB /   0.50 sec =  146.8233 Mbps     0 retrans   3302 KB-cwnd
[2024-05-29 11:58:13.271637]    12.9375 MB /   0.50 sec =  216.4293 Mbps     0 retrans   3302 KB-cwnd
[2024-05-29 11:58:13.770476]     3.0000 MB /   0.50 sec =   50.4678 Mbps     0 retrans   3302 KB-cwnd
[2024-05-29 11:58:14.270296]     6.8125 MB /   0.50 sec =  114.3158 Mbps     0 retrans   3302 KB-cwnd
[2024-05-29 11:58:14.770997]    12.1250 MB /   0.50 sec =  203.2242 Mbps     0 retrans   3302 KB-cwnd
[2024-05-29 11:58:15.270450]     9.6250 MB /   0.50 sec =  161.6543 Mbps     0 retrans   3302 KB-cwnd
[2024-05-29 11:58:15.770922]     9.0625 MB /   0.50 sec =  152.0326 Mbps     0 retrans   3302 KB-cwnd
[2024-05-29 11:58:16.270107]     3.7500 MB /   0.50 sec =   62.9125 Mbps     0 retrans   3302 KB-cwnd
[2024-05-29 11:58:16.770105]     8.2500 MB /   0.50 sec =  138.4156 Mbps     0 retrans   3302 KB-cwnd
[2024-05-29 11:58:17.270525]     7.1875 MB /   0.50 sec =  120.4781 Mbps     0 retrans   3305 KB-cwnd
[2024-05-29 11:58:17.770045]    10.5625 MB /   0.50 sec =  177.3747 Mbps     0 retrans   3305 KB-cwnd
[2024-05-29 11:58:18.270124]    10.8750 MB /   0.50 sec =  182.4442 Mbps     4 retrans   3960 KB-cwnd
[2024-05-29 11:58:18.770102]     9.8125 MB /   0.50 sec =  164.6389 Mbps     0 retrans   3960 KB-cwnd
[2024-05-29 11:58:19.270369]    10.5625 MB /   0.50 sec =  177.2005 Mbps     0 retrans   3960 KB-cwnd
[2024-05-29 11:58:19.770655]    10.3750 MB /   0.50 sec =  173.8977 Mbps     0 retrans   3960 KB-cwnd
[2024-05-29 11:58:20.270129]     8.0000 MB /   0.50 sec =  134.3529 Mbps     0 retrans   3960 KB-cwnd
[2024-05-29 11:58:20.771375]     6.2500 MB /   0.50 sec =  104.6063 Mbps     0 retrans   3960 KB-cwnd
[2024-05-29 11:58:21.270092]     3.1250 MB /   0.50 sec =   52.5493 Mbps     0 retrans   3960 KB-cwnd
[2024-05-29 11:58:21.770165]     8.0000 MB /   0.50 sec =  134.2145 Mbps     0 retrans   3960 KB-cwnd
[2024-05-29 11:58:22.270213]    12.0625 MB /   0.50 sec =  202.3602 Mbps     0 retrans   3960 KB-cwnd
[2024-05-29 11:58:22.770465]     7.0625 MB /   0.50 sec =  118.4836 Mbps     0 retrans   3960 KB-cwnd
[2024-05-29 11:58:23.270092]     8.5625 MB /   0.50 sec =  143.6799 Mbps     0 retrans   3960 KB-cwnd
[2024-05-29 11:58:23.771000]    12.2500 MB /   0.50 sec =  205.3583 Mbps     0 retrans   3960 KB-cwnd
[2024-05-29 11:58:24.271250]     9.1875 MB /   0.50 sec =  154.0951 Mbps     0 retrans   3960 KB-cwnd
[2024-05-29 11:58:24.770817]     5.8125 MB /   0.50 sec =   97.5498 Mbps     0 retrans   3960 KB-cwnd
[2024-05-29 11:58:25.270602]     8.5000 MB /   0.50 sec =  142.5750 Mbps     0 retrans   3960 KB-cwnd
[2024-05-29 11:58:25.770037]     9.4375 MB /   0.50 sec =  158.5005 Mbps     0 retrans   3960 KB-cwnd
[2024-05-29 11:58:26.270644]     6.1250 MB /   0.50 sec =  102.6510 Mbps     0 retrans   3960 KB-cwnd
[2024-05-29 11:58:26.770062]     9.3125 MB /   0.50 sec =  156.3967 Mbps     6 retrans   2296 KB-cwnd
[2024-05-29 11:58:27.270729]     8.8750 MB /   0.50 sec =  148.8883 Mbps     0 retrans   2296 KB-cwnd
[2024-05-29 11:58:27.770080]     3.5000 MB /   0.50 sec =   58.7237 Mbps     0 retrans   2296 KB-cwnd
[2024-05-29 11:58:28.270653]     9.0625 MB /   0.50 sec =  152.0405 Mbps     0 retrans   2296 KB-cwnd
[2024-05-29 11:58:28.770101]     6.6875 MB /   0.50 sec =  112.2023 Mbps     0 retrans   2296 KB-cwnd
[2024-05-29 11:58:29.270298]     6.3125 MB /   0.50 sec =  105.9096 Mbps     0 retrans   2296 KB-cwnd
[2024-05-29 11:58:29.770077]     8.4375 MB /   0.50 sec =  141.5532 Mbps     0 retrans   2296 KB-cwnd
[2024-05-29 11:58:30.270418]     7.5625 MB /   0.50 sec =  126.8795 Mbps     0 retrans   2296 KB-cwnd
[2024-05-29 11:58:30.771005]     7.3750 MB /   0.50 sec =  123.6274 Mbps     0 retrans   2296 KB-cwnd
[2024-05-29 11:58:31.270763]     7.2500 MB /   0.50 sec =  121.5842 Mbps     0 retrans   2296 KB-cwnd
[2024-05-29 11:58:31.772163]     3.4375 MB /   0.50 sec =   57.5777 Mbps     0 retrans   2296 KB-cwnd
[2024-05-29 11:58:32.270538]     8.6250 MB /   0.50 sec =  145.1153 Mbps     0 retrans   2296 KB-cwnd
[2024-05-29 11:58:32.770156]     7.4375 MB /   0.50 sec =  124.7733 Mbps     0 retrans   2296 KB-cwnd
[2024-05-29 11:58:33.270045]    12.1875 MB /   0.50 sec =  204.4879 Mbps     0 retrans   2296 KB-cwnd
[2024-05-29 11:58:33.770595]    10.6875 MB /   0.50 sec =  179.1463 Mbps     0 retrans   2296 KB-cwnd
[2024-05-29 11:58:34.270376]     9.7500 MB /   0.50 sec =  163.6266 Mbps     0 retrans   2296 KB-cwnd
[2024-05-29 11:58:34.770110]     5.8125 MB /   0.50 sec =   97.5724 Mbps     0 retrans   2296 KB-cwnd
[2024-05-29 11:58:35.270059]    11.0000 MB /   0.50 sec =  184.5645 Mbps     0 retrans   2296 KB-cwnd
[2024-05-29 11:58:35.771570]     8.7500 MB /   0.50 sec =  146.4208 Mbps  2373 retrans   2986 KB-cwnd
[2024-05-29 11:58:36.270166]     0.0000 MB /   0.50 sec =    0.0000 Mbps     0 retrans   2986 KB-cwnd
[2024-05-29 11:58:36.770081]     0.0625 MB /   0.50 sec =    1.0487 Mbps     0 retrans   2986 KB-cwnd
[2024-05-29 11:58:37.270096]     7.5625 MB /   0.50 sec =  126.8797 Mbps     0 retrans   2986 KB-cwnd
[2024-05-29 11:58:37.770122]     7.9375 MB /   0.50 sec =  133.1598 Mbps     0 retrans   2986 KB-cwnd
[2024-05-29 11:58:38.270610]    10.8750 MB /   0.50 sec =  182.4570 Mbps     0 retrans   2986 KB-cwnd
[2024-05-29 11:58:38.770161]     0.3750 MB /   0.50 sec =    6.2917 Mbps     0 retrans   2986 KB-cwnd
[2024-05-29 11:58:39.270585]     0.3750 MB /   0.50 sec =    6.2915 Mbps     0 retrans   2986 KB-cwnd
[2024-05-29 11:58:39.770451]     3.3125 MB /   0.50 sec =   55.5344 Mbps     0 retrans   2986 KB-cwnd
[2024-05-29 11:58:40.270095]     5.1250 MB /   0.50 sec =   86.0436 Mbps     0 retrans   2986 KB-cwnd
[2024-05-29 11:58:40.770049]     4.6875 MB /   0.50 sec =   78.6506 Mbps     0 retrans   2986 KB-cwnd
[2024-05-29 11:58:41.272479]     5.3750 MB /   0.50 sec =   89.8460 Mbps     0 retrans   2986 KB-cwnd
[2024-05-29 11:58:41.770558]     6.3750 MB /   0.50 sec =  107.3024 Mbps     0 retrans   2986 KB-cwnd
[2024-05-29 11:58:42.270113]     4.9375 MB /   0.50 sec =   82.8614 Mbps     0 retrans   2986 KB-cwnd
[2024-05-29 11:58:42.771073]     3.6250 MB /   0.50 sec =   60.7098 Mbps     0 retrans   2986 KB-cwnd
[2024-05-29 11:58:43.270994]     7.5625 MB /   0.50 sec =  127.0009 Mbps     0 retrans   2986 KB-cwnd
[2024-05-29 11:58:43.770056]     8.8750 MB /   0.50 sec =  149.0292 Mbps     0 retrans   2986 KB-cwnd
[2024-05-29 11:58:44.271244]     8.5000 MB /   0.50 sec =  142.2828 Mbps     0 retrans   2986 KB-cwnd
[2024-05-29 11:58:44.769992]     9.5000 MB /   0.50 sec =  159.7548 Mbps     0 retrans   2986 KB-cwnd
[2024-05-29 11:58:45.270159]     6.2500 MB /   0.50 sec =  104.8371 Mbps     0 retrans   2986 KB-cwnd
[2024-05-29 11:58:45.770537]     6.8125 MB /   0.50 sec =  114.2189 Mbps     0 retrans   2986 KB-cwnd
[2024-05-29 11:58:46.271160]     7.8750 MB /   0.50 sec =  132.2158 Mbps     0 retrans   2986 KB-cwnd
[2024-05-29 11:58:46.770648]    10.0625 MB /   0.50 sec =  168.8315 Mbps     0 retrans   2986 KB-cwnd
[2024-05-29 11:58:47.270129]    11.1875 MB /   0.50 sec =  187.6846 Mbps  1691 retrans   2332 KB-cwnd
[2024-05-29 11:58:47.770771]    10.8125 MB /   0.50 sec =  181.4000 Mbps     0 retrans   2332 KB-cwnd
[2024-05-29 11:58:48.270157]     7.0625 MB /   0.50 sec =  118.4881 Mbps     0 retrans   2332 KB-cwnd
[2024-05-29 11:58:48.770941]     9.5000 MB /   0.50 sec =  159.2501 Mbps     0 retrans   2332 KB-cwnd
[2024-05-29 11:58:49.270564]    11.2500 MB /   0.50 sec =  188.7433 Mbps     0 retrans   2332 KB-cwnd
[2024-05-29 11:58:49.770242]    11.1875 MB /   0.50 sec =  187.8495 Mbps     0 retrans   2332 KB-cwnd
[2024-05-29 11:58:50.271012]    12.5000 MB /   0.50 sec =  209.7257 Mbps     0 retrans   2332 KB-cwnd
[2024-05-29 11:58:50.770397]    12.0000 MB /   0.50 sec =  201.3407 Mbps     0 retrans   2332 KB-cwnd
End time: 1716998331036
