Start time: 1716935934043
{
  "id": "0",
  "status": null,
  "apiVersion": "17",
  "dishGetHistory": {
    "current": "955",
    "popPingDropRate": [
      0,
      0,
      0.06666667,
      0.071428575,
      0,
      0.06666667,
      0.0625,
      0,
      0,
      0,
      0,
      0,
      0,
      0,
      0,
      0,
      0,
      0,
      0,
      0,
      0,
      0,
      0,
      0,
      0,
      0,
      0,
      0,
      0,
      0.0625,
      0.06666667,
      0,
      0,
      0,
      0,
      0,
      0,
      0,
      0,
      0,
      0,
      0,
      0,
      0,
      0,
      0,
      0,
      0,
      0,
      0,
      0,
      0,
      0,
      0,
      0,
      1,
      1,
      1,
      1,
      1,
      1,
      1,
      1,
      1,
      1,
      1,
      1,
      1,
      1,
      1,
      1,
      1,
      1,
      1,
      1,
      1,
      1,
      1,
      1,
      1,
      1,
      1,
      1,
      1,
      1,
      1,
      1,
      1,
      1,
      1,
      1,
      1,
      1,
      1,
      1,
      1,
      1,
      1,
      1,
      1,
      1,
      1,
      1,
      1,
      1,
      1,
      1,
      1,
      1,
      1,
      1,
      1,
      1,
      1,
      1,
      1,
      1,
      1,
      1,
      1,
      1,
      1,
      1,
      0.88235295,
      0.46666667,
      0,
      0,
      0,
      0,
      0,
      0,
      0,
      0,
      0,
      0,
      0,
      0.5294118,
      1,
      1,
      1,
      1,
      1,
      1,
      1,
      1,
      1,
      1,
      1,
      1,
      0.88235295,
      0.46666667,
      0.5294118,
      0.05882353,
      0.055555556,
      0.055555556,
      0.07692308,
      0,
      0,
      0,
      0,
      0,
      0,
      0,
      0,
      0,
      0,
      0,
      0,
      0,
      0,
      0,
      0,
      0,
      0,
      0,
      0,
      0,
      0,
      0,
      0,
      0,
      0.26666668,
      0.23529412,
      0,
      0,
      0,
      0,
      0.0625,
      0.0625,
      0,
      0,
      0,
      0,
      0,
      0,
      0,
      0,
      0,
      0,
      0,
      0,
      0,
      0,
      0,
      0,
      0,
      0,
      0,
      0,
      0.05882353,
      0.53333336,
      1,
      1,
      1,
      1,
      1,
      1,
      1,
      1,
      1,
      1,
      1,
      1,
      0.1764706,
      0.0625,
      0,
      0,
      0,
      0,
      0,
      0,
      0,
      0,
      0,
      0,
      0,
      0,
      0,
      0,
      0.06666667,
      0.5625,
      1,
      1,
      1,
      0.44444445,
      0.055555556,
      0.05882353,
      0.0625,
      0,
      0,
      0,
      0,
      0,
      0,
      0.0625,
      0.625,
      1,
      1,
      1,
      1,
      1,
      1,
      1,
      0.3125,
      0.3125,
      0.05882353,
      0.055555556,
      0,
      0,
      0,
      0,
      0,
      0,
      0,
      0,
      0,
      0,
      0,
      0,
      0,
      0,
      0,
      0,
      0,
      0.0625,
      0.0625,
      0,
      0,
      0,
      0,
      0,
      0,
      0,
      0,
      0,
      0,
      0,
      0,
      0,
      0,
      0,
      0,
      0,
      0,
      0,
      0,
      0.06666667,
      0.0625,
      0.0625,
      0,
      0,
      0,
      0,
      0,
      0,
      0,
      0,
      0,
      0,
      0,
      0,
      0,
      0,
      0,
      0,
      0,
      0,
      0,
      0,
      0,
      0,
      0,
      0,
      0,
      0,
      0,
      0,
      0,
      0,
      0,
      0,
      0,
      0,
      0,
      0,
      0,
      0.06666667,
      0,
      0,
      0,
      0,
      0,
      0,
      0,
      0,
      0,
      0,
      0,
      0,
      0,
      0,
      0,
      0,
      0,
      0,
      0,
      0,
      0,
      0,
      0,
      0,
      0,
      0,
      0,
      0,
      0,
      0,
      0,
      0,
      0,
      0,
      0,
      0,
      0,
      0,
      0,
      0,
      0,
      0,
      0.071428575,
      0.071428575,
      0,
      0,
      0,
      0,
      0,
      0,
      0,
      0,
      0,
      0,
      0,
      0,
      0,
      0.071428575,
      0.071428575,
      0,
      0,
      0,
      0,
      0,
      0,
      0,
      0,
      0,
      0,
      0,
      0,
      0,
      0,
      0,
      0,
      0,
      0,
      0,
      0,
      0,
      0,
      0,
      0,
      0,
      0,
      0,
      0,
      0,
      0,
      0,
      0,
      0,
      0,
      0,
      0,
      0,
      0,
      0,
      0,
      0,
      0,
      0,
      0,
      0,
      0,
      0,
      0,
      0,
      0,
      0,
      0,
      0,
      0,
      0,
      0,
      0,
      0,
      0,
      0,
      0,
      0,
      0,
      0,
      0,
      0,
      0,
      0,
      0,
      0,
      0,
      0,
      0,
      0,
      0,
      0,
      0,
      0,
      0,
      0,
      0,
      0,
      0,
      0,
      0,
      0,
      0,
      0,
      0,
      0,
      0,
      0,
      0,
      0,
      0,
      0,
      0,
      0,
      0,
      0,
      0,
      0,
      0,
      0,
      0,
      0,
      0,
      0,
      0,
      0,
      0,
      0,
      0,
      0,
      0,
      0,
      0,
      0,
      0,
      0,
      0,
      0,
      0,
      0,
      0,
      0,
      0,
      0,
      0,
      0,
      0,
      0,
      0,
      0,
      0,
      0,
      0,
      0,
      0,
      0.13333334,
      0.13333334,
      0,
      0,
      0,
      0,
      0,
      0,
      0,
      0.125,
      0.13333334,
      0,
      0,
      0,
      0,
      0,
      0,
      0,
      0,
      0,
      0,
      0,
      0,
      0,
      0.05882353,
      0.06666667,
      0,
      0,
      0,
      0.14285715,
      0.13333334,
      0,
      0,
      0,
      0,
      0,
      0,
      0,
      0,
      0,
      0,
      0,
      0,
      0,
      0,
      0,
      0,
      0,
      0,
      0,
      0,
      0,
      0,
      0,
      0,
      0,
      0,
      0,
      0,
      0,
      0.125,
      0.11764706,
      0,
      0,
      0,
      0,
      0,
      0,
      0,
      0,
      0,
      0,
      0,
      0,
      0,
      0,
      0,
      0,
      0,
      0,
      0,
      0,
      0,
      0,
      0,
      0,
      0.2,
      0.2,
      0,
      0,
      0,
      0,
      0,
      0,
      0,
      0,
      0,
      0,
      0,
      0.13333334,
      0.13333334,
      0,
      0,
      0,
      0,
      0,
      0,
      0,
      0,
      0,
      0,
      0,
      0,
      0,
      0,
      0,
      0,
      0,
      0,
      0,
      0,
      0,
      0,
      0,
      0,
      0,
      0,
      0,
      0,
      0,
      0,
      0,
      0.06666667,
      0.0625,
      0,
      0,
      0.06666667,
      0.1875,
      0.0625,
      0.06666667,
      0,
      0,
      0,
      0,
      0,
      0,
      0,
      0,
      0,
      0,
      0.06666667,
      0.071428575,
      0,
      0,
      0,
      0,
      0,
      0,
      0,
      0,
      0,
      0,
      0,
      0,
      0,
      0,
      0,
      0,
      0,
      0,
      0,
      0,
      0,
      0,
      0,
      0,
      0,
      0,
      0,
      0.06666667,
      0.0625,
      0,
      0,
      0,
      0,
      0,
      0,
      0,
      0,
      0,
      0,
      0,
      0,
      0,
      0,
      0,
      0,
      0,
      0,
      0,
      0,
      0,
      0,
      0,
      0,
      0.06666667,
      0.0625,
      0,
      0,
      0,
      0,
      0,
      0,
      0,
      0,
      0,
      0,
      0,
      0,
      0,
      0,
      0,
      0,
      0,
      0,
      0,
      0,
      0,
      0,
      0,
      0,
      0,
      0,
      0,
      0,
      0,
      0,
      0,
      0,
      0,
      0,
      0,
      0,
      0,
      0,
      0,
      0,
      0,
      0,
      0,
      0,
      0,
      0,
      0,
      0,
      0,
      0,
      0,
      0,
      0,
      0,
      0,
      0,
      0,
      0,
      0,
      0.071428575,
      0.06666667,
      0.0625,
      0.0625,
      0,
      0,
      0,
      0,
      0,
      0,
      0,
      0,
      0,
      0,
      0,
      0,
      0,
      0,
      0,
      0,
      0,
      0,
      0,
      0,
      0,
      0,
      0,
      0,
      0,
      0.0625,
      0.0625,
      0,
      0,
      0,
      0,
      0,
      0.0625,
      0.0625,
      0,
      0,
      0,
      0,
      0,
      0,
      0,
      0,
      0,
      0,
      0,
      0,
      0,
      0,
      0,
      0,
      0,
      0,
      0,
      0,
      0,
      0,
      0,
      0,
      0,
      0,
      0,
      0,
      0,
      0,
      0,
      0,
      0,
      0,
      0,
      0,
      0,
      0,
      0,
      0,
      0,
      0.0625,
      0.05882353,
      0,
      0,
      0,
      0,
      0,
      0,
      0,
      0
    ],
    "popPingLatencyMs": [
      31.735144,
      31.85954,
      31.525137,
      30.663534,
      30.473534,
      31.654411,
      32.239998,
      33.934174,
      34.349415,
      28.641687,
      27.652998,
      30.323732,
      31.034184,
      31.367237,
      31.228645,
      30.361187,
      32.3922,
      32.897186,
      31.185314,
      29.805067,
      31.591875,
      33.09644,
      33.282936,
      31.286333,
      30.774332,
      29.843502,
      29.963314,
      34.791183,
      34.700073,
      30.592573,
      32.541065,
      34.35247,
      35.7075,
      33.536625,
      31.30129,
      30.851936,
      30.320187,
      33.093197,
      32.3368,
      31.382563,
      31.741064,
      31.375313,
      31.906754,
      34.389797,
      35.317333,
      34.56393,
      34.415066,
      33.9406,
      35.10033,
      35.624268,
      34.5072,
      34.79638,
      34.898438,
      35.176315,
      35.150135,
      -1,
      -1,
      -1,
      -1,
      -1,
      -1,
      -1,
      -1,
      -1,
      -1,
      -1,
      -1,
      -1,
      -1,
      -1,
      -1,
      -1,
      -1,
      -1,
      -1,
      -1,
      -1,
      -1,
      -1,
      -1,
      -1,
      -1,
      -1,
      -1,
      -1,
      -1,
      -1,
      -1,
      -1,
      -1,
      -1,
      -1,
      -1,
      -1,
      -1,
      -1,
      -1,
      -1,
      -1,
      -1,
      -1,
      -1,
      -1,
      -1,
      -1,
      -1,
      -1,
      -1,
      -1,
      -1,
      -1,
      -1,
      -1,
      -1,
      -1,
      -1,
      -1,
      -1,
      -1,
      -1,
      -1,
      44.508,
      41.31838,
      41.43786,
      42.88164,
      43.2534,
      40.8908,
      37.889267,
      40.229134,
      39.897465,
      37.576534,
      38.04873,
      40.899353,
      43.322334,
      43.322334,
      43.322334,
      43.322334,
      43.322334,
      43.322334,
      43.322334,
      43.322334,
      43.322334,
      43.322334,
      43.322334,
      43.322334,
      43.322334,
      43.322334,
      43.322334,
      4997.296,
      4997.296,
      4997.296,
      1389.9093,
      35.957886,
      35.45614,
      34.116356,
      33.973,
      37.52538,
      37.041622,
      35.805733,
      38.00274,
      36.9272,
      36.21133,
      35.373505,
      35.496876,
      36.113064,
      34.75825,
      36.204266,
      38.369267,
      36.231266,
      36.40681,
      39.262,
      38.29071,
      35.140266,
      36.875797,
      37.480534,
      34.004753,
      33.694664,
      35.00393,
      35.00393,
      760.3311,
      504.17603,
      31.11447,
      31.98431,
      33.54944,
      36.92787,
      34.4356,
      34.968803,
      31.882664,
      28.603598,
      29.380667,
      30.662434,
      30.359056,
      31.515438,
      34.86737,
      35.92512,
      33.70975,
      33.818245,
      33.13447,
      32.774822,
      36.78112,
      38.2974,
      37.880466,
      39.966267,
      37.696266,
      34.62619,
      35.075623,
      36.548885,
      35.65088,
      35.65088,
      35.65088,
      35.65088,
      35.65088,
      35.65088,
      35.65088,
      35.65088,
      35.65088,
      35.65088,
      35.65088,
      35.65088,
      35.65088,
      35.65088,
      35.65088,
      35.65088,
      5810.9653,
      5757.125,
      41.560818,
      35.064503,
      31.636469,
      32.785748,
      33.051937,
      33.005398,
      32.55125,
      32.924408,
      32.66394,
      33.134056,
      33.67841,
      33.89169,
      33.39987,
      33.71406,
      33.71406,
      33.71406,
      33.71406,
      33.71406,
      4510.914,
      2588.3958,
      42.8985,
      49.464535,
      36.803375,
      32.488377,
      32.20093,
      32.117176,
      31.99541,
      35.195004,
      35.195004,
      35.195004,
      35.195004,
      35.195004,
      35.195004,
      35.195004,
      35.195004,
      35.195004,
      35.195004,
      35.195004,
      3228.9243,
      3228.9243,
      34.981644,
      37.749,
      28.204266,
      57.19067,
      61.04369,
      42.478874,
      42.343063,
      40.99669,
      41.214058,
      41.08644,
      40.28759,
      40.126,
      41.974876,
      40.758064,
      39.11413,
      40.7205,
      41.03635,
      42.044235,
      44.664932,
      36.784664,
      27.957533,
      28.338251,
      30.874626,
      29.9375,
      28.624752,
      30.183174,
      29.77382,
      30.731564,
      30.913399,
      30.027468,
      30.954117,
      28.30325,
      26.497375,
      37.986317,
      43.34981,
      34.255688,
      33.204063,
      35.090664,
      33.97356,
      32.53325,
      32.32856,
      33.64219,
      32.282562,
      32.751377,
      33.883354,
      33.140175,
      32.88619,
      32.068943,
      34.980312,
      34.537186,
      31.539055,
      32.370296,
      31.127823,
      33.382626,
      33.474438,
      33.58975,
      33.958565,
      30.862062,
      31.88725,
      34.701332,
      34.358875,
      32.757565,
      35.83093,
      32.7578,
      30.931059,
      29.363335,
      31.153877,
      31.247995,
      29.517124,
      30.692131,
      30.710125,
      31.255499,
      34.271824,
      34.514706,
      33.091873,
      32.2126,
      32.600998,
      31.937178,
      35.523117,
      39.643,
      37.771503,
      42.566933,
      38.157,
      32.94711,
      32.97155,
      33.499,
      37.259937,
      37.361126,
      38.88231,
      41.437252,
      39.831997,
      38.474255,
      36.59694,
      37.711876,
      37.160336,
      34.541203,
      35.5932,
      36.106,
      36.932236,
      36.890232,
      35.546055,
      34.737946,
      34.921413,
      34.715294,
      34.806313,
      38.145668,
      37.164246,
      37.157803,
      38.8364,
      41.00975,
      39.304253,
      41.062813,
      40.89218,
      39.728664,
      41.34472,
      43.03693,
      43.081066,
      42.887535,
      44.28612,
      43.352184,
      42.359215,
      41.59864,
      43.94969,
      43.58869,
      40.429142,
      41.357933,
      42.45043,
      41.324467,
      40.774734,
      41.10514,
      41.123398,
      41.27793,
      42.504925,
      45.826637,
      45.633068,
      43.485645,
      43.902214,
      41.253716,
      39.25146,
      35.0782,
      34.009468,
      36.282646,
      38.871143,
      36.655933,
      35.300865,
      36.6718,
      35.69194,
      36.075798,
      35.761803,
      33.10967,
      34.453735,
      33.516624,
      37.322266,
      36.856564,
      36.100563,
      33.69587,
      34.302334,
      31.335503,
      31.841589,
      31.785587,
      36.143063,
      36.16071,
      36.818565,
      34.210564,
      31.165932,
      31.263561,
      34.089626,
      33.27219,
      33.8764,
      35.86507,
      33.478127,
      32.446938,
      32.426437,
      33.498375,
      37.612736,
      34.035263,
      31.941624,
      33.455936,
      33.777622,
      34.103996,
      34.595665,
      33.265186,
      37.46033,
      39.87867,
      35.1485,
      28.839334,
      36.678665,
      37.334267,
      30.349796,
      33.152412,
      42.301937,
      40.964622,
      42.292816,
      46.028313,
      41.75431,
      37.898502,
      37.100147,
      45.317715,
      43.138462,
      38.126072,
      33.616135,
      32.49469,
      32.058586,
      31.916939,
      31.421312,
      32.77718,
      34.56944,
      35.223,
      34.034,
      29.903625,
      29.668875,
      30.60488,
      31.873936,
      35.020138,
      34.766064,
      34.857002,
      35.68467,
      34.95481,
      34.053253,
      33.71781,
      34.679474,
      33.83853,
      33.831875,
      35.15888,
      37.261562,
      36.928318,
      35.729603,
      33.838203,
      41.24994,
      48.805626,
      46.785667,
      42.18007,
      44.247875,
      45.96393,
      46.302467,
      45.21106,
      43.382187,
      45.63547,
      45.873375,
      44.036934,
      44.43331,
      44.732872,
      43.377934,
      47.5248,
      45.347866,
      38.58827,
      42.653667,
      44.683666,
      42.424877,
      41.4264,
      40.357403,
      38.5576,
      39.729572,
      40.376064,
      39.492626,
      40.91074,
      41.766865,
      39.607132,
      38.297817,
      35.72575,
      35.39853,
      36.99765,
      36.0995,
      34.76833,
      33.84887,
      36.680813,
      38.77725,
      36.996334,
      37.130623,
      36.05174,
      31.3105,
      33.194748,
      33.952377,
      36.241356,
      39.89707,
      40.601604,
      41.153465,
      43.961933,
      45.43377,
      34.609386,
      29.899998,
      31.537415,
      32.209248,
      31.152815,
      30.833334,
      30.342785,
      30.162874,
      29.302998,
      35.074924,
      39.114933,
      40.432602,
      39.69937,
      40.872063,
      41.055687,
      38.922874,
      38.702686,
      39.84931,
      40.69031,
      39.60129,
      40.354294,
      41.85806,
      41.375,
      40.775116,
      43.236397,
      45.183132,
      43.16947,
      47.520573,
      45.55393,
      38.017998,
      30.005188,
      32.43823,
      32.975315,
      30.377625,
      32.664467,
      33.880665,
      31.252863,
      31.15625,
      32.183186,
      35.785664,
      40.03564,
      40.484,
      36.321533,
      32.758877,
      32.31553,
      32.906826,
      33.225628,
      34.395626,
      34.378338,
      33.90107,
      35.184334,
      33.69406,
      34.408134,
      34.4124,
      36.998802,
      40.91588,
      41.78193,
      41.492535,
      42.7096,
      42.433784,
      39.0404,
      37.539467,
      41.746002,
      42.147995,
      37.72007,
      38.414253,
      41.681763,
      42.64994,
      40.172874,
      37.389732,
      32.057434,
      31.559868,
      32.435997,
      30.413687,
      30.027401,
      28.656271,
      28.506,
      30.449564,
      30.76875,
      29.24447,
      28.80519,
      30.224121,
      30.640295,
      28.658884,
      27.885296,
      27.718935,
      41.693752,
      41.39241,
      34.913788,
      35.228287,
      38.148285,
      39.496876,
      35.07681,
      33.15112,
      35.01244,
      36.0656,
      34.03069,
      32.511562,
      34.192875,
      37.478848,
      34.401268,
      32.357597,
      34.1816,
      33.19656,
      31.743938,
      31.715591,
      31.968063,
      32.572002,
      31.8966,
      30.950884,
      29.78556,
      29.68627,
      29.627468,
      31.161812,
      32.368065,
      32.192997,
      30.60106,
      29.650871,
      34.190468,
      35.071815,
      34.358936,
      33.141666,
      32.935932,
      34.55781,
      34.498936,
      34.019333,
      36.60564,
      39.111427,
      38.212788,
      38.46887,
      36.755146,
      35.0858,
      34.343464,
      34.596878,
      36.113373,
      35.43215,
      34.79315,
      32.939217,
      33.107857,
      34.665806,
      34.517624,
      36.456734,
      35.365864,
      33.666378,
      33.607666,
      31.510502,
      29.520859,
      30.822645,
      28.748201,
      26.6322,
      30.27123,
      31.782215,
      29.764532,
      30.215212,
      30.396002,
      30.465334,
      29.596466,
      30.615564,
      31.64575,
      38.485264,
      38.220497,
      32.17867,
      33.566933,
      29.560734,
      29.5252,
      31.775,
      33.37344,
      33.398933,
      34.581715,
      34.075,
      31.291199,
      33.432735,
      37.209934,
      39.63281,
      36.792686,
      36.900997,
      35.718464,
      37.289574,
      33.620354,
      30.754534,
      33.473267,
      34.932667,
      31.2748,
      31.398212,
      32.955597,
      33.031628,
      30.392689,
      31.162598,
      33.101463,
      34.680798,
      38.2376,
      35.126217,
      31.669125,
      31.319004,
      30.82175,
      29.663885,
      32.897312,
      33.7518,
      30.979435,
      32.390133,
      33.3056,
      31.716358,
      34.121555,
      35.392715,
      32.653645,
      31.130133,
      31.770332,
      31.127134,
      29.00653,
      29.343334,
      29.744068,
      30.563467,
      30.49431,
      31.356133,
      30.465065,
      29.332064,
      29.680668,
      31.691868,
      34.718315,
      36.43544,
      34.7226,
      32.935463,
      33.248066,
      32.914124,
      31.733562,
      33.865936,
      34.375603,
      32.778,
      35.9132,
      37.74557,
      34.81344,
      34.298874,
      34.366684,
      34.438625,
      36.0846,
      38.865288,
      38.21507,
      34.833065,
      33.213173,
      34.050606,
      34.696064,
      33.954594,
      32.153526,
      34.51023,
      37.992466,
      36.49469,
      32.807312,
      34.062935,
      33.426376,
      33.62781,
      34.20682,
      34.243668,
      33.59844,
      34.461185,
      32.380886,
      32.59894,
      33.41771,
      31.71088,
      30.900625,
      31.275887,
      31.81825,
      32.32647,
      32.536125,
      34.63106,
      36.273396,
      39.683357,
      34.864925,
      31.802664,
      29.794436,
      29.083815,
      29.72144,
      30.744186,
      31.37047,
      30.400188,
      30.314062,
      33.83469,
      32.86347,
      32.163265,
      36.879265,
      36.847687,
      35.493187,
      31.766441,
      33.40856,
      32.962624,
      32.626625,
      32.65813,
      34.314438,
      33.666126,
      32.04694,
      30.72106,
      30.190199,
      31.189573,
      30.734999,
      34.57169,
      34.424267,
      32.258068,
      31.218315,
      31.41519,
      30.587002,
      30.538929,
      29.254267,
      30.79187,
      33.443,
      32.46425,
      28.803528,
      27.500235,
      27.685877,
      28.467625,
      32.25788,
      33.212116,
      33.502686,
      35.89727,
      34.24673,
      34.105537,
      31.317476,
      30.169117,
      30.70525,
      32.087,
      33.298687,
      32.094,
      34.161495,
      35.243187,
      34.573196,
      32.97025,
      29.64175,
      26.204065,
      26.183573,
      26.94,
      30.132668,
      28.832876,
      29.407064,
      29.332235,
      28.12678,
      26.930166,
      27.936167,
      29.79675,
      31.013245,
      29.568586,
      29.19294,
      30.495247,
      30.920816,
      29.474998,
      29.469885,
      30.106873,
      30.937664,
      31.202127,
      30.072117,
      30.065939,
      29.688564,
      30.323706,
      31.54506,
      32.727562,
      33.746532,
      32.426586,
      38.997173,
      40.298435
    ],
    "downlinkThroughputBps": [
      722099.75,
      826185.6,
      907865.5,
      705146.4,
      243974.28,
      373368.56,
      252731.98,
      1.3421001e+07,
      291755.78,
      2.1821285e+06,
      111476.21,
      59869.496,
      64894.273,
      445057.6,
      2.709101e+06,
      6.7211455e+06,
      8.176586e+06,
      5.4240405e+06,
      2.9228342e+06,
      33395.047,
      4.715186e+06,
      4.1136308e+06,
      8.700639e+06,
      1.910581e+06,
      4.936763e+06,
      2.4384592e+06,
      32673.629,
      32354.861,
      37220.254,
      527685.4,
      56698.6,
      44635.78,
      35945.184,
      37329.305,
      52311.36,
      76999.03,
      56497.273,
      242221.06,
      61563.992,
      52974.06,
      32782.68,
      57143.2,
      129276.836,
      93759.47,
      155491.23,
      2.8935665e+06,
      4.4980555e+06,
      79263.95,
      31314.674,
      177821.72,
      130308.63,
      150072.2,
      57738.79,
      39988.496,
      43411.047,
      0,
      0,
      0,
      0,
      0,
      0,
      0,
      0,
      0,
      0,
      0,
      0,
      0,
      0,
      0,
      0,
      0,
      0,
      0,
      0,
      0,
      0,
      0,
      0,
      0,
      0,
      0,
      0,
      0,
      0,
      0,
      0,
      0,
      0,
      0,
      0,
      0,
      0,
      0,
      0,
      11484.004,
      36985.37,
      536.8709,
      536.8709,
      263075.12,
      137313.12,
      402107.94,
      536.8709,
      536.8709,
      0,
      0,
      0,
      0,
      0,
      0,
      0,
      0,
      0,
      0,
      0,
      0,
      0,
      0,
      0,
      0,
      0,
      0,
      19839.059,
      19587.4,
      4294.9673,
      25568.477,
      61983.426,
      290740.75,
      8338.276,
      39485.18,
      7910.4575,
      61882.76,
      6710.886,
      19998.441,
      3925.8687,
      0,
      0,
      0,
      0,
      0,
      0,
      0,
      0,
      0,
      0,
      0,
      0,
      0,
      0,
      147949.88,
      0,
      0,
      3.377002e+06,
      102575.9,
      48167.387,
      144124.67,
      42035.316,
      78458.65,
      22624.076,
      29779.559,
      77384.91,
      17188.258,
      48226.105,
      33445.38,
      35836.133,
      28378.66,
      17163.092,
      19411.238,
      17507.025,
      13606.322,
      28210.889,
      22171.092,
      20149.436,
      33730.594,
      42412.8,
      22858.957,
      18362.662,
      16970.154,
      11995.709,
      0,
      164852.92,
      41087.402,
      16970.154,
      41271.953,
      19738.395,
      61396.223,
      111467.82,
      30962.352,
      23370.662,
      21399.34,
      50121.934,
      23630.709,
      514741.75,
      507896.66,
      636485.6,
      507275.9,
      72762.79,
      454528.34,
      184582.94,
      90437.586,
      109379.06,
      45793.41,
      96116.67,
      38889.586,
      37631.297,
      23110.615,
      65145.93,
      19461.57,
      331408.75,
      0,
      0,
      0,
      0,
      0,
      0,
      0,
      0,
      0,
      0,
      0,
      0,
      0,
      0,
      126298.88,
      126298.88,
      66337.11,
      111040.01,
      356255.78,
      401847.88,
      182578.05,
      74054.63,
      83223.38,
      42991.617,
      97324.63,
      83827.36,
      107256.74,
      116777.81,
      264736.1,
      84422.95,
      0,
      0,
      0,
      0,
      0,
      305940.94,
      381589.38,
      90580.19,
      113531.42,
      125527.13,
      32807.848,
      22481.469,
      20057.162,
      133160.77,
      20577.256,
      0,
      0,
      0,
      0,
      0,
      0,
      0,
      0,
      0,
      437524.62,
      437524.62,
      248210.52,
      141356.44,
      59802.387,
      39912.996,
      75413.586,
      41087.402,
      23571.988,
      26675.773,
      32111.592,
      41280.34,
      97408.516,
      37497.08,
      20233.322,
      21256.732,
      18530.436,
      19805.504,
      34603.008,
      55096.38,
      47982.836,
      99681.83,
      164097.95,
      89867.16,
      24947.72,
      22741.516,
      27623.686,
      23773.314,
      27967.62,
      20535.312,
      24813.502,
      49970.938,
      26759.66,
      42773.51,
      30576.477,
      23085.45,
      28496.102,
      20896.023,
      23345.496,
      24410.85,
      28546.434,
      52688.848,
      81369.5,
      53259.273,
      119135.01,
      508131.53,
      44073.746,
      71294.78,
      21139.293,
      48301.605,
      129687.88,
      26273.121,
      38193.332,
      18622.709,
      28370.271,
      40969.96,
      25727.861,
      19864.225,
      561055.25,
      85463.14,
      37941.676,
      127641.06,
      71202.51,
      35517.367,
      23655.875,
      34124.855,
      33277.61,
      51900.316,
      19713.229,
      26264.732,
      1.1755007e+07,
      1.4127154e+08,
      1.7836013e+08,
      1.9652222e+08,
      1.7782283e+08,
      2.0073158e+08,
      1.4743898e+08,
      1.7745616e+08,
      1.9776051e+08,
      1.8892195e+08,
      1.5544134e+08,
      1.4648715e+08,
      1.5508083e+08,
      1.5198254e+08,
      1.2017074e+08,
      1.8356086e+08,
      2.0881024e+08,
      1.6403899e+08,
      1.0831999e+08,
      1.3199915e+08,
      1.1189211e+08,
      1.741919e+08,
      1.3915994e+08,
      2.317806e+08,
      1.21414104e+08,
      9.414917e+07,
      4.2793956e+07,
      6.804063e+07,
      5.840165e+07,
      5.6573344e+07,
      5.41713e+07,
      4.3884684e+07,
      1.9007982e+07,
      3.9156404e+07,
      3.597747e+07,
      4.4282604e+07,
      5.0321508e+07,
      7.907369e+07,
      6.868922e+07,
      8.419881e+07,
      6.5431656e+07,
      1.23734504e+08,
      1.4966862e+08,
      1.6502997e+08,
      1.8537443e+08,
      1.4199043e+08,
      2.0569309e+08,
      2.1295925e+08,
      1.5367746e+08,
      1.3196015e+08,
      1.9236328e+08,
      1.833111e+08,
      1.9979229e+08,
      1.8125554e+08,
      4.9926244e+07,
      1.0950395e+08,
      1.6624973e+08,
      1.9049949e+08,
      1.546262e+08,
      1.9013448e+08,
      1.6628376e+08,
      1.7277554e+08,
      1.9319842e+08,
      1.7547448e+08,
      1.687897e+08,
      1.7695861e+08,
      2.0770928e+08,
      1.9035144e+08,
      1.4940312e+08,
      1.6184765e+08,
      2.364309e+07,
      7.22425e+07,
      4.9759144e+07,
      2.716332e+07,
      2.117392e+07,
      6.3101736e+07,
      1.4937108e+07,
      6.585642e+07,
      6.25653e+07,
      8.744115e+07,
      3.859486e+07,
      6.483296e+07,
      3.590144e+07,
      54718.89,
      3.0506716e+07,
      1.732011e+07,
      3.002849e+07,
      6.5815692e+07,
      8.473333e+07,
      7.952803e+07,
      1.8045658e+07,
      9.300349e+06,
      1.8240072e+07,
      2.0858308e+07,
      2.337942e+07,
      3.1307258e+07,
      4.3258104e+07,
      5.5074652e+07,
      6.473612e+07,
      2.251307e+07,
      2.7874002e+07,
      4.2139184e+07,
      6.5187696e+07,
      8.585905e+07,
      9.199099e+07,
      9.583373e+07,
      1.04282984e+08,
      1.0156626e+08,
      7.665887e+07,
      1.0648813e+08,
      1.0629472e+08,
      7.730123e+07,
      7.5767016e+07,
      6.917367e+07,
      8.305569e+07,
      6.64074e+07,
      9.734929e+07,
      8.265128e+07,
      7.110643e+07,
      9.290033e+07,
      1.0275692e+08,
      1.2813973e+08,
      9.48165e+07,
      9.698528e+07,
      7.74963e+07,
      6.7349256e+07,
      6.863131e+07,
      6.389525e+07,
      1.32313464e+08,
      1.1326955e+08,
      5.0386024e+07,
      5.120269e+07,
      1.086479e+08,
      1.1345534e+08,
      1.9174976e+08,
      1.1003111e+08,
      1.221083e+08,
      2.0125146e+08,
      1.1962723e+08,
      1.3179433e+08,
      8.912418e+06,
      128018.55,
      17137.926,
      21332.23,
      17465.082,
      398316.28,
      553044.1,
      376128.4,
      322953.03,
      214656.1,
      195681.06,
      226249.14,
      437533.03,
      374442.28,
      272554.25,
      527567.94,
      275960.03,
      445653.2,
      320486.78,
      240719.5,
      166505.48,
      444311,
      331970.78,
      400807.7,
      428834.03,
      268821.34,
      283006.47,
      302543.53,
      344578.84,
      228312.75,
      237229.83,
      361498.7,
      277319,
      256666.23,
      454561.88,
      227834.6,
      297208.38,
      242682.42,
      231223.6,
      150525.19,
      154711.1,
      175691,
      191763.58,
      149887.64,
      205160.19,
      196066.94,
      208792.45,
      266036.3,
      182477.39,
      220939.16,
      180212.47,
      285028.12,
      220628.78,
      203314.69,
      206720.47,
      194204.66,
      196259.88,
      183760.84,
      180707.39,
      202459.05,
      205252.45,
      170683,
      161472.31,
      203063.03,
      205118.25,
      138336.53,
      213624.3,
      187435.06,
      178970.95,
      166815.86,
      145341.02,
      494642.66,
      541241.4,
      478721.1,
      498425.9,
      404121.2,
      237238.22,
      1.00966125e+06,
      591858.25,
      495766.72,
      513491.88,
      777221.3,
      559109.1,
      409154.34,
      497469.62,
      445485.4,
      417031.25,
      429110.84,
      703921.6,
      272898.2,
      486950.3,
      305865.44,
      466339.5,
      398299.5,
      343010.2,
      275507.06,
      195630.73,
      195320.34,
      285246.22,
      301864.06,
      312643.4,
      293903.28,
      531191.8,
      360072.62,
      234209.94,
      317609.47,
      298449.9,
      371028.12,
      386605.78,
      344377.53,
      272009,
      465081.22,
      428288.78,
      382478.6,
      294071.03,
      314044.3,
      316628,
      270692,
      279198.03,
      225712.28,
      251968.62,
      197786.6,
      187175.02,
      315931.75,
      175816.83,
      198415.75,
      233530.45,
      57914.95,
      36297.508,
      21105.738,
      22657.63,
      54341.402,
      67050.14,
      33386.66,
      26549.943,
      25736.25,
      61924.703,
      38637.93,
      42295.363,
      35928.406,
      34032.582,
      28286.387,
      119160.18,
      22456.303,
      26650.607,
      28781.314,
      24981.275,
      31440.502,
      37622.906,
      25467.814,
      97576.29,
      29628.562,
      23857.201,
      60674.8,
      28118.613,
      55197.04,
      28974.252,
      55230.594,
      48603.594,
      66261.62,
      37362.86,
      59877.883,
      64416.12,
      63854.086,
      25031.605,
      24318.574,
      34158.41,
      79012.3,
      58627.98,
      34259.074,
      20250.1,
      27976.008,
      35508.977,
      43142.61,
      25610.42,
      22707.96,
      20703.084,
      25081.938,
      26038.238,
      64449.676,
      165943.44,
      24486.348,
      58535.707,
      31717.326,
      17507.025,
      22682.797,
      93667.195,
      747064.25,
      1.2710578e+08,
      9.731022e+07,
      9.825545e+07,
      4.4965388e+07,
      5.7118284e+07,
      1.5833933e+08,
      2.4096024e+07,
      8.28416e+07,
      8.089474e+07,
      6.5345636e+07,
      1.26328024e+08,
      1.42252e+08,
      7.050655e+07,
      2.2723829e+08,
      1.9128598e+08,
      6.4252644e+07,
      1.1784608e+08,
      2.1557402e+08,
      1.574568e+08,
      1.7207098e+08,
      1.4743083e+08,
      2.1638475e+08,
      1.7096611e+08,
      2.8604496e+08,
      2.1019813e+08,
      2.0493936e+08,
      1.3674163e+08,
      1.23439544e+08,
      3.7550932e+06,
      3.506567e+07,
      1.8434909e+08,
      6.264558e+07,
      7.538443e+07,
      5.0593625e+06,
      1.6287145e+07,
      1.4730728e+08,
      1.7798578e+08,
      2.0030365e+08,
      1.2130995e+08,
      2.4542486e+08,
      2.332827e+08,
      3.3053466e+08,
      6.90333e+07,
      6.334921e+07,
      0,
      2.3838421e+08,
      1.8870144e+08,
      1.3050334e+08,
      2.060648e+08,
      2.8875635e+08,
      8.7078824e+07,
      1.2954287e+08,
      2.4975874e+08,
      9.160368e+07,
      4.0332756e+07,
      1.488204e+08,
      1.7510611e+08,
      1.6111483e+08,
      1.3772331e+08,
      5.6871868e+07,
      5.9698148e+07,
      3.0588212e+07,
      1.5910307e+08,
      2.4713542e+08,
      2.1686254e+07,
      1.4439498e+08,
      1.0774964e+08,
      8.0904824e+07,
      1.3835405e+08,
      1.1036078e+08,
      1.3965329e+07,
      1.3372384e+08,
      5.4545732e+07,
      2.611226e+07,
      1.908212e+08,
      1.8672896e+08,
      2.466883e+08,
      7.27389e+07,
      2.4868312e+08,
      2.4774293e+08,
      2.437406e+08,
      1.803796e+08,
      1.830072e+08,
      1.0106666e+08,
      2.957734e+08,
      5.2345184e+07,
      1.8223982e+08,
      2.276709e+08,
      1.6325634e+08,
      8.0484376e+07,
      1.4783066e+08,
      9.406775e+07,
      1.2717524e+08,
      9.704866e+07,
      9.9972584e+07,
      1.0436378e+08,
      9.28363e+07,
      1.7160368e+08,
      1.34005144e+08,
      1.1152259e+08,
      8.974033e+07,
      2.3087722e+07,
      7.7525304e+07,
      5.1818445e+06,
      1.0135745e+07,
      6.844836e+07,
      1.9848366e+08,
      2.5206298e+08,
      2.543762e+08,
      3.2798854e+08,
      1.439547e+08,
      1.3844643e+08,
      9.9814e+07,
      4.1364644e+07,
      1.5757038e+08,
      2.1240544e+08,
      1.9012691e+08,
      1.1064676e+08,
      4.4373204e+07,
      2.207932e+07,
      1.46615e+07,
      174441.11,
      586179.1,
      350593.47,
      89632.27,
      53921.973,
      77619.79,
      81537.27,
      38394.66,
      44610.617,
      295723.6,
      94715.77,
      253369.52,
      77577.84,
      136432.33,
      32975.617,
      48519.707,
      24788.336,
      69801.61,
      18933.088,
      71177.336,
      32153.535,
      27858.566,
      30584.865,
      45130.71,
      32254.197,
      33839.645,
      272151.6,
      32849.79,
      375448.94,
      728022.1,
      1.4040516e+06,
      7.9532055e+06,
      1.0534213e+07,
      623013.5,
      4.803493e+06,
      1.0432627e+07,
      3.800375e+06,
      4.421954e+06,
      6.190239e+06,
      3.6593122e+06,
      882179.56,
      647751.56,
      359804.2,
      2.9128688e+06,
      6.1330705e+06,
      236726.52,
      92903.836,
      108758.305,
      2.4978842e+06,
      6.046081e+06,
      4.6446295e+06,
      7.9221175e+06,
      196360.53,
      76327.945,
      2.5503885e+06,
      1.600512e+07,
      1.3722001e+06,
      1.337051e+07,
      1.0501346e+07,
      9.177489e+06,
      211611.03,
      324186.16,
      4.5999685e+06,
      4.4350235e+06,
      1.9782939e+06,
      1.5626173e+07,
      325930.97,
      4.6529175e+06,
      297434.88,
      48452.6,
      46011.516,
      170162.9,
      63954.746,
      93247.766,
      98071.22,
      463009.22,
      208230.42,
      256573.97,
      7.2394525e+06,
      302400.94,
      1.1119419e+07,
      153746.4,
      179935.64,
      1.7198576e+06,
      182083.12,
      672003,
      101216.945,
      7.9179905e+06,
      5.4081355e+06,
      38939.918,
      2.717716e+06,
      49299.848,
      139619.98,
      3.3293378e+06,
      8.019895e+06,
      1.4270112e+06,
      33109.836,
      157210.9,
      56103.01,
      127456.51,
      254762.03,
      6.091564e+06,
      1.5200074e+06,
      1.00038344e+06,
      783512.75,
      801405.7,
      1.8651819e+06,
      3.1562725e+06,
      1.3365066e+06,
      1.02076775e+06,
      364359.2,
      763396.9,
      834138,
      1.154348e+06,
      528775.9,
      513122.75,
      659436.9,
      660376.4
    ],
    "uplinkThroughputBps": [
      3.2463037e+08,
      3.2538707e+08,
      3.2381686e+08,
      3.2291485e+08,
      3.255934e+08,
      3.2188086e+08,
      2.9184733e+08,
      843910.75,
      149812.16,
      215947.94,
      127557.17,
      81067.51,
      72888.62,
      89103.8,
      268368.34,
      373033,
      232616.1,
      106761.81,
      181999.23,
      114378.67,
      127162.91,
      251616.3,
      118438.76,
      115351.75,
      85437.97,
      131550.16,
      75623.305,
      95202.31,
      84968.21,
      64416.12,
      57369.69,
      95286.195,
      77552.68,
      100378.086,
      60574.137,
      63745.03,
      81705.04,
      167965.1,
      75463.914,
      89154.125,
      81671.484,
      69549.945,
      95110.04,
      167252.06,
      117591.51,
      225217.34,
      518801.84,
      89271.56,
      39510.344,
      139536.11,
      148604.19,
      171890.97,
      76713.82,
      68207.77,
      52370.08,
      74692.164,
      73870.086,
      67939.336,
      65296.926,
      74205.625,
      67301.805,
      62830.676,
      72460.8,
      62058.92,
      71571.6,
      78299.266,
      71915.54,
      59995.324,
      112398.96,
      80354.48,
      74339.84,
      73358.375,
      67897.39,
      72452.41,
      71521.27,
      70967.625,
      72938.945,
      74214.016,
      66890.76,
      66781.71,
      69373.79,
      68929.195,
      71638.71,
      95437.195,
      77695.29,
      59450.066,
      72796.34,
      65070.434,
      63308.824,
      63711.477,
      92568.29,
      68836.914,
      92610.234,
      66496.49,
      86192.945,
      73761.03,
      96603.21,
      63854.086,
      70464.305,
      70850.18,
      65087.21,
      74927.05,
      88407.54,
      69960.99,
      78760.64,
      64357.402,
      85765.125,
      71429,
      90966.06,
      64458.062,
      99581.164,
      99757.33,
      87853.89,
      61295.56,
      93390.375,
      94204.07,
      76537.66,
      88155.88,
      93180.66,
      65028.49,
      102953.38,
      69029.85,
      61689.824,
      70355.26,
      60968.402,
      99270.79,
      70657.24,
      67251.47,
      73006.055,
      65011.71,
      91502.94,
      70791.46,
      64273.516,
      87753.23,
      72544.68,
      67645.734,
      94489.28,
      99237.234,
      66211.28,
      64164.46,
      99287.56,
      97005.86,
      74272.734,
      83634.42,
      64877.496,
      71210.89,
      95311.37,
      86805.31,
      67326.97,
      56480.496,
      103800.63,
      67217.914,
      82929.78,
      68224.55,
      50381.98,
      42228.254,
      97584.68,
      75287.76,
      65548.586,
      67016.586,
      68467.82,
      65825.41,
      90261.42,
      97442.07,
      72485.96,
      96057.95,
      77946.945,
      94027.91,
      69700.945,
      67226.305,
      68887.25,
      80908.125,
      67872.23,
      74012.69,
      66311.945,
      75505.86,
      86729.82,
      59743.668,
      92509.57,
      73987.52,
      68232.94,
      68375.55,
      91955.92,
      67184.36,
      74952.21,
      66035.125,
      62067.312,
      72402.08,
      65892.516,
      91704.266,
      78878.08,
      73559.7,
      549177,
      293483.84,
      384978.38,
      180405.4,
      123497.086,
      227490.66,
      223078.25,
      93566.53,
      86452.99,
      77334.58,
      141473.88,
      92442.46,
      57294.19,
      43763.367,
      78223.77,
      92148.86,
      77435.24,
      87098.914,
      67838.67,
      47269.805,
      61077.453,
      65951.234,
      106786.98,
      95160.37,
      64323.848,
      75279.37,
      66303.555,
      96200.555,
      80471.914,
      101921.586,
      56639.883,
      25803.357,
      25803.357,
      35534.145,
      194951.25,
      125132.87,
      49098.523,
      71152.17,
      63124.273,
      66395.836,
      111551.71,
      85521.86,
      115477.58,
      95193.92,
      74641.836,
      131155.89,
      86276.836,
      133689.25,
      71202.51,
      43402.656,
      71202.51,
      84389.4,
      121676.76,
      171379.27,
      54978.938,
      62109.254,
      53133.44,
      71982.65,
      108078.83,
      84062.24,
      84674.61,
      85798.68,
      103532.2,
      103448.31,
      147966.66,
      103179.875,
      64047.023,
      61916.316,
      50088.38,
      53049.56,
      98691.98,
      87040.195,
      87040.195,
      110847.06,
      179482.66,
      100839.45,
      111140.664,
      65464.695,
      85664.47,
      106493.375,
      78408.32,
      72058.14,
      108842.19,
      75338.086,
      52932.117,
      68853.695,
      57386.47,
      96477.38,
      70715.97,
      104958.266,
      71991.03,
      53016.004,
      76822.875,
      256968.23,
      87937.78,
      90462.75,
      54341.402,
      51246.008,
      52688.848,
      77863.06,
      67209.52,
      109496.5,
      87283.47,
      66186.12,
      60876.13,
      56279.17,
      75841.41,
      92190.805,
      57470.35,
      84565.555,
      50239.375,
      97970.555,
      111476.21,
      91460.99,
      41540.387,
      50356.812,
      301704.7,
      68216.164,
      113355.26,
      10661.921,
      24570.232,
      33822.867,
      18270.389,
      20728.25,
      15904.801,
      11794.383,
      10460.594,
      49501.176,
      64432.9,
      68459.43,
      160994.17,
      70749.52,
      200420.62,
      76411.83,
      60624.47,
      73551.31,
      91024.79,
      70917.29,
      335896.66,
      75631.69,
      114814.875,
      140618.23,
      338455.16,
      399977.22,
      418331.5,
      350635.44,
      446181.66,
      397737.47,
      443463.75,
      457665.7,
      456440.94,
      354905.22,
      411670.94,
      401319.4,
      594559.4,
      375851.6,
      394465.9,
      456541.6,
      392712.7,
      335309.44,
      343152.78,
      381237.06,
      389986.38,
      419589.78,
      439613.4,
      344620.78,
      459905.44,
      383359.38,
      363822.3,
      396823.1,
      293441.9,
      259602.25,
      280917.72,
      485448.75,
      243395.47,
      393375.38,
      297971.75,
      467732,
      346474.7,
      358327.78,
      308667.22,
      350987.75,
      347623.9,
      357480.53,
      379408.34,
      398937.03,
      294020.72,
      410353.94,
      349570.06,
      324748.2,
      299297.16,
      365911.1,
      343245.06,
      353084.9,
      428490.1,
      237196.28,
      314463.75,
      375960.62,
      386421.22,
      346768.28,
      387973.12,
      357304.38,
      355769.25,
      329387.1,
      341852.56,
      347246.44,
      323859,
      364518.56,
      363713.28,
      373972.53,
      367513.3,
      163015.81,
      331551.34,
      285153.94,
      553690.06,
      360517.22,
      309472.53,
      281840.44,
      373494.38,
      321292.06,
      336467.06,
      464384.94,
      291437.03,
      197677.55,
      84179.68,
      169919.64,
      253612.78,
      399650.06,
      293039.25,
      419614.94,
      407250.16,
      370482.88,
      421116.5,
      387796.97,
      382906.4,
      320780.38,
      345677.75,
      269047.8,
      421317.84,
      338681.66,
      268963.94,
      421569.5,
      314807.7,
      318792.28,
      384114.38,
      347632.3,
      323783.5,
      323993.22,
      322466.47,
      340913.03,
      348253.06,
      368654.16,
      345912.62,
      668362.3,
      308121.97,
      348345.34,
      535520.4,
      579778.6,
      448647.9,
      423884.75,
      529858.06,
      356994,
      407946.4,
      346827,
      346843.78,
      356146.75,
      447247.03,
      354225.75,
      305479.56,
      381899.78,
      384626.06,
      234000.22,
      342406.2,
      385230.03,
      306972.72,
      437650.47,
      500565.03,
      410362.3,
      421082.97,
      1.00523206e+06,
      1.408808e+06,
      885140.75,
      303659.22,
      69650.61,
      109018.35,
      67326.97,
      1.1032261e+07,
      1.4982331e+07,
      1.0478261e+07,
      8.863697e+06,
      5.602785e+06,
      5.0302705e+06,
      5.4451125e+06,
      1.1833163e+07,
      9.200466e+06,
      7.771819e+06,
      1.3724945e+07,
      7.870964e+06,
      1.1635343e+07,
      8.41848e+06,
      6.056575e+06,
      3.9474358e+06,
      9.851162e+06,
      9.353466e+06,
      1.1221391e+07,
      8.480832e+06,
      6.91275e+06,
      7.726e+06,
      8.061964e+06,
      9.456243e+06,
      5.6284625e+06,
      6.13448e+06,
      9.087421e+06,
      6.053681e+06,
      6.4709305e+06,
      1.1267327e+07,
      5.2968605e+06,
      6.0104795e+06,
      3.6360422e+06,
      3.0228935e+06,
      2.462761e+06,
      2.269798e+06,
      2.139548e+06,
      2.4678445e+06,
      2.1255055e+06,
      3.205866e+06,
      3.4254712e+06,
      4.2801195e+06,
      3.7662332e+06,
      3.7609988e+06,
      3.3214945e+06,
      2.7730305e+06,
      5.0763325e+06,
      3.7892768e+06,
      3.6914152e+06,
      3.8392058e+06,
      3.4997188e+06,
      3.429003e+06,
      3.3394712e+06,
      2.8599282e+06,
      3.276431e+06,
      3.0738378e+06,
      2.576754e+06,
      2.8040432e+06,
      3.6685565e+06,
      3.668179e+06,
      2.0401598e+06,
      3.6033432e+06,
      3.1266942e+06,
      3.2643262e+06,
      3.3270562e+06,
      2.8978448e+06,
      1.2796863e+07,
      1.44921e+07,
      1.1508944e+07,
      1.3917883e+07,
      6.3353955e+06,
      4.806077e+06,
      9.730064e+06,
      1.1301057e+07,
      1.2945593e+07,
      1.5069631e+07,
      1.7881442e+07,
      1.3120488e+07,
      1.3989422e+07,
      1.4990384e+07,
      1.342866e+07,
      1.5268743e+07,
      1.3533744e+07,
      1.0733971e+07,
      8.505612e+06,
      9.047969e+06,
      1.1199891e+07,
      1.2684817e+07,
      1.3645556e+07,
      1.1423699e+07,
      8.603667e+06,
      7.39257e+06,
      5.3296015e+06,
      9.021839e+06,
      1.0319968e+07,
      8.363895e+06,
      5.901461e+06,
      8.726963e+06,
      1.0367531e+07,
      7.018631e+06,
      1.3480795e+07,
      9.368683e+06,
      1.1414874e+07,
      1.1524362e+07,
      1.0337458e+07,
      1.093367e+07,
      1.5051772e+07,
      1.4910407e+07,
      9.699445e+06,
      9.112234e+06,
      1.173573e+07,
      1.1238411e+07,
      7.853985e+06,
      1.0444136e+07,
      6.9449875e+06,
      6.1502e+06,
      5.0096685e+06,
      5.729805e+06,
      1.0353681e+07,
      6.182924e+06,
      5.786512e+06,
      6.8148215e+06,
      461239.22,
      70120.375,
      72125.25,
      72116.86,
      111971.14,
      77712.06,
      71714.21,
      50700.746,
      51606.715,
      51782.88,
      79104.57,
      85429.586,
      59936.605,
      65615.695,
      58133.055,
      67729.62,
      74272.734,
      92778.01,
      62620.957,
      53016.004,
      60129.543,
      55834.574,
      99941.875,
      90697.63,
      84724.94,
      52101.645,
      88130.72,
      49937.383,
      97190.414,
      88944.414,
      736855.3,
      58955.137,
      45290.094,
      75866.57,
      103389.59,
      87434.46,
      59190.02,
      58325.992,
      48821.7,
      53963.914,
      85555.414,
      82367.74,
      66102.234,
      43511.71,
      62922.95,
      56044.29,
      89657.445,
      97576.29,
      51355.06,
      60800.63,
      46254.785,
      65053.656,
      85245.03,
      76051.12,
      77863.06,
      68912.414,
      58661.535,
      49786.387,
      73316.44,
      85622.52,
      70388.81,
      41481.668,
      56748.934,
      54962.16,
      92073.36,
      79616.28,
      62973.28,
      62797.12,
      66790.09,
      53712.258,
      72855.06,
      70195.875,
      58888.027,
      66236.445,
      85060.484,
      64625.836,
      89380.62,
      65615.695,
      63216.55,
      63753.42,
      51556.387,
      49081.746,
      64223.184,
      59240.35,
      72007.81,
      63224.938,
      94355.06,
      80295.76,
      85538.63,
      82619.4,
      85714.8,
      79071.016,
      77384.91,
      60246.984,
      78056,
      62939.727,
      76453.77,
      85706.41,
      27556.578,
      73895.25,
      64449.676,
      68937.58,
      77930.17,
      50314.87,
      77376.52,
      0,
      65565.36,
      82720.06,
      78727.086,
      111853.695,
      150105.75,
      122045.86,
      88080.38,
      91200.945,
      66286.78,
      90202.7,
      86025.17,
      81444.99,
      66488.11,
      71689.05,
      65942.84,
      71328.336,
      72469.19,
      92023.03,
      170783.67,
      72964.11,
      209941.69,
      74071.41,
      73928.805,
      93491.04,
      79960.21,
      66915.93,
      102122.914,
      74197.234,
      94397.01,
      89976.21,
      78819.36,
      59609.45,
      81277.23,
      66882.375,
      99178.516,
      76747.375,
      107516.79,
      90118.81,
      87677.734,
      62453.188,
      70162.32,
      59953.383,
      81746.984,
      94120.18,
      62058.92,
      68660.76,
      80555.805,
      94170.516,
      168787.19,
      62721.62,
      99337.9,
      74708.945,
      181302.98,
      74289.516,
      91880.42,
      56472.11,
      109244.84,
      83827.36,
      90991.234,
      94690.61,
      64407.73,
      103456.7,
      60414.754,
      90513.08,
      45600.473,
      82107.695,
      86067.12,
      76118.23,
      92165.63,
      126198.22,
      206837.9,
      81486.94,
      84028.69,
      78123.11,
      87702.9,
      73735.87,
      125141.26,
      227373.22,
      83626.03,
      75858.18,
      2.9970172e+07,
      3.1225034e+08,
      3.2466922e+08,
      3.3667805e+08,
      3.2632026e+08,
      3.2386214e+08,
      3.2472877e+08,
      3.2630694e+08,
      3.2363178e+08,
      3.2009674e+08,
      3.2718458e+08,
      3.2329965e+08,
      3.251275e+08,
      3.2450198e+08,
      3.2379984e+08,
      3.2387264e+08,
      3.226491e+08,
      3.2638998e+08,
      3.1348362e+08,
      3.3136077e+08,
      3.2362365e+08,
      3.272056e+08,
      3.1980285e+08,
      3.2707056e+08,
      3.2278925e+08,
      3.2705338e+08,
      3.2302093e+08,
      3.2332067e+08,
      3.2602022e+08,
      3.2298288e+08,
      3.2317306e+08,
      3.295244e+08,
      3.1963456e+08,
      3.2877558e+08,
      3.2200774e+08,
      3.226002e+08,
      3.2702778e+08,
      3.2521107e+08,
      3.197024e+08,
      3.2630227e+08,
      3.2425466e+08,
      3.2631155e+08,
      3.2020714e+08,
      3.2139917e+08,
      3.2563622e+08,
      3.2934618e+08,
      3.2421024e+08,
      3.2292736e+08,
      3.2525184e+08,
      3.2403142e+08,
      3.246403e+08,
      3.2557456e+08,
      3.2015722e+08,
      3.2760102e+08,
      3.2320867e+08,
      3.23706e+08,
      3.237343e+08,
      3.2121325e+08,
      3.3040826e+08,
      3.2374477e+08,
      3.215692e+08,
      3.282684e+08,
      3.192541e+08,
      3.2741862e+08,
      3.236324e+08,
      3.1903206e+08,
      3.283473e+08,
      3.2585338e+08,
      3.2422294e+08,
      3.2125482e+08,
      3.1993136e+08,
      3.2607392e+08,
      3.2768384e+08,
      3.2385866e+08,
      3.2331696e+08,
      3.2801923e+08,
      3.232682e+08,
      3.2560227e+08,
      3.242925e+08,
      3.2197738e+08,
      3.2761098e+08,
      3.2367165e+08,
      3.2083232e+08,
      3.2475683e+08,
      3.283914e+08,
      3.2232093e+08,
      3.2368886e+08,
      3.209399e+08,
      3.257737e+08,
      3.2700096e+08,
      3.2198355e+08,
      3.25628e+08,
      3.208764e+08,
      3.2681632e+08,
      3.2504307e+08,
      3.2290704e+08,
      3.2539264e+08,
      3.2447142e+08,
      3.1912544e+08,
      3.3278813e+08,
      3.2154736e+08,
      3.2701328e+08,
      3.2393754e+08,
      3.2417507e+08,
      3.2453802e+08,
      3.2637366e+08,
      3.2198064e+08,
      3.2733133e+08,
      2.3764998e+08,
      3.6122787e+08,
      3.6774422e+08,
      3.2858762e+08,
      3.2513965e+08,
      3.2590656e+08
    ],
    "outages": [
      {
        "cause": "BOOTING",
        "startTimestampNs": "1400970156520785287",
        "durationNs": "133600008075",
        "didSwitch": false
      },
      {
        "cause": "NO_SCHEDULE",
        "startTimestampNs": "1400970290180797399",
        "durationNs": "6979865261",
        "didSwitch": false
      },
      {
        "cause": "NO_PINGS",
        "startTimestampNs": "1400970297940817702",
        "durationNs": "3219870768",
        "didSwitch": false
      },
      {
        "cause": "NO_DOWNLINK",
        "startTimestampNs": "1400970301220637853",
        "durationNs": "10899962828",
        "didSwitch": false
      },
      {
        "cause": "NO_SCHEDULE",
        "startTimestampNs": "1400970312240634217",
        "durationNs": "3899895714",
        "didSwitch": false
      },
      {
        "cause": "NO_SCHEDULE",
        "startTimestampNs": "1400970316500773873",
        "durationNs": "1479951127",
        "didSwitch": false
      },
      {
        "cause": "NO_DOWNLINK",
        "startTimestampNs": "1400970330000721182",
        "durationNs": "9119922071",
        "didSwitch": false
      },
      {
        "cause": "NO_SCHEDULE",
        "startTimestampNs": "1400970340080574191",
        "durationNs": "6060011014",
        "didSwitch": false
      },
      {
        "cause": "NO_DOWNLINK",
        "startTimestampNs": "1400970347000569741",
        "durationNs": "820223456",
        "didSwitch": false
      },
      {
        "cause": "NO_DOWNLINK",
        "startTimestampNs": "1400970375040840269",
        "durationNs": "1659986441",
        "didSwitch": false
      },
      {
        "cause": "NO_DOWNLINK",
        "startTimestampNs": "1400970405000792490",
        "durationNs": "3179810033",
        "didSwitch": false
      },
      {
        "cause": "NO_SCHEDULE",
        "startTimestampNs": "1400970408960609239",
        "durationNs": "11540116383",
        "didSwitch": false
      },
      {
        "cause": "NO_DOWNLINK",
        "startTimestampNs": "1400970435160794302",
        "durationNs": "5859922281",
        "didSwitch": false
      },
      {
        "cause": "NO_DOWNLINK",
        "startTimestampNs": "1400970450000748570",
        "durationNs": "7160008520",
        "didSwitch": false
      },
      {
        "cause": "NO_SCHEDULE",
        "startTimestampNs": "1400970457940666612",
        "durationNs": "2900096740",
        "didSwitch": false
      },
      {
        "cause": "NO_DOWNLINK",
        "startTimestampNs": "1400970740320700139",
        "durationNs": "399977271",
        "didSwitch": true
      },
      {
        "cause": "NO_DOWNLINK",
        "startTimestampNs": "1400970826520741853",
        "durationNs": "599999338",
        "didSwitch": true
      }
    ]
  }
}
End time: 1716935934267
