Start time: 1716837147672
[2024-05-27 15:12:28.469683] nuttcp-r: v8.1.4: socket
[2024-05-27 15:12:28.470826] nuttcp-r: buflen=65536, nstream=1, port=5001 tcp
[2024-05-27 15:12:28.470965] nuttcp-r: interval reporting every 0.50 seconds
[2024-05-27 15:12:28.471079] nuttcp-r: connect to 35.245.244.238 with RTT=50.791 ms af=inet
[2024-05-27 15:12:28.471195] nuttcp-r: send window size = 1048576, receive window size = 4194304
[2024-05-27 15:12:28.471301] nuttcp-r: available send window = 786432, available receive window = 3145728
[2024-05-27 15:12:28.471407]     0.8750 MB /   0.50 sec =   14.6767 Mbps     0 retrans     13 KB-cwnd
[2024-05-27 15:12:28.969638]     9.0000 MB /   0.50 sec =  151.0049 Mbps     0 retrans     13 KB-cwnd
[2024-05-27 15:12:29.469616]     9.5000 MB /   0.50 sec =  159.3950 Mbps     0 retrans     13 KB-cwnd
[2024-05-27 15:12:29.969592]     8.8750 MB /   0.50 sec =  148.8978 Mbps     0 retrans     13 KB-cwnd
[2024-05-27 15:12:30.469871]     8.8125 MB /   0.50 sec =  147.8309 Mbps     0 retrans     13 KB-cwnd
[2024-05-27 15:12:30.969604]     9.0625 MB /   0.50 sec =  152.0612 Mbps     0 retrans     13 KB-cwnd
[2024-05-27 15:12:31.469594]     7.3750 MB /   0.50 sec =  123.7327 Mbps     0 retrans     13 KB-cwnd
[2024-05-27 15:12:31.969602]     8.1875 MB /   0.50 sec =  137.3637 Mbps     0 retrans     13 KB-cwnd
[2024-05-27 15:12:32.469579]     9.5000 MB /   0.50 sec =  159.3848 Mbps     0 retrans     13 KB-cwnd
[2024-05-27 15:12:32.969629]     7.8125 MB /   0.50 sec =  131.0581 Mbps     0 retrans     13 KB-cwnd
[2024-05-27 15:12:33.469553]     9.3125 MB /   0.50 sec =  156.2550 Mbps     0 retrans     13 KB-cwnd
[2024-05-27 15:12:33.969558]     7.9375 MB /   0.50 sec =  133.1678 Mbps     0 retrans     13 KB-cwnd
[2024-05-27 15:12:34.469578]     7.0625 MB /   0.50 sec =  118.4884 Mbps     0 retrans     13 KB-cwnd
[2024-05-27 15:12:34.969569]     7.9375 MB /   0.50 sec =  133.1686 Mbps     0 retrans     13 KB-cwnd
[2024-05-27 15:12:35.469624]     6.8750 MB /   0.50 sec =  115.3323 Mbps     0 retrans     13 KB-cwnd
[2024-05-27 15:12:35.969619]     7.1875 MB /   0.50 sec =  120.5853 Mbps     0 retrans     13 KB-cwnd
[2024-05-27 15:12:36.469523]     6.8125 MB /   0.50 sec =  114.3067 Mbps     0 retrans     13 KB-cwnd
[2024-05-27 15:12:36.969601]     6.9375 MB /   0.50 sec =  116.3884 Mbps     0 retrans     13 KB-cwnd
[2024-05-27 15:12:37.469573]     6.3750 MB /   0.50 sec =  106.9584 Mbps     0 retrans     13 KB-cwnd
[2024-05-27 15:12:37.969569]     7.8125 MB /   0.50 sec =  131.0733 Mbps     0 retrans     13 KB-cwnd
[2024-05-27 15:12:38.469573]     6.7500 MB /   0.50 sec =  113.2451 Mbps     0 retrans     13 KB-cwnd
[2024-05-27 15:12:38.969698]     2.2500 MB /   0.50 sec =   37.7488 Mbps     0 retrans     13 KB-cwnd
[2024-05-27 15:12:39.469595]     5.6250 MB /   0.50 sec =   94.3709 Mbps     0 retrans     13 KB-cwnd
[2024-05-27 15:12:39.969620]     6.9375 MB /   0.50 sec =  116.3805 Mbps     0 retrans     13 KB-cwnd
[2024-05-27 15:12:40.469587]     6.5000 MB /   0.50 sec =  109.0624 Mbps     0 retrans     13 KB-cwnd
[2024-05-27 15:12:40.969562]     6.1250 MB /   0.50 sec =  102.7627 Mbps     0 retrans     13 KB-cwnd
[2024-05-27 15:12:41.469588]     6.1875 MB /   0.50 sec =  103.8072 Mbps     0 retrans     13 KB-cwnd
[2024-05-27 15:12:41.969551]     6.6875 MB /   0.50 sec =  112.1934 Mbps     0 retrans     17 KB-cwnd
[2024-05-27 15:12:42.469615]     7.0000 MB /   0.50 sec =  117.4407 Mbps     0 retrans     17 KB-cwnd
[2024-05-27 15:12:42.969607]     7.1250 MB /   0.50 sec =  119.5317 Mbps     0 retrans     17 KB-cwnd
[2024-05-27 15:12:43.469479]     7.8125 MB /   0.50 sec =  131.0927 Mbps     0 retrans     17 KB-cwnd
[2024-05-27 15:12:43.969578]     6.4375 MB /   0.50 sec =  107.9964 Mbps     0 retrans     17 KB-cwnd
[2024-05-27 15:12:44.469576]     7.5000 MB /   0.50 sec =  125.8294 Mbps     0 retrans     17 KB-cwnd
[2024-05-27 15:12:44.969601]     7.6875 MB /   0.50 sec =  128.9728 Mbps     0 retrans     17 KB-cwnd
[2024-05-27 15:12:45.469641]     6.3125 MB /   0.50 sec =  105.8966 Mbps     0 retrans     17 KB-cwnd
[2024-05-27 15:12:45.969563]     7.3125 MB /   0.50 sec =  122.6966 Mbps     0 retrans     26 KB-cwnd
[2024-05-27 15:12:46.469594]     9.5625 MB /   0.50 sec =  160.4283 Mbps     0 retrans     26 KB-cwnd
[2024-05-27 15:12:46.969679]     8.1875 MB /   0.50 sec =  137.3462 Mbps     0 retrans     26 KB-cwnd
[2024-05-27 15:12:47.469500]     8.7500 MB /   0.50 sec =  146.8300 Mbps     0 retrans     26 KB-cwnd
[2024-05-27 15:12:47.969634]     8.1250 MB /   0.50 sec =  136.2936 Mbps     0 retrans     26 KB-cwnd
[2024-05-27 15:12:48.469586]     7.3125 MB /   0.50 sec =  122.6954 Mbps     0 retrans     26 KB-cwnd
[2024-05-27 15:12:48.969745]     7.8125 MB /   0.50 sec =  131.0738 Mbps     0 retrans     26 KB-cwnd
[2024-05-27 15:12:49.469647]     6.7500 MB /   0.50 sec =  113.2333 Mbps     0 retrans     26 KB-cwnd
[2024-05-27 15:12:49.969570]     4.0625 MB /   0.50 sec =   68.1648 Mbps     0 retrans     26 KB-cwnd
[2024-05-27 15:12:50.469584]     5.1250 MB /   0.50 sec =   85.9824 Mbps     0 retrans     26 KB-cwnd
[2024-05-27 15:12:50.969571]     5.3125 MB /   0.50 sec =   89.1293 Mbps     0 retrans     26 KB-cwnd
[2024-05-27 15:12:51.469587]     5.0000 MB /   0.50 sec =   83.8864 Mbps     0 retrans     26 KB-cwnd
[2024-05-27 15:12:51.969585]     5.3125 MB /   0.50 sec =   89.1279 Mbps     0 retrans     26 KB-cwnd
[2024-05-27 15:12:52.469650]     4.9375 MB /   0.50 sec =   82.8297 Mbps     0 retrans     26 KB-cwnd
[2024-05-27 15:12:52.969524]     5.3125 MB /   0.50 sec =   89.1409 Mbps     0 retrans     26 KB-cwnd
[2024-05-27 15:12:53.469573]     4.9375 MB /   0.50 sec =   82.8350 Mbps     0 retrans     26 KB-cwnd
[2024-05-27 15:12:53.969571]     6.5000 MB /   0.50 sec =  109.0526 Mbps     0 retrans     29 KB-cwnd
[2024-05-27 15:12:54.469594]     5.9375 MB /   0.50 sec =   99.6133 Mbps     0 retrans     29 KB-cwnd
[2024-05-27 15:12:54.969585]     6.6875 MB /   0.50 sec =  112.1994 Mbps     0 retrans     29 KB-cwnd
[2024-05-27 15:12:55.469583]     6.4375 MB /   0.50 sec =  108.0025 Mbps     0 retrans     29 KB-cwnd
[2024-05-27 15:12:55.969573]     7.6250 MB /   0.50 sec =  127.9260 Mbps     0 retrans     29 KB-cwnd
[2024-05-27 15:12:56.469588]     7.3750 MB /   0.50 sec =  123.7317 Mbps     0 retrans     34 KB-cwnd
[2024-05-27 15:12:56.969581]     7.9375 MB /   0.50 sec =  133.1697 Mbps     0 retrans     34 KB-cwnd
[2024-05-27 15:12:57.469743]     8.5000 MB /   0.50 sec =  142.6066 Mbps     0 retrans     36 KB-cwnd
[2024-05-27 15:12:57.969581]     7.8125 MB /   0.50 sec =  131.0712 Mbps     0 retrans   2155 KB-cwnd
[2024-05-27 15:12:58.469585]     8.5000 MB /   0.50 sec =  142.6055 Mbps     0 retrans   2155 KB-cwnd
[2024-05-27 15:12:58.969639]     6.3750 MB /   0.50 sec =  106.9423 Mbps     0 retrans   2155 KB-cwnd
[2024-05-27 15:12:59.469517]     4.7500 MB /   0.50 sec =   79.7066 Mbps     0 retrans   2155 KB-cwnd
[2024-05-27 15:12:59.969576]     5.0625 MB /   0.50 sec =   84.9301 Mbps     0 retrans   2155 KB-cwnd
[2024-05-27 15:13:00.469547]     4.9375 MB /   0.50 sec =   82.8358 Mbps     0 retrans   2155 KB-cwnd
[2024-05-27 15:13:00.969578]     4.2500 MB /   0.50 sec =   71.3047 Mbps     0 retrans   2155 KB-cwnd
[2024-05-27 15:13:01.469590]     4.7500 MB /   0.50 sec =   79.6913 Mbps     0 retrans   2155 KB-cwnd
[2024-05-27 15:13:01.969627]     5.0625 MB /   0.50 sec =   84.9257 Mbps     0 retrans   2155 KB-cwnd
[2024-05-27 15:13:02.469583]     5.3125 MB /   0.50 sec =   89.1377 Mbps     0 retrans   2155 KB-cwnd
[2024-05-27 15:13:02.969645]     3.6875 MB /   0.50 sec =   61.8584 Mbps     0 retrans   2155 KB-cwnd
[2024-05-27 15:13:03.469650]     3.2500 MB /   0.50 sec =   54.5268 Mbps     0 retrans   2155 KB-cwnd
[2024-05-27 15:13:03.969585]     2.4375 MB /   0.50 sec =   40.8990 Mbps     0 retrans   2155 KB-cwnd
[2024-05-27 15:13:04.469710]     2.8125 MB /   0.50 sec =   47.1811 Mbps     0 retrans   2155 KB-cwnd
[2024-05-27 15:13:04.969475]     1.1875 MB /   0.50 sec =   19.9261 Mbps     0 retrans   2155 KB-cwnd
[2024-05-27 15:13:05.469569]     2.2500 MB /   0.50 sec =   37.7463 Mbps     0 retrans   2155 KB-cwnd
[2024-05-27 15:13:05.969557]     3.1250 MB /   0.50 sec =   52.4295 Mbps     0 retrans   2155 KB-cwnd
[2024-05-27 15:13:06.469599]     2.8750 MB /   0.50 sec =   48.2340 Mbps     0 retrans   2155 KB-cwnd
[2024-05-27 15:13:06.969570]     2.0000 MB /   0.50 sec =   33.5548 Mbps     0 retrans   2155 KB-cwnd
[2024-05-27 15:13:07.469706]     2.1875 MB /   0.50 sec =   36.6929 Mbps     0 retrans   2155 KB-cwnd
[2024-05-27 15:13:07.969593]     1.5000 MB /   0.50 sec =   25.1700 Mbps     0 retrans   2155 KB-cwnd
[2024-05-27 15:13:08.469585]     1.4375 MB /   0.50 sec =   24.1181 Mbps     0 retrans   2155 KB-cwnd
[2024-05-27 15:13:08.969563]     1.5625 MB /   0.50 sec =   26.2146 Mbps     0 retrans   2155 KB-cwnd
[2024-05-27 15:13:09.469770]     1.6250 MB /   0.50 sec =   27.2626 Mbps     0 retrans   2155 KB-cwnd
[2024-05-27 15:13:09.969599]     1.3125 MB /   0.50 sec =   22.0200 Mbps     0 retrans   2155 KB-cwnd
[2024-05-27 15:13:10.469480]     1.8125 MB /   0.50 sec =   30.4105 Mbps     0 retrans   2155 KB-cwnd
[2024-05-27 15:13:10.969594]     1.5000 MB /   0.50 sec =   25.1640 Mbps     0 retrans   2155 KB-cwnd
[2024-05-27 15:13:11.469571]     1.7500 MB /   0.50 sec =   29.3609 Mbps     0 retrans   2155 KB-cwnd
[2024-05-27 15:13:11.969554]     1.6875 MB /   0.50 sec =   28.3115 Mbps     0 retrans   2155 KB-cwnd
[2024-05-27 15:13:12.469602]     2.0000 MB /   0.50 sec =   33.5538 Mbps     0 retrans   2155 KB-cwnd
[2024-05-27 15:13:12.969612]     2.2500 MB /   0.50 sec =   37.7464 Mbps     0 retrans   2155 KB-cwnd
[2024-05-27 15:13:13.469597]     2.5000 MB /   0.50 sec =   41.9459 Mbps     0 retrans   2155 KB-cwnd
[2024-05-27 15:13:13.969762]     2.5000 MB /   0.50 sec =   41.9427 Mbps     0 retrans   2155 KB-cwnd
[2024-05-27 15:13:14.469579]     2.2500 MB /   0.50 sec =   37.7494 Mbps     0 retrans   2155 KB-cwnd
[2024-05-27 15:13:14.969605]     1.8125 MB /   0.50 sec =   30.4083 Mbps     0 retrans   2155 KB-cwnd
[2024-05-27 15:13:15.469670]     1.8750 MB /   0.50 sec =   31.4542 Mbps     0 retrans   2155 KB-cwnd
[2024-05-27 15:13:15.969488]     1.9375 MB /   0.50 sec =   32.5111 Mbps     0 retrans   2155 KB-cwnd
[2024-05-27 15:13:16.469658]     1.8125 MB /   0.50 sec =   30.4044 Mbps     0 retrans   2155 KB-cwnd
[2024-05-27 15:13:16.969592]     1.7500 MB /   0.50 sec =   29.3628 Mbps     0 retrans   2155 KB-cwnd
[2024-05-27 15:13:17.469578]     1.8125 MB /   0.50 sec =   30.4086 Mbps     0 retrans   2155 KB-cwnd
[2024-05-27 15:13:17.969569]     1.4375 MB /   0.50 sec =   24.1173 Mbps     0 retrans   2155 KB-cwnd
[2024-05-27 15:13:18.469619]     1.5000 MB /   0.50 sec =   25.1649 Mbps     0 retrans   2155 KB-cwnd
[2024-05-27 15:13:18.969495]     1.6250 MB /   0.50 sec =   27.2652 Mbps     0 retrans   2155 KB-cwnd
[2024-05-27 15:13:19.469603]     1.2500 MB /   0.50 sec =   20.9702 Mbps     0 retrans   2155 KB-cwnd
[2024-05-27 15:13:19.969580]     1.6250 MB /   0.50 sec =   27.2634 Mbps     0 retrans   2155 KB-cwnd
[2024-05-27 15:13:20.469636]     1.8125 MB /   0.50 sec =   30.4074 Mbps     0 retrans   2155 KB-cwnd
[2024-05-27 15:13:20.969760]     2.0000 MB /   0.50 sec =   33.5523 Mbps     0 retrans   2155 KB-cwnd
[2024-05-27 15:13:21.469475]     2.2500 MB /   0.50 sec =   37.7553 Mbps     0 retrans   2155 KB-cwnd
[2024-05-27 15:13:21.969613]     2.4375 MB /   0.50 sec =   40.8909 Mbps     0 retrans   2155 KB-cwnd
[2024-05-27 15:13:22.469564]     2.6250 MB /   0.50 sec =   44.0410 Mbps     0 retrans   2155 KB-cwnd
[2024-05-27 15:13:22.969555]     2.6875 MB /   0.50 sec =   45.0893 Mbps     0 retrans   2155 KB-cwnd
[2024-05-27 15:13:23.469576]     3.1250 MB /   0.50 sec =   52.4282 Mbps     0 retrans   2155 KB-cwnd
[2024-05-27 15:13:23.969582]     3.3125 MB /   0.50 sec =   55.5735 Mbps     0 retrans   2816 KB-cwnd
[2024-05-27 15:13:24.469557]     3.2500 MB /   0.50 sec =   54.5275 Mbps     0 retrans   2816 KB-cwnd
[2024-05-27 15:13:24.969598]     1.8125 MB /   0.50 sec =   30.4079 Mbps     0 retrans   2816 KB-cwnd
[2024-05-27 15:13:25.469573]     2.5000 MB /   0.50 sec =   41.9451 Mbps     0 retrans   2816 KB-cwnd
[2024-05-27 15:13:25.969585]     4.1250 MB /   0.50 sec =   69.2039 Mbps     0 retrans   2816 KB-cwnd
[2024-05-27 15:13:26.469640]     3.8750 MB /   0.50 sec =   65.0047 Mbps     0 retrans   2816 KB-cwnd
[2024-05-27 15:13:26.969626]     4.0625 MB /   0.50 sec =   68.1636 Mbps     0 retrans   2816 KB-cwnd
[2024-05-27 15:13:27.469474]     3.9375 MB /   0.50 sec =   66.0662 Mbps     0 retrans   2816 KB-cwnd
[2024-05-27 15:13:27.969575]     4.5000 MB /   0.50 sec =   75.4913 Mbps     0 retrans   2816 KB-cwnd
[2024-05-27 15:13:28.469577]     3.9375 MB /   0.50 sec =   66.0615 Mbps     0 retrans   2816 KB-cwnd
[2024-05-27 15:13:28.969541]     4.0625 MB /   0.50 sec =   68.1570 Mbps     0 retrans   2816 KB-cwnd
[2024-05-27 15:13:29.469618]     3.8125 MB /   0.50 sec =   63.9610 Mbps     0 retrans   2816 KB-cwnd
[2024-05-27 15:13:29.969586]     3.6250 MB /   0.50 sec =   60.8190 Mbps     0 retrans   2789 KB-cwnd
[2024-05-27 15:13:30.469777]     3.0625 MB /   0.50 sec =   51.3770 Mbps     0 retrans   2789 KB-cwnd
[2024-05-27 15:13:30.969624]     1.0625 MB /   0.50 sec =   17.8265 Mbps     0 retrans   2789 KB-cwnd
[2024-05-27 15:13:31.469581]     2.3125 MB /   0.50 sec =   38.7985 Mbps     0 retrans   2789 KB-cwnd
[2024-05-27 15:13:31.969825]     1.0000 MB /   0.50 sec =   16.7715 Mbps     0 retrans   2789 KB-cwnd
[2024-05-27 15:13:32.469530]     0.1875 MB /   0.50 sec =    3.1467 Mbps     0 retrans   2789 KB-cwnd
[2024-05-27 15:13:32.969665]     0.1875 MB /   0.50 sec =    3.1453 Mbps     0 retrans   2789 KB-cwnd
[2024-05-27 15:13:33.469710]     0.1875 MB /   0.50 sec =    3.1457 Mbps     0 retrans   2789 KB-cwnd
[2024-05-27 15:13:33.969619]     0.1875 MB /   0.50 sec =    3.1462 Mbps     0 retrans   2789 KB-cwnd
[2024-05-27 15:13:34.469481]     0.1875 MB /   0.50 sec =    3.1460 Mbps     0 retrans   2789 KB-cwnd
[2024-05-27 15:13:34.969632]     0.3750 MB /   0.50 sec =    6.2909 Mbps     0 retrans   2789 KB-cwnd
[2024-05-27 15:13:35.469684]     0.3125 MB /   0.50 sec =    5.2422 Mbps     0 retrans   2789 KB-cwnd
[2024-05-27 15:13:35.969576]     0.2500 MB /   0.50 sec =    4.1949 Mbps     0 retrans   2789 KB-cwnd
[2024-05-27 15:13:36.469964]     0.1250 MB /   0.50 sec =    2.0965 Mbps     0 retrans   2789 KB-cwnd
[2024-05-27 15:13:36.969939]     0.0625 MB /   0.50 sec =    1.0485 Mbps     0 retrans   2789 KB-cwnd
[2024-05-27 15:13:37.469552]     0.0625 MB /   0.50 sec =    1.0489 Mbps     0 retrans   2789 KB-cwnd
[2024-05-27 15:13:37.969585]     0.7500 MB /   0.50 sec =   12.5826 Mbps     0 retrans   2789 KB-cwnd
[2024-05-27 15:13:38.469593]     3.0625 MB /   0.50 sec =   51.3856 Mbps     0 retrans   2789 KB-cwnd
[2024-05-27 15:13:38.969576]     2.4375 MB /   0.50 sec =   40.8949 Mbps     0 retrans   2789 KB-cwnd
[2024-05-27 15:13:39.469602]     1.9375 MB /   0.50 sec =   32.5055 Mbps     0 retrans   2789 KB-cwnd
[2024-05-27 15:13:39.969464]     1.3750 MB /   0.50 sec =   23.0704 Mbps     0 retrans   2789 KB-cwnd
[2024-05-27 15:13:40.469586]     1.3125 MB /   0.50 sec =   22.0184 Mbps     0 retrans   2789 KB-cwnd
[2024-05-27 15:13:40.969750]     1.7500 MB /   0.50 sec =   29.3601 Mbps     0 retrans   2789 KB-cwnd
[2024-05-27 15:13:41.469599]     0.9375 MB /   0.50 sec =   15.7288 Mbps     0 retrans   2789 KB-cwnd
[2024-05-27 15:13:41.969636]     1.1875 MB /   0.50 sec =   19.9207 Mbps     0 retrans   2789 KB-cwnd
[2024-05-27 15:13:42.469597]     0.6250 MB /   0.50 sec =   10.4868 Mbps     0 retrans   2789 KB-cwnd
[2024-05-27 15:13:42.969608]     0.8125 MB /   0.50 sec =   13.6314 Mbps     0 retrans   2789 KB-cwnd
[2024-05-27 15:13:43.469587]     0.5625 MB /   0.50 sec =    9.4373 Mbps     0 retrans   2789 KB-cwnd
[2024-05-27 15:13:43.969521]     0.7500 MB /   0.50 sec =   12.5833 Mbps     0 retrans   2789 KB-cwnd
[2024-05-27 15:13:44.469584]     0.6875 MB /   0.50 sec =   11.5339 Mbps     0 retrans   2789 KB-cwnd
[2024-05-27 15:13:44.969586]     1.0000 MB /   0.50 sec =   16.7771 Mbps     0 retrans   2789 KB-cwnd
[2024-05-27 15:13:45.469595]     0.8750 MB /   0.50 sec =   14.6801 Mbps     0 retrans   2789 KB-cwnd
[2024-05-27 15:13:45.969642]     0.6875 MB /   0.50 sec =   11.5338 Mbps     0 retrans   2789 KB-cwnd
[2024-05-27 15:13:46.469536]     0.8125 MB /   0.50 sec =   13.6326 Mbps     0 retrans   2789 KB-cwnd
[2024-05-27 15:13:46.969615]     0.7500 MB /   0.50 sec =   12.5823 Mbps     0 retrans   2789 KB-cwnd
[2024-05-27 15:13:47.469575]     0.8750 MB /   0.50 sec =   14.6804 Mbps     0 retrans   2789 KB-cwnd
[2024-05-27 15:13:47.969593]     1.0000 MB /   0.50 sec =   16.7769 Mbps     0 retrans   2789 KB-cwnd
[2024-05-27 15:13:48.469651]     0.7500 MB /   0.50 sec =   12.5814 Mbps     0 retrans   2789 KB-cwnd
[2024-05-27 15:13:48.969581]     1.0625 MB /   0.50 sec =   17.8281 Mbps     0 retrans   2789 KB-cwnd
[2024-05-27 15:13:49.469575]     0.8125 MB /   0.50 sec =   13.6315 Mbps     0 retrans   2789 KB-cwnd
[2024-05-27 15:13:49.969619]     0.8125 MB /   0.50 sec =   13.6313 Mbps     0 retrans   2789 KB-cwnd
[2024-05-27 15:13:50.469654]     0.8125 MB /   0.50 sec =   13.6301 Mbps     0 retrans   2789 KB-cwnd
[2024-05-27 15:13:50.969846]     0.8125 MB /   0.50 sec =   13.6324 Mbps     0 retrans   2789 KB-cwnd
[2024-05-27 15:13:51.469571]     0.8750 MB /   0.50 sec =   14.6809 Mbps     0 retrans   2789 KB-cwnd
[2024-05-27 15:13:51.969512]     1.0000 MB /   0.50 sec =   16.7778 Mbps     0 retrans   2789 KB-cwnd
[2024-05-27 15:13:52.469596]     1.1875 MB /   0.50 sec =   19.9216 Mbps     0 retrans   2789 KB-cwnd
[2024-05-27 15:13:52.969572]     1.3750 MB /   0.50 sec =   23.0694 Mbps     0 retrans   2789 KB-cwnd
[2024-05-27 15:13:53.469585]     1.4375 MB /   0.50 sec =   24.1169 Mbps     0 retrans   2789 KB-cwnd
[2024-05-27 15:13:53.969604]     1.5625 MB /   0.50 sec =   26.2141 Mbps     0 retrans   2789 KB-cwnd
[2024-05-27 15:13:54.469594]     1.6250 MB /   0.50 sec =   27.2632 Mbps     0 retrans   2789 KB-cwnd
[2024-05-27 15:13:54.969575]     1.8750 MB /   0.50 sec =   31.4578 Mbps     0 retrans   2789 KB-cwnd
[2024-05-27 15:13:55.469609]     2.2500 MB /   0.50 sec =   37.7485 Mbps     0 retrans   2789 KB-cwnd
[2024-05-27 15:13:55.969600]     2.7500 MB /   0.50 sec =   46.1372 Mbps     0 retrans   2789 KB-cwnd
[2024-05-27 15:13:56.469590]     3.3750 MB /   0.50 sec =   56.6230 Mbps     0 retrans   2789 KB-cwnd
[2024-05-27 15:13:56.969658]     3.0000 MB /   0.50 sec =   50.3256 Mbps     0 retrans   2789 KB-cwnd
[2024-05-27 15:13:57.469523]     4.0625 MB /   0.50 sec =   68.1674 Mbps     0 retrans   2789 KB-cwnd
[2024-05-27 15:13:57.969598]     4.2500 MB /   0.50 sec =   71.3015 Mbps     0 retrans   2789 KB-cwnd
[2024-05-27 15:13:58.469580]     4.4375 MB /   0.50 sec =   74.4498 Mbps     0 retrans   2789 KB-cwnd
[2024-05-27 15:13:58.969590]     4.8125 MB /   0.50 sec =   80.7397 Mbps     0 retrans   2789 KB-cwnd
[2024-05-27 15:13:59.469608]     4.3750 MB /   0.50 sec =   73.3997 Mbps     0 retrans   2789 KB-cwnd
[2024-05-27 15:13:59.969708]     3.8125 MB /   0.50 sec =   63.9506 Mbps     0 retrans   2789 KB-cwnd
[2024-05-27 15:14:00.469755]     4.5000 MB /   0.50 sec =   75.5127 Mbps     0 retrans   2789 KB-cwnd
[2024-05-27 15:14:00.969643]     4.5625 MB /   0.50 sec =   76.5447 Mbps     0 retrans   2184 KB-cwnd
[2024-05-27 15:14:01.469604]     4.6875 MB /   0.50 sec =   78.6435 Mbps     0 retrans   2184 KB-cwnd
[2024-05-27 15:14:01.969590]     5.5000 MB /   0.50 sec =   92.2743 Mbps     0 retrans   2184 KB-cwnd
[2024-05-27 15:14:02.469530]     3.7500 MB /   0.50 sec =   62.9187 Mbps     0 retrans   2184 KB-cwnd
[2024-05-27 15:14:02.969603]     6.0000 MB /   0.50 sec =  100.6583 Mbps     0 retrans   2184 KB-cwnd
[2024-05-27 15:14:03.469661]     5.8125 MB /   0.50 sec =   97.5057 Mbps     0 retrans   2184 KB-cwnd
[2024-05-27 15:14:03.969570]     2.4375 MB /   0.50 sec =   40.8995 Mbps     0 retrans   2184 KB-cwnd
[2024-05-27 15:14:04.469594]     6.9375 MB /   0.50 sec =  116.3943 Mbps     0 retrans   2184 KB-cwnd
[2024-05-27 15:14:04.969569]     6.5000 MB /   0.50 sec =  109.0517 Mbps     0 retrans   2184 KB-cwnd
[2024-05-27 15:14:05.469494]     4.8750 MB /   0.50 sec =   81.7929 Mbps     0 retrans   2184 KB-cwnd
[2024-05-27 15:14:05.969596]     3.9375 MB /   0.50 sec =   66.0558 Mbps     0 retrans   2184 KB-cwnd
[2024-05-27 15:14:06.469583]     6.8125 MB /   0.50 sec =  114.2959 Mbps     0 retrans   2184 KB-cwnd
[2024-05-27 15:14:06.969622]     3.8125 MB /   0.50 sec =   63.9603 Mbps     0 retrans   2184 KB-cwnd
[2024-05-27 15:14:07.469673]     5.4375 MB /   0.50 sec =   91.2323 Mbps     0 retrans   2184 KB-cwnd
[2024-05-27 15:14:07.969588]     5.6875 MB /   0.50 sec =   95.4174 Mbps     0 retrans   2184 KB-cwnd
[2024-05-27 15:14:08.469592]     4.6250 MB /   0.50 sec =   77.5945 Mbps     0 retrans   2184 KB-cwnd
[2024-05-27 15:14:08.969587]     5.4375 MB /   0.50 sec =   91.2272 Mbps     0 retrans   2184 KB-cwnd
[2024-05-27 15:14:09.469604]     5.6875 MB /   0.50 sec =   95.4189 Mbps     0 retrans   2184 KB-cwnd
[2024-05-27 15:14:09.969744]     6.0000 MB /   0.50 sec =  100.6641 Mbps     0 retrans   2184 KB-cwnd
[2024-05-27 15:14:10.469590]     5.8750 MB /   0.50 sec =   98.5657 Mbps     0 retrans   2184 KB-cwnd
[2024-05-27 15:14:10.969483]     5.6875 MB /   0.50 sec =   95.4267 Mbps     0 retrans   2184 KB-cwnd
[2024-05-27 15:14:11.469652]     6.5625 MB /   0.50 sec =  110.0877 Mbps     0 retrans   2184 KB-cwnd
[2024-05-27 15:14:11.969578]     5.4375 MB /   0.50 sec =   91.2312 Mbps     0 retrans   2184 KB-cwnd
[2024-05-27 15:14:12.469589]     4.8125 MB /   0.50 sec =   80.7407 Mbps     0 retrans   2184 KB-cwnd
[2024-05-27 15:14:12.969581]     6.3750 MB /   0.50 sec =  106.9560 Mbps     0 retrans   2184 KB-cwnd
[2024-05-27 15:14:13.469594]     3.4375 MB /   0.50 sec =   57.6703 Mbps     0 retrans   2184 KB-cwnd
[2024-05-27 15:14:13.969579]     7.0625 MB /   0.50 sec =  118.4912 Mbps     0 retrans   2184 KB-cwnd
[2024-05-27 15:14:14.469586]     7.2500 MB /   0.50 sec =  121.6334 Mbps     0 retrans    905 KB-cwnd
[2024-05-27 15:14:14.969580]     8.1250 MB /   0.50 sec =  136.3146 Mbps     0 retrans    905 KB-cwnd
[2024-05-27 15:14:15.469591]     8.7500 MB /   0.50 sec =  146.8018 Mbps     0 retrans    905 KB-cwnd
[2024-05-27 15:14:15.969524]     9.0625 MB /   0.50 sec =  152.0496 Mbps     0 retrans    905 KB-cwnd
[2024-05-27 15:14:16.469613]     9.3125 MB /   0.50 sec =  156.2272 Mbps     0 retrans    905 KB-cwnd
[2024-05-27 15:14:16.969612]     4.3750 MB /   0.50 sec =   73.4000 Mbps     0 retrans    905 KB-cwnd
[2024-05-27 15:14:17.469627]     8.1875 MB /   0.50 sec =  137.3648 Mbps     0 retrans    905 KB-cwnd
[2024-05-27 15:14:17.969582]     5.4375 MB /   0.50 sec =   91.2281 Mbps     0 retrans    905 KB-cwnd
[2024-05-27 15:14:18.469500]     8.5000 MB /   0.50 sec =  142.6146 Mbps     0 retrans    905 KB-cwnd
[2024-05-27 15:14:18.969628]     7.1250 MB /   0.50 sec =  119.5283 Mbps     0 retrans    905 KB-cwnd
[2024-05-27 15:14:19.469591]     8.0625 MB /   0.50 sec =  135.2660 Mbps     0 retrans    905 KB-cwnd
[2024-05-27 15:14:19.969657]     4.2500 MB /   0.50 sec =   71.2960 Mbps     0 retrans    905 KB-cwnd
[2024-05-27 15:14:20.469658]     4.6875 MB /   0.50 sec =   78.6421 Mbps     0 retrans    905 KB-cwnd
[2024-05-27 15:14:20.969706]     3.4375 MB /   0.50 sec =   57.6674 Mbps     0 retrans    905 KB-cwnd
[2024-05-27 15:14:21.469545]     8.2500 MB /   0.50 sec =  138.4447 Mbps     0 retrans    905 KB-cwnd
[2024-05-27 15:14:21.969497]     7.5625 MB /   0.50 sec =  126.8815 Mbps     0 retrans    905 KB-cwnd
[2024-05-27 15:14:22.469592]     7.5000 MB /   0.50 sec =  125.8211 Mbps     0 retrans    905 KB-cwnd
[2024-05-27 15:14:22.969701]     4.6875 MB /   0.50 sec =   78.6283 Mbps     0 retrans    905 KB-cwnd
[2024-05-27 15:14:23.469582]     5.8750 MB /   0.50 sec =   98.5855 Mbps     0 retrans    905 KB-cwnd
[2024-05-27 15:14:23.969666]     7.8125 MB /   0.50 sec =  131.0550 Mbps     0 retrans    905 KB-cwnd
[2024-05-27 15:14:24.469652]     5.3125 MB /   0.50 sec =   89.1352 Mbps    21 retrans   2176 KB-cwnd
[2024-05-27 15:14:24.969566]     7.7500 MB /   0.50 sec =  130.0333 Mbps     0 retrans   2176 KB-cwnd
[2024-05-27 15:14:25.469590]     3.4375 MB /   0.50 sec =   57.6704 Mbps     0 retrans   2176 KB-cwnd
[2024-05-27 15:14:25.969628]     6.6875 MB /   0.50 sec =  112.1855 Mbps     0 retrans   2176 KB-cwnd
[2024-05-27 15:14:26.469646]     6.6875 MB /   0.50 sec =  112.2158 Mbps     0 retrans   2176 KB-cwnd
[2024-05-27 15:14:26.969650]     7.2500 MB /   0.50 sec =  121.6275 Mbps     0 retrans   2176 KB-cwnd
[2024-05-27 15:14:27.469498]     6.8125 MB /   0.50 sec =  114.3021 Mbps     0 retrans   2176 KB-cwnd
[2024-05-27 15:14:27.969598]     6.3125 MB /   0.50 sec =  105.8994 Mbps     0 retrans   2176 KB-cwnd
[2024-05-27 15:14:28.469681]     4.0625 MB /   0.50 sec =   68.1463 Mbps     0 retrans   2176 KB-cwnd
[2024-05-27 15:14:28.969610]     5.0625 MB /   0.50 sec =   84.9477 Mbps     0 retrans   2176 KB-cwnd
[2024-05-27 15:14:29.469532]     4.2500 MB /   0.50 sec =   71.3070 Mbps     0 retrans   2176 KB-cwnd
[2024-05-27 15:14:29.969573]     4.8750 MB /   0.50 sec =   81.7873 Mbps     0 retrans   2176 KB-cwnd
[2024-05-27 15:14:30.469660]     7.3750 MB /   0.50 sec =  123.7137 Mbps     0 retrans   2176 KB-cwnd
[2024-05-27 15:14:30.969601]     7.3125 MB /   0.50 sec =  122.6954 Mbps     0 retrans   2176 KB-cwnd
[2024-05-27 15:14:31.469588]     7.5625 MB /   0.50 sec =  126.8835 Mbps     0 retrans   2176 KB-cwnd
[2024-05-27 15:14:31.969608]     7.4375 MB /   0.50 sec =  124.7778 Mbps     0 retrans   2176 KB-cwnd
[2024-05-27 15:14:32.469579]     7.9375 MB /   0.50 sec =  133.1697 Mbps     0 retrans   2176 KB-cwnd
[2024-05-27 15:14:32.969520]     7.5625 MB /   0.50 sec =  126.8848 Mbps     0 retrans   2176 KB-cwnd
[2024-05-27 15:14:33.469587]     8.0000 MB /   0.50 sec =  134.2116 Mbps     0 retrans   2176 KB-cwnd
[2024-05-27 15:14:33.969637]     4.0625 MB /   0.50 sec =   68.1498 Mbps     0 retrans   2176 KB-cwnd
[2024-05-27 15:14:34.469590]     4.0000 MB /   0.50 sec =   67.1156 Mbps     0 retrans   2176 KB-cwnd
[2024-05-27 15:14:34.969567]     6.6875 MB /   0.50 sec =  112.2001 Mbps     0 retrans   2176 KB-cwnd
[2024-05-27 15:14:35.469639]     6.9375 MB /   0.50 sec =  116.3870 Mbps     0 retrans   2176 KB-cwnd
[2024-05-27 15:14:35.969634]     6.8125 MB /   0.50 sec =  114.2879 Mbps     0 retrans   3222 KB-cwnd
[2024-05-27 15:14:36.469587]     5.0625 MB /   0.50 sec =   84.9421 Mbps     0 retrans   3222 KB-cwnd
[2024-05-27 15:14:36.969732]     7.0625 MB /   0.50 sec =  118.4886 Mbps     0 retrans   3222 KB-cwnd
[2024-05-27 15:14:37.469607]     6.5000 MB /   0.50 sec =  109.0519 Mbps     0 retrans   3222 KB-cwnd
[2024-05-27 15:14:37.969563]     6.8125 MB /   0.50 sec =  114.2994 Mbps     0 retrans   3222 KB-cwnd
[2024-05-27 15:14:38.469494]     3.0000 MB /   0.50 sec =   50.3332 Mbps     0 retrans   3222 KB-cwnd
[2024-05-27 15:14:38.969615]     7.0000 MB /   0.50 sec =  117.4325 Mbps     0 retrans   3222 KB-cwnd
[2024-05-27 15:14:39.469517]     6.3125 MB /   0.50 sec =  105.9085 Mbps     0 retrans   3222 KB-cwnd
[2024-05-27 15:14:39.969633]     6.3750 MB /   0.50 sec =  106.9483 Mbps     0 retrans   3222 KB-cwnd
[2024-05-27 15:14:40.469647]     6.0000 MB /   0.50 sec =  100.6556 Mbps     0 retrans   3241 KB-cwnd
[2024-05-27 15:14:40.969696]     5.6875 MB /   0.50 sec =   95.4116 Mbps     0 retrans   3241 KB-cwnd
[2024-05-27 15:14:41.469607]     5.8750 MB /   0.50 sec =   98.5849 Mbps     0 retrans   3241 KB-cwnd
[2024-05-27 15:14:41.969614]     5.1250 MB /   0.50 sec =   85.9825 Mbps     0 retrans   3241 KB-cwnd
[2024-05-27 15:14:42.469580]     5.0000 MB /   0.50 sec =   83.8889 Mbps     0 retrans   3241 KB-cwnd
[2024-05-27 15:14:42.969583]     4.7500 MB /   0.50 sec =   79.6927 Mbps     0 retrans   3241 KB-cwnd
[2024-05-27 15:14:43.469588]     4.5000 MB /   0.50 sec =   75.4960 Mbps     0 retrans   3241 KB-cwnd
[2024-05-27 15:14:43.969594]     5.3125 MB /   0.50 sec =   89.1274 Mbps     0 retrans   3241 KB-cwnd
[2024-05-27 15:14:44.469545]     3.0625 MB /   0.50 sec =   51.3797 Mbps     0 retrans   3241 KB-cwnd
[2024-05-27 15:14:44.969552]     3.1875 MB /   0.50 sec =   53.4773 Mbps     0 retrans   3241 KB-cwnd
[2024-05-27 15:14:45.469599]     2.6250 MB /   0.50 sec =   44.0413 Mbps     0 retrans   3241 KB-cwnd
[2024-05-27 15:14:45.969600]     4.4375 MB /   0.50 sec =   74.4495 Mbps     0 retrans   3241 KB-cwnd
[2024-05-27 15:14:46.469600]     4.7500 MB /   0.50 sec =   79.6915 Mbps     0 retrans   3241 KB-cwnd
[2024-05-27 15:14:46.969584]     4.2500 MB /   0.50 sec =   71.3027 Mbps     0 retrans   3241 KB-cwnd
[2024-05-27 15:14:47.469596]     4.6250 MB /   0.50 sec =   77.5942 Mbps     0 retrans   2206 KB-cwnd
End time: 1716837287734
