Start time: 1716836789663
[2024-05-27 15:06:54.681978] Connecting to host 35.245.244.238, port 5201
[2024-05-27 15:06:54.683107] Reverse mode, remote host 35.245.244.238 is sending
[2024-05-27 15:06:54.683225] [  5] local 100.126.163.120 port 58734 connected to 35.245.244.238 port 5201
[2024-05-27 15:06:54.683322] [ ID] Interval           Transfer     Bitrate         Jitter    Lost/Total Datagrams
[2024-05-27 15:06:54.683410] [  5]   0.00-0.50   sec  7.83 MBytes   131 Mbits/sec  0.222 ms  848045/853913 (99%)  
[2024-05-27 15:06:54.683499] [  5]   0.50-1.00   sec  5.26 MBytes  88.3 Mbits/sec  0.025 ms  -3943/0 (0%)  
[2024-05-27 15:06:54.683582] [  5]   1.00-1.50   sec  6.33 MBytes   106 Mbits/sec  0.015 ms  -4742/0 (0%)  
[2024-05-27 15:06:54.683737] [  5]   1.50-2.00   sec  6.60 MBytes   111 Mbits/sec  0.337 ms  -4943/0 (0%)  
[2024-05-27 15:06:54.683844] [  5]   2.00-2.50   sec  4.66 MBytes  78.2 Mbits/sec  0.013 ms  -3492/0 (0%)  
[2024-05-27 15:06:54.683946] [  5]   2.50-3.00   sec  6.42 MBytes   108 Mbits/sec  0.022 ms  -4807/0 (0%)  
[2024-05-27 15:06:54.684045] [  5]   3.00-3.50   sec  5.75 MBytes  96.4 Mbits/sec  0.258 ms  -4303/0 (0%)  
[2024-05-27 15:06:54.684142] [  5]   3.50-4.00   sec  4.32 MBytes  72.6 Mbits/sec  0.115 ms  -3239/0 (0%)  
[2024-05-27 15:06:54.684239] [  5]   4.00-4.50   sec  3.52 MBytes  59.0 Mbits/sec  0.279 ms  -2634/0 (0%)  
[2024-05-27 15:06:54.684338] [  5]   4.50-5.00   sec  5.16 MBytes  86.6 Mbits/sec  0.430 ms  -3866/0 (0%)  
[2024-05-27 15:06:54.684437] [  5]   5.00-5.50   sec  2.31 MBytes  38.7 Mbits/sec  0.212 ms  -1730/0 (0%)  
[2024-05-27 15:06:54.684532] [  5]   5.50-6.00   sec   554 KBytes  9.07 Mbits/sec  0.148 ms  -405/0 (0%)  
[2024-05-27 15:06:54.684628] [  5]   6.00-6.50   sec  9.06 MBytes   152 Mbits/sec  0.042 ms  -6783/0 (0%)  
[2024-05-27 15:06:54.684723] [  5]   6.50-7.00   sec  9.28 MBytes   156 Mbits/sec  0.075 ms  -6948/0 (0%)  
[2024-05-27 15:06:54.684818] [  5]   7.00-7.50   sec  7.87 MBytes   132 Mbits/sec  0.028 ms  -5896/0 (0%)  
[2024-05-27 15:06:54.684912] [  5]   7.50-8.00   sec  9.21 MBytes   154 Mbits/sec  0.050 ms  -6897/0 (0%)  
[2024-05-27 15:06:54.685010] [  5]   8.00-8.50   sec  8.35 MBytes   140 Mbits/sec  0.233 ms  -6251/0 (0%)  
[2024-05-27 15:06:54.685105] [  5]   8.50-9.00   sec  7.97 MBytes   134 Mbits/sec  0.020 ms  -5966/0 (0%)  
[2024-05-27 15:06:54.685201] [  5]   9.00-9.50   sec  7.28 MBytes   122 Mbits/sec  0.394 ms  -5450/0 (0%)  
[2024-05-27 15:06:54.685295] [  5]   9.50-10.00  sec  7.10 MBytes   119 Mbits/sec  0.475 ms  -5315/0 (0%)  
[2024-05-27 15:06:54.685390] [  5]  10.00-10.50  sec  5.48 MBytes  91.9 Mbits/sec  0.216 ms  -4104/0 (0%)  
[2024-05-27 15:06:54.685485] [  5]  10.50-11.00  sec  7.67 MBytes   129 Mbits/sec  0.701 ms  -5741/0 (0%)  
[2024-05-27 15:06:54.685580] [  5]  11.00-11.50  sec  9.75 MBytes   164 Mbits/sec  0.089 ms  -7303/0 (0%)  
[2024-05-27 15:06:54.685674] [  5]  11.50-12.00  sec  8.03 MBytes   135 Mbits/sec  0.009 ms  -6014/0 (0%)  
[2024-05-27 15:06:54.685770] [  5]  12.00-12.50  sec  7.12 MBytes   119 Mbits/sec  0.249 ms  -5334/0 (0%)  
[2024-05-27 15:06:54.685865] [  5]  12.50-13.00  sec  5.12 MBytes  85.8 Mbits/sec  0.492 ms  -3832/0 (0%)  
[2024-05-27 15:06:54.685961] [  5]  13.00-13.50  sec  6.43 MBytes   108 Mbits/sec  0.066 ms  -4817/0 (0%)  
[2024-05-27 15:06:54.686057] [  5]  13.50-14.00  sec  6.36 MBytes   107 Mbits/sec  0.045 ms  -4763/0 (0%)  
[2024-05-27 15:06:54.686156] [  5]  14.00-14.50  sec  6.82 MBytes   114 Mbits/sec  0.382 ms  -5106/0 (0%)  
[2024-05-27 15:06:54.686251] [  5]  14.50-15.00  sec  6.97 MBytes   117 Mbits/sec  0.038 ms  -5221/0 (0%)  
[2024-05-27 15:06:54.686345] [  5]  15.00-15.50  sec  10.6 MBytes   177 Mbits/sec  0.164 ms  -7903/0 (0%)  
[2024-05-27 15:06:54.686440] [  5]  15.50-16.00  sec  8.49 MBytes   142 Mbits/sec  0.084 ms  -6359/0 (0%)  
[2024-05-27 15:06:54.686534] [  5]  16.00-16.50  sec  8.65 MBytes   145 Mbits/sec  0.172 ms  -6475/0 (0%)  
[2024-05-27 15:06:54.686628] [  5]  16.50-17.00  sec  6.79 MBytes   114 Mbits/sec  0.073 ms  -5082/0 (0%)  
[2024-05-27 15:06:54.686724] [  5]  17.00-17.50  sec  9.59 MBytes   161 Mbits/sec  0.110 ms  -7182/0 (0%)  
[2024-05-27 15:06:54.686858] [  5]  17.50-18.00  sec  5.70 MBytes  95.7 Mbits/sec  0.515 ms  -4271/0 (0%)  
[2024-05-27 15:06:54.686956] [  5]  18.00-18.50  sec  9.59 MBytes   161 Mbits/sec  0.145 ms  -7182/0 (0%)  
[2024-05-27 15:06:54.687055] [  5]  18.50-19.00  sec  9.28 MBytes   156 Mbits/sec  0.035 ms  -6954/0 (0%)  
[2024-05-27 15:06:54.687150] [  5]  19.00-19.50  sec  8.42 MBytes   141 Mbits/sec  0.094 ms  -6310/0 (0%)  
[2024-05-27 15:06:54.687245] [  5]  19.50-20.00  sec  7.10 MBytes   119 Mbits/sec  0.167 ms  -5317/0 (0%)  
[2024-05-27 15:06:54.687340] [  5]  20.00-20.50  sec  9.46 MBytes   159 Mbits/sec  0.267 ms  -7086/0 (0%)  
[2024-05-27 15:06:54.687434] [  5]  20.50-21.00  sec  9.39 MBytes   157 Mbits/sec  0.028 ms  4888/11918 (41%)  
[2024-05-27 15:06:54.687529] [  5]  21.00-21.50  sec  8.58 MBytes   144 Mbits/sec  0.029 ms  17774/24197 (73%)  
[2024-05-27 15:06:54.687623] [  5]  21.50-22.00  sec  9.70 MBytes   163 Mbits/sec  0.098 ms  21649/28916 (75%)  
[2024-05-27 15:06:54.687769] [  5]  22.00-22.50  sec  8.60 MBytes   144 Mbits/sec  0.048 ms  11640/18084 (64%)  
[2024-05-27 15:06:54.687868] [  5]  22.50-23.00  sec  10.5 MBytes   176 Mbits/sec  0.124 ms  20057/27908 (72%)  
[2024-05-27 15:06:54.687964] [  5]  23.00-23.50  sec  8.42 MBytes   141 Mbits/sec  0.018 ms  14249/20556 (69%)  
[2024-05-27 15:06:54.688059] [  5]  23.50-24.00  sec  9.83 MBytes   165 Mbits/sec  0.024 ms  16743/24106 (69%)  
[2024-05-27 15:07:19.181811] [  5]  24.00-24.50  sec  10.1 MBytes   169 Mbits/sec  0.239 ms  15410/22956 (67%)  
[2024-05-27 15:07:19.182094] [  5]  24.50-25.00  sec  11.7 MBytes   197 Mbits/sec  0.021 ms  20222/28997 (70%)  
[2024-05-27 15:07:19.182180] [  5]  25.00-25.50  sec  10.3 MBytes   172 Mbits/sec  0.251 ms  14597/22287 (65%)  
[2024-05-27 15:07:19.182249] [  5]  25.50-26.00  sec  9.54 MBytes   160 Mbits/sec  0.438 ms  15086/22231 (68%)  
[2024-05-27 15:07:19.182315] [  5]  26.00-26.50  sec  11.4 MBytes   192 Mbits/sec  0.012 ms  11989/20540 (58%)  
[2024-05-27 15:07:19.182378] [  5]  26.50-27.00  sec  10.7 MBytes   179 Mbits/sec  0.047 ms  15754/23746 (66%)  
[2024-05-27 15:07:19.182441] [  5]  27.00-27.50  sec  13.2 MBytes   221 Mbits/sec  0.081 ms  19531/29388 (66%)  
[2024-05-27 15:07:19.182504] [  5]  27.50-28.00  sec  9.47 MBytes   159 Mbits/sec  0.237 ms  12683/19776 (64%)  
[2024-05-27 15:07:19.182569] [  5]  28.00-28.50  sec  9.29 MBytes   156 Mbits/sec  0.013 ms  11603/18559 (63%)  
[2024-05-27 15:07:19.182631] [  5]  28.50-29.00  sec  10.1 MBytes   169 Mbits/sec  0.183 ms  9679/17241 (56%)  
[2024-05-27 15:07:19.182694] [  5]  29.00-29.50  sec  9.75 MBytes   164 Mbits/sec  0.263 ms  14769/22069 (67%)  
[2024-05-27 15:07:19.182756] [  5]  29.50-30.00  sec  11.1 MBytes   186 Mbits/sec  0.030 ms  16862/25184 (67%)  
[2024-05-27 15:07:19.182818] [  5]  30.00-30.50  sec  11.6 MBytes   195 Mbits/sec  0.227 ms  17465/26179 (67%)  
[2024-05-27 15:07:19.182879] [  5]  30.50-31.00  sec  15.3 MBytes   256 Mbits/sec  0.012 ms  22708/34149 (66%)  
[2024-05-27 15:07:19.182942] [  5]  31.00-31.50  sec  14.4 MBytes   241 Mbits/sec  0.119 ms  17831/28607 (62%)  
[2024-05-27 15:07:19.183004] [  5]  31.50-32.00  sec  14.1 MBytes   237 Mbits/sec  0.249 ms  10193/20762 (49%)  
[2024-05-27 15:07:19.183067] [  5]  32.00-32.50  sec  12.5 MBytes   210 Mbits/sec  0.092 ms  10083/19443 (52%)  
[2024-05-27 15:07:19.183128] [  5]  32.50-33.00  sec  13.3 MBytes   224 Mbits/sec  0.079 ms  9980/19964 (50%)  
[2024-05-27 15:07:19.183189] [  5]  33.00-33.50  sec  12.6 MBytes   212 Mbits/sec  0.011 ms  13008/22482 (58%)  
[2024-05-27 15:07:19.183253] [  5]  33.50-34.00  sec  12.0 MBytes   201 Mbits/sec  0.237 ms  11324/20300 (56%)  
[2024-05-27 15:07:19.183314] [  5]  34.00-34.50  sec  10.3 MBytes   172 Mbits/sec  0.011 ms  9549/17248 (55%)  
[2024-05-27 15:07:19.183376] [  5]  34.50-35.00  sec  9.73 MBytes   163 Mbits/sec  0.048 ms  9116/16406 (56%)  
[2024-05-27 15:07:19.183476] [  5]  35.00-35.50  sec  9.36 MBytes   157 Mbits/sec  0.068 ms  10657/17665 (60%)  
[2024-05-27 15:07:19.183607] [  5]  35.50-36.00  sec  10.5 MBytes   176 Mbits/sec  0.042 ms  14311/22171 (65%)  
[2024-05-27 15:07:19.183791] [  5]  36.00-36.50  sec  9.99 MBytes   168 Mbits/sec  0.085 ms  14937/22422 (67%)  
[2024-05-27 15:07:19.183894] [  5]  36.50-37.00  sec  9.72 MBytes   163 Mbits/sec  0.254 ms  16805/24085 (70%)  
[2024-05-27 15:07:19.183991] [  5]  37.00-37.50  sec  11.4 MBytes   192 Mbits/sec  0.290 ms  15862/24427 (65%)  
[2024-05-27 15:07:19.184087] [  5]  37.50-38.00  sec  10.8 MBytes   182 Mbits/sec  0.325 ms  16671/24792 (67%)  
[2024-05-27 15:07:19.184187] [  5]  38.00-38.50  sec  9.27 MBytes   155 Mbits/sec  0.148 ms  13324/20264 (66%)  
[2024-05-27 15:07:19.184282] [  5]  38.50-39.00  sec  10.4 MBytes   175 Mbits/sec  0.197 ms  12532/20343 (62%)  
[2024-05-27 15:07:19.184376] [  5]  39.00-39.50  sec  6.83 MBytes   115 Mbits/sec  0.047 ms  11915/17029 (70%)  
[2024-05-27 15:07:19.184470] [  5]  39.50-40.00  sec  9.71 MBytes   163 Mbits/sec  0.306 ms  14896/22165 (67%)  
[2024-05-27 15:07:19.184563] [  5]  40.00-40.50  sec  8.92 MBytes   150 Mbits/sec  0.367 ms  13352/20036 (67%)  
[2024-05-27 15:07:19.184657] [  5]  40.50-41.00  sec  6.53 MBytes   109 Mbits/sec  0.054 ms  10732/15621 (69%)  
[2024-05-27 15:07:19.184753] [  5]  41.00-41.50  sec  8.29 MBytes   139 Mbits/sec  0.282 ms  15235/21447 (71%)  
[2024-05-27 15:07:19.184847] [  5]  41.50-42.00  sec  8.32 MBytes   140 Mbits/sec  0.019 ms  12127/18361 (66%)  
[2024-05-27 15:07:19.184941] [  5]  42.00-42.50  sec  2.15 MBytes  36.1 Mbits/sec  0.427 ms  7500/9113 (82%)  
[2024-05-27 15:07:19.185036] [  5]  42.50-43.00  sec  4.38 MBytes  73.4 Mbits/sec  0.332 ms  7555/10833 (70%)  
[2024-05-27 15:07:19.185131] [  5]  43.00-43.50  sec  2.86 MBytes  48.0 Mbits/sec  2.944 ms  6616/8761 (76%)  
[2024-05-27 15:07:19.185225] [  5]  43.50-44.00  sec  2.32 MBytes  39.0 Mbits/sec  0.545 ms  7072/8809 (80%)  
[2024-05-27 15:07:19.185319] [  5]  44.00-44.50  sec  3.02 MBytes  50.6 Mbits/sec  0.146 ms  8781/11040 (80%)  
[2024-05-27 15:07:19.185413] [  5]  44.50-45.00  sec  2.06 MBytes  34.6 Mbits/sec  0.269 ms  3273/4817 (68%)  
[2024-05-27 15:07:19.185508] [  5]  45.00-45.50  sec  3.29 MBytes  55.1 Mbits/sec  0.497 ms  6084/8546 (71%)  
[2024-05-27 15:07:19.185603] [  5]  45.50-46.00  sec  5.53 MBytes  92.8 Mbits/sec  0.035 ms  9210/13351 (69%)  
[2024-05-27 15:07:19.185697] [  5]  46.00-46.50  sec  5.04 MBytes  84.5 Mbits/sec  0.025 ms  9573/13347 (72%)  
[2024-05-27 15:07:19.185791] [  5]  46.50-47.00  sec  5.33 MBytes  89.4 Mbits/sec  0.254 ms  30681/34671 (88%)  
[2024-05-27 15:07:19.185886] [  5]  47.00-47.50  sec  9.05 MBytes   152 Mbits/sec  0.055 ms  59859/66639 (90%)  
[2024-05-27 15:07:19.185980] [  5]  47.50-48.00  sec  8.99 MBytes   151 Mbits/sec  0.032 ms  53687/60421 (89%)  
[2024-05-27 15:07:19.186073] [  5]  48.00-48.50  sec  7.33 MBytes   123 Mbits/sec  1.150 ms  27792/33279 (84%)  
[2024-05-27 15:07:43.181510] [  5]  48.50-49.00  sec  7.45 MBytes   125 Mbits/sec  0.653 ms  25848/31428 (82%)  
[2024-05-27 15:07:43.181819] [  5]  49.00-49.50  sec  6.62 MBytes   111 Mbits/sec  1.045 ms  10638/15595 (68%)  
[2024-05-27 15:07:43.181946] [  5]  49.50-50.00  sec  8.24 MBytes   138 Mbits/sec  0.254 ms  13980/20153 (69%)  
[2024-05-27 15:07:43.182123] [  5]  50.00-50.50  sec  12.2 MBytes   205 Mbits/sec  0.030 ms  29214/38366 (76%)  
[2024-05-27 15:07:43.182224] [  5]  50.50-51.00  sec  9.91 MBytes   166 Mbits/sec  0.038 ms  23826/31250 (76%)  
[2024-05-27 15:07:43.182326] [  5]  51.00-51.50  sec  7.63 MBytes   128 Mbits/sec  2.570 ms  15623/21335 (73%)  
[2024-05-27 15:07:43.182429] [  5]  51.50-52.00  sec  7.31 MBytes   123 Mbits/sec  0.020 ms  8772/14249 (62%)  
[2024-05-27 15:07:43.182527] [  5]  52.00-52.50  sec  13.6 MBytes   229 Mbits/sec  0.082 ms  16439/26657 (62%)  
[2024-05-27 15:07:43.182626] [  5]  52.50-53.00  sec  14.8 MBytes   247 Mbits/sec  0.053 ms  35233/46283 (76%)  
[2024-05-27 15:07:43.182804] [  5]  53.00-53.50  sec  12.8 MBytes   214 Mbits/sec  0.093 ms  12904/22473 (57%)  
[2024-05-27 15:07:43.182902] [  5]  53.50-54.00  sec  11.5 MBytes   193 Mbits/sec  0.649 ms  7646/16270 (47%)  
[2024-05-27 15:07:43.183034] [  5]  54.00-54.50  sec  12.9 MBytes   217 Mbits/sec  0.055 ms  11978/21677 (55%)  
[2024-05-27 15:07:43.183136] [  5]  54.50-55.00  sec  12.9 MBytes   216 Mbits/sec  0.023 ms  14740/24390 (60%)  
[2024-05-27 15:07:43.183234] [  5]  55.00-55.50  sec  13.3 MBytes   224 Mbits/sec  0.057 ms  14936/24933 (60%)  
[2024-05-27 15:07:43.183330] [  5]  55.50-56.00  sec  14.6 MBytes   245 Mbits/sec  0.022 ms  13975/24909 (56%)  
[2024-05-27 15:07:43.183425] [  5]  56.00-56.50  sec  15.5 MBytes   259 Mbits/sec  0.109 ms  14885/26460 (56%)  
[2024-05-27 15:07:43.183595] [  5]  56.50-57.00  sec  11.9 MBytes   200 Mbits/sec  0.019 ms  9306/18237 (51%)  
[2024-05-27 15:07:43.183774] [  5]  57.00-57.50  sec  11.7 MBytes   196 Mbits/sec  0.058 ms  7986/16746 (48%)  
[2024-05-27 15:07:43.183877] [  5]  57.50-58.00  sec  9.57 MBytes   160 Mbits/sec  0.017 ms  6894/14059 (49%)  
[2024-05-27 15:07:43.183974] [  5]  58.00-58.50  sec  15.2 MBytes   255 Mbits/sec  0.031 ms  19380/30750 (63%)  
[2024-05-27 15:07:43.184070] [  5]  58.50-59.00  sec  13.5 MBytes   226 Mbits/sec  0.196 ms  19238/29320 (66%)  
[2024-05-27 15:07:43.184166] [  5]  59.00-59.50  sec  12.3 MBytes   207 Mbits/sec  0.059 ms  8284/17521 (47%)  
[2024-05-27 15:07:43.184264] [  5]  59.50-60.00  sec  13.3 MBytes   224 Mbits/sec  0.035 ms  11661/21649 (54%)  
[2024-05-27 15:07:43.184414] [  5]  60.00-60.50  sec  13.2 MBytes   222 Mbits/sec  0.021 ms  10695/20587 (52%)  
[2024-05-27 15:07:43.184671] [  5]  60.50-61.00  sec  9.16 MBytes   154 Mbits/sec  0.424 ms  12890/19747 (65%)  
[2024-05-27 15:07:43.184768] [  5]  61.00-61.50  sec  6.21 MBytes   104 Mbits/sec  0.083 ms  4574/9225 (50%)  
[2024-05-27 15:07:43.185164] [  5]  61.50-62.00  sec  6.18 MBytes   104 Mbits/sec  0.055 ms  4283/8908 (48%)  
[2024-05-27 15:07:43.185389] [  5]  62.00-62.50  sec  3.59 MBytes  60.2 Mbits/sec  0.253 ms  3587/6276 (57%)  
[2024-05-27 15:07:43.185485] [  5]  62.50-63.00  sec  8.17 MBytes   137 Mbits/sec  0.027 ms  9439/15561 (61%)  
[2024-05-27 15:07:43.185735] [  5]  63.00-63.50  sec  10.8 MBytes   180 Mbits/sec  0.554 ms  22833/30885 (74%)  
[2024-05-27 15:07:43.185830] [  5]  63.50-64.00  sec  8.10 MBytes   136 Mbits/sec  0.076 ms  22949/29013 (79%)  
[2024-05-27 15:07:43.185925] [  5]  64.00-64.50  sec  7.67 MBytes   129 Mbits/sec  0.670 ms  30340/36082 (84%)  
[2024-05-27 15:07:43.186020] [  5]  64.50-65.00  sec  9.29 MBytes   156 Mbits/sec  0.043 ms  12369/19330 (64%)  
[2024-05-27 15:07:43.186116] [  5]  65.00-65.50  sec  8.28 MBytes   139 Mbits/sec  0.598 ms  11402/17600 (65%)  
[2024-05-27 15:07:43.186211] [  5]  65.50-66.00  sec  8.26 MBytes   139 Mbits/sec  1.618 ms  18536/24721 (75%)  
[2024-05-27 15:07:43.186305] [  5]  66.00-66.50  sec  6.90 MBytes   116 Mbits/sec  0.197 ms  12889/18057 (71%)  
[2024-05-27 15:07:43.186400] [  5]  66.50-67.00  sec  6.34 MBytes   106 Mbits/sec  0.871 ms  10977/15723 (70%)  
[2024-05-27 15:07:43.186500] [  5]  67.00-67.50  sec  5.35 MBytes  89.7 Mbits/sec  0.012 ms  9203/13209 (70%)  
[2024-05-27 15:07:43.186595] [  5]  67.50-68.00  sec  6.20 MBytes   104 Mbits/sec  0.289 ms  13119/17765 (74%)  
[2024-05-27 15:07:43.186691] [  5]  68.00-68.50  sec  5.57 MBytes  93.5 Mbits/sec  0.050 ms  9248/13423 (69%)  
[2024-05-27 15:07:43.186786] [  5]  68.50-69.00  sec  5.43 MBytes  91.1 Mbits/sec  0.114 ms  13555/17621 (77%)  
[2024-05-27 15:07:43.186882] [  5]  69.00-69.50  sec  5.06 MBytes  84.9 Mbits/sec  0.143 ms  12003/15791 (76%)  
[2024-05-27 15:07:43.186979] [  5]  69.50-70.00  sec  4.58 MBytes  76.9 Mbits/sec  0.173 ms  14112/17544 (80%)  
[2024-05-27 15:07:43.187074] [  5]  70.00-70.50  sec  5.36 MBytes  90.0 Mbits/sec  0.023 ms  17886/21904 (82%)  
[2024-05-27 15:07:43.187169] [  5]  70.50-71.00  sec  7.09 MBytes   119 Mbits/sec  0.020 ms  21026/26336 (80%)  
[2024-05-27 15:07:43.187264] [  5]  71.00-71.50  sec  5.18 MBytes  87.0 Mbits/sec  0.116 ms  18419/22301 (83%)  
[2024-05-27 15:07:43.187359] [  5]  71.50-72.00  sec  6.63 MBytes   111 Mbits/sec  0.039 ms  17684/22647 (78%)  
[2024-05-27 15:07:43.187468] [  5]  72.00-72.50  sec  5.10 MBytes  85.6 Mbits/sec  0.074 ms  27055/30878 (88%)  
[2024-05-27 15:08:08.181481] [  5]  72.50-73.00  sec  6.83 MBytes   115 Mbits/sec  0.063 ms  24425/29537 (83%)  
[2024-05-27 15:08:08.181825] [  5]  73.00-73.50  sec  8.58 MBytes   144 Mbits/sec  0.030 ms  22040/28468 (77%)  
[2024-05-27 15:08:08.181958] [  5]  73.50-74.00  sec  9.15 MBytes   154 Mbits/sec  0.190 ms  29335/36188 (81%)  
[2024-05-27 15:08:08.182066] [  5]  74.00-74.50  sec  8.79 MBytes   148 Mbits/sec  0.044 ms  24765/31352 (79%)  
[2024-05-27 15:08:08.182168] [  5]  74.50-75.00  sec  9.26 MBytes   155 Mbits/sec  0.021 ms  21564/28499 (76%)  
[2024-05-27 15:08:08.182267] [  5]  75.00-75.50  sec  8.92 MBytes   150 Mbits/sec  0.039 ms  15805/22484 (70%)  
[2024-05-27 15:08:08.182364] [  5]  75.50-76.00  sec  7.22 MBytes   121 Mbits/sec  0.390 ms  12637/18046 (70%)  
[2024-05-27 15:08:08.182462] [  5]  76.00-76.50  sec  5.78 MBytes  97.0 Mbits/sec  0.091 ms  9323/13652 (68%)  
[2024-05-27 15:08:08.182559] [  5]  76.50-77.00  sec  3.92 MBytes  65.8 Mbits/sec  0.693 ms  7454/10393 (72%)  
[2024-05-27 15:08:08.182658] [  5]  77.00-77.50  sec  3.79 MBytes  63.6 Mbits/sec  0.330 ms  6432/9271 (69%)  
[2024-05-27 15:08:08.182756] [  5]  77.50-78.00  sec  3.74 MBytes  62.7 Mbits/sec  0.188 ms  5891/8692 (68%)  
[2024-05-27 15:08:08.182852] [  5]  78.00-78.50  sec  4.30 MBytes  72.2 Mbits/sec  0.035 ms  6281/9504 (66%)  
[2024-05-27 15:08:08.182947] [  5]  78.50-79.00  sec  3.44 MBytes  57.6 Mbits/sec  0.027 ms  6062/8635 (70%)  
[2024-05-27 15:08:08.183043] [  5]  79.00-79.50  sec  3.82 MBytes  64.1 Mbits/sec  0.063 ms  5971/8834 (68%)  
[2024-05-27 15:08:08.183140] [  5]  79.50-80.00  sec  3.74 MBytes  62.7 Mbits/sec  0.198 ms  12516/15316 (82%)  
[2024-05-27 15:08:08.183236] [  5]  80.00-80.50  sec  3.48 MBytes  58.4 Mbits/sec  0.139 ms  8862/11468 (77%)  
[2024-05-27 15:08:08.183332] [  5]  80.50-81.00  sec  3.18 MBytes  53.3 Mbits/sec  0.682 ms  12836/15217 (84%)  
[2024-05-27 15:08:08.183427] [  5]  81.00-81.50  sec  3.17 MBytes  53.2 Mbits/sec  0.074 ms  18309/20684 (89%)  
[2024-05-27 15:08:08.183526] [  5]  81.50-82.00  sec  2.44 MBytes  40.9 Mbits/sec  0.061 ms  11148/12973 (86%)  
[2024-05-27 15:08:08.183623] [  5]  82.00-82.50  sec  3.57 MBytes  59.9 Mbits/sec  0.976 ms  19604/22277 (88%)  
[2024-05-27 15:08:08.183810] [  5]  82.50-83.00  sec  3.65 MBytes  61.3 Mbits/sec  0.200 ms  15296/18031 (85%)  
[2024-05-27 15:08:08.183915] [  5]  83.00-83.50  sec  2.56 MBytes  42.9 Mbits/sec  1.229 ms  13852/15769 (88%)  
[2024-05-27 15:08:08.184011] [  5]  83.50-84.00  sec  3.39 MBytes  56.9 Mbits/sec  2.712 ms  19248/21789 (88%)  
[2024-05-27 15:08:08.184106] [  5]  84.00-84.50  sec  2.63 MBytes  44.1 Mbits/sec  0.457 ms  14311/16281 (88%)  
[2024-05-27 15:08:08.184202] [  5]  84.50-85.00  sec  2.91 MBytes  48.8 Mbits/sec  0.659 ms  15161/17338 (87%)  
[2024-05-27 15:08:08.184297] [  5]  85.00-85.50  sec  2.97 MBytes  49.8 Mbits/sec  0.201 ms  15723/17947 (88%)  
[2024-05-27 15:08:08.184392] [  5]  85.50-86.00  sec  1.77 MBytes  29.7 Mbits/sec  0.776 ms  9959/11284 (88%)  
[2024-05-27 15:08:08.184497] [  5]  86.00-86.50  sec  1.94 MBytes  32.6 Mbits/sec  0.133 ms  11997/13452 (89%)  
[2024-05-27 15:08:08.184591] [  5]  86.50-87.00  sec   808 KBytes  13.2 Mbits/sec  2.656 ms  5929/6520 (91%)  
[2024-05-27 15:08:08.184687] [  5]  87.00-87.50  sec   733 KBytes  12.0 Mbits/sec  0.300 ms  3780/4316 (88%)  
[2024-05-27 15:08:08.184783] [  5]  87.50-88.00  sec   725 KBytes  11.9 Mbits/sec  2.613 ms  3990/4520 (88%)  
[2024-05-27 15:08:08.184877] [  5]  88.00-88.50  sec  1.69 MBytes  28.3 Mbits/sec  0.237 ms  12191/13454 (91%)  
[2024-05-27 15:08:08.184970] [  5]  88.50-89.00  sec  2.75 MBytes  46.1 Mbits/sec  0.596 ms  22254/24310 (92%)  
[2024-05-27 15:08:08.185065] [  5]  89.00-89.50  sec  2.23 MBytes  37.4 Mbits/sec  0.243 ms  10009/11681 (86%)  
[2024-05-27 15:08:08.185159] [  5]  89.50-90.00  sec  1.06 MBytes  17.8 Mbits/sec  1.372 ms  7866/8659 (91%)  
[2024-05-27 15:08:08.185280] [  5]  90.00-90.50  sec  1.41 MBytes  23.7 Mbits/sec  0.760 ms  5884/6942 (85%)  
[2024-05-27 15:08:08.185379] [  5]  90.50-91.00  sec  1.71 MBytes  28.7 Mbits/sec  0.974 ms  9773/11056 (88%)  
[2024-05-27 15:08:08.185498] [  5]  91.00-91.50  sec  1.12 MBytes  18.8 Mbits/sec  1.001 ms  7865/8703 (90%)  
[2024-05-27 15:08:08.185592] [  5]  91.50-92.00  sec  1.61 MBytes  27.0 Mbits/sec  0.788 ms  14622/15826 (92%)  
[2024-05-27 15:08:08.185686] [  5]  92.00-92.50  sec   928 KBytes  15.2 Mbits/sec  1.686 ms  5849/6528 (90%)  
[2024-05-27 15:08:08.185781] [  5]  92.50-93.00  sec  1.94 MBytes  32.5 Mbits/sec  0.299 ms  9851/11302 (87%)  
[2024-05-27 15:08:08.185874] [  5]  93.00-93.50  sec  1.22 MBytes  20.5 Mbits/sec  0.218 ms  5935/6852 (87%)  
[2024-05-27 15:08:08.185968] [  5]  93.50-94.00  sec   521 KBytes  8.53 Mbits/sec  1.180 ms  3965/4346 (91%)  
[2024-05-27 15:08:08.186065] [  5]  94.00-94.50  sec   433 KBytes  7.10 Mbits/sec  3.905 ms  1851/2168 (85%)  
[2024-05-27 15:08:08.186160] [  5]  94.50-95.00  sec   622 KBytes  10.2 Mbits/sec  1.280 ms  8371/8826 (95%)  
[2024-05-27 15:08:08.186255] [  5]  95.00-95.50  sec  4.10 KBytes  67.2 Kbits/sec  28.142 ms  88/91 (97%)  
[2024-05-27 15:08:08.186351] [  5]  95.50-96.00  sec  10.9 KBytes   179 Kbits/sec  33.446 ms  329/337 (98%)  
[2024-05-27 15:08:08.186447] [  5]  96.00-96.50  sec  99.8 KBytes  1.64 Mbits/sec  146.485 ms  476140/476213 (1e+02%)  
[2024-05-27 15:08:08.186540] [  5]  96.50-97.00  sec  1.55 MBytes  26.1 Mbits/sec  0.344 ms  -1163/0 (0%)  
[2024-05-27 15:08:08.186635] [  5]  97.00-97.50  sec   567 KBytes  9.29 Mbits/sec  3.000 ms  -415/0 (0%)  
[2024-05-27 15:08:37.332016] [  5]  97.50-98.00  sec   216 KBytes  3.54 Mbits/sec  4.109 ms  -158/0 (0%)  
[2024-05-27 15:08:37.332259] [  5]  98.00-98.50  sec   576 KBytes  9.43 Mbits/sec  2.931 ms  -421/0 (0%)  
[2024-05-27 15:08:37.332401] [  5]  98.50-99.00  sec  1.30 MBytes  21.9 Mbits/sec  0.312 ms  -977/0 (0%)  
[2024-05-27 15:08:37.332675] [  5]  99.00-99.50  sec  1.05 MBytes  17.6 Mbits/sec  0.548 ms  -784/0 (0%)  
[2024-05-27 15:08:37.332880] [  5]  99.50-100.00 sec   421 KBytes  6.90 Mbits/sec  0.488 ms  -308/0 (0%)  
[2024-05-27 15:08:37.333167] [  5] 100.00-100.50 sec   120 KBytes  1.97 Mbits/sec  8.930 ms  -88/0 (0%)  
[2024-05-27 15:08:37.333191] [  5] 100.50-101.00 sec   830 KBytes  13.6 Mbits/sec  0.153 ms  -607/0 (0%)  
[2024-05-27 15:08:37.333215] [  5] 101.00-101.50 sec  1.05 MBytes  17.6 Mbits/sec  0.378 ms  -786/0 (0%)  
[2024-05-27 15:08:37.333241] [  5] 101.50-102.00 sec  1.15 MBytes  19.4 Mbits/sec  0.072 ms  -60/804 (-7.5%)  
[2024-05-27 15:08:37.333336] [  5] 102.00-102.50 sec   539 KBytes  8.83 Mbits/sec  1.537 ms  0/394 (0%)  
[2024-05-27 15:08:37.333360] [  5] 102.50-103.00 sec   927 KBytes  15.2 Mbits/sec  0.200 ms  0/678 (0%)  
[2024-05-27 15:08:37.333383] [  5] 103.00-103.50 sec  2.09 MBytes  35.1 Mbits/sec  0.306 ms  0/1566 (0%)  
[2024-05-27 15:08:37.333407] [  5] 103.50-104.00 sec   973 KBytes  15.9 Mbits/sec  0.902 ms  -27/685 (-3.9%)  
[2024-05-27 15:08:37.333431] [  5] 104.00-104.50 sec   563 KBytes  9.23 Mbits/sec  5.530 ms  0/412 (0%)  
[2024-05-27 15:08:37.333455] [  5] 104.50-105.00 sec   679 KBytes  11.1 Mbits/sec  0.529 ms  3/500 (0.6%)  
[2024-05-27 15:08:37.333479] [  5] 105.00-105.50 sec  1.71 MBytes  28.7 Mbits/sec  2.926 ms  1713/2995 (57%)  
[2024-05-27 15:08:37.333503] [  5] 105.50-106.00 sec  1.03 MBytes  17.2 Mbits/sec  0.057 ms  987/1757 (56%)  
[2024-05-27 15:08:37.333527] [  5] 106.00-106.50 sec  1.61 MBytes  27.1 Mbits/sec  0.606 ms  1547/2755 (56%)  
[2024-05-27 15:08:37.333552] [  5] 106.50-107.00 sec  1.53 MBytes  25.7 Mbits/sec  0.206 ms  495/1641 (30%)  
[2024-05-27 15:08:37.333576] [  5] 107.00-107.50 sec  1.16 MBytes  19.4 Mbits/sec  2.593 ms  0/866 (0%)  
[2024-05-27 15:08:37.333625] [  5] 107.50-108.00 sec  1.01 MBytes  17.0 Mbits/sec  0.816 ms  0/757 (0%)  
[2024-05-27 15:08:37.333649] [  5] 108.00-108.50 sec   837 KBytes  13.7 Mbits/sec  0.111 ms  0/612 (0%)  
[2024-05-27 15:08:37.333672] [  5] 108.50-109.00 sec  1.70 MBytes  28.4 Mbits/sec  2.702 ms  0/1270 (0%)  
[2024-05-27 15:08:37.333749] [  5] 109.00-109.50 sec  2.69 MBytes  45.1 Mbits/sec  0.440 ms  0/2015 (0%)  
[2024-05-27 15:08:37.333806] [  5] 109.50-110.00 sec  2.30 MBytes  38.6 Mbits/sec  0.432 ms  14576/16297 (89%)  
[2024-05-27 15:08:37.334173] [  5] 110.00-110.50 sec   535 KBytes  8.76 Mbits/sec  6.192 ms  6343/6734 (94%)  
[2024-05-27 15:08:37.334440] [  5] 110.50-111.00 sec   213 KBytes  3.49 Mbits/sec  1.961 ms  4201/4357 (96%)  
[2024-05-27 15:08:37.334536] [  5] 111.00-111.50 sec   726 KBytes  11.9 Mbits/sec  1.436 ms  8392/8923 (94%)  
[2024-05-27 15:08:37.334630] [  5] 111.50-112.00 sec   504 KBytes  8.27 Mbits/sec  9.529 ms  8993/9362 (96%)  
[2024-05-27 15:08:37.334725] [  5] 112.00-112.50 sec   271 KBytes  4.44 Mbits/sec  1.610 ms  1693/1891 (90%)  
[2024-05-27 15:08:37.334818] [  5] 112.50-113.00 sec   450 KBytes  7.37 Mbits/sec  1.748 ms  8505/8834 (96%)  
[2024-05-27 15:08:37.335291] [  5] 113.00-113.50 sec   852 KBytes  14.0 Mbits/sec  0.424 ms  10564/11187 (94%)  
[2024-05-27 15:08:37.335389] [  5] 113.50-114.00 sec   388 KBytes  6.36 Mbits/sec  1.692 ms  10852/11136 (97%)  
[2024-05-27 15:08:37.335485] [  5] 114.00-114.50 sec  1.19 MBytes  20.0 Mbits/sec  1.868 ms  62492/63385 (99%)  
[2024-05-27 15:08:37.335580] [  5] 114.50-115.00 sec  2.18 MBytes  36.6 Mbits/sec  2.972 ms  41580/43212 (96%)  
[2024-05-27 15:08:37.335742] [  5] 115.00-115.50 sec  2.20 MBytes  36.9 Mbits/sec  0.208 ms  78970/80616 (98%)  
[2024-05-27 15:08:37.335848] [  5] 115.50-116.00 sec  2.11 MBytes  35.4 Mbits/sec  3.015 ms  64769/66348 (98%)  
[2024-05-27 15:08:37.335944] [  5] 116.00-116.50 sec  1.48 MBytes  24.8 Mbits/sec  0.448 ms  12391/13497 (92%)  
[2024-05-27 15:08:37.336038] [  5] 116.50-117.00 sec  1.57 MBytes  26.3 Mbits/sec  0.198 ms  20643/21817 (95%)  
[2024-05-27 15:08:37.336136] [  5] 117.00-117.50 sec   945 KBytes  15.5 Mbits/sec  0.415 ms  28281/28972 (98%)  
[2024-05-27 15:08:37.336231] [  5] 117.50-118.00 sec   932 KBytes  15.3 Mbits/sec  3.804 ms  28782/29464 (98%)  
[2024-05-27 15:08:37.336327] [  5] 118.00-118.50 sec   781 KBytes  12.8 Mbits/sec  2.597 ms  3936/4507 (87%)  
[2024-05-27 15:08:37.336421] [  5] 118.50-119.00 sec  1.54 MBytes  25.8 Mbits/sec  0.410 ms  34189/35343 (97%)  
[2024-05-27 15:08:37.336515] [  5] 119.00-119.50 sec  2.33 MBytes  39.1 Mbits/sec  0.447 ms  29425/31169 (94%)  
[2024-05-27 15:08:37.336609] [  5] 119.50-120.00 sec  2.68 MBytes  44.9 Mbits/sec  0.564 ms  44881/46887 (96%)  
[2024-05-27 15:08:37.336704] - - - - - - - - - - - - - - - - - - - - - - - - -
[2024-05-27 15:08:37.336797] [ ID] Interval           Transfer     Bitrate         Jitter    Lost/Total Datagrams
[2024-05-27 15:08:37.336892] [  5]   0.00-120.27 sec  7.00 GBytes   500 Mbits/sec  0.000 ms  0/5369212 (0%)  sender
[2024-05-27 15:08:37.336986] [SUM]  0.0-120.3 sec  224646 datagrams received out-of-order
[2024-05-27 15:08:37.337082] [  5]   0.00-120.00 sec  1.41 GBytes   101 Mbits/sec  0.564 ms  3736777/4818087 (78%)  receiver
[2024-05-27 15:08:37.337177] 
[2024-05-27 15:08:37.337272] iperf Done.
End time: 1716836917359
