Start time: 1716827249940
[2024-05-27 12:27:30.774257] nuttcp-r: v8.1.4: socket
[2024-05-27 12:27:30.775221] nuttcp-r: buflen=65536, nstream=1, port=5001 tcp
[2024-05-27 12:27:30.775285] nuttcp-r: interval reporting every 0.50 seconds
[2024-05-27 12:27:30.775325] nuttcp-r: connect to 35.245.244.238 with RTT=49.498 ms af=inet
[2024-05-27 12:27:30.775364] nuttcp-r: send window size = 1048576, receive window size = 4194304
[2024-05-27 12:27:30.775402] nuttcp-r: available send window = 786432, available receive window = 3145728
[2024-05-27 12:27:30.775436]     0.2500 MB /   0.50 sec =    4.1934 Mbps     0 retrans     13 KB-cwnd
[2024-05-27 12:27:31.273836]     0.6250 MB /   0.50 sec =   10.4866 Mbps     0 retrans     13 KB-cwnd
[2024-05-27 12:27:31.774198]     0.6250 MB /   0.50 sec =   10.4844 Mbps     0 retrans     13 KB-cwnd
[2024-05-27 12:27:32.274138]     0.3125 MB /   0.50 sec =    5.2431 Mbps     0 retrans     13 KB-cwnd
[2024-05-27 12:27:32.774016]     0.1875 MB /   0.50 sec =    3.1459 Mbps     0 retrans     13 KB-cwnd
[2024-05-27 12:27:33.274681]     0.4375 MB /   0.50 sec =    7.3339 Mbps     0 retrans     13 KB-cwnd
[2024-05-27 12:27:33.773764]     0.5625 MB /   0.50 sec =    9.4456 Mbps     0 retrans     13 KB-cwnd
[2024-05-27 12:27:34.273895]     0.3125 MB /   0.50 sec =    5.2424 Mbps     0 retrans     13 KB-cwnd
[2024-05-27 12:27:34.773731]     0.5625 MB /   0.50 sec =    9.4381 Mbps     0 retrans     13 KB-cwnd
[2024-05-27 12:27:35.273779]     0.3125 MB /   0.50 sec =    5.2428 Mbps     0 retrans     13 KB-cwnd
[2024-05-27 12:27:35.774039]     0.8750 MB /   0.50 sec =   14.6805 Mbps     0 retrans     13 KB-cwnd
[2024-05-27 12:27:36.274112]     0.8750 MB /   0.50 sec =   14.6687 Mbps     0 retrans     13 KB-cwnd
[2024-05-27 12:27:36.773795]     1.0000 MB /   0.50 sec =   16.7884 Mbps     0 retrans     13 KB-cwnd
[2024-05-27 12:27:37.273714]     0.4375 MB /   0.50 sec =    7.3409 Mbps     0 retrans     13 KB-cwnd
[2024-05-27 12:27:37.773742]     0.3750 MB /   0.50 sec =    6.2914 Mbps     0 retrans     13 KB-cwnd
[2024-05-27 12:27:38.273976]     0.2500 MB /   0.50 sec =    4.1941 Mbps     0 retrans     13 KB-cwnd
[2024-05-27 12:27:38.775263]     0.1250 MB /   0.50 sec =    2.0910 Mbps     0 retrans     13 KB-cwnd
[2024-05-27 12:27:39.274792]     0.1875 MB /   0.50 sec =    3.1486 Mbps     0 retrans     13 KB-cwnd
[2024-05-27 12:27:39.773762]     0.1875 MB /   0.50 sec =    3.1520 Mbps     0 retrans     13 KB-cwnd
[2024-05-27 12:27:40.273716]     0.2500 MB /   0.50 sec =    4.1945 Mbps     0 retrans     13 KB-cwnd
[2024-05-27 12:27:40.773731]     0.4375 MB /   0.50 sec =    7.3400 Mbps     0 retrans     13 KB-cwnd
[2024-05-27 12:27:41.273768]     0.2500 MB /   0.50 sec =    4.1943 Mbps     0 retrans     13 KB-cwnd
[2024-05-27 12:27:41.773850]     0.3125 MB /   0.50 sec =    5.2432 Mbps     0 retrans     13 KB-cwnd
[2024-05-27 12:27:42.274179]     0.8750 MB /   0.50 sec =   14.6667 Mbps     0 retrans     13 KB-cwnd
[2024-05-27 12:27:42.773752]     0.8750 MB /   0.50 sec =   14.6928 Mbps     0 retrans     13 KB-cwnd
[2024-05-27 12:27:43.273904]     1.0625 MB /   0.50 sec =   17.8246 Mbps     0 retrans     13 KB-cwnd
[2024-05-27 12:27:43.773999]     0.6875 MB /   0.50 sec =   11.5340 Mbps     0 retrans     13 KB-cwnd
[2024-05-27 12:27:44.273797]     0.8125 MB /   0.50 sec =   13.6323 Mbps     0 retrans     13 KB-cwnd
[2024-05-27 12:27:44.774836]     0.2500 MB /   0.50 sec =    4.1856 Mbps     0 retrans     13 KB-cwnd
[2024-05-27 12:27:45.273711]     0.6250 MB /   0.50 sec =   10.5085 Mbps     0 retrans     13 KB-cwnd
[2024-05-27 12:27:45.773710]     0.9375 MB /   0.50 sec =   15.7284 Mbps     0 retrans     13 KB-cwnd
[2024-05-27 12:27:46.273756]     0.8750 MB /   0.50 sec =   14.6786 Mbps     0 retrans     13 KB-cwnd
[2024-05-27 12:27:46.773760]     1.0000 MB /   0.50 sec =   16.7774 Mbps     0 retrans     13 KB-cwnd
[2024-05-27 12:27:47.273724]     0.8125 MB /   0.50 sec =   13.6324 Mbps     0 retrans     13 KB-cwnd
[2024-05-27 12:27:47.774778]     0.0000 MB /   0.50 sec =    0.0000 Mbps     0 retrans     13 KB-cwnd
[2024-05-27 12:27:48.273920]     0.0000 MB /   0.50 sec =    0.0000 Mbps     0 retrans     13 KB-cwnd
[2024-05-27 12:27:48.774860]     0.4375 MB /   0.50 sec =    7.3252 Mbps     0 retrans     13 KB-cwnd
[2024-05-27 12:27:49.273774]     0.0625 MB /   0.50 sec =    1.0508 Mbps     0 retrans     13 KB-cwnd
[2024-05-27 12:27:49.773768]     0.1250 MB /   0.50 sec =    2.0972 Mbps     0 retrans     13 KB-cwnd
[2024-05-27 12:27:50.273722]     0.1250 MB /   0.50 sec =    2.0972 Mbps     0 retrans     13 KB-cwnd
[2024-05-27 12:27:50.773788]     0.0625 MB /   0.50 sec =    1.0485 Mbps     0 retrans     13 KB-cwnd
[2024-05-27 12:27:51.273784]     0.0625 MB /   0.50 sec =    1.0486 Mbps     0 retrans     13 KB-cwnd
[2024-05-27 12:27:51.773760]     0.1250 MB /   0.50 sec =    2.0972 Mbps     0 retrans     13 KB-cwnd
[2024-05-27 12:27:52.274797]     0.0625 MB /   0.50 sec =    1.0465 Mbps     0 retrans     13 KB-cwnd
[2024-05-27 12:27:52.774222]     0.0000 MB /   0.50 sec =    0.0000 Mbps     0 retrans     13 KB-cwnd
[2024-05-27 12:27:53.273734]     0.0625 MB /   0.50 sec =    1.0489 Mbps     0 retrans     13 KB-cwnd
[2024-05-27 12:27:53.773701]     0.4375 MB /   0.50 sec =    7.3398 Mbps     0 retrans     13 KB-cwnd
[2024-05-27 12:27:54.275316]     0.1875 MB /   0.50 sec =    3.1363 Mbps     0 retrans     13 KB-cwnd
[2024-05-27 12:27:54.773744]     0.1875 MB /   0.50 sec =    3.1553 Mbps     0 retrans     13 KB-cwnd
[2024-05-27 12:27:55.273800]     0.3125 MB /   0.50 sec =    5.2424 Mbps     0 retrans     13 KB-cwnd
[2024-05-27 12:27:55.773797]     0.1875 MB /   0.50 sec =    3.1459 Mbps     0 retrans     13 KB-cwnd
[2024-05-27 12:27:56.273700]     0.3750 MB /   0.50 sec =    6.2920 Mbps     0 retrans     13 KB-cwnd
[2024-05-27 12:27:56.773759]     0.5000 MB /   0.50 sec =    8.3883 Mbps     0 retrans     13 KB-cwnd
[2024-05-27 12:27:57.273715]     0.8750 MB /   0.50 sec =   14.6804 Mbps     0 retrans     13 KB-cwnd
[2024-05-27 12:27:57.773715]     0.6875 MB /   0.50 sec =   11.5345 Mbps     0 retrans     13 KB-cwnd
[2024-05-27 12:27:58.273750]     0.6250 MB /   0.50 sec =   10.4856 Mbps     0 retrans     13 KB-cwnd
[2024-05-27 12:27:58.773781]     0.8125 MB /   0.50 sec =   13.6313 Mbps     0 retrans     13 KB-cwnd
[2024-05-27 12:27:59.273823]     1.0625 MB /   0.50 sec =   17.8261 Mbps     0 retrans     13 KB-cwnd
[2024-05-27 12:27:59.773697]     1.0000 MB /   0.50 sec =   16.7775 Mbps     0 retrans     13 KB-cwnd
[2024-05-27 12:28:00.273719]     1.3750 MB /   0.50 sec =   23.0685 Mbps     0 retrans     13 KB-cwnd
[2024-05-27 12:28:00.773699]     0.6875 MB /   0.50 sec =   11.5344 Mbps     0 retrans     13 KB-cwnd
[2024-05-27 12:28:01.273758]     0.5000 MB /   0.50 sec =    8.3881 Mbps     0 retrans     13 KB-cwnd
[2024-05-27 12:28:01.773716]     0.1875 MB /   0.50 sec =    3.1458 Mbps     0 retrans     13 KB-cwnd
[2024-05-27 12:28:02.274815]     0.2500 MB /   0.50 sec =    4.1857 Mbps     0 retrans     13 KB-cwnd
[2024-05-27 12:28:02.773727]     0.4375 MB /   0.50 sec =    7.3553 Mbps     0 retrans     13 KB-cwnd
[2024-05-27 12:28:03.273700]     0.9375 MB /   0.50 sec =   15.7286 Mbps     0 retrans     13 KB-cwnd
[2024-05-27 12:28:03.773765]     0.8750 MB /   0.50 sec =   14.6792 Mbps     0 retrans     13 KB-cwnd
[2024-05-27 12:28:04.273741]     0.6875 MB /   0.50 sec =   11.5346 Mbps     0 retrans     13 KB-cwnd
[2024-05-27 12:28:04.774020]     0.8125 MB /   0.50 sec =   13.6266 Mbps     0 retrans     13 KB-cwnd
[2024-05-27 12:28:05.274098]     0.4375 MB /   0.50 sec =    7.3375 Mbps     0 retrans     13 KB-cwnd
[2024-05-27 12:28:05.774749]     0.1250 MB /   0.50 sec =    2.0946 Mbps     0 retrans     13 KB-cwnd
[2024-05-27 12:28:06.273708]     0.3125 MB /   0.50 sec =    5.2532 Mbps     0 retrans     13 KB-cwnd
[2024-05-27 12:28:06.774323]     0.3125 MB /   0.50 sec =    5.2385 Mbps     0 retrans     13 KB-cwnd
[2024-05-27 12:28:07.273834]     0.0625 MB /   0.50 sec =    1.0492 Mbps     0 retrans     13 KB-cwnd
[2024-05-27 12:28:07.773765]     0.1250 MB /   0.50 sec =    2.0974 Mbps     0 retrans     13 KB-cwnd
[2024-05-27 12:28:08.273779]     0.1250 MB /   0.50 sec =    2.0972 Mbps     0 retrans     13 KB-cwnd
[2024-05-27 12:28:08.773771]     0.0625 MB /   0.50 sec =    1.0486 Mbps     0 retrans     13 KB-cwnd
[2024-05-27 12:28:09.273749]     0.0625 MB /   0.50 sec =    1.0486 Mbps     0 retrans     13 KB-cwnd
[2024-05-27 12:28:09.773794]     0.0625 MB /   0.50 sec =    1.0485 Mbps     0 retrans     13 KB-cwnd
[2024-05-27 12:28:10.274143]     0.0625 MB /   0.50 sec =    1.0481 Mbps     0 retrans     13 KB-cwnd
[2024-05-27 12:28:10.775244]     0.0000 MB /   0.50 sec =    0.0000 Mbps     0 retrans     13 KB-cwnd
[2024-05-27 12:28:11.274220]     0.0000 MB /   0.50 sec =    0.0000 Mbps     0 retrans     13 KB-cwnd
[2024-05-27 12:28:11.774857]     0.0625 MB /   0.50 sec =    1.0472 Mbps     0 retrans     13 KB-cwnd
[2024-05-27 12:28:12.273867]     0.1250 MB /   0.50 sec =    2.1010 Mbps     0 retrans     13 KB-cwnd
[2024-05-27 12:28:12.773732]     0.0625 MB /   0.50 sec =    1.0489 Mbps     0 retrans     13 KB-cwnd
[2024-05-27 12:28:13.273763]     0.4375 MB /   0.50 sec =    7.3400 Mbps     0 retrans     13 KB-cwnd
[2024-05-27 12:28:13.773785]     0.3750 MB /   0.50 sec =    6.2915 Mbps     0 retrans     13 KB-cwnd
[2024-05-27 12:28:14.273736]     0.5000 MB /   0.50 sec =    8.3887 Mbps     0 retrans     13 KB-cwnd
[2024-05-27 12:28:14.773726]     0.5000 MB /   0.50 sec =    8.3886 Mbps     0 retrans     13 KB-cwnd
[2024-05-27 12:28:15.273865]     0.6250 MB /   0.50 sec =   10.4861 Mbps     0 retrans     13 KB-cwnd
[2024-05-27 12:28:15.773735]     0.5625 MB /   0.50 sec =    9.4370 Mbps     0 retrans     13 KB-cwnd
[2024-05-27 12:28:16.273779]     0.6875 MB /   0.50 sec =   11.5330 Mbps     0 retrans     13 KB-cwnd
[2024-05-27 12:28:16.773726]     0.7500 MB /   0.50 sec =   12.5843 Mbps     0 retrans     13 KB-cwnd
[2024-05-27 12:28:17.273722]     0.8125 MB /   0.50 sec =   13.6318 Mbps     0 retrans     13 KB-cwnd
[2024-05-27 12:28:17.773750]     0.6875 MB /   0.50 sec =   11.5341 Mbps     0 retrans     13 KB-cwnd
[2024-05-27 12:28:18.273756]     0.6875 MB /   0.50 sec =   11.5333 Mbps     0 retrans     13 KB-cwnd
[2024-05-27 12:28:18.773763]     0.8125 MB /   0.50 sec =   13.6324 Mbps     0 retrans     13 KB-cwnd
[2024-05-27 12:28:19.273846]     0.8125 MB /   0.50 sec =   13.6321 Mbps     0 retrans     13 KB-cwnd
[2024-05-27 12:28:19.773752]     0.9375 MB /   0.50 sec =   15.7281 Mbps     0 retrans     13 KB-cwnd
[2024-05-27 12:28:20.273976]     0.9375 MB /   0.50 sec =   15.7296 Mbps     0 retrans     13 KB-cwnd
[2024-05-27 12:28:20.773781]     1.1250 MB /   0.50 sec =   18.8719 Mbps     0 retrans     13 KB-cwnd
[2024-05-27 12:28:21.273867]     1.0625 MB /   0.50 sec =   17.8279 Mbps     0 retrans     13 KB-cwnd
[2024-05-27 12:28:21.773743]     1.3125 MB /   0.50 sec =   22.0195 Mbps     0 retrans     13 KB-cwnd
[2024-05-27 12:28:22.273869]     0.9375 MB /   0.50 sec =   15.7244 Mbps     0 retrans     13 KB-cwnd
[2024-05-27 12:28:22.773827]     1.3750 MB /   0.50 sec =   23.0716 Mbps     0 retrans     13 KB-cwnd
[2024-05-27 12:28:23.273724]     0.9375 MB /   0.50 sec =   15.7312 Mbps     0 retrans     13 KB-cwnd
[2024-05-27 12:28:23.773704]     1.0625 MB /   0.50 sec =   17.8255 Mbps     0 retrans     13 KB-cwnd
[2024-05-27 12:28:24.273752]     1.0625 MB /   0.50 sec =   17.8242 Mbps     0 retrans     13 KB-cwnd
[2024-05-27 12:28:24.773760]     1.0625 MB /   0.50 sec =   17.8269 Mbps     0 retrans     13 KB-cwnd
[2024-05-27 12:28:25.273723]     1.0000 MB /   0.50 sec =   16.7777 Mbps     0 retrans     13 KB-cwnd
[2024-05-27 12:28:25.773709]     1.0625 MB /   0.50 sec =   17.8259 Mbps     0 retrans     13 KB-cwnd
[2024-05-27 12:28:26.273768]     1.1875 MB /   0.50 sec =   19.9222 Mbps     0 retrans     13 KB-cwnd
[2024-05-27 12:28:26.773732]     1.4375 MB /   0.50 sec =   24.1175 Mbps     0 retrans     13 KB-cwnd
[2024-05-27 12:28:27.273917]     1.4375 MB /   0.50 sec =   24.1179 Mbps     0 retrans     13 KB-cwnd
[2024-05-27 12:28:27.773690]     1.2500 MB /   0.50 sec =   20.9717 Mbps     0 retrans     13 KB-cwnd
[2024-05-27 12:28:28.273694]     1.1250 MB /   0.50 sec =   18.8742 Mbps     0 retrans     13 KB-cwnd
[2024-05-27 12:28:28.773722]     1.4375 MB /   0.50 sec =   24.1165 Mbps     0 retrans     13 KB-cwnd
[2024-05-27 12:28:29.273721]     1.4375 MB /   0.50 sec =   24.1179 Mbps     0 retrans     13 KB-cwnd
[2024-05-27 12:28:29.773724]     0.2500 MB /   0.50 sec =    4.1943 Mbps     0 retrans     13 KB-cwnd
[2024-05-27 12:28:30.273899]     0.5000 MB /   0.50 sec =    8.3883 Mbps     0 retrans     13 KB-cwnd
[2024-05-27 12:28:30.775367]     0.5000 MB /   0.50 sec =    8.3651 Mbps     0 retrans     13 KB-cwnd
[2024-05-27 12:28:31.273914]     0.3125 MB /   0.50 sec =    5.2578 Mbps     0 retrans     13 KB-cwnd
[2024-05-27 12:28:31.773774]     0.6250 MB /   0.50 sec =   10.4853 Mbps     0 retrans     13 KB-cwnd
[2024-05-27 12:28:32.275278]     0.6250 MB /   0.50 sec =   10.4642 Mbps     0 retrans     13 KB-cwnd
[2024-05-27 12:28:32.773712]     0.8125 MB /   0.50 sec =   13.6604 Mbps     0 retrans     13 KB-cwnd
[2024-05-27 12:28:33.274706]     0.7500 MB /   0.50 sec =   12.5586 Mbps     0 retrans     13 KB-cwnd
[2024-05-27 12:28:33.773748]     1.3125 MB /   0.50 sec =   22.0607 Mbps     0 retrans     13 KB-cwnd
[2024-05-27 12:28:34.273688]     1.1875 MB /   0.50 sec =   19.9251 Mbps     0 retrans     13 KB-cwnd
[2024-05-27 12:28:34.773705]     1.3750 MB /   0.50 sec =   23.0683 Mbps     0 retrans     13 KB-cwnd
[2024-05-27 12:28:35.273762]     1.7500 MB /   0.50 sec =   29.3585 Mbps     0 retrans     13 KB-cwnd
[2024-05-27 12:28:35.773689]     1.8750 MB /   0.50 sec =   31.4595 Mbps     0 retrans     13 KB-cwnd
[2024-05-27 12:28:36.273699]     1.8125 MB /   0.50 sec =   30.4086 Mbps     0 retrans     13 KB-cwnd
[2024-05-27 12:28:36.773753]     2.3125 MB /   0.50 sec =   38.7957 Mbps     0 retrans     13 KB-cwnd
[2024-05-27 12:28:37.274038]     2.5000 MB /   0.50 sec =   41.9164 Mbps     0 retrans     13 KB-cwnd
[2024-05-27 12:28:37.773793]     2.3750 MB /   0.50 sec =   39.8658 Mbps     0 retrans     13 KB-cwnd
[2024-05-27 12:28:38.273708]     2.5000 MB /   0.50 sec =   41.9503 Mbps     0 retrans     13 KB-cwnd
[2024-05-27 12:28:38.773733]     1.0000 MB /   0.50 sec =   16.7769 Mbps     0 retrans     13 KB-cwnd
[2024-05-27 12:28:39.274109]     1.1875 MB /   0.50 sec =   19.9165 Mbps     0 retrans     13 KB-cwnd
[2024-05-27 12:28:39.773701]     2.6875 MB /   0.50 sec =   45.1040 Mbps     0 retrans     13 KB-cwnd
[2024-05-27 12:28:40.273706]     2.6875 MB /   0.50 sec =   45.0887 Mbps     0 retrans     13 KB-cwnd
[2024-05-27 12:28:40.773896]     2.0000 MB /   0.50 sec =   33.5450 Mbps     0 retrans     13 KB-cwnd
[2024-05-27 12:28:41.273714]     3.8125 MB /   0.50 sec =   63.9800 Mbps     0 retrans     13 KB-cwnd
[2024-05-27 12:28:41.773814]     2.0625 MB /   0.50 sec =   34.5976 Mbps     0 retrans     13 KB-cwnd
[2024-05-27 12:28:42.273877]     1.7500 MB /   0.50 sec =   29.3649 Mbps     0 retrans     13 KB-cwnd
[2024-05-27 12:28:42.774179]     2.9375 MB /   0.50 sec =   49.2388 Mbps     0 retrans     13 KB-cwnd
[2024-05-27 12:28:43.273732]     2.8750 MB /   0.50 sec =   48.2780 Mbps     0 retrans     13 KB-cwnd
[2024-05-27 12:28:43.773742]     2.5000 MB /   0.50 sec =   41.9428 Mbps     0 retrans     13 KB-cwnd
[2024-05-27 12:28:44.273702]     2.4375 MB /   0.50 sec =   40.8951 Mbps     0 retrans     13 KB-cwnd
[2024-05-27 12:28:44.773744]     1.8125 MB /   0.50 sec =   30.4060 Mbps     0 retrans     13 KB-cwnd
[2024-05-27 12:28:45.273728]     1.8750 MB /   0.50 sec =   31.4600 Mbps     0 retrans     13 KB-cwnd
[2024-05-27 12:28:45.773684]     1.4375 MB /   0.50 sec =   24.1178 Mbps     0 retrans     13 KB-cwnd
[2024-05-27 12:28:46.273965]     0.6250 MB /   0.50 sec =   10.4855 Mbps     0 retrans     13 KB-cwnd
[2024-05-27 12:28:46.774062]     1.0000 MB /   0.50 sec =   16.7655 Mbps     0 retrans     13 KB-cwnd
[2024-05-27 12:28:47.273719]     1.1875 MB /   0.50 sec =   19.9369 Mbps     0 retrans     13 KB-cwnd
[2024-05-27 12:28:47.773823]     1.0000 MB /   0.50 sec =   16.7783 Mbps     0 retrans     13 KB-cwnd
[2024-05-27 12:28:48.273736]     1.1875 MB /   0.50 sec =   19.9215 Mbps     0 retrans     13 KB-cwnd
[2024-05-27 12:28:48.773820]     0.8750 MB /   0.50 sec =   14.6802 Mbps     0 retrans     13 KB-cwnd
[2024-05-27 12:28:49.273694]     0.7500 MB /   0.50 sec =   12.5830 Mbps     0 retrans     13 KB-cwnd
[2024-05-27 12:28:49.773731]     1.0625 MB /   0.50 sec =   17.8258 Mbps     0 retrans     13 KB-cwnd
[2024-05-27 12:28:50.273719]     0.9375 MB /   0.50 sec =   15.7287 Mbps     0 retrans     13 KB-cwnd
[2024-05-27 12:28:50.773707]     1.0625 MB /   0.50 sec =   17.8254 Mbps     0 retrans     13 KB-cwnd
[2024-05-27 12:28:51.273699]     0.8125 MB /   0.50 sec =   13.6316 Mbps     0 retrans     13 KB-cwnd
[2024-05-27 12:28:51.773829]     0.8125 MB /   0.50 sec =   13.6288 Mbps     0 retrans     13 KB-cwnd
[2024-05-27 12:28:52.273927]     1.3125 MB /   0.50 sec =   22.0167 Mbps     0 retrans     13 KB-cwnd
[2024-05-27 12:28:52.773710]     1.1875 MB /   0.50 sec =   19.9301 Mbps     0 retrans     13 KB-cwnd
[2024-05-27 12:28:53.274326]     0.8750 MB /   0.50 sec =   14.6699 Mbps     0 retrans     13 KB-cwnd
[2024-05-27 12:28:53.774284]     0.3750 MB /   0.50 sec =    6.2891 Mbps     0 retrans     13 KB-cwnd
[2024-05-27 12:28:54.273692]     0.4375 MB /   0.50 sec =    7.3479 Mbps     0 retrans     13 KB-cwnd
[2024-05-27 12:28:54.773741]     0.4375 MB /   0.50 sec =    7.3399 Mbps     0 retrans     13 KB-cwnd
[2024-05-27 12:28:55.274026]     0.2500 MB /   0.50 sec =    4.1924 Mbps     0 retrans     13 KB-cwnd
[2024-05-27 12:28:55.773734]     0.1875 MB /   0.50 sec =    3.1471 Mbps     0 retrans     13 KB-cwnd
[2024-05-27 12:28:56.273735]     1.1250 MB /   0.50 sec =   18.8743 Mbps     0 retrans     13 KB-cwnd
[2024-05-27 12:28:56.773898]     1.1875 MB /   0.50 sec =   19.9200 Mbps     0 retrans     13 KB-cwnd
[2024-05-27 12:28:57.273718]     0.9375 MB /   0.50 sec =   15.7314 Mbps     0 retrans     16 KB-cwnd
[2024-05-27 12:28:57.774071]     1.6250 MB /   0.50 sec =   27.2635 Mbps     0 retrans     16 KB-cwnd
[2024-05-27 12:28:58.274060]     1.3750 MB /   0.50 sec =   23.0532 Mbps     0 retrans     16 KB-cwnd
[2024-05-27 12:28:58.773752]     1.6875 MB /   0.50 sec =   28.3275 Mbps     0 retrans     16 KB-cwnd
[2024-05-27 12:28:59.273714]     1.7500 MB /   0.50 sec =   29.3629 Mbps     0 retrans     16 KB-cwnd
[2024-05-27 12:28:59.773751]     2.0625 MB /   0.50 sec =   34.6017 Mbps     0 retrans     16 KB-cwnd
[2024-05-27 12:29:00.273752]     2.1875 MB /   0.50 sec =   36.6978 Mbps     0 retrans     16 KB-cwnd
[2024-05-27 12:29:00.773810]     1.2500 MB /   0.50 sec =   20.9711 Mbps     0 retrans     16 KB-cwnd
[2024-05-27 12:29:01.273775]     0.3125 MB /   0.50 sec =    5.2434 Mbps     0 retrans     16 KB-cwnd
[2024-05-27 12:29:01.773716]     0.0625 MB /   0.50 sec =    1.0486 Mbps     0 retrans     16 KB-cwnd
[2024-05-27 12:29:02.274320]     0.2500 MB /   0.50 sec =    4.1916 Mbps     0 retrans     16 KB-cwnd
[2024-05-27 12:29:02.774281]     0.4375 MB /   0.50 sec =    7.3372 Mbps     0 retrans     16 KB-cwnd
[2024-05-27 12:29:03.273734]     0.5000 MB /   0.50 sec =    8.3972 Mbps     0 retrans     16 KB-cwnd
[2024-05-27 12:29:03.774018]     0.1875 MB /   0.50 sec =    3.1443 Mbps     0 retrans     16 KB-cwnd
[2024-05-27 12:29:04.274879]     0.1250 MB /   0.50 sec =    2.0935 Mbps     0 retrans     16 KB-cwnd
[2024-05-27 12:29:04.773786]     0.0625 MB /   0.50 sec =    1.0507 Mbps     0 retrans     16 KB-cwnd
[2024-05-27 12:29:05.273728]     0.2500 MB /   0.50 sec =    4.1949 Mbps     0 retrans     16 KB-cwnd
[2024-05-27 12:29:05.775013]     0.3125 MB /   0.50 sec =    5.2309 Mbps     0 retrans     16 KB-cwnd
[2024-05-27 12:29:06.273799]     0.3125 MB /   0.50 sec =    5.2541 Mbps     0 retrans     16 KB-cwnd
[2024-05-27 12:29:06.773960]     0.3125 MB /   0.50 sec =    5.2419 Mbps     0 retrans     16 KB-cwnd
[2024-05-27 12:29:07.273726]     0.5000 MB /   0.50 sec =    8.3914 Mbps     0 retrans     16 KB-cwnd
[2024-05-27 12:29:07.773912]     0.5000 MB /   0.50 sec =    8.3891 Mbps     0 retrans     16 KB-cwnd
[2024-05-27 12:29:08.273776]     0.4375 MB /   0.50 sec =    7.3395 Mbps     0 retrans     16 KB-cwnd
[2024-05-27 12:29:08.773806]     0.1875 MB /   0.50 sec =    3.1454 Mbps     0 retrans     16 KB-cwnd
[2024-05-27 12:29:09.273725]     0.4375 MB /   0.50 sec =    7.3409 Mbps     0 retrans     16 KB-cwnd
[2024-05-27 12:29:09.773795]     0.5625 MB /   0.50 sec =    9.4365 Mbps     0 retrans     16 KB-cwnd
[2024-05-27 12:29:10.273685]     0.6250 MB /   0.50 sec =   10.4870 Mbps     0 retrans     16 KB-cwnd
[2024-05-27 12:29:10.773742]     0.6250 MB /   0.50 sec =   10.4850 Mbps     0 retrans     16 KB-cwnd
[2024-05-27 12:29:11.273845]     0.5000 MB /   0.50 sec =    8.3892 Mbps     0 retrans     16 KB-cwnd
[2024-05-27 12:29:11.774369]     0.8125 MB /   0.50 sec =   13.6191 Mbps     0 retrans     16 KB-cwnd
[2024-05-27 12:29:12.273926]     0.8125 MB /   0.50 sec =   13.6435 Mbps     0 retrans     16 KB-cwnd
[2024-05-27 12:29:12.774135]     0.8750 MB /   0.50 sec =   14.6689 Mbps     0 retrans     16 KB-cwnd
[2024-05-27 12:29:13.273762]     0.7500 MB /   0.50 sec =   12.5916 Mbps     0 retrans     16 KB-cwnd
[2024-05-27 12:29:13.773727]     0.6250 MB /   0.50 sec =   10.4863 Mbps     0 retrans     16 KB-cwnd
[2024-05-27 12:29:14.273811]     0.6875 MB /   0.50 sec =   11.5329 Mbps     0 retrans     16 KB-cwnd
[2024-05-27 12:29:14.773832]     0.6875 MB /   0.50 sec =   11.5353 Mbps     0 retrans     16 KB-cwnd
[2024-05-27 12:29:15.274301]     0.6250 MB /   0.50 sec =   10.4744 Mbps     0 retrans     16 KB-cwnd
[2024-05-27 12:29:15.773770]     0.5000 MB /   0.50 sec =    8.3978 Mbps     0 retrans     16 KB-cwnd
[2024-05-27 12:29:16.273735]     0.9375 MB /   0.50 sec =   15.7294 Mbps     0 retrans     16 KB-cwnd
[2024-05-27 12:29:16.773731]     0.6875 MB /   0.50 sec =   11.5342 Mbps     0 retrans     16 KB-cwnd
[2024-05-27 12:29:17.273721]     1.0625 MB /   0.50 sec =   17.8260 Mbps     0 retrans     18 KB-cwnd
[2024-05-27 12:29:17.773630]     1.0625 MB /   0.50 sec =   17.8268 Mbps     0 retrans     18 KB-cwnd
[2024-05-27 12:29:18.274145]     0.9375 MB /   0.50 sec =   15.7149 Mbps     0 retrans     18 KB-cwnd
[2024-05-27 12:29:18.773826]     0.7500 MB /   0.50 sec =   12.5913 Mbps     0 retrans     18 KB-cwnd
[2024-05-27 12:29:19.273702]     1.1250 MB /   0.50 sec =   18.8775 Mbps     0 retrans     18 KB-cwnd
[2024-05-27 12:29:19.773759]     1.1250 MB /   0.50 sec =   18.8731 Mbps     0 retrans     18 KB-cwnd
[2024-05-27 12:29:20.273812]     1.3750 MB /   0.50 sec =   23.0671 Mbps     0 retrans     18 KB-cwnd
[2024-05-27 12:29:20.773702]     1.2500 MB /   0.50 sec =   20.9740 Mbps     0 retrans     18 KB-cwnd
[2024-05-27 12:29:21.273856]     1.3125 MB /   0.50 sec =   22.0196 Mbps     0 retrans     18 KB-cwnd
[2024-05-27 12:29:21.773755]     1.3125 MB /   0.50 sec =   22.0197 Mbps     0 retrans     18 KB-cwnd
[2024-05-27 12:29:22.273796]     1.0000 MB /   0.50 sec =   16.7754 Mbps     0 retrans     18 KB-cwnd
[2024-05-27 12:29:22.774858]     0.8750 MB /   0.50 sec =   14.6505 Mbps     0 retrans     18 KB-cwnd
[2024-05-27 12:29:23.274166]     0.6250 MB /   0.50 sec =   10.5036 Mbps     0 retrans     18 KB-cwnd
[2024-05-27 12:29:23.774165]     0.5000 MB /   0.50 sec =    8.3853 Mbps     0 retrans     18 KB-cwnd
[2024-05-27 12:29:24.274892]     0.4375 MB /   0.50 sec =    7.3300 Mbps     0 retrans     18 KB-cwnd
[2024-05-27 12:29:24.773768]     0.2500 MB /   0.50 sec =    4.2034 Mbps     0 retrans     18 KB-cwnd
[2024-05-27 12:29:25.274800]     0.1250 MB /   0.50 sec =    2.0929 Mbps     0 retrans     18 KB-cwnd
[2024-05-27 12:29:25.773756]     0.1250 MB /   0.50 sec =    2.1015 Mbps     0 retrans     18 KB-cwnd
[2024-05-27 12:29:26.273751]     0.2500 MB /   0.50 sec =    4.1943 Mbps     0 retrans     18 KB-cwnd
[2024-05-27 12:29:26.773722]     0.2500 MB /   0.50 sec =    4.1943 Mbps     0 retrans     18 KB-cwnd
[2024-05-27 12:29:27.273907]     0.1250 MB /   0.50 sec =    2.0966 Mbps     0 retrans     18 KB-cwnd
[2024-05-27 12:29:27.773806]     0.0625 MB /   0.50 sec =    1.0489 Mbps     0 retrans     18 KB-cwnd
[2024-05-27 12:29:28.273868]     0.0625 MB /   0.50 sec =    1.0483 Mbps     0 retrans     18 KB-cwnd
[2024-05-27 12:29:28.773731]     0.1875 MB /   0.50 sec =    3.1464 Mbps     0 retrans     18 KB-cwnd
[2024-05-27 12:29:29.274846]     0.0625 MB /   0.50 sec =    1.0463 Mbps     0 retrans     18 KB-cwnd
[2024-05-27 12:29:29.774775]     0.0625 MB /   0.50 sec =    1.0487 Mbps     0 retrans     18 KB-cwnd
[2024-05-27 12:29:30.274751]     0.0625 MB /   0.50 sec =    1.0487 Mbps     0 retrans     18 KB-cwnd
[2024-05-27 12:29:30.773952]     0.0625 MB /   0.50 sec =    1.0503 Mbps     0 retrans     18 KB-cwnd
[2024-05-27 12:29:31.274407]     0.0625 MB /   0.50 sec =    1.0479 Mbps     0 retrans     18 KB-cwnd
[2024-05-27 12:29:31.775143]     0.1250 MB /   0.50 sec =    2.0940 Mbps     0 retrans     18 KB-cwnd
[2024-05-27 12:29:32.273735]     0.0625 MB /   0.50 sec =    1.0511 Mbps     0 retrans     18 KB-cwnd
[2024-05-27 12:29:32.774886]     0.0625 MB /   0.50 sec =    1.0463 Mbps     0 retrans     18 KB-cwnd
[2024-05-27 12:29:33.273938]     0.0000 MB /   0.50 sec =    0.0000 Mbps     0 retrans     18 KB-cwnd
[2024-05-27 12:29:33.773772]     0.0625 MB /   0.50 sec =    1.0489 Mbps     0 retrans     18 KB-cwnd
[2024-05-27 12:29:34.273729]     0.0625 MB /   0.50 sec =    1.0486 Mbps     0 retrans     18 KB-cwnd
[2024-05-27 12:29:34.773811]     0.1250 MB /   0.50 sec =    2.0969 Mbps     0 retrans     18 KB-cwnd
[2024-05-27 12:29:35.274825]     0.2500 MB /   0.50 sec =    4.1861 Mbps     0 retrans     18 KB-cwnd
[2024-05-27 12:29:35.773737]     0.5000 MB /   0.50 sec =    8.4064 Mbps     0 retrans     18 KB-cwnd
[2024-05-27 12:29:36.273741]     0.5625 MB /   0.50 sec =    9.4370 Mbps     0 retrans     18 KB-cwnd
[2024-05-27 12:29:36.773771]     0.5625 MB /   0.50 sec =    9.4370 Mbps     0 retrans     18 KB-cwnd
[2024-05-27 12:29:37.273685]     0.1875 MB /   0.50 sec =    3.1459 Mbps     0 retrans     18 KB-cwnd
[2024-05-27 12:29:37.773678]     0.6250 MB /   0.50 sec =   10.4856 Mbps     0 retrans     18 KB-cwnd
[2024-05-27 12:29:38.274179]     0.9375 MB /   0.50 sec =   15.7218 Mbps     0 retrans     18 KB-cwnd
[2024-05-27 12:29:38.773916]     0.8125 MB /   0.50 sec =   13.6333 Mbps     0 retrans     18 KB-cwnd
[2024-05-27 12:29:39.273720]     1.3125 MB /   0.50 sec =   22.0271 Mbps     0 retrans     18 KB-cwnd
[2024-05-27 12:29:39.773825]     0.6875 MB /   0.50 sec =   11.5324 Mbps     0 retrans     18 KB-cwnd
[2024-05-27 12:29:40.273727]     0.6875 MB /   0.50 sec =   11.5361 Mbps     0 retrans     18 KB-cwnd
[2024-05-27 12:29:40.773910]     0.6250 MB /   0.50 sec =   10.4856 Mbps     0 retrans     18 KB-cwnd
[2024-05-27 12:29:41.273738]     0.3125 MB /   0.50 sec =    5.2429 Mbps     0 retrans     18 KB-cwnd
[2024-05-27 12:29:41.773726]     0.8750 MB /   0.50 sec =   14.6802 Mbps     0 retrans     18 KB-cwnd
[2024-05-27 12:29:42.273715]     0.5000 MB /   0.50 sec =    8.3888 Mbps     0 retrans     18 KB-cwnd
[2024-05-27 12:29:42.775112]     0.5625 MB /   0.50 sec =    9.4138 Mbps     0 retrans     18 KB-cwnd
[2024-05-27 12:29:43.273622]     0.5000 MB /   0.50 sec =    8.4099 Mbps     0 retrans     18 KB-cwnd
[2024-05-27 12:29:43.773849]     0.5625 MB /   0.50 sec =    9.4348 Mbps     0 retrans     18 KB-cwnd
[2024-05-27 12:29:44.273742]     0.4375 MB /   0.50 sec =    7.3413 Mbps     0 retrans     18 KB-cwnd
[2024-05-27 12:29:44.773744]     0.5000 MB /   0.50 sec =    8.3886 Mbps     0 retrans     18 KB-cwnd
[2024-05-27 12:29:45.273723]     0.3750 MB /   0.50 sec =    6.2915 Mbps     0 retrans     18 KB-cwnd
[2024-05-27 12:29:45.773813]     0.3125 MB /   0.50 sec =    5.2422 Mbps     0 retrans     18 KB-cwnd
[2024-05-27 12:29:46.273737]     0.5000 MB /   0.50 sec =    8.3895 Mbps     0 retrans     18 KB-cwnd
[2024-05-27 12:29:46.773916]     0.2500 MB /   0.50 sec =    4.1933 Mbps     0 retrans     18 KB-cwnd
[2024-05-27 12:29:47.273739]     0.2500 MB /   0.50 sec =    4.1954 Mbps     0 retrans     18 KB-cwnd
[2024-05-27 12:29:47.773718]     0.4375 MB /   0.50 sec =    7.3394 Mbps     0 retrans     18 KB-cwnd
[2024-05-27 12:29:48.275161]     0.3125 MB /   0.50 sec =    5.2298 Mbps     0 retrans     18 KB-cwnd
[2024-05-27 12:29:48.773771]     0.1875 MB /   0.50 sec =    3.1537 Mbps     0 retrans     18 KB-cwnd
[2024-05-27 12:29:49.273736]     0.1875 MB /   0.50 sec =    3.1458 Mbps     0 retrans     18 KB-cwnd
[2024-05-27 12:29:49.774882]     0.1250 MB /   0.50 sec =    2.0927 Mbps     0 retrans     18 KB-cwnd
End time: 1716827389982
