Start time: 1716844271852
{
  "id": "0",
  "status": null,
  "apiVersion": "17",
  "dishGetHistory": {
    "current": "1112",
    "popPingDropRate": [
      0,
      0,
      0,
      0,
      0,
      0,
      0,
      0,
      0,
      0,
      0,
      0,
      0,
      0,
      0,
      0,
      0,
      0,
      0,
      0,
      0,
      0,
      0,
      0.0625,
      0.05882353,
      0,
      0.13333334,
      0.2,
      0.071428575,
      0,
      0,
      0,
      0,
      0.06666667,
      0.25,
      0.1875,
      0,
      0,
      0,
      0,
      0,
      0,
      0,
      0,
      0,
      0,
      0,
      0,
      0,
      0,
      0,
      0,
      0,
      0,
      0,
      0,
      0,
      0,
      0,
      0,
      0,
      0,
      0,
      0,
      0,
      0,
      0,
      0,
      0,
      0,
      0,
      0,
      0,
      0,
      0,
      0,
      0,
      0,
      0,
      0,
      0,
      0,
      0,
      0,
      0,
      0,
      0,
      0,
      0,
      0,
      0,
      0,
      0,
      0,
      0,
      0,
      0,
      0,
      0,
      0,
      0,
      0,
      0,
      0,
      0,
      0,
      0,
      0,
      0,
      0,
      0,
      0,
      0,
      0,
      0,
      0,
      0,
      0,
      0,
      0,
      0,
      0,
      0,
      0,
      0,
      0,
      0,
      0,
      0,
      0,
      0,
      0,
      0,
      0,
      0,
      0,
      0,
      0,
      0,
      0,
      0,
      0,
      0,
      0,
      0,
      0,
      0,
      0,
      0,
      0,
      0,
      0,
      0,
      0,
      0,
      0,
      0,
      0,
      0,
      0,
      0.06666667,
      0.06666667,
      0,
      0,
      0,
      0,
      0,
      0,
      0,
      0,
      0,
      0,
      0,
      0,
      0,
      0,
      0,
      0,
      0,
      0,
      0,
      0,
      0,
      0,
      0,
      0,
      0,
      0,
      0,
      0,
      0,
      0.0625,
      0.0625,
      0,
      0,
      0,
      0,
      0,
      0,
      0,
      0,
      0,
      0,
      0,
      0,
      0,
      0,
      0,
      0,
      0,
      0,
      0,
      0,
      0,
      0,
      0,
      0,
      0,
      0,
      0,
      0,
      0,
      0,
      0,
      0,
      0,
      0,
      0,
      0,
      0,
      0,
      0,
      0,
      0,
      0,
      0,
      0,
      0,
      0,
      0,
      0,
      0,
      0,
      0,
      0,
      0,
      0,
      0,
      0,
      0,
      0,
      0,
      0,
      0,
      0,
      0,
      0,
      0,
      0,
      0.06666667,
      0.06666667,
      0,
      0,
      0,
      0,
      0,
      0,
      0,
      0,
      0,
      0,
      0,
      0,
      0,
      0,
      0,
      0,
      0,
      0.0625,
      0.05882353,
      0,
      0,
      0,
      0,
      0,
      0,
      0.05882353,
      0.0625,
      0,
      0,
      0.05882353,
      0.11764706,
      0.125,
      0.1875,
      0.13333334,
      0,
      0.0625,
      0.0625,
      0,
      0.06666667,
      0.13333334,
      0.21428572,
      0.26666668,
      0.1875,
      0.06666667,
      0,
      0,
      0,
      0,
      0,
      0,
      0,
      0,
      0,
      0,
      0,
      0,
      0,
      0,
      0,
      0,
      0,
      0,
      0,
      0,
      0,
      0,
      0,
      0,
      0,
      0,
      0,
      0,
      0,
      0,
      0,
      0,
      0,
      0,
      0,
      0,
      0,
      0,
      0,
      0,
      0,
      0,
      0,
      0,
      0,
      0,
      0,
      0,
      0,
      0,
      0,
      0,
      0,
      0,
      0,
      0,
      0,
      0,
      0,
      0.3125,
      0.375,
      0.06666667,
      0,
      0,
      0,
      0,
      0,
      0,
      0,
      0,
      0,
      0,
      0,
      0,
      0.46666667,
      0.5882353,
      0.2,
      0,
      0,
      0,
      0,
      0,
      0,
      0,
      0,
      0,
      0,
      0,
      0,
      0.06666667,
      0.071428575,
      0,
      0,
      0,
      0,
      0,
      0,
      0,
      0,
      0,
      0,
      0,
      0,
      0,
      0,
      0,
      0,
      0,
      0,
      0,
      0,
      0,
      0,
      0,
      0,
      0,
      0,
      0,
      0,
      0,
      0,
      0,
      0,
      0,
      0,
      0,
      0,
      0,
      0,
      0,
      0,
      0,
      0,
      0,
      0.0625,
      0.11764706,
      0.06666667,
      0,
      0,
      0,
      0.05882353,
      0.05882353,
      0,
      0,
      0,
      0.0625,
      0.0625,
      0.05882353,
      0.05882353,
      0.0625,
      0.0625,
      0,
      0,
      0,
      0,
      0,
      0,
      0,
      0,
      0,
      0,
      0,
      0,
      0,
      0,
      0,
      0,
      0,
      0,
      0,
      0,
      0.05882353,
      0.11764706,
      0.05882353,
      0,
      0,
      0,
      0,
      0.071428575,
      0.06666667,
      0,
      0,
      0,
      0,
      0,
      0,
      0,
      0,
      0,
      0,
      0,
      0,
      0,
      0,
      0,
      0,
      0,
      0.05882353,
      0.06666667,
      0,
      0,
      0,
      0,
      0,
      0,
      0,
      0,
      0,
      0,
      0,
      0,
      0,
      0,
      0,
      0,
      0,
      0,
      0,
      0,
      0,
      0,
      0,
      0,
      0,
      0,
      0,
      0,
      0,
      0,
      0.0625,
      0.05882353,
      0,
      0,
      0,
      0,
      0.0625,
      0.06666667,
      0,
      0,
      0.25,
      0.64705884,
      0.3888889,
      0.05882353,
      0,
      0,
      0,
      0,
      0,
      0.06666667,
      0.06666667,
      0,
      0,
      0,
      0,
      0,
      0,
      0,
      0,
      0,
      0,
      0,
      0,
      0,
      0,
      0,
      0,
      0,
      0,
      0,
      0.3529412,
      0.33333334,
      0,
      0,
      0,
      0,
      0,
      0,
      0,
      0,
      0,
      0,
      0,
      0,
      0,
      0,
      0,
      0,
      0,
      0,
      0,
      0,
      0,
      0,
      0,
      0,
      0,
      0,
      0,
      0,
      0.06666667,
      0.0625,
      0,
      0,
      0,
      0,
      0,
      0,
      0,
      0,
      0,
      0,
      0,
      0,
      0,
      0.06666667,
      0.0625,
      0,
      0,
      0,
      0,
      0,
      0,
      0,
      0,
      0,
      0,
      0,
      0,
      0,
      0.071428575,
      0.071428575,
      0,
      0,
      0,
      0,
      0,
      0.06666667,
      0.0625,
      0,
      0,
      0,
      0,
      0,
      0,
      0,
      0,
      0,
      0,
      0,
      0,
      0,
      0,
      0,
      0,
      0,
      0,
      0,
      0,
      0,
      0,
      0,
      0,
      0,
      0,
      0,
      0,
      0,
      0,
      0,
      0,
      0,
      0,
      0,
      0,
      0,
      0,
      0,
      0,
      0,
      0,
      0,
      0,
      0,
      0,
      0,
      0,
      0,
      0,
      0,
      0,
      0,
      0.06666667,
      0.0625,
      0.05882353,
      0.05882353,
      0,
      0,
      0,
      0,
      0,
      0,
      0,
      0,
      0,
      0,
      0,
      0,
      0,
      0,
      0,
      0,
      0,
      0,
      0,
      0,
      0,
      0,
      0,
      0,
      0,
      0,
      0,
      0,
      0,
      0,
      0,
      0,
      0,
      0,
      0,
      0,
      0,
      0,
      0,
      0,
      0,
      0,
      0,
      0,
      0,
      0,
      0,
      0,
      0,
      0,
      0,
      0,
      0,
      0,
      0,
      0,
      0,
      0,
      0,
      0,
      0,
      0,
      0,
      0,
      0,
      0.125,
      0.1875,
      0.1875,
      0.125,
      0.0625,
      0,
      0,
      0,
      0,
      0,
      0,
      0,
      0,
      0,
      0,
      0,
      0,
      0,
      0,
      0,
      0,
      0,
      0,
      0,
      0,
      0,
      0,
      0,
      0,
      0.05882353,
      0.0625,
      0.0625,
      0.0625,
      0,
      0,
      0,
      0,
      0,
      0,
      0,
      0,
      0,
      0,
      0,
      0,
      0,
      0,
      0,
      0,
      0,
      0,
      0,
      0,
      0,
      0,
      0,
      0,
      0,
      0,
      0,
      0,
      0,
      0,
      0,
      0,
      0,
      0,
      0,
      0,
      0,
      0,
      0,
      0,
      0,
      0,
      0,
      0,
      0,
      0,
      0,
      0,
      0,
      0,
      0,
      0,
      0,
      0,
      0,
      0,
      0,
      0,
      0,
      0,
      0,
      0,
      0,
      0,
      0,
      0,
      0,
      0,
      0,
      0,
      0,
      0,
      0,
      0,
      0,
      0,
      0,
      0,
      0,
      0,
      0.06666667,
      0.071428575,
      0.06666667,
      0.06666667,
      0,
      0,
      0,
      0,
      0,
      0,
      0,
      0,
      0,
      0,
      0,
      0,
      0,
      0,
      0,
      0,
      0,
      0
    ],
    "popPingLatencyMs": [
      31.09056,
      32.00857,
      34.518734,
      33.839943,
      33.545765,
      31.591497,
      30.846533,
      30.414131,
      33.562943,
      34.25947,
      33.814064,
      36.186058,
      34.196377,
      32.637688,
      32.85806,
      32.24106,
      33.0328,
      34.7355,
      37.7146,
      43.750122,
      51.463135,
      52.406563,
      53.86475,
      55.635063,
      53.515804,
      53.63275,
      53.0865,
      54.7996,
      58.96388,
      57.530136,
      53.859062,
      52.67419,
      47.91069,
      33.781693,
      32.466312,
      34.025875,
      34.474667,
      32.049686,
      30.047749,
      29.65627,
      30.53847,
      31.812468,
      33.04106,
      35.483402,
      34.56807,
      30.158127,
      29.512352,
      32.539707,
      32.360374,
      30.303534,
      29.679934,
      28.674751,
      28.901867,
      29.713003,
      31.94447,
      32.84794,
      29.676374,
      28.932352,
      30.45747,
      31.148312,
      31.281666,
      31.12994,
      29.393116,
      28.03419,
      27.516499,
      28.129879,
      28.619686,
      30.151402,
      29.623623,
      26.855875,
      25.607813,
      27.323334,
      28.762268,
      26.60453,
      26.147118,
      28.407059,
      28.149874,
      29.301647,
      33.572124,
      33.033115,
      31.41718,
      30.517765,
      30.328114,
      31.136497,
      31.81147,
      33.203175,
      32.914062,
      31.325752,
      32.059185,
      30.77677,
      29.44535,
      31.996176,
      31.459763,
      28.64394,
      29.378004,
      32.960064,
      32.844067,
      30.711437,
      31.07381,
      32.673687,
      31.447687,
      28.626123,
      29.145117,
      29.026562,
      27.825123,
      28.673586,
      32.665184,
      36.006374,
      39.798733,
      40.210606,
      41.05834,
      39.70975,
      38.436,
      38.65344,
      38.997395,
      41.98019,
      40.68162,
      36.735188,
      37.002438,
      38.594265,
      40.273193,
      39.772705,
      36.663498,
      34.44594,
      35.29907,
      34.024815,
      33.32481,
      32.582127,
      30.329357,
      31.2264,
      29.9288,
      29.15844,
      32.355,
      32.78625,
      33.060936,
      34.615814,
      34.746532,
      34.95831,
      31.942999,
      31.26607,
      33.557735,
      33.191875,
      33.093704,
      32.626373,
      31.96744,
      34.114563,
      35.946373,
      36.786396,
      36.8255,
      37.54825,
      34.0185,
      32.37941,
      33.957996,
      29.025375,
      25.782312,
      29.381733,
      31.981733,
      28.239437,
      26.827713,
      29.043285,
      27.89094,
      25.72847,
      26.706186,
      29.496687,
      30.401062,
      28.48925,
      29.054464,
      29.535501,
      27.846178,
      28.098438,
      27.580688,
      25.843874,
      25.523438,
      25.796438,
      25.895624,
      25.776373,
      24.541376,
      24.045937,
      25.968437,
      25.190813,
      27.198063,
      30.320198,
      28.53419,
      29.675238,
      32.49,
      31.705997,
      31.526129,
      31.187065,
      30.11919,
      36.427994,
      34.529373,
      24.886826,
      26.659294,
      28.875116,
      28.076565,
      28.91019,
      31.601938,
      38.44506,
      39.236736,
      31.550398,
      34.16607,
      36.45788,
      34.66969,
      33.40107,
      31.755667,
      30.976734,
      31.377626,
      30.249002,
      29.400002,
      28.943535,
      28.944248,
      29.839436,
      32.597733,
      33.120865,
      32.0598,
      35.5072,
      35.920067,
      31.860502,
      31.010334,
      30.884733,
      29.7914,
      30.769066,
      31.712666,
      30.185375,
      30.989767,
      31.070501,
      29.297812,
      35.486336,
      37.810497,
      30.351398,
      29.129688,
      29.829376,
      29.362267,
      28.6568,
      28.25481,
      28.924799,
      28.619402,
      28.07175,
      27.752687,
      27.726667,
      29.91414,
      29.46587,
      31.903187,
      32.452,
      29.741072,
      33.70707,
      38.52136,
      35.726643,
      30.147335,
      28.652935,
      28.608625,
      28.63431,
      29.101686,
      29.553865,
      29.364662,
      28.222666,
      28.720665,
      33.29707,
      35.065643,
      33.818066,
      35.524338,
      36.833668,
      35.997074,
      33.889145,
      33.7952,
      34.87437,
      34.511063,
      32.958668,
      33.005466,
      35.642868,
      37.48513,
      35.272266,
      33.12267,
      27.525665,
      24.931644,
      29.206331,
      31.056997,
      28.0075,
      25.207376,
      25.807436,
      27.86944,
      30.230118,
      28.624292,
      27.374706,
      31.093437,
      29.101503,
      26.115562,
      29.341997,
      29.611313,
      26.634811,
      29.513935,
      29.70264,
      28.244143,
      29.043535,
      27.363409,
      26.827436,
      26.494202,
      25.260935,
      27.173643,
      28.224539,
      28.15882,
      27.614384,
      29.521397,
      33.112926,
      33.479664,
      33.629436,
      30.588438,
      29.934248,
      32.786503,
      35.400753,
      35.199814,
      31.379625,
      30.615124,
      31.043812,
      32.890934,
      35.076336,
      36.482502,
      37.205063,
      29.149733,
      28.752802,
      30.530201,
      28.212873,
      27.220646,
      27.52153,
      27.79375,
      28.867311,
      27.189062,
      27.577686,
      30.556473,
      30.570765,
      26.57794,
      26.805,
      30.7045,
      37.014435,
      41.6986,
      41.63378,
      39.28243,
      39.07093,
      39.267498,
      41.259,
      41.719856,
      39.66193,
      38.581287,
      39.23129,
      42.74673,
      45.36707,
      42.81971,
      38.2316,
      37.484642,
      35.845,
      31.33453,
      30.09156,
      34.248936,
      33.177563,
      33.04975,
      30.337132,
      31.962814,
      37.41994,
      37.253063,
      34.19406,
      32.30631,
      32.871002,
      31.906752,
      33.976494,
      35.401356,
      36.2726,
      36.875572,
      36.878338,
      34.891567,
      31.444376,
      32.12813,
      34.068733,
      35.74675,
      35.246212,
      33.61843,
      33.06453,
      33.762,
      33.385002,
      44.271,
      45.639164,
      41.600803,
      41.165466,
      41.548195,
      40.47044,
      37.616932,
      37.508938,
      37.249134,
      39.41707,
      42.76147,
      39.447437,
      38.079266,
      41.380802,
      42.624065,
      36.9815,
      29.44336,
      28.949213,
      31.190357,
      30.118399,
      29.188665,
      31.150002,
      33.54473,
      30.973536,
      28.246626,
      30.2894,
      30.330812,
      29.239313,
      28.178001,
      32.77756,
      35.429813,
      29.937937,
      29.08969,
      32.363,
      33.63987,
      32.515873,
      33.243187,
      35.289436,
      35.5676,
      33.63844,
      30.744556,
      29.023,
      30.781876,
      31.804438,
      31.66718,
      32.92981,
      34.781143,
      35.8312,
      35.2235,
      33.439625,
      33.484764,
      34.37806,
      33.494747,
      31.710527,
      31.561352,
      32.98612,
      31.582235,
      30.782127,
      31.706,
      34.500668,
      33.491665,
      28.366863,
      29.307465,
      33.153934,
      31.814814,
      28.036564,
      28.852125,
      30.069878,
      30.973063,
      30.291437,
      29.291332,
      28.643198,
      28.867125,
      31.249874,
      30.271868,
      30.633331,
      30.988375,
      27.967941,
      26.147118,
      25.637764,
      24.831587,
      25.45241,
      25.91241,
      28.247812,
      29.012938,
      27.470562,
      27.893188,
      28.220663,
      26.542877,
      27.6802,
      32.964314,
      34.38006,
      30.56477,
      30.164314,
      33.19393,
      34.18025,
      31.460064,
      32.34107,
      34.347,
      33.19847,
      31.871998,
      31.026058,
      31.192312,
      31.436857,
      34.53507,
      31.154251,
      26.398764,
      28.697998,
      28.4055,
      28.391003,
      29.377474,
      27.059587,
      26.879587,
      26.26131,
      26.007187,
      26.972937,
      26.384438,
      25.966887,
      25.70541,
      29.529293,
      32.723473,
      32.78541,
      32.713562,
      32.7146,
      32.425438,
      33.475,
      31.6922,
      29.07219,
      32.405,
      33.164825,
      29.363314,
      29.921377,
      30.451252,
      29.690125,
      31.146812,
      30.829414,
      29.492735,
      28.787933,
      28.67794,
      30.86135,
      33.130623,
      32.7415,
      32.99047,
      32.714294,
      32.045647,
      30.901176,
      30.827055,
      30.845352,
      32.566933,
      35.982468,
      35.790936,
      35.136627,
      36.57554,
      35.68518,
      33.803867,
      33.018684,
      33.331238,
      33.453503,
      34.807873,
      36.043236,
      35.937603,
      36.409534,
      35.492878,
      35.480644,
      34.0805,
      33.794273,
      61.58191,
      52.537,
      31.305374,
      31.476387,
      33.072,
      34.537468,
      33.625,
      34.61519,
      36.364933,
      34.18153,
      32.078,
      31.129189,
      32.411266,
      31.816532,
      29.401752,
      26.641125,
      25.150534,
      25.567686,
      26.508175,
      25.849354,
      26.090708,
      28.748056,
      28.165438,
      27.413189,
      29.056751,
      30.392498,
      28.633183,
      29.503813,
      29.016233,
      29.016233,
      443.5263,
      336.86444,
      48.665497,
      45.956665,
      55.686462,
      68.922066,
      73.21099,
      67.86357,
      68.220795,
      68.90915,
      70.69288,
      72.5853,
      68.58572,
      79.14592,
      77.765564,
      73.09714,
      74.37572,
      73.769875,
      70.18357,
      69.25926,
      69.20248,
      67.80753,
      67.10865,
      66.43347,
      67.38319,
      72.15163,
      72.773315,
      69.09288,
      67.242,
      55.189537,
      51.869625,
      57.00146,
      58.559437,
      62.54307,
      61.735863,
      54.8238,
      49.136787,
      55.19781,
      48.928696,
      46.417736,
      50.81344,
      53.95286,
      54.348465,
      42.881718,
      31.630062,
      30.054823,
      30.156376,
      30.461353,
      30.833185,
      30.727884,
      34.33506,
      34.6002,
      31.897062,
      32.812878,
      34.773373,
      36.477764,
      35.72188,
      34.252,
      36.822384,
      38.526157,
      38.198933,
      39.807667,
      39.6184,
      37.83053,
      38.609283,
      38.52593,
      40.440266,
      41.44471,
      38.45359,
      40.939316,
      43.47835,
      41.350006,
      39.578064,
      38.716064,
      34.228313,
      33.0476,
      32.929356,
      32.563763,
      33.714935,
      32.329002,
      30.09969,
      30.146814,
      31.014132,
      29.470354,
      29.689869,
      31.751,
      30.939186,
      30.722246,
      31.169813,
      29.137062,
      28.57606,
      28.242058,
      28.635883,
      28.203823,
      25.686646,
      26.358944,
      26.54025,
      25.94225,
      26.41647,
      26.81047,
      25.664762,
      25.805414,
      25.338688,
      27.018131,
      29.52744,
      29.702118,
      33.55025,
      36.974686,
      34.41713,
      35.191284,
      34.877857,
      31.863134,
      32.143066,
      32.39694,
      32.279938,
      31.620687,
      31.258438,
      33.545933,
      33.288864,
      31.25956,
      29.774645,
      27.929598,
      26.945,
      26.962751,
      27.334873,
      27.16877,
      26.722645,
      26.129354,
      26.62171,
      28.462822,
      27.47225,
      25.60976,
      26.776064,
      27.588373,
      26.901875,
      25.063875,
      26.18925,
      27.314314,
      27.573751,
      30.835562,
      29.941998,
      29.034374,
      29.685375,
      29.924189,
      29.291197,
      27.682123,
      29.336998,
      26.38435,
      26.709124,
      28.60106,
      26.051624,
      25.539473,
      26.024336,
      24.995998,
      24.965822,
      26.197826,
      26.10753,
      26.801884,
      28.074373,
      26.323118,
      25.648561,
      26.332201,
      26.29427,
      28.52,
      28.241314,
      29.080313,
      29.755816,
      25.82694,
      25.145884,
      26.06818,
      25.389822,
      24.776123,
      25.326187,
      26.19,
      26.822472,
      26.385529,
      27.166355,
      27.739944,
      28.884169,
      32.741665,
      32.200706,
      30.997437,
      31.446499,
      28.700127,
      31.07125,
      31.075266,
      30.532562,
      30.688938,
      27.552135,
      26.987436,
      25.933079,
      25.826845,
      70.28471,
      69.957535,
      62.50811,
      31.305126,
      30.193176,
      30.007998,
      30.646997,
      29.867315,
      29.774414,
      32.010376,
      33.331738,
      30.747313,
      28.724438,
      28.787,
      30.714645,
      32.275,
      35.286354,
      35.21553,
      31.042294,
      31.133528,
      31.553,
      30.86325,
      30.805061,
      31.716625,
      32.539467,
      32.4575,
      30.514498,
      29.110136,
      30.361467,
      31.269869,
      31.4125,
      31.386814,
      31.233334,
      29.246199,
      28.058002,
      28.820585,
      28.649187,
      26.870602,
      26.147938,
      27.950472,
      31.142689,
      28.399061,
      27.16176,
      26.672115,
      29.049732,
      31.722132,
      31.402374,
      31.283377,
      29.497437,
      29.879623,
      30.69625,
      30.228376,
      30.191061,
      32.002686,
      32.36365,
      32.572723,
      34.996647,
      34.400066,
      33.166267,
      34.399265,
      33.1718,
      30.38259,
      30.57218,
      30.72156,
      31.286438,
      31.597002,
      32.616123,
      35.133125,
      33.9468,
      32.989063,
      34.094437,
      34.500435,
      33.73967,
      33.590935,
      32.8394,
      31.94644,
      34.189373,
      28.809998,
      24.357561,
      24.406057,
      23.031063,
      24.09169,
      24.700315,
      24.275063,
      26.0375,
      27.037125,
      25.963646,
      24.43965,
      24.898811,
      27.352247,
      28.184689,
      29.8724,
      33.406002,
      33.46344,
      32.361,
      33.546814,
      31.669064,
      29.897532,
      30.458998,
      30.287876,
      30.836748,
      31.481123,
      31.0815,
      31.916874,
      32.99675,
      33.858063,
      36.16975,
      33.77853,
      30.518875,
      32.6188,
      34.14634,
      33.724,
      31.219929,
      31.169073,
      32.6645,
      35.911934,
      36.5165,
      32.836815,
      31.835941,
      31.968588,
      33.45075,
      36.996872,
      34.92506,
      30.59519,
      31.594868,
      30.940865,
      29.066004,
      29.908,
      32.10914,
      31.392626,
      31.037373,
      28.791624,
      29.581354,
      29.81356
    ],
    "downlinkThroughputBps": [
      1.04712984e+08,
      1.3896403e+08,
      1.4080378e+08,
      1.0562362e+08,
      1.22766664e+08,
      1.4479093e+08,
      2.1407208e+08,
      2.3151413e+08,
      2.3511528e+08,
      2.9764624e+08,
      2.1805197e+08,
      3.0326285e+08,
      2.6752509e+08,
      2.5674002e+08,
      2.355375e+08,
      2.2731923e+08,
      2.4248054e+08,
      2.1084878e+08,
      2.3882272e+08,
      2.1766912e+08,
      2.0271488e+08,
      1.7217053e+08,
      6.49871e+07,
      1.5949621e+08,
      2.0017506e+08,
      8.7697544e+07,
      1.449156e+08,
      1.648956e+08,
      1.8443618e+08,
      1.8508451e+08,
      1.993617e+08,
      1.624364e+08,
      28177.334,
      19386.072,
      20694.695,
      24352.129,
      32438.748,
      493308.88,
      569502.6,
      547465.75,
      604189.5,
      556793.9,
      606009.8,
      635688.7,
      615598,
      552238.8,
      578210,
      511587.66,
      525026.2,
      537198.06,
      707738.44,
      595272.4,
      568831.5,
      503090,
      472471.56,
      619549.06,
      660376.4,
      708468.25,
      446609.5,
      303768.28,
      636645,
      615975.5,
      491983.47,
      520446.03,
      778286.7,
      400220.5,
      307484.44,
      421535.94,
      473251.72,
      451374.22,
      367060.3,
      327256.38,
      188743.69,
      181051.33,
      356968.8,
      372395.47,
      380565.97,
      239989.69,
      281211.3,
      556366.06,
      399348.06,
      543145.56,
      463277.66,
      385297.16,
      469812.38,
      468117.88,
      448052.34,
      520387.3,
      510530.7,
      337037.5,
      439881.8,
      440997.5,
      363486.78,
      308566.56,
      393065,
      478310.03,
      533314.1,
      473486.6,
      403341.06,
      404574.2,
      447121.2,
      468629.6,
      492050.6,
      504239.22,
      426854.3,
      398408.56,
      383569.1,
      527769.25,
      551106.4,
      415378.7,
      296327.56,
      294666.62,
      332776.1,
      557699.8,
      719943.9,
      421494,
      332180.5,
      363931.38,
      250911.66,
      346264.97,
      483301.25,
      474283.5,
      348672.5,
      379626.47,
      382914.78,
      456709.38,
      476942.7,
      487344.56,
      470718.34,
      425210.16,
      428414.6,
      487940.16,
      472203.12,
      517325.47,
      486153.38,
      406797.16,
      403366.22,
      493803.8,
      372873.62,
      395522.88,
      331526.2,
      247480.72,
      308583.34,
      429429.62,
      447037.3,
      508567.75,
      317869.53,
      426745.28,
      320277.06,
      413516.44,
      497041.8,
      438506.1,
      387436.25,
      319840.84,
      207475.44,
      368276.66,
      393425.72,
      362102.66,
      351457.5,
      53200.55,
      23060.283,
      58728.645,
      22590.521,
      23454.549,
      26717.717,
      28982.64,
      22582.133,
      34351.35,
      93751.086,
      34057.75,
      66530.05,
      1.0805618e+06,
      1.2589371e+06,
      1.192491e+06,
      965067.44,
      355509.22,
      455266.53,
      416418.88,
      616982.1,
      201460.81,
      227398.39,
      168166.42,
      127280.35,
      104010.35,
      165985.39,
      161078.05,
      134469.39,
      1.0272169e+07,
      2.9858075e+06,
      1.0362364e+06,
      38864.42,
      105906.18,
      64198.016,
      64122.52,
      42110.812,
      473461.44,
      68123.88,
      32933.676,
      36842.766,
      85622.52,
      34837.89,
      25190.99,
      28747.76,
      24654.12,
      74071.41,
      45189.43,
      28059.895,
      34301.02,
      29418.848,
      18404.605,
      42068.867,
      19679.674,
      8287.944,
      38956.695,
      11593.057,
      12079.596,
      8984.199,
      10015.998,
      9579.79,
      10452.206,
      7843.3486,
      46397.39,
      10376.708,
      17909.678,
      11576.279,
      14529.069,
      9521.07,
      7306.4775,
      12742.296,
      13597.934,
      12289.311,
      606546.7,
      161598.14,
      11878.269,
      7306.4775,
      13950.255,
      19780.338,
      12079.596,
      13212.058,
      23454.549,
      6509.5596,
      59919.83,
      6509.5596,
      53930.36,
      31432.113,
      37312.527,
      9445.572,
      6509.5596,
      7046.4307,
      6509.5596,
      8011.1206,
      48192.555,
      9210.691,
      13019.119,
      8111.784,
      15074.328,
      390506.47,
      5972.689,
      10351.542,
      9445.572,
      8942.256,
      9177.137,
      9034.531,
      7910.4575,
      9344.909,
      13413.384,
      10217.324,
      7843.3486,
      16131.293,
      8808.038,
      35299.26,
      18673.041,
      33478.934,
      42630.906,
      23848.812,
      100629.74,
      25828.523,
      43092.277,
      18740.15,
      19746.783,
      19134.414,
      56547.605,
      21986.541,
      29074.916,
      44770,
      22011.707,
      36767.27,
      24696.062,
      40592.473,
      67125.64,
      60557.36,
      63820.53,
      47261.418,
      20090.717,
      23664.264,
      58468.598,
      26499.613,
      17943.232,
      25115.492,
      17498.637,
      67536.68,
      73576.484,
      41422.945,
      176051.72,
      24234.69,
      65271.758,
      22984.785,
      47320.137,
      21198.012,
      26994.541,
      30249.32,
      56119.79,
      21760.049,
      25182.602,
      4.3635216e+07,
      3.2620058e+07,
      3.5213348e+07,
      3.191753e+07,
      1.6609005e+08,
      3.641132e+08,
      3.5764765e+08,
      2.5101763e+08,
      3.3966285e+08,
      2.4353458e+08,
      2.7156058e+08,
      3.1195568e+08,
      2.7182733e+08,
      2.1817866e+08,
      3.0814838e+08,
      3.8457267e+08,
      2.5912374e+08,
      1.8285445e+08,
      2.8932525e+08,
      2.7899734e+08,
      5.7187404e+07,
      1.6276198e+07,
      7.678317e+07,
      1.1127416e+08,
      7.636836e+07,
      4.0331824e+07,
      7.3727464e+07,
      1.1857897e+08,
      8.907829e+06,
      5.5953695e+06,
      9.634803e+07,
      5.250665e+07,
      4.917327e+07,
      6.4575388e+07,
      1.7754722e+08,
      3.0811258e+08,
      1.9226726e+08,
      2.2162853e+08,
      2.6208875e+08,
      2.3399264e+08,
      2.4312374e+08,
      2.723163e+08,
      2.7123514e+08,
      3.8442877e+08,
      3.6563904e+08,
      2.9709104e+08,
      2.989359e+08,
      4.015531e+08,
      1.2988485e+08,
      2.795652e+07,
      5.771962e+07,
      2.9864594e+07,
      2.133973e+07,
      7.111127e+07,
      9.092459e+07,
      3.0505022e+07,
      4.6013124e+07,
      6.371877e+07,
      1.7209968e+07,
      6.1159024e+07,
      8.216887e+07,
      7.156736e+07,
      1.40065e+08,
      5.173857e+07,
      1.2069932e+07,
      8.047686e+07,
      1.4510747e+08,
      1.7140803e+08,
      1.03811384e+08,
      1.3456458e+08,
      8.602178e+07,
      2.2588448e+08,
      1.1673664e+08,
      2.4268096e+08,
      3.666993e+08,
      2.6494498e+08,
      1.8237443e+08,
      1.9817008e+08,
      2.3424437e+08,
      2.194728e+08,
      1.9355317e+08,
      1.1786715e+08,
      1.4017504e+08,
      1.1755962e+08,
      1.8392304e+08,
      1.5346035e+08,
      1.2684148e+08,
      5.3427908e+07,
      1.7876685e+08,
      1.10568536e+08,
      7.417546e+07,
      9.6742056e+07,
      4.7498548e+07,
      6.62014e+07,
      2.3021029e+08,
      1.3061992e+08,
      2.2871933e+08,
      1.959814e+08,
      1.0887841e+08,
      7.60809e+07,
      2.2853066e+08,
      2.3053462e+08,
      2.6757258e+08,
      2.1934566e+08,
      2.2204238e+08,
      2.827954e+08,
      3.0233085e+08,
      3.0609763e+08,
      2.9047478e+08,
      2.8214246e+08,
      2.6365203e+08,
      3.4927738e+08,
      3.660898e+08,
      3.2490762e+08,
      3.7202694e+08,
      3.260421e+08,
      2.997937e+08,
      3.1541366e+08,
      3.411406e+08,
      2.7402166e+08,
      1.431048e+08,
      51329.89,
      35869.688,
      40584.086,
      24746.395,
      33034.34,
      20677.918,
      394121.97,
      33395.047,
      30098.326,
      24796.725,
      43444.6,
      28378.66,
      37622.906,
      495322.12,
      21659.387,
      42840.62,
      25836.912,
      16433.283,
      29821.502,
      47202.695,
      65506.64,
      60842.574,
      73886.86,
      65976.4,
      61404.61,
      45650.805,
      80404.805,
      22884.123,
      25350.373,
      22749.904,
      65598.914,
      53443.82,
      31365.006,
      26566.72,
      31272.73,
      30131.88,
      31138.514,
      19016.975,
      35206.99,
      18438.16,
      26902.266,
      57956.895,
      52957.28,
      85320.53,
      18723.373,
      23387.44,
      35190.21,
      46934.26,
      47907.34,
      55859.742,
      79943.44,
      55272.54,
      29855.057,
      24394.072,
      20837.303,
      23370.662,
      57604.57,
      23890.756,
      26440.893,
      24117.248,
      36079.402,
      19864.225,
      35492.2,
      22666.02,
      26919.043,
      47798.29,
      21072.184,
      21332.23,
      24754.781,
      21349.008,
      27296.531,
      23756.537,
      20384.318,
      39426.457,
      20434.648,
      24318.574,
      43234.887,
      21063.795,
      22951.232,
      26944.209,
      29737.615,
      23228.055,
      33848.035,
      31826.379,
      21424.504,
      29251.076,
      60817.406,
      22867.346,
      28017.951,
      30945.574,
      32816.234,
      20854.08,
      20912.799,
      34888.22,
      19771.95,
      21609.055,
      20468.203,
      20250.1,
      34460.402,
      20694.695,
      53578.04,
      95772.734,
      22145.926,
      24008.195,
      21273.51,
      21047.018,
      35844.523,
      35055.992,
      54559.508,
      43402.656,
      284164.1,
      347531.66,
      69835.164,
      113388.81,
      30215.766,
      24620.564,
      59508.785,
      20493.37,
      64885.883,
      371741.16,
      31692.16,
      20719.861,
      19151.191,
      23873.979,
      23102.227,
      370256.38,
      34217.133,
      40089.156,
      24930.943,
      29997.662,
      94925.484,
      90613.74,
      44895.83,
      84129.35,
      24226.3,
      46506.44,
      34401.68,
      33856.42,
      0,
      104706.6,
      79540.78,
      66932.7,
      33923.53,
      31029.46,
      47982.836,
      49492.79,
      81436.61,
      48049.945,
      42253.418,
      49333.402,
      32849.79,
      46850.375,
      51061.457,
      36758.88,
      31599.887,
      43234.887,
      30106.715,
      22959.62,
      36180.066,
      60356.035,
      26440.893,
      21256.732,
      28177.334,
      27841.79,
      25895.633,
      46162.51,
      48913.973,
      27850.178,
      124679.88,
      73274.49,
      76822.875,
      30777.803,
      27690.795,
      101133.055,
      59206.797,
      95932.12,
      67578.625,
      29922.164,
      182905.2,
      31968.984,
      37740.348,
      31096.57,
      20501.758,
      52940.504,
      82946.555,
      31482.445,
      31398.56,
      20115.883,
      29603.398,
      62746.79,
      404515.47,
      33713.816,
      35534.145,
      23622.32,
      37723.57,
      19922.943,
      18555.602,
      20333.986,
      36851.156,
      18706.596,
      33034.34,
      19520.291,
      26977.764,
      22800.236,
      16492.004,
      30014.44,
      60507.03,
      23924.31,
      31591.498,
      21684.55,
      40818.965,
      19662.896,
      19671.285,
      20652.752,
      22624.076,
      31138.514,
      21659.387,
      21307.064,
      42572.188,
      29192.355,
      25711.084,
      26021.463,
      23571.988,
      24821.89,
      19998.441,
      46917.484,
      42211.477,
      20048.773,
      38906.363,
      28781.314,
      37807.457,
      81419.83,
      20577.256,
      36733.715,
      20552.09,
      21978.152,
      58401.49,
      19134.414,
      24477.959,
      19318.965,
      24545.066,
      19050.53,
      18463.326,
      22649.242,
      21466.447,
      24889,
      43301.996,
      27976.008,
      24058.527,
      28814.87,
      51279.562,
      37622.906,
      20300.432,
      34728.836,
      21835.547,
      40265.32,
      32782.68,
      39678.117,
      19402.85,
      33395.047,
      23798.48,
      24050.139,
      17624.465,
      24276.63,
      63359.156,
      20149.436,
      57453.58,
      84649.445,
      24293.408,
      35425.09,
      23714.596,
      31146.902,
      19579.012,
      24251.465,
      36087.793,
      27439.137,
      22129.148,
      20182.99,
      36993.76,
      35030.83,
      27321.695,
      23018.34,
      28059.895,
      35324.43,
      19159.58,
      28059.895,
      36289.117,
      35869.688,
      23135.781,
      22825.402,
      50298.094,
      22162.703,
      20971.52,
      22431.139,
      23823.646,
      357975.47,
      59835.94,
      19167.969,
      22322.086,
      19058.918,
      147161.34,
      92375.35,
      92870.28,
      22062.04,
      30559.7,
      39015.414,
      33084.67,
      20535.312,
      36633.05,
      21114.127,
      27724.35,
      21801.992,
      32111.592,
      38746.98,
      40357.594,
      22531.8,
      21936.209,
      23345.496,
      40626.027,
      18060.674,
      26264.732,
      23311.941,
      49727.668,
      86511.71,
      21583.889,
      22817.014,
      55197.04,
      60288.926,
      29284.63,
      24788.336,
      26935.82,
      21307.064,
      68048.39,
      22129.148,
      38587.598,
      49970.938,
      22833.791,
      40651.195,
      21231.566,
      35039.215,
      23597.154,
      23261.61,
      19998.441,
      22682.797,
      19688.062,
      18824.037,
      24033.361,
      30207.377,
      42932.895,
      24914.166,
      67041.76,
      41347.45,
      44677.727,
      124939.93,
      70204.26,
      60137.93,
      59441.676,
      24100.47,
      28613.541,
      2.8817176e+07,
      1.7025032e+08,
      1.695136e+08,
      1.3963162e+08,
      1.4790307e+08,
      1.314651e+08,
      1.2386369e+08,
      7.658383e+07,
      6.782795e+07,
      4.013391e+07,
      7.21009e+07,
      5.817842e+07,
      3.0332712e+07,
      7.367238e+07,
      7.224031e+07,
      6.4414604e+07,
      6.370184e+07,
      6.4984716e+07,
      1.0246148e+08,
      1.6952062e+08,
      1.6450923e+08,
      2.704603e+08,
      2.6512038e+08,
      2.4074611e+08,
      2.4540598e+08,
      2.5247363e+08,
      2.6211318e+08,
      2.3082098e+08,
      2.6286866e+08,
      2.7029206e+08,
      2.8178003e+08,
      3.0712534e+08,
      1.9978558e+08,
      2.2478392e+08,
      2.6528651e+08,
      2.5553339e+08,
      2.5917744e+08,
      2.9455027e+08,
      2.1439019e+08,
      2.0457131e+08,
      3.2301152e+08,
      2.7899677e+08,
      1.86415e+08,
      3.0862867e+08,
      2.1335338e+08,
      2.6001002e+08,
      2.6656648e+08,
      2.7399536e+08,
      2.3102288e+08,
      8.976373e+07,
      1.155583e+08,
      1.4383462e+08,
      1.3464616e+08,
      1.6724029e+08,
      1.6091992e+08,
      1.8605587e+08,
      1.7999411e+08,
      2.0381038e+08,
      1.850349e+08,
      1.6636477e+08,
      1.1611126e+08,
      1.3357383e+08,
      1.4558688e+08,
      1.5475816e+08,
      2.1597675e+08,
      3.0401962e+08,
      3.0622864e+08,
      3.3675795e+08,
      2.2787522e+08,
      4.4231024e+07,
      1.15660024e+08,
      1.8408394e+08,
      1.6780442e+08,
      2.987974e+08,
      3.2934422e+08,
      3.2119315e+08,
      3.2383613e+08,
      3.350752e+08,
      2.7611178e+08,
      2.1592661e+08,
      2.3298821e+08,
      2.710428e+08,
      2.3889798e+08,
      1.7270302e+08,
      1.4048866e+08,
      1.2422501e+08,
      1.7714306e+08,
      2.4688059e+08,
      2.4124045e+08,
      1.9749738e+08,
      3.0345622e+08,
      1.6694477e+08,
      1.2944235e+08,
      1.3728526e+08,
      1.5163026e+08,
      1.8340949e+08,
      2.0920355e+08,
      2.0430595e+08,
      1.9387387e+08,
      1.9706437e+08,
      2.6276936e+08,
      2.209596e+08,
      1.643881e+08,
      1.5530454e+08,
      1.0241799e+08,
      1.3444214e+08
    ],
    "uplinkThroughputBps": [
      322609.1,
      763044.56,
      402997.12,
      297049,
      420403.47,
      438548.03,
      495162.75,
      482286.25,
      491597.6,
      552775.7,
      414002.97,
      503098.38,
      472589,
      470802.25,
      451172.9,
      408416.16,
      434320.2,
      392989.5,
      455459.47,
      423020.72,
      402384.75,
      394382.03,
      384022.1,
      725128.06,
      421535.94,
      284751.3,
      325763.2,
      396252.7,
      414908.94,
      863330.4,
      439630.16,
      349897.22,
      65624.08,
      75078.04,
      70413.98,
      96485.766,
      70514.64,
      1.553941e+07,
      1.7589108e+07,
      1.5995398e+07,
      1.585103e+07,
      1.4004244e+07,
      1.7701246e+07,
      1.7931296e+07,
      1.7419154e+07,
      1.5442169e+07,
      1.6553039e+07,
      1.3930164e+07,
      1.4174046e+07,
      1.6080165e+07,
      2.0362952e+07,
      1.8082802e+07,
      1.7560728e+07,
      1.5355515e+07,
      1.4480113e+07,
      1.750111e+07,
      1.9890412e+07,
      2.0955724e+07,
      1.3376516e+07,
      9.164412e+06,
      1.9716308e+07,
      1.8291494e+07,
      1.3342375e+07,
      1.3416572e+07,
      1.0390524e+07,
      9.422688e+06,
      7.301436e+06,
      1.0327895e+07,
      1.1121314e+07,
      1.0450528e+07,
      1.2758049e+07,
      8.896387e+06,
      5.254087e+06,
      5.0964735e+06,
      1.0329438e+07,
      1.1164021e+07,
      1.0392336e+07,
      6.7579045e+06,
      9.049228e+06,
      1.7360158e+07,
      1.2828002e+07,
      1.6609024e+07,
      1.5383306e+07,
      1.2504604e+07,
      1.6581996e+07,
      1.4838844e+07,
      1.5636877e+07,
      1.7550058e+07,
      1.8189656e+07,
      1.2505301e+07,
      1.7365274e+07,
      1.4085748e+07,
      1.4102525e+07,
      1.1134619e+07,
      1.2252812e+07,
      1.7331174e+07,
      1.766213e+07,
      1.6018357e+07,
      1.2320416e+07,
      1.3785159e+07,
      1.4387453e+07,
      1.4508727e+07,
      1.5977161e+07,
      1.6998776e+07,
      1.3198258e+07,
      1.3664615e+07,
      1.2364817e+07,
      1.9338526e+07,
      2.4321812e+07,
      1.3327904e+07,
      1.0533802e+07,
      9.75117e+06,
      1.0588504e+07,
      1.8290396e+07,
      1.3903203e+07,
      1.4446953e+07,
      1.3176993e+07,
      1.1870577e+07,
      9.426321e+06,
      1.2374623e+07,
      1.6180752e+07,
      1.6237954e+07,
      1.1330325e+07,
      1.4060624e+07,
      1.2980943e+07,
      1.6488019e+07,
      1.6814704e+07,
      1.5878041e+07,
      1.5550541e+07,
      1.4919634e+07,
      1.3492396e+07,
      1.987768e+07,
      1.5654669e+07,
      1.7659412e+07,
      1.5468165e+07,
      1.4221006e+07,
      1.4761299e+07,
      1.6771822e+07,
      1.2426641e+07,
      1.2500041e+07,
      9.641111e+06,
      9.937833e+06,
      8.851575e+06,
      1.4127599e+07,
      1.3958367e+07,
      1.6907148e+07,
      1.0240284e+07,
      1.5613766e+07,
      9.523679e+06,
      1.3252013e+07,
      1.463391e+07,
      1.2607667e+07,
      1.2756028e+07,
      1.0172529e+07,
      5.9904895e+06,
      1.2161158e+07,
      1.2363248e+07,
      1.0839088e+07,
      1.2566412e+07,
      161354.88,
      60179.875,
      74549.56,
      85807.07,
      79071.016,
      51933.87,
      63937.97,
      61387.832,
      81839.26,
      83894.47,
      79767.27,
      46221.23,
      508777.47,
      886877.2,
      944708.25,
      579686.4,
      382184.97,
      369157.47,
      338102.84,
      401025.78,
      213406.19,
      257580.6,
      165238.8,
      141406.77,
      112566.734,
      96133.445,
      195513.28,
      148025.38,
      431619.06,
      274424.94,
      181546.25,
      60473.477,
      68199.38,
      146574.14,
      186134.83,
      79574.336,
      75304.53,
      91016.4,
      92627.01,
      74608.28,
      120150.03,
      49610.227,
      50742.69,
      65724.74,
      66035.125,
      88717.92,
      81755.375,
      58577.65,
      60725.133,
      48972.695,
      57713.62,
      90362.086,
      68727.87,
      10032.775,
      14034.142,
      10032.775,
      13656.654,
      17909.678,
      10032.775,
      10586.423,
      14646.51,
      10032.775,
      13212.058,
      15200.157,
      10586.423,
      10032.775,
      18270.389,
      14587.789,
      10032.775,
      14755.562,
      21080.572,
      11291.066,
      221316.64,
      220326.8,
      10586.423,
      14587.789,
      13656.654,
      17003.709,
      16089.351,
      10586.423,
      10032.775,
      14034.142,
      14688.452,
      10032.775,
      14034.142,
      10586.423,
      155046.64,
      18589.156,
      10032.775,
      10032.775,
      14646.51,
      10032.775,
      17456.693,
      14487.126,
      10586.423,
      10032.775,
      27816.625,
      14587.789,
      10032.775,
      14034.142,
      10032.775,
      10586.423,
      18320.72,
      10032.775,
      10032.775,
      14587.789,
      13656.654,
      16022.241,
      14034.142,
      10586.423,
      14587.789,
      18714.984,
      13765.706,
      10032.775,
      24847.057,
      10032.775,
      14210.302,
      16533.947,
      10032.775,
      10032.775,
      14092.861,
      10032.775,
      13824.426,
      14587.789,
      10586.423,
      10032.775,
      18270.389,
      14034.142,
      10032.775,
      16064.185,
      31532.777,
      52252.64,
      30559.7,
      10586.423,
      10032.775,
      16877.879,
      13656.654,
      17003.709,
      44384.125,
      87879.055,
      67880.62,
      125669.734,
      148453.2,
      136650.42,
      174860.53,
      74952.21,
      102282.3,
      77082.92,
      83298.875,
      96284.445,
      73215.77,
      97559.51,
      75833.016,
      103817.414,
      87308.63,
      79876.33,
      89967.82,
      74063.02,
      85026.93,
      65414.363,
      96250.89,
      61647.88,
      54232.35,
      44065.36,
      63308.824,
      62553.85,
      76873.2,
      77141.64,
      62746.79,
      59659.78,
      62369.3,
      81025.56,
      65791.85,
      53460.598,
      69508.01,
      70237.81,
      79842.77,
      91066.73,
      59659.78,
      68576.87,
      84213.234,
      69558.336,
      76671.875,
      70732.74,
      87065.36,
      78576.09,
      98155.1,
      85026.93,
      103498.65,
      68392.32,
      66320.336,
      80941.68,
      81923.15,
      67352.13,
      77150.03,
      60976.793,
      66538.44,
      75984.01,
      62553.85,
      69717.72,
      63526.93,
      62746.79,
      30408.703,
      57713.62,
      74675.39,
      64021.855,
      96745.81,
      78156.664,
      59659.78,
      80371.25,
      69206.016,
      55465.477,
      92509.57,
      76722.21,
      75212.26,
      73106.72,
      64466.453,
      66983.03,
      58963.527,
      86201.336,
      79381.4,
      64718.11,
      66068.68,
      63669.535,
      64097.355,
      71101.84,
      75438.75,
      61446.555,
      74339.84,
      61379.445,
      67645.734,
      64097.355,
      71613.55,
      194221.44,
      338077.7,
      68878.86,
      70690.8,
      66555.22,
      94304.734,
      49559.895,
      81881.2,
      63820.53,
      65322.09,
      71101.84,
      73710.695,
      72083.305,
      79121.35,
      76084.67,
      59475.23,
      65338.867,
      48578.43,
      59777.22,
      71546.44,
      61287.17,
      59802.387,
      83189.83,
      61740.156,
      67872.23,
      65053.656,
      74776.055,
      48016.39,
      89019.91,
      46699.38,
      56681.824,
      71814.875,
      70833.41,
      58049.168,
      91679.09,
      61043.902,
      59542.34,
      72158.805,
      68618.81,
      63812.14,
      44056.97,
      67318.58,
      78542.54,
      73475.82,
      74381.79,
      85664.47,
      71311.555,
      3.056932e+07,
      3.526399e+08,
      3.378509e+08,
      3.1173178e+08,
      3.1891843e+08,
      3.1984272e+08,
      3.2066474e+08,
      3.2073142e+08,
      3.2158883e+08,
      3.2289398e+08,
      3.1605114e+08,
      3.346975e+08,
      3.2359107e+08,
      3.331824e+08,
      3.308359e+08,
      3.1143056e+08,
      3.272493e+08,
      3.1445066e+08,
      3.1699603e+08,
      3.4407987e+08,
      3.2433693e+08,
      3.272971e+08,
      3.1326656e+08,
      3.125857e+08,
      3.2961078e+08,
      3.182069e+08,
      3.17483e+08,
      3.294632e+08,
      3.0767456e+08,
      3.2887645e+08,
      3.232924e+08,
      3.0933427e+08,
      3.2786592e+08,
      3.1959552e+08,
      3.248406e+08,
      3.248792e+08,
      3.2267725e+08,
      3.68527e+08,
      2.9014022e+08,
      3.207728e+08,
      3.353474e+08,
      3.0538518e+08,
      3.248003e+08,
      3.564936e+08,
      2.8540486e+08,
      3.5406358e+08,
      3.25088e+08,
      2.9576992e+08,
      3.1347667e+08,
      3.2439344e+08,
      3.1708493e+08,
      3.2162813e+08,
      3.195662e+08,
      3.2771818e+08,
      3.160353e+08,
      3.1582054e+08,
      3.0159277e+08,
      3.172313e+08,
      3.2313264e+08,
      3.2349424e+08,
      3.2444957e+08,
      3.1124125e+08,
      3.3197856e+08,
      2.2555914e+08,
      2.2291514e+08,
      3.3942944e+08,
      3.2283334e+08,
      3.2498387e+08,
      3.0475846e+08,
      3.345364e+08,
      3.2424422e+08,
      3.2850573e+08,
      3.162641e+08,
      3.1875382e+08,
      3.1754944e+08,
      3.1940534e+08,
      3.1847555e+08,
      3.2314928e+08,
      3.2428912e+08,
      3.2166253e+08,
      3.2089597e+08,
      3.2198826e+08,
      3.1512928e+08,
      3.166307e+08,
      3.1034704e+08,
      3.1167216e+08,
      3.108574e+08,
      3.2520992e+08,
      3.259388e+08,
      3.298803e+08,
      3.21253e+08,
      3.1852032e+08,
      3.3184288e+08,
      3.1872784e+08,
      3.2740714e+08,
      3.1198086e+08,
      3.2434208e+08,
      3.232932e+08,
      3.353884e+08,
      3.2160022e+08,
      3.26283e+08,
      3.130971e+08,
      3.3020298e+08,
      3.0300525e+08,
      3.2580253e+08,
      3.3367955e+08,
      3.1682886e+08,
      3.280364e+08,
      3.243549e+08,
      3.3071146e+08,
      3.166281e+08,
      3.2354493e+08,
      3.364155e+08,
      3.1676314e+08,
      3.4594458e+08,
      3.060941e+08,
      3.2690797e+08,
      3.3418838e+08,
      3.2212835e+08,
      3.2543373e+08,
      2.94493e+08,
      78416.71,
      89925.875,
      83777.03,
      78399.93,
      94782.88,
      56857.984,
      97475.625,
      75791.07,
      66119.01,
      73517.76,
      434462.78,
      91377.11,
      69994.55,
      74809.61,
      75841.41,
      71563.22,
      75455.53,
      69113.74,
      43301.996,
      48746.2,
      89246.4,
      64600.67,
      81847.65,
      38939.918,
      45139.1,
      76629.94,
      77997.27,
      69608.67,
      89732.94,
      56547.605,
      54291.07,
      49811.555,
      92962.555,
      68140.664,
      75170.31,
      46615.496,
      56572.773,
      43939.527,
      90160.76,
      75975.625,
      91343.555,
      76445.38,
      36976.984,
      127339.07,
      73115.11,
      88852.13,
      72251.08,
      55750.688,
      55859.742,
      50054.824,
      64088.965,
      69197.625,
      81344.33,
      205915.16,
      105260.25,
      115326.586,
      101988.695,
      40525.367,
      35743.86,
      10955.522,
      10032.775,
      18597.543,
      10586.423,
      15963.521,
      14596.178,
      13656.654,
      20946.354,
      14319.354,
      11442.062,
      10032.775,
      14587.789,
      15141.4375,
      10754.195,
      14034.142,
      10032.775,
      23731.371,
      17716.74,
      10586.423,
      9210.691,
      14587.789,
      10032.775,
      14042.53,
      15149.826,
      10032.775,
      10032.775,
      17658.02,
      15988.687,
      10854.858,
      13212.058,
      10032.775,
      20157.824,
      18597.543,
      11509.17,
      10032.775,
      14596.178,
      13656.654,
      17733.518,
      13824.426,
      10032.775,
      10032.775,
      14034.142,
      15149.826,
      19344.13,
      14587.789,
      10032.775,
      30794.58,
      17481.86,
      9764.34,
      10032.775,
      17104.371,
      10032.775,
      18958.254,
      14034.142,
      10032.775,
      10032.775,
      18211.668,
      14042.53,
      9764.34,
      15141.4375,
      10032.775,
      20568.867,
      17481.86,
      10032.775,
      10586.423,
      14596.178,
      14579.4,
      17934.844,
      13774.095,
      10032.775,
      10032.775,
      23857.201,
      14587.789,
      10586.423,
      14034.142,
      10032.775,
      13656.654,
      17708.352,
      9210.691,
      10586.423,
      14587.789,
      10032.775,
      14034.142,
      15141.4375,
      10032.775,
      10754.195,
      18220.057,
      24645.73,
      10586.423,
      14034.142,
      9932.112,
      10032.775,
      17171.48,
      10032.775,
      10586.423,
      33730.594,
      13656.654,
      17616.076,
      14092.861,
      10133.438,
      10032.775,
      14587.789,
      16198.402,
      10032.775,
      14587.789,
      10032.775,
      35483.812,
      17767.072,
      10032.775,
      9764.34,
      15149.826,
      10754.195,
      15141.4375,
      16609.443,
      10032.775,
      10032.775,
      185597.95,
      30433.87,
      36976.984,
      13765.706,
      10032.775,
      11475.616,
      17045.652,
      10032.775,
      10586.423,
      15141.4375,
      13656.654,
      15468.593,
      14587.789,
      10032.775,
      9210.691,
      14587.789,
      25417.482,
      10032.775,
      14814.281,
      10754.195,
      13656.654,
      17708.352,
      16475.227,
      19805.504,
      14587.789,
      10032.775,
      14034.142,
      15149.826,
      10032.775,
      10032.775,
      17658.02,
      15141.4375,
      10032.775,
      21172.846,
      13774.095,
      10821.305,
      19201.523,
      10032.775,
      11140.071,
      14587.789,
      18211.668,
      20426.26,
      14092.861,
      9932.112,
      10032.775,
      14587.789,
      14034.142,
      58493.76,
      71974.26,
      86192.945,
      93180.66,
      102550.734,
      76025.95,
      117381.79,
      185178.52,
      81184.945,
      84901.1,
      94187.29,
      93667.195,
      227146.73,
      386010.2,
      451114.2,
      405589.2,
      456801.66,
      427181.47,
      357295.97,
      268108.3,
      305848.66,
      279961.4,
      422097.97,
      274718.53,
      334629.97,
      312827.97,
      288903.66,
      316711.9,
      468772.2,
      405060.72,
      395103.44,
      467564.22,
      431627.44,
      536527,
      459393.72,
      443606.38,
      429714.84,
      450627.62,
      462732.4,
      417735.9,
      443723.8,
      468512.16,
      461843.2,
      530386.5,
      423272.38,
      439093.3,
      507636.62,
      437222.62,
      434093.7,
      495993.22,
      385053.88,
      427735.12,
      527718.94,
      442599.75,
      329361.9,
      560702.94,
      392016.44,
      466280.78,
      534312.4,
      470802.25,
      434739.62,
      224286.22,
      337809.25,
      404305.75,
      336265.75,
      452221.47,
      423062.66,
      436123.72,
      424656.5,
      475449.53,
      431694.53,
      376908.53,
      353152,
      377135.03,
      386991.66,
      353999.25,
      544949.1,
      511881.25,
      480012.94,
      536988.4,
      327063.44,
      350702.53,
      520043.38,
      432256.6,
      441089.78,
      500288.2,
      495942.9,
      491320.78,
      486077.88,
      522098.56,
      441752.5,
      355911.88,
      523826.62,
      479081.78,
      520437.62,
      491605.97,
      636359.8,
      537818.8,
      954564.9,
      493350.8,
      639916.56,
      432919.28,
      479216,
      726210.2,
      509859.6,
      404272.2,
      369828.56,
      385674.66,
      435058.38,
      468344.38,
      447129.6,
      424371.28,
      517853.94,
      412014.88,
      356104.8,
      366280.2,
      337683.4,
      378074.56
    ],
    "outages": [
      {
        "cause": "BOOTING",
        "startTimestampNs": "1400878338205950005",
        "durationNs": "48494843104",
        "didSwitch": false
      },
      {
        "cause": "NO_SCHEDULE",
        "startTimestampNs": "1400878387140730015",
        "durationNs": "11559976437",
        "didSwitch": false
      },
      {
        "cause": "NO_PINGS",
        "startTimestampNs": "1400878399600641908",
        "durationNs": "14040140128",
        "didSwitch": false
      },
      {
        "cause": "NO_PINGS",
        "startTimestampNs": "1400878448980890571",
        "durationNs": "3359892931",
        "didSwitch": false
      },
      {
        "cause": "NO_PINGS",
        "startTimestampNs": "1400878740120727599",
        "durationNs": "880000099",
        "didSwitch": true
      },
      {
        "cause": "NO_PINGS",
        "startTimestampNs": "1400878754860773553",
        "durationNs": "1319948364",
        "didSwitch": true
      },
      {
        "cause": "NO_PINGS",
        "startTimestampNs": "1400878921120717804",
        "durationNs": "940044786",
        "didSwitch": true
      },
      {
        "cause": "NO_PINGS",
        "startTimestampNs": "1400878950020695059",
        "durationNs": "1800094762",
        "didSwitch": true
      }
    ]
  }
}
End time: 1716844272288
