Start time: 1716921720409
[2024-05-28 14:42:37.014187] Connecting to host 35.245.244.238, port 5201
[2024-05-28 14:42:37.014918] Reverse mode, remote host 35.245.244.238 is sending
[2024-05-28 14:42:37.014963] [  5] local 100.127.85.72 port 41513 connected to 35.245.244.238 port 5201
[2024-05-28 14:42:37.014993] [ ID] Interval           Transfer     Bitrate         Jitter    Lost/Total Datagrams
[2024-05-28 14:42:37.015028] [  5]   0.00-0.50   sec   343 KBytes  5.62 Mbits/sec  58306.326 ms  75767/76018 (1e+02%)  
[2024-05-28 14:42:37.015057] [  5]   0.50-1.00   sec   204 KBytes  3.34 Mbits/sec  6.997 ms  -149/0 (0%)  
[2024-05-28 14:42:37.015087] [  5]   1.00-1.50   sec   197 KBytes  3.23 Mbits/sec  3.839 ms  -144/0 (0%)  
[2024-05-28 14:42:37.015112] [  5]   1.50-2.00   sec   213 KBytes  3.49 Mbits/sec  3.021 ms  -156/0 (0%)  
[2024-05-28 14:42:37.015138] [  5]   2.00-2.50   sec   272 KBytes  4.46 Mbits/sec  3.332 ms  -199/0 (0%)  
[2024-05-28 14:42:37.015163] [  5]   2.50-3.00   sec   283 KBytes  4.64 Mbits/sec  2.333 ms  -207/0 (0%)  
[2024-05-28 14:42:37.015189] [  5]   3.00-3.50   sec   294 KBytes  4.82 Mbits/sec  1.685 ms  -215/0 (0%)  
[2024-05-28 14:42:37.015214] [  5]   3.50-4.00   sec   295 KBytes  4.84 Mbits/sec  2.467 ms  -216/0 (0%)  
[2024-05-28 14:42:37.015255] [  5]   4.00-4.50   sec   357 KBytes  5.85 Mbits/sec  1.573 ms  -261/0 (0%)  
[2024-05-28 14:42:37.015281] [  5]   4.50-5.00   sec   354 KBytes  5.80 Mbits/sec  2.093 ms  -259/0 (0%)  
[2024-05-28 14:42:37.015306] [  5]   5.00-5.50   sec   369 KBytes  6.05 Mbits/sec  1.667 ms  -270/0 (0%)  
[2024-05-28 14:42:37.015332] [  5]   5.50-6.00   sec   297 KBytes  4.86 Mbits/sec  3.012 ms  -217/0 (0%)  
[2024-05-28 14:42:37.015357] [  5]   6.00-6.50   sec   329 KBytes  5.40 Mbits/sec  2.056 ms  -241/0 (0%)  
[2024-05-28 14:42:37.015382] [  5]   6.50-7.00   sec   297 KBytes  4.86 Mbits/sec  2.290 ms  -217/0 (0%)  
[2024-05-28 14:42:37.015407] [  5]   7.00-7.50   sec   366 KBytes  6.00 Mbits/sec  2.002 ms  -268/0 (0%)  
[2024-05-28 14:42:37.015433] [  5]   7.50-8.00   sec   347 KBytes  5.69 Mbits/sec  1.834 ms  -254/0 (0%)  
[2024-05-28 14:42:37.015460] [  5]   8.00-8.50   sec   298 KBytes  4.88 Mbits/sec  2.588 ms  -218/0 (0%)  
[2024-05-28 14:42:37.015487] [  5]   8.50-9.00   sec   258 KBytes  4.23 Mbits/sec  2.879 ms  -189/0 (0%)  
[2024-05-28 14:42:37.015513] [  5]   9.00-9.50   sec   282 KBytes  4.61 Mbits/sec  2.630 ms  -206/0 (0%)  
[2024-05-28 14:42:37.015538] [  5]   9.50-10.00  sec   328 KBytes  5.38 Mbits/sec  2.100 ms  -240/0 (0%)  
[2024-05-28 14:42:37.015563] [  5]  10.00-10.50  sec   343 KBytes  5.62 Mbits/sec  2.089 ms  -251/0 (0%)  
[2024-05-28 14:42:37.015588] [  5]  10.50-11.00  sec   364 KBytes  5.95 Mbits/sec  1.880 ms  -266/0 (0%)  
[2024-05-28 14:42:37.015613] [  5]  11.00-11.50  sec   246 KBytes  4.03 Mbits/sec  1.980 ms  -180/0 (0%)  
[2024-05-28 14:42:37.015637] [  5]  11.50-12.00  sec   258 KBytes  4.23 Mbits/sec  2.949 ms  -189/0 (0%)  
[2024-05-28 14:42:37.015661] [  5]  12.00-12.50  sec   347 KBytes  5.69 Mbits/sec  1.939 ms  -254/0 (0%)  
[2024-05-28 14:42:37.015685] [  5]  12.50-13.00  sec   432 KBytes  7.08 Mbits/sec  1.388 ms  -316/0 (0%)  
[2024-05-28 14:42:37.015710] [  5]  13.00-13.50  sec   495 KBytes  8.11 Mbits/sec  1.614 ms  -362/0 (0%)  
[2024-05-28 14:42:37.015734] [  5]  13.50-14.00  sec   455 KBytes  7.45 Mbits/sec  1.338 ms  -333/0 (0%)  
[2024-05-28 14:42:37.015759] [  5]  14.00-14.50  sec   455 KBytes  7.47 Mbits/sec  1.438 ms  -333/0 (0%)  
[2024-05-28 14:42:37.015783] [  5]  14.50-15.00  sec   462 KBytes  7.57 Mbits/sec  1.360 ms  -338/0 (0%)  
[2024-05-28 14:42:37.015807] [  5]  15.00-15.50  sec   444 KBytes  7.28 Mbits/sec  1.197 ms  -325/0 (0%)  
[2024-05-28 14:42:37.015833] [  5]  15.50-16.00  sec   465 KBytes  7.62 Mbits/sec  1.487 ms  -340/0 (0%)  
[2024-05-28 14:42:37.015857] [  5]  16.00-16.50  sec   371 KBytes  6.07 Mbits/sec  1.499 ms  -271/0 (0%)  
[2024-05-28 14:42:37.015880] [  5]  16.50-17.00  sec   442 KBytes  7.24 Mbits/sec  1.286 ms  -323/0 (0%)  
[2024-05-28 14:42:37.015903] [  5]  17.00-17.50  sec   472 KBytes  7.73 Mbits/sec  0.949 ms  -345/0 (0%)  
[2024-05-28 14:42:37.015951] [  5]  17.50-18.00  sec   474 KBytes  7.77 Mbits/sec  1.891 ms  -347/0 (0%)  
[2024-05-28 14:42:37.015979] [  5]  18.00-18.50  sec   398 KBytes  6.52 Mbits/sec  1.514 ms  -291/0 (0%)  
[2024-05-28 14:42:37.016003] [  5]  18.50-19.00  sec   343 KBytes  5.62 Mbits/sec  2.626 ms  -251/0 (0%)  
[2024-05-28 14:42:37.016027] [  5]  19.00-19.50  sec   361 KBytes  5.91 Mbits/sec  2.199 ms  -264/0 (0%)  
[2024-05-28 14:42:37.016051] [  5]  19.50-20.00  sec   302 KBytes  4.95 Mbits/sec  2.085 ms  -221/0 (0%)  
[2024-05-28 14:42:37.016074] [  5]  20.00-20.50  sec   343 KBytes  5.62 Mbits/sec  2.516 ms  -251/0 (0%)  
[2024-05-28 14:42:37.016097] [  5]  20.50-21.00  sec   332 KBytes  5.44 Mbits/sec  2.137 ms  -243/0 (0%)  
[2024-05-28 14:42:37.016121] [  5]  21.00-21.50  sec   279 KBytes  4.57 Mbits/sec  2.751 ms  -204/0 (0%)  
[2024-05-28 14:42:37.016144] [  5]  21.50-22.00  sec   294 KBytes  4.82 Mbits/sec  2.437 ms  -215/0 (0%)  
[2024-05-28 14:42:37.016166] [  5]  22.00-22.50  sec   262 KBytes  4.30 Mbits/sec  2.822 ms  -192/0 (0%)  
[2024-05-28 14:42:37.016189] [  5]  22.50-23.00  sec   227 KBytes  3.72 Mbits/sec  2.433 ms  -166/0 (0%)  
[2024-05-28 14:42:37.016212] [  5]  23.00-23.50  sec   242 KBytes  3.96 Mbits/sec  2.753 ms  -177/0 (0%)  
[2024-05-28 14:42:37.016237] [  5]  23.50-24.00  sec   260 KBytes  4.26 Mbits/sec  3.150 ms  -190/0 (0%)  
[2024-05-28 14:42:37.016260] [  5]  24.00-24.50  sec   220 KBytes  3.61 Mbits/sec  3.401 ms  -161/0 (0%)  
[2024-05-28 14:43:03.014209] [  5]  24.50-25.00  sec   200 KBytes  3.27 Mbits/sec  2.362 ms  -146/0 (0%)  
[2024-05-28 14:43:03.014571] [  5]  25.00-25.50  sec   171 KBytes  2.80 Mbits/sec  4.444 ms  -125/0 (0%)  
[2024-05-28 14:43:03.014735] [  5]  25.50-26.00  sec   175 KBytes  2.87 Mbits/sec  3.585 ms  -128/0 (0%)  
[2024-05-28 14:43:03.014803] [  5]  26.00-26.50  sec   205 KBytes  3.36 Mbits/sec  2.914 ms  -150/0 (0%)  
[2024-05-28 14:43:03.014865] [  5]  26.50-27.00  sec   208 KBytes  3.40 Mbits/sec  2.119 ms  -152/0 (0%)  
[2024-05-28 14:43:03.014928] [  5]  27.00-27.50  sec   193 KBytes  3.16 Mbits/sec  2.925 ms  -141/0 (0%)  
[2024-05-28 14:43:03.014987] [  5]  27.50-28.00  sec   170 KBytes  2.78 Mbits/sec  3.930 ms  -124/0 (0%)  
[2024-05-28 14:43:03.015046] [  5]  28.00-28.50  sec   176 KBytes  2.89 Mbits/sec  4.470 ms  -129/0 (0%)  
[2024-05-28 14:43:03.015105] [  5]  28.50-29.00  sec   175 KBytes  2.87 Mbits/sec  4.352 ms  -128/0 (0%)  
[2024-05-28 14:43:03.015165] [  5]  29.00-29.50  sec   163 KBytes  2.67 Mbits/sec  3.298 ms  -119/0 (0%)  
[2024-05-28 14:43:03.015222] [  5]  29.50-30.00  sec   165 KBytes  2.71 Mbits/sec  3.786 ms  -121/0 (0%)  
[2024-05-28 14:43:03.015280] [  5]  30.00-30.50  sec   198 KBytes  3.25 Mbits/sec  3.342 ms  -145/0 (0%)  
[2024-05-28 14:43:03.015336] [  5]  30.50-31.00  sec   213 KBytes  3.49 Mbits/sec  2.867 ms  -156/0 (0%)  
[2024-05-28 14:43:03.015393] [  5]  31.00-31.50  sec   208 KBytes  3.40 Mbits/sec  3.631 ms  -152/0 (0%)  
[2024-05-28 14:43:03.015450] [  5]  31.50-32.00  sec   200 KBytes  3.27 Mbits/sec  3.707 ms  -146/0 (0%)  
[2024-05-28 14:43:03.015507] [  5]  32.00-32.50  sec   171 KBytes  2.80 Mbits/sec  4.247 ms  -125/0 (0%)  
[2024-05-28 14:43:03.015595] [  5]  32.50-33.00  sec   242 KBytes  3.96 Mbits/sec  3.013 ms  -177/0 (0%)  
[2024-05-28 14:43:03.015665] [  5]  33.00-33.50  sec   182 KBytes  2.98 Mbits/sec  2.977 ms  -133/0 (0%)  
[2024-05-28 14:43:03.015724] [  5]  33.50-34.00  sec   174 KBytes  2.84 Mbits/sec  4.290 ms  -127/0 (0%)  
[2024-05-28 14:43:03.015813] [  5]  34.00-34.50  sec   159 KBytes  2.60 Mbits/sec  4.604 ms  -116/0 (0%)  
[2024-05-28 14:43:03.015873] [  5]  34.50-35.00  sec   208 KBytes  3.40 Mbits/sec  2.840 ms  -152/0 (0%)  
[2024-05-28 14:43:03.015931] [  5]  35.00-35.50  sec   190 KBytes  3.11 Mbits/sec  3.119 ms  -139/0 (0%)  
[2024-05-28 14:43:03.015991] [  5]  35.50-36.00  sec   137 KBytes  2.24 Mbits/sec  5.157 ms  -100/0 (0%)  
[2024-05-28 14:43:03.016049] [  5]  36.00-36.50  sec   138 KBytes  2.26 Mbits/sec  5.497 ms  -101/0 (0%)  
[2024-05-28 14:43:03.016138] [  5]  36.50-37.00  sec   150 KBytes  2.46 Mbits/sec  3.605 ms  -110/0 (0%)  
[2024-05-28 14:43:03.016199] [  5]  37.00-37.50  sec   141 KBytes  2.31 Mbits/sec  3.335 ms  -103/0 (0%)  
[2024-05-28 14:43:03.016259] [  5]  37.50-38.00  sec   108 KBytes  1.77 Mbits/sec  7.999 ms  -79/0 (0%)  
[2024-05-28 14:43:03.016316] [  5]  38.00-38.50  sec   134 KBytes  2.20 Mbits/sec  5.012 ms  -98/0 (0%)  
[2024-05-28 14:43:03.016376] [  5]  38.50-39.00  sec   185 KBytes  3.02 Mbits/sec  4.336 ms  -135/0 (0%)  
[2024-05-28 14:43:03.016434] [  5]  39.00-39.50  sec   172 KBytes  2.82 Mbits/sec  4.600 ms  -126/0 (0%)  
[2024-05-28 14:43:03.016493] [  5]  39.50-40.00  sec   170 KBytes  2.78 Mbits/sec  4.546 ms  -124/0 (0%)  
[2024-05-28 14:43:03.016552] [  5]  40.00-40.50  sec   141 KBytes  2.31 Mbits/sec  5.419 ms  -103/0 (0%)  
[2024-05-28 14:43:03.016608] [  5]  40.50-41.00  sec   137 KBytes  2.24 Mbits/sec  6.054 ms  -100/0 (0%)  
[2024-05-28 14:43:03.016666] [  5]  41.00-41.50  sec   130 KBytes  2.13 Mbits/sec  4.895 ms  -95/0 (0%)  
[2024-05-28 14:43:03.016723] [  5]  41.50-42.00  sec   172 KBytes  2.82 Mbits/sec  4.532 ms  -126/0 (0%)  
[2024-05-28 14:43:03.016780] [  5]  42.00-42.50  sec   126 KBytes  2.06 Mbits/sec  4.692 ms  -92/0 (0%)  
[2024-05-28 14:43:03.016836] [  5]  42.50-43.00  sec   126 KBytes  2.05 Mbits/sec  5.928 ms  -92/0 (0%)  
[2024-05-28 14:43:03.016937] [  5]  43.00-43.50  sec   122 KBytes  2.00 Mbits/sec  5.013 ms  -89/0 (0%)  
[2024-05-28 14:43:03.016993] [  5]  43.50-44.00  sec   109 KBytes  1.79 Mbits/sec  6.789 ms  -80/0 (0%)  
[2024-05-28 14:43:03.017049] [  5]  44.00-44.50  sec  88.9 KBytes  1.46 Mbits/sec  5.645 ms  -65/0 (0%)  
[2024-05-28 14:43:03.017106] [  5]  44.50-45.00  sec  82.0 KBytes  1.34 Mbits/sec  9.214 ms  -60/0 (0%)  
[2024-05-28 14:43:03.017163] [  5]  45.00-45.50  sec  98.4 KBytes  1.61 Mbits/sec  5.826 ms  -72/0 (0%)  
[2024-05-28 14:43:03.017223] [  5]  45.50-46.00  sec  86.1 KBytes  1.41 Mbits/sec  7.623 ms  -63/0 (0%)  
[2024-05-28 14:43:03.017281] [  5]  46.00-46.50  sec  99.8 KBytes  1.64 Mbits/sec  5.814 ms  -73/0 (0%)  
[2024-05-28 14:43:03.017339] [  5]  46.50-47.00  sec  73.8 KBytes  1.21 Mbits/sec  8.760 ms  -54/0 (0%)  
[2024-05-28 14:43:03.017395] [  5]  47.00-47.50  sec  84.8 KBytes  1.39 Mbits/sec  7.563 ms  -62/0 (0%)  
[2024-05-28 14:43:03.017452] [  5]  47.50-48.00  sec   165 KBytes  2.71 Mbits/sec  6.949 ms  -121/0 (0%)  
[2024-05-28 14:43:03.017510] [  5]  48.00-48.50  sec  86.1 KBytes  1.41 Mbits/sec  4.864 ms  -63/0 (0%)  
[2024-05-28 14:43:03.017566] [  5]  48.50-49.00  sec  80.7 KBytes  1.32 Mbits/sec  13.330 ms  -59/0 (0%)  
[2024-05-28 14:43:03.017687] [  5]  49.00-49.50  sec  19.1 KBytes   314 Kbits/sec  27.353 ms  -14/0 (0%)  
[2024-05-28 14:43:03.017758] [  5]  49.50-50.00  sec  13.7 KBytes   224 Kbits/sec  33.292 ms  -10/0 (0%)  
[2024-05-28 14:43:03.017817] [  5]  50.00-50.50  sec  16.4 KBytes   268 Kbits/sec  37.017 ms  -12/0 (0%)  
[2024-05-28 14:43:29.514197] [  5]  50.50-51.00  sec  12.3 KBytes   202 Kbits/sec  45.251 ms  -9/0 (0%)  
[2024-05-28 14:43:29.514649] [  5]  51.00-51.50  sec  1.37 KBytes  22.3 Kbits/sec  45.492 ms  -1/0 (0%)  
[2024-05-28 14:43:29.514770] [  5]  51.50-52.00  sec  9.57 KBytes   157 Kbits/sec  72.815 ms  -7/0 (0%)  
[2024-05-28 14:43:29.514868] [  5]  52.00-52.50  sec  13.7 KBytes   224 Kbits/sec  60.486 ms  -10/0 (0%)  
[2024-05-28 14:43:29.514963] [  5]  52.50-53.00  sec  2.73 KBytes  44.9 Kbits/sec  67.962 ms  -2/0 (0%)  
[2024-05-28 14:43:29.515051] [  5]  53.00-53.50  sec  5.47 KBytes  89.7 Kbits/sec  97.334 ms  -4/0 (0%)  
[2024-05-28 14:43:29.515135] [  5]  53.50-54.00  sec  0.00 Bytes  0.00 bits/sec  97.334 ms  0/0 (0%)  
[2024-05-28 14:43:29.515221] [  5]  54.00-54.50  sec  2.73 KBytes  44.8 Kbits/sec  137.250 ms  -2/0 (0%)  
[2024-05-28 14:43:29.515312] [  5]  54.50-55.00  sec  1.37 KBytes  22.4 Kbits/sec  145.923 ms  -1/0 (0%)  
[2024-05-28 14:43:29.515399] [  5]  55.00-55.50  sec  0.00 Bytes  0.00 bits/sec  145.923 ms  0/0 (0%)  
[2024-05-28 14:43:29.515486] [  5]  55.50-56.00  sec  1.37 KBytes  22.5 Kbits/sec  215.886 ms  -1/0 (0%)  
[2024-05-28 14:43:29.515615] [  5]  56.00-56.50  sec  0.00 Bytes  0.00 bits/sec  215.886 ms  0/0 (0%)  
[2024-05-28 14:43:29.515704] [  5]  56.50-57.00  sec  4.10 KBytes  67.4 Kbits/sec  219.585 ms  -3/0 (0%)  
[2024-05-28 14:43:29.515789] [  5]  57.00-57.50  sec  4.10 KBytes  67.2 Kbits/sec  213.341 ms  -3/0 (0%)  
[2024-05-28 14:43:29.515874] [  5]  57.50-58.00  sec  2.73 KBytes  44.8 Kbits/sec  222.838 ms  -2/0 (0%)  
[2024-05-28 14:43:29.515961] [  5]  58.00-58.50  sec  0.00 Bytes  0.00 bits/sec  222.838 ms  0/0 (0%)  
[2024-05-28 14:43:29.516046] [  5]  58.50-59.00  sec  0.00 Bytes  0.00 bits/sec  222.838 ms  0/0 (0%)  
[2024-05-28 14:43:29.516129] [  5]  59.00-59.50  sec  0.00 Bytes  0.00 bits/sec  222.838 ms  0/0 (0%)  
[2024-05-28 14:43:29.516214] [  5]  59.50-60.00  sec  0.00 Bytes  0.00 bits/sec  222.838 ms  0/0 (0%)  
[2024-05-28 14:43:29.516300] [  5]  60.00-60.50  sec  0.00 Bytes  0.00 bits/sec  222.838 ms  0/0 (0%)  
[2024-05-28 14:43:29.516387] [  5]  60.50-61.00  sec  1.37 KBytes  22.4 Kbits/sec  401.489 ms  -1/0 (0%)  
[2024-05-28 14:43:29.516469] [  5]  61.00-61.50  sec  0.00 Bytes  0.00 bits/sec  401.489 ms  0/0 (0%)  
[2024-05-28 14:43:29.516555] [  5]  61.50-62.00  sec  0.00 Bytes  0.00 bits/sec  401.489 ms  0/0 (0%)  
[2024-05-28 14:43:29.516641] [  5]  62.00-62.50  sec  0.00 Bytes  0.00 bits/sec  401.489 ms  0/0 (0%)  
[2024-05-28 14:43:29.516724] [  5]  62.50-63.00  sec  4.10 KBytes  67.4 Kbits/sec  438.977 ms  -3/0 (0%)  
[2024-05-28 14:43:29.516807] [  5]  63.00-63.50  sec  8.20 KBytes   134 Kbits/sec  331.252 ms  -6/0 (0%)  
[2024-05-28 14:43:29.516890] [  5]  63.50-64.00  sec  10.9 KBytes   179 Kbits/sec  221.668 ms  -8/0 (0%)  
[2024-05-28 14:43:29.516974] [  5]  64.00-64.50  sec  50.6 KBytes   829 Kbits/sec  38.483 ms  -37/0 (0%)  
[2024-05-28 14:43:29.517057] [  5]  64.50-65.00  sec  27.3 KBytes   448 Kbits/sec  30.977 ms  -20/0 (0%)  
[2024-05-28 14:43:29.517141] [  5]  65.00-65.50  sec  41.0 KBytes   672 Kbits/sec  17.048 ms  -30/0 (0%)  
[2024-05-28 14:43:29.517225] [  5]  65.50-66.00  sec  54.7 KBytes   896 Kbits/sec  13.058 ms  -40/0 (0%)  
[2024-05-28 14:43:29.517313] [  5]  66.00-66.50  sec  53.3 KBytes   874 Kbits/sec  10.944 ms  -39/0 (0%)  
[2024-05-28 14:43:29.517399] [  5]  66.50-67.00  sec  72.5 KBytes  1.19 Mbits/sec  8.273 ms  -53/0 (0%)  
[2024-05-28 14:43:29.517484] [  5]  67.00-67.50  sec  90.2 KBytes  1.48 Mbits/sec  6.011 ms  -66/0 (0%)  
[2024-05-28 14:43:29.517568] [  5]  67.50-68.00  sec  77.9 KBytes  1.28 Mbits/sec  8.938 ms  -57/0 (0%)  
[2024-05-28 14:43:29.517797] [  5]  68.00-68.50  sec  67.0 KBytes  1.10 Mbits/sec  8.839 ms  -49/0 (0%)  
[2024-05-28 14:43:29.517911] [  5]  68.50-69.00  sec  86.1 KBytes  1.41 Mbits/sec  10.489 ms  -63/0 (0%)  
[2024-05-28 14:43:29.518011] [  5]  69.00-69.50  sec  99.8 KBytes  1.63 Mbits/sec  5.756 ms  -73/0 (0%)  
[2024-05-28 14:43:29.518112] [  5]  69.50-70.00  sec   122 KBytes  1.99 Mbits/sec  5.227 ms  -89/0 (0%)  
[2024-05-28 14:43:29.518209] [  5]  70.00-70.50  sec   146 KBytes  2.40 Mbits/sec  4.719 ms  -107/0 (0%)  
[2024-05-28 14:43:29.518309] [  5]  70.50-71.00  sec   145 KBytes  2.37 Mbits/sec  4.533 ms  -106/0 (0%)  
[2024-05-28 14:43:29.518410] [  5]  71.00-71.50  sec   172 KBytes  2.82 Mbits/sec  4.024 ms  -126/0 (0%)  
[2024-05-28 14:43:29.518517] [  5]  71.50-72.00  sec   176 KBytes  2.89 Mbits/sec  4.228 ms  -129/0 (0%)  
[2024-05-28 14:43:29.518617] [  5]  72.00-72.50  sec   180 KBytes  2.96 Mbits/sec  4.643 ms  -132/0 (0%)  
[2024-05-28 14:43:29.518714] [  5]  72.50-73.00  sec   187 KBytes  3.07 Mbits/sec  3.198 ms  -137/0 (0%)  
[2024-05-28 14:43:29.518811] [  5]  73.00-73.50  sec   223 KBytes  3.65 Mbits/sec  2.820 ms  -163/0 (0%)  
[2024-05-28 14:43:29.518910] [  5]  73.50-74.00  sec   243 KBytes  3.99 Mbits/sec  3.431 ms  -178/0 (0%)  
[2024-05-28 14:43:29.519008] [  5]  74.00-74.50  sec   246 KBytes  4.03 Mbits/sec  2.207 ms  -180/0 (0%)  
[2024-05-28 14:43:29.519106] [  5]  74.50-75.00  sec   256 KBytes  4.19 Mbits/sec  3.125 ms  -187/0 (0%)  
[2024-05-28 14:43:29.519226] [  5]  75.00-75.50  sec   245 KBytes  4.01 Mbits/sec  2.014 ms  -179/0 (0%)  
[2024-05-28 14:43:29.519332] [  5]  75.50-76.00  sec   286 KBytes  4.68 Mbits/sec  2.565 ms  -209/0 (0%)  
[2024-05-28 14:43:29.519433] [  5]  76.00-76.50  sec   316 KBytes  5.17 Mbits/sec  1.765 ms  -231/0 (0%)  
[2024-05-28 14:43:29.519535] [  5]  76.50-77.00  sec   429 KBytes  7.03 Mbits/sec  1.084 ms  -314/0 (0%)  
[2024-05-28 14:43:54.013805] [  5]  77.00-77.50  sec   395 KBytes  6.47 Mbits/sec  1.238 ms  -289/0 (0%)  
[2024-05-28 14:43:54.014006] [  5]  77.50-78.00  sec   447 KBytes  7.33 Mbits/sec  1.465 ms  -327/0 (0%)  
[2024-05-28 14:43:54.014041] [  5]  78.00-78.50  sec   574 KBytes  9.41 Mbits/sec  5.496 ms  -420/0 (0%)  
[2024-05-28 14:43:54.014067] [  5]  78.50-79.00  sec   431 KBytes  7.06 Mbits/sec  6.641 ms  50428/50743 (99%)  
[2024-05-28 14:43:54.014091] [  5]  79.00-79.50  sec   537 KBytes  8.80 Mbits/sec  5.341 ms  97380/97773 (1e+02%)  
[2024-05-28 14:43:54.014114] [  5]  79.50-80.00  sec   537 KBytes  8.80 Mbits/sec  4.743 ms  87554/87947 (1e+02%)  
[2024-05-28 14:43:54.014136] [  5]  80.00-80.50  sec   544 KBytes  8.92 Mbits/sec  3.873 ms  73622/74020 (99%)  
[2024-05-28 14:43:54.014158] [  5]  80.50-81.00  sec   809 KBytes  13.3 Mbits/sec  2.729 ms  82532/83124 (99%)  
[2024-05-28 14:43:54.014180] [  5]  81.00-81.50  sec   934 KBytes  15.3 Mbits/sec  2.732 ms  101912/102595 (99%)  
[2024-05-28 14:43:54.014201] [  5]  81.50-82.00  sec   827 KBytes  13.6 Mbits/sec  2.457 ms  68591/69196 (99%)  
[2024-05-28 14:43:54.014223] [  5]  82.00-82.50  sec   711 KBytes  11.6 Mbits/sec  2.936 ms  51719/52239 (99%)  
[2024-05-28 14:43:54.014244] [  5]  82.50-83.00  sec   779 KBytes  12.8 Mbits/sec  3.763 ms  46818/47388 (99%)  
[2024-05-28 14:43:54.014265] [  5]  83.00-83.50  sec   689 KBytes  11.3 Mbits/sec  2.060 ms  47286/47790 (99%)  
[2024-05-28 14:43:54.014287] [  5]  83.50-84.00  sec   640 KBytes  10.5 Mbits/sec  1.649 ms  42390/42858 (99%)  
[2024-05-28 14:43:54.014310] [  5]  84.00-84.50  sec   649 KBytes  10.6 Mbits/sec  3.124 ms  44602/45077 (99%)  
[2024-05-28 14:43:54.014331] [  5]  84.50-85.00  sec   589 KBytes  9.65 Mbits/sec  2.617 ms  50923/51354 (99%)  
[2024-05-28 14:43:54.014353] [  5]  85.00-85.50  sec   623 KBytes  10.2 Mbits/sec  3.285 ms  37484/37940 (99%)  
[2024-05-28 14:43:54.014375] [  5]  85.50-86.00  sec   669 KBytes  11.0 Mbits/sec  3.306 ms  49499/49988 (99%)  
[2024-05-28 14:43:54.014398] [  5]  86.00-86.50  sec   636 KBytes  10.4 Mbits/sec  3.036 ms  44985/45450 (99%)  
[2024-05-28 14:43:54.014419] [  5]  86.50-87.00  sec   582 KBytes  9.54 Mbits/sec  3.982 ms  28144/28570 (99%)  
[2024-05-28 14:43:54.014441] [  5]  87.00-87.50  sec   618 KBytes  10.1 Mbits/sec  1.744 ms  28137/28589 (98%)  
[2024-05-28 14:43:54.014462] [  5]  87.50-88.00  sec   630 KBytes  10.3 Mbits/sec  2.457 ms  30780/31241 (99%)  
[2024-05-28 14:43:54.014484] [  5]  88.00-88.50  sec   602 KBytes  9.86 Mbits/sec  1.770 ms  27783/28223 (98%)  
[2024-05-28 14:43:54.014506] [  5]  88.50-89.00  sec   581 KBytes  9.52 Mbits/sec  1.993 ms  28139/28564 (99%)  
[2024-05-28 14:43:54.014527] [  5]  89.00-89.50  sec   592 KBytes  9.70 Mbits/sec  2.172 ms  32971/33404 (99%)  
[2024-05-28 14:43:54.014549] [  5]  89.50-90.00  sec   595 KBytes  9.74 Mbits/sec  2.690 ms  30447/30882 (99%)  
[2024-05-28 14:43:54.014571] [  5]  90.00-90.50  sec   569 KBytes  9.32 Mbits/sec  4.963 ms  26179/26595 (98%)  
[2024-05-28 14:43:54.014592] [  5]  90.50-91.00  sec   608 KBytes  9.97 Mbits/sec  1.593 ms  30113/30558 (99%)  
[2024-05-28 14:43:54.014615] [  5]  91.00-91.50  sec   566 KBytes  9.27 Mbits/sec  2.248 ms  37513/37927 (99%)  
[2024-05-28 14:43:54.014637] [  5]  91.50-92.00  sec   495 KBytes  8.11 Mbits/sec  3.463 ms  33123/33485 (99%)  
[2024-05-28 14:43:54.014658] [  5]  92.00-92.50  sec   513 KBytes  8.40 Mbits/sec  3.195 ms  35337/35712 (99%)  
[2024-05-28 14:43:54.014681] [  5]  92.50-93.00  sec   491 KBytes  8.04 Mbits/sec  2.235 ms  37598/37957 (99%)  
[2024-05-28 14:43:54.014702] [  5]  93.00-93.50  sec   473 KBytes  7.75 Mbits/sec  3.917 ms  42047/42393 (99%)  
[2024-05-28 14:43:54.014742] [  5]  93.50-94.00  sec   566 KBytes  9.27 Mbits/sec  3.349 ms  49061/49475 (99%)  
[2024-05-28 14:43:54.014766] [  5]  94.00-94.50  sec   520 KBytes  8.51 Mbits/sec  3.376 ms  54174/54554 (99%)  
[2024-05-28 14:43:54.014787] [  5]  94.50-95.00  sec   528 KBytes  8.65 Mbits/sec  4.003 ms  63894/64280 (99%)  
[2024-05-28 14:43:54.014807] [  5]  95.00-95.50  sec   442 KBytes  7.23 Mbits/sec  4.423 ms  50038/50361 (99%)  
[2024-05-28 14:43:54.014828] [  5]  95.50-96.00  sec   338 KBytes  5.53 Mbits/sec  5.947 ms  44836/45083 (99%)  
[2024-05-28 14:43:54.014849] [  5]  96.00-96.50  sec   205 KBytes  3.36 Mbits/sec  9.163 ms  28417/28567 (99%)  
[2024-05-28 14:43:54.014871] [  5]  96.50-97.00  sec   226 KBytes  3.70 Mbits/sec  5.341 ms  28421/28586 (99%)  
[2024-05-28 14:43:54.014891] [  5]  97.00-97.50  sec   191 KBytes  3.14 Mbits/sec  6.865 ms  21639/21779 (99%)  
[2024-05-28 14:43:54.014913] [  5]  97.50-98.00  sec   261 KBytes  4.28 Mbits/sec  6.298 ms  28018/28209 (99%)  
[2024-05-28 14:43:54.014934] [  5]  98.00-98.50  sec   272 KBytes  4.46 Mbits/sec  6.457 ms  28380/28579 (99%)  
[2024-05-28 14:43:54.014954] [  5]  98.50-99.00  sec   221 KBytes  3.63 Mbits/sec  5.840 ms  25817/25979 (99%)  
[2024-05-28 14:43:54.014975] [  5]  99.00-99.50  sec   254 KBytes  4.17 Mbits/sec  4.645 ms  26157/26343 (99%)  
[2024-05-28 14:43:54.014995] [  5]  99.50-100.00 sec   175 KBytes  2.87 Mbits/sec  8.835 ms  21295/21423 (99%)  
[2024-05-28 14:43:54.015016] [  5] 100.00-100.50 sec   215 KBytes  3.52 Mbits/sec  5.622 ms  24825/24982 (99%)  
[2024-05-28 14:43:54.015036] [  5] 100.50-101.00 sec   153 KBytes  2.51 Mbits/sec  7.050 ms  21339/21451 (99%)  
[2024-05-28 14:43:54.015057] [  5] 101.00-101.50 sec   130 KBytes  2.13 Mbits/sec  5.749 ms  14201/14296 (99%)  
[2024-05-28 14:44:20.435700] [  5] 101.50-102.00 sec   167 KBytes  2.73 Mbits/sec  7.916 ms  19331/19453 (99%)  
[2024-05-28 14:44:20.435870] [  5] 102.00-102.50 sec   111 KBytes  1.81 Mbits/sec  7.346 ms  13849/13930 (99%)  
[2024-05-28 14:44:20.435984] [  5] 102.50-103.00 sec  95.7 KBytes  1.57 Mbits/sec  12.107 ms  14210/14280 (1e+02%)  
[2024-05-28 14:44:20.436041] [  5] 103.00-103.50 sec  82.0 KBytes  1.34 Mbits/sec  12.488 ms  14582/14642 (1e+02%)  
[2024-05-28 14:44:20.436080] [  5] 103.50-104.00 sec  75.2 KBytes  1.23 Mbits/sec  12.565 ms  11278/11333 (1e+02%)  
[2024-05-28 14:44:20.436116] [  5] 104.00-104.50 sec   130 KBytes  2.13 Mbits/sec  10.492 ms  21337/21432 (1e+02%)  
[2024-05-28 14:44:20.436150] [  5] 104.50-105.00 sec  80.7 KBytes  1.32 Mbits/sec  12.401 ms  9675/9734 (99%)  
[2024-05-28 14:44:20.436217] [  5] 105.00-105.50 sec  87.5 KBytes  1.43 Mbits/sec  12.393 ms  16545/16609 (1e+02%)  
[2024-05-28 14:44:20.436252] [  5] 105.50-106.00 sec  60.2 KBytes   986 Kbits/sec  14.080 ms  7098/7142 (99%)  
[2024-05-28 14:44:20.436308] [  5] 106.00-106.50 sec  83.4 KBytes  1.37 Mbits/sec  12.809 ms  19049/19110 (1e+02%)  
[2024-05-28 14:44:20.436342] [  5] 106.50-107.00 sec  75.2 KBytes  1.23 Mbits/sec  12.436 ms  11641/11696 (1e+02%)  
[2024-05-28 14:44:20.436377] [  5] 107.00-107.50 sec  82.0 KBytes  1.34 Mbits/sec  13.377 ms  14247/14307 (1e+02%)  
[2024-05-28 14:44:20.436412] [  5] 107.50-108.00 sec  42.4 KBytes   694 Kbits/sec  12.885 ms  2544/2575 (99%)  
[2024-05-28 14:44:20.436445] [  5] 108.00-108.50 sec  68.4 KBytes  1.12 Mbits/sec  11.278 ms  7091/7141 (99%)  
[2024-05-28 14:44:20.436481] [  5] 108.50-109.00 sec  75.2 KBytes  1.23 Mbits/sec  10.033 ms  9409/9464 (99%)  
[2024-05-28 14:44:20.436515] [  5] 109.00-109.50 sec  69.7 KBytes  1.14 Mbits/sec  12.493 ms  9297/9348 (99%)  
[2024-05-28 14:44:20.436549] [  5] 109.50-110.00 sec  47.9 KBytes   785 Kbits/sec  16.535 ms  7126/7161 (1e+02%)  
[2024-05-28 14:44:20.436585] [  5] 110.00-110.50 sec  20.5 KBytes   335 Kbits/sec  24.592 ms  2582/2597 (99%)  
[2024-05-28 14:44:20.436642] [  5] 110.50-111.00 sec  21.9 KBytes   359 Kbits/sec  30.697 ms  2311/2327 (99%)  
[2024-05-28 14:44:20.436676] [  5] 111.00-111.50 sec  19.1 KBytes   313 Kbits/sec  34.276 ms  4796/4810 (1e+02%)  
[2024-05-28 14:44:20.436725] [  5] 111.50-112.00 sec  12.3 KBytes   202 Kbits/sec  49.454 ms  0/9 (0%)  
[2024-05-28 14:44:20.436909] [  5] 112.00-112.50 sec  4.10 KBytes  67.0 Kbits/sec  61.267 ms  2304/2307 (1e+02%)  
[2024-05-28 14:44:20.436976] [  5] 112.50-113.00 sec  6.84 KBytes   112 Kbits/sec  74.402 ms  0/5 (0%)  
[2024-05-28 14:44:20.437010] [  5] 113.00-113.50 sec  2.73 KBytes  44.7 Kbits/sec  77.855 ms  0/2 (0%)  
[2024-05-28 14:44:20.437044] [  5] 113.50-114.00 sec  0.00 Bytes  0.00 bits/sec  77.855 ms  0/0 (0%)  
[2024-05-28 14:44:20.437078] [  5] 114.00-114.50 sec  0.00 Bytes  0.00 bits/sec  77.855 ms  0/0 (0%)  
[2024-05-28 14:44:20.437112] [  5] 114.50-115.00 sec  0.00 Bytes  0.00 bits/sec  77.855 ms  0/0 (0%)  
[2024-05-28 14:44:20.437147] [  5] 115.00-115.50 sec  1.37 KBytes  22.4 Kbits/sec  200.069 ms  0/1 (0%)  
[2024-05-28 14:44:20.437180] [  5] 115.50-116.00 sec  0.00 Bytes  0.00 bits/sec  200.069 ms  0/0 (0%)  
[2024-05-28 14:44:20.437213] [  5] 116.00-116.50 sec  0.00 Bytes  0.00 bits/sec  200.069 ms  0/0 (0%)  
[2024-05-28 14:44:20.437329] [  5] 116.50-117.00 sec  1.37 KBytes  22.4 Kbits/sec  266.399 ms  4824/4825 (1e+02%)  
[2024-05-28 14:44:20.437363] [  5] 117.00-117.50 sec  0.00 Bytes  0.00 bits/sec  266.399 ms  0/0 (0%)  
[2024-05-28 14:44:20.437398] [  5] 117.50-118.00 sec  0.00 Bytes  0.00 bits/sec  266.399 ms  0/0 (0%)  
[2024-05-28 14:44:20.437432] [  5] 118.00-118.50 sec  0.00 Bytes  0.00 bits/sec  266.399 ms  0/0 (0%)  
[2024-05-28 14:44:20.437467] [  5] 118.50-119.00 sec  0.00 Bytes  0.00 bits/sec  266.399 ms  0/0 (0%)  
[2024-05-28 14:44:20.437502] [  5] 119.00-119.50 sec  4.10 KBytes  67.3 Kbits/sec  283.328 ms  77317/77320 (1e+02%)  
[2024-05-28 14:44:20.437536] [  5] 120.00-128.42 sec  0.00 Bytes  0.00 bits/sec  278.877 ms  0/0 (0%)  
[2024-05-28 14:44:20.437570] - - - - - - - - - - - - - - - - - - - - - - - - -
[2024-05-28 14:44:20.437604] [ ID] Interval           Transfer     Bitrate         Jitter    Lost/Total Datagrams
[2024-05-28 14:44:20.437725] [  5]   0.00-128.42 sec  0.00 Bytes  0.00 bits/sec  0.000 ms  0/0 (0%)  sender
[2024-05-28 14:44:20.437800] [SUM]  0.0-128.4 sec  21690 datagrams received out-of-order
[2024-05-28 14:44:20.437872] [  5]   0.00-128.42 sec  53.0 MBytes  3.46 Mbits/sec  278.877 ms  2313428/2353109 (98%)  receiver
End time: 1716921860465
