Start time: 1716846520330
[2024-05-27 17:48:42.362319] nuttcp-r: v8.1.4: socket
[2024-05-27 17:48:42.363327] nuttcp-r: buflen=65536, nstream=1, port=5002 tcp
[2024-05-27 17:48:42.363382] nuttcp-r: interval reporting every 0.50 seconds
[2024-05-27 17:48:42.363419] nuttcp-r: connect to 35.245.244.238 with RTT=113.001 ms af=inet
[2024-05-27 17:48:42.363453] nuttcp-r: send window size = 1048576, receive window size = 4194304
[2024-05-27 17:48:42.363484] nuttcp-r: available send window = 786432, available receive window = 3145728
[2024-05-27 17:48:42.363515]     0.0625 MB /   0.50 sec =    1.0483 Mbps     0 retrans     13 KB-cwnd
[2024-05-27 17:48:42.862411]     0.0625 MB /   0.50 sec =    1.0484 Mbps     0 retrans     13 KB-cwnd
[2024-05-27 17:48:43.362550]     0.1250 MB /   0.50 sec =    2.0973 Mbps     0 retrans     13 KB-cwnd
[2024-05-27 17:48:43.862435]     0.0000 MB /   0.50 sec =    0.0000 Mbps     0 retrans     13 KB-cwnd
[2024-05-27 17:48:44.362217]     0.3125 MB /   0.50 sec =    5.2451 Mbps     0 retrans     13 KB-cwnd
[2024-05-27 17:48:44.862279]     0.1250 MB /   0.50 sec =    2.0970 Mbps     0 retrans     13 KB-cwnd
[2024-05-27 17:48:45.363029]     0.1250 MB /   0.50 sec =    2.0926 Mbps     0 retrans     13 KB-cwnd
[2024-05-27 17:48:45.861930]     0.0625 MB /   0.50 sec =    1.0507 Mbps     0 retrans     13 KB-cwnd
[2024-05-27 17:48:46.361907]     0.2500 MB /   0.50 sec =    4.1946 Mbps     0 retrans     13 KB-cwnd
[2024-05-27 17:48:46.861869]     0.1250 MB /   0.50 sec =    2.0973 Mbps     0 retrans     13 KB-cwnd
[2024-05-27 17:48:47.361820]     0.1250 MB /   0.50 sec =    2.0972 Mbps     0 retrans     13 KB-cwnd
[2024-05-27 17:48:47.861837]     0.1250 MB /   0.50 sec =    2.0972 Mbps     0 retrans     13 KB-cwnd
[2024-05-27 17:48:48.361979]     0.0625 MB /   0.50 sec =    1.0484 Mbps     0 retrans     13 KB-cwnd
[2024-05-27 17:48:48.863322]     0.0625 MB /   0.50 sec =    1.0456 Mbps     0 retrans     13 KB-cwnd
[2024-05-27 17:48:49.362184]     0.0000 MB /   0.50 sec =    0.0000 Mbps     0 retrans     13 KB-cwnd
[2024-05-27 17:48:49.863014]     0.1250 MB /   0.50 sec =    2.0931 Mbps     0 retrans     13 KB-cwnd
[2024-05-27 17:48:50.361796]     0.2500 MB /   0.50 sec =    4.2039 Mbps     0 retrans     13 KB-cwnd
[2024-05-27 17:48:50.861844]     0.1875 MB /   0.50 sec =    3.1456 Mbps     0 retrans     13 KB-cwnd
[2024-05-27 17:48:51.361843]     0.1875 MB /   0.50 sec =    3.1457 Mbps     0 retrans     13 KB-cwnd
[2024-05-27 17:48:51.861844]     0.1875 MB /   0.50 sec =    3.1457 Mbps     0 retrans     13 KB-cwnd
[2024-05-27 17:48:52.361829]     0.2500 MB /   0.50 sec =    4.1944 Mbps     0 retrans     13 KB-cwnd
[2024-05-27 17:48:52.861812]     0.1875 MB /   0.50 sec =    3.1457 Mbps     0 retrans     13 KB-cwnd
[2024-05-27 17:48:53.361834]     0.2500 MB /   0.50 sec =    4.1943 Mbps     0 retrans     13 KB-cwnd
[2024-05-27 17:48:53.861727]     0.2500 MB /   0.50 sec =    4.1946 Mbps     0 retrans     13 KB-cwnd
[2024-05-27 17:48:54.363331]     0.0000 MB /   0.50 sec =    0.0000 Mbps     0 retrans     13 KB-cwnd
[2024-05-27 17:48:54.862064]     0.0000 MB /   0.50 sec =    0.0000 Mbps     0 retrans     13 KB-cwnd
[2024-05-27 17:48:55.362091]     0.0625 MB /   0.50 sec =    1.0485 Mbps     0 retrans     13 KB-cwnd
[2024-05-27 17:48:55.862213]     0.0000 MB /   0.50 sec =    0.0000 Mbps     0 retrans     13 KB-cwnd
[2024-05-27 17:48:56.362829]     0.0625 MB /   0.50 sec =    1.0469 Mbps     0 retrans     13 KB-cwnd
[2024-05-27 17:48:56.862056]     0.0000 MB /   0.50 sec =    0.0000 Mbps     0 retrans     13 KB-cwnd
[2024-05-27 17:48:57.362855]     0.0000 MB /   0.50 sec =    0.0000 Mbps     0 retrans     13 KB-cwnd
[2024-05-27 17:48:57.862017]     0.0625 MB /   0.50 sec =    1.0504 Mbps     0 retrans     13 KB-cwnd
[2024-05-27 17:48:58.362050]     0.0000 MB /   0.50 sec =    0.0000 Mbps     0 retrans     13 KB-cwnd
[2024-05-27 17:48:58.861821]     0.1250 MB /   0.50 sec =    2.0978 Mbps     0 retrans     13 KB-cwnd
[2024-05-27 17:48:59.361887]     0.0000 MB /   0.50 sec =    0.0000 Mbps     0 retrans     13 KB-cwnd
[2024-05-27 17:48:59.862827]     0.0000 MB /   0.50 sec =    0.0000 Mbps     0 retrans     13 KB-cwnd
[2024-05-27 17:49:00.361965]     0.5625 MB /   0.50 sec =    9.4565 Mbps     0 retrans     13 KB-cwnd
[2024-05-27 17:49:00.862301]     0.3125 MB /   0.50 sec =    5.2377 Mbps     0 retrans     13 KB-cwnd
[2024-05-27 17:49:01.361822]     0.3750 MB /   0.50 sec =    6.2974 Mbps     0 retrans     13 KB-cwnd
[2024-05-27 17:49:01.861798]     0.3750 MB /   0.50 sec =    6.2914 Mbps     0 retrans     13 KB-cwnd
[2024-05-27 17:49:02.361820]     0.4375 MB /   0.50 sec =    7.3399 Mbps     0 retrans     13 KB-cwnd
[2024-05-27 17:49:02.861809]     0.5625 MB /   0.50 sec =    9.4372 Mbps     0 retrans     13 KB-cwnd
[2024-05-27 17:49:03.361796]     0.5625 MB /   0.50 sec =    9.4374 Mbps     0 retrans     13 KB-cwnd
[2024-05-27 17:49:03.861803]     0.6250 MB /   0.50 sec =   10.4855 Mbps     0 retrans     13 KB-cwnd
[2024-05-27 17:49:04.361852]     0.6875 MB /   0.50 sec =   11.5335 Mbps     0 retrans     13 KB-cwnd
[2024-05-27 17:49:04.861824]     0.6875 MB /   0.50 sec =   11.5352 Mbps     0 retrans     13 KB-cwnd
[2024-05-27 17:49:05.361805]     0.6250 MB /   0.50 sec =   10.4858 Mbps     0 retrans     13 KB-cwnd
[2024-05-27 17:49:05.861728]     0.3125 MB /   0.50 sec =    5.2432 Mbps     0 retrans     13 KB-cwnd
[2024-05-27 17:49:06.361806]     0.5000 MB /   0.50 sec =    8.3884 Mbps     0 retrans     13 KB-cwnd
[2024-05-27 17:49:06.861989]     0.2500 MB /   0.50 sec =    4.1928 Mbps     0 retrans     13 KB-cwnd
[2024-05-27 17:49:07.361884]     0.4375 MB /   0.50 sec =    7.3417 Mbps     0 retrans     13 KB-cwnd
[2024-05-27 17:49:07.862009]     0.1250 MB /   0.50 sec =    2.0966 Mbps     0 retrans     13 KB-cwnd
[2024-05-27 17:49:08.361995]     0.6875 MB /   0.50 sec =   11.5383 Mbps     0 retrans     13 KB-cwnd
[2024-05-27 17:49:08.861824]     0.7500 MB /   0.50 sec =   12.5827 Mbps     0 retrans     13 KB-cwnd
[2024-05-27 17:49:09.361987]     0.8750 MB /   0.50 sec =   14.6761 Mbps     0 retrans     13 KB-cwnd
[2024-05-27 17:49:09.861813]     0.8125 MB /   0.50 sec =   13.6351 Mbps     0 retrans     13 KB-cwnd
[2024-05-27 17:49:10.361960]     0.8750 MB /   0.50 sec =   14.6764 Mbps     0 retrans     13 KB-cwnd
[2024-05-27 17:49:10.861967]     0.3750 MB /   0.50 sec =    6.2913 Mbps     0 retrans     13 KB-cwnd
[2024-05-27 17:49:11.361783]     0.6250 MB /   0.50 sec =   10.4888 Mbps     0 retrans     13 KB-cwnd
[2024-05-27 17:49:11.861776]     0.8125 MB /   0.50 sec =   13.6315 Mbps     0 retrans     13 KB-cwnd
[2024-05-27 17:49:12.362005]     0.0625 MB /   0.50 sec =    1.0486 Mbps     0 retrans     13 KB-cwnd
[2024-05-27 17:49:12.861878]     1.0625 MB /   0.50 sec =   17.8219 Mbps     0 retrans     13 KB-cwnd
[2024-05-27 17:49:13.361833]     1.1875 MB /   0.50 sec =   19.9242 Mbps     0 retrans     13 KB-cwnd
[2024-05-27 17:49:13.861816]     1.3125 MB /   0.50 sec =   22.0217 Mbps     0 retrans     13 KB-cwnd
[2024-05-27 17:49:14.361799]     1.4375 MB /   0.50 sec =   24.1176 Mbps     0 retrans     13 KB-cwnd
[2024-05-27 17:49:14.861778]     1.5625 MB /   0.50 sec =   26.2145 Mbps     0 retrans     13 KB-cwnd
[2024-05-27 17:49:15.361804]     1.8125 MB /   0.50 sec =   30.4085 Mbps     0 retrans     13 KB-cwnd
[2024-05-27 17:49:15.861838]     2.0000 MB /   0.50 sec =   33.5544 Mbps     0 retrans     13 KB-cwnd
[2024-05-27 17:49:16.361824]     2.3125 MB /   0.50 sec =   38.7941 Mbps     0 retrans     13 KB-cwnd
[2024-05-27 17:49:16.861805]     2.0000 MB /   0.50 sec =   33.5570 Mbps     0 retrans     13 KB-cwnd
[2024-05-27 17:49:17.362058]     1.0625 MB /   0.50 sec =   17.8237 Mbps     0 retrans     13 KB-cwnd
[2024-05-27 17:49:17.861962]     0.9375 MB /   0.50 sec =   15.7292 Mbps     0 retrans     13 KB-cwnd
[2024-05-27 17:49:18.361858]     2.5000 MB /   0.50 sec =   41.9426 Mbps     0 retrans     13 KB-cwnd
[2024-05-27 17:49:18.861991]     0.8125 MB /   0.50 sec =   13.6283 Mbps     0 retrans     13 KB-cwnd
[2024-05-27 17:49:19.362799]     0.9375 MB /   0.50 sec =   15.7034 Mbps     0 retrans     13 KB-cwnd
[2024-05-27 17:49:19.861957]     0.8125 MB /   0.50 sec =   13.6543 Mbps     0 retrans     13 KB-cwnd
[2024-05-27 17:49:20.362866]     1.5000 MB /   0.50 sec =   25.1259 Mbps     0 retrans     13 KB-cwnd
[2024-05-27 17:49:20.861948]     0.8125 MB /   0.50 sec =   13.6536 Mbps     0 retrans     13 KB-cwnd
[2024-05-27 17:49:21.361940]     0.0000 MB /   0.50 sec =    0.0000 Mbps     0 retrans     13 KB-cwnd
[2024-05-27 17:49:21.861985]     1.1250 MB /   0.50 sec =   18.8730 Mbps     0 retrans     13 KB-cwnd
[2024-05-27 17:49:22.362311]     1.6250 MB /   0.50 sec =   27.2459 Mbps     0 retrans     13 KB-cwnd
[2024-05-27 17:49:22.861833]     1.6875 MB /   0.50 sec =   28.3386 Mbps     0 retrans     13 KB-cwnd
[2024-05-27 17:49:23.361832]     1.5625 MB /   0.50 sec =   26.2132 Mbps     0 retrans     13 KB-cwnd
[2024-05-27 17:49:23.861835]     1.8125 MB /   0.50 sec =   30.4091 Mbps     0 retrans     13 KB-cwnd
[2024-05-27 17:49:24.361727]     1.6875 MB /   0.50 sec =   28.3135 Mbps     0 retrans     13 KB-cwnd
[2024-05-27 17:49:24.862394]     0.7500 MB /   0.50 sec =   12.5689 Mbps     0 retrans     13 KB-cwnd
[2024-05-27 17:49:25.362030]     0.6875 MB /   0.50 sec =   11.5428 Mbps     0 retrans     13 KB-cwnd
[2024-05-27 17:49:25.863065]     0.5625 MB /   0.50 sec =    9.4179 Mbps     0 retrans     13 KB-cwnd
[2024-05-27 17:49:26.361995]     0.4375 MB /   0.50 sec =    7.3553 Mbps     0 retrans     13 KB-cwnd
[2024-05-27 17:49:26.861961]     0.8125 MB /   0.50 sec =   13.6352 Mbps     0 retrans     13 KB-cwnd
[2024-05-27 17:49:27.362018]     0.6250 MB /   0.50 sec =   10.4828 Mbps     0 retrans     13 KB-cwnd
[2024-05-27 17:49:27.861851]     0.6250 MB /   0.50 sec =   10.4884 Mbps     0 retrans     13 KB-cwnd
[2024-05-27 17:49:28.362047]     0.8125 MB /   0.50 sec =   13.6278 Mbps     0 retrans     13 KB-cwnd
[2024-05-27 17:49:28.862000]     0.5625 MB /   0.50 sec =    9.4376 Mbps     0 retrans     13 KB-cwnd
[2024-05-27 17:49:29.361990]     1.3750 MB /   0.50 sec =   23.0745 Mbps     0 retrans     13 KB-cwnd
[2024-05-27 17:49:29.861950]     1.1250 MB /   0.50 sec =   18.8754 Mbps     0 retrans     13 KB-cwnd
[2024-05-27 17:49:30.362235]     1.0000 MB /   0.50 sec =   16.7637 Mbps     0 retrans     13 KB-cwnd
[2024-05-27 17:49:30.861956]     1.0000 MB /   0.50 sec =   16.7865 Mbps     0 retrans     13 KB-cwnd
[2024-05-27 17:49:31.361812]     1.1875 MB /   0.50 sec =   19.9281 Mbps     0 retrans     13 KB-cwnd
[2024-05-27 17:49:31.861830]     1.2500 MB /   0.50 sec =   20.9705 Mbps     0 retrans     13 KB-cwnd
[2024-05-27 17:49:32.361851]     1.0625 MB /   0.50 sec =   17.8246 Mbps     0 retrans     13 KB-cwnd
[2024-05-27 17:49:32.862085]     0.5625 MB /   0.50 sec =    9.4341 Mbps     0 retrans     13 KB-cwnd
[2024-05-27 17:49:33.362899]     0.8750 MB /   0.50 sec =   14.6558 Mbps     0 retrans     13 KB-cwnd
[2024-05-27 17:49:33.861893]     1.8750 MB /   0.50 sec =   31.5206 Mbps     0 retrans     13 KB-cwnd
[2024-05-27 17:49:34.362896]     0.8750 MB /   0.50 sec =   14.6507 Mbps     0 retrans     13 KB-cwnd
[2024-05-27 17:49:34.861989]     0.8125 MB /   0.50 sec =   13.6555 Mbps     0 retrans     13 KB-cwnd
[2024-05-27 17:49:35.362010]     1.5000 MB /   0.50 sec =   25.1653 Mbps     0 retrans     13 KB-cwnd
[2024-05-27 17:49:35.863110]     1.0625 MB /   0.50 sec =   17.7880 Mbps     0 retrans     13 KB-cwnd
[2024-05-27 17:49:36.361706]     1.0000 MB /   0.50 sec =   16.8193 Mbps     0 retrans     13 KB-cwnd
[2024-05-27 17:49:36.863319]     0.6250 MB /   0.50 sec =   10.4551 Mbps     0 retrans     13 KB-cwnd
[2024-05-27 17:49:37.362028]     0.8750 MB /   0.50 sec =   14.7174 Mbps     0 retrans     13 KB-cwnd
[2024-05-27 17:49:37.861785]     1.5000 MB /   0.50 sec =   25.1749 Mbps     0 retrans     13 KB-cwnd
[2024-05-27 17:49:38.361869]     1.1250 MB /   0.50 sec =   18.8734 Mbps     0 retrans     13 KB-cwnd
[2024-05-27 17:49:38.861987]     0.8750 MB /   0.50 sec =   14.6764 Mbps     0 retrans     13 KB-cwnd
[2024-05-27 17:49:39.361800]     1.1250 MB /   0.50 sec =   18.8801 Mbps     0 retrans     13 KB-cwnd
[2024-05-27 17:49:39.862890]     1.0625 MB /   0.50 sec =   17.7887 Mbps     0 retrans     13 KB-cwnd
[2024-05-27 17:49:40.362067]     0.4375 MB /   0.50 sec =    7.3526 Mbps     0 retrans     13 KB-cwnd
[2024-05-27 17:49:40.862410]     0.6250 MB /   0.50 sec =   10.4896 Mbps     0 retrans     13 KB-cwnd
[2024-05-27 17:49:41.362952]     0.1875 MB /   0.50 sec =    3.1389 Mbps     0 retrans     13 KB-cwnd
[2024-05-27 17:49:41.862257]     0.5000 MB /   0.50 sec =    8.4020 Mbps     0 retrans     13 KB-cwnd
[2024-05-27 17:49:42.362901]     0.5000 MB /   0.50 sec =    8.3758 Mbps     0 retrans     13 KB-cwnd
[2024-05-27 17:49:42.862337]     0.8125 MB /   0.50 sec =   13.6510 Mbps     0 retrans     13 KB-cwnd
[2024-05-27 17:49:43.362286]     0.9375 MB /   0.50 sec =   15.7252 Mbps     0 retrans     13 KB-cwnd
[2024-05-27 17:49:43.862987]     0.2500 MB /   0.50 sec =    4.1885 Mbps     0 retrans     13 KB-cwnd
[2024-05-27 17:49:44.361854]     1.2500 MB /   0.50 sec =   21.0186 Mbps     0 retrans     13 KB-cwnd
[2024-05-27 17:49:44.861795]     0.6875 MB /   0.50 sec =   11.5351 Mbps     0 retrans     13 KB-cwnd
[2024-05-27 17:49:45.361795]     1.0000 MB /   0.50 sec =   16.7774 Mbps     0 retrans     13 KB-cwnd
[2024-05-27 17:49:45.861814]     0.8750 MB /   0.50 sec =   14.6796 Mbps     0 retrans     13 KB-cwnd
[2024-05-27 17:49:46.361807]     0.7500 MB /   0.50 sec =   12.5831 Mbps     0 retrans     13 KB-cwnd
[2024-05-27 17:49:46.861807]     1.0000 MB /   0.50 sec =   16.7772 Mbps     0 retrans     13 KB-cwnd
[2024-05-27 17:49:47.361744]     1.0625 MB /   0.50 sec =   17.8259 Mbps     0 retrans     13 KB-cwnd
[2024-05-27 17:49:47.861839]     1.0625 MB /   0.50 sec =   17.8245 Mbps     0 retrans     13 KB-cwnd
[2024-05-27 17:49:48.361841]     1.2500 MB /   0.50 sec =   20.9730 Mbps     0 retrans     13 KB-cwnd
[2024-05-27 17:49:48.862879]     1.0625 MB /   0.50 sec =   17.7889 Mbps     0 retrans     13 KB-cwnd
[2024-05-27 17:49:49.361843]     1.6875 MB /   0.50 sec =   28.3675 Mbps     0 retrans     13 KB-cwnd
[2024-05-27 17:49:49.861995]     1.4375 MB /   0.50 sec =   24.1183 Mbps     0 retrans     13 KB-cwnd
[2024-05-27 17:49:50.361805]     1.8125 MB /   0.50 sec =   30.4105 Mbps     0 retrans     13 KB-cwnd
[2024-05-27 17:49:50.861796]     1.8125 MB /   0.50 sec =   30.4086 Mbps     0 retrans     13 KB-cwnd
[2024-05-27 17:49:51.361821]     1.8750 MB /   0.50 sec =   31.4574 Mbps     0 retrans     13 KB-cwnd
[2024-05-27 17:49:51.861819]     1.7500 MB /   0.50 sec =   29.3594 Mbps     0 retrans     13 KB-cwnd
[2024-05-27 17:49:52.361808]     1.6250 MB /   0.50 sec =   27.2631 Mbps     0 retrans     13 KB-cwnd
[2024-05-27 17:49:52.862009]     1.3750 MB /   0.50 sec =   23.0614 Mbps     0 retrans     13 KB-cwnd
[2024-05-27 17:49:53.362031]     1.0625 MB /   0.50 sec =   17.8254 Mbps     0 retrans     13 KB-cwnd
[2024-05-27 17:49:53.873358]     1.0625 MB /   0.51 sec =   17.4446 Mbps     0 retrans     13 KB-cwnd
[2024-05-27 17:49:54.362377]     1.0625 MB /   0.49 sec =   18.2118 Mbps     0 retrans     13 KB-cwnd
[2024-05-27 17:49:54.862854]     2.0625 MB /   0.50 sec =   34.5675 Mbps     0 retrans     13 KB-cwnd
[2024-05-27 17:49:55.361985]     1.0000 MB /   0.50 sec =   16.8062 Mbps     0 retrans     13 KB-cwnd
[2024-05-27 17:49:55.863107]     1.8125 MB /   0.50 sec =   30.3443 Mbps     0 retrans     13 KB-cwnd
[2024-05-27 17:49:56.362004]     1.4375 MB /   0.50 sec =   24.1691 Mbps     0 retrans     13 KB-cwnd
[2024-05-27 17:49:56.862923]     1.0000 MB /   0.50 sec =   16.7455 Mbps     0 retrans     13 KB-cwnd
[2024-05-27 17:49:57.361829]     1.6250 MB /   0.50 sec =   27.3219 Mbps     0 retrans     13 KB-cwnd
[2024-05-27 17:49:57.862038]     0.8750 MB /   0.50 sec =   14.6752 Mbps     0 retrans     13 KB-cwnd
[2024-05-27 17:49:58.361951]     1.7500 MB /   0.50 sec =   29.3704 Mbps     0 retrans     13 KB-cwnd
[2024-05-27 17:49:58.861794]     1.5000 MB /   0.50 sec =   25.1657 Mbps     0 retrans     13 KB-cwnd
[2024-05-27 17:49:59.362021]     1.3750 MB /   0.50 sec =   23.0700 Mbps     0 retrans     13 KB-cwnd
[2024-05-27 17:49:59.862539]     1.1875 MB /   0.50 sec =   19.8959 Mbps     0 retrans     13 KB-cwnd
[2024-05-27 17:50:00.361847]     0.6875 MB /   0.50 sec =   11.5487 Mbps     0 retrans     13 KB-cwnd
[2024-05-27 17:50:00.861799]     1.5625 MB /   0.50 sec =   26.2161 Mbps     0 retrans     13 KB-cwnd
[2024-05-27 17:50:01.361850]     1.3125 MB /   0.50 sec =   22.0192 Mbps     0 retrans     13 KB-cwnd
[2024-05-27 17:50:01.862032]     1.0625 MB /   0.50 sec =   17.8200 Mbps     0 retrans     13 KB-cwnd
[2024-05-27 17:50:02.362005]     0.8125 MB /   0.50 sec =   13.6320 Mbps     0 retrans     13 KB-cwnd
[2024-05-27 17:50:02.861813]     2.0000 MB /   0.50 sec =   33.5653 Mbps     0 retrans     13 KB-cwnd
[2024-05-27 17:50:03.361825]     1.4375 MB /   0.50 sec =   24.1167 Mbps     0 retrans     13 KB-cwnd
[2024-05-27 17:50:03.861764]     1.5625 MB /   0.50 sec =   26.2156 Mbps     0 retrans     13 KB-cwnd
[2024-05-27 17:50:04.361831]     1.3750 MB /   0.50 sec =   23.0684 Mbps     0 retrans     13 KB-cwnd
[2024-05-27 17:50:04.862976]     1.3750 MB /   0.50 sec =   23.0393 Mbps     0 retrans     13 KB-cwnd
[2024-05-27 17:50:05.362424]     1.5625 MB /   0.50 sec =   26.2254 Mbps     0 retrans     13 KB-cwnd
[2024-05-27 17:50:05.861774]     1.4375 MB /   0.50 sec =   24.1383 Mbps     0 retrans     13 KB-cwnd
[2024-05-27 17:50:06.362061]     0.6250 MB /   0.50 sec =   10.4815 Mbps     0 retrans     13 KB-cwnd
[2024-05-27 17:50:06.861908]     1.7500 MB /   0.50 sec =   29.3653 Mbps     0 retrans     13 KB-cwnd
[2024-05-27 17:50:07.361854]     1.6250 MB /   0.50 sec =   27.2664 Mbps     0 retrans     13 KB-cwnd
[2024-05-27 17:50:07.861882]     1.3750 MB /   0.50 sec =   23.0704 Mbps     0 retrans     13 KB-cwnd
[2024-05-27 17:50:08.362040]     0.3750 MB /   0.50 sec =    6.2890 Mbps     0 retrans     13 KB-cwnd
[2024-05-27 17:50:08.861798]     2.1875 MB /   0.50 sec =   36.7145 Mbps     0 retrans     13 KB-cwnd
[2024-05-27 17:50:09.361819]     1.4375 MB /   0.50 sec =   24.1173 Mbps     0 retrans     13 KB-cwnd
[2024-05-27 17:50:09.861836]     1.6250 MB /   0.50 sec =   27.2625 Mbps     0 retrans     13 KB-cwnd
[2024-05-27 17:50:10.362011]     0.6875 MB /   0.50 sec =   11.5321 Mbps     0 retrans     13 KB-cwnd
[2024-05-27 17:50:10.861778]     0.9375 MB /   0.50 sec =   15.7323 Mbps     0 retrans     13 KB-cwnd
[2024-05-27 17:50:11.361842]     1.0000 MB /   0.50 sec =   16.7764 Mbps     0 retrans     13 KB-cwnd
[2024-05-27 17:50:11.861818]     1.3125 MB /   0.50 sec =   22.0208 Mbps     0 retrans     13 KB-cwnd
[2024-05-27 17:50:12.362005]     0.6875 MB /   0.50 sec =   11.5305 Mbps     0 retrans     13 KB-cwnd
[2024-05-27 17:50:12.861780]     2.0625 MB /   0.50 sec =   34.6151 Mbps     0 retrans     13 KB-cwnd
[2024-05-27 17:50:13.361806]     1.4375 MB /   0.50 sec =   24.1172 Mbps     0 retrans     13 KB-cwnd
[2024-05-27 17:50:13.861784]     1.6250 MB /   0.50 sec =   27.2629 Mbps     0 retrans     13 KB-cwnd
[2024-05-27 17:50:14.361873]     2.0000 MB /   0.50 sec =   33.5505 Mbps     0 retrans     13 KB-cwnd
[2024-05-27 17:50:14.861800]     1.9375 MB /   0.50 sec =   32.5091 Mbps     0 retrans     13 KB-cwnd
[2024-05-27 17:50:15.361826]     2.1250 MB /   0.50 sec =   35.6504 Mbps     0 retrans     13 KB-cwnd
[2024-05-27 17:50:15.861836]     2.2500 MB /   0.50 sec =   37.7519 Mbps     0 retrans     13 KB-cwnd
[2024-05-27 17:50:16.361837]     1.8125 MB /   0.50 sec =   30.4073 Mbps     0 retrans     13 KB-cwnd
[2024-05-27 17:50:16.861820]     2.1250 MB /   0.50 sec =   35.6492 Mbps     0 retrans     13 KB-cwnd
[2024-05-27 17:50:17.361828]     1.9375 MB /   0.50 sec =   32.5077 Mbps     0 retrans     13 KB-cwnd
[2024-05-27 17:50:17.861846]     2.0000 MB /   0.50 sec =   33.5550 Mbps     0 retrans     13 KB-cwnd
[2024-05-27 17:50:18.362070]     1.2500 MB /   0.50 sec =   20.9633 Mbps     0 retrans     13 KB-cwnd
[2024-05-27 17:50:18.862296]     3.0000 MB /   0.50 sec =   50.3089 Mbps     0 retrans     13 KB-cwnd
[2024-05-27 17:50:19.361804]     2.2500 MB /   0.50 sec =   37.7811 Mbps     0 retrans     13 KB-cwnd
[2024-05-27 17:50:19.861778]     2.6875 MB /   0.50 sec =   45.0889 Mbps     0 retrans     13 KB-cwnd
[2024-05-27 17:50:20.361830]     2.5000 MB /   0.50 sec =   41.9388 Mbps     0 retrans     13 KB-cwnd
[2024-05-27 17:50:20.861932]     2.6875 MB /   0.50 sec =   45.0817 Mbps     0 retrans     13 KB-cwnd
[2024-05-27 17:50:21.362161]     3.2500 MB /   0.50 sec =   54.5395 Mbps     0 retrans     13 KB-cwnd
[2024-05-27 17:50:21.862191]     2.5000 MB /   0.50 sec =   41.9124 Mbps     0 retrans     13 KB-cwnd
[2024-05-27 17:50:22.361998]     1.2500 MB /   0.50 sec =   20.9793 Mbps     0 retrans     13 KB-cwnd
[2024-05-27 17:50:22.861970]     2.3125 MB /   0.50 sec =   38.7995 Mbps     0 retrans     13 KB-cwnd
[2024-05-27 17:50:23.361874]     3.1875 MB /   0.50 sec =   53.4870 Mbps     0 retrans     13 KB-cwnd
[2024-05-27 17:50:23.861785]     2.3750 MB /   0.50 sec =   39.8513 Mbps     0 retrans     13 KB-cwnd
[2024-05-27 17:50:24.361822]     3.0000 MB /   0.50 sec =   50.3306 Mbps     0 retrans     13 KB-cwnd
[2024-05-27 17:50:24.861816]     2.8750 MB /   0.50 sec =   48.2347 Mbps     0 retrans     13 KB-cwnd
[2024-05-27 17:50:25.361740]     2.8125 MB /   0.50 sec =   47.1872 Mbps     0 retrans     13 KB-cwnd
[2024-05-27 17:50:25.861834]     2.8125 MB /   0.50 sec =   47.1808 Mbps     0 retrans     13 KB-cwnd
[2024-05-27 17:50:26.361806]     2.5000 MB /   0.50 sec =   41.9463 Mbps     0 retrans     13 KB-cwnd
[2024-05-27 17:50:26.861773]     2.3125 MB /   0.50 sec =   38.7978 Mbps     0 retrans     13 KB-cwnd
[2024-05-27 17:50:27.362157]     1.5625 MB /   0.50 sec =   26.2069 Mbps     0 retrans     13 KB-cwnd
[2024-05-27 17:50:27.862377]     1.3750 MB /   0.50 sec =   23.0514 Mbps     0 retrans     13 KB-cwnd
[2024-05-27 17:50:28.362840]     1.2500 MB /   0.50 sec =   20.9525 Mbps     0 retrans     13 KB-cwnd
[2024-05-27 17:50:28.861810]     3.1250 MB /   0.50 sec =   52.5298 Mbps     0 retrans     13 KB-cwnd
[2024-05-27 17:50:29.361784]     2.3125 MB /   0.50 sec =   38.7986 Mbps     0 retrans     13 KB-cwnd
[2024-05-27 17:50:29.861816]     2.4375 MB /   0.50 sec =   40.8915 Mbps     0 retrans     13 KB-cwnd
[2024-05-27 17:50:30.362866]     1.9375 MB /   0.50 sec =   32.4419 Mbps     0 retrans     13 KB-cwnd
[2024-05-27 17:50:30.861793]     1.6250 MB /   0.50 sec =   27.3184 Mbps     0 retrans     13 KB-cwnd
[2024-05-27 17:50:31.361827]     2.5625 MB /   0.50 sec =   42.9907 Mbps     0 retrans     13 KB-cwnd
[2024-05-27 17:50:31.861853]     2.5625 MB /   0.50 sec =   42.9874 Mbps     0 retrans     13 KB-cwnd
[2024-05-27 17:50:32.361749]     2.8125 MB /   0.50 sec =   47.1903 Mbps     0 retrans     13 KB-cwnd
[2024-05-27 17:50:32.861831]     2.6250 MB /   0.50 sec =   44.0386 Mbps     0 retrans     13 KB-cwnd
[2024-05-27 17:50:33.361983]     1.8750 MB /   0.50 sec =   31.4502 Mbps     0 retrans     13 KB-cwnd
[2024-05-27 17:50:33.862911]     1.8750 MB /   0.50 sec =   31.3979 Mbps     0 retrans     13 KB-cwnd
[2024-05-27 17:50:34.362911]     2.0625 MB /   0.50 sec =   34.6054 Mbps     0 retrans     13 KB-cwnd
[2024-05-27 17:50:34.862034]     1.9375 MB /   0.50 sec =   32.5630 Mbps     0 retrans     13 KB-cwnd
[2024-05-27 17:50:35.362035]     3.0625 MB /   0.50 sec =   51.3925 Mbps     0 retrans     13 KB-cwnd
[2024-05-27 17:50:35.862974]     1.2500 MB /   0.50 sec =   20.9272 Mbps     0 retrans     13 KB-cwnd
[2024-05-27 17:50:36.362822]     1.1250 MB /   0.50 sec =   18.8792 Mbps     0 retrans     13 KB-cwnd
[2024-05-27 17:50:36.862897]     1.0625 MB /   0.50 sec =   17.8236 Mbps     0 retrans     13 KB-cwnd
[2024-05-27 17:50:37.362980]     0.9375 MB /   0.50 sec =   15.7263 Mbps     0 retrans     13 KB-cwnd
[2024-05-27 17:50:37.862880]     2.0625 MB /   0.50 sec =   34.6075 Mbps     0 retrans     13 KB-cwnd
[2024-05-27 17:50:38.362020]     0.0000 MB /   0.50 sec =    0.0000 Mbps     0 retrans     13 KB-cwnd
[2024-05-27 17:50:38.862219]     1.5625 MB /   0.50 sec =   26.2098 Mbps     0 retrans     13 KB-cwnd
[2024-05-27 17:50:39.362716]     0.6875 MB /   0.50 sec =   11.5282 Mbps     0 retrans     13 KB-cwnd
[2024-05-27 17:50:39.863391]     0.0000 MB /   0.50 sec =    0.0000 Mbps     0 retrans     13 KB-cwnd
[2024-05-27 17:50:40.363099]     0.0000 MB /   0.50 sec =    0.0000 Mbps     0 retrans     13 KB-cwnd
[2024-05-27 17:50:40.861992]     0.0000 MB /   0.50 sec =    0.0000 Mbps     0 retrans     13 KB-cwnd
[2024-05-27 17:50:41.362022]     1.0000 MB /   0.50 sec =   16.7773 Mbps     0 retrans     13 KB-cwnd
[2024-05-27 17:50:41.861847]     0.0000 MB /   0.50 sec =    0.0000 Mbps     0 retrans     13 KB-cwnd
[2024-05-27 17:50:42.361798]     1.3125 MB /   0.50 sec =   22.0207 Mbps     0 retrans     13 KB-cwnd
[2024-05-27 17:50:42.862050]     0.0000 MB /   0.50 sec =    0.0000 Mbps     0 retrans     13 KB-cwnd
[2024-05-27 17:50:43.362016]     0.0000 MB /   0.50 sec =    0.0000 Mbps     0 retrans     13 KB-cwnd
[2024-05-27 17:50:43.861815]     0.5625 MB /   0.50 sec =    9.4397 Mbps     0 retrans     13 KB-cwnd
[2024-05-27 17:50:44.362915]     0.8750 MB /   0.50 sec =   14.6532 Mbps     0 retrans     13 KB-cwnd
[2024-05-27 17:50:44.862031]     0.5000 MB /   0.50 sec =    8.4014 Mbps     0 retrans     13 KB-cwnd
[2024-05-27 17:50:45.362139]     0.5000 MB /   0.50 sec =    8.3901 Mbps     0 retrans     13 KB-cwnd
[2024-05-27 17:50:45.862007]     0.8125 MB /   0.50 sec =   13.6299 Mbps     0 retrans     13 KB-cwnd
[2024-05-27 17:50:46.362024]     0.0000 MB /   0.50 sec =    0.0000 Mbps     0 retrans     13 KB-cwnd
[2024-05-27 17:50:46.862969]     0.2500 MB /   0.50 sec =    4.1862 Mbps     0 retrans     13 KB-cwnd
[2024-05-27 17:50:47.362043]     0.1875 MB /   0.50 sec =    3.1517 Mbps     0 retrans     13 KB-cwnd
[2024-05-27 17:50:47.861995]     0.0000 MB /   0.50 sec =    0.0000 Mbps     0 retrans     13 KB-cwnd
[2024-05-27 17:50:48.362836]     0.0000 MB /   0.50 sec =    0.0000 Mbps     0 retrans     13 KB-cwnd
[2024-05-27 17:50:48.862232]     0.3125 MB /   0.50 sec =    5.2503 Mbps     0 retrans     13 KB-cwnd
[2024-05-27 17:50:49.361724]     0.7500 MB /   0.50 sec =   12.5910 Mbps     0 retrans     13 KB-cwnd
[2024-05-27 17:50:49.861939]     0.6875 MB /   0.50 sec =   11.5339 Mbps     0 retrans     13 KB-cwnd
[2024-05-27 17:50:50.362211]     0.1250 MB /   0.50 sec =    2.0960 Mbps     0 retrans     13 KB-cwnd
[2024-05-27 17:50:50.862117]     0.0000 MB /   0.50 sec =    0.0000 Mbps     0 retrans     13 KB-cwnd
[2024-05-27 17:50:51.362232]     0.3125 MB /   0.50 sec =    5.2429 Mbps     0 retrans     13 KB-cwnd
[2024-05-27 17:50:51.862164]     0.2500 MB /   0.50 sec =    4.1946 Mbps     0 retrans     13 KB-cwnd
[2024-05-27 17:50:52.361917]     0.1250 MB /   0.50 sec =    2.0983 Mbps     0 retrans     13 KB-cwnd
[2024-05-27 17:50:52.861934]     0.5625 MB /   0.50 sec =    9.4370 Mbps     0 retrans     13 KB-cwnd
[2024-05-27 17:50:53.363393]     0.0625 MB /   0.50 sec =    1.0454 Mbps     0 retrans     13 KB-cwnd
[2024-05-27 17:50:53.862988]     0.0625 MB /   0.50 sec =    1.0493 Mbps     0 retrans     13 KB-cwnd
[2024-05-27 17:50:54.362059]     0.0000 MB /   0.50 sec =    0.0000 Mbps     0 retrans     13 KB-cwnd
[2024-05-27 17:50:54.862964]     0.0000 MB /   0.50 sec =    0.0000 Mbps     0 retrans     13 KB-cwnd
[2024-05-27 17:50:55.361974]     0.0625 MB /   0.50 sec =    1.0506 Mbps     0 retrans     13 KB-cwnd
[2024-05-27 17:50:55.862092]     0.0000 MB /   0.50 sec =    0.0000 Mbps     0 retrans     13 KB-cwnd
[2024-05-27 17:50:56.361985]     0.0000 MB /   0.50 sec =    0.0000 Mbps     0 retrans     13 KB-cwnd
[2024-05-27 17:50:56.861993]     0.0625 MB /   0.50 sec =    1.0486 Mbps     0 retrans     13 KB-cwnd
[2024-05-27 17:50:57.362283]     0.0000 MB /   0.50 sec =    0.0000 Mbps     0 retrans     13 KB-cwnd
[2024-05-27 17:50:57.863494]     0.0000 MB /   0.50 sec =    0.0000 Mbps     0 retrans     13 KB-cwnd
[2024-05-27 17:50:58.362015]     0.0000 MB /   0.50 sec =    0.0000 Mbps     0 retrans     13 KB-cwnd
[2024-05-27 17:50:58.862068]     0.3750 MB /   0.50 sec =    6.2933 Mbps     0 retrans     13 KB-cwnd
[2024-05-27 17:50:59.361822]     0.2500 MB /   0.50 sec =    4.1946 Mbps     0 retrans     13 KB-cwnd
[2024-05-27 17:50:59.861802]     0.2500 MB /   0.50 sec =    4.1943 Mbps     0 retrans     13 KB-cwnd
End time: 1716846660383
