Start time: 1716833178472
{
  "id": "0",
  "status": null,
  "apiVersion": "17",
  "dishGetHistory": {
    "current": "1470",
    "popPingDropRate": [
      0,
      0,
      0,
      0,
      0,
      0,
      0,
      0,
      0,
      0,
      0,
      0,
      0,
      0,
      0,
      0,
      0,
      0,
      0,
      0,
      0,
      0,
      0,
      0,
      0,
      0,
      0,
      0,
      0,
      0,
      0,
      0,
      0,
      0,
      0,
      0,
      0,
      0,
      0,
      0,
      0,
      0,
      0,
      0,
      0,
      0,
      0,
      0,
      0,
      0,
      0,
      0,
      0,
      0,
      0,
      0,
      0,
      0,
      0,
      0,
      0,
      0,
      0,
      0,
      0,
      0,
      0,
      0,
      0,
      0,
      0,
      0,
      0,
      0,
      0.0625,
      0.1875,
      0.1875,
      0.13333334,
      0,
      0,
      0,
      0,
      0,
      0,
      0,
      0.06666667,
      0.06666667,
      0,
      0,
      0,
      0,
      0,
      0,
      0,
      0,
      0,
      0,
      0,
      0,
      0,
      0,
      0,
      0,
      0,
      0,
      0,
      0,
      0,
      0,
      0,
      0,
      0,
      0,
      0,
      0,
      0,
      0,
      0.2,
      0.25,
      0.125,
      0,
      0,
      0,
      0,
      0,
      0,
      0,
      0,
      0,
      0,
      0.125,
      0.125,
      0,
      0,
      0,
      0,
      0,
      0,
      0,
      0,
      0,
      0,
      0.06666667,
      0.0625,
      0,
      0.06666667,
      0.0625,
      0,
      0.06666667,
      0.2,
      0.26666668,
      0.13333334,
      0.26666668,
      0.25,
      0,
      0,
      0,
      0,
      0,
      0,
      0.05882353,
      0.0625,
      0,
      0,
      0,
      0,
      0,
      0,
      0.0625,
      0.0625,
      0,
      0,
      0,
      0,
      0.375,
      0.5,
      0.125,
      0,
      0,
      0,
      0,
      0,
      0,
      0,
      0,
      0,
      0,
      0,
      0,
      0,
      0.125,
      0.13333334,
      0,
      0,
      0.53333336,
      0.6,
      0.06666667,
      0,
      0,
      0.25,
      0.53333336,
      0.73333335,
      0.47058824,
      0.1875,
      0.26666668,
      0.2857143,
      0.071428575,
      0,
      0,
      0,
      0,
      0,
      0,
      0,
      0,
      0.0625,
      0,
      0,
      0,
      0.071428575,
      0.06666667,
      0,
      0,
      0,
      0,
      0,
      0,
      0,
      0,
      0,
      0,
      0,
      0,
      0,
      0,
      0,
      0,
      0,
      0,
      0,
      0,
      0,
      0,
      0,
      0,
      0,
      0,
      0,
      0,
      0,
      0.2857143,
      0.25,
      0,
      0,
      0,
      0,
      0,
      0,
      0,
      0,
      0,
      0,
      0,
      0,
      0,
      0.06666667,
      0.06666667,
      0,
      0,
      0,
      0,
      0,
      0,
      0,
      0,
      0,
      0,
      0,
      0,
      0,
      0,
      0,
      0,
      0,
      0,
      0,
      0,
      0,
      0,
      0.071428575,
      0.0625,
      0,
      0,
      0,
      0.2,
      0.33333334,
      0.13333334,
      0,
      0.06666667,
      0.125,
      0.1764706,
      0.1875,
      0,
      0,
      0,
      0,
      0,
      0,
      0,
      0,
      0.05882353,
      0.05882353,
      0.05882353,
      0.05882353,
      0,
      0.05882353,
      0.1764706,
      0.13333334,
      0,
      0,
      0,
      0,
      0,
      0,
      0,
      0.0625,
      0.06666667,
      0,
      0,
      0,
      0,
      0,
      0,
      0,
      0,
      0.0625,
      0.0625,
      0,
      0,
      0,
      0,
      0,
      0.0625,
      0.0625,
      0.05882353,
      0.055555556,
      0,
      0,
      0,
      0.05882353,
      0.055555556,
      0,
      0.125,
      0.125,
      0,
      0,
      0,
      0,
      0,
      0,
      0,
      0,
      0,
      0,
      0,
      0,
      0.0625,
      0.11764706,
      0.0625,
      0.0625,
      0.0625,
      0,
      0,
      0,
      0,
      0,
      0,
      0,
      0,
      0,
      0,
      0,
      0,
      0,
      0,
      0,
      0,
      0,
      0,
      0,
      0,
      0,
      0.06666667,
      0.0625,
      0.13333334,
      0.25,
      0.125,
      0,
      0,
      0,
      0.0625,
      0.0625,
      0.0625,
      0.0625,
      0,
      0,
      0.06666667,
      0.06666667,
      0.06666667,
      0.06666667,
      0,
      0,
      0,
      0,
      0,
      0.0625,
      0.05882353,
      0,
      0,
      0,
      0,
      0,
      0,
      0,
      0,
      0,
      0,
      0,
      0,
      0,
      0,
      0,
      0,
      0,
      0,
      0,
      0,
      0.06666667,
      0.1875,
      0.125,
      0,
      0,
      0,
      0,
      0,
      0.125,
      0.125,
      0,
      0,
      0,
      0,
      0,
      0,
      0,
      0,
      0,
      0,
      0,
      0,
      0,
      0,
      0,
      0,
      0,
      0,
      0,
      0,
      0,
      0,
      0,
      0,
      0,
      0,
      0,
      0,
      0.05882353,
      0.05882353,
      0,
      0,
      0,
      0,
      0,
      0,
      0,
      0,
      0,
      0,
      0,
      0,
      0.0625,
      0.0625,
      0,
      0,
      0,
      0,
      0,
      0,
      0,
      0,
      0,
      0,
      0,
      0,
      0,
      0,
      0,
      0,
      0,
      0,
      0,
      0,
      0.0625,
      0.06666667,
      0,
      0,
      0,
      0,
      0,
      0,
      0,
      0,
      0,
      0,
      0,
      0,
      0,
      0,
      0,
      0.1875,
      0.26666668,
      0.13333334,
      0,
      0,
      0,
      0,
      0.0625,
      0.0625,
      0,
      0,
      0,
      0,
      0,
      0,
      0,
      0,
      0,
      0,
      0,
      0,
      0,
      0,
      0,
      0,
      0,
      0,
      0,
      0,
      0,
      0,
      0,
      0,
      0,
      0,
      0,
      0,
      0.06666667,
      0.05882353,
      0,
      0,
      0,
      0,
      0,
      0,
      0,
      0,
      0,
      0,
      0,
      0,
      0,
      0.06666667,
      0.06666667,
      0,
      0,
      0,
      0,
      0,
      0,
      0,
      0,
      0,
      0,
      0,
      0,
      0,
      0.071428575,
      0.071428575,
      0,
      0,
      0,
      0,
      0,
      0.071428575,
      0.071428575,
      0,
      0.13333334,
      0.2,
      0.13333334,
      0,
      0,
      0.25,
      0.25,
      0,
      0,
      0,
      0,
      0,
      0,
      0,
      0,
      0,
      0,
      0,
      0,
      0,
      0.06666667,
      0.06666667,
      0,
      0.0625,
      0.0625,
      0,
      0,
      0,
      0,
      0,
      0,
      0,
      0,
      0,
      0,
      0,
      0,
      0,
      0,
      0,
      0,
      0,
      0,
      0,
      0,
      0,
      0,
      0,
      0,
      0,
      0,
      0,
      0,
      0,
      0,
      0,
      0,
      0,
      0,
      0,
      0,
      0,
      0,
      0,
      0,
      0,
      0,
      0,
      0,
      0,
      0,
      0,
      0.375,
      0.64705884,
      0.33333334,
      0,
      0,
      0,
      0,
      0,
      0.26666668,
      0.2857143,
      0,
      0,
      0.06666667,
      0.06666667,
      0.0625,
      0.1875,
      0.5625,
      0.7647059,
      0.3529412,
      0,
      0,
      0.125,
      0.3125,
      0.625,
      0.46666667,
      0,
      0,
      0,
      0,
      0,
      0,
      0,
      0,
      0,
      0.14285715,
      0.13333334,
      0,
      0,
      0.0625,
      0.06666667,
      0,
      0,
      0,
      0,
      0,
      0,
      0.1875,
      0.26666668,
      0.125,
      0,
      0,
      0,
      0,
      0.33333334,
      0.5,
      0.25,
      0.071428575,
      0,
      0.06666667,
      0.5625,
      0.47058824,
      0.0625,
      0,
      0,
      0.0625,
      0.0625,
      0.4375,
      0.4117647,
      0.0625,
      0,
      0,
      0,
      0,
      0,
      0.25,
      0.4375,
      0.29411766,
      0.25,
      0.5882353,
      0.64705884,
      0.5555556,
      0.375,
      0,
      0.06666667,
      0.0625,
      0,
      0,
      0,
      0,
      0,
      0,
      0,
      0,
      0,
      0,
      0,
      0,
      0,
      0,
      0,
      0,
      0,
      0,
      0,
      0,
      0,
      0,
      0,
      0,
      0,
      0,
      0,
      0,
      0,
      0,
      0,
      0,
      0,
      0,
      0,
      0,
      0,
      0,
      0,
      0,
      0,
      0,
      0,
      0.06666667,
      0.0625,
      0,
      0,
      0,
      0,
      0,
      0,
      0,
      0,
      0,
      0,
      0.2,
      0.46666667,
      0.26666668,
      0.125,
      0.13333334,
      0,
      0,
      0,
      0,
      0,
      0,
      0,
      0,
      0,
      0,
      0,
      0,
      0,
      0,
      0,
      0,
      0,
      0,
      0,
      0,
      0,
      0,
      0,
      0,
      0,
      0,
      0.375,
      0.5,
      0.26666668,
      0,
      0,
      0,
      0,
      0,
      0,
      0,
      0,
      0,
      0,
      0.06666667,
      0.06666667,
      0,
      0,
      0,
      0,
      0,
      0,
      0,
      0,
      0,
      0,
      0,
      0.0625,
      0.0625,
      0,
      0,
      0,
      0,
      0,
      0,
      0,
      0,
      0,
      0,
      0,
      0,
      0,
      0,
      0,
      0,
      0,
      0,
      0,
      0,
      0,
      0,
      0,
      0
    ],
    "popPingLatencyMs": [
      25.130627,
      24.603748,
      26.40194,
      27.341333,
      26.247736,
      25.93306,
      28.548246,
      28.423801,
      26.398264,
      27.420502,
      27.619751,
      27.446127,
      28.966629,
      31.687815,
      31.726866,
      29.232126,
      27.674246,
      27.015942,
      27.24147,
      28.347,
      30.140932,
      28.49431,
      29.421066,
      30.775826,
      26.451187,
      26.19453,
      26.335764,
      26.601645,
      27.170763,
      27.513124,
      25.759628,
      24.51075,
      27.462873,
      27.951706,
      25.055708,
      24.398312,
      25.203644,
      25.075214,
      29.744125,
      31.471119,
      27.059626,
      27.56819,
      27.14981,
      25.382689,
      27.427938,
      29.652626,
      28.41125,
      27.556738,
      27.1332,
      25.786812,
      28.642115,
      29.191313,
      25.958,
      29.133377,
      36.7448,
      36.575867,
      35.796566,
      36.829185,
      34.41782,
      33.61241,
      33.74512,
      34.512936,
      36.68044,
      34.47519,
      33.25033,
      34.8394,
      35.49581,
      36.04831,
      34.108196,
      32.44869,
      29.300312,
      28.462189,
      35.87493,
      40.979927,
      47.699608,
      45.077923,
      35.641064,
      31.905502,
      29.045061,
      29.921598,
      30.802465,
      30.628536,
      31.266937,
      34.823498,
      32.294926,
      27.792063,
      31.492867,
      31.497688,
      29.631313,
      29.411467,
      28.54025,
      27.91641,
      28.318472,
      31.417944,
      31.58675,
      30.284374,
      32.03335,
      34.611122,
      36.611942,
      36.41394,
      31.900627,
      27.728811,
      27.725504,
      29.155996,
      27.61153,
      28.776823,
      30.036354,
      29.426563,
      29.846823,
      31.524563,
      30.02,
      28.2318,
      30.104198,
      35.41819,
      38.116932,
      34.53393,
      55.73733,
      64.17679,
      54.07481,
      54.962006,
      56.198753,
      56.109802,
      55.379333,
      56.549335,
      56.277935,
      54.989567,
      53.892437,
      52.6915,
      48.6878,
      40.525,
      39.277874,
      39.927128,
      38.50982,
      37.848118,
      38.89386,
      38.39193,
      37.632133,
      40.230145,
      40.689598,
      37.899864,
      38.37921,
      38.850815,
      37.6614,
      41.984432,
      52.363865,
      51.512802,
      48.459732,
      61.843933,
      66.86963,
      33.971,
      29.450918,
      32.998913,
      29.369751,
      28.372187,
      28.438187,
      29.055124,
      29.925814,
      27.68456,
      27.456873,
      32.987534,
      33.554314,
      29.386126,
      27.643063,
      27.588123,
      26.957062,
      29.393373,
      45.28993,
      43.15081,
      27.374878,
      27.776499,
      27.321375,
      27.236797,
      27.030746,
      59.541374,
      51.20762,
      29.853,
      27.641867,
      28.862814,
      31.121063,
      33.51444,
      32.41594,
      30.809765,
      30.678883,
      30.630415,
      30.970062,
      30.154598,
      30.078333,
      31.37231,
      39.742786,
      49.04431,
      51.203285,
      54.423428,
      54.397068,
      42.385433,
      35.284355,
      30.556532,
      30.902687,
      31.837374,
      36.237377,
      43.333252,
      126.61612,
      95.31183,
      38.994667,
      43.719795,
      35.29931,
      31.145464,
      29.223333,
      30.585815,
      34.944946,
      39.31265,
      37.389,
      34.991936,
      35.151,
      32.812668,
      34.034,
      34.388268,
      34.765602,
      34.708504,
      34.488865,
      33.62888,
      31.661589,
      32.503376,
      31.609602,
      35.2946,
      33.623337,
      29.528135,
      31.845602,
      32.120197,
      32.638374,
      33.09606,
      30.817997,
      34.050934,
      34.56271,
      33.55,
      29.66067,
      26.083939,
      30.231733,
      34.008266,
      32.134933,
      30.341532,
      30.259874,
      31.937504,
      32.995182,
      32.66106,
      29.663313,
      30.339,
      30.416935,
      27.656927,
      28.743275,
      33.301586,
      34.935734,
      34.22236,
      33.92406,
      33.619247,
      36.02369,
      35.31156,
      31.161932,
      32.832333,
      35.61247,
      35.010292,
      32.0345,
      32.944466,
      33.674065,
      32.12307,
      29.394,
      31.351402,
      32.047,
      31.453556,
      31.974354,
      32.495872,
      32.40893,
      32.093185,
      32.61225,
      31.465649,
      32.15456,
      33.3204,
      32.384537,
      32.729813,
      35.297,
      33.903202,
      27.828869,
      28.625666,
      31.544313,
      31.347822,
      30.417686,
      32.589066,
      33.764286,
      33.07877,
      32.23347,
      28.659235,
      28.641941,
      28.976376,
      29.299868,
      40.081303,
      40.97608,
      33.195934,
      29.488142,
      28.16675,
      34.747856,
      37.14039,
      31.121376,
      29.630116,
      30.426668,
      33.2524,
      33.358135,
      32.547665,
      32.2906,
      32.081352,
      31.66219,
      28.43925,
      26.21969,
      26.444378,
      27.064295,
      28.414186,
      41.2255,
      49.67292,
      41.48907,
      42.573193,
      45.319744,
      41.500732,
      39.618065,
      41.95924,
      39.715233,
      40.9196,
      36.350597,
      29.227072,
      30.183786,
      30.589413,
      30.5815,
      31.919348,
      32.329876,
      30.721872,
      29.762125,
      26.720335,
      25.269203,
      27.84456,
      29.177528,
      30.790943,
      34.28206,
      32.88265,
      31.123503,
      30.304625,
      27.754564,
      28.681705,
      31.505116,
      30.421995,
      28.1304,
      28.027687,
      30.633688,
      31.435762,
      31.017641,
      34.174355,
      33.285686,
      32.767624,
      30.69019,
      29.791534,
      31.244125,
      30.904312,
      33.223534,
      34.275867,
      34.36,
      35.251373,
      34.160378,
      30.75,
      31.109869,
      31.419931,
      29.048563,
      55.072998,
      54.08147,
      49.499897,
      29.55419,
      28.701439,
      30.618813,
      31.54353,
      31.023237,
      31.085176,
      32.127766,
      32.212475,
      31.753752,
      31.846123,
      30.41329,
      30.129747,
      32.374855,
      30.86867,
      29.210752,
      27.68588,
      26.860706,
      27.776531,
      28.212114,
      27.701466,
      26.394857,
      29.7066,
      29.222229,
      34.256336,
      37.785645,
      32.89056,
      32.919376,
      31.2292,
      31.342535,
      30.649748,
      26.837532,
      25.638866,
      26.170197,
      26.646875,
      26.842665,
      27.532534,
      26.723932,
      26.346264,
      27.140942,
      27.800058,
      27.798529,
      27.296062,
      29.340765,
      28.009464,
      23.647501,
      23.539764,
      22.721704,
      21.888474,
      23.349556,
      24.021875,
      22.44447,
      21.58547,
      23.39747,
      24.070314,
      24.300468,
      23.103563,
      21.502707,
      23.11653,
      24.626936,
      25.850063,
      23.754118,
      22.709373,
      22.423498,
      21.637627,
      24.051186,
      27.679737,
      66.700325,
      68.74677,
      39.816376,
      40.630375,
      40.733753,
      40.11333,
      42.625435,
      41.984,
      32.80943,
      27.859247,
      24.106264,
      22.609068,
      25.043707,
      24.811354,
      23.333708,
      26.9362,
      27.113998,
      24.892126,
      25.358938,
      27.027876,
      27.344997,
      27.368942,
      31.072176,
      33.228943,
      29.293562,
      26.383135,
      28.5476,
      33.39513,
      32.557003,
      29.6465,
      28.712997,
      29.564398,
      29.717937,
      33.005398,
      31.395868,
      28.666811,
      28.710562,
      38.214466,
      43.211685,
      36.0775,
      36.01457,
      37.612434,
      33.32847,
      31.452934,
      33.100883,
      34.31944,
      35.292667,
      33.46593,
      33.9,
      35.989628,
      37.482063,
      34.9585,
      35.322136,
      36.080112,
      32.928722,
      30.234941,
      29.922647,
      33.0154,
      32.71947,
      30.651499,
      30.171333,
      29.478468,
      31.633402,
      32.2022,
      30.038465,
      30.797377,
      33.0205,
      37.954815,
      40.2434,
      33.41,
      30.375498,
      30.132626,
      28.207188,
      32.53587,
      40.357216,
      44.567806,
      42.176994,
      39.704796,
      38.196068,
      38.5962,
      37.82762,
      35.92494,
      34.658752,
      31.765312,
      29.474333,
      28.220499,
      29.360687,
      30.118126,
      28.989124,
      28.039936,
      27.267435,
      49.252583,
      47.47815,
      27.677353,
      28.531061,
      29.023468,
      31.989468,
      37.42187,
      39.525066,
      37.77427,
      36.77025,
      37.536747,
      36.62047,
      37.624504,
      41.78819,
      41.30259,
      38.054173,
      36.497498,
      38.79147,
      40.15553,
      40.447563,
      38.479664,
      37.97537,
      38.036823,
      34.71312,
      34.804623,
      35.72967,
      33.48694,
      33.544125,
      36.219376,
      35.13259,
      34.020176,
      32.805748,
      32.5906,
      35.19533,
      33.454998,
      32.790874,
      33.879333,
      30.851437,
      27.987501,
      30.061666,
      28.868647,
      26.637589,
      28.291811,
      29.535936,
      30.301537,
      30.388073,
      35.234398,
      35.05225,
      29.502,
      28.941797,
      27.600065,
      30.329575,
      38.861286,
      43.568863,
      40.77387,
      40.385475,
      43.431202,
      42.458202,
      41.865997,
      43.70194,
      44.212788,
      40.703735,
      38.054,
      39.526855,
      41.45814,
      42.88957,
      41.542767,
      39.25954,
      40.44627,
      41.888733,
      39.513435,
      39.266068,
      39.749855,
      38.80829,
      38.724785,
      39.374214,
      42.687065,
      43.799004,
      35.693768,
      30.250004,
      28.992563,
      32.5395,
      41.605503,
      37.825188,
      35.0776,
      31.166933,
      31.032,
      34.614624,
      31.843124,
      29.793602,
      31.7246,
      33.398876,
      33.3094,
      33.528603,
      35.363136,
      31.128931,
      31.481785,
      32.57279,
      25.8594,
      24.92969,
      27.193665,
      26.941002,
      28.475565,
      29.296265,
      27.423735,
      27.813133,
      29.2098,
      29.763067,
      29.199814,
      28.61833,
      29.028532,
      37.519127,
      37.286934,
      25.276644,
      26.942812,
      28.6145,
      61.145073,
      88.50856,
      57.6235,
      25.664331,
      24.901402,
      27.336601,
      27.94556,
      27.205374,
      27.165136,
      27.487501,
      29.723797,
      31.285467,
      31.146666,
      28.652868,
      29.086332,
      30.59027,
      32.4376,
      30.490187,
      29.810064,
      29.035873,
      27.838875,
      30.380999,
      31.338135,
      31.724802,
      32.922264,
      36.265396,
      36.121395,
      30.141066,
      29.611813,
      37.6828,
      36.444595,
      31.79457,
      32.131927,
      39.285202,
      38.565777,
      31.801218,
      30.481716,
      31.014069,
      31.67307,
      32.50706,
      32.681847,
      52.5502,
      54.826427,
      47.631355,
      48.006428,
      57.362865,
      87.32893,
      75.56285,
      89.232086,
      106.660995,
      127.809,
      245.20482,
      200.60233,
      34.862373,
      34.28146,
      33.805817,
      98.35357,
      86.09799,
      48.1366,
      44.885067,
      50.437733,
      46.08413,
      50.239075,
      47.455738,
      37.23931,
      32.655563,
      30.017231,
      32.095387,
      31.05547,
      30.200626,
      33.934933,
      33.87357,
      29.762333,
      29.431688,
      28.138062,
      30.402866,
      31.627932,
      32.40975,
      33.4395,
      122.100365,
      115.382706,
      51.924686,
      39.054188,
      33.186188,
      33.789467,
      31.641134,
      45.744,
      46.506454,
      34.368,
      36.861572,
      35.959644,
      35.959644,
      35.959644,
      874.6691,
      579.7234,
      27.8265,
      34.1164,
      34.278263,
      34.5198,
      34.5198,
      608.18774,
      424.7539,
      30.444185,
      29.210123,
      29.5,
      30.014666,
      47.58515,
      47.58515,
      239.17741,
      187.0266,
      53.85375,
      149.31784,
      149.31784,
      177.74791,
      127.26409,
      47.752995,
      32.240665,
      31.212,
      31.293062,
      29.345875,
      30.9018,
      31.833733,
      32.998123,
      32.9766,
      31.361467,
      31.918001,
      30.177135,
      30.988,
      31.934868,
      31.000536,
      31.398785,
      33.111534,
      35.593563,
      37.705128,
      34.393066,
      31.2388,
      31.286665,
      32.7848,
      32.999466,
      34.69253,
      36.656067,
      34.332935,
      33.61913,
      32.213783,
      31.556734,
      36.6514,
      44.755867,
      45.222,
      44.16167,
      46.861,
      48.09844,
      44.84231,
      41.13406,
      41.544624,
      41.66418,
      43.171814,
      44.360332,
      45.585266,
      43.7955,
      42.509804,
      39.865925,
      34.0582,
      30.37406,
      29.680126,
      30.301708,
      30.122885,
      30.035498,
      30.29175,
      30.186377,
      30.45925,
      30.676064,
      34.30268,
      36.950138,
      52.942375,
      50.900898,
      39.579784,
      38.371143,
      36.522926,
      34.59986,
      32.059734,
      29.4518,
      27.452065,
      30.466602,
      31.37906,
      28.90627,
      29.0158,
      28.300333,
      27.432667,
      29.198124,
      27.590065,
      31.771399,
      35.783604,
      30.372438,
      28.230469,
      28.674706,
      27.877764,
      26.793999,
      25.527134,
      26.237234,
      26.811647,
      29.14753,
      31.131937,
      29.315687,
      26.924065,
      53.827496,
      48.742374,
      32.91538,
      28.640589,
      27.08094,
      26.055119,
      25.985312,
      28.12069,
      30.091562,
      30.168875,
      28.959747,
      27.03675,
      26.682598,
      25.353933,
      25.813599,
      26.177204,
      29.754812,
      29.614628,
      25.478825,
      25.70194,
      27.428997,
      27.319067,
      26.668251,
      26.61606,
      25.84975,
      25.8242,
      27.903131,
      27.753334,
      25.658876,
      27.332125,
      26.635868,
      25.79644,
      29.038733,
      33.087597,
      32.45625,
      31.024565,
      31.122644,
      31.022415,
      32.163177,
      31.33359,
      33.03725,
      34.027626,
      30.013178,
      28.839375,
      29.876436,
      30.199377,
      30.141315,
      27.639124,
      25.521,
      25.941,
      26.643356,
      27.101826,
      26.683249
    ],
    "downlinkThroughputBps": [
      287083.34,
      380213.66,
      459100.12,
      402879.7,
      387662.75,
      402233.75,
      403081,
      339830.9,
      212298.89,
      369685.97,
      556642.9,
      509876.38,
      593309.44,
      501328.38,
      482789.56,
      535990.1,
      557691.44,
      548740.8,
      570861.56,
      502326.62,
      479652.22,
      391731.22,
      396202.34,
      389055.25,
      425134.66,
      410127.44,
      492394.5,
      443287.6,
      372378.7,
      357396.66,
      438933.9,
      399029.3,
      412677.56,
      397955.56,
      356314.5,
      360324.28,
      330796.38,
      420638.38,
      342104.22,
      246289.53,
      174273.33,
      218162.53,
      333027.75,
      389642.44,
      321862.5,
      358344.56,
      324832.06,
      363033.78,
      241038.27,
      29293.02,
      104320.73,
      93600.086,
      1.0898564e+06,
      622300.5,
      2.6952262e+06,
      32656.852,
      29100.082,
      29746.004,
      105067.31,
      139712.27,
      59567.504,
      543749.56,
      129645.94,
      88524.98,
      24830.28,
      24855.445,
      43830.477,
      27917.287,
      62084.086,
      36515.61,
      25677.53,
      32430.36,
      69365.4,
      66337.11,
      43268.44,
      92425.68,
      71621.94,
      354695.5,
      64751.664,
      74130.125,
      27833.4,
      71068.29,
      38981.863,
      37069.258,
      33638.316,
      23999.807,
      34309.406,
      27523.023,
      20912.799,
      58812.53,
      20577.256,
      20719.861,
      27606.908,
      21332.23,
      22775.07,
      27581.742,
      27623.686,
      21567.111,
      57118.03,
      46271.562,
      58342.77,
      32421.97,
      23119.004,
      21986.541,
      19478.348,
      19008.586,
      31499.223,
      21458.059,
      24008.195,
      46389.004,
      21357.396,
      27078.426,
      26222.79,
      23077.06,
      19713.229,
      27690.795,
      14646.51,
      761425.56,
      596933.4,
      512896.28,
      39837.5,
      82602.625,
      26424.115,
      30836.523,
      18278.777,
      22624.076,
      37102.812,
      18740.15,
      95101.65,
      35416.703,
      23261.61,
      82216.75,
      37295.75,
      20426.26,
      19511.902,
      23026.729,
      64667.777,
      25962.742,
      17238.59,
      20451.426,
      21130.904,
      34913.387,
      21483.225,
      39996.883,
      42865.785,
      24368.906,
      103314.09,
      44736.445,
      25216.156,
      63803.754,
      34401.68,
      124126.234,
      57831.062,
      22095.594,
      21005.074,
      22498.246,
      28554.822,
      52042.926,
      55801.02,
      83214.99,
      451776.88,
      81075.9,
      23806.87,
      32958.84,
      29754.393,
      28789.703,
      16743.662,
      25694.307,
      723811.06,
      658270.9,
      33059.504,
      30098.326,
      7189.037,
      113455.92,
      125334.195,
      4.9915655e+06,
      1.9422416e+08,
      2.2608864e+08,
      3.331023e+08,
      1.592613e+08,
      2.7924768e+08,
      2.4900658e+08,
      2.3567931e+08,
      2.1135213e+08,
      1.2951879e+08,
      2.8301725e+08,
      2.7276662e+08,
      2.1973653e+08,
      2.0410307e+08,
      1.1727728e+08,
      1.25379336e+08,
      9.431482e+07,
      2.5224192e+07,
      3.0011822e+07,
      4.7486416e+07,
      2.0349979e+08,
      2.7321875e+08,
      2.158763e+08,
      504205.7,
      1.5720285e+07,
      1.4010301e+07,
      7.1573976e+07,
      9.3288584e+07,
      3.1460804e+07,
      2.3105784e+08,
      1.48735e+08,
      2.1012186e+08,
      2.128184e+08,
      3.2074506e+08,
      2.4691062e+08,
      2.4332518e+08,
      3.5563795e+08,
      3.0340304e+08,
      1.5721966e+08,
      2.294777e+08,
      1.8118266e+08,
      2.4715157e+08,
      1.8687701e+08,
      2.4640282e+08,
      2.5285829e+08,
      3.8995008e+08,
      2.2588163e+08,
      2.7279552e+08,
      2.5035822e+08,
      2.789488e+08,
      2.6212355e+08,
      3.0090854e+08,
      2.4426269e+08,
      2.335481e+08,
      3.7398032e+08,
      2.4868581e+08,
      2.021041e+08,
      2.6138042e+08,
      2.1632272e+08,
      1.5646928e+08,
      1.713177e+08,
      2.3120318e+08,
      2.0311733e+08,
      2.0539734e+08,
      1.6336312e+08,
      2.5809478e+08,
      3.5011914e+08,
      2.6495349e+08,
      1.1037357e+08,
      7.4103624e+07,
      1.800851e+08,
      1.9652101e+08,
      8.235805e+07,
      9.857264e+07,
      2.7754586e+08,
      3.5562646e+08,
      3.9191357e+08,
      3.9692592e+08,
      3.83861e+08,
      3.9073248e+08,
      3.9574077e+08,
      3.967246e+08,
      3.9191178e+08,
      3.9715104e+08,
      3.914762e+08,
      3.938366e+08,
      3.947841e+08,
      3.9766445e+08,
      3.197368e+08,
      2.7616243e+08,
      3.3051942e+08,
      3.440182e+08,
      2.5893448e+08,
      3.412647e+08,
      2.9689178e+08,
      3.3874192e+08,
      2.9398477e+08,
      3.4052064e+08,
      3.1825558e+08,
      3.0135046e+08,
      2.5133531e+08,
      2.753714e+08,
      3.2258358e+08,
      2.5014154e+08,
      3.5935037e+08,
      4.0850502e+08,
      2.5731174e+08,
      4.0041514e+08,
      4.1572374e+08,
      4.521043e+08,
      3.4503216e+08,
      4.750663e+08,
      2.757853e+08,
      4.0247994e+08,
      4.2257834e+08,
      4.12334e+08,
      2.996716e+08,
      3.9602835e+08,
      3.7419316e+07,
      4.7255084e+07,
      2.8022282e+08,
      1.5946945e+07,
      460115.16,
      79750.5,
      56757.32,
      73173.83,
      33269.22,
      18513.658,
      80270.59,
      18186.502,
      48041.56,
      218019.92,
      147345.9,
      60154.707,
      23530.045,
      32623.297,
      18530.436,
      30702.305,
      44040.19,
      31658.607,
      22607.299,
      43889.195,
      26524.78,
      21147.682,
      39879.44,
      33017.562,
      61371.055,
      29771.17,
      91762.984,
      446710.16,
      29150.412,
      32430.36,
      23613.932,
      20652.752,
      30945.574,
      16248.733,
      17649.63,
      36314.285,
      64088.965,
      30819.746,
      20199.768,
      26709.328,
      20862.469,
      59382.957,
      23085.45,
      22724.738,
      28026.34,
      22498.246,
      27187.479,
      26264.732,
      16131.293,
      64474.84,
      32732.348,
      58141.44,
      42404.414,
      18253.611,
      50449.09,
      22246.588,
      35458.645,
      32682.018,
      390296.75,
      49778,
      31071.404,
      36389.78,
      34611.4,
      17582.521,
      40491.812,
      39376.125,
      22129.148,
      28479.324,
      19562.234,
      35936.797,
      22389.195,
      96653.54,
      27942.453,
      30190.6,
      48259.66,
      36112.957,
      22649.242,
      19285.41,
      28378.66,
      21869.102,
      37270.586,
      40667.973,
      26944.209,
      29544.678,
      29049.75,
      27296.531,
      27707.572,
      34921.773,
      23999.807,
      34393.293,
      28655.484,
      22464.691,
      22045.262,
      16852.713,
      19755.172,
      15703.475,
      43109.055,
      43461.38,
      60842.574,
      42874.176,
      26549.943,
      54031.023,
      33915.14,
      27447.525,
      68467.82,
      22775.07,
      36440.113,
      47185.92,
      18605.932,
      68904.02,
      405891.2,
      38931.53,
      21869.102,
      20157.824,
      26130.514,
      22993.174,
      23018.34,
      32329.695,
      33227.277,
      57453.58,
      77854.67,
      70925.68,
      48242.883,
      21315.453,
      59148.074,
      20661.14,
      22338.863,
      24838.668,
      21005.074,
      34586.23,
      26122.125,
      73291.266,
      43645.926,
      55582.918,
      30056.383,
      29888.61,
      38629.54,
      21332.23,
      20375.93,
      14797.505,
      160021.1,
      68434.266,
      29586.621,
      28747.76,
      24855.445,
      53049.56,
      98138.33,
      46833.598,
      25375.54,
      51338.28,
      30039.605,
      25190.99,
      56254.004,
      25115.492,
      30375.15,
      23664.264,
      40986.74,
      33202.11,
      26482.836,
      48645.54,
      32505.855,
      56992.203,
      402560.9,
      664109.3,
      21533.557,
      54819.555,
      32874.953,
      19285.41,
      20359.152,
      32220.643,
      28361.883,
      29284.63,
      30240.932,
      20694.695,
      34896.61,
      24679.285,
      28370.271,
      30626.809,
      36809.21,
      36557.555,
      21659.387,
      19444.793,
      29620.176,
      20107.494,
      19931.332,
      1.0419465e+07,
      1.6774968e+07,
      20325.598,
      18723.373,
      35206.99,
      21063.795,
      20921.188,
      88994.74,
      30467.424,
      32036.094,
      66580.38,
      100193.53,
      43452.99,
      125401.305,
      58862.863,
      156799.86,
      263536.5,
      29150.412,
      95177.15,
      66630.71,
      37069.258,
      69617.055,
      21936.209,
      30417.092,
      26675.773,
      33311.164,
      21760.049,
      63535.316,
      25140.658,
      89389.01,
      237095.61,
      211627.8,
      42437.97,
      60490.254,
      65682.8,
      20937.965,
      59492.008,
      24620.564,
      60314.09,
      63023.613,
      25794.969,
      23026.729,
      19503.514,
      17070.816,
      23722.984,
      22749.904,
      193667.8,
      48008.004,
      60943.24,
      19713.229,
      40827.355,
      42261.81,
      75094.82,
      70028.1,
      25711.084,
      413944.25,
      45256.54,
      21936.209,
      17926.455,
      75547.805,
      50851.742,
      25350.373,
      24142.414,
      20250.1,
      37270.586,
      20854.08,
      65766.69,
      22699.574,
      23488.102,
      37060.87,
      22456.303,
      38939.918,
      29980.885,
      42052.094,
      42530.242,
      66848.82,
      29267.854,
      23546.822,
      50004.492,
      31281.12,
      22414.361,
      41934.652,
      39980.105,
      80580.97,
      84808.83,
      81621.16,
      453421.03,
      23253.22,
      32598.13,
      153972.9,
      9948.889,
      8724.152,
      8271.168,
      10670.31,
      14411.629,
      8405.385,
      44233.13,
      47034.926,
      13237.224,
      35123.1,
      72074.92,
      13774.095,
      15443.428,
      6509.5596,
      39048.97,
      7432.3066,
      14310.965,
      7843.3486,
      11970.544,
      7474.2495,
      18857.59,
      6509.5596,
      7633.6333,
      9445.572,
      12809.404,
      14881.391,
      12373.197,
      7809.794,
      6509.5596,
      6937.379,
      6727.6636,
      13287.555,
      7910.4575,
      9739.174,
      30811.357,
      9135.194,
      43855.645,
      11484.004,
      37790.68,
      6509.5596,
      11953.767,
      37782.29,
      66798.484,
      36188.453,
      57529.074,
      31440.502,
      17666.408,
      133076.88,
      7264.5347,
      10586.423,
      70992.79,
      15686.697,
      56178.508,
      75069.66,
      11475.616,
      27288.143,
      10989.076,
      19260.244,
      8506.049,
      8984.199,
      15938.355,
      10007.609,
      11190.403,
      9563.013,
      12834.57,
      9110.028,
      46221.23,
      14294.188,
      7843.3486,
      9521.07,
      35559.31,
      11660.165,
      6425.674,
      31390.172,
      60842.574,
      23806.87,
      12943.622,
      36960.207,
      9906.946,
      30266.098,
      10695.476,
      9755.951,
      11400.118,
      72897,
      21164.457,
      11978.933,
      9613.345,
      8564.769,
      7046.4307,
      10158.6045,
      10586.423,
      12448.694,
      35173.434,
      9739.174,
      26021.463,
      8984.199,
      48511.32,
      16559.111,
      10619.978,
      9621.733,
      12457.083,
      11123.294,
      36314.285,
      2684.3545,
      0,
      32950.453,
      79951.82,
      11265.9,
      7306.4775,
      11400.118,
      687429.6,
      1.0929846e+08,
      4.239116e+06,
      1.5773782e+08,
      1.3694234e+08,
      1.12834936e+08,
      4.26222e+07,
      5.7050636e+07,
      3.494807e+07,
      4655.6772,
      0,
      11794.383,
      11953.767,
      66647.49,
      152320.34,
      2.2190468e+06,
      3045.0647,
      49014.637,
      9252.635,
      7264.5347,
      10083.106,
      309841.62,
      982968.7,
      1.9511231e+06,
      4.0203998e+06,
      7.535042e+06,
      1.0769974e+07,
      1.270932e+07,
      7.4266945e+06,
      1.3483815e+07,
      1.9987888e+07,
      1.8653178e+07,
      1.1711797e+07,
      1.9426658e+07,
      4.3813916e+07,
      3.5797144e+07,
      4.160215e+07,
      4.6922444e+07,
      5.425072e+07,
      5.758694e+07,
      0,
      172696.27,
      6.356795e+06,
      1.7530722e+07,
      2.1524808e+07,
      2.9631768e+07,
      2.6077238e+07,
      7306.4775,
      6.9530485e+06,
      2.9831156e+07,
      4.666697e+07,
      6.163201e+07,
      1.9573482e+07,
      0,
      0,
      389709.56,
      6.1518865e+06,
      5049.942,
      10930.356,
      174004.89,
      0,
      9193.914,
      12037.652,
      62579.016,
      119789.32,
      18052.285,
      134779.77,
      6.8715955e+06,
      536.8709,
      13245.612,
      6073.352,
      5897.1914,
      1073.7418,
      7616.856,
      113950.85,
      92954.164,
      2.636006e+07,
      3.8012624e+07,
      3.64266e+07,
      7.2399336e+07,
      1.365159e+08,
      2.0361622e+08,
      2.4600342e+08,
      2.4504614e+08,
      2.8649616e+08,
      2.4956766e+08,
      2.3623403e+08,
      2.1734368e+08,
      3.0183747e+08,
      2.8224906e+08,
      2.2646896e+08,
      2.1824382e+08,
      1.9502224e+08,
      2.3001942e+08,
      1.9413885e+08,
      8.704888e+07,
      8.203045e+07,
      9.827081e+07,
      1.777748e+08,
      2.2281954e+08,
      1.6520288e+08,
      1.6402573e+08,
      1.4442626e+08,
      1.761774e+08,
      1.8239309e+08,
      2.4432981e+08,
      1.728696e+08,
      1.2455201e+08,
      1.2457932e+08,
      1.4406128e+08,
      1.2929807e+08,
      1.7000938e+08,
      1.80609e+08,
      1.700162e+08,
      1.4111586e+08,
      1.951101e+08,
      1.239052e+08,
      1.0857824e+08,
      1.603158e+08,
      1.2325053e+08,
      1.4058966e+08,
      1.5226477e+08,
      1.1856479e+08,
      1.4213611e+08,
      9.45793e+07,
      1.5606183e+07,
      1.9381166e+08,
      2.243087e+08,
      1.4003634e+08,
      1.7153352e+08,
      1.456747e+08,
      4.7572132e+07,
      1.5400859e+08,
      1.62486e+08,
      1.3611246e+07,
      6.978332e+07,
      1.1224679e+08,
      2.025964e+08,
      2.0092656e+08,
      2.1555909e+08,
      1.8551891e+08,
      25576.865,
      57185.14,
      18094.227,
      65531.805,
      25383.928,
      440771.03,
      345728.1,
      357505.7,
      278837.34,
      313985.6,
      354762.62,
      513231.8,
      467673.28,
      557129.4,
      357153.38,
      349578.47,
      260961.2,
      369753.06,
      576448.4,
      525705.7,
      476984.62,
      482495.97,
      614457.1,
      584845.4,
      3774.8735,
      342381.03,
      571171.94,
      457439.2,
      576985.25,
      533196.7,
      504448.94,
      688679.56,
      719012.75,
      464846.3,
      486270.84,
      554201.75,
      379752.28,
      558958.1,
      537424.56,
      517761.66,
      473553.7,
      540553.5,
      645000.06,
      711035.2,
      645218.2,
      565434.1,
      626360.56,
      511679.94,
      536115.94,
      490565.78,
      402082.75,
      552817.6,
      483242.53,
      522702.56,
      542457.75,
      591732.44,
      433061.88,
      448169.78,
      439646.94,
      450283.7,
      540637.4,
      505229.1,
      413826.8,
      412727.9,
      478209.38,
      391571.84,
      503115.16,
      499667.44,
      470424.75,
      457732.78,
      403273.94,
      511965.12,
      436778.03,
      356566.16,
      313910.1,
      292871.47,
      340862.7
    ],
    "uplinkThroughputBps": [
      9.401591e+06,
      1.2767638e+07,
      1.520046e+07,
      1.3575955e+07,
      1.233976e+07,
      1.3146383e+07,
      1.3788137e+07,
      1.0044108e+07,
      5.244281e+06,
      1.4025946e+07,
      1.7475258e+07,
      1.9282448e+07,
      2.2693836e+07,
      1.7824182e+07,
      1.7847662e+07,
      1.8824674e+07,
      1.7197284e+07,
      1.9813606e+07,
      1.9346336e+07,
      1.8028646e+07,
      1.6569833e+07,
      1.4017767e+07,
      1.3650916e+07,
      1.2623614e+07,
      1.6463004e+07,
      1.3633082e+07,
      1.6599378e+07,
      1.5108244e+07,
      1.2463324e+07,
      1.5166419e+07,
      1.4013866e+07,
      1.3211143e+07,
      1.5749981e+07,
      1.3998238e+07,
      1.1354946e+07,
      1.1995164e+07,
      1.1880182e+07,
      1.5990901e+07,
      8.870861e+06,
      6.924175e+06,
      5.0147435e+06,
      7.1590645e+06,
      1.1511284e+07,
      1.2604798e+07,
      1.0735288e+07,
      1.3060199e+07,
      1.095465e+07,
      1.273306e+07,
      7.7852405e+06,
      99505.67,
      229344.55,
      134393.89,
      206770.8,
      113632.086,
      219907.36,
      144485.39,
      93507.81,
      89657.445,
      57730.4,
      109127.4,
      90328.53,
      258369.12,
      119512.5,
      94657.055,
      62620.957,
      57369.69,
      88130.72,
      135031.42,
      89430.95,
      97366.57,
      68635.59,
      69960.99,
      105419.64,
      98037.664,
      104907.93,
      49341.793,
      86134.23,
      71840.04,
      70606.914,
      64667.777,
      105528.69,
      48083.5,
      67771.56,
      64776.832,
      78517.37,
      91360.33,
      92870.28,
      92241.13,
      95219.086,
      99732.164,
      84917.875,
      121106.336,
      90169.15,
      63971.523,
      73333.21,
      72922.17,
      91486.16,
      111316.83,
      76051.12,
      53292.83,
      78802.586,
      74297.9,
      81528.88,
      95302.98,
      90840.234,
      75388.42,
      73744.25,
      69994.55,
      83567.31,
      90739.57,
      90898.95,
      77745.62,
      67612.18,
      61698.21,
      94061.46,
      105780.34,
      86134.23,
      119084.68,
      293475.44,
      101359.55,
      90865.4,
      60213.43,
      114353.51,
      106224.945,
      82795.56,
      47898.953,
      93994.35,
      117968.99,
      87451.24,
      60381.2,
      81604.375,
      65162.707,
      82879.445,
      93927.24,
      90898.95,
      98289.32,
      78290.875,
      93440.7,
      100965.29,
      103624.48,
      98306.09,
      83726.695,
      80086.04,
      73459.04,
      66295.17,
      25459.426,
      30626.809,
      15435.039,
      14621.344,
      13002.343,
      12901.679,
      14881.391,
      13799.26,
      10032.775,
      14067.695,
      10032.775,
      15334.375,
      17775.46,
      10586.423,
      20057.162,
      14621.344,
      10024.387,
      14621.344,
      14680.064,
      10586.423,
      10032.775,
      17699.963,
      14629.732,
      172184.56,
      421619.8,
      95890.18,
      106409.49,
      109748.16,
      117004.305,
      45139.1,
      104236.84,
      84313.9,
      82921.39,
      66714.6,
      51698.992,
      51078.234,
      73224.16,
      58862.863,
      60171.484,
      63543.707,
      55859.742,
      80782.3,
      79733.72,
      60750.3,
      71529.664,
      72712.45,
      62218.305,
      70925.68,
      90471.14,
      75388.42,
      59022.246,
      68048.39,
      69407.34,
      83324.05,
      78097.94,
      96997.48,
      76621.55,
      65758.3,
      80941.68,
      69986.16,
      61949.87,
      65456.31,
      67830.28,
      49970.938,
      49476.01,
      61807.266,
      52638.516,
      72527.91,
      56337.89,
      75564.58,
      62377.688,
      83240.16,
      66311.945,
      78643.2,
      61790.49,
      79373.01,
      68627.2,
      74163.68,
      71722.6,
      52428.8,
      66303.555,
      72502.74,
      78341.21,
      62268.637,
      53678.703,
      40592.473,
      64097.355,
      83206.6,
      66739.766,
      76327.945,
      70967.625,
      66488.11,
      60255.37,
      71269.62,
      62444.797,
      70606.914,
      65204.65,
      52772.734,
      55884.906,
      68769.805,
      67008.2,
      74532.78,
      65137.543,
      58896.418,
      66932.7,
      39216.742,
      68945.97,
      59500.4,
      45222.984,
      54198.797,
      64877.496,
      78878.08,
      73962.36,
      61790.49,
      69013.08,
      71529.664,
      60095.99,
      76889.984,
      57059.312,
      66957.87,
      66882.375,
      56539.22,
      45424.312,
      66446.164,
      60456.7,
      62864.227,
      79247.18,
      72410.46,
      58879.64,
      68014.836,
      82837.51,
      65699.58,
      66706.21,
      65850.57,
      64332.234,
      31247.564,
      47865.4,
      75002.55,
      69692.555,
      74675.39,
      57260.637,
      77619.79,
      59517.17,
      59668.168,
      65515.027,
      71991.03,
      61052.29,
      77493.96,
      72200.75,
      68115.5,
      63879.25,
      97299.46,
      55943.625,
      99321.12,
      42924.508,
      73274.49,
      1.5620149e+08,
      3.173083e+08,
      3.2764538e+08,
      3.16889e+08,
      3.0938282e+08,
      3.26392e+08,
      3.0560256e+08,
      3.145125e+08,
      3.3326566e+08,
      2.9498864e+08,
      2.966735e+08,
      3.0489194e+08,
      3.1319114e+08,
      3.1330938e+08,
      2.998106e+08,
      3.0115514e+08,
      3.155482e+08,
      3.0476925e+08,
      3.092198e+08,
      3.142604e+08,
      3.2422938e+08,
      3.0828166e+08,
      3.1547005e+08,
      3.1628352e+08,
      2.960896e+08,
      3.234376e+08,
      3.067154e+08,
      3.150755e+08,
      3.086458e+08,
      3.1377024e+08,
      3.002446e+08,
      3.2504726e+08,
      3.102765e+08,
      3.023647e+08,
      2.967979e+08,
      3.1372288e+08,
      2.9918547e+08,
      3.105103e+08,
      2.9980003e+08,
      3.0938483e+08,
      3.3188736e+08,
      2.930495e+08,
      3.0126806e+08,
      3.0114506e+08,
      3.1643933e+08,
      3.115027e+08,
      3.0816522e+08,
      3.110701e+08,
      3.3078288e+08,
      3.184442e+08,
      3.1529942e+08,
      3.065402e+08,
      3.0224163e+08,
      2.938645e+08,
      2.9838186e+08,
      2.3505123e+08,
      2.533642e+08,
      3.3152307e+08,
      3.1518973e+08,
      3.1372733e+08,
      3.3683094e+08,
      2.97154e+08,
      3.2437475e+08,
      3.0937107e+08,
      3.1358477e+08,
      3.0318762e+08,
      3.2565424e+08,
      3.200149e+08,
      3.0525088e+08,
      3.147031e+08,
      3.2975722e+08,
      3.055796e+08,
      3.1674454e+08,
      3.0816797e+08,
      3.0697098e+08,
      3.205933e+08,
      3.19386e+08,
      3.0211565e+08,
      3.0731606e+08,
      3.1759082e+08,
      3.1372816e+08,
      2.9922413e+08,
      3.1045565e+08,
      3.0671216e+08,
      3.105897e+08,
      3.0587152e+08,
      3.089191e+08,
      3.071595e+08,
      3.0598166e+08,
      3.2300736e+08,
      3.0937408e+08,
      3.423586e+08,
      3.094435e+08,
      3.1311232e+08,
      3.5993382e+08,
      2.608656e+08,
      3.083216e+08,
      3.1142816e+08,
      3.0201002e+08,
      3.2618198e+08,
      2.9774752e+08,
      3.063678e+08,
      3.144508e+08,
      3.1239574e+08,
      3.1744342e+08,
      3.089251e+08,
      3.139904e+08,
      3.13352e+08,
      3.0356512e+08,
      3.070848e+08,
      3.0646218e+08,
      3.132785e+08,
      2.9482726e+08,
      3.3041712e+08,
      3.102394e+08,
      3.224314e+08,
      3.1529613e+08,
      3.1396858e+08,
      2.988551e+08,
      3.1625987e+08,
      1.7800806e+08,
      100663.3,
      73500.984,
      80824.234,
      104941.484,
      105117.65,
      98935.24,
      101317.61,
      120099.7,
      98163.49,
      92274.69,
      97811.17,
      86293.61,
      95512.69,
      84641.055,
      85429.586,
      64307.07,
      76948.7,
      95865.016,
      84607.5,
      92048.195,
      83953.19,
      58988.69,
      46917.484,
      68031.61,
      119336.336,
      91536.49,
      63996.69,
      86025.17,
      52957.28,
      87409.3,
      114848.43,
      88969.58,
      66722.984,
      89246.4,
      62176.363,
      110209.53,
      70455.92,
      120301.02,
      90127.2,
      81176.56,
      100369.695,
      110729.625,
      97374.96,
      79591.11,
      85781.91,
      65364.035,
      64491.617,
      115628.57,
      97718.9,
      113648.86,
      71722.6,
      55742.3,
      73903.63,
      86654.32,
      74499.23,
      75749.13,
      71957.48,
      56363.06,
      65749.91,
      117029.47,
      383292.28,
      226962.17,
      83827.36,
      66504.88,
      113606.92,
      135526.34,
      91100.28,
      100453.58,
      92014.64,
      103800.63,
      75707.19,
      200974.27,
      129939.54,
      192023.62,
      100025.766,
      77552.68,
      97492.4,
      122742.11,
      96913.586,
      92341.8,
      93616.87,
      70934.07,
      89279.95,
      100352.914,
      101242.11,
      123664.86,
      78282.49,
      84758.49,
      100378.086,
      107953,
      123362.87,
      100612.96,
      74306.29,
      87409.3,
      73089.945,
      107751.67,
      114965.875,
      104983.43,
      66152.56,
      75405.195,
      104480.11,
      98801.02,
      128228.266,
      105511.914,
      101745.43,
      69096.96,
      49845.11,
      89095.41,
      123891.35,
      125183.195,
      96091.51,
      91326.77,
      88743.086,
      103012.11,
      102139.69,
      137480.89,
      101720.26,
      73568.09,
      81822.484,
      92803.17,
      136054.83,
      96041.17,
      99270.79,
      91586.82,
      84104.19,
      114940.7,
      94355.06,
      105931.34,
      87568.68,
      109865.6,
      82510.35,
      117599.9,
      155231.19,
      92878.664,
      73467.43,
      86243.28,
      76504.1,
      127943.05,
      92023.03,
      109001.57,
      110477.97,
      261590.36,
      106258.5,
      98809.414,
      142572.78,
      107441.29,
      133513.08,
      62553.85,
      11693.72,
      43864.03,
      18203.28,
      16047.407,
      14982.054,
      14755.562,
      17825.793,
      23865.59,
      10032.775,
      28596.766,
      19369.295,
      14201.913,
      18756.928,
      18857.59,
      14755.562,
      14201.913,
      23102.227,
      17095.982,
      11140.071,
      25199.379,
      49937.383,
      14201.913,
      33294.387,
      12826.182,
      14990.442,
      23311.941,
      13656.654,
      19855.836,
      18756.928,
      20359.152,
      17070.816,
      18756.928,
      19310.576,
      15862.857,
      16273.899,
      11693.72,
      30408.703,
      23311.941,
      14201.913,
      32396.805,
      18756.928,
      14201.913,
      14587.789,
      19864.225,
      13933.478,
      14201.913,
      46976.203,
      15141.4375,
      16030.63,
      43134.223,
      15141.4375,
      10032.775,
      19201.523,
      29301.408,
      41599.105,
      53208.94,
      13656.654,
      16131.293,
      15141.4375,
      13723.763,
      10032.775,
      14587.789,
      19335.742,
      10032.775,
      17951.621,
      10586.423,
      13656.654,
      24620.564,
      11140.071,
      20224.934,
      14646.51,
      10032.775,
      14587.789,
      15862.857,
      9764.34,
      10032.775,
      18211.668,
      16030.63,
      10032.775,
      15510.536,
      10586.423,
      10032.775,
      22766.682,
      10846.47,
      10578.035,
      109437.78,
      100738.8,
      75027.71,
      87568.68,
      106149.445,
      119705.44,
      91259.664,
      124579.22,
      104530.445,
      108389.2,
      121014.06,
      135090.14,
      110310.195,
      113070.05,
      139871.66,
      99572.77,
      120267.48,
      60054.043,
      65355.645,
      59122.91,
      95235.87,
      96628.375,
      87006.64,
      79985.375,
      60339.258,
      77661.734,
      105176.37,
      134125.45,
      460861.75,
      248311.19,
      718115.2,
      721537.75,
      584920.9,
      414481.12,
      354661.97,
      459259.5,
      82401.3,
      81428.22,
      95227.48,
      132330.3,
      85815.46,
      109462.945,
      148646.14,
      93222.6,
      117516.01,
      85194.7,
      109328.73,
      55725.523,
      102684.95,
      80891.34,
      128588.97,
      196243.1,
      248185.36,
      303021.7,
      297619.44,
      269693.75,
      340208.38,
      378066.2,
      328732.78,
      408030.28,
      501261.28,
      612016.06,
      403097.78,
      374140.3,
      598854.3,
      706622.8,
      710238.25,
      70858.57,
      73383.54,
      293072.8,
      298584.12,
      531569.3,
      688100.75,
      564184.25,
      109991.43,
      193072.2,
      561164.3,
      600515.25,
      718039.7,
      222214.22,
      59382.957,
      132414.17,
      113715.97,
      210906.38,
      98230.6,
      107978.164,
      61723.38,
      119227.29,
      82971.72,
      95328.14,
      47487.91,
      87535.125,
      101980.305,
      103574.14,
      285237.84,
      50306.48,
      67436.02,
      77217.13,
      111853.695,
      96687.09,
      97626.62,
      74667,
      90487.914,
      388208,
      525470.8,
      430729.84,
      566407.2,
      769612.8,
      788571.1,
      868028,
      876760.5,
      948483.1,
      674427.3,
      644656.1,
      577371.1,
      1.1323279e+06,
      739153.8,
      615983.9,
      630932.4,
      667154.4,
      765032.7,
      528163.56,
      378150.06,
      655578.1,
      551760.7,
      775929.44,
      933593.4,
      630974.3,
      1.0037305e+06,
      523751.12,
      652163.94,
      628424.2,
      751057.25,
      498325.25,
      481891.97,
      476271.6,
      621151.25,
      966275.4,
      798721.3,
      720069.75,
      614566.2,
      758137.25,
      783093.3,
      411687.72,
      395841.62,
      654521.1,
      483938.78,
      498065.22,
      691590.4,
      533985.25,
      575668.25,
      431812,
      231450.08,
      678881.7,
      781868.6,
      386941.3,
      559830.56,
      425394.7,
      376254.25,
      532827.6,
      564192.6,
      136298.11,
      510757.2,
      450862.5,
      814844.2,
      749362.75,
      777196.1,
      576851,
      86679.484,
      116022.836,
      84288.734,
      66655.88,
      248143.4,
      8.779089e+06,
      7.630907e+06,
      7.707772e+06,
      6.679018e+06,
      7.5140955e+06,
      8.784022e+06,
      1.47045e+07,
      1.260286e+07,
      1.5689474e+07,
      1.0520036e+07,
      9.492113e+06,
      7.5849205e+06,
      1.0226686e+07,
      1.6076407e+07,
      1.5534184e+07,
      1.3145863e+07,
      1.4076244e+07,
      1.8689534e+07,
      1.6538275e+07,
      220461,
      6.599796e+06,
      1.3179006e+07,
      1.1937501e+07,
      1.5572218e+07,
      1.4865217e+07,
      1.5412373e+07,
      1.8471346e+07,
      2.0590468e+07,
      1.2498556e+07,
      1.4224504e+07,
      1.6402111e+07,
      1.1032471e+07,
      1.5596696e+07,
      1.4295883e+07,
      1.5132009e+07,
      1.2995783e+07,
      1.5703357e+07,
      1.8884602e+07,
      2.2186576e+07,
      2.2063432e+07,
      1.9880078e+07,
      2.2966154e+07,
      1.7345218e+07,
      1.9237586e+07,
      1.6769951e+07,
      1.5208462e+07,
      1.8427146e+07,
      1.6189821e+07,
      1.7917554e+07,
      1.8730244e+07,
      1.6951086e+07,
      1.3893858e+07,
      1.4028731e+07,
      1.4632417e+07,
      1.4906951e+07,
      1.7849338e+07,
      1.8267788e+07,
      1.7428886e+07,
      1.4049534e+07,
      1.8337404e+07,
      1.4081235e+07,
      1.8347336e+07,
      1.678656e+07,
      1.848933e+07,
      1.5152359e+07,
      1.2978099e+07,
      1.5279489e+07,
      1.439871e+07,
      1.08687e+07,
      1.0266197e+07,
      9.691174e+06,
      1.1221374e+07
    ],
    "outages": [
      {
        "cause": "BOOTING",
        "startTimestampNs": "1400866887275007981",
        "durationNs": "316385687891",
        "didSwitch": false
      },
      {
        "cause": "NO_SCHEDULE",
        "startTimestampNs": "1400867203780893761",
        "durationNs": "14900002473",
        "didSwitch": false
      },
      {
        "cause": "NO_DOWNLINK",
        "startTimestampNs": "1400867218820718440",
        "durationNs": "6859991675",
        "didSwitch": false
      },
      {
        "cause": "NO_PINGS",
        "startTimestampNs": "1400867226160638151",
        "durationNs": "11660073788",
        "didSwitch": false
      },
      {
        "cause": "NO_PINGS",
        "startTimestampNs": "1400867321160775741",
        "durationNs": "699999351",
        "didSwitch": true
      },
      {
        "cause": "NO_PINGS",
        "startTimestampNs": "1400867391680724166",
        "durationNs": "800120285",
        "didSwitch": true
      },
      {
        "cause": "NO_DOWNLINK",
        "startTimestampNs": "1400867404500758396",
        "durationNs": "740067171",
        "didSwitch": true
      },
      {
        "cause": "NO_DOWNLINK",
        "startTimestampNs": "1400867430120938261",
        "durationNs": "479866199",
        "didSwitch": true
      },
      {
        "cause": "NO_DOWNLINK",
        "startTimestampNs": "1400867435020725208",
        "durationNs": "2659957368",
        "didSwitch": true
      },
      {
        "cause": "NO_SCHEDULE",
        "startTimestampNs": "1400867438380699061",
        "durationNs": "7240082634",
        "didSwitch": true
      },
      {
        "cause": "NO_DOWNLINK",
        "startTimestampNs": "1400867451260830770",
        "durationNs": "2419898493",
        "didSwitch": true
      },
      {
        "cause": "NO_SCHEDULE",
        "startTimestampNs": "1400867454560649472",
        "durationNs": "6200192480",
        "didSwitch": true
      },
      {
        "cause": "NO_DOWNLINK",
        "startTimestampNs": "1400867474860720588",
        "durationNs": "740096011",
        "didSwitch": true
      },
      {
        "cause": "NO_DOWNLINK",
        "startTimestampNs": "1400867530460718438",
        "durationNs": "500121388",
        "didSwitch": true
      },
      {
        "cause": "NO_DOWNLINK",
        "startTimestampNs": "1400867535260792312",
        "durationNs": "479934026",
        "didSwitch": true
      },
      {
        "cause": "NO_DOWNLINK",
        "startTimestampNs": "1400867602000736873",
        "durationNs": "1420013069",
        "didSwitch": true
      },
      {
        "cause": "NO_DOWNLINK",
        "startTimestampNs": "1400867610300748639",
        "durationNs": "600065575",
        "didSwitch": true
      },
      {
        "cause": "NO_DOWNLINK",
        "startTimestampNs": "1400867617860752717",
        "durationNs": "1820100869",
        "didSwitch": true
      },
      {
        "cause": "NO_PINGS",
        "startTimestampNs": "1400867624980886535",
        "durationNs": "1219850106",
        "didSwitch": true
      },
      {
        "cause": "NO_DOWNLINK",
        "startTimestampNs": "1400867648320729514",
        "durationNs": "1060099228",
        "didSwitch": true
      },
      {
        "cause": "OBSTRUCTED",
        "startTimestampNs": "1400867655000824941",
        "durationNs": "1159882798",
        "didSwitch": true
      },
      {
        "cause": "NO_DOWNLINK",
        "startTimestampNs": "1400867660640732390",
        "durationNs": "2800004340",
        "didSwitch": true
      },
      {
        "cause": "NO_DOWNLINK",
        "startTimestampNs": "1400867667920788089",
        "durationNs": "2339998596",
        "didSwitch": false
      },
      {
        "cause": "NO_DOWNLINK",
        "startTimestampNs": "1400867676400832726",
        "durationNs": "1359944355",
        "didSwitch": true
      },
      {
        "cause": "NO_DOWNLINK",
        "startTimestampNs": "1400867679400782218",
        "durationNs": "3520022257",
        "didSwitch": true
      },
      {
        "cause": "NO_DOWNLINK",
        "startTimestampNs": "1400867742380801613",
        "durationNs": "1159917752",
        "didSwitch": true
      },
      {
        "cause": "NO_DOWNLINK",
        "startTimestampNs": "1400867773320731819",
        "durationNs": "1200027820",
        "didSwitch": true
      },
      {
        "cause": "NO_DOWNLINK",
        "startTimestampNs": "1400867900520706777",
        "durationNs": "540039200",
        "didSwitch": true
      },
      {
        "cause": "NO_DOWNLINK",
        "startTimestampNs": "1400867942420730073",
        "durationNs": "739954968",
        "didSwitch": true
      },
      {
        "cause": "NO_DOWNLINK",
        "startTimestampNs": "1400867974400832376",
        "durationNs": "499946682",
        "didSwitch": true
      },
      {
        "cause": "NO_DOWNLINK",
        "startTimestampNs": "1400867976760785353",
        "durationNs": "679902296",
        "didSwitch": true
      },
      {
        "cause": "NO_DOWNLINK",
        "startTimestampNs": "1400867998880758561",
        "durationNs": "1300000822",
        "didSwitch": true
      },
      {
        "cause": "NO_PINGS",
        "startTimestampNs": "1400868014880799460",
        "durationNs": "379889516",
        "didSwitch": true
      },
      {
        "cause": "NO_DOWNLINK",
        "startTimestampNs": "1400868018680830030",
        "durationNs": "1119945292",
        "didSwitch": true
      },
      {
        "cause": "NO_DOWNLINK",
        "startTimestampNs": "1400868024260862648",
        "durationNs": "2019966282",
        "didSwitch": true
      },
      {
        "cause": "NO_DOWNLINK",
        "startTimestampNs": "1400868075000753097",
        "durationNs": "659932079",
        "didSwitch": true
      },
      {
        "cause": "NO_DOWNLINK",
        "startTimestampNs": "1400868124480896303",
        "durationNs": "499976406",
        "didSwitch": true
      },
      {
        "cause": "NO_DOWNLINK",
        "startTimestampNs": "1400868140700819255",
        "durationNs": "579951441",
        "didSwitch": true
      },
      {
        "cause": "NO_DOWNLINK",
        "startTimestampNs": "1400868219680746997",
        "durationNs": "399991892",
        "didSwitch": true
      },
      {
        "cause": "NO_DOWNLINK",
        "startTimestampNs": "1400868262540752278",
        "durationNs": "720027174",
        "didSwitch": true
      },
      {
        "cause": "NO_DOWNLINK",
        "startTimestampNs": "1400868353400772718",
        "durationNs": "779941189",
        "didSwitch": true
      }
    ]
  }
}
End time: 1716833179125
