Start time: 1716834666972
[2024-05-27 14:31:07.984648] nuttcp-r: v8.1.4: socket
[2024-05-27 14:31:07.985200] nuttcp-r: buflen=65536, nstream=1, port=5002 tcp
[2024-05-27 14:31:07.985240] nuttcp-r: interval reporting every 0.50 seconds
[2024-05-27 14:31:07.985270] nuttcp-r: connect to 35.245.244.238 with RTT=66.645 ms af=inet
[2024-05-27 14:31:07.985298] nuttcp-r: send window size = 2097152, receive window size = 6291456
[2024-05-27 14:31:07.985325] nuttcp-r: available send window = 1572864, available receive window = 4718592
[2024-05-27 14:31:07.985352]     0.6875 MB /   0.50 sec =   11.5322 Mbps     0 retrans     13 KB-cwnd
[2024-05-27 14:31:08.484766]     6.1250 MB /   0.50 sec =  102.7668 Mbps     0 retrans     13 KB-cwnd
[2024-05-27 14:31:08.984731]     6.7500 MB /   0.50 sec =  113.2276 Mbps     0 retrans     13 KB-cwnd
[2024-05-27 14:31:09.484533]     5.3125 MB /   0.50 sec =   89.1488 Mbps     0 retrans     13 KB-cwnd
[2024-05-27 14:31:09.984763]     4.4375 MB /   0.50 sec =   74.4330 Mbps     0 retrans     13 KB-cwnd
[2024-05-27 14:31:10.484671]     6.1875 MB /   0.50 sec =  103.8304 Mbps     0 retrans     13 KB-cwnd
[2024-05-27 14:31:10.984591]     6.3125 MB /   0.50 sec =  105.9022 Mbps     0 retrans     13 KB-cwnd
[2024-05-27 14:31:11.484568]     7.0000 MB /   0.50 sec =  117.4384 Mbps     0 retrans     13 KB-cwnd
[2024-05-27 14:31:11.984665]     5.5625 MB /   0.50 sec =   93.3164 Mbps     0 retrans     13 KB-cwnd
[2024-05-27 14:31:12.484553]     6.6875 MB /   0.50 sec =  112.2082 Mbps     0 retrans     13 KB-cwnd
[2024-05-27 14:31:12.984533]     6.1875 MB /   0.50 sec =  103.8134 Mbps     0 retrans     13 KB-cwnd
[2024-05-27 14:31:13.484647]     6.1875 MB /   0.50 sec =  103.7976 Mbps     0 retrans     13 KB-cwnd
[2024-05-27 14:31:13.984659]     6.5000 MB /   0.50 sec =  109.0489 Mbps     0 retrans     13 KB-cwnd
[2024-05-27 14:31:14.484595]     6.2500 MB /   0.50 sec =  104.8666 Mbps     0 retrans     13 KB-cwnd
[2024-05-27 14:31:14.984671]     6.3750 MB /   0.50 sec =  106.9571 Mbps     0 retrans     13 KB-cwnd
[2024-05-27 14:31:15.484628]     6.6250 MB /   0.50 sec =  111.1484 Mbps     0 retrans     13 KB-cwnd
[2024-05-27 14:31:15.984605]     6.3125 MB /   0.50 sec =  105.9026 Mbps     0 retrans     13 KB-cwnd
[2024-05-27 14:31:16.484548]     6.9375 MB /   0.50 sec =  116.3980 Mbps     0 retrans     13 KB-cwnd
[2024-05-27 14:31:16.984568]     6.3750 MB /   0.50 sec =  106.9511 Mbps     0 retrans     13 KB-cwnd
[2024-05-27 14:31:17.484623]     6.0000 MB /   0.50 sec =  100.6633 Mbps     0 retrans     13 KB-cwnd
[2024-05-27 14:31:17.984587]     5.9375 MB /   0.50 sec =   99.6117 Mbps     0 retrans     13 KB-cwnd
[2024-05-27 14:31:18.484661]     2.4375 MB /   0.50 sec =   40.8934 Mbps     0 retrans     13 KB-cwnd
[2024-05-27 14:31:18.984616]     5.8750 MB /   0.50 sec =   98.5693 Mbps     0 retrans     13 KB-cwnd
[2024-05-27 14:31:19.484730]     5.5625 MB /   0.50 sec =   93.3165 Mbps     0 retrans     13 KB-cwnd
[2024-05-27 14:31:19.984623]     4.5000 MB /   0.50 sec =   75.5080 Mbps     0 retrans     13 KB-cwnd
[2024-05-27 14:31:20.484681]     5.3125 MB /   0.50 sec =   89.1208 Mbps     0 retrans     13 KB-cwnd
[2024-05-27 14:31:20.984681]     4.1875 MB /   0.50 sec =   70.2595 Mbps     0 retrans     13 KB-cwnd
[2024-05-27 14:31:21.484608]     4.3750 MB /   0.50 sec =   73.4008 Mbps     0 retrans     13 KB-cwnd
[2024-05-27 14:31:21.984671]     5.0625 MB /   0.50 sec =   84.9240 Mbps     0 retrans     13 KB-cwnd
[2024-05-27 14:31:22.484656]     4.3750 MB /   0.50 sec =   73.4025 Mbps     0 retrans     13 KB-cwnd
[2024-05-27 14:31:22.984699]     4.5000 MB /   0.50 sec =   75.4943 Mbps     0 retrans     13 KB-cwnd
[2024-05-27 14:31:23.484599]     4.5000 MB /   0.50 sec =   75.5047 Mbps     0 retrans     13 KB-cwnd
[2024-05-27 14:31:23.984690]     4.0625 MB /   0.50 sec =   68.1577 Mbps     0 retrans     13 KB-cwnd
[2024-05-27 14:31:24.484673]     4.3750 MB /   0.50 sec =   73.3964 Mbps     0 retrans     13 KB-cwnd
[2024-05-27 14:31:24.984659]     4.6250 MB /   0.50 sec =   77.5934 Mbps     0 retrans     13 KB-cwnd
[2024-05-27 14:31:25.484582]     4.0000 MB /   0.50 sec =   67.1148 Mbps     0 retrans     13 KB-cwnd
[2024-05-27 14:31:25.984564]     3.8750 MB /   0.50 sec =   65.0122 Mbps     0 retrans     13 KB-cwnd
[2024-05-27 14:31:26.484672]     3.7500 MB /   0.50 sec =   62.9093 Mbps     0 retrans     24 KB-cwnd
[2024-05-27 14:31:26.984682]     3.7500 MB /   0.50 sec =   62.9146 Mbps     0 retrans     24 KB-cwnd
[2024-05-27 14:31:27.484647]     2.6875 MB /   0.50 sec =   45.0916 Mbps     0 retrans     24 KB-cwnd
[2024-05-27 14:31:27.984592]     3.5000 MB /   0.50 sec =   58.7188 Mbps     0 retrans     24 KB-cwnd
[2024-05-27 14:31:28.484795]     2.7500 MB /   0.50 sec =   46.1305 Mbps     0 retrans     24 KB-cwnd
[2024-05-27 14:31:28.984642]     2.4375 MB /   0.50 sec =   40.9017 Mbps     0 retrans     26 KB-cwnd
[2024-05-27 14:31:29.484567]     3.8125 MB /   0.50 sec =   63.9643 Mbps     0 retrans     26 KB-cwnd
[2024-05-27 14:31:29.984701]     3.5625 MB /   0.50 sec =   59.7605 Mbps     0 retrans     26 KB-cwnd
[2024-05-27 14:31:30.484640]     2.0625 MB /   0.50 sec =   34.6065 Mbps     0 retrans     26 KB-cwnd
[2024-05-27 14:31:30.984699]     4.3750 MB /   0.50 sec =   73.3939 Mbps     0 retrans     26 KB-cwnd
[2024-05-27 14:31:31.484662]     4.0625 MB /   0.50 sec =   68.1600 Mbps     0 retrans     26 KB-cwnd
[2024-05-27 14:31:31.984551]     5.3750 MB /   0.50 sec =   90.1873 Mbps     0 retrans     26 KB-cwnd
[2024-05-27 14:31:32.484642]     5.1875 MB /   0.50 sec =   87.0290 Mbps     0 retrans     26 KB-cwnd
[2024-05-27 14:31:32.984607]     4.8125 MB /   0.50 sec =   80.7397 Mbps     0 retrans     26 KB-cwnd
[2024-05-27 14:31:33.484704]     5.7500 MB /   0.50 sec =   96.4534 Mbps     0 retrans     26 KB-cwnd
[2024-05-27 14:31:33.984742]     6.3125 MB /   0.50 sec =  105.9066 Mbps     0 retrans     26 KB-cwnd
[2024-05-27 14:31:34.484688]     6.6250 MB /   0.50 sec =  111.1597 Mbps     0 retrans     26 KB-cwnd
[2024-05-27 14:31:34.984775]     6.1250 MB /   0.50 sec =  102.7602 Mbps     0 retrans     26 KB-cwnd
[2024-05-27 14:31:35.484574]     6.8125 MB /   0.50 sec =  114.3051 Mbps     0 retrans     26 KB-cwnd
[2024-05-27 14:31:35.984650]     6.8125 MB /   0.50 sec =  114.2852 Mbps     0 retrans     26 KB-cwnd
[2024-05-27 14:31:36.484772]     6.3125 MB /   0.50 sec =  105.9183 Mbps     0 retrans     26 KB-cwnd
[2024-05-27 14:31:36.984647]     6.3125 MB /   0.50 sec =  105.8947 Mbps     0 retrans     26 KB-cwnd
[2024-05-27 14:31:37.484667]     7.0000 MB /   0.50 sec =  117.4436 Mbps     0 retrans     26 KB-cwnd
[2024-05-27 14:31:37.984560]     6.1875 MB /   0.50 sec =  103.8155 Mbps     0 retrans     26 KB-cwnd
[2024-05-27 14:31:38.484534]     7.3125 MB /   0.50 sec =  122.6878 Mbps     0 retrans     26 KB-cwnd
[2024-05-27 14:31:38.984580]     7.1875 MB /   0.50 sec =  120.5778 Mbps     0 retrans     26 KB-cwnd
[2024-05-27 14:31:39.484686]     7.1875 MB /   0.50 sec =  120.5800 Mbps     0 retrans     26 KB-cwnd
[2024-05-27 14:31:39.984743]     6.8125 MB /   0.50 sec =  114.2923 Mbps     0 retrans     26 KB-cwnd
[2024-05-27 14:31:40.484659]     6.1875 MB /   0.50 sec =  103.8148 Mbps     0 retrans     26 KB-cwnd
[2024-05-27 14:31:40.984592]     7.0000 MB /   0.50 sec =  117.4445 Mbps     0 retrans     26 KB-cwnd
[2024-05-27 14:31:41.484535]     6.6250 MB /   0.50 sec =  111.1524 Mbps     0 retrans     26 KB-cwnd
[2024-05-27 14:31:41.984656]     4.4375 MB /   0.50 sec =   74.4419 Mbps     0 retrans     26 KB-cwnd
[2024-05-27 14:31:42.484782]     3.0000 MB /   0.50 sec =   50.3323 Mbps     0 retrans     26 KB-cwnd
[2024-05-27 14:31:42.984632]     4.1875 MB /   0.50 sec =   70.2559 Mbps     0 retrans     26 KB-cwnd
[2024-05-27 14:31:43.484677]     5.1875 MB /   0.50 sec =   87.0337 Mbps     0 retrans     26 KB-cwnd
[2024-05-27 14:31:43.984665]     5.1250 MB /   0.50 sec =   85.9755 Mbps     0 retrans     26 KB-cwnd
[2024-05-27 14:31:44.484879]     4.1250 MB /   0.50 sec =   69.1974 Mbps     0 retrans     26 KB-cwnd
[2024-05-27 14:31:44.984544]     5.6250 MB /   0.50 sec =   94.3975 Mbps     0 retrans     26 KB-cwnd
[2024-05-27 14:31:45.484683]     5.1875 MB /   0.50 sec =   87.0189 Mbps     0 retrans     29 KB-cwnd
[2024-05-27 14:31:45.984694]     5.6250 MB /   0.50 sec =   94.3722 Mbps     0 retrans     30 KB-cwnd
[2024-05-27 14:31:46.484683]     4.1875 MB /   0.50 sec =   70.2629 Mbps     0 retrans     30 KB-cwnd
[2024-05-27 14:31:46.984582]     5.0000 MB /   0.50 sec =   83.8861 Mbps     0 retrans     30 KB-cwnd
[2024-05-27 14:31:47.484753]     6.0625 MB /   0.50 sec =  101.7092 Mbps     0 retrans   2352 KB-cwnd
[2024-05-27 14:31:47.984600]     6.6250 MB /   0.50 sec =  111.1459 Mbps     0 retrans   2352 KB-cwnd
[2024-05-27 14:31:48.484686]     6.0000 MB /   0.50 sec =  100.6691 Mbps     0 retrans   2352 KB-cwnd
[2024-05-27 14:31:48.984621]     7.0000 MB /   0.50 sec =  117.4372 Mbps     0 retrans   2352 KB-cwnd
[2024-05-27 14:31:49.484668]     6.9375 MB /   0.50 sec =  116.3910 Mbps     0 retrans   2352 KB-cwnd
[2024-05-27 14:31:49.984678]     5.0000 MB /   0.50 sec =   83.8782 Mbps     0 retrans   2352 KB-cwnd
[2024-05-27 14:31:50.484691]     7.3125 MB /   0.50 sec =  122.6809 Mbps     0 retrans   2352 KB-cwnd
[2024-05-27 14:31:50.984586]     8.0625 MB /   0.50 sec =  135.2847 Mbps     0 retrans   2352 KB-cwnd
[2024-05-27 14:31:51.484632]     6.7500 MB /   0.50 sec =  113.2433 Mbps     0 retrans   2352 KB-cwnd
[2024-05-27 14:31:51.984682]     7.8125 MB /   0.50 sec =  131.0589 Mbps     0 retrans   2352 KB-cwnd
[2024-05-27 14:31:52.484561]     7.7500 MB /   0.50 sec =  130.0382 Mbps     0 retrans   2352 KB-cwnd
[2024-05-27 14:31:52.984657]     2.8125 MB /   0.50 sec =   47.1835 Mbps     0 retrans   2352 KB-cwnd
[2024-05-27 14:31:53.484536]     8.4375 MB /   0.50 sec =  141.5742 Mbps     0 retrans   2352 KB-cwnd
[2024-05-27 14:31:53.984699]     8.3125 MB /   0.50 sec =  139.4361 Mbps     0 retrans   2352 KB-cwnd
[2024-05-27 14:31:54.484675]     7.2500 MB /   0.50 sec =  121.6353 Mbps     0 retrans   2352 KB-cwnd
[2024-05-27 14:31:54.984671]     8.6875 MB /   0.50 sec =  145.7535 Mbps     0 retrans   2352 KB-cwnd
[2024-05-27 14:31:55.484605]     7.9375 MB /   0.50 sec =  133.1819 Mbps     0 retrans   2352 KB-cwnd
[2024-05-27 14:31:55.984778]     8.8750 MB /   0.50 sec =  148.8805 Mbps     0 retrans   2352 KB-cwnd
[2024-05-27 14:31:56.484664]     8.7500 MB /   0.50 sec =  146.8059 Mbps     0 retrans   2352 KB-cwnd
[2024-05-27 14:31:56.984605]     8.0625 MB /   0.50 sec =  135.2771 Mbps     2 retrans   2562 KB-cwnd
[2024-05-27 14:31:57.484629]     9.3750 MB /   0.50 sec =  157.2820 Mbps     0 retrans   2562 KB-cwnd
[2024-05-27 14:31:57.984651]     8.8125 MB /   0.50 sec =  147.8439 Mbps     0 retrans   2562 KB-cwnd
[2024-05-27 14:31:58.484611]     8.1250 MB /   0.50 sec =  136.3242 Mbps     0 retrans   2562 KB-cwnd
[2024-05-27 14:31:58.984696]     8.6250 MB /   0.50 sec =  144.6876 Mbps     0 retrans   2562 KB-cwnd
[2024-05-27 14:31:59.484622]     8.3750 MB /   0.50 sec =  140.5199 Mbps     0 retrans   2562 KB-cwnd
[2024-05-27 14:31:59.984577]     7.4375 MB /   0.50 sec =  124.7825 Mbps     0 retrans   2562 KB-cwnd
[2024-05-27 14:32:00.484709]     8.0625 MB /   0.50 sec =  135.2495 Mbps     0 retrans   2562 KB-cwnd
[2024-05-27 14:32:00.984644]     8.1250 MB /   0.50 sec =  136.3293 Mbps     0 retrans   2562 KB-cwnd
[2024-05-27 14:32:01.484636]     7.8750 MB /   0.50 sec =  132.1235 Mbps     0 retrans   2562 KB-cwnd
[2024-05-27 14:32:01.984618]     8.7500 MB /   0.50 sec =  146.8015 Mbps     0 retrans   2562 KB-cwnd
[2024-05-27 14:32:02.484600]     7.3750 MB /   0.50 sec =  123.7362 Mbps     0 retrans   2562 KB-cwnd
[2024-05-27 14:32:02.984680]     7.8750 MB /   0.50 sec =  132.1013 Mbps     0 retrans   2562 KB-cwnd
[2024-05-27 14:32:03.484684]     4.5000 MB /   0.50 sec =   75.4970 Mbps     0 retrans   2562 KB-cwnd
[2024-05-27 14:32:03.984702]     8.6250 MB /   0.50 sec =  144.6971 Mbps     0 retrans   2562 KB-cwnd
[2024-05-27 14:32:04.484590]     8.3125 MB /   0.50 sec =  139.4849 Mbps     0 retrans   2562 KB-cwnd
[2024-05-27 14:32:04.984693]     6.2500 MB /   0.50 sec =  104.8597 Mbps     0 retrans   2562 KB-cwnd
[2024-05-27 14:32:05.484659]     7.9375 MB /   0.50 sec =  133.1585 Mbps     0 retrans   2562 KB-cwnd
[2024-05-27 14:32:05.984603]     6.1875 MB /   0.50 sec =  103.8150 Mbps     0 retrans   2360 KB-cwnd
[2024-05-27 14:32:06.484678]     5.5000 MB /   0.50 sec =   92.2631 Mbps     0 retrans   2360 KB-cwnd
[2024-05-27 14:32:06.984602]     6.6875 MB /   0.50 sec =  112.2113 Mbps     0 retrans   2360 KB-cwnd
[2024-05-27 14:32:07.484619]     8.1875 MB /   0.50 sec =  137.3629 Mbps     0 retrans   2360 KB-cwnd
[2024-05-27 14:32:07.984699]     8.6875 MB /   0.50 sec =  145.7302 Mbps     0 retrans   2360 KB-cwnd
[2024-05-27 14:32:08.484614]     6.6875 MB /   0.50 sec =  112.2149 Mbps     0 retrans   2360 KB-cwnd
[2024-05-27 14:32:08.984610]     6.5000 MB /   0.50 sec =  109.0523 Mbps     0 retrans   2360 KB-cwnd
[2024-05-27 14:32:09.484636]     8.6250 MB /   0.50 sec =  144.6989 Mbps     0 retrans   2360 KB-cwnd
[2024-05-27 14:32:09.984669]     8.8750 MB /   0.50 sec =  148.8853 Mbps     0 retrans   2360 KB-cwnd
[2024-05-27 14:32:10.484624]     8.6250 MB /   0.50 sec =  144.7165 Mbps     0 retrans   2360 KB-cwnd
[2024-05-27 14:32:10.984556]     8.6875 MB /   0.50 sec =  145.7602 Mbps     0 retrans   2360 KB-cwnd
[2024-05-27 14:32:11.484664]     7.6875 MB /   0.50 sec =  128.9632 Mbps     0 retrans   2360 KB-cwnd
[2024-05-27 14:32:11.984718]     8.5000 MB /   0.50 sec =  142.6155 Mbps     0 retrans   2360 KB-cwnd
[2024-05-27 14:32:12.484597]     7.8125 MB /   0.50 sec =  131.0728 Mbps     0 retrans   2360 KB-cwnd
[2024-05-27 14:32:12.984648]     6.8125 MB /   0.50 sec =  114.2824 Mbps     0 retrans   2360 KB-cwnd
[2024-05-27 14:32:13.484620]     6.5000 MB /   0.50 sec =  109.0622 Mbps     0 retrans   2360 KB-cwnd
[2024-05-27 14:32:13.984597]     3.3750 MB /   0.50 sec =   56.6237 Mbps     0 retrans   2360 KB-cwnd
[2024-05-27 14:32:14.484540]     8.0625 MB /   0.50 sec =  135.2712 Mbps     0 retrans   2360 KB-cwnd
[2024-05-27 14:32:14.984672]     8.4375 MB /   0.50 sec =  141.5360 Mbps     0 retrans   2360 KB-cwnd
[2024-05-27 14:32:15.484610]     8.6875 MB /   0.50 sec =  145.7666 Mbps     0 retrans   3703 KB-cwnd
[2024-05-27 14:32:15.984558]     7.9375 MB /   0.50 sec =  133.1755 Mbps     0 retrans   3703 KB-cwnd
[2024-05-27 14:32:16.484784]     7.1875 MB /   0.50 sec =  120.5542 Mbps     0 retrans   3703 KB-cwnd
[2024-05-27 14:32:16.984675]     8.8750 MB /   0.50 sec =  148.9204 Mbps     0 retrans   3703 KB-cwnd
[2024-05-27 14:32:17.484685]     9.0000 MB /   0.50 sec =  150.9886 Mbps     0 retrans   3703 KB-cwnd
[2024-05-27 14:32:17.984625]     8.2500 MB /   0.50 sec =  138.4259 Mbps     0 retrans   3703 KB-cwnd
[2024-05-27 14:32:18.484636]     7.0000 MB /   0.50 sec =  117.4424 Mbps     0 retrans   3703 KB-cwnd
[2024-05-27 14:32:18.984532]     5.7500 MB /   0.50 sec =   96.4754 Mbps     0 retrans   3703 KB-cwnd
[2024-05-27 14:32:19.484621]     5.6875 MB /   0.50 sec =   95.4141 Mbps     0 retrans   3703 KB-cwnd
[2024-05-27 14:32:19.984653]     5.2500 MB /   0.50 sec =   88.0814 Mbps     0 retrans   3703 KB-cwnd
[2024-05-27 14:32:20.484629]     5.1250 MB /   0.50 sec =   85.9805 Mbps     0 retrans   3703 KB-cwnd
[2024-05-27 14:32:20.984564]     6.1250 MB /   0.50 sec =  102.7652 Mbps     0 retrans   3703 KB-cwnd
[2024-05-27 14:32:21.484740]     6.3750 MB /   0.50 sec =  106.9353 Mbps     0 retrans   3703 KB-cwnd
[2024-05-27 14:32:21.984619]     6.5000 MB /   0.50 sec =  109.0685 Mbps     0 retrans   3703 KB-cwnd
[2024-05-27 14:32:22.484820]     5.5625 MB /   0.50 sec =   93.3111 Mbps     0 retrans   3703 KB-cwnd
[2024-05-27 14:32:22.984609]     6.5000 MB /   0.50 sec =  109.0654 Mbps     0 retrans   3703 KB-cwnd
[2024-05-27 14:32:23.484643]     7.6250 MB /   0.50 sec =  127.9260 Mbps     0 retrans   3703 KB-cwnd
[2024-05-27 14:32:23.984705]     4.0000 MB /   0.50 sec =   67.0977 Mbps     0 retrans   3703 KB-cwnd
[2024-05-27 14:32:24.484618]     4.2500 MB /   0.50 sec =   71.3157 Mbps     0 retrans   3703 KB-cwnd
[2024-05-27 14:32:24.984587]     6.6875 MB /   0.50 sec =  112.1997 Mbps     0 retrans   3703 KB-cwnd
[2024-05-27 14:32:25.484628]     7.3750 MB /   0.50 sec =  123.7280 Mbps     0 retrans   3703 KB-cwnd
[2024-05-27 14:32:25.984603]     6.6875 MB /   0.50 sec =  112.1999 Mbps     0 retrans   3703 KB-cwnd
[2024-05-27 14:32:26.484602]     6.6250 MB /   0.50 sec =  111.1431 Mbps     0 retrans   3154 KB-cwnd
[2024-05-27 14:32:26.984642]     6.7500 MB /   0.50 sec =  113.2448 Mbps     0 retrans   3154 KB-cwnd
[2024-05-27 14:32:27.484645]     7.3750 MB /   0.50 sec =  123.7384 Mbps     0 retrans   3154 KB-cwnd
[2024-05-27 14:32:27.984658]     7.5625 MB /   0.50 sec =  126.8731 Mbps     0 retrans   3154 KB-cwnd
[2024-05-27 14:32:28.484751]     7.6250 MB /   0.50 sec =  127.9081 Mbps     0 retrans   3154 KB-cwnd
[2024-05-27 14:32:28.984732]     7.6250 MB /   0.50 sec =  127.9488 Mbps     0 retrans   3154 KB-cwnd
[2024-05-27 14:32:29.484613]     7.6875 MB /   0.50 sec =  128.9782 Mbps     0 retrans   3154 KB-cwnd
[2024-05-27 14:32:29.984534]     6.5625 MB /   0.50 sec =  110.1042 Mbps     0 retrans   3154 KB-cwnd
[2024-05-27 14:32:30.484642]     7.5625 MB /   0.50 sec =  126.8681 Mbps     0 retrans   3154 KB-cwnd
[2024-05-27 14:32:30.984633]     8.0000 MB /   0.50 sec =  134.2212 Mbps     0 retrans   3154 KB-cwnd
[2024-05-27 14:32:31.484653]     7.7500 MB /   0.50 sec =  130.0193 Mbps     0 retrans   3154 KB-cwnd
[2024-05-27 14:32:31.984606]     7.6875 MB /   0.50 sec =  128.9797 Mbps     0 retrans   3154 KB-cwnd
[2024-05-27 14:32:32.484704]     4.7500 MB /   0.50 sec =   79.6793 Mbps     0 retrans   3154 KB-cwnd
[2024-05-27 14:32:32.984665]     8.5000 MB /   0.50 sec =  142.6206 Mbps     0 retrans   3154 KB-cwnd
[2024-05-27 14:32:33.484660]     7.1875 MB /   0.50 sec =  120.5901 Mbps     0 retrans   3154 KB-cwnd
[2024-05-27 14:32:33.984829]     6.3125 MB /   0.50 sec =  105.8759 Mbps     0 retrans   3154 KB-cwnd
[2024-05-27 14:32:34.484712]     5.5625 MB /   0.50 sec =   93.3380 Mbps     0 retrans   3154 KB-cwnd
[2024-05-27 14:32:34.984620]     3.2500 MB /   0.50 sec =   54.5336 Mbps     0 retrans   3154 KB-cwnd
[2024-05-27 14:32:35.484598]     5.1875 MB /   0.50 sec =   87.0329 Mbps     0 retrans   3154 KB-cwnd
[2024-05-27 14:32:35.984627]     6.0000 MB /   0.50 sec =  100.6615 Mbps     0 retrans   3154 KB-cwnd
[2024-05-27 14:32:36.484683]     6.5000 MB /   0.50 sec =  109.0419 Mbps     0 retrans   3439 KB-cwnd
[2024-05-27 14:32:36.984664]     7.1875 MB /   0.50 sec =  120.5865 Mbps     0 retrans   3439 KB-cwnd
[2024-05-27 14:32:37.484696]     8.5000 MB /   0.50 sec =  142.6206 Mbps     0 retrans   3439 KB-cwnd
[2024-05-27 14:32:37.984701]     8.5000 MB /   0.50 sec =  142.5849 Mbps     0 retrans   3439 KB-cwnd
[2024-05-27 14:32:38.484731]     9.0625 MB /   0.50 sec =  152.0426 Mbps     0 retrans   3439 KB-cwnd
[2024-05-27 14:32:38.984598]     8.5625 MB /   0.50 sec =  143.6868 Mbps     0 retrans   3439 KB-cwnd
[2024-05-27 14:32:39.484621]     8.1250 MB /   0.50 sec =  136.3067 Mbps     0 retrans   3439 KB-cwnd
[2024-05-27 14:32:39.984666]     8.3750 MB /   0.50 sec =  140.4949 Mbps     0 retrans   3439 KB-cwnd
[2024-05-27 14:32:40.484673]     9.8750 MB /   0.50 sec =  165.6806 Mbps     0 retrans   3439 KB-cwnd
[2024-05-27 14:32:40.984557]     9.0000 MB /   0.50 sec =  151.0076 Mbps     0 retrans   3439 KB-cwnd
[2024-05-27 14:32:41.484635]     9.7500 MB /   0.50 sec =  163.5798 Mbps     0 retrans   3439 KB-cwnd
[2024-05-27 14:32:41.984660]     9.1250 MB /   0.50 sec =  153.0710 Mbps     0 retrans   3439 KB-cwnd
[2024-05-27 14:32:42.484611]     7.9375 MB /   0.50 sec =  133.1838 Mbps     0 retrans   3439 KB-cwnd
[2024-05-27 14:32:42.984600]     8.5625 MB /   0.50 sec =  143.6558 Mbps     0 retrans   3439 KB-cwnd
[2024-05-27 14:32:43.484646]    10.5625 MB /   0.50 sec =  177.2058 Mbps     0 retrans   3439 KB-cwnd
[2024-05-27 14:32:43.984712]     4.4375 MB /   0.50 sec =   74.4351 Mbps     0 retrans   3439 KB-cwnd
[2024-05-27 14:32:44.484683]     4.8750 MB /   0.50 sec =   81.7958 Mbps     0 retrans   3439 KB-cwnd
[2024-05-27 14:32:44.984621]     7.9375 MB /   0.50 sec =  133.1753 Mbps     0 retrans   3439 KB-cwnd
[2024-05-27 14:32:45.484783]     9.6250 MB /   0.50 sec =  161.4526 Mbps     0 retrans   2675 KB-cwnd
[2024-05-27 14:32:45.984678]     9.0000 MB /   0.50 sec =  151.0137 Mbps     0 retrans   2675 KB-cwnd
[2024-05-27 14:32:46.484624]     6.1875 MB /   0.50 sec =  103.8128 Mbps     0 retrans   2675 KB-cwnd
[2024-05-27 14:32:46.984757]    10.3125 MB /   0.50 sec =  173.0233 Mbps     0 retrans   2675 KB-cwnd
[2024-05-27 14:32:47.484666]     9.1875 MB /   0.50 sec =  154.1376 Mbps     0 retrans   2675 KB-cwnd
[2024-05-27 14:32:47.984591]    10.1250 MB /   0.50 sec =  169.8812 Mbps     0 retrans   2675 KB-cwnd
[2024-05-27 14:32:48.484576]     7.5625 MB /   0.50 sec =  126.8820 Mbps     0 retrans   2675 KB-cwnd
[2024-05-27 14:32:48.984604]     2.3750 MB /   0.50 sec =   39.8441 Mbps     0 retrans   2675 KB-cwnd
[2024-05-27 14:32:49.484632]     7.0000 MB /   0.50 sec =  117.4391 Mbps     0 retrans   2675 KB-cwnd
[2024-05-27 14:32:49.984649]     7.0625 MB /   0.50 sec =  118.4836 Mbps     0 retrans   2675 KB-cwnd
[2024-05-27 14:32:50.484599]     8.9375 MB /   0.50 sec =  149.9563 Mbps     0 retrans   2675 KB-cwnd
[2024-05-27 14:32:50.984571]     9.3125 MB /   0.50 sec =  156.2319 Mbps     0 retrans   2675 KB-cwnd
[2024-05-27 14:32:51.484628]     9.0000 MB /   0.50 sec =  150.9980 Mbps     0 retrans   2675 KB-cwnd
[2024-05-27 14:32:51.984677]     9.2500 MB /   0.50 sec =  155.1747 Mbps     0 retrans   2675 KB-cwnd
[2024-05-27 14:32:52.484653]     9.6250 MB /   0.50 sec =  161.4865 Mbps     0 retrans   2675 KB-cwnd
[2024-05-27 14:32:52.984597]     9.3750 MB /   0.50 sec =  157.2974 Mbps     0 retrans   2675 KB-cwnd
[2024-05-27 14:32:53.484640]     8.6875 MB /   0.50 sec =  145.7465 Mbps     0 retrans   3173 KB-cwnd
[2024-05-27 14:32:53.984536]     8.5000 MB /   0.50 sec =  142.6192 Mbps     0 retrans   3173 KB-cwnd
[2024-05-27 14:32:54.484623]     8.6875 MB /   0.50 sec =  145.7471 Mbps     0 retrans   3173 KB-cwnd
[2024-05-27 14:32:54.984609]     9.5625 MB /   0.50 sec =  160.4273 Mbps     0 retrans   3173 KB-cwnd
[2024-05-27 14:32:55.484642]     8.6250 MB /   0.50 sec =  144.7015 Mbps     0 retrans   3173 KB-cwnd
[2024-05-27 14:32:55.984609]     9.4375 MB /   0.50 sec =  158.3385 Mbps     0 retrans   3173 KB-cwnd
[2024-05-27 14:32:56.484766]     9.5625 MB /   0.50 sec =  160.4286 Mbps     0 retrans   3173 KB-cwnd
[2024-05-27 14:32:56.984600]     9.5625 MB /   0.50 sec =  160.4363 Mbps     0 retrans   3173 KB-cwnd
[2024-05-27 14:32:57.484565]     9.8750 MB /   0.50 sec =  165.6780 Mbps     0 retrans   3173 KB-cwnd
[2024-05-27 14:32:57.984666]     9.8750 MB /   0.50 sec =  165.6591 Mbps     0 retrans   3173 KB-cwnd
[2024-05-27 14:32:58.484669]    10.5000 MB /   0.50 sec =  176.1555 Mbps     0 retrans   3173 KB-cwnd
[2024-05-27 14:32:58.984602]     9.8125 MB /   0.50 sec =  164.6436 Mbps     0 retrans   3173 KB-cwnd
[2024-05-27 14:32:59.484621]     1.4375 MB /   0.50 sec =   24.1169 Mbps     0 retrans   3173 KB-cwnd
[2024-05-27 14:32:59.984661]     6.6250 MB /   0.50 sec =  111.1382 Mbps     0 retrans   3173 KB-cwnd
[2024-05-27 14:33:00.484777]     6.8750 MB /   0.50 sec =  115.3544 Mbps     0 retrans   3173 KB-cwnd
[2024-05-27 14:33:00.984727]     9.6875 MB /   0.50 sec =  162.5306 Mbps     0 retrans   3173 KB-cwnd
[2024-05-27 14:33:01.484627]     8.1250 MB /   0.50 sec =  136.3146 Mbps     0 retrans   3173 KB-cwnd
[2024-05-27 14:33:01.984608]     8.3125 MB /   0.50 sec =  139.4620 Mbps    23 retrans   3730 KB-cwnd
[2024-05-27 14:33:02.484643]     8.8125 MB /   0.50 sec =  147.8477 Mbps     0 retrans   3684 KB-cwnd
[2024-05-27 14:33:02.984534]     8.6875 MB /   0.50 sec =  145.7594 Mbps     0 retrans   3684 KB-cwnd
[2024-05-27 14:33:03.484671]     8.3125 MB /   0.50 sec =  139.4483 Mbps     0 retrans   3684 KB-cwnd
[2024-05-27 14:33:03.984721]     3.6875 MB /   0.50 sec =   61.8576 Mbps     0 retrans   3684 KB-cwnd
[2024-05-27 14:33:04.484669]     5.5000 MB /   0.50 sec =   92.2871 Mbps     0 retrans   3684 KB-cwnd
[2024-05-27 14:33:04.984607]     7.4375 MB /   0.50 sec =  124.7863 Mbps     0 retrans   3684 KB-cwnd
[2024-05-27 14:33:05.484619]     5.5625 MB /   0.50 sec =   93.3229 Mbps     0 retrans   3684 KB-cwnd
[2024-05-27 14:33:05.984682]     6.3125 MB /   0.50 sec =  105.8950 Mbps     0 retrans   3684 KB-cwnd
[2024-05-27 14:33:06.484728]     6.1875 MB /   0.50 sec =  103.8217 Mbps     0 retrans   3684 KB-cwnd
[2024-05-27 14:33:06.984672]     7.2500 MB /   0.50 sec =  121.6192 Mbps     0 retrans   3684 KB-cwnd
[2024-05-27 14:33:07.484633]    10.2500 MB /   0.50 sec =  171.9833 Mbps     0 retrans   3684 KB-cwnd
[2024-05-27 14:33:07.984585]     8.4375 MB /   0.50 sec =  141.5572 Mbps     0 retrans   3684 KB-cwnd
[2024-05-27 14:33:08.484557]     9.6875 MB /   0.50 sec =  162.5384 Mbps     0 retrans   3684 KB-cwnd
[2024-05-27 14:33:08.984643]     9.5000 MB /   0.50 sec =  159.3734 Mbps     0 retrans   3684 KB-cwnd
[2024-05-27 14:33:09.484627]     6.7500 MB /   0.50 sec =  113.2487 Mbps     0 retrans   3684 KB-cwnd
[2024-05-27 14:33:09.984674]     5.0000 MB /   0.50 sec =   83.8772 Mbps     0 retrans   3684 KB-cwnd
[2024-05-27 14:33:10.484694]     8.8125 MB /   0.50 sec =  147.8480 Mbps     0 retrans   3684 KB-cwnd
[2024-05-27 14:33:10.984643]     9.3125 MB /   0.50 sec =  156.2503 Mbps     0 retrans   3684 KB-cwnd
[2024-05-27 14:33:11.484649]     9.5000 MB /   0.50 sec =  159.3845 Mbps     2 retrans   3854 KB-cwnd
[2024-05-27 14:33:11.984788]     8.8125 MB /   0.50 sec =  147.8398 Mbps     0 retrans   3854 KB-cwnd
[2024-05-27 14:33:12.484632]    10.1875 MB /   0.50 sec =  170.9316 Mbps     0 retrans   3854 KB-cwnd
[2024-05-27 14:33:12.984612]     8.2500 MB /   0.50 sec =  138.4137 Mbps     0 retrans   3854 KB-cwnd
[2024-05-27 14:33:13.484669]     7.0000 MB /   0.50 sec =  117.4358 Mbps     0 retrans   3854 KB-cwnd
[2024-05-27 14:33:13.984576]     7.2500 MB /   0.50 sec =  121.6380 Mbps     0 retrans   3854 KB-cwnd
[2024-05-27 14:33:14.484674]     7.3125 MB /   0.50 sec =  122.6795 Mbps     0 retrans   3854 KB-cwnd
[2024-05-27 14:33:14.984629]     9.5000 MB /   0.50 sec =  159.3944 Mbps     0 retrans   3854 KB-cwnd
[2024-05-27 14:33:15.484679]     9.4375 MB /   0.50 sec =  158.3207 Mbps     0 retrans   3854 KB-cwnd
[2024-05-27 14:33:15.984636]     8.5625 MB /   0.50 sec =  143.6618 Mbps     0 retrans   3854 KB-cwnd
[2024-05-27 14:33:16.484637]     9.8750 MB /   0.50 sec =  165.6770 Mbps     0 retrans   3854 KB-cwnd
[2024-05-27 14:33:16.984603]     9.3750 MB /   0.50 sec =  157.2908 Mbps     0 retrans   3854 KB-cwnd
[2024-05-27 14:33:17.484625]     9.8125 MB /   0.50 sec =  164.6261 Mbps     0 retrans   3854 KB-cwnd
[2024-05-27 14:33:17.984670]     9.7500 MB /   0.50 sec =  163.5543 Mbps     0 retrans   3854 KB-cwnd
[2024-05-27 14:33:18.484663]     8.2500 MB /   0.50 sec =  138.4234 Mbps     0 retrans   3854 KB-cwnd
[2024-05-27 14:33:18.984609]    10.2500 MB /   0.50 sec =  171.9737 Mbps     0 retrans   4053 KB-cwnd
[2024-05-27 14:33:19.484536]     9.0000 MB /   0.50 sec =  151.0040 Mbps     0 retrans   4074 KB-cwnd
[2024-05-27 14:33:19.984706]     5.6250 MB /   0.50 sec =   94.3513 Mbps     0 retrans   4074 KB-cwnd
[2024-05-27 14:33:20.484626]     6.3750 MB /   0.50 sec =  106.9729 Mbps     0 retrans   4074 KB-cwnd
[2024-05-27 14:33:20.984775]     8.5625 MB /   0.50 sec =  143.6420 Mbps     0 retrans   4074 KB-cwnd
[2024-05-27 14:33:21.484625]     8.8125 MB /   0.50 sec =  147.8622 Mbps     0 retrans   4128 KB-cwnd
[2024-05-27 14:33:21.984615]     8.8750 MB /   0.50 sec =  148.8960 Mbps     0 retrans   4128 KB-cwnd
[2024-05-27 14:33:22.484666]     8.4375 MB /   0.50 sec =  141.5490 Mbps     0 retrans   4128 KB-cwnd
[2024-05-27 14:33:22.984632]     9.1250 MB /   0.50 sec =  153.1004 Mbps     0 retrans   4128 KB-cwnd
[2024-05-27 14:33:23.484635]     7.8750 MB /   0.50 sec =  132.1214 Mbps     0 retrans   4136 KB-cwnd
[2024-05-27 14:33:23.984871]     9.1875 MB /   0.50 sec =  154.1203 Mbps     0 retrans   4136 KB-cwnd
[2024-05-27 14:33:24.484678]     9.8125 MB /   0.50 sec =  164.6426 Mbps     0 retrans   4142 KB-cwnd
[2024-05-27 14:33:24.984547]     8.7500 MB /   0.50 sec =  146.8147 Mbps     0 retrans   4142 KB-cwnd
[2024-05-27 14:33:25.484645]     9.1250 MB /   0.50 sec =  153.0814 Mbps     0 retrans   4142 KB-cwnd
[2024-05-27 14:33:25.984607]     9.0000 MB /   0.50 sec =  150.9992 Mbps     0 retrans   4142 KB-cwnd
[2024-05-27 14:33:26.484585]     9.2500 MB /   0.50 sec =  155.1837 Mbps     0 retrans   4142 KB-cwnd
[2024-05-27 14:33:26.984637]     9.0625 MB /   0.50 sec =  152.0405 Mbps     0 retrans   4142 KB-cwnd
End time: 1716834807050
