Start time: 1717012717892
[2024-05-29 15:59:01.975692] Connecting to host 35.245.244.238, port 5202
[2024-05-29 15:59:01.976291] Reverse mode, remote host 35.245.244.238 is sending
[2024-05-29 15:59:01.976340] [  5] local 10.47.67.187 port 57510 connected to 35.245.244.238 port 5202
[2024-05-29 15:59:01.976375] [ ID] Interval           Transfer     Bitrate         Jitter    Lost/Total Datagrams
[2024-05-29 15:59:01.976409] [  5]   0.00-0.50   sec  7.62 MBytes   128 Mbits/sec  0.225 ms  267769/273478 (98%)  
[2024-05-29 15:59:01.976443] [  5]   0.50-1.00   sec  9.41 MBytes   158 Mbits/sec  0.092 ms  -7046/0 (0%)  
[2024-05-29 15:59:01.976477] [  5]   1.00-1.50   sec  10.8 MBytes   181 Mbits/sec  0.132 ms  -8078/0 (0%)  
[2024-05-29 15:59:01.976509] [  5]   1.50-2.00   sec  14.9 MBytes   250 Mbits/sec  0.074 ms  -11182/0 (0%)  
[2024-05-29 15:59:01.976541] [  5]   2.00-2.50   sec  13.7 MBytes   230 Mbits/sec  0.512 ms  -10278/0 (0%)  
[2024-05-29 15:59:01.976573] [  5]   2.50-3.00   sec  15.7 MBytes   263 Mbits/sec  0.046 ms  -11751/0 (0%)  
[2024-05-29 15:59:01.976604] [  5]   3.00-3.50   sec  16.1 MBytes   271 Mbits/sec  0.015 ms  -12078/0 (0%)  
[2024-05-29 15:59:01.976635] [  5]   3.50-4.00   sec  14.7 MBytes   247 Mbits/sec  0.020 ms  -11011/0 (0%)  
[2024-05-29 15:59:01.976667] [  5]   4.00-4.50   sec  14.5 MBytes   243 Mbits/sec  0.036 ms  -10847/0 (0%)  
[2024-05-29 15:59:01.976698] [  5]   4.50-5.00   sec  11.2 MBytes   188 Mbits/sec  0.220 ms  -8375/0 (0%)  
[2024-05-29 15:59:01.976727] [  5]   5.00-5.50   sec  16.7 MBytes   281 Mbits/sec  0.306 ms  -12528/0 (0%)  
[2024-05-29 15:59:01.976757] [  5]   5.50-6.00   sec  15.4 MBytes   259 Mbits/sec  0.033 ms  -11542/0 (0%)  
[2024-05-29 15:59:01.976789] [  5]   6.00-6.50   sec  15.7 MBytes   263 Mbits/sec  0.045 ms  -11756/0 (0%)  
[2024-05-29 15:59:01.976819] [  5]   6.50-7.00   sec  15.9 MBytes   267 Mbits/sec  0.098 ms  8655/20556 (42%)  
[2024-05-29 15:59:01.976849] [  5]   7.00-7.50   sec  14.1 MBytes   236 Mbits/sec  0.111 ms  10310/20842 (49%)  
[2024-05-29 15:59:01.976880] [  5]   7.50-8.00   sec  16.8 MBytes   281 Mbits/sec  0.040 ms  10865/23425 (46%)  
[2024-05-29 15:59:01.976911] [  5]   8.00-8.50   sec  14.1 MBytes   237 Mbits/sec  0.039 ms  11662/22247 (52%)  
[2024-05-29 15:59:01.976941] [  5]   8.50-9.00   sec  15.2 MBytes   255 Mbits/sec  0.035 ms  10778/22156 (49%)  
[2024-05-29 15:59:01.976971] [  5]   9.00-9.50   sec  14.3 MBytes   239 Mbits/sec  0.049 ms  11184/21870 (51%)  
[2024-05-29 15:59:01.977001] [  5]   9.50-10.00  sec  15.8 MBytes   265 Mbits/sec  0.064 ms  11137/22944 (49%)  
[2024-05-29 15:59:01.977076] [  5]  10.00-10.50  sec  17.2 MBytes   288 Mbits/sec  0.030 ms  9501/22361 (42%)  
[2024-05-29 15:59:01.977106] [  5]  10.50-11.00  sec  18.5 MBytes   310 Mbits/sec  0.125 ms  8313/22138 (38%)  
[2024-05-29 15:59:01.977139] [  5]  11.00-11.50  sec  14.3 MBytes   239 Mbits/sec  0.285 ms  9935/20614 (48%)  
[2024-05-29 15:59:01.977169] [  5]  11.50-12.00  sec  16.3 MBytes   273 Mbits/sec  0.078 ms  10420/22607 (46%)  
[2024-05-29 15:59:01.977199] [  5]  12.00-12.50  sec  16.1 MBytes   271 Mbits/sec  0.051 ms  11435/23522 (49%)  
[2024-05-29 15:59:01.977229] [  5]  12.50-13.00  sec  17.3 MBytes   290 Mbits/sec  0.072 ms  9821/22783 (43%)  
[2024-05-29 15:59:01.977258] [  5]  13.00-13.50  sec  16.2 MBytes   271 Mbits/sec  0.112 ms  10397/22502 (46%)  
[2024-05-29 15:59:01.977288] [  5]  13.50-14.00  sec  15.3 MBytes   256 Mbits/sec  0.036 ms  10581/22014 (48%)  
[2024-05-29 15:59:01.977319] [  5]  14.00-14.50  sec  14.2 MBytes   238 Mbits/sec  0.121 ms  11742/22386 (52%)  
[2024-05-29 15:59:01.977349] [  5]  14.50-15.00  sec  16.0 MBytes   269 Mbits/sec  0.049 ms  10225/22246 (46%)  
[2024-05-29 15:59:01.977378] [  5]  15.00-15.50  sec  17.5 MBytes   294 Mbits/sec  0.010 ms  9227/22353 (41%)  
[2024-05-29 15:59:01.977409] [  5]  15.50-16.00  sec  18.1 MBytes   303 Mbits/sec  0.034 ms  8877/22416 (40%)  
[2024-05-29 15:59:01.977439] [  5]  16.00-16.50  sec  17.3 MBytes   290 Mbits/sec  0.047 ms  9178/22144 (41%)  
[2024-05-29 15:59:01.977469] [  5]  16.50-17.00  sec  16.8 MBytes   283 Mbits/sec  0.084 ms  9934/22550 (44%)  
[2024-05-29 15:59:01.977546] [  5]  17.00-17.50  sec  18.3 MBytes   306 Mbits/sec  0.086 ms  8525/22197 (38%)  
[2024-05-29 15:59:01.977644] [  5]  17.50-18.00  sec  10.5 MBytes   177 Mbits/sec  0.034 ms  13645/21539 (63%)  
[2024-05-29 15:59:01.977717] [  5]  18.00-18.50  sec  13.1 MBytes   219 Mbits/sec  0.248 ms  13289/23082 (58%)  
[2024-05-29 15:59:01.977789] [  5]  18.50-19.00  sec  15.0 MBytes   252 Mbits/sec  0.053 ms  11081/22333 (50%)  
[2024-05-29 15:59:01.977859] [  5]  19.00-19.50  sec  16.4 MBytes   276 Mbits/sec  0.022 ms  10015/22317 (45%)  
[2024-05-29 15:59:01.977931] [  5]  19.50-20.00  sec  15.0 MBytes   251 Mbits/sec  0.019 ms  11146/22365 (50%)  
[2024-05-29 15:59:01.978031] [  5]  20.00-20.50  sec  15.8 MBytes   265 Mbits/sec  0.022 ms  10660/22480 (47%)  
[2024-05-29 15:59:01.978177] [  5]  20.50-21.00  sec  16.4 MBytes   274 Mbits/sec  0.144 ms  9886/22140 (45%)  
[2024-05-29 15:59:01.978256] [  5]  21.00-21.50  sec  14.9 MBytes   250 Mbits/sec  0.196 ms  11317/22465 (50%)  
[2024-05-29 15:59:01.978330] [  5]  21.50-22.00  sec  17.2 MBytes   289 Mbits/sec  0.015 ms  9359/22240 (42%)  
[2024-05-29 15:59:01.978402] [  5]  22.00-22.50  sec  17.4 MBytes   291 Mbits/sec  0.175 ms  8698/21710 (40%)  
[2024-05-29 15:59:01.978472] [  5]  22.50-23.00  sec  15.7 MBytes   264 Mbits/sec  0.036 ms  9873/21662 (46%)  
[2024-05-29 15:59:26.475644] [  5]  23.00-23.50  sec  17.4 MBytes   292 Mbits/sec  0.137 ms  10521/23530 (45%)  
[2024-05-29 15:59:26.475997] [  5]  23.50-24.00  sec  16.4 MBytes   274 Mbits/sec  0.008 ms  9961/22209 (45%)  
[2024-05-29 15:59:26.476126] [  5]  24.00-24.50  sec  11.7 MBytes   197 Mbits/sec  0.099 ms  13612/22407 (61%)  
[2024-05-29 15:59:26.476232] [  5]  24.50-25.00  sec  14.1 MBytes   237 Mbits/sec  0.016 ms  9751/20316 (48%)  
[2024-05-29 15:59:26.476331] [  5]  25.00-25.50  sec  16.7 MBytes   281 Mbits/sec  0.184 ms  11805/24350 (48%)  
[2024-05-29 15:59:26.476429] [  5]  25.50-26.00  sec  16.9 MBytes   284 Mbits/sec  0.178 ms  9518/22187 (43%)  
[2024-05-29 15:59:26.476524] [  5]  26.00-26.50  sec  14.9 MBytes   250 Mbits/sec  0.149 ms  11486/22660 (51%)  
[2024-05-29 15:59:26.476619] [  5]  26.50-27.00  sec  16.7 MBytes   280 Mbits/sec  0.070 ms  9707/22210 (44%)  
[2024-05-29 15:59:26.476714] [  5]  27.00-27.50  sec  12.8 MBytes   215 Mbits/sec  0.016 ms  12764/22373 (57%)  
[2024-05-29 15:59:26.476811] [  5]  27.50-28.00  sec  13.8 MBytes   231 Mbits/sec  0.010 ms  12032/22335 (54%)  
[2024-05-29 15:59:26.476906] [  5]  28.00-28.50  sec  12.7 MBytes   213 Mbits/sec  0.054 ms  12611/22110 (57%)  
[2024-05-29 15:59:26.477000] [  5]  28.50-29.00  sec  13.5 MBytes   227 Mbits/sec  0.169 ms  12318/22452 (55%)  
[2024-05-29 15:59:26.477095] [  5]  29.00-29.50  sec  16.7 MBytes   280 Mbits/sec  0.058 ms  9846/22340 (44%)  
[2024-05-29 15:59:26.477187] [  5]  29.50-30.00  sec  16.1 MBytes   270 Mbits/sec  0.239 ms  10274/22318 (46%)  
[2024-05-29 15:59:26.477283] [  5]  30.00-30.50  sec  17.4 MBytes   291 Mbits/sec  0.033 ms  9149/22163 (41%)  
[2024-05-29 15:59:26.477377] [  5]  30.50-31.00  sec  17.4 MBytes   292 Mbits/sec  0.016 ms  9185/22224 (41%)  
[2024-05-29 15:59:26.477470] [  5]  31.00-31.50  sec  17.9 MBytes   300 Mbits/sec  0.101 ms  9196/22598 (41%)  
[2024-05-29 15:59:26.477564] [  5]  31.50-32.00  sec  16.0 MBytes   268 Mbits/sec  0.105 ms  10194/22179 (46%)  
[2024-05-29 15:59:26.477658] [  5]  32.00-32.50  sec  15.8 MBytes   266 Mbits/sec  0.109 ms  10450/22312 (47%)  
[2024-05-29 15:59:26.477752] [  5]  32.50-33.00  sec  16.0 MBytes   269 Mbits/sec  0.027 ms  10414/22413 (46%)  
[2024-05-29 15:59:26.477847] [  5]  33.00-33.50  sec  16.7 MBytes   281 Mbits/sec  0.039 ms  10055/22584 (45%)  
[2024-05-29 15:59:26.477943] [  5]  33.50-34.00  sec  16.8 MBytes   283 Mbits/sec  0.037 ms  9524/22135 (43%)  
[2024-05-29 15:59:26.478037] [  5]  34.00-34.50  sec  16.2 MBytes   271 Mbits/sec  0.015 ms  10092/22213 (45%)  
[2024-05-29 15:59:26.478241] [  5]  34.50-35.00  sec  16.2 MBytes   272 Mbits/sec  0.137 ms  9430/21567 (44%)  
[2024-05-29 15:59:26.478401] [  5]  35.00-35.50  sec  13.3 MBytes   222 Mbits/sec  0.056 ms  13024/22955 (57%)  
[2024-05-29 15:59:26.478505] [  5]  35.50-36.00  sec  14.9 MBytes   249 Mbits/sec  0.017 ms  10246/21372 (48%)  
[2024-05-29 15:59:26.478605] [  5]  36.00-36.50  sec  18.7 MBytes   313 Mbits/sec  0.036 ms  9092/23066 (39%)  
[2024-05-29 15:59:26.478702] [  5]  36.50-37.00  sec  17.1 MBytes   287 Mbits/sec  0.080 ms  8868/21675 (41%)  
[2024-05-29 15:59:26.478796] [  5]  37.00-37.50  sec  15.7 MBytes   263 Mbits/sec  0.136 ms  11524/23263 (50%)  
[2024-05-29 15:59:26.478890] [  5]  37.50-38.00  sec  15.8 MBytes   265 Mbits/sec  0.128 ms  10253/22064 (46%)  
[2024-05-29 15:59:26.478985] [  5]  38.00-38.50  sec  18.0 MBytes   302 Mbits/sec  0.027 ms  9032/22503 (40%)  
[2024-05-29 15:59:26.479079] [  5]  38.50-39.00  sec  16.7 MBytes   280 Mbits/sec  0.064 ms  9641/22129 (44%)  
[2024-05-29 15:59:26.479178] [  5]  39.00-39.50  sec  15.6 MBytes   262 Mbits/sec  0.121 ms  10921/22598 (48%)  
[2024-05-29 15:59:26.479274] [  5]  39.50-40.00  sec  15.1 MBytes   253 Mbits/sec  0.039 ms  10061/21379 (47%)  
[2024-05-29 15:59:26.479370] [  5]  40.00-40.50  sec  15.1 MBytes   253 Mbits/sec  0.119 ms  10537/21816 (48%)  
[2024-05-29 15:59:26.479466] [  5]  40.50-41.00  sec  17.9 MBytes   300 Mbits/sec  0.400 ms  9817/23227 (42%)  
[2024-05-29 15:59:26.479562] [  5]  41.00-41.50  sec  16.5 MBytes   276 Mbits/sec  0.063 ms  9357/21693 (43%)  
[2024-05-29 15:59:26.479659] [  5]  41.50-42.00  sec  17.3 MBytes   291 Mbits/sec  0.189 ms  10734/23728 (45%)  
[2024-05-29 15:59:26.479754] [  5]  42.00-42.50  sec  16.1 MBytes   269 Mbits/sec  0.048 ms  10213/22243 (46%)  
[2024-05-29 15:59:26.479848] [  5]  42.50-43.00  sec  16.4 MBytes   275 Mbits/sec  0.104 ms  9866/22131 (45%)  
[2024-05-29 15:59:26.479946] [  5]  43.00-43.50  sec  16.3 MBytes   274 Mbits/sec  0.012 ms  10311/22551 (46%)  
[2024-05-29 15:59:26.480041] [  5]  43.50-44.00  sec  14.7 MBytes   247 Mbits/sec  0.044 ms  11556/22581 (51%)  
[2024-05-29 15:59:26.480137] [  5]  44.00-44.50  sec  18.4 MBytes   309 Mbits/sec  0.044 ms  8193/21966 (37%)  
[2024-05-29 15:59:26.480233] [  5]  44.50-45.00  sec  17.4 MBytes   292 Mbits/sec  0.015 ms  9167/22186 (41%)  
[2024-05-29 15:59:26.480330] [  5]  45.00-45.50  sec  15.8 MBytes   266 Mbits/sec  0.207 ms  10554/22416 (47%)  
[2024-05-29 15:59:26.480425] [  5]  45.50-46.00  sec  15.7 MBytes   263 Mbits/sec  0.042 ms  10543/22288 (47%)  
[2024-05-29 15:59:26.480523] [  5]  46.00-46.50  sec  15.8 MBytes   265 Mbits/sec  0.072 ms  10695/22505 (48%)  
[2024-05-29 15:59:26.480620] [  5]  46.50-47.00  sec  16.0 MBytes   269 Mbits/sec  0.011 ms  10122/22134 (46%)  
[2024-05-29 15:59:26.480716] [  5]  47.00-47.50  sec  16.8 MBytes   283 Mbits/sec  0.030 ms  9967/22580 (44%)  
[2024-05-29 15:59:50.975656] [  5]  47.50-48.00  sec  15.3 MBytes   256 Mbits/sec  0.104 ms  10588/22019 (48%)  
[2024-05-29 15:59:50.976154] [  5]  48.00-48.50  sec  13.8 MBytes   231 Mbits/sec  0.027 ms  11995/22297 (54%)  
[2024-05-29 15:59:50.976282] [  5]  48.50-49.00  sec  17.2 MBytes   288 Mbits/sec  0.215 ms  9340/22187 (42%)  
[2024-05-29 15:59:50.976389] [  5]  49.00-49.50  sec  16.2 MBytes   271 Mbits/sec  0.020 ms  10659/22780 (47%)  
[2024-05-29 15:59:50.976466] [  5]  49.50-50.00  sec  16.2 MBytes   271 Mbits/sec  0.152 ms  9889/21991 (45%)  
[2024-05-29 15:59:50.976531] [  5]  50.00-50.50  sec  14.9 MBytes   249 Mbits/sec  0.043 ms  10481/21607 (49%)  
[2024-05-29 15:59:50.976595] [  5]  50.50-51.00  sec  15.7 MBytes   263 Mbits/sec  0.056 ms  11188/22940 (49%)  
[2024-05-29 15:59:50.976658] [  5]  51.00-51.50  sec  16.2 MBytes   272 Mbits/sec  0.566 ms  10300/22449 (46%)  
[2024-05-29 15:59:50.976721] [  5]  51.50-52.00  sec  16.6 MBytes   278 Mbits/sec  0.230 ms  9965/22386 (45%)  
[2024-05-29 15:59:50.976783] [  5]  52.00-52.50  sec  17.5 MBytes   293 Mbits/sec  0.074 ms  9347/22422 (42%)  
[2024-05-29 15:59:50.976845] [  5]  52.50-53.00  sec  13.4 MBytes   225 Mbits/sec  0.059 ms  11002/21054 (52%)  
[2024-05-29 15:59:50.976927] [  5]  53.00-53.50  sec  16.9 MBytes   284 Mbits/sec  0.129 ms  10839/23516 (46%)  
[2024-05-29 15:59:50.976992] [  5]  53.50-54.00  sec  16.7 MBytes   279 Mbits/sec  0.063 ms  9911/22389 (44%)  
[2024-05-29 15:59:50.977055] [  5]  54.00-54.50  sec  16.5 MBytes   277 Mbits/sec  0.057 ms  9220/21565 (43%)  
[2024-05-29 15:59:50.977118] [  5]  54.50-55.00  sec  11.9 MBytes   200 Mbits/sec  0.115 ms  13994/22922 (61%)  
[2024-05-29 15:59:50.977179] [  5]  55.00-55.50  sec  12.8 MBytes   215 Mbits/sec  0.041 ms  11316/20927 (54%)  
[2024-05-29 15:59:50.977240] [  5]  55.50-56.00  sec  9.61 MBytes   161 Mbits/sec  0.218 ms  16005/23205 (69%)  
[2024-05-29 15:59:50.977302] [  5]  56.00-56.50  sec  15.6 MBytes   261 Mbits/sec  0.060 ms  11150/22797 (49%)  
[2024-05-29 15:59:50.977365] [  5]  56.50-57.00  sec  17.8 MBytes   299 Mbits/sec  0.152 ms  8807/22141 (40%)  
[2024-05-29 15:59:50.977429] [  5]  57.00-57.50  sec  16.5 MBytes   276 Mbits/sec  0.012 ms  10378/22707 (46%)  
[2024-05-29 15:59:50.977493] [  5]  57.50-58.00  sec  18.1 MBytes   303 Mbits/sec  0.033 ms  8823/22351 (39%)  
[2024-05-29 15:59:50.977553] [  5]  58.00-58.50  sec  16.9 MBytes   284 Mbits/sec  0.139 ms  9033/21726 (42%)  
[2024-05-29 15:59:50.977615] [  5]  58.50-59.00  sec  16.3 MBytes   274 Mbits/sec  0.188 ms  10668/22875 (47%)  
[2024-05-29 15:59:50.977676] [  5]  59.00-59.50  sec  16.1 MBytes   270 Mbits/sec  0.101 ms  10201/22241 (46%)  
[2024-05-29 15:59:50.977737] [  5]  59.50-60.00  sec  17.2 MBytes   288 Mbits/sec  0.286 ms  9138/22007 (42%)  
[2024-05-29 15:59:50.977797] [  5]  60.00-60.50  sec  15.5 MBytes   261 Mbits/sec  0.013 ms  11086/22732 (49%)  
[2024-05-29 15:59:50.977861] [  5]  60.50-61.00  sec  15.4 MBytes   258 Mbits/sec  0.045 ms  10545/22082 (48%)  
[2024-05-29 15:59:50.977923] [  5]  61.00-61.50  sec  16.3 MBytes   274 Mbits/sec  0.032 ms  10203/22414 (46%)  
[2024-05-29 15:59:50.977984] [  5]  61.50-62.00  sec  16.2 MBytes   272 Mbits/sec  0.077 ms  9572/21725 (44%)  
[2024-05-29 15:59:50.978044] [  5]  62.00-62.50  sec  16.4 MBytes   276 Mbits/sec  0.060 ms  10912/23229 (47%)  
[2024-05-29 15:59:50.978160] [  5]  62.50-63.00  sec  17.1 MBytes   288 Mbits/sec  0.026 ms  9916/22761 (44%)  
[2024-05-29 15:59:50.978233] [  5]  63.00-63.50  sec  15.7 MBytes   264 Mbits/sec  0.009 ms  9842/21626 (46%)  
[2024-05-29 15:59:50.978295] [  5]  63.50-64.00  sec  15.1 MBytes   253 Mbits/sec  0.292 ms  10942/22257 (49%)  
[2024-05-29 15:59:50.978376] [  5]  64.00-64.50  sec  15.3 MBytes   257 Mbits/sec  0.129 ms  10573/22032 (48%)  
[2024-05-29 15:59:50.978436] [  5]  64.50-65.00  sec  16.3 MBytes   274 Mbits/sec  0.136 ms  10691/22935 (47%)  
[2024-05-29 15:59:50.978497] [  5]  65.00-65.50  sec  16.4 MBytes   275 Mbits/sec  0.057 ms  9128/21401 (43%)  
[2024-05-29 15:59:50.978558] [  5]  65.50-66.00  sec  16.6 MBytes   278 Mbits/sec  0.072 ms  10124/22520 (45%)  
[2024-05-29 15:59:50.978618] [  5]  66.00-66.50  sec  15.4 MBytes   258 Mbits/sec  0.244 ms  11012/22543 (49%)  
[2024-05-29 15:59:50.978680] [  5]  66.50-67.00  sec  15.5 MBytes   260 Mbits/sec  0.262 ms  10680/22295 (48%)  
[2024-05-29 15:59:50.978741] [  5]  67.00-67.50  sec  16.4 MBytes   275 Mbits/sec  0.073 ms  10074/22340 (45%)  
[2024-05-29 15:59:50.978802] [  5]  67.50-68.00  sec  18.0 MBytes   301 Mbits/sec  0.028 ms  9123/22571 (40%)  
[2024-05-29 15:59:50.978863] [  5]  68.00-68.50  sec  15.1 MBytes   253 Mbits/sec  0.217 ms  11189/22478 (50%)  
[2024-05-29 15:59:50.978923] [  5]  68.50-69.00  sec  13.7 MBytes   230 Mbits/sec  0.059 ms  11772/22047 (53%)  
[2024-05-29 15:59:50.978986] [  5]  69.00-69.50  sec  15.0 MBytes   252 Mbits/sec  0.027 ms  10672/21907 (49%)  
[2024-05-29 15:59:50.979048] [  5]  69.50-70.00  sec  15.9 MBytes   267 Mbits/sec  0.012 ms  10750/22683 (47%)  
[2024-05-29 15:59:50.979108] [  5]  70.00-70.50  sec  14.8 MBytes   248 Mbits/sec  0.214 ms  11359/22422 (51%)  
[2024-05-29 15:59:50.979170] [  5]  70.50-71.00  sec  16.9 MBytes   284 Mbits/sec  0.066 ms  9602/22268 (43%)  
[2024-05-29 15:59:50.979230] [  5]  71.00-71.50  sec  14.8 MBytes   248 Mbits/sec  0.140 ms  11646/22698 (51%)  
[2024-05-29 15:59:50.979300] [  5]  71.50-72.00  sec  15.1 MBytes   254 Mbits/sec  0.200 ms  10521/21852 (48%)  
[2024-05-29 16:00:15.475669] [  5]  72.00-72.50  sec  13.2 MBytes   222 Mbits/sec  0.351 ms  12450/22347 (56%)  
[2024-05-29 16:00:15.478494] [  5]  72.50-73.00  sec  16.9 MBytes   283 Mbits/sec  0.163 ms  9870/22526 (44%)  
[2024-05-29 16:00:15.478645] [  5]  73.00-73.50  sec  15.7 MBytes   263 Mbits/sec  0.084 ms  10811/22547 (48%)  
[2024-05-29 16:00:15.478756] [  5]  73.50-74.00  sec  16.1 MBytes   270 Mbits/sec  0.029 ms  9960/21999 (45%)  
[2024-05-29 16:00:15.478869] [  5]  74.00-74.50  sec  16.7 MBytes   280 Mbits/sec  0.016 ms  9249/21733 (43%)  
[2024-05-29 16:00:15.478968] [  5]  74.50-75.00  sec  13.9 MBytes   232 Mbits/sec  0.120 ms  12168/22542 (54%)  
[2024-05-29 16:00:15.479067] [  5]  75.00-75.50  sec  13.7 MBytes   230 Mbits/sec  0.040 ms  12471/22721 (55%)  
[2024-05-29 16:00:15.479164] [  5]  75.50-76.00  sec  13.7 MBytes   229 Mbits/sec  0.013 ms  12222/22453 (54%)  
[2024-05-29 16:00:15.479261] [  5]  76.00-76.50  sec  15.1 MBytes   253 Mbits/sec  0.041 ms  11116/22428 (50%)  
[2024-05-29 16:00:15.479362] [  5]  76.50-77.00  sec  11.9 MBytes   199 Mbits/sec  0.037 ms  12913/21795 (59%)  
[2024-05-29 16:00:15.479459] [  5]  77.00-77.50  sec  14.1 MBytes   236 Mbits/sec  0.020 ms  9967/20506 (49%)  
[2024-05-29 16:00:15.479554] [  5]  77.50-78.00  sec  16.0 MBytes   268 Mbits/sec  0.498 ms  12352/24305 (51%)  
[2024-05-29 16:00:15.479651] [  5]  78.00-78.50  sec  18.3 MBytes   306 Mbits/sec  0.045 ms  8830/22505 (39%)  
[2024-05-29 16:00:15.479747] [  5]  78.50-79.00  sec  15.5 MBytes   261 Mbits/sec  0.015 ms  10480/22126 (47%)  
[2024-05-29 16:00:15.479845] [  5]  79.00-79.50  sec  17.1 MBytes   286 Mbits/sec  0.016 ms  9845/22626 (44%)  
[2024-05-29 16:00:15.479939] [  5]  79.50-80.00  sec  14.9 MBytes   250 Mbits/sec  0.019 ms  10923/22070 (49%)  
[2024-05-29 16:00:15.480038] [  5]  80.00-80.50  sec  15.5 MBytes   260 Mbits/sec  0.075 ms  10800/22423 (48%)  
[2024-05-29 16:00:15.480133] [  5]  80.50-81.00  sec  17.3 MBytes   291 Mbits/sec  0.024 ms  9180/22152 (41%)  
[2024-05-29 16:00:15.480228] [  5]  81.00-81.50  sec  14.8 MBytes   249 Mbits/sec  0.085 ms  10479/21592 (49%)  
[2024-05-29 16:00:15.480325] [  5]  81.50-82.00  sec  16.0 MBytes   269 Mbits/sec  0.058 ms  11322/23329 (49%)  
[2024-05-29 16:00:15.480420] [  5]  82.00-82.50  sec  14.7 MBytes   246 Mbits/sec  0.136 ms  11041/22019 (50%)  
[2024-05-29 16:00:15.480514] [  5]  82.50-83.00  sec  15.1 MBytes   253 Mbits/sec  0.111 ms  10999/22293 (49%)  
[2024-05-29 16:00:15.480609] [  5]  83.00-83.50  sec  17.0 MBytes   285 Mbits/sec  0.059 ms  9701/22416 (43%)  
[2024-05-29 16:00:15.480704] [  5]  83.50-84.00  sec  17.4 MBytes   292 Mbits/sec  0.135 ms  9465/22533 (42%)  
[2024-05-29 16:00:15.480804] [  5]  84.00-84.50  sec  14.6 MBytes   245 Mbits/sec  0.041 ms  11551/22470 (51%)  
[2024-05-29 16:00:15.480899] [  5]  84.50-85.00  sec  14.8 MBytes   248 Mbits/sec  0.033 ms  9652/20729 (47%)  
[2024-05-29 16:00:15.480995] [  5]  85.00-85.50  sec  14.6 MBytes   244 Mbits/sec  0.023 ms  11978/22886 (52%)  
[2024-05-29 16:00:15.481090] [  5]  85.50-86.00  sec  15.4 MBytes   259 Mbits/sec  0.053 ms  11640/23210 (50%)  
[2024-05-29 16:00:15.481189] [  5]  86.00-86.50  sec  13.1 MBytes   219 Mbits/sec  0.072 ms  12505/22285 (56%)  
[2024-05-29 16:00:15.481284] [  5]  86.50-87.00  sec  15.3 MBytes   257 Mbits/sec  0.029 ms  10591/22063 (48%)  
[2024-05-29 16:00:15.481378] [  5]  87.00-87.50  sec  15.7 MBytes   263 Mbits/sec  0.594 ms  8837/20579 (43%)  
[2024-05-29 16:00:15.481472] [  5]  87.50-88.00  sec  13.2 MBytes   222 Mbits/sec  0.210 ms  14073/23962 (59%)  
[2024-05-29 16:00:15.481568] [  5]  88.00-88.50  sec  15.4 MBytes   259 Mbits/sec  0.231 ms  10997/22566 (49%)  
[2024-05-29 16:00:15.481664] [  5]  88.50-89.00  sec  14.6 MBytes   244 Mbits/sec  0.072 ms  10318/21220 (49%)  
[2024-05-29 16:00:15.481758] [  5]  89.00-89.50  sec  16.7 MBytes   281 Mbits/sec  0.034 ms  11139/23668 (47%)  
[2024-05-29 16:00:15.481879] [  5]  89.50-90.00  sec  15.2 MBytes   255 Mbits/sec  0.058 ms  10749/22113 (49%)  
[2024-05-29 16:00:15.481980] [  5]  90.00-90.50  sec  18.0 MBytes   302 Mbits/sec  0.051 ms  8767/22253 (39%)  
[2024-05-29 16:00:15.482077] [  5]  90.50-91.00  sec  14.7 MBytes   246 Mbits/sec  0.573 ms  10710/21707 (49%)  
[2024-05-29 16:00:15.482237] [  5]  91.00-91.50  sec  16.2 MBytes   272 Mbits/sec  0.203 ms  10861/22994 (47%)  
[2024-05-29 16:00:15.482339] [  5]  91.50-92.00  sec  16.3 MBytes   274 Mbits/sec  0.025 ms  10274/22505 (46%)  
[2024-05-29 16:00:15.482436] [  5]  92.00-92.50  sec  14.7 MBytes   246 Mbits/sec  0.050 ms  11414/22407 (51%)  
[2024-05-29 16:00:15.482533] [  5]  92.50-93.00  sec  15.2 MBytes   255 Mbits/sec  0.049 ms  10687/22053 (48%)  
[2024-05-29 16:00:15.482629] [  5]  93.00-93.50  sec  13.9 MBytes   234 Mbits/sec  0.136 ms  11906/22351 (53%)  
[2024-05-29 16:00:15.482727] [  5]  93.50-94.00  sec  13.7 MBytes   230 Mbits/sec  0.173 ms  11221/21479 (52%)  
[2024-05-29 16:00:15.482821] [  5]  94.00-94.50  sec  13.4 MBytes   225 Mbits/sec  0.053 ms  12820/22852 (56%)  
[2024-05-29 16:00:15.482918] [  5]  94.50-95.00  sec  16.8 MBytes   283 Mbits/sec  0.016 ms  9828/22447 (44%)  
[2024-05-29 16:00:15.483014] [  5]  95.00-95.50  sec  14.4 MBytes   242 Mbits/sec  0.172 ms  11305/22105 (51%)  
[2024-05-29 16:00:15.483110] [  5]  95.50-96.00  sec  15.7 MBytes   264 Mbits/sec  0.082 ms  10788/22555 (48%)  
[2024-05-29 16:00:15.483205] [  5]  96.00-96.50  sec  14.3 MBytes   240 Mbits/sec  0.067 ms  10063/20758 (48%)  
[2024-05-29 16:00:39.393524] [  5]  96.50-97.00  sec  15.5 MBytes   260 Mbits/sec  0.066 ms  12402/24022 (52%)  
[2024-05-29 16:00:39.402448] [  5]  97.00-97.50  sec  13.5 MBytes   226 Mbits/sec  0.079 ms  10899/20982 (52%)  
[2024-05-29 16:00:39.402511] [  5]  97.50-98.00  sec  15.3 MBytes   257 Mbits/sec  0.055 ms  11534/23006 (50%)  
[2024-05-29 16:00:39.402537] [  5]  98.00-98.50  sec  15.7 MBytes   264 Mbits/sec  0.033 ms  11166/22955 (49%)  
[2024-05-29 16:00:39.402560] [  5]  98.50-99.00  sec  16.2 MBytes   272 Mbits/sec  0.027 ms  10020/22144 (45%)  
[2024-05-29 16:00:39.402583] [  5]  99.00-99.50  sec  18.0 MBytes   302 Mbits/sec  0.049 ms  9034/22516 (40%)  
[2024-05-29 16:00:39.402605] [  5]  99.50-100.00 sec  14.6 MBytes   245 Mbits/sec  0.320 ms  11046/21977 (50%)  
[2024-05-29 16:00:39.402630] [  5] 100.00-100.50 sec  14.2 MBytes   238 Mbits/sec  0.011 ms  11905/22553 (53%)  
[2024-05-29 16:00:39.402652] [  5] 100.50-101.00 sec  16.2 MBytes   272 Mbits/sec  0.027 ms  10318/22477 (46%)  
[2024-05-29 16:00:39.402674] [  5] 101.00-101.50 sec  15.6 MBytes   261 Mbits/sec  0.060 ms  10751/22403 (48%)  
[2024-05-29 16:00:39.402698] [  5] 101.50-102.00 sec  14.0 MBytes   235 Mbits/sec  0.052 ms  11633/22134 (53%)  
[2024-05-29 16:00:39.402721] [  5] 102.00-102.50 sec  16.0 MBytes   269 Mbits/sec  0.052 ms  10529/22546 (47%)  
[2024-05-29 16:00:39.402754] [  5] 102.50-103.00 sec  16.9 MBytes   283 Mbits/sec  0.253 ms  9617/22242 (43%)  
[2024-05-29 16:00:39.402777] [  5] 103.00-103.50 sec  17.9 MBytes   301 Mbits/sec  0.095 ms  9017/22455 (40%)  
[2024-05-29 16:00:39.402800] [  5] 103.50-104.00 sec  14.3 MBytes   240 Mbits/sec  0.015 ms  11001/21720 (51%)  
[2024-05-29 16:00:39.402823] [  5] 104.00-104.50 sec  17.5 MBytes   294 Mbits/sec  0.057 ms  9882/23007 (43%)  
[2024-05-29 16:00:39.402845] [  5] 104.50-105.00 sec  13.5 MBytes   227 Mbits/sec  0.156 ms  12113/22252 (54%)  
[2024-05-29 16:00:39.402867] [  5] 105.00-105.50 sec  17.0 MBytes   285 Mbits/sec  0.049 ms  9730/22451 (43%)  
[2024-05-29 16:00:39.402915] [  5] 105.50-106.00 sec  14.2 MBytes   239 Mbits/sec  0.009 ms  10968/21631 (51%)  
[2024-05-29 16:00:39.402957] [  5] 106.00-106.50 sec  11.2 MBytes   188 Mbits/sec  0.056 ms  12942/21341 (61%)  
[2024-05-29 16:00:39.402999] [  5] 106.50-107.00 sec  13.5 MBytes   226 Mbits/sec  0.079 ms  13440/23534 (57%)  
[2024-05-29 16:00:39.403040] [  5] 107.00-107.50 sec  14.4 MBytes   242 Mbits/sec  0.019 ms  9145/19928 (46%)  
[2024-05-29 16:00:39.403082] [  5] 107.50-108.00 sec  18.8 MBytes   316 Mbits/sec  0.078 ms  10788/24893 (43%)  
[2024-05-29 16:00:39.403124] [  5] 108.00-108.50 sec  16.1 MBytes   270 Mbits/sec  0.255 ms  10392/22455 (46%)  
[2024-05-29 16:00:39.403148] [  5] 108.50-109.00 sec  17.1 MBytes   286 Mbits/sec  0.060 ms  9304/22093 (42%)  
[2024-05-29 16:00:39.403170] [  5] 109.00-109.50 sec  15.4 MBytes   258 Mbits/sec  0.093 ms  10975/22477 (49%)  
[2024-05-29 16:00:39.403191] [  5] 109.50-110.00 sec  12.6 MBytes   212 Mbits/sec  0.061 ms  12264/21733 (56%)  
[2024-05-29 16:00:39.403213] [  5] 110.00-110.50 sec  11.0 MBytes   185 Mbits/sec  0.157 ms  14756/22992 (64%)  
[2024-05-29 16:00:39.403235] [  5] 110.50-111.00 sec  14.4 MBytes   242 Mbits/sec  0.173 ms  11634/22449 (52%)  
[2024-05-29 16:00:39.403256] [  5] 111.00-111.50 sec  16.5 MBytes   277 Mbits/sec  0.059 ms  9707/22060 (44%)  
[2024-05-29 16:00:39.403278] [  5] 111.50-112.00 sec  12.6 MBytes   211 Mbits/sec  0.016 ms  12493/21896 (57%)  
[2024-05-29 16:00:39.403300] [  5] 112.00-112.50 sec  13.8 MBytes   232 Mbits/sec  0.022 ms  12620/22989 (55%)  
[2024-05-29 16:00:39.403433] [  5] 112.50-113.00 sec  12.3 MBytes   207 Mbits/sec  0.211 ms  13165/22384 (59%)  
[2024-05-29 16:00:39.403454] [  5] 113.00-113.50 sec  12.9 MBytes   217 Mbits/sec  0.056 ms  11796/21480 (55%)  
[2024-05-29 16:00:39.403476] [  5] 113.50-114.00 sec  16.3 MBytes   274 Mbits/sec  0.100 ms  10880/23119 (47%)  
[2024-05-29 16:00:39.403498] [  5] 114.00-114.50 sec  14.7 MBytes   247 Mbits/sec  0.283 ms  10722/21740 (49%)  
[2024-05-29 16:00:39.403519] [  5] 114.50-115.00 sec  15.9 MBytes   267 Mbits/sec  0.247 ms  10391/22306 (47%)  
[2024-05-29 16:00:39.403543] [  5] 115.00-115.50 sec  16.5 MBytes   278 Mbits/sec  0.136 ms  10422/22811 (46%)  
[2024-05-29 16:00:39.403564] [  5] 115.50-116.00 sec  12.5 MBytes   210 Mbits/sec  0.402 ms  9961/19355 (51%)  
[2024-05-29 16:00:39.403585] [  5] 116.00-116.50 sec  10.7 MBytes   180 Mbits/sec  0.105 ms  15664/23703 (66%)  
[2024-05-29 16:00:39.403607] [  5] 116.50-117.00 sec  10.9 MBytes   183 Mbits/sec  0.109 ms  15285/23449 (65%)  
[2024-05-29 16:00:39.403627] [  5] 117.00-117.50 sec  13.2 MBytes   222 Mbits/sec  0.075 ms  12216/22106 (55%)  
[2024-05-29 16:00:39.403649] [  5] 117.50-118.00 sec  16.1 MBytes   270 Mbits/sec  0.133 ms  10778/22828 (47%)  
[2024-05-29 16:00:39.403670] [  5] 118.00-118.50 sec  17.4 MBytes   291 Mbits/sec  0.123 ms  8170/21173 (39%)  
[2024-05-29 16:00:39.403691] [  5] 118.50-119.00 sec  15.2 MBytes   255 Mbits/sec  0.065 ms  11993/23357 (51%)  
[2024-05-29 16:00:39.403714] [  5] 119.00-119.50 sec  15.9 MBytes   266 Mbits/sec  0.101 ms  9145/21040 (43%)  
[2024-05-29 16:00:39.403735] [  5] 119.50-120.00 sec  16.7 MBytes   281 Mbits/sec  0.030 ms  11231/23754 (47%)  
[2024-05-29 16:00:39.403757] - - - - - - - - - - - - - - - - - - - - - - - - -
[2024-05-29 16:00:39.403778] [ ID] Interval           Transfer     Bitrate         Jitter    Lost/Total Datagrams
[2024-05-29 16:00:39.403807] [  5]   0.00-120.21 sec  7.00 GBytes   500 Mbits/sec  0.000 ms  0/5366577 (0%)  sender
[2024-05-29 16:00:39.403830] [SUM]  0.0-120.2 sec  133032 datagrams received out-of-order
[2024-05-29 16:00:39.403852] [  5]   0.00-120.00 sec  3.61 GBytes   259 Mbits/sec  0.030 ms  2566460/5338358 (48%)  receiver
[2024-05-29 16:00:39.403874] 
[2024-05-29 16:00:39.403916] iperf Done.
End time: 1717012839418
