Start time: 1716937692439
[2024-05-28 19:08:35.813672] Connecting to host 35.245.244.238, port 5203
[2024-05-28 19:08:35.814540] Reverse mode, remote host 35.245.244.238 is sending
[2024-05-28 19:08:35.814634] [  5] local 192.168.1.22 port 59229 connected to 35.245.244.238 port 5203
[2024-05-28 19:08:35.814700] [ ID] Interval           Transfer     Bitrate         Jitter    Lost/Total Datagrams
[2024-05-28 19:08:35.814772] [  5]   0.00-0.50   sec   179 KBytes  2.93 Mbits/sec  1.350 ms  19837/19968 (99%)  
[2024-05-28 19:08:35.814830] [  5]   0.50-1.00   sec   377 KBytes  6.18 Mbits/sec  1.498 ms  23568/23844 (99%)  
[2024-05-28 19:08:35.814883] [  5]   1.00-1.50   sec  2.66 MBytes  44.6 Mbits/sec  0.412 ms  19247/21240 (91%)  
[2024-05-28 19:08:35.814937] [  5]   1.50-2.00   sec  5.67 MBytes  95.1 Mbits/sec  0.600 ms  19074/23318 (82%)  
[2024-05-28 19:08:35.815000] [  5]   2.00-2.50   sec  1.58 MBytes  26.4 Mbits/sec  0.034 ms  20608/21788 (95%)  
[2024-05-28 19:08:35.815053] [  5]   2.50-3.00   sec  5.30 MBytes  88.9 Mbits/sec  0.362 ms  18742/22712 (83%)  
[2024-05-28 19:08:35.815107] [  5]   3.00-3.50   sec  6.53 MBytes   110 Mbits/sec  0.199 ms  17015/21908 (78%)  
[2024-05-28 19:08:35.815159] [  5]   3.50-4.00   sec  8.79 MBytes   148 Mbits/sec  0.374 ms  16997/23582 (72%)  
[2024-05-28 19:08:35.815212] [  5]   4.00-4.50   sec  4.52 MBytes  75.9 Mbits/sec  0.293 ms  17941/21330 (84%)  
[2024-05-28 19:08:35.815263] [  5]   4.50-5.00   sec  2.91 MBytes  48.9 Mbits/sec  0.743 ms  20466/22648 (90%)  
[2024-05-28 19:08:35.815314] [  5]   5.00-5.50   sec   286 KBytes  4.68 Mbits/sec  1.141 ms  21189/21398 (99%)  
[2024-05-28 19:08:35.815369] [  5]   5.50-6.00   sec   232 KBytes  3.81 Mbits/sec  1.288 ms  22020/22190 (99%)  
[2024-05-28 19:08:35.815423] [  5]   6.00-6.50   sec   206 KBytes  3.38 Mbits/sec  1.821 ms  21634/21785 (99%)  
[2024-05-28 19:08:35.815480] [  5]   6.50-7.00   sec  2.51 MBytes  42.1 Mbits/sec  1.812 ms  21367/23244 (92%)  
[2024-05-28 19:08:35.815533] [  5]   7.00-7.50   sec  1.46 MBytes  24.6 Mbits/sec  0.064 ms  20656/21753 (95%)  
[2024-05-28 19:08:35.815585] [  5]   7.50-8.00   sec  1.36 MBytes  22.8 Mbits/sec  1.165 ms  22614/23632 (96%)  
[2024-05-28 19:08:35.815637] [  5]   8.00-8.50   sec   700 KBytes  11.5 Mbits/sec  0.957 ms  20190/20702 (98%)  
[2024-05-28 19:08:35.815687] [  5]   8.50-9.00   sec   178 KBytes  2.91 Mbits/sec  2.243 ms  23831/23961 (99%)  
[2024-05-28 19:08:35.815738] [  5]   9.00-9.50   sec   170 KBytes  2.78 Mbits/sec  1.476 ms  20726/20850 (99%)  
[2024-05-28 19:08:35.815792] [  5]   9.50-10.00  sec   175 KBytes  2.87 Mbits/sec  3.445 ms  23130/23258 (99%)  
[2024-05-28 19:08:35.815846] [  5]  10.00-10.50  sec  2.43 MBytes  40.8 Mbits/sec  0.029 ms  19655/21478 (92%)  
[2024-05-28 19:08:35.815897] [  5]  10.50-11.00  sec  2.49 MBytes  41.8 Mbits/sec  1.583 ms  21868/23735 (92%)  
[2024-05-28 19:08:35.815947] [  5]  11.00-11.50  sec  2.75 MBytes  46.1 Mbits/sec  0.337 ms  19498/21555 (90%)  
[2024-05-28 19:08:35.815995] [  5]  11.50-12.00  sec   524 KBytes  8.58 Mbits/sec  2.082 ms  22780/23163 (98%)  
[2024-05-28 19:08:35.816045] [  5]  12.00-12.50  sec   150 KBytes  2.46 Mbits/sec  2.238 ms  21128/21238 (99%)  
[2024-05-28 19:08:35.816095] [  5]  12.50-13.00  sec   153 KBytes  2.51 Mbits/sec  2.332 ms  22351/22463 (1e+02%)  
[2024-05-28 19:08:35.816147] [  5]  13.00-13.50  sec  75.2 KBytes  1.23 Mbits/sec  2.300 ms  20398/20453 (1e+02%)  
[2024-05-28 19:08:35.816201] [  5]  13.50-14.00  sec  45.1 KBytes   740 Kbits/sec  4.678 ms  25507/25540 (1e+02%)  
[2024-05-28 19:08:35.816253] [  5]  14.00-14.50  sec  4.56 MBytes  76.6 Mbits/sec  0.117 ms  18659/22078 (85%)  
[2024-05-28 19:08:35.816307] [  5]  14.50-15.00  sec  4.79 MBytes  80.3 Mbits/sec  0.394 ms  19058/22644 (84%)  
[2024-05-28 19:08:35.816357] [  5]  15.00-15.50  sec  2.81 MBytes  47.2 Mbits/sec  1.767 ms  20072/22179 (91%)  
[2024-05-28 19:08:35.816408] [  5]  15.50-16.00  sec   316 KBytes  5.17 Mbits/sec  1.009 ms  21773/22004 (99%)  
[2024-05-28 19:08:35.816457] [  5]  16.00-16.50  sec   287 KBytes  4.70 Mbits/sec  0.265 ms  22603/22813 (99%)  
[2024-05-28 19:08:35.816537] [  5]  16.50-17.00  sec  6.03 MBytes   101 Mbits/sec  0.032 ms  17829/22347 (80%)  
[2024-05-28 19:08:35.816596] [  5]  17.00-17.50  sec  9.38 MBytes   157 Mbits/sec  0.269 ms  15101/22130 (68%)  
[2024-05-28 19:08:35.816645] [  5]  17.50-18.00  sec  6.40 MBytes   107 Mbits/sec  0.755 ms  17704/22496 (79%)  
[2024-05-28 19:08:35.816694] [  5]  18.00-18.50  sec  3.64 MBytes  61.0 Mbits/sec  0.118 ms  19598/22322 (88%)  
[2024-05-28 19:08:35.816744] [  5]  18.50-19.00  sec  5.68 MBytes  95.3 Mbits/sec  0.547 ms  18071/22324 (81%)  
[2024-05-28 19:08:35.816794] [  5]  19.00-19.50  sec  6.69 MBytes   112 Mbits/sec  0.094 ms  17133/22140 (77%)  
[2024-05-28 19:08:35.816843] [  5]  19.50-20.00  sec  5.34 MBytes  89.6 Mbits/sec  0.012 ms  18516/22514 (82%)  
[2024-05-28 19:08:35.816893] [  5]  20.00-20.50  sec  9.86 MBytes   165 Mbits/sec  0.056 ms  14936/22320 (67%)  
[2024-05-28 19:08:35.816946] [  5]  20.50-21.00  sec  11.2 MBytes   188 Mbits/sec  0.028 ms  13924/22316 (62%)  
[2024-05-28 19:08:35.816995] [  5]  21.00-21.50  sec  1.44 MBytes  24.1 Mbits/sec  0.833 ms  21291/22367 (95%)  
[2024-05-28 19:08:35.817044] [  5]  21.50-22.00  sec   265 KBytes  4.35 Mbits/sec  1.733 ms  21322/21516 (99%)  
[2024-05-28 19:08:35.817093] [  5]  22.00-22.50  sec  90.2 KBytes  1.48 Mbits/sec  1.405 ms  22702/22768 (1e+02%)  
[2024-05-28 19:09:00.314372] [  5]  22.50-23.00  sec   178 KBytes  2.91 Mbits/sec  1.155 ms  22503/22633 (99%)  
[2024-05-28 19:09:00.314901] [  5]  23.00-23.50  sec   193 KBytes  3.16 Mbits/sec  0.960 ms  22126/22267 (99%)  
[2024-05-28 19:09:00.315016] [  5]  23.50-24.00  sec   135 KBytes  2.22 Mbits/sec  1.326 ms  22186/22285 (1e+02%)  
[2024-05-28 19:09:00.315102] [  5]  24.00-24.50  sec   230 KBytes  3.76 Mbits/sec  1.106 ms  22218/22386 (99%)  
[2024-05-28 19:09:00.315181] [  5]  24.50-25.00  sec   152 KBytes  2.49 Mbits/sec  1.094 ms  22187/22298 (1e+02%)  
[2024-05-28 19:09:00.315258] [  5]  25.00-25.50  sec   719 KBytes  11.8 Mbits/sec  0.865 ms  21602/22128 (98%)  
[2024-05-28 19:09:00.315337] [  5]  25.50-26.00  sec   190 KBytes  3.11 Mbits/sec  0.727 ms  22199/22338 (99%)  
[2024-05-28 19:09:00.315411] [  5]  26.00-26.50  sec   129 KBytes  2.11 Mbits/sec  1.276 ms  22361/22455 (1e+02%)  
[2024-05-28 19:09:00.315492] [  5]  26.50-27.00  sec   178 KBytes  2.91 Mbits/sec  1.060 ms  22255/22385 (99%)  
[2024-05-28 19:09:00.315566] [  5]  27.00-27.50  sec   386 KBytes  6.32 Mbits/sec  1.006 ms  21828/22110 (99%)  
[2024-05-28 19:09:00.315643] [  5]  27.50-28.00  sec   206 KBytes  3.38 Mbits/sec  0.874 ms  22285/22436 (99%)  
[2024-05-28 19:09:00.315718] [  5]  28.00-28.50  sec   252 KBytes  4.12 Mbits/sec  1.094 ms  22227/22411 (99%)  
[2024-05-28 19:09:00.315794] [  5]  28.50-29.00  sec   459 KBytes  7.51 Mbits/sec  3.088 ms  16264/16600 (98%)  
[2024-05-28 19:09:00.315869] [  5]  29.00-29.50  sec   191 KBytes  3.14 Mbits/sec  0.969 ms  27943/28083 (1e+02%)  
[2024-05-28 19:09:00.315944] [  5]  29.50-30.00  sec  1.69 MBytes  28.4 Mbits/sec  0.020 ms  21023/22289 (94%)  
[2024-05-28 19:09:00.316019] [  5]  30.00-30.50  sec  3.63 MBytes  60.8 Mbits/sec  0.174 ms  19505/22225 (88%)  
[2024-05-28 19:09:00.316094] [  5]  30.50-31.00  sec  5.18 MBytes  87.0 Mbits/sec  0.251 ms  18395/22273 (83%)  
[2024-05-28 19:09:00.316169] [  5]  31.00-31.50  sec  2.83 MBytes  47.5 Mbits/sec  0.545 ms  20360/22478 (91%)  
[2024-05-28 19:09:00.316243] [  5]  31.50-32.00  sec  2.16 MBytes  36.3 Mbits/sec  0.055 ms  20518/22139 (93%)  
[2024-05-28 19:09:00.316317] [  5]  32.00-32.50  sec  6.59 MBytes   111 Mbits/sec  0.356 ms  17361/22296 (78%)  
[2024-05-28 19:09:00.316397] [  5]  32.50-33.00  sec  7.50 MBytes   126 Mbits/sec  0.167 ms  16867/22481 (75%)  
[2024-05-28 19:09:00.316472] [  5]  33.00-33.50  sec  21.6 MBytes   363 Mbits/sec  0.060 ms  6222/22409 (28%)  
[2024-05-28 19:09:00.316547] [  5]  33.50-34.00  sec  14.1 MBytes   237 Mbits/sec  0.024 ms  11752/22334 (53%)  
[2024-05-28 19:09:00.316622] [  5]  34.00-34.50  sec  13.6 MBytes   228 Mbits/sec  0.089 ms  11989/22182 (54%)  
[2024-05-28 19:09:00.316728] [  5]  34.50-35.00  sec  15.5 MBytes   261 Mbits/sec  0.028 ms  10779/22421 (48%)  
[2024-05-28 19:09:00.316808] [  5]  35.00-35.50  sec  20.9 MBytes   350 Mbits/sec  0.039 ms  6769/22398 (30%)  
[2024-05-28 19:09:00.316884] [  5]  35.50-36.00  sec  15.6 MBytes   261 Mbits/sec  0.038 ms  10557/22204 (48%)  
[2024-05-28 19:09:00.316962] [  5]  36.00-36.50  sec  9.65 MBytes   162 Mbits/sec  0.084 ms  15011/22236 (68%)  
[2024-05-28 19:09:00.317041] [  5]  36.50-37.00  sec  9.71 MBytes   163 Mbits/sec  0.020 ms  15153/22423 (68%)  
[2024-05-28 19:09:00.317115] [  5]  37.00-37.50  sec  4.58 MBytes  76.9 Mbits/sec  0.058 ms  18920/22352 (85%)  
[2024-05-28 19:09:00.317188] [  5]  37.50-38.00  sec  15.1 MBytes   253 Mbits/sec  0.030 ms  11105/22398 (50%)  
[2024-05-28 19:09:00.317260] [  5]  38.00-38.50  sec  19.8 MBytes   333 Mbits/sec  0.017 ms  7353/22208 (33%)  
[2024-05-28 19:09:00.317333] [  5]  38.50-39.00  sec  11.3 MBytes   189 Mbits/sec  0.034 ms  13888/22341 (62%)  
[2024-05-28 19:09:00.317406] [  5]  39.00-39.50  sec  7.29 MBytes   122 Mbits/sec  0.010 ms  16890/22349 (76%)  
[2024-05-28 19:09:00.317479] [  5]  39.50-40.00  sec  15.8 MBytes   265 Mbits/sec  0.026 ms  10444/22255 (47%)  
[2024-05-28 19:09:00.317552] [  5]  40.00-40.50  sec  12.2 MBytes   204 Mbits/sec  0.027 ms  13138/22245 (59%)  
[2024-05-28 19:09:00.317626] [  5]  40.50-41.00  sec  4.66 MBytes  78.2 Mbits/sec  0.021 ms  18958/22450 (84%)  
[2024-05-28 19:09:00.317700] [  5]  41.00-41.50  sec  11.5 MBytes   194 Mbits/sec  0.016 ms  13686/22334 (61%)  
[2024-05-28 19:09:00.317774] [  5]  41.50-42.00  sec  14.1 MBytes   237 Mbits/sec  0.020 ms  11774/22352 (53%)  
[2024-05-28 19:09:00.317847] [  5]  42.00-42.50  sec  16.3 MBytes   274 Mbits/sec  0.018 ms  10021/22237 (45%)  
[2024-05-28 19:09:00.317921] [  5]  42.50-43.00  sec  15.7 MBytes   264 Mbits/sec  0.073 ms  10579/22349 (47%)  
[2024-05-28 19:09:00.317993] [  5]  43.00-43.50  sec  17.6 MBytes   295 Mbits/sec  0.083 ms  9134/22314 (41%)  
[2024-05-28 19:09:00.318066] [  5]  43.50-44.00  sec  8.07 MBytes   135 Mbits/sec  1.113 ms  13977/20022 (70%)  
[2024-05-28 19:09:00.318139] [  5]  44.00-44.50  sec  16.2 MBytes   272 Mbits/sec  0.030 ms  12520/24679 (51%)  
[2024-05-28 19:09:00.318212] [  5]  44.50-45.00  sec  8.83 MBytes   148 Mbits/sec  0.341 ms  15669/22279 (70%)  
[2024-05-28 19:09:00.318379] [  5]  45.00-45.50  sec  13.6 MBytes   228 Mbits/sec  0.010 ms  12157/22345 (54%)  
[2024-05-28 19:09:00.318533] [  5]  45.50-46.00  sec  11.5 MBytes   193 Mbits/sec  0.014 ms  13530/22144 (61%)  
[2024-05-28 19:09:00.318613] [  5]  46.00-46.50  sec  6.57 MBytes   110 Mbits/sec  0.023 ms  17573/22496 (78%)  
[2024-05-28 19:09:00.318689] [  5]  46.50-47.00  sec  6.73 MBytes   113 Mbits/sec  0.306 ms  17251/22291 (77%)  
[2024-05-28 19:09:24.813516] [  5]  47.00-47.50  sec  7.43 MBytes   125 Mbits/sec  0.020 ms  16815/22382 (75%)  
[2024-05-28 19:09:24.813699] [  5]  47.50-48.00  sec  15.6 MBytes   261 Mbits/sec  0.023 ms  10603/22275 (48%)  
[2024-05-28 19:09:24.813733] [  5]  48.00-48.50  sec  11.6 MBytes   195 Mbits/sec  0.055 ms  13662/22356 (61%)  
[2024-05-28 19:09:24.813758] [  5]  48.50-49.00  sec   719 KBytes  11.8 Mbits/sec  1.669 ms  21027/21553 (98%)  
[2024-05-28 19:09:24.813781] [  5]  49.00-49.50  sec  3.20 MBytes  53.8 Mbits/sec  0.009 ms  20713/23113 (90%)  
[2024-05-28 19:09:24.813804] [  5]  49.50-50.00  sec  5.89 MBytes  98.7 Mbits/sec  0.702 ms  17719/22128 (80%)  
[2024-05-28 19:09:24.813827] [  5]  50.00-50.51  sec  6.51 MBytes   108 Mbits/sec  0.843 ms  17215/22090 (78%)  
[2024-05-28 19:09:24.813851] [  5]  50.51-51.00  sec  6.69 MBytes   113 Mbits/sec  0.032 ms  17691/22698 (78%)  
[2024-05-28 19:09:24.813873] [  5]  51.00-51.50  sec  1.23 MBytes  20.6 Mbits/sec  1.117 ms  21290/22209 (96%)  
[2024-05-28 19:09:24.813895] [  5]  51.50-52.00  sec  5.32 MBytes  89.3 Mbits/sec  0.081 ms  18400/22388 (82%)  
[2024-05-28 19:09:24.813917] [  5]  52.00-52.50  sec  3.30 MBytes  55.4 Mbits/sec  0.048 ms  19911/22386 (89%)  
[2024-05-28 19:09:24.813939] [  5]  52.50-53.00  sec  8.61 MBytes   144 Mbits/sec  0.101 ms  15860/22305 (71%)  
[2024-05-28 19:09:24.813978] [  5]  53.00-53.50  sec  3.30 MBytes  55.4 Mbits/sec  0.037 ms  19786/22258 (89%)  
[2024-05-28 19:09:24.814001] [  5]  53.50-54.00  sec  5.92 MBytes  99.3 Mbits/sec  0.609 ms  17941/22373 (80%)  
[2024-05-28 19:09:24.814024] [  5]  54.00-54.50  sec  10.1 MBytes   169 Mbits/sec  0.045 ms  14617/22179 (66%)  
[2024-05-28 19:09:24.814047] [  5]  54.50-55.00  sec  9.90 MBytes   166 Mbits/sec  0.039 ms  15103/22515 (67%)  
[2024-05-28 19:09:24.814069] [  5]  55.00-55.50  sec  9.03 MBytes   151 Mbits/sec  0.019 ms  15425/22185 (70%)  
[2024-05-28 19:09:24.814091] [  5]  55.50-56.00  sec  8.23 MBytes   138 Mbits/sec  0.064 ms  16285/22447 (73%)  
[2024-05-28 19:09:24.814113] [  5]  56.00-56.50  sec  6.27 MBytes   105 Mbits/sec  0.146 ms  17409/22106 (79%)  
[2024-05-28 19:09:24.814135] [  5]  56.50-57.00  sec  5.68 MBytes  95.3 Mbits/sec  0.092 ms  18272/22526 (81%)  
[2024-05-28 19:09:24.814157] [  5]  57.00-57.50  sec  9.09 MBytes   152 Mbits/sec  0.215 ms  15480/22285 (69%)  
[2024-05-28 19:09:24.814179] [  5]  57.50-58.00  sec  3.22 MBytes  54.0 Mbits/sec  0.028 ms  19916/22327 (89%)  
[2024-05-28 19:09:24.814202] [  5]  58.00-58.50  sec  12.3 MBytes   207 Mbits/sec  0.065 ms  13103/22325 (59%)  
[2024-05-28 19:09:24.814223] [  5]  58.50-59.00  sec  5.82 MBytes  97.7 Mbits/sec  0.466 ms  17783/22144 (80%)  
[2024-05-28 19:09:24.814244] [  5]  59.00-59.50  sec   559 KBytes  9.16 Mbits/sec  0.521 ms  21837/22246 (98%)  
[2024-05-28 19:09:24.814311] [  5]  59.50-60.00  sec  2.37 MBytes  39.8 Mbits/sec  0.060 ms  20777/22552 (92%)  
[2024-05-28 19:09:24.814337] [  5]  60.00-60.50  sec  9.19 MBytes   154 Mbits/sec  0.027 ms  15198/22082 (69%)  
[2024-05-28 19:09:24.814360] [  5]  60.50-61.00  sec  7.10 MBytes   119 Mbits/sec  0.524 ms  17226/22544 (76%)  
[2024-05-28 19:09:24.814381] [  5]  61.00-61.50  sec  5.56 MBytes  93.4 Mbits/sec  0.106 ms  17899/22067 (81%)  
[2024-05-28 19:09:24.814486] [  5]  61.50-62.00  sec  3.38 MBytes  56.7 Mbits/sec  0.031 ms  19952/22482 (89%)  
[2024-05-28 19:09:24.814569] [  5]  62.00-62.50  sec  2.71 MBytes  45.5 Mbits/sec  0.046 ms  20182/22215 (91%)  
[2024-05-28 19:09:24.814590] [  5]  62.50-63.00  sec  10.4 MBytes   174 Mbits/sec  0.025 ms  14759/22523 (66%)  
[2024-05-28 19:09:24.814612] [  5]  63.00-63.50  sec  1.79 MBytes  30.1 Mbits/sec  0.441 ms  20707/22050 (94%)  
[2024-05-28 19:09:24.814633] [  5]  63.50-64.00  sec  7.28 MBytes   122 Mbits/sec  0.043 ms  16953/22405 (76%)  
[2024-05-28 19:09:24.814655] [  5]  64.00-64.50  sec  9.12 MBytes   153 Mbits/sec  0.009 ms  15511/22343 (69%)  
[2024-05-28 19:09:24.814677] [  5]  64.50-65.00  sec  11.5 MBytes   194 Mbits/sec  0.061 ms  13861/22501 (62%)  
[2024-05-28 19:09:24.814698] [  5]  65.00-65.50  sec  11.3 MBytes   189 Mbits/sec  0.045 ms  13693/22121 (62%)  
[2024-05-28 19:09:24.814718] [  5]  65.50-66.00  sec  6.74 MBytes   113 Mbits/sec  0.015 ms  17340/22386 (77%)  
[2024-05-28 19:09:24.814739] [  5]  66.00-66.50  sec  6.04 MBytes   101 Mbits/sec  0.331 ms  17588/22110 (80%)  
[2024-05-28 19:09:24.814759] [  5]  66.50-67.00  sec  3.05 MBytes  51.1 Mbits/sec  0.011 ms  20329/22612 (90%)  
[2024-05-28 19:09:24.814782] [  5]  67.00-67.50  sec  2.94 MBytes  49.3 Mbits/sec  0.027 ms  19727/21927 (90%)  
[2024-05-28 19:09:24.814901] [  5]  67.50-68.00  sec  4.26 MBytes  71.4 Mbits/sec  0.241 ms  19376/22566 (86%)  
[2024-05-28 19:09:24.814978] [  5]  68.00-68.50  sec   407 KBytes  6.67 Mbits/sec  0.686 ms  21834/22132 (99%)  
[2024-05-28 19:09:24.815016] [  5]  68.50-69.00  sec   454 KBytes  7.44 Mbits/sec  0.585 ms  22367/22699 (99%)  
[2024-05-28 19:09:24.815134] [  5]  69.00-69.50  sec   413 KBytes  6.76 Mbits/sec  1.801 ms  21382/21684 (99%)  
[2024-05-28 19:09:24.815210] [  5]  69.50-70.00  sec   161 KBytes  2.65 Mbits/sec  0.825 ms  22621/22739 (99%)  
[2024-05-28 19:09:24.815288] [  5]  70.00-70.50  sec   960 KBytes  15.7 Mbits/sec  0.045 ms  21653/22355 (97%)  
[2024-05-28 19:09:24.815365] [  5]  70.50-71.00  sec  3.72 MBytes  62.4 Mbits/sec  0.151 ms  19748/22536 (88%)  
[2024-05-28 19:09:24.815409] [  5]  71.00-71.50  sec  7.67 MBytes   129 Mbits/sec  0.413 ms  16278/22020 (74%)  
[2024-05-28 19:09:48.813648] [  5]  71.50-72.00  sec  9.28 MBytes   156 Mbits/sec  0.029 ms  15703/22650 (69%)  
[2024-05-28 19:09:48.814031] [  5]  72.00-72.50  sec  12.6 MBytes   212 Mbits/sec  0.010 ms  12377/21835 (57%)  
[2024-05-28 19:09:48.814127] [  5]  72.50-73.00  sec  7.24 MBytes   121 Mbits/sec  0.039 ms  17273/22694 (76%)  
[2024-05-28 19:09:48.814208] [  5]  73.00-73.50  sec  7.72 MBytes   130 Mbits/sec  0.040 ms  16336/22120 (74%)  
[2024-05-28 19:09:48.814340] [  5]  73.50-74.00  sec  5.72 MBytes  96.0 Mbits/sec  0.200 ms  17776/22062 (81%)  
[2024-05-28 19:09:48.814421] [  5]  74.00-74.50  sec  9.08 MBytes   152 Mbits/sec  0.040 ms  16001/22799 (70%)  
[2024-05-28 19:09:48.814498] [  5]  74.50-75.00  sec  10.9 MBytes   183 Mbits/sec  0.077 ms  14017/22182 (63%)  
[2024-05-28 19:09:48.814572] [  5]  75.00-75.50  sec  12.7 MBytes   213 Mbits/sec  0.037 ms  13080/22585 (58%)  
[2024-05-28 19:09:48.814686] [  5]  75.50-76.00  sec  11.6 MBytes   194 Mbits/sec  0.142 ms  13279/21933 (61%)  
[2024-05-28 19:09:48.814760] [  5]  76.00-76.50  sec  9.40 MBytes   158 Mbits/sec  0.048 ms  15419/22461 (69%)  
[2024-05-28 19:09:48.814896] [  5]  76.50-77.00  sec  6.51 MBytes   109 Mbits/sec  0.077 ms  17498/22375 (78%)  
[2024-05-28 19:09:48.815025] [  5]  77.00-77.50  sec  15.6 MBytes   261 Mbits/sec  0.020 ms  10810/22476 (48%)  
[2024-05-28 19:09:48.815202] [  5]  77.50-78.00  sec  14.9 MBytes   251 Mbits/sec  0.120 ms  11173/22356 (50%)  
[2024-05-28 19:09:48.815338] [  5]  78.00-78.50  sec  18.9 MBytes   317 Mbits/sec  0.133 ms  8091/22257 (36%)  
[2024-05-28 19:09:48.815464] [  5]  78.50-79.00  sec  19.6 MBytes   329 Mbits/sec  0.121 ms  6883/21551 (32%)  
[2024-05-28 19:09:48.815539] [  5]  79.00-79.50  sec  9.03 MBytes   152 Mbits/sec  0.038 ms  16377/23142 (71%)  
[2024-05-28 19:09:48.815612] [  5]  79.50-80.00  sec  15.2 MBytes   255 Mbits/sec  0.045 ms  10777/22157 (49%)  
[2024-05-28 19:09:48.815932] [  5]  80.00-80.50  sec  13.2 MBytes   222 Mbits/sec  0.036 ms  12522/22415 (56%)  
[2024-05-28 19:09:48.816006] [  5]  80.50-81.00  sec  15.5 MBytes   260 Mbits/sec  0.031 ms  10695/22321 (48%)  
[2024-05-28 19:09:48.816118] [  5]  81.00-81.50  sec  15.7 MBytes   263 Mbits/sec  0.049 ms  10589/22315 (47%)  
[2024-05-28 19:09:48.816190] [  5]  81.50-82.00  sec  17.4 MBytes   291 Mbits/sec  0.025 ms  9385/22383 (42%)  
[2024-05-28 19:09:48.816310] [  5]  82.00-82.50  sec  14.1 MBytes   237 Mbits/sec  0.038 ms  11715/22305 (53%)  
[2024-05-28 19:09:48.816384] [  5]  82.50-83.00  sec  10.6 MBytes   177 Mbits/sec  0.015 ms  13723/21629 (63%)  
[2024-05-28 19:09:48.816457] [  5]  83.00-83.50  sec  8.65 MBytes   145 Mbits/sec  0.015 ms  16294/22769 (72%)  
[2024-05-28 19:09:48.816529] [  5]  83.50-84.00  sec  10.7 MBytes   179 Mbits/sec  0.065 ms  14537/22521 (65%)  
[2024-05-28 19:09:48.816600] [  5]  84.00-84.50  sec  10.3 MBytes   173 Mbits/sec  0.106 ms  14510/22224 (65%)  
[2024-05-28 19:09:48.816672] [  5]  84.50-85.00  sec  4.59 MBytes  76.9 Mbits/sec  0.120 ms  18653/22088 (84%)  
[2024-05-28 19:09:48.816744] [  5]  85.00-85.50  sec  4.78 MBytes  80.2 Mbits/sec  0.144 ms  18280/21862 (84%)  
[2024-05-28 19:09:48.816819] [  5]  85.50-86.00  sec  3.36 MBytes  56.4 Mbits/sec  0.270 ms  20049/22566 (89%)  
[2024-05-28 19:09:48.816890] [  5]  86.00-86.50  sec  5.59 MBytes  93.8 Mbits/sec  0.033 ms  18740/22929 (82%)  
[2024-05-28 19:09:48.816974] [  5]  86.50-87.00  sec  12.7 MBytes   213 Mbits/sec  0.112 ms  12753/22263 (57%)  
[2024-05-28 19:09:48.817048] [  5]  87.00-87.50  sec  12.1 MBytes   202 Mbits/sec  0.118 ms  13035/22066 (59%)  
[2024-05-28 19:09:48.817120] [  5]  87.50-88.00  sec  10.5 MBytes   176 Mbits/sec  0.416 ms  14244/22099 (64%)  
[2024-05-28 19:09:48.817194] [  5]  88.00-88.50  sec  16.8 MBytes   281 Mbits/sec  0.030 ms  10246/22800 (45%)  
[2024-05-28 19:09:48.817266] [  5]  88.50-89.00  sec  5.44 MBytes  91.3 Mbits/sec  0.189 ms  18012/22086 (82%)  
[2024-05-28 19:09:48.817397] [  5]  89.00-89.50  sec  1.84 MBytes  30.9 Mbits/sec  0.050 ms  21105/22483 (94%)  
[2024-05-28 19:09:48.817480] [  5]  89.50-90.00  sec  4.60 MBytes  77.2 Mbits/sec  0.021 ms  19025/22472 (85%)  
[2024-05-28 19:09:48.817553] [  5]  90.00-90.50  sec  8.60 MBytes   144 Mbits/sec  0.051 ms  15856/22298 (71%)  
[2024-05-28 19:09:48.817628] [  5]  90.50-91.00  sec  9.39 MBytes   158 Mbits/sec  0.099 ms  15054/22089 (68%)  
[2024-05-28 19:09:48.817703] [  5]  91.00-91.50  sec  6.25 MBytes   105 Mbits/sec  0.021 ms  17855/22537 (79%)  
[2024-05-28 19:09:48.817775] [  5]  91.50-92.00  sec  13.0 MBytes   219 Mbits/sec  0.164 ms  12509/22281 (56%)  
[2024-05-28 19:09:48.817848] [  5]  92.00-92.50  sec  12.3 MBytes   206 Mbits/sec  0.043 ms  13108/22303 (59%)  
[2024-05-28 19:09:48.817922] [  5]  92.50-93.00  sec  11.3 MBytes   190 Mbits/sec  0.042 ms  13874/22354 (62%)  
[2024-05-28 19:09:48.817995] [  5]  93.00-93.50  sec  13.2 MBytes   221 Mbits/sec  0.047 ms  12521/22378 (56%)  
[2024-05-28 19:09:48.818065] [  5]  93.50-94.00  sec  8.29 MBytes   139 Mbits/sec  0.089 ms  15890/22102 (72%)  
[2024-05-28 19:09:48.818135] [  5]  94.00-94.50  sec  9.14 MBytes   153 Mbits/sec  0.089 ms  15684/22531 (70%)  
[2024-05-28 19:09:48.818205] [  5]  94.50-95.00  sec  10.2 MBytes   171 Mbits/sec  0.025 ms  14451/22092 (65%)  
[2024-05-28 19:09:48.818321] [  5]  95.00-95.50  sec  6.95 MBytes   117 Mbits/sec  0.142 ms  16472/21681 (76%)  
[2024-05-28 19:10:13.077328] [  5]  95.50-96.00  sec  8.70 MBytes   146 Mbits/sec  0.020 ms  16136/22651 (71%)  
[2024-05-28 19:10:13.077873] [  5]  96.00-96.50  sec  12.0 MBytes   202 Mbits/sec  0.043 ms  13661/22665 (60%)  
[2024-05-28 19:10:13.078019] [  5]  96.50-97.00  sec  14.3 MBytes   240 Mbits/sec  0.126 ms  11793/22504 (52%)  
[2024-05-28 19:10:13.078135] [  5]  97.00-97.50  sec  8.78 MBytes   147 Mbits/sec  0.035 ms  15703/22279 (70%)  
[2024-05-28 19:10:13.078729] [  5]  97.50-98.00  sec  9.67 MBytes   162 Mbits/sec  0.069 ms  15028/22270 (67%)  
[2024-05-28 19:10:13.079024] [  5]  98.00-98.50  sec  10.1 MBytes   169 Mbits/sec  0.112 ms  14820/22371 (66%)  
[2024-05-28 19:10:13.079197] [  5]  98.50-99.00  sec  10.2 MBytes   171 Mbits/sec  0.057 ms  14730/22356 (66%)  
[2024-05-28 19:10:13.079363] [  5]  99.00-99.50  sec  12.7 MBytes   213 Mbits/sec  0.014 ms  12848/22359 (57%)  
[2024-05-28 19:10:13.079612] [  5]  99.50-100.00 sec  16.3 MBytes   273 Mbits/sec  0.022 ms  9780/21957 (45%)  
[2024-05-28 19:10:13.079859] [  5] 100.00-100.50 sec  8.51 MBytes   143 Mbits/sec  0.043 ms  16258/22629 (72%)  
[2024-05-28 19:10:13.079964] [  5] 100.50-101.00 sec  10.2 MBytes   171 Mbits/sec  0.070 ms  14569/22217 (66%)  
[2024-05-28 19:10:13.080066] [  5] 101.00-101.50 sec  13.4 MBytes   225 Mbits/sec  0.106 ms  12150/22213 (55%)  
[2024-05-28 19:10:13.080173] [  5] 101.50-102.00 sec  5.61 MBytes  94.2 Mbits/sec  0.045 ms  18186/22390 (81%)  
[2024-05-28 19:10:13.080275] [  5] 102.00-102.50 sec  5.30 MBytes  88.8 Mbits/sec  0.348 ms  18441/22411 (82%)  
[2024-05-28 19:10:13.080379] [  5] 102.50-103.00 sec  6.25 MBytes   105 Mbits/sec  0.045 ms  17631/22312 (79%)  
[2024-05-28 19:10:13.080480] [  5] 103.00-103.50 sec  6.11 MBytes   103 Mbits/sec  0.032 ms  17820/22400 (80%)  
[2024-05-28 19:10:13.080584] [  5] 103.50-104.00 sec   926 KBytes  15.2 Mbits/sec  0.272 ms  21518/22195 (97%)  
[2024-05-28 19:10:13.080689] [  5] 104.00-104.50 sec   262 KBytes  4.30 Mbits/sec  0.705 ms  22244/22436 (99%)  
[2024-05-28 19:10:13.080792] [  5] 104.50-105.00 sec   232 KBytes  3.80 Mbits/sec  0.987 ms  21561/21731 (99%)  
[2024-05-28 19:10:13.080895] [  5] 105.00-105.50 sec   178 KBytes  2.91 Mbits/sec  0.828 ms  21663/21793 (99%)  
[2024-05-28 19:10:13.081000] [  5] 105.50-106.00 sec   175 KBytes  2.88 Mbits/sec  1.146 ms  23175/23303 (99%)  
[2024-05-28 19:10:13.081101] [  5] 106.00-106.50 sec   142 KBytes  2.33 Mbits/sec  0.544 ms  22350/22454 (1e+02%)  
[2024-05-28 19:10:13.081205] [  5] 106.50-107.00 sec  1.22 MBytes  20.5 Mbits/sec  0.497 ms  21476/22390 (96%)  
[2024-05-28 19:10:13.081345] [  5] 107.00-107.50 sec  2.37 MBytes  39.8 Mbits/sec  0.066 ms  20297/22072 (92%)  
[2024-05-28 19:10:13.081453] [  5] 107.50-108.00 sec  5.93 MBytes  99.5 Mbits/sec  0.208 ms  17975/22417 (80%)  
[2024-05-28 19:10:13.081557] [  5] 108.00-108.50 sec  2.94 MBytes  49.3 Mbits/sec  0.775 ms  20194/22395 (90%)  
[2024-05-28 19:10:13.081658] [  5] 108.50-109.00 sec   174 KBytes  2.84 Mbits/sec  0.731 ms  22150/22277 (99%)  
[2024-05-28 19:10:13.081757] [  5] 109.00-109.50 sec  2.89 MBytes  48.6 Mbits/sec  0.085 ms  20081/22249 (90%)  
[2024-05-28 19:10:13.081969] [  5] 109.50-110.00 sec  2.48 MBytes  41.6 Mbits/sec  0.057 ms  20551/22407 (92%)  
[2024-05-28 19:10:13.082068] [  5] 110.00-110.50 sec  4.51 MBytes  75.6 Mbits/sec  0.050 ms  18984/22361 (85%)  
[2024-05-28 19:10:13.082172] [  5] 110.50-111.00 sec  1.45 MBytes  24.4 Mbits/sec  0.241 ms  21046/22135 (95%)  
[2024-05-28 19:10:13.082413] [  5] 111.00-111.50 sec  3.60 MBytes  60.4 Mbits/sec  0.138 ms  19690/22388 (88%)  
[2024-05-28 19:10:13.082759] [  5] 111.50-112.00 sec  3.25 MBytes  54.5 Mbits/sec  0.043 ms  19960/22395 (89%)  
[2024-05-28 19:10:13.083575] [  5] 112.00-112.50 sec  4.12 MBytes  69.1 Mbits/sec  0.055 ms  19284/22369 (86%)  
[2024-05-28 19:10:13.083678] [  5] 112.50-113.00 sec  5.51 MBytes  92.5 Mbits/sec  0.110 ms  18248/22377 (82%)  
[2024-05-28 19:10:13.083780] [  5] 113.00-113.50 sec   539 KBytes  8.83 Mbits/sec  0.933 ms  21413/21807 (98%)  
[2024-05-28 19:10:13.083879] [  5] 113.50-114.00 sec  2.85 MBytes  47.8 Mbits/sec  0.091 ms  20495/22630 (91%)  
[2024-05-28 19:10:13.083979] [  5] 114.00-114.50 sec  6.06 MBytes   102 Mbits/sec  0.449 ms  17936/22472 (80%)  
[2024-05-28 19:10:13.084080] [  5] 114.50-115.00 sec  6.65 MBytes   112 Mbits/sec  0.037 ms  17376/22354 (78%)  
[2024-05-28 19:10:13.084182] [  5] 115.00-115.50 sec  3.94 MBytes  66.1 Mbits/sec  0.079 ms  19213/22163 (87%)  
[2024-05-28 19:10:13.084291] [  5] 115.50-116.00 sec  6.59 MBytes   111 Mbits/sec  0.009 ms  17483/22420 (78%)  
[2024-05-28 19:10:13.084394] [  5] 116.00-116.50 sec  6.58 MBytes   110 Mbits/sec  0.056 ms  17393/22323 (78%)  
[2024-05-28 19:10:13.084498] [  5] 116.50-117.00 sec  5.29 MBytes  88.7 Mbits/sec  0.039 ms  18421/22380 (82%)  
[2024-05-28 19:10:13.084603] [  5] 117.00-117.50 sec  8.66 MBytes   145 Mbits/sec  0.163 ms  15668/22156 (71%)  
[2024-05-28 19:10:13.084710] [  5] 117.50-118.00 sec  7.20 MBytes   121 Mbits/sec  0.034 ms  17032/22422 (76%)  
[2024-05-28 19:10:13.084814] [  5] 118.00-118.50 sec  3.81 MBytes  64.0 Mbits/sec  0.015 ms  19019/21876 (87%)  
[2024-05-28 19:10:13.084921] [  5] 118.50-119.00 sec  3.57 MBytes  59.9 Mbits/sec  0.089 ms  20199/22872 (88%)  
[2024-05-28 19:10:13.085025] [  5] 119.00-119.50 sec  5.04 MBytes  84.5 Mbits/sec  0.445 ms  18352/22124 (83%)  
[2024-05-28 19:10:13.085135] [  5] 119.50-120.00 sec  7.89 MBytes   132 Mbits/sec  0.031 ms  16484/22391 (74%)  
[2024-05-28 19:10:13.085240] - - - - - - - - - - - - - - - - - - - - - - - - -
[2024-05-28 19:10:13.085343] [ ID] Interval           Transfer     Bitrate         Jitter    Lost/Total Datagrams
[2024-05-28 19:10:13.085453] [  5]   0.00-120.09 sec  6.99 GBytes   500 Mbits/sec  0.000 ms  0/5360927 (0%)  sender
[2024-05-28 19:10:13.085557] [SUM]  0.0-120.1 sec  190 datagrams received out-of-order
[2024-05-28 19:10:13.085661] [  5]   0.00-120.00 sec  1.55 GBytes   111 Mbits/sec  0.031 ms  4168906/5356902 (78%)  receiver
[2024-05-28 19:10:13.085766] 
[2024-05-28 19:10:13.085869] iperf Done.
End time: 1716937813115
