Start time: 1716911188882
[2024-05-28 11:46:53.134950] Connecting to host 35.245.244.238, port 5201
[2024-05-28 11:46:53.136245] Reverse mode, remote host 35.245.244.238 is sending
[2024-05-28 11:46:53.136385] [  5] local 100.123.161.253 port 57046 connected to 35.245.244.238 port 5201
[2024-05-28 11:46:53.136500] [ ID] Interval           Transfer     Bitrate         Jitter    Lost/Total Datagrams
[2024-05-28 11:46:53.136625] [  5]   0.00-0.50   sec  8.76 MBytes   147 Mbits/sec  0.201 ms  130197/136757 (95%)  
[2024-05-28 11:46:53.136730] [  5]   0.50-1.00   sec  7.76 MBytes   130 Mbits/sec  0.022 ms  -5815/0 (0%)  
[2024-05-28 11:46:53.136832] [  5]   1.00-1.50   sec  7.86 MBytes   132 Mbits/sec  0.042 ms  -5887/0 (0%)  
[2024-05-28 11:46:53.137006] [  5]   1.50-2.00   sec  7.82 MBytes   131 Mbits/sec  0.238 ms  -5854/0 (0%)  
[2024-05-28 11:46:53.137121] [  5]   2.00-2.50   sec  7.93 MBytes   133 Mbits/sec  0.044 ms  -5940/0 (0%)  
[2024-05-28 11:46:53.137227] [  5]   2.50-3.00   sec  6.83 MBytes   115 Mbits/sec  0.494 ms  -5114/0 (0%)  
[2024-05-28 11:46:53.137329] [  5]   3.00-3.50   sec  7.90 MBytes   133 Mbits/sec  0.018 ms  -5917/0 (0%)  
[2024-05-28 11:46:53.137432] [  5]   3.50-4.00   sec  7.55 MBytes   127 Mbits/sec  0.166 ms  -5658/0 (0%)  
[2024-05-28 11:46:53.137533] [  5]   4.00-4.50   sec  6.97 MBytes   117 Mbits/sec  0.022 ms  -5217/0 (0%)  
[2024-05-28 11:46:53.137636] [  5]   4.50-5.00   sec  7.75 MBytes   130 Mbits/sec  0.021 ms  3411/9214 (37%)  
[2024-05-28 11:46:53.137737] [  5]   5.00-5.50   sec  7.50 MBytes   126 Mbits/sec  0.097 ms  15146/20766 (73%)  
[2024-05-28 11:46:53.137836] [  5]   5.50-6.00   sec  6.08 MBytes   102 Mbits/sec  0.199 ms  11859/16411 (72%)  
[2024-05-28 11:46:53.137940] [  5]   6.00-6.50   sec  6.40 MBytes   107 Mbits/sec  0.038 ms  14686/19476 (75%)  
[2024-05-28 11:46:53.138041] [  5]   6.50-7.00   sec  6.23 MBytes   105 Mbits/sec  0.024 ms  13558/18224 (74%)  
[2024-05-28 11:46:53.138143] [  5]   7.00-7.50   sec  6.52 MBytes   109 Mbits/sec  0.017 ms  14185/19067 (74%)  
[2024-05-28 11:46:53.138241] [  5]   7.50-8.00   sec  7.99 MBytes   134 Mbits/sec  0.032 ms  19216/25201 (76%)  
[2024-05-28 11:46:53.138342] [  5]   8.00-8.50   sec  6.76 MBytes   113 Mbits/sec  0.306 ms  21582/26645 (81%)  
[2024-05-28 11:46:53.138417] [  5]   8.50-9.00   sec  6.78 MBytes   114 Mbits/sec  0.358 ms  19759/24835 (80%)  
[2024-05-28 11:46:53.138491] [  5]   9.00-9.50   sec  7.43 MBytes   125 Mbits/sec  0.016 ms  21376/26943 (79%)  
[2024-05-28 11:46:53.138565] [  5]   9.50-10.00  sec  7.51 MBytes   126 Mbits/sec  0.817 ms  15626/21252 (74%)  
[2024-05-28 11:46:53.138642] [  5]  10.00-10.50  sec  7.57 MBytes   127 Mbits/sec  0.031 ms  16134/21806 (74%)  
[2024-05-28 11:46:53.138716] [  5]  10.50-11.00  sec  7.82 MBytes   131 Mbits/sec  0.019 ms  20660/26518 (78%)  
[2024-05-28 11:46:53.138789] [  5]  11.00-11.50  sec  7.84 MBytes   131 Mbits/sec  0.066 ms  17604/23474 (75%)  
[2024-05-28 11:46:53.138861] [  5]  11.50-12.00  sec  7.93 MBytes   133 Mbits/sec  0.022 ms  17211/23151 (74%)  
[2024-05-28 11:46:53.138935] [  5]  12.00-12.50  sec  7.51 MBytes   126 Mbits/sec  0.031 ms  17857/23482 (76%)  
[2024-05-28 11:46:53.139010] [  5]  12.50-13.00  sec  6.78 MBytes   114 Mbits/sec  0.478 ms  12470/17545 (71%)  
[2024-05-28 11:46:53.139085] [  5]  13.00-13.50  sec  6.63 MBytes   111 Mbits/sec  0.053 ms  12943/17910 (72%)  
[2024-05-28 11:46:53.139159] [  5]  13.50-14.00  sec  6.10 MBytes   102 Mbits/sec  0.035 ms  13269/17837 (74%)  
[2024-05-28 11:46:53.139232] [  5]  14.00-14.50  sec  6.97 MBytes   117 Mbits/sec  0.138 ms  14305/19528 (73%)  
[2024-05-28 11:46:53.139306] [  5]  14.50-15.00  sec  7.35 MBytes   123 Mbits/sec  0.193 ms  17552/23060 (76%)  
[2024-05-28 11:46:53.139379] [  5]  15.00-15.50  sec  7.26 MBytes   122 Mbits/sec  0.734 ms  17750/23185 (77%)  
[2024-05-28 11:46:53.139451] [  5]  15.50-16.00  sec  6.88 MBytes   115 Mbits/sec  0.033 ms  18479/23633 (78%)  
[2024-05-28 11:46:53.139525] [  5]  16.00-16.50  sec  6.81 MBytes   114 Mbits/sec  1.546 ms  19816/24916 (80%)  
[2024-05-28 11:46:53.139596] [  5]  16.50-17.00  sec  8.47 MBytes   142 Mbits/sec  0.037 ms  18591/24932 (75%)  
[2024-05-28 11:46:53.139706] [  5]  17.00-17.50  sec  7.97 MBytes   134 Mbits/sec  0.089 ms  18864/24830 (76%)  
[2024-05-28 11:46:53.139783] [  5]  17.50-18.00  sec  8.20 MBytes   138 Mbits/sec  0.251 ms  18990/25133 (76%)  
[2024-05-28 11:46:53.139858] [  5]  18.00-18.50  sec  7.61 MBytes   128 Mbits/sec  0.040 ms  19671/25368 (78%)  
[2024-05-28 11:46:53.139933] [  5]  18.50-19.00  sec  7.65 MBytes   128 Mbits/sec  0.263 ms  16910/22637 (75%)  
[2024-05-28 11:46:53.140007] [  5]  19.00-19.50  sec  7.36 MBytes   124 Mbits/sec  0.656 ms  16218/21734 (75%)  
[2024-05-28 11:46:53.140083] [  5]  19.50-20.00  sec  7.80 MBytes   131 Mbits/sec  0.858 ms  17035/22879 (74%)  
[2024-05-28 11:46:53.140157] [  5]  20.00-20.50  sec  8.52 MBytes   143 Mbits/sec  0.050 ms  18247/24625 (74%)  
[2024-05-28 11:46:53.140231] [  5]  20.50-21.00  sec  8.75 MBytes   147 Mbits/sec  0.030 ms  17204/23761 (72%)  
[2024-05-28 11:46:53.140306] [  5]  21.00-21.50  sec  8.21 MBytes   138 Mbits/sec  0.064 ms  16802/22951 (73%)  
[2024-05-28 11:46:53.140379] [  5]  21.50-22.00  sec  7.72 MBytes   129 Mbits/sec  0.042 ms  17138/22918 (75%)  
[2024-05-28 11:46:53.140452] [  5]  22.00-22.50  sec  6.30 MBytes   106 Mbits/sec  0.069 ms  13124/17846 (74%)  
[2024-05-28 11:46:53.140524] [  5]  22.50-23.00  sec  7.88 MBytes   132 Mbits/sec  0.057 ms  13988/19890 (70%)  
[2024-05-28 11:47:17.135059] [  5]  23.00-23.50  sec  8.42 MBytes   141 Mbits/sec  0.050 ms  15192/21502 (71%)  
[2024-05-28 11:47:17.135442] [  5]  23.50-24.00  sec  8.07 MBytes   135 Mbits/sec  0.297 ms  16829/22876 (74%)  
[2024-05-28 11:47:17.135572] [  5]  24.00-24.50  sec  7.21 MBytes   121 Mbits/sec  0.110 ms  17944/23345 (77%)  
[2024-05-28 11:47:17.135685] [  5]  24.50-25.00  sec  9.19 MBytes   154 Mbits/sec  0.129 ms  18828/25713 (73%)  
[2024-05-28 11:47:17.135788] [  5]  25.00-25.50  sec  8.87 MBytes   149 Mbits/sec  0.026 ms  15749/22392 (70%)  
[2024-05-28 11:47:17.135889] [  5]  25.50-26.00  sec  8.61 MBytes   144 Mbits/sec  0.413 ms  16891/23338 (72%)  
[2024-05-28 11:47:17.135992] [  5]  26.00-26.50  sec  8.99 MBytes   151 Mbits/sec  0.044 ms  18467/25197 (73%)  
[2024-05-28 11:47:17.136092] [  5]  26.50-27.00  sec  8.08 MBytes   136 Mbits/sec  0.189 ms  16839/22891 (74%)  
[2024-05-28 11:47:17.136191] [  5]  27.00-27.50  sec  8.33 MBytes   140 Mbits/sec  0.017 ms  15669/21910 (72%)  
[2024-05-28 11:47:17.136290] [  5]  27.50-28.00  sec  7.87 MBytes   132 Mbits/sec  0.055 ms  16943/22835 (74%)  
[2024-05-28 11:47:17.136389] [  5]  28.00-28.50  sec  8.18 MBytes   137 Mbits/sec  0.045 ms  13738/19861 (69%)  
[2024-05-28 11:47:17.136487] [  5]  28.50-29.00  sec  8.14 MBytes   137 Mbits/sec  0.059 ms  15040/21136 (71%)  
[2024-05-28 11:47:17.136583] [  5]  29.00-29.50  sec  8.03 MBytes   135 Mbits/sec  0.063 ms  13778/19793 (70%)  
[2024-05-28 11:47:17.136680] [  5]  29.50-30.00  sec  8.38 MBytes   141 Mbits/sec  0.029 ms  15272/21547 (71%)  
[2024-05-28 11:47:17.136778] [  5]  30.00-30.50  sec  8.30 MBytes   139 Mbits/sec  0.120 ms  16874/23090 (73%)  
[2024-05-28 11:47:17.136873] [  5]  30.50-31.00  sec  7.62 MBytes   128 Mbits/sec  0.118 ms  19091/24798 (77%)  
[2024-05-28 11:47:17.137052] [  5]  31.00-31.50  sec  7.77 MBytes   130 Mbits/sec  0.092 ms  17767/23584 (75%)  
[2024-05-28 11:47:17.137159] [  5]  31.50-32.00  sec  7.61 MBytes   128 Mbits/sec  0.079 ms  19960/25658 (78%)  
[2024-05-28 11:47:17.137263] [  5]  32.00-32.50  sec  7.98 MBytes   134 Mbits/sec  0.346 ms  15771/21747 (73%)  
[2024-05-28 11:47:17.137363] [  5]  32.50-33.00  sec  8.02 MBytes   135 Mbits/sec  0.448 ms  13649/19654 (69%)  
[2024-05-28 11:47:17.137463] [  5]  33.00-33.50  sec  8.31 MBytes   139 Mbits/sec  0.089 ms  15275/21502 (71%)  
[2024-05-28 11:47:17.137562] [  5]  33.50-34.00  sec  7.33 MBytes   123 Mbits/sec  0.071 ms  14396/19887 (72%)  
[2024-05-28 11:47:17.137662] [  5]  34.00-34.50  sec  8.44 MBytes   142 Mbits/sec  0.113 ms  15255/21577 (71%)  
[2024-05-28 11:47:17.137764] [  5]  34.50-35.00  sec  7.98 MBytes   134 Mbits/sec  0.136 ms  16987/22963 (74%)  
[2024-05-28 11:47:17.137902] [  5]  35.00-35.50  sec  7.83 MBytes   131 Mbits/sec  0.180 ms  17207/23068 (75%)  
[2024-05-28 11:47:17.138014] [  5]  35.50-36.00  sec  8.64 MBytes   145 Mbits/sec  0.013 ms  15743/22214 (71%)  
[2024-05-28 11:47:17.138116] [  5]  36.00-36.50  sec  6.53 MBytes   110 Mbits/sec  0.079 ms  14429/19322 (75%)  
[2024-05-28 11:47:17.138215] [  5]  36.50-37.00  sec  7.93 MBytes   133 Mbits/sec  0.141 ms  13920/19863 (70%)  
[2024-05-28 11:47:17.138319] [  5]  37.00-37.50  sec  8.20 MBytes   138 Mbits/sec  0.066 ms  15403/21547 (71%)  
[2024-05-28 11:47:17.138417] [  5]  37.50-38.00  sec  8.02 MBytes   135 Mbits/sec  0.187 ms  15317/21325 (72%)  
[2024-05-28 11:47:17.138518] [  5]  38.00-38.50  sec  8.49 MBytes   142 Mbits/sec  0.991 ms  21866/28224 (77%)  
[2024-05-28 11:47:17.138617] [  5]  38.50-39.00  sec  8.05 MBytes   135 Mbits/sec  0.056 ms  17280/23310 (74%)  
[2024-05-28 11:47:17.138719] [  5]  39.00-39.50  sec  8.28 MBytes   139 Mbits/sec  0.021 ms  17086/23289 (73%)  
[2024-05-28 11:47:17.138816] [  5]  39.50-40.00  sec  8.26 MBytes   139 Mbits/sec  0.098 ms  17149/23339 (73%)  
[2024-05-28 11:47:17.138913] [  5]  40.00-40.50  sec  8.79 MBytes   148 Mbits/sec  0.054 ms  16958/23545 (72%)  
[2024-05-28 11:47:17.139015] [  5]  40.50-41.00  sec  8.63 MBytes   145 Mbits/sec  0.077 ms  16442/22903 (72%)  
[2024-05-28 11:47:17.139115] [  5]  41.00-41.50  sec  8.48 MBytes   142 Mbits/sec  0.041 ms  15048/21399 (70%)  
[2024-05-28 11:47:17.139211] [  5]  41.50-42.00  sec  7.33 MBytes   123 Mbits/sec  0.219 ms  14482/19969 (73%)  
[2024-05-28 11:47:17.139310] [  5]  42.00-42.50  sec  6.27 MBytes   105 Mbits/sec  0.151 ms  10862/15559 (70%)  
[2024-05-28 11:47:17.139409] [  5]  42.50-43.00  sec  5.83 MBytes  97.9 Mbits/sec  0.050 ms  10495/14865 (71%)  
[2024-05-28 11:47:17.139508] [  5]  43.00-43.50  sec  5.56 MBytes  93.3 Mbits/sec  0.469 ms  9847/14012 (70%)  
[2024-05-28 11:47:17.139605] [  5]  43.50-44.00  sec  3.97 MBytes  66.7 Mbits/sec  0.125 ms  7568/10545 (72%)  
[2024-05-28 11:47:17.139704] [  5]  44.00-44.50  sec  3.16 MBytes  53.0 Mbits/sec  0.266 ms  6383/8748 (73%)  
[2024-05-28 11:47:17.139803] [  5]  44.50-45.00  sec  7.16 MBytes   120 Mbits/sec  0.038 ms  16313/21673 (75%)  
[2024-05-28 11:47:17.139902] [  5]  45.00-45.50  sec  7.65 MBytes   128 Mbits/sec  0.155 ms  22570/28301 (80%)  
[2024-05-28 11:47:17.140001] [  5]  45.50-46.00  sec  7.60 MBytes   127 Mbits/sec  0.044 ms  25421/31110 (82%)  
[2024-05-28 11:47:17.140100] [  5]  46.00-46.50  sec  7.97 MBytes   134 Mbits/sec  0.308 ms  43654/49623 (88%)  
[2024-05-28 11:47:17.140198] [  5]  46.50-47.00  sec  8.20 MBytes   138 Mbits/sec  0.447 ms  19390/25531 (76%)  
[2024-05-28 11:47:41.634798] [  5]  47.00-47.50  sec  8.13 MBytes   136 Mbits/sec  0.066 ms  16916/23007 (74%)  
[2024-05-28 11:47:41.635245] [  5]  47.50-48.00  sec  7.22 MBytes   121 Mbits/sec  0.485 ms  17894/23302 (77%)  
[2024-05-28 11:47:41.635387] [  5]  48.00-48.50  sec  6.85 MBytes   115 Mbits/sec  0.116 ms  14381/19511 (74%)  
[2024-05-28 11:47:41.635502] [  5]  48.50-49.00  sec  8.27 MBytes   139 Mbits/sec  0.179 ms  15445/21638 (71%)  
[2024-05-28 11:47:41.635610] [  5]  49.00-49.50  sec  8.61 MBytes   144 Mbits/sec  0.021 ms  18822/25269 (74%)  
[2024-05-28 11:47:41.635716] [  5]  49.50-50.00  sec  8.04 MBytes   135 Mbits/sec  0.075 ms  17369/23392 (74%)  
[2024-05-28 11:47:41.635820] [  5]  50.00-50.50  sec  7.63 MBytes   128 Mbits/sec  0.019 ms  17265/22983 (75%)  
[2024-05-28 11:47:41.635925] [  5]  50.50-51.00  sec  7.75 MBytes   130 Mbits/sec  0.013 ms  15136/20942 (72%)  
[2024-05-28 11:47:41.636029] [  5]  51.00-51.50  sec  8.26 MBytes   139 Mbits/sec  0.077 ms  15189/21377 (71%)  
[2024-05-28 11:47:41.636131] [  5]  51.50-52.00  sec  8.76 MBytes   147 Mbits/sec  0.130 ms  16562/23122 (72%)  
[2024-05-28 11:47:41.636233] [  5]  52.00-52.50  sec  8.68 MBytes   146 Mbits/sec  0.057 ms  19325/25828 (75%)  
[2024-05-28 11:47:41.636335] [  5]  52.50-53.00  sec  7.39 MBytes   124 Mbits/sec  0.039 ms  15209/20742 (73%)  
[2024-05-28 11:47:41.636488] [  5]  53.00-53.50  sec  6.94 MBytes   116 Mbits/sec  0.107 ms  12816/18014 (71%)  
[2024-05-28 11:47:41.636598] [  5]  53.50-54.00  sec  6.09 MBytes   102 Mbits/sec  0.016 ms  11299/15862 (71%)  
[2024-05-28 11:47:41.636702] [  5]  54.00-54.50  sec  6.01 MBytes   101 Mbits/sec  0.158 ms  11562/16060 (72%)  
[2024-05-28 11:47:41.636803] [  5]  54.50-55.00  sec  5.87 MBytes  98.5 Mbits/sec  0.312 ms  10052/14448 (70%)  
[2024-05-28 11:47:41.636907] [  5]  55.00-55.50  sec  8.50 MBytes   143 Mbits/sec  0.039 ms  18753/25119 (75%)  
[2024-05-28 11:47:41.637131] [  5]  55.50-56.00  sec  8.43 MBytes   141 Mbits/sec  0.023 ms  25921/32236 (80%)  
[2024-05-28 11:47:41.637251] [  5]  56.00-56.50  sec  9.03 MBytes   152 Mbits/sec  0.047 ms  27184/33950 (80%)  
[2024-05-28 11:47:41.637355] [  5]  56.50-57.00  sec  8.73 MBytes   147 Mbits/sec  0.009 ms  22281/28823 (77%)  
[2024-05-28 11:47:41.637458] [  5]  57.00-57.50  sec  9.10 MBytes   153 Mbits/sec  0.073 ms  16307/23119 (71%)  
[2024-05-28 11:47:41.637560] [  5]  57.50-58.00  sec  8.58 MBytes   144 Mbits/sec  0.716 ms  14796/21219 (70%)  
[2024-05-28 11:47:41.637663] [  5]  58.00-58.50  sec  8.47 MBytes   142 Mbits/sec  0.265 ms  13979/20323 (69%)  
[2024-05-28 11:47:41.637767] [  5]  58.50-59.00  sec  7.73 MBytes   130 Mbits/sec  1.103 ms  15394/21187 (73%)  
[2024-05-28 11:47:41.637869] [  5]  59.00-59.50  sec  8.27 MBytes   139 Mbits/sec  0.087 ms  14044/20239 (69%)  
[2024-05-28 11:47:41.637971] [  5]  59.50-60.00  sec  7.70 MBytes   129 Mbits/sec  0.217 ms  15163/20933 (72%)  
[2024-05-28 11:47:41.638073] [  5]  60.00-60.50  sec  6.03 MBytes   101 Mbits/sec  0.148 ms  11491/16006 (72%)  
[2024-05-28 11:47:41.638175] [  5]  60.50-61.00  sec  7.82 MBytes   131 Mbits/sec  0.080 ms  15602/21457 (73%)  
[2024-05-28 11:47:41.638278] [  5]  61.00-61.50  sec  7.29 MBytes   122 Mbits/sec  0.178 ms  14396/19853 (73%)  
[2024-05-28 11:47:41.638381] [  5]  61.50-62.00  sec  7.28 MBytes   122 Mbits/sec  1.262 ms  14153/19602 (72%)  
[2024-05-28 11:47:41.638483] [  5]  62.00-62.50  sec  6.10 MBytes   102 Mbits/sec  0.018 ms  18498/23069 (80%)  
[2024-05-28 11:47:41.638585] [  5]  62.50-63.00  sec  8.11 MBytes   136 Mbits/sec  0.254 ms  18913/24986 (76%)  
[2024-05-28 11:47:41.638688] [  5]  63.00-63.50  sec  8.23 MBytes   138 Mbits/sec  0.069 ms  17794/23957 (74%)  
[2024-05-28 11:47:41.638791] [  5]  63.50-64.00  sec  9.05 MBytes   152 Mbits/sec  0.943 ms  20982/27758 (76%)  
[2024-05-28 11:47:41.638892] [  5]  64.00-64.50  sec  7.37 MBytes   124 Mbits/sec  1.278 ms  21633/27150 (80%)  
[2024-05-28 11:47:41.638992] [  5]  64.50-65.00  sec  7.26 MBytes   122 Mbits/sec  0.081 ms  12419/17860 (70%)  
[2024-05-28 11:47:41.639097] [  5]  65.00-65.50  sec  7.95 MBytes   133 Mbits/sec  0.494 ms  16638/22589 (74%)  
[2024-05-28 11:47:41.639200] [  5]  65.50-66.00  sec  8.82 MBytes   148 Mbits/sec  0.388 ms  14670/21275 (69%)  
[2024-05-28 11:47:41.639303] [  5]  66.00-66.50  sec  8.57 MBytes   144 Mbits/sec  0.062 ms  19131/25552 (75%)  
[2024-05-28 11:47:41.639403] [  5]  66.50-67.00  sec  7.35 MBytes   123 Mbits/sec  0.047 ms  15966/21471 (74%)  
[2024-05-28 11:47:41.639503] [  5]  67.00-67.50  sec  7.18 MBytes   120 Mbits/sec  0.028 ms  15494/20870 (74%)  
[2024-05-28 11:47:41.639603] [  5]  67.50-68.00  sec  6.88 MBytes   115 Mbits/sec  0.142 ms  11225/16377 (69%)  
[2024-05-28 11:47:41.639703] [  5]  68.00-68.50  sec  5.98 MBytes   100 Mbits/sec  0.120 ms  11616/16095 (72%)  
[2024-05-28 11:47:41.639805] [  5]  68.50-69.00  sec  6.76 MBytes   113 Mbits/sec  0.124 ms  12580/17646 (71%)  
[2024-05-28 11:47:41.639914] [  5]  69.00-69.50  sec  4.82 MBytes  80.8 Mbits/sec  0.087 ms  12535/16143 (78%)  
[2024-05-28 11:47:41.640017] [  5]  69.50-70.00  sec  4.07 MBytes  68.3 Mbits/sec  0.248 ms  7619/10667 (71%)  
[2024-05-28 11:47:41.640121] [  5]  70.00-70.50  sec  4.36 MBytes  73.1 Mbits/sec  0.420 ms  9813/13076 (75%)  
[2024-05-28 11:47:41.640228] [  5]  70.50-71.00  sec  4.41 MBytes  73.9 Mbits/sec  0.035 ms  12086/15387 (79%)  
[2024-05-28 11:47:41.640346] [  5]  71.00-71.50  sec  6.53 MBytes   110 Mbits/sec  0.105 ms  20128/25016 (80%)  
[2024-05-28 11:48:06.134602] [  5]  71.50-72.00  sec  6.87 MBytes   115 Mbits/sec  0.184 ms  16219/21368 (76%)  
[2024-05-28 11:48:06.134840] [  5]  72.00-72.50  sec  7.42 MBytes   124 Mbits/sec  0.894 ms  28314/33870 (84%)  
[2024-05-28 11:48:06.134878] [  5]  72.50-73.00  sec  6.45 MBytes   108 Mbits/sec  1.060 ms  32676/37507 (87%)  
[2024-05-28 11:48:06.134907] [  5]  73.00-73.50  sec  6.89 MBytes   116 Mbits/sec  0.151 ms  27144/32307 (84%)  
[2024-05-28 11:48:06.134936] [  5]  73.50-74.00  sec  7.10 MBytes   119 Mbits/sec  0.755 ms  19520/24837 (79%)  
[2024-05-28 11:48:06.134963] [  5]  74.00-74.50  sec  6.99 MBytes   117 Mbits/sec  0.072 ms  14752/19985 (74%)  
[2024-05-28 11:48:06.134992] [  5]  74.50-75.00  sec  7.52 MBytes   126 Mbits/sec  0.029 ms  20953/26589 (79%)  
[2024-05-28 11:48:06.135019] [  5]  75.00-75.50  sec  7.86 MBytes   132 Mbits/sec  0.049 ms  18749/24639 (76%)  
[2024-05-28 11:48:06.135045] [  5]  75.50-76.00  sec  7.36 MBytes   124 Mbits/sec  0.266 ms  17477/22992 (76%)  
[2024-05-28 11:48:06.135072] [  5]  76.00-76.50  sec  7.01 MBytes   118 Mbits/sec  0.996 ms  14739/19986 (74%)  
[2024-05-28 11:48:06.135099] [  5]  76.50-77.00  sec  6.13 MBytes   103 Mbits/sec  0.822 ms  14775/19369 (76%)  
[2024-05-28 11:48:06.135126] [  5]  77.00-77.50  sec  7.21 MBytes   121 Mbits/sec  0.022 ms  14501/19904 (73%)  
[2024-05-28 11:48:06.135151] [  5]  77.50-78.00  sec  8.36 MBytes   140 Mbits/sec  0.096 ms  18470/24733 (75%)  
[2024-05-28 11:48:06.135178] [  5]  78.00-78.50  sec  8.66 MBytes   145 Mbits/sec  0.101 ms  20537/27025 (76%)  
[2024-05-28 11:48:06.135205] [  5]  78.50-79.00  sec  7.64 MBytes   128 Mbits/sec  0.201 ms  22687/28407 (80%)  
[2024-05-28 11:48:06.135234] [  5]  79.00-79.50  sec  7.39 MBytes   124 Mbits/sec  0.733 ms  17527/23063 (76%)  
[2024-05-28 11:48:06.135262] [  5]  79.50-80.00  sec  8.53 MBytes   143 Mbits/sec  0.139 ms  15517/21907 (71%)  
[2024-05-28 11:48:06.135288] [  5]  80.00-80.50  sec  6.17 MBytes   103 Mbits/sec  0.032 ms  10984/15602 (70%)  
[2024-05-28 11:48:06.135314] [  5]  80.50-81.00  sec  5.33 MBytes  89.4 Mbits/sec  0.026 ms  10322/14313 (72%)  
[2024-05-28 11:48:06.135340] [  5]  81.00-81.50  sec  6.74 MBytes   113 Mbits/sec  0.161 ms  15631/20681 (76%)  
[2024-05-28 11:48:06.135367] [  5]  81.50-82.00  sec  4.71 MBytes  79.1 Mbits/sec  1.060 ms  10561/14092 (75%)  
[2024-05-28 11:48:06.135393] [  5]  82.00-82.50  sec  4.41 MBytes  74.1 Mbits/sec  0.029 ms  8263/11569 (71%)  
[2024-05-28 11:48:06.135419] [  5]  82.50-83.00  sec  5.08 MBytes  85.3 Mbits/sec  0.016 ms  8101/11907 (68%)  
[2024-05-28 11:48:06.135445] [  5]  83.00-83.50  sec  4.59 MBytes  77.1 Mbits/sec  0.343 ms  13722/17162 (80%)  
[2024-05-28 11:48:06.135471] [  5]  83.50-84.00  sec  5.87 MBytes  98.4 Mbits/sec  0.583 ms  24299/28693 (85%)  
[2024-05-28 11:48:06.135497] [  5]  84.00-84.50  sec  8.65 MBytes   145 Mbits/sec  0.042 ms  21999/28478 (77%)  
[2024-05-28 11:48:06.135525] [  5]  84.50-85.00  sec  7.57 MBytes   127 Mbits/sec  0.261 ms  33603/39273 (86%)  
[2024-05-28 11:48:06.135550] [  5]  85.00-85.50  sec  7.64 MBytes   128 Mbits/sec  0.038 ms  30220/35943 (84%)  
[2024-05-28 11:48:06.135577] [  5]  85.50-86.00  sec  8.54 MBytes   143 Mbits/sec  0.166 ms  22774/29172 (78%)  
[2024-05-28 11:48:06.135604] [  5]  86.00-86.50  sec  7.94 MBytes   133 Mbits/sec  0.060 ms  17188/23134 (74%)  
[2024-05-28 11:48:06.135631] [  5]  86.50-87.00  sec  8.87 MBytes   149 Mbits/sec  0.010 ms  19866/26508 (75%)  
[2024-05-28 11:48:06.135657] [  5]  87.00-87.50  sec  8.74 MBytes   147 Mbits/sec  0.200 ms  19793/26338 (75%)  
[2024-05-28 11:48:06.135683] [  5]  87.50-88.00  sec  7.92 MBytes   133 Mbits/sec  0.031 ms  13424/19358 (69%)  
[2024-05-28 11:48:06.135708] [  5]  88.00-88.50  sec  8.42 MBytes   141 Mbits/sec  0.377 ms  14331/20640 (69%)  
[2024-05-28 11:48:06.135735] [  5]  88.50-89.00  sec  8.04 MBytes   135 Mbits/sec  0.127 ms  15546/21569 (72%)  
[2024-05-28 11:48:06.135759] [  5]  89.00-89.50  sec  7.79 MBytes   131 Mbits/sec  0.060 ms  15203/21034 (72%)  
[2024-05-28 11:48:06.135797] [  5]  89.50-90.00  sec  7.50 MBytes   126 Mbits/sec  1.312 ms  15768/21384 (74%)  
[2024-05-28 11:48:06.135823] [  5]  90.00-90.50  sec  7.90 MBytes   133 Mbits/sec  0.676 ms  15881/21801 (73%)  
[2024-05-28 11:48:06.135848] [  5]  90.50-91.00  sec  7.72 MBytes   130 Mbits/sec  0.067 ms  15232/21017 (72%)  
[2024-05-28 11:48:06.135874] [  5]  91.00-91.50  sec  8.19 MBytes   137 Mbits/sec  0.872 ms  18900/25031 (76%)  
[2024-05-28 11:48:06.135899] [  5]  91.50-92.00  sec  8.28 MBytes   139 Mbits/sec  0.061 ms  17089/23293 (73%)  
[2024-05-28 11:48:06.135923] [  5]  92.00-92.50  sec  9.05 MBytes   152 Mbits/sec  0.219 ms  17024/23803 (72%)  
[2024-05-28 11:48:06.135948] [  5]  92.50-93.00  sec  8.74 MBytes   147 Mbits/sec  0.175 ms  18012/24557 (73%)  
[2024-05-28 11:48:06.135972] [  5]  93.00-93.50  sec  8.56 MBytes   144 Mbits/sec  1.707 ms  18358/24768 (74%)  
[2024-05-28 11:48:06.135997] [  5]  93.50-94.00  sec  9.12 MBytes   153 Mbits/sec  0.097 ms  14865/21694 (69%)  
[2024-05-28 11:48:06.136021] [  5]  94.00-94.50  sec  8.90 MBytes   149 Mbits/sec  0.050 ms  16567/23230 (71%)  
[2024-05-28 11:48:06.136045] [  5]  94.50-95.00  sec  8.46 MBytes   142 Mbits/sec  0.010 ms  16687/23021 (72%)  
[2024-05-28 11:48:06.136068] [  5]  95.00-95.50  sec  8.88 MBytes   149 Mbits/sec  0.016 ms  14855/21505 (69%)  
[2024-05-28 11:48:06.136094] [  5]  95.50-96.00  sec  8.97 MBytes   150 Mbits/sec  0.049 ms  16605/23320 (71%)  
[2024-05-28 11:48:31.860670] [  5]  96.00-96.50  sec  7.42 MBytes   125 Mbits/sec  0.015 ms  13904/19465 (71%)  
[2024-05-28 11:48:31.861306] [  5]  96.50-97.00  sec  8.29 MBytes   139 Mbits/sec  0.029 ms  13830/20036 (69%)  
[2024-05-28 11:48:31.861473] [  5]  97.00-97.50  sec  8.24 MBytes   138 Mbits/sec  0.163 ms  15068/21240 (71%)  
[2024-05-28 11:48:31.861590] [  5]  97.50-98.00  sec  8.08 MBytes   136 Mbits/sec  0.241 ms  12144/18199 (67%)  
[2024-05-28 11:48:31.861700] [  5]  98.00-98.50  sec  7.85 MBytes   132 Mbits/sec  0.011 ms  17003/22879 (74%)  
[2024-05-28 11:48:31.861808] [  5]  98.50-99.00  sec  7.38 MBytes   124 Mbits/sec  0.074 ms  14153/19684 (72%)  
[2024-05-28 11:48:31.861913] [  5]  99.00-99.50  sec  7.59 MBytes   127 Mbits/sec  0.273 ms  13857/19541 (71%)  
[2024-05-28 11:48:31.862021] [  5]  99.50-100.00 sec  6.56 MBytes   110 Mbits/sec  0.250 ms  12998/17915 (73%)  
[2024-05-28 11:48:31.862257] [  5] 100.00-100.50 sec  5.91 MBytes  99.1 Mbits/sec  0.599 ms  13152/17577 (75%)  
[2024-05-28 11:48:31.862361] [  5] 100.50-101.00 sec  7.88 MBytes   132 Mbits/sec  0.032 ms  17499/23404 (75%)  
[2024-05-28 11:48:31.862465] [  5] 101.00-101.50 sec  8.56 MBytes   144 Mbits/sec  0.021 ms  18759/25174 (75%)  
[2024-05-28 11:48:31.862615] [  5] 101.50-102.00 sec  8.95 MBytes   150 Mbits/sec  0.066 ms  23471/30173 (78%)  
[2024-05-28 11:48:31.862957] [  5] 102.00-102.50 sec  8.40 MBytes   141 Mbits/sec  0.142 ms  26127/32420 (81%)  
[2024-05-28 11:48:31.863251] [  5] 102.50-103.00 sec  7.30 MBytes   122 Mbits/sec  0.253 ms  12208/17676 (69%)  
[2024-05-28 11:48:31.863757] [  5] 103.00-103.50 sec  7.01 MBytes   118 Mbits/sec  0.067 ms  13752/19003 (72%)  
[2024-05-28 11:48:31.864417] [  5] 103.50-104.00 sec  8.17 MBytes   137 Mbits/sec  0.025 ms  13672/19788 (69%)  
[2024-05-28 11:48:31.864776] [  5] 104.00-104.50 sec  7.32 MBytes   123 Mbits/sec  0.016 ms  12564/18048 (70%)  
[2024-05-28 11:48:31.864880] [  5] 104.50-105.00 sec  8.40 MBytes   141 Mbits/sec  0.165 ms  18402/24696 (75%)  
[2024-05-28 11:48:31.865045] [  5] 105.00-105.50 sec  7.09 MBytes   119 Mbits/sec  0.031 ms  18147/23461 (77%)  
[2024-05-28 11:48:31.865157] [  5] 105.50-106.00 sec  4.23 MBytes  71.0 Mbits/sec  0.271 ms  8996/12167 (74%)  
[2024-05-28 11:48:31.865262] [  5] 106.00-106.50 sec  4.81 MBytes  80.7 Mbits/sec  0.051 ms  9244/12845 (72%)  
[2024-05-28 11:48:31.865353] [  5] 106.50-107.00 sec  5.22 MBytes  87.5 Mbits/sec  0.207 ms  11884/15791 (75%)  
[2024-05-28 11:48:31.865393] [  5] 107.00-107.50 sec  4.72 MBytes  79.3 Mbits/sec  0.278 ms  8938/12476 (72%)  
[2024-05-28 11:48:31.865464] [  5] 107.50-108.00 sec  4.53 MBytes  76.0 Mbits/sec  0.249 ms  7665/11058 (69%)  
[2024-05-28 11:48:31.865512] [  5] 108.00-108.50 sec  3.66 MBytes  61.4 Mbits/sec  0.113 ms  7852/10593 (74%)  
[2024-05-28 11:48:31.865555] [  5] 108.50-109.00 sec  4.10 MBytes  68.8 Mbits/sec  0.032 ms  11372/14446 (79%)  
[2024-05-28 11:48:31.865597] [  5] 109.00-109.50 sec  6.30 MBytes   106 Mbits/sec  0.154 ms  26986/31705 (85%)  
[2024-05-28 11:48:31.865636] [  5] 109.50-110.00 sec  8.85 MBytes   148 Mbits/sec  1.308 ms  32616/39241 (83%)  
[2024-05-28 11:48:31.865674] [  5] 110.00-110.50 sec  9.04 MBytes   152 Mbits/sec  0.062 ms  38391/45164 (85%)  
[2024-05-28 11:48:31.865712] [  5] 110.50-111.00 sec  8.34 MBytes   140 Mbits/sec  0.605 ms  41949/48198 (87%)  
[2024-05-28 11:48:31.865750] [  5] 111.00-111.50 sec  7.42 MBytes   124 Mbits/sec  0.193 ms  16328/21885 (75%)  
[2024-05-28 11:48:31.865788] [  5] 111.50-112.00 sec  8.39 MBytes   141 Mbits/sec  0.158 ms  15114/21398 (71%)  
[2024-05-28 11:48:31.865827] [  5] 112.00-112.50 sec  9.08 MBytes   152 Mbits/sec  0.052 ms  15113/21917 (69%)  
[2024-05-28 11:48:31.865914] [  5] 112.50-113.00 sec  9.05 MBytes   152 Mbits/sec  0.053 ms  19594/26369 (74%)  
[2024-05-28 11:48:31.865951] [  5] 113.00-113.50 sec  7.99 MBytes   134 Mbits/sec  0.070 ms  13939/19920 (70%)  
[2024-05-28 11:48:31.865988] [  5] 113.50-114.00 sec  8.24 MBytes   138 Mbits/sec  0.009 ms  17128/23297 (74%)  
[2024-05-28 11:48:31.866029] [  5] 114.00-114.50 sec  7.92 MBytes   133 Mbits/sec  0.267 ms  13440/19371 (69%)  
[2024-05-28 11:48:31.866068] [  5] 114.50-115.00 sec  7.93 MBytes   133 Mbits/sec  0.011 ms  13821/19763 (70%)  
[2024-05-28 11:48:31.866191] [  5] 115.00-115.50 sec  8.48 MBytes   142 Mbits/sec  0.024 ms  16716/23066 (72%)  
[2024-05-28 11:48:31.866302] [  5] 115.50-116.00 sec  8.16 MBytes   137 Mbits/sec  0.014 ms  15823/21936 (72%)  
[2024-05-28 11:48:31.866411] [  5] 116.00-116.50 sec  8.15 MBytes   137 Mbits/sec  0.082 ms  16618/22720 (73%)  
[2024-05-28 11:48:31.866450] [  5] 116.50-117.00 sec  7.40 MBytes   124 Mbits/sec  0.080 ms  14308/19849 (72%)  
[2024-05-28 11:48:31.866490] [  5] 117.00-117.50 sec  6.69 MBytes   112 Mbits/sec  0.055 ms  13896/18904 (74%)  
[2024-05-28 11:48:31.866529] [  5] 117.50-118.00 sec  8.23 MBytes   138 Mbits/sec  0.435 ms  16969/23134 (73%)  
[2024-05-28 11:48:31.866568] [  5] 118.00-118.50 sec  9.01 MBytes   151 Mbits/sec  0.018 ms  18517/25268 (73%)  
[2024-05-28 11:48:31.866606] [  5] 118.50-119.00 sec  8.74 MBytes   147 Mbits/sec  0.144 ms  20037/26583 (75%)  
[2024-05-28 11:48:31.866644] [  5] 119.00-119.50 sec  8.65 MBytes   145 Mbits/sec  0.235 ms  21629/28105 (77%)  
[2024-05-28 11:48:31.866682] [  5] 119.50-120.00 sec  8.65 MBytes   145 Mbits/sec  0.045 ms  14517/20994 (69%)  
[2024-05-28 11:48:31.866720] - - - - - - - - - - - - - - - - - - - - - - - - -
[2024-05-28 11:48:31.866772] [ ID] Interval           Transfer     Bitrate         Jitter    Lost/Total Datagrams
[2024-05-28 11:48:31.866814] [  5]   0.00-120.29 sec  7.00 GBytes   500 Mbits/sec  0.000 ms  0/5370103 (0%)  sender
[2024-05-28 11:48:31.866852] [SUM]  0.0-120.3 sec  55036 datagrams received out-of-order
[2024-05-28 11:48:31.866891] [  5]   0.00-120.00 sec  1.76 GBytes   126 Mbits/sec  0.045 ms  3937854/5289847 (74%)  receiver
[2024-05-28 11:48:31.866930] 
[2024-05-28 11:48:31.866967] iperf Done.
End time: 1716911311890
