Start time: 1716845959658
{
  "id": "0",
  "status": null,
  "apiVersion": "17",
  "dishGetHistory": {
    "current": "2800",
    "popPingDropRate": [
      0,
      0,
      0,
      0,
      0,
      0,
      0,
      0,
      0,
      0,
      0,
      0,
      0,
      0,
      0,
      0,
      0,
      0,
      0,
      0,
      0,
      0,
      0,
      0,
      0,
      0,
      0,
      0,
      0,
      0,
      0,
      0,
      0,
      0,
      0,
      0,
      0,
      0,
      0,
      0,
      0,
      0,
      0,
      0,
      0,
      0,
      0,
      0,
      0,
      0,
      0,
      0,
      0,
      0,
      0,
      0,
      0,
      0,
      0,
      0,
      0,
      0,
      0,
      0,
      0,
      0,
      0,
      0,
      0,
      0,
      0,
      0,
      0,
      0.11764706,
      0.11764706,
      0,
      0,
      0,
      0,
      0.06666667,
      0.0625,
      0,
      0,
      0,
      0,
      0,
      0,
      0,
      0,
      0,
      0,
      0,
      0,
      0,
      0,
      0,
      0,
      0,
      0,
      0,
      0,
      0,
      0,
      0,
      0,
      0,
      0,
      0,
      0,
      0.0625,
      0.0625,
      0,
      0,
      0,
      0,
      0,
      0,
      0,
      0,
      0,
      0,
      0,
      0,
      0,
      0.25,
      0.78571427,
      0.46666667,
      0,
      0,
      0,
      0,
      0,
      0,
      0,
      0,
      0,
      0,
      0,
      0,
      0.06666667,
      0.06666667,
      0,
      0,
      0,
      0,
      0,
      0,
      0,
      0,
      0,
      0,
      0,
      0,
      0,
      0,
      0,
      0,
      0,
      0,
      0,
      0,
      0,
      0,
      0,
      0,
      0,
      0,
      0,
      0,
      0,
      0,
      0,
      0,
      0,
      0,
      0,
      0,
      0,
      0,
      0,
      0,
      0,
      0,
      0,
      0,
      0,
      0,
      0,
      0,
      0,
      0,
      0,
      0,
      0,
      0,
      0,
      0,
      0,
      0,
      0,
      0,
      0,
      0,
      0,
      0,
      0,
      0,
      0,
      0,
      0,
      0,
      0,
      0,
      0,
      0,
      0.05882353,
      0.05882353,
      0,
      0.26666668,
      0.25,
      0,
      0,
      0,
      0,
      0,
      0,
      0,
      0,
      0,
      0.0625,
      0.0625,
      0.06666667,
      0.06666667,
      0,
      0,
      0,
      0,
      0,
      0,
      0,
      0.06666667,
      0.06666667,
      0,
      0,
      0,
      0,
      0,
      0,
      0,
      0,
      0,
      0,
      0,
      0,
      0,
      0,
      0,
      0,
      0,
      0,
      0,
      0,
      0,
      0,
      0,
      0,
      0,
      0,
      0,
      0,
      0,
      0,
      0,
      0,
      0,
      0,
      0.0625,
      0.06666667,
      0,
      0,
      0,
      0,
      0,
      0,
      0,
      0,
      0,
      0,
      0,
      0,
      0,
      0,
      0,
      0,
      0.06666667,
      0.06666667,
      0,
      0,
      0,
      0,
      0,
      0,
      0,
      0,
      0.071428575,
      0.071428575,
      0,
      0,
      0,
      0,
      0,
      0,
      0,
      0,
      0,
      0,
      0,
      0,
      0,
      0.06666667,
      0.0625,
      0,
      0,
      0,
      0,
      0,
      0,
      0,
      0,
      0,
      0,
      0,
      0,
      0,
      0,
      0,
      0,
      0,
      0,
      0.0625,
      0.06666667,
      0,
      0,
      0,
      0,
      0,
      0,
      0,
      0,
      0,
      0,
      0,
      0,
      0,
      0,
      0,
      0,
      0,
      0,
      0,
      0,
      0,
      0,
      0,
      0,
      0,
      0,
      0,
      0,
      0,
      0,
      0,
      0,
      0,
      0,
      0,
      0,
      0,
      0,
      0,
      0,
      0,
      0,
      0,
      0,
      0,
      0,
      0,
      0,
      0,
      0,
      0,
      0,
      0,
      0,
      0,
      0,
      0,
      0.0625,
      0.05882353,
      0,
      0,
      0,
      0,
      0,
      0,
      0,
      0,
      0,
      0,
      0,
      0,
      0,
      0,
      0,
      0,
      0,
      0,
      0,
      0,
      0,
      0,
      0,
      0,
      0,
      0.06666667,
      0.14285715,
      0.06666667,
      0,
      0.071428575,
      0.06666667,
      0,
      0,
      0,
      0,
      0,
      0,
      0,
      0,
      0.0625,
      0.1764706,
      0.11764706,
      0,
      0,
      0,
      0,
      0,
      0,
      0,
      0.071428575,
      0.06666667,
      0,
      0,
      0,
      0.06666667,
      0.071428575,
      0,
      0,
      0,
      0,
      0,
      0,
      0,
      0,
      0,
      0,
      0,
      0,
      0,
      0,
      0,
      0,
      0,
      0,
      0,
      0,
      0,
      0,
      0,
      0,
      0,
      0,
      0,
      0,
      0,
      0,
      0,
      0,
      0,
      0,
      0,
      0,
      0,
      0,
      0,
      0,
      0,
      0,
      0,
      0,
      0,
      0,
      0.0625,
      0.0625,
      0,
      0,
      0,
      0,
      0,
      0,
      0,
      0,
      0,
      0,
      0,
      0,
      0,
      0,
      0,
      0,
      0,
      0,
      0,
      0,
      0,
      0,
      0,
      0,
      0,
      0,
      0,
      0,
      0,
      0,
      0,
      0,
      0,
      0,
      0,
      0,
      0,
      0,
      0,
      0,
      0,
      0,
      0,
      0,
      0,
      0,
      0,
      0,
      0,
      0,
      0,
      0,
      0,
      0,
      0,
      0,
      0,
      0,
      0,
      0,
      0,
      0,
      0,
      0,
      0,
      0,
      0,
      0,
      0,
      0,
      0.071428575,
      0.4,
      0.375,
      0.06666667,
      0,
      0,
      0,
      0,
      0,
      0,
      0,
      0,
      0,
      0,
      0,
      0.06666667,
      0.0625,
      0,
      0,
      0,
      0,
      0,
      0,
      0,
      0,
      0,
      0,
      0,
      0,
      0,
      0,
      0,
      0,
      0,
      0,
      0,
      0,
      0,
      0,
      0,
      0,
      0,
      0,
      0,
      0,
      0,
      0,
      0,
      0,
      0,
      0,
      0,
      0,
      0,
      0,
      0,
      0,
      0,
      0,
      0,
      0,
      0,
      0,
      0,
      0,
      0,
      0,
      0,
      0,
      0,
      0,
      0,
      0,
      0,
      0,
      0,
      0,
      0,
      0,
      0,
      0,
      0,
      0,
      0,
      0,
      0,
      0,
      0,
      0,
      0,
      0,
      0,
      0,
      0,
      0,
      0,
      0,
      0,
      0,
      0,
      0,
      0,
      0,
      0,
      0,
      0,
      0,
      0,
      0,
      0,
      0,
      0.0625,
      0.06666667,
      0,
      0,
      0,
      0,
      0,
      0,
      0,
      0,
      0,
      0,
      0,
      0,
      0,
      0,
      0,
      0,
      0,
      0,
      0,
      0,
      0,
      0,
      0,
      0,
      0,
      0,
      0,
      0,
      0,
      0,
      0,
      0,
      0,
      0,
      0,
      0,
      0,
      0,
      0,
      0,
      0,
      0,
      0,
      0,
      0,
      0,
      0,
      0,
      0,
      0,
      0,
      0,
      0,
      0,
      0,
      0,
      0,
      0,
      0,
      0,
      0,
      0,
      0,
      0,
      0,
      0,
      0,
      0,
      0,
      0,
      0,
      0,
      0,
      0,
      0,
      0,
      0,
      0,
      0,
      0,
      0,
      0,
      0,
      0,
      0,
      0,
      0,
      0,
      0,
      0,
      0,
      0,
      0,
      0,
      0,
      0,
      0,
      0,
      0,
      0,
      0,
      0,
      0,
      0,
      0.0625,
      0.0625,
      0,
      0,
      0,
      0,
      0,
      0,
      0,
      0,
      0,
      0,
      0,
      0,
      0,
      0,
      0,
      0,
      0,
      0,
      0,
      0,
      0,
      0,
      0,
      0,
      0,
      0,
      0,
      0,
      0,
      0,
      0,
      0,
      0,
      0,
      0,
      0,
      0,
      0,
      0,
      0,
      0,
      0,
      0,
      0,
      0,
      0,
      0,
      0,
      0,
      0,
      0,
      0,
      0,
      0,
      0,
      0,
      0,
      0,
      0,
      0,
      0,
      0,
      0,
      0,
      0,
      0,
      0,
      0,
      0,
      0,
      0,
      0,
      0,
      0,
      0,
      0,
      0,
      0,
      0,
      0,
      0,
      0,
      0,
      0,
      0,
      0,
      0,
      0,
      0,
      0,
      0,
      0,
      0,
      0,
      0,
      0,
      0.0625,
      0.0625,
      0,
      0,
      0,
      0,
      0,
      0,
      0,
      0,
      0
    ],
    "popPingLatencyMs": [
      27.78841,
      28.819445,
      28.630356,
      29.358402,
      27.04912,
      26.327827,
      26.957413,
      26.416376,
      26.757689,
      27.172295,
      27.385,
      29.17553,
      27.411314,
      25.443937,
      27.191374,
      27.445534,
      26.38125,
      28.764055,
      33.224125,
      32.126312,
      32.61038,
      32.59469,
      31.418062,
      32.59931,
      33.72547,
      34.88233,
      33.430195,
      29.794,
      28.685648,
      30.891869,
      30.882,
      29.683064,
      28.086002,
      28.742332,
      29.347536,
      27.7588,
      26.756533,
      26.243402,
      27.033123,
      28.950531,
      27.743647,
      26.67375,
      28.32219,
      28.026499,
      27.79875,
      30.657944,
      29.1825,
      32.527996,
      37.40279,
      35.170628,
      32.780376,
      31.93381,
      33.35656,
      31.974174,
      30.920498,
      31.871136,
      33.781124,
      33.240646,
      35.84818,
      39.171066,
      37.656467,
      33.791,
      35.07925,
      35.103622,
      34.026688,
      35.896626,
      32.543625,
      30.789936,
      32.781536,
      34.08237,
      32.73831,
      44.614803,
      44.77886,
      31.610878,
      31.06175,
      32.1015,
      32.27864,
      32.898716,
      35.159733,
      33.058685,
      30.412802,
      29.446402,
      29.736189,
      30.362001,
      32.97687,
      32.7832,
      30.390688,
      30.937876,
      31.576437,
      32.11575,
      33.3274,
      33.322666,
      29.683668,
      27.734732,
      26.806356,
      27.676868,
      27.693588,
      25.83475,
      28.162134,
      30.038427,
      53.90562,
      65.69027,
      63.823574,
      62.734394,
      57.449398,
      48.884533,
      63.0544,
      54.983437,
      35.69953,
      33.80787,
      32.65767,
      32.515465,
      35.72493,
      34.213066,
      33.276314,
      35.591133,
      36.20054,
      36.141136,
      34.96431,
      31.90406,
      31.54725,
      32.41582,
      32.456875,
      32.456875,
      58.55257,
      54.402866,
      49.196503,
      47.76169,
      46.87567,
      45.69064,
      47.495197,
      46.25969,
      44.376617,
      44.815876,
      43.42562,
      42.844536,
      46.977787,
      46.094734,
      40.243465,
      35.726734,
      36.60667,
      37.89488,
      37.116802,
      36.12976,
      37.28919,
      37.244736,
      36.785126,
      35.38637,
      34.517063,
      33.88994,
      34.002876,
      34.426,
      37.73894,
      41.444183,
      39.237247,
      35.16775,
      33.915565,
      32.723534,
      33.45425,
      35.062378,
      34.7085,
      34.142876,
      33.73044,
      32.928265,
      34.84163,
      36.68925,
      34.92575,
      37.157436,
      39.494503,
      39.090935,
      42.883465,
      41.70413,
      39.326252,
      39.49206,
      39.927055,
      39.243065,
      38.1118,
      41.266937,
      40.386127,
      39.757797,
      40.55607,
      38.1562,
      37.47919,
      35.371624,
      31.881067,
      29.958067,
      29.803564,
      33.77844,
      32.052002,
      26.905563,
      29.08394,
      31.441565,
      28.570066,
      27.276688,
      28.748602,
      29.333399,
      31.592312,
      33.873627,
      31.364376,
      29.74865,
      30.952,
      30.843065,
      30.427877,
      31.889702,
      31.676498,
      32.11432,
      31.485685,
      31.938066,
      32.174187,
      32.537125,
      33.119812,
      30.633867,
      32.908928,
      33.962185,
      33.67194,
      34.020687,
      50.62345,
      55.978767,
      52.153408,
      39.945606,
      38.949177,
      39.784645,
      42.716335,
      43.286797,
      41.358536,
      42.183624,
      43.979004,
      43.359863,
      40.289288,
      40.497997,
      41.440006,
      39.994354,
      40.387066,
      39.06457,
      38.740063,
      36.644375,
      35.42931,
      37.13325,
      36.485863,
      33.989067,
      34.165688,
      35.810863,
      37.259563,
      36.9775,
      35.746136,
      33.5598,
      31.603125,
      30.567188,
      29.258,
      30.614187,
      30.91207,
      31.24073,
      34.294376,
      32.78194,
      30.263,
      30.82144,
      33.271313,
      34.11756,
      32.681934,
      30.739004,
      28.666061,
      29.777878,
      31.775002,
      32.106186,
      32.04456,
      32.541874,
      32.81153,
      34.336266,
      34.429817,
      33.56307,
      33.179398,
      33.975624,
      33.80725,
      30.809189,
      30.7998,
      30.304285,
      28.065786,
      28.16606,
      29.922941,
      31.16053,
      30.341564,
      28.682465,
      27.6578,
      28.603622,
      30.214735,
      31.665934,
      31.670374,
      33.85706,
      32.27473,
      29.437798,
      29.42193,
      29.068571,
      29.308332,
      32.877285,
      34.254665,
      32.69166,
      30.368788,
      28.259401,
      27.6238,
      28.996313,
      29.49767,
      29.991787,
      52.679382,
      55.232693,
      34.0424,
      31.04975,
      30.572062,
      32.84422,
      33.853,
      32.257736,
      35.870464,
      34.835438,
      32.83556,
      31.984875,
      30.468061,
      32.284626,
      33.083065,
      37.220074,
      40.859314,
      44.107002,
      44.3805,
      44.106007,
      44.882668,
      44.92087,
      44.57178,
      44.678,
      42.56344,
      42.41553,
      45.535187,
      44.102753,
      43.52975,
      44.380333,
      44.746605,
      36.83657,
      33.37093,
      37.444145,
      36.339466,
      34.603798,
      33.156467,
      34.156693,
      34.896732,
      33.87906,
      33.69982,
      32.924812,
      31.933401,
      32.825333,
      32.656406,
      33.82841,
      35.631668,
      35.548687,
      34.97814,
      36.672066,
      35.526268,
      34.557,
      34.0602,
      33.9572,
      33.863873,
      35.82041,
      36.46494,
      34.434437,
      33.556133,
      32.970867,
      35.970802,
      38.43967,
      37.007294,
      35.584187,
      34.326267,
      33.682198,
      31.468466,
      31.541203,
      33.48694,
      33.748627,
      32.625687,
      33.0435,
      35.680187,
      36.44769,
      36.79756,
      34.645123,
      34.810314,
      34.30519,
      32.579628,
      32.70194,
      33.81973,
      35.154533,
      35.124596,
      32.832664,
      30.57,
      29.530937,
      29.926136,
      30.483,
      32.266876,
      32.0202,
      32.61347,
      32.84925,
      31.143473,
      30.534996,
      30.872334,
      30.795065,
      30.199875,
      30.31867,
      30.7828,
      33.38653,
      34.336407,
      33.882,
      32.9177,
      31.49294,
      30.525936,
      33.811665,
      38.070667,
      41.196396,
      41.854134,
      38.695,
      37.784,
      36.670002,
      33.99287,
      35.405003,
      38.77107,
      38.020134,
      35.832,
      36.227375,
      35.5706,
      33.92965,
      39.62325,
      41.25713,
      41.04225,
      42.464283,
      39.531826,
      39.813786,
      38.857212,
      38.296562,
      36.96935,
      37.95505,
      38.01913,
      37.953133,
      40.19731,
      39.08506,
      38.2533,
      40.15925,
      71.89567,
      68.081406,
      34.47869,
      34.224625,
      34.02333,
      34.210064,
      34.388462,
      32.685764,
      31.57253,
      31.349287,
      32.487713,
      34.61738,
      36.425404,
      34.759933,
      34.4516,
      38.593853,
      41.904003,
      40.96825,
      42.17825,
      43.34893,
      42.087402,
      42.187748,
      43.173874,
      42.530643,
      39.92212,
      42.71741,
      45.988434,
      42.034935,
      39.98388,
      38.085884,
      35.867813,
      33.31875,
      34.388313,
      33.381935,
      30.211874,
      30.594187,
      28.8705,
      28.901312,
      29.700998,
      31.532562,
      31.71959,
      29.905884,
      32.025063,
      34.347866,
      38.833538,
      42.73825,
      41.132942,
      39.368862,
      38.740402,
      39.538307,
      41.265,
      41.334663,
      39.91525,
      38.444412,
      38.480175,
      38.25862,
      37.483204,
      37.290623,
      37.818188,
      38.72247,
      37.06487,
      35.61725,
      33.85127,
      34.908802,
      35.78919,
      33.373436,
      34.291935,
      35.851063,
      35.944874,
      35.763187,
      34.50644,
      33.577312,
      36.759686,
      38.095066,
      34.781815,
      32.36019,
      29.796064,
      30.639565,
      32.018715,
      30.791065,
      31.619314,
      32.8288,
      30.528625,
      29.054996,
      29.333931,
      30.175686,
      28.713295,
      28.684063,
      29.715876,
      31.087376,
      30.344187,
      32.178753,
      32.515,
      28.701399,
      30.429562,
      30.966,
      29.379688,
      29.62219,
      31.128468,
      31.719332,
      32.532375,
      32.56919,
      35.90027,
      38.0012,
      36.44633,
      31.132265,
      31.921314,
      33.369247,
      33.592705,
      33.6525,
      31.887236,
      31.958374,
      29.750402,
      29.0732,
      32.717064,
      33.1755,
      32.727665,
      35.612854,
      37.22727,
      38.3858,
      40.557262,
      43.28474,
      42.775436,
      40.737995,
      41.850193,
      43.57567,
      43.654247,
      42.77688,
      43.569534,
      43.403202,
      42.166004,
      44.89437,
      46.138813,
      44.939198,
      47.511154,
      46.916153,
      44.738,
      40.745857,
      34.31019,
      34.88894,
      34.6206,
      36.322002,
      35.717247,
      36.45956,
      34.805874,
      31.900331,
      34.331184,
      34.08906,
      34.827503,
      43.68157,
      46.91653,
      46.718185,
      45.087532,
      45.17247,
      47.47327,
      46.8706,
      43.6576,
      43.237373,
      44.557938,
      45.497066,
      45.856,
      44.96357,
      45.908203,
      46.409996,
      45.10053,
      43.58293,
      43.33973,
      42.319202,
      42.200573,
      42.815357,
      42.784668,
      45.585705,
      45.424755,
      41.187714,
      41.858532,
      43.256935,
      44.255875,
      44.132267,
      43.119267,
      42.167336,
      42.488735,
      40.3286,
      39.704624,
      40.225937,
      42.531136,
      45.120266,
      43.241337,
      41.3065,
      44.71044,
      46.802376,
      43.453472,
      40.280533,
      42.217876,
      43.42412,
      43.506268,
      41.36636,
      38.4166,
      38.724796,
      38.300865,
      38.18969,
      37.479534,
      37.999866,
      40.19064,
      43.089207,
      44.555332,
      43.320004,
      43.387867,
      42.011402,
      41.739735,
      45.020058,
      44.343296,
      43.01693,
      41.560314,
      40.14713,
      39.369,
      40.994747,
      42.335075,
      39.92967,
      42.0045,
      43.165874,
      40.753532,
      41.085476,
      41.44612,
      41.72925,
      45.329067,
      45.434284,
      43.694664,
      43.9295,
      43.566868,
      41.457935,
      41.6524,
      43.57443,
      44.172337,
      45.866264,
      45.979927,
      42.463997,
      40.48069,
      42.913876,
      44.23612,
      46.970062,
      49.04525,
      43.978733,
      40.667736,
      41.998062,
      45.76056,
      44.1865,
      41.847202,
      39.47843,
      31.258932,
      29.680622,
      30.515886,
      30.583004,
      31.864437,
      31.515749,
      32.0695,
      32.293934,
      32.105465,
      29.753801,
      27.887938,
      28.19653,
      29.427376,
      30.95306,
      30.044474,
      30.382439,
      30.544813,
      30.421648,
      29.554626,
      28.363934,
      30.952312,
      34.823376,
      35.462463,
      31.349865,
      29.877937,
      29.653,
      30.088648,
      29.6836,
      28.550535,
      28.048353,
      28.645645,
      30.093185,
      31.357063,
      30.539438,
      29.87794,
      29.92775,
      30.565947,
      34.003475,
      33.52653,
      31.257498,
      31.107332,
      31.654802,
      31.480402,
      31.687532,
      31.20525,
      30.414188,
      29.936687,
      29.835627,
      29.860296,
      30.296764,
      31.828938,
      33.558437,
      35.78906,
      37.609943,
      37.76788,
      35.658176,
      37.304626,
      38.58206,
      35.90787,
      35.122063,
      37.577263,
      40.26175,
      39.348125,
      38.478596,
      37.339245,
      37.671562,
      38.774536,
      37.78125,
      37.29467,
      37.56493,
      37.849262,
      36.83875,
      34.928062,
      36.452,
      38.786434,
      37.790882,
      37.747997,
      37.723003,
      40.88419,
      40.767117,
      38.465126,
      37.94237,
      34.689438,
      31.834293,
      32.979248,
      33.159622,
      30.692825,
      30.32447,
      32.400497,
      32.185352,
      31.594763,
      32.154816,
      31.592936,
      32.2862,
      32.008404,
      31.772501,
      37.147064,
      38.044746,
      31.780249,
      30.198875,
      30.532127,
      31.716131,
      31.326866,
      30.626865,
      34.23153,
      33.245316,
      30.671175,
      33.32075,
      32.74994,
      31.597689,
      32.615124,
      34.062935,
      33.5916,
      31.762943,
      31.024532,
      30.061312,
      30.670938,
      33.45056,
      35.08813,
      34.82634,
      32.678802,
      29.309565,
      29.339687,
      30.629375,
      33.2915,
      33.724373,
      36.375,
      36.733063,
      35.6875,
      38.61,
      36.326378,
      33.734436,
      36.118,
      37.2134,
      34.106125,
      32.763374,
      33.011753,
      34.19619,
      34.23875,
      36.741684,
      39.1525,
      38.409187,
      34.687313,
      31.422499,
      31.200401,
      30.7478,
      31.060564,
      32.047802,
      34.788933,
      32.961666,
      30.07513,
      30.574799,
      32.36325,
      33.94219,
      33.260002,
      31.410294,
      30.720413,
      32.244293,
      31.744875,
      29.816378,
      31.387646,
      33.73588,
      32.493313,
      30.223686,
      31.64141,
      32.40019,
      31.658735,
      31.41673,
      29.957502,
      30.433,
      31.819998,
      33.337204,
      33.160664,
      30.361248,
      29.92144,
      29.773937,
      29.20888,
      32.041332,
      33.16333,
      31.065561,
      31.254667,
      30.347124,
      30.17594,
      31.695414,
      35.016438,
      36.015537,
      33.925625,
      31.500471,
      27.635763,
      25.486826,
      25.788528,
      25.278706,
      25.455055,
      27.025932,
      29.729284,
      31.615534,
      30.088934,
      29.425936,
      29.15175,
      26.673748,
      26.164314,
      29.352531,
      29.442602,
      26.58512,
      27.1405,
      28.019266,
      27.829437,
      28.326824,
      28.73047,
      28.018354,
      27.135124,
      26.57831,
      26.284529,
      25.705439
    ],
    "downlinkThroughputBps": [
      21642.61,
      22120.76,
      18723.373,
      30207.377,
      47353.69,
      65968.016,
      50105.156,
      26751.271,
      41833.99,
      25836.912,
      25241.322,
      59861.105,
      39376.125,
      29393.682,
      78517.37,
      54358.18,
      31977.373,
      39032.19,
      26868.71,
      23630.709,
      26759.66,
      51178.9,
      214152.78,
      96611.6,
      27556.578,
      30249.32,
      26667.385,
      26013.074,
      91049.95,
      25945.965,
      26440.893,
      23412.605,
      25803.357,
      27850.178,
      20644.365,
      62612.57,
      55985.57,
      20040.385,
      22573.744,
      99757.33,
      39720.06,
      67108.87,
      36582.72,
      23462.938,
      21793.604,
      33378.27,
      20912.799,
      19310.576,
      27699.184,
      30081.549,
      20057.162,
      34603.008,
      20325.598,
      22825.402,
      22666.02,
      22221.422,
      24863.834,
      21936.209,
      21122.516,
      19209.912,
      16408.117,
      19478.348,
      19881,
      25643.975,
      20837.303,
      46690.992,
      34074.527,
      40869.297,
      53838.086,
      20753.416,
      21676.162,
      38486.934,
      82971.72,
      42001.76,
      39694.895,
      36800.824,
      27632.074,
      32463.912,
      70841.8,
      34661.727,
      18186.502,
      30190.6,
      18010.342,
      20954.742,
      20887.635,
      26147.291,
      24469.57,
      18572.379,
      25409.094,
      25258.1,
      18824.037,
      20719.861,
      28294.775,
      25451.037,
      78920.02,
      28160.557,
      28395.438,
      31247.564,
      40827.355,
      26457.67,
      41682.992,
      95143.59,
      26348.617,
      45785.023,
      31230.787,
      52319.75,
      32279.363,
      22020.096,
      22020.096,
      19998.441,
      29628.562,
      18631.098,
      20669.53,
      18262,
      19637.73,
      28001.174,
      21776.826,
      22263.365,
      26801.604,
      23639.098,
      86931.15,
      22145.926,
      14453.571,
      0,
      109504.89,
      95210.7,
      70556.58,
      28772.926,
      21164.457,
      34074.527,
      61756.934,
      63711.477,
      27766.293,
      26524.78,
      19595.79,
      24956.11,
      17934.844,
      21231.566,
      50012.883,
      31541.166,
      39963.33,
      31440.502,
      31188.844,
      35072.77,
      22246.588,
      85186.31,
      50616.86,
      21516.78,
      24578.621,
      19461.57,
      19688.062,
      22699.574,
      27254.588,
      408986.6,
      21231.566,
      26960.986,
      31415.338,
      21332.23,
      23429.383,
      36641.44,
      59349.402,
      69969.38,
      28277.998,
      44426.066,
      24805.113,
      26105.348,
      44224.742,
      22439.527,
      39409.68,
      17993.564,
      27321.695,
      19360.908,
      22666.02,
      36951.816,
      22800.236,
      25241.322,
      27070.037,
      20988.297,
      34150.023,
      18572.379,
      22942.844,
      24385.684,
      20501.758,
      20543.701,
      20082.328,
      42572.188,
      37035.703,
      30660.361,
      20451.426,
      19419.627,
      27976.008,
      64164.46,
      24545.066,
      39292.24,
      23236.443,
      33680.26,
      35357.984,
      31247.564,
      1.5837356e+06,
      2.0999538e+06,
      333757.53,
      341198.25,
      285707.6,
      316787.4,
      583033.44,
      319060.72,
      755176.06,
      319832.47,
      143185.16,
      87820.336,
      160381.8,
      302828.75,
      219362.1,
      46313.504,
      158863.45,
      51925.484,
      1.0366558e+06,
      194984.8,
      159769.42,
      139854.88,
      82871.055,
      70900.516,
      22565.355,
      23580.377,
      22020.096,
      23890.756,
      23395.828,
      60481.863,
      28437.38,
      26726.105,
      30400.314,
      28085.06,
      21357.396,
      20216.545,
      21483.225,
      66882.375,
      27682.406,
      24352.129,
      24285.02,
      22833.791,
      20736.639,
      25727.861,
      27699.184,
      32044.482,
      30995.906,
      50985.96,
      28168.945,
      43880.81,
      36104.57,
      27279.754,
      64164.46,
      58065.945,
      22347.252,
      26482.836,
      33520.88,
      50197.43,
      51229.23,
      32363.25,
      19604.178,
      23119.004,
      22263.365,
      28085.06,
      23177.725,
      65498.25,
      157269.62,
      3.677567e+08,
      3.6365674e+08,
      3.895858e+08,
      4.4173155e+08,
      4.6518074e+08,
      3.6095286e+08,
      4.6160272e+08,
      2.906734e+08,
      3.8506214e+08,
      3.522322e+08,
      3.1032362e+08,
      3.171684e+08,
      3.463508e+08,
      3.7433466e+08,
      3.643528e+08,
      3.4370163e+08,
      3.3446134e+08,
      2.5810602e+08,
      2.9339834e+08,
      3.8516275e+08,
      4.4077117e+08,
      3.5057574e+08,
      2.3111315e+08,
      1.7391456e+08,
      2.2000195e+08,
      1.2668884e+08,
      1.1066341e+08,
      1.0496502e+08,
      1.9012043e+08,
      2.5161536e+08,
      1.3458915e+08,
      1.04842504e+08,
      1.1240699e+08,
      1.9869923e+08,
      1.23635064e+08,
      1.9966776e+08,
      1.1083351e+08,
      7.968512e+07,
      1.3605784e+08,
      3.0476154e+08,
      4.1254112e+08,
      2.1525782e+08,
      1.7744586e+08,
      3.5621315e+08,
      2.4846598e+08,
      3.1748147e+08,
      3.5281085e+08,
      2.7790794e+08,
      3.128922e+08,
      3.2483917e+08,
      2.9616934e+08,
      2.892537e+08,
      2.5215736e+08,
      3.5401034e+08,
      3.8000384e+08,
      3.7879046e+08,
      2.8801757e+08,
      2.9820688e+08,
      3.0083702e+08,
      3.161934e+08,
      2.8835613e+08,
      3.519827e+08,
      3.4948944e+08,
      2.897294e+08,
      2.987793e+08,
      3.2994547e+08,
      3.2418845e+08,
      1.7943427e+08,
      8.156704e+07,
      9.745519e+07,
      9.608982e+07,
      1.2717717e+08,
      6.804473e+07,
      1.8789405e+08,
      1.9177378e+08,
      1.9777221e+08,
      1.0556436e+08,
      2.1265365e+08,
      2.0195571e+08,
      1.9593533e+08,
      1.9651334e+08,
      1.37274e+08,
      1.1852983e+08,
      4.4339683e+08,
      0,
      4.675149e+08,
      3.77007e+08,
      3.6297072e+08,
      4.0333872e+08,
      4.6163907e+08,
      4.400018e+08,
      4.2833155e+08,
      2.9369923e+08,
      3.9572416e+08,
      4.209842e+08,
      4.635624e+08,
      3.3283696e+08,
      3.0883984e+08,
      2.3892707e+08,
      2.0074734e+08,
      2.8484874e+08,
      2.946009e+08,
      2.3291467e+08,
      9.1390696e+07,
      2.2065986e+08,
      1.6395942e+08,
      2.1058088e+08,
      9.5819256e+07,
      1.759832e+08,
      2.8686605e+08,
      2.6278082e+08,
      3.6577814e+08,
      2.9414333e+08,
      2.2644718e+08,
      2.3236957e+08,
      2.367487e+08,
      3.899654e+08,
      2.8735344e+08,
      3.0422954e+08,
      2.7104672e+08,
      7.607106e+07,
      115074.92,
      39208.355,
      60507.03,
      52806.29,
      27791.459,
      36012.293,
      19805.504,
      37035.703,
      30123.492,
      39275.46,
      25618.809,
      25803.357,
      33755.758,
      20988.297,
      21432.893,
      56572.773,
      29293.02,
      37153.145,
      48091.89,
      25820.135,
      79893.1,
      19243.467,
      90336.92,
      16215.18,
      20719.861,
      34200.355,
      27288.143,
      28177.334,
      18891.145,
      30442.258,
      24268.242,
      23211.28,
      86134.23,
      21298.676,
      22590.521,
      53057.945,
      32589.742,
      20845.691,
      23697.818,
      58661.535,
      28428.992,
      17691.574,
      25534.922,
      22011.707,
      100831.07,
      67100.48,
      21256.732,
      25006.441,
      22917.678,
      44065.36,
      61941.48,
      60918.07,
      21567.111,
      76990.64,
      77460.41,
      123606.14,
      68274.88,
      21189.623,
      24041.75,
      67670.9,
      87543.516,
      37371.25,
      27070.037,
      21575.5,
      24159.191,
      24167.58,
      62167.973,
      37765.51,
      66915.93,
      71194.12,
      18698.207,
      23798.48,
      25341.984,
      37346.082,
      75094.82,
      58988.69,
      23924.31,
      37362.86,
      22775.07,
      27749.516,
      76126.62,
      43570.43,
      23496.49,
      19696.451,
      19688.062,
      22431.139,
      20887.635,
      24972.887,
      35282.484,
      26633.83,
      26432.504,
      22456.303,
      24016.584,
      20526.924,
      32572.965,
      20854.08,
      40399.535,
      27221.033,
      21449.67,
      35014.05,
      30047.994,
      29309.797,
      26809.99,
      20057.162,
      33889.977,
      57453.58,
      25123.88,
      22246.588,
      32354.861,
      23949.477,
      26038.238,
      19964.887,
      92752.836,
      34418.457,
      89850.38,
      94371.84,
      34619.785,
      32799.457,
      93885.3,
      30148.656,
      65775.08,
      61538.83,
      65691.19,
      53024.39,
      69600.28,
      21164.457,
      36112.957,
      38059.113,
      28127.002,
      46246.395,
      20619.2,
      25425.871,
      33504.1,
      32203.865,
      26466.059,
      64323.848,
      29251.076,
      30081.549,
      36112.957,
      43813.7,
      26415.727,
      33344.72,
      26239.566,
      37513.855,
      20501.758,
      36012.293,
      24226.3,
      48159,
      24947.72,
      32136.758,
      32111.592,
      27070.037,
      26096.959,
      24234.69,
      24477.959,
      24310.186,
      25761.416,
      28747.76,
      85228.26,
      52915.34,
      39787.168,
      20191.379,
      42412.8,
      17909.678,
      33462.156,
      86360.72,
      35903.242,
      27497.857,
      34770.78,
      30601.643,
      20250.1,
      31381.783,
      50130.32,
      556567.4,
      32363.25,
      18748.54,
      19964.887,
      25107.104,
      29158.8,
      31390.172,
      63627.59,
      22632.465,
      33546.043,
      39711.67,
      30131.88,
      21332.23,
      65624.08,
      38075.89,
      31214.01,
      74063.02,
      59575.895,
      36037.46,
      20199.768,
      21877.49,
      22271.754,
      58317.6,
      35433.48,
      38637.93,
      33151.777,
      38201.723,
      26650.607,
      18530.436,
      39862.664,
      36146.51,
      25065.16,
      20157.824,
      25534.922,
      28353.494,
      29125.246,
      30836.523,
      24192.746,
      24897.389,
      51564.773,
      31214.01,
      22305.309,
      19352.52,
      19771.95,
      19998.441,
      30266.098,
      49811.555,
      21164.457,
      21768.438,
      29586.621,
      19738.395,
      18454.938,
      56757.32,
      25820.135,
      31658.607,
      20325.598,
      36859.543,
      20526.924,
      17800.627,
      45701.137,
      18496.88,
      21156.07,
      20493.37,
      80715.19,
      31012.684,
      32505.855,
      30190.6,
      21063.795,
      22045.262,
      24117.248,
      17993.564,
      22917.678,
      338052.5,
      22028.484,
      28168.945,
      46296.727,
      48251.273,
      26474.447,
      26281.51,
      33571.21,
      18245.223,
      3.0499292e+07,
      1.564963e+08,
      1.4582854e+08,
      1.3370417e+08,
      1.527257e+08,
      1.4630818e+08,
      1.2730285e+08,
      1.1130592e+08,
      8.415776e+07,
      1.5211789e+08,
      1.571744e+08,
      1.0054436e+08,
      1.1353015e+08,
      1.6932101e+08,
      1.7615869e+08,
      1.4331466e+08,
      1.431695e+08,
      1.5489504e+08,
      1.7564869e+08,
      1.29060616e+08,
      1.4155018e+08,
      2.0190776e+08,
      1.4315085e+08,
      1.583463e+08,
      1.28006e+08,
      1.5713246e+08,
      1.7563192e+08,
      1.7019474e+08,
      2.137966e+08,
      1.8346478e+08,
      3.1370794e+07,
      1.289591e+08,
      1.7464288e+08,
      2.0317702e+08,
      1.9513267e+08,
      2.157437e+08,
      1.873997e+08,
      9.819024e+07,
      9.026065e+07,
      1.0550105e+08,
      8.3487976e+07,
      1.114956e+08,
      9.297387e+07,
      1.18436024e+08,
      1.21089144e+08,
      1.5961715e+08,
      1.6401461e+08,
      1.7193322e+08,
      2.0128077e+08,
      1.9491866e+08,
      8.410786e+07,
      1.9771014e+08,
      1.4007867e+08,
      1.4538114e+08,
      1.8305528e+08,
      2.038647e+08,
      1.7822104e+08,
      2.21234e+08,
      2.5102331e+08,
      1.4194662e+08,
      1.8332368e+08,
      1.4962758e+08,
      1.8105262e+08,
      1.5408058e+08,
      1.9316192e+08,
      2.0395712e+08,
      2.3005547e+08,
      1.8332413e+08,
      1.9236251e+08,
      2.0782965e+08,
      1.9375925e+08,
      1.9399883e+08,
      2.080393e+08,
      2.7984627e+08,
      1.516815e+08,
      1.6181926e+08,
      1.6922731e+08,
      2.0582914e+08,
      1.9715e+08,
      1.8387731e+08,
      2.5379547e+08,
      2.7095107e+08,
      1.6590896e+08,
      1.5352882e+08,
      1.9002387e+08,
      2.1146077e+08,
      1.5873237e+08,
      1.8575134e+08,
      2.3147654e+08,
      2.3782163e+08,
      1.477537e+08,
      1.2846379e+08,
      1.3581955e+08,
      9.579858e+07,
      1.03981544e+08,
      9.9936584e+07,
      1.0694827e+08,
      1.20464136e+08,
      1.5331104e+08,
      1.7285614e+08,
      1.939646e+08,
      1.600631e+08,
      2.1020157e+08,
      1.6273398e+08,
      2.2335438e+08,
      1.8121118e+08,
      2.2905949e+08,
      2.265037e+08,
      3.16959e+08,
      2.1492773e+08,
      2.104702e+08,
      2.688572e+08,
      2.3361635e+08,
      2.1060902e+08,
      2.3809682e+08,
      2.4933646e+08,
      2.5030886e+08,
      2.843589e+08,
      2.1291016e+08,
      2.6692534e+08,
      2.5483152e+08,
      2.2137723e+08,
      2.6941456e+08,
      2.6774696e+08,
      2.7218208e+08,
      2.4111154e+08,
      2.3052454e+08,
      1.8055491e+08,
      3.0026582e+08,
      2.7511798e+08,
      3.1686637e+08,
      3.0869968e+08,
      1.401655e+07,
      42060.48,
      20375.93,
      24754.781,
      38822.477,
      438355.1,
      672867,
      550049.44,
      716613.6,
      666281.94,
      630697.5,
      555233.56,
      512493.62,
      647491.5,
      567279.6,
      545704.1,
      567757.75,
      499080.22,
      551626.5,
      662247.06,
      641065.8,
      538506.7,
      593175.25,
      556953.25,
      574040.8,
      390120.6,
      642550.6,
      605925.94,
      641753.7,
      610439,
      597629.6,
      637416.75,
      619138,
      656358.25,
      554906.44,
      508441.9,
      607326.8,
      479450.88,
      456038.28,
      509129.78,
      499969.44,
      497377.34,
      527844.75,
      436182.44,
      435746.25,
      492260.28,
      494181.28,
      474216.4,
      452355.7,
      433347.1,
      460173.88,
      421678.56,
      478242.94,
      465240.6,
      479987.75,
      404876.16,
      338077.7,
      406688.1,
      476229.66,
      416762.8,
      405840.84,
      432717.97,
      483485.8,
      414271.4,
      362371.1,
      354771,
      339747,
      362723.4,
      395061.5,
      466003.94,
      365458.1,
      452783.5,
      514615.94,
      515949.72,
      525462.4,
      446575.94,
      409506.7,
      398702.16,
      452330.53,
      516159.44,
      538691.25,
      464150.06,
      553421.6,
      451063.84,
      428389.44,
      446819.22,
      523927.28,
      480893.72,
      413399,
      360416.53,
      365449.72,
      322625.88,
      544957.5,
      505338.12,
      511470.22,
      473436.25,
      468478.6,
      494231.62,
      514062.28,
      479090.2,
      545150.44,
      504247.62,
      376690.44,
      511294.03,
      474778.44,
      499910.72,
      409942.88,
      397192.2,
      389264.97,
      426241.94,
      466045.9,
      442138.38,
      478863.7,
      409246.62,
      386647.72,
      300194.72,
      268930.38,
      394323.28,
      343161.2,
      479845.16,
      450266.94,
      258016.81,
      264920.62,
      362379.47,
      324093.88,
      395229.28,
      278048.8,
      33915.14
    ],
    "uplinkThroughputBps": [
      68828.53,
      57579.406,
      84171.29,
      72477.57,
      67326.97,
      128488.31,
      75757.516,
      74096.58,
      70212.65,
      101980.305,
      62469.965,
      50583.305,
      53569.652,
      59919.83,
      66890.76,
      90110.43,
      73945.58,
      52294.582,
      59164.85,
      74817.99,
      87107.305,
      98918.47,
      241491.25,
      81344.33,
      56044.29,
      62822.285,
      76839.65,
      100654.91,
      52672.07,
      61530.44,
      49593.45,
      66664.266,
      75673.63,
      79079.41,
      70967.625,
      54811.164,
      71538.05,
      39090.914,
      77846.28,
      93524.59,
      83676.37,
      53519.32,
      58443.434,
      50860.13,
      89212.84,
      75522.64,
      93398.76,
      54140.074,
      51640.27,
      49559.895,
      75547.805,
      77905,
      69768.055,
      60255.37,
      55004.1,
      52051.312,
      81965.086,
      84347.45,
      66790.09,
      43780.145,
      67268.25,
      46246.395,
      68929.195,
      102584.29,
      68803.36,
      60012.1,
      54978.938,
      51053.066,
      81864.42,
      71965.87,
      67452.8,
      78282.49,
      69692.555,
      71026.34,
      64927.824,
      86511.71,
      86704.65,
      82652.95,
      72402.08,
      69935.83,
      34426.848,
      60205.04,
      49266.293,
      71336.72,
      76093.06,
      68979.52,
      64734.887,
      52940.504,
      51715.77,
      76118.23,
      75346.48,
      74524.39,
      49098.523,
      56631.492,
      43973.082,
      75950.45,
      79448.51,
      67461.19,
      56681.824,
      46523.22,
      83214.99,
      13228.835,
      15158.215,
      10032.775,
      10032.775,
      30073.16,
      13564.379,
      10032.775,
      14109.639,
      10032.775,
      11081.352,
      16768.828,
      10032.775,
      9210.691,
      15174.992,
      14772.339,
      15980.298,
      14629.732,
      10032.775,
      10032.775,
      25811.746,
      12742.296,
      10032.775,
      14076.084,
      10854.858,
      25417.482,
      17792.238,
      10032.775,
      10032.775,
      15183.381,
      10955.522,
      13807.648,
      14629.732,
      10032.775,
      10032.775,
      18807.26,
      14629.732,
      16785.605,
      23999.807,
      10032.775,
      17297.31,
      26726.105,
      10032.775,
      10032.775,
      14629.732,
      15267.267,
      15510.536,
      14629.732,
      10032.775,
      10032.775,
      14076.084,
      24335.352,
      10032.775,
      14076.084,
      10032.775,
      13656.654,
      18404.605,
      10032.775,
      10032.775,
      34175.188,
      10032.775,
      13254.001,
      15183.381,
      10955.522,
      10032.775,
      17699.963,
      15737.028,
      10032.775,
      23932.7,
      14629.732,
      11098.128,
      15619.588,
      9210.691,
      10032.775,
      15183.381,
      14445.183,
      17045.652,
      14629.732,
      10754.195,
      10032.775,
      26340.229,
      15183.381,
      9210.691,
      14076.084,
      10032.775,
      27304.92,
      16785.605,
      10032.775,
      10032.775,
      15183.381,
      11098.128,
      13564.379,
      13866.369,
      10032.775,
      10032.775,
      20241.71,
      24368.906,
      10032.775,
      658212.1,
      1.02063356e+06,
      190102.64,
      119495.72,
      206066.16,
      131399.16,
      321334.03,
      794778.7,
      4.4503745e+06,
      166740.36,
      75925.29,
      46414.168,
      235686.33,
      2.1778755e+06,
      6.977468e+06,
      41062.234,
      40818.965,
      33336.33,
      365382.6,
      48788.145,
      645755.06,
      105453.19,
      17725.129,
      19117.637,
      15686.697,
      9714.008,
      10032.775,
      17699.963,
      15183.381,
      10032.775,
      25014.828,
      10032.775,
      10032.775,
      17792.238,
      10032.775,
      9210.691,
      15183.381,
      13656.654,
      17045.652,
      14629.732,
      10032.775,
      10032.775,
      14076.084,
      14629.732,
      10586.423,
      13816.037,
      10032.775,
      37690.016,
      19109.25,
      10032.775,
      10032.775,
      15183.381,
      10032.775,
      14076.084,
      14420.018,
      10032.775,
      10821.305,
      18765.316,
      22976.396,
      11140.071,
      14797.505,
      66714.6,
      90177.54,
      80111.2,
      86629.16,
      81663.1,
      191151.2,
      67645.734,
      83944.8,
      71152.17,
      62671.29,
      70799.85,
      72032.98,
      75044.484,
      58284.047,
      120972.12,
      62503.52,
      61958.258,
      87249.914,
      79431.73,
      58057.555,
      63971.523,
      77762.4,
      74029.47,
      57344.523,
      72603.4,
      55499.03,
      88214.6,
      93264.55,
      61488.496,
      84573.945,
      65439.53,
      68115.5,
      69055.02,
      80539.02,
      59986.938,
      57696.848,
      66521.664,
      93818.195,
      84045.46,
      52286.195,
      63065.555,
      71647.1,
      82803.95,
      62771.953,
      86796.93,
      65691.19,
      95604.97,
      58133.055,
      81839.26,
      60993.57,
      74104.96,
      58980.305,
      124117.84,
      72989.28,
      61345.89,
      68392.32,
      92132.08,
      67645.734,
      74432.12,
      60540.582,
      79414.95,
      81235.28,
      65783.46,
      65187.87,
      165666.62,
      241675.8,
      254409.7,
      500288.2,
      272218.72,
      362463.38,
      358889.8,
      442960.44,
      82023.81,
      81646.32,
      68602.04,
      54492.4,
      68006.445,
      92929,
      84146.125,
      67947.73,
      74784.44,
      67226.305,
      78324.43,
      67771.56,
      57185.14,
      60515.418,
      95193.92,
      71655.49,
      76814.484,
      70321.7,
      0,
      23781.703,
      71991.03,
      68761.42,
      70799.85,
      83491.81,
      64307.07,
      86981.48,
      76420.22,
      76101.45,
      63946.36,
      59089.355,
      93314.875,
      72662.125,
      71101.84,
      598233.56,
      80354.48,
      85924.516,
      69390.56,
      77561.07,
      108020.1,
      72435.63,
      66999.81,
      65204.65,
      77359.74,
      40022.047,
      81059.12,
      64684.555,
      68878.86,
      75128.375,
      61614.324,
      82258.69,
      86838.87,
      64416.12,
      75413.586,
      61362.668,
      76428.61,
      44996.492,
      84020.3,
      83676.37,
      93172.266,
      9.310508e+07,
      3.355129e+08,
      3.1577085e+08,
      3.2426618e+08,
      3.3876902e+08,
      3.2828826e+08,
      3.2834835e+08,
      3.2073427e+08,
      3.1541386e+08,
      3.2329405e+08,
      3.1640106e+08,
      3.3189248e+08,
      3.2203373e+08,
      3.083061e+08,
      3.018694e+08,
      3.2214026e+08,
      3.262738e+08,
      3.104434e+08,
      3.210287e+08,
      3.115139e+08,
      3.194041e+08,
      3.3613693e+08,
      3.1386877e+08,
      3.2442256e+08,
      3.1605875e+08,
      3.1689235e+08,
      3.2123222e+08,
      3.3140006e+08,
      3.114147e+08,
      3.214893e+08,
      3.155512e+08,
      3.1893184e+08,
      3.1416982e+08,
      3.2974915e+08,
      3.3180307e+08,
      3.3621498e+08,
      3.238819e+08,
      3.2278883e+08,
      3.1843917e+08,
      3.338032e+08,
      3.0888403e+08,
      3.1069354e+08,
      3.1866662e+08,
      3.1622774e+08,
      3.2143594e+08,
      3.223173e+08,
      3.1766717e+08,
      3.2731725e+08,
      3.1289232e+08,
      3.2745936e+08,
      3.208231e+08,
      3.2192477e+08,
      3.0960835e+08,
      3.2109952e+08,
      3.2099494e+08,
      3.3266032e+08,
      3.2156067e+08,
      3.1752486e+08,
      3.202106e+08,
      3.1977206e+08,
      3.2112403e+08,
      3.0305792e+08,
      3.2873648e+08,
      3.070502e+08,
      3.10376e+08,
      3.318688e+08,
      3.2020352e+08,
      3.1198013e+08,
      3.2149488e+08,
      3.0741763e+08,
      3.266765e+08,
      3.1725542e+08,
      3.239389e+08,
      3.1594234e+08,
      3.1625773e+08,
      3.2982938e+08,
      3.386832e+08,
      3.1570218e+08,
      3.314632e+08,
      3.2711994e+08,
      3.299935e+08,
      3.3291043e+08,
      3.125575e+08,
      3.1462422e+08,
      3.1968742e+08,
      3.185667e+08,
      3.1652003e+08,
      3.218414e+08,
      3.2229702e+08,
      3.328996e+08,
      3.2282384e+08,
      3.3312477e+08,
      3.0800573e+08,
      3.2551325e+08,
      3.2571155e+08,
      3.205248e+08,
      3.1929587e+08,
      3.300001e+08,
      3.18374e+08,
      3.2201994e+08,
      3.2390736e+08,
      3.203178e+08,
      3.342901e+08,
      3.3455194e+08,
      3.2893664e+08,
      3.160599e+08,
      3.1881245e+08,
      3.2736413e+08,
      3.3184544e+08,
      3.2491085e+08,
      3.1675722e+08,
      3.2492842e+08,
      2.6546272e+08,
      2.288549e+08,
      3.0719165e+08,
      3.064004e+08,
      3.2754246e+08,
      3.0314838e+08,
      3.220651e+08,
      2.6075949e+08,
      1.9133995e+08,
      93457.484,
      83777.03,
      98708.75,
      68249.71,
      95151.984,
      99765.72,
      109915.93,
      76772.54,
      238764.95,
      79649.836,
      94908.71,
      103154.71,
      73450.65,
      99119.79,
      79414.95,
      87157.64,
      70581.75,
      48083.5,
      83072.38,
      92568.29,
      105386.086,
      60909.684,
      38965.086,
      67117.25,
      84120.96,
      92643.79,
      78852.914,
      75539.414,
      74247.57,
      66060.29,
      98759.08,
      66337.11,
      98968.8,
      45382.37,
      73853.305,
      48519.707,
      67662.516,
      91460.99,
      71512.88,
      57864.617,
      84674.61,
      49543.117,
      64718.11,
      89833.6,
      92207.58,
      69566.73,
      50130.32,
      66806.875,
      67226.305,
      76495.72,
      74876.72,
      69239.57,
      46707.77,
      52680.457,
      80631.3,
      74365.01,
      89489.67,
      50398.758,
      55582.918,
      49392.125,
      68149.055,
      60154.707,
      69776.44,
      59198.406,
      54148.465,
      86973.086,
      71621.94,
      71202.51,
      93868.52,
      68627.2,
      61001.957,
      60733.523,
      77393.3,
      108900.91,
      93331.66,
      70439.14,
      65582.14,
      44509.953,
      99522.445,
      30475.812,
      17716.74,
      10032.775,
      10032.775,
      14545.847,
      14210.302,
      17003.709,
      14646.51,
      10032.775,
      10032.775,
      14042.53,
      14587.789,
      10032.775,
      14034.142,
      10586.423,
      25971.13,
      28571.6,
      11643.388,
      10032.775,
      14587.789,
      10586.423,
      14587.789,
      14587.789,
      10032.775,
      9210.691,
      17658.02,
      24385.684,
      10032.775,
      14042.53,
      10032.775,
      10586.423,
      17708.352,
      19688.062,
      81629.55,
      74281.125,
      97609.84,
      75304.53,
      90445.97,
      85689.63,
      77485.57,
      99077.85,
      70078.43,
      93272.93,
      99849.6,
      92534.734,
      84758.49,
      105746.79,
      72553.07,
      67989.664,
      44048.582,
      168443.25,
      398978.97,
      424060.9,
      379953.62,
      428121,
      397183.8,
      336894.88,
      351700.78,
      452280.2,
      419178.75,
      422324.47,
      320973.3,
      289675.4,
      451332.28,
      393081.78,
      348395.66,
      367681.06,
      410907.56,
      407224.97,
      438564.8,
      394096.8,
      421175.22,
      394440.75,
      421384.94,
      356155.12,
      380196.88,
      409045.3,
      414590.2,
      441928.66,
      437214.25,
      126391.16,
      351776.28,
      377739.03,
      447792.28,
      408005.12,
      501395.5,
      401915,
      272025.78,
      407149.47,
      383795.6,
      407552.12,
      439227.5,
      482747.62,
      378032.62,
      378795.97,
      461977.4,
      426434.88,
      424153.2,
      473385.94,
      450510.2,
      390263.22,
      499986.2,
      405891.2,
      477286.62,
      435897.25,
      460995.94,
      452187.9,
      485700.4,
      488015.66,
      317928.25,
      425277.25,
      363486.78,
      492688.12,
      423943.47,
      420487.38,
      499877.16,
      466373.06,
      368930.97,
      460618.47,
      485272.6,
      403643.03,
      456348.66,
      472555.47,
      509146.56,
      374928.84,
      436291.5,
      439965.72,
      489030.7,
      454503.16,
      426090.97,
      516142.66,
      524329.94,
      384877.72,
      491832.47,
      420789.34,
      492721.66,
      449872.66,
      446517.22,
      479912.25,
      488946.78,
      755092.2,
      626125.7,
      418507.66,
      644085.7,
      382335.97,
      575836,
      468075.94,
      374115.12,
      437071.66,
      437759.5,
      475776.7,
      468193.38,
      461130.16,
      407770.25,
      478469.44,
      505405.25,
      639019,
      503828.2,
      547625.1,
      423633.1,
      483963.97,
      472320.56,
      402502.2,
      435469.4,
      462958.88,
      470751.9,
      442381.62,
      479828.38,
      366716.38,
      460375.2,
      403760.47,
      405740.2,
      439781.16,
      434999.66,
      444797.56,
      416486,
      556173.1,
      891809.7,
      524606.75,
      542608.75,
      551609.7,
      566918.9,
      108531.81,
      79448.51,
      68199.38,
      84565.555,
      86855.65,
      1.9169102e+07,
      2.2001464e+07,
      1.5984753e+07,
      2.168805e+07,
      2.0413208e+07,
      1.888894e+07,
      1.5287919e+07,
      1.4158569e+07,
      1.6500904e+07,
      1.4098549e+07,
      1.540557e+07,
      1.7016996e+07,
      1.3378261e+07,
      1.3580351e+07,
      1.653799e+07,
      1.8699206e+07,
      1.5690765e+07,
      1.6359799e+07,
      1.6904866e+07,
      1.5292298e+07,
      1.0808856e+07,
      1.8585364e+07,
      1.6874842e+07,
      1.7581952e+07,
      1.6198922e+07,
      1.5668225e+07,
      1.8403164e+07,
      1.7109716e+07,
      1.8815958e+07,
      1.5139206e+07,
      1.6759264e+07,
      1.7551174e+07,
      1.98883e+07,
      1.4355257e+07,
      1.5804616e+07,
      1.6428015e+07,
      1.9375394e+07,
      1.6224122e+07,
      1.6475235e+07,
      1.4809005e+07,
      1.6651202e+07,
      1.8084622e+07,
      1.6329038e+07,
      1.4800994e+07,
      1.2916862e+07,
      1.5029424e+07,
      1.4891801e+07,
      1.6636497e+07,
      1.5300175e+07,
      1.8892932e+07,
      1.4073761e+07,
      1.0661317e+07,
      1.520634e+07,
      1.6199384e+07,
      1.3991896e+07,
      1.4570802e+07,
      1.4965738e+07,
      1.418038e+07,
      1.2607348e+07,
      1.3188385e+07,
      1.2137771e+07,
      1.0978356e+07,
      1.2339332e+07,
      1.3041635e+07,
      1.5757002e+07,
      1.211742e+07,
      1.4044518e+07,
      1.7450302e+07,
      1.6723034e+07,
      1.8041816e+07,
      1.4671935e+07,
      1.5513875e+07,
      1.2556597e+07,
      1.4919676e+07,
      1.9665616e+07,
      1.7756394e+07,
      1.4662565e+07,
      1.6962848e+07,
      1.5138594e+07,
      1.3575142e+07,
      1.7386666e+07,
      1.9132334e+07,
      1.5222312e+07,
      1.5827298e+07,
      1.2137343e+07,
      1.2893383e+07,
      1.1335736e+07,
      1.6282036e+07,
      1.6199358e+07,
      1.722687e+07,
      1.7866728e+07,
      1.4762549e+07,
      1.8592686e+07,
      1.6695394e+07,
      1.7548062e+07,
      1.776724e+07,
      1.7414776e+07,
      1.1313665e+07,
      1.8665382e+07,
      1.5496234e+07,
      1.6239817e+07,
      1.3127064e+07,
      1.3273236e+07,
      1.4872113e+07,
      1.3476357e+07,
      1.5390688e+07,
      1.3527041e+07,
      1.5583039e+07,
      1.3164368e+07,
      1.1989493e+07,
      9.467685e+06,
      9.093335e+06,
      1.5661993e+07,
      1.113253e+07,
      1.702416e+07,
      1.5215593e+07,
      8.848698e+06,
      8.700463e+06,
      1.423733e+07,
      1.092612e+07,
      1.4949884e+07,
      9.1133e+06,
      66144.17
    ],
    "outages": [
      {
        "cause": "BOOTING",
        "startTimestampNs": "1400878338205950005",
        "durationNs": "48494843104",
        "didSwitch": false
      },
      {
        "cause": "NO_SCHEDULE",
        "startTimestampNs": "1400878387140730015",
        "durationNs": "11559976437",
        "didSwitch": false
      },
      {
        "cause": "NO_PINGS",
        "startTimestampNs": "1400878399600641908",
        "durationNs": "14040140128",
        "didSwitch": false
      },
      {
        "cause": "NO_PINGS",
        "startTimestampNs": "1400878448980890571",
        "durationNs": "3359892931",
        "didSwitch": false
      },
      {
        "cause": "NO_PINGS",
        "startTimestampNs": "1400878740120727599",
        "durationNs": "880000099",
        "didSwitch": true
      },
      {
        "cause": "NO_PINGS",
        "startTimestampNs": "1400878754860773553",
        "durationNs": "1319948364",
        "didSwitch": true
      },
      {
        "cause": "NO_PINGS",
        "startTimestampNs": "1400878921120717804",
        "durationNs": "940044786",
        "didSwitch": true
      },
      {
        "cause": "NO_PINGS",
        "startTimestampNs": "1400878950020695059",
        "durationNs": "1800094762",
        "didSwitch": true
      },
      {
        "cause": "NO_DOWNLINK",
        "startTimestampNs": "1400879913460752834",
        "durationNs": "399996962",
        "didSwitch": true
      },
      {
        "cause": "NO_DOWNLINK",
        "startTimestampNs": "1400880271600797136",
        "durationNs": "919999021",
        "didSwitch": true
      },
      {
        "cause": "NO_DOWNLINK",
        "startTimestampNs": "1400880300060756684",
        "durationNs": "1760032252",
        "didSwitch": true
      },
      {
        "cause": "NO_PINGS",
        "startTimestampNs": "1400880393960699660",
        "durationNs": "700075799",
        "didSwitch": true
      },
      {
        "cause": "NO_PINGS",
        "startTimestampNs": "1400880479860761384",
        "durationNs": "399880177",
        "didSwitch": true
      },
      {
        "cause": "NO_DOWNLINK",
        "startTimestampNs": "1400880615820734379",
        "durationNs": "540020628",
        "didSwitch": true
      },
      {
        "cause": "NO_DOWNLINK",
        "startTimestampNs": "1400880751320793905",
        "durationNs": "800023402",
        "didSwitch": true
      },
      {
        "cause": "NO_DOWNLINK",
        "startTimestampNs": "1400881148660712243",
        "durationNs": "480204682",
        "didSwitch": true
      }
    ]
  }
}
End time: 1716845960187
