Start time: 1716997055430
[2024-05-29 11:38:00.808710] Connecting to host 35.245.244.238, port 5202
[2024-05-29 11:38:00.809384] Reverse mode, remote host 35.245.244.238 is sending
[2024-05-29 11:38:00.809434] [  5] local 10.47.67.187 port 33969 connected to 35.245.244.238 port 5202
[2024-05-29 11:38:00.809472] [ ID] Interval           Transfer     Bitrate         Jitter    Lost/Total Datagrams
[2024-05-29 11:38:00.809507] [  5]   0.00-0.50   sec  2.01 MBytes  33.8 Mbits/sec  0.206 ms  6672/8181 (82%)  
[2024-05-29 11:38:00.809540] [  5]   0.50-1.00   sec  0.00 Bytes  0.00 bits/sec  0.206 ms  0/0 (0%)  
[2024-05-29 11:38:00.809574] [  5]   1.00-1.50   sec  10.9 KBytes   180 Kbits/sec  39.168 ms  24/32 (75%)  
[2024-05-29 11:38:00.809607] [  5]   1.50-2.00   sec  4.05 MBytes  68.0 Mbits/sec  1.117 ms  85485/88518 (97%)  
[2024-05-29 11:38:00.809640] [  5]   2.00-2.50   sec   543 KBytes  8.89 Mbits/sec  2.038 ms  6564/6961 (94%)  
[2024-05-29 11:38:00.809671] [  5]   2.50-3.00   sec  0.00 Bytes  0.00 bits/sec  2.038 ms  0/0 (0%)  
[2024-05-29 11:38:00.809703] [  5]   3.00-3.50   sec  1.16 MBytes  19.5 Mbits/sec  0.124 ms  57776/58646 (99%)  
[2024-05-29 11:38:00.809737] [  5]   3.50-4.00   sec  1.16 MBytes  19.5 Mbits/sec  4.040 ms  17316/18187 (95%)  
[2024-05-29 11:38:00.809769] [  5]   4.00-4.50   sec  1.98 MBytes  33.4 Mbits/sec  0.457 ms  27384/28870 (95%)  
[2024-05-29 11:38:00.809801] [  5]   4.50-5.00   sec  1.95 MBytes  32.7 Mbits/sec  0.781 ms  20890/22353 (93%)  
[2024-05-29 11:38:00.809831] [  5]   5.00-5.50   sec  2.18 MBytes  36.7 Mbits/sec  0.318 ms  19896/21531 (92%)  
[2024-05-29 11:38:00.809863] [  5]   5.50-6.00   sec  1.02 MBytes  17.1 Mbits/sec  0.692 ms  22592/23354 (97%)  
[2024-05-29 11:38:00.809895] [  5]   6.00-6.50   sec  1.88 MBytes  31.6 Mbits/sec  0.601 ms  11283/12692 (89%)  
[2024-05-29 11:38:00.809927] [  5]   6.50-7.00   sec  2.00 MBytes  33.6 Mbits/sec  0.337 ms  29765/31265 (95%)  
[2024-05-29 11:38:00.809958] [  5]   7.00-7.50   sec  1.73 MBytes  29.1 Mbits/sec  1.010 ms  22093/23392 (94%)  
[2024-05-29 11:38:00.809991] [  5]   7.50-8.00   sec  1.75 MBytes  29.4 Mbits/sec  0.261 ms  19239/20553 (94%)  
[2024-05-29 11:38:00.810023] [  5]   8.00-8.50   sec  1.51 MBytes  25.4 Mbits/sec  0.910 ms  23097/24230 (95%)  
[2024-05-29 11:38:00.810055] [  5]   8.50-9.00   sec  1.55 MBytes  26.0 Mbits/sec  0.956 ms  18478/19642 (94%)  
[2024-05-29 11:38:00.810086] [  5]   9.00-9.50   sec  1.16 MBytes  19.5 Mbits/sec  1.064 ms  20914/21782 (96%)  
[2024-05-29 11:38:00.810166] [  5]   9.50-10.00  sec  1.56 MBytes  26.1 Mbits/sec  0.252 ms  23662/24827 (95%)  
[2024-05-29 11:38:00.810201] [  5]  10.00-10.50  sec  1.14 MBytes  19.2 Mbits/sec  0.693 ms  21257/22112 (96%)  
[2024-05-29 11:38:00.810234] [  5]  10.50-11.00  sec  1.07 MBytes  17.9 Mbits/sec  11.914 ms  12969/13768 (94%)  
[2024-05-29 11:38:00.810266] [  5]  11.00-11.50  sec  1.29 MBytes  21.7 Mbits/sec  1.349 ms  25789/26757 (96%)  
[2024-05-29 11:38:00.810298] [  5]  11.50-12.00  sec  1020 KBytes  16.7 Mbits/sec  1.434 ms  26098/26844 (97%)  
[2024-05-29 11:38:00.810330] [  5]  12.00-12.50  sec   602 KBytes  9.86 Mbits/sec  1.048 ms  20051/20491 (98%)  
[2024-05-29 11:38:00.810361] [  5]  12.50-13.00  sec   539 KBytes  8.82 Mbits/sec  1.588 ms  20222/20616 (98%)  
[2024-05-29 11:38:00.810394] [  5]  13.00-13.50  sec   830 KBytes  13.6 Mbits/sec  1.318 ms  24801/25408 (98%)  
[2024-05-29 11:38:00.810425] [  5]  13.50-14.00  sec   803 KBytes  13.1 Mbits/sec  0.827 ms  13241/13828 (96%)  
[2024-05-29 11:38:00.810456] [  5]  14.00-14.50  sec   790 KBytes  13.0 Mbits/sec  2.185 ms  24827/25405 (98%)  
[2024-05-29 11:38:00.810488] [  5]  14.50-15.00  sec   194 KBytes  3.18 Mbits/sec  1.591 ms  4276/4418 (97%)  
[2024-05-29 11:38:00.810519] [  5]  15.00-15.50  sec   479 KBytes  7.84 Mbits/sec  1.018 ms  601/951 (63%)  
[2024-05-29 11:38:00.810551] [  5]  15.50-16.00  sec   375 KBytes  6.13 Mbits/sec  1.130 ms  514/788 (65%)  
[2024-05-29 11:38:00.810582] [  5]  16.00-16.50  sec   239 KBytes  3.93 Mbits/sec  3.722 ms  305/480 (64%)  
[2024-05-29 11:38:00.810613] [  5]  16.50-17.00  sec   383 KBytes  6.27 Mbits/sec  6.863 ms  444/724 (61%)  
[2024-05-29 11:38:00.810674] [  5]  17.00-17.50  sec   319 KBytes  5.22 Mbits/sec  8.267 ms  454/687 (66%)  
[2024-05-29 11:38:00.810709] [  5]  17.50-18.00  sec   314 KBytes  5.15 Mbits/sec  1.324 ms  452/682 (66%)  
[2024-05-29 11:38:00.810741] [  5]  18.00-18.50  sec   476 KBytes  7.79 Mbits/sec  0.728 ms  603/951 (63%)  
[2024-05-29 11:38:00.810772] [  5]  18.50-19.00  sec   934 KBytes  15.3 Mbits/sec  3.160 ms  25997/26680 (97%)  
[2024-05-29 11:38:00.810803] [  5]  19.00-19.50  sec   865 KBytes  14.2 Mbits/sec  2.733 ms  193633/194266 (1e+02%)  
[2024-05-29 11:38:00.810835] [  5]  19.50-20.00  sec   458 KBytes  7.49 Mbits/sec  10.820 ms  14174/14509 (98%)  
[2024-05-29 11:38:00.810865] [  5]  20.00-20.50  sec  0.00 Bytes  0.00 bits/sec  10.820 ms  0/0 (0%)  
[2024-05-29 11:38:00.810896] [  5]  20.50-21.00  sec  0.00 Bytes  0.00 bits/sec  10.820 ms  0/0 (0%)  
[2024-05-29 11:38:00.810927] [  5]  21.00-21.50  sec  0.00 Bytes  0.00 bits/sec  10.820 ms  0/0 (0%)  
[2024-05-29 11:38:00.810959] [  5]  21.50-22.00  sec  0.00 Bytes  0.00 bits/sec  10.820 ms  0/0 (0%)  
[2024-05-29 11:38:00.810990] [  5]  22.00-22.50  sec  0.00 Bytes  0.00 bits/sec  10.820 ms  0/0 (0%)  
[2024-05-29 11:38:00.811021] [  5]  22.50-23.00  sec  0.00 Bytes  0.00 bits/sec  10.820 ms  0/0 (0%)  
[2024-05-29 11:38:00.811052] [  5]  23.00-23.50  sec  0.00 Bytes  0.00 bits/sec  10.820 ms  0/0 (0%)  
[2024-05-29 11:38:25.308683] [  5]  23.50-24.00  sec   839 KBytes  13.8 Mbits/sec  0.318 ms  198243/198857 (1e+02%)  
[2024-05-29 11:38:25.309161] [  5]  24.00-24.50  sec  1.11 MBytes  18.7 Mbits/sec  0.511 ms  1/834 (0.12%)  
[2024-05-29 11:38:25.309310] [  5]  24.50-25.00  sec  2.20 MBytes  37.0 Mbits/sec  0.260 ms  0/1650 (0%)  
[2024-05-29 11:38:25.309525] [  5]  25.00-25.50  sec  2.71 MBytes  45.4 Mbits/sec  0.564 ms  16108/18134 (89%)  
[2024-05-29 11:38:25.309627] [  5]  25.50-26.00  sec  2.90 MBytes  48.7 Mbits/sec  0.122 ms  35176/37351 (94%)  
[2024-05-29 11:38:25.309727] [  5]  26.00-26.50  sec  3.56 MBytes  59.8 Mbits/sec  0.207 ms  28047/30717 (91%)  
[2024-05-29 11:38:25.309825] [  5]  26.50-27.00  sec  2.75 MBytes  46.1 Mbits/sec  0.324 ms  16366/18426 (89%)  
[2024-05-29 11:38:25.309924] [  5]  27.00-27.50  sec  3.33 MBytes  55.8 Mbits/sec  0.561 ms  17512/20003 (88%)  
[2024-05-29 11:38:25.310023] [  5]  27.50-28.00  sec  3.51 MBytes  58.9 Mbits/sec  0.289 ms  25004/27633 (90%)  
[2024-05-29 11:38:25.310180] [  5]  28.00-28.50  sec  2.98 MBytes  50.0 Mbits/sec  0.027 ms  17498/19731 (89%)  
[2024-05-29 11:38:25.310248] [  5]  28.50-29.00  sec  3.66 MBytes  61.5 Mbits/sec  0.571 ms  21251/23996 (89%)  
[2024-05-29 11:38:25.310298] [  5]  29.00-29.50  sec  3.22 MBytes  54.1 Mbits/sec  0.092 ms  19508/21922 (89%)  
[2024-05-29 11:38:25.310339] [  5]  29.50-30.00  sec  3.55 MBytes  59.6 Mbits/sec  0.279 ms  20967/23626 (89%)  
[2024-05-29 11:38:25.310379] [  5]  30.00-30.50  sec  3.28 MBytes  55.1 Mbits/sec  0.407 ms  18980/21438 (89%)  
[2024-05-29 11:38:25.310421] [  5]  30.50-31.00  sec  3.23 MBytes  54.2 Mbits/sec  0.247 ms  17717/20135 (88%)  
[2024-05-29 11:38:25.310480] [  5]  31.00-31.50  sec  3.36 MBytes  56.4 Mbits/sec  0.332 ms  21997/24514 (90%)  
[2024-05-29 11:38:25.310533] [  5]  31.50-32.00  sec  3.03 MBytes  50.8 Mbits/sec  0.126 ms  18346/20613 (89%)  
[2024-05-29 11:38:25.310589] [  5]  32.00-32.50  sec  2.73 MBytes  45.8 Mbits/sec  0.508 ms  15809/17853 (89%)  
[2024-05-29 11:38:25.310624] [  5]  32.50-33.00  sec  3.22 MBytes  54.0 Mbits/sec  0.117 ms  22124/24533 (90%)  
[2024-05-29 11:38:25.310661] [  5]  33.00-33.50  sec  2.95 MBytes  49.4 Mbits/sec  0.144 ms  20018/22225 (90%)  
[2024-05-29 11:38:25.310696] [  5]  33.50-34.00  sec  2.87 MBytes  48.2 Mbits/sec  1.502 ms  19655/21807 (90%)  
[2024-05-29 11:38:25.310733] [  5]  34.00-34.50  sec  2.59 MBytes  43.4 Mbits/sec  0.387 ms  17002/18940 (90%)  
[2024-05-29 11:38:25.310776] [  5]  34.50-35.00  sec  2.86 MBytes  48.0 Mbits/sec  0.457 ms  19743/21886 (90%)  
[2024-05-29 11:38:25.310816] [  5]  35.00-35.50  sec  2.66 MBytes  44.7 Mbits/sec  0.163 ms  21444/23439 (91%)  
[2024-05-29 11:38:25.310886] [  5]  35.50-36.00  sec  2.35 MBytes  39.4 Mbits/sec  0.135 ms  15392/17151 (90%)  
[2024-05-29 11:38:25.310928] [  5]  36.00-36.50  sec  2.37 MBytes  39.7 Mbits/sec  0.322 ms  18034/19806 (91%)  
[2024-05-29 11:38:25.310969] [  5]  36.50-37.00  sec  1.59 MBytes  26.7 Mbits/sec  0.223 ms  13310/14503 (92%)  
[2024-05-29 11:38:25.311002] [  5]  37.00-37.50  sec  1.72 MBytes  28.8 Mbits/sec  0.688 ms  15253/16538 (92%)  
[2024-05-29 11:38:25.311035] [  5]  37.50-38.00  sec  1.64 MBytes  27.6 Mbits/sec  0.397 ms  13592/14824 (92%)  
[2024-05-29 11:38:25.311067] [  5]  38.00-38.50  sec  1.00 MBytes  16.8 Mbits/sec  1.620 ms  13076/13827 (95%)  
[2024-05-29 11:38:25.311099] [  5]  38.50-39.00  sec  1.18 MBytes  19.8 Mbits/sec  0.576 ms  14209/15093 (94%)  
[2024-05-29 11:38:25.311131] [  5]  39.00-39.50  sec  1.35 MBytes  22.7 Mbits/sec  0.107 ms  14891/15905 (94%)  
[2024-05-29 11:38:25.311163] [  5]  39.50-40.00  sec  1.07 MBytes  18.0 Mbits/sec  1.042 ms  16192/16995 (95%)  
[2024-05-29 11:38:25.311194] [  5]  40.00-40.50  sec  1.25 MBytes  21.0 Mbits/sec  0.091 ms  17147/18086 (95%)  
[2024-05-29 11:38:25.311226] [  5]  40.50-41.00  sec   909 KBytes  14.9 Mbits/sec  1.808 ms  20764/21429 (97%)  
[2024-05-29 11:38:25.311258] [  5]  41.00-41.50  sec  1.02 MBytes  17.1 Mbits/sec  0.736 ms  17878/18643 (96%)  
[2024-05-29 11:38:25.311290] [  5]  41.50-42.00  sec  1.60 MBytes  26.9 Mbits/sec  0.524 ms  23368/24570 (95%)  
[2024-05-29 11:38:25.311321] [  5]  42.00-42.50  sec  1.66 MBytes  27.8 Mbits/sec  0.566 ms  30459/31700 (96%)  
[2024-05-29 11:38:25.311353] [  5]  42.50-43.00  sec  1.55 MBytes  26.0 Mbits/sec  0.461 ms  40779/41941 (97%)  
[2024-05-29 11:38:25.311385] [  5]  43.00-43.50  sec  1.83 MBytes  30.6 Mbits/sec  1.150 ms  23235/24602 (94%)  
[2024-05-29 11:38:25.311418] [  5]  43.50-44.00  sec  1.45 MBytes  24.3 Mbits/sec  0.372 ms  15865/16950 (94%)  
[2024-05-29 11:38:25.311454] [  5]  44.00-44.50  sec  1.43 MBytes  24.0 Mbits/sec  3.000 ms  23119/24189 (96%)  
[2024-05-29 11:38:25.311490] [  5]  44.50-45.00  sec   667 KBytes  10.9 Mbits/sec  1.749 ms  6974/7462 (93%)  
[2024-05-29 11:38:25.311524] [  5]  45.00-45.50  sec   567 KBytes  9.30 Mbits/sec  1.043 ms  5077/5492 (92%)  
[2024-05-29 11:38:25.311558] [  5]  45.50-46.00  sec   585 KBytes  9.59 Mbits/sec  2.736 ms  14899/15327 (97%)  
[2024-05-29 11:38:25.311591] [  5]  46.00-46.50  sec   413 KBytes  6.77 Mbits/sec  4.205 ms  23543/23845 (99%)  
[2024-05-29 11:38:25.311626] [  5]  46.50-47.00  sec   329 KBytes  5.40 Mbits/sec  3.186 ms  18988/19229 (99%)  
[2024-05-29 11:38:25.311661] [  5]  47.00-47.50  sec   361 KBytes  5.91 Mbits/sec  3.638 ms  24070/24334 (99%)  
[2024-05-29 11:38:25.311687] [  5]  47.50-48.00  sec   200 KBytes  3.27 Mbits/sec  4.769 ms  22537/22683 (99%)  
[2024-05-29 11:38:49.808567] [  5]  48.00-48.50  sec   507 KBytes  8.31 Mbits/sec  0.599 ms  22816/23187 (98%)  
[2024-05-29 11:38:49.809057] [  5]  48.50-49.00  sec   376 KBytes  6.16 Mbits/sec  2.672 ms  20383/20658 (99%)  
[2024-05-29 11:38:49.809201] [  5]  49.00-49.50  sec   174 KBytes  2.84 Mbits/sec  5.572 ms  16589/16716 (99%)  
[2024-05-29 11:38:49.809318] [  5]  49.50-50.00  sec   355 KBytes  5.82 Mbits/sec  1.046 ms  22836/23096 (99%)  
[2024-05-29 11:38:49.809427] [  5]  50.00-50.50  sec   257 KBytes  4.21 Mbits/sec  0.953 ms  27482/27670 (99%)  
[2024-05-29 11:38:49.809532] [  5]  50.50-51.00  sec   122 KBytes  1.99 Mbits/sec  1.894 ms  8775/8864 (99%)  
[2024-05-29 11:38:49.809635] [  5]  51.00-51.50  sec   346 KBytes  5.67 Mbits/sec  2.823 ms  33489/33742 (99%)  
[2024-05-29 11:38:49.809736] [  5]  51.50-52.00  sec  0.00 Bytes  0.00 bits/sec  2.823 ms  0/0 (0%)  
[2024-05-29 11:38:49.809839] [  5]  52.00-52.50  sec   336 KBytes  5.51 Mbits/sec  6.273 ms  22115/22361 (99%)  
[2024-05-29 11:38:49.809939] [  5]  52.50-53.00  sec  0.00 Bytes  0.00 bits/sec  6.273 ms  0/0 (0%)  
[2024-05-29 11:38:49.810042] [  5]  53.00-53.50  sec   324 KBytes  5.31 Mbits/sec  0.547 ms  59805/60042 (1e+02%)  
[2024-05-29 11:38:49.810313] [  5]  53.50-54.00  sec  1.84 MBytes  30.9 Mbits/sec  0.397 ms  60157/61535 (98%)  
[2024-05-29 11:38:49.810443] [  5]  54.00-54.50  sec  2.04 MBytes  34.2 Mbits/sec  0.358 ms  45065/46593 (97%)  
[2024-05-29 11:38:49.810548] [  5]  54.50-55.00  sec  1.82 MBytes  30.5 Mbits/sec  0.446 ms  16822/18184 (93%)  
[2024-05-29 11:38:49.810648] [  5]  55.00-55.50  sec  2.30 MBytes  38.5 Mbits/sec  0.196 ms  28254/29973 (94%)  
[2024-05-29 11:38:49.810753] [  5]  55.50-56.00  sec  2.21 MBytes  37.1 Mbits/sec  0.207 ms  18866/20523 (92%)  
[2024-05-29 11:38:49.810861] [  5]  56.00-56.50  sec  2.55 MBytes  42.7 Mbits/sec  0.571 ms  30667/32574 (94%)  
[2024-05-29 11:38:49.810961] [  5]  56.50-57.00  sec  1.66 MBytes  27.9 Mbits/sec  0.859 ms  13815/15060 (92%)  
[2024-05-29 11:38:49.811060] [  5]  57.00-57.50  sec  1.79 MBytes  30.0 Mbits/sec  0.382 ms  13811/15149 (91%)  
[2024-05-29 11:38:49.811158] [  5]  57.50-58.00  sec  2.49 MBytes  41.8 Mbits/sec  0.055 ms  21079/22943 (92%)  
[2024-05-29 11:38:49.811259] [  5]  58.00-58.50  sec  1.60 MBytes  26.8 Mbits/sec  0.817 ms  21056/22253 (95%)  
[2024-05-29 11:38:49.811360] [  5]  58.50-59.00  sec  1.77 MBytes  29.7 Mbits/sec  0.558 ms  20106/21432 (94%)  
[2024-05-29 11:38:49.811463] [  5]  59.00-59.50  sec  1.56 MBytes  26.1 Mbits/sec  0.318 ms  13504/14670 (92%)  
[2024-05-29 11:38:49.811564] [  5]  59.50-60.00  sec  1.66 MBytes  27.8 Mbits/sec  0.441 ms  18480/19722 (94%)  
[2024-05-29 11:38:49.811663] [  5]  60.00-60.50  sec  1.48 MBytes  24.8 Mbits/sec  0.348 ms  16689/17795 (94%)  
[2024-05-29 11:38:49.811763] [  5]  60.50-61.00  sec  1.50 MBytes  25.1 Mbits/sec  0.980 ms  18648/19770 (94%)  
[2024-05-29 11:38:49.811861] [  5]  61.00-61.50  sec  1.57 MBytes  26.4 Mbits/sec  1.731 ms  22719/23896 (95%)  
[2024-05-29 11:38:49.811958] [  5]  61.50-62.00  sec  1.92 MBytes  32.2 Mbits/sec  0.412 ms  27129/28566 (95%)  
[2024-05-29 11:38:49.812055] [  5]  62.00-62.50  sec  1.92 MBytes  32.2 Mbits/sec  0.576 ms  24550/25987 (94%)  
[2024-05-29 11:38:49.812154] [  5]  62.50-63.00  sec  2.02 MBytes  33.9 Mbits/sec  0.614 ms  29778/31290 (95%)  
[2024-05-29 11:38:49.812251] [  5]  63.00-63.50  sec  1.81 MBytes  30.4 Mbits/sec  0.796 ms  17285/18640 (93%)  
[2024-05-29 11:38:49.812357] [  5]  63.50-64.00  sec  2.88 MBytes  48.3 Mbits/sec  0.441 ms  31916/34074 (94%)  
[2024-05-29 11:38:49.812460] [  5]  64.00-64.50  sec  2.25 MBytes  37.8 Mbits/sec  0.363 ms  26895/28583 (94%)  
[2024-05-29 11:38:49.812561] [  5]  64.50-65.00  sec  1.96 MBytes  32.8 Mbits/sec  0.379 ms  13262/14727 (90%)  
[2024-05-29 11:38:49.812662] [  5]  65.00-65.50  sec  3.05 MBytes  51.1 Mbits/sec  0.962 ms  25795/28077 (92%)  
[2024-05-29 11:38:49.812760] [  5]  65.50-66.00  sec  1.75 MBytes  29.4 Mbits/sec  2.248 ms  18248/19561 (93%)  
[2024-05-29 11:38:49.812861] [  5]  66.00-66.50  sec  2.19 MBytes  36.8 Mbits/sec  1.250 ms  15908/17549 (91%)  
[2024-05-29 11:38:49.812961] [  5]  66.50-67.00  sec  1.95 MBytes  32.8 Mbits/sec  0.353 ms  12564/14028 (90%)  
[2024-05-29 11:38:49.813059] [  5]  67.00-67.50  sec  1.76 MBytes  29.5 Mbits/sec  0.847 ms  21651/22966 (94%)  
[2024-05-29 11:38:49.813160] [  5]  67.50-68.00  sec  2.01 MBytes  33.7 Mbits/sec  1.872 ms  20700/22204 (93%)  
[2024-05-29 11:38:49.813259] [  5]  68.00-68.50  sec  2.27 MBytes  38.1 Mbits/sec  0.376 ms  22491/24191 (93%)  
[2024-05-29 11:38:49.813358] [  5]  68.50-69.00  sec  2.83 MBytes  47.6 Mbits/sec  0.435 ms  30928/33051 (94%)  
[2024-05-29 11:38:49.813460] [  5]  69.00-69.50  sec  2.68 MBytes  45.0 Mbits/sec  0.827 ms  27392/29402 (93%)  
[2024-05-29 11:38:49.813563] [  5]  69.50-70.00  sec  3.50 MBytes  58.7 Mbits/sec  0.757 ms  25126/27745 (91%)  
[2024-05-29 11:38:49.813664] [  5]  70.00-70.50  sec  2.89 MBytes  48.4 Mbits/sec  0.246 ms  20260/22423 (90%)  
[2024-05-29 11:38:49.813765] [  5]  70.50-71.00  sec  2.68 MBytes  45.0 Mbits/sec  0.510 ms  14925/16936 (88%)  
[2024-05-29 11:38:49.813863] [  5]  71.00-71.50  sec  1.97 MBytes  33.1 Mbits/sec  1.139 ms  13981/15457 (90%)  
[2024-05-29 11:38:49.813976] [  5]  71.50-72.00  sec  3.21 MBytes  53.8 Mbits/sec  0.396 ms  23205/25606 (91%)  
[2024-05-29 11:38:49.814081] [  5]  72.00-72.50  sec  3.87 MBytes  65.0 Mbits/sec  0.129 ms  36226/39128 (93%)  
[2024-05-29 11:39:14.308472] [  5]  72.50-73.00  sec  3.46 MBytes  58.0 Mbits/sec  1.117 ms  17037/19626 (87%)  
[2024-05-29 11:39:14.308885] [  5]  73.00-73.50  sec  3.15 MBytes  52.8 Mbits/sec  0.688 ms  14226/16582 (86%)  
[2024-05-29 11:39:14.309012] [  5]  73.50-74.00  sec  3.39 MBytes  56.8 Mbits/sec  0.092 ms  22189/24725 (90%)  
[2024-05-29 11:39:14.309120] [  5]  74.00-74.50  sec  3.83 MBytes  64.2 Mbits/sec  0.846 ms  23688/26556 (89%)  
[2024-05-29 11:39:14.309223] [  5]  74.50-75.00  sec  3.21 MBytes  53.9 Mbits/sec  0.262 ms  16798/19202 (87%)  
[2024-05-29 11:39:14.309323] [  5]  75.00-75.50  sec  2.92 MBytes  48.9 Mbits/sec  2.099 ms  16655/18839 (88%)  
[2024-05-29 11:39:14.309424] [  5]  75.50-76.00  sec  2.23 MBytes  37.4 Mbits/sec  0.818 ms  11928/13598 (88%)  
[2024-05-29 11:39:14.309522] [  5]  76.00-76.50  sec  1.84 MBytes  30.9 Mbits/sec  1.109 ms  11935/13315 (90%)  
[2024-05-29 11:39:14.309618] [  5]  76.50-77.00  sec  1.25 MBytes  21.0 Mbits/sec  0.767 ms  7196/8135 (88%)  
[2024-05-29 11:39:14.309716] [  5]  77.00-77.50  sec   811 KBytes  13.3 Mbits/sec  1.287 ms  6854/7447 (92%)  
[2024-05-29 11:39:14.309813] [  5]  77.50-78.00  sec   726 KBytes  11.9 Mbits/sec  1.599 ms  6152/6683 (92%)  
[2024-05-29 11:39:14.309912] [  5]  78.00-78.50  sec   480 KBytes  7.86 Mbits/sec  1.739 ms  9786/10137 (97%)  
[2024-05-29 11:39:14.310010] [  5]  78.50-79.00  sec   250 KBytes  4.10 Mbits/sec  3.742 ms  10584/10767 (98%)  
[2024-05-29 11:39:14.310155] [  5]  79.00-79.50  sec  87.5 KBytes  1.43 Mbits/sec  13.983 ms  19230/19294 (1e+02%)  
[2024-05-29 11:39:14.310262] [  5]  79.50-80.00  sec  84.8 KBytes  1.39 Mbits/sec  13.441 ms  33948/34010 (1e+02%)  
[2024-05-29 11:39:14.310361] [  5]  80.00-80.50  sec   111 KBytes  1.81 Mbits/sec  12.598 ms  21879/21960 (1e+02%)  
[2024-05-29 11:39:14.310459] [  5]  80.50-81.00  sec  76.6 KBytes  1.25 Mbits/sec  10.576 ms  14361/14417 (1e+02%)  
[2024-05-29 11:39:14.310559] [  5]  81.00-81.50  sec  5.47 KBytes  89.6 Kbits/sec  27.817 ms  6/10 (60%)  
[2024-05-29 11:39:14.310658] [  5]  81.50-82.00  sec  34.2 KBytes   560 Kbits/sec  59.297 ms  56082/56107 (1e+02%)  
[2024-05-29 11:39:14.310755] [  5]  82.00-82.50  sec  2.73 KBytes  44.8 Kbits/sec  66.059 ms  0/2 (0%)  
[2024-05-29 11:39:14.310851] [  5]  82.50-83.00  sec  0.00 Bytes  0.00 bits/sec  66.059 ms  0/0 (0%)  
[2024-05-29 11:39:14.310946] [  5]  83.00-83.50  sec  0.00 Bytes  0.00 bits/sec  66.059 ms  0/0 (0%)  
[2024-05-29 11:39:14.311043] [  5]  83.50-84.00  sec  0.00 Bytes  0.00 bits/sec  66.059 ms  0/0 (0%)  
[2024-05-29 11:39:14.311139] [  5]  84.00-84.50  sec  0.00 Bytes  0.00 bits/sec  66.059 ms  0/0 (0%)  
[2024-05-29 11:39:14.311234] [  5]  84.50-85.00  sec  80.7 KBytes  1.32 Mbits/sec  6.798 ms  245435/245494 (1e+02%)  
[2024-05-29 11:39:14.311330] [  5]  85.00-85.50  sec  2.31 MBytes  38.7 Mbits/sec  0.060 ms  71/1800 (3.9%)  
[2024-05-29 11:39:14.311426] [  5]  85.50-86.00  sec  3.08 MBytes  51.6 Mbits/sec  0.133 ms  13/2318 (0.56%)  
[2024-05-29 11:39:14.311523] [  5]  86.00-86.50  sec  2.79 MBytes  46.8 Mbits/sec  1.187 ms  22026/24116 (91%)  
[2024-05-29 11:39:14.311618] [  5]  86.50-87.00  sec  2.22 MBytes  37.2 Mbits/sec  0.230 ms  15641/17301 (90%)  
[2024-05-29 11:39:14.311716] [  5]  87.00-87.50  sec  2.48 MBytes  41.6 Mbits/sec  0.187 ms  16047/17904 (90%)  
[2024-05-29 11:39:14.311812] [  5]  87.50-88.00  sec  2.97 MBytes  49.8 Mbits/sec  0.142 ms  26391/28613 (92%)  
[2024-05-29 11:39:14.311906] [  5]  88.00-88.50  sec  3.36 MBytes  56.3 Mbits/sec  1.338 ms  27257/29772 (92%)  
[2024-05-29 11:39:14.312002] [  5]  88.50-89.00  sec  3.90 MBytes  65.4 Mbits/sec  0.933 ms  27157/30075 (90%)  
[2024-05-29 11:39:14.312098] [  5]  89.00-89.50  sec  3.67 MBytes  61.5 Mbits/sec  1.159 ms  16455/19201 (86%)  
[2024-05-29 11:39:14.312193] [  5]  89.50-90.00  sec  2.89 MBytes  48.5 Mbits/sec  0.175 ms  14549/16716 (87%)  
[2024-05-29 11:39:14.312320] [  5]  90.00-90.50  sec  2.41 MBytes  40.4 Mbits/sec  0.673 ms  10921/12726 (86%)  
[2024-05-29 11:39:14.312420] [  5]  90.50-91.00  sec  1.61 MBytes  27.1 Mbits/sec  0.354 ms  11382/12590 (90%)  
[2024-05-29 11:39:14.312517] [  5]  91.00-91.50  sec  2.34 MBytes  39.3 Mbits/sec  0.464 ms  18792/20548 (91%)  
[2024-05-29 11:39:14.312616] [  5]  91.50-92.00  sec  2.23 MBytes  37.3 Mbits/sec  0.561 ms  27650/29317 (94%)  
[2024-05-29 11:39:14.312712] [  5]  92.00-92.50  sec  2.63 MBytes  44.2 Mbits/sec  0.216 ms  22351/24322 (92%)  
[2024-05-29 11:39:14.312808] [  5]  92.50-93.00  sec  2.36 MBytes  39.5 Mbits/sec  0.865 ms  24351/26115 (93%)  
[2024-05-29 11:39:14.312902] [  5]  93.00-93.50  sec  3.00 MBytes  50.3 Mbits/sec  0.409 ms  21866/24113 (91%)  
[2024-05-29 11:39:14.312997] [  5]  93.50-94.00  sec  2.25 MBytes  37.8 Mbits/sec  0.395 ms  19022/20709 (92%)  
[2024-05-29 11:39:14.313091] [  5]  94.00-94.50  sec  2.34 MBytes  39.3 Mbits/sec  0.173 ms  15729/17485 (90%)  
[2024-05-29 11:39:14.313184] [  5]  94.50-95.00  sec  2.19 MBytes  36.7 Mbits/sec  0.807 ms  15577/17215 (90%)  
[2024-05-29 11:39:14.313279] [  5]  95.00-95.50  sec  2.03 MBytes  34.1 Mbits/sec  0.762 ms  20347/21870 (93%)  
[2024-05-29 11:39:14.313373] [  5]  95.50-96.00  sec  1.50 MBytes  25.2 Mbits/sec  1.003 ms  13212/14337 (92%)  
[2024-05-29 11:39:14.313468] [  5]  96.00-96.50  sec  1.89 MBytes  31.7 Mbits/sec  0.427 ms  18267/19681 (93%)  
[2024-05-29 11:39:14.313561] [  5]  96.50-97.00  sec  3.32 MBytes  55.6 Mbits/sec  0.912 ms  36769/39252 (94%)  
[2024-05-29 11:39:37.634436] [  5]  97.00-97.50  sec  3.11 MBytes  52.1 Mbits/sec  0.259 ms  31550/33878 (93%)  
[2024-05-29 11:39:37.634928] [  5]  97.50-98.00  sec  2.91 MBytes  48.9 Mbits/sec  0.203 ms  20477/22658 (90%)  
[2024-05-29 11:39:37.635074] [  5]  98.00-98.50  sec  2.25 MBytes  37.7 Mbits/sec  0.105 ms  11455/13139 (87%)  
[2024-05-29 11:39:37.635189] [  5]  98.50-99.00  sec  4.61 MBytes  77.3 Mbits/sec  0.365 ms  37649/41102 (92%)  
[2024-05-29 11:39:37.635292] [  5]  99.00-99.50  sec  2.60 MBytes  43.7 Mbits/sec  0.556 ms  14142/16092 (88%)  
[2024-05-29 11:39:37.635395] [  5]  99.50-100.00 sec  2.49 MBytes  41.8 Mbits/sec  0.188 ms  8941/10809 (83%)  
[2024-05-29 11:39:37.635664] [  5] 100.00-100.50 sec  2.54 MBytes  42.6 Mbits/sec  0.754 ms  19349/21251 (91%)  
[2024-05-29 11:39:37.635765] [  5] 100.50-101.00 sec  3.32 MBytes  55.7 Mbits/sec  0.569 ms  27803/30289 (92%)  
[2024-05-29 11:39:37.635841] [  5] 101.00-101.50 sec  3.02 MBytes  50.6 Mbits/sec  0.109 ms  20647/22908 (90%)  
[2024-05-29 11:39:37.635901] [  5] 101.50-102.00 sec  2.94 MBytes  49.4 Mbits/sec  0.075 ms  18934/21139 (90%)  
[2024-05-29 11:39:37.635961] [  5] 102.00-102.50 sec  3.80 MBytes  63.8 Mbits/sec  0.332 ms  28251/31099 (91%)  
[2024-05-29 11:39:37.636187] [  5] 102.50-103.00 sec  4.12 MBytes  69.2 Mbits/sec  0.122 ms  22045/25133 (88%)  
[2024-05-29 11:39:37.636367] [  5] 103.00-103.50 sec  3.95 MBytes  66.2 Mbits/sec  0.571 ms  16831/19788 (85%)  
[2024-05-29 11:39:37.636547] [  5] 103.50-104.00 sec  4.54 MBytes  76.2 Mbits/sec  0.567 ms  24651/28052 (88%)  
[2024-05-29 11:39:37.636726] [  5] 104.00-104.50 sec  4.94 MBytes  82.9 Mbits/sec  0.057 ms  19834/23535 (84%)  
[2024-05-29 11:39:37.636923] [  5] 104.50-105.00 sec  4.78 MBytes  80.2 Mbits/sec  0.125 ms  18713/22291 (84%)  
[2024-05-29 11:39:37.637110] [  5] 105.00-105.50 sec  4.96 MBytes  83.3 Mbits/sec  0.075 ms  18650/22368 (83%)  
[2024-05-29 11:39:37.637171] [  5] 105.50-106.00 sec  4.79 MBytes  80.3 Mbits/sec  0.092 ms  17383/20969 (83%)  
[2024-05-29 11:39:37.637232] [  5] 106.00-106.50 sec  4.56 MBytes  76.6 Mbits/sec  0.101 ms  19845/23264 (85%)  
[2024-05-29 11:39:37.637292] [  5] 106.50-107.00 sec  4.09 MBytes  68.6 Mbits/sec  0.044 ms  16880/19944 (85%)  
[2024-05-29 11:39:37.637350] [  5] 107.00-107.50 sec  5.09 MBytes  85.3 Mbits/sec  0.201 ms  22632/26441 (86%)  
[2024-05-29 11:39:37.637432] [  5] 107.50-108.00 sec  5.22 MBytes  87.6 Mbits/sec  0.231 ms  18327/22238 (82%)  
[2024-05-29 11:39:37.637517] [  5] 108.00-108.50 sec  5.15 MBytes  86.4 Mbits/sec  0.035 ms  18381/22236 (83%)  
[2024-05-29 11:39:37.637583] [  5] 108.50-109.00 sec  5.54 MBytes  92.9 Mbits/sec  0.607 ms  20161/24310 (83%)  
[2024-05-29 11:39:37.637644] [  5] 109.00-109.50 sec  5.90 MBytes  99.0 Mbits/sec  0.098 ms  18261/22683 (81%)  
[2024-05-29 11:39:37.637703] [  5] 109.50-110.00 sec  7.42 MBytes   124 Mbits/sec  0.035 ms  20927/26483 (79%)  
[2024-05-29 11:39:37.637762] [  5] 110.00-110.50 sec  6.13 MBytes   103 Mbits/sec  0.259 ms  17591/22186 (79%)  
[2024-05-29 11:39:37.637825] [  5] 110.50-111.00 sec  7.10 MBytes   119 Mbits/sec  0.083 ms  17311/22626 (77%)  
[2024-05-29 11:39:37.637884] [  5] 111.00-111.50 sec  6.40 MBytes   107 Mbits/sec  0.200 ms  17043/21835 (78%)  
[2024-05-29 11:39:37.637942] [  5] 111.50-112.00 sec  7.39 MBytes   124 Mbits/sec  0.299 ms  18088/23621 (77%)  
[2024-05-29 11:39:37.638001] [  5] 112.00-112.50 sec  7.83 MBytes   131 Mbits/sec  0.113 ms  18127/23990 (76%)  
[2024-05-29 11:39:37.638059] [  5] 112.50-113.00 sec  3.48 MBytes  58.4 Mbits/sec  0.136 ms  6746/9353 (72%)  
[2024-05-29 11:39:37.638233] [  5] 113.00-113.50 sec  4.90 MBytes  82.2 Mbits/sec  0.076 ms  15222/18890 (81%)  
[2024-05-29 11:39:37.638326] [  5] 113.50-114.00 sec  5.41 MBytes  90.7 Mbits/sec  0.314 ms  24971/29020 (86%)  
[2024-05-29 11:39:37.638388] [  5] 114.00-114.50 sec  5.62 MBytes  94.2 Mbits/sec  0.098 ms  17916/22123 (81%)  
[2024-05-29 11:39:37.638447] [  5] 114.50-115.00 sec  7.07 MBytes   119 Mbits/sec  0.097 ms  17404/22696 (77%)  
[2024-05-29 11:39:37.638547] [  5] 115.00-115.50 sec  1.09 MBytes  18.3 Mbits/sec  0.350 ms  1962/2780 (71%)  
[2024-05-29 11:39:37.638649] [  5] 115.50-116.00 sec  0.00 Bytes  0.00 bits/sec  0.350 ms  0/0 (0%)  
[2024-05-29 11:39:37.638707] [  5] 116.00-116.50 sec  4.43 MBytes  74.4 Mbits/sec  0.120 ms  61166/64482 (95%)  
[2024-05-29 11:39:37.638765] [  5] 116.50-117.00 sec  10.7 MBytes   180 Mbits/sec  0.085 ms  13794/21836 (63%)  
[2024-05-29 11:39:37.638823] [  5] 117.00-117.50 sec  11.2 MBytes   188 Mbits/sec  0.092 ms  14244/22654 (63%)  
[2024-05-29 11:39:37.638880] [  5] 117.50-118.00 sec  11.5 MBytes   193 Mbits/sec  0.301 ms  13459/22070 (61%)  
[2024-05-29 11:39:37.638941] [  5] 118.00-118.50 sec  10.2 MBytes   172 Mbits/sec  0.064 ms  14637/22303 (66%)  
[2024-05-29 11:39:37.638999] [  5] 118.50-119.00 sec  10.3 MBytes   173 Mbits/sec  0.186 ms  14876/22583 (66%)  
[2024-05-29 11:39:37.639059] [  5] 119.00-119.50 sec  10.5 MBytes   176 Mbits/sec  0.050 ms  14124/21976 (64%)  
[2024-05-29 11:39:37.639117] [  5] 119.50-120.00 sec  9.44 MBytes   158 Mbits/sec  0.045 ms  15733/22801 (69%)  
[2024-05-29 11:39:37.639176] - - - - - - - - - - - - - - - - - - - - - - - - -
[2024-05-29 11:39:37.639234] [ ID] Interval           Transfer     Bitrate         Jitter    Lost/Total Datagrams
[2024-05-29 11:39:37.639291] [  5]   0.00-120.87 sec  7.04 GBytes   500 Mbits/sec  0.000 ms  0/5396041 (0%)  sender
[2024-05-29 11:39:37.639364] [SUM]  0.0-120.9 sec  619 datagrams received out-of-order
[2024-05-29 11:39:37.639426] [  5]   0.00-120.00 sec   566 MBytes  39.6 Mbits/sec  0.045 ms  4944193/5368293 (92%)  receiver
[2024-05-29 11:39:37.639488] 
[2024-05-29 11:39:37.639547] iperf Done.
End time: 1716997177668
