Start time: 1716835984021
[2024-05-27 14:53:27.330890] Connecting to host 35.245.244.238, port 5203
[2024-05-27 14:53:27.332092] Reverse mode, remote host 35.245.244.238 is sending
[2024-05-27 14:53:27.332217] [  5] local 192.168.1.23 port 41742 connected to 35.245.244.238 port 5203
[2024-05-27 14:53:27.332312] [ ID] Interval           Transfer     Bitrate         Jitter    Lost/Total Datagrams
[2024-05-27 14:53:27.332403] [  5]   0.00-0.50   sec  17.2 MBytes   288 Mbits/sec  0.042 ms  8366/21234 (39%)  
[2024-05-27 14:53:27.332492] [  5]   0.50-1.00   sec  22.0 MBytes   370 Mbits/sec  11.562 ms  7111/23607 (30%)  
[2024-05-27 14:53:27.332575] [  5]   1.00-1.50   sec  21.8 MBytes   366 Mbits/sec  0.018 ms  5648/22002 (26%)  
[2024-05-27 14:53:27.332660] [  5]   1.50-2.00   sec  21.7 MBytes   365 Mbits/sec  0.009 ms  6132/22415 (27%)  
[2024-05-27 14:53:27.332736] [  5]   2.00-2.50   sec  20.1 MBytes   338 Mbits/sec  0.197 ms  7125/22213 (32%)  
[2024-05-27 14:53:27.332817] [  5]   2.50-3.00   sec  19.9 MBytes   335 Mbits/sec  0.017 ms  7655/22596 (34%)  
[2024-05-27 14:53:27.332894] [  5]   3.00-3.50   sec  20.4 MBytes   342 Mbits/sec  0.016 ms  6913/22184 (31%)  
[2024-05-27 14:53:27.332972] [  5]   3.50-4.00   sec  20.4 MBytes   343 Mbits/sec  0.013 ms  7092/22408 (32%)  
[2024-05-27 14:53:27.333048] [  5]   4.00-4.50   sec  17.6 MBytes   295 Mbits/sec  0.051 ms  9187/22353 (41%)  
[2024-05-27 14:53:27.333126] [  5]   4.50-5.00   sec  18.8 MBytes   315 Mbits/sec  0.018 ms  8151/22203 (37%)  
[2024-05-27 14:53:27.333203] [  5]   5.00-5.50   sec  18.0 MBytes   303 Mbits/sec  0.017 ms  8864/22373 (40%)  
[2024-05-27 14:53:27.333281] [  5]   5.50-6.00   sec  21.8 MBytes   366 Mbits/sec  0.107 ms  6095/22420 (27%)  
[2024-05-27 14:53:27.333361] [  5]   6.00-6.50   sec  21.3 MBytes   358 Mbits/sec  0.042 ms  6176/22158 (28%)  
[2024-05-27 14:53:27.333438] [  5]   6.50-7.00   sec  20.7 MBytes   347 Mbits/sec  0.024 ms  6953/22448 (31%)  
[2024-05-27 14:53:27.333515] [  5]   7.00-7.50   sec  12.8 MBytes   214 Mbits/sec  0.537 ms  12661/22224 (57%)  
[2024-05-27 14:53:27.333591] [  5]   7.50-8.00   sec  3.54 MBytes  59.5 Mbits/sec  0.056 ms  19589/22244 (88%)  
[2024-05-27 14:53:27.333672] [  5]   8.00-8.50   sec  2.54 MBytes  42.7 Mbits/sec  0.051 ms  20515/22420 (92%)  
[2024-05-27 14:53:27.333752] [  5]   8.50-9.00   sec  3.34 MBytes  56.0 Mbits/sec  0.115 ms  19876/22374 (89%)  
[2024-05-27 14:53:27.333833] [  5]   9.00-9.50   sec  4.09 MBytes  68.7 Mbits/sec  0.531 ms  19069/22134 (86%)  
[2024-05-27 14:53:27.333915] [  5]   9.50-10.00  sec  1.63 MBytes  27.3 Mbits/sec  0.580 ms  21151/22371 (95%)  
[2024-05-27 14:53:27.333994] [  5]  10.00-10.50  sec  1.77 MBytes  29.6 Mbits/sec  0.325 ms  20872/22195 (94%)  
[2024-05-27 14:53:27.334069] [  5]  10.50-11.00  sec  3.18 MBytes  53.4 Mbits/sec  0.035 ms  20144/22528 (89%)  
[2024-05-27 14:53:27.334144] [  5]  11.00-11.50  sec  7.71 MBytes   129 Mbits/sec  0.046 ms  16552/22326 (74%)  
[2024-05-27 14:53:27.334223] [  5]  11.50-12.00  sec  6.29 MBytes   106 Mbits/sec  0.673 ms  17458/22170 (79%)  
[2024-05-27 14:53:27.334300] [  5]  12.00-12.50  sec  7.26 MBytes   122 Mbits/sec  0.260 ms  16964/22404 (76%)  
[2024-05-27 14:53:27.334376] [  5]  12.50-13.00  sec  4.46 MBytes  74.9 Mbits/sec  0.272 ms  18841/22185 (85%)  
[2024-05-27 14:53:27.334454] [  5]  13.00-13.50  sec  1.57 MBytes  26.3 Mbits/sec  0.679 ms  20271/21449 (95%)  
[2024-05-27 14:53:27.334530] [  5]  13.50-14.00  sec  3.59 MBytes  60.5 Mbits/sec  0.062 ms  20779/23471 (89%)  
[2024-05-27 14:53:27.334606] [  5]  14.00-14.50  sec  12.0 MBytes   201 Mbits/sec  0.037 ms  13228/22224 (60%)  
[2024-05-27 14:53:27.334681] [  5]  14.50-15.00  sec  12.8 MBytes   215 Mbits/sec  0.011 ms  12772/22363 (57%)  
[2024-05-27 14:53:27.334759] [  5]  15.00-15.50  sec  13.5 MBytes   226 Mbits/sec  0.084 ms  12180/22288 (55%)  
[2024-05-27 14:53:27.334835] [  5]  15.50-16.00  sec  9.34 MBytes   157 Mbits/sec  0.042 ms  15390/22383 (69%)  
[2024-05-27 14:53:27.334910] [  5]  16.00-16.50  sec  8.95 MBytes   150 Mbits/sec  0.030 ms  15535/22239 (70%)  
[2024-05-27 14:53:27.335048] [  5]  16.50-17.00  sec  10.9 MBytes   183 Mbits/sec  0.075 ms  14198/22347 (64%)  
[2024-05-27 14:53:27.335131] [  5]  17.00-17.50  sec  12.0 MBytes   201 Mbits/sec  0.024 ms  13332/22307 (60%)  
[2024-05-27 14:53:27.335209] [  5]  17.50-18.00  sec  9.65 MBytes   162 Mbits/sec  0.013 ms  15179/22408 (68%)  
[2024-05-27 14:53:27.335285] [  5]  18.00-18.50  sec  12.9 MBytes   216 Mbits/sec  0.017 ms  12697/22353 (57%)  
[2024-05-27 14:53:27.335360] [  5]  18.50-19.00  sec  10.6 MBytes   178 Mbits/sec  0.234 ms  14226/22193 (64%)  
[2024-05-27 14:53:27.335435] [  5]  19.00-19.50  sec  8.58 MBytes   144 Mbits/sec  0.057 ms  15953/22381 (71%)  
[2024-05-27 14:53:27.335511] [  5]  19.50-20.00  sec  14.6 MBytes   245 Mbits/sec  0.015 ms  11361/22307 (51%)  
[2024-05-27 14:53:27.335588] [  5]  20.00-20.50  sec  11.6 MBytes   195 Mbits/sec  0.023 ms  13596/22320 (61%)  
[2024-05-27 14:53:27.335667] [  5]  20.50-21.00  sec  11.0 MBytes   184 Mbits/sec  0.026 ms  14206/22421 (63%)  
[2024-05-27 14:53:27.335799] [  5]  21.00-21.50  sec  12.1 MBytes   203 Mbits/sec  0.034 ms  13145/22222 (59%)  
[2024-05-27 14:53:27.335891] [  5]  21.50-22.00  sec  7.41 MBytes   124 Mbits/sec  0.110 ms  16673/22220 (75%)  
[2024-05-27 14:53:27.335973] [  5]  22.00-22.50  sec  4.98 MBytes  83.5 Mbits/sec  0.007 ms  18843/22571 (83%)  
[2024-05-27 14:53:51.830421] [  5]  22.50-23.00  sec  15.6 MBytes   261 Mbits/sec  0.034 ms  10576/22244 (48%)  
[2024-05-27 14:53:51.830860] [  5]  23.00-23.50  sec  12.7 MBytes   212 Mbits/sec  0.273 ms  12684/22164 (57%)  
[2024-05-27 14:53:51.830984] [  5]  23.50-24.00  sec  13.5 MBytes   226 Mbits/sec  0.055 ms  12347/22440 (55%)  
[2024-05-27 14:53:51.831075] [  5]  24.00-24.50  sec  13.5 MBytes   227 Mbits/sec  0.014 ms  12299/22428 (55%)  
[2024-05-27 14:53:51.831160] [  5]  24.50-25.00  sec  16.0 MBytes   268 Mbits/sec  0.050 ms  10308/22256 (46%)  
[2024-05-27 14:53:51.831241] [  5]  25.00-25.50  sec  15.9 MBytes   267 Mbits/sec  0.014 ms  10511/22430 (47%)  
[2024-05-27 14:53:51.831319] [  5]  25.50-26.00  sec  14.9 MBytes   250 Mbits/sec  0.041 ms  11054/22224 (50%)  
[2024-05-27 14:53:51.831399] [  5]  26.00-26.50  sec  17.2 MBytes   288 Mbits/sec  0.135 ms  9412/22271 (42%)  
[2024-05-27 14:53:51.831480] [  5]  26.50-27.00  sec  14.0 MBytes   236 Mbits/sec  0.048 ms  11926/22442 (53%)  
[2024-05-27 14:53:51.831563] [  5]  27.00-27.50  sec  11.8 MBytes   198 Mbits/sec  0.013 ms  13457/22311 (60%)  
[2024-05-27 14:53:51.831644] [  5]  27.50-28.00  sec  12.5 MBytes   209 Mbits/sec  0.023 ms  12877/22213 (58%)  
[2024-05-27 14:53:51.831785] [  5]  28.00-28.50  sec  13.2 MBytes   221 Mbits/sec  0.033 ms  12502/22375 (56%)  
[2024-05-27 14:53:51.831882] [  5]  28.50-29.00  sec  15.7 MBytes   264 Mbits/sec  0.020 ms  10634/22410 (47%)  
[2024-05-27 14:53:51.831973] [  5]  29.00-29.50  sec  17.2 MBytes   288 Mbits/sec  0.026 ms  9429/22294 (42%)  
[2024-05-27 14:53:51.832056] [  5]  29.50-30.00  sec  17.0 MBytes   285 Mbits/sec  0.011 ms  9520/22264 (43%)  
[2024-05-27 14:53:51.832135] [  5]  30.00-30.50  sec  11.3 MBytes   190 Mbits/sec  0.012 ms  13887/22377 (62%)  
[2024-05-27 14:53:51.832218] [  5]  30.50-31.00  sec  18.3 MBytes   306 Mbits/sec  0.047 ms  8647/22327 (39%)  
[2024-05-27 14:53:51.832296] [  5]  31.00-31.50  sec  21.2 MBytes   356 Mbits/sec  0.098 ms  6374/22270 (29%)  
[2024-05-27 14:53:51.832377] [  5]  31.50-32.00  sec  17.0 MBytes   285 Mbits/sec  0.041 ms  9514/22240 (43%)  
[2024-05-27 14:53:51.832457] [  5]  32.00-32.50  sec  16.7 MBytes   281 Mbits/sec  0.043 ms  9908/22438 (44%)  
[2024-05-27 14:53:51.832536] [  5]  32.50-33.00  sec  13.3 MBytes   224 Mbits/sec  0.044 ms  12293/22272 (55%)  
[2024-05-27 14:53:51.832615] [  5]  33.00-33.50  sec  13.5 MBytes   226 Mbits/sec  0.012 ms  12321/22429 (55%)  
[2024-05-27 14:53:51.832693] [  5]  33.50-34.00  sec  13.7 MBytes   230 Mbits/sec  0.006 ms  11942/22229 (54%)  
[2024-05-27 14:53:51.832770] [  5]  34.00-34.50  sec  16.1 MBytes   269 Mbits/sec  0.019 ms  10336/22362 (46%)  
[2024-05-27 14:53:51.832849] [  5]  34.50-35.00  sec  16.9 MBytes   284 Mbits/sec  0.087 ms  9536/22195 (43%)  
[2024-05-27 14:53:51.832964] [  5]  35.00-35.50  sec  17.7 MBytes   297 Mbits/sec  0.053 ms  9199/22456 (41%)  
[2024-05-27 14:53:51.833046] [  5]  35.50-36.00  sec  16.7 MBytes   280 Mbits/sec  0.030 ms  9717/22201 (44%)  
[2024-05-27 14:53:51.833123] [  5]  36.00-36.50  sec  15.7 MBytes   264 Mbits/sec  0.032 ms  10587/22370 (47%)  
[2024-05-27 14:53:51.833200] [  5]  36.50-37.00  sec  15.5 MBytes   260 Mbits/sec  0.017 ms  10757/22376 (48%)  
[2024-05-27 14:53:51.833279] [  5]  37.00-37.50  sec  6.89 MBytes   116 Mbits/sec  0.015 ms  17076/22233 (77%)  
[2024-05-27 14:53:51.833354] [  5]  37.50-38.00  sec  12.5 MBytes   209 Mbits/sec  0.021 ms  13015/22357 (58%)  
[2024-05-27 14:53:51.833430] [  5]  38.00-38.50  sec  14.0 MBytes   234 Mbits/sec  0.022 ms  11688/22142 (53%)  
[2024-05-27 14:53:51.833505] [  5]  38.50-39.00  sec  16.8 MBytes   283 Mbits/sec  0.016 ms  9929/22545 (44%)  
[2024-05-27 14:53:51.833579] [  5]  39.00-39.50  sec  16.6 MBytes   278 Mbits/sec  0.052 ms  9796/22196 (44%)  
[2024-05-27 14:53:51.833655] [  5]  39.50-40.00  sec  14.5 MBytes   243 Mbits/sec  0.022 ms  11566/22400 (52%)  
[2024-05-27 14:53:51.833731] [  5]  40.00-40.50  sec  8.25 MBytes   138 Mbits/sec  0.342 ms  16044/22224 (72%)  
[2024-05-27 14:53:51.833808] [  5]  40.50-41.00  sec  9.81 MBytes   165 Mbits/sec  0.176 ms  15122/22470 (67%)  
[2024-05-27 14:53:51.833882] [  5]  41.00-41.50  sec  13.8 MBytes   232 Mbits/sec  0.020 ms  11925/22278 (54%)  
[2024-05-27 14:53:51.833959] [  5]  41.50-42.00  sec  11.0 MBytes   185 Mbits/sec  0.015 ms  14016/22283 (63%)  
[2024-05-27 14:53:51.834033] [  5]  42.00-42.50  sec  11.2 MBytes   189 Mbits/sec  0.065 ms  13869/22293 (62%)  
[2024-05-27 14:53:51.834110] [  5]  42.50-43.00  sec  8.05 MBytes   135 Mbits/sec  0.034 ms  16379/22409 (73%)  
[2024-05-27 14:53:51.834186] [  5]  43.00-43.50  sec  8.65 MBytes   145 Mbits/sec  0.030 ms  15834/22309 (71%)  
[2024-05-27 14:53:51.834263] [  5]  43.50-44.00  sec  11.4 MBytes   191 Mbits/sec  0.073 ms  13698/22216 (62%)  
[2024-05-27 14:53:51.834340] [  5]  44.00-44.50  sec  12.2 MBytes   205 Mbits/sec  0.032 ms  13238/22374 (59%)  
[2024-05-27 14:53:51.834416] [  5]  44.50-45.00  sec  16.1 MBytes   269 Mbits/sec  0.078 ms  10250/22272 (46%)  
[2024-05-27 14:53:51.834492] [  5]  45.00-45.50  sec  16.6 MBytes   278 Mbits/sec  0.012 ms  10007/22422 (45%)  
[2024-05-27 14:53:51.834569] [  5]  45.50-46.00  sec  16.1 MBytes   271 Mbits/sec  0.054 ms  10228/22310 (46%)  
[2024-05-27 14:53:51.834644] [  5]  46.00-46.50  sec  16.0 MBytes   268 Mbits/sec  0.045 ms  10321/22271 (46%)  
[2024-05-27 14:53:51.834718] [  5]  46.50-47.00  sec  15.9 MBytes   266 Mbits/sec  0.012 ms  10449/22337 (47%)  
[2024-05-27 14:54:16.330237] [  5]  47.00-47.50  sec  15.3 MBytes   257 Mbits/sec  0.169 ms  10767/22263 (48%)  
[2024-05-27 14:54:16.330407] [  5]  47.50-48.00  sec  9.20 MBytes   154 Mbits/sec  0.031 ms  15448/22339 (69%)  
[2024-05-27 14:54:16.330442] [  5]  48.00-48.50  sec  4.59 MBytes  77.0 Mbits/sec  0.125 ms  18865/22305 (85%)  
[2024-05-27 14:54:16.330471] [  5]  48.50-49.00  sec  8.94 MBytes   150 Mbits/sec  0.022 ms  15671/22365 (70%)  
[2024-05-27 14:54:16.330495] [  5]  49.00-49.50  sec  10.5 MBytes   176 Mbits/sec  0.026 ms  14443/22291 (65%)  
[2024-05-27 14:54:16.330519] [  5]  49.50-50.00  sec  12.3 MBytes   206 Mbits/sec  0.011 ms  13119/22306 (59%)  
[2024-05-27 14:54:16.330542] [  5]  50.00-50.50  sec  12.6 MBytes   211 Mbits/sec  0.161 ms  12956/22362 (58%)  
[2024-05-27 14:54:16.330565] [  5]  50.50-51.00  sec  13.3 MBytes   222 Mbits/sec  0.153 ms  12446/22378 (56%)  
[2024-05-27 14:54:16.330590] [  5]  51.00-51.50  sec  8.41 MBytes   141 Mbits/sec  0.026 ms  15938/22237 (72%)  
[2024-05-27 14:54:16.330614] [  5]  51.50-52.00  sec  5.49 MBytes  92.1 Mbits/sec  0.100 ms  18190/22302 (82%)  
[2024-05-27 14:54:16.330637] [  5]  52.00-52.50  sec  6.23 MBytes   105 Mbits/sec  0.316 ms  17711/22378 (79%)  
[2024-05-27 14:54:16.330660] [  5]  52.50-53.00  sec  2.46 MBytes  41.2 Mbits/sec  0.050 ms  20489/22328 (92%)  
[2024-05-27 14:54:16.330702] [  5]  53.00-53.50  sec  11.0 MBytes   185 Mbits/sec  0.090 ms  14175/22441 (63%)  
[2024-05-27 14:54:16.330726] [  5]  53.50-54.00  sec  16.3 MBytes   275 Mbits/sec  0.046 ms  10070/22315 (45%)  
[2024-05-27 14:54:16.330748] [  5]  54.00-54.50  sec  17.0 MBytes   285 Mbits/sec  0.071 ms  9541/22269 (43%)  
[2024-05-27 14:54:16.330772] [  5]  54.50-55.00  sec  17.8 MBytes   299 Mbits/sec  0.053 ms  8960/22307 (40%)  
[2024-05-27 14:54:16.330793] [  5]  55.00-55.50  sec  17.7 MBytes   297 Mbits/sec  0.036 ms  9071/22329 (41%)  
[2024-05-27 14:54:16.330815] [  5]  55.50-56.00  sec  15.7 MBytes   263 Mbits/sec  0.218 ms  10595/22323 (47%)  
[2024-05-27 14:54:16.330837] [  5]  56.00-56.50  sec  3.18 MBytes  53.3 Mbits/sec  0.019 ms  19971/22353 (89%)  
[2024-05-27 14:54:16.330860] [  5]  56.50-57.00  sec  2.28 MBytes  38.2 Mbits/sec  0.076 ms  20554/22258 (92%)  
[2024-05-27 14:54:16.330885] [  5]  57.00-57.50  sec  10.7 MBytes   179 Mbits/sec  0.022 ms  14349/22350 (64%)  
[2024-05-27 14:54:16.330907] [  5]  57.50-58.00  sec  16.2 MBytes   272 Mbits/sec  0.030 ms  10237/22366 (46%)  
[2024-05-27 14:54:16.330930] [  5]  58.00-58.50  sec  11.5 MBytes   192 Mbits/sec  0.049 ms  13723/22299 (62%)  
[2024-05-27 14:54:16.330952] [  5]  58.50-59.00  sec  13.2 MBytes   221 Mbits/sec  0.042 ms  12482/22345 (56%)  
[2024-05-27 14:54:16.330974] [  5]  59.00-59.50  sec  16.4 MBytes   274 Mbits/sec  0.021 ms  10016/22266 (45%)  
[2024-05-27 14:54:16.330996] [  5]  59.50-60.00  sec  14.1 MBytes   236 Mbits/sec  0.020 ms  11781/22326 (53%)  
[2024-05-27 14:54:16.331017] [  5]  60.00-60.50  sec  8.68 MBytes   146 Mbits/sec  0.036 ms  15894/22395 (71%)  
[2024-05-27 14:54:16.331039] [  5]  60.50-61.00  sec  13.1 MBytes   220 Mbits/sec  0.020 ms  12449/22284 (56%)  
[2024-05-27 14:54:16.331061] [  5]  61.00-61.50  sec  7.22 MBytes   121 Mbits/sec  0.044 ms  16843/22248 (76%)  
[2024-05-27 14:54:16.331082] [  5]  61.50-62.00  sec  9.50 MBytes   159 Mbits/sec  0.027 ms  15231/22347 (68%)  
[2024-05-27 14:54:16.331103] [  5]  62.00-62.50  sec  13.2 MBytes   222 Mbits/sec  0.022 ms  12404/22325 (56%)  
[2024-05-27 14:54:16.331126] [  5]  62.50-63.00  sec  16.2 MBytes   272 Mbits/sec  0.049 ms  10228/22353 (46%)  
[2024-05-27 14:54:16.331148] [  5]  63.00-63.50  sec  16.2 MBytes   272 Mbits/sec  0.129 ms  10171/22326 (46%)  
[2024-05-27 14:54:16.331169] [  5]  63.50-64.00  sec  14.0 MBytes   235 Mbits/sec  0.022 ms  11814/22296 (53%)  
[2024-05-27 14:54:16.331190] [  5]  64.00-64.50  sec  11.5 MBytes   192 Mbits/sec  0.382 ms  13635/22229 (61%)  
[2024-05-27 14:54:16.331213] [  5]  64.50-65.00  sec  5.51 MBytes  92.4 Mbits/sec  0.013 ms  18287/22413 (82%)  
[2024-05-27 14:54:16.331235] [  5]  65.00-65.50  sec  12.5 MBytes   210 Mbits/sec  0.068 ms  13024/22390 (58%)  
[2024-05-27 14:54:16.331257] [  5]  65.50-66.00  sec  13.2 MBytes   221 Mbits/sec  0.118 ms  12425/22294 (56%)  
[2024-05-27 14:54:16.331280] [  5]  66.00-66.50  sec  8.48 MBytes   142 Mbits/sec  0.057 ms  15902/22252 (71%)  
[2024-05-27 14:54:16.331302] [  5]  66.50-67.00  sec  13.4 MBytes   225 Mbits/sec  0.050 ms  12257/22298 (55%)  
[2024-05-27 14:54:16.331325] [  5]  67.00-67.50  sec  7.71 MBytes   129 Mbits/sec  0.289 ms  16544/22320 (74%)  
[2024-05-27 14:54:16.331346] [  5]  67.50-68.00  sec  2.85 MBytes  47.7 Mbits/sec  0.044 ms  20219/22350 (90%)  
[2024-05-27 14:54:16.331368] [  5]  68.00-68.50  sec  11.5 MBytes   192 Mbits/sec  0.029 ms  13735/22328 (62%)  
[2024-05-27 14:54:16.331390] [  5]  68.50-69.00  sec  14.6 MBytes   244 Mbits/sec  0.061 ms  11377/22284 (51%)  
[2024-05-27 14:54:16.331412] [  5]  69.00-69.50  sec  11.3 MBytes   190 Mbits/sec  0.058 ms  13890/22350 (62%)  
[2024-05-27 14:54:16.331433] [  5]  69.50-70.00  sec  10.2 MBytes   171 Mbits/sec  0.034 ms  14682/22326 (66%)  
[2024-05-27 14:54:16.331455] [  5]  70.00-70.50  sec  4.59 MBytes  76.9 Mbits/sec  0.034 ms  18872/22307 (85%)  
[2024-05-27 14:54:16.331476] [  5]  70.50-71.00  sec  11.0 MBytes   185 Mbits/sec  0.046 ms  13994/22264 (63%)  
[2024-05-27 14:54:16.331503] [  5]  71.00-71.50  sec  9.74 MBytes   163 Mbits/sec  0.021 ms  15066/22360 (67%)  
[2024-05-27 14:54:40.830761] [  5]  71.50-72.00  sec  10.3 MBytes   173 Mbits/sec  0.023 ms  14669/22379 (66%)  
[2024-05-27 14:54:40.831152] [  5]  72.00-72.50  sec  15.1 MBytes   253 Mbits/sec  0.087 ms  10982/22292 (49%)  
[2024-05-27 14:54:40.831259] [  5]  72.50-73.00  sec  10.9 MBytes   183 Mbits/sec  0.059 ms  14147/22316 (63%)  
[2024-05-27 14:54:40.831345] [  5]  73.00-73.50  sec  10.8 MBytes   181 Mbits/sec  0.043 ms  14243/22302 (64%)  
[2024-05-27 14:54:40.831425] [  5]  73.50-74.00  sec  16.2 MBytes   272 Mbits/sec  0.021 ms  10074/22201 (45%)  
[2024-05-27 14:54:40.831502] [  5]  74.00-74.50  sec  12.0 MBytes   202 Mbits/sec  0.097 ms  13426/22424 (60%)  
[2024-05-27 14:54:40.831579] [  5]  74.50-75.00  sec  16.2 MBytes   272 Mbits/sec  0.018 ms  10244/22386 (46%)  
[2024-05-27 14:54:40.831655] [  5]  75.00-75.50  sec  19.6 MBytes   329 Mbits/sec  0.015 ms  7654/22321 (34%)  
[2024-05-27 14:54:40.831814] [  5]  75.50-76.00  sec  20.0 MBytes   335 Mbits/sec  0.065 ms  7339/22322 (33%)  
[2024-05-27 14:54:40.831903] [  5]  76.00-76.50  sec  17.7 MBytes   297 Mbits/sec  0.019 ms  9068/22316 (41%)  
[2024-05-27 14:54:40.831978] [  5]  76.50-77.00  sec  18.7 MBytes   314 Mbits/sec  0.014 ms  8331/22334 (37%)  
[2024-05-27 14:54:40.832057] [  5]  77.00-77.50  sec  18.4 MBytes   308 Mbits/sec  0.012 ms  8488/22234 (38%)  
[2024-05-27 14:54:40.832131] [  5]  77.50-78.00  sec  19.5 MBytes   327 Mbits/sec  0.058 ms  7779/22399 (35%)  
[2024-05-27 14:54:40.832210] [  5]  78.00-78.50  sec  15.4 MBytes   259 Mbits/sec  0.015 ms  10704/22268 (48%)  
[2024-05-27 14:54:40.832286] [  5]  78.50-79.00  sec  12.8 MBytes   215 Mbits/sec  0.033 ms  12773/22363 (57%)  
[2024-05-27 14:54:40.832361] [  5]  79.00-79.50  sec  19.1 MBytes   321 Mbits/sec  0.037 ms  7986/22318 (36%)  
[2024-05-27 14:54:40.832435] [  5]  79.50-80.00  sec  19.0 MBytes   319 Mbits/sec  0.052 ms  8085/22320 (36%)  
[2024-05-27 14:54:40.832508] [  5]  80.00-80.50  sec  19.1 MBytes   321 Mbits/sec  0.045 ms  7992/22323 (36%)  
[2024-05-27 14:54:40.832581] [  5]  80.50-81.00  sec  11.4 MBytes   190 Mbits/sec  0.017 ms  13795/22299 (62%)  
[2024-05-27 14:54:40.832655] [  5]  81.00-81.50  sec  18.6 MBytes   312 Mbits/sec  0.014 ms  8450/22375 (38%)  
[2024-05-27 14:54:40.832729] [  5]  81.50-82.00  sec  19.1 MBytes   321 Mbits/sec  0.048 ms  7926/22243 (36%)  
[2024-05-27 14:54:40.832804] [  5]  82.00-82.50  sec  11.3 MBytes   189 Mbits/sec  0.407 ms  14058/22492 (63%)  
[2024-05-27 14:54:40.832879] [  5]  82.50-83.00  sec  9.37 MBytes   157 Mbits/sec  0.018 ms  15155/22170 (68%)  
[2024-05-27 14:54:40.832955] [  5]  83.00-83.50  sec  13.2 MBytes   221 Mbits/sec  0.034 ms  12572/22453 (56%)  
[2024-05-27 14:54:40.833029] [  5]  83.50-84.00  sec  8.74 MBytes   147 Mbits/sec  0.026 ms  15768/22315 (71%)  
[2024-05-27 14:54:40.833106] [  5]  84.00-84.50  sec  9.40 MBytes   158 Mbits/sec  0.070 ms  15061/22102 (68%)  
[2024-05-27 14:54:40.833179] [  5]  84.50-85.00  sec  11.6 MBytes   195 Mbits/sec  0.009 ms  13757/22473 (61%)  
[2024-05-27 14:54:40.833251] [  5]  85.00-85.50  sec  10.0 MBytes   168 Mbits/sec  0.120 ms  14740/22227 (66%)  
[2024-05-27 14:54:40.833326] [  5]  85.50-86.00  sec  9.10 MBytes   153 Mbits/sec  0.056 ms  15573/22386 (70%)  
[2024-05-27 14:54:40.833398] [  5]  86.00-86.50  sec  14.7 MBytes   246 Mbits/sec  0.037 ms  11430/22417 (51%)  
[2024-05-27 14:54:40.833470] [  5]  86.50-87.00  sec  13.2 MBytes   221 Mbits/sec  0.027 ms  12355/22231 (56%)  
[2024-05-27 14:54:40.833543] [  5]  87.00-87.50  sec  17.2 MBytes   288 Mbits/sec  0.019 ms  9428/22300 (42%)  
[2024-05-27 14:54:40.833615] [  5]  87.50-88.00  sec  15.3 MBytes   256 Mbits/sec  0.027 ms  10875/22303 (49%)  
[2024-05-27 14:54:40.833692] [  5]  88.00-88.50  sec  11.0 MBytes   184 Mbits/sec  0.032 ms  14236/22450 (63%)  
[2024-05-27 14:54:40.833765] [  5]  88.50-89.00  sec  11.7 MBytes   196 Mbits/sec  0.031 ms  13540/22304 (61%)  
[2024-05-27 14:54:40.833838] [  5]  89.00-89.50  sec  19.3 MBytes   324 Mbits/sec  0.049 ms  7884/22358 (35%)  
[2024-05-27 14:54:40.833939] [  5]  89.50-90.00  sec  13.3 MBytes   223 Mbits/sec  0.274 ms  12363/22317 (55%)  
[2024-05-27 14:54:40.834016] [  5]  90.00-90.50  sec  13.5 MBytes   227 Mbits/sec  0.036 ms  12147/22274 (55%)  
[2024-05-27 14:54:40.834089] [  5]  90.50-91.00  sec  14.9 MBytes   250 Mbits/sec  0.071 ms  11195/22344 (50%)  
[2024-05-27 14:54:40.834162] [  5]  91.00-91.50  sec  16.4 MBytes   274 Mbits/sec  0.061 ms  9982/22237 (45%)  
[2024-05-27 14:54:40.834237] [  5]  91.50-92.00  sec  11.4 MBytes   191 Mbits/sec  0.013 ms  13780/22296 (62%)  
[2024-05-27 14:54:40.834313] [  5]  92.00-92.50  sec  13.5 MBytes   226 Mbits/sec  0.016 ms  12250/22334 (55%)  
[2024-05-27 14:54:40.834388] [  5]  92.50-93.00  sec  17.3 MBytes   290 Mbits/sec  0.030 ms  9467/22430 (42%)  
[2024-05-27 14:54:40.834461] [  5]  93.00-93.50  sec  16.0 MBytes   269 Mbits/sec  0.020 ms  10297/22287 (46%)  
[2024-05-27 14:54:40.834537] [  5]  93.50-94.00  sec  20.5 MBytes   344 Mbits/sec  0.037 ms  6914/22278 (31%)  
[2024-05-27 14:54:40.834610] [  5]  94.00-94.50  sec  18.0 MBytes   302 Mbits/sec  0.054 ms  8794/22264 (39%)  
[2024-05-27 14:54:40.834683] [  5]  94.50-95.00  sec  14.4 MBytes   242 Mbits/sec  0.376 ms  11661/22472 (52%)  
[2024-05-27 14:54:40.834756] [  5]  95.00-95.50  sec  8.65 MBytes   145 Mbits/sec  0.047 ms  15687/22165 (71%)  
[2024-05-27 14:54:40.834830] [  5]  95.50-96.00  sec  9.06 MBytes   152 Mbits/sec  0.036 ms  15554/22341 (70%)  
[2024-05-27 14:55:04.529316] [  5]  96.00-96.50  sec  16.2 MBytes   272 Mbits/sec  0.029 ms  10236/22377 (46%)  
[2024-05-27 14:55:04.529891] [  5]  96.50-97.00  sec  18.1 MBytes   304 Mbits/sec  0.035 ms  8717/22279 (39%)  
[2024-05-27 14:55:04.530036] [  5]  97.00-97.50  sec  12.6 MBytes   211 Mbits/sec  0.050 ms  12457/21894 (57%)  
[2024-05-27 14:55:04.530232] [  5]  97.50-98.00  sec  4.09 MBytes  68.6 Mbits/sec  0.016 ms  19151/22213 (86%)  
[2024-05-27 14:55:04.530337] [  5]  98.00-98.50  sec  10.8 MBytes   181 Mbits/sec  0.077 ms  14890/22977 (65%)  
[2024-05-27 14:55:04.530443] [  5]  98.50-99.00  sec  9.62 MBytes   162 Mbits/sec  0.041 ms  14385/21593 (67%)  
[2024-05-27 14:55:04.530664] [  5]  99.00-99.50  sec  4.00 MBytes  67.2 Mbits/sec  0.049 ms  19935/22934 (87%)  
[2024-05-27 14:55:04.530838] [  5]  99.50-100.00 sec  11.7 MBytes   196 Mbits/sec  0.016 ms  13044/21816 (60%)  
[2024-05-27 14:55:04.531012] [  5] 100.00-100.50 sec  6.47 MBytes   109 Mbits/sec  0.580 ms  17819/22666 (79%)  
[2024-05-27 14:55:04.531188] [  5] 100.50-101.00 sec  2.81 MBytes  47.1 Mbits/sec  0.023 ms  19430/21531 (90%)  
[2024-05-27 14:55:04.531357] [  5] 101.00-101.50 sec   543 KBytes  8.89 Mbits/sec  1.229 ms  22713/23110 (98%)  
[2024-05-27 14:55:04.531457] [  5] 101.50-102.00 sec  4.00 MBytes  67.1 Mbits/sec  0.020 ms  18488/21484 (86%)  
[2024-05-27 14:55:04.531557] [  5] 102.00-102.50 sec  7.85 MBytes   132 Mbits/sec  0.229 ms  17471/23350 (75%)  
[2024-05-27 14:55:04.531658] [  5] 102.50-103.00 sec  10.2 MBytes   171 Mbits/sec  0.017 ms  13750/21405 (64%)  
[2024-05-27 14:55:04.531894] [  5] 103.00-103.50 sec  7.01 MBytes   118 Mbits/sec  0.191 ms  17881/23133 (77%)  
[2024-05-27 14:55:04.532011] [  5] 103.50-104.00 sec  4.95 MBytes  83.1 Mbits/sec  0.013 ms  17605/21316 (83%)  
[2024-05-27 14:55:04.532101] [  5] 104.00-104.50 sec  9.18 MBytes   154 Mbits/sec  0.022 ms  16510/23382 (71%)  
[2024-05-27 14:55:04.532181] [  5] 104.50-105.00 sec  7.27 MBytes   122 Mbits/sec  0.079 ms  15181/20629 (74%)  
[2024-05-27 14:55:04.532257] [  5] 105.00-105.50 sec  10.8 MBytes   181 Mbits/sec  0.085 ms  15804/23890 (66%)  
[2024-05-27 14:55:04.532336] [  5] 105.50-106.00 sec  12.6 MBytes   212 Mbits/sec  0.014 ms  12207/21654 (56%)  
[2024-05-27 14:55:04.532409] [  5] 106.00-106.50 sec  6.72 MBytes   113 Mbits/sec  0.394 ms  17607/22642 (78%)  
[2024-05-27 14:55:04.532484] [  5] 106.50-107.00 sec  2.58 MBytes  43.3 Mbits/sec  0.020 ms  20369/22301 (91%)  
[2024-05-27 14:55:04.532560] [  5] 107.00-107.50 sec  5.91 MBytes  99.2 Mbits/sec  0.075 ms  18333/22763 (81%)  
[2024-05-27 14:55:04.532668] [  5] 107.50-108.00 sec  6.05 MBytes   102 Mbits/sec  0.057 ms  16851/21386 (79%)  
[2024-05-27 14:55:04.532748] [  5] 108.00-108.50 sec  6.62 MBytes   111 Mbits/sec  0.092 ms  17862/22821 (78%)  
[2024-05-27 14:55:04.532826] [  5] 108.50-109.00 sec  7.75 MBytes   130 Mbits/sec  0.058 ms  16148/21949 (74%)  
[2024-05-27 14:55:04.532905] [  5] 109.00-109.50 sec  8.88 MBytes   149 Mbits/sec  0.063 ms  16557/23211 (71%)  
[2024-05-27 14:55:04.532977] [  5] 109.50-110.00 sec  9.66 MBytes   162 Mbits/sec  0.039 ms  14824/22057 (67%)  
[2024-05-27 14:55:04.533049] [  5] 110.00-110.50 sec  10.4 MBytes   175 Mbits/sec  0.018 ms  14840/22650 (66%)  
[2024-05-27 14:55:04.533124] [  5] 110.50-111.00 sec  7.73 MBytes   130 Mbits/sec  0.012 ms  16184/21971 (74%)  
[2024-05-27 14:55:04.533196] [  5] 111.00-111.50 sec  9.99 MBytes   168 Mbits/sec  0.155 ms  14966/22447 (67%)  
[2024-05-27 14:55:04.533310] [  5] 111.50-112.00 sec  6.98 MBytes   117 Mbits/sec  0.413 ms  15888/21119 (75%)  
[2024-05-27 14:55:04.533384] [  5] 112.00-112.50 sec  5.69 MBytes  95.4 Mbits/sec  0.016 ms  19445/23706 (82%)  
[2024-05-27 14:55:04.533454] [  5] 112.50-113.00 sec  9.20 MBytes   154 Mbits/sec  0.039 ms  15415/22307 (69%)  
[2024-05-27 14:55:04.533528] [  5] 113.00-113.50 sec  7.91 MBytes   133 Mbits/sec  0.019 ms  16496/22417 (74%)  
[2024-05-27 14:55:04.533688] [  5] 113.50-114.00 sec  11.6 MBytes   195 Mbits/sec  0.015 ms  13538/22248 (61%)  
[2024-05-27 14:55:04.533812] [  5] 114.00-114.50 sec  10.4 MBytes   175 Mbits/sec  0.045 ms  14533/22336 (65%)  
[2024-05-27 14:55:04.533990] [  5] 114.50-115.00 sec  11.4 MBytes   191 Mbits/sec  0.047 ms  13739/22276 (62%)  
[2024-05-27 14:55:04.534069] [  5] 115.00-115.50 sec  12.8 MBytes   215 Mbits/sec  0.097 ms  12704/22301 (57%)  
[2024-05-27 14:55:04.534141] [  5] 115.50-116.00 sec  6.16 MBytes   103 Mbits/sec  0.016 ms  17802/22416 (79%)  
[2024-05-27 14:55:04.534215] [  5] 116.00-116.50 sec  7.88 MBytes   132 Mbits/sec  0.015 ms  16372/22273 (74%)  
[2024-05-27 14:55:04.534287] [  5] 116.50-117.00 sec  8.61 MBytes   145 Mbits/sec  0.049 ms  15887/22338 (71%)  
[2024-05-27 14:55:04.534358] [  5] 117.00-117.50 sec  5.96 MBytes   100 Mbits/sec  0.186 ms  17425/21892 (80%)  
[2024-05-27 14:55:04.534431] [  5] 117.50-118.00 sec  7.68 MBytes   129 Mbits/sec  0.054 ms  16919/22673 (75%)  
[2024-05-27 14:55:04.534895] [  5] 118.00-118.50 sec  14.6 MBytes   244 Mbits/sec  0.055 ms  11483/22397 (51%)  
[2024-05-27 14:55:04.534967] [  5] 118.50-119.00 sec  12.8 MBytes   215 Mbits/sec  0.100 ms  12738/22320 (57%)  
[2024-05-27 14:55:04.535040] [  5] 119.00-119.50 sec  7.72 MBytes   129 Mbits/sec  0.015 ms  16526/22305 (74%)  
[2024-05-27 14:55:04.535117] [  5] 119.50-120.00 sec  11.3 MBytes   189 Mbits/sec  0.103 ms  13843/22281 (62%)  
[2024-05-27 14:55:04.535193] - - - - - - - - - - - - - - - - - - - - - - - - -
[2024-05-27 14:55:04.535272] [ ID] Interval           Transfer     Bitrate         Jitter    Lost/Total Datagrams
[2024-05-27 14:55:04.535346] [  5]   0.00-120.07 sec  6.99 GBytes   500 Mbits/sec  0.000 ms  0/5360232 (0%)  sender
[2024-05-27 14:55:04.535423] [SUM]  0.0-120.1 sec  469 datagrams received out-of-order
[2024-05-27 14:55:04.535499] [  5]   0.00-120.00 sec  2.82 GBytes   202 Mbits/sec  0.103 ms  3191885/5357236 (60%)  receiver
[2024-05-27 14:55:04.535575] 
[2024-05-27 14:55:04.535653] iperf Done.
End time: 1716836104564
