Start time: 1716846372563
{
  "id": "0",
  "status": null,
  "apiVersion": "17",
  "dishGetHistory": {
    "current": "3213",
    "popPingDropRate": [
      0,
      0,
      0,
      0,
      0,
      0,
      0,
      0,
      0,
      0,
      0,
      0,
      0,
      0,
      0,
      0,
      0,
      0,
      0,
      0,
      0,
      0,
      0,
      0,
      0,
      0,
      0,
      0,
      0,
      0,
      0,
      0,
      0,
      0,
      0,
      0,
      0,
      0,
      0,
      0,
      0,
      0,
      0,
      0,
      0,
      0,
      0,
      0,
      0,
      0,
      0,
      0,
      0,
      0,
      0,
      0,
      0,
      0,
      0,
      0,
      0,
      0,
      0,
      0,
      0,
      0,
      0,
      0,
      0,
      0,
      0,
      0,
      0,
      0.11764706,
      0.11764706,
      0,
      0,
      0,
      0,
      0.06666667,
      0.0625,
      0,
      0,
      0,
      0,
      0,
      0,
      0,
      0,
      0,
      0,
      0,
      0,
      0,
      0,
      0,
      0,
      0,
      0,
      0,
      0,
      0,
      0,
      0,
      0,
      0,
      0,
      0,
      0,
      0,
      0,
      0,
      0,
      0,
      0,
      0,
      0,
      0,
      0,
      0,
      0,
      0,
      0,
      0,
      0,
      0,
      0,
      0,
      0,
      0,
      0,
      0,
      0.06666667,
      0.06666667,
      0,
      0,
      0,
      0,
      0,
      0.06666667,
      0.06666667,
      0,
      0,
      0,
      0,
      0,
      0,
      0,
      0,
      0,
      0,
      0,
      0,
      0,
      0.071428575,
      0.06666667,
      0,
      0,
      0,
      0,
      0,
      0,
      0,
      0,
      0,
      0,
      0,
      0,
      0,
      0,
      0,
      0,
      0,
      0,
      0,
      0,
      0,
      0,
      0,
      0,
      0,
      0,
      0,
      0,
      0,
      0,
      0,
      0,
      0,
      0,
      0,
      0,
      0,
      0,
      0,
      0,
      0,
      0,
      0,
      0,
      0,
      0,
      0,
      0,
      0,
      0,
      0,
      0,
      0,
      0,
      0,
      0,
      0,
      0,
      0,
      0,
      0,
      0.13333334,
      0.13333334,
      0,
      0,
      0,
      0,
      0,
      0,
      0,
      0,
      0,
      0,
      0,
      0,
      0,
      0,
      0,
      0,
      0,
      0,
      0,
      0,
      0,
      0,
      0,
      0,
      0,
      0,
      0,
      0,
      0,
      0,
      0,
      0,
      0,
      0,
      0,
      0,
      0,
      0,
      0,
      0,
      0,
      0,
      0,
      0.125,
      0.11764706,
      0,
      0,
      0,
      0,
      0,
      0,
      0,
      0,
      0,
      0,
      0.06666667,
      0.13333334,
      0.06666667,
      0,
      0,
      0,
      0,
      0,
      0,
      0,
      0,
      0,
      0,
      0,
      0,
      0,
      0,
      0,
      0,
      0,
      0,
      0,
      0,
      0,
      0,
      0,
      0,
      0,
      0,
      0,
      0,
      0,
      0,
      0,
      0,
      0,
      0,
      0,
      0,
      0,
      0,
      0,
      0,
      0,
      0,
      0,
      0,
      0,
      0,
      0,
      0,
      0,
      0.13333334,
      0.11764706,
      0,
      0,
      0,
      0,
      0,
      0,
      0.06666667,
      0.125,
      0.05882353,
      0,
      0,
      0,
      0,
      0.0625,
      0.0625,
      0.06666667,
      0.0625,
      0,
      0,
      0,
      0,
      0,
      0,
      0,
      0,
      0,
      0,
      0,
      0,
      0,
      0,
      0,
      0,
      0,
      0,
      0,
      0,
      0,
      0,
      0,
      0,
      0,
      0,
      0,
      0,
      0,
      0,
      0,
      0,
      0,
      0,
      0,
      0,
      0,
      0,
      0,
      0,
      0,
      0,
      0,
      0,
      0,
      0,
      0,
      0,
      0,
      0.06666667,
      0.06666667,
      0,
      0,
      0,
      0,
      0,
      0,
      0,
      0.071428575,
      0.23076923,
      0.125,
      0,
      0,
      0,
      0,
      0,
      0,
      0,
      0,
      0,
      0,
      0,
      0,
      0,
      0,
      0,
      0,
      0,
      0,
      0,
      0,
      0,
      0,
      0,
      0,
      0,
      0,
      0,
      0,
      0,
      0,
      0,
      0,
      0,
      0.11764706,
      0.125,
      0.125,
      0,
      0,
      0,
      0,
      0,
      0,
      0,
      0,
      0,
      0,
      0,
      0,
      0,
      0,
      0,
      0,
      0,
      0,
      0,
      0,
      0,
      0,
      0,
      0,
      0,
      0,
      0,
      0,
      0,
      0,
      0,
      0,
      0,
      0,
      0,
      0,
      0,
      0,
      0,
      0,
      0,
      0,
      0,
      0,
      0,
      0,
      0,
      0,
      0,
      0.05882353,
      0.0625,
      0,
      0,
      0,
      0,
      0,
      0,
      0,
      0,
      0,
      0.14285715,
      0.13333334,
      0,
      0,
      0,
      0,
      0.0625,
      0.06666667,
      0.06666667,
      0.06666667,
      0,
      0,
      0,
      0,
      0,
      0,
      0,
      0,
      0,
      0,
      0,
      0,
      0,
      0,
      0,
      0,
      0,
      0,
      0,
      0,
      0,
      0,
      0,
      0,
      0,
      0,
      0,
      0,
      0,
      0,
      0,
      0,
      0,
      0,
      0,
      0,
      0,
      0,
      0,
      0,
      0,
      0,
      0,
      0,
      0,
      0,
      0,
      0,
      0,
      0,
      0,
      0,
      0,
      0,
      0,
      0,
      0,
      0,
      0,
      0,
      0,
      0,
      0.071428575,
      0.4,
      0.375,
      0.06666667,
      0,
      0,
      0,
      0,
      0,
      0,
      0,
      0,
      0,
      0,
      0,
      0.06666667,
      0.0625,
      0,
      0,
      0,
      0,
      0,
      0,
      0,
      0,
      0,
      0,
      0,
      0,
      0,
      0,
      0,
      0,
      0,
      0,
      0,
      0,
      0,
      0,
      0,
      0,
      0,
      0,
      0,
      0,
      0,
      0,
      0,
      0,
      0,
      0,
      0,
      0,
      0,
      0,
      0,
      0,
      0,
      0,
      0,
      0,
      0,
      0,
      0,
      0,
      0,
      0,
      0,
      0,
      0,
      0,
      0,
      0,
      0,
      0,
      0,
      0,
      0,
      0,
      0,
      0,
      0,
      0,
      0,
      0,
      0,
      0,
      0,
      0,
      0,
      0,
      0,
      0,
      0,
      0,
      0,
      0,
      0,
      0,
      0,
      0,
      0,
      0,
      0,
      0,
      0,
      0,
      0,
      0,
      0,
      0,
      0.0625,
      0.06666667,
      0,
      0,
      0,
      0,
      0,
      0,
      0,
      0,
      0,
      0,
      0,
      0,
      0,
      0,
      0,
      0,
      0,
      0,
      0,
      0,
      0,
      0,
      0,
      0,
      0,
      0,
      0,
      0,
      0,
      0,
      0,
      0,
      0,
      0,
      0,
      0,
      0,
      0,
      0,
      0,
      0,
      0,
      0,
      0,
      0,
      0,
      0,
      0,
      0,
      0,
      0,
      0,
      0,
      0,
      0,
      0,
      0,
      0,
      0,
      0,
      0,
      0,
      0,
      0,
      0,
      0,
      0,
      0,
      0,
      0,
      0,
      0,
      0,
      0,
      0,
      0,
      0,
      0,
      0,
      0,
      0,
      0,
      0,
      0,
      0,
      0,
      0,
      0,
      0,
      0,
      0,
      0,
      0,
      0,
      0,
      0,
      0,
      0,
      0,
      0,
      0,
      0,
      0,
      0,
      0.0625,
      0.0625,
      0,
      0,
      0,
      0,
      0,
      0,
      0,
      0,
      0,
      0,
      0,
      0,
      0,
      0,
      0,
      0,
      0,
      0,
      0,
      0,
      0,
      0,
      0,
      0,
      0,
      0,
      0,
      0,
      0,
      0,
      0,
      0,
      0,
      0,
      0,
      0,
      0,
      0,
      0,
      0,
      0,
      0,
      0,
      0,
      0,
      0,
      0,
      0,
      0,
      0,
      0,
      0,
      0,
      0,
      0,
      0,
      0,
      0,
      0,
      0,
      0,
      0,
      0,
      0,
      0,
      0,
      0,
      0,
      0,
      0,
      0,
      0,
      0,
      0,
      0,
      0,
      0,
      0,
      0,
      0,
      0,
      0,
      0,
      0,
      0,
      0,
      0,
      0,
      0,
      0,
      0,
      0,
      0,
      0,
      0,
      0,
      0.0625,
      0.0625,
      0,
      0,
      0,
      0,
      0,
      0,
      0,
      0,
      0
    ],
    "popPingLatencyMs": [
      27.78841,
      28.819445,
      28.630356,
      29.358402,
      27.04912,
      26.327827,
      26.957413,
      26.416376,
      26.757689,
      27.172295,
      27.385,
      29.17553,
      27.411314,
      25.443937,
      27.191374,
      27.445534,
      26.38125,
      28.764055,
      33.224125,
      32.126312,
      32.61038,
      32.59469,
      31.418062,
      32.59931,
      33.72547,
      34.88233,
      33.430195,
      29.794,
      28.685648,
      30.891869,
      30.882,
      29.683064,
      28.086002,
      28.742332,
      29.347536,
      27.7588,
      26.756533,
      26.243402,
      27.033123,
      28.950531,
      27.743647,
      26.67375,
      28.32219,
      28.026499,
      27.79875,
      30.657944,
      29.1825,
      32.527996,
      37.40279,
      35.170628,
      32.780376,
      31.93381,
      33.35656,
      31.974174,
      30.920498,
      31.871136,
      33.781124,
      33.240646,
      35.84818,
      39.171066,
      37.656467,
      33.791,
      35.07925,
      35.103622,
      34.026688,
      35.896626,
      32.543625,
      30.789936,
      32.781536,
      34.08237,
      32.73831,
      44.614803,
      44.77886,
      31.610878,
      31.06175,
      32.1015,
      32.27864,
      32.898716,
      35.159733,
      33.058685,
      30.412802,
      29.446402,
      29.736189,
      30.362001,
      32.97687,
      32.7832,
      30.390688,
      30.937876,
      31.576437,
      32.11575,
      33.3274,
      33.322666,
      29.683668,
      27.734732,
      26.806356,
      27.676868,
      27.693588,
      25.83475,
      28.162134,
      30.038427,
      26.562666,
      24.385265,
      25.465376,
      28.472645,
      29.72525,
      27.025644,
      26.3652,
      30.550499,
      31.77725,
      29.551401,
      32.117496,
      31.658358,
      29.793201,
      30.335138,
      29.5696,
      29.014751,
      27.58,
      29.219063,
      32.80733,
      31.674267,
      27.738424,
      28.2296,
      31.7178,
      33.6156,
      34.757687,
      34.855377,
      33.25853,
      33.769066,
      33.155125,
      33.782375,
      34.096752,
      34.144783,
      35.526997,
      34.976315,
      34.512413,
      35.135735,
      34.124268,
      34.457714,
      31.142202,
      29.685373,
      29.978664,
      27.7345,
      26.917562,
      31.5814,
      30.16325,
      27.19475,
      29.106785,
      29.7682,
      30.172375,
      31.8622,
      32.3185,
      30.323668,
      29.523859,
      26.652136,
      25.10806,
      25.789602,
      27.316065,
      27.678198,
      26.943201,
      25.283936,
      25.460064,
      25.554468,
      26.325531,
      27.763666,
      27.119562,
      26.706312,
      28.645535,
      29.866467,
      26.548248,
      23.776941,
      24.229689,
      24.188803,
      23.369997,
      24.025623,
      25.17453,
      25.475473,
      25.327127,
      25.252748,
      26.999294,
      28.273249,
      26.657564,
      27.58225,
      38.172062,
      43.612755,
      38.496666,
      37.42881,
      39.388874,
      42.77273,
      40.897755,
      37.279404,
      37.9972,
      38.618267,
      39.5766,
      38.775497,
      38.3354,
      39.657814,
      38.671436,
      35.186935,
      32.050247,
      31.260063,
      31.027376,
      28.934813,
      29.206688,
      32.62181,
      32.580997,
      31.267752,
      33.221203,
      33.32927,
      30.411251,
      28.910467,
      29.763935,
      29.80225,
      34.54767,
      34.76625,
      32.60775,
      33.157078,
      33.84008,
      33.51481,
      31.267437,
      32.302467,
      34.16573,
      31.543066,
      30.156467,
      32.504997,
      34.992,
      35.53093,
      32.5072,
      33.971397,
      37.2536,
      36.780334,
      36.29988,
      36.570942,
      34.63753,
      34.575333,
      34.891106,
      35.61465,
      34.293938,
      34.300266,
      35.3512,
      30.72,
      32.656433,
      34.349857,
      33.37753,
      35.727,
      35.466503,
      34.41244,
      31.412127,
      31.66075,
      33.527687,
      32.5106,
      34.3298,
      38.127,
      35.45067,
      32.626,
      32.74806,
      32.695732,
      33.52343,
      34.10079,
      32.03673,
      29.515598,
      31.112398,
      56.539864,
      52.184643,
      30.00241,
      32.81987,
      33.264935,
      30.474867,
      30.530071,
      31.682732,
      31.4778,
      31.140858,
      32.173668,
      37.07566,
      38.111767,
      30.832716,
      29.674467,
      30.185463,
      32.155067,
      33.906803,
      32.067135,
      31.147467,
      33.76907,
      33.428192,
      31.319935,
      31.108704,
      31.340248,
      28.702465,
      32.105,
      33.46227,
      31.043627,
      32.847202,
      32.071186,
      31.212334,
      31.262539,
      34.921,
      37.917133,
      37.152435,
      34.443558,
      31.880201,
      30.649733,
      32.196068,
      33.307335,
      31.23375,
      30.242374,
      31.456501,
      31.93594,
      31.050438,
      31.292126,
      31.529264,
      31.019438,
      31.586996,
      33.089687,
      35.259502,
      33.805115,
      32.158833,
      32.55347,
      34.358315,
      33.251995,
      29.273664,
      25.995134,
      26.915176,
      28.511,
      27.941198,
      25.510714,
      24.552282,
      53.732403,
      55.769,
      33.062935,
      32.02156,
      35.815685,
      33.864754,
      30.995438,
      30.773928,
      28.786285,
      29.168936,
      30.811,
      32.15163,
      29.242117,
      29.369562,
      29.244467,
      29.087784,
      30.015402,
      29.048399,
      29.70235,
      31.01112,
      31.75159,
      31.981333,
      32.178734,
      31.947813,
      32.761936,
      33.393562,
      33.29612,
      34.248707,
      34.136887,
      33.406124,
      36.942936,
      37.269066,
      34.767563,
      32.04818,
      30.64906,
      32.105762,
      32.785824,
      31.498735,
      29.454716,
      27.307499,
      26.457333,
      28.591671,
      29.067001,
      30.701563,
      30.1166,
      27.245785,
      26.763334,
      27.372438,
      30.136065,
      30.255865,
      27.65906,
      27.295649,
      28.69318,
      31.895126,
      32.959145,
      30.371067,
      27.911438,
      27.175602,
      28.290003,
      29.736864,
      32.297337,
      32.2782,
      28.668133,
      27.627811,
      28.55769,
      29.251335,
      29.154,
      28.263401,
      28.196499,
      26.511932,
      24.85327,
      26.180874,
      27.607439,
      27.201,
      26.292665,
      27.966269,
      28.716785,
      28.303001,
      28.80343,
      29.053587,
      28.079,
      27.737265,
      28.053072,
      27.560997,
      28.182705,
      28.940498,
      31.848202,
      31.268314,
      28.594187,
      29.050354,
      27.479,
      28.08256,
      28.085312,
      26.823748,
      27.145815,
      27.848877,
      30.591398,
      34.3494,
      29.752234,
      26.445883,
      27.577873,
      30.100529,
      29.97059,
      26.919065,
      26.3805,
      27.272234,
      27.472292,
      26.811626,
      28.554527,
      27.720823,
      25.894001,
      25.808624,
      29.35235,
      31.276667,
      27.232428,
      26.069532,
      28.58625,
      28.355438,
      26.935202,
      27.919765,
      28.348127,
      27.784864,
      26.857311,
      26.912586,
      26.784313,
      25.828941,
      28.160597,
      31.481997,
      29.593292,
      26.104471,
      25.866236,
      26.092464,
      25.393133,
      25.185873,
      27.766685,
      28.647312,
      29.0545,
      28.696268,
      24.859941,
      26.625116,
      27.305561,
      27.320002,
      29.375463,
      28.159132,
      28.339413,
      28.580116,
      26.595503,
      28.551935,
      30.994198,
      28.821531,
      27.377687,
      27.2862,
      26.210001,
      24.935562,
      24.818562,
      25.38975,
      28.404562,
      29.212877,
      27.395689,
      29.942669,
      31.829386,
      29.207432,
      30.010868,
      33.133373,
      32.192,
      28.633936,
      29.651625,
      31.624939,
      33.23606,
      30.6478,
      29.288267,
      33.449936,
      33.931683,
      34.090866,
      36.71171,
      34.01454,
      30.849464,
      32.297123,
      32.674877,
      34.361187,
      36.593376,
      36.650463,
      33.405785,
      32.196,
      36.958267,
      36.17033,
      35.406853,
      33.50964,
      32.36019,
      29.796064,
      30.639565,
      32.018715,
      30.791065,
      31.619314,
      32.8288,
      30.528625,
      29.054996,
      29.333931,
      30.175686,
      28.713295,
      28.684063,
      29.715876,
      31.087376,
      30.344187,
      32.178753,
      32.515,
      28.701399,
      30.429562,
      30.966,
      29.379688,
      29.62219,
      31.128468,
      31.719332,
      32.532375,
      32.56919,
      35.90027,
      38.0012,
      36.44633,
      31.132265,
      31.921314,
      33.369247,
      33.592705,
      33.6525,
      31.887236,
      31.958374,
      29.750402,
      29.0732,
      32.717064,
      33.1755,
      32.727665,
      35.612854,
      37.22727,
      38.3858,
      40.557262,
      43.28474,
      42.775436,
      40.737995,
      41.850193,
      43.57567,
      43.654247,
      42.77688,
      43.569534,
      43.403202,
      42.166004,
      44.89437,
      46.138813,
      44.939198,
      47.511154,
      46.916153,
      44.738,
      40.745857,
      34.31019,
      34.88894,
      34.6206,
      36.322002,
      35.717247,
      36.45956,
      34.805874,
      31.900331,
      34.331184,
      34.08906,
      34.827503,
      43.68157,
      46.91653,
      46.718185,
      45.087532,
      45.17247,
      47.47327,
      46.8706,
      43.6576,
      43.237373,
      44.557938,
      45.497066,
      45.856,
      44.96357,
      45.908203,
      46.409996,
      45.10053,
      43.58293,
      43.33973,
      42.319202,
      42.200573,
      42.815357,
      42.784668,
      45.585705,
      45.424755,
      41.187714,
      41.858532,
      43.256935,
      44.255875,
      44.132267,
      43.119267,
      42.167336,
      42.488735,
      40.3286,
      39.704624,
      40.225937,
      42.531136,
      45.120266,
      43.241337,
      41.3065,
      44.71044,
      46.802376,
      43.453472,
      40.280533,
      42.217876,
      43.42412,
      43.506268,
      41.36636,
      38.4166,
      38.724796,
      38.300865,
      38.18969,
      37.479534,
      37.999866,
      40.19064,
      43.089207,
      44.555332,
      43.320004,
      43.387867,
      42.011402,
      41.739735,
      45.020058,
      44.343296,
      43.01693,
      41.560314,
      40.14713,
      39.369,
      40.994747,
      42.335075,
      39.92967,
      42.0045,
      43.165874,
      40.753532,
      41.085476,
      41.44612,
      41.72925,
      45.329067,
      45.434284,
      43.694664,
      43.9295,
      43.566868,
      41.457935,
      41.6524,
      43.57443,
      44.172337,
      45.866264,
      45.979927,
      42.463997,
      40.48069,
      42.913876,
      44.23612,
      46.970062,
      49.04525,
      43.978733,
      40.667736,
      41.998062,
      45.76056,
      44.1865,
      41.847202,
      39.47843,
      31.258932,
      29.680622,
      30.515886,
      30.583004,
      31.864437,
      31.515749,
      32.0695,
      32.293934,
      32.105465,
      29.753801,
      27.887938,
      28.19653,
      29.427376,
      30.95306,
      30.044474,
      30.382439,
      30.544813,
      30.421648,
      29.554626,
      28.363934,
      30.952312,
      34.823376,
      35.462463,
      31.349865,
      29.877937,
      29.653,
      30.088648,
      29.6836,
      28.550535,
      28.048353,
      28.645645,
      30.093185,
      31.357063,
      30.539438,
      29.87794,
      29.92775,
      30.565947,
      34.003475,
      33.52653,
      31.257498,
      31.107332,
      31.654802,
      31.480402,
      31.687532,
      31.20525,
      30.414188,
      29.936687,
      29.835627,
      29.860296,
      30.296764,
      31.828938,
      33.558437,
      35.78906,
      37.609943,
      37.76788,
      35.658176,
      37.304626,
      38.58206,
      35.90787,
      35.122063,
      37.577263,
      40.26175,
      39.348125,
      38.478596,
      37.339245,
      37.671562,
      38.774536,
      37.78125,
      37.29467,
      37.56493,
      37.849262,
      36.83875,
      34.928062,
      36.452,
      38.786434,
      37.790882,
      37.747997,
      37.723003,
      40.88419,
      40.767117,
      38.465126,
      37.94237,
      34.689438,
      31.834293,
      32.979248,
      33.159622,
      30.692825,
      30.32447,
      32.400497,
      32.185352,
      31.594763,
      32.154816,
      31.592936,
      32.2862,
      32.008404,
      31.772501,
      37.147064,
      38.044746,
      31.780249,
      30.198875,
      30.532127,
      31.716131,
      31.326866,
      30.626865,
      34.23153,
      33.245316,
      30.671175,
      33.32075,
      32.74994,
      31.597689,
      32.615124,
      34.062935,
      33.5916,
      31.762943,
      31.024532,
      30.061312,
      30.670938,
      33.45056,
      35.08813,
      34.82634,
      32.678802,
      29.309565,
      29.339687,
      30.629375,
      33.2915,
      33.724373,
      36.375,
      36.733063,
      35.6875,
      38.61,
      36.326378,
      33.734436,
      36.118,
      37.2134,
      34.106125,
      32.763374,
      33.011753,
      34.19619,
      34.23875,
      36.741684,
      39.1525,
      38.409187,
      34.687313,
      31.422499,
      31.200401,
      30.7478,
      31.060564,
      32.047802,
      34.788933,
      32.961666,
      30.07513,
      30.574799,
      32.36325,
      33.94219,
      33.260002,
      31.410294,
      30.720413,
      32.244293,
      31.744875,
      29.816378,
      31.387646,
      33.73588,
      32.493313,
      30.223686,
      31.64141,
      32.40019,
      31.658735,
      31.41673,
      29.957502,
      30.433,
      31.819998,
      33.337204,
      33.160664,
      30.361248,
      29.92144,
      29.773937,
      29.20888,
      32.041332,
      33.16333,
      31.065561,
      31.254667,
      30.347124,
      30.17594,
      31.695414,
      35.016438,
      36.015537,
      33.925625,
      31.500471,
      27.635763,
      25.486826,
      25.788528,
      25.278706,
      25.455055,
      27.025932,
      29.729284,
      31.615534,
      30.088934,
      29.425936,
      29.15175,
      26.673748,
      26.164314,
      29.352531,
      29.442602,
      26.58512,
      27.1405,
      28.019266,
      27.829437,
      28.326824,
      28.73047,
      28.018354,
      27.135124,
      26.57831,
      26.284529,
      25.705439
    ],
    "downlinkThroughputBps": [
      21642.61,
      22120.76,
      18723.373,
      30207.377,
      47353.69,
      65968.016,
      50105.156,
      26751.271,
      41833.99,
      25836.912,
      25241.322,
      59861.105,
      39376.125,
      29393.682,
      78517.37,
      54358.18,
      31977.373,
      39032.19,
      26868.71,
      23630.709,
      26759.66,
      51178.9,
      214152.78,
      96611.6,
      27556.578,
      30249.32,
      26667.385,
      26013.074,
      91049.95,
      25945.965,
      26440.893,
      23412.605,
      25803.357,
      27850.178,
      20644.365,
      62612.57,
      55985.57,
      20040.385,
      22573.744,
      99757.33,
      39720.06,
      67108.87,
      36582.72,
      23462.938,
      21793.604,
      33378.27,
      20912.799,
      19310.576,
      27699.184,
      30081.549,
      20057.162,
      34603.008,
      20325.598,
      22825.402,
      22666.02,
      22221.422,
      24863.834,
      21936.209,
      21122.516,
      19209.912,
      16408.117,
      19478.348,
      19881,
      25643.975,
      20837.303,
      46690.992,
      34074.527,
      40869.297,
      53838.086,
      20753.416,
      21676.162,
      38486.934,
      82971.72,
      42001.76,
      39694.895,
      36800.824,
      27632.074,
      32463.912,
      70841.8,
      34661.727,
      18186.502,
      30190.6,
      18010.342,
      20954.742,
      20887.635,
      26147.291,
      24469.57,
      18572.379,
      25409.094,
      25258.1,
      18824.037,
      20719.861,
      28294.775,
      25451.037,
      78920.02,
      28160.557,
      28395.438,
      31247.564,
      40827.355,
      26457.67,
      19746.783,
      57579.406,
      21952.986,
      30140.268,
      24209.523,
      24360.518,
      43738.203,
      20887.635,
      22858.957,
      25836.912,
      21516.78,
      26684.162,
      20644.365,
      24519.9,
      59651.39,
      48880.418,
      38168.168,
      21541.945,
      32472.3,
      22221.422,
      20845.691,
      32757.514,
      19771.95,
      23135.781,
      48628.76,
      34745.613,
      31683.771,
      19109.25,
      114529.664,
      223313.14,
      69197.625,
      57529.074,
      31054.627,
      52135.2,
      26709.328,
      29192.355,
      20526.924,
      41271.953,
      23387.44,
      38797.312,
      38285.605,
      60624.47,
      22347.252,
      22397.584,
      24561.844,
      25643.975,
      101560.875,
      110628.96,
      24201.135,
      20275.266,
      23697.818,
      23194.502,
      29183.967,
      22674.408,
      32723.959,
      37463.523,
      33344.72,
      33587.99,
      35215.375,
      18991.809,
      20535.312,
      60842.574,
      26415.727,
      27346.861,
      31457.28,
      25241.322,
      38663.094,
      17523.803,
      28370.271,
      23748.148,
      44753.223,
      19545.457,
      19872.613,
      32270.975,
      58040.777,
      47596.96,
      139888.42,
      35131.492,
      23924.31,
      25979.52,
      18522.047,
      2.129421e+08,
      2.4015302e+08,
      2.3274043e+08,
      3.4708202e+08,
      2.143515e+08,
      2.624772e+08,
      3.5821808e+08,
      3.375219e+08,
      3.5148634e+08,
      2.4853373e+08,
      2.20859e+08,
      2.1205654e+08,
      1.87816e+08,
      3.4493616e+08,
      2.672389e+08,
      3.3874726e+08,
      2.2413934e+08,
      8.08105e+07,
      1.785407e+08,
      7.162527e+07,
      7.894647e+07,
      1.4028717e+08,
      2.4554848e+08,
      2.1975928e+08,
      1.6591267e+08,
      1.1846383e+08,
      1.5022042e+08,
      1.0535505e+08,
      1.2037072e+08,
      1.7836392e+08,
      1.7485307e+08,
      1.7100898e+08,
      3.439286e+08,
      1.3106747e+08,
      2.2409754e+08,
      3.37722e+08,
      7.547088e+07,
      1.6937434e+08,
      2.0486627e+08,
      1.193326e+08,
      1.6717762e+08,
      1.6740493e+08,
      2.0069875e+08,
      2.451039e+08,
      1.6013747e+08,
      1.5973606e+08,
      1.7013093e+08,
      2.8804736e+08,
      3.3302445e+08,
      3.458302e+08,
      2.8623456e+08,
      2.5412613e+08,
      2.2994006e+08,
      2.8718134e+08,
      3.362644e+08,
      2.6661043e+08,
      2.5613582e+08,
      2.3038672e+08,
      3.0146774e+08,
      2.46339e+08,
      3.3085648e+08,
      2.0982026e+08,
      2.2821642e+08,
      2.4266523e+08,
      1.7991499e+08,
      1.6523875e+08,
      1.5781493e+08,
      1.9860925e+08,
      2.104042e+08,
      1.6076867e+08,
      1.7907822e+08,
      2.9464627e+08,
      1.8485632e+08,
      2.3659053e+08,
      1.6481141e+08,
      2.8315318e+07,
      9.608798e+06,
      6.0466175e+06,
      6.6334595e+06,
      8.195586e+06,
      2.103036e+08,
      4.3353622e+08,
      4.655912e+08,
      4.6522067e+08,
      4.514817e+08,
      4.624559e+08,
      4.5950742e+08,
      4.526952e+08,
      4.5430506e+08,
      4.2638064e+08,
      4.5259635e+08,
      2.8666957e+08,
      8.429385e+06,
      4.3386468e+07,
      8.085046e+07,
      1.1435696e+08,
      1.3139508e+08,
      2.762928e+08,
      8.4460824e+07,
      1.6682509e+08,
      1.0689769e+08,
      9.533725e+07,
      1.6699805e+08,
      2.0005674e+08,
      1.7228606e+08,
      1.0145937e+08,
      4.5341812e+07,
      2.2376565e+08,
      1.9878509e+08,
      2.0310693e+08,
      2.0366032e+08,
      1.808217e+08,
      1.7395206e+08,
      1.9670872e+08,
      1.0380229e+08,
      1.6476299e+08,
      1.3574389e+08,
      1.4451277e+08,
      6.8367944e+07,
      1.4148272e+08,
      1.6260629e+08,
      3.2706244e+07,
      161975.62,
      106317.22,
      45222.984,
      73559.7,
      40391.15,
      137539.61,
      42698.016,
      24863.834,
      55926.848,
      72620.18,
      437415.56,
      37539.02,
      27816.625,
      36876.32,
      22103.982,
      19419.627,
      55557.75,
      20132.66,
      34678.504,
      150298.69,
      27606.908,
      19780.338,
      97777.62,
      101443.44,
      240274.9,
      74708.945,
      18631.098,
      349033.2,
      27137.146,
      61673.047,
      214857.42,
      21718.105,
      67083.695,
      81696.66,
      32531.021,
      30744.248,
      37690.016,
      24343.74,
      56220.45,
      33931.918,
      32086.426,
      25476.203,
      39485.18,
      35408.312,
      18639.486,
      48209.332,
      22070.428,
      18723.373,
      18723.373,
      23395.828,
      20837.303,
      18597.543,
      43914.363,
      28403.826,
      38226.887,
      24134.025,
      39694.895,
      22531.8,
      20946.354,
      28001.174,
      50516.2,
      20761.805,
      52772.734,
      16408.117,
      24251.465,
      23194.502,
      20526.924,
      30727.47,
      55952.016,
      23068.672,
      28915.531,
      19595.79,
      24754.781,
      32682.018,
      28127.002,
      21818.77,
      55247.37,
      18958.254,
      18530.436,
      54509.176,
      37429.97,
      19000.197,
      26650.607,
      24805.113,
      26390.56,
      26650.607,
      21214.79,
      22783.459,
      22087.205,
      80455.14,
      20300.432,
      20308.82,
      40391.15,
      18530.436,
      35475.42,
      28311.553,
      38570.82,
      27674.018,
      65548.586,
      29251.076,
      30685.527,
      39577.453,
      21936.209,
      44149.242,
      17993.564,
      31574.72,
      29251.076,
      22246.588,
      17993.564,
      18337.498,
      28949.086,
      19822.281,
      25283.264,
      25014.828,
      21315.453,
      27372.027,
      43226.496,
      51497.664,
      20409.482,
      20535.312,
      19805.504,
      41406.168,
      35743.86,
      30987.518,
      21080.572,
      66932.7,
      22607.299,
      23370.662,
      57822.676,
      21969.764,
      28932.309,
      25870.467,
      29259.465,
      31817.99,
      20493.37,
      25308.43,
      24897.389,
      84490.06,
      33436.992,
      22548.578,
      29326.574,
      28588.377,
      28210.889,
      39845.887,
      31440.502,
      29695.672,
      45373.98,
      34091.305,
      26231.178,
      23957.865,
      51397,
      25618.809,
      29896.998,
      45868.91,
      22892.512,
      29980.885,
      24326.963,
      26457.67,
      62570.63,
      26415.727,
      28873.588,
      24335.352,
      32463.912,
      81017.18,
      37354.473,
      44358.96,
      54140.074,
      18723.373,
      18530.436,
      33822.867,
      35659.973,
      31541.166,
      33470.547,
      29435.625,
      22045.262,
      24905.777,
      30274.486,
      18530.436,
      50960.793,
      27942.453,
      100134.81,
      19469.959,
      50113.543,
      27489.469,
      18631.098,
      26625.441,
      19964.887,
      20501.758,
      20736.639,
      76051.12,
      22431.139,
      19595.79,
      23957.865,
      21801.992,
      32623.297,
      20619.2,
      17649.63,
      17649.63,
      18949.865,
      21458.059,
      38033.95,
      18966.643,
      35525.754,
      22565.355,
      37438.36,
      27950.842,
      33940.31,
      20745.027,
      34762.39,
      38663.094,
      38059.113,
      28127.002,
      46246.395,
      20619.2,
      25425.871,
      33504.1,
      32203.865,
      26466.059,
      64323.848,
      29251.076,
      30081.549,
      36112.957,
      43813.7,
      26415.727,
      33344.72,
      26239.566,
      37513.855,
      20501.758,
      36012.293,
      24226.3,
      48159,
      24947.72,
      32136.758,
      32111.592,
      27070.037,
      26096.959,
      24234.69,
      24477.959,
      24310.186,
      25761.416,
      28747.76,
      85228.26,
      52915.34,
      39787.168,
      20191.379,
      42412.8,
      17909.678,
      33462.156,
      86360.72,
      35903.242,
      27497.857,
      34770.78,
      30601.643,
      20250.1,
      31381.783,
      50130.32,
      556567.4,
      32363.25,
      18748.54,
      19964.887,
      25107.104,
      29158.8,
      31390.172,
      63627.59,
      22632.465,
      33546.043,
      39711.67,
      30131.88,
      21332.23,
      65624.08,
      38075.89,
      31214.01,
      74063.02,
      59575.895,
      36037.46,
      20199.768,
      21877.49,
      22271.754,
      58317.6,
      35433.48,
      38637.93,
      33151.777,
      38201.723,
      26650.607,
      18530.436,
      39862.664,
      36146.51,
      25065.16,
      20157.824,
      25534.922,
      28353.494,
      29125.246,
      30836.523,
      24192.746,
      24897.389,
      51564.773,
      31214.01,
      22305.309,
      19352.52,
      19771.95,
      19998.441,
      30266.098,
      49811.555,
      21164.457,
      21768.438,
      29586.621,
      19738.395,
      18454.938,
      56757.32,
      25820.135,
      31658.607,
      20325.598,
      36859.543,
      20526.924,
      17800.627,
      45701.137,
      18496.88,
      21156.07,
      20493.37,
      80715.19,
      31012.684,
      32505.855,
      30190.6,
      21063.795,
      22045.262,
      24117.248,
      17993.564,
      22917.678,
      338052.5,
      22028.484,
      28168.945,
      46296.727,
      48251.273,
      26474.447,
      26281.51,
      33571.21,
      18245.223,
      3.0499292e+07,
      1.564963e+08,
      1.4582854e+08,
      1.3370417e+08,
      1.527257e+08,
      1.4630818e+08,
      1.2730285e+08,
      1.1130592e+08,
      8.415776e+07,
      1.5211789e+08,
      1.571744e+08,
      1.0054436e+08,
      1.1353015e+08,
      1.6932101e+08,
      1.7615869e+08,
      1.4331466e+08,
      1.431695e+08,
      1.5489504e+08,
      1.7564869e+08,
      1.29060616e+08,
      1.4155018e+08,
      2.0190776e+08,
      1.4315085e+08,
      1.583463e+08,
      1.28006e+08,
      1.5713246e+08,
      1.7563192e+08,
      1.7019474e+08,
      2.137966e+08,
      1.8346478e+08,
      3.1370794e+07,
      1.289591e+08,
      1.7464288e+08,
      2.0317702e+08,
      1.9513267e+08,
      2.157437e+08,
      1.873997e+08,
      9.819024e+07,
      9.026065e+07,
      1.0550105e+08,
      8.3487976e+07,
      1.114956e+08,
      9.297387e+07,
      1.18436024e+08,
      1.21089144e+08,
      1.5961715e+08,
      1.6401461e+08,
      1.7193322e+08,
      2.0128077e+08,
      1.9491866e+08,
      8.410786e+07,
      1.9771014e+08,
      1.4007867e+08,
      1.4538114e+08,
      1.8305528e+08,
      2.038647e+08,
      1.7822104e+08,
      2.21234e+08,
      2.5102331e+08,
      1.4194662e+08,
      1.8332368e+08,
      1.4962758e+08,
      1.8105262e+08,
      1.5408058e+08,
      1.9316192e+08,
      2.0395712e+08,
      2.3005547e+08,
      1.8332413e+08,
      1.9236251e+08,
      2.0782965e+08,
      1.9375925e+08,
      1.9399883e+08,
      2.080393e+08,
      2.7984627e+08,
      1.516815e+08,
      1.6181926e+08,
      1.6922731e+08,
      2.0582914e+08,
      1.9715e+08,
      1.8387731e+08,
      2.5379547e+08,
      2.7095107e+08,
      1.6590896e+08,
      1.5352882e+08,
      1.9002387e+08,
      2.1146077e+08,
      1.5873237e+08,
      1.8575134e+08,
      2.3147654e+08,
      2.3782163e+08,
      1.477537e+08,
      1.2846379e+08,
      1.3581955e+08,
      9.579858e+07,
      1.03981544e+08,
      9.9936584e+07,
      1.0694827e+08,
      1.20464136e+08,
      1.5331104e+08,
      1.7285614e+08,
      1.939646e+08,
      1.600631e+08,
      2.1020157e+08,
      1.6273398e+08,
      2.2335438e+08,
      1.8121118e+08,
      2.2905949e+08,
      2.265037e+08,
      3.16959e+08,
      2.1492773e+08,
      2.104702e+08,
      2.688572e+08,
      2.3361635e+08,
      2.1060902e+08,
      2.3809682e+08,
      2.4933646e+08,
      2.5030886e+08,
      2.843589e+08,
      2.1291016e+08,
      2.6692534e+08,
      2.5483152e+08,
      2.2137723e+08,
      2.6941456e+08,
      2.6774696e+08,
      2.7218208e+08,
      2.4111154e+08,
      2.3052454e+08,
      1.8055491e+08,
      3.0026582e+08,
      2.7511798e+08,
      3.1686637e+08,
      3.0869968e+08,
      1.401655e+07,
      42060.48,
      20375.93,
      24754.781,
      38822.477,
      438355.1,
      672867,
      550049.44,
      716613.6,
      666281.94,
      630697.5,
      555233.56,
      512493.62,
      647491.5,
      567279.6,
      545704.1,
      567757.75,
      499080.22,
      551626.5,
      662247.06,
      641065.8,
      538506.7,
      593175.25,
      556953.25,
      574040.8,
      390120.6,
      642550.6,
      605925.94,
      641753.7,
      610439,
      597629.6,
      637416.75,
      619138,
      656358.25,
      554906.44,
      508441.9,
      607326.8,
      479450.88,
      456038.28,
      509129.78,
      499969.44,
      497377.34,
      527844.75,
      436182.44,
      435746.25,
      492260.28,
      494181.28,
      474216.4,
      452355.7,
      433347.1,
      460173.88,
      421678.56,
      478242.94,
      465240.6,
      479987.75,
      404876.16,
      338077.7,
      406688.1,
      476229.66,
      416762.8,
      405840.84,
      432717.97,
      483485.8,
      414271.4,
      362371.1,
      354771,
      339747,
      362723.4,
      395061.5,
      466003.94,
      365458.1,
      452783.5,
      514615.94,
      515949.72,
      525462.4,
      446575.94,
      409506.7,
      398702.16,
      452330.53,
      516159.44,
      538691.25,
      464150.06,
      553421.6,
      451063.84,
      428389.44,
      446819.22,
      523927.28,
      480893.72,
      413399,
      360416.53,
      365449.72,
      322625.88,
      544957.5,
      505338.12,
      511470.22,
      473436.25,
      468478.6,
      494231.62,
      514062.28,
      479090.2,
      545150.44,
      504247.62,
      376690.44,
      511294.03,
      474778.44,
      499910.72,
      409942.88,
      397192.2,
      389264.97,
      426241.94,
      466045.9,
      442138.38,
      478863.7,
      409246.62,
      386647.72,
      300194.72,
      268930.38,
      394323.28,
      343161.2,
      479845.16,
      450266.94,
      258016.81,
      264920.62,
      362379.47,
      324093.88,
      395229.28,
      278048.8,
      33915.14
    ],
    "uplinkThroughputBps": [
      68828.53,
      57579.406,
      84171.29,
      72477.57,
      67326.97,
      128488.31,
      75757.516,
      74096.58,
      70212.65,
      101980.305,
      62469.965,
      50583.305,
      53569.652,
      59919.83,
      66890.76,
      90110.43,
      73945.58,
      52294.582,
      59164.85,
      74817.99,
      87107.305,
      98918.47,
      241491.25,
      81344.33,
      56044.29,
      62822.285,
      76839.65,
      100654.91,
      52672.07,
      61530.44,
      49593.45,
      66664.266,
      75673.63,
      79079.41,
      70967.625,
      54811.164,
      71538.05,
      39090.914,
      77846.28,
      93524.59,
      83676.37,
      53519.32,
      58443.434,
      50860.13,
      89212.84,
      75522.64,
      93398.76,
      54140.074,
      51640.27,
      49559.895,
      75547.805,
      77905,
      69768.055,
      60255.37,
      55004.1,
      52051.312,
      81965.086,
      84347.45,
      66790.09,
      43780.145,
      67268.25,
      46246.395,
      68929.195,
      102584.29,
      68803.36,
      60012.1,
      54978.938,
      51053.066,
      81864.42,
      71965.87,
      67452.8,
      78282.49,
      69692.555,
      71026.34,
      64927.824,
      86511.71,
      86704.65,
      82652.95,
      72402.08,
      69935.83,
      34426.848,
      60205.04,
      49266.293,
      71336.72,
      76093.06,
      68979.52,
      64734.887,
      52940.504,
      51715.77,
      76118.23,
      75346.48,
      74524.39,
      49098.523,
      56631.492,
      43973.082,
      75950.45,
      79448.51,
      67461.19,
      56681.824,
      46523.22,
      61111.008,
      127959.83,
      71269.62,
      76059.51,
      54643.39,
      42471.523,
      14587.789,
      10032.775,
      14034.142,
      19939.72,
      9210.691,
      18320.72,
      10955.522,
      10586.423,
      14646.51,
      19537.068,
      17003.709,
      14587.789,
      10032.775,
      10032.775,
      16559.111,
      22666.02,
      10032.775,
      14034.142,
      10754.195,
      26239.566,
      18379.44,
      10032.775,
      21801.992,
      52185.53,
      9764.34,
      14034.142,
      19151.191,
      29435.625,
      10032.775,
      18211.668,
      24008.195,
      10032.775,
      14587.789,
      10032.775,
      11056.186,
      14755.562,
      10032.775,
      10586.423,
      15510.536,
      14688.452,
      36515.61,
      18262,
      10586.423,
      10032.775,
      13950.255,
      25878.855,
      11291.066,
      14042.53,
      10032.775,
      13656.654,
      17716.74,
      10032.775,
      11643.388,
      15149.826,
      11056.186,
      12188.647,
      15200.157,
      10032.775,
      10586.423,
      17658.02,
      15149.826,
      10754.195,
      14034.142,
      10032.775,
      19369.295,
      17708.352,
      10032.775,
      42840.62,
      78852.914,
      89405.78,
      147236.84,
      81117.836,
      99128.18,
      95344.92,
      71907.15,
      96057.95,
      81000.4,
      71932.31,
      55926.848,
      77057.75,
      85312.14,
      76126.62,
      63686.312,
      64248.348,
      59559.117,
      69650.61,
      52277.805,
      71923.92,
      43033.56,
      90672.46,
      74390.17,
      69608.67,
      64441.285,
      58720.258,
      87619.01,
      88483.04,
      67385.69,
      47420.8,
      85832.234,
      67905.78,
      53326.383,
      63199.773,
      73089.945,
      61740.156,
      74180.46,
      61530.44,
      82208.36,
      78106.33,
      33369.883,
      202836.55,
      186378.1,
      133051.72,
      159643.6,
      202408.72,
      91997.87,
      198961,
      106887.64,
      209337.72,
      175967.83,
      170028.7,
      68350.375,
      81403.055,
      73475.82,
      75212.26,
      73282.88,
      105142.81,
      230200.19,
      208331.08,
      188366.19,
      95982.45,
      108414.37,
      210629.56,
      165054.25,
      62142.81,
      83835.75,
      78139.88,
      63443.043,
      89498.06,
      61052.29,
      75782.69,
      73333.21,
      83214.99,
      64105.742,
      65666.02,
      56337.89,
      70892.125,
      78802.586,
      56354.668,
      47253.027,
      89800.05,
      73735.87,
      79683.39,
      72351.74,
      72762.79,
      93616.87,
      90773.125,
      29888.61,
      36238.785,
      67595.41,
      61790.49,
      194615.7,
      408802.03,
      91024.79,
      69315.07,
      72083.305,
      68845.305,
      55851.35,
      80924.9,
      76244.055,
      72955.73,
      100755.57,
      74054.63,
      55708.746,
      61178.117,
      73224.16,
      72636.95,
      73123.49,
      85404.42,
      63468.207,
      77301.02,
      59265.516,
      62469.965,
      72343.35,
      82636.18,
      64726.5,
      64625.836,
      79498.836,
      61111.008,
      70690.8,
      72091.695,
      60775.465,
      70355.26,
      53653.535,
      65204.65,
      72603.4,
      87686.12,
      74675.39,
      67578.625,
      95126.81,
      87056.98,
      67268.25,
      9.149505e+06,
      3.5566285e+08,
      3.1226845e+08,
      3.3630237e+08,
      3.2575088e+08,
      3.1953434e+08,
      3.2164035e+08,
      3.0767293e+08,
      3.370005e+08,
      3.1394672e+08,
      3.173231e+08,
      3.2876173e+08,
      3.1962925e+08,
      3.2371805e+08,
      3.6500314e+08,
      2.4038883e+08,
      2.1473794e+08,
      2.865091e+08,
      3.36484e+08,
      3.134809e+08,
      3.1829216e+08,
      3.202491e+08,
      3.212227e+08,
      3.298102e+08,
      3.1035683e+08,
      3.1301312e+08,
      3.1823462e+08,
      3.1457923e+08,
      2.9655187e+08,
      3.1413155e+08,
      3.0881712e+08,
      3.263884e+08,
      3.1542064e+08,
      3.1047014e+08,
      3.165092e+08,
      3.2848163e+08,
      3.2275427e+08,
      3.0802608e+08,
      3.3108486e+08,
      3.1960624e+08,
      3.202617e+08,
      3.2613437e+08,
      3.1630346e+08,
      3.175058e+08,
      3.2557085e+08,
      3.143094e+08,
      3.1795702e+08,
      3.110131e+08,
      3.255314e+08,
      3.13364e+08,
      3.2777424e+08,
      3.2548918e+08,
      3.0985987e+08,
      3.1962035e+08,
      3.1409494e+08,
      3.063392e+08,
      3.0594797e+08,
      3.1311686e+08,
      3.3244326e+08,
      3.1216717e+08,
      3.1069994e+08,
      3.2196406e+08,
      3.1034486e+08,
      3.228011e+08,
      3.3208045e+08,
      3.1860074e+08,
      3.2195126e+08,
      3.2876333e+08,
      3.103495e+08,
      3.2498198e+08,
      3.261275e+08,
      3.18461e+08,
      3.195788e+08,
      3.1762256e+08,
      3.292702e+08,
      3.186364e+08,
      3.1802173e+08,
      3.3760186e+08,
      3.1649712e+08,
      3.2380378e+08,
      3.167507e+08,
      3.1688755e+08,
      3.2613194e+08,
      3.2574896e+08,
      3.283346e+08,
      3.374407e+08,
      3.250155e+08,
      3.248696e+08,
      3.17593e+08,
      3.1899514e+08,
      3.182362e+08,
      3.2364672e+08,
      3.1470323e+08,
      3.2206963e+08,
      3.2026173e+08,
      3.3596797e+08,
      3.1955894e+08,
      3.2959776e+08,
      3.2131754e+08,
      3.1253078e+08,
      3.1990128e+08,
      3.0731965e+08,
      3.149484e+08,
      3.1530573e+08,
      3.21838e+08,
      3.161043e+08,
      3.1368397e+08,
      3.337788e+08,
      3.1072416e+08,
      3.0548624e+08,
      3.121656e+08,
      3.1723088e+08,
      3.1837437e+08,
      3.3003296e+08,
      3.2024422e+08,
      3.2448704e+08,
      3.1814992e+08,
      3.3098518e+08,
      3.1741885e+08,
      3.1161034e+08,
      3.239021e+08,
      93759.47,
      79129.74,
      67167.586,
      73970.74,
      98624.87,
      80136.375,
      77208.75,
      103616.086,
      80731.96,
      74339.84,
      79993.766,
      86721.43,
      66337.11,
      88189.44,
      83860.914,
      78223.77,
      55415.145,
      55767.465,
      71722.6,
      74096.58,
      69751.27,
      64399.344,
      53192.164,
      72787.95,
      72334.97,
      75170.31,
      104337.51,
      65758.3,
      78047.61,
      39225.133,
      75094.82,
      72804.73,
      77846.28,
      74448.9,
      62654.51,
      47445.97,
      77737.23,
      82401.3,
      66983.03,
      60607.69,
      70481.086,
      70086.82,
      60238.594,
      75883.35,
      90051.7,
      67276.63,
      43176.164,
      63174.605,
      65993.18,
      66513.27,
      89196.07,
      61111.008,
      49987.715,
      62352.523,
      45499.81,
      61085.844,
      67662.516,
      99472.12,
      52546.242,
      57201.918,
      56715.38,
      77611.4,
      88189.44,
      53485.766,
      52261.027,
      49895.44,
      64818.773,
      102215.19,
      89061.85,
      63602.426,
      48922.363,
      49652.17,
      49543.117,
      79222.016,
      86427.83,
      56975.426,
      53376.71,
      58829.31,
      58846.086,
      77259.08,
      87132.47,
      61966.65,
      50885.297,
      65389.2,
      51136.953,
      98708.75,
      68249.71,
      95151.984,
      99765.72,
      109915.93,
      76772.54,
      238764.95,
      79649.836,
      94908.71,
      103154.71,
      73450.65,
      99119.79,
      79414.95,
      87157.64,
      70581.75,
      48083.5,
      83072.38,
      92568.29,
      105386.086,
      60909.684,
      38965.086,
      67117.25,
      84120.96,
      92643.79,
      78852.914,
      75539.414,
      74247.57,
      66060.29,
      98759.08,
      66337.11,
      98968.8,
      45382.37,
      73853.305,
      48519.707,
      67662.516,
      91460.99,
      71512.88,
      57864.617,
      84674.61,
      49543.117,
      64718.11,
      89833.6,
      92207.58,
      69566.73,
      50130.32,
      66806.875,
      67226.305,
      76495.72,
      74876.72,
      69239.57,
      46707.77,
      52680.457,
      80631.3,
      74365.01,
      89489.67,
      50398.758,
      55582.918,
      49392.125,
      68149.055,
      60154.707,
      69776.44,
      59198.406,
      54148.465,
      86973.086,
      71621.94,
      71202.51,
      93868.52,
      68627.2,
      61001.957,
      60733.523,
      77393.3,
      108900.91,
      93331.66,
      70439.14,
      65582.14,
      44509.953,
      99522.445,
      30475.812,
      17716.74,
      10032.775,
      10032.775,
      14545.847,
      14210.302,
      17003.709,
      14646.51,
      10032.775,
      10032.775,
      14042.53,
      14587.789,
      10032.775,
      14034.142,
      10586.423,
      25971.13,
      28571.6,
      11643.388,
      10032.775,
      14587.789,
      10586.423,
      14587.789,
      14587.789,
      10032.775,
      9210.691,
      17658.02,
      24385.684,
      10032.775,
      14042.53,
      10032.775,
      10586.423,
      17708.352,
      19688.062,
      81629.55,
      74281.125,
      97609.84,
      75304.53,
      90445.97,
      85689.63,
      77485.57,
      99077.85,
      70078.43,
      93272.93,
      99849.6,
      92534.734,
      84758.49,
      105746.79,
      72553.07,
      67989.664,
      44048.582,
      168443.25,
      398978.97,
      424060.9,
      379953.62,
      428121,
      397183.8,
      336894.88,
      351700.78,
      452280.2,
      419178.75,
      422324.47,
      320973.3,
      289675.4,
      451332.28,
      393081.78,
      348395.66,
      367681.06,
      410907.56,
      407224.97,
      438564.8,
      394096.8,
      421175.22,
      394440.75,
      421384.94,
      356155.12,
      380196.88,
      409045.3,
      414590.2,
      441928.66,
      437214.25,
      126391.16,
      351776.28,
      377739.03,
      447792.28,
      408005.12,
      501395.5,
      401915,
      272025.78,
      407149.47,
      383795.6,
      407552.12,
      439227.5,
      482747.62,
      378032.62,
      378795.97,
      461977.4,
      426434.88,
      424153.2,
      473385.94,
      450510.2,
      390263.22,
      499986.2,
      405891.2,
      477286.62,
      435897.25,
      460995.94,
      452187.9,
      485700.4,
      488015.66,
      317928.25,
      425277.25,
      363486.78,
      492688.12,
      423943.47,
      420487.38,
      499877.16,
      466373.06,
      368930.97,
      460618.47,
      485272.6,
      403643.03,
      456348.66,
      472555.47,
      509146.56,
      374928.84,
      436291.5,
      439965.72,
      489030.7,
      454503.16,
      426090.97,
      516142.66,
      524329.94,
      384877.72,
      491832.47,
      420789.34,
      492721.66,
      449872.66,
      446517.22,
      479912.25,
      488946.78,
      755092.2,
      626125.7,
      418507.66,
      644085.7,
      382335.97,
      575836,
      468075.94,
      374115.12,
      437071.66,
      437759.5,
      475776.7,
      468193.38,
      461130.16,
      407770.25,
      478469.44,
      505405.25,
      639019,
      503828.2,
      547625.1,
      423633.1,
      483963.97,
      472320.56,
      402502.2,
      435469.4,
      462958.88,
      470751.9,
      442381.62,
      479828.38,
      366716.38,
      460375.2,
      403760.47,
      405740.2,
      439781.16,
      434999.66,
      444797.56,
      416486,
      556173.1,
      891809.7,
      524606.75,
      542608.75,
      551609.7,
      566918.9,
      108531.81,
      79448.51,
      68199.38,
      84565.555,
      86855.65,
      1.9169102e+07,
      2.2001464e+07,
      1.5984753e+07,
      2.168805e+07,
      2.0413208e+07,
      1.888894e+07,
      1.5287919e+07,
      1.4158569e+07,
      1.6500904e+07,
      1.4098549e+07,
      1.540557e+07,
      1.7016996e+07,
      1.3378261e+07,
      1.3580351e+07,
      1.653799e+07,
      1.8699206e+07,
      1.5690765e+07,
      1.6359799e+07,
      1.6904866e+07,
      1.5292298e+07,
      1.0808856e+07,
      1.8585364e+07,
      1.6874842e+07,
      1.7581952e+07,
      1.6198922e+07,
      1.5668225e+07,
      1.8403164e+07,
      1.7109716e+07,
      1.8815958e+07,
      1.5139206e+07,
      1.6759264e+07,
      1.7551174e+07,
      1.98883e+07,
      1.4355257e+07,
      1.5804616e+07,
      1.6428015e+07,
      1.9375394e+07,
      1.6224122e+07,
      1.6475235e+07,
      1.4809005e+07,
      1.6651202e+07,
      1.8084622e+07,
      1.6329038e+07,
      1.4800994e+07,
      1.2916862e+07,
      1.5029424e+07,
      1.4891801e+07,
      1.6636497e+07,
      1.5300175e+07,
      1.8892932e+07,
      1.4073761e+07,
      1.0661317e+07,
      1.520634e+07,
      1.6199384e+07,
      1.3991896e+07,
      1.4570802e+07,
      1.4965738e+07,
      1.418038e+07,
      1.2607348e+07,
      1.3188385e+07,
      1.2137771e+07,
      1.0978356e+07,
      1.2339332e+07,
      1.3041635e+07,
      1.5757002e+07,
      1.211742e+07,
      1.4044518e+07,
      1.7450302e+07,
      1.6723034e+07,
      1.8041816e+07,
      1.4671935e+07,
      1.5513875e+07,
      1.2556597e+07,
      1.4919676e+07,
      1.9665616e+07,
      1.7756394e+07,
      1.4662565e+07,
      1.6962848e+07,
      1.5138594e+07,
      1.3575142e+07,
      1.7386666e+07,
      1.9132334e+07,
      1.5222312e+07,
      1.5827298e+07,
      1.2137343e+07,
      1.2893383e+07,
      1.1335736e+07,
      1.6282036e+07,
      1.6199358e+07,
      1.722687e+07,
      1.7866728e+07,
      1.4762549e+07,
      1.8592686e+07,
      1.6695394e+07,
      1.7548062e+07,
      1.776724e+07,
      1.7414776e+07,
      1.1313665e+07,
      1.8665382e+07,
      1.5496234e+07,
      1.6239817e+07,
      1.3127064e+07,
      1.3273236e+07,
      1.4872113e+07,
      1.3476357e+07,
      1.5390688e+07,
      1.3527041e+07,
      1.5583039e+07,
      1.3164368e+07,
      1.1989493e+07,
      9.467685e+06,
      9.093335e+06,
      1.5661993e+07,
      1.113253e+07,
      1.702416e+07,
      1.5215593e+07,
      8.848698e+06,
      8.700463e+06,
      1.423733e+07,
      1.092612e+07,
      1.4949884e+07,
      9.1133e+06,
      66144.17
    ],
    "outages": [
      {
        "cause": "BOOTING",
        "startTimestampNs": "1400878338205950005",
        "durationNs": "48494843104",
        "didSwitch": false
      },
      {
        "cause": "NO_SCHEDULE",
        "startTimestampNs": "1400878387140730015",
        "durationNs": "11559976437",
        "didSwitch": false
      },
      {
        "cause": "NO_PINGS",
        "startTimestampNs": "1400878399600641908",
        "durationNs": "14040140128",
        "didSwitch": false
      },
      {
        "cause": "NO_PINGS",
        "startTimestampNs": "1400878448980890571",
        "durationNs": "3359892931",
        "didSwitch": false
      },
      {
        "cause": "NO_PINGS",
        "startTimestampNs": "1400878740120727599",
        "durationNs": "880000099",
        "didSwitch": true
      },
      {
        "cause": "NO_PINGS",
        "startTimestampNs": "1400878754860773553",
        "durationNs": "1319948364",
        "didSwitch": true
      },
      {
        "cause": "NO_PINGS",
        "startTimestampNs": "1400878921120717804",
        "durationNs": "940044786",
        "didSwitch": true
      },
      {
        "cause": "NO_PINGS",
        "startTimestampNs": "1400878950020695059",
        "durationNs": "1800094762",
        "didSwitch": true
      },
      {
        "cause": "NO_DOWNLINK",
        "startTimestampNs": "1400879913460752834",
        "durationNs": "399996962",
        "didSwitch": true
      },
      {
        "cause": "NO_DOWNLINK",
        "startTimestampNs": "1400880271600797136",
        "durationNs": "919999021",
        "didSwitch": true
      },
      {
        "cause": "NO_DOWNLINK",
        "startTimestampNs": "1400880300060756684",
        "durationNs": "1760032252",
        "didSwitch": true
      },
      {
        "cause": "NO_PINGS",
        "startTimestampNs": "1400880393960699660",
        "durationNs": "700075799",
        "didSwitch": true
      },
      {
        "cause": "NO_PINGS",
        "startTimestampNs": "1400880479860761384",
        "durationNs": "399880177",
        "didSwitch": true
      },
      {
        "cause": "NO_DOWNLINK",
        "startTimestampNs": "1400880615820734379",
        "durationNs": "540020628",
        "didSwitch": true
      },
      {
        "cause": "NO_DOWNLINK",
        "startTimestampNs": "1400880751320793905",
        "durationNs": "800023402",
        "didSwitch": true
      },
      {
        "cause": "NO_DOWNLINK",
        "startTimestampNs": "1400881148660712243",
        "durationNs": "480204682",
        "didSwitch": true
      },
      {
        "cause": "NO_DOWNLINK",
        "startTimestampNs": "1400881338320756585",
        "durationNs": "560004028",
        "didSwitch": true
      },
      {
        "cause": "NO_DOWNLINK",
        "startTimestampNs": "1400881402360800321",
        "durationNs": "539954948",
        "didSwitch": true
      }
    ]
  }
}
End time: 1716846373018
