Start time: 1716823985179
[2024-05-27 11:33:05.939179] nuttcp-r: v8.1.4: socket
[2024-05-27 11:33:05.939609] nuttcp-r: buflen=65536, nstream=1, port=5002 tcp
[2024-05-27 11:33:05.939644] nuttcp-r: interval reporting every 0.50 seconds
[2024-05-27 11:33:05.939670] nuttcp-r: connect to 35.245.244.238 with RTT=28.138 ms af=inet
[2024-05-27 11:33:05.939695] nuttcp-r: send window size = 2097152, receive window size = 6291456
[2024-05-27 11:33:05.939720] nuttcp-r: available send window = 1572864, available receive window = 4718592
[2024-05-27 11:33:05.939744]     1.9375 MB /   0.50 sec =   32.5019 Mbps     0 retrans     13 KB-cwnd
[2024-05-27 11:33:06.439197]     2.1250 MB /   0.50 sec =   35.6504 Mbps     0 retrans     13 KB-cwnd
[2024-05-27 11:33:06.939254]     3.0625 MB /   0.50 sec =   51.3839 Mbps     0 retrans     13 KB-cwnd
[2024-05-27 11:33:07.440101]     2.8750 MB /   0.50 sec =   48.1844 Mbps     0 retrans     13 KB-cwnd
[2024-05-27 11:33:07.939455]     2.0625 MB /   0.50 sec =   34.6383 Mbps     0 retrans     13 KB-cwnd
[2024-05-27 11:33:08.439077]     2.8750 MB /   0.50 sec =   48.2338 Mbps     0 retrans     13 KB-cwnd
[2024-05-27 11:33:08.939184]     2.1250 MB /   0.50 sec =   35.6445 Mbps     0 retrans     13 KB-cwnd
[2024-05-27 11:33:09.439104]     3.6875 MB /   0.50 sec =   61.8766 Mbps     0 retrans     13 KB-cwnd
[2024-05-27 11:33:09.939122]     3.6250 MB /   0.50 sec =   60.8119 Mbps     0 retrans     13 KB-cwnd
[2024-05-27 11:33:10.439118]     2.5000 MB /   0.50 sec =   41.9492 Mbps     0 retrans     13 KB-cwnd
[2024-05-27 11:33:10.939066]     3.0000 MB /   0.50 sec =   50.3304 Mbps     0 retrans     13 KB-cwnd
[2024-05-27 11:33:11.439067]     3.3125 MB /   0.50 sec =   55.5746 Mbps     0 retrans     13 KB-cwnd
[2024-05-27 11:33:11.939058]     3.9375 MB /   0.50 sec =   66.0611 Mbps     0 retrans     13 KB-cwnd
[2024-05-27 11:33:12.439240]     2.5000 MB /   0.50 sec =   41.9310 Mbps     0 retrans     13 KB-cwnd
[2024-05-27 11:33:12.939263]     2.8750 MB /   0.50 sec =   48.2317 Mbps     0 retrans     13 KB-cwnd
[2024-05-27 11:33:13.439107]     3.0000 MB /   0.50 sec =   50.3472 Mbps     0 retrans     13 KB-cwnd
[2024-05-27 11:33:13.939251]     1.6875 MB /   0.50 sec =   28.3031 Mbps     0 retrans     13 KB-cwnd
[2024-05-27 11:33:14.439188]     4.3750 MB /   0.50 sec =   73.4062 Mbps     0 retrans     13 KB-cwnd
[2024-05-27 11:33:14.939074]     2.9375 MB /   0.50 sec =   49.2951 Mbps     0 retrans     13 KB-cwnd
[2024-05-27 11:33:15.439060]     2.6250 MB /   0.50 sec =   44.0408 Mbps     0 retrans     13 KB-cwnd
[2024-05-27 11:33:15.939239]     1.8750 MB /   0.50 sec =   31.4561 Mbps     0 retrans     13 KB-cwnd
[2024-05-27 11:33:16.439094]     2.3750 MB /   0.50 sec =   39.8466 Mbps     0 retrans     13 KB-cwnd
[2024-05-27 11:33:16.939274]     0.0625 MB /   0.50 sec =    1.0482 Mbps     0 retrans     13 KB-cwnd
[2024-05-27 11:33:17.439054]     3.4375 MB /   0.50 sec =   57.6919 Mbps     0 retrans     13 KB-cwnd
[2024-05-27 11:33:17.939092]     2.8750 MB /   0.50 sec =   48.2330 Mbps     0 retrans     13 KB-cwnd
[2024-05-27 11:33:18.439069]     4.4375 MB /   0.50 sec =   74.4502 Mbps     0 retrans     13 KB-cwnd
[2024-05-27 11:33:18.939088]     3.0625 MB /   0.50 sec =   51.3746 Mbps     0 retrans     13 KB-cwnd
[2024-05-27 11:33:19.439075]     3.8125 MB /   0.50 sec =   63.9702 Mbps     0 retrans     13 KB-cwnd
[2024-05-27 11:33:19.939335]     2.9375 MB /   0.50 sec =   49.2786 Mbps     0 retrans     13 KB-cwnd
[2024-05-27 11:33:20.439458]     4.2500 MB /   0.50 sec =   71.2566 Mbps     0 retrans     13 KB-cwnd
[2024-05-27 11:33:20.939290]     3.7500 MB /   0.50 sec =   62.9612 Mbps     0 retrans     13 KB-cwnd
[2024-05-27 11:33:21.439093]     4.3750 MB /   0.50 sec =   73.3993 Mbps     0 retrans     18 KB-cwnd
[2024-05-27 11:33:21.939073]     5.0000 MB /   0.50 sec =   83.8862 Mbps     0 retrans     18 KB-cwnd
[2024-05-27 11:33:22.439228]     2.9375 MB /   0.50 sec =   49.2695 Mbps     0 retrans     18 KB-cwnd
[2024-05-27 11:33:22.939296]     1.3125 MB /   0.50 sec =   22.0278 Mbps     0 retrans     18 KB-cwnd
[2024-05-27 11:33:23.439302]     4.0625 MB /   0.50 sec =   68.1463 Mbps     0 retrans     24 KB-cwnd
[2024-05-27 11:33:23.939165]     3.1250 MB /   0.50 sec =   52.4292 Mbps     0 retrans     24 KB-cwnd
[2024-05-27 11:33:24.439483]     3.5000 MB /   0.50 sec =   58.7031 Mbps     0 retrans     24 KB-cwnd
[2024-05-27 11:33:24.939458]     2.6875 MB /   0.50 sec =   45.0734 Mbps     0 retrans     24 KB-cwnd
[2024-05-27 11:33:25.439142]     1.4375 MB /   0.50 sec =   24.1358 Mbps     0 retrans     24 KB-cwnd
[2024-05-27 11:33:25.939532]     2.4375 MB /   0.50 sec =   40.8561 Mbps     0 retrans     24 KB-cwnd
[2024-05-27 11:33:26.439126]     2.8750 MB /   0.50 sec =   48.2758 Mbps     0 retrans     24 KB-cwnd
[2024-05-27 11:33:26.939059]     0.8125 MB /   0.50 sec =   13.6321 Mbps     0 retrans     24 KB-cwnd
[2024-05-27 11:33:27.439064]     2.3125 MB /   0.50 sec =   38.7974 Mbps     0 retrans     24 KB-cwnd
[2024-05-27 11:33:27.939388]     0.7500 MB /   0.50 sec =   12.5789 Mbps     0 retrans     26 KB-cwnd
[2024-05-27 11:33:28.439234]     1.9375 MB /   0.50 sec =   32.5073 Mbps     0 retrans     26 KB-cwnd
[2024-05-27 11:33:28.939122]     2.2500 MB /   0.50 sec =   37.7543 Mbps     0 retrans     26 KB-cwnd
[2024-05-27 11:33:29.439259]     1.5625 MB /   0.50 sec =   26.2100 Mbps     0 retrans     26 KB-cwnd
[2024-05-27 11:33:29.940187]     0.6250 MB /   0.50 sec =   10.4673 Mbps     0 retrans     26 KB-cwnd
[2024-05-27 11:33:30.440223]     0.8750 MB /   0.50 sec =   14.6789 Mbps     0 retrans     26 KB-cwnd
[2024-05-27 11:33:30.939277]     0.8125 MB /   0.50 sec =   13.6537 Mbps     0 retrans     26 KB-cwnd
[2024-05-27 11:33:31.440980]     0.5625 MB /   0.50 sec =    9.4119 Mbps     0 retrans     26 KB-cwnd
[2024-05-27 11:33:31.939111]     1.2500 MB /   0.50 sec =   21.0358 Mbps     0 retrans     26 KB-cwnd
[2024-05-27 11:33:32.439154]     2.3750 MB /   0.50 sec =   39.8488 Mbps     0 retrans     26 KB-cwnd
[2024-05-27 11:33:32.939080]     1.6250 MB /   0.50 sec =   27.2648 Mbps     0 retrans     26 KB-cwnd
[2024-05-27 11:33:33.439098]     1.2500 MB /   0.50 sec =   20.9711 Mbps     0 retrans     26 KB-cwnd
[2024-05-27 11:33:33.938966]     2.3750 MB /   0.50 sec =   39.8492 Mbps     0 retrans     26 KB-cwnd
[2024-05-27 11:33:34.439253]     2.6875 MB /   0.50 sec =   45.0871 Mbps     0 retrans     26 KB-cwnd
[2024-05-27 11:33:34.939556]     1.8125 MB /   0.50 sec =   30.3905 Mbps     0 retrans     26 KB-cwnd
[2024-05-27 11:33:35.439079]     3.1875 MB /   0.50 sec =   53.5078 Mbps     0 retrans     26 KB-cwnd
[2024-05-27 11:33:35.939024]     2.3125 MB /   0.50 sec =   38.7979 Mbps     0 retrans     26 KB-cwnd
[2024-05-27 11:33:36.439309]     2.5000 MB /   0.50 sec =   41.9419 Mbps     0 retrans     26 KB-cwnd
[2024-05-27 11:33:36.939097]     2.0625 MB /   0.50 sec =   34.6022 Mbps     0 retrans     26 KB-cwnd
[2024-05-27 11:33:37.439058]     0.5625 MB /   0.50 sec =    9.4376 Mbps     0 retrans     26 KB-cwnd
[2024-05-27 11:33:37.939103]     2.1875 MB /   0.50 sec =   36.6969 Mbps     0 retrans     26 KB-cwnd
[2024-05-27 11:33:38.439200]     1.6250 MB /   0.50 sec =   27.2608 Mbps     0 retrans     26 KB-cwnd
[2024-05-27 11:33:38.939128]     3.0000 MB /   0.50 sec =   50.3326 Mbps     0 retrans     26 KB-cwnd
[2024-05-27 11:33:39.439071]     2.7500 MB /   0.50 sec =   46.1444 Mbps     0 retrans     26 KB-cwnd
[2024-05-27 11:33:39.939215]     3.3750 MB /   0.50 sec =   56.6256 Mbps     0 retrans     26 KB-cwnd
[2024-05-27 11:33:40.440447]     2.9375 MB /   0.50 sec =   49.1487 Mbps     0 retrans     26 KB-cwnd
[2024-05-27 11:33:40.939063]     3.7500 MB /   0.50 sec =   63.0839 Mbps     0 retrans     26 KB-cwnd
[2024-05-27 11:33:41.439284]     4.3125 MB /   0.50 sec =   72.3282 Mbps     0 retrans     26 KB-cwnd
[2024-05-27 11:33:41.939211]     3.6250 MB /   0.50 sec =   60.8378 Mbps     0 retrans     26 KB-cwnd
[2024-05-27 11:33:42.440652]     2.4375 MB /   0.50 sec =   40.7712 Mbps     0 retrans     26 KB-cwnd
[2024-05-27 11:33:42.939220]     6.9375 MB /   0.50 sec =  116.7124 Mbps     0 retrans     32 KB-cwnd
[2024-05-27 11:33:43.439225]     2.6250 MB /   0.50 sec =   44.0404 Mbps     0 retrans     32 KB-cwnd
[2024-05-27 11:33:43.939243]     0.0000 MB /   0.50 sec =    0.0000 Mbps     0 retrans     32 KB-cwnd
[2024-05-27 11:33:44.439192]     3.0000 MB /   0.50 sec =   50.3469 Mbps     0 retrans     32 KB-cwnd
[2024-05-27 11:33:44.939155]     3.6875 MB /   0.50 sec =   61.8578 Mbps     0 retrans     32 KB-cwnd
[2024-05-27 11:33:45.439207]     4.5625 MB /   0.50 sec =   76.5281 Mbps     0 retrans     32 KB-cwnd
[2024-05-27 11:33:45.939860]     5.2500 MB /   0.50 sec =   88.0365 Mbps     0 retrans     32 KB-cwnd
[2024-05-27 11:33:46.440668]     2.3750 MB /   0.50 sec =   39.7593 Mbps     0 retrans     32 KB-cwnd
[2024-05-27 11:33:46.939041]     4.1875 MB /   0.50 sec =   70.4702 Mbps     0 retrans     32 KB-cwnd
[2024-05-27 11:33:47.439240]     5.7500 MB /   0.50 sec =   96.4742 Mbps     0 retrans     32 KB-cwnd
[2024-05-27 11:33:47.939272]     3.8125 MB /   0.50 sec =   63.9387 Mbps     0 retrans     37 KB-cwnd
[2024-05-27 11:33:48.439115]     4.0625 MB /   0.50 sec =   68.1775 Mbps     0 retrans     45 KB-cwnd
[2024-05-27 11:33:48.939066]     5.3750 MB /   0.50 sec =   90.1763 Mbps     0 retrans     48 KB-cwnd
[2024-05-27 11:33:49.439271]     6.2500 MB /   0.50 sec =  104.8568 Mbps     0 retrans     48 KB-cwnd
[2024-05-27 11:33:49.939089]     4.4375 MB /   0.50 sec =   74.4480 Mbps     0 retrans     48 KB-cwnd
[2024-05-27 11:33:50.439114]     4.3125 MB /   0.50 sec =   72.3471 Mbps     0 retrans     48 KB-cwnd
[2024-05-27 11:33:50.939147]     3.1250 MB /   0.50 sec =   52.4368 Mbps     0 retrans     52 KB-cwnd
[2024-05-27 11:33:51.439448]     3.3750 MB /   0.50 sec =   56.5784 Mbps     0 retrans     52 KB-cwnd
[2024-05-27 11:33:51.939044]     3.7500 MB /   0.50 sec =   62.9632 Mbps     0 retrans     52 KB-cwnd
[2024-05-27 11:33:52.439063]     4.3750 MB /   0.50 sec =   73.3991 Mbps     0 retrans     52 KB-cwnd
[2024-05-27 11:33:52.939174]     3.0625 MB /   0.50 sec =   51.3701 Mbps     0 retrans     52 KB-cwnd
[2024-05-27 11:33:53.439091]     4.2500 MB /   0.50 sec =   71.3150 Mbps     0 retrans     52 KB-cwnd
[2024-05-27 11:33:53.939293]     0.6875 MB /   0.50 sec =   11.5306 Mbps     0 retrans     52 KB-cwnd
[2024-05-27 11:33:54.439065]     5.3125 MB /   0.50 sec =   89.1595 Mbps     0 retrans     52 KB-cwnd
[2024-05-27 11:33:54.939070]     4.2500 MB /   0.50 sec =   71.3049 Mbps     0 retrans     55 KB-cwnd
[2024-05-27 11:33:55.439231]     3.4375 MB /   0.50 sec =   57.6719 Mbps     0 retrans     55 KB-cwnd
[2024-05-27 11:33:55.939234]     1.1875 MB /   0.50 sec =   19.9170 Mbps     0 retrans     55 KB-cwnd
[2024-05-27 11:33:56.440410]     3.8750 MB /   0.50 sec =   64.8896 Mbps     0 retrans     55 KB-cwnd
[2024-05-27 11:33:56.939005]     5.3125 MB /   0.50 sec =   89.3210 Mbps     0 retrans     60 KB-cwnd
[2024-05-27 11:33:57.439611]     1.8750 MB /   0.50 sec =   31.4263 Mbps     0 retrans     60 KB-cwnd
[2024-05-27 11:33:57.939069]     4.6875 MB /   0.50 sec =   78.7232 Mbps     0 retrans     63 KB-cwnd
[2024-05-27 11:33:58.439025]     4.5000 MB /   0.50 sec =   75.4981 Mbps     0 retrans     63 KB-cwnd
[2024-05-27 11:33:58.939051]     4.2500 MB /   0.50 sec =   71.3016 Mbps     0 retrans     63 KB-cwnd
[2024-05-27 11:33:59.439283]     4.0000 MB /   0.50 sec =   67.0895 Mbps     0 retrans     63 KB-cwnd
[2024-05-27 11:33:59.939120]     0.2500 MB /   0.50 sec =    4.1952 Mbps     0 retrans     63 KB-cwnd
[2024-05-27 11:34:00.439257]     4.1250 MB /   0.50 sec =   69.1873 Mbps     0 retrans     63 KB-cwnd
[2024-05-27 11:34:00.939568]     3.0000 MB /   0.50 sec =   50.3012 Mbps     0 retrans     63 KB-cwnd
[2024-05-27 11:34:01.439101]     3.1250 MB /   0.50 sec =   52.4778 Mbps     0 retrans     63 KB-cwnd
[2024-05-27 11:34:01.939103]     3.4375 MB /   0.50 sec =   57.6687 Mbps     0 retrans     63 KB-cwnd
[2024-05-27 11:34:02.439069]     4.1250 MB /   0.50 sec =   69.2106 Mbps     0 retrans     63 KB-cwnd
[2024-05-27 11:34:02.939355]     2.0000 MB /   0.50 sec =   33.5442 Mbps     0 retrans     63 KB-cwnd
[2024-05-27 11:34:03.439631]     4.4375 MB /   0.50 sec =   74.4102 Mbps     0 retrans     63 KB-cwnd
[2024-05-27 11:34:03.939167]     4.6875 MB /   0.50 sec =   78.7136 Mbps     0 retrans     63 KB-cwnd
[2024-05-27 11:34:04.439070]     4.0625 MB /   0.50 sec =   68.1520 Mbps     0 retrans     63 KB-cwnd
[2024-05-27 11:34:04.939238]     3.6250 MB /   0.50 sec =   60.8026 Mbps     0 retrans     76 KB-cwnd
[2024-05-27 11:34:05.439236]     5.6250 MB /   0.50 sec =   94.3954 Mbps     0 retrans     83 KB-cwnd
[2024-05-27 11:34:05.939137]     5.2500 MB /   0.50 sec =   88.0570 Mbps     0 retrans     83 KB-cwnd
[2024-05-27 11:34:06.440483]     4.6250 MB /   0.50 sec =   77.4045 Mbps     0 retrans     83 KB-cwnd
[2024-05-27 11:34:06.940282]     3.3125 MB /   0.50 sec =   55.6048 Mbps     0 retrans     83 KB-cwnd
[2024-05-27 11:34:07.439016]     4.8125 MB /   0.50 sec =   80.9184 Mbps     0 retrans     87 KB-cwnd
[2024-05-27 11:34:07.940479]     0.8125 MB /   0.50 sec =   13.5993 Mbps     0 retrans     87 KB-cwnd
[2024-05-27 11:34:08.439320]     0.0000 MB /   0.50 sec =    0.0000 Mbps     0 retrans     87 KB-cwnd
[2024-05-27 11:34:08.939081]     4.2500 MB /   0.50 sec =   71.3120 Mbps     0 retrans     87 KB-cwnd
[2024-05-27 11:34:09.440308]     4.3125 MB /   0.50 sec =   72.1915 Mbps     0 retrans     87 KB-cwnd
[2024-05-27 11:34:09.939150]     4.6250 MB /   0.50 sec =   77.7553 Mbps     0 retrans     96 KB-cwnd
[2024-05-27 11:34:10.439273]     5.0625 MB /   0.50 sec =   84.9061 Mbps     0 retrans     96 KB-cwnd
[2024-05-27 11:34:10.939149]     4.3750 MB /   0.50 sec =   73.4272 Mbps     0 retrans    102 KB-cwnd
[2024-05-27 11:34:11.439069]     4.4375 MB /   0.50 sec =   74.4577 Mbps     0 retrans    107 KB-cwnd
[2024-05-27 11:34:11.939076]     2.1875 MB /   0.50 sec =   36.7000 Mbps     0 retrans    107 KB-cwnd
[2024-05-27 11:34:12.439348]     2.0000 MB /   0.50 sec =   33.5393 Mbps     0 retrans    107 KB-cwnd
[2024-05-27 11:34:12.939087]     5.5000 MB /   0.50 sec =   92.3151 Mbps   978 retrans    592 KB-cwnd
[2024-05-27 11:34:13.439478]     4.7500 MB /   0.50 sec =   79.6956 Mbps     0 retrans    592 KB-cwnd
[2024-05-27 11:34:13.939346]     3.5625 MB /   0.50 sec =   59.7440 Mbps     0 retrans    592 KB-cwnd
[2024-05-27 11:34:14.439266]     0.3125 MB /   0.50 sec =    5.2432 Mbps     0 retrans    592 KB-cwnd
[2024-05-27 11:34:14.940313]     1.3750 MB /   0.50 sec =   23.0249 Mbps     0 retrans    592 KB-cwnd
[2024-05-27 11:34:15.439089]     4.8125 MB /   0.50 sec =   80.9200 Mbps     0 retrans    592 KB-cwnd
[2024-05-27 11:34:15.939056]     5.4375 MB /   0.50 sec =   91.2278 Mbps     0 retrans    592 KB-cwnd
[2024-05-27 11:34:16.439167]     5.1875 MB /   0.50 sec =   87.0379 Mbps     0 retrans    592 KB-cwnd
[2024-05-27 11:34:16.939135]     5.6250 MB /   0.50 sec =   94.3569 Mbps     0 retrans    592 KB-cwnd
[2024-05-27 11:34:17.438975]     6.5625 MB /   0.50 sec =  110.1163 Mbps     0 retrans    592 KB-cwnd
[2024-05-27 11:34:17.939115]     5.5000 MB /   0.50 sec =   92.2655 Mbps     0 retrans    592 KB-cwnd
[2024-05-27 11:34:18.439165]     6.3125 MB /   0.50 sec =  105.8969 Mbps     0 retrans    592 KB-cwnd
[2024-05-27 11:34:18.939084]     5.9375 MB /   0.50 sec =   99.6251 Mbps     0 retrans    592 KB-cwnd
[2024-05-27 11:34:19.439086]     5.7500 MB /   0.50 sec =   96.4703 Mbps     0 retrans    592 KB-cwnd
[2024-05-27 11:34:19.939041]     5.3750 MB /   0.50 sec =   90.1829 Mbps     0 retrans    592 KB-cwnd
[2024-05-27 11:34:20.439569]     6.3125 MB /   0.50 sec =  105.8002 Mbps     0 retrans    592 KB-cwnd
[2024-05-27 11:34:20.939192]     4.3750 MB /   0.50 sec =   73.4650 Mbps     0 retrans    592 KB-cwnd
[2024-05-27 11:34:21.439068]     4.6250 MB /   0.50 sec =   77.6004 Mbps     0 retrans    592 KB-cwnd
[2024-05-27 11:34:21.940239]     1.6250 MB /   0.50 sec =   27.2076 Mbps     0 retrans    592 KB-cwnd
[2024-05-27 11:34:22.439101]     1.7500 MB /   0.50 sec =   29.4191 Mbps     0 retrans    592 KB-cwnd
[2024-05-27 11:34:22.939005]     5.6875 MB /   0.50 sec =   95.4204 Mbps     0 retrans    592 KB-cwnd
[2024-05-27 11:34:23.439605]     6.3125 MB /   0.50 sec =  105.7997 Mbps     0 retrans    592 KB-cwnd
[2024-05-27 11:34:23.939085]     5.3750 MB /   0.50 sec =   90.2700 Mbps     0 retrans    592 KB-cwnd
[2024-05-27 11:34:24.439126]     4.0000 MB /   0.50 sec =   67.1005 Mbps     0 retrans    592 KB-cwnd
[2024-05-27 11:34:24.939067]     4.7500 MB /   0.50 sec =   79.7021 Mbps     0 retrans    592 KB-cwnd
[2024-05-27 11:34:25.439704]     6.0625 MB /   0.50 sec =  101.7062 Mbps     0 retrans    592 KB-cwnd
[2024-05-27 11:34:25.939557]     6.2500 MB /   0.50 sec =  104.7669 Mbps     0 retrans    592 KB-cwnd
[2024-05-27 11:34:26.439113]     5.7500 MB /   0.50 sec =   96.5530 Mbps     0 retrans    592 KB-cwnd
[2024-05-27 11:34:26.939113]     5.6875 MB /   0.50 sec =   95.4143 Mbps     0 retrans    592 KB-cwnd
[2024-05-27 11:34:27.439158]     5.4375 MB /   0.50 sec =   91.2232 Mbps    21 retrans   1063 KB-cwnd
[2024-05-27 11:34:27.939084]     4.0000 MB /   0.50 sec =   67.1181 Mbps     0 retrans   1063 KB-cwnd
[2024-05-27 11:34:28.439054]     4.6250 MB /   0.50 sec =   77.5956 Mbps     0 retrans   1063 KB-cwnd
[2024-05-27 11:34:28.939075]     5.9375 MB /   0.50 sec =   99.6149 Mbps     0 retrans   1063 KB-cwnd
[2024-05-27 11:34:29.439224]     5.5000 MB /   0.50 sec =   92.2763 Mbps     0 retrans   1063 KB-cwnd
[2024-05-27 11:34:29.939138]     5.8125 MB /   0.50 sec =   97.5018 Mbps     0 retrans   1063 KB-cwnd
[2024-05-27 11:34:30.439557]     6.4375 MB /   0.50 sec =  107.9157 Mbps     0 retrans   1063 KB-cwnd
[2024-05-27 11:34:30.939134]     6.5625 MB /   0.50 sec =  110.1930 Mbps     0 retrans   1063 KB-cwnd
[2024-05-27 11:34:31.439169]     5.8750 MB /   0.50 sec =   98.5594 Mbps     0 retrans   1063 KB-cwnd
[2024-05-27 11:34:31.939073]     5.7500 MB /   0.50 sec =   96.4864 Mbps     0 retrans   1063 KB-cwnd
[2024-05-27 11:34:32.439249]     5.1875 MB /   0.50 sec =   87.0367 Mbps     0 retrans   1063 KB-cwnd
[2024-05-27 11:34:32.939104]     3.6875 MB /   0.50 sec =   61.8610 Mbps     0 retrans   1063 KB-cwnd
[2024-05-27 11:34:33.439103]     6.1250 MB /   0.50 sec =  102.7625 Mbps     0 retrans   1063 KB-cwnd
[2024-05-27 11:34:33.939061]     6.4375 MB /   0.50 sec =  108.0033 Mbps     0 retrans   1063 KB-cwnd
[2024-05-27 11:34:34.439310]     0.9375 MB /   0.50 sec =   15.7229 Mbps     0 retrans   1063 KB-cwnd
[2024-05-27 11:34:34.939164]     6.6875 MB /   0.50 sec =  112.2221 Mbps     0 retrans   1063 KB-cwnd
[2024-05-27 11:34:35.439241]     5.6875 MB /   0.50 sec =   95.4216 Mbps     0 retrans   1071 KB-cwnd
[2024-05-27 11:34:35.939092]     6.0625 MB /   0.50 sec =  101.7245 Mbps     0 retrans   1071 KB-cwnd
[2024-05-27 11:34:36.439195]     5.6250 MB /   0.50 sec =   94.3771 Mbps     0 retrans   1071 KB-cwnd
[2024-05-27 11:34:36.939842]     6.8125 MB /   0.50 sec =  114.2032 Mbps     0 retrans   1071 KB-cwnd
[2024-05-27 11:34:37.439579]     6.3750 MB /   0.50 sec =  106.9500 Mbps     0 retrans   1071 KB-cwnd
[2024-05-27 11:34:37.939052]     6.4375 MB /   0.50 sec =  108.0915 Mbps     0 retrans   1071 KB-cwnd
[2024-05-27 11:34:38.439199]     6.6875 MB /   0.50 sec =  112.2039 Mbps     0 retrans   1071 KB-cwnd
[2024-05-27 11:34:38.939117]     6.8750 MB /   0.50 sec =  115.3334 Mbps     0 retrans   1071 KB-cwnd
[2024-05-27 11:34:39.439103]     7.1875 MB /   0.50 sec =  120.5807 Mbps     0 retrans   1071 KB-cwnd
[2024-05-27 11:34:39.939103]     6.7500 MB /   0.50 sec =  113.2519 Mbps    33 retrans    993 KB-cwnd
[2024-05-27 11:34:40.439096]     7.1875 MB /   0.50 sec =  120.5874 Mbps     0 retrans    993 KB-cwnd
[2024-05-27 11:34:40.938986]     5.9375 MB /   0.50 sec =   99.6211 Mbps     0 retrans    993 KB-cwnd
[2024-05-27 11:34:41.439103]     7.4375 MB /   0.50 sec =  124.7703 Mbps     0 retrans    993 KB-cwnd
[2024-05-27 11:34:41.939112]     6.0000 MB /   0.50 sec =  100.6635 Mbps     0 retrans    993 KB-cwnd
[2024-05-27 11:34:42.439241]     5.0625 MB /   0.50 sec =   84.9087 Mbps     0 retrans    993 KB-cwnd
[2024-05-27 11:34:42.939085]     3.5000 MB /   0.50 sec =   58.7388 Mbps     0 retrans    993 KB-cwnd
[2024-05-27 11:34:43.439414]     4.3750 MB /   0.50 sec =   73.3462 Mbps     0 retrans    993 KB-cwnd
[2024-05-27 11:34:43.939558]     7.4375 MB /   0.50 sec =  124.7838 Mbps     0 retrans    993 KB-cwnd
[2024-05-27 11:34:44.439082]     7.3750 MB /   0.50 sec =  123.8209 Mbps     0 retrans    993 KB-cwnd
[2024-05-27 11:34:44.939070]     6.9375 MB /   0.50 sec =  116.3922 Mbps     0 retrans    993 KB-cwnd
[2024-05-27 11:34:45.439083]     6.5000 MB /   0.50 sec =  109.0441 Mbps     0 retrans    993 KB-cwnd
[2024-05-27 11:34:45.939103]     6.9375 MB /   0.50 sec =  116.3996 Mbps     0 retrans    993 KB-cwnd
[2024-05-27 11:34:46.439056]     7.5000 MB /   0.50 sec =  125.8314 Mbps     0 retrans    993 KB-cwnd
[2024-05-27 11:34:46.939114]     7.5625 MB /   0.50 sec =  126.8686 Mbps     0 retrans    993 KB-cwnd
[2024-05-27 11:34:47.439134]     7.3125 MB /   0.50 sec =  122.6861 Mbps     0 retrans    993 KB-cwnd
[2024-05-27 11:34:47.939207]     6.0000 MB /   0.50 sec =  100.6414 Mbps     0 retrans    993 KB-cwnd
[2024-05-27 11:34:48.439111]     6.1250 MB /   0.50 sec =  102.7826 Mbps     0 retrans    993 KB-cwnd
[2024-05-27 11:34:48.939102]     6.7500 MB /   0.50 sec =  113.2494 Mbps     0 retrans    993 KB-cwnd
[2024-05-27 11:34:49.439240]     3.3750 MB /   0.50 sec =   56.6069 Mbps     0 retrans    993 KB-cwnd
[2024-05-27 11:34:49.939200]     5.7500 MB /   0.50 sec =   96.4947 Mbps     0 retrans   1001 KB-cwnd
[2024-05-27 11:34:50.440083]     3.7500 MB /   0.50 sec =   62.8306 Mbps     0 retrans   1001 KB-cwnd
[2024-05-27 11:34:50.940416]     4.0625 MB /   0.50 sec =   68.0715 Mbps     0 retrans   1001 KB-cwnd
[2024-05-27 11:34:51.439091]     3.7500 MB /   0.50 sec =   63.0797 Mbps   340 retrans   1386 KB-cwnd
[2024-05-27 11:34:51.939101]     3.1250 MB /   0.50 sec =   52.4287 Mbps     0 retrans   1386 KB-cwnd
[2024-05-27 11:34:52.439188]     3.0000 MB /   0.50 sec =   50.3325 Mbps     0 retrans   1386 KB-cwnd
[2024-05-27 11:34:52.940293]     1.8125 MB /   0.50 sec =   30.3415 Mbps     0 retrans   1386 KB-cwnd
[2024-05-27 11:34:53.439086]     1.3750 MB /   0.50 sec =   23.1195 Mbps     0 retrans   1386 KB-cwnd
[2024-05-27 11:34:53.939257]     1.7500 MB /   0.50 sec =   29.3516 Mbps     0 retrans   1386 KB-cwnd
[2024-05-27 11:34:54.440276]     2.1875 MB /   0.50 sec =   36.6313 Mbps     0 retrans   1386 KB-cwnd
[2024-05-27 11:34:54.939078]     2.1875 MB /   0.50 sec =   36.7797 Mbps     0 retrans   1386 KB-cwnd
[2024-05-27 11:34:55.439253]     1.5625 MB /   0.50 sec =   26.2078 Mbps     0 retrans   1386 KB-cwnd
[2024-05-27 11:34:55.939363]     2.6250 MB /   0.50 sec =   44.0458 Mbps     0 retrans   1386 KB-cwnd
[2024-05-27 11:34:56.439069]     2.4375 MB /   0.50 sec =   40.9006 Mbps     0 retrans   1386 KB-cwnd
[2024-05-27 11:34:56.939102]     1.3750 MB /   0.50 sec =   23.0681 Mbps     0 retrans   1386 KB-cwnd
[2024-05-27 11:34:57.439335]     1.4375 MB /   0.50 sec =   24.1079 Mbps     0 retrans   1386 KB-cwnd
[2024-05-27 11:34:57.939054]     2.9375 MB /   0.50 sec =   49.3037 Mbps     0 retrans   1386 KB-cwnd
[2024-05-27 11:34:58.439062]     2.3125 MB /   0.50 sec =   38.7975 Mbps     0 retrans   1386 KB-cwnd
[2024-05-27 11:34:58.939096]     2.3125 MB /   0.50 sec =   38.7967 Mbps     0 retrans   1386 KB-cwnd
[2024-05-27 11:34:59.439203]     2.8750 MB /   0.50 sec =   48.2358 Mbps     0 retrans   1386 KB-cwnd
[2024-05-27 11:34:59.939032]     3.2500 MB /   0.50 sec =   54.5260 Mbps     0 retrans   1386 KB-cwnd
[2024-05-27 11:35:00.439084]     3.7500 MB /   0.50 sec =   62.9131 Mbps     0 retrans   1386 KB-cwnd
[2024-05-27 11:35:00.938983]     4.0000 MB /   0.50 sec =   67.1133 Mbps     0 retrans   1386 KB-cwnd
[2024-05-27 11:35:01.439129]     4.6875 MB /   0.50 sec =   78.6382 Mbps     0 retrans   1386 KB-cwnd
[2024-05-27 11:35:01.939066]     4.4375 MB /   0.50 sec =   74.4498 Mbps     0 retrans   1386 KB-cwnd
[2024-05-27 11:35:02.439046]     5.3125 MB /   0.50 sec =   89.1290 Mbps     0 retrans   1386 KB-cwnd
[2024-05-27 11:35:02.939199]     5.3750 MB /   0.50 sec =   90.1646 Mbps     0 retrans   1386 KB-cwnd
[2024-05-27 11:35:03.438990]     5.7500 MB /   0.50 sec =   96.4840 Mbps     0 retrans   1386 KB-cwnd
[2024-05-27 11:35:03.939165]     4.6875 MB /   0.50 sec =   78.6334 Mbps     0 retrans   1386 KB-cwnd
[2024-05-27 11:35:04.439346]     4.8750 MB /   0.50 sec =   81.7835 Mbps     0 retrans   1386 KB-cwnd
[2024-05-27 11:35:04.939057]     5.8125 MB /   0.50 sec =   97.5340 Mbps     0 retrans   1386 KB-cwnd
[2024-05-27 11:35:05.439114]     6.0625 MB /   0.50 sec =  101.7086 Mbps     0 retrans   1386 KB-cwnd
[2024-05-27 11:35:05.939347]     5.7500 MB /   0.50 sec =   96.4568 Mbps     0 retrans   1386 KB-cwnd
[2024-05-27 11:35:06.439073]     6.7500 MB /   0.50 sec =  113.2630 Mbps     0 retrans   1386 KB-cwnd
[2024-05-27 11:35:06.939068]     6.9375 MB /   0.50 sec =  116.3940 Mbps     0 retrans   1386 KB-cwnd
[2024-05-27 11:35:07.439016]     8.2500 MB /   0.50 sec =  138.4173 Mbps     0 retrans   1386 KB-cwnd
[2024-05-27 11:35:07.939074]     8.3750 MB /   0.50 sec =  140.5002 Mbps     0 retrans   1386 KB-cwnd
[2024-05-27 11:35:08.439140]     8.0000 MB /   0.50 sec =  134.2126 Mbps     0 retrans   1386 KB-cwnd
[2024-05-27 11:35:08.939054]     8.6875 MB /   0.50 sec =  145.7623 Mbps    55 retrans   1682 KB-cwnd
[2024-05-27 11:35:09.438994]     7.5000 MB /   0.50 sec =  125.8354 Mbps     0 retrans   1682 KB-cwnd
[2024-05-27 11:35:09.939043]     4.1250 MB /   0.50 sec =   69.2008 Mbps     0 retrans   1682 KB-cwnd
[2024-05-27 11:35:10.439257]     6.3750 MB /   0.50 sec =  106.9528 Mbps     0 retrans   1682 KB-cwnd
[2024-05-27 11:35:10.939097]     5.4375 MB /   0.50 sec =   91.2285 Mbps     0 retrans   1682 KB-cwnd
[2024-05-27 11:35:11.439271]     7.8750 MB /   0.50 sec =  132.1002 Mbps     0 retrans   1682 KB-cwnd
[2024-05-27 11:35:11.939017]     9.4375 MB /   0.50 sec =  158.3695 Mbps     0 retrans   1682 KB-cwnd
[2024-05-27 11:35:12.439110]     9.1875 MB /   0.50 sec =  154.1302 Mbps     0 retrans   1682 KB-cwnd
[2024-05-27 11:35:12.939099]     9.5000 MB /   0.50 sec =  159.3826 Mbps     0 retrans   1682 KB-cwnd
[2024-05-27 11:35:13.439191]    10.1250 MB /   0.50 sec =  169.8384 Mbps     0 retrans   1682 KB-cwnd
[2024-05-27 11:35:13.939172]    11.3750 MB /   0.50 sec =  190.8496 Mbps     0 retrans   1682 KB-cwnd
[2024-05-27 11:35:14.439115]    11.3125 MB /   0.50 sec =  189.8166 Mbps     0 retrans   1682 KB-cwnd
[2024-05-27 11:35:14.938999]    11.5000 MB /   0.50 sec =  192.9499 Mbps     0 retrans   1692 KB-cwnd
[2024-05-27 11:35:15.439223]    10.1250 MB /   0.50 sec =  169.8483 Mbps     0 retrans   1692 KB-cwnd
[2024-05-27 11:35:15.939118]    10.6875 MB /   0.50 sec =  179.3183 Mbps     0 retrans   1692 KB-cwnd
[2024-05-27 11:35:16.439065]    10.8125 MB /   0.50 sec =  181.4069 Mbps    15 retrans    993 KB-cwnd
[2024-05-27 11:35:16.939303]    10.5625 MB /   0.50 sec =  177.2023 Mbps     0 retrans    993 KB-cwnd
[2024-05-27 11:35:17.439122]     9.8750 MB /   0.50 sec =  165.6770 Mbps     0 retrans    993 KB-cwnd
[2024-05-27 11:35:17.939096]    11.9375 MB /   0.50 sec =  200.2800 Mbps     0 retrans    993 KB-cwnd
[2024-05-27 11:35:18.439114]    11.1250 MB /   0.50 sec =  186.6439 Mbps     0 retrans    993 KB-cwnd
[2024-05-27 11:35:18.939131]     9.9375 MB /   0.50 sec =  166.7166 Mbps     0 retrans    993 KB-cwnd
[2024-05-27 11:35:19.439239]     9.5625 MB /   0.50 sec =  160.4042 Mbps     0 retrans    993 KB-cwnd
[2024-05-27 11:35:19.939056]     8.5625 MB /   0.50 sec =  143.6923 Mbps     0 retrans    993 KB-cwnd
[2024-05-27 11:35:20.439011]     3.8750 MB /   0.50 sec =   65.0142 Mbps     0 retrans    993 KB-cwnd
[2024-05-27 11:35:20.939098]     7.2500 MB /   0.50 sec =  121.6275 Mbps     0 retrans    993 KB-cwnd
[2024-05-27 11:35:21.439137]     7.5000 MB /   0.50 sec =  125.8246 Mbps     0 retrans    993 KB-cwnd
[2024-05-27 11:35:21.938956]     8.3750 MB /   0.50 sec =  140.5266 Mbps     0 retrans    993 KB-cwnd
[2024-05-27 11:35:22.439117]     9.0000 MB /   0.50 sec =  150.9804 Mbps     0 retrans    993 KB-cwnd
[2024-05-27 11:35:22.938992]     9.5625 MB /   0.50 sec =  160.4421 Mbps     0 retrans    993 KB-cwnd
[2024-05-27 11:35:23.439099]    10.0625 MB /   0.50 sec =  168.8062 Mbps     0 retrans    993 KB-cwnd
[2024-05-27 11:35:23.939159]    10.4375 MB /   0.50 sec =  175.0950 Mbps     0 retrans    993 KB-cwnd
[2024-05-27 11:35:24.063762] nuttcp-r: 1262.6191 MB in 138.62 real seconds = 9326.80 KB/sec = 76.4051 Mbps
[2024-05-27 11:35:24.064063] nuttcp-r: 95845 I/O calls, msec/call = 1.48, calls/sec = 691.40
[2024-05-27 11:35:24.064302] nuttcp-r: 0.1user 4.3sys 2:18real 3% 0i+0d 1320maxrss 0+1pf 44098+262csw
[2024-05-27 11:35:24.064432] 
[2024-05-27 11:35:24.064539] nuttcp-t: v8.1.4: socket
[2024-05-27 11:35:24.064672] nuttcp-t: buflen=65536, nstream=1, port=5002 tcp -> 12.74.59.34
[2024-05-27 11:35:24.064825] nuttcp-t: time limit = 120.00 seconds
[2024-05-27 11:35:24.065012] nuttcp-t: accept from 12.74.59.34 with mss=1378, af=inet
[2024-05-27 11:35:24.065112] nuttcp-t: send window size = 450000000, receive window size = 450000000
[2024-05-27 11:35:24.065208] nuttcp-t: available send window = 225000000, available receive window = 225000000
[2024-05-27 11:35:24.065495] nuttcp-t: initial congestion window = 13 KB (10 packets)
[2024-05-27 11:35:24.065596] nuttcp-t: 1262.6191 MB in 120.00 real seconds = 10774.34 KB/sec = 88.2634 Mbps
[2024-05-27 11:35:24.065693] nuttcp-t: retrans = 1459 cwnd = 1725 KB
[2024-05-27 11:35:24.065793] nuttcp-t: 20202 I/O calls, msec/call = 6.08, calls/sec = 168.35
[2024-05-27 11:35:24.065893] nuttcp-t: 0.0user 0.4sys 2:00real 0% 0i+0d 94maxrss 0+0pf 7+2csw
End time: 1716824124100
