Start time: 1716845592061
[2024-05-27 17:33:13.039239] nuttcp-r: v8.1.4: socket
[2024-05-27 17:33:13.039749] nuttcp-r: buflen=65536, nstream=1, port=5001 tcp
[2024-05-27 17:33:13.039798] nuttcp-r: interval reporting every 0.50 seconds
[2024-05-27 17:33:13.039835] nuttcp-r: connect to 35.245.244.238 with RTT=65.954 ms af=inet
[2024-05-27 17:33:13.039872] nuttcp-r: send window size = 524288, receive window size = 4194304
[2024-05-27 17:33:13.039905] nuttcp-r: available send window = 393216, available receive window = 3145728
[2024-05-27 17:33:13.039938]     0.1875 MB /   0.50 sec =    3.1454 Mbps     0 retrans     13 KB-cwnd
[2024-05-27 17:33:13.540275]     0.7500 MB /   0.50 sec =   12.5718 Mbps     0 retrans     13 KB-cwnd
[2024-05-27 17:33:14.039806]     0.5625 MB /   0.50 sec =    9.4445 Mbps     0 retrans     13 KB-cwnd
[2024-05-27 17:33:14.539738]     0.7500 MB /   0.50 sec =   12.5829 Mbps     0 retrans     13 KB-cwnd
[2024-05-27 17:33:15.039826]     0.6250 MB /   0.50 sec =   10.4857 Mbps     0 retrans     13 KB-cwnd
[2024-05-27 17:33:15.539325]     0.5000 MB /   0.50 sec =    8.3893 Mbps     0 retrans     13 KB-cwnd
[2024-05-27 17:33:16.039412]     0.5000 MB /   0.50 sec =    8.3892 Mbps     0 retrans     13 KB-cwnd
[2024-05-27 17:33:16.539330]     0.5000 MB /   0.50 sec =    8.3880 Mbps     0 retrans     13 KB-cwnd
[2024-05-27 17:33:17.039373]     0.3750 MB /   0.50 sec =    6.2908 Mbps     0 retrans     13 KB-cwnd
[2024-05-27 17:33:17.539502]     0.2500 MB /   0.50 sec =    4.1947 Mbps     0 retrans     13 KB-cwnd
[2024-05-27 17:33:18.039357]     0.3125 MB /   0.50 sec =    5.2426 Mbps     0 retrans     13 KB-cwnd
[2024-05-27 17:33:18.539253]     0.3750 MB /   0.50 sec =    6.2921 Mbps     0 retrans     13 KB-cwnd
[2024-05-27 17:33:19.039287]     0.2500 MB /   0.50 sec =    4.1941 Mbps     0 retrans     13 KB-cwnd
[2024-05-27 17:33:19.539310]     0.1875 MB /   0.50 sec =    3.1458 Mbps     0 retrans     13 KB-cwnd
[2024-05-27 17:33:20.039265]     0.1875 MB /   0.50 sec =    3.1458 Mbps     0 retrans     13 KB-cwnd
[2024-05-27 17:33:20.539317]     0.1250 MB /   0.50 sec =    2.0971 Mbps     0 retrans     13 KB-cwnd
[2024-05-27 17:33:21.039322]     0.0625 MB /   0.50 sec =    1.0486 Mbps     0 retrans     13 KB-cwnd
[2024-05-27 17:33:21.539433]     0.1250 MB /   0.50 sec =    2.0972 Mbps     0 retrans     13 KB-cwnd
[2024-05-27 17:33:22.039282]     0.0625 MB /   0.50 sec =    1.0486 Mbps     0 retrans     13 KB-cwnd
[2024-05-27 17:33:22.539311]     0.1250 MB /   0.50 sec =    2.0971 Mbps     0 retrans     13 KB-cwnd
[2024-05-27 17:33:23.039537]     0.0625 MB /   0.50 sec =    1.0485 Mbps     0 retrans     13 KB-cwnd
[2024-05-27 17:33:23.539763]     0.0000 MB /   0.50 sec =    0.0000 Mbps     0 retrans     13 KB-cwnd
[2024-05-27 17:33:24.039286]     0.1250 MB /   0.50 sec =    2.0988 Mbps     0 retrans     13 KB-cwnd
[2024-05-27 17:33:24.539353]     0.1250 MB /   0.50 sec =    2.0970 Mbps     0 retrans     13 KB-cwnd
[2024-05-27 17:33:25.039350]     0.1250 MB /   0.50 sec =    2.0971 Mbps     0 retrans     13 KB-cwnd
[2024-05-27 17:33:25.539304]     0.1250 MB /   0.50 sec =    2.0974 Mbps     0 retrans     13 KB-cwnd
[2024-05-27 17:33:26.039282]     0.1875 MB /   0.50 sec =    3.1457 Mbps     0 retrans     13 KB-cwnd
[2024-05-27 17:33:26.539285]     0.1875 MB /   0.50 sec =    3.1458 Mbps     0 retrans     13 KB-cwnd
[2024-05-27 17:33:27.039455]     0.1875 MB /   0.50 sec =    3.1448 Mbps     0 retrans     13 KB-cwnd
[2024-05-27 17:33:27.539283]     0.1250 MB /   0.50 sec =    2.0977 Mbps     0 retrans     13 KB-cwnd
[2024-05-27 17:33:28.039454]     0.1875 MB /   0.50 sec =    3.1456 Mbps     0 retrans     13 KB-cwnd
[2024-05-27 17:33:28.539443]     0.1250 MB /   0.50 sec =    2.0973 Mbps     0 retrans     13 KB-cwnd
[2024-05-27 17:33:29.039821]     0.1250 MB /   0.50 sec =    2.0954 Mbps     0 retrans     13 KB-cwnd
[2024-05-27 17:33:29.539290]     0.1875 MB /   0.50 sec =    3.1482 Mbps     0 retrans     13 KB-cwnd
[2024-05-27 17:33:30.039294]     0.1875 MB /   0.50 sec =    3.1457 Mbps     0 retrans     13 KB-cwnd
[2024-05-27 17:33:30.539510]     0.1875 MB /   0.50 sec =    3.1453 Mbps     0 retrans     13 KB-cwnd
[2024-05-27 17:33:31.039302]     0.1875 MB /   0.50 sec =    3.1461 Mbps     0 retrans     13 KB-cwnd
[2024-05-27 17:33:31.539337]     0.2500 MB /   0.50 sec =    4.1942 Mbps     0 retrans     13 KB-cwnd
[2024-05-27 17:33:32.039293]     0.1875 MB /   0.50 sec =    3.1459 Mbps     0 retrans     13 KB-cwnd
[2024-05-27 17:33:32.539313]     0.2500 MB /   0.50 sec =    4.1943 Mbps     0 retrans     13 KB-cwnd
[2024-05-27 17:33:33.039423]     0.2500 MB /   0.50 sec =    4.1947 Mbps     0 retrans     13 KB-cwnd
[2024-05-27 17:33:33.539293]     0.3125 MB /   0.50 sec =    5.2424 Mbps     0 retrans     13 KB-cwnd
[2024-05-27 17:33:34.039298]     0.3125 MB /   0.50 sec =    5.2429 Mbps     0 retrans     13 KB-cwnd
[2024-05-27 17:33:34.539326]     0.2500 MB /   0.50 sec =    4.1942 Mbps     0 retrans     13 KB-cwnd
[2024-05-27 17:33:35.039279]     0.3125 MB /   0.50 sec =    5.2432 Mbps     0 retrans     13 KB-cwnd
[2024-05-27 17:33:35.539309]     0.4375 MB /   0.50 sec =    7.3400 Mbps     0 retrans     13 KB-cwnd
[2024-05-27 17:33:36.039281]     0.5000 MB /   0.50 sec =    8.3887 Mbps     0 retrans     13 KB-cwnd
[2024-05-27 17:33:36.539253]     0.5625 MB /   0.50 sec =    9.4373 Mbps     0 retrans     13 KB-cwnd
[2024-05-27 17:33:37.039269]     0.6250 MB /   0.50 sec =   10.4857 Mbps     0 retrans     13 KB-cwnd
[2024-05-27 17:33:37.539310]     0.6875 MB /   0.50 sec =   11.5335 Mbps     0 retrans     13 KB-cwnd
[2024-05-27 17:33:38.039273]     0.6875 MB /   0.50 sec =   11.5350 Mbps     0 retrans     13 KB-cwnd
[2024-05-27 17:33:38.539309]     0.7500 MB /   0.50 sec =   12.5827 Mbps     0 retrans     13 KB-cwnd
[2024-05-27 17:33:39.039314]     0.6875 MB /   0.50 sec =   11.5344 Mbps     0 retrans     13 KB-cwnd
[2024-05-27 17:33:39.539277]     0.5625 MB /   0.50 sec =    9.4373 Mbps     0 retrans     13 KB-cwnd
[2024-05-27 17:33:40.039442]     0.5625 MB /   0.50 sec =    9.4372 Mbps     0 retrans     13 KB-cwnd
[2024-05-27 17:33:40.539278]     0.5625 MB /   0.50 sec =    9.4371 Mbps     0 retrans     13 KB-cwnd
[2024-05-27 17:33:41.039264]     0.6250 MB /   0.50 sec =   10.4859 Mbps     0 retrans     13 KB-cwnd
[2024-05-27 17:33:41.539305]     0.5000 MB /   0.50 sec =    8.3884 Mbps     0 retrans     13 KB-cwnd
[2024-05-27 17:33:42.039269]     0.5000 MB /   0.50 sec =    8.3888 Mbps     0 retrans     13 KB-cwnd
[2024-05-27 17:33:42.539280]     0.7500 MB /   0.50 sec =   12.5830 Mbps     0 retrans     13 KB-cwnd
[2024-05-27 17:33:43.039302]     0.7500 MB /   0.50 sec =   12.5825 Mbps     0 retrans     13 KB-cwnd
[2024-05-27 17:33:43.539294]     0.5625 MB /   0.50 sec =    9.4373 Mbps     0 retrans     13 KB-cwnd
[2024-05-27 17:33:44.039279]     0.5625 MB /   0.50 sec =    9.4373 Mbps     0 retrans     13 KB-cwnd
[2024-05-27 17:33:44.539370]     0.6875 MB /   0.50 sec =   11.5326 Mbps     0 retrans     13 KB-cwnd
[2024-05-27 17:33:45.039343]     0.6875 MB /   0.50 sec =   11.5345 Mbps     0 retrans     13 KB-cwnd
[2024-05-27 17:33:45.539277]     1.0000 MB /   0.50 sec =   16.7793 Mbps     0 retrans     13 KB-cwnd
[2024-05-27 17:33:46.039334]     0.6875 MB /   0.50 sec =   11.5332 Mbps     0 retrans     13 KB-cwnd
[2024-05-27 17:33:46.539539]     0.6875 MB /   0.50 sec =   11.5359 Mbps     0 retrans     13 KB-cwnd
[2024-05-27 17:33:47.040799]     0.3750 MB /   0.50 sec =    6.2732 Mbps     0 retrans     13 KB-cwnd
[2024-05-27 17:33:47.539348]     0.5625 MB /   0.50 sec =    9.4632 Mbps     0 retrans     13 KB-cwnd
[2024-05-27 17:33:48.039271]     0.4375 MB /   0.50 sec =    7.3410 Mbps     0 retrans     13 KB-cwnd
[2024-05-27 17:33:48.539296]     0.3750 MB /   0.50 sec =    6.2913 Mbps     0 retrans     13 KB-cwnd
[2024-05-27 17:33:49.039453]     0.5000 MB /   0.50 sec =    8.3889 Mbps     0 retrans     13 KB-cwnd
[2024-05-27 17:33:49.539538]     0.4375 MB /   0.50 sec =    7.3403 Mbps     0 retrans     13 KB-cwnd
[2024-05-27 17:33:50.039396]     0.4375 MB /   0.50 sec =    7.3401 Mbps     0 retrans     13 KB-cwnd
[2024-05-27 17:33:50.539302]     0.5625 MB /   0.50 sec =    9.4366 Mbps     0 retrans     13 KB-cwnd
[2024-05-27 17:33:51.039241]     0.6250 MB /   0.50 sec =   10.4861 Mbps     0 retrans     13 KB-cwnd
[2024-05-27 17:33:51.539287]     0.6875 MB /   0.50 sec =   11.5339 Mbps     0 retrans     13 KB-cwnd
[2024-05-27 17:33:52.039783]     0.5625 MB /   0.50 sec =    9.4365 Mbps     0 retrans     13 KB-cwnd
[2024-05-27 17:33:52.539844]     0.7500 MB /   0.50 sec =   12.5726 Mbps     0 retrans     13 KB-cwnd
[2024-05-27 17:33:53.039298]     0.6875 MB /   0.50 sec =   11.5444 Mbps     0 retrans     13 KB-cwnd
[2024-05-27 17:33:53.539295]     0.6250 MB /   0.50 sec =   10.4860 Mbps     0 retrans     13 KB-cwnd
[2024-05-27 17:33:54.039334]     0.6250 MB /   0.50 sec =   10.4846 Mbps     0 retrans     13 KB-cwnd
[2024-05-27 17:33:54.539291]     0.6250 MB /   0.50 sec =   10.4868 Mbps     0 retrans     13 KB-cwnd
[2024-05-27 17:33:55.039274]     0.5000 MB /   0.50 sec =    8.3888 Mbps     0 retrans     13 KB-cwnd
[2024-05-27 17:33:55.539339]     0.5625 MB /   0.50 sec =    9.4360 Mbps     0 retrans     13 KB-cwnd
[2024-05-27 17:33:56.039277]     0.8125 MB /   0.50 sec =   13.6332 Mbps     0 retrans     13 KB-cwnd
[2024-05-27 17:33:56.539216]     0.8750 MB /   0.50 sec =   14.6800 Mbps     0 retrans     13 KB-cwnd
[2024-05-27 17:33:57.039729]     0.9375 MB /   0.50 sec =   15.7155 Mbps     0 retrans     13 KB-cwnd
[2024-05-27 17:33:57.539380]     0.7500 MB /   0.50 sec =   12.5916 Mbps     0 retrans     13 KB-cwnd
[2024-05-27 17:33:58.039287]     0.8750 MB /   0.50 sec =   14.6820 Mbps     0 retrans     13 KB-cwnd
[2024-05-27 17:33:58.539264]     0.6875 MB /   0.50 sec =   11.5346 Mbps     0 retrans     13 KB-cwnd
[2024-05-27 17:33:59.039557]     0.5000 MB /   0.50 sec =    8.3874 Mbps     0 retrans     13 KB-cwnd
[2024-05-27 17:33:59.539288]     0.5000 MB /   0.50 sec =    8.3898 Mbps     0 retrans     13 KB-cwnd
[2024-05-27 17:34:00.039278]     0.5000 MB /   0.50 sec =    8.3885 Mbps     0 retrans     13 KB-cwnd
[2024-05-27 17:34:00.539502]     0.5000 MB /   0.50 sec =    8.3890 Mbps     0 retrans     13 KB-cwnd
[2024-05-27 17:34:01.039252]     0.3125 MB /   0.50 sec =    5.2427 Mbps     0 retrans     13 KB-cwnd
[2024-05-27 17:34:01.539274]     0.4375 MB /   0.50 sec =    7.3400 Mbps     0 retrans     13 KB-cwnd
[2024-05-27 17:34:02.039274]     0.6875 MB /   0.50 sec =   11.5344 Mbps     0 retrans     13 KB-cwnd
[2024-05-27 17:34:02.539270]     0.5000 MB /   0.50 sec =    8.3885 Mbps     0 retrans     13 KB-cwnd
[2024-05-27 17:34:03.039274]     0.6250 MB /   0.50 sec =   10.4858 Mbps     0 retrans     13 KB-cwnd
[2024-05-27 17:34:03.539298]     0.5000 MB /   0.50 sec =    8.3884 Mbps     0 retrans     13 KB-cwnd
[2024-05-27 17:34:04.039266]     0.6250 MB /   0.50 sec =   10.4861 Mbps     0 retrans     13 KB-cwnd
[2024-05-27 17:34:04.539304]     0.4375 MB /   0.50 sec =    7.3399 Mbps     0 retrans     13 KB-cwnd
[2024-05-27 17:34:05.039288]     0.4375 MB /   0.50 sec =    7.3403 Mbps     0 retrans     13 KB-cwnd
[2024-05-27 17:34:05.539365]     0.2500 MB /   0.50 sec =    4.1944 Mbps     0 retrans     13 KB-cwnd
[2024-05-27 17:34:06.039351]     0.1875 MB /   0.50 sec =    3.1452 Mbps     0 retrans     13 KB-cwnd
[2024-05-27 17:34:06.539575]     0.1875 MB /   0.50 sec =    3.1461 Mbps     0 retrans     13 KB-cwnd
[2024-05-27 17:34:07.039441]     0.1250 MB /   0.50 sec =    2.0966 Mbps     0 retrans     13 KB-cwnd
[2024-05-27 17:34:07.539360]     0.1875 MB /   0.50 sec =    3.1462 Mbps     0 retrans     13 KB-cwnd
[2024-05-27 17:34:08.039368]     0.0625 MB /   0.50 sec =    1.0486 Mbps     0 retrans     13 KB-cwnd
[2024-05-27 17:34:08.539279]     0.1250 MB /   0.50 sec =    2.0974 Mbps     0 retrans     13 KB-cwnd
[2024-05-27 17:34:09.039371]     0.1875 MB /   0.50 sec =    3.1453 Mbps     0 retrans     13 KB-cwnd
[2024-05-27 17:34:09.539300]     0.2500 MB /   0.50 sec =    4.1949 Mbps     0 retrans     13 KB-cwnd
[2024-05-27 17:34:10.039275]     0.2500 MB /   0.50 sec =    4.1943 Mbps     0 retrans     13 KB-cwnd
[2024-05-27 17:34:10.539293]     0.3125 MB /   0.50 sec =    5.2429 Mbps     0 retrans     13 KB-cwnd
[2024-05-27 17:34:11.039537]     0.2500 MB /   0.50 sec =    4.1942 Mbps     0 retrans     13 KB-cwnd
[2024-05-27 17:34:11.539730]     0.3125 MB /   0.50 sec =    5.2406 Mbps     0 retrans     13 KB-cwnd
[2024-05-27 17:34:12.039288]     0.3125 MB /   0.50 sec =    5.2453 Mbps     0 retrans     13 KB-cwnd
[2024-05-27 17:34:12.539299]     0.2500 MB /   0.50 sec =    4.1943 Mbps     0 retrans     13 KB-cwnd
[2024-05-27 17:34:13.039275]     0.1875 MB /   0.50 sec =    3.1457 Mbps     0 retrans     13 KB-cwnd
[2024-05-27 17:34:13.539283]     0.1250 MB /   0.50 sec =    2.0972 Mbps     0 retrans     13 KB-cwnd
[2024-05-27 17:34:14.039281]     0.1875 MB /   0.50 sec =    3.1458 Mbps     0 retrans     13 KB-cwnd
[2024-05-27 17:34:14.539294]     0.0625 MB /   0.50 sec =    1.0485 Mbps     0 retrans     13 KB-cwnd
[2024-05-27 17:34:15.039509]     0.1875 MB /   0.50 sec =    3.1448 Mbps     0 retrans     13 KB-cwnd
[2024-05-27 17:34:15.539636]     0.2500 MB /   0.50 sec =    4.1942 Mbps     0 retrans     13 KB-cwnd
[2024-05-27 17:34:16.039734]     0.1875 MB /   0.50 sec =    3.1444 Mbps     0 retrans     13 KB-cwnd
[2024-05-27 17:34:16.539324]     0.1875 MB /   0.50 sec =    3.1480 Mbps     0 retrans     13 KB-cwnd
[2024-05-27 17:34:17.039302]     0.0625 MB /   0.50 sec =    1.0486 Mbps     0 retrans     13 KB-cwnd
[2024-05-27 17:34:17.539287]     0.1875 MB /   0.50 sec =    3.1458 Mbps     0 retrans     13 KB-cwnd
[2024-05-27 17:34:18.040333]     0.1250 MB /   0.50 sec =    2.0931 Mbps     0 retrans     13 KB-cwnd
[2024-05-27 17:34:18.539312]     0.0625 MB /   0.50 sec =    1.0506 Mbps     0 retrans     13 KB-cwnd
[2024-05-27 17:34:19.039308]     0.1250 MB /   0.50 sec =    2.0972 Mbps     0 retrans     13 KB-cwnd
[2024-05-27 17:34:19.539394]     0.1250 MB /   0.50 sec =    2.0969 Mbps     0 retrans     13 KB-cwnd
[2024-05-27 17:34:20.039281]     0.1250 MB /   0.50 sec =    2.0975 Mbps     0 retrans     13 KB-cwnd
[2024-05-27 17:34:20.540519]     0.1250 MB /   0.50 sec =    2.0923 Mbps     0 retrans     13 KB-cwnd
[2024-05-27 17:34:21.039272]     0.0625 MB /   0.50 sec =    1.0511 Mbps     0 retrans     13 KB-cwnd
[2024-05-27 17:34:21.539341]     0.1250 MB /   0.50 sec =    2.0969 Mbps     0 retrans     13 KB-cwnd
[2024-05-27 17:34:22.039429]     0.0625 MB /   0.50 sec =    1.0485 Mbps     0 retrans     13 KB-cwnd
[2024-05-27 17:34:22.539295]     0.0625 MB /   0.50 sec =    1.0488 Mbps     0 retrans     13 KB-cwnd
[2024-05-27 17:34:23.039285]     0.1875 MB /   0.50 sec =    3.1458 Mbps     0 retrans     13 KB-cwnd
[2024-05-27 17:34:23.539590]     0.1875 MB /   0.50 sec =    3.1452 Mbps     0 retrans     13 KB-cwnd
[2024-05-27 17:34:24.039315]     0.1875 MB /   0.50 sec =    3.1462 Mbps     0 retrans     13 KB-cwnd
[2024-05-27 17:34:24.539287]     0.1250 MB /   0.50 sec =    2.0972 Mbps     0 retrans     13 KB-cwnd
[2024-05-27 17:34:25.039359]     0.1250 MB /   0.50 sec =    2.0969 Mbps     0 retrans     13 KB-cwnd
[2024-05-27 17:34:25.539655]     0.1250 MB /   0.50 sec =    2.0972 Mbps     0 retrans     13 KB-cwnd
[2024-05-27 17:34:26.039318]     0.1875 MB /   0.50 sec =    3.1460 Mbps     0 retrans     13 KB-cwnd
[2024-05-27 17:34:26.539317]     0.1250 MB /   0.50 sec =    2.0972 Mbps     0 retrans     13 KB-cwnd
[2024-05-27 17:34:27.039383]     0.1875 MB /   0.50 sec =    3.1453 Mbps     0 retrans     13 KB-cwnd
[2024-05-27 17:34:27.539310]     0.1875 MB /   0.50 sec =    3.1459 Mbps     0 retrans     13 KB-cwnd
[2024-05-27 17:34:28.039282]     0.2500 MB /   0.50 sec =    4.1948 Mbps     0 retrans     13 KB-cwnd
[2024-05-27 17:34:28.539307]     0.1250 MB /   0.50 sec =    2.0971 Mbps     0 retrans     13 KB-cwnd
[2024-05-27 17:34:29.039331]     0.1875 MB /   0.50 sec =    3.1460 Mbps     0 retrans     13 KB-cwnd
[2024-05-27 17:34:29.539265]     0.1875 MB /   0.50 sec =    3.1456 Mbps     0 retrans     13 KB-cwnd
[2024-05-27 17:34:30.039301]     0.1250 MB /   0.50 sec =    2.0971 Mbps     0 retrans     13 KB-cwnd
[2024-05-27 17:34:30.539436]     0.1875 MB /   0.50 sec =    3.1457 Mbps     0 retrans     13 KB-cwnd
[2024-05-27 17:34:31.039325]     0.1250 MB /   0.50 sec =    2.0971 Mbps     0 retrans     13 KB-cwnd
[2024-05-27 17:34:31.539580]     0.1250 MB /   0.50 sec =    2.0973 Mbps     0 retrans     13 KB-cwnd
[2024-05-27 17:34:32.040185]     0.1875 MB /   0.50 sec =    3.1415 Mbps     0 retrans     13 KB-cwnd
[2024-05-27 17:34:32.539788]     0.2500 MB /   0.50 sec =    4.1976 Mbps     0 retrans     13 KB-cwnd
[2024-05-27 17:34:33.039496]     0.1250 MB /   0.50 sec =    2.0983 Mbps     0 retrans     13 KB-cwnd
[2024-05-27 17:34:33.539233]     0.1250 MB /   0.50 sec =    2.0972 Mbps     0 retrans     13 KB-cwnd
[2024-05-27 17:34:34.039242]     0.1250 MB /   0.50 sec =    2.0973 Mbps     0 retrans     13 KB-cwnd
[2024-05-27 17:34:34.539447]     0.0625 MB /   0.50 sec =    1.0486 Mbps     0 retrans     13 KB-cwnd
[2024-05-27 17:34:35.039845]     0.0625 MB /   0.50 sec =    1.0477 Mbps     0 retrans     13 KB-cwnd
[2024-05-27 17:34:35.539852]     0.0000 MB /   0.50 sec =    0.0000 Mbps     0 retrans     13 KB-cwnd
[2024-05-27 17:34:36.039910]     0.1250 MB /   0.50 sec =    2.0972 Mbps     0 retrans     13 KB-cwnd
[2024-05-27 17:34:36.539772]     0.1875 MB /   0.50 sec =    3.1464 Mbps     0 retrans     13 KB-cwnd
[2024-05-27 17:34:37.039240]     0.1875 MB /   0.50 sec =    3.1472 Mbps     0 retrans     13 KB-cwnd
[2024-05-27 17:34:37.539521]     0.1250 MB /   0.50 sec =    2.0972 Mbps     0 retrans     13 KB-cwnd
[2024-05-27 17:34:38.039748]     0.1250 MB /   0.50 sec =    2.0960 Mbps     0 retrans     13 KB-cwnd
[2024-05-27 17:34:38.539491]     0.0625 MB /   0.50 sec =    1.0491 Mbps     0 retrans     13 KB-cwnd
[2024-05-27 17:34:39.039507]     0.1250 MB /   0.50 sec =    2.0972 Mbps     0 retrans     13 KB-cwnd
[2024-05-27 17:34:39.539295]     0.0625 MB /   0.50 sec =    1.0485 Mbps     0 retrans     13 KB-cwnd
[2024-05-27 17:34:40.039474]     0.0625 MB /   0.50 sec =    1.0483 Mbps     0 retrans     13 KB-cwnd
[2024-05-27 17:34:40.539238]     0.0625 MB /   0.50 sec =    1.0488 Mbps     0 retrans     13 KB-cwnd
[2024-05-27 17:34:41.039410]     0.0625 MB /   0.50 sec =    1.0484 Mbps     0 retrans     13 KB-cwnd
[2024-05-27 17:34:41.539289]     0.0625 MB /   0.50 sec =    1.0488 Mbps     0 retrans     13 KB-cwnd
[2024-05-27 17:34:42.039515]     0.0625 MB /   0.50 sec =    1.0485 Mbps     0 retrans     13 KB-cwnd
[2024-05-27 17:34:42.539430]     0.0000 MB /   0.50 sec =    0.0000 Mbps     0 retrans     13 KB-cwnd
[2024-05-27 17:34:43.040057]     0.0625 MB /   0.50 sec =    1.0471 Mbps     0 retrans     13 KB-cwnd
[2024-05-27 17:34:43.539261]     0.0625 MB /   0.50 sec =    1.0500 Mbps     0 retrans     13 KB-cwnd
[2024-05-27 17:34:44.040494]     0.0000 MB /   0.50 sec =    0.0000 Mbps     0 retrans     13 KB-cwnd
[2024-05-27 17:34:44.539893]     0.0625 MB /   0.50 sec =    1.0499 Mbps     0 retrans     13 KB-cwnd
[2024-05-27 17:34:45.039302]     0.0625 MB /   0.50 sec =    1.0496 Mbps     0 retrans     13 KB-cwnd
[2024-05-27 17:34:45.539312]     0.1250 MB /   0.50 sec =    2.0971 Mbps     0 retrans     13 KB-cwnd
[2024-05-27 17:34:46.039349]     0.0625 MB /   0.50 sec =    1.0485 Mbps     0 retrans     13 KB-cwnd
[2024-05-27 17:34:46.539380]     0.1250 MB /   0.50 sec =    2.0971 Mbps     0 retrans     13 KB-cwnd
[2024-05-27 17:34:47.039288]     0.0625 MB /   0.50 sec =    1.0487 Mbps     0 retrans     13 KB-cwnd
[2024-05-27 17:34:47.539337]     0.0625 MB /   0.50 sec =    1.0485 Mbps     0 retrans     13 KB-cwnd
[2024-05-27 17:34:48.039280]     0.1250 MB /   0.50 sec =    2.0971 Mbps     0 retrans     13 KB-cwnd
[2024-05-27 17:34:48.540189]     0.1250 MB /   0.50 sec =    2.0939 Mbps     0 retrans     13 KB-cwnd
[2024-05-27 17:34:49.039459]     0.1250 MB /   0.50 sec =    2.1006 Mbps     0 retrans     13 KB-cwnd
[2024-05-27 17:34:49.539827]     0.1250 MB /   0.50 sec =    2.0951 Mbps     0 retrans     13 KB-cwnd
[2024-05-27 17:34:50.039339]     0.0625 MB /   0.50 sec =    1.0494 Mbps     0 retrans     13 KB-cwnd
[2024-05-27 17:34:50.539316]     0.1250 MB /   0.50 sec =    2.0973 Mbps     0 retrans     13 KB-cwnd
[2024-05-27 17:34:51.039298]     0.1250 MB /   0.50 sec =    2.0972 Mbps     0 retrans     13 KB-cwnd
[2024-05-27 17:34:51.539223]     0.0625 MB /   0.50 sec =    1.0487 Mbps     0 retrans     13 KB-cwnd
[2024-05-27 17:34:52.040446]     0.0625 MB /   0.50 sec =    1.0462 Mbps     0 retrans     13 KB-cwnd
[2024-05-27 17:34:52.539317]     0.1250 MB /   0.50 sec =    2.1017 Mbps     0 retrans     13 KB-cwnd
[2024-05-27 17:34:53.039354]     0.0625 MB /   0.50 sec =    1.0485 Mbps     0 retrans     13 KB-cwnd
[2024-05-27 17:34:53.539287]     0.1250 MB /   0.50 sec =    2.0974 Mbps     0 retrans     13 KB-cwnd
[2024-05-27 17:34:54.040507]     0.0000 MB /   0.50 sec =    0.0000 Mbps     0 retrans     13 KB-cwnd
[2024-05-27 17:34:54.539404]     0.0625 MB /   0.50 sec =    1.0510 Mbps     0 retrans     13 KB-cwnd
[2024-05-27 17:34:55.039318]     0.1250 MB /   0.50 sec =    2.0969 Mbps     0 retrans     13 KB-cwnd
[2024-05-27 17:34:55.539295]     0.0625 MB /   0.50 sec =    1.0486 Mbps     0 retrans     13 KB-cwnd
[2024-05-27 17:34:56.039326]     0.0625 MB /   0.50 sec =    1.0485 Mbps     0 retrans     13 KB-cwnd
[2024-05-27 17:34:56.539330]     0.0625 MB /   0.50 sec =    1.0486 Mbps     0 retrans     13 KB-cwnd
[2024-05-27 17:34:57.039292]     0.0625 MB /   0.50 sec =    1.0486 Mbps     0 retrans     13 KB-cwnd
[2024-05-27 17:34:57.539346]     0.0000 MB /   0.50 sec =    0.0000 Mbps     0 retrans     13 KB-cwnd
[2024-05-27 17:34:58.040333]     0.0625 MB /   0.50 sec =    1.0465 Mbps     0 retrans     13 KB-cwnd
[2024-05-27 17:34:58.539310]     0.0625 MB /   0.50 sec =    1.0507 Mbps     0 retrans     13 KB-cwnd
[2024-05-27 17:34:59.039296]     0.0000 MB /   0.50 sec =    0.0000 Mbps     0 retrans     13 KB-cwnd
[2024-05-27 17:34:59.540460]     0.0625 MB /   0.50 sec =    1.0463 Mbps     0 retrans     13 KB-cwnd
[2024-05-27 17:35:00.039326]     0.0000 MB /   0.50 sec =    0.0000 Mbps     0 retrans     13 KB-cwnd
[2024-05-27 17:35:00.539260]     0.0000 MB /   0.50 sec =    0.0000 Mbps     0 retrans     13 KB-cwnd
[2024-05-27 17:35:01.039585]     0.1250 MB /   0.50 sec =    2.0972 Mbps     0 retrans     13 KB-cwnd
[2024-05-27 17:35:01.539434]     0.1250 MB /   0.50 sec =    2.0971 Mbps     0 retrans     13 KB-cwnd
[2024-05-27 17:35:02.039471]     0.0625 MB /   0.50 sec =    1.0483 Mbps     0 retrans     13 KB-cwnd
[2024-05-27 17:35:02.539567]     0.0625 MB /   0.50 sec =    1.0489 Mbps     0 retrans     13 KB-cwnd
[2024-05-27 17:35:03.039834]     0.1250 MB /   0.50 sec =    2.0952 Mbps     0 retrans     13 KB-cwnd
[2024-05-27 17:35:03.539280]     0.1250 MB /   0.50 sec =    2.0990 Mbps     0 retrans     13 KB-cwnd
[2024-05-27 17:35:04.039335]     0.1250 MB /   0.50 sec =    2.0970 Mbps     0 retrans     13 KB-cwnd
[2024-05-27 17:35:04.539289]     0.1875 MB /   0.50 sec =    3.1459 Mbps     0 retrans     13 KB-cwnd
[2024-05-27 17:35:05.039298]     0.1250 MB /   0.50 sec =    2.0971 Mbps     0 retrans     13 KB-cwnd
[2024-05-27 17:35:05.539385]     0.0625 MB /   0.50 sec =    1.0484 Mbps     0 retrans     13 KB-cwnd
[2024-05-27 17:35:06.039300]     0.0000 MB /   0.50 sec =    0.0000 Mbps     0 retrans     13 KB-cwnd
[2024-05-27 17:35:06.539314]     0.0625 MB /   0.50 sec =    1.0486 Mbps     0 retrans     13 KB-cwnd
[2024-05-27 17:35:07.039472]     0.0000 MB /   0.50 sec =    0.0000 Mbps     0 retrans     13 KB-cwnd
[2024-05-27 17:35:07.539485]     0.0625 MB /   0.50 sec =    1.0484 Mbps     0 retrans     13 KB-cwnd
[2024-05-27 17:35:08.039470]     0.0000 MB /   0.50 sec =    0.0000 Mbps     0 retrans     13 KB-cwnd
[2024-05-27 17:35:08.540596]     0.0625 MB /   0.50 sec =    1.0463 Mbps     0 retrans     13 KB-cwnd
[2024-05-27 17:35:09.039232]     0.0625 MB /   0.50 sec =    1.0512 Mbps     0 retrans     13 KB-cwnd
[2024-05-27 17:35:09.540931]     0.0625 MB /   0.50 sec =    1.0453 Mbps     0 retrans     13 KB-cwnd
[2024-05-27 17:35:10.039282]     0.0625 MB /   0.50 sec =    1.0519 Mbps     0 retrans     13 KB-cwnd
[2024-05-27 17:35:10.539334]     0.0625 MB /   0.50 sec =    1.0485 Mbps     0 retrans     13 KB-cwnd
[2024-05-27 17:35:11.039295]     0.0000 MB /   0.50 sec =    0.0000 Mbps     0 retrans     13 KB-cwnd
[2024-05-27 17:35:11.539568]     0.0625 MB /   0.50 sec =    1.0484 Mbps     0 retrans     13 KB-cwnd
[2024-05-27 17:35:12.039308]     0.0625 MB /   0.50 sec =    1.0488 Mbps     0 retrans     13 KB-cwnd
[2024-05-27 17:35:12.539316]     0.1250 MB /   0.50 sec =    2.0971 Mbps     0 retrans     13 KB-cwnd
[2024-05-27 17:35:13.039332]     0.1250 MB /   0.50 sec =    2.0971 Mbps     0 retrans     13 KB-cwnd
[2024-05-27 17:35:13.539509]     0.1250 MB /   0.50 sec =    2.0973 Mbps     0 retrans     13 KB-cwnd
[2024-05-27 17:35:14.039780]     0.0625 MB /   0.50 sec =    1.0477 Mbps     0 retrans     13 KB-cwnd
[2024-05-27 17:35:14.539323]     0.1875 MB /   0.50 sec =    3.1483 Mbps     0 retrans     13 KB-cwnd
[2024-05-27 17:35:15.039317]     0.1250 MB /   0.50 sec =    2.0972 Mbps     0 retrans     13 KB-cwnd
[2024-05-27 17:35:15.539360]     0.1875 MB /   0.50 sec =    3.1454 Mbps     0 retrans     13 KB-cwnd
[2024-05-27 17:35:16.039372]     0.2500 MB /   0.50 sec =    4.1952 Mbps     0 retrans     13 KB-cwnd
[2024-05-27 17:35:16.539341]     0.0625 MB /   0.50 sec =    1.0484 Mbps     0 retrans     13 KB-cwnd
[2024-05-27 17:35:17.039798]     0.1875 MB /   0.50 sec =    3.1440 Mbps     0 retrans     13 KB-cwnd
[2024-05-27 17:35:17.539790]     0.2500 MB /   0.50 sec =    4.1930 Mbps     0 retrans     13 KB-cwnd
[2024-05-27 17:35:18.039282]     0.2500 MB /   0.50 sec =    4.1982 Mbps     0 retrans     13 KB-cwnd
[2024-05-27 17:35:18.539259]     0.2500 MB /   0.50 sec =    4.1945 Mbps     0 retrans     13 KB-cwnd
[2024-05-27 17:35:19.039266]     0.2500 MB /   0.50 sec =    4.1942 Mbps     0 retrans     13 KB-cwnd
[2024-05-27 17:35:19.539344]     0.3125 MB /   0.50 sec =    5.2422 Mbps     0 retrans     13 KB-cwnd
[2024-05-27 17:35:20.039284]     0.3750 MB /   0.50 sec =    6.2922 Mbps     0 retrans     13 KB-cwnd
[2024-05-27 17:35:20.539425]     0.3750 MB /   0.50 sec =    6.2899 Mbps     0 retrans     13 KB-cwnd
[2024-05-27 17:35:21.039444]     0.2500 MB /   0.50 sec =    4.1953 Mbps     0 retrans     13 KB-cwnd
[2024-05-27 17:35:21.539276]     0.3125 MB /   0.50 sec =    5.2429 Mbps     0 retrans     13 KB-cwnd
[2024-05-27 17:35:22.039418]     0.3750 MB /   0.50 sec =    6.2916 Mbps     0 retrans     13 KB-cwnd
[2024-05-27 17:35:22.539295]     0.3125 MB /   0.50 sec =    5.2426 Mbps     0 retrans     13 KB-cwnd
[2024-05-27 17:35:23.039327]     0.3750 MB /   0.50 sec =    6.2912 Mbps     0 retrans     13 KB-cwnd
[2024-05-27 17:35:23.539297]     0.3750 MB /   0.50 sec =    6.2918 Mbps     0 retrans     13 KB-cwnd
[2024-05-27 17:35:24.039320]     0.3125 MB /   0.50 sec =    5.2427 Mbps     0 retrans     13 KB-cwnd
[2024-05-27 17:35:24.539283]     0.3125 MB /   0.50 sec =    5.2431 Mbps     0 retrans     13 KB-cwnd
[2024-05-27 17:35:25.039323]     0.2500 MB /   0.50 sec =    4.1942 Mbps     0 retrans     13 KB-cwnd
[2024-05-27 17:35:25.539430]     0.3125 MB /   0.50 sec =    5.2419 Mbps     0 retrans     13 KB-cwnd
[2024-05-27 17:35:26.039326]     0.0625 MB /   0.50 sec =    1.0488 Mbps     0 retrans     13 KB-cwnd
[2024-05-27 17:35:26.539359]     0.1250 MB /   0.50 sec =    2.0970 Mbps     0 retrans     13 KB-cwnd
[2024-05-27 17:35:27.039275]     0.1875 MB /   0.50 sec =    3.1461 Mbps     0 retrans     13 KB-cwnd
[2024-05-27 17:35:27.539381]     0.1250 MB /   0.50 sec =    2.0969 Mbps     0 retrans     13 KB-cwnd
[2024-05-27 17:35:28.039375]     0.1875 MB /   0.50 sec =    3.1457 Mbps     0 retrans     13 KB-cwnd
[2024-05-27 17:35:28.539779]     0.1250 MB /   0.50 sec =    2.0963 Mbps     0 retrans     13 KB-cwnd
[2024-05-27 17:35:29.039279]     0.2500 MB /   0.50 sec =    4.1967 Mbps     0 retrans     13 KB-cwnd
[2024-05-27 17:35:29.539296]     0.2500 MB /   0.50 sec =    4.1943 Mbps     0 retrans     13 KB-cwnd
[2024-05-27 17:35:30.039434]     0.1875 MB /   0.50 sec =    3.1450 Mbps     0 retrans     13 KB-cwnd
[2024-05-27 17:35:30.539280]     0.1875 MB /   0.50 sec =    3.1465 Mbps     0 retrans     13 KB-cwnd
[2024-05-27 17:35:31.039366]     0.1250 MB /   0.50 sec =    2.0969 Mbps     0 retrans     13 KB-cwnd
[2024-05-27 17:35:31.539489]     0.0625 MB /   0.50 sec =    1.0487 Mbps     0 retrans     13 KB-cwnd
[2024-05-27 17:35:32.040423]     0.1250 MB /   0.50 sec =    2.0927 Mbps     0 retrans     13 KB-cwnd
End time: 1716845732121
