Start time: 1716910467968
[2024-05-28 11:34:52.155554] Connecting to host 35.245.244.238, port 5201
[2024-05-28 11:34:52.156107] Reverse mode, remote host 35.245.244.238 is sending
[2024-05-28 11:34:52.156148] [  5] local 100.123.161.253 port 34112 connected to 35.245.244.238 port 5201
[2024-05-28 11:34:52.156178] [ ID] Interval           Transfer     Bitrate         Jitter    Lost/Total Datagrams
[2024-05-28 11:34:52.156206] [  5]   0.00-0.50   sec  4.71 MBytes  79.0 Mbits/sec  0.203 ms  1655/5180 (32%)  
[2024-05-28 11:34:52.156232] [  5]   0.50-1.00   sec  4.75 MBytes  79.6 Mbits/sec  0.161 ms  0/3556 (0%)  
[2024-05-28 11:34:52.156259] [  5]   1.00-1.50   sec  4.21 MBytes  70.7 Mbits/sec  0.051 ms  0/3154 (0%)  
[2024-05-28 11:34:52.156284] [  5]   1.50-2.00   sec  5.10 MBytes  85.6 Mbits/sec  0.059 ms  28/3850 (0.73%)  
[2024-05-28 11:34:52.156310] [  5]   2.00-2.50   sec  5.69 MBytes  95.5 Mbits/sec  0.108 ms  0/4263 (0%)  
[2024-05-28 11:34:52.156335] [  5]   2.50-3.00   sec  5.15 MBytes  86.5 Mbits/sec  0.045 ms  0/3861 (0%)  
[2024-05-28 11:34:52.156360] [  5]   3.00-3.50   sec  5.01 MBytes  84.0 Mbits/sec  0.062 ms  3264/7015 (47%)  
[2024-05-28 11:34:52.156388] [  5]   3.50-4.00   sec  5.47 MBytes  91.8 Mbits/sec  0.067 ms  20613/24713 (83%)  
[2024-05-28 11:34:52.156413] [  5]   4.00-4.50   sec  6.03 MBytes   101 Mbits/sec  0.095 ms  26693/31213 (86%)  
[2024-05-28 11:34:52.156438] [  5]   4.50-5.00   sec  5.41 MBytes  90.8 Mbits/sec  0.011 ms  18392/22447 (82%)  
[2024-05-28 11:34:52.156465] [  5]   5.00-5.50   sec  5.53 MBytes  92.8 Mbits/sec  0.090 ms  18044/22186 (81%)  
[2024-05-28 11:34:52.156490] [  5]   5.50-6.00   sec  5.64 MBytes  94.7 Mbits/sec  1.429 ms  21911/26137 (84%)  
[2024-05-28 11:34:52.156515] [  5]   6.00-6.50   sec  5.77 MBytes  96.8 Mbits/sec  0.883 ms  20247/24571 (82%)  
[2024-05-28 11:34:52.156540] [  5]   6.50-7.00   sec  5.08 MBytes  85.1 Mbits/sec  0.040 ms  16754/20562 (81%)  
[2024-05-28 11:34:52.156565] [  5]   7.00-7.50   sec  2.92 MBytes  49.1 Mbits/sec  2.579 ms  10718/12905 (83%)  
[2024-05-28 11:34:52.156590] [  5]   7.50-8.00   sec  4.33 MBytes  72.6 Mbits/sec  0.063 ms  12592/15835 (80%)  
[2024-05-28 11:34:52.156615] [  5]   8.00-8.50   sec  4.98 MBytes  83.5 Mbits/sec  0.064 ms  16510/20237 (82%)  
[2024-05-28 11:34:52.156640] [  5]   8.50-9.00   sec  5.54 MBytes  93.0 Mbits/sec  0.038 ms  18116/22268 (81%)  
[2024-05-28 11:34:52.156665] [  5]   9.00-9.50   sec  5.41 MBytes  90.8 Mbits/sec  0.909 ms  18060/22112 (82%)  
[2024-05-28 11:34:52.156691] [  5]   9.50-10.00  sec  4.34 MBytes  72.8 Mbits/sec  0.094 ms  12536/15784 (79%)  
[2024-05-28 11:34:52.156716] [  5]  10.00-10.50  sec  5.75 MBytes  96.5 Mbits/sec  0.453 ms  26268/30577 (86%)  
[2024-05-28 11:34:52.156743] [  5]  10.50-11.00  sec  5.76 MBytes  96.7 Mbits/sec  0.081 ms  27096/31413 (86%)  
[2024-05-28 11:34:52.156769] [  5]  11.00-11.50  sec  5.10 MBytes  85.6 Mbits/sec  0.034 ms  18560/22379 (83%)  
[2024-05-28 11:34:52.156793] [  5]  11.50-12.00  sec  4.60 MBytes  77.1 Mbits/sec  0.089 ms  14638/18081 (81%)  
[2024-05-28 11:34:52.156817] [  5]  12.00-12.50  sec  3.48 MBytes  58.3 Mbits/sec  0.219 ms  12651/15254 (83%)  
[2024-05-28 11:34:52.156841] [  5]  12.50-13.00  sec  3.59 MBytes  60.3 Mbits/sec  0.105 ms  13071/15762 (83%)  
[2024-05-28 11:34:52.156866] [  5]  13.00-13.50  sec  3.68 MBytes  61.8 Mbits/sec  0.197 ms  15162/17919 (85%)  
[2024-05-28 11:34:52.156891] [  5]  13.50-14.00  sec  3.26 MBytes  54.7 Mbits/sec  0.134 ms  10866/13309 (82%)  
[2024-05-28 11:34:52.156915] [  5]  14.00-14.50  sec  3.53 MBytes  59.2 Mbits/sec  0.139 ms  10865/13506 (80%)  
[2024-05-28 11:34:52.156982] [  5]  14.50-15.00  sec  3.62 MBytes  60.7 Mbits/sec  0.106 ms  10601/13313 (80%)  
[2024-05-28 11:34:52.157010] [  5]  15.00-15.50  sec  3.92 MBytes  65.8 Mbits/sec  0.154 ms  12781/15720 (81%)  
[2024-05-28 11:34:52.157035] [  5]  15.50-16.00  sec  4.27 MBytes  71.7 Mbits/sec  0.058 ms  16682/19882 (84%)  
[2024-05-28 11:34:52.157059] [  5]  16.00-16.50  sec  4.60 MBytes  77.2 Mbits/sec  0.154 ms  23275/26722 (87%)  
[2024-05-28 11:34:52.157104] [  5]  16.50-17.00  sec  5.05 MBytes  84.7 Mbits/sec  0.155 ms  27573/31352 (88%)  
[2024-05-28 11:34:52.157130] [  5]  17.00-17.50  sec  5.01 MBytes  84.0 Mbits/sec  0.035 ms  27484/31234 (88%)  
[2024-05-28 11:34:52.157158] [  5]  17.50-18.00  sec  5.37 MBytes  90.1 Mbits/sec  0.436 ms  32025/36047 (89%)  
[2024-05-28 11:34:52.157182] [  5]  18.00-18.50  sec  5.30 MBytes  88.8 Mbits/sec  0.037 ms  26976/30942 (87%)  
[2024-05-28 11:34:52.157207] [  5]  18.50-19.00  sec  5.89 MBytes  98.7 Mbits/sec  0.154 ms  28941/33349 (87%)  
[2024-05-28 11:34:52.157232] [  5]  19.00-19.50  sec  5.78 MBytes  96.9 Mbits/sec  0.147 ms  22732/27058 (84%)  
[2024-05-28 11:34:52.157256] [  5]  19.50-20.00  sec  5.59 MBytes  93.7 Mbits/sec  0.481 ms  22305/26489 (84%)  
[2024-05-28 11:34:52.157281] [  5]  20.00-20.50  sec  6.03 MBytes   101 Mbits/sec  0.091 ms  20294/24808 (82%)  
[2024-05-28 11:34:52.157305] [  5]  20.50-21.00  sec  6.62 MBytes   111 Mbits/sec  0.058 ms  23998/28954 (83%)  
[2024-05-28 11:34:52.157330] [  5]  21.00-21.50  sec  6.94 MBytes   116 Mbits/sec  0.038 ms  21597/26794 (81%)  
[2024-05-28 11:34:52.157356] [  5]  21.50-22.00  sec  8.08 MBytes   136 Mbits/sec  0.020 ms  27363/33416 (82%)  
[2024-05-28 11:34:52.157383] [  5]  22.00-22.50  sec  3.83 MBytes  64.3 Mbits/sec  0.498 ms  19374/22245 (87%)  
[2024-05-28 11:34:52.157411] [  5]  22.50-23.00  sec  8.37 MBytes   140 Mbits/sec  0.053 ms  21000/27271 (77%)  
[2024-05-28 11:35:16.155367] [  5]  23.00-23.50  sec  6.20 MBytes   104 Mbits/sec  0.138 ms  17474/22117 (79%)  
[2024-05-28 11:35:16.155819] [  5]  23.50-24.00  sec  7.19 MBytes   121 Mbits/sec  0.018 ms  14896/20282 (73%)  
[2024-05-28 11:35:16.155954] [  5]  24.00-24.50  sec  7.17 MBytes   120 Mbits/sec  0.039 ms  16065/21436 (75%)  
[2024-05-28 11:35:16.156066] [  5]  24.50-25.00  sec  8.05 MBytes   135 Mbits/sec  0.024 ms  19040/25069 (76%)  
[2024-05-28 11:35:16.156172] [  5]  25.00-25.50  sec  9.79 MBytes   164 Mbits/sec  0.085 ms  25928/33264 (78%)  
[2024-05-28 11:35:16.156275] [  5]  25.50-26.00  sec  8.88 MBytes   149 Mbits/sec  0.023 ms  19990/26638 (75%)  
[2024-05-28 11:35:16.156380] [  5]  26.00-26.50  sec  9.49 MBytes   159 Mbits/sec  0.173 ms  23968/31078 (77%)  
[2024-05-28 11:35:16.156480] [  5]  26.50-27.00  sec  9.10 MBytes   153 Mbits/sec  0.078 ms  13983/20795 (67%)  
[2024-05-28 11:35:16.156581] [  5]  27.00-27.50  sec  10.2 MBytes   171 Mbits/sec  0.009 ms  17074/24705 (69%)  
[2024-05-28 11:35:16.156681] [  5]  27.50-28.00  sec  6.96 MBytes   117 Mbits/sec  0.052 ms  14466/19682 (73%)  
[2024-05-28 11:35:16.156783] [  5]  28.00-28.50  sec  10.1 MBytes   170 Mbits/sec  1.668 ms  16877/24455 (69%)  
[2024-05-28 11:35:16.156883] [  5]  28.50-29.00  sec  8.59 MBytes   144 Mbits/sec  0.104 ms  13811/20243 (68%)  
[2024-05-28 11:35:16.157063] [  5]  29.00-29.50  sec  9.79 MBytes   164 Mbits/sec  0.141 ms  17553/24888 (71%)  
[2024-05-28 11:35:16.157171] [  5]  29.50-30.00  sec  10.0 MBytes   168 Mbits/sec  0.196 ms  14882/22375 (67%)  
[2024-05-28 11:35:16.157276] [  5]  30.00-30.50  sec  10.8 MBytes   181 Mbits/sec  0.044 ms  19197/27268 (70%)  
[2024-05-28 11:35:16.157377] [  5]  30.50-31.00  sec  10.2 MBytes   171 Mbits/sec  0.059 ms  14713/22359 (66%)  
[2024-05-28 11:35:16.157478] [  5]  31.00-31.50  sec  9.15 MBytes   154 Mbits/sec  0.014 ms  13307/20160 (66%)  
[2024-05-28 11:35:16.157578] [  5]  31.50-32.00  sec  10.4 MBytes   175 Mbits/sec  0.034 ms  14576/22388 (65%)  
[2024-05-28 11:35:16.157680] [  5]  32.00-32.50  sec  8.52 MBytes   143 Mbits/sec  0.034 ms  11545/17927 (64%)  
[2024-05-28 11:35:16.157782] [  5]  32.50-33.00  sec  8.54 MBytes   143 Mbits/sec  0.039 ms  16061/22454 (72%)  
[2024-05-28 11:35:16.157884] [  5]  33.00-33.50  sec  9.21 MBytes   155 Mbits/sec  0.071 ms  13208/20107 (66%)  
[2024-05-28 11:35:16.157985] [  5]  33.50-34.00  sec  11.7 MBytes   196 Mbits/sec  0.126 ms  20379/29110 (70%)  
[2024-05-28 11:35:16.158084] [  5]  34.00-34.50  sec  11.1 MBytes   187 Mbits/sec  0.023 ms  20822/29160 (71%)  
[2024-05-28 11:35:16.158184] [  5]  34.50-35.00  sec  12.6 MBytes   212 Mbits/sec  0.045 ms  17597/27055 (65%)  
[2024-05-28 11:35:16.158318] [  5]  35.00-35.50  sec  12.5 MBytes   210 Mbits/sec  0.013 ms  14827/24216 (61%)  
[2024-05-28 11:35:16.158420] [  5]  35.50-36.00  sec  12.4 MBytes   208 Mbits/sec  0.129 ms  15124/24392 (62%)  
[2024-05-28 11:35:16.158521] [  5]  36.00-36.50  sec  11.8 MBytes   199 Mbits/sec  0.011 ms  12065/20925 (58%)  
[2024-05-28 11:35:16.158622] [  5]  36.50-37.00  sec  11.4 MBytes   191 Mbits/sec  0.208 ms  12916/21438 (60%)  
[2024-05-28 11:35:16.158723] [  5]  37.00-37.50  sec  11.6 MBytes   195 Mbits/sec  0.054 ms  11954/20670 (58%)  
[2024-05-28 11:35:16.158821] [  5]  37.50-38.00  sec  10.3 MBytes   174 Mbits/sec  0.048 ms  10475/18222 (57%)  
[2024-05-28 11:35:16.158921] [  5]  38.00-38.50  sec  9.99 MBytes   168 Mbits/sec  0.065 ms  12456/19939 (62%)  
[2024-05-28 11:35:16.159020] [  5]  38.50-39.00  sec  10.9 MBytes   182 Mbits/sec  0.029 ms  12038/20178 (60%)  
[2024-05-28 11:35:16.159118] [  5]  39.00-39.50  sec  10.6 MBytes   177 Mbits/sec  0.306 ms  14393/22308 (65%)  
[2024-05-28 11:35:16.159218] [  5]  39.50-40.00  sec  11.2 MBytes   188 Mbits/sec  0.032 ms  16496/24893 (66%)  
[2024-05-28 11:35:16.159317] [  5]  40.00-40.50  sec  11.9 MBytes   199 Mbits/sec  0.027 ms  16747/25648 (65%)  
[2024-05-28 11:35:16.159416] [  5]  40.50-41.00  sec  12.8 MBytes   215 Mbits/sec  0.036 ms  17315/26906 (64%)  
[2024-05-28 11:35:16.159514] [  5]  41.00-41.50  sec  4.80 MBytes  80.6 Mbits/sec  0.299 ms  9850/13448 (73%)  
[2024-05-28 11:35:16.159613] [  5]  41.50-42.00  sec  9.31 MBytes   156 Mbits/sec  0.164 ms  8852/15822 (56%)  
[2024-05-28 11:35:16.159713] [  5]  42.00-42.50  sec  7.37 MBytes   124 Mbits/sec  0.058 ms  9931/15450 (64%)  
[2024-05-28 11:35:16.159812] [  5]  42.50-43.00  sec  7.87 MBytes   132 Mbits/sec  0.220 ms  7250/13143 (55%)  
[2024-05-28 11:35:16.159910] [  5]  43.00-43.50  sec  8.79 MBytes   147 Mbits/sec  0.017 ms  19445/26029 (75%)  
[2024-05-28 11:35:16.160012] [  5]  43.50-44.00  sec  9.14 MBytes   153 Mbits/sec  0.014 ms  15445/22287 (69%)  
[2024-05-28 11:35:16.160134] [  5]  44.00-44.50  sec  7.91 MBytes   133 Mbits/sec  0.016 ms  18671/24598 (76%)  
[2024-05-28 11:35:16.160233] [  5]  44.50-45.00  sec  6.80 MBytes   114 Mbits/sec  0.051 ms  12834/17930 (72%)  
[2024-05-28 11:35:16.160332] [  5]  45.00-45.50  sec  8.30 MBytes   139 Mbits/sec  0.005 ms  14204/20423 (70%)  
[2024-05-28 11:35:16.160431] [  5]  45.50-46.00  sec  8.32 MBytes   140 Mbits/sec  0.044 ms  15961/22194 (72%)  
[2024-05-28 11:35:16.160529] [  5]  46.00-46.50  sec  9.45 MBytes   159 Mbits/sec  0.016 ms  19301/26379 (73%)  
[2024-05-28 11:35:16.160626] [  5]  46.50-47.00  sec  9.68 MBytes   162 Mbits/sec  0.022 ms  22146/29396 (75%)  
[2024-05-28 11:35:40.655321] [  5]  47.00-47.50  sec  11.2 MBytes   187 Mbits/sec  2.060 ms  22430/30796 (73%)  
[2024-05-28 11:35:40.655737] [  5]  47.50-48.00  sec  10.6 MBytes   178 Mbits/sec  0.025 ms  16983/24918 (68%)  
[2024-05-28 11:35:40.655874] [  5]  48.00-48.50  sec  8.05 MBytes   135 Mbits/sec  0.315 ms  12018/18050 (67%)  
[2024-05-28 11:35:40.655982] [  5]  48.50-49.00  sec  7.06 MBytes   118 Mbits/sec  0.064 ms  10145/15434 (66%)  
[2024-05-28 11:35:40.656084] [  5]  49.00-49.50  sec  8.51 MBytes   143 Mbits/sec  0.089 ms  9476/15847 (60%)  
[2024-05-28 11:35:40.656188] [  5]  49.50-50.00  sec  7.82 MBytes   131 Mbits/sec  0.150 ms  11514/17369 (66%)  
[2024-05-28 11:35:40.656286] [  5]  50.00-50.50  sec  10.8 MBytes   181 Mbits/sec  0.113 ms  23088/31191 (74%)  
[2024-05-28 11:35:40.656384] [  5]  50.50-51.00  sec  10.6 MBytes   178 Mbits/sec  0.072 ms  21561/29501 (73%)  
[2024-05-28 11:35:40.656483] [  5]  51.00-51.50  sec  8.91 MBytes   149 Mbits/sec  0.157 ms  19682/26352 (75%)  
[2024-05-28 11:35:40.656584] [  5]  51.50-52.00  sec  7.35 MBytes   123 Mbits/sec  2.531 ms  12613/18120 (70%)  
[2024-05-28 11:35:40.656688] [  5]  52.00-52.50  sec  10.3 MBytes   173 Mbits/sec  0.474 ms  12574/20311 (62%)  
[2024-05-28 11:35:40.656786] [  5]  52.50-53.00  sec  8.92 MBytes   150 Mbits/sec  0.009 ms  15182/21865 (69%)  
[2024-05-28 11:35:40.657014] [  5]  53.00-53.50  sec  10.2 MBytes   171 Mbits/sec  0.249 ms  18936/26561 (71%)  
[2024-05-28 11:35:40.657132] [  5]  53.50-54.00  sec  10.6 MBytes   178 Mbits/sec  0.027 ms  15697/23644 (66%)  
[2024-05-28 11:35:40.657239] [  5]  54.00-54.50  sec  12.1 MBytes   204 Mbits/sec  0.036 ms  20255/29349 (69%)  
[2024-05-28 11:35:40.657339] [  5]  54.50-55.00  sec  12.2 MBytes   204 Mbits/sec  0.164 ms  19427/28532 (68%)  
[2024-05-28 11:35:40.657473] [  5]  55.00-55.50  sec  12.5 MBytes   209 Mbits/sec  0.165 ms  15127/24460 (62%)  
[2024-05-28 11:35:40.657651] [  5]  55.50-56.00  sec  9.13 MBytes   153 Mbits/sec  0.113 ms  11590/18429 (63%)  
[2024-05-28 11:35:40.657752] [  5]  56.00-56.50  sec  13.0 MBytes   218 Mbits/sec  0.054 ms  12494/22213 (56%)  
[2024-05-28 11:35:40.657854] [  5]  56.50-57.00  sec  12.1 MBytes   203 Mbits/sec  0.012 ms  16110/25158 (64%)  
[2024-05-28 11:35:40.657952] [  5]  57.00-57.50  sec  11.5 MBytes   193 Mbits/sec  0.038 ms  11491/20101 (57%)  
[2024-05-28 11:35:40.658169] [  5]  57.50-58.00  sec  10.8 MBytes   181 Mbits/sec  0.409 ms  11854/19919 (60%)  
[2024-05-28 11:35:40.658267] [  5]  58.00-58.50  sec  8.67 MBytes   145 Mbits/sec  0.059 ms  9188/15679 (59%)  
[2024-05-28 11:35:40.658366] [  5]  58.50-59.00  sec  9.33 MBytes   157 Mbits/sec  0.075 ms  12189/19180 (64%)  
[2024-05-28 11:35:40.658468] [  5]  59.00-59.50  sec  9.04 MBytes   152 Mbits/sec  0.071 ms  11433/18204 (63%)  
[2024-05-28 11:35:40.658567] [  5]  59.50-60.00  sec  8.33 MBytes   140 Mbits/sec  0.112 ms  11621/17861 (65%)  
[2024-05-28 11:35:40.658770] [  5]  60.00-60.50  sec  7.60 MBytes   127 Mbits/sec  0.043 ms  14025/19717 (71%)  
[2024-05-28 11:35:40.658956] [  5]  60.50-61.00  sec  7.93 MBytes   133 Mbits/sec  0.065 ms  12032/17973 (67%)  
[2024-05-28 11:35:40.659055] [  5]  61.00-61.50  sec  6.81 MBytes   114 Mbits/sec  0.663 ms  12536/17638 (71%)  
[2024-05-28 11:35:40.659154] [  5]  61.50-62.00  sec  7.12 MBytes   119 Mbits/sec  0.308 ms  12591/17923 (70%)  
[2024-05-28 11:35:40.659253] [  5]  62.00-62.50  sec  6.46 MBytes   108 Mbits/sec  0.027 ms  13129/17965 (73%)  
[2024-05-28 11:35:40.659351] [  5]  62.50-63.00  sec  6.50 MBytes   109 Mbits/sec  0.149 ms  13239/18108 (73%)  
[2024-05-28 11:35:40.659451] [  5]  63.00-63.50  sec  6.00 MBytes   101 Mbits/sec  0.138 ms  13154/17648 (75%)  
[2024-05-28 11:35:40.659553] [  5]  63.50-64.00  sec  5.82 MBytes  97.6 Mbits/sec  0.146 ms  15168/19525 (78%)  
[2024-05-28 11:35:40.659651] [  5]  64.00-64.50  sec  6.28 MBytes   105 Mbits/sec  0.035 ms  13566/18273 (74%)  
[2024-05-28 11:35:40.659751] [  5]  64.50-65.00  sec  5.12 MBytes  86.0 Mbits/sec  0.089 ms  13939/17776 (78%)  
[2024-05-28 11:35:40.659852] [  5]  65.00-65.50  sec  3.85 MBytes  64.6 Mbits/sec  0.036 ms  10475/13357 (78%)  
[2024-05-28 11:35:40.659951] [  5]  65.50-66.00  sec  4.66 MBytes  78.2 Mbits/sec  0.048 ms  12162/15652 (78%)  
[2024-05-28 11:35:40.660051] [  5]  66.00-66.50  sec  3.37 MBytes  56.5 Mbits/sec  0.420 ms  10635/13157 (81%)  
[2024-05-28 11:35:40.660149] [  5]  66.50-67.00  sec  3.02 MBytes  50.7 Mbits/sec  0.114 ms  8530/10793 (79%)  
[2024-05-28 11:35:40.660248] [  5]  67.00-67.50  sec  4.86 MBytes  81.6 Mbits/sec  0.269 ms  16301/19944 (82%)  
[2024-05-28 11:35:40.660346] [  5]  67.50-68.00  sec  4.66 MBytes  78.3 Mbits/sec  0.483 ms  12263/15757 (78%)  
[2024-05-28 11:35:40.660446] [  5]  68.00-68.50  sec  3.94 MBytes  66.1 Mbits/sec  0.185 ms  12488/15440 (81%)  
[2024-05-28 11:35:40.660543] [  5]  68.50-69.00  sec  4.11 MBytes  69.0 Mbits/sec  0.102 ms  14894/17973 (83%)  
[2024-05-28 11:35:40.660642] [  5]  69.00-69.50  sec  5.54 MBytes  92.9 Mbits/sec  0.473 ms  26940/31086 (87%)  
[2024-05-28 11:35:40.660741] [  5]  69.50-70.00  sec  5.32 MBytes  89.2 Mbits/sec  0.080 ms  25103/29086 (86%)  
[2024-05-28 11:35:40.660839] [  5]  70.00-70.50  sec  3.77 MBytes  63.2 Mbits/sec  0.083 ms  26200/29021 (90%)  
[2024-05-28 11:35:40.660990] [  5]  70.50-71.00  sec  3.79 MBytes  63.6 Mbits/sec  0.128 ms  13017/15856 (82%)  
[2024-05-28 11:35:40.661113] [  5]  71.00-71.50  sec  3.95 MBytes  66.2 Mbits/sec  0.659 ms  16841/19797 (85%)  
[2024-05-28 11:36:05.155422] [  5]  71.50-72.00  sec  4.15 MBytes  69.6 Mbits/sec  0.072 ms  19380/22487 (86%)  
[2024-05-28 11:36:05.155841] [  5]  72.00-72.50  sec  3.33 MBytes  55.9 Mbits/sec  0.788 ms  15351/17848 (86%)  
[2024-05-28 11:36:05.155969] [  5]  72.50-73.00  sec  3.11 MBytes  52.2 Mbits/sec  0.482 ms  13297/15629 (85%)  
[2024-05-28 11:36:05.156075] [  5]  73.00-73.50  sec  4.12 MBytes  69.1 Mbits/sec  0.216 ms  12607/15690 (80%)  
[2024-05-28 11:36:05.156181] [  5]  73.50-74.00  sec  4.17 MBytes  70.0 Mbits/sec  0.555 ms  14205/17331 (82%)  
[2024-05-28 11:36:05.156284] [  5]  74.00-74.50  sec  4.96 MBytes  83.3 Mbits/sec  0.065 ms  23137/26855 (86%)  
[2024-05-28 11:36:05.156390] [  5]  74.50-75.00  sec  4.62 MBytes  77.5 Mbits/sec  0.211 ms  23307/26769 (87%)  
[2024-05-28 11:36:05.156494] [  5]  75.00-75.50  sec  5.16 MBytes  86.5 Mbits/sec  0.030 ms  25210/29072 (87%)  
[2024-05-28 11:36:05.156700] [  5]  75.50-76.00  sec  4.77 MBytes  79.9 Mbits/sec  0.052 ms  21358/24927 (86%)  
[2024-05-28 11:36:05.156804] [  5]  76.00-76.50  sec  4.85 MBytes  81.4 Mbits/sec  0.174 ms  38193/41825 (91%)  
[2024-05-28 11:36:05.156906] [  5]  76.50-77.00  sec  4.81 MBytes  80.7 Mbits/sec  0.062 ms  19107/22711 (84%)  
[2024-05-28 11:36:05.157113] [  5]  77.00-77.50  sec  4.61 MBytes  77.4 Mbits/sec  0.156 ms  20895/24349 (86%)  
[2024-05-28 11:36:05.157220] [  5]  77.50-78.00  sec  5.87 MBytes  98.5 Mbits/sec  0.036 ms  24462/28861 (85%)  
[2024-05-28 11:36:05.157322] [  5]  78.00-78.50  sec  6.54 MBytes   110 Mbits/sec  0.213 ms  24094/28990 (83%)  
[2024-05-28 11:36:05.157425] [  5]  78.50-79.00  sec  6.90 MBytes   116 Mbits/sec  0.033 ms  24382/29547 (83%)  
[2024-05-28 11:36:05.157528] [  5]  79.00-79.50  sec  4.95 MBytes  83.1 Mbits/sec  0.076 ms  20850/24560 (85%)  
[2024-05-28 11:36:05.157631] [  5]  79.50-80.00  sec  7.32 MBytes   123 Mbits/sec  0.201 ms  30114/35597 (85%)  
[2024-05-28 11:36:05.157732] [  5]  80.00-80.50  sec  6.84 MBytes   115 Mbits/sec  0.178 ms  19938/25058 (80%)  
[2024-05-28 11:36:05.157833] [  5]  80.50-81.00  sec  5.52 MBytes  92.6 Mbits/sec  2.494 ms  15407/19543 (79%)  
[2024-05-28 11:36:05.157932] [  5]  81.00-81.50  sec  4.60 MBytes  77.2 Mbits/sec  0.062 ms  12754/16198 (79%)  
[2024-05-28 11:36:05.158031] [  5]  81.50-82.00  sec  4.53 MBytes  76.0 Mbits/sec  0.362 ms  16165/19559 (83%)  
[2024-05-28 11:36:05.158131] [  5]  82.00-82.50  sec  4.70 MBytes  78.8 Mbits/sec  0.481 ms  12009/15528 (77%)  
[2024-05-28 11:36:05.158232] [  5]  82.50-83.00  sec  4.79 MBytes  80.4 Mbits/sec  0.132 ms  11757/15346 (77%)  
[2024-05-28 11:36:05.158333] [  5]  83.00-83.50  sec  6.91 MBytes   116 Mbits/sec  0.016 ms  17540/22712 (77%)  
[2024-05-28 11:36:05.158433] [  5]  83.50-84.00  sec  5.47 MBytes  91.7 Mbits/sec  0.107 ms  20195/24289 (83%)  
[2024-05-28 11:36:05.158535] [  5]  84.00-84.50  sec  4.56 MBytes  76.4 Mbits/sec  0.106 ms  12605/16018 (79%)  
[2024-05-28 11:36:05.158635] [  5]  84.50-85.00  sec  5.96 MBytes   100 Mbits/sec  0.139 ms  22711/27177 (84%)  
[2024-05-28 11:36:05.158740] [  5]  85.00-85.50  sec  7.06 MBytes   119 Mbits/sec  0.089 ms  28155/33445 (84%)  
[2024-05-28 11:36:05.158844] [  5]  85.50-86.00  sec  7.75 MBytes   130 Mbits/sec  0.067 ms  21720/27522 (79%)  
[2024-05-28 11:36:05.159033] [  5]  86.00-86.50  sec  7.28 MBytes   122 Mbits/sec  0.852 ms  24988/30443 (82%)  
[2024-05-28 11:36:05.159135] [  5]  86.50-87.00  sec  8.25 MBytes   138 Mbits/sec  0.070 ms  27429/33605 (82%)  
[2024-05-28 11:36:05.159281] [  5]  87.00-87.50  sec  8.00 MBytes   134 Mbits/sec  0.025 ms  20936/26930 (78%)  
[2024-05-28 11:36:05.159382] [  5]  87.50-88.00  sec  7.29 MBytes   122 Mbits/sec  0.251 ms  16655/22118 (75%)  
[2024-05-28 11:36:05.159527] [  5]  88.00-88.50  sec  6.24 MBytes   105 Mbits/sec  0.128 ms  13434/18105 (74%)  
[2024-05-28 11:36:05.159627] [  5]  88.50-89.00  sec  6.59 MBytes   111 Mbits/sec  0.403 ms  17159/22092 (78%)  
[2024-05-28 11:36:05.159728] [  5]  89.00-89.50  sec  6.07 MBytes   102 Mbits/sec  0.046 ms  11392/15940 (71%)  
[2024-05-28 11:36:05.159875] [  5]  89.50-90.00  sec  10.9 MBytes   183 Mbits/sec  0.111 ms  25029/33181 (75%)  
[2024-05-28 11:36:05.159977] [  5]  90.00-90.50  sec  11.0 MBytes   184 Mbits/sec  0.094 ms  26209/34442 (76%)  
[2024-05-28 11:36:05.160074] [  5]  90.50-91.00  sec  13.1 MBytes   219 Mbits/sec  0.023 ms  32834/42632 (77%)  
[2024-05-28 11:36:05.160260] [  5]  91.00-91.50  sec  12.1 MBytes   202 Mbits/sec  0.163 ms  15544/24584 (63%)  
[2024-05-28 11:36:05.160358] [  5]  91.50-92.00  sec  8.55 MBytes   143 Mbits/sec  0.250 ms  11272/17674 (64%)  
[2024-05-28 11:36:05.160546] [  5]  92.00-92.50  sec  7.90 MBytes   133 Mbits/sec  0.019 ms  7327/13244 (55%)  
[2024-05-28 11:36:05.160644] [  5]  92.50-93.00  sec  8.92 MBytes   150 Mbits/sec  0.049 ms  6881/13560 (51%)  
[2024-05-28 11:36:05.160741] [  5]  93.00-93.50  sec  7.80 MBytes   131 Mbits/sec  0.058 ms  12142/17983 (68%)  
[2024-05-28 11:36:05.160840] [  5]  93.50-94.00  sec  6.94 MBytes   116 Mbits/sec  0.143 ms  12388/17585 (70%)  
[2024-05-28 11:36:05.161048] [  5]  94.00-94.50  sec  8.52 MBytes   143 Mbits/sec  0.049 ms  16346/22725 (72%)  
[2024-05-28 11:36:05.161161] [  5]  94.50-95.00  sec  8.54 MBytes   143 Mbits/sec  0.297 ms  16159/22555 (72%)  
[2024-05-28 11:36:05.161346] [  5]  95.00-95.50  sec  13.8 MBytes   232 Mbits/sec  0.145 ms  31549/41909 (75%)  
[2024-05-28 11:36:05.161448] [  5]  95.50-96.00  sec  11.0 MBytes   185 Mbits/sec  0.040 ms  23052/31317 (74%)  
[2024-05-28 11:36:30.668047] [  5]  96.00-96.50  sec  6.29 MBytes   106 Mbits/sec  0.033 ms  10671/15384 (69%)  
[2024-05-28 11:36:30.668301] [  5]  96.50-97.00  sec  8.86 MBytes   149 Mbits/sec  0.013 ms  7260/13894 (52%)  
[2024-05-28 11:36:30.668355] [  5]  97.00-97.50  sec  7.38 MBytes   124 Mbits/sec  0.136 ms  5576/11101 (50%)  
[2024-05-28 11:36:30.668387] [  5]  97.50-98.00  sec  6.62 MBytes   111 Mbits/sec  1.969 ms  7894/12854 (61%)  
[2024-05-28 11:36:30.668414] [  5]  98.00-98.50  sec  7.74 MBytes   130 Mbits/sec  0.056 ms  23478/29276 (80%)  
[2024-05-28 11:36:30.668439] [  5]  98.50-99.00  sec  6.29 MBytes   105 Mbits/sec  0.023 ms  10608/15316 (69%)  
[2024-05-28 11:36:30.668464] [  5]  99.00-99.50  sec  5.34 MBytes  89.7 Mbits/sec  0.254 ms  9582/13584 (71%)  
[2024-05-28 11:36:30.668488] [  5]  99.50-100.00 sec  4.80 MBytes  80.5 Mbits/sec  0.035 ms  13329/16925 (79%)  
[2024-05-28 11:36:30.668516] [  5] 100.00-100.50 sec  7.09 MBytes   119 Mbits/sec  0.033 ms  17255/22563 (76%)  
[2024-05-28 11:36:30.668541] [  5] 100.50-101.00 sec  5.68 MBytes  95.4 Mbits/sec  0.071 ms  9211/13468 (68%)  
[2024-05-28 11:36:30.668567] [  5] 101.00-101.50 sec  5.80 MBytes  97.2 Mbits/sec  0.136 ms  12559/16900 (74%)  
[2024-05-28 11:36:30.668591] [  5] 101.50-102.00 sec  4.50 MBytes  75.5 Mbits/sec  0.336 ms  14235/17606 (81%)  
[2024-05-28 11:36:30.668616] [  5] 102.00-102.50 sec  3.36 MBytes  56.4 Mbits/sec  0.222 ms  11050/13568 (81%)  
[2024-05-28 11:36:30.668640] [  5] 102.50-103.00 sec  3.35 MBytes  56.2 Mbits/sec  0.256 ms  15576/18087 (86%)  
[2024-05-28 11:36:30.668664] [  5] 103.00-103.50 sec  3.48 MBytes  58.5 Mbits/sec  0.101 ms  8649/11259 (77%)  
[2024-05-28 11:36:30.668691] [  5] 103.50-104.00 sec  3.06 MBytes  51.4 Mbits/sec  0.557 ms  6725/9019 (75%)  
[2024-05-28 11:36:30.668714] [  5] 104.00-104.50 sec  3.15 MBytes  52.8 Mbits/sec  0.262 ms  8635/10994 (79%)  
[2024-05-28 11:36:30.668739] [  5] 104.50-105.00 sec  2.43 MBytes  40.8 Mbits/sec  0.445 ms  7358/9179 (80%)  
[2024-05-28 11:36:30.668763] [  5] 105.00-105.50 sec  2.77 MBytes  46.4 Mbits/sec  0.330 ms  8905/10978 (81%)  
[2024-05-28 11:36:30.668790] [  5] 105.50-106.00 sec  1.99 MBytes  33.4 Mbits/sec  0.086 ms  5264/6757 (78%)  
[2024-05-28 11:36:30.668821] [  5] 106.00-106.50 sec  1.82 MBytes  30.5 Mbits/sec  0.168 ms  5590/6951 (80%)  
[2024-05-28 11:36:30.668846] [  5] 106.50-107.00 sec  1.90 MBytes  31.8 Mbits/sec  1.058 ms  7073/8494 (83%)  
[2024-05-28 11:36:30.668870] [  5] 107.00-107.50 sec   875 KBytes  14.3 Mbits/sec  369.780 ms  259570/260210 (1e+02%)  
[2024-05-28 11:36:30.668976] [  5] 107.50-108.00 sec  3.69 MBytes  62.0 Mbits/sec  0.353 ms  -2417/349 (-6.9e+02%)  
[2024-05-28 11:36:30.669025] [  5] 108.00-108.50 sec  8.09 MBytes   136 Mbits/sec  0.124 ms  -37/6019 (-0.61%)  
[2024-05-28 11:36:30.669074] [  5] 108.50-109.00 sec  8.32 MBytes   140 Mbits/sec  0.076 ms  5070/11301 (45%)  
[2024-05-28 11:36:30.669115] [  5] 109.00-109.50 sec  10.6 MBytes   178 Mbits/sec  0.347 ms  130/8058 (1.6%)  
[2024-05-28 11:36:30.669158] [  5] 109.50-110.00 sec  8.57 MBytes   144 Mbits/sec  0.106 ms  10573/16990 (62%)  
[2024-05-28 11:36:30.669200] [  5] 110.00-110.50 sec  10.1 MBytes   169 Mbits/sec  0.147 ms  20327/27865 (73%)  
[2024-05-28 11:36:30.669240] [  5] 110.50-111.00 sec  11.1 MBytes   187 Mbits/sec  0.010 ms  14395/22736 (63%)  
[2024-05-28 11:36:30.669282] [  5] 111.00-111.50 sec  10.9 MBytes   183 Mbits/sec  0.315 ms  20859/29049 (72%)  
[2024-05-28 11:36:30.669308] [  5] 111.50-112.00 sec  10.6 MBytes   178 Mbits/sec  0.102 ms  14282/22237 (64%)  
[2024-05-28 11:36:30.669329] [  5] 112.00-112.50 sec  10.8 MBytes   181 Mbits/sec  0.012 ms  14212/22271 (64%)  
[2024-05-28 11:36:30.669351] [  5] 112.50-113.00 sec  9.07 MBytes   152 Mbits/sec  0.054 ms  10859/17655 (62%)  
[2024-05-28 11:36:30.669372] [  5] 113.00-113.50 sec  10.3 MBytes   172 Mbits/sec  0.022 ms  14247/21946 (65%)  
[2024-05-28 11:36:30.669394] [  5] 113.50-114.00 sec  10.5 MBytes   177 Mbits/sec  0.035 ms  15979/23866 (67%)  
[2024-05-28 11:36:30.669416] [  5] 114.00-114.50 sec  10.6 MBytes   178 Mbits/sec  0.042 ms  16911/24859 (68%)  
[2024-05-28 11:36:30.669438] [  5] 114.50-115.00 sec  10.9 MBytes   183 Mbits/sec  0.215 ms  16092/24282 (66%)  
[2024-05-28 11:36:30.669459] [  5] 115.00-115.50 sec  11.0 MBytes   184 Mbits/sec  0.017 ms  14028/22257 (63%)  
[2024-05-28 11:36:30.669481] [  5] 115.50-116.00 sec  11.8 MBytes   197 Mbits/sec  0.552 ms  15602/24414 (64%)  
[2024-05-28 11:36:30.669502] [  5] 116.00-116.50 sec  11.5 MBytes   193 Mbits/sec  0.087 ms  14046/22663 (62%)  
[2024-05-28 11:36:30.669524] [  5] 116.50-117.00 sec  10.8 MBytes   182 Mbits/sec  0.017 ms  12451/20567 (61%)  
[2024-05-28 11:36:30.669546] [  5] 117.00-117.50 sec  11.0 MBytes   185 Mbits/sec  0.161 ms  13817/22081 (63%)  
[2024-05-28 11:36:30.669567] [  5] 117.50-118.00 sec  11.0 MBytes   185 Mbits/sec  0.395 ms  13628/21887 (62%)  
[2024-05-28 11:36:30.669588] [  5] 118.00-118.50 sec  10.3 MBytes   174 Mbits/sec  0.073 ms  12924/20674 (63%)  
[2024-05-28 11:36:30.669610] [  5] 118.50-119.00 sec  9.66 MBytes   162 Mbits/sec  0.021 ms  12357/19591 (63%)  
[2024-05-28 11:36:30.669631] [  5] 119.00-119.50 sec  9.46 MBytes   159 Mbits/sec  0.080 ms  11024/18106 (61%)  
[2024-05-28 11:36:30.669652] [  5] 119.50-120.00 sec  10.1 MBytes   169 Mbits/sec  0.150 ms  15028/22587 (67%)  
[2024-05-28 11:36:30.669673] - - - - - - - - - - - - - - - - - - - - - - - - -
[2024-05-28 11:36:30.669699] [ ID] Interval           Transfer     Bitrate         Jitter    Lost/Total Datagrams
[2024-05-28 11:36:30.669722] [  5]   0.00-120.39 sec  7.01 GBytes   500 Mbits/sec  0.000 ms  0/5374643 (0%)  sender
[2024-05-28 11:36:30.669745] [SUM]  0.0-120.4 sec  7545 datagrams received out-of-order
[2024-05-28 11:36:30.669766] [  5]   0.00-120.00 sec  1.72 GBytes   123 Mbits/sec  0.150 ms  3984395/5302747 (75%)  receiver
[2024-05-28 11:36:30.669787] 
[2024-05-28 11:36:30.669809] iperf Done.
End time: 1716910590683
