Start time: 1716840943810
[2024-05-27 16:16:13.692480] Connecting to host 35.245.244.238, port 5201
[2024-05-27 16:16:13.693916] Reverse mode, remote host 35.245.244.238 is sending
[2024-05-27 16:16:13.694063] [  5] local 100.126.163.120 port 44976 connected to 35.245.244.238 port 5201
[2024-05-27 16:16:13.694181] [ ID] Interval           Transfer     Bitrate         Jitter    Lost/Total Datagrams
[2024-05-27 16:16:13.694293] [  5]   0.00-0.50   sec  1.21 MBytes  20.3 Mbits/sec  0.898 ms  263352/264259 (1e+02%)  
[2024-05-27 16:16:13.694398] [  5]   0.50-1.00   sec   946 KBytes  15.5 Mbits/sec  0.400 ms  -692/0 (0%)  
[2024-05-27 16:16:13.694502] [  5]   1.00-1.50   sec   962 KBytes  15.8 Mbits/sec  0.906 ms  6495/7199 (90%)  
[2024-05-27 16:16:13.694606] [  5]   1.50-2.00   sec   962 KBytes  15.8 Mbits/sec  0.742 ms  9290/9994 (93%)  
[2024-05-27 16:16:13.694712] [  5]   2.00-2.50   sec  1.02 MBytes  17.0 Mbits/sec  0.367 ms  2771/3532 (78%)  
[2024-05-27 16:16:13.694814] [  5]   2.50-3.00   sec  1.11 MBytes  18.7 Mbits/sec  0.553 ms  1751/2585 (68%)  
[2024-05-27 16:16:13.694913] [  5]   3.00-3.50   sec  1.09 MBytes  18.3 Mbits/sec  0.511 ms  1974/2792 (71%)  
[2024-05-27 16:16:13.695013] [  5]   3.50-4.00   sec  1.04 MBytes  17.5 Mbits/sec  0.535 ms  1732/2513 (69%)  
[2024-05-27 16:16:13.695116] [  5]   4.00-4.50   sec  1.36 MBytes  22.8 Mbits/sec  0.412 ms  2286/3303 (69%)  
[2024-05-27 16:16:13.695220] [  5]   4.50-5.00   sec  1.42 MBytes  23.8 Mbits/sec  0.302 ms  2384/3448 (69%)  
[2024-05-27 16:16:13.695320] [  5]   5.00-5.50   sec  1.53 MBytes  25.6 Mbits/sec  0.617 ms  2432/3576 (68%)  
[2024-05-27 16:16:13.695423] [  5]   5.50-6.00   sec   995 KBytes  16.3 Mbits/sec  0.059 ms  1584/2312 (69%)  
[2024-05-27 16:16:13.695525] [  5]   6.00-6.50   sec   964 KBytes  15.8 Mbits/sec  0.721 ms  1579/2284 (69%)  
[2024-05-27 16:16:13.695625] [  5]   6.50-7.00   sec   861 KBytes  14.1 Mbits/sec  1.525 ms  1347/1977 (68%)  
[2024-05-27 16:16:13.695827] [  5]   7.00-7.50   sec   744 KBytes  12.2 Mbits/sec  1.055 ms  1178/1722 (68%)  
[2024-05-27 16:16:13.695934] [  5]   7.50-8.00   sec   679 KBytes  11.1 Mbits/sec  0.610 ms  1088/1585 (69%)  
[2024-05-27 16:16:13.696037] [  5]   8.00-8.50   sec   749 KBytes  12.3 Mbits/sec  0.598 ms  1206/1754 (69%)  
[2024-05-27 16:16:13.696141] [  5]   8.50-9.00   sec   711 KBytes  11.6 Mbits/sec  1.323 ms  1140/1660 (69%)  
[2024-05-27 16:16:13.696241] [  5]   9.00-9.50   sec   727 KBytes  11.9 Mbits/sec  0.936 ms  1123/1655 (68%)  
[2024-05-27 16:16:13.696343] [  5]   9.50-10.00  sec   640 KBytes  10.5 Mbits/sec  1.126 ms  1014/1482 (68%)  
[2024-05-27 16:16:13.696446] [  5]  10.00-10.50  sec   604 KBytes  9.90 Mbits/sec  1.139 ms  1018/1460 (70%)  
[2024-05-27 16:16:13.696549] [  5]  10.50-11.00  sec   623 KBytes  10.2 Mbits/sec  0.990 ms  975/1431 (68%)  
[2024-05-27 16:16:13.696648] [  5]  11.00-11.50  sec   727 KBytes  11.9 Mbits/sec  0.621 ms  1119/1651 (68%)  
[2024-05-27 16:16:13.696748] [  5]  11.50-12.00  sec   748 KBytes  12.3 Mbits/sec  1.261 ms  1193/1740 (69%)  
[2024-05-27 16:16:13.696847] [  5]  12.00-12.50  sec   712 KBytes  11.7 Mbits/sec  0.787 ms  1046/1567 (67%)  
[2024-05-27 16:16:13.696946] [  5]  12.50-13.00  sec   569 KBytes  9.32 Mbits/sec  1.406 ms  838/1254 (67%)  
[2024-05-27 16:16:13.697045] [  5]  13.00-13.50  sec   617 KBytes  10.1 Mbits/sec  1.538 ms  884/1335 (66%)  
[2024-05-27 16:16:13.697145] [  5]  13.50-14.00  sec   541 KBytes  8.87 Mbits/sec  1.153 ms  833/1229 (68%)  
[2024-05-27 16:16:13.697243] [  5]  14.00-14.50  sec   509 KBytes  8.33 Mbits/sec  1.148 ms  847/1219 (69%)  
[2024-05-27 16:16:13.697339] [  5]  14.50-15.00  sec   190 KBytes  3.11 Mbits/sec  1632.192 ms  596614/596753 (1e+02%)  
[2024-05-27 16:16:13.697439] [  5]  15.00-15.50  sec  1001 KBytes  16.4 Mbits/sec  0.655 ms  -313/419 (-75%)  
[2024-05-27 16:16:13.697538] [  5]  15.50-16.00  sec  1.05 MBytes  17.6 Mbits/sec  5.498 ms  -785/0 (0%)  
[2024-05-27 16:16:13.697635] [  5]  16.00-16.50  sec  1.05 MBytes  17.7 Mbits/sec  0.641 ms  228/1018 (22%)  
[2024-05-27 16:16:13.697735] [  5]  16.50-17.00  sec  1010 KBytes  16.6 Mbits/sec  764.074 ms  3976/4715 (84%)  
[2024-05-27 16:16:13.697874] [  5]  17.00-17.50  sec  1001 KBytes  16.4 Mbits/sec  1.173 ms  3773/4505 (84%)  
[2024-05-27 16:16:13.697981] [  5]  17.50-18.00  sec  1.02 MBytes  17.1 Mbits/sec  0.433 ms  4063/4826 (84%)  
[2024-05-27 16:16:13.698084] [  5]  18.00-18.50  sec  1.17 MBytes  19.7 Mbits/sec  0.364 ms  4878/5756 (85%)  
[2024-05-27 16:16:13.698182] [  5]  18.50-19.00  sec  1.18 MBytes  19.8 Mbits/sec  0.311 ms  2416/3299 (73%)  
[2024-05-27 16:16:13.698282] [  5]  19.00-19.50  sec  1.26 MBytes  21.1 Mbits/sec  1.140 ms  1355/2296 (59%)  
[2024-05-27 16:16:13.698379] [  5]  19.50-20.00  sec  1.53 MBytes  25.6 Mbits/sec  0.643 ms  1743/2886 (60%)  
[2024-05-27 16:16:13.698477] [  5]  20.00-20.50  sec  1.46 MBytes  24.5 Mbits/sec  0.229 ms  1575/2669 (59%)  
[2024-05-27 16:16:13.698574] [  5]  20.50-21.00  sec  1.55 MBytes  26.0 Mbits/sec  0.211 ms  1838/3000 (61%)  
[2024-05-27 16:16:13.698674] [  5]  21.00-21.50  sec  1.16 MBytes  19.5 Mbits/sec  1.054 ms  1374/2246 (61%)  
[2024-05-27 16:16:13.698777] [  5]  21.50-22.00  sec  1.90 MBytes  31.9 Mbits/sec  0.198 ms  2053/3476 (59%)  
[2024-05-27 16:16:13.698876] [  5]  22.00-22.50  sec  2.22 MBytes  37.2 Mbits/sec  0.069 ms  2356/4016 (59%)  
[2024-05-27 16:16:13.698974] [  5]  22.50-23.00  sec  2.42 MBytes  40.6 Mbits/sec  0.340 ms  2560/4371 (59%)  
[2024-05-27 16:16:38.692334] [  5]  23.00-23.50  sec  2.55 MBytes  42.8 Mbits/sec  0.712 ms  2752/4662 (59%)  
[2024-05-27 16:16:38.692719] [  5]  23.50-24.00  sec  2.42 MBytes  40.5 Mbits/sec  0.076 ms  2730/4539 (60%)  
[2024-05-27 16:16:38.692918] [  5]  24.00-24.50  sec  3.10 MBytes  52.0 Mbits/sec  0.103 ms  3302/5625 (59%)  
[2024-05-27 16:16:38.693030] [  5]  24.50-25.00  sec  2.98 MBytes  49.9 Mbits/sec  0.175 ms  3047/5276 (58%)  
[2024-05-27 16:16:38.693169] [  5]  25.00-25.50  sec  2.96 MBytes  49.7 Mbits/sec  0.947 ms  32603/34820 (94%)  
[2024-05-27 16:16:38.693271] [  5]  25.50-26.00  sec  3.31 MBytes  55.6 Mbits/sec  0.341 ms  66616/69096 (96%)  
[2024-05-27 16:16:38.693370] [  5]  26.00-26.50  sec  1.03 MBytes  17.4 Mbits/sec  0.649 ms  25096/25871 (97%)  
[2024-05-27 16:16:38.693473] [  5]  26.50-27.00  sec  3.40 MBytes  57.1 Mbits/sec  0.263 ms  50255/52805 (95%)  
[2024-05-27 16:16:38.693571] [  5]  27.00-27.50  sec  3.66 MBytes  61.4 Mbits/sec  0.477 ms  53995/56737 (95%)  
[2024-05-27 16:16:38.693670] [  5]  27.50-28.00  sec  2.62 MBytes  44.0 Mbits/sec  0.070 ms  28878/30841 (94%)  
[2024-05-27 16:16:38.693792] [  5]  28.00-28.50  sec  3.37 MBytes  56.5 Mbits/sec  0.186 ms  28417/30941 (92%)  
[2024-05-27 16:16:38.693890] [  5]  28.50-29.00  sec  3.22 MBytes  54.0 Mbits/sec  0.107 ms  28697/31109 (92%)  
[2024-05-27 16:16:38.693990] [  5]  29.00-29.50  sec  2.21 MBytes  37.1 Mbits/sec  0.279 ms  17017/18675 (91%)  
[2024-05-27 16:16:38.694087] [  5]  29.50-30.00  sec  1.82 MBytes  30.6 Mbits/sec  0.256 ms  13106/14470 (91%)  
[2024-05-27 16:16:38.694185] [  5]  30.00-30.50  sec  3.02 MBytes  50.6 Mbits/sec  0.115 ms  21832/24093 (91%)  
[2024-05-27 16:16:38.694282] [  5]  30.50-31.00  sec  3.23 MBytes  54.3 Mbits/sec  0.077 ms  21386/23808 (90%)  
[2024-05-27 16:16:38.694457] [  5]  31.00-31.50  sec  2.82 MBytes  47.4 Mbits/sec  0.121 ms  19973/22087 (90%)  
[2024-05-27 16:16:38.694554] [  5]  31.50-32.00  sec  3.49 MBytes  58.5 Mbits/sec  0.537 ms  33759/36370 (93%)  
[2024-05-27 16:16:38.694791] [  5]  32.00-32.50  sec  2.25 MBytes  37.7 Mbits/sec  0.347 ms  14080/15763 (89%)  
[2024-05-27 16:16:38.695055] [  5]  32.50-33.00  sec  2.71 MBytes  45.4 Mbits/sec  0.213 ms  17886/19912 (90%)  
[2024-05-27 16:16:38.695236] [  5]  33.00-33.50  sec  3.15 MBytes  52.8 Mbits/sec  0.207 ms  17971/20329 (88%)  
[2024-05-27 16:16:38.695337] [  5]  33.50-34.00  sec  2.92 MBytes  49.1 Mbits/sec  0.190 ms  17760/19950 (89%)  
[2024-05-27 16:16:38.695614] [  5]  34.00-34.50  sec  2.88 MBytes  48.3 Mbits/sec  0.144 ms  17913/20069 (89%)  
[2024-05-27 16:16:38.696059] [  5]  34.50-35.00  sec  2.52 MBytes  42.2 Mbits/sec  0.190 ms  20736/22620 (92%)  
[2024-05-27 16:16:38.696228] [  5]  35.00-35.50  sec  1.72 MBytes  28.8 Mbits/sec  0.176 ms  20399/21687 (94%)  
[2024-05-27 16:16:38.696331] [  5]  35.50-36.00  sec  2.39 MBytes  40.1 Mbits/sec  0.221 ms  13304/15096 (88%)  
[2024-05-27 16:16:38.696429] [  5]  36.00-36.50  sec  2.19 MBytes  36.8 Mbits/sec  1.320 ms  17238/18881 (91%)  
[2024-05-27 16:16:38.696547] [  5]  36.50-37.00  sec  1.77 MBytes  29.6 Mbits/sec  0.249 ms  8033/9356 (86%)  
[2024-05-27 16:16:38.696686] [  5]  37.00-37.50  sec  1.67 MBytes  28.0 Mbits/sec  0.293 ms  9649/10901 (89%)  
[2024-05-27 16:16:38.696786] [  5]  37.50-38.00  sec  1.47 MBytes  24.7 Mbits/sec  0.485 ms  10370/11471 (90%)  
[2024-05-27 16:16:38.696885] [  5]  38.00-38.50  sec  1.07 MBytes  18.0 Mbits/sec  0.480 ms  6339/7144 (89%)  
[2024-05-27 16:16:38.696983] [  5]  38.50-39.00  sec  1.19 MBytes  20.0 Mbits/sec  1.819 ms  7555/8448 (89%)  
[2024-05-27 16:16:38.697080] [  5]  39.00-39.50  sec  1.25 MBytes  21.0 Mbits/sec  0.317 ms  6030/6968 (87%)  
[2024-05-27 16:16:38.697180] [  5]  39.50-40.00  sec  1.07 MBytes  18.0 Mbits/sec  0.772 ms  11139/11944 (93%)  
[2024-05-27 16:16:38.697279] [  5]  40.00-40.50  sec   880 KBytes  14.4 Mbits/sec  2.105 ms  5880/6524 (90%)  
[2024-05-27 16:16:38.697377] [  5]  40.50-41.00  sec   796 KBytes  13.0 Mbits/sec  0.952 ms  4246/4828 (88%)  
[2024-05-27 16:16:38.697474] [  5]  41.00-41.50  sec   712 KBytes  11.7 Mbits/sec  0.734 ms  6211/6732 (92%)  
[2024-05-27 16:16:38.697572] [  5]  41.50-42.00  sec   584 KBytes  9.56 Mbits/sec  1.344 ms  3991/4418 (90%)  
[2024-05-27 16:16:38.697669] [  5]  42.00-42.50  sec   238 KBytes  3.90 Mbits/sec  2.298 ms  1994/2168 (92%)  
[2024-05-27 16:16:38.697767] [  5]  42.50-43.00  sec   319 KBytes  5.22 Mbits/sec  0.230 ms  2027/2260 (90%)  
[2024-05-27 16:16:38.697864] [  5]  43.00-43.50  sec  0.00 Bytes  0.00 bits/sec  0.230 ms  0/0 (0%)  
[2024-05-27 16:16:38.697960] [  5]  43.50-44.00  sec  4.44 MBytes  74.7 Mbits/sec  0.136 ms  460304/463630 (99%)  
[2024-05-27 16:16:38.698058] [  5]  44.00-44.50  sec  2.88 MBytes  48.2 Mbits/sec  0.067 ms  4629/6783 (68%)  
[2024-05-27 16:16:38.698154] [  5]  44.50-45.00  sec  3.18 MBytes  53.3 Mbits/sec  0.059 ms  5228/7609 (69%)  
[2024-05-27 16:16:38.698262] [  5]  45.00-45.50  sec  2.36 MBytes  39.6 Mbits/sec  0.596 ms  3687/5454 (68%)  
[2024-05-27 16:16:38.698362] [  5]  45.50-46.00  sec  1.83 MBytes  30.7 Mbits/sec  0.914 ms  2869/4239 (68%)  
[2024-05-27 16:16:38.698461] [  5]  46.00-46.50  sec  1.44 MBytes  24.2 Mbits/sec  0.456 ms  2270/3351 (68%)  
[2024-05-27 16:16:38.698559] [  5]  46.50-47.00  sec  2.34 MBytes  39.3 Mbits/sec  0.462 ms  3611/5367 (67%)  
[2024-05-27 16:16:38.698658] [  5]  47.00-47.50  sec  2.95 MBytes  49.6 Mbits/sec  0.258 ms  4707/6920 (68%)  
[2024-05-27 16:16:38.698756] [  5]  47.50-48.00  sec  3.08 MBytes  51.7 Mbits/sec  0.123 ms  5007/7317 (68%)  
[2024-05-27 16:17:03.192347] [  5]  48.00-48.50  sec  3.29 MBytes  55.2 Mbits/sec  0.447 ms  4982/7445 (67%)  
[2024-05-27 16:17:03.192740] [  5]  48.50-49.00  sec  3.02 MBytes  50.6 Mbits/sec  0.245 ms  4616/6877 (67%)  
[2024-05-27 16:17:03.192883] [  5]  49.00-49.50  sec  2.58 MBytes  43.3 Mbits/sec  0.487 ms  3962/5894 (67%)  
[2024-05-27 16:17:03.192997] [  5]  49.50-50.00  sec  3.12 MBytes  52.3 Mbits/sec  0.791 ms  4765/7100 (67%)  
[2024-05-27 16:17:03.193101] [  5]  50.00-50.50  sec  1.94 MBytes  32.6 Mbits/sec  0.130 ms  2921/4377 (67%)  
[2024-05-27 16:17:03.193201] [  5]  50.50-51.00  sec  1.92 MBytes  32.1 Mbits/sec  0.113 ms  3174/4609 (69%)  
[2024-05-27 16:17:03.193307] [  5]  51.00-51.50  sec  1.86 MBytes  31.3 Mbits/sec  0.278 ms  3061/4457 (69%)  
[2024-05-27 16:17:03.193406] [  5]  51.50-52.00  sec  3.33 MBytes  55.9 Mbits/sec  1.393 ms  23661/26158 (90%)  
[2024-05-27 16:17:03.193504] [  5]  52.00-52.50  sec  2.61 MBytes  43.8 Mbits/sec  0.323 ms  33890/35847 (95%)  
[2024-05-27 16:17:03.193602] [  5]  52.50-53.00  sec  1.84 MBytes  30.9 Mbits/sec  0.370 ms  14694/16074 (91%)  
[2024-05-27 16:17:03.193700] [  5]  53.00-53.50  sec  2.94 MBytes  49.4 Mbits/sec  0.095 ms  24527/26731 (92%)  
[2024-05-27 16:17:03.193834] [  5]  53.50-54.00  sec  3.24 MBytes  54.3 Mbits/sec  0.374 ms  21782/24205 (90%)  
[2024-05-27 16:17:03.193935] [  5]  54.00-54.50  sec  2.04 MBytes  34.2 Mbits/sec  0.277 ms  10036/11563 (87%)  
[2024-05-27 16:17:03.194035] [  5]  54.50-55.00  sec  1.98 MBytes  33.2 Mbits/sec  0.692 ms  14137/15621 (90%)  
[2024-05-27 16:17:03.194133] [  5]  55.00-55.50  sec  1.90 MBytes  31.9 Mbits/sec  0.346 ms  14156/15581 (91%)  
[2024-05-27 16:17:03.194228] [  5]  55.50-56.00  sec  2.18 MBytes  36.6 Mbits/sec  0.143 ms  16101/17736 (91%)  
[2024-05-27 16:17:03.194325] [  5]  56.00-56.50  sec  2.49 MBytes  41.7 Mbits/sec  1.775 ms  20040/21902 (91%)  
[2024-05-27 16:17:03.194424] [  5]  56.50-57.00  sec  2.93 MBytes  49.2 Mbits/sec  0.965 ms  31206/33400 (93%)  
[2024-05-27 16:17:03.194522] [  5]  57.00-57.50  sec  2.48 MBytes  41.6 Mbits/sec  0.113 ms  26532/28389 (93%)  
[2024-05-27 16:17:03.194620] [  5]  57.50-58.00  sec  2.57 MBytes  43.1 Mbits/sec  1.365 ms  20126/22052 (91%)  
[2024-05-27 16:17:03.194716] [  5]  58.00-58.50  sec  2.49 MBytes  41.8 Mbits/sec  0.456 ms  14026/15894 (88%)  
[2024-05-27 16:17:03.194811] [  5]  58.50-59.00  sec  3.14 MBytes  52.7 Mbits/sec  0.141 ms  37458/39811 (94%)  
[2024-05-27 16:17:03.194908] [  5]  59.00-59.50  sec  2.86 MBytes  47.9 Mbits/sec  0.404 ms  17987/20127 (89%)  
[2024-05-27 16:17:03.195004] [  5]  59.50-60.00  sec  2.65 MBytes  44.5 Mbits/sec  0.206 ms  9616/11604 (83%)  
[2024-05-27 16:17:03.195102] [  5]  60.00-60.50  sec  3.07 MBytes  51.5 Mbits/sec  0.246 ms  28614/30912 (93%)  
[2024-05-27 16:17:03.195198] [  5]  60.50-61.00  sec  1.95 MBytes  32.7 Mbits/sec  0.386 ms  20593/22055 (93%)  
[2024-05-27 16:17:03.195296] [  5]  61.00-61.50  sec  1.84 MBytes  30.9 Mbits/sec  0.165 ms  22501/23880 (94%)  
[2024-05-27 16:17:03.195393] [  5]  61.50-62.00  sec  2.21 MBytes  37.0 Mbits/sec  0.104 ms  18849/20502 (92%)  
[2024-05-27 16:17:03.195491] [  5]  62.00-62.50  sec  2.18 MBytes  36.6 Mbits/sec  0.343 ms  15144/16777 (90%)  
[2024-05-27 16:17:03.195588] [  5]  62.50-63.00  sec  1.96 MBytes  32.8 Mbits/sec  1.666 ms  14030/15495 (91%)  
[2024-05-27 16:17:03.195810] [  5]  63.00-63.50  sec  2.20 MBytes  36.9 Mbits/sec  0.198 ms  14580/16229 (90%)  
[2024-05-27 16:17:03.195922] [  5]  63.50-64.00  sec  3.28 MBytes  54.9 Mbits/sec  0.238 ms  26357/28810 (91%)  
[2024-05-27 16:17:03.196021] [  5]  64.00-64.50  sec  3.66 MBytes  61.4 Mbits/sec  0.253 ms  26261/29002 (91%)  
[2024-05-27 16:17:03.196121] [  5]  64.50-65.00  sec  2.41 MBytes  40.4 Mbits/sec  0.337 ms  16169/17974 (90%)  
[2024-05-27 16:17:03.196217] [  5]  65.00-65.50  sec  1.79 MBytes  29.9 Mbits/sec  0.155 ms  11782/13119 (90%)  
[2024-05-27 16:17:03.196318] [  5]  65.50-66.00  sec  2.15 MBytes  36.1 Mbits/sec  1.981 ms  15981/17593 (91%)  
[2024-05-27 16:17:03.196415] [  5]  66.00-66.50  sec  1.66 MBytes  27.9 Mbits/sec  0.476 ms  12238/13483 (91%)  
[2024-05-27 16:17:03.196513] [  5]  66.50-67.00  sec  2.39 MBytes  40.1 Mbits/sec  0.499 ms  16196/17984 (90%)  
[2024-05-27 16:17:03.196610] [  5]  67.00-67.50  sec  2.69 MBytes  45.1 Mbits/sec  0.344 ms  18271/20284 (90%)  
[2024-05-27 16:17:03.196705] [  5]  67.50-68.00  sec  2.51 MBytes  42.1 Mbits/sec  0.306 ms  27067/28946 (94%)  
[2024-05-27 16:17:03.196802] [  5]  68.00-68.50  sec  2.52 MBytes  42.3 Mbits/sec  0.408 ms  27105/28993 (93%)  
[2024-05-27 16:17:03.196898] [  5]  68.50-69.00  sec  2.32 MBytes  39.0 Mbits/sec  0.197 ms  20530/22270 (92%)  
[2024-05-27 16:17:03.196995] [  5]  69.00-69.50  sec  2.85 MBytes  47.9 Mbits/sec  1.689 ms  31121/33258 (94%)  
[2024-05-27 16:17:03.197094] [  5]  69.50-70.00  sec  1.83 MBytes  30.6 Mbits/sec  0.729 ms  16764/18131 (92%)  
[2024-05-27 16:17:03.197191] [  5]  70.00-70.50  sec  1.39 MBytes  23.2 Mbits/sec  0.694 ms  8019/9057 (89%)  
[2024-05-27 16:17:03.197287] [  5]  70.50-71.00  sec  1.83 MBytes  30.7 Mbits/sec  0.326 ms  11799/13169 (90%)  
[2024-05-27 16:17:03.197386] [  5]  71.00-71.50  sec  2.31 MBytes  38.8 Mbits/sec  0.958 ms  12074/13806 (87%)  
[2024-05-27 16:17:03.197503] [  5]  71.50-72.00  sec  1.56 MBytes  26.3 Mbits/sec  0.261 ms  7876/9048 (87%)  
[2024-05-27 16:17:03.197709] [  5]  72.00-72.50  sec  2.06 MBytes  34.6 Mbits/sec  0.164 ms  18098/19643 (92%)  
[2024-05-27 16:17:27.192206] [  5]  72.50-73.00  sec  1.96 MBytes  32.9 Mbits/sec  0.269 ms  23448/24918 (94%)  
[2024-05-27 16:17:27.192727] [  5]  73.00-73.50  sec  2.56 MBytes  43.0 Mbits/sec  0.221 ms  26683/28601 (93%)  
[2024-05-27 16:17:27.192877] [  5]  73.50-74.00  sec  2.56 MBytes  43.0 Mbits/sec  2.733 ms  27204/29123 (93%)  
[2024-05-27 16:17:27.192995] [  5]  74.00-74.50  sec  2.14 MBytes  35.9 Mbits/sec  1.002 ms  18211/19816 (92%)  
[2024-05-27 16:17:27.193106] [  5]  74.50-75.00  sec  1.77 MBytes  29.7 Mbits/sec  0.590 ms  12162/13487 (90%)  
[2024-05-27 16:17:27.193213] [  5]  75.00-75.50  sec  1.89 MBytes  31.6 Mbits/sec  0.199 ms  14485/15898 (91%)  
[2024-05-27 16:17:27.193319] [  5]  75.50-76.00  sec  2.07 MBytes  34.8 Mbits/sec  0.487 ms  16472/18025 (91%)  
[2024-05-27 16:17:27.193421] [  5]  76.00-76.50  sec  2.64 MBytes  44.2 Mbits/sec  2.098 ms  24585/26559 (93%)  
[2024-05-27 16:17:27.193525] [  5]  76.50-77.00  sec  2.22 MBytes  37.3 Mbits/sec  0.299 ms  13829/15495 (89%)  
[2024-05-27 16:17:27.193625] [  5]  77.00-77.50  sec  2.59 MBytes  43.5 Mbits/sec  0.265 ms  24756/26697 (93%)  
[2024-05-27 16:17:27.193728] [  5]  77.50-78.00  sec  2.69 MBytes  45.2 Mbits/sec  0.056 ms  36117/38135 (95%)  
[2024-05-27 16:17:27.193830] [  5]  78.00-78.50  sec  2.89 MBytes  48.5 Mbits/sec  0.169 ms  26985/29148 (93%)  
[2024-05-27 16:17:27.193931] [  5]  78.50-79.00  sec  2.51 MBytes  42.1 Mbits/sec  0.716 ms  35668/37547 (95%)  
[2024-05-27 16:17:27.194036] [  5]  79.00-79.50  sec  2.84 MBytes  47.7 Mbits/sec  0.836 ms  22594/24722 (91%)  
[2024-05-27 16:17:27.194140] [  5]  79.50-80.00  sec  2.68 MBytes  45.1 Mbits/sec  0.188 ms  27274/29285 (93%)  
[2024-05-27 16:17:27.194241] [  5]  80.00-80.50  sec  2.31 MBytes  38.8 Mbits/sec  0.812 ms  17907/19639 (91%)  
[2024-05-27 16:17:27.194341] [  5]  80.50-81.00  sec  1.98 MBytes  33.2 Mbits/sec  0.227 ms  16695/18176 (92%)  
[2024-05-27 16:17:27.194449] [  5]  81.00-81.50  sec  2.25 MBytes  37.7 Mbits/sec  0.329 ms  25027/26711 (94%)  
[2024-05-27 16:17:27.194552] [  5]  81.50-82.00  sec  2.37 MBytes  39.7 Mbits/sec  0.276 ms  27275/29048 (94%)  
[2024-05-27 16:17:27.194656] [  5]  82.00-82.50  sec  2.14 MBytes  35.9 Mbits/sec  0.638 ms  20848/22452 (93%)  
[2024-05-27 16:17:27.194757] [  5]  82.50-83.00  sec  2.40 MBytes  40.3 Mbits/sec  0.378 ms  18337/20135 (91%)  
[2024-05-27 16:17:27.194859] [  5]  83.00-83.50  sec  2.88 MBytes  48.3 Mbits/sec  0.139 ms  26641/28797 (93%)  
[2024-05-27 16:17:27.194961] [  5]  83.50-84.00  sec  3.10 MBytes  52.0 Mbits/sec  0.198 ms  24554/26875 (91%)  
[2024-05-27 16:17:27.195061] [  5]  84.00-84.50  sec  3.17 MBytes  53.1 Mbits/sec  0.257 ms  20381/22752 (90%)  
[2024-05-27 16:17:27.195161] [  5]  84.50-85.00  sec  2.96 MBytes  49.7 Mbits/sec  0.123 ms  24045/26265 (92%)  
[2024-05-27 16:17:27.195263] [  5]  85.00-85.50  sec  3.05 MBytes  51.2 Mbits/sec  0.240 ms  21867/24155 (91%)  
[2024-05-27 16:17:27.195363] [  5]  85.50-86.00  sec  3.23 MBytes  54.2 Mbits/sec  0.443 ms  26420/28839 (92%)  
[2024-05-27 16:17:27.195462] [  5]  86.00-86.50  sec  2.79 MBytes  46.8 Mbits/sec  0.391 ms  31382/33473 (94%)  
[2024-05-27 16:17:27.195569] [  5]  86.50-87.00  sec  3.40 MBytes  57.0 Mbits/sec  0.144 ms  31120/33667 (92%)  
[2024-05-27 16:17:27.195784] [  5]  87.00-87.50  sec  3.54 MBytes  59.3 Mbits/sec  0.151 ms  33072/35721 (93%)  
[2024-05-27 16:17:27.195990] [  5]  87.50-88.00  sec  3.31 MBytes  55.5 Mbits/sec  0.539 ms  28632/31109 (92%)  
[2024-05-27 16:17:27.196098] [  5]  88.00-88.50  sec  3.56 MBytes  59.7 Mbits/sec  0.249 ms  24339/27003 (90%)  
[2024-05-27 16:17:27.196202] [  5]  88.50-89.00  sec  3.07 MBytes  51.5 Mbits/sec  0.173 ms  19815/22113 (90%)  
[2024-05-27 16:17:27.196314] [  5]  89.00-89.50  sec  2.44 MBytes  41.0 Mbits/sec  0.422 ms  15928/17759 (90%)  
[2024-05-27 16:17:27.196412] [  5]  89.50-90.00  sec  1.81 MBytes  30.4 Mbits/sec  0.366 ms  12226/13585 (90%)  
[2024-05-27 16:17:27.196554] [  5]  90.00-90.50  sec  1.84 MBytes  30.8 Mbits/sec  0.454 ms  11829/13205 (90%)  
[2024-05-27 16:17:27.196657] [  5]  90.50-91.00  sec  2.16 MBytes  36.2 Mbits/sec  0.168 ms  14546/16162 (90%)  
[2024-05-27 16:17:27.196758] [  5]  91.00-91.50  sec  2.27 MBytes  38.1 Mbits/sec  0.226 ms  14411/16111 (89%)  
[2024-05-27 16:17:27.196856] [  5]  91.50-92.00  sec  2.39 MBytes  40.0 Mbits/sec  0.386 ms  16356/18143 (90%)  
[2024-05-27 16:17:27.196953] [  5]  92.00-92.50  sec  1.95 MBytes  32.7 Mbits/sec  0.386 ms  9454/10916 (87%)  
[2024-05-27 16:17:27.197049] [  5]  92.50-93.00  sec  2.23 MBytes  37.4 Mbits/sec  0.380 ms  11686/13355 (88%)  
[2024-05-27 16:17:27.197148] [  5]  93.00-93.50  sec  1.96 MBytes  32.9 Mbits/sec  0.232 ms  12241/13709 (89%)  
[2024-05-27 16:17:27.197245] [  5]  93.50-94.00  sec  1.99 MBytes  33.4 Mbits/sec  0.475 ms  11958/13450 (89%)  
[2024-05-27 16:17:27.197343] [  5]  94.00-94.50  sec  1.17 MBytes  19.7 Mbits/sec  0.120 ms  5759/6637 (87%)  
[2024-05-27 16:17:27.197443] [  5]  94.50-95.00  sec  1.96 MBytes  32.9 Mbits/sec  0.455 ms  11912/13381 (89%)  
[2024-05-27 16:17:27.197543] [  5]  95.00-95.50  sec  1.67 MBytes  28.1 Mbits/sec  0.314 ms  9831/11084 (89%)  
[2024-05-27 16:17:27.197641] [  5]  95.50-96.00  sec  1.10 MBytes  18.4 Mbits/sec  0.614 ms  7747/8568 (90%)  
[2024-05-27 16:17:27.197741] [  5]  96.00-96.50  sec  1.93 MBytes  32.3 Mbits/sec  0.770 ms  12344/13787 (90%)  
[2024-05-27 16:17:56.878924] [  5]  96.50-97.00  sec  1.84 MBytes  30.9 Mbits/sec  0.322 ms  11841/13221 (90%)  
[2024-05-27 16:17:56.879319] [  5]  97.00-97.50  sec  1.76 MBytes  29.5 Mbits/sec  0.328 ms  14116/15432 (91%)  
[2024-05-27 16:17:56.879419] [  5]  97.50-98.00  sec  1.70 MBytes  28.6 Mbits/sec  0.261 ms  14499/15774 (92%)  
[2024-05-27 16:17:56.879618] [  5]  98.00-98.50  sec  1.73 MBytes  29.0 Mbits/sec  0.303 ms  20937/22231 (94%)  
[2024-05-27 16:17:56.879804] [  5]  98.50-99.00  sec  1.57 MBytes  26.3 Mbits/sec  0.363 ms  16898/18074 (93%)  
[2024-05-27 16:17:56.879884] [  5]  99.00-99.50  sec  1.53 MBytes  25.6 Mbits/sec  1.108 ms  16349/17493 (93%)  
[2024-05-27 16:17:56.879954] [  5]  99.50-100.00 sec  1.37 MBytes  23.0 Mbits/sec  1.006 ms  12378/13405 (92%)  
[2024-05-27 16:17:56.880235] [  5] 100.00-100.50 sec  1.05 MBytes  17.7 Mbits/sec  0.911 ms  8584/9374 (92%)  
[2024-05-27 16:17:56.880458] [  5] 100.50-101.00 sec  1.49 MBytes  25.1 Mbits/sec  0.758 ms  14213/15332 (93%)  
[2024-05-27 16:17:56.880787] [  5] 101.00-101.50 sec  1.40 MBytes  23.6 Mbits/sec  8.003 ms  12111/13163 (92%)  
[2024-05-27 16:17:56.881014] [  5] 101.50-102.00 sec  2.42 MBytes  40.7 Mbits/sec  0.692 ms  27551/29366 (94%)  
[2024-05-27 16:17:56.881345] [  5] 102.00-102.50 sec  2.22 MBytes  37.3 Mbits/sec  0.284 ms  22665/24331 (93%)  
[2024-05-27 16:17:56.881412] [  5] 102.50-103.00 sec  1.22 MBytes  20.5 Mbits/sec  0.161 ms  17027/17940 (95%)  
[2024-05-27 16:17:56.881482] [  5] 103.00-103.50 sec  2.27 MBytes  38.1 Mbits/sec  0.793 ms  24962/26661 (94%)  
[2024-05-27 16:17:56.881550] [  5] 103.50-104.00 sec  1.97 MBytes  33.1 Mbits/sec  0.469 ms  29366/30845 (95%)  
[2024-05-27 16:17:56.881615] [  5] 104.00-104.50 sec  2.13 MBytes  35.7 Mbits/sec  1.167 ms  26001/27594 (94%)  
[2024-05-27 16:17:56.881682] [  5] 104.50-105.00 sec  1.55 MBytes  26.0 Mbits/sec  0.215 ms  26465/27624 (96%)  
[2024-05-27 16:17:56.881749] [  5] 105.00-105.50 sec  1.73 MBytes  29.1 Mbits/sec  0.362 ms  14239/15536 (92%)  
[2024-05-27 16:17:56.881814] [  5] 105.50-106.00 sec  2.15 MBytes  36.0 Mbits/sec  0.380 ms  25084/26691 (94%)  
[2024-05-27 16:17:56.881887] [  5] 106.00-106.50 sec  2.67 MBytes  44.8 Mbits/sec  0.268 ms  33990/35991 (94%)  
[2024-05-27 16:17:56.881958] [  5] 106.50-107.00 sec  2.14 MBytes  35.9 Mbits/sec  0.325 ms  29369/30973 (95%)  
[2024-05-27 16:17:56.882021] [  5] 107.00-107.50 sec  2.36 MBytes  39.5 Mbits/sec  0.249 ms  31602/33366 (95%)  
[2024-05-27 16:17:56.882078] [  5] 107.50-108.00 sec  2.30 MBytes  38.6 Mbits/sec  1.635 ms  38362/40083 (96%)  
[2024-05-27 16:17:56.882166] [  5] 108.00-108.50 sec  1.89 MBytes  31.6 Mbits/sec  0.196 ms  29970/31382 (96%)  
[2024-05-27 16:17:56.882227] [  5] 108.50-109.00 sec  2.17 MBytes  36.4 Mbits/sec  0.138 ms  26410/28036 (94%)  
[2024-05-27 16:17:56.882285] [  5] 109.00-109.50 sec  1.86 MBytes  31.2 Mbits/sec  1.442 ms  15109/16504 (92%)  
[2024-05-27 16:17:56.882342] [  5] 109.50-110.00 sec  1.34 MBytes  22.5 Mbits/sec  0.427 ms  10570/11573 (91%)  
[2024-05-27 16:17:56.882398] [  5] 110.00-110.50 sec  1.70 MBytes  28.6 Mbits/sec  1.375 ms  29581/30856 (96%)  
[2024-05-27 16:17:56.882453] [  5] 110.50-111.00 sec  1.81 MBytes  30.4 Mbits/sec  0.600 ms  9807/11163 (88%)  
[2024-05-27 16:17:56.882509] [  5] 111.00-111.50 sec  2.31 MBytes  38.8 Mbits/sec  0.090 ms  23400/25133 (93%)  
[2024-05-27 16:17:56.882563] [  5] 111.50-112.00 sec  1.64 MBytes  27.5 Mbits/sec  0.809 ms  18722/19950 (94%)  
[2024-05-27 16:17:56.882617] [  5] 112.00-112.50 sec  1.45 MBytes  24.4 Mbits/sec  0.249 ms  12570/13659 (92%)  
[2024-05-27 16:17:56.882670] [  5] 112.50-113.00 sec  2.49 MBytes  41.7 Mbits/sec  0.183 ms  33728/35592 (95%)  
[2024-05-27 16:17:56.882724] [  5] 113.00-113.50 sec  2.76 MBytes  46.4 Mbits/sec  1.465 ms  29365/31434 (93%)  
[2024-05-27 16:17:56.882779] [  5] 113.50-114.00 sec  2.83 MBytes  47.4 Mbits/sec  0.224 ms  20413/22529 (91%)  
[2024-05-27 16:17:56.882833] [  5] 114.00-114.50 sec  2.15 MBytes  36.0 Mbits/sec  2.389 ms  18699/20306 (92%)  
[2024-05-27 16:17:56.882887] [  5] 114.50-115.00 sec  1.85 MBytes  31.0 Mbits/sec  0.254 ms  16229/17613 (92%)  
[2024-05-27 16:17:56.883020] [  5] 115.00-115.50 sec  2.23 MBytes  37.5 Mbits/sec  0.145 ms  19042/20714 (92%)  
[2024-05-27 16:17:56.883073] [  5] 115.50-116.00 sec  2.71 MBytes  45.5 Mbits/sec  0.347 ms  30816/32845 (94%)  
[2024-05-27 16:17:56.883130] [  5] 116.00-116.50 sec  2.88 MBytes  48.3 Mbits/sec  0.544 ms  27253/29411 (93%)  
[2024-05-27 16:17:56.883271] [  5] 116.50-117.00 sec  3.58 MBytes  60.1 Mbits/sec  0.074 ms  48088/50769 (95%)  
[2024-05-27 16:17:56.883441] [  5] 117.00-117.50 sec  3.05 MBytes  51.2 Mbits/sec  0.169 ms  38270/40554 (94%)  
[2024-05-27 16:17:56.883604] [  5] 117.50-118.00 sec  2.26 MBytes  37.9 Mbits/sec  2.169 ms  15866/17558 (90%)  
[2024-05-27 16:17:56.883740] [  5] 118.00-118.50 sec  2.83 MBytes  47.5 Mbits/sec  0.436 ms  36005/38126 (94%)  
[2024-05-27 16:17:56.883878] [  5] 118.50-119.00 sec  2.95 MBytes  49.6 Mbits/sec  0.296 ms  23780/25992 (91%)  
[2024-05-27 16:17:56.883933] [  5] 119.00-119.50 sec  2.82 MBytes  47.4 Mbits/sec  0.266 ms  20287/22402 (91%)  
[2024-05-27 16:17:56.883986] [  5] 119.50-120.00 sec  2.76 MBytes  46.3 Mbits/sec  0.132 ms  22272/24341 (91%)  
[2024-05-27 16:17:56.884039] - - - - - - - - - - - - - - - - - - - - - - - - -
[2024-05-27 16:17:56.884092] [ ID] Interval           Transfer     Bitrate         Jitter    Lost/Total Datagrams
[2024-05-27 16:17:56.884149] [  5]   0.00-126.13 sec  7.34 GBytes   500 Mbits/sec  0.000 ms  0/5630820 (0%)  sender
[2024-05-27 16:17:56.884202] [SUM]  0.0-126.1 sec  4121 datagrams received out-of-order
[2024-05-27 16:17:56.884257] [  5]   0.00-120.00 sec   492 MBytes  34.4 Mbits/sec  0.132 ms  4997409/5365787 (93%)  receiver
[2024-05-27 16:17:56.884312] 
[2024-05-27 16:17:56.884367] iperf Done.
End time: 1716841076909
