Start time: 1716924486327
{
  "id": "0",
  "status": null,
  "apiVersion": "17",
  "dishGetHistory": {
    "current": "5662",
    "popPingDropRate": [
      0,
      0,
      0,
      0,
      0,
      0.14285715,
      0.2,
      0.3125,
      0.2,
      0.06666667,
      0.06666667,
      0.13333334,
      0.2,
      0.071428575,
      0,
      0.06666667,
      0.13333334,
      0.06666667,
      0,
      0,
      0,
      0,
      0,
      0,
      0,
      0,
      0,
      0,
      0,
      0,
      0,
      0.071428575,
      0.06666667,
      0,
      0,
      0,
      0,
      0,
      0,
      0,
      0,
      0,
      0,
      0,
      0,
      0,
      0,
      0,
      0,
      0,
      0,
      0,
      0,
      0,
      0,
      0,
      0,
      0,
      0,
      0,
      0.06666667,
      0.06666667,
      0,
      0,
      0,
      0,
      0.06666667,
      0.071428575,
      0.071428575,
      0,
      0,
      0,
      0,
      0,
      0,
      0,
      0.06666667,
      0.14285715,
      0.21428572,
      0.2,
      0,
      0,
      0,
      0,
      0,
      0,
      0,
      0.13333334,
      0.25,
      0.3125,
      0.26666668,
      0,
      0.071428575,
      0.13333334,
      0.1875,
      0.3125,
      0.2,
      0.26666668,
      0.4,
      0.375,
      0.4117647,
      0.33333334,
      0.26666668,
      0.1875,
      0.25,
      0.35714287,
      0.6,
      0.46666667,
      0,
      0.13333334,
      0.4,
      0.46666667,
      0.5625,
      0.6,
      0.14285715,
      0,
      0,
      0,
      0,
      0,
      0,
      0.25,
      0.5,
      0.33333334,
      0,
      0,
      0,
      0,
      0,
      0.06666667,
      0.06666667,
      0,
      0,
      0,
      0,
      0,
      0.2,
      0.3125,
      0.25,
      0.4375,
      0.375,
      0.375,
      0.5294118,
      0.3125,
      0.071428575,
      0.071428575,
      0,
      0,
      0,
      0.06666667,
      0.2,
      0.33333334,
      0.3125,
      0.1875,
      0.0625,
      0.125,
      0.125,
      0.1875,
      0.3125,
      0.3125,
      0.33333334,
      0.2,
      0.071428575,
      0.13333334,
      0.25,
      0.1875,
      0.25,
      0.4117647,
      0.5882353,
      0.5625,
      0.47058824,
      0.5,
      0.2857143,
      0.06666667,
      0,
      0,
      0,
      0,
      0,
      0,
      0,
      0.25,
      0.4,
      0.25,
      0,
      0,
      0,
      0,
      0.06666667,
      0.071428575,
      0,
      0,
      0,
      0,
      0,
      0,
      0.13333334,
      0.3125,
      0.33333334,
      0.26666668,
      0.8235294,
      1,
      1,
      1,
      0.5625,
      0.071428575,
      0,
      0,
      0,
      0.13333334,
      0.125,
      0,
      0,
      0,
      0,
      0,
      0,
      0,
      0,
      0,
      0,
      0,
      0,
      0,
      0,
      0.125,
      0.375,
      0.4375,
      0.4,
      0.3125,
      0.25,
      0.1875,
      0.4117647,
      0.4375,
      0.2,
      0.13333334,
      0.13333334,
      0.125,
      0,
      0.0625,
      0.25,
      0.1875,
      0,
      0,
      0,
      0,
      0,
      0,
      0,
      0,
      0,
      0,
      0,
      0,
      0,
      0,
      0,
      0,
      0,
      0,
      0,
      0,
      0,
      0,
      0,
      0,
      0,
      0,
      0.125,
      0.13333334,
      0,
      0.2,
      0.2,
      0,
      0,
      0,
      0,
      0,
      0,
      0,
      0,
      0,
      0,
      0,
      0,
      0,
      0.071428575,
      0.06666667,
      0,
      0,
      0,
      0,
      0,
      0,
      0,
      0,
      0,
      0,
      0,
      0,
      0,
      0,
      0,
      0,
      0,
      0,
      0,
      0,
      0,
      0,
      0,
      0,
      0,
      0,
      0,
      0,
      0,
      0,
      0,
      0,
      0,
      0,
      0,
      0,
      0,
      0,
      0,
      0,
      0,
      0,
      0,
      0,
      0,
      0,
      0,
      0,
      0,
      0,
      0,
      0,
      0,
      0,
      0,
      0,
      0,
      0,
      0.06666667,
      0.06666667,
      0,
      0,
      0,
      0,
      0,
      0,
      0,
      0,
      0,
      0,
      0,
      0,
      0,
      0.071428575,
      0.06666667,
      0,
      0,
      0,
      0,
      0,
      0,
      0,
      0,
      0,
      0,
      0,
      0,
      0,
      0,
      0,
      0,
      0,
      0,
      0,
      0,
      0,
      0,
      0,
      0,
      0,
      0,
      0,
      0,
      0.06666667,
      0.0625,
      0,
      0,
      0,
      0,
      0,
      0,
      0,
      0,
      0,
      0,
      0,
      0,
      0,
      0.071428575,
      0.071428575,
      0.071428575,
      0.071428575,
      0,
      0,
      0,
      0,
      0,
      0.06666667,
      0.06666667,
      0,
      0,
      0,
      0,
      0,
      0,
      0,
      0,
      0,
      0,
      0,
      0,
      0,
      0,
      0,
      0,
      0,
      0,
      0,
      0,
      0,
      0,
      0,
      0,
      0,
      0,
      0,
      0,
      0,
      0,
      0,
      0,
      0,
      0,
      0.1875,
      0.1875,
      0.06666667,
      0,
      0,
      0,
      0,
      0,
      0,
      0,
      0,
      0,
      0,
      0,
      0,
      0.0625,
      0.0625,
      0,
      0,
      0.06666667,
      0.06666667,
      0,
      0,
      0,
      0,
      0,
      0,
      0,
      0,
      0,
      0,
      0,
      0,
      0,
      0,
      0,
      0,
      0,
      0,
      0,
      0,
      0,
      0,
      0,
      0,
      0,
      0,
      0,
      0,
      0,
      0,
      0.125,
      0.125,
      0,
      0,
      0,
      0,
      0,
      0,
      0,
      0,
      0,
      0,
      0,
      0,
      0,
      0,
      0,
      0,
      0,
      0,
      0,
      0,
      0,
      0,
      0,
      0,
      0,
      0,
      0,
      0,
      0,
      0,
      0,
      0,
      0,
      0,
      0,
      0,
      0,
      0,
      0,
      0,
      0,
      0,
      0,
      0,
      0,
      0,
      0,
      0,
      0,
      0,
      0,
      0,
      0,
      0,
      0,
      0,
      0,
      0,
      0,
      0,
      0,
      0,
      0,
      0,
      0,
      0,
      0,
      0,
      0,
      0,
      0,
      0,
      0,
      0,
      0,
      0,
      0,
      0,
      0,
      0,
      0,
      0,
      0,
      0,
      0,
      0,
      0,
      0,
      0,
      0,
      0,
      0,
      0,
      0,
      0,
      0,
      0,
      0,
      0,
      0,
      0,
      0,
      0,
      0,
      0,
      0,
      0,
      0,
      0,
      0,
      0,
      0,
      0,
      0,
      0,
      0,
      0,
      0,
      0,
      0,
      0,
      0,
      0,
      0,
      0,
      0,
      0,
      0,
      0,
      0,
      0,
      0,
      0,
      0,
      0,
      0,
      0,
      0,
      0,
      0,
      0,
      0,
      0,
      0,
      0,
      0,
      0,
      0,
      0,
      0,
      0,
      0,
      0,
      0,
      0,
      0,
      0,
      0,
      0,
      0,
      0,
      0,
      0,
      0,
      0,
      0,
      0,
      0,
      0,
      0,
      0,
      0,
      0,
      0,
      0,
      0.1875,
      0.5625,
      0.625,
      0.13333334,
      0,
      0,
      0,
      0,
      0,
      0,
      0,
      0,
      0.14285715,
      0.13333334,
      0,
      0,
      0,
      0,
      0,
      0,
      0,
      0,
      0,
      0,
      0,
      0,
      0,
      0,
      0,
      0,
      0,
      0,
      0,
      0,
      0,
      0,
      0,
      0,
      0,
      0,
      0,
      0,
      0,
      0,
      0,
      0,
      0,
      0,
      0,
      0,
      0,
      0,
      0,
      0,
      0,
      0,
      0,
      0,
      0,
      0,
      0,
      0,
      0,
      0,
      0,
      0,
      0,
      0,
      0,
      0,
      0,
      0,
      0,
      0,
      0,
      0,
      0,
      0,
      0,
      0,
      0,
      0,
      0,
      0,
      0,
      0,
      0,
      0.071428575,
      0.06666667,
      0,
      0,
      0,
      0,
      0,
      0,
      0,
      0,
      0,
      0,
      0,
      0,
      0,
      0,
      0,
      0,
      0.2,
      0.2,
      0,
      0,
      0,
      0.06666667,
      0.06666667,
      0,
      0,
      0,
      0.06666667,
      0.06666667,
      0,
      0,
      0,
      0.13333334,
      0.14285715,
      0,
      0,
      0.06666667,
      0.0625,
      0,
      0,
      0.0625,
      0.0625,
      0,
      0.06666667,
      0.06666667,
      0,
      0,
      0,
      0,
      0.0625,
      0.0625,
      0,
      0,
      0,
      0,
      0.071428575,
      0.06666667,
      0,
      0,
      0,
      0,
      0,
      0,
      0,
      0,
      0,
      0,
      0,
      0,
      0,
      0,
      0,
      0,
      0.06666667,
      0.14285715,
      0.13333334,
      0,
      0,
      0,
      0,
      0,
      0,
      0,
      0,
      0,
      0,
      0,
      0,
      0,
      0.125,
      0.13333334,
      0,
      0.06666667,
      0.06666667,
      0.071428575,
      0.071428575,
      0,
      0,
      0,
      0.06666667,
      0.06666667,
      0,
      0,
      0,
      0,
      0,
      0,
      0.071428575,
      0.071428575,
      0,
      0,
      0,
      0.06666667,
      0,
      0,
      0,
      0.071428575,
      0.071428575,
      0,
      0.06666667,
      0.06666667,
      0.13333334,
      0.13333334,
      0.06666667,
      0.06666667,
      0.071428575,
      0.071428575,
      0.071428575,
      0,
      0,
      0,
      0,
      0
    ],
    "popPingLatencyMs": [
      35.113804,
      32.704666,
      32.158573,
      33.758858,
      35.29333,
      32.494385,
      34.356533,
      33.625538,
      33.58457,
      34.046078,
      33.61533,
      38.539078,
      38.21336,
      34.633602,
      44.37177,
      50.263714,
      46.52464,
      44.751465,
      40.54194,
      44.735847,
      47.17799,
      42.04507,
      40.574497,
      44.272644,
      44.315926,
      42.317425,
      42.78214,
      42.219505,
      40.766148,
      42.116,
      41.23028,
      38.059868,
      37.935066,
      39.044796,
      38.849667,
      38.9205,
      40.73307,
      39.416466,
      37.9728,
      39.415134,
      40.62107,
      41.696217,
      41.08857,
      39.1806,
      36.87493,
      32.658737,
      32.467667,
      34.290066,
      32.749,
      32.8058,
      31.124332,
      31.818436,
      32.27273,
      32.0056,
      34.29247,
      33.547665,
      32.442123,
      32.34175,
      39.3466,
      44.309,
      35.567135,
      33.60007,
      33.65907,
      31.093998,
      32.621403,
      33.92193,
      37.21216,
      35.939735,
      32.640747,
      32.512875,
      32.01981,
      31.963375,
      31.295624,
      32.600136,
      36.45457,
      40.916767,
      42.06682,
      46.81758,
      49.954,
      42.562668,
      38.994717,
      36.902805,
      33.3732,
      34.299267,
      33.64006,
      31.45346,
      31.800169,
      30.798817,
      28.295544,
      35.537308,
      37.92921,
      34.144215,
      36.428833,
      36.601402,
      31.089167,
      31.508537,
      32.5197,
      32.5412,
      30.8087,
      37.254898,
      36.604183,
      31.937077,
      32.493,
      33.66918,
      35.0815,
      48.137627,
      45.269215,
      41.46733,
      40.543,
      41.3239,
      39.97412,
      42.9525,
      38.50127,
      32.2236,
      33.348934,
      35.91431,
      33.601463,
      31.940466,
      37.75013,
      37.555305,
      35.589584,
      43.357704,
      45.280357,
      40.057217,
      40.392506,
      39.47507,
      37.133995,
      36.2965,
      35.92657,
      35.735935,
      36.684437,
      38.09527,
      38.9276,
      36.865536,
      38.938213,
      38.03554,
      33.76118,
      33.53573,
      30.3243,
      32.5177,
      32.93091,
      49.42845,
      46.808926,
      35.970387,
      39.71421,
      41.143574,
      38.369804,
      37.6925,
      36.527332,
      46.239914,
      41.35664,
      26.539858,
      27.855001,
      27.755066,
      29.539501,
      29.856459,
      27.107416,
      28.442001,
      29.711548,
      27.791082,
      30.186213,
      29.977312,
      29.060001,
      32.33346,
      32.2645,
      28.260834,
      26.214376,
      26.857004,
      29.98989,
      32.785275,
      46.0316,
      45.29753,
      36.4462,
      33.7616,
      36.10747,
      39.294865,
      35.023132,
      32.045868,
      34.7378,
      35.03214,
      41.852444,
      40.219334,
      33.659668,
      33.612133,
      36.045334,
      35.015247,
      34.42264,
      35.546715,
      34.228672,
      34.787,
      33.868565,
      34.747265,
      35.94533,
      33.538265,
      34.667645,
      34.534725,
      33.167416,
      37.076588,
      36.918335,
      36.918335,
      36.918335,
      53.358,
      73.40267,
      52.629234,
      33.8674,
      35.07,
      34.645287,
      32.668694,
      31.263788,
      30.908312,
      32.932434,
      33.002132,
      30.729397,
      29.982372,
      28.850185,
      28.354748,
      28.901123,
      27.318066,
      28.388866,
      31.518734,
      30.984873,
      30.041626,
      34.63575,
      37.037,
      33.94169,
      37.3635,
      34.98578,
      35.065727,
      33.191753,
      28.892536,
      27.277546,
      28.7487,
      31.228249,
      32.32354,
      30.929691,
      32.039356,
      31.224436,
      30.2624,
      30.625917,
      33.24369,
      33.626865,
      31.090199,
      30.87669,
      31.419264,
      30.509336,
      32.006733,
      32.80857,
      29.816998,
      32.310135,
      32.649357,
      29.188734,
      30.1588,
      33.996532,
      34.6852,
      31.844627,
      33.61667,
      32.897938,
      34.038933,
      34.790646,
      31.8012,
      34.66227,
      35.74214,
      28.117197,
      25.583712,
      26.012072,
      27.080252,
      26.557188,
      49.867924,
      58.218426,
      45.286163,
      38.53825,
      30.680733,
      30.655437,
      31.723186,
      29.36025,
      31.721199,
      32.859135,
      29.513401,
      29.422337,
      29.415998,
      31.020435,
      30.995934,
      31.286596,
      33.7552,
      34.19764,
      32.57643,
      28.438732,
      26.030376,
      26.289064,
      28.690784,
      26.792467,
      24.031866,
      27.175354,
      28.84,
      27.469797,
      27.17706,
      25.740686,
      27.094313,
      27.780931,
      28.9168,
      31.87253,
      32.866196,
      35.844,
      35.010357,
      31.3492,
      33.519466,
      34.437286,
      33.084213,
      34.437065,
      33.429604,
      31.477734,
      31.906532,
      35.1405,
      35.17757,
      34.60673,
      37.058712,
      36.740604,
      34.86627,
      35.5952,
      36.0825,
      35.268642,
      36.504143,
      35.579666,
      33.668285,
      35.987713,
      39.157642,
      37.00093,
      36.7984,
      39.409466,
      38.497665,
      38.64033,
      38.506256,
      37.821144,
      40.049995,
      39.56433,
      38.107403,
      37.842926,
      38.28043,
      38.654064,
      37.421875,
      37.61443,
      40.495644,
      41.012135,
      39.376,
      40.178074,
      36.961357,
      30.677332,
      30.273998,
      30.845198,
      30.054575,
      28.2274,
      29.479,
      28.717934,
      26.642786,
      28.075144,
      31.070187,
      30.361998,
      28.72325,
      29.597267,
      29.813692,
      33.43,
      33.151997,
      32.851665,
      32.837467,
      32.722733,
      32.268932,
      28.73873,
      29.315784,
      29.277533,
      27.341331,
      28.6132,
      31.626402,
      30.705801,
      31.016062,
      31.591436,
      31.802467,
      32.799065,
      33.303215,
      33.689213,
      31.533936,
      31.910534,
      33.5216,
      33.76113,
      33.73427,
      36.29,
      35.541733,
      35.91007,
      37.033463,
      37.01774,
      38.456,
      38.70914,
      36.38144,
      33.796734,
      32.563335,
      33.801537,
      33.443333,
      33.4222,
      32.624332,
      31.05947,
      31.00031,
      32.13631,
      33.761402,
      33.05556,
      35.224,
      37.175156,
      35.74223,
      33.64292,
      33.58093,
      35.160202,
      37.24987,
      38.915,
      36.597404,
      34.30187,
      34.671787,
      37.385216,
      39.188572,
      37.435284,
      37.1124,
      37.29907,
      40.691536,
      39.436184,
      34.1948,
      32.8774,
      32.975334,
      33.0344,
      33.084377,
      32.885437,
      34.79759,
      34.933586,
      34.27325,
      34.798824,
      34.49206,
      36.791252,
      35.11913,
      33.178867,
      34.153137,
      33.46213,
      34.06331,
      34.855297,
      34.31194,
      34.952312,
      34.801464,
      34.60169,
      34.80756,
      34.985195,
      33.981735,
      33.421932,
      33.80687,
      35.252438,
      37.922,
      50.797157,
      47.602222,
      34.531536,
      33.049877,
      33.55482,
      34.422863,
      34.480717,
      33.784935,
      34.435253,
      36.13669,
      34.89563,
      33.8844,
      35.6066,
      36.333244,
      41.071667,
      42.355404,
      37.38625,
      36.2538,
      38.202427,
      39.111286,
      37.294186,
      37.75875,
      39.492683,
      40.21444,
      39.396263,
      40.618534,
      42.16638,
      41.789253,
      40.130314,
      45.410248,
      45.051376,
      38.291813,
      39.63606,
      40.60719,
      40.25775,
      41.317688,
      42.207443,
      45.329876,
      45.810997,
      43.5025,
      40.652267,
      39.756332,
      42.167534,
      42.346535,
      46.715374,
      43.396057,
      37.612995,
      38.272377,
      37.165066,
      39.34223,
      38.342667,
      35.051266,
      32.79559,
      31.851374,
      33.305313,
      31.155111,
      31.32406,
      33.280876,
      32.596313,
      32.436058,
      32.886623,
      32.001,
      32.341064,
      31.914469,
      32.817642,
      31.136414,
      30.677813,
      31.223438,
      29.881119,
      33.56025,
      35.6594,
      34.35887,
      34.498123,
      31.509624,
      30.741812,
      32.33341,
      30.637436,
      28.041248,
      28.992065,
      32.386753,
      32.552765,
      32.06263,
      33.73733,
      31.670135,
      28.548134,
      28.881197,
      29.54906,
      28.778563,
      30.809351,
      37.75141,
      44.41456,
      38.81147,
      35.847645,
      47.579685,
      46.36894,
      34.58425,
      37.112503,
      40.808937,
      40.769627,
      37.61775,
      36.403503,
      39.2615,
      38.622,
      33.95129,
      40.778187,
      43.410248,
      37.746876,
      37.67319,
      36.008377,
      35.283752,
      36.671497,
      34.49194,
      34.015873,
      35.314533,
      35.2708,
      33.482872,
      36.287132,
      34.5595,
      33.373062,
      35.944145,
      34.24673,
      32.677864,
      29.963936,
      28.341866,
      29.766531,
      30.189198,
      30.280937,
      31.625856,
      31.108875,
      30.85059,
      30.86847,
      29.988749,
      30.25456,
      30.529438,
      34.056202,
      33.277687,
      33.0895,
      34.405376,
      31.565626,
      32.334312,
      32.595062,
      32.778336,
      32.62181,
      33.53356,
      34.134876,
      34.01077,
      32.099937,
      34.17413,
      38.317497,
      42.436184,
      39.399002,
      33.25556,
      32.140816,
      30.006624,
      28.846874,
      30.5376,
      30.80543,
      30.128801,
      32.078377,
      33.232117,
      32.257233,
      29.968761,
      30.289375,
      32.265064,
      36.387756,
      34.266186,
      28.974625,
      31.555199,
      33.307068,
      31.305134,
      29.629866,
      30.470215,
      30.922928,
      30.3332,
      31.170998,
      31.19193,
      30.021734,
      31.598856,
      32.753437,
      32.25206,
      35.257565,
      39.533604,
      38.29667,
      35.34667,
      33.62733,
      35.37288,
      37.516373,
      36.437813,
      36.642628,
      36.884373,
      33.83144,
      34.347748,
      37.140186,
      37.821934,
      37.382187,
      37.70694,
      35.153187,
      32.504597,
      33.11844,
      34.75012,
      36.009823,
      37.835175,
      36.343063,
      35.24725,
      35.236813,
      34.056503,
      34.153065,
      35.00762,
      37.489937,
      38.445,
      36.380234,
      33.888885,
      32.222496,
      31.389502,
      32.151688,
      35.323624,
      35.531063,
      35.954746,
      36.72594,
      32.745373,
      33.8697,
      34.51706,
      32.404564,
      33.96106,
      34.987686,
      31.826374,
      30.023813,
      37.361286,
      36.6906,
      53.030712,
      42.890926,
      29.359247,
      29.728373,
      30.61544,
      29.639124,
      29.778313,
      30.679466,
      29.177465,
      27.59131,
      26.68354,
      27.588615,
      27.278824,
      27.608763,
      27.605997,
      26.579815,
      26.541824,
      27.012064,
      27.261866,
      28.418875,
      27.54765,
      25.752707,
      26.113375,
      26.96256,
      26.000235,
      28.765266,
      32.71843,
      32.997135,
      33.233562,
      32.321877,
      31.486435,
      30.463564,
      30.089687,
      30.064331,
      32.403603,
      33.919666,
      31.386532,
      31.033627,
      32.767998,
      33.22836,
      30.670883,
      28.416622,
      26.465061,
      26.54781,
      26.542065,
      26.199001,
      25.996866,
      29.006264,
      28.764399,
      28.402266,
      28.655941,
      28.14888,
      30.120937,
      28.446373,
      29.424814,
      30.503496,
      31.0342,
      32.919872,
      30.873589,
      29.876648,
      30.558624,
      29.829401,
      31.551664,
      31.754734,
      30.352331,
      31.224802,
      30.835627,
      30.300438,
      32.75427,
      32.813732,
      34.586864,
      33.419598,
      26.816502,
      26.224249,
      28.927376,
      28.141378,
      25.855877,
      26.303598,
      26.521135,
      26.031334,
      25.501356,
      27.409536,
      29.146534,
      25.924,
      24.348934,
      27.742,
      30.647142,
      29.510376,
      29.115997,
      29.673376,
      31.069311,
      30.719126,
      31.839466,
      32.277428,
      31.448267,
      32.191868,
      31.368334,
      31.503931,
      32.815266,
      32.838,
      33.398933,
      33.113,
      30.6465,
      28.939613,
      30.141167,
      32.236866,
      31.01425,
      29.692001,
      30.591784,
      30.291714,
      29.72431,
      29.003628,
      28.965563,
      30.347641,
      31.52836,
      31.558,
      31.689001,
      33.408535,
      32.89731,
      30.478384,
      31.320358,
      29.730333,
      31.107645,
      31.31567,
      32.40094,
      32.44394,
      29.297932,
      30.284132,
      30.055,
      30.055536,
      32.872074,
      34.748814,
      34.10544,
      33.883404,
      34.6962,
      32.107468,
      30.722267,
      31.977802,
      32.23473,
      34.75143,
      34.927002,
      32.92031,
      32.955,
      33.092667,
      35.18667,
      36.451065,
      31.175938,
      28.595062,
      28.564,
      27.135435,
      26.77025,
      27.628601,
      30.7196,
      30.283186,
      27.377937,
      29.180624,
      31.899334,
      29.988571,
      26.493736,
      27.786074,
      30.7855,
      27.109077,
      27.775436,
      27.905748,
      26.51075,
      27.068064,
      27.048,
      26.947187,
      26.22625,
      26.171707,
      27.861248,
      27.961,
      25.268867,
      26.008186,
      28.764187,
      32.20071,
      33.67057,
      33.806202,
      35.40479,
      36.931927,
      35.541847,
      33.177998,
      34.0026,
      34.401146,
      33.725643,
      34.71527,
      37.77735,
      37.851933,
      36.771397,
      36.884644,
      36.90843,
      37.893147,
      37.411263,
      36.26314,
      36.041286,
      38.068336,
      39.508995,
      35.918736,
      32.664997,
      32.741714,
      34.8028,
      37.033264,
      39.836357,
      37.659233,
      36.60533,
      40.033398,
      41.165504,
      38.177696,
      39.11546,
      38.279427,
      39.408504,
      40.449856,
      39.36138,
      38.52254,
      37.148266,
      37.758133,
      38.2526,
      38.879147,
      40.074146,
      41.446644,
      39.465282
    ],
    "downlinkThroughputBps": [
      3.8741338e+08,
      3.0863827e+08,
      3.8931622e+08,
      3.420835e+08,
      3.3757494e+08,
      3.1683565e+08,
      3.4964166e+08,
      3.6351955e+08,
      3.8601232e+08,
      3.2581168e+08,
      3.597926e+08,
      3.351658e+08,
      3.8601795e+08,
      3.9182547e+08,
      2.1589366e+08,
      3.0485626e+08,
      3.795765e+08,
      3.3608525e+08,
      3.2332234e+08,
      3.4615498e+08,
      3.4951283e+08,
      3.5482394e+08,
      2.6388093e+08,
      3.09635e+08,
      2.853392e+08,
      3.4406698e+08,
      3.1813466e+08,
      3.303568e+08,
      3.3443043e+08,
      2.4262776e+08,
      3.4543728e+08,
      3.0921987e+08,
      2.984091e+08,
      3.309189e+08,
      2.887811e+08,
      3.2476397e+08,
      2.8086125e+08,
      3.17807e+08,
      3.1098352e+08,
      2.8038176e+08,
      2.9523824e+08,
      2.9982403e+08,
      3.4967462e+08,
      3.1434403e+08,
      2.6275024e+08,
      2.71856e+08,
      3.4081126e+08,
      3.0092826e+08,
      3.0554266e+08,
      3.1331747e+08,
      2.8841046e+08,
      2.2436434e+08,
      3.5344205e+08,
      3.4194054e+08,
      2.5485333e+08,
      2.3658011e+08,
      3.1442922e+08,
      2.9641856e+08,
      2.7700557e+08,
      2.5830352e+08,
      3.312022e+08,
      3.1242838e+08,
      3.007799e+08,
      2.2885629e+08,
      3.147219e+08,
      2.7352538e+08,
      2.865685e+08,
      3.4030115e+08,
      2.7351578e+08,
      2.5872731e+08,
      2.2664016e+08,
      2.1640891e+08,
      2.4083464e+08,
      2.7278605e+08,
      2.0529722e+08,
      1.8182853e+08,
      1.576127e+08,
      1.8873565e+08,
      2.389124e+08,
      3.2174467e+08,
      2.990283e+08,
      3.229224e+08,
      3.250343e+08,
      2.6156344e+08,
      2.794201e+08,
      9.065475e+07,
      6677.332,
      11794.383,
      6014.632,
      83634.42,
      41540.387,
      25602.031,
      110763.18,
      8556.38,
      32145.146,
      94631.89,
      105788.734,
      174323.66,
      101569.266,
      40223.375,
      31138.514,
      16835.936,
      5553.2583,
      7524.5815,
      73920.414,
      56279.17,
      13706.985,
      24066.916,
      67981.28,
      88088.77,
      26508.002,
      132774.89,
      23479.713,
      28479.324,
      446307.5,
      62562.24,
      207139.89,
      100294.195,
      46506.44,
      10032.775,
      7549.747,
      16684.941,
      15418.262,
      19277.021,
      15435.039,
      165809.22,
      186797.52,
      80924.9,
      311603.22,
      297980.12,
      1.4230686e+06,
      16835.936,
      13975.421,
      16760.44,
      10502.537,
      11098.128,
      35517.367,
      7885.2915,
      9839.837,
      2147.4836,
      4169.138,
      45046.824,
      8162.1157,
      9118.417,
      73366.766,
      37455.133,
      138663.69,
      67553.46,
      34326.184,
      14260.634,
      31985.762,
      67419.24,
      14797.505,
      14336.131,
      12113.15,
      29460.791,
      14453.571,
      11735.662,
      64281.902,
      50734.3,
      64399.344,
      10166.993,
      22858.957,
      29670.506,
      10720.641,
      10955.522,
      5913.9688,
      6903.824,
      15174.992,
      14789.116,
      34410.07,
      32455.523,
      32052.871,
      17163.092,
      27825.014,
      12566.135,
      14227.079,
      29779.559,
      12566.135,
      8841.593,
      8665.432,
      14126.416,
      30685.527,
      17381.195,
      14889.779,
      53745.812,
      26583.498,
      20677.918,
      47739.566,
      12582.912,
      64751.664,
      12465.472,
      33462.156,
      15560.868,
      85068.875,
      51069.844,
      8673.82,
      26751.271,
      9965.666,
      0,
      0,
      0,
      27892.121,
      15242.101,
      62662.902,
      17632.854,
      12566.135,
      12129.927,
      19025.363,
      45290.094,
      15359.541,
      44350.57,
      52151.977,
      26155.68,
      101980.305,
      14193.524,
      45810.188,
      7683.965,
      24024.973,
      30995.906,
      34535.9,
      33965.473,
      13706.985,
      13665.042,
      67603.79,
      9512.682,
      44803.555,
      10116.661,
      7650.4106,
      5905.58,
      13522.437,
      9000.977,
      7876.903,
      8388.608,
      16508.781,
      10049.553,
      94078.24,
      9999.221,
      18958.254,
      16450.06,
      39350.96,
      13849.592,
      51698.992,
      13170.114,
      13975.421,
      16634.61,
      51707.38,
      12012.486,
      15141.4375,
      14310.965,
      10905.19,
      39367.74,
      48460.99,
      6509.5596,
      29838.28,
      35357.984,
      22498.246,
      93172.266,
      9948.889,
      8380.22,
      8808.038,
      16760.44,
      15409.873,
      14143.193,
      13153.337,
      13883.146,
      13245.612,
      11081.352,
      18220.057,
      7985.9546,
      56430.168,
      124537.27,
      65766.69,
      101871.26,
      769587.7,
      15854.469,
      16022.241,
      17968.398,
      50742.69,
      13883.146,
      15216.935,
      13153.337,
      16282.288,
      14889.779,
      7717.5195,
      7147.094,
      8111.784,
      16483.615,
      13237.224,
      34762.39,
      76554.44,
      33520.88,
      8984.199,
      9051.308,
      119093.07,
      19058.918,
      10292.822,
      31004.295,
      15284.044,
      9848.226,
      12306.088,
      9646.899,
      12557.746,
      10821.305,
      9521.07,
      9084.862,
      23630.709,
      21156.07,
      56841.207,
      15359.541,
      18681.43,
      15611.199,
      19922.943,
      9697.23,
      5435.818,
      9680.454,
      8648.655,
      13572.768,
      10880.024,
      9613.345,
      10745.807,
      8984.199,
      170104.19,
      19000.197,
      8984.199,
      9655.288,
      11861.492,
      110930.95,
      7633.6333,
      6509.5596,
      10997.465,
      10796.139,
      10418.651,
      14084.473,
      41993.37,
      10460.594,
      11089.74,
      14050.918,
      45969.57,
      9739.174,
      10317.988,
      13153.337,
      109647.49,
      7650.4106,
      6509.5596,
      6509.5596,
      8749.318,
      15980.298,
      10217.324,
      9621.733,
      10661.921,
      8984.199,
      10015.998,
      10762.584,
      63149.44,
      64063.8,
      11215.569,
      32203.865,
      112382.18,
      2.307379e+06,
      9.578675e+06,
      1.0440571e+07,
      1.801873e+06,
      3.001209e+06,
      2.7999915e+06,
      1.9661639e+06,
      1.9423235e+06,
      2.4184525e+06,
      6.5411765e+06,
      7.595247e+06,
      6.4293565e+06,
      8.826661e+06,
      796875.8,
      233085.86,
      95286.195,
      54366.57,
      124268.836,
      52017.758,
      108699.586,
      396563.06,
      206284.27,
      667028.56,
      391244.7,
      1.8294799e+06,
      377848.06,
      21156.07,
      501814.9,
      1.9480612e+06,
      4.760711e+06,
      454016.62,
      320369.34,
      622711.56,
      1.0547249e+06,
      448891.2,
      433313.53,
      520068.53,
      4.854001e+06,
      1.1627114e+06,
      43880.81,
      91452.6,
      13975.421,
      26902.266,
      981039.3,
      178056.6,
      8254.391,
      8984.199,
      11165.237,
      52881.785,
      14084.473,
      6509.5596,
      8178.8926,
      47009.758,
      10125.05,
      29318.186,
      15980.298,
      7633.6333,
      150843.95,
      141364.83,
      202467.44,
      113833.414,
      136415.55,
      17574.133,
      81411.44,
      21449.67,
      43788.535,
      195337.12,
      168132.88,
      97576.29,
      606135.6,
      985854.4,
      311376.75,
      204346.48,
      225108.3,
      560619.06,
      118816.24,
      137153.73,
      59164.85,
      1.4940195e+06,
      1.070451e+07,
      6.479688e+06,
      4.6995165e+06,
      4.56123e+06,
      7.7544125e+06,
      720598.2,
      23395.828,
      21927.822,
      22775.07,
      41204.844,
      48670.703,
      28512.879,
      34703.67,
      99388.23,
      20434.648,
      53435.434,
      31197.232,
      147698.22,
      49551.508,
      70665.63,
      77032.586,
      23093.838,
      21005.074,
      19159.58,
      32967.23,
      29636.951,
      31599.887,
      31557.943,
      19360.908,
      29150.412,
      29687.283,
      84875.94,
      73081.555,
      22263.365,
      77217.13,
      20677.918,
      17263.756,
      26633.83,
      93591.7,
      70363.64,
      38352.715,
      25409.094,
      36263.953,
      305647.3,
      32229.031,
      33915.14,
      107105.75,
      27145.535,
      52269.418,
      65145.93,
      65607.305,
      26466.059,
      22657.63,
      71085.06,
      56262.395,
      30828.135,
      27195.867,
      18186.502,
      25417.482,
      105159.59,
      181747.58,
      386756.78,
      1.3208954e+06,
      223984.22,
      229386.48,
      269224,
      746468.7,
      164047.62,
      474073.78,
      428934.7,
      2.3617035e+06,
      3.5654352e+06,
      138529.47,
      217206.23,
      62360.91,
      324421.03,
      76059.51,
      68073.555,
      64768.44,
      68258.1,
      233505.3,
      169189.83,
      166757.14,
      54718.89,
      66026.734,
      33940.31,
      35441.867,
      20627.588,
      65296.926,
      23832.035,
      23873.979,
      25107.104,
      316107.9,
      156372.05,
      21416.117,
      21952.986,
      26247.955,
      21592.277,
      24477.959,
      59710.113,
      36079.402,
      41104.18,
      764655.2,
      8.007775e+07,
      1.3185802e+08,
      1.11408216e+08,
      1.3436906e+08,
      1.1936367e+08,
      1.5437738e+08,
      1.16707864e+08,
      1.568737e+08,
      1.3351485e+08,
      1.5583238e+08,
      1.2719075e+08,
      1.7945672e+08,
      1.5322787e+08,
      1.2345441e+08,
      1.6351368e+08,
      9.384426e+07,
      1.1896133e+08,
      1.1905702e+08,
      1.1556732e+08,
      1.19752616e+08,
      1.1189548e+08,
      1.281845e+08,
      1.410773e+08,
      1.4018368e+08,
      9.38873e+07,
      1.2464709e+08,
      1.1604116e+08,
      1.18290824e+08,
      1.3642758e+08,
      1.5277371e+08,
      1.8778275e+08,
      1.6113315e+08,
      1.3323789e+08,
      1.3576451e+08,
      1.7008726e+08,
      2.0132842e+08,
      1.9168066e+08,
      1.9997216e+08,
      2.2295782e+08,
      1.2190166e+08,
      1.8220627e+08,
      2.0875992e+08,
      2.145182e+08,
      1.757436e+08,
      2.2519099e+08,
      2.2466966e+08,
      2.605696e+08,
      3.2728576e+08,
      2.6551134e+08,
      2.623231e+08,
      2.5549346e+08,
      2.19001e+08,
      2.5898742e+08,
      2.7933206e+08,
      3.1598982e+08,
      2.7623978e+08,
      2.984052e+08,
      2.873864e+08,
      1.8763509e+08,
      1.4297928e+08,
      1.750848e+08,
      1.937081e+08,
      1.7916309e+08,
      2.2482997e+08,
      2.2076219e+08,
      2.03432e+08,
      1.942344e+08,
      2.2538464e+08,
      2.350458e+08,
      2.1363746e+08,
      1.7559667e+08,
      1.8257262e+08,
      2.0882787e+08,
      1.4478528e+08,
      1.0642367e+08,
      1.668238e+08,
      1.9344363e+08,
      1.7742187e+08,
      1.7744482e+08,
      1.8402917e+08,
      1.8529221e+08,
      2.0220474e+08,
      1.8203029e+08,
      1.7294357e+08,
      1.7317234e+08,
      2.0602714e+08,
      2.1039835e+08,
      2.0852883e+08,
      1.0628571e+08,
      1.3285627e+08,
      1.3306928e+08,
      1.2957179e+08,
      3.4666736e+07,
      7.684885e+07,
      9.628764e+07,
      1.11200184e+08,
      1.3368824e+08,
      7.824566e+07,
      7.418973e+07,
      8.231791e+07,
      4.6701452e+07,
      1.0256735e+08,
      8.293063e+07,
      9.743353e+07,
      8.305149e+07,
      9.9271256e+07,
      8.049032e+07,
      1.1398477e+08,
      1.0753896e+08,
      1.2808341e+08,
      9.069392e+07,
      1.2300336e+08,
      1.4530006e+08,
      1.603937e+08,
      9.849096e+07,
      1.6622066e+08,
      1.5795696e+08,
      1.294863e+08,
      1.4566714e+08,
      1.8737034e+08,
      2.0743538e+08,
      1.855574e+08,
      2.0292083e+08,
      1.9853002e+08,
      2.4057608e+08,
      2.665474e+08,
      2.7507603e+08,
      2.3958349e+08,
      2.4012915e+08,
      2.8220243e+08,
      2.607702e+08,
      2.31835e+08,
      2.6065426e+08,
      5.591131e+07,
      18379.44,
      18975.031,
      43335.55,
      11450.45,
      47974.45,
      338631.3,
      823224.44,
      495733.2,
      381891.38,
      316183.4,
      290489.1,
      268829.72,
      298617.66,
      493040.44,
      291168.6,
      705389.7,
      513265.38,
      358252.28,
      750327.44,
      791121.25,
      635915.2,
      978900.25,
      578344.2,
      569209,
      558127.6,
      658103.06,
      540561.9,
      550242.4,
      570920.25,
      675719.1,
      604239.8,
      544949.1,
      352405.44,
      501143.84,
      415303.22,
      403525.6,
      285455.94,
      552742.2,
      513349.25,
      353890.22,
      443119.84,
      498333.66,
      483712.3,
      375792.88,
      283165.84,
      386077.28,
      326509.78,
      363612.6,
      387520.12,
      319194.94,
      414195.9,
      357883.2,
      424581,
      503610.1,
      375683.8,
      248730.61,
      353076.5,
      448077.5,
      493644.4,
      465332.88,
      363755.22,
      270817.8,
      281731.4,
      269249.16,
      253931.55,
      235443.06,
      378527.56,
      318356.06,
      334999.06,
      373595.03,
      380188.5,
      364803.78,
      293316.06,
      192694.72,
      218540.02,
      352137,
      480851.78,
      301117.47,
      397729.06,
      465634.84,
      565803.25,
      542231.25,
      383686.53,
      647088.8,
      453932.75,
      150827.17,
      166153.16,
      545393.75,
      89313.51,
      106963.14,
      297300.66,
      405220.1,
      446534,
      331056.4,
      330611.8,
      296117.88,
      322063.8,
      402569.3,
      282075.34,
      216426.1,
      160566.34,
      203608.3,
      168996.89,
      128513.48,
      71479.33,
      63703.09,
      41397.78,
      15837.692,
      14612.955,
      35114.715,
      19058.918,
      39057.36,
      28630.318,
      48880.418,
      65959.625,
      52722.402,
      49761.223,
      42530.242,
      37983.617,
      80555.805,
      14319.354,
      17985.176,
      21307.064,
      25459.426,
      13262.39,
      11869.88,
      48821.7,
      329772.97,
      268586.44,
      7801.4053,
      86268.445,
      6509.5596,
      19235.078,
      9135.194,
      11626.61,
      18740.15,
      13111.395,
      16131.293,
      13463.716,
      14386.463,
      10871.636,
      15795.749,
      21332.23,
      53812.92,
      14193.524,
      15418.262,
      18597.543,
      18270.389,
      18211.668,
      17884.512,
      33655.094,
      13899.924,
      16710.107,
      11291.066,
      50600.082,
      13010.731,
      13111.395,
      11408.507,
      10871.636,
      51279.562,
      32396.805,
      71697.43,
      38470.156,
      26742.883,
      62595.793,
      13421.772,
      9286.189,
      8875.147,
      8346.665,
      33889.977,
      15133.049,
      9923.724,
      11475.616,
      43494.934,
      15921.578,
      14998.831,
      17775.46,
      13061.0625,
      9110.028,
      7423.918,
      11282.678,
      8673.82,
      36104.57,
      15116.271,
      9076.474,
      13757.317,
      14604.566,
      12910.067,
      139519.33,
      49702.504,
      2.391627e+08,
      3.3915555e+08,
      3.333865e+08,
      3.114377e+08,
      2.5320662e+08,
      3.2987626e+08,
      3.615269e+08,
      2.9851088e+08,
      4.4120547e+08,
      3.5970205e+08,
      4.1184474e+08,
      3.8679178e+08,
      4.5766227e+08,
      4.021234e+08,
      4.1729526e+08,
      3.915011e+08,
      4.4693142e+08,
      2.8554886e+08,
      3.668643e+08,
      2.3599926e+08,
      1.326852e+08,
      1.3184823e+08,
      1.783657e+08,
      1.8235955e+08,
      1.525399e+08,
      1.7433208e+08,
      1.6191592e+08,
      1.4762773e+08,
      1.5292762e+08,
      1.9701616e+08,
      1.786315e+08,
      2.1603184e+08,
      1.9921848e+08,
      2.3034395e+08,
      1.4133e+08
    ],
    "uplinkThroughputBps": [
      64986.547,
      58502.152,
      96527.71,
      80639.69,
      130677.734,
      88415.93,
      68870.47,
      94078.24,
      87602.234,
      217600.48,
      137011.14,
      83214.99,
      121718.7,
      90513.08,
      114462.555,
      72410.46,
      97014.25,
      100394.86,
      145206.8,
      85882.57,
      81587.6,
      258318.8,
      70304.92,
      59131.297,
      94891.94,
      61790.49,
      58619.594,
      70724.35,
      80681.63,
      60129.543,
      65179.484,
      87015.03,
      46590.33,
      49241.13,
      92274.69,
      74339.84,
      65707.97,
      69197.625,
      62243.473,
      84599.11,
      59693.336,
      56337.89,
      91024.79,
      66697.82,
      77913.39,
      67452.8,
      57445.188,
      91637.16,
      64575.504,
      61127.785,
      71345.11,
      85580.58,
      68031.61,
      80471.914,
      74121.74,
      69533.17,
      91008.01,
      82057.37,
      82468.41,
      80614.52,
      91888.81,
      60985.18,
      87895.836,
      67243.08,
      80966.84,
      61958.258,
      65447.918,
      91603.6,
      56748.934,
      63032,
      83953.19,
      61186.508,
      66186.12,
      70019.71,
      71957.48,
      62453.188,
      82149.64,
      72846.67,
      73123.49,
      59601.06,
      88063.61,
      61723.38,
      62285.414,
      60716.746,
      63610.816,
      83508.59,
      90991.234,
      108582.14,
      81663.1,
      125225.14,
      101284.055,
      90110.43,
      145307.47,
      102450.07,
      83802.195,
      2.1321496e+08,
      3.214188e+08,
      3.3033206e+08,
      3.22111e+08,
      3.4691987e+08,
      3.2473923e+08,
      2.9810294e+08,
      3.254391e+08,
      3.235816e+08,
      3.2401197e+08,
      3.2144835e+08,
      3.2712547e+08,
      3.232352e+08,
      3.2589357e+08,
      3.2339645e+08,
      3.2381898e+08,
      3.234753e+08,
      3.2455146e+08,
      3.2161264e+08,
      3.2795437e+08,
      3.2206112e+08,
      3.2462762e+08,
      3.2136227e+08,
      3.2348102e+08,
      3.2769907e+08,
      3.3009994e+08,
      3.1837456e+08,
      3.2516938e+08,
      3.2114096e+08,
      3.236322e+08,
      3.261835e+08,
      3.247337e+08,
      3.250158e+08,
      3.2310707e+08,
      3.252918e+08,
      3.2273462e+08,
      3.2198048e+08,
      3.24193e+08,
      3.2627776e+08,
      3.229408e+08,
      3.2511786e+08,
      3.2449085e+08,
      3.2391386e+08,
      3.2401258e+08,
      3.2424182e+08,
      3.233934e+08,
      3.2535325e+08,
      3.2377715e+08,
      3.232768e+08,
      3.2219648e+08,
      3.2664912e+08,
      3.2495933e+08,
      3.2525587e+08,
      3.2155462e+08,
      3.226482e+08,
      3.266695e+08,
      3.2260624e+08,
      3.0686902e+08,
      3.3426746e+08,
      3.3227638e+08,
      3.2262557e+08,
      3.236951e+08,
      3.2596733e+08,
      3.2191165e+08,
      3.2616422e+08,
      3.2374595e+08,
      3.2506003e+08,
      3.2366074e+08,
      3.2423555e+08,
      3.239543e+08,
      3.2434086e+08,
      3.2146538e+08,
      3.2633923e+08,
      3.2099632e+08,
      3.2618992e+08,
      3.6557395e+08,
      2.8287315e+08,
      3.2620243e+08,
      3.2298205e+08,
      3.2332848e+08,
      3.2538093e+08,
      3.2371715e+08,
      3.2282838e+08,
      3.2199395e+08,
      3.2750733e+08,
      3.237224e+08,
      3.2370262e+08,
      3.2409146e+08,
      3.2231357e+08,
      3.266412e+08,
      3.2451683e+08,
      3.236608e+08,
      3.2364547e+08,
      3.2419235e+08,
      3.2427638e+08,
      3.2094518e+08,
      3.2433216e+08,
      3.2761078e+08,
      3.232697e+08,
      3.2260202e+08,
      3.2544566e+08,
      3.245916e+08,
      3.2042627e+08,
      3.2398605e+08,
      3.271138e+08,
      4.3258496e+08,
      2.4229946e+08,
      5.812071e+08,
      2.9839565e+08,
      3.2401843e+08,
      3.2289206e+08,
      3.2238467e+08,
      3.2771744e+08,
      3.25824e+08,
      3.2128077e+08,
      3.2383674e+08,
      3.2510902e+08,
      3.242088e+08,
      1.1098676e+08,
      164953.6,
      124780.55,
      118665.25,
      97140.08,
      123052.49,
      87199.58,
      89112.18,
      92752.836,
      122347.85,
      99044.3,
      103842.58,
      103028.88,
      150869.11,
      87946.164,
      63073.945,
      74297.9,
      82896.23,
      128010.16,
      100294.195,
      70757.91,
      74516.01,
      86914.37,
      110352.14,
      94128.57,
      140660.17,
      84649.445,
      85312.14,
      74885.1,
      46338.67,
      117809.61,
      93323.266,
      88424.32,
      78752.25,
      80337.695,
      82334.19,
      125300.64,
      90831.84,
      97542.734,
      46791.656,
      62545.46,
      76311.164,
      151808.64,
      107567.12,
      92568.29,
      110519.914,
      84565.555,
      90236.26,
      120888.23,
      78576.09,
      92501.18,
      95730.8,
      129083.9,
      113472.7,
      80362.87,
      97131.695,
      69893.88,
      99446.945,
      290094.84,
      100638.13,
      129469.77,
      97274.3,
      84137.734,
      100747.18,
      122171.69,
      86520.1,
      71806.484,
      71219.28,
      58804.14,
      130652.57,
      99614.72,
      78752.25,
      69868.72,
      77804.336,
      96536.1,
      99010.74,
      99656.664,
      134788.16,
      49509.562,
      73542.93,
      58309.215,
      86159.39,
      116249.33,
      129872.43,
      98171.88,
      72704.06,
      67788.34,
      94539.61,
      89556.78,
      114437.39,
      65296.926,
      77779.17,
      66127.4,
      110293.42,
      103246.984,
      95160.37,
      96863.26,
      43276.83,
      101720.26,
      108187.875,
      87895.836,
      81948.31,
      88432.7,
      56967.035,
      83827.36,
      91402.27,
      79037.46,
      91586.82,
      68048.39,
      58695.09,
      197467.83,
      127481.67,
      86989.87,
      90664.08,
      70254.59,
      64676.168,
      68232.94,
      120124.87,
      92652.17,
      77359.74,
      89405.78,
      70036.484,
      79431.73,
      49392.125,
      96183.78,
      84573.945,
      77393.3,
      85303.76,
      79951.82,
      87904.23,
      10032.775,
      14587.789,
      12473.86,
      10032.775,
      28043.117,
      15141.4375,
      10032.775,
      10032.775,
      14587.789,
      16290.677,
      10032.775,
      14587.789,
      11358.175,
      12012.486,
      45483.03,
      17238.59,
      457346.9,
      3.533416e+06,
      205093.08,
      41817.21,
      100990.45,
      210512.12,
      117818,
      50541.363,
      52277.805,
      132187.69,
      101669.93,
      356490.7,
      107617.45,
      54475.62,
      158603.4,
      58267.27,
      76638.32,
      183484.02,
      123614.53,
      246255.97,
      154425.89,
      125166.42,
      77586.234,
      344327.2,
      417165.47,
      186025.77,
      11844.715,
      70875.35,
      158670.52,
      404188.3,
      48821.7,
      70044.875,
      46087.01,
      103439.92,
      134310,
      39795.555,
      48393.88,
      189465.1,
      44501.566,
      11802.771,
      33218.887,
      14428.405,
      70615.305,
      69147.3,
      59626.227,
      10032.775,
      14042.53,
      16231.956,
      36926.652,
      21407.729,
      10032.775,
      11643.388,
      51229.23,
      14663.287,
      16978.543,
      24637.342,
      10032.775,
      484953.8,
      194867.36,
      54022.637,
      16064.185,
      70682.414,
      10032.775,
      27816.625,
      15913.189,
      10032.775,
      55205.43,
      23211.28,
      78391.54,
      531862.94,
      482579.84,
      206452.03,
      84632.664,
      63493.375,
      36884.71,
      140182.03,
      76109.84,
      12473.86,
      156757.92,
      240727.89,
      167134.62,
      330192.38,
      461323.1,
      96779.37,
      28252.832,
      14629.732,
      10754.195,
      10032.775,
      21483.225,
      20115.883,
      10032.775,
      14629.732,
      97752.445,
      15284.044,
      55364.812,
      15627.977,
      74557.945,
      23706.207,
      28303.164,
      43989.86,
      16626.22,
      10032.775,
      10032.775,
      18127.781,
      10586.423,
      10032.775,
      24654.12,
      10032.775,
      17431.527,
      15904.801,
      42588.96,
      20241.71,
      20099.105,
      32824.625,
      10032.775,
      15183.381,
      10032.775,
      26508.002,
      37086.035,
      10032.775,
      10032.775,
      21961.375,
      53578.04,
      28563.21,
      17381.195,
      40844.133,
      13958.644,
      17599.299,
      27330.084,
      24880.611,
      17716.74,
      10032.775,
      16106.127,
      24670.896,
      10032.775,
      10032.775,
      14638.121,
      22548.578,
      123513.87,
      88541.76,
      247698.81,
      103406.37,
      84792.05,
      131365.6,
      431644.22,
      511260.5,
      72334.97,
      123312.54,
      291906.78,
      722401.75,
      276178.16,
      95487.52,
      126391.16,
      74230.79,
      325662.53,
      159391.94,
      55901.684,
      43729.812,
      19293.799,
      637249,
      153352.14,
      48897.195,
      12784.238,
      48159,
      11660.165,
      10032.775,
      16198.402,
      60850.96,
      19797.115,
      17649.63,
      10032.775,
      49920.605,
      203029.48,
      14587.789,
      10032.775,
      56304.336,
      128823.85,
      120628.18,
      112575.12,
      121794.2,
      91830.09,
      113900.516,
      533582.56,
      621084.1,
      583184.44,
      713216.25,
      573990.5,
      758976.06,
      661651.44,
      822377.2,
      607586.9,
      842014.94,
      613265.94,
      876601.1,
      697663.75,
      645679.56,
      677287.8,
      403936.66,
      632584.94,
      783613.44,
      682623,
      772347.5,
      739782.94,
      740294.6,
      768715.25,
      745789.2,
      627845.4,
      653925.56,
      706094.3,
      685475.1,
      657994,
      790584.4,
      824734.4,
      483494.2,
      560325.44,
      812629.6,
      844732.8,
      833735.4,
      691271.6,
      802051.56,
      879990.1,
      562649.1,
      777481.4,
      821202.75,
      839406.06,
      685835.8,
      938475.5,
      838600.75,
      951461.06,
      929558.44,
      789502.25,
      853574.44,
      764051.2,
      907269.9,
      646233.2,
      808913.5,
      919919.94,
      768480.4,
      862927.7,
      779100.4,
      603359,
      663790.56,
      698234.2,
      711169.44,
      651115.4,
      913360,
      873430.25,
      702034.2,
      721948.75,
      815934.75,
      773186.4,
      615119.9,
      888588.44,
      685550.6,
      842308.5,
      625446.25,
      540813.56,
      715263.06,
      761912.1,
      756669.25,
      702445.25,
      679913.44,
      664964.94,
      828970.6,
      790248.8,
      635143.44,
      694845.2,
      844128.9,
      845336.8,
      832267.4,
      455023.25,
      711353.94,
      806388.5,
      682136.44,
      429698.06,
      437558.2,
      604457.94,
      720908.56,
      771374.44,
      474694.56,
      440385.16,
      527450.5,
      504574.78,
      705523.9,
      457019.75,
      649395.7,
      638909.94,
      593670.2,
      566012.94,
      697865.06,
      625806.94,
      798259.94,
      954237.7,
      741326.44,
      863246.5,
      748708.44,
      464108.12,
      697462.44,
      624523.5,
      553799.1,
      591069.7,
      768790.75,
      824155.56,
      785702.2,
      806539.5,
      725144.8,
      787262.5,
      786482.3,
      789846.2,
      679141.7,
      663413.06,
      797823.75,
      740227.56,
      681968.7,
      818283.56,
      269249.16,
      127993.38,
      82418.07,
      96628.375,
      91351.94,
      88264.93,
      9.367189e+06,
      2.3285324e+07,
      1.4337431e+07,
      1.0870302e+07,
      9.060443e+06,
      7.0280595e+06,
      7.238815e+06,
      8.0113385e+06,
      1.3473589e+07,
      8.963429e+06,
      2.009549e+07,
      1.3959952e+07,
      1.033776e+07,
      1.7628098e+07,
      2.0241594e+07,
      1.826085e+07,
      1.7960832e+07,
      1.6685671e+07,
      1.4487185e+07,
      1.6202403e+07,
      1.9862294e+07,
      1.5281947e+07,
      1.6259027e+07,
      1.6616297e+07,
      1.8841762e+07,
      1.763329e+07,
      1.4896322e+07,
      9.756824e+06,
      1.3909688e+07,
      1.2247946e+07,
      1.1622953e+07,
      7.974085e+06,
      1.6330548e+07,
      1.529255e+07,
      1.0210236e+07,
      1.5856315e+07,
      1.780482e+07,
      1.6054722e+07,
      1.1900138e+07,
      9.562418e+06,
      1.3425271e+07,
      1.1502375e+07,
      1.0654002e+07,
      1.4359351e+07,
      1.0096923e+07,
      1.4456113e+07,
      1.076063e+07,
      1.6546387e+07,
      1.4404934e+07,
      1.3075684e+07,
      7.784276e+06,
      1.4320453e+07,
      1.4470886e+07,
      1.6288949e+07,
      1.7853726e+07,
      1.2144641e+07,
      1.0089205e+07,
      9.008727e+06,
      8.463569e+06,
      8.219242e+06,
      8.448108e+06,
      1.3470913e+07,
      1.117048e+07,
      1.1937643e+07,
      1.2962161e+07,
      1.4234402e+07,
      1.3198284e+07,
      9.878282e+06,
      6.1156475e+06,
      7.0530745e+06,
      1.1753782e+07,
      1.8350046e+07,
      9.842094e+06,
      1.289298e+07,
      1.121806e+07,
      1.5246345e+07,
      1.324125e+07,
      8.1174295e+06,
      1.4331786e+07,
      9.843713e+06,
      3.391573e+06,
      3.6835552e+06,
      1.6594176e+06,
      1.883318e+06,
      2.554222e+06,
      8.940964e+06,
      1.1692403e+07,
      1.3134169e+07,
      9.223274e+06,
      8.821661e+06,
      9.597868e+06,
      1.0081043e+07,
      1.2158381e+07,
      9.612103e+06,
      7.1947495e+06,
      4.9661315e+06,
      6.7475865e+06,
      5.569868e+06,
      3.7984708e+06,
      1.8381621e+06,
      1.53077e+06,
      727594.3,
      203641.84,
      134209.34,
      758976.06,
      358613,
      730127.7,
      368637.38,
      342674.62,
      1.6324986e+06,
      1.3790032e+06,
      1.3500626e+06,
      752080.6,
      981953.7,
      1.5276494e+06,
      231542.36,
      335821.16,
      300740,
      558496.75,
      198768.06,
      207299.28,
      1.5808584e+06,
      1.1106987e+07,
      6.551654e+06,
      84699.77,
      92383.74,
      120544.3,
      95621.74,
      83793.805,
      86125.836,
      142027.52,
      92476.016,
      96502.55,
      100411.64,
      97374.96,
      75229.04,
      71403.83,
      92845.12,
      131097.17,
      93650.42,
      73777.805,
      89019.91,
      87870.67,
      80933.29,
      120418.47,
      96276.055,
      62922.95,
      104161.34,
      83768.64,
      733508.25,
      99606.33,
      128370.87,
      63745.03,
      60465.086,
      68031.61,
      85949.68,
      81839.26,
      137774.5,
      60163.098,
      79373.01,
      80077.65,
      80706.8,
      90437.586,
      91972.695,
      106963.14,
      60339.258,
      84959.82,
      105654.516,
      83802.195,
      88634.03,
      87946.164,
      63803.754,
      98817.805,
      81830.87,
      97727.28,
      93683.98,
      77921.78,
      62067.312,
      69180.85,
      81805.7,
      90773.125,
      109043.516,
      82325.8,
      240073.58,
      75036.1,
      133806.69,
      90143.984,
      92979.33,
      99455.336,
      85337.31,
      153050.16,
      97676.95,
      75807.85,
      183408.53,
      116333.22,
      108523.42,
      105847.45,
      89095.41,
      68367.16,
      92551.516,
      93365.21,
      107122.52,
      81856.04,
      80480.305,
      67452.8,
      63862.473,
      88130.72,
      100604.58,
      86654.32,
      71152.17,
      65775.08,
      87300.24,
      71865.2,
      95898.57,
      62813.9,
      80723.58,
      77686.9,
      86402.664,
      82745.23,
      61597.547
    ],
    "outages": [
      {
        "cause": "BOOTING",
        "startTimestampNs": "1400954001526839050",
        "durationNs": "45113843695",
        "didSwitch": false
      },
      {
        "cause": "NO_SCHEDULE",
        "startTimestampNs": "1400954047140670883",
        "durationNs": "10479946454",
        "didSwitch": false
      },
      {
        "cause": "NO_PINGS",
        "startTimestampNs": "1400954058120717430",
        "durationNs": "680062549",
        "didSwitch": false
      },
      {
        "cause": "NO_DOWNLINK",
        "startTimestampNs": "1400954085120716751",
        "durationNs": "4759969588",
        "didSwitch": false
      },
      {
        "cause": "NO_DOWNLINK",
        "startTimestampNs": "1400954145120796739",
        "durationNs": "420050620",
        "didSwitch": true
      },
      {
        "cause": "OBSTRUCTED",
        "startTimestampNs": "1400955212500789757",
        "durationNs": "2759939247",
        "didSwitch": true
      },
      {
        "cause": "NO_DOWNLINK",
        "startTimestampNs": "1400955228500726459",
        "durationNs": "2120030864",
        "didSwitch": true
      },
      {
        "cause": "OBSTRUCTED",
        "startTimestampNs": "1400955242220766855",
        "durationNs": "1420061849",
        "didSwitch": true
      },
      {
        "cause": "OBSTRUCTED",
        "startTimestampNs": "1400955243920813591",
        "durationNs": "1020011299",
        "didSwitch": true
      },
      {
        "cause": "NO_DOWNLINK",
        "startTimestampNs": "1400955408960714296",
        "durationNs": "440035924",
        "didSwitch": true
      },
      {
        "cause": "NO_DOWNLINK",
        "startTimestampNs": "1400955579660717675",
        "durationNs": "760057412",
        "didSwitch": true
      },
      {
        "cause": "OBSTRUCTED",
        "startTimestampNs": "1400955675380797747",
        "durationNs": "860083947",
        "didSwitch": true
      },
      {
        "cause": "NO_DOWNLINK",
        "startTimestampNs": "1400955794680830793",
        "durationNs": "1100115963",
        "didSwitch": true
      },
      {
        "cause": "NO_DOWNLINK",
        "startTimestampNs": "1400955840560743995",
        "durationNs": "939946262",
        "didSwitch": true
      },
      {
        "cause": "OBSTRUCTED",
        "startTimestampNs": "1400955885980900276",
        "durationNs": "1479853058",
        "didSwitch": true
      },
      {
        "cause": "OBSTRUCTED",
        "startTimestampNs": "1400955937620727577",
        "durationNs": "679987545",
        "didSwitch": true
      },
      {
        "cause": "OBSTRUCTED",
        "startTimestampNs": "1400956024500755392",
        "durationNs": "820004376",
        "didSwitch": true
      },
      {
        "cause": "NO_DOWNLINK",
        "startTimestampNs": "1400956034960740292",
        "durationNs": "640011297",
        "didSwitch": true
      },
      {
        "cause": "NO_DOWNLINK",
        "startTimestampNs": "1400956080120717523",
        "durationNs": "360201824",
        "didSwitch": true
      },
      {
        "cause": "NO_DOWNLINK",
        "startTimestampNs": "1400956200000722688",
        "durationNs": "519962283",
        "didSwitch": true
      },
      {
        "cause": "NO_PINGS",
        "startTimestampNs": "1400956303700742642",
        "durationNs": "780127143",
        "didSwitch": true
      },
      {
        "cause": "NO_DOWNLINK",
        "startTimestampNs": "1400956340840826514",
        "durationNs": "819868607",
        "didSwitch": true
      },
      {
        "cause": "OBSTRUCTED",
        "startTimestampNs": "1400956694640806359",
        "durationNs": "2579961154",
        "didSwitch": true
      },
      {
        "cause": "NO_DOWNLINK",
        "startTimestampNs": "1400956698520805366",
        "durationNs": "719958882",
        "didSwitch": true
      },
      {
        "cause": "NO_DOWNLINK",
        "startTimestampNs": "1400956717580834775",
        "durationNs": "919939195",
        "didSwitch": true
      },
      {
        "cause": "OBSTRUCTED",
        "startTimestampNs": "1400956722560810496",
        "durationNs": "2639953886",
        "didSwitch": true
      },
      {
        "cause": "NO_PINGS",
        "startTimestampNs": "1400957040720715455",
        "durationNs": "660051785",
        "didSwitch": true
      },
      {
        "cause": "OBSTRUCTED",
        "startTimestampNs": "1400957243040896467",
        "durationNs": "1599817012",
        "didSwitch": true
      },
      {
        "cause": "NO_PINGS",
        "startTimestampNs": "1400957244920666005",
        "durationNs": "300213534",
        "didSwitch": true
      },
      {
        "cause": "OBSTRUCTED",
        "startTimestampNs": "1400957304380759259",
        "durationNs": "639986386",
        "didSwitch": true
      },
      {
        "cause": "NO_DOWNLINK",
        "startTimestampNs": "1400957583680818977",
        "durationNs": "499922293",
        "didSwitch": true
      },
      {
        "cause": "NO_DOWNLINK",
        "startTimestampNs": "1400957617480895022",
        "durationNs": "359979736",
        "didSwitch": true
      },
      {
        "cause": "NO_PINGS",
        "startTimestampNs": "1400957924860691010",
        "durationNs": "439936691",
        "didSwitch": true
      },
      {
        "cause": "NO_DOWNLINK",
        "startTimestampNs": "1400958665400785385",
        "durationNs": "480007705",
        "didSwitch": true
      },
      {
        "cause": "NO_DOWNLINK",
        "startTimestampNs": "1400958712620745688",
        "durationNs": "620182910",
        "didSwitch": true
      },
      {
        "cause": "NO_DOWNLINK",
        "startTimestampNs": "1400958807380765237",
        "durationNs": "500030863",
        "didSwitch": true
      },
      {
        "cause": "NO_DOWNLINK",
        "startTimestampNs": "1400958809920739920",
        "durationNs": "620123845",
        "didSwitch": true
      },
      {
        "cause": "NO_DOWNLINK",
        "startTimestampNs": "1400958990420768327",
        "durationNs": "579943772",
        "didSwitch": true
      },
      {
        "cause": "OBSTRUCTED",
        "startTimestampNs": "1400959218640782513",
        "durationNs": "1560200959",
        "didSwitch": true
      },
      {
        "cause": "NO_PINGS",
        "startTimestampNs": "1400959545120882029",
        "durationNs": "799874943",
        "didSwitch": true
      },
      {
        "cause": "NO_PINGS",
        "startTimestampNs": "1400959551340875663",
        "durationNs": "779908131",
        "didSwitch": true
      },
      {
        "cause": "NO_PINGS",
        "startTimestampNs": "1400959560920764828",
        "durationNs": "860098035",
        "didSwitch": true
      },
      {
        "cause": "NO_PINGS",
        "startTimestampNs": "1400959580860699920",
        "durationNs": "840034682",
        "didSwitch": true
      },
      {
        "cause": "NO_PINGS",
        "startTimestampNs": "1400959610240822461",
        "durationNs": "879995496",
        "didSwitch": true
      },
      {
        "cause": "NO_PINGS",
        "startTimestampNs": "1400959620380788936",
        "durationNs": "740011055",
        "didSwitch": true
      },
      {
        "cause": "NO_PINGS",
        "startTimestampNs": "1400959638940812193",
        "durationNs": "5839974475",
        "didSwitch": true
      }
    ]
  }
}
End time: 1716924486497
