Start time: 1716937367633
[2024-05-28 19:02:48.731455] nuttcp-r: v8.1.4: socket
[2024-05-28 19:02:48.732178] nuttcp-r: buflen=65536, nstream=1, port=5002 tcp
[2024-05-28 19:02:48.732220] nuttcp-r: interval reporting every 0.50 seconds
[2024-05-28 19:02:48.732255] nuttcp-r: connect to 35.245.244.238 with RTT=88.286 ms af=inet
[2024-05-28 19:02:48.732284] nuttcp-r: send window size = 2097152, receive window size = 6291456
[2024-05-28 19:02:48.732310] nuttcp-r: available send window = 1572864, available receive window = 4718592
[2024-05-28 19:02:48.732337]     0.3125 MB /   0.50 sec =    5.2422 Mbps     0 retrans     13 KB-cwnd
[2024-05-28 19:02:49.231489]     1.6250 MB /   0.50 sec =   27.2635 Mbps     0 retrans     13 KB-cwnd
[2024-05-28 19:02:49.731311]     1.1250 MB /   0.50 sec =   18.8685 Mbps     0 retrans     13 KB-cwnd
[2024-05-28 19:02:50.231106]     1.4375 MB /   0.50 sec =   24.1249 Mbps     0 retrans     13 KB-cwnd
[2024-05-28 19:02:50.731478]     2.3125 MB /   0.50 sec =   38.7963 Mbps     0 retrans     13 KB-cwnd
[2024-05-28 19:02:51.231690]     1.6250 MB /   0.50 sec =   27.2631 Mbps     0 retrans     13 KB-cwnd
[2024-05-28 19:02:51.731124]     2.8750 MB /   0.50 sec =   48.2358 Mbps     0 retrans     13 KB-cwnd
[2024-05-28 19:02:52.231262]     3.1250 MB /   0.50 sec =   52.4088 Mbps     0 retrans     13 KB-cwnd
[2024-05-28 19:02:52.731487]     3.2500 MB /   0.50 sec =   54.5085 Mbps     0 retrans     13 KB-cwnd
[2024-05-28 19:02:53.231599]     3.3750 MB /   0.50 sec =   56.6197 Mbps     0 retrans     13 KB-cwnd
[2024-05-28 19:02:53.731690]     2.9375 MB /   0.50 sec =   49.2749 Mbps     0 retrans     13 KB-cwnd
[2024-05-28 19:02:54.231595]     1.4375 MB /   0.50 sec =   24.1189 Mbps     0 retrans     13 KB-cwnd
[2024-05-28 19:02:54.731231]     2.4375 MB /   0.50 sec =   40.9321 Mbps     0 retrans     13 KB-cwnd
[2024-05-28 19:02:55.231310]     1.7500 MB /   0.50 sec =   29.3501 Mbps     0 retrans     13 KB-cwnd
[2024-05-28 19:02:55.731841]     2.3125 MB /   0.50 sec =   38.7565 Mbps     0 retrans     13 KB-cwnd
[2024-05-28 19:02:56.231339]     3.3125 MB /   0.50 sec =   55.6279 Mbps     0 retrans     13 KB-cwnd
[2024-05-28 19:02:56.731346]     2.9375 MB /   0.50 sec =   49.2838 Mbps     0 retrans     13 KB-cwnd
[2024-05-28 19:02:57.232068]     3.9375 MB /   0.50 sec =   65.9627 Mbps     0 retrans     13 KB-cwnd
[2024-05-28 19:02:57.731502]     2.5000 MB /   0.50 sec =   42.0041 Mbps     0 retrans     13 KB-cwnd
[2024-05-28 19:02:58.231163]     1.0625 MB /   0.50 sec =   17.8300 Mbps     0 retrans     13 KB-cwnd
[2024-05-28 19:02:58.731099]     1.6250 MB /   0.50 sec =   27.2671 Mbps     0 retrans     13 KB-cwnd
[2024-05-28 19:02:59.231140]     0.5000 MB /   0.50 sec =    8.3884 Mbps     0 retrans     13 KB-cwnd
[2024-05-28 19:02:59.731304]     0.3125 MB /   0.50 sec =    5.2406 Mbps     0 retrans     13 KB-cwnd
[2024-05-28 19:03:00.232237]     0.0625 MB /   0.50 sec =    1.0468 Mbps     0 retrans     13 KB-cwnd
[2024-05-28 19:03:00.731270]     0.3750 MB /   0.50 sec =    6.3048 Mbps     0 retrans     13 KB-cwnd
[2024-05-28 19:03:01.231115]     1.1875 MB /   0.50 sec =   19.9233 Mbps     0 retrans     13 KB-cwnd
[2024-05-28 19:03:01.731873]     1.2500 MB /   0.50 sec =   20.9472 Mbps     0 retrans     13 KB-cwnd
[2024-05-28 19:03:02.231289]     2.8125 MB /   0.50 sec =   47.2275 Mbps     0 retrans     13 KB-cwnd
[2024-05-28 19:03:02.731386]     0.9375 MB /   0.50 sec =   15.7267 Mbps     0 retrans     13 KB-cwnd
[2024-05-28 19:03:03.231067]     3.6875 MB /   0.50 sec =   61.8945 Mbps     0 retrans     13 KB-cwnd
[2024-05-28 19:03:03.731133]     0.8125 MB /   0.50 sec =   13.6307 Mbps     0 retrans     13 KB-cwnd
[2024-05-28 19:03:04.231149]     0.9375 MB /   0.50 sec =   15.7290 Mbps     0 retrans     13 KB-cwnd
[2024-05-28 19:03:04.731554]     1.6875 MB /   0.50 sec =   28.2876 Mbps     0 retrans     13 KB-cwnd
[2024-05-28 19:03:05.231206]     4.3750 MB /   0.50 sec =   73.4664 Mbps     0 retrans     13 KB-cwnd
[2024-05-28 19:03:05.731196]     1.3750 MB /   0.50 sec =   23.0655 Mbps     0 retrans     13 KB-cwnd
[2024-05-28 19:03:06.231103]     2.0625 MB /   0.50 sec =   34.6056 Mbps     0 retrans     13 KB-cwnd
[2024-05-28 19:03:06.731127]     3.0000 MB /   0.50 sec =   50.3310 Mbps     0 retrans     13 KB-cwnd
[2024-05-28 19:03:07.231025]     3.1250 MB /   0.50 sec =   52.4329 Mbps     0 retrans     13 KB-cwnd
[2024-05-28 19:03:07.732119]     2.9375 MB /   0.50 sec =   49.1857 Mbps     0 retrans     13 KB-cwnd
[2024-05-28 19:03:08.232106]     1.3125 MB /   0.50 sec =   22.0198 Mbps     0 retrans     13 KB-cwnd
[2024-05-28 19:03:08.732322]     0.0000 MB /   0.50 sec =    0.0000 Mbps     0 retrans     13 KB-cwnd
[2024-05-28 19:03:09.231199]     4.4375 MB /   0.50 sec =   74.5897 Mbps     0 retrans     13 KB-cwnd
[2024-05-28 19:03:09.731568]     3.2500 MB /   0.50 sec =   54.4874 Mbps     0 retrans     13 KB-cwnd
[2024-05-28 19:03:10.231200]     2.3750 MB /   0.50 sec =   39.8746 Mbps     0 retrans     13 KB-cwnd
[2024-05-28 19:03:10.731152]     1.6250 MB /   0.50 sec =   27.2639 Mbps     0 retrans     13 KB-cwnd
[2024-05-28 19:03:11.231138]     3.8750 MB /   0.50 sec =   65.0190 Mbps     0 retrans     13 KB-cwnd
[2024-05-28 19:03:11.731099]     4.1250 MB /   0.50 sec =   69.2068 Mbps     0 retrans     13 KB-cwnd
[2024-05-28 19:03:12.231109]     3.9375 MB /   0.50 sec =   66.0604 Mbps     0 retrans     13 KB-cwnd
[2024-05-28 19:03:12.731115]     4.1250 MB /   0.50 sec =   69.2059 Mbps     0 retrans     13 KB-cwnd
[2024-05-28 19:03:13.231041]     4.5000 MB /   0.50 sec =   75.5005 Mbps     0 retrans     13 KB-cwnd
[2024-05-28 19:03:13.731107]     4.5000 MB /   0.50 sec =   75.4945 Mbps     0 retrans     13 KB-cwnd
[2024-05-28 19:03:14.231117]     5.4375 MB /   0.50 sec =   91.2259 Mbps     0 retrans     13 KB-cwnd
[2024-05-28 19:03:14.731248]     6.1875 MB /   0.50 sec =  103.8076 Mbps     0 retrans     13 KB-cwnd
[2024-05-28 19:03:15.231594]     6.6250 MB /   0.50 sec =  111.0999 Mbps     0 retrans     13 KB-cwnd
[2024-05-28 19:03:15.732365]     6.5625 MB /   0.50 sec =  109.8820 Mbps     0 retrans     13 KB-cwnd
[2024-05-28 19:03:16.231325]     6.6250 MB /   0.50 sec =  111.3792 Mbps     0 retrans     13 KB-cwnd
[2024-05-28 19:03:16.731099]     7.3125 MB /   0.50 sec =  122.7313 Mbps     0 retrans     13 KB-cwnd
[2024-05-28 19:03:17.231332]     5.8750 MB /   0.50 sec =   98.5167 Mbps     0 retrans     13 KB-cwnd
[2024-05-28 19:03:17.731650]     4.6250 MB /   0.50 sec =   77.6055 Mbps     0 retrans     13 KB-cwnd
[2024-05-28 19:03:18.232053]     7.5625 MB /   0.50 sec =  126.6953 Mbps     0 retrans     13 KB-cwnd
[2024-05-28 19:03:18.731335]     5.3125 MB /   0.50 sec =   89.2782 Mbps     0 retrans     13 KB-cwnd
[2024-05-28 19:03:19.231123]     9.5000 MB /   0.50 sec =  159.3989 Mbps     0 retrans     13 KB-cwnd
[2024-05-28 19:03:19.731175]     6.7500 MB /   0.50 sec =  113.2340 Mbps     0 retrans     13 KB-cwnd
[2024-05-28 19:03:20.231330]     4.4375 MB /   0.50 sec =   74.4325 Mbps     0 retrans     13 KB-cwnd
[2024-05-28 19:03:20.731362]     6.8750 MB /   0.50 sec =  115.3577 Mbps     0 retrans     13 KB-cwnd
[2024-05-28 19:03:21.231158]     7.7500 MB /   0.50 sec =  130.0395 Mbps     0 retrans     13 KB-cwnd
[2024-05-28 19:03:21.731272]     4.8125 MB /   0.50 sec =   80.7240 Mbps     0 retrans     13 KB-cwnd
[2024-05-28 19:03:22.231236]     4.5625 MB /   0.50 sec =   76.5624 Mbps     0 retrans     13 KB-cwnd
[2024-05-28 19:03:22.731102]     5.5625 MB /   0.50 sec =   93.3322 Mbps     0 retrans     13 KB-cwnd
[2024-05-28 19:03:23.231103]     6.3750 MB /   0.50 sec =  106.9550 Mbps     0 retrans     14 KB-cwnd
[2024-05-28 19:03:23.731258]     6.6250 MB /   0.50 sec =  111.1508 Mbps     0 retrans     14 KB-cwnd
[2024-05-28 19:03:24.231409]     6.4375 MB /   0.50 sec =  107.9349 Mbps     0 retrans     14 KB-cwnd
[2024-05-28 19:03:24.731125]     5.6250 MB /   0.50 sec =   94.4289 Mbps     0 retrans     14 KB-cwnd
[2024-05-28 19:03:25.231236]     4.6875 MB /   0.50 sec =   78.6261 Mbps     0 retrans     14 KB-cwnd
[2024-05-28 19:03:25.731284]     4.3125 MB /   0.50 sec =   72.3449 Mbps     0 retrans     14 KB-cwnd
[2024-05-28 19:03:26.232044]     6.3750 MB /   0.50 sec =  106.7939 Mbps     0 retrans     14 KB-cwnd
[2024-05-28 19:03:26.732124]     5.8125 MB /   0.50 sec =   97.5029 Mbps     0 retrans     14 KB-cwnd
[2024-05-28 19:03:27.231274]     4.0000 MB /   0.50 sec =   67.2225 Mbps     0 retrans     14 KB-cwnd
[2024-05-28 19:03:27.731109]     7.2500 MB /   0.50 sec =  121.6699 Mbps     0 retrans     26 KB-cwnd
[2024-05-28 19:03:28.231094]     5.6875 MB /   0.50 sec =   95.4219 Mbps     0 retrans     26 KB-cwnd
[2024-05-28 19:03:28.731091]     6.5000 MB /   0.50 sec =  109.0515 Mbps     0 retrans     26 KB-cwnd
[2024-05-28 19:03:29.231141]     5.8125 MB /   0.50 sec =   97.5193 Mbps     0 retrans     26 KB-cwnd
[2024-05-28 19:03:29.731259]     3.4375 MB /   0.50 sec =   57.6563 Mbps     0 retrans     26 KB-cwnd
[2024-05-28 19:03:30.231195]     6.8750 MB /   0.50 sec =  115.3498 Mbps     0 retrans     26 KB-cwnd
[2024-05-28 19:03:30.731254]     4.7500 MB /   0.50 sec =   79.6872 Mbps     0 retrans     26 KB-cwnd
[2024-05-28 19:03:31.231371]     4.3750 MB /   0.50 sec =   73.4005 Mbps     0 retrans     26 KB-cwnd
[2024-05-28 19:03:31.731120]     5.4375 MB /   0.50 sec =   91.2378 Mbps     0 retrans     26 KB-cwnd
[2024-05-28 19:03:32.231141]     8.1250 MB /   0.50 sec =  136.3244 Mbps     0 retrans     26 KB-cwnd
[2024-05-28 19:03:32.731112]     1.4375 MB /   0.50 sec =   24.1181 Mbps     0 retrans     26 KB-cwnd
[2024-05-28 19:03:33.231187]     5.6875 MB /   0.50 sec =   95.4109 Mbps     0 retrans     26 KB-cwnd
[2024-05-28 19:03:33.731099]     5.8750 MB /   0.50 sec =   98.5766 Mbps     0 retrans     26 KB-cwnd
[2024-05-28 19:03:34.231214]     5.0000 MB /   0.50 sec =   83.8675 Mbps     0 retrans     26 KB-cwnd
[2024-05-28 19:03:34.731169]     4.7500 MB /   0.50 sec =   79.6980 Mbps     0 retrans     26 KB-cwnd
[2024-05-28 19:03:35.231243]     3.8125 MB /   0.50 sec =   63.9581 Mbps     0 retrans     26 KB-cwnd
[2024-05-28 19:03:35.731227]     5.5625 MB /   0.50 sec =   93.3242 Mbps     0 retrans     26 KB-cwnd
[2024-05-28 19:03:36.231200]     2.9375 MB /   0.50 sec =   49.2842 Mbps     0 retrans     26 KB-cwnd
[2024-05-28 19:03:36.731105]     2.5625 MB /   0.50 sec =   42.9967 Mbps     0 retrans     26 KB-cwnd
[2024-05-28 19:03:37.231402]     3.5625 MB /   0.50 sec =   59.7556 Mbps     0 retrans     26 KB-cwnd
[2024-05-28 19:03:37.731265]     3.4375 MB /   0.50 sec =   57.6743 Mbps     0 retrans     26 KB-cwnd
[2024-05-28 19:03:38.231177]     4.9375 MB /   0.50 sec =   82.8469 Mbps     0 retrans     26 KB-cwnd
[2024-05-28 19:03:38.731187]     3.7500 MB /   0.50 sec =   62.9141 Mbps     0 retrans     26 KB-cwnd
[2024-05-28 19:03:39.231412]     5.0625 MB /   0.50 sec =   84.9219 Mbps     0 retrans     26 KB-cwnd
[2024-05-28 19:03:39.731240]     3.9375 MB /   0.50 sec =   66.0641 Mbps     0 retrans     26 KB-cwnd
[2024-05-28 19:03:40.231042]     5.3125 MB /   0.50 sec =   89.1536 Mbps     0 retrans     26 KB-cwnd
[2024-05-28 19:03:40.731113]     5.4375 MB /   0.50 sec =   91.2219 Mbps     0 retrans     26 KB-cwnd
[2024-05-28 19:03:41.231118]     4.6875 MB /   0.50 sec =   78.6438 Mbps   656 retrans   2933 KB-cwnd
[2024-05-28 19:03:41.731113]     4.8125 MB /   0.50 sec =   80.7391 Mbps     0 retrans   2933 KB-cwnd
[2024-05-28 19:03:42.231106]     4.4375 MB /   0.50 sec =   74.4501 Mbps     0 retrans   2933 KB-cwnd
[2024-05-28 19:03:42.731219]     2.3750 MB /   0.50 sec =   39.8377 Mbps     0 retrans   2933 KB-cwnd
[2024-05-28 19:03:43.231327]     2.7500 MB /   0.50 sec =   46.1334 Mbps     0 retrans   2933 KB-cwnd
[2024-05-28 19:03:43.731187]     2.9375 MB /   0.50 sec =   49.2905 Mbps     0 retrans   2933 KB-cwnd
[2024-05-28 19:03:44.231366]     3.4375 MB /   0.50 sec =   57.6661 Mbps     0 retrans   2933 KB-cwnd
[2024-05-28 19:03:44.731202]     3.3125 MB /   0.50 sec =   55.5823 Mbps     0 retrans   2933 KB-cwnd
[2024-05-28 19:03:45.231291]     5.3125 MB /   0.50 sec =   89.1104 Mbps     0 retrans   2933 KB-cwnd
[2024-05-28 19:03:45.731342]     1.5625 MB /   0.50 sec =   26.2149 Mbps     0 retrans   2933 KB-cwnd
[2024-05-28 19:03:46.231266]     3.1875 MB /   0.50 sec =   53.4781 Mbps     0 retrans   2933 KB-cwnd
[2024-05-28 19:03:46.731118]     4.6250 MB /   0.50 sec =   77.6139 Mbps     0 retrans   2933 KB-cwnd
[2024-05-28 19:03:47.231303]     2.8750 MB /   0.50 sec =   48.2216 Mbps     0 retrans   2933 KB-cwnd
[2024-05-28 19:03:47.731252]     2.7500 MB /   0.50 sec =   46.1389 Mbps     0 retrans   2933 KB-cwnd
[2024-05-28 19:03:48.231223]     3.1875 MB /   0.50 sec =   53.4852 Mbps     0 retrans   2933 KB-cwnd
[2024-05-28 19:03:48.731270]     1.5000 MB /   0.50 sec =   25.1627 Mbps     0 retrans   2933 KB-cwnd
[2024-05-28 19:03:49.231223]     4.4375 MB /   0.50 sec =   74.4563 Mbps     0 retrans   2933 KB-cwnd
[2024-05-28 19:03:49.731216]     3.1875 MB /   0.50 sec =   53.4753 Mbps     0 retrans   2933 KB-cwnd
[2024-05-28 19:03:50.231047]     5.6875 MB /   0.50 sec =   95.4412 Mbps     0 retrans   2933 KB-cwnd
[2024-05-28 19:03:50.731181]     3.3125 MB /   0.50 sec =   55.5659 Mbps     0 retrans   2933 KB-cwnd
[2024-05-28 19:03:51.231238]     3.0625 MB /   0.50 sec =   51.3740 Mbps     0 retrans   2933 KB-cwnd
[2024-05-28 19:03:51.731280]     3.2500 MB /   0.50 sec =   54.5242 Mbps     0 retrans   2933 KB-cwnd
[2024-05-28 19:03:52.231380]     5.2500 MB /   0.50 sec =   88.0832 Mbps     0 retrans   2933 KB-cwnd
[2024-05-28 19:03:52.731229]     4.3125 MB /   0.50 sec =   72.3538 Mbps     0 retrans   2933 KB-cwnd
[2024-05-28 19:03:53.231112]     5.3125 MB /   0.50 sec =   89.1464 Mbps     0 retrans   2933 KB-cwnd
[2024-05-28 19:03:53.731160]     1.3750 MB /   0.50 sec =   23.0676 Mbps     0 retrans   2933 KB-cwnd
[2024-05-28 19:03:54.231117]     4.2500 MB /   0.50 sec =   71.3067 Mbps     0 retrans   2933 KB-cwnd
[2024-05-28 19:03:54.731167]     5.0625 MB /   0.50 sec =   84.9240 Mbps     0 retrans   2933 KB-cwnd
[2024-05-28 19:03:55.231107]     5.1250 MB /   0.50 sec =   85.9936 Mbps     0 retrans   2933 KB-cwnd
[2024-05-28 19:03:55.731100]     5.2500 MB /   0.50 sec =   88.0811 Mbps     0 retrans   2933 KB-cwnd
[2024-05-28 19:03:56.231118]     5.7500 MB /   0.50 sec =   96.4663 Mbps     0 retrans   2933 KB-cwnd
[2024-05-28 19:03:56.731147]     5.5625 MB /   0.50 sec =   93.3257 Mbps     0 retrans   2933 KB-cwnd
[2024-05-28 19:03:57.231152]     3.1250 MB /   0.50 sec =   52.4216 Mbps     0 retrans   2933 KB-cwnd
[2024-05-28 19:03:57.731135]     5.6250 MB /   0.50 sec =   94.3835 Mbps     0 retrans   2933 KB-cwnd
[2024-05-28 19:03:58.231263]     4.1250 MB /   0.50 sec =   69.1897 Mbps     0 retrans   2933 KB-cwnd
[2024-05-28 19:03:58.731101]     8.0000 MB /   0.50 sec =  134.2521 Mbps    28 retrans   2416 KB-cwnd
[2024-05-28 19:03:59.231130]     6.6250 MB /   0.50 sec =  111.1475 Mbps     0 retrans   2416 KB-cwnd
[2024-05-28 19:03:59.731144]     6.0625 MB /   0.50 sec =  101.7111 Mbps     0 retrans   2416 KB-cwnd
[2024-05-28 19:04:00.231135]     6.5625 MB /   0.50 sec =  110.1075 Mbps     0 retrans   2416 KB-cwnd
[2024-05-28 19:04:00.731111]     6.3125 MB /   0.50 sec =  105.9015 Mbps     0 retrans   2416 KB-cwnd
[2024-05-28 19:04:01.231137]     6.3750 MB /   0.50 sec =  106.9513 Mbps     0 retrans   2416 KB-cwnd
[2024-05-28 19:04:01.731116]     6.6250 MB /   0.50 sec =  111.1511 Mbps     0 retrans   2416 KB-cwnd
[2024-05-28 19:04:02.231083]     6.8125 MB /   0.50 sec =  114.2968 Mbps     0 retrans   2395 KB-cwnd
[2024-05-28 19:04:02.731152]     8.1250 MB /   0.50 sec =  136.3051 Mbps     0 retrans   2395 KB-cwnd
[2024-05-28 19:04:03.231064]     6.5000 MB /   0.50 sec =  109.0626 Mbps     0 retrans   2395 KB-cwnd
[2024-05-28 19:04:03.731138]     7.1250 MB /   0.50 sec =  119.5317 Mbps     0 retrans   2395 KB-cwnd
[2024-05-28 19:04:04.231102]     7.1250 MB /   0.50 sec =  119.5408 Mbps     0 retrans   2395 KB-cwnd
[2024-05-28 19:04:04.731072]     7.8125 MB /   0.50 sec =  131.0744 Mbps     0 retrans   2395 KB-cwnd
[2024-05-28 19:04:05.231234]     4.6875 MB /   0.50 sec =   78.6251 Mbps     0 retrans   2395 KB-cwnd
[2024-05-28 19:04:05.731209]     4.4375 MB /   0.50 sec =   74.4522 Mbps     0 retrans   2395 KB-cwnd
[2024-05-28 19:04:06.231282]     4.6875 MB /   0.50 sec =   78.6358 Mbps     0 retrans   2395 KB-cwnd
[2024-05-28 19:04:06.731206]     6.0625 MB /   0.50 sec =  101.7194 Mbps     0 retrans   2395 KB-cwnd
[2024-05-28 19:04:07.231137]     4.5625 MB /   0.50 sec =   76.5513 Mbps     0 retrans   2395 KB-cwnd
[2024-05-28 19:04:07.731236]     6.1875 MB /   0.50 sec =  103.7993 Mbps     0 retrans   2395 KB-cwnd
[2024-05-28 19:04:08.231347]     6.7500 MB /   0.50 sec =  113.2482 Mbps     0 retrans   2395 KB-cwnd
[2024-05-28 19:04:08.731197]     7.3750 MB /   0.50 sec =  123.7349 Mbps     0 retrans   2395 KB-cwnd
[2024-05-28 19:04:09.231249]     4.6250 MB /   0.50 sec =   77.5900 Mbps     0 retrans   2395 KB-cwnd
[2024-05-28 19:04:09.731133]     8.5000 MB /   0.50 sec =  142.6354 Mbps     0 retrans   2395 KB-cwnd
[2024-05-28 19:04:10.231233]     5.5625 MB /   0.50 sec =   93.2973 Mbps    45 retrans   2368 KB-cwnd
[2024-05-28 19:04:10.731146]     1.8125 MB /   0.50 sec =   30.4176 Mbps     0 retrans   2368 KB-cwnd
[2024-05-28 19:04:11.231177]     6.3750 MB /   0.50 sec =  106.9404 Mbps     0 retrans   2368 KB-cwnd
[2024-05-28 19:04:11.731118]     7.5625 MB /   0.50 sec =  126.8947 Mbps     0 retrans   2368 KB-cwnd
[2024-05-28 19:04:12.231089]     6.6875 MB /   0.50 sec =  112.2028 Mbps     0 retrans   2368 KB-cwnd
[2024-05-28 19:04:12.731114]     6.8125 MB /   0.50 sec =  114.2902 Mbps     0 retrans   2368 KB-cwnd
[2024-05-28 19:04:13.231283]     3.4375 MB /   0.50 sec =   57.6542 Mbps     0 retrans   2368 KB-cwnd
[2024-05-28 19:04:13.731276]     6.4375 MB /   0.50 sec =  108.0152 Mbps     0 retrans   2368 KB-cwnd
[2024-05-28 19:04:14.231260]     4.0000 MB /   0.50 sec =   67.1070 Mbps     0 retrans   2368 KB-cwnd
[2024-05-28 19:04:14.731191]     6.0625 MB /   0.50 sec =  101.7200 Mbps     0 retrans   2368 KB-cwnd
[2024-05-28 19:04:15.231247]     3.5000 MB /   0.50 sec =   58.7167 Mbps     0 retrans   2368 KB-cwnd
[2024-05-28 19:04:15.731143]     6.4375 MB /   0.50 sec =  108.0126 Mbps     0 retrans   2368 KB-cwnd
[2024-05-28 19:04:16.231457]     3.4375 MB /   0.50 sec =   57.6616 Mbps     0 retrans   2368 KB-cwnd
[2024-05-28 19:04:16.731194]     2.8750 MB /   0.50 sec =   48.2445 Mbps     0 retrans   2368 KB-cwnd
[2024-05-28 19:04:17.231145]     4.8125 MB /   0.50 sec =   80.7370 Mbps     0 retrans   2368 KB-cwnd
[2024-05-28 19:04:17.731232]     4.7500 MB /   0.50 sec =   79.6903 Mbps     0 retrans   2368 KB-cwnd
[2024-05-28 19:04:18.231225]     3.2500 MB /   0.50 sec =   54.5239 Mbps     0 retrans   2368 KB-cwnd
[2024-05-28 19:04:18.731255]     5.2500 MB /   0.50 sec =   88.0746 Mbps     0 retrans   2368 KB-cwnd
[2024-05-28 19:04:19.231099]     5.7500 MB /   0.50 sec =   96.4912 Mbps     0 retrans   2368 KB-cwnd
[2024-05-28 19:04:19.731158]     5.3750 MB /   0.50 sec =   90.1725 Mbps     0 retrans   2368 KB-cwnd
[2024-05-28 19:04:20.231101]     5.1250 MB /   0.50 sec =   85.9896 Mbps     0 retrans   2368 KB-cwnd
[2024-05-28 19:04:20.731181]     3.0625 MB /   0.50 sec =   51.3726 Mbps     0 retrans   2368 KB-cwnd
[2024-05-28 19:04:21.231213]     2.6250 MB /   0.50 sec =   44.0383 Mbps     0 retrans   2368 KB-cwnd
[2024-05-28 19:04:21.731332]     5.3750 MB /   0.50 sec =   90.1759 Mbps     0 retrans   2368 KB-cwnd
[2024-05-28 19:04:22.231251]     3.2500 MB /   0.50 sec =   54.5241 Mbps     0 retrans   2368 KB-cwnd
[2024-05-28 19:04:22.731167]     4.6875 MB /   0.50 sec =   78.6572 Mbps     0 retrans   2368 KB-cwnd
[2024-05-28 19:04:23.231307]     3.2500 MB /   0.50 sec =   54.5143 Mbps     0 retrans   2368 KB-cwnd
[2024-05-28 19:04:23.731181]     5.5625 MB /   0.50 sec =   93.3369 Mbps     0 retrans   2368 KB-cwnd
[2024-05-28 19:04:24.231194]     2.8750 MB /   0.50 sec =   48.2354 Mbps     0 retrans   2368 KB-cwnd
[2024-05-28 19:04:24.731258]     3.2500 MB /   0.50 sec =   54.5204 Mbps     0 retrans   2368 KB-cwnd
[2024-05-28 19:04:25.231268]     4.6875 MB /   0.50 sec =   78.6401 Mbps   324 retrans   2885 KB-cwnd
[2024-05-28 19:04:25.731150]     4.6250 MB /   0.50 sec =   77.6109 Mbps     0 retrans   2885 KB-cwnd
[2024-05-28 19:04:26.231266]     3.0625 MB /   0.50 sec =   51.3708 Mbps     0 retrans   2885 KB-cwnd
[2024-05-28 19:04:26.731185]     2.7500 MB /   0.50 sec =   46.1428 Mbps     0 retrans   2885 KB-cwnd
[2024-05-28 19:04:27.231178]     4.1875 MB /   0.50 sec =   70.2563 Mbps     0 retrans   2885 KB-cwnd
[2024-05-28 19:04:27.731216]     4.6250 MB /   0.50 sec =   77.5864 Mbps     0 retrans   2885 KB-cwnd
[2024-05-28 19:04:28.231233]     3.0625 MB /   0.50 sec =   51.3791 Mbps     0 retrans   2885 KB-cwnd
[2024-05-28 19:04:28.731110]     5.5000 MB /   0.50 sec =   92.2950 Mbps     0 retrans   2885 KB-cwnd
[2024-05-28 19:04:29.231210]     4.6250 MB /   0.50 sec =   77.5935 Mbps     0 retrans   2887 KB-cwnd
[2024-05-28 19:04:29.731125]     4.1875 MB /   0.50 sec =   70.2526 Mbps     0 retrans   2887 KB-cwnd
[2024-05-28 19:04:30.231203]     1.6250 MB /   0.50 sec =   27.2626 Mbps     0 retrans   2887 KB-cwnd
[2024-05-28 19:04:30.731185]     2.3125 MB /   0.50 sec =   38.7972 Mbps     0 retrans   2887 KB-cwnd
[2024-05-28 19:04:31.231212]     3.3125 MB /   0.50 sec =   55.5662 Mbps     0 retrans   2887 KB-cwnd
[2024-05-28 19:04:31.731292]     1.5000 MB /   0.50 sec =   25.1643 Mbps     0 retrans   2887 KB-cwnd
[2024-05-28 19:04:32.231136]     4.3125 MB /   0.50 sec =   72.3701 Mbps     0 retrans   2904 KB-cwnd
[2024-05-28 19:04:32.731095]     3.0625 MB /   0.50 sec =   51.3811 Mbps     0 retrans   2904 KB-cwnd
[2024-05-28 19:04:33.231170]     2.0000 MB /   0.50 sec =   33.5516 Mbps     0 retrans   2904 KB-cwnd
[2024-05-28 19:04:33.731272]     5.8750 MB /   0.50 sec =   98.5687 Mbps     0 retrans   2904 KB-cwnd
[2024-05-28 19:04:34.231101]     5.1875 MB /   0.50 sec =   87.0339 Mbps     0 retrans   2904 KB-cwnd
[2024-05-28 19:04:34.731086]     5.6250 MB /   0.50 sec =   94.3779 Mbps     0 retrans   2904 KB-cwnd
[2024-05-28 19:04:35.231109]     5.4375 MB /   0.50 sec =   91.2226 Mbps     0 retrans   2904 KB-cwnd
[2024-05-28 19:04:35.731163]     5.8125 MB /   0.50 sec =   97.5096 Mbps     0 retrans   2904 KB-cwnd
[2024-05-28 19:04:36.231155]     5.7500 MB /   0.50 sec =   96.4711 Mbps     0 retrans   2904 KB-cwnd
[2024-05-28 19:04:36.731153]     4.3750 MB /   0.50 sec =   73.3953 Mbps     0 retrans   2904 KB-cwnd
[2024-05-28 19:04:37.231164]     3.9375 MB /   0.50 sec =   66.0590 Mbps     0 retrans   2920 KB-cwnd
[2024-05-28 19:04:37.731124]     6.1875 MB /   0.50 sec =  103.8229 Mbps     0 retrans   2920 KB-cwnd
[2024-05-28 19:04:38.231163]     4.0000 MB /   0.50 sec =   67.0996 Mbps     0 retrans   2920 KB-cwnd
[2024-05-28 19:04:38.731297]     0.0000 MB /   0.50 sec =    0.0000 Mbps     0 retrans   2920 KB-cwnd
[2024-05-28 19:04:39.231215]     7.3125 MB /   0.50 sec =  122.7055 Mbps     0 retrans   2920 KB-cwnd
[2024-05-28 19:04:39.731168]     7.1250 MB /   0.50 sec =  119.5475 Mbps     0 retrans   2920 KB-cwnd
[2024-05-28 19:04:40.231146]     6.3125 MB /   0.50 sec =  105.9085 Mbps     0 retrans   2920 KB-cwnd
[2024-05-28 19:04:40.731224]     5.9375 MB /   0.50 sec =   99.5972 Mbps     0 retrans   2895 KB-cwnd
[2024-05-28 19:04:41.231317]     4.6250 MB /   0.50 sec =   77.5866 Mbps     0 retrans   2895 KB-cwnd
[2024-05-28 19:04:41.731240]     8.2500 MB /   0.50 sec =  138.4270 Mbps    21 retrans   3684 KB-cwnd
[2024-05-28 19:04:42.231135]     6.8750 MB /   0.50 sec =  115.3632 Mbps     0 retrans   3684 KB-cwnd
[2024-05-28 19:04:42.731107]     6.6250 MB /   0.50 sec =  111.1511 Mbps     0 retrans   3684 KB-cwnd
[2024-05-28 19:04:43.231144]     5.8125 MB /   0.50 sec =   97.5059 Mbps     0 retrans   3684 KB-cwnd
[2024-05-28 19:04:43.731301]     4.5000 MB /   0.50 sec =   75.4836 Mbps     0 retrans   3684 KB-cwnd
[2024-05-28 19:04:44.231143]     3.8125 MB /   0.50 sec =   63.9822 Mbps     0 retrans   3684 KB-cwnd
[2024-05-28 19:04:44.731236]     1.4375 MB /   0.50 sec =   24.1134 Mbps     0 retrans   3684 KB-cwnd
[2024-05-28 19:04:45.231135]     5.5000 MB /   0.50 sec =   92.2797 Mbps     0 retrans   3684 KB-cwnd
[2024-05-28 19:04:45.731267]     5.6875 MB /   0.50 sec =   95.4111 Mbps     0 retrans   3684 KB-cwnd
[2024-05-28 19:04:46.231284]     3.6250 MB /   0.50 sec =   60.8150 Mbps     0 retrans   3684 KB-cwnd
[2024-05-28 19:04:46.731208]     4.5625 MB /   0.50 sec =   76.5506 Mbps     0 retrans   3684 KB-cwnd
[2024-05-28 19:04:47.231144]     1.2500 MB /   0.50 sec =   20.9725 Mbps     0 retrans   3684 KB-cwnd
[2024-05-28 19:04:47.731178]     1.9375 MB /   0.50 sec =   32.5077 Mbps     0 retrans   3684 KB-cwnd
[2024-05-28 19:04:48.231300]     2.0000 MB /   0.50 sec =   33.5478 Mbps     0 retrans   3684 KB-cwnd
[2024-05-28 19:04:48.731297]     1.5625 MB /   0.50 sec =   26.2156 Mbps     0 retrans   3684 KB-cwnd
[2024-05-28 19:04:49.231451]     0.9375 MB /   0.50 sec =   15.7282 Mbps     0 retrans   3684 KB-cwnd
[2024-05-28 19:04:49.731174]     1.1875 MB /   0.50 sec =   19.9249 Mbps     0 retrans   3684 KB-cwnd
[2024-05-28 19:04:50.231228]     1.6250 MB /   0.50 sec =   27.2641 Mbps     0 retrans   3684 KB-cwnd
[2024-05-28 19:04:50.731413]     0.8125 MB /   0.50 sec =   13.6280 Mbps     0 retrans   3684 KB-cwnd
[2024-05-28 19:04:51.231147]     1.6875 MB /   0.50 sec =   28.3191 Mbps     0 retrans   3684 KB-cwnd
[2024-05-28 19:04:51.731104]     6.0625 MB /   0.50 sec =  101.7249 Mbps     0 retrans   3684 KB-cwnd
[2024-05-28 19:04:52.231183]     4.3125 MB /   0.50 sec =   72.3478 Mbps     0 retrans   3684 KB-cwnd
[2024-05-28 19:04:52.731146]     4.4375 MB /   0.50 sec =   74.4513 Mbps     0 retrans   3684 KB-cwnd
[2024-05-28 19:04:53.231414]     4.3125 MB /   0.50 sec =   72.3380 Mbps     0 retrans   3684 KB-cwnd
[2024-05-28 19:04:53.731174]     1.0000 MB /   0.50 sec =   16.7787 Mbps     0 retrans   3684 KB-cwnd
[2024-05-28 19:04:54.231181]     3.2500 MB /   0.50 sec =   54.5276 Mbps     0 retrans   3684 KB-cwnd
[2024-05-28 19:04:54.731243]     1.2500 MB /   0.50 sec =   20.9707 Mbps     0 retrans   3684 KB-cwnd
[2024-05-28 19:04:55.231165]     2.0625 MB /   0.50 sec =   34.6067 Mbps     0 retrans   3684 KB-cwnd
[2024-05-28 19:04:55.731193]     0.0625 MB /   0.50 sec =    1.0484 Mbps     0 retrans   3684 KB-cwnd
[2024-05-28 19:04:56.231185]     2.0625 MB /   0.50 sec =   34.6079 Mbps     0 retrans   3684 KB-cwnd
[2024-05-28 19:04:56.731214]     1.3125 MB /   0.50 sec =   22.0182 Mbps     0 retrans   3684 KB-cwnd
[2024-05-28 19:04:57.231213]     2.5625 MB /   0.50 sec =   42.9894 Mbps     0 retrans   3684 KB-cwnd
[2024-05-28 19:04:57.731164]     0.0000 MB /   0.50 sec =    0.0000 Mbps     0 retrans   3684 KB-cwnd
[2024-05-28 19:04:58.231269]     2.3125 MB /   0.50 sec =   38.7895 Mbps     0 retrans   3684 KB-cwnd
[2024-05-28 19:04:58.731858]     0.0000 MB /   0.50 sec =    0.0000 Mbps     0 retrans   3684 KB-cwnd
[2024-05-28 19:04:59.231213]     1.6875 MB /   0.50 sec =   28.3470 Mbps     0 retrans   3684 KB-cwnd
[2024-05-28 19:04:59.731176]     0.0000 MB /   0.50 sec =    0.0000 Mbps     0 retrans   3684 KB-cwnd
[2024-05-28 19:05:00.231131]     1.7500 MB /   0.50 sec =   29.3594 Mbps     0 retrans   3684 KB-cwnd
[2024-05-28 19:05:00.731442]     1.2500 MB /   0.50 sec =   20.9712 Mbps     0 retrans   3684 KB-cwnd
[2024-05-28 19:05:01.231141]     0.4375 MB /   0.50 sec =    7.3402 Mbps     0 retrans   3684 KB-cwnd
[2024-05-28 19:05:01.731198]     0.4375 MB /   0.50 sec =    7.3402 Mbps     0 retrans   3684 KB-cwnd
[2024-05-28 19:05:02.231100]     1.6250 MB /   0.50 sec =   27.2650 Mbps     0 retrans   3684 KB-cwnd
[2024-05-28 19:05:02.731213]     2.4375 MB /   0.50 sec =   40.8881 Mbps     0 retrans   3684 KB-cwnd
[2024-05-28 19:05:03.231190]     2.3125 MB /   0.50 sec =   38.7968 Mbps     0 retrans   3684 KB-cwnd
[2024-05-28 19:05:03.731194]     2.2500 MB /   0.50 sec =   37.7512 Mbps     0 retrans   3684 KB-cwnd
[2024-05-28 19:05:04.231341]     0.1875 MB /   0.50 sec =    3.1454 Mbps     0 retrans   3684 KB-cwnd
[2024-05-28 19:05:04.731430]     1.6250 MB /   0.50 sec =   27.2559 Mbps     0 retrans   3684 KB-cwnd
[2024-05-28 19:05:05.231130]     1.1875 MB /   0.50 sec =   19.9321 Mbps     0 retrans   3684 KB-cwnd
[2024-05-28 19:05:05.731190]     0.8125 MB /   0.50 sec =   13.6300 Mbps     0 retrans   3684 KB-cwnd
[2024-05-28 19:05:06.231155]     1.7500 MB /   0.50 sec =   29.3601 Mbps     0 retrans   3684 KB-cwnd
[2024-05-28 19:05:06.731217]     1.1875 MB /   0.50 sec =   19.9217 Mbps     0 retrans   3684 KB-cwnd
[2024-05-28 19:05:07.231156]     3.0625 MB /   0.50 sec =   51.3865 Mbps     0 retrans   3684 KB-cwnd
End time: 1716937507697
