Start time: 1717001445054
[2024-05-29 12:50:50.100242] traceroute to 35.245.244.238 (35.245.244.238), 30 hops max, 60 byte packets
[2024-05-29 12:50:50.100981]  1  * * *
[2024-05-29 12:50:50.101034]  2  * * *
[2024-05-29 12:50:50.101076]  3  * * *
[2024-05-29 12:50:50.101114]  4  * * *
[2024-05-29 12:50:50.101150]  5  * * *
[2024-05-29 12:50:55.107799]  6  * * *
[2024-05-29 12:50:55.108382]  7  * * *
[2024-05-29 12:50:55.125837]  8  * * *
[2024-05-29 12:50:55.125957]  9  * * *
[2024-05-29 12:50:55.126044] 10  * * *
[2024-05-29 12:51:00.118674] 11  * * *
[2024-05-29 12:51:00.124806] 12  * * *
[2024-05-29 12:51:00.131615] 13  * * *
[2024-05-29 12:51:00.131824] 14  * * *
[2024-05-29 12:51:00.138525] 15  * * *
[2024-05-29 12:51:05.126935] 16  * * *
[2024-05-29 12:51:05.129916] 17  * * *
[2024-05-29 12:51:05.135309] 18  * * *
[2024-05-29 12:51:05.138314] 19  * * *
[2024-05-29 12:51:05.141486] 20  * * *
[2024-05-29 12:51:05.143493] 21  * * *
[2024-05-29 12:51:10.133993] 22  * * *
[2024-05-29 12:51:10.144949] 23  * * *
[2024-05-29 12:51:10.145250] 24  * * *
[2024-05-29 12:51:10.145424] 25  * * *
[2024-05-29 12:51:10.145576] 26  * * *
[2024-05-29 12:51:15.142715] 27  * * *
[2024-05-29 12:51:15.145169] 28  * * *
[2024-05-29 12:51:15.149690] 29  * * *
[2024-05-29 12:51:15.153073] 30  * * *
End time: 1717001475186
